[?1034hDatafile:	/n/home09/ankitgupta/CS287/HW1/SST1-uni.hdf5	Classifier:	lr	Alpha:	0	Eta:	1	Lambda:	1	Minibatch size:	500	Num Epochs:	50	Minimum Sentence Length:	5	
Note that not all parameters may apply to all classifiers	
Loading datafiles...	
Number of training samples before removing small sentences	156817	
Number of training samples after removing small sentences	79635	
Done.	
Training classifier...	
SGD: Loss is	
	LOSS:Calculated softmax res	
426585.61041006	
SGD: crossEntropyLoss is	
426585.61041006	
SGD: Validation Accuracy is:	
0.2188919164396	
SGD: Magnitude of W:	
61320.958451567	
SGD: Magnitude of b:	
4.1713141765466	
    Current index:	9501	
    Magnitude of W_grad:	10.783351477046	
    Magnitude of W:	61258.221905844	
    Magnitude of B_grad:	0.16069175160161	
    Magnitude of b:	3.5023862482337	

	
    Current index:	19501	
    Magnitude of W_grad:	9.7405719775027	
    Magnitude of W:	61201.499292122	
    Magnitude of B_grad:	0.23519148953241	
    Magnitude of b:	4.5729301425233	

	
    Current index:	29501	
    Magnitude of W_grad:	8.0581964594964	
    Magnitude of W:	61150.410129916	
    Magnitude of B_grad:	0.10366527007025	
    Magnitude of b:	5.6403352101283	

	
    Current index:	39501	
    Magnitude of W_grad:	12.88526922288	
    Magnitude of W:	61099.864792068	
    Magnitude of B_grad:	0.71430684631093	
    Magnitude of b:	6.193716327972	

	
    Current index:	49501	
    Magnitude of W_grad:	8.57558849383	
    Magnitude of W:	61040.891368398	
    Magnitude of B_grad:	0.15466787934759	
    Magnitude of b:	5.882959417177	

	
    Current index:	59501	
    Magnitude of W_grad:	9.4071378178751	
    Magnitude of W:	60989.285869397	
    Magnitude of B_grad:	0.11744744662014	
    Magnitude of b:	6.7767608392127	

	
    Current index:	69501	
    Magnitude of W_grad:	7.8238105361516	
    Magnitude of W:	60940.331290101	
    Magnitude of B_grad:	0.15771497541478	
    Magnitude of b:	7.179641073516	

	
    Current index:	79501	
    Magnitude of W_grad:	13.107874251259	
    Magnitude of W:	60889.977961764	
    Magnitude of B_grad:	0.84009115820453	
    Magnitude of b:	6.8737401740438	

	
SGD: Loss is	
	LOSS:Calculated softmax res	
283480.02215832	
SGD: crossEntropyLoss is	
283480.02215832	
SGD: Validation Accuracy is:	
0.22888283378747	
SGD: Magnitude of W:	
60889.977961764	
SGD: Magnitude of b:	
6.8737401740438	
    Current index:	9501	
    Magnitude of W_grad:	10.111692178646	
    Magnitude of W:	60843.181380896	
    Magnitude of B_grad:	0.18249339117775	
    Magnitude of b:	7.0074150566488	

	
    Current index:	19501	
    Magnitude of W_grad:	9.1351666023311	
    Magnitude of W:	60797.862348481	
    Magnitude of B_grad:	0.21838292636759	
    Magnitude of b:	7.1069644925826	

	
    Current index:	29501	
    Magnitude of W_grad:	7.1509221091708	
    Magnitude of W:	60753.993134418	
    Magnitude of B_grad:	0.10515431404735	
    Magnitude of b:	7.4735989551702	

	
    Current index:	39501	
    Magnitude of W_grad:	12.115992330018	
    Magnitude of W:	60708.858894209	
    Magnitude of B_grad:	0.65970897283891	
    Magnitude of b:	7.6712974608889	

	
    Current index:	49501	
    Magnitude of W_grad:	8.2350050506796	
    Magnitude of W:	60660.267725477	
    Magnitude of B_grad:	0.12968825339477	
    Magnitude of b:	7.2037645920701	

	
    Current index:	59501	
    Magnitude of W_grad:	9.1944826676171	
    Magnitude of W:	60615.193475088	
    Magnitude of B_grad:	0.1324605981042	
    Magnitude of b:	7.6183868076995	

	
    Current index:	69501	
    Magnitude of W_grad:	7.5729840405184	
    Magnitude of W:	60570.542661884	
    Magnitude of B_grad:	0.14229139083704	
    Magnitude of b:	7.7181181850762	

	
    Current index:	79501	
    Magnitude of W_grad:	12.926386148844	
    Magnitude of W:	60525.825756293	
    Magnitude of B_grad:	0.80473674615436	
    Magnitude of b:	7.1740816836366	

	
SGD: Loss is	
	LOSS:Calculated softmax res	
261031.02077944	
SGD: crossEntropyLoss is	
261031.02077944	
SGD: Validation Accuracy is:	
0.23069936421435	
SGD: Magnitude of W:	
60525.825756293	
SGD: Magnitude of b:	
7.1740816836366	
    Current index:	9501	
    Magnitude of W_grad:	9.7232624030046	
    Magnitude of W:	60484.104575784	
    Magnitude of B_grad:	0.18810688961534	
    Magnitude of b:	7.2195729323727	

	
    Current index:	19501	
    Magnitude of W_grad:	8.57825902852	
    Magnitude of W:	60442.984443367	
    Magnitude of B_grad:	0.19212933920331	
    Magnitude of b:	7.3483688383973	

	
    Current index:	29501	
    Magnitude of W_grad:	6.810223944865	
    Magnitude of W:	60402.891635211	
    Magnitude of B_grad:	0.1037033217188	
    Magnitude of b:	7.6633483763418	

	
    Current index:	39501	
    Magnitude of W_grad:	11.662213754502	
    Magnitude of W:	60361.450385819	
    Magnitude of B_grad:	0.63096850928159	
    Magnitude of b:	7.8116664564982	

	
    Current index:	49501	
    Magnitude of W_grad:	7.8151880128708	
    Magnitude of W:	60316.668144047	
    Magnitude of B_grad:	0.13176542543866	
    Magnitude of b:	7.3310936054831	

	
    Current index:	59501	
    Magnitude of W_grad:	9.0235936407567	
    Magnitude of W:	60275.227076602	
    Magnitude of B_grad:	0.14123722362568	
    Magnitude of b:	7.6238484240236	

	
    Current index:	69501	
    Magnitude of W_grad:	7.3981520964787	
    Magnitude of W:	60234.066781267	
    Magnitude of B_grad:	0.133304528508	
    Magnitude of b:	7.7204373313887	

	
    Current index:	79501	
    Magnitude of W_grad:	12.507020193092	
    Magnitude of W:	60193.116308884	
    Magnitude of B_grad:	0.76429883434661	
    Magnitude of b:	7.1675015002555	

	
SGD: Loss is	
	LOSS:Calculated softmax res	
246495.66655724	
SGD: crossEntropyLoss is	
246495.66655724	
SGD: Validation Accuracy is:	
0.25249772933697	
SGD: Magnitude of W:	
60193.116308884	
SGD: Magnitude of b:	
7.1675015002555	
    Current index:	9501	
    Magnitude of W_grad:	9.4107468459333	
    Magnitude of W:	60153.966233648	
    Magnitude of B_grad:	0.18944394826019	
    Magnitude of b:	7.18875198277	

	
    Current index:	19501	
    Magnitude of W_grad:	8.1849736265276	
    Magnitude of W:	60115.396416696	
    Magnitude of B_grad:	0.17066135639961	
    Magnitude of b:	7.3422683410856	

	
    Current index:	29501	
    Magnitude of W_grad:	6.6349358414788	
    Magnitude of W:	60077.682712449	
    Magnitude of B_grad:	0.099205289660121	
    Magnitude of b:	7.6523467229896	

	
    Current index:	39501	
    Magnitude of W_grad:	11.376959775582	
    Magnitude of W:	60038.249471642	
    Magnitude of B_grad:	0.61184780509439	
    Magnitude of b:	7.7877401299659	

	
    Current index:	49501	
    Magnitude of W_grad:	7.5075184015022	
    Magnitude of W:	59996.23287659	
    Magnitude of B_grad:	0.12829767763539	
    Magnitude of b:	7.3309036060121	

	
    Current index:	59501	
    Magnitude of W_grad:	8.805891918729	
    Magnitude of W:	59957.135109816	
    Magnitude of B_grad:	0.12951289608362	
    Magnitude of b:	7.5698549523447	

	
    Current index:	69501	
    Magnitude of W_grad:	7.1925467559126	
    Magnitude of W:	59917.610850721	
    Magnitude of B_grad:	0.12174663168728	
    Magnitude of b:	7.6680980929643	

	
    Current index:	79501	
    Magnitude of W_grad:	11.955555580745	
    Magnitude of W:	59879.404617084	
    Magnitude of B_grad:	0.72797936750141	
    Magnitude of b:	7.1384777101623	

	
SGD: Loss is	
	LOSS:Calculated softmax res	
235599.72751167	
SGD: crossEntropyLoss is	
235599.72751167	
SGD: Validation Accuracy is:	
0.26067211625795	
SGD: Magnitude of W:	
59879.404617084	
SGD: Magnitude of b:	
7.1384777101623	
    Current index:	9501	
    Magnitude of W_grad:	9.0953777257855	
    Magnitude of W:	59842.163679425	
    Magnitude of B_grad:	0.18769377735238	
    Magnitude of b:	7.1404851981041	

	
    Current index:	19501	
    Magnitude of W_grad:	7.8759174158679	
    Magnitude of W:	59806.276797342	
    Magnitude of B_grad:	0.15528980746849	
    Magnitude of b:	7.310817633781	

	
    Current index:	29501	
    Magnitude of W_grad:	6.4951107727314	
    Magnitude of W:	59770.613748628	
    Magnitude of B_grad:	0.093574071642485	
    Magnitude of b:	7.6199289205101	

	
    Current index:	39501	
    Magnitude of W_grad:	11.165176048756	
    Magnitude of W:	59733.394718376	
    Magnitude of B_grad:	0.59690967251304	
    Magnitude of b:	7.7544122736792	

	
    Current index:	49501	
    Magnitude of W_grad:	7.3129744682312	
    Magnitude of W:	59693.234117062	
    Magnitude of B_grad:	0.12633234780331	
    Magnitude of b:	7.3213093102204	

	
    Current index:	59501	
    Magnitude of W_grad:	8.5509836484223	
    Magnitude of W:	59655.857672008	
    Magnitude of B_grad:	0.11008845501433	
    Magnitude of b:	7.5163946401495	

	
    Current index:	69501	
    Magnitude of W_grad:	6.984510584	
    Magnitude of W:	59618.11281123	
    Magnitude of B_grad:	0.10881389569962	
    Magnitude of b:	7.6168670710939	

	
    Current index:	79501	
    Magnitude of W_grad:	11.337169603763	
    Magnitude of W:	59582.145400709	
    Magnitude of B_grad:	0.69727065791739	
    Magnitude of b:	7.1148941639509	

	
SGD: Loss is	
	LOSS:Calculated softmax res	
226824.92921607	
SGD: crossEntropyLoss is	
226824.92921607	
SGD: Validation Accuracy is:	
0.2661217075386	
SGD: Magnitude of W:	
59582.145400709	
SGD: Magnitude of b:	
7.1148941639509	
    Current index:	9501	
    Magnitude of W_grad:	8.7759370311661	
    Magnitude of W:	59546.710380785	
    Magnitude of B_grad:	0.1835036290624	
    Magnitude of b:	7.0994841408662	

	
    Current index:	19501	
    Magnitude of W_grad:	7.6171508540658	
    Magnitude of W:	59512.16183578	
    Magnitude of B_grad:	0.14474507849463	
    Magnitude of b:	7.2829198113756	

	
    Current index:	29501	
    Magnitude of W_grad:	6.3697322881506	
    Magnitude of W:	59477.572699429	
    Magnitude of B_grad:	0.088955726561276	
    Magnitude of b:	7.5890914200505	

	
    Current index:	39501	
    Magnitude of W_grad:	10.98656810358	
    Magnitude of W:	59441.854805269	
    Magnitude of B_grad:	0.58420349356451	
    Magnitude of b:	7.7269544254802	

	
    Current index:	49501	
    Magnitude of W_grad:	7.1582470460158	
    Magnitude of W:	59403.076128264	
    Magnitude of B_grad:	0.12580078119445	
    Magnitude of b:	7.313883422895	

	
    Current index:	59501	
    Magnitude of W_grad:	8.2901259197528	
    Magnitude of W:	59367.428377592	
    Magnitude of B_grad:	0.096674195848895	
    Magnitude of b:	7.4752479450198	

	
    Current index:	69501	
    Magnitude of W_grad:	6.7860355286684	
    Magnitude of W:	59331.042695403	
    Magnitude of B_grad:	0.09577761885328	
    Magnitude of b:	7.5779658583212	

	
    Current index:	79501	
    Magnitude of W_grad:	10.819195109209	
    Magnitude of W:	59296.733268595	
    Magnitude of B_grad:	0.6745732172887	
    Magnitude of b:	7.0990124494396	

	
SGD: Loss is	
	LOSS:Calculated softmax res	
219547.63241531	
SGD: crossEntropyLoss is	
219547.63241531	
SGD: Validation Accuracy is:	
0.27338782924614	
SGD: Magnitude of W:	
59296.733268595	
SGD: Magnitude of b:	
7.0990124494396	
    Current index:	9501	
    Magnitude of W_grad:	8.4528088103591	
    Magnitude of W:	59262.44807851	
    Magnitude of B_grad:	0.1766397991429	
    Magnitude of b:	7.0718594744733	

	
    Current index:	19501	
    Magnitude of W_grad:	7.3931371360447	
    Magnitude of W:	59229.231039787	
    Magnitude of B_grad:	0.13624229213415	
    Magnitude of b:	7.2658967323201	

	
    Current index:	29501	
    Magnitude of W_grad:	6.2548986024881	
    Magnitude of W:	59195.891857596	
    Magnitude of B_grad:	0.085731757904991	
    Magnitude of b:	7.5662230545819	

	
    Current index:	39501	
    Magnitude of W_grad:	10.822343909646	
    Magnitude of W:	59161.562605464	
    Magnitude of B_grad:	0.57302573351287	
    Magnitude of b:	7.7072515407187	

	
    Current index:	49501	
    Magnitude of W_grad:	7.0253690061295	
    Magnitude of W:	59124.483169757	
    Magnitude of B_grad:	0.12567850044993	
    Magnitude of b:	7.3098098352776	

	
    Current index:	59501	
    Magnitude of W_grad:	8.0353889270664	
    Magnitude of W:	59090.03405767	
    Magnitude of B_grad:	0.085664923096926	
    Magnitude of b:	7.4476474154742	

	
    Current index:	69501	
    Magnitude of W_grad:	6.6126010017562	
    Magnitude of W:	59055.122620021	
    Magnitude of B_grad:	0.08357297361306	
    Magnitude of b:	7.5499953023328	

	
    Current index:	79501	
    Magnitude of W_grad:	10.349613101364	
    Magnitude of W:	59022.17150767	
    Magnitude of B_grad:	0.65590838961106	
    Magnitude of b:	7.0904140618313	

	
SGD: Loss is	
	LOSS:Calculated softmax res	
213368.79232688	
SGD: crossEntropyLoss is	
213368.79232688	
SGD: Validation Accuracy is:	
0.28065395095368	
SGD: Magnitude of W:	
59022.17150767	
SGD: Magnitude of b:	
7.0904140618313	
    Current index:	9501	
    Magnitude of W_grad:	8.1324302328557	
    Magnitude of W:	58988.982853113	
    Magnitude of B_grad:	0.16743771846242	
    Magnitude of b:	7.0544640045101	

	
    Current index:	19501	
    Magnitude of W_grad:	7.1855653368009	
    Magnitude of W:	58956.879827513	
    Magnitude of B_grad:	0.12894591137655	
    Magnitude of b:	7.2576678974912	

	
    Current index:	29501	
    Magnitude of W_grad:	6.1545260442822	
    Magnitude of W:	58924.646056924	
    Magnitude of B_grad:	0.08368669234558	
    Magnitude of b:	7.5499289085764	

	
    Current index:	39501	
    Magnitude of W_grad:	10.666074210162	
    Magnitude of W:	58891.364961663	
    Magnitude of B_grad:	0.56285383334116	
    Magnitude of b:	7.6925000539145	

	
    Current index:	49501	
    Magnitude of W_grad:	6.9054679355974	
    Magnitude of W:	58855.875774376	
    Magnitude of B_grad:	0.12576673400756	
    Magnitude of b:	7.3067421107953	

	
    Current index:	59501	
    Magnitude of W_grad:	7.7946148260453	
    Magnitude of W:	58822.490441957	
    Magnitude of B_grad:	0.080054557504453	
    Magnitude of b:	7.4285545487832	

	
    Current index:	69501	
    Magnitude of W_grad:	6.4639219577735	
    Magnitude of W:	58788.584477365	
    Magnitude of B_grad:	0.072528503300528	
    Magnitude of b:	7.5277031557508	

	
    Current index:	79501	
    Magnitude of W_grad:	9.8999361315374	
    Magnitude of W:	58756.933328305	
    Magnitude of B_grad:	0.63832908243753	
    Magnitude of b:	7.0860507088425	

	
SGD: Loss is	
	LOSS:Calculated softmax res	
208020.23821051	
SGD: crossEntropyLoss is	
208020.23821051	
SGD: Validation Accuracy is:	
0.29064486830154	
SGD: Magnitude of W:	
58756.933328305	
SGD: Magnitude of b:	
7.0860507088425	
    Current index:	9501	
    Magnitude of W_grad:	7.8288006068108	
    Magnitude of W:	58724.961399451	
    Magnitude of B_grad:	0.15668327956562	
    Magnitude of b:	7.0426179433238	

	
    Current index:	19501	
    Magnitude of W_grad:	6.9958614340109	
    Magnitude of W:	58693.981308573	
    Magnitude of B_grad:	0.12236621029175	
    Magnitude of b:	7.2540587091891	

	
    Current index:	29501	
    Magnitude of W_grad:	6.0625274676628	
    Magnitude of W:	58662.969905681	
    Magnitude of B_grad:	0.082545901618585	
    Magnitude of b:	7.5370071185548	

	
    Current index:	39501	
    Magnitude of W_grad:	10.511546263451	
    Magnitude of W:	58630.893980588	
    Magnitude of B_grad:	0.55325797493345	
    Magnitude of b:	7.6796382039712	

	
    Current index:	49501	
    Magnitude of W_grad:	6.7974434259914	
    Magnitude of W:	58596.595872951	
    Magnitude of B_grad:	0.126999739033	
    Magnitude of b:	7.302953211643	

	
    Current index:	59501	
    Magnitude of W_grad:	7.5739116382035	
    Magnitude of W:	58564.262156784	
    Magnitude of B_grad:	0.07678204314643	
    Magnitude of b:	7.4136455110035	

	
    Current index:	69501	
    Magnitude of W_grad:	6.3371682190043	
    Magnitude of W:	58531.527713295	
    Magnitude of B_grad:	0.062645429510939	
    Magnitude of b:	7.507655641161	

	
    Current index:	79501	
    Magnitude of W_grad:	9.4542405230756	
    Magnitude of W:	58500.841540981	
    Magnitude of B_grad:	0.62070373889428	
    Magnitude of b:	7.0837957441748	

	
SGD: Loss is	
	LOSS:Calculated softmax res	
203319.79318973	
SGD: crossEntropyLoss is	
203319.79318973	
SGD: Validation Accuracy is:	
0.29155313351499	
SGD: Magnitude of W:	
58500.841540981	
SGD: Magnitude of b:	
7.0837957441748	
    Current index:	9501	
    Magnitude of W_grad:	7.5764870832305	
    Magnitude of W:	58469.91697992	
    Magnitude of B_grad:	0.14530616208177	
    Magnitude of b:	7.0339002396024	

	
    Current index:	19501	
    Magnitude of W_grad:	6.826845778223	
    Magnitude of W:	58439.795672506	
    Magnitude of B_grad:	0.1162943419972	
    Magnitude of b:	7.2526722901784	

	
    Current index:	29501	
    Magnitude of W_grad:	5.9795639958496	
    Magnitude of W:	58409.749615917	
    Magnitude of B_grad:	0.082094904363683	
    Magnitude of b:	7.525690109335	

	
    Current index:	39501	
    Magnitude of W_grad:	10.361752024322	
    Magnitude of W:	58378.510314079	
    Magnitude of B_grad:	0.54393423187554	
    Magnitude of b:	7.6673894543765	

	
    Current index:	49501	
    Magnitude of W_grad:	6.6856523414268	
    Magnitude of W:	58345.336862761	
    Magnitude of B_grad:	0.12786804332284	
    Magnitude of b:	7.2982848825196	

	
    Current index:	59501	
    Magnitude of W_grad:	7.3688889790478	
    Magnitude of W:	58313.985143826	
    Magnitude of B_grad:	0.074182531216814	
    Magnitude of b:	7.4007440932514	

	
    Current index:	69501	
    Magnitude of W_grad:	6.2197559722499	
    Magnitude of W:	58282.652840666	
    Magnitude of B_grad:	0.05378970922454	
    Magnitude of b:	7.4886088432652	

	
    Current index:	79501	
    Magnitude of W_grad:	9.0166876042258	
    Magnitude of W:	58252.692386003	
    Magnitude of B_grad:	0.60277023300911	
    Magnitude of b:	7.0828526046634	

	
SGD: Loss is	
	LOSS:Calculated softmax res	
199137.45728247	
SGD: crossEntropyLoss is	
199137.45728247	
SGD: Validation Accuracy is:	
0.29791099000908	
SGD: Magnitude of W:	
58252.692386003	
SGD: Magnitude of b:	
7.0828526046634	
    Current index:	9501	
    Magnitude of W_grad:	7.3503247977689	
    Magnitude of W:	58222.758880902	
    Magnitude of B_grad:	0.13400052437863	
    Magnitude of b:	7.0273458504344	

	
    Current index:	19501	
    Magnitude of W_grad:	6.6761564960103	
    Magnitude of W:	58193.556005971	
    Magnitude of B_grad:	0.11069603811529	
    Magnitude of b:	7.2523963780549	

	
    Current index:	29501	
    Magnitude of W_grad:	5.9007768779324	
    Magnitude of W:	58164.461741763	
    Magnitude of B_grad:	0.082159482075824	
    Magnitude of b:	7.5152656611572	

	
    Current index:	39501	
    Magnitude of W_grad:	10.212265619559	
    Magnitude of W:	58134.023998595	
    Magnitude of B_grad:	0.53470005104687	
    Magnitude of b:	7.6554607038446	

	
    Current index:	49501	
    Magnitude of W_grad:	6.5734426458156	
    Magnitude of W:	58102.204409437	
    Magnitude of B_grad:	0.12835925992728	
    Magnitude of b:	7.2930553325737	

	
    Current index:	59501	
    Magnitude of W_grad:	7.1809864972872	
    Magnitude of W:	58071.907305825	
    Magnitude of B_grad:	0.072033036060198	
    Magnitude of b:	7.3891082252387	

	
    Current index:	69501	
    Magnitude of W_grad:	6.1159704245589	
    Magnitude of W:	58041.412574618	
    Magnitude of B_grad:	0.045785355398757	
    Magnitude of b:	7.4703514666236	

	
    Current index:	79501	
    Magnitude of W_grad:	8.5938600624245	
    Magnitude of W:	58012.448878936	
    Magnitude of B_grad:	0.58457550133124	
    Magnitude of b:	7.0830207368302	

	
SGD: Loss is	
	LOSS:Calculated softmax res	
195375.918564	
SGD: crossEntropyLoss is	
195375.918564	
SGD: Validation Accuracy is:	
0.29972752043597	
SGD: Magnitude of W:	
58012.448878936	
SGD: Magnitude of b:	
7.0830207368302	
    Current index:	9501	
    Magnitude of W_grad:	7.1704993664694	
    Magnitude of W:	57983.433282815	
    Magnitude of B_grad:	0.1231121307226	
    Magnitude of b:	7.0223460287438	

	
    Current index:	19501	
    Magnitude of W_grad:	6.5439756265751	
    Magnitude of W:	57955.208798025	
    Magnitude of B_grad:	0.10560953616138	
    Magnitude of b:	7.2524928784851	

	
    Current index:	29501	
    Magnitude of W_grad:	5.8262926314437	
    Magnitude of W:	57926.885702289	
    Magnitude of B_grad:	0.082583130069935	
    Magnitude of b:	7.5053044883644	

	
    Current index:	39501	
    Magnitude of W_grad:	10.061574881145	
    Magnitude of W:	57897.180611551	
    Magnitude of B_grad:	0.52546828758316	
    Magnitude of b:	7.6437075119116	

	
    Current index:	49501	
    Magnitude of W_grad:	6.4624027415972	
    Magnitude of W:	57866.543464506	
    Magnitude of B_grad:	0.12852304378258	
    Magnitude of b:	7.287461727965	

	
    Current index:	59501	
    Magnitude of W_grad:	7.0050433432544	
    Magnitude of W:	57837.323062648	
    Magnitude of B_grad:	0.070135442770434	
    Magnitude of b:	7.3785046018564	

	
    Current index:	69501	
    Magnitude of W_grad:	6.0146099178848	
    Magnitude of W:	57807.623057359	
    Magnitude of B_grad:	0.046802792759449	
    Magnitude of b:	7.4529335595475	

	
    Current index:	79501	
    Magnitude of W_grad:	8.1905032391859	
    Magnitude of W:	57779.460427208	
    Magnitude of B_grad:	0.56627214899545	
    Magnitude of b:	7.08417465611	

	
SGD: Loss is	
	LOSS:Calculated softmax res	
191960.44928817	
SGD: crossEntropyLoss is	
191960.44928817	
SGD: Validation Accuracy is:	
0.29791099000908	
SGD: Magnitude of W:	
57779.460427208	
SGD: Magnitude of b:	
7.08417465611	
    Current index:	9501	
    Magnitude of W_grad:	7.0092232387154	
    Magnitude of W:	57751.404683961	
    Magnitude of B_grad:	0.11275328551559	
    Magnitude of b:	7.0182759858532	

	
    Current index:	19501	
    Magnitude of W_grad:	6.4276097410407	
    Magnitude of W:	57723.921438159	
    Magnitude of B_grad:	0.10108182055989	
    Magnitude of b:	7.252357095313	

	
    Current index:	29501	
    Magnitude of W_grad:	5.7519045497518	
    Magnitude of W:	57696.352918563	
    Magnitude of B_grad:	0.083222685237267	
    Magnitude of b:	7.4954617092946	

	
    Current index:	39501	
    Magnitude of W_grad:	9.9106667081089	
    Magnitude of W:	57667.150770793	
    Magnitude of B_grad:	0.51621974122695	
    Magnitude of b:	7.6319666177	

	
    Current index:	49501	
    Magnitude of W_grad:	6.3554405280924	
    Magnitude of W:	57637.369190581	
    Magnitude of B_grad:	0.12845082650194	
    Magnitude of b:	7.2815455733366	

	
    Current index:	59501	
    Magnitude of W_grad:	6.8375420950738	
    Magnitude of W:	57608.773151732	
    Magnitude of B_grad:	0.068354547795666	
    Magnitude of b:	7.3688115676155	

	
    Current index:	69501	
    Magnitude of W_grad:	5.9185369707684	
    Magnitude of W:	57579.784420809	
    Magnitude of B_grad:	0.047578980867759	
    Magnitude of b:	7.4363989097081	

	
    Current index:	79501	
    Magnitude of W_grad:	7.8052215519887	
    Magnitude of W:	57552.487919364	
    Magnitude of B_grad:	0.54805971718466	
    Magnitude of b:	7.0861825571957	

	
SGD: Loss is	
	LOSS:Calculated softmax res	
188832.97547266	
SGD: crossEntropyLoss is	
188832.97547266	
SGD: Validation Accuracy is:	
0.29700272479564	
SGD: Magnitude of W:	
57552.487919364	
SGD: Magnitude of b:	
7.0861825571957	
    Current index:	9501	
    Magnitude of W_grad:	6.8582404544677	
    Magnitude of W:	57525.181267898	
    Magnitude of B_grad:	0.10294172085418	
    Magnitude of b:	7.0145831873279	

	
    Current index:	19501	
    Magnitude of W_grad:	6.3269129761698	
    Magnitude of W:	57498.200550104	
    Magnitude of B_grad:	0.097140495139193	
    Magnitude of b:	7.2515630587561	

	
    Current index:	29501	
    Magnitude of W_grad:	5.6800951368228	
    Magnitude of W:	57471.213052532	
    Magnitude of B_grad:	0.083952806432618	
    Magnitude of b:	7.4855238521693	

	
    Current index:	39501	
    Magnitude of W_grad:	9.7586474250755	
    Magnitude of W:	57442.90528511	
    Magnitude of B_grad:	0.50697811521196	
    Magnitude of b:	7.6201396167137	

	
    Current index:	49501	
    Magnitude of W_grad:	6.2543637967145	
    Magnitude of W:	57413.857100127	
    Magnitude of B_grad:	0.12823737207166	
    Magnitude of b:	7.2753144078506	

	
    Current index:	59501	
    Magnitude of W_grad:	6.6795236096971	
    Magnitude of W:	57385.814579035	
    Magnitude of B_grad:	0.067288553889701	
    Magnitude of b:	7.3599370251331	

	
    Current index:	69501	
    Magnitude of W_grad:	5.8261263297589	
    Magnitude of W:	57357.575299166	
    Magnitude of B_grad:	0.048123509410313	
    Magnitude of b:	7.4207709878631	

	
    Current index:	79501	
    Magnitude of W_grad:	7.4348809892789	
    Magnitude of W:	57330.895214171	
    Magnitude of B_grad:	0.5301492625454	
    Magnitude of b:	7.0889409722152	

	
SGD: Loss is	
	LOSS:Calculated softmax res	
185947.95371	
SGD: crossEntropyLoss is	
185947.95371	
SGD: Validation Accuracy is:	
0.29881925522253	
SGD: Magnitude of W:	
57330.895214171	
SGD: Magnitude of b:	
7.0889409722152	
    Current index:	9501	
    Magnitude of W_grad:	6.7206060076193	
    Magnitude of W:	57304.232877561	
    Magnitude of B_grad:	0.093678370378654	
    Magnitude of b:	7.010899345137	

	
    Current index:	19501	
    Magnitude of W_grad:	6.2346730522803	
    Magnitude of W:	57278.097577196	
    Magnitude of B_grad:	0.093783315384687	
    Magnitude of b:	7.2498934306401	

	
    Current index:	29501	
    Magnitude of W_grad:	5.6112230080016	
    Magnitude of W:	57251.953824152	
    Magnitude of B_grad:	0.084671642101201	
    Magnitude of b:	7.4754357403602	

	
    Current index:	39501	
    Magnitude of W_grad:	9.6095032085846	
    Magnitude of W:	57224.22085624	
    Magnitude of B_grad:	0.49778943099843	
    Magnitude of b:	7.6082442428325	

	
    Current index:	49501	
    Magnitude of W_grad:	6.1596108146533	
    Magnitude of W:	57195.589996531	
    Magnitude of B_grad:	0.12794946026549	
    Magnitude of b:	7.268817810947	

	
    Current index:	59501	
    Magnitude of W_grad:	6.5305504744657	
    Magnitude of W:	57168.229904857	
    Magnitude of B_grad:	0.067765808032937	
    Magnitude of b:	7.3518009880171	

	
    Current index:	69501	
    Magnitude of W_grad:	5.7354539497739	
    Magnitude of W:	57140.57634273	
    Magnitude of B_grad:	0.049202425198736	
    Magnitude of b:	7.4060706859797	

	
    Current index:	79501	
    Magnitude of W_grad:	7.0895952074063	
    Magnitude of W:	57114.405841855	
    Magnitude of B_grad:	0.51273331750342	
    Magnitude of b:	7.0923481395584	

	
SGD: Loss is	
	LOSS:Calculated softmax res	
183269.2738899	
SGD: crossEntropyLoss is	
183269.2738899	
SGD: Validation Accuracy is:	
0.29791099000908	
SGD: Magnitude of W:	
57114.405841855	
SGD: Magnitude of b:	
7.0923481395584	
    Current index:	9501	
    Magnitude of W_grad:	6.5925994746481	
    Magnitude of W:	57088.580849676	
    Magnitude of B_grad:	0.084966491700197	
    Magnitude of b:	7.0070328655198	

	
    Current index:	19501	
    Magnitude of W_grad:	6.1524055518443	
    Magnitude of W:	57063.132425748	
    Magnitude of B_grad:	0.090978330112244	
    Magnitude of b:	7.2473068369561	

	
    Current index:	29501	
    Magnitude of W_grad:	5.5457610985933	
    Magnitude of W:	57037.716368344	
    Magnitude of B_grad:	0.085304837791838	
    Magnitude of b:	7.4652639993645	

	
    Current index:	39501	
    Magnitude of W_grad:	9.465545223277	
    Magnitude of W:	57010.523504521	
    Magnitude of B_grad:	0.48870753726261	
    Magnitude of b:	7.5963892226428	

	
    Current index:	49501	
    Magnitude of W_grad:	6.0706156084899	
    Magnitude of W:	56982.442590633	
    Magnitude of B_grad:	0.12761367048901	
    Magnitude of b:	7.2621507804556	

	
    Current index:	59501	
    Magnitude of W_grad:	6.3886264314706	
    Magnitude of W:	56955.62735323	
    Magnitude of B_grad:	0.068047321116987	
    Magnitude of b:	7.3443229082686	

	
    Current index:	69501	
    Magnitude of W_grad:	5.6473790676179	
    Magnitude of W:	56928.504233982	
    Magnitude of B_grad:	0.053248182391153	
    Magnitude of b:	7.3923190999719	

	
    Current index:	79501	
    Magnitude of W_grad:	6.7595292270917	
    Magnitude of W:	56902.903903376	
    Magnitude of B_grad:	0.49597521778969	
    Magnitude of b:	7.0962621186256	

	
SGD: Loss is	
	LOSS:Calculated softmax res	
180767.89932353	
SGD: crossEntropyLoss is	
180767.89932353	
SGD: Validation Accuracy is:	
0.29791099000908	
SGD: Magnitude of W:	
56902.903903376	
SGD: Magnitude of b:	
7.0962621186256	
    Current index:	9501	
    Magnitude of W_grad:	6.4799896936775	
    Magnitude of W:	56877.61769329	
    Magnitude of B_grad:	0.078035639999365	
    Magnitude of b:	7.0029151256147	

	
    Current index:	19501	
    Magnitude of W_grad:	6.0783538415905	
    Magnitude of W:	56852.845855697	
    Magnitude of B_grad:	0.08957545308493	
    Magnitude of b:	7.2438860951704	

	
    Current index:	29501	
    Magnitude of W_grad:	5.4832849127345	
    Magnitude of W:	56828.032543678	
    Magnitude of B_grad:	0.085805503852729	
    Magnitude of b:	7.4551414863761	

	
    Current index:	39501	
    Magnitude of W_grad:	9.3267783128607	
    Magnitude of W:	56801.384101918	
    Magnitude of B_grad:	0.47978457940618	
    Magnitude of b:	7.5847228573055	

	
    Current index:	49501	
    Magnitude of W_grad:	5.9877348263783	
    Magnitude of W:	56773.888584724	
    Magnitude of B_grad:	0.1272215511746	
    Magnitude of b:	7.2554263463592	

	
    Current index:	59501	
    Magnitude of W_grad:	6.2548906806718	
    Magnitude of W:	56747.622224735	
    Magnitude of B_grad:	0.068161601607835	
    Magnitude of b:	7.3374217284714	

	
    Current index:	69501	
    Magnitude of W_grad:	5.5595232888334	
    Magnitude of W:	56721.02390395	
    Magnitude of B_grad:	0.056959941330849	
    Magnitude of b:	7.3795348371939	

	
    Current index:	79501	
    Magnitude of W_grad:	6.4467370490091	
    Magnitude of W:	56695.895154323	
    Magnitude of B_grad:	0.48001249692478	
    Magnitude of b:	7.1004832960937	

	
SGD: Loss is	
	LOSS:Calculated softmax res	
178420.13319588	
SGD: crossEntropyLoss is	
178420.13319588	
SGD: Validation Accuracy is:	
0.29700272479564	
SGD: Magnitude of W:	
56695.895154323	
SGD: Magnitude of b:	
7.1004832960937	
    Current index:	9501	
    Magnitude of W_grad:	6.3757663755701	
    Magnitude of W:	56671.084027537	
    Magnitude of B_grad:	0.07538803686984	
    Magnitude of b:	6.9985516035279	

	
    Current index:	19501	
    Magnitude of W_grad:	6.0084342938985	
    Magnitude of W:	56646.822522209	
    Magnitude of B_grad:	0.088646100281426	
    Magnitude of b:	7.2397805625184	

	
    Current index:	29501	
    Magnitude of W_grad:	5.4209063351015	
    Magnitude of W:	56622.450907245	
    Magnitude of B_grad:	0.086149527378282	
    Magnitude of b:	7.4452123385624	

	
    Current index:	39501	
    Magnitude of W_grad:	9.192001529432	
    Magnitude of W:	56596.224959725	
    Magnitude of B_grad:	0.47106459792905	
    Magnitude of b:	7.5733849789266	

	
    Current index:	49501	
    Magnitude of W_grad:	5.9123292224232	
    Magnitude of W:	56569.332425608	
    Magnitude of B_grad:	0.12674402583923	
    Magnitude of b:	7.2487445584853	

	
    Current index:	59501	
    Magnitude of W_grad:	6.1278036308633	
    Magnitude of W:	56543.483789937	
    Magnitude of B_grad:	0.068133289115171	
    Magnitude of b:	7.3310223198314	

	
    Current index:	69501	
    Magnitude of W_grad:	5.4725025442648	
    Magnitude of W:	56517.47350963	
    Magnitude of B_grad:	0.060356294082505	
    Magnitude of b:	7.3677260256371	

	
    Current index:	79501	
    Magnitude of W_grad:	6.157128433133	
    Magnitude of W:	56492.859477412	
    Magnitude of B_grad:	0.46495646812489	
    Magnitude of b:	7.1047710302387	

	
SGD: Loss is	
	LOSS:Calculated softmax res	
176206.47740828	
SGD: crossEntropyLoss is	
176206.47740828	
SGD: Validation Accuracy is:	
0.29791099000908	
SGD: Magnitude of W:	
56492.859477412	
SGD: Magnitude of b:	
7.1047710302387	
    Current index:	9501	
    Magnitude of W_grad:	6.282857773566	
    Magnitude of W:	56468.532820325	
    Magnitude of B_grad:	0.073058637637665	
    Magnitude of b:	6.9939840155645	

	
    Current index:	19501	
    Magnitude of W_grad:	5.9407214446573	
    Magnitude of W:	56444.674938039	
    Magnitude of B_grad:	0.087644822483362	
    Magnitude of b:	7.2351538509764	

	
    Current index:	29501	
    Magnitude of W_grad:	5.3606156516881	
    Magnitude of W:	56420.624049602	
    Magnitude of B_grad:	0.086328817599645	
    Magnitude of b:	7.4355897624543	

	
    Current index:	39501	
    Magnitude of W_grad:	9.0596320549049	
    Magnitude of W:	56394.932108655	
    Magnitude of B_grad:	0.46257999822832	
    Magnitude of b:	7.5624757657188	

	
    Current index:	49501	
    Magnitude of W_grad:	5.8434077278217	
    Magnitude of W:	56368.575091665	
    Magnitude of B_grad:	0.12614668135377	
    Magnitude of b:	7.2421719675525	

	
    Current index:	59501	
    Magnitude of W_grad:	6.0092606187194	
    Magnitude of W:	56343.227758556	
    Magnitude of B_grad:	0.067983625773496	
    Magnitude of b:	7.3250584958441	

	
    Current index:	69501	
    Magnitude of W_grad:	5.3908470845993	
    Magnitude of W:	56317.620019097	
    Magnitude of B_grad:	0.063451331216818	
    Magnitude of b:	7.3568768735667	

	
    Current index:	79501	
    Magnitude of W_grad:	5.8893658654094	
    Magnitude of W:	56293.475172479	
    Magnitude of B_grad:	0.45088271480512	
    Magnitude of b:	7.1088843196092	

	
SGD: Loss is	
	LOSS:Calculated softmax res	
174110.92975164	
SGD: crossEntropyLoss is	
174110.92975164	
SGD: Validation Accuracy is:	
0.29518619436876	
SGD: Magnitude of W:	
56293.475172479	
SGD: Magnitude of b:	
7.1088843196092	
    Current index:	9501	
    Magnitude of W_grad:	6.2010683664484	
    Magnitude of W:	56269.50788918	
    Magnitude of B_grad:	0.073008047637158	
    Magnitude of b:	6.9892614079024	

	
    Current index:	19501	
    Magnitude of W_grad:	5.875909409634	
    Magnitude of W:	56246.070527309	
    Magnitude of B_grad:	0.086597397802243	
    Magnitude of b:	7.2301497357929	

	
    Current index:	29501	
    Magnitude of W_grad:	5.3023258850024	
    Magnitude of W:	56222.357909517	
    Magnitude of B_grad:	0.086345356238289	
    Magnitude of b:	7.4263356242695	

	
    Current index:	39501	
    Magnitude of W_grad:	8.9297415100662	
    Magnitude of W:	56197.219817374	
    Magnitude of B_grad:	0.45435119374169	
    Magnitude of b:	7.552045210107	

	
    Current index:	49501	
    Magnitude of W_grad:	5.7788050995854	
    Magnitude of W:	56171.474697378	
    Magnitude of B_grad:	0.12540031564474	
    Magnitude of b:	7.2357360903716	

	
    Current index:	59501	
    Magnitude of W_grad:	5.9005143934229	
    Magnitude of W:	56146.603834066	
    Magnitude of B_grad:	0.067731105757668	
    Magnitude of b:	7.3194709811002	

	
    Current index:	69501	
    Magnitude of W_grad:	5.3129613975244	
    Magnitude of W:	56121.493282868	
    Magnitude of B_grad:	0.06625959590431	
    Magnitude of b:	7.3469375062533	

	
    Current index:	79501	
    Magnitude of W_grad:	5.6438837543516	
    Magnitude of W:	56097.745040935	
    Magnitude of B_grad:	0.43782213480874	
    Magnitude of b:	7.1126219917594	

	
SGD: Loss is	
	LOSS:Calculated softmax res	
172120.45638225	
SGD: crossEntropyLoss is	
172120.45638225	
SGD: Validation Accuracy is:	
0.29427792915531	
SGD: Magnitude of W:	
56097.745040935	
SGD: Magnitude of b:	
7.1126219917594	
    Current index:	9501	
    Magnitude of W_grad:	6.1269727131211	
    Magnitude of W:	56074.317887857	
    Magnitude of B_grad:	0.072972319241126	
    Magnitude of b:	6.9844222826559	

	
    Current index:	19501	
    Magnitude of W_grad:	5.8133178841559	
    Magnitude of W:	56051.383508176	
    Magnitude of B_grad:	0.085527930076456	
    Magnitude of b:	7.2248774958867	

	
    Current index:	29501	
    Magnitude of W_grad:	5.2450120919664	
    Magnitude of W:	56028.291650329	
    Magnitude of B_grad:	0.086206976275941	
    Magnitude of b:	7.4174602673601	

	
    Current index:	39501	
    Magnitude of W_grad:	8.8041537789871	
    Magnitude of W:	56003.59330099	
    Magnitude of B_grad:	0.44638863628801	
    Magnitude of b:	7.54209787251	

	
    Current index:	49501	
    Magnitude of W_grad:	5.718071999968	
    Magnitude of W:	55978.307467587	
    Magnitude of B_grad:	0.12448512093326	
    Magnitude of b:	7.2294310304644	

	
    Current index:	59501	
    Magnitude of W_grad:	5.7995959288965	
    Magnitude of W:	55953.916147524	
    Magnitude of B_grad:	0.067392075809931	
    Magnitude of b:	7.3142035264998	

	
    Current index:	69501	
    Magnitude of W_grad:	5.2386134654398	
    Magnitude of W:	55929.255663801	
    Magnitude of B_grad:	0.068797318561106	
    Magnitude of b:	7.3378275630547	

	
    Current index:	79501	
    Magnitude of W_grad:	5.4213880032879	
    Magnitude of W:	55905.861857694	
    Magnitude of B_grad:	0.42576170108092	
    Magnitude of b:	7.115844679518	

	
SGD: Loss is	
	LOSS:Calculated softmax res	
170224.46455629	
SGD: crossEntropyLoss is	
170224.46455629	
SGD: Validation Accuracy is:	
0.29518619436876	
SGD: Magnitude of W:	
55905.861857694	
SGD: Magnitude of b:	
7.115844679518	
    Current index:	9501	
    Magnitude of W_grad:	6.0565545984172	
    Magnitude of W:	55882.871903382	
    Magnitude of B_grad:	0.072942789492318	
    Magnitude of b:	6.9794900711111	

	
    Current index:	19501	
    Magnitude of W_grad:	5.7535451108701	
    Magnitude of W:	55860.437270449	
    Magnitude of B_grad:	0.084455994255391	
    Magnitude of b:	7.2194125839104	

	
    Current index:	29501	
    Magnitude of W_grad:	5.1894393942463	
    Magnitude of W:	55837.811284183	
    Magnitude of B_grad:	0.085924508259948	
    Magnitude of b:	7.4089365379274	

	
    Current index:	39501	
    Magnitude of W_grad:	8.6868474662883	
    Magnitude of W:	55813.607894967	
    Magnitude of B_grad:	0.43869560919403	
    Magnitude of b:	7.5326064827762	

	
    Current index:	49501	
    Magnitude of W_grad:	5.6599112552922	
    Magnitude of W:	55788.757952825	
    Magnitude of B_grad:	0.12339034254888	
    Magnitude of b:	7.2232295623813	

	
    Current index:	59501	
    Magnitude of W_grad:	5.7042116305306	
    Magnitude of W:	55764.807500761	
    Magnitude of B_grad:	0.066981217019158	
    Magnitude of b:	7.3092012605583	

	
    Current index:	69501	
    Magnitude of W_grad:	5.1660880168554	
    Magnitude of W:	55740.502385033	
    Magnitude of B_grad:	0.071080343685334	
    Magnitude of b:	7.3294533177952	

	
    Current index:	79501	
    Magnitude of W_grad:	5.2192686428428	
    Magnitude of W:	55717.602466058	
    Magnitude of B_grad:	0.41465458926636	
    Magnitude of b:	7.1184778030556	

	
SGD: Loss is	
	LOSS:Calculated softmax res	
168414.27095099	
SGD: crossEntropyLoss is	
168414.27095099	
SGD: Validation Accuracy is:	
0.29518619436876	
SGD: Magnitude of W:	
55717.602466058	
SGD: Magnitude of b:	
7.1184778030556	
    Current index:	9501	
    Magnitude of W_grad:	5.9890353117875	
    Magnitude of W:	55695.004700238	
    Magnitude of B_grad:	0.072911957977999	
    Magnitude of b:	6.9744789815026	

	
    Current index:	19501	
    Magnitude of W_grad:	5.6973723592693	
    Magnitude of W:	55672.905102512	
    Magnitude of B_grad:	0.083396331811882	
    Magnitude of b:	7.2138067459536	

	
    Current index:	29501	
    Magnitude of W_grad:	5.1356014473079	
    Magnitude of W:	55650.606015536	
    Magnitude of B_grad:	0.085509837544558	
    Magnitude of b:	7.4007203619824	

	
    Current index:	39501	
    Magnitude of W_grad:	8.5766916892739	
    Magnitude of W:	55626.764542323	
    Magnitude of B_grad:	0.4312704997728	
    Magnitude of b:	7.5235287851001	

	
    Current index:	49501	
    Magnitude of W_grad:	5.6035664720781	
    Magnitude of W:	55602.512069438	
    Magnitude of B_grad:	0.12211234159738	
    Magnitude of b:	7.2170975252509	

	
    Current index:	59501	
    Magnitude of W_grad:	5.6145311987238	
    Magnitude of W:	55578.889748116	
    Magnitude of B_grad:	0.066511897997013	
    Magnitude of b:	7.3044126513335	

	
    Current index:	69501	
    Magnitude of W_grad:	5.0973445098547	
    Magnitude of W:	55555.035151152	
    Magnitude of B_grad:	0.073121987175774	
    Magnitude of b:	7.3217259897901	

	
    Current index:	79501	
    Magnitude of W_grad:	5.0378323484833	
    Magnitude of W:	55532.614220521	
    Magnitude of B_grad:	0.40443348773023	
    Magnitude of b:	7.1205022568076	

	
SGD: Loss is	
	LOSS:Calculated softmax res	
166682.64007349	
SGD: crossEntropyLoss is	
166682.64007349	
SGD: Validation Accuracy is:	
0.2960944595822	
SGD: Magnitude of W:	
55532.614220521	
SGD: Magnitude of b:	
7.1205022568076	
    Current index:	9501	
    Magnitude of W_grad:	5.9243248910224	
    Magnitude of W:	55510.491616576	
    Magnitude of B_grad:	0.072872220725831	
    Magnitude of b:	6.9694022743254	

	
    Current index:	19501	
    Magnitude of W_grad:	5.6425608624408	
    Magnitude of W:	55488.602648276	
    Magnitude of B_grad:	0.082359490986126	
    Magnitude of b:	7.2080993656533	

	
    Current index:	29501	
    Magnitude of W_grad:	5.0821539125248	
    Magnitude of W:	55466.620496287	
    Magnitude of B_grad:	0.084974692592615	
    Magnitude of b:	7.392768736329	

	
    Current index:	39501	
    Magnitude of W_grad:	8.4707799425744	
    Magnitude of W:	55443.18519308	
    Magnitude of B_grad:	0.42410825055769	
    Magnitude of b:	7.5148216185879	

	
    Current index:	49501	
    Magnitude of W_grad:	5.5474337230119	
    Magnitude of W:	55419.531886261	
    Magnitude of B_grad:	0.12065295737165	
    Magnitude of b:	7.2110055936428	

	
    Current index:	59501	
    Magnitude of W_grad:	5.5306821991511	
    Magnitude of W:	55396.385344693	
    Magnitude of B_grad:	0.065996376059058	
    Magnitude of b:	7.29979284672	

	
    Current index:	69501	
    Magnitude of W_grad:	5.0316157945549	
    Magnitude of W:	55372.988371644	
    Magnitude of B_grad:	0.07493293320199	
    Magnitude of b:	7.3145709828803	

	
    Current index:	79501	
    Magnitude of W_grad:	4.8751923203276	
    Magnitude of W:	55350.927282271	
    Magnitude of B_grad:	0.39502190491577	
    Magnitude of b:	7.1219393388942	

	
SGD: Loss is	
	LOSS:Calculated softmax res	
165023.43766507	
SGD: crossEntropyLoss is	
165023.43766507	
SGD: Validation Accuracy is:	
0.2960944595822	
SGD: Magnitude of W:	
55350.927282271	
SGD: Magnitude of b:	
7.1219393388942	
    Current index:	9501	
    Magnitude of W_grad:	5.8633373477976	
    Magnitude of W:	55329.236453132	
    Magnitude of B_grad:	0.072815227420974	
    Magnitude of b:	6.9642767051352	

	
    Current index:	19501	
    Magnitude of W_grad:	5.5886224564998	
    Magnitude of W:	55307.594019698	
    Magnitude of B_grad:	0.081352578194387	
    Magnitude of b:	7.2023242050104	

	
    Current index:	29501	
    Magnitude of W_grad:	5.0297489696878	
    Magnitude of W:	55286.07731638	
    Magnitude of B_grad:	0.084330061103447	
    Magnitude of b:	7.3850494219365	

	
    Current index:	39501	
    Magnitude of W_grad:	8.3687867506863	
    Magnitude of W:	55263.082280207	
    Magnitude of B_grad:	0.4172013321072	
    Magnitude of b:	7.5064486448406	

	
    Current index:	49501	
    Magnitude of W_grad:	5.4908975140299	
    Magnitude of W:	55239.927525496	
    Magnitude of B_grad:	0.11901869523631	
    Magnitude of b:	7.2049352426782	

	
    Current index:	59501	
    Magnitude of W_grad:	5.4512679557411	
    Magnitude of W:	55217.279084924	
    Magnitude of B_grad:	0.065445847041155	
    Magnitude of b:	7.2953056938284	

	
    Current index:	69501	
    Magnitude of W_grad:	4.9687703952854	
    Magnitude of W:	55194.29297092	
    Magnitude of B_grad:	0.07652253821418	
    Magnitude of b:	7.3079282185543	

	
    Current index:	79501	
    Magnitude of W_grad:	4.7285815388775	
    Magnitude of W:	55172.557099404	
    Magnitude of B_grad:	0.3863417799234	
    Magnitude of b:	7.1228352969874	

	
SGD: Loss is	
	LOSS:Calculated softmax res	
163431.38825041	
SGD: crossEntropyLoss is	
163431.38825041	
SGD: Validation Accuracy is:	
0.29518619436876	
SGD: Magnitude of W:	
55172.557099404	
SGD: Magnitude of b:	
7.1228352969874	
    Current index:	9501	
    Magnitude of W_grad:	5.8068425430574	
    Magnitude of W:	55151.117064045	
    Magnitude of B_grad:	0.07273208300611	
    Magnitude of b:	6.9591224308406	

	
    Current index:	19501	
    Magnitude of W_grad:	5.5357298641932	
    Magnitude of W:	55129.862266301	
    Magnitude of B_grad:	0.080593582933293	
    Magnitude of b:	7.1965112946738	

	
    Current index:	29501	
    Magnitude of W_grad:	4.9788550483291	
    Magnitude of W:	55108.721224832	
    Magnitude of B_grad:	0.083586045269456	
    Magnitude of b:	7.377542829675	

	
    Current index:	39501	
    Magnitude of W_grad:	8.2703562130075	
    Magnitude of W:	55086.196367294	
    Magnitude of B_grad:	0.41054056656055	
    Magnitude of b:	7.4983823813793	

	
    Current index:	49501	
    Magnitude of W_grad:	5.4348738702417	
    Magnitude of W:	55063.447346925	
    Magnitude of B_grad:	0.11722055221716	
    Magnitude of b:	7.1988793970343	

	
    Current index:	59501	
    Magnitude of W_grad:	5.3772704144675	
    Magnitude of W:	55041.183963931	
    Magnitude of B_grad:	0.064870398271693	
    Magnitude of b:	7.2909237621345	

	
    Current index:	69501	
    Magnitude of W_grad:	4.9107430053455	
    Magnitude of W:	55018.575146205	
    Magnitude of B_grad:	0.077900170376282	
    Magnitude of b:	7.3017486833627	

	
    Current index:	79501	
    Magnitude of W_grad:	4.5957746803172	
    Magnitude of W:	54997.192429787	
    Magnitude of B_grad:	0.37831793057875	
    Magnitude of b:	7.1232489131525	

	
SGD: Loss is	
	LOSS:Calculated softmax res	
161901.90244289	
SGD: crossEntropyLoss is	
161901.90244289	
SGD: Validation Accuracy is:	
0.2960944595822	
SGD: Magnitude of W:	
54997.192429787	
SGD: Magnitude of b:	
7.1232489131525	
    Current index:	9501	
    Magnitude of W_grad:	5.7543247361887	
    Magnitude of W:	54976.187158947	
    Magnitude of B_grad:	0.072614071407174	
    Magnitude of b:	6.9539607466022	

	
    Current index:	19501	
    Magnitude of W_grad:	5.4844732041768	
    Magnitude of W:	54955.220494122	
    Magnitude of B_grad:	0.08032864432361	
    Magnitude of b:	7.1906865852553	

	
    Current index:	29501	
    Magnitude of W_grad:	4.9288405033168	
    Magnitude of W:	54934.408977383	
    Magnitude of B_grad:	0.082751938652245	
    Magnitude of b:	7.3702397315325	

	
    Current index:	39501	
    Magnitude of W_grad:	8.1759192636201	
    Magnitude of W:	54912.214415762	
    Magnitude of B_grad:	0.404115877942	
    Magnitude of b:	7.4906032089793	

	
    Current index:	49501	
    Magnitude of W_grad:	5.3787816762625	
    Magnitude of W:	54889.838218147	
    Magnitude of B_grad:	0.11527407772413	
    Magnitude of b:	7.1928402025758	

	
    Current index:	59501	
    Magnitude of W_grad:	5.3085466203363	
    Magnitude of W:	54867.952090642	
    Magnitude of B_grad:	0.064278937889807	
    Magnitude of b:	7.2866271752042	

	
    Current index:	69501	
    Magnitude of W_grad:	4.854373928828	
    Magnitude of W:	54845.773762465	
    Magnitude of B_grad:	0.07907597625825	
    Magnitude of b:	7.2959908838328	

	
    Current index:	79501	
    Magnitude of W_grad:	4.4761802577046	
    Magnitude of W:	54824.690985858	
    Magnitude of B_grad:	0.37088040357557	
    Magnitude of b:	7.1232431039607	

	
SGD: Loss is	
	LOSS:Calculated softmax res	
160430.94567892	
SGD: crossEntropyLoss is	
160430.94567892	
SGD: Validation Accuracy is:	
0.29700272479564	
SGD: Magnitude of W:	
54824.690985858	
SGD: Magnitude of b:	
7.1232431039607	
    Current index:	9501	
    Magnitude of W_grad:	5.7046216028215	
    Magnitude of W:	54804.066749542	
    Magnitude of B_grad:	0.07245351577131	
    Magnitude of b:	6.9488117532338	

	
    Current index:	19501	
    Magnitude of W_grad:	5.4356483820448	
    Magnitude of W:	54783.36213704	
    Magnitude of B_grad:	0.080100696402642	
    Magnitude of b:	7.1848714651316	

	
    Current index:	29501	
    Magnitude of W_grad:	4.879708476343	
    Magnitude of W:	54762.871643389	
    Magnitude of B_grad:	0.081836362638291	
    Magnitude of b:	7.3631379042103	

	
    Current index:	39501	
    Magnitude of W_grad:	8.0852627710894	
    Magnitude of W:	54740.970640254	
    Magnitude of B_grad:	0.39791691398078	
    Magnitude of b:	7.4830974758749	

	
    Current index:	49501	
    Magnitude of W_grad:	5.322993721741	
    Magnitude of W:	54719.110902861	
    Magnitude of B_grad:	0.11319924376396	
    Magnitude of b:	7.1868260320041	

	
    Current index:	59501	
    Magnitude of W_grad:	5.2432750079355	
    Magnitude of W:	54697.513418461	
    Magnitude of B_grad:	0.063679152700456	
    Magnitude of b:	7.2824021521307	

	
    Current index:	69501	
    Magnitude of W_grad:	4.7995084690039	
    Magnitude of W:	54675.718003723	
    Magnitude of B_grad:	0.08006112332498	
    Magnitude of b:	7.290618405377	

	
    Current index:	79501	
    Magnitude of W_grad:	4.3687315782715	
    Magnitude of W:	54654.897705501	
    Magnitude of B_grad:	0.36396556441784	
    Magnitude of b:	7.1228799193165	

	
SGD: Loss is	
	LOSS:Calculated softmax res	
159014.93313096	
SGD: crossEntropyLoss is	
159014.93313096	
SGD: Validation Accuracy is:	
0.29700272479564	
SGD: Magnitude of W:	
54654.897705501	
SGD: Magnitude of b:	
7.1228799193165	
    Current index:	9501	
    Magnitude of W_grad:	5.6560472030706	
    Magnitude of W:	54634.628462137	
    Magnitude of B_grad:	0.072244515403749	
    Magnitude of b:	6.943692831281	

	
    Current index:	19501	
    Magnitude of W_grad:	5.3876476378418	
    Magnitude of W:	54614.137917716	
    Magnitude of B_grad:	0.079899198606519	
    Magnitude of b:	7.1790828899853	

	
    Current index:	29501	
    Magnitude of W_grad:	4.831963556326	
    Magnitude of W:	54593.875007056	
    Magnitude of B_grad:	0.080847373305425	
    Magnitude of b:	7.3562392052588	

	
    Current index:	39501	
    Magnitude of W_grad:	7.9981249383544	
    Magnitude of W:	54572.334412453	
    Magnitude of B_grad:	0.39193349239674	
    Magnitude of b:	7.4758556585614	

	
    Current index:	49501	
    Magnitude of W_grad:	5.2679463193108	
    Magnitude of W:	54550.706105795	
    Magnitude of B_grad:	0.11101979661777	
    Magnitude of b:	7.1808488058042	

	
    Current index:	59501	
    Magnitude of W_grad:	5.1804697732602	
    Magnitude of W:	54529.519112356	
    Magnitude of B_grad:	0.063077515665881	
    Magnitude of b:	7.2782397115708	

	
    Current index:	69501	
    Magnitude of W_grad:	4.7461101749954	
    Magnitude of W:	54508.075218609	
    Magnitude of B_grad:	0.0808677402121	
    Magnitude of b:	7.2855985238715	

	
    Current index:	79501	
    Magnitude of W_grad:	4.2763072925511	
    Magnitude of W:	54487.535732728	
    Magnitude of B_grad:	0.35751644381734	
    Magnitude of b:	7.122217859443	

	
SGD: Loss is	
	LOSS:Calculated softmax res	
157650.64435955	
SGD: crossEntropyLoss is	
157650.64435955	
SGD: Validation Accuracy is:	
0.29972752043597	
SGD: Magnitude of W:	
54487.535732728	
SGD: Magnitude of b:	
7.122217859443	
    Current index:	9501	
    Magnitude of W_grad:	5.6093344730304	
    Magnitude of W:	54467.474249971	
    Magnitude of B_grad:	0.071983422311929	
    Magnitude of b:	6.9386180000373	

	
    Current index:	19501	
    Magnitude of W_grad:	5.3402862176168	
    Magnitude of W:	54447.256982698	
    Magnitude of B_grad:	0.0797161077945	
    Magnitude of b:	7.1733340485801	

	
    Current index:	29501	
    Magnitude of W_grad:	4.7855773092818	
    Magnitude of W:	54427.259042486	
    Magnitude of B_grad:	0.079792508328515	
    Magnitude of b:	7.3495474668821	

	
    Current index:	39501	
    Magnitude of W_grad:	7.914686884773	
    Magnitude of W:	54406.089043612	
    Magnitude of B_grad:	0.38615587242368	
    Magnitude of b:	7.4688708322855	

	
    Current index:	49501	
    Magnitude of W_grad:	5.2133971394844	
    Magnitude of W:	54384.821784171	
    Magnitude of B_grad:	0.10876197917334	
    Magnitude of b:	7.1749219665847	

	
    Current index:	59501	
    Magnitude of W_grad:	5.1200432265682	
    Magnitude of W:	54364.011039133	
    Magnitude of B_grad:	0.062479341225377	
    Magnitude of b:	7.2741346376005	

	
    Current index:	69501	
    Magnitude of W_grad:	4.6943731048316	
    Magnitude of W:	54342.90972818	
    Magnitude of B_grad:	0.081508721584873	
    Magnitude of b:	7.2809015298307	

	
    Current index:	79501	
    Magnitude of W_grad:	4.1929572874716	
    Magnitude of W:	54322.651069647	
    Magnitude of B_grad:	0.35148264001671	
    Magnitude of b:	7.121310579897	

	
SGD: Loss is	
	LOSS:Calculated softmax res	
156335.1550431	
SGD: crossEntropyLoss is	
156335.1550431	
SGD: Validation Accuracy is:	
0.30245231607629	
SGD: Magnitude of W:	
54322.651069647	
SGD: Magnitude of b:	
7.121310579897	
    Current index:	9501	
    Magnitude of W_grad:	5.5646798970753	
    Magnitude of W:	54302.84541641	
    Magnitude of B_grad:	0.071669007162914	
    Magnitude of b:	6.9335979494735	

	
    Current index:	19501	
    Magnitude of W_grad:	5.2935881225385	
    Magnitude of W:	54282.967850847	
    Magnitude of B_grad:	0.079545153530744	
    Magnitude of b:	7.1676352512522	

	
    Current index:	29501	
    Magnitude of W_grad:	4.7396897064702	
    Magnitude of W:	54263.273948341	
    Magnitude of B_grad:	0.078678784016171	
    Magnitude of b:	7.3430671216142	

	
    Current index:	39501	
    Magnitude of W_grad:	7.835266962224	
    Magnitude of W:	54242.347409036	
    Magnitude of B_grad:	0.38057488441268	
    Magnitude of b:	7.4621374668649	

	
    Current index:	49501	
    Magnitude of W_grad:	5.1594909105276	
    Magnitude of W:	54221.436559402	
    Magnitude of B_grad:	0.10645278255988	
    Magnitude of b:	7.1690590958991	

	
    Current index:	59501	
    Magnitude of W_grad:	5.0630717062879	
    Magnitude of W:	54201.011760507	
    Magnitude of B_grad:	0.061888875482589	
    Magnitude of b:	7.2700846564702	

	
    Current index:	69501	
    Magnitude of W_grad:	4.6452822695439	
    Magnitude of W:	54180.083692703	
    Magnitude of B_grad:	0.081997482159507	
    Magnitude of b:	7.2765004684543	

	
    Current index:	79501	
    Magnitude of W_grad:	4.1168072253754	
    Magnitude of W:	54160.140521261	
    Magnitude of B_grad:	0.34581995766968	
    Magnitude of b:	7.1202063633808	

	
SGD: Loss is	
	LOSS:Calculated softmax res	
155065.78398688	
SGD: crossEntropyLoss is	
155065.78398688	
SGD: Validation Accuracy is:	
0.30517711171662	
SGD: Magnitude of W:	
54160.140521261	
SGD: Magnitude of b:	
7.1202063633808	
    Current index:	9501	
    Magnitude of W_grad:	5.520127180789	
    Magnitude of W:	54140.609079844	
    Magnitude of B_grad:	0.071302330033794	
    Magnitude of b:	6.9286404920655	

	
    Current index:	19501	
    Magnitude of W_grad:	5.2478664404605	
    Magnitude of W:	54121.030503502	
    Magnitude of B_grad:	0.079381303453184	
    Magnitude of b:	7.1619947740106	

	
    Current index:	29501	
    Magnitude of W_grad:	4.6954360273136	
    Magnitude of W:	54101.55132304	
    Magnitude of B_grad:	0.077512672294552	
    Magnitude of b:	7.3368023584842	

	
    Current index:	39501	
    Magnitude of W_grad:	7.7580241782723	
    Magnitude of W:	54080.931974086	
    Magnitude of B_grad:	0.37518195996854	
    Magnitude of b:	7.455650529909	

	
    Current index:	49501	
    Magnitude of W_grad:	5.1075035895889	
    Magnitude of W:	54060.268806688	
    Magnitude of B_grad:	0.10411808495519	
    Magnitude of b:	7.1632730458637	

	
    Current index:	59501	
    Magnitude of W_grad:	5.0093706243407	
    Magnitude of W:	54040.070751445	
    Magnitude of B_grad:	0.06130940624311	
    Magnitude of b:	7.2660897475022	

	
    Current index:	69501	
    Magnitude of W_grad:	4.5993024668162	
    Magnitude of W:	54019.426822195	
    Magnitude of B_grad:	0.082347694610955	
    Magnitude of b:	7.2723710841765	

	
    Current index:	79501	
    Magnitude of W_grad:	4.046575254845	
    Magnitude of W:	53999.769111015	
    Magnitude of B_grad:	0.34048990025335	
    Magnitude of b:	7.1189480041644	

	
SGD: Loss is	
	LOSS:Calculated softmax res	
153840.05333177	
SGD: crossEntropyLoss is	
153840.05333177	
SGD: Validation Accuracy is:	
0.30608537693006	
SGD: Magnitude of W:	
53999.769111015	
SGD: Magnitude of b:	
7.1189480041644	
    Current index:	9501	
    Magnitude of W_grad:	5.4765343517394	
    Magnitude of W:	53980.46675822	
    Magnitude of B_grad:	0.07088638191709	
    Magnitude of b:	6.9237512180051	

	
    Current index:	19501	
    Magnitude of W_grad:	5.203073100474	
    Magnitude of W:	53961.15623886	
    Magnitude of B_grad:	0.07922040616324	
    Magnitude of b:	7.1564195159632	

	
    Current index:	29501	
    Magnitude of W_grad:	4.6529804182451	
    Magnitude of W:	53941.993489954	
    Magnitude of B_grad:	0.076300087125258	
    Magnitude of b:	7.3307566229203	

	
    Current index:	39501	
    Magnitude of W_grad:	7.6828699608211	
    Magnitude of W:	53921.62383627	
    Magnitude of B_grad:	0.36996910146636	
    Magnitude of b:	7.4494048820144	

	
    Current index:	49501	
    Magnitude of W_grad:	5.0578247558225	
    Magnitude of W:	53901.241664422	
    Magnitude of B_grad:	0.10178107189727	
    Magnitude of b:	7.1575754458509	

	
    Current index:	59501	
    Magnitude of W_grad:	4.9586925412498	
    Magnitude of W:	53881.286282287	
    Magnitude of B_grad:	0.060743380810871	
    Magnitude of b:	7.2621515365779	

	
    Current index:	69501	
    Magnitude of W_grad:	4.5557506914591	
    Magnitude of W:	53860.892467936	
    Magnitude of B_grad:	0.082573025994707	
    Magnitude of b:	7.2684918210616	

	
    Current index:	79501	
    Magnitude of W_grad:	3.9816952389556	
    Magnitude of W:	53841.560504987	
    Magnitude of B_grad:	0.33545909446178	
    Magnitude of b:	7.1175729258823	

	
SGD: Loss is	
	LOSS:Calculated softmax res	
152655.65946414	
SGD: crossEntropyLoss is	
152655.65946414	
SGD: Validation Accuracy is:	
0.30608537693006	
SGD: Magnitude of W:	
53841.560504987	
SGD: Magnitude of b:	
7.1175729258823	
    Current index:	9501	
    Magnitude of W_grad:	5.4344584883268	
    Magnitude of W:	53822.455283085	
    Magnitude of B_grad:	0.070425593274435	
    Magnitude of b:	6.9189341871133	

	
    Current index:	19501	
    Magnitude of W_grad:	5.1591296894771	
    Magnitude of W:	53803.401195324	
    Magnitude of B_grad:	0.079058971128413	
    Magnitude of b:	7.1509154381535	

	
    Current index:	29501	
    Magnitude of W_grad:	4.6112191902629	
    Magnitude of W:	53784.569880359	
    Magnitude of B_grad:	0.075046397461992	
    Magnitude of b:	7.3249323159449	

	
    Current index:	39501	
    Magnitude of W_grad:	7.609611211407	
    Magnitude of W:	53764.449441614	
    Magnitude of B_grad:	0.36492882130325	
    Magnitude of b:	7.4433949378682	

	
    Current index:	49501	
    Magnitude of W_grad:	5.0105922662468	
    Magnitude of W:	53744.320363287	
    Magnitude of B_grad:	0.099461208889793	
    Magnitude of b:	7.1519764706377	

	
    Current index:	59501	
    Magnitude of W_grad:	4.9106331640927	
    Magnitude of W:	53724.571659655	
    Magnitude of B_grad:	0.060192523795739	
    Magnitude of b:	7.2582727556755	

	
    Current index:	69501	
    Magnitude of W_grad:	4.5137843006564	
    Magnitude of W:	53704.531554851	
    Magnitude of B_grad:	0.082686883005609	
    Magnitude of b:	7.2648437765993	

	
    Current index:	79501	
    Magnitude of W_grad:	3.9218959963257	
    Magnitude of W:	53685.530949775	
    Magnitude of B_grad:	0.33069869813439	
    Magnitude of b:	7.11611344482	

	
SGD: Loss is	
	LOSS:Calculated softmax res	
151510.45200015	
SGD: crossEntropyLoss is	
151510.45200015	
SGD: Validation Accuracy is:	
0.30790190735695	
SGD: Magnitude of W:	
53685.530949775	
SGD: Magnitude of b:	
7.11611344482	
    Current index:	9501	
    Magnitude of W_grad:	5.3933036292104	
    Magnitude of W:	53666.798599131	
    Magnitude of B_grad:	0.069925310302347	
    Magnitude of b:	6.9141925400097	

	
    Current index:	19501	
    Magnitude of W_grad:	5.1159176007316	
    Magnitude of W:	53647.939789075	
    Magnitude of B_grad:	0.078894038024274	
    Magnitude of b:	7.1454878168922	

	
    Current index:	29501	
    Magnitude of W_grad:	4.5699083571808	
    Magnitude of W:	53629.3959631	
    Magnitude of B_grad:	0.073756470090802	
    Magnitude of b:	7.3193305850817	

	
    Current index:	39501	
    Magnitude of W_grad:	7.5387733491405	
    Magnitude of W:	53609.492226054	
    Magnitude of B_grad:	0.36005407219337	
    Magnitude of b:	7.4376145473375	

	
    Current index:	49501	
    Magnitude of W_grad:	4.9644890928605	
    Magnitude of W:	53589.585767095	
    Magnitude of B_grad:	0.097173839755101	
    Magnitude of b:	7.1464847869116	

	
    Current index:	59501	
    Magnitude of W_grad:	4.8654686002627	
    Magnitude of W:	53570.046841737	
    Magnitude of B_grad:	0.059657950771191	
    Magnitude of b:	7.2544567756043	

	
    Current index:	69501	
    Magnitude of W_grad:	4.4749011038171	
    Magnitude of W:	53550.28477991	
    Magnitude of B_grad:	0.082702177386818	
    Magnitude of b:	7.2614105492692	

	
    Current index:	79501	
    Magnitude of W_grad:	3.8676015037972	
    Magnitude of W:	53531.581578858	
    Magnitude of B_grad:	0.32618382375058	
    Magnitude of b:	7.1145971273264	

	
SGD: Loss is	
	LOSS:Calculated softmax res	
150402.41843998	
SGD: crossEntropyLoss is	
150402.41843998	
SGD: Validation Accuracy is:	
0.30790190735695	
SGD: Magnitude of W:	
53531.581578858	
SGD: Magnitude of b:	
7.1145971273264	
    Current index:	9501	
    Magnitude of W_grad:	5.3527675194812	
    Magnitude of W:	53513.033106529	
    Magnitude of B_grad:	0.069391320065247	
    Magnitude of b:	6.9095289594093	

	
    Current index:	19501	
    Magnitude of W_grad:	5.0734659312149	
    Magnitude of W:	53494.325960041	
    Magnitude of B_grad:	0.078723095764759	
    Magnitude of b:	7.1401413659256	

	
    Current index:	29501	
    Magnitude of W_grad:	4.5286445270164	
    Magnitude of W:	53476.006026021	
    Magnitude of B_grad:	0.07254096645301	
    Magnitude of b:	7.3139511292104	

	
    Current index:	39501	
    Magnitude of W_grad:	7.4698656672772	
    Magnitude of W:	53456.365854756	
    Magnitude of B_grad:	0.35533818186207	
    Magnitude of b:	7.4320570347913	

	
    Current index:	49501	
    Magnitude of W_grad:	4.9197893326435	
    Magnitude of W:	53436.780277846	
    Magnitude of B_grad:	0.094930314056085	
    Magnitude of b:	7.1411076164181	

	
    Current index:	59501	
    Magnitude of W_grad:	4.8227025199523	
    Magnitude of W:	53417.467219467	
    Magnitude of B_grad:	0.059140275706748	
    Magnitude of b:	7.2507072250039	

	
    Current index:	69501	
    Magnitude of W_grad:	4.4377180484197	
    Magnitude of W:	53397.907693117	
    Magnitude of B_grad:	0.082631123446772	
    Magnitude of b:	7.2581779648752	

	
    Current index:	79501	
    Magnitude of W_grad:	3.8169606381129	
    Magnitude of W:	53379.422417533	
    Magnitude of B_grad:	0.32189299618119	
    Magnitude of b:	7.1130472023628	

	
SGD: Loss is	
	LOSS:Calculated softmax res	
149329.67253656	
SGD: crossEntropyLoss is	
149329.67253656	
SGD: Validation Accuracy is:	
0.31153496821072	
SGD: Magnitude of W:	
53379.422417533	
SGD: Magnitude of b:	
7.1130472023628	
    Current index:	9501	
    Magnitude of W_grad:	5.3130035266214	
    Magnitude of W:	53361.154299169	
    Magnitude of B_grad:	0.068829472545335	
    Magnitude of b:	6.9049459584943	

	
    Current index:	19501	
    Magnitude of W_grad:	5.0325198202844	
    Magnitude of W:	53342.62641018	
    Magnitude of B_grad:	0.078544025344168	
    Magnitude of b:	7.1348802767468	

	
    Current index:	29501	
    Magnitude of W_grad:	4.4878870091923	
    Magnitude of W:	53324.517462123	
    Magnitude of B_grad:	0.071294827484742	
    Magnitude of b:	7.3087919731821	

	
    Current index:	39501	
    Magnitude of W_grad:	7.4044190455977	
    Magnitude of W:	53305.052396962	
    Magnitude of B_grad:	0.35077479907763	
    Magnitude of b:	7.4267153309298	

	
    Current index:	49501	
    Magnitude of W_grad:	4.8775214193975	
    Magnitude of W:	53285.753818079	
    Magnitude of B_grad:	0.092738460028449	
    Magnitude of b:	7.1358508668533	

	
    Current index:	59501	
    Magnitude of W_grad:	4.7818856309227	
    Magnitude of W:	53266.642833746	
    Magnitude of B_grad:	0.058639710908032	
    Magnitude of b:	7.247027701699	

	
    Current index:	69501	
    Magnitude of W_grad:	4.4014193650457	
    Magnitude of W:	53247.371403612	
    Magnitude of B_grad:	0.082485077867582	
    Magnitude of b:	7.2551337089027	

	
    Current index:	79501	
    Magnitude of W_grad:	3.7696964795578	
    Magnitude of W:	53229.145348068	
    Magnitude of B_grad:	0.31780765507475	
    Magnitude of b:	7.1114829987652	

	
SGD: Loss is	
	LOSS:Calculated softmax res	
148290.44494423	
SGD: crossEntropyLoss is	
148290.44494423	
SGD: Validation Accuracy is:	
0.31607629427793	
SGD: Magnitude of W:	
53229.145348068	
SGD: Magnitude of b:	
7.1114829987652	
    Current index:	9501	
    Magnitude of W_grad:	5.2736099466354	
    Magnitude of W:	53211.150655943	
    Magnitude of B_grad:	0.068245413961775	
    Magnitude of b:	6.9004460120141	

	
    Current index:	19501	
    Magnitude of W_grad:	4.9922741947673	
    Magnitude of W:	53192.777797164	
    Magnitude of B_grad:	0.078355053361671	
    Magnitude of b:	7.1297082136756	

	
    Current index:	29501	
    Magnitude of W_grad:	4.4473332438782	
    Magnitude of W:	53174.881483827	
    Magnitude of B_grad:	0.070018006293238	
    Magnitude of b:	7.3038492135938	

	
    Current index:	39501	
    Magnitude of W_grad:	7.3413891261573	
    Magnitude of W:	53155.660009177	
    Magnitude of B_grad:	0.34686567243721	
    Magnitude of b:	7.4215821399761	

	
    Current index:	49501	
    Magnitude of W_grad:	4.8369695035224	
    Magnitude of W:	53136.584133647	
    Magnitude of B_grad:	0.090603215133833	
    Magnitude of b:	7.1307192917789	

	
    Current index:	59501	
    Magnitude of W_grad:	4.7426982257729	
    Magnitude of W:	53117.724470252	
    Magnitude of B_grad:	0.058156158319857	
    Magnitude of b:	7.2434215716325	

	
    Current index:	69501	
    Magnitude of W_grad:	4.3662279167563	
    Magnitude of W:	53098.721021686	
    Magnitude of B_grad:	0.08227442793337	
    Magnitude of b:	7.2522669215394	

	
    Current index:	79501	
    Magnitude of W_grad:	3.7253900175193	
    Magnitude of W:	53080.733811048	
    Magnitude of B_grad:	0.31391170729291	
    Magnitude of b:	7.1099203873373	

	
SGD: Loss is	
	LOSS:Calculated softmax res	
147283.07519719	
SGD: crossEntropyLoss is	
147283.07519719	
SGD: Validation Accuracy is:	
0.31607629427793	
SGD: Magnitude of W:	
53080.733811048	
SGD: Magnitude of b:	
7.1099203873373	
    Current index:	9501	
    Magnitude of W_grad:	5.2347934643912	
    Magnitude of W:	53062.936819185	
    Magnitude of B_grad:	0.067644421013815	
    Magnitude of b:	6.8960315707737	

	
    Current index:	19501	
    Magnitude of W_grad:	4.9535956523158	
    Magnitude of W:	53044.697449911	
    Magnitude of B_grad:	0.078154711355569	
    Magnitude of b:	7.1246282901261	

	
    Current index:	29501	
    Magnitude of W_grad:	4.4078456852695	
    Magnitude of W:	53026.933704215	
    Magnitude of B_grad:	0.068714655058648	
    Magnitude of b:	7.299116789382	

	
    Current index:	39501	
    Magnitude of W_grad:	7.2805629400447	
    Magnitude of W:	53007.917141612	
    Magnitude of B_grad:	0.34333783930642	
    Magnitude of b:	7.4166501013301	

	
    Current index:	49501	
    Magnitude of W_grad:	4.7979604776124	
    Magnitude of W:	52989.068540849	
    Magnitude of B_grad:	0.08852727153917	
    Magnitude of b:	7.1257166516349	

	
    Current index:	59501	
    Magnitude of W_grad:	4.7053690634826	
    Magnitude of W:	52970.480007185	
    Magnitude of B_grad:	0.057689291012654	
    Magnitude of b:	7.2398918422306	

	
    Current index:	69501	
    Magnitude of W_grad:	4.3327198691074	
    Magnitude of W:	52951.701264557	
    Magnitude of B_grad:	0.082008529184976	
    Magnitude of b:	7.2495678191905	

	
    Current index:	79501	
    Magnitude of W_grad:	3.6839508176185	
    Magnitude of W:	52933.874057844	
    Magnitude of B_grad:	0.31019113156926	
    Magnitude of b:	7.1083722166721	

	
SGD: Loss is	
	LOSS:Calculated softmax res	
146306.00445782	
SGD: crossEntropyLoss is	
146306.00445782	
SGD: Validation Accuracy is:	
0.31698455949137	
SGD: Magnitude of W:	
52933.874057844	
SGD: Magnitude of b:	
7.1083722166721	
    Current index:	9501	
    Magnitude of W_grad:	5.1964786359871	
    Magnitude of W:	52916.307150167	
    Magnitude of B_grad:	0.067031313386437	
    Magnitude of b:	6.891705008138	

	
    Current index:	19501	
    Magnitude of W_grad:	4.9160175917635	
    Magnitude of W:	52898.320880199	
    Magnitude of B_grad:	0.07794179987492	
    Magnitude of b:	7.1196430455551	

	
    Current index:	29501	
    Magnitude of W_grad:	4.3687523634145	
    Magnitude of W:	52880.665585367	
    Magnitude of B_grad:	0.067388808682916	
    Magnitude of b:	7.29458637005	

	
    Current index:	39501	
    Magnitude of W_grad:	7.2207486704025	
    Magnitude of W:	52861.808645734	
    Magnitude of B_grad:	0.33992464936872	
    Magnitude of b:	7.4119119217717	

	
    Current index:	49501	
    Magnitude of W_grad:	4.7598762821215	
    Magnitude of W:	52843.349550376	
    Magnitude of B_grad:	0.086511652662231	
    Magnitude of b:	7.1208458583139	

	
    Current index:	59501	
    Magnitude of W_grad:	4.6692232459763	
    Magnitude of W:	52824.929599059	
    Magnitude of B_grad:	0.057238623774602	
    Magnitude of b:	7.2364410928412	

	
    Current index:	69501	
    Magnitude of W_grad:	4.3000148061282	
    Magnitude of W:	52806.410210356	
    Magnitude of B_grad:	0.082186753937142	
    Magnitude of b:	7.2470273907373	

	
    Current index:	79501	
    Magnitude of W_grad:	3.6450963142871	
    Magnitude of W:	52788.769369081	
    Magnitude of B_grad:	0.3066336350758	
    Magnitude of b:	7.1068487344197	

	
SGD: Loss is	
	LOSS:Calculated softmax res	
145357.76875308	
SGD: crossEntropyLoss is	
145357.76875308	
SGD: Validation Accuracy is:	
0.31789282470481	
SGD: Magnitude of W:	
52788.769369081	
SGD: Magnitude of b:	
7.1068487344197	
    Current index:	9501	
    Magnitude of W_grad:	5.1593310170259	
    Magnitude of W:	52771.413907199	
    Magnitude of B_grad:	0.066410420064805	
    Magnitude of b:	6.8874685400955	

	
    Current index:	19501	
    Magnitude of W_grad:	4.8796168947413	
    Magnitude of W:	52753.584405178	
    Magnitude of B_grad:	0.077715357242384	
    Magnitude of b:	7.1147544359427	

	
    Current index:	29501	
    Magnitude of W_grad:	4.3295661139939	
    Magnitude of W:	52736.138921214	
    Magnitude of B_grad:	0.066044439102332	
    Magnitude of b:	7.290247456953	

	
    Current index:	39501	
    Magnitude of W_grad:	7.1626626518317	
    Magnitude of W:	52717.480949121	
    Magnitude of B_grad:	0.33662100928892	
    Magnitude of b:	7.4073604672686	

	
    Current index:	49501	
    Magnitude of W_grad:	4.7233500021939	
    Magnitude of W:	52699.261600009	
    Magnitude of B_grad:	0.084556186528499	
    Magnitude of b:	7.11610909358	

	
    Current index:	59501	
    Magnitude of W_grad:	4.6343725944495	
    Magnitude of W:	52681.093685836	
    Magnitude of B_grad:	0.056803572060067	
    Magnitude of b:	7.2330714439877	

	
    Current index:	69501	
    Magnitude of W_grad:	4.2683183638679	
    Magnitude of W:	52662.798741961	
    Magnitude of B_grad:	0.082582601299526	
    Magnitude of b:	7.2446371881255	

	
    Current index:	79501	
    Magnitude of W_grad:	3.6084952507224	
    Magnitude of W:	52645.335129848	
    Magnitude of B_grad:	0.30322835958327	
    Magnitude of b:	7.1053579833131	

	
SGD: Loss is	
	LOSS:Calculated softmax res	
144436.99258422	
SGD: crossEntropyLoss is	
144436.99258422	
SGD: Validation Accuracy is:	
0.31789282470481	
SGD: Magnitude of W:	
52645.335129848	
SGD: Magnitude of b:	
7.1053579833131	
    Current index:	9501	
    Magnitude of W_grad:	5.1233653487547	
    Magnitude of W:	52628.187892523	
    Magnitude of B_grad:	0.065785579396465	
    Magnitude of b:	6.8833241449519	

	
    Current index:	19501	
    Magnitude of W_grad:	4.844138330619	
    Magnitude of W:	52610.547105416	
    Magnitude of B_grad:	0.077474632914243	
    Magnitude of b:	7.1099638428275	

	
    Current index:	29501	
    Magnitude of W_grad:	4.2909016560857	
    Magnitude of W:	52593.275070094	
    Magnitude of B_grad:	0.064685479908329	
    Magnitude of b:	7.2860877484041	

	
    Current index:	39501	
    Magnitude of W_grad:	7.105606874002	
    Magnitude of W:	52574.811519877	
    Magnitude of B_grad:	0.33342188429513	
    Magnitude of b:	7.4029888117103	

	
    Current index:	49501	
    Magnitude of W_grad:	4.6878974350138	
    Magnitude of W:	52556.799488865	
    Magnitude of B_grad:	0.082659873884539	
    Magnitude of b:	7.1115078966863	

	
    Current index:	59501	
    Magnitude of W_grad:	4.6011478427022	
    Magnitude of W:	52538.763315901	
    Magnitude of B_grad:	0.056383499071339	
    Magnitude of b:	7.2297845487218	

	
    Current index:	69501	
    Magnitude of W_grad:	4.2380942517076	
    Magnitude of W:	52520.720294328	
    Magnitude of B_grad:	0.082944608706976	
    Magnitude of b:	7.2423892031041	

	
    Current index:	79501	
    Magnitude of W_grad:	3.5739599158147	
    Magnitude of W:	52503.455674218	
    Magnitude of B_grad:	0.29996563351105	
    Magnitude of b:	7.1039061583361	

	
SGD: Loss is	
	LOSS:Calculated softmax res	
143542.38287352	
SGD: crossEntropyLoss is	
143542.38287352	
SGD: Validation Accuracy is:	
0.32061762034514	
SGD: Magnitude of W:	
52503.455674218	
SGD: Magnitude of b:	
7.1039061583361	
    Current index:	9501	
    Magnitude of W_grad:	5.088259783118	
    Magnitude of W:	52486.520831402	
    Magnitude of B_grad:	0.06516015913017	
    Magnitude of b:	6.8792734927447	

	
    Current index:	19501	
    Magnitude of W_grad:	4.809553725699	
    Magnitude of W:	52469.023948195	
    Magnitude of B_grad:	0.077219065176933	
    Magnitude of b:	7.1052720981975	

	
    Current index:	29501	
    Magnitude of W_grad:	4.2524443766617	
    Magnitude of W:	52451.897570232	
    Magnitude of B_grad:	0.06331581952245	
    Magnitude of b:	7.2820937409409	

	
    Current index:	39501	
    Magnitude of W_grad:	7.0493911568923	
    Magnitude of W:	52433.6368546	
    Magnitude of B_grad:	0.33032235240529	
    Magnitude of b:	7.3987902452753	

	
    Current index:	49501	
    Magnitude of W_grad:	4.6532886055548	
    Magnitude of W:	52415.844065771	
    Magnitude of B_grad:	0.080821165104351	
    Magnitude of b:	7.1070432203853	

	
    Current index:	59501	
    Magnitude of W_grad:	4.569396094759	
    Magnitude of W:	52397.934747801	
    Magnitude of B_grad:	0.055977751391471	
    Magnitude of b:	7.2265815929964	

	
    Current index:	69501	
    Magnitude of W_grad:	4.2092603288363	
    Magnitude of W:	52380.078662533	
    Magnitude of B_grad:	0.083276106917963	
    Magnitude of b:	7.2402758052535	

	
    Current index:	79501	
    Magnitude of W_grad:	3.5412622797851	
    Magnitude of W:	52363.041059184	
    Magnitude of B_grad:	0.29683676546737	
    Magnitude of b:	7.1024979122745	

	
SGD: Loss is	
	LOSS:Calculated softmax res	
142672.72323504	
SGD: crossEntropyLoss is	
142672.72323504	
SGD: Validation Accuracy is:	
0.32061762034514	
SGD: Magnitude of W:	
52363.041059184	
SGD: Magnitude of b:	
7.1024979122745	
    Current index:	9501	
    Magnitude of W_grad:	5.0540570024962	
    Magnitude of W:	52346.264717374	
    Magnitude of B_grad:	0.064537088018282	
    Magnitude of b:	6.87531788361	

	
    Current index:	19501	
    Magnitude of W_grad:	4.7752114661438	
    Magnitude of W:	52328.941433874	
    Magnitude of B_grad:	0.077026591006275	
    Magnitude of b:	7.1006795172155	

	
    Current index:	29501	
    Magnitude of W_grad:	4.214769616617	
    Magnitude of W:	52311.919850542	
    Magnitude of B_grad:	0.06193926766896	
    Magnitude of b:	7.278251461461	

	
    Current index:	39501	
    Magnitude of W_grad:	6.9938300741214	
    Magnitude of W:	52293.807543197	
    Magnitude of B_grad:	0.32731764262341	
    Magnitude of b:	7.3947582491209	

	
    Current index:	49501	
    Magnitude of W_grad:	4.6196323754217	
    Magnitude of W:	52276.265834483	
    Magnitude of B_grad:	0.079038164904248	
    Magnitude of b:	7.1027154583052	

	
    Current index:	59501	
    Magnitude of W_grad:	4.5396460072598	
    Magnitude of W:	52258.483651533	
    Magnitude of B_grad:	0.055585684223247	
    Magnitude of b:	7.2234632970337	

	
    Current index:	69501	
    Magnitude of W_grad:	4.1816399517978	
    Magnitude of W:	52240.831171519	
    Magnitude of B_grad:	0.083579786300112	
    Magnitude of b:	7.2382897131515	

	
    Current index:	79501	
    Magnitude of W_grad:	3.5101700959869	
    Magnitude of W:	52224.013320624	
    Magnitude of B_grad:	0.293833874768	
    Magnitude of b:	7.1011366024615	

	
SGD: Loss is	
	LOSS:Calculated softmax res	
141826.86855861	
SGD: crossEntropyLoss is	
141826.86855861	
SGD: Validation Accuracy is:	
0.32152588555858	
SGD: Magnitude of W:	
52224.013320624	
SGD: Magnitude of b:	
7.1011366024615	
    Current index:	9501	
    Magnitude of W_grad:	5.0203923208235	
    Magnitude of W:	52207.433964621	
    Magnitude of B_grad:	0.063918893923952	
    Magnitude of b:	6.8714581903059	

	
    Current index:	19501	
    Magnitude of W_grad:	4.7412000519159	
    Magnitude of W:	52190.216473306	
    Magnitude of B_grad:	0.076887119374353	
    Magnitude of b:	7.0961859291898	

	
    Current index:	29501	
    Magnitude of W_grad:	4.1780544488784	
    Magnitude of W:	52173.358405428	
    Magnitude of B_grad:	0.06055950531068	
    Magnitude of b:	7.2745471848457	

	
    Current index:	39501	
    Magnitude of W_grad:	6.938962933746	
    Magnitude of W:	52155.401752005	
    Magnitude of B_grad:	0.32440316185929	
    Magnitude of b:	7.3908864457424	

	
    Current index:	49501	
    Magnitude of W_grad:	4.5866616951916	
    Magnitude of W:	52138.034698577	
    Magnitude of B_grad:	0.077308782796283	
    Magnitude of b:	7.098524450089	

	
    Current index:	59501	
    Magnitude of W_grad:	4.5116635300721	
    Magnitude of W:	52120.418106113	
    Magnitude of B_grad:	0.055206677792499	
    Magnitude of b:	7.2204299147777	

	
    Current index:	69501	
    Magnitude of W_grad:	4.1553703763635	
    Magnitude of W:	52102.9487806	
    Magnitude of B_grad:	0.083857789462119	
    Magnitude of b:	7.2364239765887	

	
    Current index:	79501	
    Magnitude of W_grad:	3.4803969246299	
    Magnitude of W:	52086.337391453	
    Magnitude of B_grad:	0.29094975461931	
    Magnitude of b:	7.0998244796023	

	
SGD: Loss is	
	LOSS:Calculated softmax res	
141003.73990249	
SGD: crossEntropyLoss is	
141003.73990249	
SGD: Validation Accuracy is:	
0.32425068119891	
SGD: Magnitude of W:	
52086.337391453	
SGD: Magnitude of b:	
7.0998244796023	
    Current index:	9501	
    Magnitude of W_grad:	4.9874038073665	
    Magnitude of W:	52069.907271339	
    Magnitude of B_grad:	0.063307744970768	
    Magnitude of b:	6.8676948015257	

	
    Current index:	19501	
    Magnitude of W_grad:	4.7079430008553	
    Magnitude of W:	52052.818204476	
    Magnitude of B_grad:	0.07673575246487	
    Magnitude of b:	7.0917906992652	

	
    Current index:	29501	
    Magnitude of W_grad:	4.1419106306118	
    Magnitude of W:	52036.079957022	
    Magnitude of B_grad:	0.059180030441457	
    Magnitude of b:	7.2709680056927	

	
    Current index:	39501	
    Magnitude of W_grad:	6.8848185663753	
    Magnitude of W:	52018.26835313	
    Magnitude of B_grad:	0.32157451422251	
    Magnitude of b:	7.3871685352097	

	
    Current index:	49501	
    Magnitude of W_grad:	4.5547523372489	
    Magnitude of W:	52001.143243291	
    Magnitude of B_grad:	0.07563084369327	
    Magnitude of b:	7.0944694728147	

	
    Current index:	59501	
    Magnitude of W_grad:	4.4845080754072	
    Magnitude of W:	51983.722912728	
    Magnitude of B_grad:	0.054840146743439	
    Magnitude of b:	7.2174812323332	

	
    Current index:	69501	
    Magnitude of W_grad:	4.1297181904155	
    Magnitude of W:	51966.465993561	
    Magnitude of B_grad:	0.084111798948793	
    Magnitude of b:	7.2346719571287	

	
    Current index:	79501	
    Magnitude of W_grad:	3.4518279647782	
    Magnitude of W:	51949.955484151	
    Magnitude of B_grad:	0.28817776387649	
    Magnitude of b:	7.098562827087	

	
SGD: Loss is	
	LOSS:Calculated softmax res	
140202.31970845	
SGD: crossEntropyLoss is	
140202.31970845	
SGD: Validation Accuracy is:	
0.32243415077203	
SGD: Magnitude of W:	
51949.955484151	
SGD: Magnitude of b:	
7.098562827087	
    Current index:	9501	
    Magnitude of W_grad:	4.9551009852521	
    Magnitude of W:	51933.650703569	
    Magnitude of B_grad:	0.062705490930989	
    Magnitude of b:	6.8640275668499	

	
    Current index:	19501	
    Magnitude of W_grad:	4.6752521399268	
    Magnitude of W:	51916.713983566	
    Magnitude of B_grad:	0.076572865942735	
    Magnitude of b:	7.0874927378496	

	
    Current index:	29501	
    Magnitude of W_grad:	4.1068516382283	
    Magnitude of W:	51900.144794494	
    Magnitude of B_grad:	0.057804110631432	
    Magnitude of b:	7.2675021887738	

	
    Current index:	39501	
    Magnitude of W_grad:	6.8313118548052	
    Magnitude of W:	51882.489927602	
    Magnitude of B_grad:	0.31882751511396	
    Magnitude of b:	7.3835982268219	

	
    Current index:	49501	
    Magnitude of W_grad:	4.5239073997579	
    Magnitude of W:	51865.567783463	
    Magnitude of B_grad:	0.074002169209734	
    Magnitude of b:	7.0905492276747	

	
    Current index:	59501	
    Magnitude of W_grad:	4.4579946503419	
    Magnitude of W:	51848.369048849	
    Magnitude of B_grad:	0.054485544362355	
    Magnitude of b:	7.2146165682725	

	
    Current index:	69501	
    Magnitude of W_grad:	4.1047136255415	
    Magnitude of W:	51831.271831588	
    Magnitude of B_grad:	0.084343117913245	
    Magnitude of b:	7.2330273025703	

	
    Current index:	79501	
    Magnitude of W_grad:	3.4243649880346	
    Magnitude of W:	51814.899681721	
    Magnitude of B_grad:	0.28551174337832	
    Magnitude of b:	7.0973520642131	

	
SGD: Loss is	
	LOSS:Calculated softmax res	
139421.64737774	
SGD: crossEntropyLoss is	
139421.64737774	
SGD: Validation Accuracy is:	
0.32334241598547	
SGD: Magnitude of W:	
51814.899681721	
SGD: Magnitude of b:	
7.0973520642131	
    Current index:	9501	
    Magnitude of W_grad:	4.9244737763058	
    Magnitude of W:	51798.770856566	
    Magnitude of B_grad:	0.062113702509646	
    Magnitude of b:	6.86045574876	

	
    Current index:	19501	
    Magnitude of W_grad:	4.6431371107109	
    Magnitude of W:	51781.972778984	
    Magnitude of B_grad:	0.076398921463698	
    Magnitude of b:	7.0832905002474	

	
    Current index:	29501	
    Magnitude of W_grad:	4.0724873535791	
    Magnitude of W:	51765.560213476	
    Magnitude of B_grad:	0.056434749182552	
    Magnitude of b:	7.2641392911807	

	
    Current index:	39501	
    Magnitude of W_grad:	6.7783498298256	
    Magnitude of W:	51748.089069097	
    Magnitude of B_grad:	0.31615820149066	
    Magnitude of b:	7.3801691745367	

	
    Current index:	49501	
    Magnitude of W_grad:	4.4940021168344	
    Magnitude of W:	51731.381593635	
    Magnitude of B_grad:	0.072420636912116	
    Magnitude of b:	7.0867618302394	

	
    Current index:	59501	
    Magnitude of W_grad:	4.4322872798131	
    Magnitude of W:	51714.367617477	
    Magnitude of B_grad:	0.054142363265278	
    Magnitude of b:	7.2118347792393	

	
    Current index:	69501	
    Magnitude of W_grad:	4.080391734296	
    Magnitude of W:	51697.442135509	
    Magnitude of B_grad:	0.084552742605746	
    Magnitude of b:	7.2314839162741	

	
    Current index:	79501	
    Magnitude of W_grad:	3.3980808136209	
    Magnitude of W:	51681.182653339	
    Magnitude of B_grad:	0.28294595281151	
    Magnitude of b:	7.0961918287757	

	
SGD: Loss is	
	LOSS:Calculated softmax res	
138660.81526469	
SGD: crossEntropyLoss is	
138660.81526469	
SGD: Validation Accuracy is:	
0.32788374205268	
SGD: Magnitude of W:	
51681.182653339	
SGD: Magnitude of b:	
7.0961918287757	
    Current index:	9501	
    Magnitude of W_grad:	4.8945956583863	
    Magnitude of W:	51665.238389551	
    Magnitude of B_grad:	0.061533706797942	
    Magnitude of b:	6.8569779904357	

	
    Current index:	19501	
    Magnitude of W_grad:	4.6119174736164	
    Magnitude of W:	51648.568414512	
    Magnitude of B_grad:	0.076214456140784	
    Magnitude of b:	7.0791819837761	

	
    Current index:	29501	
    Magnitude of W_grad:	4.0390860775352	
    Magnitude of W:	51632.30677454	
    Magnitude of B_grad:	0.055074667118152	
    Magnitude of b:	7.2608701022851	

	
    Current index:	39501	
    Magnitude of W_grad:	6.7260466722995	
    Magnitude of W:	51615.042990573	
    Magnitude of B_grad:	0.31356283894982	
    Magnitude of b:	7.3768749236489	

	
    Current index:	49501	
    Magnitude of W_grad:	4.4650039508934	
    Magnitude of W:	51598.535184859	
    Magnitude of B_grad:	0.070884222321221	
    Magnitude of b:	7.0831048115962	

	
    Current index:	59501	
    Magnitude of W_grad:	4.4073005503913	
    Magnitude of W:	51581.650505065	
    Magnitude of B_grad:	0.053810133870117	
    Magnitude of b:	7.2091342741145	

	
    Current index:	69501	
    Magnitude of W_grad:	4.0567904817192	
    Magnitude of W:	51564.91469179	
    Magnitude of B_grad:	0.084741426300403	
    Magnitude of b:	7.2300359250229	

	
    Current index:	79501	
    Magnitude of W_grad:	3.3730009517805	
    Magnitude of W:	51548.740758306	
    Magnitude of B_grad:	0.28047502398752	
    Magnitude of b:	7.0950810539013	

	
SGD: Loss is	
	LOSS:Calculated softmax res	
137918.96514463	
SGD: crossEntropyLoss is	
137918.96514463	
SGD: Validation Accuracy is:	
0.32697547683924	
SGD: Magnitude of W:	
51548.740758306	
SGD: Magnitude of b:	
7.0950810539013	
    Current index:	9501	
    Magnitude of W_grad:	4.8652095889323	
    Magnitude of W:	51532.888540165	
    Magnitude of B_grad:	0.060966617937292	
    Magnitude of b:	6.8535923091016	

	
    Current index:	19501	
    Magnitude of W_grad:	4.5810956278435	
    Magnitude of W:	51516.356914865	
    Magnitude of B_grad:	0.076020072094979	
    Magnitude of b:	7.0751647324606	

	
    Current index:	29501	
    Magnitude of W_grad:	4.0063927429557	
    Magnitude of W:	51500.24213077	
    Magnitude of B_grad:	0.053726299581229	
    Magnitude of b:	7.2576864728047	

	
    Current index:	39501	
    Magnitude of W_grad:	6.6742659203859	
    Magnitude of W:	51483.196243117	
    Magnitude of B_grad:	0.31103792586206	
    Magnitude of b:	7.3737088756078	

	
    Current index:	49501	
    Magnitude of W_grad:	4.4365925098545	
    Magnitude of W:	51466.859302405	
    Magnitude of B_grad:	0.069391026824579	
    Magnitude of b:	7.0795751364884	

	
    Current index:	59501	
    Magnitude of W_grad:	4.3831587250133	
    Magnitude of W:	51450.138062895	
    Magnitude of B_grad:	0.05348842163631	
    Magnitude of b:	7.2065130395512	

	
    Current index:	69501	
    Magnitude of W_grad:	4.0337647384982	
    Magnitude of W:	51433.60603811	
    Magnitude of B_grad:	0.084909734848723	
    Magnitude of b:	7.2286776499147	

	
    Current index:	79501	
    Magnitude of W_grad:	3.3487981472315	
    Magnitude of W:	51417.586727116	
    Magnitude of B_grad:	0.27809392647922	
    Magnitude of b:	7.0940180512707	

	
Done.	
Testing on validation set...	
Done	
Datafile:	/n/home09/ankitgupta/CS287/HW1/SST1-uni.hdf5	Classifier:	lr	Alpha:	0	Eta:	1	Lambda:	1	Minibatch size:	500	Num Epochs:	50	Minimum Sentence Length:	5	
Accuracy:	0.32606721162579	
