[?1034hDatafile:	/n/home09/ankitgupta/CS287/HW1/SST1-uni-syns.hdf5	Classifier:	hinge	Alpha:	0	Eta:	0.5	Lambda:	3	Minibatch size:	500	Num Epochs:	15	Minimum Sentence Length:	5	
Note that not all parameters may apply to all classifiers	
Loading datafiles...	
Number of training samples before removing small sentences	156817	
Number of training samples after removing small sentences	142717	
Done.	
Training classifier...	
Parameters are:	
Eta:	
0.5	
Lambda:	
3	
Minibatch size:	
500	
Number of Epochs	
15	
SGD: Hinge Loss is	
1912614.1167626	
SGD: Validation Accuracy is:	
0.16712079927339	
SGD: Magnitude of W:	
184671.82892927	
SGD: Magnitude of b:	
1.9983755424041	
    Current index:	9501	
    Magnitude of W_grad:	51.080000000003	
    Magnitude of W:	184590.69069532	
    Magnitude of B_grad:	0.352	
    Magnitude of b:	5.6797974155845	

	
    Current index:	19501	
    Magnitude of W_grad:	41.596000000001	
    Magnitude of W:	184508.09161137	
    Magnitude of B_grad:	0.18	
    Magnitude of b:	7.7663696830118	

	
    Current index:	29501	
    Magnitude of W_grad:	34.784	
    Magnitude of W:	184430.97129336	
    Magnitude of B_grad:	0.26	
    Magnitude of b:	8.8286271245592	

	
    Current index:	39501	
    Magnitude of W_grad:	52.184000000002	
    Magnitude of W:	184355.83211697	
    Magnitude of B_grad:	0.196	
    Magnitude of b:	9.7626503447526	

	
    Current index:	49501	
    Magnitude of W_grad:	45.448000000001	
    Magnitude of W:	184281.45104261	
    Magnitude of B_grad:	0.064	
    Magnitude of b:	10.420530845559	

	
    Current index:	59501	
    Magnitude of W_grad:	35.972	
    Magnitude of W:	184210.346329	
    Magnitude of B_grad:	0.216	
    Magnitude of b:	11.13825806125	

	
    Current index:	69501	
    Magnitude of W_grad:	47.752000000001	
    Magnitude of W:	184139.50881214	
    Magnitude of B_grad:	0.208	
    Magnitude of b:	11.475872970965	

	
    Current index:	79501	
    Magnitude of W_grad:	43.996	
    Magnitude of W:	184062.24252523	
    Magnitude of B_grad:	0.288	
    Magnitude of b:	10.015565779334	

	
    Current index:	89501	
    Magnitude of W_grad:	40.244000000001	
    Magnitude of W:	183984.07155025	
    Magnitude of B_grad:	0.196	
    Magnitude of b:	10.033764933291	

	
    Current index:	99501	
    Magnitude of W_grad:	44.628000000002	
    Magnitude of W:	183910.77993654	
    Magnitude of B_grad:	0.132	
    Magnitude of b:	11.103563372516	

	
    Current index:	109501	
    Magnitude of W_grad:	45.840000000002	
    Magnitude of W:	183837.30411157	
    Magnitude of B_grad:	0.104	
    Magnitude of b:	11.509187949648	

	
    Current index:	119501	
    Magnitude of W_grad:	45.696000000002	
    Magnitude of W:	183767.36276725	
    Magnitude of B_grad:	0.092	
    Magnitude of b:	11.814748247154	

	
    Current index:	129501	
    Magnitude of W_grad:	38.680000000001	
    Magnitude of W:	183695.87567366	
    Magnitude of B_grad:	0.216	
    Magnitude of b:	12.076269080583	

	
    Current index:	139501	
    Magnitude of W_grad:	43.752000000001	
    Magnitude of W:	183626.95465052	
    Magnitude of B_grad:	0.16	
    Magnitude of b:	12.245697154274	

	
SGD: Hinge Loss is	
1385992.5998231	
SGD: Validation Accuracy is:	
0.23524069028156	
SGD: Magnitude of W:	
183606.78631935	
SGD: Magnitude of b:	
11.443385358593	
    Current index:	9501	
    Magnitude of W_grad:	43.072000000002	
    Magnitude of W:	183543.7518189	
    Magnitude of B_grad:	0.212	
    Magnitude of b:	10.69293881724	

	
    Current index:	19501	
    Magnitude of W_grad:	41.736000000001	
    Magnitude of W:	183476.84053817	
    Magnitude of B_grad:	0.108	
    Magnitude of b:	11.208636270034	

	
    Current index:	29501	
    Magnitude of W_grad:	33.344	
    Magnitude of W:	183410.90239402	
    Magnitude of B_grad:	0.264	
    Magnitude of b:	11.616246056397	

	
    Current index:	39501	
    Magnitude of W_grad:	46.644000000002	
    Magnitude of W:	183347.50711952	
    Magnitude of B_grad:	0.108	
    Magnitude of b:	11.767773132991	

	
    Current index:	49501	
    Magnitude of W_grad:	45.392000000001	
    Magnitude of W:	183283.10539108	
    Magnitude of B_grad:	0.1	
    Magnitude of b:	12.04326842393	

	
    Current index:	59501	
    Magnitude of W_grad:	31.684	
    Magnitude of W:	183220.81264716	
    Magnitude of B_grad:	0.196	
    Magnitude of b:	12.472687564458	

	
    Current index:	69501	
    Magnitude of W_grad:	41.460000000001	
    Magnitude of W:	183158.21800744	
    Magnitude of B_grad:	0.14	
    Magnitude of b:	12.570045685814	

	
    Current index:	79501	
    Magnitude of W_grad:	46.332000000001	
    Magnitude of W:	183092.13562366	
    Magnitude of B_grad:	0.232	
    Magnitude of b:	11.235274409529	

	
    Current index:	89501	
    Magnitude of W_grad:	41.280000000001	
    Magnitude of W:	183025.63926256	
    Magnitude of B_grad:	0.2	
    Magnitude of b:	10.978947728593	

	
    Current index:	99501	
    Magnitude of W_grad:	38.284000000001	
    Magnitude of W:	182961.066694	
    Magnitude of B_grad:	0.128	
    Magnitude of b:	11.37773848526	

	
    Current index:	109501	
    Magnitude of W_grad:	39.076000000001	
    Magnitude of W:	182896.53198701	
    Magnitude of B_grad:	0.088	
    Magnitude of b:	11.537337531107	

	
    Current index:	119501	
    Magnitude of W_grad:	42.848000000001	
    Magnitude of W:	182832.92909158	
    Magnitude of B_grad:	0.08	
    Magnitude of b:	11.640906877781	

	
    Current index:	129501	
    Magnitude of W_grad:	36.676000000001	
    Magnitude of W:	182768.46571549	
    Magnitude of B_grad:	0.228	
    Magnitude of b:	11.734487497329	

	
    Current index:	139501	
    Magnitude of W_grad:	42.980000000001	
    Magnitude of W:	182705.58386287	
    Magnitude of B_grad:	0.16	
    Magnitude of b:	11.830000713619	

	
SGD: Hinge Loss is	
1268882.8451245	
SGD: Validation Accuracy is:	
0.26975476839237	
SGD: Magnitude of W:	
182687.48774697	
SGD: Magnitude of b:	
11.15158088591	
    Current index:	9501	
    Magnitude of W_grad:	41.556000000002	
    Magnitude of W:	182629.47143944	
    Magnitude of B_grad:	0.228	
    Magnitude of b:	10.9821906351	

	
    Current index:	19501	
    Magnitude of W_grad:	36.936000000001	
    Magnitude of W:	182567.43680352	
    Magnitude of B_grad:	0.092	
    Magnitude of b:	11.289844527269	

	
    Current index:	29501	
    Magnitude of W_grad:	31.028	
    Magnitude of W:	182504.66845128	
    Magnitude of B_grad:	0.232	
    Magnitude of b:	11.761433839611	

	
    Current index:	39501	
    Magnitude of W_grad:	42.424000000001	
    Magnitude of W:	182445.00836193	
    Magnitude of B_grad:	0.112	
    Magnitude of b:	11.716947887899	

	
    Current index:	49501	
    Magnitude of W_grad:	44.528000000001	
    Magnitude of W:	182384.69251717	
    Magnitude of B_grad:	0.104	
    Magnitude of b:	11.992456594048	

	
    Current index:	59501	
    Magnitude of W_grad:	29.832	
    Magnitude of W:	182325.68108136	
    Magnitude of B_grad:	0.144	
    Magnitude of b:	12.343900770218	

	
    Current index:	69501	
    Magnitude of W_grad:	40.404	
    Magnitude of W:	182266.35574278	
    Magnitude of B_grad:	0.164	
    Magnitude of b:	12.407290521784	

	
    Current index:	79501	
    Magnitude of W_grad:	47.004	
    Magnitude of W:	182204.84323737	
    Magnitude of B_grad:	0.224	
    Magnitude of b:	11.334989326168	

	
    Current index:	89501	
    Magnitude of W_grad:	39.712000000001	
    Magnitude of W:	182142.58313897	
    Magnitude of B_grad:	0.176	
    Magnitude of b:	11.148632732193	

	
    Current index:	99501	
    Magnitude of W_grad:	34.392000000001	
    Magnitude of W:	182081.60314565	
    Magnitude of B_grad:	0.096	
    Magnitude of b:	11.388271419857	

	
    Current index:	109501	
    Magnitude of W_grad:	36.160000000001	
    Magnitude of W:	182020.60724978	
    Magnitude of B_grad:	0.076	
    Magnitude of b:	11.533885991294	

	
    Current index:	119501	
    Magnitude of W_grad:	41.660000000001	
    Magnitude of W:	181960.02962672	
    Magnitude of B_grad:	0.068	
    Magnitude of b:	11.529476346717	

	
    Current index:	129501	
    Magnitude of W_grad:	34.448	
    Magnitude of W:	181899.37467717	
    Magnitude of B_grad:	0.168	
    Magnitude of b:	11.613071159705	

	
    Current index:	139501	
    Magnitude of W_grad:	43.016000000001	
    Magnitude of W:	181839.54637457	
    Magnitude of B_grad:	0.088	
    Magnitude of b:	11.702620426514	

	
SGD: Hinge Loss is	
1197885.1459601	
SGD: Validation Accuracy is:	
0.2724795640327	
SGD: Magnitude of W:	
181822.29656351	
SGD: Magnitude of b:	
11.163470695248	
    Current index:	9501	
    Magnitude of W_grad:	39.428000000001	
    Magnitude of W:	181767.18322568	
    Magnitude of B_grad:	0.204	
    Magnitude of b:	10.885146494996	

	
    Current index:	19501	
    Magnitude of W_grad:	30.62	
    Magnitude of W:	181707.99006167	
    Magnitude of B_grad:	0.064	
    Magnitude of b:	11.097333065514	

	
    Current index:	29501	
    Magnitude of W_grad:	30.676	
    Magnitude of W:	181648.5871596	
    Magnitude of B_grad:	0.236	
    Magnitude of b:	11.508968411006	

	
    Current index:	39501	
    Magnitude of W_grad:	45.296000000002	
    Magnitude of W:	181591.59757206	
    Magnitude of B_grad:	0.104	
    Magnitude of b:	11.44053352715	

	
    Current index:	49501	
    Magnitude of W_grad:	45.216000000001	
    Magnitude of W:	181533.86606564	
    Magnitude of B_grad:	0.132	
    Magnitude of b:	11.658108192621	

	
    Current index:	59501	
    Magnitude of W_grad:	29.996	
    Magnitude of W:	181477.45811175	
    Magnitude of B_grad:	0.128	
    Magnitude of b:	12.003618209018	

	
    Current index:	69501	
    Magnitude of W_grad:	39.248	
    Magnitude of W:	181420.57401487	
    Magnitude of B_grad:	0.176	
    Magnitude of b:	12.089081500703	

	
    Current index:	79501	
    Magnitude of W_grad:	45.94	
    Magnitude of W:	181361.46209763	
    Magnitude of B_grad:	0.204	
    Magnitude of b:	11.234909488885	

	
    Current index:	89501	
    Magnitude of W_grad:	38.892000000001	
    Magnitude of W:	181302.74350355	
    Magnitude of B_grad:	0.164	
    Magnitude of b:	11.072568002925	

	
    Current index:	99501	
    Magnitude of W_grad:	32.58	
    Magnitude of W:	181244.21468292	
    Magnitude of B_grad:	0.088	
    Magnitude of b:	11.26822660888	

	
    Current index:	109501	
    Magnitude of W_grad:	37.32	
    Magnitude of W:	181185.84176159	
    Magnitude of B_grad:	0.1	
    Magnitude of b:	11.405868534951	

	
    Current index:	119501	
    Magnitude of W_grad:	40.936000000001	
    Magnitude of W:	181127.88045899	
    Magnitude of B_grad:	0.06	
    Magnitude of b:	11.399488572178	

	
    Current index:	129501	
    Magnitude of W_grad:	34.276	
    Magnitude of W:	181070.42137052	
    Magnitude of B_grad:	0.168	
    Magnitude of b:	11.443112934744	

	
    Current index:	139501	
    Magnitude of W_grad:	42.272000000002	
    Magnitude of W:	181013.68178777	
    Magnitude of B_grad:	0.072	
    Magnitude of b:	11.492700257487	

	
SGD: Hinge Loss is	
1148013.8442197	
SGD: Validation Accuracy is:	
0.27883742052679	
SGD: Magnitude of W:	
180997.30307965	
SGD: Magnitude of b:	
10.982604755021	
    Current index:	9501	
    Magnitude of W_grad:	37.320000000001	
    Magnitude of W:	180944.12216297	
    Magnitude of B_grad:	0.192	
    Magnitude of b:	10.720316257955	

	
    Current index:	19501	
    Magnitude of W_grad:	29.992	
    Magnitude of W:	180887.08737911	
    Magnitude of B_grad:	0.104	
    Magnitude of b:	10.803452401072	

	
    Current index:	29501	
    Magnitude of W_grad:	30.512	
    Magnitude of W:	180830.281301	
    Magnitude of B_grad:	0.2	
    Magnitude of b:	11.225145648349	

	
    Current index:	39501	
    Magnitude of W_grad:	44.592000000002	
    Magnitude of W:	180775.05219788	
    Magnitude of B_grad:	0.068	
    Magnitude of b:	11.126768864707	

	
    Current index:	49501	
    Magnitude of W_grad:	45.992000000001	
    Magnitude of W:	180718.99454199	
    Magnitude of B_grad:	0.168	
    Magnitude of b:	11.34641170689	

	
    Current index:	59501	
    Magnitude of W_grad:	29.78	
    Magnitude of W:	180663.99036327	
    Magnitude of B_grad:	0.12	
    Magnitude of b:	11.701989318066	

	
    Current index:	69501	
    Magnitude of W_grad:	36.176	
    Magnitude of W:	180609.06959129	
    Magnitude of B_grad:	0.204	
    Magnitude of b:	11.775518109497	

	
    Current index:	79501	
    Magnitude of W_grad:	44.244000000001	
    Magnitude of W:	180552.04100713	
    Magnitude of B_grad:	0.192	
    Magnitude of b:	11.096333936921	

	
    Current index:	89501	
    Magnitude of W_grad:	38.92	
    Magnitude of W:	180495.62727503	
    Magnitude of B_grad:	0.216	
    Magnitude of b:	10.886028492736	

	
    Current index:	99501	
    Magnitude of W_grad:	31.944	
    Magnitude of W:	180438.72098704	
    Magnitude of B_grad:	0.112	
    Magnitude of b:	11.073727378438	

	
    Current index:	109501	
    Magnitude of W_grad:	38.312	
    Magnitude of W:	180382.17372111	
    Magnitude of B_grad:	0.116	
    Magnitude of b:	11.191410668934	

	
    Current index:	119501	
    Magnitude of W_grad:	39.716000000001	
    Magnitude of W:	180326.22075582	
    Magnitude of B_grad:	0.044	
    Magnitude of b:	11.181076685811	

	
    Current index:	129501	
    Magnitude of W_grad:	33.152	
    Magnitude of W:	180270.71413901	
    Magnitude of B_grad:	0.136	
    Magnitude of b:	11.184751453426	

	
    Current index:	139501	
    Magnitude of W_grad:	41.836000000001	
    Magnitude of W:	180215.43535419	
    Magnitude of B_grad:	0.076	
    Magnitude of b:	11.248390599747	

	
SGD: Hinge Loss is	
1108341.5090242	
SGD: Validation Accuracy is:	
0.28337874659401	
SGD: Magnitude of W:	
180199.53861637	
SGD: Magnitude of b:	
10.729702923252	
    Current index:	9501	
    Magnitude of W_grad:	35.728000000001	
    Magnitude of W:	180148.10426235	
    Magnitude of B_grad:	0.188	
    Magnitude of b:	10.499470251806	

	
    Current index:	19501	
    Magnitude of W_grad:	30.216	
    Magnitude of W:	180092.87133414	
    Magnitude of B_grad:	0.112	
    Magnitude of b:	10.525348998854	

	
    Current index:	29501	
    Magnitude of W_grad:	30.112	
    Magnitude of W:	180037.84024395	
    Magnitude of B_grad:	0.16	
    Magnitude of b:	10.911106206271	

	
    Current index:	39501	
    Magnitude of W_grad:	44.196000000001	
    Magnitude of W:	179984.21000355	
    Magnitude of B_grad:	0.072	
    Magnitude of b:	10.796798497902	

	
    Current index:	49501	
    Magnitude of W_grad:	45.424000000001	
    Magnitude of W:	179929.84920504	
    Magnitude of B_grad:	0.188	
    Magnitude of b:	11.012509370795	

	
    Current index:	59501	
    Magnitude of W_grad:	29.76	
    Magnitude of W:	179876.0925762	
    Magnitude of B_grad:	0.084	
    Magnitude of b:	11.362160253126	

	
    Current index:	69501	
    Magnitude of W_grad:	36.552	
    Magnitude of W:	179822.61194209	
    Magnitude of B_grad:	0.208	
    Magnitude of b:	11.455758033461	

	
    Current index:	79501	
    Magnitude of W_grad:	41.976000000001	
    Magnitude of W:	179766.76263135	
    Magnitude of B_grad:	0.22	
    Magnitude of b:	10.849813495642	

	
    Current index:	89501	
    Magnitude of W_grad:	39.764000000001	
    Magnitude of W:	179711.69172716	
    Magnitude of B_grad:	0.164	
    Magnitude of b:	10.641555158234	

	
    Current index:	99501	
    Magnitude of W_grad:	32.236	
    Magnitude of W:	179656.49319277	
    Magnitude of B_grad:	0.108	
    Magnitude of b:	10.863301813321	

	
    Current index:	109501	
    Magnitude of W_grad:	38.468000000001	
    Magnitude of W:	179601.30752251	
    Magnitude of B_grad:	0.132	
    Magnitude of b:	10.975028953767	

	
    Current index:	119501	
    Magnitude of W_grad:	39.116000000001	
    Magnitude of W:	179546.4938437	
    Magnitude of B_grad:	0.048	
    Magnitude of b:	10.986736646485	

	
    Current index:	129501	
    Magnitude of W_grad:	32.928	
    Magnitude of W:	179492.05767411	
    Magnitude of B_grad:	0.132	
    Magnitude of b:	11.01044803672	

	
    Current index:	139501	
    Magnitude of W_grad:	42.508000000001	
    Magnitude of W:	179437.81990065	
    Magnitude of B_grad:	0.064	
    Magnitude of b:	11.048125836937	

	
SGD: Hinge Loss is	
1075016.9647197	
SGD: Validation Accuracy is:	
0.28610354223433	
SGD: Magnitude of W:	
179422.52235067	
SGD: Magnitude of b:	
10.54927544275	
    Current index:	9501	
    Magnitude of W_grad:	36.056000000001	
    Magnitude of W:	179372.06808031	
    Magnitude of B_grad:	0.224	
    Magnitude of b:	10.317079097098	

	
    Current index:	19501	
    Magnitude of W_grad:	30.004	
    Magnitude of W:	179318.48644847	
    Magnitude of B_grad:	0.112	
    Magnitude of b:	10.306257380385	

	
    Current index:	29501	
    Magnitude of W_grad:	30.796	
    Magnitude of W:	179265.28967505	
    Magnitude of B_grad:	0.16	
    Magnitude of b:	10.658066522963	

	
    Current index:	39501	
    Magnitude of W_grad:	41.260000000001	
    Magnitude of W:	179213.22964708	
    Magnitude of B_grad:	0.064	
    Magnitude of b:	10.549814017576	

	
    Current index:	49501	
    Magnitude of W_grad:	43.004000000001	
    Magnitude of W:	179160.7688304	
    Magnitude of B_grad:	0.168	
    Magnitude of b:	10.727580691525	

	
    Current index:	59501	
    Magnitude of W_grad:	29.256	
    Magnitude of W:	179107.8882854	
    Magnitude of B_grad:	0.104	
    Magnitude of b:	11.057293542574	

	
    Current index:	69501	
    Magnitude of W_grad:	36.38	
    Magnitude of W:	179055.80962412	
    Magnitude of B_grad:	0.196	
    Magnitude of b:	11.162955821746	

	
    Current index:	79501	
    Magnitude of W_grad:	41.044	
    Magnitude of W:	179001.48987766	
    Magnitude of B_grad:	0.192	
    Magnitude of b:	10.597719380125	

	
    Current index:	89501	
    Magnitude of W_grad:	39.636000000001	
    Magnitude of W:	178947.68437941	
    Magnitude of B_grad:	0.18	
    Magnitude of b:	10.391509951529	

	
    Current index:	99501	
    Magnitude of W_grad:	32.272	
    Magnitude of W:	178893.5466991	
    Magnitude of B_grad:	0.096	
    Magnitude of b:	10.639305673247	

	
    Current index:	109501	
    Magnitude of W_grad:	40.600000000001	
    Magnitude of W:	178839.78397809	
    Magnitude of B_grad:	0.152	
    Magnitude of b:	10.725081681059	

	
    Current index:	119501	
    Magnitude of W_grad:	38.816000000002	
    Magnitude of W:	178786.34042953	
    Magnitude of B_grad:	0.044	
    Magnitude of b:	10.766835498252	

	
    Current index:	129501	
    Magnitude of W_grad:	32.159999999999	
    Magnitude of W:	178732.98713549	
    Magnitude of B_grad:	0.108	
    Magnitude of b:	10.776597900732	

	
    Current index:	139501	
    Magnitude of W_grad:	43.148000000001	
    Magnitude of W:	178679.80265012	
    Magnitude of B_grad:	0.076	
    Magnitude of b:	10.804327858446	

	
SGD: Hinge Loss is	
1047544.5194918	
SGD: Validation Accuracy is:	
0.29064486830154	
SGD: Magnitude of W:	
178665.05892392	
SGD: Magnitude of b:	
10.317926417317	
    Current index:	9501	
    Magnitude of W_grad:	36.04	
    Magnitude of W:	178615.53681458	
    Magnitude of B_grad:	0.244	
    Magnitude of b:	10.123774641112	

	
    Current index:	19501	
    Magnitude of W_grad:	30.248	
    Magnitude of W:	178562.9382294	
    Magnitude of B_grad:	0.108	
    Magnitude of b:	10.082332439806	

	
    Current index:	29501	
    Magnitude of W_grad:	29.856	
    Magnitude of W:	178511.20859654	
    Magnitude of B_grad:	0.148	
    Magnitude of b:	10.430188164571	

	
    Current index:	39501	
    Magnitude of W_grad:	41.888	
    Magnitude of W:	178460.17612849	
    Magnitude of B_grad:	0.06	
    Magnitude of b:	10.321982231761	

	
    Current index:	49501	
    Magnitude of W_grad:	43.140000000002	
    Magnitude of W:	178409.1270141	
    Magnitude of B_grad:	0.18	
    Magnitude of b:	10.451797843692	

	
    Current index:	59501	
    Magnitude of W_grad:	29.448	
    Magnitude of W:	178357.67194804	
    Magnitude of B_grad:	0.1	
    Magnitude of b:	10.783568597138	

	
    Current index:	69501	
    Magnitude of W_grad:	37.668	
    Magnitude of W:	178305.89587556	
    Magnitude of B_grad:	0.144	
    Magnitude of b:	10.871290195756	

	
    Current index:	79501	
    Magnitude of W_grad:	40.824000000001	
    Magnitude of W:	178251.98277241	
    Magnitude of B_grad:	0.172	
    Magnitude of b:	10.380693677523	

	
    Current index:	89501	
    Magnitude of W_grad:	39.108000000001	
    Magnitude of W:	178199.11025978	
    Magnitude of B_grad:	0.192	
    Magnitude of b:	10.200527300191	

	
    Current index:	99501	
    Magnitude of W_grad:	33.600000000001	
    Magnitude of W:	178146.07034974	
    Magnitude of B_grad:	0.104	
    Magnitude of b:	10.440364046452	

	
    Current index:	109501	
    Magnitude of W_grad:	39.972000000001	
    Magnitude of W:	178093.55904023	
    Magnitude of B_grad:	0.188	
    Magnitude of b:	10.530181091094	

	
    Current index:	119501	
    Magnitude of W_grad:	38.788000000001	
    Magnitude of W:	178041.55377495	
    Magnitude of B_grad:	0.06	
    Magnitude of b:	10.559977050584	

	
    Current index:	129501	
    Magnitude of W_grad:	32.532	
    Magnitude of W:	177989.09890064	
    Magnitude of B_grad:	0.116	
    Magnitude of b:	10.569783415068	

	
    Current index:	139501	
    Magnitude of W_grad:	42.140000000002	
    Magnitude of W:	177937.15749703	
    Magnitude of B_grad:	0.092	
    Magnitude of b:	10.595555580938	

	
SGD: Hinge Loss is	
1023089.81206	
SGD: Validation Accuracy is:	
0.29427792915531	
SGD: Magnitude of W:	
177922.79988446	
SGD: Magnitude of b:	
10.091951114552	
    Current index:	9501	
    Magnitude of W_grad:	35.528000000001	
    Magnitude of W:	177873.90032034	
    Magnitude of B_grad:	0.24	
    Magnitude of b:	9.9098442077172	

	
    Current index:	19501	
    Magnitude of W_grad:	30.38	
    Magnitude of W:	177822.56551664	
    Magnitude of B_grad:	0.096	
    Magnitude of b:	9.8870255979511	

	
    Current index:	29501	
    Magnitude of W_grad:	28.42	
    Magnitude of W:	177771.96468755	
    Magnitude of B_grad:	0.124	
    Magnitude of b:	10.220924475353	

	
    Current index:	39501	
    Magnitude of W_grad:	40.008	
    Magnitude of W:	177721.91905163	
    Magnitude of B_grad:	0.064	
    Magnitude of b:	10.128762715848	

	
    Current index:	49501	
    Magnitude of W_grad:	41.336000000001	
    Magnitude of W:	177671.91288603	
    Magnitude of B_grad:	0.192	
    Magnitude of b:	10.200624530745	

	
    Current index:	59501	
    Magnitude of W_grad:	30.188	
    Magnitude of W:	177621.23610819	
    Magnitude of B_grad:	0.096	
    Magnitude of b:	10.556448455421	

	
    Current index:	69501	
    Magnitude of W_grad:	36.976	
    Magnitude of W:	177570.48161213	
    Magnitude of B_grad:	0.152	
    Magnitude of b:	10.642219535807	

	
    Current index:	79501	
    Magnitude of W_grad:	39.264000000001	
    Magnitude of W:	177517.47748503	
    Magnitude of B_grad:	0.16	
    Magnitude of b:	10.21305181761	

	
    Current index:	89501	
    Magnitude of W_grad:	38.280000000001	
    Magnitude of W:	177465.92223257	
    Magnitude of B_grad:	0.204	
    Magnitude of b:	10.030923429556	

	
    Current index:	99501	
    Magnitude of W_grad:	33.632000000001	
    Magnitude of W:	177414.22107364	
    Magnitude of B_grad:	0.108	
    Magnitude of b:	10.270796412491	

	
    Current index:	109501	
    Magnitude of W_grad:	40.340000000001	
    Magnitude of W:	177362.79798863	
    Magnitude of B_grad:	0.204	
    Magnitude of b:	10.316653469806	

	
    Current index:	119501	
    Magnitude of W_grad:	38.724000000001	
    Magnitude of W:	177311.7286631	
    Magnitude of B_grad:	0.068	
    Magnitude of b:	10.374489874637	

	
    Current index:	129501	
    Magnitude of W_grad:	32.3	
    Magnitude of W:	177259.74137492	
    Magnitude of B_grad:	0.128	
    Magnitude of b:	10.396336108566	

	
    Current index:	139501	
    Magnitude of W_grad:	41.068000000001	
    Magnitude of W:	177209.17002642	
    Magnitude of B_grad:	0.108	
    Magnitude of b:	10.402146790364	

	
SGD: Hinge Loss is	
1001007.2878146	
SGD: Validation Accuracy is:	
0.30790190735695	
SGD: Magnitude of W:	
177195.1399575	
SGD: Magnitude of b:	
9.8931633197922	
    Current index:	9501	
    Magnitude of W_grad:	35.224	
    Magnitude of W:	177146.72883904	
    Magnitude of B_grad:	0.232	
    Magnitude of b:	9.7530937811732	

	
    Current index:	19501	
    Magnitude of W_grad:	31.1	
    Magnitude of W:	177096.49090673	
    Magnitude of B_grad:	0.112	
    Magnitude of b:	9.7348850357326	

	
    Current index:	29501	
    Magnitude of W_grad:	27.668	
    Magnitude of W:	177046.68658433	
    Magnitude of B_grad:	0.104	
    Magnitude of b:	10.032818938526	

	
    Current index:	39501	
    Magnitude of W_grad:	40.064	
    Magnitude of W:	176997.12233732	
    Magnitude of B_grad:	0.076	
    Magnitude of b:	9.9146982714913	

	
    Current index:	49501	
    Magnitude of W_grad:	40.544000000001	
    Magnitude of W:	176948.0194224	
    Magnitude of B_grad:	0.18	
    Magnitude of b:	9.9866037974329	

	
    Current index:	59501	
    Magnitude of W_grad:	29.256	
    Magnitude of W:	176898.29221983	
    Magnitude of B_grad:	0.096	
    Magnitude of b:	10.356472180663	

	
    Current index:	69501	
    Magnitude of W_grad:	36.492000000001	
    Magnitude of W:	176848.33549253	
    Magnitude of B_grad:	0.132	
    Magnitude of b:	10.452285103847	

	
    Current index:	79501	
    Magnitude of W_grad:	39.564000000001	
    Magnitude of W:	176796.28427925	
    Magnitude of B_grad:	0.152	
    Magnitude of b:	10.050540317335	

	
    Current index:	89501	
    Magnitude of W_grad:	37.980000000001	
    Magnitude of W:	176745.46784336	
    Magnitude of B_grad:	0.188	
    Magnitude of b:	9.8944431020723	

	
    Current index:	99501	
    Magnitude of W_grad:	34.644000000001	
    Magnitude of W:	176694.80523893	
    Magnitude of B_grad:	0.104	
    Magnitude of b:	10.11434720937	

	
    Current index:	109501	
    Magnitude of W_grad:	39.216000000001	
    Magnitude of W:	176644.10944835	
    Magnitude of B_grad:	0.192	
    Magnitude of b:	10.154234837941	

	
    Current index:	119501	
    Magnitude of W_grad:	36.776000000001	
    Magnitude of W:	176593.94532715	
    Magnitude of B_grad:	0.06	
    Magnitude of b:	10.210104729222	

	
    Current index:	129501	
    Magnitude of W_grad:	32.88	
    Magnitude of W:	176543.20345066	
    Magnitude of B_grad:	0.112	
    Magnitude of b:	10.23198561958	

	
    Current index:	139501	
    Magnitude of W_grad:	42.040000000002	
    Magnitude of W:	176493.64549761	
    Magnitude of B_grad:	0.112	
    Magnitude of b:	10.249827293236	

	
SGD: Hinge Loss is	
981486.69158503	
SGD: Validation Accuracy is:	
0.30881017257039	
SGD: Magnitude of W:	
176479.86510193	
SGD: Magnitude of b:	
9.7170286692936	
    Current index:	9501	
    Magnitude of W_grad:	35.436	
    Magnitude of W:	176431.80309839	
    Magnitude of B_grad:	0.248	
    Magnitude of b:	9.6109943438847	

	
    Current index:	19501	
    Magnitude of W_grad:	30.828	
    Magnitude of W:	176382.53958737	
    Magnitude of B_grad:	0.132	
    Magnitude of b:	9.5506160309709	

	
    Current index:	29501	
    Magnitude of W_grad:	28.468	
    Magnitude of W:	176333.66295085	
    Magnitude of B_grad:	0.116	
    Magnitude of b:	9.8365906190944	

	
    Current index:	39501	
    Magnitude of W_grad:	39.124000000001	
    Magnitude of W:	176284.77158622	
    Magnitude of B_grad:	0.08	
    Magnitude of b:	9.7485079173863	

	
    Current index:	49501	
    Magnitude of W_grad:	39.128000000001	
    Magnitude of W:	176236.21783212	
    Magnitude of B_grad:	0.144	
    Magnitude of b:	9.8284446327413	

	
    Current index:	59501	
    Magnitude of W_grad:	29.12	
    Magnitude of W:	176187.26192191	
    Magnitude of B_grad:	0.088	
    Magnitude of b:	10.21234365228	

	
    Current index:	69501	
    Magnitude of W_grad:	35.484	
    Magnitude of W:	176137.96625504	
    Magnitude of B_grad:	0.108	
    Magnitude of b:	10.262191976796	

	
    Current index:	79501	
    Magnitude of W_grad:	39.360000000001	
    Magnitude of W:	176086.82894759	
    Magnitude of B_grad:	0.14	
    Magnitude of b:	9.8906462509756	

	
    Current index:	89501	
    Magnitude of W_grad:	38.120000000001	
    Magnitude of W:	176037.15418264	
    Magnitude of B_grad:	0.172	
    Magnitude of b:	9.7445810036414	

	
    Current index:	99501	
    Magnitude of W_grad:	35.436000000001	
    Magnitude of W:	175987.35092198	
    Magnitude of B_grad:	0.124	
    Magnitude of b:	9.9725177026596	

	
    Current index:	109501	
    Magnitude of W_grad:	38.604	
    Magnitude of W:	175937.47141701	
    Magnitude of B_grad:	0.184	
    Magnitude of b:	10.012433607318	

	
    Current index:	119501	
    Magnitude of W_grad:	37.424000000001	
    Magnitude of W:	175888.17714349	
    Magnitude of B_grad:	0.056	
    Magnitude of b:	10.088330444551	

	
    Current index:	129501	
    Magnitude of W_grad:	33.504	
    Magnitude of W:	175838.37270602	
    Magnitude of B_grad:	0.144	
    Magnitude of b:	10.094239032067	

	
    Current index:	139501	
    Magnitude of W_grad:	41.808000000002	
    Magnitude of W:	175789.82343983	
    Magnitude of B_grad:	0.116	
    Magnitude of b:	10.102111570777	

	
SGD: Hinge Loss is	
962141.20560988	
SGD: Validation Accuracy is:	
0.30971843778383	
SGD: Magnitude of W:	
175776.43754139	
SGD: Magnitude of b:	
9.5699309351121	
    Current index:	9501	
    Magnitude of W_grad:	36.096000000001	
    Magnitude of W:	175728.89633612	
    Magnitude of B_grad:	0.24	
    Magnitude of b:	9.467926497497	

	
    Current index:	19501	
    Magnitude of W_grad:	29.644	
    Magnitude of W:	175680.42961237	
    Magnitude of B_grad:	0.084	
    Magnitude of b:	9.3959490695818	

	
    Current index:	29501	
    Magnitude of W_grad:	29.536	
    Magnitude of W:	175632.07928367	
    Magnitude of B_grad:	0.116	
    Magnitude of b:	9.6482195938166	

	
    Current index:	39501	
    Magnitude of W_grad:	39.100000000001	
    Magnitude of W:	175583.7291256	
    Magnitude of B_grad:	0.088	
    Magnitude of b:	9.568177830015	

	
    Current index:	49501	
    Magnitude of W_grad:	38.216000000001	
    Magnitude of W:	175536.40644319	
    Magnitude of B_grad:	0.14	
    Magnitude of b:	9.6181549073356	

	
    Current index:	59501	
    Magnitude of W_grad:	27.44	
    Magnitude of W:	175488.03367737	
    Magnitude of B_grad:	0.116	
    Magnitude of b:	10.028094700549	

	
    Current index:	69501	
    Magnitude of W_grad:	36	
    Magnitude of W:	175439.43415771	
    Magnitude of B_grad:	0.088	
    Magnitude of b:	10.073981520226	

	
    Current index:	79501	
    Magnitude of W_grad:	38.932000000001	
    Magnitude of W:	175389.36682867	
    Magnitude of B_grad:	0.144	
    Magnitude of b:	9.755784941766	

	
    Current index:	89501	
    Magnitude of W_grad:	37.544000000001	
    Magnitude of W:	175339.89181392	
    Magnitude of B_grad:	0.164	
    Magnitude of b:	9.6397456441179	

	
    Current index:	99501	
    Magnitude of W_grad:	35.028000000001	
    Magnitude of W:	175290.72767835	
    Magnitude of B_grad:	0.128	
    Magnitude of b:	9.8217098429378	

	
    Current index:	109501	
    Magnitude of W_grad:	38.180000000001	
    Magnitude of W:	175241.66235006	
    Magnitude of B_grad:	0.176	
    Magnitude of b:	9.8696555955315	

	
    Current index:	119501	
    Magnitude of W_grad:	36.624000000001	
    Magnitude of W:	175193.24490512	
    Magnitude of B_grad:	0.072	
    Magnitude of b:	9.9375823795075	

	
    Current index:	129501	
    Magnitude of W_grad:	33.516	
    Magnitude of W:	175144.29571631	
    Magnitude of B_grad:	0.124	
    Magnitude of b:	9.9435224207938	

	
    Current index:	139501	
    Magnitude of W_grad:	40.164000000002	
    Magnitude of W:	175096.45411248	
    Magnitude of B_grad:	0.136	
    Magnitude of b:	9.9574271212464	

	
SGD: Hinge Loss is	
946097.30787326	
SGD: Validation Accuracy is:	
0.30790190735695	
SGD: Magnitude of W:	
175083.28127555	
SGD: Magnitude of b:	
9.41986428271	
    Current index:	9501	
    Magnitude of W_grad:	35.9	
    Magnitude of W:	175036.50980446	
    Magnitude of B_grad:	0.26	
    Magnitude of b:	9.3258923747182	

	
    Current index:	19501	
    Magnitude of W_grad:	33.272	
    Magnitude of W:	174988.8651466	
    Magnitude of B_grad:	0.112	
    Magnitude of b:	9.2659425302386	

	
    Current index:	29501	
    Magnitude of W_grad:	28.9	
    Magnitude of W:	174941.3851156	
    Magnitude of B_grad:	0.112	
    Magnitude of b:	9.4715337916309	

	
    Current index:	39501	
    Magnitude of W_grad:	38.192000000001	
    Magnitude of W:	174893.75521033	
    Magnitude of B_grad:	0.076	
    Magnitude of b:	9.3935295429535	

	
    Current index:	49501	
    Magnitude of W_grad:	37.836	
    Magnitude of W:	174846.82208572	
    Magnitude of B_grad:	0.132	
    Magnitude of b:	9.4715397134556	

	
    Current index:	59501	
    Magnitude of W_grad:	26.708	
    Magnitude of W:	174799.10150882	
    Magnitude of B_grad:	0.108	
    Magnitude of b:	9.8955083261719	

	
    Current index:	69501	
    Magnitude of W_grad:	36.896000000001	
    Magnitude of W:	174751.25609403	
    Magnitude of B_grad:	0.092	
    Magnitude of b:	9.940011532732	

	
    Current index:	79501	
    Magnitude of W_grad:	36.452000000001	
    Magnitude of W:	174701.87368829	
    Magnitude of B_grad:	0.124	
    Magnitude of b:	9.6379538812049	

	
    Current index:	89501	
    Magnitude of W_grad:	37.104000000001	
    Magnitude of W:	174653.0607072	
    Magnitude of B_grad:	0.124	
    Magnitude of b:	9.5059434696171	

	
    Current index:	99501	
    Magnitude of W_grad:	34.624000000001	
    Magnitude of W:	174604.30344902	
    Magnitude of B_grad:	0.136	
    Magnitude of b:	9.6999348037091	

	
    Current index:	109501	
    Magnitude of W_grad:	38.604	
    Magnitude of W:	174556.14561901	
    Magnitude of B_grad:	0.204	
    Magnitude of b:	9.7719057312221	

	
    Current index:	119501	
    Magnitude of W_grad:	35.976000000001	
    Magnitude of W:	174508.36753573	
    Magnitude of B_grad:	0.076	
    Magnitude of b:	9.7958586518587	

	
    Current index:	129501	
    Magnitude of W_grad:	32.364	
    Magnitude of W:	174460.22601627	
    Magnitude of B_grad:	0.108	
    Magnitude of b:	9.8018259381291	

	
    Current index:	139501	
    Magnitude of W_grad:	39.656000000002	
    Magnitude of W:	174412.77188864	
    Magnitude of B_grad:	0.12	
    Magnitude of b:	9.8317581930405	

	
SGD: Hinge Loss is	
930795.85229975	
SGD: Validation Accuracy is:	
0.30608537693006	
SGD: Magnitude of W:	
174399.82737348	
SGD: Magnitude of b:	
9.3062028798266	
    Current index:	9501	
    Magnitude of W_grad:	35.688000000001	
    Magnitude of W:	174353.76605385	
    Magnitude of B_grad:	0.26	
    Magnitude of b:	9.1882579936342	

	
    Current index:	19501	
    Magnitude of W_grad:	30.776	
    Magnitude of W:	174306.9931544	
    Magnitude of B_grad:	0.132	
    Magnitude of b:	9.166334156168	

	
    Current index:	29501	
    Magnitude of W_grad:	29.152	
    Magnitude of W:	174260.23448126	
    Magnitude of B_grad:	0.108	
    Magnitude of b:	9.3152185681331	

	
    Current index:	39501	
    Magnitude of W_grad:	36.820000000001	
    Magnitude of W:	174213.26591402	
    Magnitude of B_grad:	0.084	
    Magnitude of b:	9.2732432440056	

	
    Current index:	49501	
    Magnitude of W_grad:	36.856	
    Magnitude of W:	174167.10928356	
    Magnitude of B_grad:	0.132	
    Magnitude of b:	9.3532814713462	

	
    Current index:	59501	
    Magnitude of W_grad:	26.228	
    Magnitude of W:	174120.11034505	
    Magnitude of B_grad:	0.084	
    Magnitude of b:	9.7492763485342	

	
    Current index:	69501	
    Magnitude of W_grad:	35.724	
    Magnitude of W:	174072.94173959	
    Magnitude of B_grad:	0.084	
    Magnitude of b:	9.8285143506282	

	
    Current index:	79501	
    Magnitude of W_grad:	36.228000000001	
    Magnitude of W:	174023.9071227	
    Magnitude of B_grad:	0.144	
    Magnitude of b:	9.5524800500092	

	
    Current index:	89501	
    Magnitude of W_grad:	37.128000000001	
    Magnitude of W:	173976.14570667	
    Magnitude of B_grad:	0.116	
    Magnitude of b:	9.408490861657	

	
    Current index:	99501	
    Magnitude of W_grad:	34.300000000001	
    Magnitude of W:	173927.83952556	
    Magnitude of B_grad:	0.092	
    Magnitude of b:	9.5885042342847	

	
    Current index:	109501	
    Magnitude of W_grad:	37.352	
    Magnitude of W:	173880.35818813	
    Magnitude of B_grad:	0.212	
    Magnitude of b:	9.6624981204081	

	
    Current index:	119501	
    Magnitude of W_grad:	36.864000000001	
    Magnitude of W:	173833.34903999	
    Magnitude of B_grad:	0.06	
    Magnitude of b:	9.7024733853562	

	
    Current index:	129501	
    Magnitude of W_grad:	33.372	
    Magnitude of W:	173785.65247612	
    Magnitude of B_grad:	0.12	
    Magnitude of b:	9.700462653968	

	
    Current index:	139501	
    Magnitude of W_grad:	39.640000000002	
    Magnitude of W:	173738.86057303	
    Magnitude of B_grad:	0.132	
    Magnitude of b:	9.7124194298352	

	
SGD: Hinge Loss is	
915359.5272661	
SGD: Validation Accuracy is:	
0.30699364214351	
SGD: Magnitude of W:	
173726.14647274	
SGD: Magnitude of b:	
9.1760887575188	
    Current index:	9501	
    Magnitude of W_grad:	35.14	
    Magnitude of W:	173680.51633	
    Magnitude of B_grad:	0.216	
    Magnitude of b:	9.0661729428139	

	
    Current index:	19501	
    Magnitude of W_grad:	29.536	
    Magnitude of W:	173634.38038356	
    Magnitude of B_grad:	0.088	
    Magnitude of b:	9.0422763631999	

	
    Current index:	29501	
    Magnitude of W_grad:	29.556	
    Magnitude of W:	173588.27425779	
    Magnitude of B_grad:	0.116	
    Magnitude of b:	9.1811092135594	

	
    Current index:	39501	
    Magnitude of W_grad:	35.848000000001	
    Magnitude of W:	173541.79123716	
    Magnitude of B_grad:	0.08	
    Magnitude of b:	9.1304528503391	

	
    Current index:	49501	
    Magnitude of W_grad:	34.852000000001	
    Magnitude of W:	173496.25738371	
    Magnitude of B_grad:	0.108	
    Magnitude of b:	9.2072327315439	

	
    Current index:	59501	
    Magnitude of W_grad:	26.82	
    Magnitude of W:	173449.54117675	
    Magnitude of B_grad:	0.092	
    Magnitude of b:	9.6472550690542	

	
    Current index:	69501	
    Magnitude of W_grad:	34.348	
    Magnitude of W:	173403.0640395	
    Magnitude of B_grad:	0.068	
    Magnitude of b:	9.7185782427143	

	
    Current index:	79501	
    Magnitude of W_grad:	34.812000000001	
    Magnitude of W:	173354.69527327	
    Magnitude of B_grad:	0.128	
    Magnitude of b:	9.4325693821046	

	
    Current index:	89501	
    Magnitude of W_grad:	36.840000000001	
    Magnitude of W:	173307.84830966	
    Magnitude of B_grad:	0.108	
    Magnitude of b:	9.2886046405628	

	
    Current index:	99501	
    Magnitude of W_grad:	35.372000000001	
    Magnitude of W:	173260.18114975	
    Magnitude of B_grad:	0.116	
    Magnitude of b:	9.4706418242996	

	
    Current index:	109501	
    Magnitude of W_grad:	37.304	
    Magnitude of W:	173213.39760084	
    Magnitude of B_grad:	0.192	
    Magnitude of b:	9.5366596636232	

	
    Current index:	119501	
    Magnitude of W_grad:	35.404000000001	
    Magnitude of W:	173166.69651024	
    Magnitude of B_grad:	0.064	
    Magnitude of b:	9.5606619454761	

	
    Current index:	129501	
    Magnitude of W_grad:	32.988	
    Magnitude of W:	173119.65005449	
    Magnitude of B_grad:	0.116	
    Magnitude of b:	9.586676249461	

	
    Current index:	139501	
    Magnitude of W_grad:	38.920000000001	
    Magnitude of W:	173073.42158284	
    Magnitude of B_grad:	0.14	
    Magnitude of b:	9.5866575721587	

	
Done.	
Testing on validation set...	
Done	
Datafile:	/n/home09/ankitgupta/CS287/HW1/SST1-uni-syns.hdf5	Classifier:	hinge	Alpha:	0	Eta:	0.5	Lambda:	3	Minibatch size:	500	Num Epochs:	15	Minimum Sentence Length:	5	
Accuracy:	0.30608537693006	
