[?1034hDatafile:	/n/home09/ankitgupta/CS287/HW1/SST1-uni.hdf5	Classifier:	lr	Alpha:	0	Eta:	0.5	Lambda:	3	Minibatch size:	500	Num Epochs:	50	Minimum Sentence Length:	5	
Note that not all parameters may apply to all classifiers	
Loading datafiles...	
Number of training samples before removing small sentences	156817	
Number of training samples after removing small sentences	79635	
Done.	
Training classifier...	
SGD: Loss is	
	LOSS:Calculated softmax res	
480109.54646246	
SGD: crossEntropyLoss is	
480109.54646246	
SGD: Validation Accuracy is:	
0.16257947320618	
SGD: Magnitude of W:	
61184.892311388	
SGD: Magnitude of b:	
3.2227498898938	
    Current index:	9501	
    Magnitude of W_grad:	10.676330469302	
    Magnitude of W:	61134.56182023	
    Magnitude of B_grad:	0.22549895310865	
    Magnitude of b:	4.119701906134	

	
    Current index:	19501	
    Magnitude of W_grad:	10.145339772383	
    Magnitude of W:	61090.023163398	
    Magnitude of B_grad:	0.20844116680752	
    Magnitude of b:	4.8460233540728	

	
    Current index:	29501	
    Magnitude of W_grad:	8.4675107624752	
    Magnitude of W:	61047.199994465	
    Magnitude of B_grad:	0.096181910883527	
    Magnitude of b:	5.4922933217885	

	
    Current index:	39501	
    Magnitude of W_grad:	12.882207642347	
    Magnitude of W:	61004.160047288	
    Magnitude of B_grad:	0.75096223014512	
    Magnitude of b:	6.2365298891593	

	
    Current index:	49501	
    Magnitude of W_grad:	9.463947319792	
    Magnitude of W:	60957.004878003	
    Magnitude of B_grad:	0.30062545574555	
    Magnitude of b:	6.1238720333946	

	
    Current index:	59501	
    Magnitude of W_grad:	9.7405632729915	
    Magnitude of W:	60914.429510767	
    Magnitude of B_grad:	0.10749530619337	
    Magnitude of b:	6.6399392218013	

	
    Current index:	69501	
    Magnitude of W_grad:	9.6865577789065	
    Magnitude of W:	60873.070813853	
    Magnitude of B_grad:	0.16931247631913	
    Magnitude of b:	7.0087298269159	

	
    Current index:	79501	
    Magnitude of W_grad:	14.886981920797	
    Magnitude of W:	60831.420082103	
    Magnitude of B_grad:	0.84852832930076	
    Magnitude of b:	6.6809367332751	

	
SGD: Loss is	
	LOSS:Calculated softmax res	
381033.0580246	
SGD: crossEntropyLoss is	
381033.0580246	
SGD: Validation Accuracy is:	
0.20254314259764	
SGD: Magnitude of W:	
60831.420082103	
SGD: Magnitude of b:	
6.6809367332751	
    Current index:	9501	
    Magnitude of W_grad:	9.6916290662815	
    Magnitude of W:	60791.146793984	
    Magnitude of B_grad:	0.10435569957011	
    Magnitude of b:	6.2706875525082	

	
    Current index:	19501	
    Magnitude of W_grad:	9.5282625797396	
    Magnitude of W:	60750.913168007	
    Magnitude of B_grad:	0.20181323414587	
    Magnitude of b:	6.3062766999749	

	
    Current index:	29501	
    Magnitude of W_grad:	7.8908479736423	
    Magnitude of W:	60711.23868303	
    Magnitude of B_grad:	0.075388426290653	
    Magnitude of b:	6.7503466968853	

	
    Current index:	39501	
    Magnitude of W_grad:	12.430671243768	
    Magnitude of W:	60670.80835452	
    Magnitude of B_grad:	0.67291056846985	
    Magnitude of b:	7.0180146755739	

	
    Current index:	49501	
    Magnitude of W_grad:	9.4070160492192	
    Magnitude of W:	60627.008840243	
    Magnitude of B_grad:	0.27190263813562	
    Magnitude of b:	6.7823016600272	

	
    Current index:	59501	
    Magnitude of W_grad:	9.3956578139886	
    Magnitude of W:	60587.532882599	
    Magnitude of B_grad:	0.090158250490265	
    Magnitude of b:	6.9192792812854	

	
    Current index:	69501	
    Magnitude of W_grad:	9.2515239033256	
    Magnitude of W:	60547.902038724	
    Magnitude of B_grad:	0.15098078399799	
    Magnitude of b:	7.2081435000983	

	
    Current index:	79501	
    Magnitude of W_grad:	14.26324164575	
    Magnitude of W:	60508.65944977	
    Magnitude of B_grad:	0.79039619225832	
    Magnitude of b:	6.8514598497636	

	
SGD: Loss is	
	LOSS:Calculated softmax res	
358285.26509859	
SGD: crossEntropyLoss is	
358285.26509859	
SGD: Validation Accuracy is:	
0.20345140781108	
SGD: Magnitude of W:	
60508.65944977	
SGD: Magnitude of b:	
6.8514598497636	
    Current index:	9501	
    Magnitude of W_grad:	9.5183319659438	
    Magnitude of W:	60471.51573078	
    Magnitude of B_grad:	0.10967746271717	
    Magnitude of b:	6.6850808788043	

	
    Current index:	19501	
    Magnitude of W_grad:	9.3206835419149	
    Magnitude of W:	60432.805318083	
    Magnitude of B_grad:	0.17992481857699	
    Magnitude of b:	6.7511305330723	

	
    Current index:	29501	
    Magnitude of W_grad:	7.6720540429307	
    Magnitude of W:	60394.751428891	
    Magnitude of B_grad:	0.06513710728764	
    Magnitude of b:	7.1081821263949	

	
    Current index:	39501	
    Magnitude of W_grad:	12.28775471933	
    Magnitude of W:	60356.063925871	
    Magnitude of B_grad:	0.64609863032821	
    Magnitude of b:	7.2516434838563	

	
    Current index:	49501	
    Magnitude of W_grad:	9.3764424222346	
    Magnitude of W:	60315.289911992	
    Magnitude of B_grad:	0.26274614779107	
    Magnitude of b:	7.0095479953556	

	
    Current index:	59501	
    Magnitude of W_grad:	9.1265991516469	
    Magnitude of W:	60277.48653556	
    Magnitude of B_grad:	0.087761530508625	
    Magnitude of b:	7.0373645594177	

	
    Current index:	69501	
    Magnitude of W_grad:	8.7834568428702	
    Magnitude of W:	60239.174869514	
    Magnitude of B_grad:	0.14512446104437	
    Magnitude of b:	7.1719961556049	

	
    Current index:	79501	
    Magnitude of W_grad:	13.732599456268	
    Magnitude of W:	60201.39810254	
    Magnitude of B_grad:	0.74076644963002	
    Magnitude of b:	6.9601875294818	

	
SGD: Loss is	
	LOSS:Calculated softmax res	
344332.08493633	
SGD: crossEntropyLoss is	
344332.08493633	
SGD: Validation Accuracy is:	
0.21162579473206	
SGD: Magnitude of W:	
60201.39810254	
SGD: Magnitude of b:	
6.9601875294818	
    Current index:	9501	
    Magnitude of W_grad:	9.3558430278995	
    Magnitude of W:	60165.479534601	
    Magnitude of B_grad:	0.11428875899749	
    Magnitude of b:	6.7836647375454	

	
    Current index:	19501	
    Magnitude of W_grad:	9.138134571108	
    Magnitude of W:	60127.700175912	
    Magnitude of B_grad:	0.17495107023168	
    Magnitude of b:	6.8495872607432	

	
    Current index:	29501	
    Magnitude of W_grad:	7.5062858495297	
    Magnitude of W:	60091.118103144	
    Magnitude of B_grad:	0.066232902929591	
    Magnitude of b:	7.1859317560816	

	
    Current index:	39501	
    Magnitude of W_grad:	12.204616066962	
    Magnitude of W:	60053.62967777	
    Magnitude of B_grad:	0.63279154742641	
    Magnitude of b:	7.3060252987328	

	
    Current index:	49501	
    Magnitude of W_grad:	9.2956258013166	
    Magnitude of W:	60014.664748572	
    Magnitude of B_grad:	0.26186927964288	
    Magnitude of b:	7.0642154013	

	
    Current index:	59501	
    Magnitude of W_grad:	8.8951446833466	
    Magnitude of W:	59978.323877393	
    Magnitude of B_grad:	0.082735096717758	
    Magnitude of b:	7.0800051256621	

	
    Current index:	69501	
    Magnitude of W_grad:	8.370240036223	
    Magnitude of W:	59941.373043086	
    Magnitude of B_grad:	0.13686086957689	
    Magnitude of b:	7.1701415003576	

	
    Current index:	79501	
    Magnitude of W_grad:	13.247501817067	
    Magnitude of W:	59904.729206002	
    Magnitude of B_grad:	0.69983730893752	
    Magnitude of b:	6.9637968739887	

	
SGD: Loss is	
	LOSS:Calculated softmax res	
333901.92365553	
SGD: crossEntropyLoss is	
333901.92365553	
SGD: Validation Accuracy is:	
0.21162579473206	
SGD: Magnitude of W:	
59904.729206002	
SGD: Magnitude of b:	
6.9637968739887	
    Current index:	9501	
    Magnitude of W_grad:	9.1757899626937	
    Magnitude of W:	59869.77832058	
    Magnitude of B_grad:	0.11690810132051	
    Magnitude of b:	6.7700745970971	

	
    Current index:	19501	
    Magnitude of W_grad:	8.949252003871	
    Magnitude of W:	59832.889855639	
    Magnitude of B_grad:	0.17288058500438	
    Magnitude of b:	6.8427621328243	

	
    Current index:	29501	
    Magnitude of W_grad:	7.3470629564453	
    Magnitude of W:	59797.162950116	
    Magnitude of B_grad:	0.072793356703606	
    Magnitude of b:	7.1728992889306	

	
    Current index:	39501	
    Magnitude of W_grad:	12.098273053263	
    Magnitude of W:	59760.577318939	
    Magnitude of B_grad:	0.62298232617492	
    Magnitude of b:	7.2839754656501	

	
    Current index:	49501	
    Magnitude of W_grad:	9.1859961254376	
    Magnitude of W:	59722.870932122	
    Magnitude of B_grad:	0.26158866329392	
    Magnitude of b:	7.0449013012137	

	
    Current index:	59501	
    Magnitude of W_grad:	8.6952206863109	
    Magnitude of W:	59687.699861569	
    Magnitude of B_grad:	0.077626770401805	
    Magnitude of b:	7.0568429207573	

	
    Current index:	69501	
    Magnitude of W_grad:	8.0458875315577	
    Magnitude of W:	59651.714594202	
    Magnitude of B_grad:	0.12718964915542	
    Magnitude of b:	7.1366496163045	

	
    Current index:	79501	
    Magnitude of W_grad:	12.789790750536	
    Magnitude of W:	59616.072047112	
    Magnitude of B_grad:	0.66555459260253	
    Magnitude of b:	6.9246037784315	

	
SGD: Loss is	
	LOSS:Calculated softmax res	
325373.85742957	
SGD: crossEntropyLoss is	
325373.85742957	
SGD: Validation Accuracy is:	
0.21344232515895	
SGD: Magnitude of W:	
59616.072047112	
SGD: Magnitude of b:	
6.9246037784315	
    Current index:	9501	
    Magnitude of W_grad:	8.9894429943192	
    Magnitude of W:	59581.582710017	
    Magnitude of B_grad:	0.11768067372043	
    Magnitude of b:	6.7243479236438	

	
    Current index:	19501	
    Magnitude of W_grad:	8.7618879371195	
    Magnitude of W:	59545.415387968	
    Magnitude of B_grad:	0.17217737814052	
    Magnitude of b:	6.8034226106863	

	
    Current index:	29501	
    Magnitude of W_grad:	7.197431528989	
    Magnitude of W:	59510.308095473	
    Magnitude of B_grad:	0.078208268129295	
    Magnitude of b:	7.129944170679	

	
    Current index:	39501	
    Magnitude of W_grad:	11.977334321393	
    Magnitude of W:	59474.475998505	
    Magnitude of B_grad:	0.61428738740718	
    Magnitude of b:	7.237792401694	

	
    Current index:	49501	
    Magnitude of W_grad:	9.0706925679435	
    Magnitude of W:	59437.941715814	
    Magnitude of B_grad:	0.26187438492466	
    Magnitude of b:	7.0036929550758	

	
    Current index:	59501	
    Magnitude of W_grad:	8.5391933946287	
    Magnitude of W:	59403.432618104	
    Magnitude of B_grad:	0.072947242979055	
    Magnitude of b:	7.0162317001435	

	
    Current index:	69501	
    Magnitude of W_grad:	7.8137050807213	
    Magnitude of W:	59368.363222991	
    Magnitude of B_grad:	0.11773173504731	
    Magnitude of b:	7.0926744158168	

	
    Current index:	79501	
    Magnitude of W_grad:	12.374783226539	
    Magnitude of W:	59333.225708678	
    Magnitude of B_grad:	0.63653990377888	
    Magnitude of b:	6.8783522023306	

	
SGD: Loss is	
	LOSS:Calculated softmax res	
318035.60636681	
SGD: crossEntropyLoss is	
318035.60636681	
SGD: Validation Accuracy is:	
0.21435059037239	
SGD: Magnitude of W:	
59333.225708678	
SGD: Magnitude of b:	
6.8783522023306	
    Current index:	9501	
    Magnitude of W_grad:	8.8024660247809	
    Magnitude of W:	59299.31231305	
    Magnitude of B_grad:	0.11737149311369	
    Magnitude of b:	6.6761920092378	

	
    Current index:	19501	
    Magnitude of W_grad:	8.5927120535008	
    Magnitude of W:	59263.981398205	
    Magnitude of B_grad:	0.17191427066748	
    Magnitude of b:	6.756110437706	

	
    Current index:	29501	
    Magnitude of W_grad:	7.0581006626175	
    Magnitude of W:	59229.651874434	
    Magnitude of B_grad:	0.082481609938967	
    Magnitude of b:	7.0795750442014	

	
    Current index:	39501	
    Magnitude of W_grad:	11.846373341648	
    Magnitude of W:	59194.809227728	
    Magnitude of B_grad:	0.60609992404179	
    Magnitude of b:	7.1896141004665	

	
    Current index:	49501	
    Magnitude of W_grad:	8.9578065667768	
    Magnitude of W:	59158.880138098	
    Magnitude of B_grad:	0.26200713981255	
    Magnitude of b:	6.9613152678627	

	
    Current index:	59501	
    Magnitude of W_grad:	8.3911047434432	
    Magnitude of W:	59124.965248906	
    Magnitude of B_grad:	0.06888515507507	
    Magnitude of b:	6.9763664231989	

	
    Current index:	69501	
    Magnitude of W_grad:	7.6210099701197	
    Magnitude of W:	59090.490496563	
    Magnitude of B_grad:	0.11032920056593	
    Magnitude of b:	7.052525222998	

	
    Current index:	79501	
    Magnitude of W_grad:	11.975271591461	
    Magnitude of W:	59056.111355613	
    Magnitude of B_grad:	0.61172093152451	
    Magnitude of b:	6.8372574627327	

	
SGD: Loss is	
	LOSS:Calculated softmax res	
311521.10235771	
SGD: crossEntropyLoss is	
311521.10235771	
SGD: Validation Accuracy is:	
0.21616712079927	
SGD: Magnitude of W:	
59056.111355613	
SGD: Magnitude of b:	
6.8372574627327	
    Current index:	9501	
    Magnitude of W_grad:	8.6282012764604	
    Magnitude of W:	59023.023049277	
    Magnitude of B_grad:	0.11643352396218	
    Magnitude of b:	6.6345337198288	

	
    Current index:	19501	
    Magnitude of W_grad:	8.4417523402291	
    Magnitude of W:	58988.482907648	
    Magnitude of B_grad:	0.17161100547288	
    Magnitude of b:	6.7094591499591	

	
    Current index:	29501	
    Magnitude of W_grad:	6.9315060873124	
    Magnitude of W:	58954.794811435	
    Magnitude of B_grad:	0.085546402571623	
    Magnitude of b:	7.030282859562	

	
    Current index:	39501	
    Magnitude of W_grad:	11.711041919599	
    Magnitude of W:	58920.503094514	
    Magnitude of B_grad:	0.59825634438589	
    Magnitude of b:	7.1467782051168	

	
    Current index:	49501	
    Magnitude of W_grad:	8.8532542165484	
    Magnitude of W:	58885.186534048	
    Magnitude of B_grad:	0.26160290849746	
    Magnitude of b:	6.9239575462285	

	
    Current index:	59501	
    Magnitude of W_grad:	8.2537900904295	
    Magnitude of W:	58852.011276905	
    Magnitude of B_grad:	0.065400247568189	
    Magnitude of b:	6.9421324024781	

	
    Current index:	69501	
    Magnitude of W_grad:	7.4440989138844	
    Magnitude of W:	58818.138267323	
    Magnitude of B_grad:	0.10558126610212	
    Magnitude of b:	7.0192352420405	

	
    Current index:	79501	
    Magnitude of W_grad:	11.586865471262	
    Magnitude of W:	58784.403597456	
    Magnitude of B_grad:	0.59012187883577	
    Magnitude of b:	6.8039800960643	

	
SGD: Loss is	
	LOSS:Calculated softmax res	
305624.03670386	
SGD: crossEntropyLoss is	
305624.03670386	
SGD: Validation Accuracy is:	
0.2188919164396	
SGD: Magnitude of W:	
58784.403597456	
SGD: Magnitude of b:	
6.8039800960643	
    Current index:	9501	
    Magnitude of W_grad:	8.4727698431294	
    Magnitude of W:	58751.804344925	
    Magnitude of B_grad:	0.11514325817319	
    Magnitude of b:	6.6005924177834	

	
    Current index:	19501	
    Magnitude of W_grad:	8.3012590670306	
    Magnitude of W:	58717.86379534	
    Magnitude of B_grad:	0.17107229315034	
    Magnitude of b:	6.6663565735785	

	
    Current index:	29501	
    Magnitude of W_grad:	6.8189830491964	
    Magnitude of W:	58684.726996468	
    Magnitude of B_grad:	0.087562752483297	
    Magnitude of b:	6.9849434645476	

	
    Current index:	39501	
    Magnitude of W_grad:	11.576492242437	
    Magnitude of W:	58650.873436838	
    Magnitude of B_grad:	0.59068865118349	
    Magnitude of b:	7.1105772061777	

	
    Current index:	49501	
    Magnitude of W_grad:	8.759815211977	
    Magnitude of W:	58616.139482022	
    Magnitude of B_grad:	0.26053110662158	
    Magnitude of b:	6.8923577257307	

	
    Current index:	59501	
    Magnitude of W_grad:	8.1236614220631	
    Magnitude of W:	58583.593131308	
    Magnitude of B_grad:	0.062262083129336	
    Magnitude of b:	6.9135951546223	

	
    Current index:	69501	
    Magnitude of W_grad:	7.2799852914524	
    Magnitude of W:	58550.218881115	
    Magnitude of B_grad:	0.10087854193552	
    Magnitude of b:	6.9921366236127	

	
    Current index:	79501	
    Magnitude of W_grad:	11.192100434425	
    Magnitude of W:	58517.038056104	
    Magnitude of B_grad:	0.57094638556871	
    Magnitude of b:	6.777873306105	

	
SGD: Loss is	
	LOSS:Calculated softmax res	
300217.17310637	
SGD: crossEntropyLoss is	
300217.17310637	
SGD: Validation Accuracy is:	
0.21980018165304	
SGD: Magnitude of W:	
58517.038056104	
SGD: Magnitude of b:	
6.777873306105	
    Current index:	9501	
    Magnitude of W_grad:	8.3613926128872	
    Magnitude of W:	58484.804335639	
    Magnitude of B_grad:	0.1137163021227	
    Magnitude of b:	6.5732874212967	

	
    Current index:	19501	
    Magnitude of W_grad:	8.1738121816492	
    Magnitude of W:	58451.430215524	
    Magnitude of B_grad:	0.17026548202546	
    Magnitude of b:	6.6274174318754	

	
    Current index:	29501	
    Magnitude of W_grad:	6.7218712359532	
    Magnitude of W:	58418.862990867	
    Magnitude of B_grad:	0.088805445664798	
    Magnitude of b:	6.9441229412197	

	
    Current index:	39501	
    Magnitude of W_grad:	11.441911004925	
    Magnitude of W:	58385.587414573	
    Magnitude of B_grad:	0.58334201329312	
    Magnitude of b:	7.080346558037	

	
    Current index:	49501	
    Magnitude of W_grad:	8.6721035638048	
    Magnitude of W:	58351.392451363	
    Magnitude of B_grad:	0.25876523808169	
    Magnitude of b:	6.8657124340748	

	
    Current index:	59501	
    Magnitude of W_grad:	7.9999438636896	
    Magnitude of W:	58319.254158733	
    Magnitude of B_grad:	0.059243434485443	
    Magnitude of b:	6.8896733699689	

	
    Current index:	69501	
    Magnitude of W_grad:	7.1361776969709	
    Magnitude of W:	58286.412201665	
    Magnitude of B_grad:	0.096240353670267	
    Magnitude of b:	6.9698323061309	

	
    Current index:	79501	
    Magnitude of W_grad:	10.79721258134	
    Magnitude of W:	58253.759720477	
    Magnitude of B_grad:	0.55363246017124	
    Magnitude of b:	6.7574687621526	

	
SGD: Loss is	
	LOSS:Calculated softmax res	
295214.51956826	
SGD: crossEntropyLoss is	
295214.51956826	
SGD: Validation Accuracy is:	
0.22252497729337	
SGD: Magnitude of W:	
58253.759720477	
SGD: Magnitude of b:	
6.7574687621526	
    Current index:	9501	
    Magnitude of W_grad:	8.2787602734571	
    Magnitude of W:	58222.068537931	
    Magnitude of B_grad:	0.11229606841775	
    Magnitude of b:	6.5511395366352	

	
    Current index:	19501	
    Magnitude of W_grad:	8.0620358410166	
    Magnitude of W:	58189.44586261	
    Magnitude of B_grad:	0.16924710017583	
    Magnitude of b:	6.5923765277285	

	
    Current index:	29501	
    Magnitude of W_grad:	6.6370022778915	
    Magnitude of W:	58157.348297659	
    Magnitude of B_grad:	0.089517286485439	
    Magnitude of b:	6.9074892984024	

	
    Current index:	39501	
    Magnitude of W_grad:	11.305756585787	
    Magnitude of W:	58124.673444189	
    Magnitude of B_grad:	0.57616682298186	
    Magnitude of b:	7.0549633962946	

	
    Current index:	49501	
    Magnitude of W_grad:	8.5878825925794	
    Magnitude of W:	58091.062210255	
    Magnitude of B_grad:	0.25633763703553	
    Magnitude of b:	6.8429780585157	

	
    Current index:	59501	
    Magnitude of W_grad:	7.8812202982619	
    Magnitude of W:	58059.447210515	
    Magnitude of B_grad:	0.058174369537241	
    Magnitude of b:	6.8692611969737	

	
    Current index:	69501	
    Magnitude of W_grad:	7.0044044274412	
    Magnitude of W:	58027.065713555	
    Magnitude of B_grad:	0.091736091154038	
    Magnitude of b:	6.9510158683706	

	
    Current index:	79501	
    Magnitude of W_grad:	10.406756555706	
    Magnitude of W:	57994.970624739	
    Magnitude of B_grad:	0.53781924777234	
    Magnitude of b:	6.7412903354107	

	
SGD: Loss is	
	LOSS:Calculated softmax res	
290553.01591609	
SGD: crossEntropyLoss is	
290553.01591609	
SGD: Validation Accuracy is:	
0.2252497729337	
SGD: Magnitude of W:	
57994.970624739	
SGD: Magnitude of b:	
6.7412903354107	
    Current index:	9501	
    Magnitude of W_grad:	8.2041984254711	
    Magnitude of W:	57963.738086315	
    Magnitude of B_grad:	0.11095300098746	
    Magnitude of b:	6.5327897154547	

	
    Current index:	19501	
    Magnitude of W_grad:	7.9627084932812	
    Magnitude of W:	57931.721714737	
    Magnitude of B_grad:	0.16810672351856	
    Magnitude of b:	6.5606423163885	

	
    Current index:	29501	
    Magnitude of W_grad:	6.5627771432859	
    Magnitude of W:	57900.072634594	
    Magnitude of B_grad:	0.089873130979602	
    Magnitude of b:	6.8743848046948	

	
    Current index:	39501	
    Magnitude of W_grad:	11.173104700364	
    Magnitude of W:	57867.894253424	
    Magnitude of B_grad:	0.56912117040809	
    Magnitude of b:	7.0332993245434	

	
    Current index:	49501	
    Magnitude of W_grad:	8.5039722113106	
    Magnitude of W:	57834.733534014	
    Magnitude of B_grad:	0.25331988781503	
    Magnitude of b:	6.8231863846927	

	
    Current index:	59501	
    Magnitude of W_grad:	7.7699040968718	
    Magnitude of W:	57803.611981535	
    Magnitude of B_grad:	0.057149928051103	
    Magnitude of b:	6.8514329709001	

	
    Current index:	69501	
    Magnitude of W_grad:	6.8779640949235	
    Magnitude of W:	57771.651749971	
    Magnitude of B_grad:	0.089617230259141	
    Magnitude of b:	6.9346429935274	

	
    Current index:	79501	
    Magnitude of W_grad:	10.031389301458	
    Magnitude of W:	57739.937367255	
    Magnitude of B_grad:	0.52328330660549	
    Magnitude of b:	6.7281051775172	

	
SGD: Loss is	
	LOSS:Calculated softmax res	
286183.78671325	
SGD: crossEntropyLoss is	
286183.78671325	
SGD: Validation Accuracy is:	
0.23342415985468	
SGD: Magnitude of W:	
57739.937367255	
SGD: Magnitude of b:	
6.7281051775172	
    Current index:	9501	
    Magnitude of W_grad:	8.1299400840539	
    Magnitude of W:	57709.260166196	
    Magnitude of B_grad:	0.10970568207354	
    Magnitude of b:	6.5171325100164	

	
    Current index:	19501	
    Magnitude of W_grad:	7.8735811617519	
    Magnitude of W:	57677.92077215	
    Magnitude of B_grad:	0.16692887011391	
    Magnitude of b:	6.5315748672561	

	
    Current index:	29501	
    Magnitude of W_grad:	6.4942849801985	
    Magnitude of W:	57646.784970599	
    Magnitude of B_grad:	0.08999222797796	
    Magnitude of b:	6.8441151170446	

	
    Current index:	39501	
    Magnitude of W_grad:	11.042391125247	
    Magnitude of W:	57615.120395682	
    Magnitude of B_grad:	0.56217238055978	
    Magnitude of b:	7.0143785149175	

	
    Current index:	49501	
    Magnitude of W_grad:	8.4215180731541	
    Magnitude of W:	57582.293849514	
    Magnitude of B_grad:	0.24979809421064	
    Magnitude of b:	6.805529978537	

	
    Current index:	59501	
    Magnitude of W_grad:	7.6659406936958	
    Magnitude of W:	57551.649951609	
    Magnitude of B_grad:	0.056150289393644	
    Magnitude of b:	6.8354588045669	

	
    Current index:	69501	
    Magnitude of W_grad:	6.7602974365678	
    Magnitude of W:	57520.163560618	
    Magnitude of B_grad:	0.088815578617425	
    Magnitude of b:	6.9199364797232	

	
    Current index:	79501	
    Magnitude of W_grad:	9.6725462220963	
    Magnitude of W:	57488.943180343	
    Magnitude of B_grad:	0.51012112005208	
    Magnitude of b:	6.7169698799211	

	
SGD: Loss is	
	LOSS:Calculated softmax res	
282067.91621198	
SGD: crossEntropyLoss is	
282067.91621198	
SGD: Validation Accuracy is:	
0.23433242506812	
SGD: Magnitude of W:	
57488.943180343	
SGD: Magnitude of b:	
6.7169698799211	
    Current index:	9501	
    Magnitude of W_grad:	8.0606222803481	
    Magnitude of W:	57458.728630763	
    Magnitude of B_grad:	0.10854486528463	
    Magnitude of b:	6.503329772392	

	
    Current index:	19501	
    Magnitude of W_grad:	7.7906923746015	
    Magnitude of W:	57427.910463262	
    Magnitude of B_grad:	0.1657754574111	
    Magnitude of b:	6.5046215792964	

	
    Current index:	29501	
    Magnitude of W_grad:	6.431838753013	
    Magnitude of W:	57397.143993291	
    Magnitude of B_grad:	0.089956067473193	
    Magnitude of b:	6.8160881994983	

	
    Current index:	39501	
    Magnitude of W_grad:	10.912983138017	
    Magnitude of W:	57365.829524925	
    Magnitude of B_grad:	0.55529687086641	
    Magnitude of b:	6.9974236024611	

	
    Current index:	49501	
    Magnitude of W_grad:	8.3364318601332	
    Magnitude of W:	57333.53068838	
    Magnitude of B_grad:	0.24585374889202	
    Magnitude of b:	6.7893810662276	

	
    Current index:	59501	
    Magnitude of W_grad:	7.5684705475392	
    Magnitude of W:	57303.336102858	
    Magnitude of B_grad:	0.055192600071165	
    Magnitude of b:	6.82078805647	

	
    Current index:	69501	
    Magnitude of W_grad:	6.6480698078075	
    Magnitude of W:	57272.199324022	
    Magnitude of B_grad:	0.08777345384213	
    Magnitude of b:	6.9063430134296	

	
    Current index:	79501	
    Magnitude of W_grad:	9.3425752232517	
    Magnitude of W:	57241.377148394	
    Magnitude of B_grad:	0.50068649314124	
    Magnitude of b:	6.7071964163018	

	
SGD: Loss is	
	LOSS:Calculated softmax res	
278174.06268723	
SGD: crossEntropyLoss is	
278174.06268723	
SGD: Validation Accuracy is:	
0.23705722070845	
SGD: Magnitude of W:	
57241.377148394	
SGD: Magnitude of b:	
6.7071964163018	
    Current index:	9501	
    Magnitude of W_grad:	7.9978346480429	
    Magnitude of W:	57211.455117928	
    Magnitude of B_grad:	0.10745109145453	
    Magnitude of b:	6.4907745831117	

	
    Current index:	19501	
    Magnitude of W_grad:	7.7102766113454	
    Magnitude of W:	57181.034352882	
    Magnitude of B_grad:	0.16468279271285	
    Magnitude of b:	6.4793483728882	

	
    Current index:	29501	
    Magnitude of W_grad:	6.3740628642404	
    Magnitude of W:	57150.64903344	
    Magnitude of B_grad:	0.089820722494678	
    Magnitude of b:	6.7898435253484	

	
    Current index:	39501	
    Magnitude of W_grad:	10.785280809977	
    Magnitude of W:	57119.731813609	
    Magnitude of B_grad:	0.54847904374402	
    Magnitude of b:	6.9818465917097	

	
    Current index:	49501	
    Magnitude of W_grad:	8.2482956117411	
    Magnitude of W:	57087.7693809	
    Magnitude of B_grad:	0.24155704741868	
    Magnitude of b:	6.7742785908615	

	
    Current index:	59501	
    Magnitude of W_grad:	7.4761247097935	
    Magnitude of W:	57057.979176262	
    Magnitude of B_grad:	0.054293705887781	
    Magnitude of b:	6.8070233312037	

	
    Current index:	69501	
    Magnitude of W_grad:	6.5483503319127	
    Magnitude of W:	57027.17784365	
    Magnitude of B_grad:	0.086544030699873	
    Magnitude of b:	6.8934831148449	

	
    Current index:	79501	
    Magnitude of W_grad:	9.038789310932	
    Magnitude of W:	56996.662961197	
    Magnitude of B_grad:	0.49147317021242	
    Magnitude of b:	6.6983003877047	

	
SGD: Loss is	
	LOSS:Calculated softmax res	
274476.79056792	
SGD: crossEntropyLoss is	
274476.79056792	
SGD: Validation Accuracy is:	
0.23887375113533	
SGD: Magnitude of W:	
56996.662961197	
SGD: Magnitude of b:	
6.6983003877047	
    Current index:	9501	
    Magnitude of W_grad:	7.9361454975128	
    Magnitude of W:	56967.122247779	
    Magnitude of B_grad:	0.10640451905835	
    Magnitude of b:	6.4790432294087	

	
    Current index:	19501	
    Magnitude of W_grad:	7.631188636829	
    Magnitude of W:	56937.113546018	
    Magnitude of B_grad:	0.16366621606523	
    Magnitude of b:	6.4639316750916	

	
    Current index:	29501	
    Magnitude of W_grad:	6.320549029544	
    Magnitude of W:	56907.106052204	
    Magnitude of B_grad:	0.089624164864457	
    Magnitude of b:	6.7650375747674	

	
    Current index:	39501	
    Magnitude of W_grad:	10.661222765474	
    Magnitude of W:	56876.483338136	
    Magnitude of B_grad:	0.54170998058846	
    Magnitude of b:	6.9672215068911	

	
    Current index:	49501	
    Magnitude of W_grad:	8.1573221614972	
    Magnitude of W:	56844.83757096	
    Magnitude of B_grad:	0.23696843047964	
    Magnitude of b:	6.7599041667835	

	
    Current index:	59501	
    Magnitude of W_grad:	7.3895523564258	
    Magnitude of W:	56815.441602509	
    Magnitude of B_grad:	0.053468156856229	
    Magnitude of b:	6.7938931020754	

	
    Current index:	69501	
    Magnitude of W_grad:	6.4555377732941	
    Magnitude of W:	56784.918448541	
    Magnitude of B_grad:	0.085170582457267	
    Magnitude of b:	6.8811086809253	

	
    Current index:	79501	
    Magnitude of W_grad:	8.758316072538	
    Magnitude of W:	56754.759221764	
    Magnitude of B_grad:	0.48254224991948	
    Magnitude of b:	6.6899548955748	

	
SGD: Loss is	
	LOSS:Calculated softmax res	
270955.26851851	
SGD: crossEntropyLoss is	
270955.26851851	
SGD: Validation Accuracy is:	
0.23978201634877	
SGD: Magnitude of W:	
56754.759221764	
SGD: Magnitude of b:	
6.6899548955748	
    Current index:	9501	
    Magnitude of W_grad:	7.874891421962	
    Magnitude of W:	56725.606128669	
    Magnitude of B_grad:	0.10538911511568	
    Magnitude of b:	6.4678519467075	

	
    Current index:	19501	
    Magnitude of W_grad:	7.5542307213424	
    Magnitude of W:	56695.888967171	
    Magnitude of B_grad:	0.16272711852107	
    Magnitude of b:	6.455437703768	

	
    Current index:	29501	
    Magnitude of W_grad:	6.2709960407152	
    Magnitude of W:	56666.262540073	
    Magnitude of B_grad:	0.089390820835788	
    Magnitude of b:	6.7414217803297	

	
    Current index:	39501	
    Magnitude of W_grad:	10.540897493767	
    Magnitude of W:	56636.07248611	
    Magnitude of B_grad:	0.5349862424338	
    Magnitude of b:	6.9532538107508	

	
    Current index:	49501	
    Magnitude of W_grad:	8.0645967662722	
    Magnitude of W:	56604.739185577	
    Magnitude of B_grad:	0.2321428142304	
    Magnitude of b:	6.7460543571513	

	
    Current index:	59501	
    Magnitude of W_grad:	7.310733748124	
    Magnitude of W:	56575.670966269	
    Magnitude of B_grad:	0.052727107872408	
    Magnitude of b:	6.7812241406498	

	
    Current index:	69501	
    Magnitude of W_grad:	6.3673894599669	
    Magnitude of W:	56545.507338404	
    Magnitude of B_grad:	0.083688864874136	
    Magnitude of b:	6.8690678705608	

	
    Current index:	79501	
    Magnitude of W_grad:	8.5016978717246	
    Magnitude of W:	56515.676672917	
    Magnitude of B_grad:	0.47393152197604	
    Magnitude of b:	6.6819519733022	

	
SGD: Loss is	
	LOSS:Calculated softmax res	
267592.2367844	
SGD: crossEntropyLoss is	
267592.2367844	
SGD: Validation Accuracy is:	
0.24432334241599	
SGD: Magnitude of W:	
56515.676672917	
SGD: Magnitude of b:	
6.6819519733022	
    Current index:	9501	
    Magnitude of W_grad:	7.8134297225061	
    Magnitude of W:	56486.939680774	
    Magnitude of B_grad:	0.10439353424197	
    Magnitude of b:	6.4570205647377	

	
    Current index:	19501	
    Magnitude of W_grad:	7.4809250206971	
    Magnitude of W:	56457.538095687	
    Magnitude of B_grad:	0.1618591570512	
    Magnitude of b:	6.4472210361473	

	
    Current index:	29501	
    Magnitude of W_grad:	6.2225977861707	
    Magnitude of W:	56428.303560269	
    Magnitude of B_grad:	0.089134864833941	
    Magnitude of b:	6.718820162685	

	
    Current index:	39501	
    Magnitude of W_grad:	10.424783538742	
    Magnitude of W:	56398.447077167	
    Magnitude of B_grad:	0.52830886815678	
    Magnitude of b:	6.9397505266926	

	
    Current index:	49501	
    Magnitude of W_grad:	7.9703085985102	
    Magnitude of W:	56367.504820065	
    Magnitude of B_grad:	0.22713352058008	
    Magnitude of b:	6.7326108680791	

	
    Current index:	59501	
    Magnitude of W_grad:	7.2376168337341	
    Magnitude of W:	56338.791959377	
    Magnitude of B_grad:	0.052077982031256	
    Magnitude of b:	6.7689135133728	

	
    Current index:	69501	
    Magnitude of W_grad:	6.2873322098339	
    Magnitude of W:	56308.968008015	
    Magnitude of B_grad:	0.082128601362062	
    Magnitude of b:	6.8572745974468	

	
    Current index:	79501	
    Magnitude of W_grad:	8.2648833678697	
    Magnitude of W:	56279.48339847	
    Magnitude of B_grad:	0.46565475783178	
    Magnitude of b:	6.6741692302124	

	
SGD: Loss is	
	LOSS:Calculated softmax res	
264373.20993741	
SGD: crossEntropyLoss is	
264373.20993741	
SGD: Validation Accuracy is:	
0.24341507720254	
SGD: Magnitude of W:	
56279.48339847	
SGD: Magnitude of b:	
6.6741692302124	
    Current index:	9501	
    Magnitude of W_grad:	7.7543346914804	
    Magnitude of W:	56251.046751425	
    Magnitude of B_grad:	0.103410371777	
    Magnitude of b:	6.4464415962692	

	
    Current index:	19501	
    Magnitude of W_grad:	7.4115476491077	
    Magnitude of W:	56221.943359741	
    Magnitude of B_grad:	0.16105257058034	
    Magnitude of b:	6.4391684062138	

	
    Current index:	29501	
    Magnitude of W_grad:	6.1748728688818	
    Magnitude of W:	56193.106670719	
    Magnitude of B_grad:	0.088862956054849	
    Magnitude of b:	6.6971079736707	

	
    Current index:	39501	
    Magnitude of W_grad:	10.310214856756	
    Magnitude of W:	56163.489439369	
    Magnitude of B_grad:	0.52168259768391	
    Magnitude of b:	6.9265925034672	

	
    Current index:	49501	
    Magnitude of W_grad:	7.8736181841896	
    Magnitude of W:	56133.021528625	
    Magnitude of B_grad:	0.22199480957916	
    Magnitude of b:	6.7195115358991	

	
    Current index:	59501	
    Magnitude of W_grad:	7.170705470587	
    Magnitude of W:	56104.609337492	
    Magnitude of B_grad:	0.05152458224282	
    Magnitude of b:	6.7569027789395	

	
    Current index:	69501	
    Magnitude of W_grad:	6.215099140199	
    Magnitude of W:	56075.058301983	
    Magnitude of B_grad:	0.080514289966296	
    Magnitude of b:	6.8456831172129	

	
    Current index:	79501	
    Magnitude of W_grad:	8.0457738010045	
    Magnitude of W:	56045.915799106	
    Magnitude of B_grad:	0.45770403241601	
    Magnitude of b:	6.6665418236271	

	
SGD: Loss is	
	LOSS:Calculated softmax res	
261285.88035256	
SGD: crossEntropyLoss is	
261285.88035256	
SGD: Validation Accuracy is:	
0.24432334241599	
SGD: Magnitude of W:	
56045.915799106	
SGD: Magnitude of b:	
6.6665418236271	
    Current index:	9501	
    Magnitude of W_grad:	7.6963136582309	
    Magnitude of W:	56017.838702333	
    Magnitude of B_grad:	0.10243492164334	
    Magnitude of b:	6.4360549085818	

	
    Current index:	19501	
    Magnitude of W_grad:	7.3435600047958	
    Magnitude of W:	55989.005903029	
    Magnitude of B_grad:	0.16029677499565	
    Magnitude of b:	6.431214846855	

	
    Current index:	29501	
    Magnitude of W_grad:	6.1275946271911	
    Magnitude of W:	55960.489306876	
    Magnitude of B_grad:	0.088576647988689	
    Magnitude of b:	6.6761939379787	

	
    Current index:	39501	
    Magnitude of W_grad:	10.198584664672	
    Magnitude of W:	55931.141507029	
    Magnitude of B_grad:	0.51511524960118	
    Magnitude of b:	6.9137105319115	

	
    Current index:	49501	
    Magnitude of W_grad:	7.7752728885119	
    Magnitude of W:	55901.002478836	
    Magnitude of B_grad:	0.21678275867656	
    Magnitude of b:	6.7067264652746	

	
    Current index:	59501	
    Magnitude of W_grad:	7.1085652969614	
    Magnitude of W:	55872.935826832	
    Magnitude of B_grad:	0.051067437872285	
    Magnitude of b:	6.7451582643103	

	
    Current index:	69501	
    Magnitude of W_grad:	6.1461446063801	
    Magnitude of W:	55843.757967319	
    Magnitude of B_grad:	0.078865688677887	
    Magnitude of b:	6.8342697083457	

	
    Current index:	79501	
    Magnitude of W_grad:	7.8421112914607	
    Magnitude of W:	55814.909946186	
    Magnitude of B_grad:	0.45005384191005	
    Magnitude of b:	6.6590411017003	

	
SGD: Loss is	
	LOSS:Calculated softmax res	
258319.67693182	
SGD: crossEntropyLoss is	
258319.67693182	
SGD: Validation Accuracy is:	
0.24432334241599	
SGD: Magnitude of W:	
55814.909946186	
SGD: Magnitude of b:	
6.6590411017003	
    Current index:	9501	
    Magnitude of W_grad:	7.6375305680282	
    Magnitude of W:	55787.27135132	
    Magnitude of B_grad:	0.10146407120645	
    Magnitude of b:	6.4258289312047	

	
    Current index:	19501	
    Magnitude of W_grad:	7.2763381468827	
    Magnitude of W:	55758.713196622	
    Magnitude of B_grad:	0.15958177429806	
    Magnitude of b:	6.4233240425338	

	
    Current index:	29501	
    Magnitude of W_grad:	6.0806449586712	
    Magnitude of W:	55730.560347594	
    Magnitude of B_grad:	0.088274447668378	
    Magnitude of b:	6.6560079470185	

	
    Current index:	39501	
    Magnitude of W_grad:	10.089603253882	
    Magnitude of W:	55701.515489215	
    Magnitude of B_grad:	0.50861711867396	
    Magnitude of b:	6.9010668693015	

	
    Current index:	49501	
    Magnitude of W_grad:	7.6763905990938	
    Magnitude of W:	55671.722714572	
    Magnitude of B_grad:	0.21155463281542	
    Magnitude of b:	6.694241740153	

	
    Current index:	59501	
    Magnitude of W_grad:	7.0479091329028	
    Magnitude of W:	55643.890112504	
    Magnitude of B_grad:	0.050704324873846	
    Magnitude of b:	6.7336587798828	

	
    Current index:	69501	
    Magnitude of W_grad:	6.0816638336805	
    Magnitude of W:	55615.058604672	
    Magnitude of B_grad:	0.077198259250657	
    Magnitude of b:	6.8230215892885	

	
    Current index:	79501	
    Magnitude of W_grad:	7.6535340401459	
    Magnitude of W:	55586.497226473	
    Magnitude of B_grad:	0.44266608378206	
    Magnitude of b:	6.6516598564508	

	
SGD: Loss is	
	LOSS:Calculated softmax res	
255465.43396719	
SGD: crossEntropyLoss is	
255465.43396719	
SGD: Validation Accuracy is:	
0.24704813805631	
SGD: Magnitude of W:	
55586.497226473	
SGD: Magnitude of b:	
6.6516598564508	
    Current index:	9501	
    Magnitude of W_grad:	7.5780065627768	
    Magnitude of W:	55559.198881207	
    Magnitude of B_grad:	0.10049554361752	
    Magnitude of b:	6.4157481490219	

	
    Current index:	19501	
    Magnitude of W_grad:	7.2086251685917	
    Magnitude of W:	55530.883196253	
    Magnitude of B_grad:	0.1588988207982	
    Magnitude of b:	6.4154757718254	

	
    Current index:	29501	
    Magnitude of W_grad:	6.0339375931186	
    Magnitude of W:	55502.976848377	
    Magnitude of B_grad:	0.08795342591567	
    Magnitude of b:	6.6364937036269	

	
    Current index:	39501	
    Magnitude of W_grad:	9.982602334656	
    Magnitude of W:	55474.143665404	
    Magnitude of B_grad:	0.50220029432547	
    Magnitude of b:	6.8886424179791	

	
    Current index:	49501	
    Magnitude of W_grad:	7.5764548811311	
    Magnitude of W:	55444.629748295	
    Magnitude of B_grad:	0.20636712022728	
    Magnitude of b:	6.6820499873091	

	
    Current index:	59501	
    Magnitude of W_grad:	6.9888802836862	
    Magnitude of W:	55417.029244615	
    Magnitude of B_grad:	0.050430907162353	
    Magnitude of b:	6.7223891864399	

	
    Current index:	69501	
    Magnitude of W_grad:	6.0208212336908	
    Magnitude of W:	55388.473522927	
    Magnitude of B_grad:	0.075523716298288	
    Magnitude of b:	6.8119311493924	

	
    Current index:	79501	
    Magnitude of W_grad:	7.4788116248883	
    Magnitude of W:	55360.226528385	
    Magnitude of B_grad:	0.43549521470242	
    Magnitude of b:	6.6444026493687	

	
SGD: Loss is	
	LOSS:Calculated softmax res	
252715.13556193	
SGD: crossEntropyLoss is	
252715.13556193	
SGD: Validation Accuracy is:	
0.24977293369664	
SGD: Magnitude of W:	
55360.226528385	
SGD: Magnitude of b:	
6.6444026493687	
    Current index:	9501	
    Magnitude of W_grad:	7.518489937988	
    Magnitude of W:	55333.18927296	
    Magnitude of B_grad:	0.099527446583188	
    Magnitude of b:	6.405805420551	

	
    Current index:	19501	
    Magnitude of W_grad:	7.1412684459453	
    Magnitude of W:	55305.180877948	
    Magnitude of B_grad:	0.15824060432479	
    Magnitude of b:	6.407658695612	

	
    Current index:	29501	
    Magnitude of W_grad:	5.9861086659803	
    Magnitude of W:	55277.52571355	
    Magnitude of B_grad:	0.087610333697691	
    Magnitude of b:	6.6176045312483	

	
    Current index:	39501	
    Magnitude of W_grad:	9.8771464309703	
    Magnitude of W:	55248.95609718	
    Magnitude of B_grad:	0.49587788215569	
    Magnitude of b:	6.8764285423076	

	
    Current index:	49501	
    Magnitude of W_grad:	7.4763039178674	
    Magnitude of W:	55219.737996426	
    Magnitude of B_grad:	0.20127393344798	
    Magnitude of b:	6.6701455833537	

	
    Current index:	59501	
    Magnitude of W_grad:	6.9327356926691	
    Magnitude of W:	55192.388230104	
    Magnitude of B_grad:	0.050241396021864	
    Magnitude of b:	6.7113373958143	

	
    Current index:	69501	
    Magnitude of W_grad:	5.9621083205069	
    Magnitude of W:	55164.06274125	
    Magnitude of B_grad:	0.073850692111245	
    Magnitude of b:	6.8009932477952	

	
    Current index:	79501	
    Magnitude of W_grad:	7.3140266861102	
    Magnitude of W:	55136.105050463	
    Magnitude of B_grad:	0.42849314579268	
    Magnitude of b:	6.6372794948992	

	
SGD: Loss is	
	LOSS:Calculated softmax res	
250061.71314955	
SGD: crossEntropyLoss is	
250061.71314955	
SGD: Validation Accuracy is:	
0.25068119891008	
SGD: Magnitude of W:	
55136.105050463	
SGD: Magnitude of b:	
6.6372794948992	
    Current index:	9501	
    Magnitude of W_grad:	7.4589419090365	
    Magnitude of W:	55109.279905968	
    Magnitude of B_grad:	0.09855801687846	
    Magnitude of b:	6.3959975251996	

	
    Current index:	19501	
    Magnitude of W_grad:	7.0744048455973	
    Magnitude of W:	55081.545599538	
    Magnitude of B_grad:	0.15760116124792	
    Magnitude of b:	6.3998665013961	

	
    Current index:	29501	
    Magnitude of W_grad:	5.9387098123417	
    Magnitude of W:	55054.236677723	
    Magnitude of B_grad:	0.087242269285447	
    Magnitude of b:	6.6019381560803	

	
    Current index:	39501	
    Magnitude of W_grad:	9.772979524368	
    Magnitude of W:	55025.986736635	
    Magnitude of B_grad:	0.48966317388053	
    Magnitude of b:	6.8644221246446	

	
    Current index:	49501	
    Magnitude of W_grad:	7.3760105339202	
    Magnitude of W:	54997.018249021	
    Magnitude of B_grad:	0.19632332171222	
    Magnitude of b:	6.6585225144368	

	
    Current index:	59501	
    Magnitude of W_grad:	6.8787363118763	
    Magnitude of W:	54969.959757155	
    Magnitude of B_grad:	0.050129121322027	
    Magnitude of b:	6.7004930532209	

	
    Current index:	69501	
    Magnitude of W_grad:	5.9062130462413	
    Magnitude of W:	54942.050506946	
    Magnitude of B_grad:	0.072185441585923	
    Magnitude of b:	6.7902040542616	

	
    Current index:	79501	
    Magnitude of W_grad:	7.1563583864603	
    Magnitude of W:	54914.370305855	
    Magnitude of B_grad:	0.42161364061048	
    Magnitude of b:	6.6303016971221	

	
SGD: Loss is	
	LOSS:Calculated softmax res	
247498.88238514	
SGD: crossEntropyLoss is	
247498.88238514	
SGD: Validation Accuracy is:	
0.25249772933697	
SGD: Magnitude of W:	
54914.370305855	
SGD: Magnitude of b:	
6.6303016971221	
    Current index:	9501	
    Magnitude of W_grad:	7.3984459166994	
    Magnitude of W:	54887.779535773	
    Magnitude of B_grad:	0.097585482606332	
    Magnitude of b:	6.3863227671093	

	
    Current index:	19501	
    Magnitude of W_grad:	7.0084163649577	
    Magnitude of W:	54860.344517626	
    Magnitude of B_grad:	0.15697563868421	
    Magnitude of b:	6.3920959359931	

	
    Current index:	29501	
    Magnitude of W_grad:	5.8914472895252	
    Magnitude of W:	54833.32741309	
    Magnitude of B_grad:	0.086846997147474	
    Magnitude of b:	6.591598600941	

	
    Current index:	39501	
    Magnitude of W_grad:	9.6709011745054	
    Magnitude of W:	54805.351006864	
    Magnitude of B_grad:	0.48356884155048	
    Magnitude of b:	6.8526226933913	

	
    Current index:	49501	
    Magnitude of W_grad:	7.2759928126622	
    Magnitude of W:	54776.713801705	
    Magnitude of B_grad:	0.19155599698771	
    Magnitude of b:	6.6471736310422	

	
    Current index:	59501	
    Magnitude of W_grad:	6.8257117351772	
    Magnitude of W:	54749.946343044	
    Magnitude of B_grad:	0.050086955605493	
    Magnitude of b:	6.6898469844912	

	
    Current index:	69501	
    Magnitude of W_grad:	5.8519612584205	
    Magnitude of W:	54722.308762597	
    Magnitude of B_grad:	0.070532496635932	
    Magnitude of b:	6.7795606234891	

	
    Current index:	79501	
    Magnitude of W_grad:	7.0047480385154	
    Magnitude of W:	54694.879589094	
    Magnitude of B_grad:	0.41481608955916	
    Magnitude of b:	6.6234791083955	

	
SGD: Loss is	
	LOSS:Calculated softmax res	
245021.01088457	
SGD: crossEntropyLoss is	
245021.01088457	
SGD: Validation Accuracy is:	
0.25158946412352	
SGD: Magnitude of W:	
54694.879589094	
SGD: Magnitude of b:	
6.6234791083955	
    Current index:	9501	
    Magnitude of W_grad:	7.3362914613516	
    Magnitude of W:	54668.534662437	
    Magnitude of B_grad:	0.096608014617883	
    Magnitude of b:	6.3767798678592	

	
    Current index:	19501	
    Magnitude of W_grad:	6.9431942478152	
    Magnitude of W:	54641.383850812	
    Magnitude of B_grad:	0.15636000755966	
    Magnitude of b:	6.3843458424408	

	
    Current index:	29501	
    Magnitude of W_grad:	5.8436219145804	
    Magnitude of W:	54614.653679536	
    Magnitude of B_grad:	0.086423031436086	
    Magnitude of b:	6.5814006525473	

	
    Current index:	39501	
    Magnitude of W_grad:	9.5723384085388	
    Magnitude of W:	54586.902010439	
    Magnitude of B_grad:	0.47760623563035	
    Magnitude of b:	6.8410308259755	

	
    Current index:	49501	
    Magnitude of W_grad:	7.1765643850614	
    Magnitude of W:	54558.509624996	
    Magnitude of B_grad:	0.1870038253871	
    Magnitude of b:	6.6360906079602	

	
    Current index:	59501	
    Magnitude of W_grad:	6.7735521463641	
    Magnitude of W:	54532.018962646	
    Magnitude of B_grad:	0.050107588326444	
    Magnitude of b:	6.6793909891857	

	
    Current index:	69501	
    Magnitude of W_grad:	5.8021471738171	
    Magnitude of W:	54504.65415454	
    Magnitude of B_grad:	0.068895212206563	
    Magnitude of b:	6.7690607976562	

	
    Current index:	79501	
    Magnitude of W_grad:	6.8595106656461	
    Magnitude of W:	54477.414655369	
    Magnitude of B_grad:	0.40806854253562	
    Magnitude of b:	6.6168183661641	

	
SGD: Loss is	
	LOSS:Calculated softmax res	
242623.01122052	
SGD: crossEntropyLoss is	
242623.01122052	
SGD: Validation Accuracy is:	
0.24977293369664	
SGD: Magnitude of W:	
54477.414655369	
SGD: Magnitude of b:	
6.6168183661641	
    Current index:	9501	
    Magnitude of W_grad:	7.2724453991504	
    Magnitude of W:	54451.273932287	
    Magnitude of B_grad:	0.095623764553923	
    Magnitude of b:	6.3673676434344	

	
    Current index:	19501	
    Magnitude of W_grad:	6.8783941947182	
    Magnitude of W:	54424.381877773	
    Magnitude of B_grad:	0.15575078911731	
    Magnitude of b:	6.3766167207396	

	
    Current index:	29501	
    Magnitude of W_grad:	5.7953993900022	
    Magnitude of W:	54397.886530215	
    Magnitude of B_grad:	0.085969582939045	
    Magnitude of b:	6.5713426792641	

	
    Current index:	39501	
    Magnitude of W_grad:	9.4777848131281	
    Magnitude of W:	54370.411009563	
    Magnitude of B_grad:	0.4717848500701	
    Magnitude of b:	6.8296473275831	

	
    Current index:	49501	
    Magnitude of W_grad:	7.0786492079587	
    Magnitude of W:	54342.276711509	
    Magnitude of B_grad:	0.18268941491605	
    Magnitude of b:	6.625264243641	

	
    Current index:	59501	
    Magnitude of W_grad:	6.7224606101735	
    Magnitude of W:	54316.06810707	
    Magnitude of B_grad:	0.050183685373129	
    Magnitude of b:	6.6691177872372	

	
    Current index:	69501	
    Magnitude of W_grad:	5.7546195998687	
    Magnitude of W:	54288.948050893	
    Magnitude of B_grad:	0.067276188372948	
    Magnitude of b:	6.75870322343	

	
    Current index:	79501	
    Magnitude of W_grad:	6.7187442291776	
    Magnitude of W:	54261.895270355	
    Magnitude of B_grad:	0.40134984124426	
    Magnitude of b:	6.6103218526485	

	
SGD: Loss is	
	LOSS:Calculated softmax res	
240300.25513395	
SGD: crossEntropyLoss is	
240300.25513395	
SGD: Validation Accuracy is:	
0.25158946412352	
SGD: Magnitude of W:	
54261.895270355	
SGD: Magnitude of b:	
6.6103218526485	
    Current index:	9501	
    Magnitude of W_grad:	7.2075290326385	
    Magnitude of W:	54235.974292956	
    Magnitude of B_grad:	0.094630987449624	
    Magnitude of b:	6.3580851332483	

	
    Current index:	19501	
    Magnitude of W_grad:	6.8138048689302	
    Magnitude of W:	54209.272213655	
    Magnitude of B_grad:	0.15514483970318	
    Magnitude of b:	6.3689105652245	

	
    Current index:	29501	
    Magnitude of W_grad:	5.747219236673	
    Magnitude of W:	54183.023014222	
    Magnitude of B_grad:	0.08548644603366	
    Magnitude of b:	6.5614243771094	

	
    Current index:	39501	
    Magnitude of W_grad:	9.3852567142321	
    Magnitude of W:	54155.842599654	
    Magnitude of B_grad:	0.46611198821305	
    Magnitude of b:	6.818472881255	

	
    Current index:	49501	
    Magnitude of W_grad:	6.9825522194815	
    Magnitude of W:	54128.019146965	
    Magnitude of B_grad:	0.17862651753916	
    Magnitude of b:	6.6146849065256	

	
    Current index:	59501	
    Magnitude of W_grad:	6.6718908616366	
    Magnitude of W:	54102.022168054	
    Magnitude of B_grad:	0.050345984104981	
    Magnitude of b:	6.6590210297194	

	
    Current index:	69501	
    Magnitude of W_grad:	5.7083032236825	
    Magnitude of W:	54075.103694018	
    Magnitude of B_grad:	0.065677580272287	
    Magnitude of b:	6.7484873735857	

	
    Current index:	79501	
    Magnitude of W_grad:	6.5824451183573	
    Magnitude of W:	54048.268269567	
    Magnitude of B_grad:	0.39465067304869	
    Magnitude of b:	6.6039872597559	

	
SGD: Loss is	
	LOSS:Calculated softmax res	
238048.50561717	
SGD: crossEntropyLoss is	
238048.50561717	
SGD: Validation Accuracy is:	
0.25431425976385	
SGD: Magnitude of W:	
54048.268269567	
SGD: Magnitude of b:	
6.6039872597559	
    Current index:	9501	
    Magnitude of W_grad:	7.1413256024926	
    Magnitude of W:	54022.616136222	
    Magnitude of B_grad:	0.093628233131968	
    Magnitude of b:	6.3489319567491	

	
    Current index:	19501	
    Magnitude of W_grad:	6.7497896038778	
    Magnitude of W:	53996.106589589	
    Magnitude of B_grad:	0.15453922146168	
    Magnitude of b:	6.361230840648	

	
    Current index:	29501	
    Magnitude of W_grad:	5.6999899187597	
    Magnitude of W:	53970.130901456	
    Magnitude of B_grad:	0.084973879024312	
    Magnitude of b:	6.551646736665	

	
    Current index:	39501	
    Magnitude of W_grad:	9.294383245087	
    Magnitude of W:	53943.149454943	
    Magnitude of B_grad:	0.46059263139725	
    Magnitude of b:	6.8075079709663	

	
    Current index:	49501	
    Magnitude of W_grad:	6.8884788799114	
    Magnitude of W:	53915.60499588	
    Magnitude of B_grad:	0.17482102491122	
    Magnitude of b:	6.604343020653	

	
    Current index:	59501	
    Magnitude of W_grad:	6.6225258248075	
    Magnitude of W:	53889.813852455	
    Magnitude of B_grad:	0.050563699073459	
    Magnitude of b:	6.6490953316753	

	
    Current index:	69501	
    Magnitude of W_grad:	5.6641819695724	
    Magnitude of W:	53863.085075343	
    Magnitude of B_grad:	0.064101315456858	
    Magnitude of b:	6.7384135270037	

	
    Current index:	79501	
    Magnitude of W_grad:	6.4506979118934	
    Magnitude of W:	53836.4529119	
    Magnitude of B_grad:	0.38797342236968	
    Magnitude of b:	6.5978077149293	

	
SGD: Loss is	
	LOSS:Calculated softmax res	
235863.86379946	
SGD: crossEntropyLoss is	
235863.86379946	
SGD: Validation Accuracy is:	
0.25885558583106	
SGD: Magnitude of W:	
53836.4529119	
SGD: Magnitude of b:	
6.5978077149293	
    Current index:	9501	
    Magnitude of W_grad:	7.0737452544276	
    Magnitude of W:	53811.00723346	
    Magnitude of B_grad:	0.092614574267511	
    Magnitude of b:	6.3399087244937	

	
    Current index:	19501	
    Magnitude of W_grad:	6.688053636644	
    Magnitude of W:	53784.739605369	
    Magnitude of B_grad:	0.15393116750667	
    Magnitude of b:	6.3535824895769	

	
    Current index:	29501	
    Magnitude of W_grad:	5.6530247152691	
    Magnitude of W:	53759.030751415	
    Magnitude of B_grad:	0.084432508180811	
    Magnitude of b:	6.5420119892253	

	
    Current index:	39501	
    Magnitude of W_grad:	9.2051042669648	
    Magnitude of W:	53732.249051353	
    Magnitude of B_grad:	0.45522948700745	
    Magnitude of b:	6.7967529267313	

	
    Current index:	49501	
    Magnitude of W_grad:	6.7966731249445	
    Magnitude of W:	53704.893297727	
    Magnitude of B_grad:	0.17127229296543	
    Magnitude of b:	6.5942295113567	

	
    Current index:	59501	
    Magnitude of W_grad:	6.57549631326	
    Magnitude of W:	53679.301122746	
    Magnitude of B_grad:	0.050785530728433	
    Magnitude of b:	6.6393362976406	

	
    Current index:	69501	
    Magnitude of W_grad:	5.621315186294	
    Magnitude of W:	53652.73878819	
    Magnitude of B_grad:	0.062549235007148	
    Magnitude of b:	6.7284826930727	

	
    Current index:	79501	
    Magnitude of W_grad:	6.3222989659543	
    Magnitude of W:	53626.359249007	
    Magnitude of B_grad:	0.3820878327978	
    Magnitude of b:	6.5917724187993	

	
SGD: Loss is	
	LOSS:Calculated softmax res	
233742.72774235	
SGD: crossEntropyLoss is	
233742.72774235	
SGD: Validation Accuracy is:	
0.26158038147139	
SGD: Magnitude of W:	
53626.359249007	
SGD: Magnitude of b:	
6.5917724187993	
    Current index:	9501	
    Magnitude of W_grad:	7.0051551146349	
    Magnitude of W:	53601.155697939	
    Magnitude of B_grad:	0.091589828378361	
    Magnitude of b:	6.3310173557171	

	
    Current index:	19501	
    Magnitude of W_grad:	6.6272076673837	
    Magnitude of W:	53575.13925158	
    Magnitude of B_grad:	0.15406137405221	
    Magnitude of b:	6.3459718696779	

	
    Current index:	29501	
    Magnitude of W_grad:	5.6059094031416	
    Magnitude of W:	53549.6617918	
    Magnitude of B_grad:	0.083863263721732	
    Magnitude of b:	6.5325234360233	

	
    Current index:	39501	
    Magnitude of W_grad:	9.1177011037511	
    Magnitude of W:	53523.106058681	
    Magnitude of B_grad:	0.45002317865809	
    Magnitude of b:	6.7862079711896	

	
    Current index:	49501	
    Magnitude of W_grad:	6.7072655076756	
    Magnitude of W:	53496.080695495	
    Magnitude of B_grad:	0.1679745596904	
    Magnitude of b:	6.5843361389885	

	
    Current index:	59501	
    Magnitude of W_grad:	6.5295605756418	
    Magnitude of W:	53470.764421496	
    Magnitude of B_grad:	0.051007882983674	
    Magnitude of b:	6.62974050737	

	
    Current index:	69501	
    Magnitude of W_grad:	5.5788185291318	
    Magnitude of W:	53444.416021393	
    Magnitude of B_grad:	0.061023170598973	
    Magnitude of b:	6.7186964771175	

	
    Current index:	79501	
    Magnitude of W_grad:	6.1970146785668	
    Magnitude of W:	53418.328006642	
    Magnitude of B_grad:	0.37734934797027	
    Magnitude of b:	6.5858676834195	

	
SGD: Loss is	
	LOSS:Calculated softmax res	
231681.76048651	
SGD: crossEntropyLoss is	
231681.76048651	
SGD: Validation Accuracy is:	
0.26248864668483	
SGD: Magnitude of W:	
53418.328006642	
SGD: Magnitude of b:	
6.5858676834195	
    Current index:	9501	
    Magnitude of W_grad:	6.9359758171232	
    Magnitude of W:	53393.315878381	
    Magnitude of B_grad:	0.090554731087386	
    Magnitude of b:	6.3222611930157	

	
    Current index:	19501	
    Magnitude of W_grad:	6.5694823262711	
    Magnitude of W:	53367.476020771	
    Magnitude of B_grad:	0.15412404433099	
    Magnitude of b:	6.3384065461882	

	
    Current index:	29501	
    Magnitude of W_grad:	5.5594141236607	
    Magnitude of W:	53342.20978943	
    Magnitude of B_grad:	0.083267339182225	
    Magnitude of b:	6.5231851240962	

	
    Current index:	39501	
    Magnitude of W_grad:	9.0319564509291	
    Magnitude of W:	53315.927081005	
    Magnitude of B_grad:	0.44497253595477	
    Magnitude of b:	6.7758731906676	

	
    Current index:	49501	
    Magnitude of W_grad:	6.620295339979	
    Magnitude of W:	53289.228532574	
    Magnitude of B_grad:	0.16491828643286	
    Magnitude of b:	6.5746556666339	

	
    Current index:	59501	
    Magnitude of W_grad:	6.4842964491297	
    Magnitude of W:	53264.124732111	
    Magnitude of B_grad:	0.051227283260658	
    Magnitude of b:	6.6203054315057	

	
    Current index:	69501	
    Magnitude of W_grad:	5.5368649511021	
    Magnitude of W:	53237.99296847	
    Magnitude of B_grad:	0.059524969414348	
    Magnitude of b:	6.7090568876188	

	
    Current index:	79501	
    Magnitude of W_grad:	6.0755598863421	
    Magnitude of W:	53212.09663534	
    Magnitude of B_grad:	0.37276009758179	
    Magnitude of b:	6.5800781889377	

	
SGD: Loss is	
	LOSS:Calculated softmax res	
229677.86501124	
SGD: crossEntropyLoss is	
229677.86501124	
SGD: Validation Accuracy is:	
0.26521344232516	
SGD: Magnitude of W:	
53212.09663534	
SGD: Magnitude of b:	
6.5800781889377	
    Current index:	9501	
    Magnitude of W_grad:	6.86834213397	
    Magnitude of W:	53187.253918774	
    Magnitude of B_grad:	0.089511028222716	
    Magnitude of b:	6.3136448698422	

	
    Current index:	19501	
    Magnitude of W_grad:	6.5131090385297	
    Magnitude of W:	53161.565169897	
    Magnitude of B_grad:	0.15409568319357	
    Magnitude of b:	6.3308949210212	

	
    Current index:	29501	
    Magnitude of W_grad:	5.514328753567	
    Magnitude of W:	53136.554102297	
    Magnitude of B_grad:	0.082646158889969	
    Magnitude of b:	6.5140014000498	

	
    Current index:	39501	
    Magnitude of W_grad:	8.947822626688	
    Magnitude of W:	53110.515930515	
    Magnitude of B_grad:	0.44007494068671	
    Magnitude of b:	6.7657484101267	

	
    Current index:	49501	
    Magnitude of W_grad:	6.5381720661181	
    Magnitude of W:	53084.065474118	
    Magnitude of B_grad:	0.16209132531441	
    Magnitude of b:	6.5651818459861	

	
    Current index:	59501	
    Magnitude of W_grad:	6.4395394756965	
    Magnitude of W:	53059.124339106	
    Magnitude of B_grad:	0.051440493446742	
    Magnitude of b:	6.6110292635537	

	
    Current index:	69501	
    Magnitude of W_grad:	5.4957282408542	
    Magnitude of W:	53033.209963975	
    Magnitude of B_grad:	0.058056480828082	
    Magnitude of b:	6.6995660936032	

	
    Current index:	79501	
    Magnitude of W_grad:	5.9582099768104	
    Magnitude of W:	53007.53799384	
    Magnitude of B_grad:	0.36831901664685	
    Magnitude of b:	6.5743882430645	

	
SGD: Loss is	
	LOSS:Calculated softmax res	
227728.1641322	
SGD: crossEntropyLoss is	
227728.1641322	
SGD: Validation Accuracy is:	
0.2661217075386	
SGD: Magnitude of W:	
53007.53799384	
SGD: Magnitude of b:	
6.5743882430645	
    Current index:	9501	
    Magnitude of W_grad:	6.8007156177023	
    Magnitude of W:	52982.826193145	
    Magnitude of B_grad:	0.088461471134065	
    Magnitude of b:	6.3051739577184	

	
    Current index:	19501	
    Magnitude of W_grad:	6.457532216786	
    Magnitude of W:	52957.319235059	
    Magnitude of B_grad:	0.15398019938985	
    Magnitude of b:	6.3234457405964	

	
    Current index:	29501	
    Magnitude of W_grad:	5.4712826012879	
    Magnitude of W:	52932.540005491	
    Magnitude of B_grad:	0.082001341753794	
    Magnitude of b:	6.5049764174904	

	
    Current index:	39501	
    Magnitude of W_grad:	8.8657433759707	
    Magnitude of W:	52906.703421281	
    Magnitude of B_grad:	0.43532668856914	
    Magnitude of b:	6.7558329997998	

	
    Current index:	49501	
    Magnitude of W_grad:	6.4588011806867	
    Magnitude of W:	52880.551883824	
    Magnitude of B_grad:	0.15947987573915	
    Magnitude of b:	6.5559092493905	

	
    Current index:	59501	
    Magnitude of W_grad:	6.3951860592933	
    Magnitude of W:	52855.778633288	
    Magnitude of B_grad:	0.051687180145433	
    Magnitude of b:	6.6019106790539	

	
    Current index:	69501	
    Magnitude of W_grad:	5.4550657200114	
    Magnitude of W:	52830.13473889	
    Magnitude of B_grad:	0.056619519634943	
    Magnitude of b:	6.6902261515426	

	
    Current index:	79501	
    Magnitude of W_grad:	5.845757422583	
    Magnitude of W:	52804.748825633	
    Magnitude of B_grad:	0.36402608978603	
    Magnitude of b:	6.5687828516594	

	
SGD: Loss is	
	LOSS:Calculated softmax res	
225829.98373547	
SGD: crossEntropyLoss is	
225829.98373547	
SGD: Validation Accuracy is:	
0.2661217075386	
SGD: Magnitude of W:	
52804.748825633	
SGD: Magnitude of b:	
6.5687828516594	
    Current index:	9501	
    Magnitude of W_grad:	6.7324079323514	
    Magnitude of W:	52780.231399801	
    Magnitude of B_grad:	0.087409717193177	
    Magnitude of b:	6.2968544697688	

	
    Current index:	19501	
    Magnitude of W_grad:	6.4031555106618	
    Magnitude of W:	52754.937462381	
    Magnitude of B_grad:	0.15378207168426	
    Magnitude of b:	6.3160675612012	

	
    Current index:	29501	
    Magnitude of W_grad:	5.4300913911031	
    Magnitude of W:	52730.376578218	
    Magnitude of B_grad:	0.081334657848339	
    Magnitude of b:	6.4961136807789	

	
    Current index:	39501	
    Magnitude of W_grad:	8.7853128376525	
    Magnitude of W:	52704.770857627	
    Magnitude of B_grad:	0.43072333147882	
    Magnitude of b:	6.7461256648901	

	
    Current index:	49501	
    Magnitude of W_grad:	6.3820092787001	
    Magnitude of W:	52678.828588942	
    Magnitude of B_grad:	0.1570692340485	
    Magnitude of b:	6.5468330062152	

	
    Current index:	59501	
    Magnitude of W_grad:	6.3512883286743	
    Magnitude of W:	52654.22508437	
    Magnitude of B_grad:	0.051967670713529	
    Magnitude of b:	6.5929485535016	

	
    Current index:	69501	
    Magnitude of W_grad:	5.4147483028991	
    Magnitude of W:	52628.789789144	
    Magnitude of B_grad:	0.055215818684732	
    Magnitude of b:	6.6810387303408	

	
    Current index:	79501	
    Magnitude of W_grad:	5.7373395159552	
    Magnitude of W:	52603.588749691	
    Magnitude of B_grad:	0.35988148461316	
    Magnitude of b:	6.5632484792087	

	
SGD: Loss is	
	LOSS:Calculated softmax res	
223980.83810913	
SGD: crossEntropyLoss is	
223980.83810913	
SGD: Validation Accuracy is:	
0.2661217075386	
SGD: Magnitude of W:	
52603.588749691	
SGD: Magnitude of b:	
6.5632484792087	
    Current index:	9501	
    Magnitude of W_grad:	6.6632734321303	
    Magnitude of W:	52579.23579724	
    Magnitude of B_grad:	0.086360151758659	
    Magnitude of b:	6.2886923140459	

	
    Current index:	19501	
    Magnitude of W_grad:	6.349527407496	
    Magnitude of W:	52554.095784721	
    Magnitude of B_grad:	0.15350629762311	
    Magnitude of b:	6.308768254295	

	
    Current index:	29501	
    Magnitude of W_grad:	5.3891015979498	
    Magnitude of W:	52529.786598774	
    Magnitude of B_grad:	0.080647981017404	
    Magnitude of b:	6.4874156865145	

	
    Current index:	39501	
    Magnitude of W_grad:	8.706422841694	
    Magnitude of W:	52504.395057709	
    Magnitude of B_grad:	0.42625997475495	
    Magnitude of b:	6.7366242680109	

	
    Current index:	49501	
    Magnitude of W_grad:	6.3072949912855	
    Magnitude of W:	52478.643461458	
    Magnitude of B_grad:	0.15484436211927	
    Magnitude of b:	6.5379485100444	

	
    Current index:	59501	
    Magnitude of W_grad:	6.3080701704652	
    Magnitude of W:	52454.204061767	
    Magnitude of B_grad:	0.052250110834996	
    Magnitude of b:	6.5841416804556	

	
    Current index:	69501	
    Magnitude of W_grad:	5.3748333173295	
    Magnitude of W:	52428.93005584	
    Magnitude of B_grad:	0.053846980240677	
    Magnitude of b:	6.6720048665055	

	
    Current index:	79501	
    Magnitude of W_grad:	5.6331962785817	
    Magnitude of W:	52403.884023445	
    Magnitude of B_grad:	0.35588495239967	
    Magnitude of b:	6.5577734653644	

	
SGD: Loss is	
	LOSS:Calculated softmax res	
222178.41648546	
SGD: crossEntropyLoss is	
222178.41648546	
SGD: Validation Accuracy is:	
0.26793823796549	
SGD: Magnitude of W:	
52403.884023445	
SGD: Magnitude of b:	
6.5577734653644	
    Current index:	9501	
    Magnitude of W_grad:	6.594554011491	
    Magnitude of W:	52379.717013513	
    Magnitude of B_grad:	0.08531765690355	
    Magnitude of b:	6.280692780542	

	
    Current index:	19501	
    Magnitude of W_grad:	6.2963837775042	
    Magnitude of W:	52354.799405544	
    Magnitude of B_grad:	0.15315830349889	
    Magnitude of b:	6.3015546138683	

	
    Current index:	29501	
    Magnitude of W_grad:	5.3480694120536	
    Magnitude of W:	52330.694913973	
    Magnitude of B_grad:	0.079943243035912	
    Magnitude of b:	6.4788836932462	

	
    Current index:	39501	
    Magnitude of W_grad:	8.6289270407567	
    Magnitude of W:	52305.484853404	
    Magnitude of B_grad:	0.42193151577779	
    Magnitude of b:	6.7273257176123	

	
    Current index:	49501	
    Magnitude of W_grad:	6.235425323412	
    Magnitude of W:	52280.001115893	
    Magnitude of B_grad:	0.15279030763393	
    Magnitude of b:	6.5292511537082	

	
    Current index:	59501	
    Magnitude of W_grad:	6.265644974523	
    Magnitude of W:	52255.746927408	
    Magnitude of B_grad:	0.052531157510088	
    Magnitude of b:	6.5754885298381	

	
    Current index:	69501	
    Magnitude of W_grad:	5.3357109598871	
    Magnitude of W:	52230.655177016	
    Magnitude of B_grad:	0.052514431937524	
    Magnitude of b:	6.6631247784512	

	
    Current index:	79501	
    Magnitude of W_grad:	5.5347973020838	
    Magnitude of W:	52205.856182019	
    Magnitude of B_grad:	0.35203548495401	
    Magnitude of b:	6.5523481380496	

	
SGD: Loss is	
	LOSS:Calculated softmax res	
220420.57023719	
SGD: crossEntropyLoss is	
220420.57023719	
SGD: Validation Accuracy is:	
0.26793823796549	
SGD: Magnitude of W:	
52205.856182019	
SGD: Magnitude of b:	
6.5523481380496	
    Current index:	9501	
    Magnitude of W_grad:	6.5265586220141	
    Magnitude of W:	52181.91488157	
    Magnitude of B_grad:	0.08428735571721	
    Magnitude of b:	6.2728601225363	

	
    Current index:	19501	
    Magnitude of W_grad:	6.2439252398511	
    Magnitude of W:	52157.198700639	
    Magnitude of B_grad:	0.1527438240288	
    Magnitude of b:	6.2944320986855	

	
    Current index:	29501	
    Magnitude of W_grad:	5.3077009520778	
    Magnitude of W:	52133.206508738	
    Magnitude of B_grad:	0.079222393654264	
    Magnitude of b:	6.4705176227073	

	
    Current index:	39501	
    Magnitude of W_grad:	8.552879668676	
    Magnitude of W:	52108.179002034	
    Magnitude of B_grad:	0.41773282089846	
    Magnitude of b:	6.718225935832	

	
    Current index:	49501	
    Magnitude of W_grad:	6.1669592094827	
    Magnitude of W:	52082.954064452	
    Magnitude of B_grad:	0.15089250702475	
    Magnitude of b:	6.520736130472	

	
    Current index:	59501	
    Magnitude of W_grad:	6.2241523609629	
    Magnitude of W:	52058.917837509	
    Magnitude of B_grad:	0.052808057766107	
    Magnitude of b:	6.5669870765702	

	
    Current index:	69501	
    Magnitude of W_grad:	5.2968053610522	
    Magnitude of W:	52034.074656465	
    Magnitude of B_grad:	0.051219390787718	
    Magnitude of b:	6.6543977601433	

	
    Current index:	79501	
    Magnitude of W_grad:	5.4438652702493	
    Magnitude of W:	52009.460624166	
    Magnitude of B_grad:	0.34833118268531	
    Magnitude of b:	6.5469647072147	

	
SGD: Loss is	
	LOSS:Calculated softmax res	
218705.30045824	
SGD: crossEntropyLoss is	
218705.30045824	
SGD: Validation Accuracy is:	
0.26884650317893	
SGD: Magnitude of W:	
52009.460624166	
SGD: Magnitude of b:	
6.5469647072147	
    Current index:	9501	
    Magnitude of W_grad:	6.4596782258151	
    Magnitude of W:	51985.761445079	
    Magnitude of B_grad:	0.083274359741551	
    Magnitude of b:	6.265197266395	

	
    Current index:	19501	
    Magnitude of W_grad:	6.1925159392632	
    Magnitude of W:	51961.20788599	
    Magnitude of B_grad:	0.1522687663638	
    Magnitude of b:	6.2874047151442	

	
    Current index:	29501	
    Magnitude of W_grad:	5.2680365179449	
    Magnitude of W:	51937.37587177	
    Magnitude of B_grad:	0.078487368397304	
    Magnitude of b:	6.4623160774609	

	
    Current index:	39501	
    Magnitude of W_grad:	8.4782781268503	
    Magnitude of W:	51912.585767741	
    Magnitude of B_grad:	0.41365884580922	
    Magnitude of b:	6.7093199029858	

	
    Current index:	49501	
    Magnitude of W_grad:	6.1004180750527	
    Magnitude of W:	51887.58837367	
    Magnitude of B_grad:	0.14913699696324	
    Magnitude of b:	6.5123983191537	

	
    Current index:	59501	
    Magnitude of W_grad:	6.1831994718704	
    Magnitude of W:	51863.701436564	
    Magnitude of B_grad:	0.053078613517236	
    Magnitude of b:	6.5586347151567	

	
    Current index:	69501	
    Magnitude of W_grad:	5.2581380371645	
    Magnitude of W:	51839.055986859	
    Magnitude of B_grad:	0.049962837172877	
    Magnitude of b:	6.6458221621658	

	
    Current index:	79501	
    Magnitude of W_grad:	5.3591467356541	
    Magnitude of W:	51814.629721403	
    Magnitude of B_grad:	0.34476927414257	
    Magnitude of b:	6.5416170339598	

	
SGD: Loss is	
	LOSS:Calculated softmax res	
217030.74587749	
SGD: crossEntropyLoss is	
217030.74587749	
SGD: Validation Accuracy is:	
0.27338782924614	
SGD: Magnitude of W:	
51814.629721403	
SGD: Magnitude of b:	
6.5416170339598	
    Current index:	9501	
    Magnitude of W_grad:	6.3940239637599	
    Magnitude of W:	51791.149692255	
    Magnitude of B_grad:	0.08228354228955	
    Magnitude of b:	6.2577056599024	

	
    Current index:	19501	
    Magnitude of W_grad:	6.1421016564022	
    Magnitude of W:	51766.794754928	
    Magnitude of B_grad:	0.15173907382608	
    Magnitude of b:	6.2804750266623	

	
    Current index:	29501	
    Magnitude of W_grad:	5.2291542348518	
    Magnitude of W:	51743.141544276	
    Magnitude of B_grad:	0.077740063989746	
    Magnitude of b:	6.454276450067	

	
    Current index:	39501	
    Magnitude of W_grad:	8.4056417993223	
    Magnitude of W:	51718.580664275	
    Magnitude of B_grad:	0.40970470898988	
    Magnitude of b:	6.7006017655685	

	
    Current index:	49501	
    Magnitude of W_grad:	6.0361331094974	
    Magnitude of W:	51693.691925185	
    Magnitude of B_grad:	0.1475105549159	
    Magnitude of b:	6.5042322530548	

	
    Current index:	59501	
    Magnitude of W_grad:	6.1427114922814	
    Magnitude of W:	51670.010194445	
    Magnitude of B_grad:	0.053341136912737	
    Magnitude of b:	6.5504282603853	

	
    Current index:	69501	
    Magnitude of W_grad:	5.2198849905058	
    Magnitude of W:	51645.566739564	
    Magnitude of B_grad:	0.048745499702269	
    Magnitude of b:	6.6373954554664	

	
    Current index:	79501	
    Magnitude of W_grad:	5.2794336667323	
    Magnitude of W:	51621.336131371	
    Magnitude of B_grad:	0.34134622836839	
    Magnitude of b:	6.5363003561614	

	
SGD: Loss is	
	LOSS:Calculated softmax res	
215395.17119135	
SGD: crossEntropyLoss is	
215395.17119135	
SGD: Validation Accuracy is:	
0.27429609445958	
SGD: Magnitude of W:	
51621.336131371	
SGD: Magnitude of b:	
6.5363003561614	
    Current index:	9501	
    Magnitude of W_grad:	6.3288282870256	
    Magnitude of W:	51598.115937122	
    Magnitude of B_grad:	0.081319353469769	
    Magnitude of b:	6.2503852502599	

	
    Current index:	19501	
    Magnitude of W_grad:	6.0922105670145	
    Magnitude of W:	51573.916148708	
    Magnitude of B_grad:	0.15116060191292	
    Magnitude of b:	6.2736442637945	

	
    Current index:	29501	
    Magnitude of W_grad:	5.1907003251997	
    Magnitude of W:	51550.387842814	
    Magnitude of B_grad:	0.076982320277419	
    Magnitude of b:	6.4463950956677	

	
    Current index:	39501	
    Magnitude of W_grad:	8.3353165812798	
    Magnitude of W:	51526.041584785	
    Magnitude of B_grad:	0.40586572942322	
    Magnitude of b:	6.6920649897189	

	
    Current index:	49501	
    Magnitude of W_grad:	5.974503077407	
    Magnitude of W:	51501.348413615	
    Magnitude of B_grad:	0.14600078495916	
    Magnitude of b:	6.496232159695	

	
    Current index:	59501	
    Magnitude of W_grad:	6.1027686072681	
    Magnitude of W:	51477.817324411	
    Magnitude of B_grad:	0.053594399727725	
    Magnitude of b:	6.542364021278	

	
    Current index:	69501	
    Magnitude of W_grad:	5.182172009767	
    Magnitude of W:	51453.538085158	
    Magnitude of B_grad:	0.047567850897248	
    Magnitude of b:	6.6291143622598	

	
    Current index:	79501	
    Magnitude of W_grad:	5.2039980030429	
    Magnitude of W:	51429.470145675	
    Magnitude of B_grad:	0.3380579118154	
    Magnitude of b:	6.531011026514	

	
SGD: Loss is	
	LOSS:Calculated softmax res	
213796.9559607	
SGD: crossEntropyLoss is	
213796.9559607	
SGD: Validation Accuracy is:	
0.27611262488647	
SGD: Magnitude of W:	
51429.470145675	
SGD: Magnitude of b:	
6.531011026514	
    Current index:	9501	
    Magnitude of W_grad:	6.2641875199439	
    Magnitude of W:	51406.427860305	
    Magnitude of B_grad:	0.080385685197115	
    Magnitude of b:	6.2432345699969	

	
    Current index:	19501	
    Magnitude of W_grad:	6.0429594558709	
    Magnitude of W:	51382.373528706	
    Magnitude of B_grad:	0.15053901463151	
    Magnitude of b:	6.2669125044909	

	
    Current index:	29501	
    Magnitude of W_grad:	5.1531754588824	
    Magnitude of W:	51359.031676547	
    Magnitude of B_grad:	0.076215907315577	
    Magnitude of b:	6.4386675410236	

	
    Current index:	39501	
    Magnitude of W_grad:	8.2668994352036	
    Magnitude of W:	51334.890037767	
    Magnitude of B_grad:	0.40213743928053	
    Magnitude of b:	6.6837025411496	

	
    Current index:	49501	
    Magnitude of W_grad:	5.9176894104936	
    Magnitude of W:	51310.382811142	
    Magnitude of B_grad:	0.14459616181206	
    Magnitude of b:	6.4883920511984	

	
    Current index:	59501	
    Magnitude of W_grad:	6.0636412545626	
    Magnitude of W:	51287.016711085	
    Magnitude of B_grad:	0.05383757978931	
    Magnitude of b:	6.5344379270878	

	
    Current index:	69501	
    Magnitude of W_grad:	5.1450957327094	
    Magnitude of W:	51262.906156578	
    Magnitude of B_grad:	0.046430112807678	
    Magnitude of b:	6.6209750318225	

	
    Current index:	79501	
    Magnitude of W_grad:	5.1331202774319	
    Magnitude of W:	51239.031045634	
    Magnitude of B_grad:	0.33489975534012	
    Magnitude of b:	6.5257462927282	

	
SGD: Loss is	
	LOSS:Calculated softmax res	
212234.58421938	
SGD: crossEntropyLoss is	
212234.58421938	
SGD: Validation Accuracy is:	
0.27792915531335	
SGD: Magnitude of W:	
51239.031045634	
SGD: Magnitude of b:	
6.5257462927282	
    Current index:	9501	
    Magnitude of W_grad:	6.204294789713	
    Magnitude of W:	51216.146433568	
    Magnitude of B_grad:	0.079918116669498	
    Magnitude of b:	6.2362509021759	

	
    Current index:	19501	
    Magnitude of W_grad:	5.9942782076692	
    Magnitude of W:	51192.262249251	
    Magnitude of B_grad:	0.14987970475946	
    Magnitude of b:	6.2602788942684	

	
    Current index:	29501	
    Magnitude of W_grad:	5.1162533176388	
    Magnitude of W:	51169.069109694	
    Magnitude of B_grad:	0.075442516497002	
    Magnitude of b:	6.4310887067152	

	
    Current index:	39501	
    Magnitude of W_grad:	8.2007865863958	
    Magnitude of W:	51145.100125122	
    Magnitude of B_grad:	0.39851558066153	
    Magnitude of b:	6.6755070741034	

	
    Current index:	49501	
    Magnitude of W_grad:	5.8637771485814	
    Magnitude of W:	51120.776374429	
    Magnitude of B_grad:	0.14328604356288	
    Magnitude of b:	6.4807058433107	

	
    Current index:	59501	
    Magnitude of W_grad:	6.0255016090434	
    Magnitude of W:	51097.589776935	
    Magnitude of B_grad:	0.054070206785103	
    Magnitude of b:	6.526645681078	

	
    Current index:	69501	
    Magnitude of W_grad:	5.1083069409797	
    Magnitude of W:	51073.633589133	
    Magnitude of B_grad:	0.045332270969929	
    Magnitude of b:	6.6129732368258	

	
    Current index:	79501	
    Magnitude of W_grad:	5.0658902141927	
    Magnitude of W:	51049.957741664	
    Magnitude of B_grad:	0.33186690983025	
    Magnitude of b:	6.520504128833	

	
SGD: Loss is	
	LOSS:Calculated softmax res	
210706.63490619	
SGD: crossEntropyLoss is	
210706.63490619	
SGD: Validation Accuracy is:	
0.27792915531335	
SGD: Magnitude of W:	
51049.957741664	
SGD: Magnitude of b:	
6.520504128833	
    Current index:	9501	
    Magnitude of W_grad:	6.1479082446026	
    Magnitude of W:	51027.250897291	
    Magnitude of B_grad:	0.080540780302975	
    Magnitude of b:	6.2294304946942	

	
    Current index:	19501	
    Magnitude of W_grad:	5.9460037043175	
    Magnitude of W:	51003.547541081	
    Magnitude of B_grad:	0.14918773807651	
    Magnitude of b:	6.253741879759	

	
    Current index:	29501	
    Magnitude of W_grad:	5.0799798208629	
    Magnitude of W:	50980.543941393	
    Magnitude of B_grad:	0.074663754877742	
    Magnitude of b:	6.4236531240883	

	
    Current index:	39501	
    Magnitude of W_grad:	8.137023162696	
    Magnitude of W:	50956.813610412	
    Magnitude of B_grad:	0.39499609343379	
    Magnitude of b:	6.6674711148169	

	
    Current index:	49501	
    Magnitude of W_grad:	5.8114761129485	
    Magnitude of W:	50932.697011615	
    Magnitude of B_grad:	0.14206066151678	
    Magnitude of b:	6.4731674830385	

	
    Current index:	59501	
    Magnitude of W_grad:	5.9879066927504	
    Magnitude of W:	50909.689204769	
    Magnitude of B_grad:	0.054292109134087	
    Magnitude of b:	6.5189829192492	

	
    Current index:	69501	
    Magnitude of W_grad:	5.0719007118881	
    Magnitude of W:	50885.950397993	
    Magnitude of B_grad:	0.044274094673415	
    Magnitude of b:	6.6051045677713	

	
    Current index:	79501	
    Magnitude of W_grad:	5.0026925607405	
    Magnitude of W:	50862.540397797	
    Magnitude of B_grad:	0.32895437935485	
    Magnitude of b:	6.5152831131801	

	
SGD: Loss is	
	LOSS:Calculated softmax res	
209211.77318274	
SGD: crossEntropyLoss is	
209211.77318274	
SGD: Validation Accuracy is:	
0.27883742052679	
SGD: Magnitude of W:	
50862.540397797	
SGD: Magnitude of b:	
6.5152831131801	
    Current index:	9501	
    Magnitude of W_grad:	6.0985610655313	
    Magnitude of W:	50840.040276792	
    Magnitude of B_grad:	0.083420568132926	
    Magnitude of b:	6.2227687958309	

	
    Current index:	19501	
    Magnitude of W_grad:	5.8981697589156	
    Magnitude of W:	50816.524216506	
    Magnitude of B_grad:	0.14846781927865	
    Magnitude of b:	6.2472994345101	

	
    Current index:	29501	
    Magnitude of W_grad:	5.0442680181704	
    Magnitude of W:	50793.71321327	
    Magnitude of B_grad:	0.073881142074078	
    Magnitude of b:	6.4163551335831	

	
    Current index:	39501	
    Magnitude of W_grad:	8.074751269222	
    Magnitude of W:	50770.135660463	
    Magnitude of B_grad:	0.39157509920777	
    Magnitude of b:	6.6595872284141	

	
    Current index:	49501	
    Magnitude of W_grad:	5.7608747847557	
    Magnitude of W:	50746.141811605	
    Magnitude of B_grad:	0.14091109381387	
    Magnitude of b:	6.4657710690608	

	
    Current index:	59501	
    Magnitude of W_grad:	5.9508062562415	
    Magnitude of W:	50723.296652464	
    Magnitude of B_grad:	0.054503363009784	
    Magnitude of b:	6.5114453554753	

	
    Current index:	69501	
    Magnitude of W_grad:	5.0360524012885	
    Magnitude of W:	50699.742715435	
    Magnitude of B_grad:	0.043255161349898	
    Magnitude of b:	6.5973646076289	

	
    Current index:	79501	
    Magnitude of W_grad:	4.9428292207285	
    Magnitude of W:	50676.550060353	
    Magnitude of B_grad:	0.32615712790651	
    Magnitude of b:	6.5100823421812	

	
SGD: Loss is	
	LOSS:Calculated softmax res	
207748.74264977	
SGD: crossEntropyLoss is	
207748.74264977	
SGD: Validation Accuracy is:	
0.27974568574024	
SGD: Magnitude of W:	
50676.550060353	
SGD: Magnitude of b:	
6.5100823421812	
    Current index:	9501	
    Magnitude of W_grad:	6.0539163966999	
    Magnitude of W:	50654.19076584	
    Magnitude of B_grad:	0.086180725189995	
    Magnitude of b:	6.2162606879578	

	
    Current index:	19501	
    Magnitude of W_grad:	5.8511572694911	
    Magnitude of W:	50630.873922708	
    Magnitude of B_grad:	0.14772427606371	
    Magnitude of b:	6.2409492618097	

	
    Current index:	29501	
    Magnitude of W_grad:	5.0093856618954	
    Magnitude of W:	50608.215559746	
    Magnitude of B_grad:	0.073096109221257	
    Magnitude of b:	6.4091890557069	

	
    Current index:	39501	
    Magnitude of W_grad:	8.0140735595641	
    Magnitude of W:	50584.797158116	
    Magnitude of B_grad:	0.38824888474734	
    Magnitude of b:	6.6518481615666	

	
    Current index:	49501	
    Magnitude of W_grad:	5.712042140706	
    Magnitude of W:	50560.937978229	
    Magnitude of B_grad:	0.13982922792762	
    Magnitude of b:	6.4585109538877	

	
    Current index:	59501	
    Magnitude of W_grad:	5.9141445575862	
    Magnitude of W:	50538.263770814	
    Magnitude of B_grad:	0.054704244172999	
    Magnitude of b:	6.5040289000832	

	
    Current index:	69501	
    Magnitude of W_grad:	5.0012213473986	
    Magnitude of W:	50514.849849071	
    Magnitude of B_grad:	0.042274883006768	
    Magnitude of b:	6.589749074494	

	
    Current index:	79501	
    Magnitude of W_grad:	4.8864914344187	
    Magnitude of W:	50491.862923191	
    Magnitude of B_grad:	0.32347016023183	
    Magnitude of b:	6.5049013671808	

	
SGD: Loss is	
	LOSS:Calculated softmax res	
206316.35843308	
SGD: crossEntropyLoss is	
206316.35843308	
SGD: Validation Accuracy is:	
0.28156221616712	
SGD: Magnitude of W:	
50491.862923191	
SGD: Magnitude of b:	
6.5049013671808	
    Current index:	9501	
    Magnitude of W_grad:	6.0140557622322	
    Magnitude of W:	50469.719329749	
    Magnitude of B_grad:	0.088820124635789	
    Magnitude of b:	6.2099007021832	

	
    Current index:	19501	
    Magnitude of W_grad:	5.8057129493624	
    Magnitude of W:	50446.546850107	
    Magnitude of B_grad:	0.14696105749461	
    Magnitude of b:	6.2346889648719	

	
    Current index:	29501	
    Magnitude of W_grad:	4.9753828263635	
    Magnitude of W:	50424.048193781	
    Magnitude of B_grad:	0.072309999533221	
    Magnitude of b:	6.402149329825	

	
    Current index:	39501	
    Magnitude of W_grad:	7.9549783970731	
    Magnitude of W:	50400.863120289	
    Magnitude of B_grad:	0.38501388674985	
    Magnitude of b:	6.6442469563719	

	
    Current index:	49501	
    Magnitude of W_grad:	5.6644522160851	
    Magnitude of W:	50377.188463907	
    Magnitude of B_grad:	0.13880771586671	
    Magnitude of b:	6.4513818212648	

	
    Current index:	59501	
    Magnitude of W_grad:	5.8779478744681	
    Magnitude of W:	50354.679616787	
    Magnitude of B_grad:	0.054895183024366	
    Magnitude of b:	6.4967297446026	

	
    Current index:	69501	
    Magnitude of W_grad:	4.9671162195623	
    Magnitude of W:	50331.386120217	
    Magnitude of B_grad:	0.041332532921926	
    Magnitude of b:	6.5822539258495	

	
    Current index:	79501	
    Magnitude of W_grad:	4.8334851333069	
    Magnitude of W:	50308.558471139	
    Magnitude of B_grad:	0.32088857961778	
    Magnitude of b:	6.4997401432749	

	
SGD: Loss is	
	LOSS:Calculated softmax res	
204913.50108041	
SGD: crossEntropyLoss is	
204913.50108041	
SGD: Validation Accuracy is:	
0.28337874659401	
SGD: Magnitude of W:	
50308.558471139	
SGD: Magnitude of b:	
6.4997401432749	
    Current index:	9501	
    Magnitude of W_grad:	5.9755194346162	
    Magnitude of W:	50286.551333655	
    Magnitude of B_grad:	0.091338681998516	
    Magnitude of b:	6.2036832026562	

	
    Current index:	19501	
    Magnitude of W_grad:	5.761231763726	
    Magnitude of W:	50263.570953487	
    Magnitude of B_grad:	0.14618174290864	
    Magnitude of b:	6.2285161795751	

	
    Current index:	29501	
    Magnitude of W_grad:	4.9419042203167	
    Magnitude of W:	50241.218636619	
    Magnitude of B_grad:	0.071524070026272	
    Magnitude of b:	6.3952306191011	

	
    Current index:	39501	
    Magnitude of W_grad:	7.8973579453188	
    Magnitude of W:	50218.169369797	
    Magnitude of B_grad:	0.38186667893663	
    Magnitude of b:	6.6367770336109	

	
    Current index:	49501	
    Magnitude of W_grad:	5.6177883099533	
    Magnitude of W:	50194.62233208	
    Magnitude of B_grad:	0.13783992488259	
    Magnitude of b:	6.4443787361488	

	
    Current index:	59501	
    Magnitude of W_grad:	5.842263562137	
    Magnitude of W:	50172.263273992	
    Magnitude of B_grad:	0.055076723198007	
    Magnitude of b:	6.4895444105301	

	
    Current index:	69501	
    Magnitude of W_grad:	4.9337048708085	
    Magnitude of W:	50149.148709545	
    Magnitude of B_grad:	0.04042727122286	
    Magnitude of b:	6.574875423168	

	
    Current index:	79501	
    Magnitude of W_grad:	4.7831724173018	
    Magnitude of W:	50126.486335206	
    Magnitude of B_grad:	0.31840762650512	
    Magnitude of b:	6.494598981788	

	
SGD: Loss is	
	LOSS:Calculated softmax res	
203539.11119216	
SGD: crossEntropyLoss is	
203539.11119216	
SGD: Validation Accuracy is:	
0.28337874659401	
SGD: Magnitude of W:	
50126.486335206	
SGD: Magnitude of b:	
6.494598981788	
    Current index:	9501	
    Magnitude of W_grad:	5.9376530520161	
    Magnitude of W:	50104.668369303	
    Magnitude of B_grad:	0.093737219288426	
    Magnitude of b:	6.1976025347198	

	
    Current index:	19501	
    Magnitude of W_grad:	5.7172490813757	
    Magnitude of W:	50081.911456257	
    Magnitude of B_grad:	0.14538955810308	
    Magnitude of b:	6.2224286689505	

	
    Current index:	29501	
    Magnitude of W_grad:	4.9089160110488	
    Magnitude of W:	50059.679138331	
    Magnitude of B_grad:	0.070739494000505	
    Magnitude of b:	6.3884278824449	

	
    Current index:	39501	
    Magnitude of W_grad:	7.8410655031887	
    Magnitude of W:	50036.773962539	
    Magnitude of B_grad:	0.37880396172957	
    Magnitude of b:	6.6294322458751	

	
    Current index:	49501	
    Magnitude of W_grad:	5.5721264111119	
    Magnitude of W:	50013.391088977	
    Magnitude of B_grad:	0.1369198857189	
    Magnitude of b:	6.4374971676172	

	
    Current index:	59501	
    Magnitude of W_grad:	5.8073379735492	
    Magnitude of W:	49991.179966422	
    Magnitude of B_grad:	0.055249484023407	
    Magnitude of b:	6.4824697641634	

	
    Current index:	69501	
    Magnitude of W_grad:	4.9009304103295	
    Magnitude of W:	49968.182042423	
    Magnitude of B_grad:	0.039558168412625	
    Magnitude of b:	6.5676101597329	

	
    Current index:	79501	
    Magnitude of W_grad:	4.7351667358377	
    Magnitude of W:	49945.682409594	
    Magnitude of B_grad:	0.31602270197637	
    Magnitude of b:	6.4894785014458	

	
SGD: Loss is	
	LOSS:Calculated softmax res	
202192.18470061	
SGD: crossEntropyLoss is	
202192.18470061	
SGD: Validation Accuracy is:	
0.28428701180745	
SGD: Magnitude of W:	
49945.682409594	
SGD: Magnitude of b:	
6.4894785014458	
    Current index:	9501	
    Magnitude of W_grad:	5.9005080650091	
    Magnitude of W:	49924.036055953	
    Magnitude of B_grad:	0.096017329135845	
    Magnitude of b:	6.1916531357167	

	
    Current index:	19501	
    Magnitude of W_grad:	5.6738577476766	
    Magnitude of W:	49901.456319	
    Magnitude of B_grad:	0.14458739611564	
    Magnitude of b:	6.216424381779	

	
    Current index:	29501	
    Magnitude of W_grad:	4.8765511839042	
    Magnitude of W:	49879.38695413	
    Magnitude of B_grad:	0.069957363925127	
    Magnitude of b:	6.3817364162984	

	
    Current index:	39501	
    Magnitude of W_grad:	7.7859564630451	
    Magnitude of W:	49856.628873388	
    Magnitude of B_grad:	0.3758225543837	
    Magnitude of b:	6.6222069030013	

	
    Current index:	49501	
    Magnitude of W_grad:	5.5279722055715	
    Magnitude of W:	49833.402307032	
    Magnitude of B_grad:	0.13604223989261	
    Magnitude of b:	6.4307329873944	

	
    Current index:	59501	
    Magnitude of W_grad:	5.7729053405905	
    Magnitude of W:	49811.338914807	
    Magnitude of B_grad:	0.055414127210121	
    Magnitude of b:	6.4755030026978	

	
    Current index:	69501	
    Magnitude of W_grad:	4.869016554651	
    Magnitude of W:	49788.489276316	
    Magnitude of B_grad:	0.038724226323064	
    Magnitude of b:	6.5604550575393	

	
    Current index:	79501	
    Magnitude of W_grad:	4.6892841642929	
    Magnitude of W:	49766.177852838	
    Magnitude of B_grad:	0.31372937988981	
    Magnitude of b:	6.484379576326	

	
Done.	
Testing on validation set...	
Done	
Datafile:	/n/home09/ankitgupta/CS287/HW1/SST1-uni.hdf5	Classifier:	lr	Alpha:	0	Eta:	0.5	Lambda:	3	Minibatch size:	500	Num Epochs:	50	Minimum Sentence Length:	5	
Accuracy:	0.28428701180745	
