[?1034hDatafile:	/n/home09/ankitgupta/CS287/HW1/SST1-uni-syns.hdf5	Classifier:	lr	Alpha:	0	Eta:	0.1	Lambda:	1	Minibatch size:	500	Num Epochs:	15	Minimum Sentence Length:	0	
Note that not all parameters may apply to all classifiers	
Loading datafiles...	
Number of training samples before removing small sentences	156817	
Number of training samples after removing small sentences	156817	
Done.	
Training classifier...	
SGD: Loss is	
	LOSS:Calculated softmax res	
1242310.9480328	
SGD: crossEntropyLoss is	
1242312.6685311	
SGD: Validation Accuracy is:	
0.19255222524977	
SGD: Magnitude of W:	
184711.50910311	
SGD: Magnitude of b:	
3.8884079115049	
    Current index:	9501	
    Magnitude of W_grad:	38.708251237825	
    Magnitude of W:	184700.18245114	
    Magnitude of B_grad:	0.61385929442449	
    Magnitude of b:	4.2283635019099	

	
    Current index:	19501	
    Magnitude of W_grad:	38.683008757048	
    Magnitude of W:	184688.90027632	
    Magnitude of B_grad:	0.42627738137129	
    Magnitude of b:	4.8245595202033	

	
    Current index:	29501	
    Magnitude of W_grad:	50.683837657656	
    Magnitude of W:	184677.76583983	
    Magnitude of B_grad:	0.42356707724965	
    Magnitude of b:	5.3413337106144	

	
    Current index:	39501	
    Magnitude of W_grad:	42.442686527705	
    Magnitude of W:	184666.68228893	
    Magnitude of B_grad:	0.46400005714421	
    Magnitude of b:	5.9842383795538	

	
    Current index:	49501	
    Magnitude of W_grad:	40.28630656414	
    Magnitude of W:	184655.86502965	
    Magnitude of B_grad:	0.36201930852391	
    Magnitude of b:	6.5134722038943	

	
    Current index:	59501	
    Magnitude of W_grad:	41.299460730556	
    Magnitude of W:	184645.41330793	
    Magnitude of B_grad:	0.38446189624918	
    Magnitude of b:	7.051362315994	

	
    Current index:	69501	
    Magnitude of W_grad:	38.91287551915	
    Magnitude of W:	184634.60094769	
    Magnitude of B_grad:	0.15873621959305	
    Magnitude of b:	7.5782079479365	

	
    Current index:	79501	
    Magnitude of W_grad:	40.493692781109	
    Magnitude of W:	184624.57800548	
    Magnitude of B_grad:	0.099726005813723	
    Magnitude of b:	7.8744803022144	

	
    Current index:	89501	
    Magnitude of W_grad:	51.826304396775	
    Magnitude of W:	184612.13601969	
    Magnitude of B_grad:	0.39125999721829	
    Magnitude of b:	7.7446242882119	

	
    Current index:	99501	
    Magnitude of W_grad:	47.679577299741	
    Magnitude of W:	184600.21206499	
    Magnitude of B_grad:	0.44979034812661	
    Magnitude of b:	7.6081141892976	

	
    Current index:	109501	
    Magnitude of W_grad:	48.73255408992	
    Magnitude of W:	184588.90930028	
    Magnitude of B_grad:	0.34598483181711	
    Magnitude of b:	7.8712933463565	

	
    Current index:	119501	
    Magnitude of W_grad:	48.441200979461	
    Magnitude of W:	184577.86544051	
    Magnitude of B_grad:	0.2793686183591	
    Magnitude of b:	8.1221923030384	

	
    Current index:	129501	
    Magnitude of W_grad:	44.5869178242	
    Magnitude of W:	184567.72728719	
    Magnitude of B_grad:	0.25579595756974	
    Magnitude of b:	8.3108499858092	

	
    Current index:	139501	
    Magnitude of W_grad:	44.948900517627	
    Magnitude of W:	184556.95687405	
    Magnitude of B_grad:	0.3888171448226	
    Magnitude of b:	8.5248696450263	

	
    Current index:	149501	
    Magnitude of W_grad:	31.853631464379	
    Magnitude of W:	184546.70035764	
    Magnitude of B_grad:	0.16711495821942	
    Magnitude of b:	8.6836453851272	

	
SGD: Loss is	
	LOSS:Calculated softmax res	
942283.64340149	
SGD: crossEntropyLoss is	
942283.64340149	
SGD: Validation Accuracy is:	
0.21616712079927	
SGD: Magnitude of W:	
184539.87645262	
SGD: Magnitude of b:	
8.6963739437579	
    Current index:	9501	
    Magnitude of W_grad:	35.582106360091	
    Magnitude of W:	184531.03735234	
    Magnitude of B_grad:	0.36537297058946	
    Magnitude of b:	8.8130192249468	

	
    Current index:	19501	
    Magnitude of W_grad:	35.676927027011	
    Magnitude of W:	184521.62271388	
    Magnitude of B_grad:	0.31641972270757	
    Magnitude of b:	8.8601721305209	

	
    Current index:	29501	
    Magnitude of W_grad:	50.349510597756	
    Magnitude of W:	184512.22921855	
    Magnitude of B_grad:	0.32424253643882	
    Magnitude of b:	8.9350982188419	

	
    Current index:	39501	
    Magnitude of W_grad:	39.429609822685	
    Magnitude of W:	184502.8793631	
    Magnitude of B_grad:	0.20741649275422	
    Magnitude of b:	8.9963461813093	

	
    Current index:	49501	
    Magnitude of W_grad:	36.253600736499	
    Magnitude of W:	184493.70160261	
    Magnitude of B_grad:	0.20227211096456	
    Magnitude of b:	9.2641348914901	

	
    Current index:	59501	
    Magnitude of W_grad:	40.034444117768	
    Magnitude of W:	184484.7404284	
    Magnitude of B_grad:	0.2952687846337	
    Magnitude of b:	9.5523233177896	

	
    Current index:	69501	
    Magnitude of W_grad:	38.506731353627	
    Magnitude of W:	184475.49179277	
    Magnitude of B_grad:	0.11512060046991	
    Magnitude of b:	9.8926845540382	

	
    Current index:	79501	
    Magnitude of W_grad:	39.741573341243	
    Magnitude of W:	184466.96149973	
    Magnitude of B_grad:	0.13790274994482	
    Magnitude of b:	10.031427532268	

	
    Current index:	89501	
    Magnitude of W_grad:	43.295768808775	
    Magnitude of W:	184456.37043921	
    Magnitude of B_grad:	0.29487806699229	
    Magnitude of b:	9.788622974755	

	
    Current index:	99501	
    Magnitude of W_grad:	42.26033307101	
    Magnitude of W:	184446.19959796	
    Magnitude of B_grad:	0.328373656259	
    Magnitude of b:	9.5617473728182	

	
    Current index:	109501	
    Magnitude of W_grad:	44.318349809386	
    Magnitude of W:	184436.5942225	
    Magnitude of B_grad:	0.2408687858745	
    Magnitude of b:	9.6982329921415	

	
    Current index:	119501	
    Magnitude of W_grad:	46.891829392966	
    Magnitude of W:	184427.00546109	
    Magnitude of B_grad:	0.18677884293056	
    Magnitude of b:	9.8222034972291	

	
    Current index:	129501	
    Magnitude of W_grad:	40.915833053824	
    Magnitude of W:	184418.12811162	
    Magnitude of B_grad:	0.27930857343736	
    Magnitude of b:	9.9094652472635	

	
    Current index:	139501	
    Magnitude of W_grad:	43.291331714396	
    Magnitude of W:	184408.57429866	
    Magnitude of B_grad:	0.33817602640899	
    Magnitude of b:	10.0136220956	

	
    Current index:	149501	
    Magnitude of W_grad:	31.376703980377	
    Magnitude of W:	184399.39317578	
    Magnitude of B_grad:	0.17652167824164	
    Magnitude of b:	10.091966550818	

	
SGD: Loss is	
	LOSS:Calculated softmax res	
859782.9112482	
SGD: crossEntropyLoss is	
859782.91126037	
SGD: Validation Accuracy is:	
0.22706630336058	
SGD: Magnitude of W:	
184393.29571709	
SGD: Magnitude of b:	
10.044258988655	
    Current index:	9501	
    Magnitude of W_grad:	32.615530390638	
    Magnitude of W:	184385.04650233	
    Magnitude of B_grad:	0.2962663753735	
    Magnitude of b:	10.08062975826	

	
    Current index:	19501	
    Magnitude of W_grad:	34.473047780211	
    Magnitude of W:	184376.53975465	
    Magnitude of B_grad:	0.33602884987101	
    Magnitude of b:	10.071345510629	

	
    Current index:	29501	
    Magnitude of W_grad:	45.976642436719	
    Magnitude of W:	184367.82143791	
    Magnitude of B_grad:	0.30228627683884	
    Magnitude of b:	10.088514583531	

	
    Current index:	39501	
    Magnitude of W_grad:	38.350455197238	
    Magnitude of W:	184359.11467233	
    Magnitude of B_grad:	0.18039483330686	
    Magnitude of b:	10.103734266659	

	
    Current index:	49501	
    Magnitude of W_grad:	35.326675378546	
    Magnitude of W:	184350.61795956	
    Magnitude of B_grad:	0.21069447704076	
    Magnitude of b:	10.229181357188	

	
    Current index:	59501	
    Magnitude of W_grad:	39.131139804788	
    Magnitude of W:	184342.29398983	
    Magnitude of B_grad:	0.27172560468117	
    Magnitude of b:	10.442932928394	

	
    Current index:	69501	
    Magnitude of W_grad:	37.426293930118	
    Magnitude of W:	184333.61658802	
    Magnitude of B_grad:	0.099102433108249	
    Magnitude of b:	10.728002356081	

	
    Current index:	79501	
    Magnitude of W_grad:	39.162653297976	
    Magnitude of W:	184325.64154396	
    Magnitude of B_grad:	0.16649156746897	
    Magnitude of b:	10.81812289564	

	
    Current index:	89501	
    Magnitude of W_grad:	40.223579312953	
    Magnitude of W:	184315.93719855	
    Magnitude of B_grad:	0.25975829121248	
    Magnitude of b:	10.527842179425	

	
    Current index:	99501	
    Magnitude of W_grad:	40.621190103902	
    Magnitude of W:	184306.67668629	
    Magnitude of B_grad:	0.28902646898925	
    Magnitude of b:	10.449848198581	

	
    Current index:	109501	
    Magnitude of W_grad:	42.795486395741	
    Magnitude of W:	184297.7285252	
    Magnitude of B_grad:	0.20483783819277	
    Magnitude of b:	10.559985274309	

	
    Current index:	119501	
    Magnitude of W_grad:	46.766626102436	
    Magnitude of W:	184288.70018938	
    Magnitude of B_grad:	0.16698738637311	
    Magnitude of b:	10.652885358237	

	
    Current index:	129501	
    Magnitude of W_grad:	38.774669307212	
    Magnitude of W:	184280.28293375	
    Magnitude of B_grad:	0.27949933783521	
    Magnitude of b:	10.720854822201	

	
    Current index:	139501	
    Magnitude of W_grad:	42.473879466243	
    Magnitude of W:	184271.20961125	
    Magnitude of B_grad:	0.30279732213252	
    Magnitude of b:	10.794429086877	

	
    Current index:	149501	
    Magnitude of W_grad:	30.854217327098	
    Magnitude of W:	184262.54895189	
    Magnitude of B_grad:	0.18983761900526	
    Magnitude of b:	10.848999237977	

	
SGD: Loss is	
	LOSS:Calculated softmax res	
805592.5280265	
SGD: crossEntropyLoss is	
805592.52803428	
SGD: Validation Accuracy is:	
0.23433242506812	
SGD: Magnitude of W:	
184256.76428579	
SGD: Magnitude of b:	
10.780122107073	
    Current index:	9501	
    Magnitude of W_grad:	30.897561444917	
    Magnitude of W:	184248.83113197	
    Magnitude of B_grad:	0.25670348657619	
    Magnitude of b:	10.786353353947	

	
    Current index:	19501	
    Magnitude of W_grad:	35.398998925822	
    Magnitude of W:	184240.76677165	
    Magnitude of B_grad:	0.34192076354757	
    Magnitude of b:	10.757883707567	

	
    Current index:	29501	
    Magnitude of W_grad:	42.883330977962	
    Magnitude of W:	184232.59303645	
    Magnitude of B_grad:	0.27454486146667	
    Magnitude of b:	10.749381237343	

	
    Current index:	39501	
    Magnitude of W_grad:	36.874012663082	
    Magnitude of W:	184224.39110818	
    Magnitude of B_grad:	0.17998222915109	
    Magnitude of b:	10.750096173265	

	
    Current index:	49501	
    Magnitude of W_grad:	34.255057953731	
    Magnitude of W:	184216.38060319	
    Magnitude of B_grad:	0.21306032811097	
    Magnitude of b:	10.71224785752	

	
    Current index:	59501	
    Magnitude of W_grad:	38.46263187158	
    Magnitude of W:	184208.44842203	
    Magnitude of B_grad:	0.26033402763704	
    Magnitude of b:	10.815612102647	

	
    Current index:	69501	
    Magnitude of W_grad:	36.71313687781	
    Magnitude of W:	184200.27212326	
    Magnitude of B_grad:	0.084141276213149	
    Magnitude of b:	11.07556052215	

	
    Current index:	79501	
    Magnitude of W_grad:	38.435839234448	
    Magnitude of W:	184192.64613475	
    Magnitude of B_grad:	0.17996840947039	
    Magnitude of b:	11.142093138222	

	
    Current index:	89501	
    Magnitude of W_grad:	39.215498517141	
    Magnitude of W:	184183.40634175	
    Magnitude of B_grad:	0.23964374810237	
    Magnitude of b:	10.958191148369	

	
    Current index:	99501	
    Magnitude of W_grad:	39.540731192709	
    Magnitude of W:	184174.52275398	
    Magnitude of B_grad:	0.26776363621816	
    Magnitude of b:	10.990362189853	

	
    Current index:	109501	
    Magnitude of W_grad:	40.772516201479	
    Magnitude of W:	184165.82749698	
    Magnitude of B_grad:	0.19053698528382	
    Magnitude of b:	11.087064471302	

	
    Current index:	119501	
    Magnitude of W_grad:	46.381367538899	
    Magnitude of W:	184157.1840169	
    Magnitude of B_grad:	0.1516831698151	
    Magnitude of b:	11.164299520446	

	
    Current index:	129501	
    Magnitude of W_grad:	38.126953384109	
    Magnitude of W:	184149.10928484	
    Magnitude of B_grad:	0.28428247719975	
    Magnitude of b:	11.223077124068	

	
    Current index:	139501	
    Magnitude of W_grad:	41.720541925156	
    Magnitude of W:	184140.36482665	
    Magnitude of B_grad:	0.27652387972063	
    Magnitude of b:	11.281629988985	

	
    Current index:	149501	
    Magnitude of W_grad:	30.613870903361	
    Magnitude of W:	184132.08569863	
    Magnitude of B_grad:	0.19908778514207	
    Magnitude of b:	11.323118534872	

	
SGD: Loss is	
	LOSS:Calculated softmax res	
765100.12336926	
SGD: crossEntropyLoss is	
765100.12336339	
SGD: Validation Accuracy is:	
0.23251589464124	
SGD: Magnitude of W:	
184126.62332717	
SGD: Magnitude of b:	
11.240659919111	
    Current index:	9501	
    Magnitude of W_grad:	29.830394129389	
    Magnitude of W:	184119.21583532	
    Magnitude of B_grad:	0.25003109800938	
    Magnitude of b:	11.229647043293	

	
    Current index:	19501	
    Magnitude of W_grad:	35.124496366905	
    Magnitude of W:	184111.587285	
    Magnitude of B_grad:	0.33483518017389	
    Magnitude of b:	11.187937237888	

	
    Current index:	29501	
    Magnitude of W_grad:	41.839064430374	
    Magnitude of W:	184103.9102397	
    Magnitude of B_grad:	0.25323659851996	
    Magnitude of b:	11.162738604046	

	
    Current index:	39501	
    Magnitude of W_grad:	35.815395007353	
    Magnitude of W:	184096.15264152	
    Magnitude of B_grad:	0.18303673731423	
    Magnitude of b:	11.156299426839	

	
    Current index:	49501	
    Magnitude of W_grad:	33.590384513349	
    Magnitude of W:	184088.62090742	
    Magnitude of B_grad:	0.21254841081254	
    Magnitude of b:	11.108979311218	

	
    Current index:	59501	
    Magnitude of W_grad:	38.013768863715	
    Magnitude of W:	184081.05256809	
    Magnitude of B_grad:	0.25187295563898	
    Magnitude of b:	11.123941697946	

	
    Current index:	69501	
    Magnitude of W_grad:	36.780289614767	
    Magnitude of W:	184073.10293757	
    Magnitude of B_grad:	0.072105149515419	
    Magnitude of b:	11.251969869668	

	
    Current index:	79501	
    Magnitude of W_grad:	38.102235486018	
    Magnitude of W:	184065.76427075	
    Magnitude of B_grad:	0.18597631040439	
    Magnitude of b:	11.277096910582	

	
    Current index:	89501	
    Magnitude of W_grad:	39.289672345061	
    Magnitude of W:	184057.03752307	
    Magnitude of B_grad:	0.24530692059158	
    Magnitude of b:	11.315150781436	

	
    Current index:	99501	
    Magnitude of W_grad:	38.747500070793	
    Magnitude of W:	184048.6655496	
    Magnitude of B_grad:	0.25271074309796	
    Magnitude of b:	11.334203665942	

	
    Current index:	109501	
    Magnitude of W_grad:	39.16888267814	
    Magnitude of W:	184040.40554647	
    Magnitude of B_grad:	0.17955702107208	
    Magnitude of b:	11.421771609677	

	
    Current index:	119501	
    Magnitude of W_grad:	45.604706251453	
    Magnitude of W:	184032.10932253	
    Magnitude of B_grad:	0.1355372598647	
    Magnitude of b:	11.488043036089	

	
    Current index:	129501	
    Magnitude of W_grad:	38.167996899309	
    Magnitude of W:	184024.39974736	
    Magnitude of B_grad:	0.28918469441403	
    Magnitude of b:	11.540852471993	

	
    Current index:	139501	
    Magnitude of W_grad:	41.206157595551	
    Magnitude of W:	184015.87852453	
    Magnitude of B_grad:	0.26030823259357	
    Magnitude of b:	11.591189015545	

	
    Current index:	149501	
    Magnitude of W_grad:	30.551569583334	
    Magnitude of W:	184007.92213885	
    Magnitude of B_grad:	0.20790210827965	
    Magnitude of b:	11.625685523164	

	
SGD: Loss is	
	LOSS:Calculated softmax res	
733194.86160665	
SGD: crossEntropyLoss is	
733194.86161184	
SGD: Validation Accuracy is:	
0.24523160762943	
SGD: Magnitude of W:	
184002.7727249	
SGD: Magnitude of b:	
11.533633238075	
    Current index:	9501	
    Magnitude of W_grad:	29.58901581092	
    Magnitude of W:	183995.80241549	
    Magnitude of B_grad:	0.25143587341218	
    Magnitude of b:	11.510758554725	

	
    Current index:	19501	
    Magnitude of W_grad:	34.1366679766	
    Magnitude of W:	183988.62999535	
    Magnitude of B_grad:	0.32751737568849	
    Magnitude of b:	11.459835347309	

	
    Current index:	29501	
    Magnitude of W_grad:	41.321777444091	
    Magnitude of W:	183981.24614168	
    Magnitude of B_grad:	0.23926737705546	
    Magnitude of b:	11.424015955112	

	
    Current index:	39501	
    Magnitude of W_grad:	35.33300660317	
    Magnitude of W:	183973.74961596	
    Magnitude of B_grad:	0.18636442827579	
    Magnitude of b:	11.412857968244	

	
    Current index:	49501	
    Magnitude of W_grad:	33.175686207184	
    Magnitude of W:	183966.44161747	
    Magnitude of B_grad:	0.21103997588375	
    Magnitude of b:	11.361555566634	

	
    Current index:	59501	
    Magnitude of W_grad:	37.670951687237	
    Magnitude of W:	183959.03431756	
    Magnitude of B_grad:	0.24549755753137	
    Magnitude of b:	11.371671751135	

	
    Current index:	69501	
    Magnitude of W_grad:	36.85782557768	
    Magnitude of W:	183951.30789062	
    Magnitude of B_grad:	0.063411070978807	
    Magnitude of b:	11.494956061241	

	
    Current index:	79501	
    Magnitude of W_grad:	37.868164371581	
    Magnitude of W:	183944.18249679	
    Magnitude of B_grad:	0.19048107053073	
    Magnitude of b:	11.513472774573	

	
    Current index:	89501	
    Magnitude of W_grad:	39.704519961504	
    Magnitude of W:	183935.90667209	
    Magnitude of B_grad:	0.25066058975877	
    Magnitude of b:	11.544245355578	

	
    Current index:	99501	
    Magnitude of W_grad:	37.975407134999	
    Magnitude of W:	183927.85061862	
    Magnitude of B_grad:	0.23772645109055	
    Magnitude of b:	11.553068002234	

	
    Current index:	109501	
    Magnitude of W_grad:	38.570991647395	
    Magnitude of W:	183919.88848893	
    Magnitude of B_grad:	0.18068340607105	
    Magnitude of b:	11.634789430831	

	
    Current index:	119501	
    Magnitude of W_grad:	45.208669872274	
    Magnitude of W:	183911.80043271	
    Magnitude of B_grad:	0.12368846202944	
    Magnitude of b:	11.69295929801	

	
    Current index:	129501	
    Magnitude of W_grad:	38.221913566432	
    Magnitude of W:	183904.35071825	
    Magnitude of B_grad:	0.2907277706134	
    Magnitude of b:	11.742179077379	

	
    Current index:	139501	
    Magnitude of W_grad:	41.221021336024	
    Magnitude of W:	183896.05951397	
    Magnitude of B_grad:	0.25041255527185	
    Magnitude of b:	11.788001669819	

	
    Current index:	149501	
    Magnitude of W_grad:	30.72205127376	
    Magnitude of W:	183888.38592964	
    Magnitude of B_grad:	0.21551869573328	
    Magnitude of b:	11.818784675638	

	
SGD: Loss is	
	LOSS:Calculated softmax res	
706766.50979579	
SGD: crossEntropyLoss is	
706766.50980053	
SGD: Validation Accuracy is:	
0.24977293369664	
SGD: Magnitude of W:	
183883.3620818	
SGD: Magnitude of b:	
11.720333463063	
    Current index:	9501	
    Magnitude of W_grad:	29.441532238912	
    Magnitude of W:	183876.69979896	
    Magnitude of B_grad:	0.25419198629216	
    Magnitude of b:	11.689164831661	

	
    Current index:	19501	
    Magnitude of W_grad:	33.077938032459	
    Magnitude of W:	183869.77931801	
    Magnitude of B_grad:	0.32265887110002	
    Magnitude of b:	11.631666404383	

	
    Current index:	29501	
    Magnitude of W_grad:	40.963528756134	
    Magnitude of W:	183862.66095708	
    Magnitude of B_grad:	0.22925391419241	
    Magnitude of b:	11.589462993771	

	
    Current index:	39501	
    Magnitude of W_grad:	35.116194859768	
    Magnitude of W:	183855.37255515	
    Magnitude of B_grad:	0.18848979978145	
    Magnitude of b:	11.575026132453	

	
    Current index:	49501	
    Magnitude of W_grad:	32.89313234252	
    Magnitude of W:	183848.23688823	
    Magnitude of B_grad:	0.20865370248721	
    Magnitude of b:	11.522009202238	

	
    Current index:	59501	
    Magnitude of W_grad:	37.579253886125	
    Magnitude of W:	183841.04742128	
    Magnitude of B_grad:	0.24006256125706	
    Magnitude of b:	11.52915896975	

	
    Current index:	69501	
    Magnitude of W_grad:	36.838068449729	
    Magnitude of W:	183833.60961198	
    Magnitude of B_grad:	0.057340292205354	
    Magnitude of b:	11.64893677657	

	
    Current index:	79501	
    Magnitude of W_grad:	37.655332825902	
    Magnitude of W:	183826.65652097	
    Magnitude of B_grad:	0.19185552320428	
    Magnitude of b:	11.663577862817	

	
    Current index:	89501	
    Magnitude of W_grad:	40.11375051206	
    Magnitude of W:	183818.61138472	
    Magnitude of B_grad:	0.25381712864901	
    Magnitude of b:	11.689738372805	

	
    Current index:	99501	
    Magnitude of W_grad:	37.265272398651	
    Magnitude of W:	183810.71021241	
    Magnitude of B_grad:	0.22315828498859	
    Magnitude of b:	11.690817122103	

	
    Current index:	109501	
    Magnitude of W_grad:	38.206596159525	
    Magnitude of W:	183802.97223139	
    Magnitude of B_grad:	0.18434564366653	
    Magnitude of b:	11.76913982286	

	
    Current index:	119501	
    Magnitude of W_grad:	44.980383717098	
    Magnitude of W:	183795.12072147	
    Magnitude of B_grad:	0.11820984937817	
    Magnitude of b:	11.821469477855	

	
    Current index:	129501	
    Magnitude of W_grad:	38.011583943905	
    Magnitude of W:	183787.86316776	
    Magnitude of B_grad:	0.28966011691752	
    Magnitude of b:	11.868878894787	

	
    Current index:	139501	
    Magnitude of W_grad:	41.351332966668	
    Magnitude of W:	183779.74769084	
    Magnitude of B_grad:	0.24389507756471	
    Magnitude of b:	11.911750775439	

	
    Current index:	149501	
    Magnitude of W_grad:	30.889454892575	
    Magnitude of W:	183772.28446456	
    Magnitude of B_grad:	0.22164807998705	
    Magnitude of b:	11.940534573707	

	
SGD: Loss is	
	LOSS:Calculated softmax res	
684122.8822694	
SGD: crossEntropyLoss is	
684122.8822694	
SGD: Validation Accuracy is:	
0.25431425976385	
SGD: Magnitude of W:	
183767.45193314	
SGD: Magnitude of b:	
11.8378869303	
    Current index:	9501	
    Magnitude of W_grad:	29.300526860717	
    Magnitude of W:	183760.93182322	
    Magnitude of B_grad:	0.25700227800287	
    Magnitude of b:	11.800821362894	

	
    Current index:	19501	
    Magnitude of W_grad:	32.041506065535	
    Magnitude of W:	183754.15289757	
    Magnitude of B_grad:	0.31817778331213	
    Magnitude of b:	11.738488232691	

	
    Current index:	29501	
    Magnitude of W_grad:	40.628000588353	
    Magnitude of W:	183747.23880805	
    Magnitude of B_grad:	0.2207835018816	
    Magnitude of b:	11.692045003306	

	
    Current index:	39501	
    Magnitude of W_grad:	34.924996210911	
    Magnitude of W:	183740.19381183	
    Magnitude of B_grad:	0.18862461393002	
    Magnitude of b:	11.675660678838	

	
    Current index:	49501	
    Magnitude of W_grad:	32.571905047699	
    Magnitude of W:	183733.20885404	
    Magnitude of B_grad:	0.20655569066351	
    Magnitude of b:	11.622313123804	

	
    Current index:	59501	
    Magnitude of W_grad:	37.442118628013	
    Magnitude of W:	183726.23306093	
    Magnitude of B_grad:	0.24031951390484	
    Magnitude of b:	11.62712804139	

	
    Current index:	69501	
    Magnitude of W_grad:	36.718354330293	
    Magnitude of W:	183718.94058362	
    Magnitude of B_grad:	0.052543339971264	
    Magnitude of b:	11.743949919015	

	
    Current index:	79501	
    Magnitude of W_grad:	37.40035316157	
    Magnitude of W:	183712.17855049	
    Magnitude of B_grad:	0.19020933810373	
    Magnitude of b:	11.756541168759	

	
    Current index:	89501	
    Magnitude of W_grad:	40.390286319899	
    Magnitude of W:	183704.3141191	
    Magnitude of B_grad:	0.2554535005651	
    Magnitude of b:	11.779667254462	

	
    Current index:	99501	
    Magnitude of W_grad:	36.665480644242	
    Magnitude of W:	183696.67103174	
    Magnitude of B_grad:	0.20920320670084	
    Magnitude of b:	11.774545562942	

	
    Current index:	109501	
    Magnitude of W_grad:	37.876836099746	
    Magnitude of W:	183689.17031818	
    Magnitude of B_grad:	0.18751815357612	
    Magnitude of b:	11.850819415505	

	
    Current index:	119501	
    Magnitude of W_grad:	44.741694804109	
    Magnitude of W:	183681.51083893	
    Magnitude of B_grad:	0.118088781182	
    Magnitude of b:	11.898939532304	

	
    Current index:	129501	
    Magnitude of W_grad:	37.510143467793	
    Magnitude of W:	183674.39297699	
    Magnitude of B_grad:	0.28682342870668	
    Magnitude of b:	11.945444493745	

	
    Current index:	139501	
    Magnitude of W_grad:	41.513336959232	
    Magnitude of W:	183666.49972328	
    Magnitude of B_grad:	0.23976887263583	
    Magnitude of b:	11.986189163466	

	
    Current index:	149501	
    Magnitude of W_grad:	31.033290580416	
    Magnitude of W:	183659.18138976	
    Magnitude of B_grad:	0.2254767512511	
    Magnitude of b:	12.013942051981	

	
SGD: Loss is	
	LOSS:Calculated softmax res	
664382.47167408	
SGD: crossEntropyLoss is	
664382.47167453	
SGD: Validation Accuracy is:	
0.25794732061762	
SGD: Magnitude of W:	
183654.49255647	
SGD: Magnitude of b:	
11.908628337394	
    Current index:	9501	
    Magnitude of W_grad:	29.132007319977	
    Magnitude of W:	183648.04132312	
    Magnitude of B_grad:	0.25940594548976	
    Magnitude of b:	11.867609724532	

	
    Current index:	19501	
    Magnitude of W_grad:	31.164223893701	
    Magnitude of W:	183641.37104084	
    Magnitude of B_grad:	0.31362906080258	
    Magnitude of b:	11.801816648383	

	
    Current index:	29501	
    Magnitude of W_grad:	40.352924617229	
    Magnitude of W:	183634.63617438	
    Magnitude of B_grad:	0.21313510716236	
    Magnitude of b:	11.75214383998	

	
    Current index:	39501	
    Magnitude of W_grad:	34.665877014469	
    Magnitude of W:	183627.71511474	
    Magnitude of B_grad:	0.18736805268064	
    Magnitude of b:	11.734598649055	

	
    Current index:	49501	
    Magnitude of W_grad:	32.196570934656	
    Magnitude of W:	183620.90881721	
    Magnitude of B_grad:	0.2041644740511	
    Magnitude of b:	11.681990810394	

	
    Current index:	59501	
    Magnitude of W_grad:	37.227089707899	
    Magnitude of W:	183614.0730313	
    Magnitude of B_grad:	0.23895581162145	
    Magnitude of b:	11.684514363005	

	
    Current index:	69501	
    Magnitude of W_grad:	36.529852496099	
    Magnitude of W:	183606.9324548	
    Magnitude of B_grad:	0.047947936771577	
    Magnitude of b:	11.798611543036	

	
    Current index:	79501	
    Magnitude of W_grad:	37.084523635288	
    Magnitude of W:	183600.34454983	
    Magnitude of B_grad:	0.18700194456025	
    Magnitude of b:	11.810490852047	

	
    Current index:	89501	
    Magnitude of W_grad:	40.431311313069	
    Magnitude of W:	183592.72717799	
    Magnitude of B_grad:	0.25591456160993	
    Magnitude of b:	11.83153237008	

	
    Current index:	99501	
    Magnitude of W_grad:	36.149548269398	
    Magnitude of W:	183585.28289446	
    Magnitude of B_grad:	0.19566702627174	
    Magnitude of b:	11.82123560274	

	
    Current index:	109501	
    Magnitude of W_grad:	37.526576171637	
    Magnitude of W:	183577.91488345	
    Magnitude of B_grad:	0.18970506174285	
    Magnitude of b:	11.896280478953	

	
    Current index:	119501	
    Magnitude of W_grad:	44.48388826729	
    Magnitude of W:	183570.46462765	
    Magnitude of B_grad:	0.11769923126681	
    Magnitude of b:	11.941152040673	

	
    Current index:	129501	
    Magnitude of W_grad:	36.795031940109	
    Magnitude of W:	183563.5518908	
    Magnitude of B_grad:	0.28271566060995	
    Magnitude of b:	11.987030749085	

	
    Current index:	139501	
    Magnitude of W_grad:	41.633093934783	
    Magnitude of W:	183555.89171991	
    Magnitude of B_grad:	0.2371883743532	
    Magnitude of b:	12.026717597933	

	
    Current index:	149501	
    Magnitude of W_grad:	31.159449949152	
    Magnitude of W:	183548.80565486	
    Magnitude of B_grad:	0.22828083352926	
    Magnitude of b:	12.053994989837	

	
SGD: Loss is	
	LOSS:Calculated softmax res	
646938.79790063	
SGD: crossEntropyLoss is	
646938.79790063	
SGD: Validation Accuracy is:	
0.26339691189827	
SGD: Magnitude of W:	
183544.27009583	
SGD: Magnitude of b:	
11.946914454641	
    Current index:	9501	
    Magnitude of W_grad:	28.87767687604	
    Magnitude of W:	183537.90372596	
    Magnitude of B_grad:	0.26092486755274	
    Magnitude of b:	11.903200850131	

	
    Current index:	19501	
    Magnitude of W_grad:	30.593970219664	
    Magnitude of W:	183531.40724236	
    Magnitude of B_grad:	0.30979971972361	
    Magnitude of b:	11.835187145786	

	
    Current index:	29501	
    Magnitude of W_grad:	40.191329046386	
    Magnitude of W:	183524.84410178	
    Magnitude of B_grad:	0.20629404696856	
    Magnitude of b:	11.782729783218	

	
    Current index:	39501	
    Magnitude of W_grad:	34.35955967321	
    Magnitude of W:	183518.08545379	
    Magnitude of B_grad:	0.18526365044418	
    Magnitude of b:	11.764191675507	

	
    Current index:	49501	
    Magnitude of W_grad:	31.802206960234	
    Magnitude of W:	183511.41237575	
    Magnitude of B_grad:	0.20115096919659	
    Magnitude of b:	11.713060109534	

	
    Current index:	59501	
    Magnitude of W_grad:	36.869947026156	
    Magnitude of W:	183504.755303	
    Magnitude of B_grad:	0.23512410868476	
    Magnitude of b:	11.713239551014	

	
    Current index:	69501	
    Magnitude of W_grad:	36.293758917406	
    Magnitude of W:	183497.83602069	
    Magnitude of B_grad:	0.044914632388228	
    Magnitude of b:	11.824586817066	

	
    Current index:	79501	
    Magnitude of W_grad:	36.656986752148	
    Magnitude of W:	183491.36253677	
    Magnitude of B_grad:	0.1831962940834	
    Magnitude of b:	11.83665055745	

	
    Current index:	89501	
    Magnitude of W_grad:	40.359430874918	
    Magnitude of W:	183483.95607001	
    Magnitude of B_grad:	0.25593043943077	
    Magnitude of b:	11.856327927223	

	
    Current index:	99501	
    Magnitude of W_grad:	35.594692373628	
    Magnitude of W:	183476.7168414	
    Magnitude of B_grad:	0.18203135902871	
    Magnitude of b:	11.841638403035	

	
    Current index:	109501	
    Magnitude of W_grad:	37.142347108681	
    Magnitude of W:	183469.54197929	
    Magnitude of B_grad:	0.19107617810532	
    Magnitude of b:	11.915732855524	

	
    Current index:	119501	
    Magnitude of W_grad:	44.177510887683	
    Magnitude of W:	183462.3692755	
    Magnitude of B_grad:	0.1193822911581	
    Magnitude of b:	11.957825455674	

	
    Current index:	129501	
    Magnitude of W_grad:	35.969602381375	
    Magnitude of W:	183455.73410134	
    Magnitude of B_grad:	0.2777835628001	
    Magnitude of b:	12.003174389675	

	
    Current index:	139501	
    Magnitude of W_grad:	41.683313888055	
    Magnitude of W:	183448.2618639	
    Magnitude of B_grad:	0.23500413556825	
    Magnitude of b:	12.042624326197	

	
    Current index:	149501	
    Magnitude of W_grad:	31.25751563574	
    Magnitude of W:	183441.39010621	
    Magnitude of B_grad:	0.23128067190404	
    Magnitude of b:	12.069654872406	

	
SGD: Loss is	
	LOSS:Calculated softmax res	
631355.29789931	
SGD: crossEntropyLoss is	
631355.29789931	
SGD: Validation Accuracy is:	
0.25976385104451	
SGD: Magnitude of W:	
183436.97219678	
SGD: Magnitude of b:	
11.960921526124	
    Current index:	9501	
    Magnitude of W_grad:	28.561404530347	
    Magnitude of W:	183430.76998419	
    Magnitude of B_grad:	0.26123489280762	
    Magnitude of b:	11.915163418273	

	
    Current index:	19501	
    Magnitude of W_grad:	30.263250717451	
    Magnitude of W:	183424.39996653	
    Magnitude of B_grad:	0.30722565896765	
    Magnitude of b:	11.846131041405	

	
    Current index:	29501	
    Magnitude of W_grad:	40.03183339892	
    Magnitude of W:	183418.0093321	
    Magnitude of B_grad:	0.20032002258589	
    Magnitude of b:	11.791388079377	

	
    Current index:	39501	
    Magnitude of W_grad:	34.091843177051	
    Magnitude of W:	183411.37309696	
    Magnitude of B_grad:	0.1825658735214	
    Magnitude of b:	11.771936830599	

	
    Current index:	49501	
    Magnitude of W_grad:	31.382039310193	
    Magnitude of W:	183404.84711801	
    Magnitude of B_grad:	0.19800343624005	
    Magnitude of b:	11.722500384065	

	
    Current index:	59501	
    Magnitude of W_grad:	36.357991883731	
    Magnitude of W:	183398.34006593	
    Magnitude of B_grad:	0.22907273221046	
    Magnitude of b:	11.720438038983	

	
    Current index:	69501	
    Magnitude of W_grad:	35.991597444625	
    Magnitude of W:	183391.56614646	
    Magnitude of B_grad:	0.042178135336874	
    Magnitude of b:	11.828931760416	

	
    Current index:	79501	
    Magnitude of W_grad:	36.130204276469	
    Magnitude of W:	183385.22210617	
    Magnitude of B_grad:	0.17910416737607	
    Magnitude of b:	11.841754629319	

	
    Current index:	89501	
    Magnitude of W_grad:	40.203718000844	
    Magnitude of W:	183377.96157886	
    Magnitude of B_grad:	0.25602456548001	
    Magnitude of b:	11.860782452693	

	
    Current index:	99501	
    Magnitude of W_grad:	35.006720895379	
    Magnitude of W:	183370.99729444	
    Magnitude of B_grad:	0.16799250472079	
    Magnitude of b:	11.842358206211	

	
    Current index:	109501	
    Magnitude of W_grad:	36.749555104022	
    Magnitude of W:	183364.01081592	
    Magnitude of B_grad:	0.19175483996952	
    Magnitude of b:	11.915340732449	

	
    Current index:	119501	
    Magnitude of W_grad:	43.825265616456	
    Magnitude of W:	183357.00721228	
    Magnitude of B_grad:	0.1243578857857	
    Magnitude of b:	11.955002269733	

	
    Current index:	129501	
    Magnitude of W_grad:	35.078820776022	
    Magnitude of W:	183350.55994091	
    Magnitude of B_grad:	0.27239818013468	
    Magnitude of b:	11.999974909897	

	
    Current index:	139501	
    Magnitude of W_grad:	41.612968886569	
    Magnitude of W:	183343.30129089	
    Magnitude of B_grad:	0.2324848883503	
    Magnitude of b:	12.039347438455	

	
    Current index:	149501	
    Magnitude of W_grad:	31.313660092539	
    Magnitude of W:	183336.6035805	
    Magnitude of B_grad:	0.23379591092489	
    Magnitude of b:	12.066225352163	

	
SGD: Loss is	
	LOSS:Calculated softmax res	
617316.72683308	
SGD: crossEntropyLoss is	
617316.72683753	
SGD: Validation Accuracy is:	
0.2661217075386	
SGD: Magnitude of W:	
183332.29216683	
SGD: Magnitude of b:	
11.955984519103	
    Current index:	9501	
    Magnitude of W_grad:	28.289096587972	
    Magnitude of W:	183326.18587154	
    Magnitude of B_grad:	0.26065046662376	
    Magnitude of b:	11.908617489814	

	
    Current index:	19501	
    Magnitude of W_grad:	30.238761405314	
    Magnitude of W:	183319.91642915	
    Magnitude of B_grad:	0.30568171933842	
    Magnitude of b:	11.839454695048	

	
    Current index:	29501	
    Magnitude of W_grad:	39.860371672579	
    Magnitude of W:	183313.63596269	
    Magnitude of B_grad:	0.19527501238896	
    Magnitude of b:	11.78310110809	

	
    Current index:	39501	
    Magnitude of W_grad:	33.807462829745	
    Magnitude of W:	183307.11781451	
    Magnitude of B_grad:	0.17945939849724	
    Magnitude of b:	11.762777458668	

	
    Current index:	49501	
    Magnitude of W_grad:	30.918331198651	
    Magnitude of W:	183300.69937273	
    Magnitude of B_grad:	0.19522248539117	
    Magnitude of b:	11.714931390218	

	
    Current index:	59501	
    Magnitude of W_grad:	35.769649680602	
    Magnitude of W:	183294.2761239	
    Magnitude of B_grad:	0.22169699092922	
    Magnitude of b:	11.710730866292	

	
    Current index:	69501	
    Magnitude of W_grad:	35.635780124164	
    Magnitude of W:	183287.55573986	
    Magnitude of B_grad:	0.038970208500728	
    Magnitude of b:	11.816220227198	

	
    Current index:	79501	
    Magnitude of W_grad:	35.500571588889	
    Magnitude of W:	183281.31577752	
    Magnitude of B_grad:	0.17493058898413	
    Magnitude of b:	11.830193887553	

	
    Current index:	89501	
    Magnitude of W_grad:	40.002637706031	
    Magnitude of W:	183274.33408215	
    Magnitude of B_grad:	0.25630282480612	
    Magnitude of b:	11.849127937196	

	
    Current index:	99501	
    Magnitude of W_grad:	34.442912456907	
    Magnitude of W:	183267.55306909	
    Magnitude of B_grad:	0.15369320357625	
    Magnitude of b:	11.827655021911	

	
    Current index:	109501	
    Magnitude of W_grad:	36.4276196479	
    Magnitude of W:	183260.74131826	
    Magnitude of B_grad:	0.19181220669759	
    Magnitude of b:	11.899399855446	

	
    Current index:	119501	
    Magnitude of W_grad:	43.436384019623	
    Magnitude of W:	183253.92389566	
    Magnitude of B_grad:	0.12862000447658	
    Magnitude of b:	11.936991748577	

	
    Current index:	129501	
    Magnitude of W_grad:	34.183466407301	
    Magnitude of W:	183247.64117136	
    Magnitude of B_grad:	0.26690571221425	
    Magnitude of b:	11.981860034683	

	
    Current index:	139501	
    Magnitude of W_grad:	41.412637914184	
    Magnitude of W:	183240.56101922	
    Magnitude of B_grad:	0.22964125159488	
    Magnitude of b:	12.021052015383	

	
    Current index:	149501	
    Magnitude of W_grad:	31.327634351213	
    Magnitude of W:	183233.9719428	
    Magnitude of B_grad:	0.23580852615467	
    Magnitude of b:	12.047819646459	

	
SGD: Loss is	
	LOSS:Calculated softmax res	
604579.75968962	
SGD: crossEntropyLoss is	
604579.75969417	
SGD: Validation Accuracy is:	
0.2724795640327	
SGD: Magnitude of W:	
183229.74462213	
SGD: Magnitude of b:	
11.936387575487	
    Current index:	9501	
    Magnitude of W_grad:	28.06853074179	
    Magnitude of W:	183223.77112509	
    Magnitude of B_grad:	0.25984753068308	
    Magnitude of b:	11.888002300063	

	
    Current index:	19501	
    Magnitude of W_grad:	30.554999092743	
    Magnitude of W:	183217.54912354	
    Magnitude of B_grad:	0.30451959247995	
    Magnitude of b:	11.819357226335	

	
    Current index:	29501	
    Magnitude of W_grad:	39.684132818512	
    Magnitude of W:	183211.37372489	
    Magnitude of B_grad:	0.19118314396462	
    Magnitude of b:	11.761983366515	

	
    Current index:	39501	
    Magnitude of W_grad:	33.550617325518	
    Magnitude of W:	183204.9948474	
    Magnitude of B_grad:	0.17607404122501	
    Magnitude of b:	11.740774904251	

	
    Current index:	49501	
    Magnitude of W_grad:	30.482049978312	
    Magnitude of W:	183198.6711193	
    Magnitude of B_grad:	0.19293963062381	
    Magnitude of b:	11.69432463389	

	
    Current index:	59501	
    Magnitude of W_grad:	35.225671246969	
    Magnitude of W:	183192.33229297	
    Magnitude of B_grad:	0.21411652801118	
    Magnitude of b:	11.688090820519	

	
    Current index:	69501	
    Magnitude of W_grad:	35.27260372418	
    Magnitude of W:	183185.71847684	
    Magnitude of B_grad:	0.035458022934286	
    Magnitude of b:	11.790497171913	

	
    Current index:	79501	
    Magnitude of W_grad:	34.785382562847	
    Magnitude of W:	183179.52130552	
    Magnitude of B_grad:	0.17086993572407	
    Magnitude of b:	11.805882797282	

	
    Current index:	89501	
    Magnitude of W_grad:	39.786339375998	
    Magnitude of W:	183172.72675767	
    Magnitude of B_grad:	0.2566769845489	
    Magnitude of b:	11.825061903622	

	
    Current index:	99501	
    Magnitude of W_grad:	33.902180890607	
    Magnitude of W:	183166.08196106	
    Magnitude of B_grad:	0.1396807714795	
    Magnitude of b:	11.801170540982	

	
    Current index:	109501	
    Magnitude of W_grad:	36.148438332716	
    Magnitude of W:	183159.43289397	
    Magnitude of B_grad:	0.19146068956038	
    Magnitude of b:	11.871829291936	

	
    Current index:	119501	
    Magnitude of W_grad:	43.019070266687	
    Magnitude of W:	183152.7136859	
    Magnitude of B_grad:	0.13231599311647	
    Magnitude of b:	11.9076703761	

	
    Current index:	129501	
    Magnitude of W_grad:	33.357230839373	
    Magnitude of W:	183146.56840573	
    Magnitude of B_grad:	0.26150359439921	
    Magnitude of b:	11.95268599916	

	
    Current index:	139501	
    Magnitude of W_grad:	41.150041756425	
    Magnitude of W:	183139.66087644	
    Magnitude of B_grad:	0.22679839014475	
    Magnitude of b:	11.991653382858	

	
    Current index:	149501	
    Magnitude of W_grad:	31.330803726617	
    Magnitude of W:	183133.20045094	
    Magnitude of B_grad:	0.23726450049322	
    Magnitude of b:	12.018374042361	

	
SGD: Loss is	
	LOSS:Calculated softmax res	
592954.93145504	
SGD: crossEntropyLoss is	
592954.93145073	
SGD: Validation Accuracy is:	
0.27338782924614	
SGD: Magnitude of W:	
183129.03009882	
SGD: Magnitude of b:	
11.906063069917	
    Current index:	9501	
    Magnitude of W_grad:	27.864975590996	
    Magnitude of W:	183123.18882446	
    Magnitude of B_grad:	0.25917251552945	
    Magnitude of b:	11.857230050172	

	
    Current index:	19501	
    Magnitude of W_grad:	30.878644207434	
    Magnitude of W:	183117.05546558	
    Magnitude of B_grad:	0.30323720718268	
    Magnitude of b:	11.789584463298	

	
    Current index:	29501	
    Magnitude of W_grad:	39.488814881583	
    Magnitude of W:	183110.95418932	
    Magnitude of B_grad:	0.18799306485483	
    Magnitude of b:	11.731569610388	

	
    Current index:	39501	
    Magnitude of W_grad:	33.303323473631	
    Magnitude of W:	183104.64925507	
    Magnitude of B_grad:	0.17255089746931	
    Magnitude of b:	11.709527986341	

	
    Current index:	49501	
    Magnitude of W_grad:	30.047110145839	
    Magnitude of W:	183098.40373099	
    Magnitude of B_grad:	0.19107633453917	
    Magnitude of b:	11.664241638271	

	
    Current index:	59501	
    Magnitude of W_grad:	34.746249362451	
    Magnitude of W:	183092.19669396	
    Magnitude of B_grad:	0.20704659498707	
    Magnitude of b:	11.656147297467	

	
    Current index:	69501	
    Magnitude of W_grad:	34.89798381857	
    Magnitude of W:	183085.71173903	
    Magnitude of B_grad:	0.039011644641122	
    Magnitude of b:	11.755527358529	

	
    Current index:	79501	
    Magnitude of W_grad:	34.050535638141	
    Magnitude of W:	183079.57638344	
    Magnitude of B_grad:	0.16701229358257	
    Magnitude of b:	11.772497920597	

	
    Current index:	89501	
    Magnitude of W_grad:	39.565363854805	
    Magnitude of W:	183072.91580287	
    Magnitude of B_grad:	0.2570050714463	
    Magnitude of b:	11.792228328176	

	
    Current index:	99501	
    Magnitude of W_grad:	33.531991001476	
    Magnitude of W:	183066.46242305	
    Magnitude of B_grad:	0.12664316578742	
    Magnitude of b:	11.766495675912	

	
    Current index:	109501	
    Magnitude of W_grad:	35.870199143108	
    Magnitude of W:	183059.94715103	
    Magnitude of B_grad:	0.19108447299924	
    Magnitude of b:	11.836297202645	

	
    Current index:	119501	
    Magnitude of W_grad:	42.593692872167	
    Magnitude of W:	183053.41718054	
    Magnitude of B_grad:	0.13521102833071	
    Magnitude of b:	11.87058585944	

	
    Current index:	129501	
    Magnitude of W_grad:	32.606506628008	
    Magnitude of W:	183047.41000967	
    Magnitude of B_grad:	0.25633624161167	
    Magnitude of b:	11.915863470831	

	
    Current index:	139501	
    Magnitude of W_grad:	40.850670545792	
    Magnitude of W:	183040.61134019	
    Magnitude of B_grad:	0.22422320729427	
    Magnitude of b:	11.9545881517	

	
    Current index:	149501	
    Magnitude of W_grad:	31.305037261088	
    Magnitude of W:	183034.27252217	
    Magnitude of B_grad:	0.23814854248894	
    Magnitude of b:	11.981348129621	

	
SGD: Loss is	
	LOSS:Calculated softmax res	
582287.98432318	
SGD: crossEntropyLoss is	
582287.98432799	
SGD: Validation Accuracy is:	
0.27066303360581	
SGD: Magnitude of W:	
183030.1609689	
SGD: Magnitude of b:	
11.868329803461	
    Current index:	9501	
    Magnitude of W_grad:	27.682261502732	
    Magnitude of W:	183024.45633197	
    Magnitude of B_grad:	0.25861906866636	
    Magnitude of b:	11.81946223609	

	
    Current index:	19501	
    Magnitude of W_grad:	31.142522625359	
    Magnitude of W:	183018.4265716	
    Magnitude of B_grad:	0.3016556407757	
    Magnitude of b:	11.753099503099	

	
    Current index:	29501	
    Magnitude of W_grad:	39.273104981007	
    Magnitude of W:	183012.46539211	
    Magnitude of B_grad:	0.18556030615658	
    Magnitude of b:	11.694633271061	

	
    Current index:	39501	
    Magnitude of W_grad:	33.09076319599	
    Magnitude of W:	183006.23696363	
    Magnitude of B_grad:	0.16901126100739	
    Magnitude of b:	11.671888146027	

	
    Current index:	49501	
    Magnitude of W_grad:	29.617471281067	
    Magnitude of W:	183000.12861312	
    Magnitude of B_grad:	0.18950700941938	
    Magnitude of b:	11.627530190573	

	
    Current index:	59501	
    Magnitude of W_grad:	34.329010075398	
    Magnitude of W:	182994.00980272	
    Magnitude of B_grad:	0.20065259909215	
    Magnitude of b:	11.617802726529	

	
    Current index:	69501	
    Magnitude of W_grad:	34.543609179677	
    Magnitude of W:	182987.63682533	
    Magnitude of B_grad:	0.04321704433631	
    Magnitude of b:	11.714293611655	

	
    Current index:	79501	
    Magnitude of W_grad:	33.392296110907	
    Magnitude of W:	182981.6438185	
    Magnitude of B_grad:	0.16335805609851	
    Magnitude of b:	11.732994196715	

	
    Current index:	89501	
    Magnitude of W_grad:	39.368299893425	
    Magnitude of W:	182975.1095692	
    Magnitude of B_grad:	0.25712995707102	
    Magnitude of b:	11.753621344502	

	
    Current index:	99501	
    Magnitude of W_grad:	33.252568489415	
    Magnitude of W:	182968.79282281	
    Magnitude of B_grad:	0.11662840757701	
    Magnitude of b:	11.726689729369	

	
    Current index:	109501	
    Magnitude of W_grad:	35.608611940804	
    Magnitude of W:	182962.35111991	
    Magnitude of B_grad:	0.190989645957	
    Magnitude of b:	11.795784302704	

	
    Current index:	119501	
    Magnitude of W_grad:	42.293233245921	
    Magnitude of W:	182955.94504267	
    Magnitude of B_grad:	0.13698734286969	
    Magnitude of b:	11.828598239619	

	
    Current index:	129501	
    Magnitude of W_grad:	31.968536890309	
    Magnitude of W:	182950.04145518	
    Magnitude of B_grad:	0.25151711579871	
    Magnitude of b:	11.874098608466	

	
    Current index:	139501	
    Magnitude of W_grad:	40.532504102783	
    Magnitude of W:	182943.32800222	
    Magnitude of B_grad:	0.22314840172591	
    Magnitude of b:	11.912463741388	

	
    Current index:	149501	
    Magnitude of W_grad:	31.251593466027	
    Magnitude of W:	182937.0650394	
    Magnitude of B_grad:	0.23849626108978	
    Magnitude of b:	11.939312253172	

	
Done.	
Testing on validation set...	
Done	
Datafile:	/n/home09/ankitgupta/CS287/HW1/SST1-uni-syns.hdf5	Classifier:	lr	Alpha:	0	Eta:	0.1	Lambda:	1	Minibatch size:	500	Num Epochs:	15	Minimum Sentence Length:	0	
Accuracy:	0.27338782924614	
