[?1034hDatafile:	/n/home09/ankitgupta/CS287/HW1/SST1-uni-syns.hdf5	Classifier:	hinge	Alpha:	0	Eta:	0.5	Lambda:	0.2	Minibatch size:	500	Num Epochs:	15	Minimum Sentence Length:	0	
Note that not all parameters may apply to all classifiers	
Loading datafiles...	
Number of training samples before removing small sentences	156817	
Number of training samples after removing small sentences	156817	
Done.	
Training classifier...	
Parameters are:	
Eta:	
0.5	
Lambda:	
0.2	
Minibatch size:	
500	
Number of Epochs	
15	
SGD: Hinge Loss is	
1231642.111848	
SGD: Validation Accuracy is:	
0.188919164396	
SGD: Magnitude of W:	
185011.97778482	
SGD: Magnitude of b:	
4.6735614025733	
    Current index:	9501	
    Magnitude of W_grad:	32.284	
    Magnitude of W:	184970.44455907	
    Magnitude of B_grad:	0.284	
    Magnitude of b:	8.6514729437494	

	
    Current index:	19501	
    Magnitude of W_grad:	39.388000000001	
    Magnitude of W:	184931.61561219	
    Magnitude of B_grad:	0.248	
    Magnitude of b:	10.295350761631	

	
    Current index:	29501	
    Magnitude of W_grad:	41.632000000001	
    Magnitude of W:	184896.62427373	
    Magnitude of B_grad:	0.132	
    Magnitude of b:	11.14721276784	

	
    Current index:	39501	
    Magnitude of W_grad:	38.840000000001	
    Magnitude of W:	184859.02156078	
    Magnitude of B_grad:	0.228	
    Magnitude of b:	11.763067503683	

	
    Current index:	49501	
    Magnitude of W_grad:	44.948000000001	
    Magnitude of W:	184825.25964226	
    Magnitude of B_grad:	0.148	
    Magnitude of b:	12.67691237516	

	
    Current index:	59501	
    Magnitude of W_grad:	32.996	
    Magnitude of W:	184792.93303063	
    Magnitude of B_grad:	0.092	
    Magnitude of b:	13.230748230521	

	
    Current index:	69501	
    Magnitude of W_grad:	47.564000000001	
    Magnitude of W:	184760.30740918	
    Magnitude of B_grad:	0.16	
    Magnitude of b:	13.652576096545	

	
    Current index:	79501	
    Magnitude of W_grad:	45.184	
    Magnitude of W:	184726.17264531	
    Magnitude of B_grad:	0.1	
    Magnitude of b:	13.866400681981	

	
    Current index:	89501	
    Magnitude of W_grad:	51.624000000001	
    Magnitude of W:	184687.32111352	
    Magnitude of B_grad:	0.32	
    Magnitude of b:	12.008233741926	

	
    Current index:	99501	
    Magnitude of W_grad:	46.928000000001	
    Magnitude of W:	184648.83069875	
    Magnitude of B_grad:	0.176	
    Magnitude of b:	11.176085847725	

	
    Current index:	109501	
    Magnitude of W_grad:	40.224000000001	
    Magnitude of W:	184615.3235962	
    Magnitude of B_grad:	0.192	
    Magnitude of b:	11.434320163303	

	
    Current index:	119501	
    Magnitude of W_grad:	43.8	
    Magnitude of W:	184580.67759827	
    Magnitude of B_grad:	0.232	
    Magnitude of b:	11.374173566309	

	
    Current index:	129501	
    Magnitude of W_grad:	40.628000000001	
    Magnitude of W:	184547.53775755	
    Magnitude of B_grad:	0.164	
    Magnitude of b:	11.700026068219	

	
    Current index:	139501	
    Magnitude of W_grad:	43.312000000002	
    Magnitude of W:	184512.82150125	
    Magnitude of B_grad:	0.088	
    Magnitude of b:	12.007875831255	

	
    Current index:	149501	
    Magnitude of W_grad:	40.780000000001	
    Magnitude of W:	184482.31723812	
    Magnitude of B_grad:	0.16	
    Magnitude of b:	12.073721888724	

	
SGD: Hinge Loss is	
743450.40138884	
SGD: Validation Accuracy is:	
0.25522252497729	
SGD: Magnitude of W:	
184462.96760807	
SGD: Magnitude of b:	
11.267185422038	
    Current index:	9501	
    Magnitude of W_grad:	34.192	
    Magnitude of W:	184437.72915343	
    Magnitude of B_grad:	0.208	
    Magnitude of b:	11.746778458966	

	
    Current index:	19501	
    Magnitude of W_grad:	33.888	
    Magnitude of W:	184411.79253743	
    Magnitude of B_grad:	0.208	
    Magnitude of b:	12.132625308401	

	
    Current index:	29501	
    Magnitude of W_grad:	35.648	
    Magnitude of W:	184386.99192618	
    Magnitude of B_grad:	0.12	
    Magnitude of b:	12.224469203499	

	
    Current index:	39501	
    Magnitude of W_grad:	38.052000000002	
    Magnitude of W:	184358.81163837	
    Magnitude of B_grad:	0.28	
    Magnitude of b:	12.334313481918	

	
    Current index:	49501	
    Magnitude of W_grad:	44.336000000001	
    Magnitude of W:	184333.40334977	
    Magnitude of B_grad:	0.204	
    Magnitude of b:	12.848153302371	

	
    Current index:	59501	
    Magnitude of W_grad:	30.964	
    Magnitude of W:	184307.59936952	
    Magnitude of B_grad:	0.124	
    Magnitude of b:	13.059988930199	

	
    Current index:	69501	
    Magnitude of W_grad:	44.320000000002	
    Magnitude of W:	184282.15229812	
    Magnitude of B_grad:	0.132	
    Magnitude of b:	13.185820384583	

	
    Current index:	79501	
    Magnitude of W_grad:	43.116	
    Magnitude of W:	184254.49563584	
    Magnitude of B_grad:	0.152	
    Magnitude of b:	13.267652184191	

	
    Current index:	89501	
    Magnitude of W_grad:	47.788000000001	
    Magnitude of W:	184223.40282891	
    Magnitude of B_grad:	0.272	
    Magnitude of b:	11.816599796722	

	
    Current index:	99501	
    Magnitude of W_grad:	43.864000000001	
    Magnitude of W:	184194.35372725	
    Magnitude of B_grad:	0.124	
    Magnitude of b:	11.608451062479	

	
    Current index:	109501	
    Magnitude of W_grad:	42.800000000001	
    Magnitude of W:	184168.40813216	
    Magnitude of B_grad:	0.252	
    Magnitude of b:	11.768302293143	

	
    Current index:	119501	
    Magnitude of W_grad:	35.316	
    Magnitude of W:	184140.53695986	
    Magnitude of B_grad:	0.192	
    Magnitude of b:	11.537672106958	

	
    Current index:	129501	
    Magnitude of W_grad:	40.652000000001	
    Magnitude of W:	184114.25800411	
    Magnitude of B_grad:	0.1	
    Magnitude of b:	11.61952453747	

	
    Current index:	139501	
    Magnitude of W_grad:	44.972000000001	
    Magnitude of W:	184085.95549812	
    Magnitude of B_grad:	0.064	
    Magnitude of b:	11.837376093689	

	
    Current index:	149501	
    Magnitude of W_grad:	40.672000000001	
    Magnitude of W:	184059.99591431	
    Magnitude of B_grad:	0.176	
    Magnitude of b:	11.897708841638	

	
SGD: Hinge Loss is	
636032.85258238	
SGD: Validation Accuracy is:	
0.26430517711172	
SGD: Magnitude of W:	
184043.51733803	
SGD: Magnitude of b:	
11.263073035658	
    Current index:	9501	
    Magnitude of W_grad:	31.964	
    Magnitude of W:	184022.43327604	
    Magnitude of B_grad:	0.168	
    Magnitude of b:	11.348585364005	

	
    Current index:	19501	
    Magnitude of W_grad:	33.9	
    Magnitude of W:	184000.95328171	
    Magnitude of B_grad:	0.244	
    Magnitude of b:	11.718437932087	

	
    Current index:	29501	
    Magnitude of W_grad:	33.836	
    Magnitude of W:	183980.71873383	
    Magnitude of B_grad:	0.084	
    Magnitude of b:	11.648288134978	

	
    Current index:	39501	
    Magnitude of W_grad:	37.440000000001	
    Magnitude of W:	183956.79706916	
    Magnitude of B_grad:	0.244	
    Magnitude of b:	11.660139899545	

	
    Current index:	49501	
    Magnitude of W_grad:	41.048000000001	
    Magnitude of W:	183936.17946416	
    Magnitude of B_grad:	0.176	
    Magnitude of b:	12.121989004313	

	
    Current index:	59501	
    Magnitude of W_grad:	30.34	
    Magnitude of W:	183913.76732874	
    Magnitude of B_grad:	0.14	
    Magnitude of b:	12.255834172686	

	
    Current index:	69501	
    Magnitude of W_grad:	43.244000000001	
    Magnitude of W:	183891.45493341	
    Magnitude of B_grad:	0.116	
    Magnitude of b:	12.367676048769	

	
    Current index:	79501	
    Magnitude of W_grad:	43.036000000001	
    Magnitude of W:	183867.1259335	
    Magnitude of B_grad:	0.156	
    Magnitude of b:	12.509517739391	

	
    Current index:	89501	
    Magnitude of W_grad:	48.288	
    Magnitude of W:	183840.75522432	
    Magnitude of B_grad:	0.352	
    Magnitude of b:	11.445803945519	

	
    Current index:	99501	
    Magnitude of W_grad:	42.080000000001	
    Magnitude of W:	183816.23760707	
    Magnitude of B_grad:	0.132	
    Magnitude of b:	11.207660155811	

	
    Current index:	109501	
    Magnitude of W_grad:	42.504000000001	
    Magnitude of W:	183794.11629187	
    Magnitude of B_grad:	0.228	
    Magnitude of b:	11.422571151966	

	
    Current index:	119501	
    Magnitude of W_grad:	32.612	
    Magnitude of W:	183770.11164418	
    Magnitude of B_grad:	0.152	
    Magnitude of b:	11.196426432934	

	
    Current index:	129501	
    Magnitude of W_grad:	38.600000000001	
    Magnitude of W:	183747.3362437	
    Magnitude of B_grad:	0.168	
    Magnitude of b:	11.257231236163	

	
    Current index:	139501	
    Magnitude of W_grad:	44.296000000001	
    Magnitude of W:	183722.56477554	
    Magnitude of B_grad:	0.064	
    Magnitude of b:	11.428140436204	

	
    Current index:	149501	
    Magnitude of W_grad:	40.356000000001	
    Magnitude of W:	183699.44250607	
    Magnitude of B_grad:	0.168	
    Magnitude of b:	11.466942879893	

	
SGD: Hinge Loss is	
571421.48225923	
SGD: Validation Accuracy is:	
0.27338782924614	
SGD: Magnitude of W:	
183684.95910702	
SGD: Magnitude of b:	
10.87408369844	
    Current index:	9501	
    Magnitude of W_grad:	31.076	
    Magnitude of W:	183666.94238437	
    Magnitude of B_grad:	0.168	
    Magnitude of b:	10.87004719438	

	
    Current index:	19501	
    Magnitude of W_grad:	32.184	
    Magnitude of W:	183647.75936424	
    Magnitude of B_grad:	0.224	
    Magnitude of b:	11.261906056871	

	
    Current index:	29501	
    Magnitude of W_grad:	34.316	
    Magnitude of W:	183629.71710869	
    Magnitude of B_grad:	0.076	
    Magnitude of b:	11.17176223525	

	
    Current index:	39501	
    Magnitude of W_grad:	35.800000000001	
    Magnitude of W:	183608.67567894	
    Magnitude of B_grad:	0.232	
    Magnitude of b:	11.191619804329	

	
    Current index:	49501	
    Magnitude of W_grad:	40.896000000001	
    Magnitude of W:	183590.16873369	
    Magnitude of B_grad:	0.172	
    Magnitude of b:	11.603475296378	

	
    Current index:	59501	
    Magnitude of W_grad:	29.516	
    Magnitude of W:	183569.70570807	
    Magnitude of B_grad:	0.108	
    Magnitude of b:	11.689327629924	

	
    Current index:	69501	
    Magnitude of W_grad:	41.676000000001	
    Magnitude of W:	183549.60071363	
    Magnitude of B_grad:	0.124	
    Magnitude of b:	11.793177190159	

	
    Current index:	79501	
    Magnitude of W_grad:	40.404	
    Magnitude of W:	183527.79661123	
    Magnitude of B_grad:	0.192	
    Magnitude of b:	11.971026172023	

	
    Current index:	89501	
    Magnitude of W_grad:	46.372000000001	
    Magnitude of W:	183504.3848568	
    Magnitude of B_grad:	0.352	
    Magnitude of b:	11.058854177102	

	
    Current index:	99501	
    Magnitude of W_grad:	40.080000000001	
    Magnitude of W:	183482.11326357	
    Magnitude of B_grad:	0.144	
    Magnitude of b:	10.816715296905	

	
    Current index:	109501	
    Magnitude of W_grad:	39.508000000002	
    Magnitude of W:	183461.86127329	
    Magnitude of B_grad:	0.188	
    Magnitude of b:	11.081146417568	

	
    Current index:	119501	
    Magnitude of W_grad:	30.904	
    Magnitude of W:	183440.32097362	
    Magnitude of B_grad:	0.124	
    Magnitude of b:	10.851006259554	

	
    Current index:	129501	
    Magnitude of W_grad:	37.240000000001	
    Magnitude of W:	183419.62571634	
    Magnitude of B_grad:	0.152	
    Magnitude of b:	10.886867902862	

	
    Current index:	139501	
    Magnitude of W_grad:	42.308000000001	
    Magnitude of W:	183397.89002201	
    Magnitude of B_grad:	0.076	
    Magnitude of b:	11.026728959992	

	
    Current index:	149501	
    Magnitude of W_grad:	39.064000000001	
    Magnitude of W:	183377.39825549	
    Magnitude of B_grad:	0.124	
    Magnitude of b:	11.074022544656	

	
SGD: Hinge Loss is	
527226.72138786	
SGD: Validation Accuracy is:	
0.28792007266122	
SGD: Magnitude of W:	
183363.90921656	
SGD: Magnitude of b:	
10.521475946594	
    Current index:	9501	
    Magnitude of W_grad:	31.68	
    Magnitude of W:	183347.6547921	
    Magnitude of B_grad:	0.18	
    Magnitude of b:	10.485906888967	

	
    Current index:	19501	
    Magnitude of W_grad:	30.984	
    Magnitude of W:	183330.54544954	
    Magnitude of B_grad:	0.232	
    Magnitude of b:	10.891770862357	

	
    Current index:	29501	
    Magnitude of W_grad:	32.383999999999	
    Magnitude of W:	183313.99659667	
    Magnitude of B_grad:	0.036	
    Magnitude of b:	10.773631868438	

	
    Current index:	39501	
    Magnitude of W_grad:	35.076000000001	
    Magnitude of W:	183294.64685913	
    Magnitude of B_grad:	0.236	
    Magnitude of b:	10.831493941215	

	
    Current index:	49501	
    Magnitude of W_grad:	41.432000000001	
    Magnitude of W:	183277.78747744	
    Magnitude of B_grad:	0.184	
    Magnitude of b:	11.255354271051	

	
    Current index:	59501	
    Magnitude of W_grad:	28.319999999999	
    Magnitude of W:	183259.12516428	
    Magnitude of B_grad:	0.104	
    Magnitude of b:	11.273211603017	

	
    Current index:	69501	
    Magnitude of W_grad:	40.504000000001	
    Magnitude of W:	183240.77798705	
    Magnitude of B_grad:	0.12	
    Magnitude of b:	11.43506635929	

	
    Current index:	79501	
    Magnitude of W_grad:	39.500000000001	
    Magnitude of W:	183220.66423215	
    Magnitude of B_grad:	0.216	
    Magnitude of b:	11.572920327966	

	
    Current index:	89501	
    Magnitude of W_grad:	44.860000000001	
    Magnitude of W:	183199.19224197	
    Magnitude of B_grad:	0.312	
    Magnitude of b:	10.754280559516	

	
    Current index:	99501	
    Magnitude of W_grad:	37.184	
    Magnitude of W:	183178.65524301	
    Magnitude of B_grad:	0.1	
    Magnitude of b:	10.476145845597	

	
    Current index:	109501	
    Magnitude of W_grad:	37.216000000001	
    Magnitude of W:	183160.17155327	
    Magnitude of B_grad:	0.184	
    Magnitude of b:	10.7629256976	

	
    Current index:	119501	
    Magnitude of W_grad:	31.552	
    Magnitude of W:	183140.25710573	
    Magnitude of B_grad:	0.156	
    Magnitude of b:	10.554789663102	

	
    Current index:	129501	
    Magnitude of W_grad:	36.484	
    Magnitude of W:	183120.74469063	
    Magnitude of B_grad:	0.148	
    Magnitude of b:	10.538655215614	

	
    Current index:	139501	
    Magnitude of W_grad:	41.580000000001	
    Magnitude of W:	183100.61826014	
    Magnitude of B_grad:	0.088	
    Magnitude of b:	10.698520310709	

	
    Current index:	149501	
    Magnitude of W_grad:	37.752000000001	
    Magnitude of W:	183081.86136253	
    Magnitude of B_grad:	0.12	
    Magnitude of b:	10.777474985003	

	
SGD: Hinge Loss is	
495016.31734111	
SGD: Validation Accuracy is:	
0.29791099000908	
SGD: Magnitude of W:	
183068.99197181	
SGD: Magnitude of b:	
10.260085547304	
    Current index:	9501	
    Magnitude of W_grad:	30.812	
    Magnitude of W:	183054.37246704	
    Magnitude of B_grad:	0.156	
    Magnitude of b:	10.186141802837	

	
    Current index:	19501	
    Magnitude of W_grad:	30.591999999999	
    Magnitude of W:	183038.34989452	
    Magnitude of B_grad:	0.224	
    Magnitude of b:	10.572009521525	

	
    Current index:	29501	
    Magnitude of W_grad:	32.548	
    Magnitude of W:	183023.07651726	
    Magnitude of B_grad:	0.036	
    Magnitude of b:	10.447874752395	

	
    Current index:	39501	
    Magnitude of W_grad:	35.268000000001	
    Magnitude of W:	183005.37997732	
    Magnitude of B_grad:	0.228	
    Magnitude of b:	10.54774052063	

	
    Current index:	49501	
    Magnitude of W_grad:	39.388000000001	
    Magnitude of W:	182989.68582579	
    Magnitude of B_grad:	0.164	
    Magnitude of b:	10.903604755038	

	
    Current index:	59501	
    Magnitude of W_grad:	28.376	
    Magnitude of W:	182972.62570806	
    Magnitude of B_grad:	0.064	
    Magnitude of b:	10.969466252974	

	
    Current index:	69501	
    Magnitude of W_grad:	39.088000000002	
    Magnitude of W:	182955.40306644	
    Magnitude of B_grad:	0.104	
    Magnitude of b:	11.13732508589	

	
    Current index:	79501	
    Magnitude of W_grad:	36.556	
    Magnitude of W:	182936.93144459	
    Magnitude of B_grad:	0.172	
    Magnitude of b:	11.239183052084	

	
    Current index:	89501	
    Magnitude of W_grad:	43.120000000001	
    Magnitude of W:	182916.36539641	
    Magnitude of B_grad:	0.308	
    Magnitude of b:	10.488921419309	

	
    Current index:	99501	
    Magnitude of W_grad:	34.252	
    Magnitude of W:	182897.19049535	
    Magnitude of B_grad:	0.1	
    Magnitude of b:	10.200790098614	

	
    Current index:	109501	
    Magnitude of W_grad:	36.684000000001	
    Magnitude of W:	182880.08524259	
    Magnitude of B_grad:	0.168	
    Magnitude of b:	10.480215123269	

	
    Current index:	119501	
    Magnitude of W_grad:	31.12	
    Magnitude of W:	182861.50704238	
    Magnitude of B_grad:	0.152	
    Magnitude of b:	10.278082943057	

	
    Current index:	129501	
    Magnitude of W_grad:	35.36	
    Magnitude of W:	182843.28350943	
    Magnitude of B_grad:	0.152	
    Magnitude of b:	10.271951918732	

	
    Current index:	139501	
    Magnitude of W_grad:	39.360000000002	
    Magnitude of W:	182824.32414301	
    Magnitude of B_grad:	0.096	
    Magnitude of b:	10.423820314511	

	
    Current index:	149501	
    Magnitude of W_grad:	36.692000000001	
    Magnitude of W:	182806.96415228	
    Magnitude of B_grad:	0.116	
    Magnitude of b:	10.498137010778	

	
SGD: Hinge Loss is	
470189.55781031	
SGD: Validation Accuracy is:	
0.31062670299728	
SGD: Magnitude of W:	
182794.72881931	
SGD: Magnitude of b:	
10.011904592555	
    Current index:	9501	
    Magnitude of W_grad:	31.056	
    Magnitude of W:	182781.56927626	
    Magnitude of B_grad:	0.172	
    Magnitude of b:	9.9130471790931	

	
    Current index:	19501	
    Magnitude of W_grad:	30.576	
    Magnitude of W:	182766.26185344	
    Magnitude of B_grad:	0.228	
    Magnitude of b:	10.33691814734	

	
    Current index:	29501	
    Magnitude of W_grad:	32.756	
    Magnitude of W:	182752.10971359	
    Magnitude of B_grad:	0.032	
    Magnitude of b:	10.218786455554	

	
    Current index:	39501	
    Magnitude of W_grad:	35.424000000001	
    Magnitude of W:	182735.44414816	
    Magnitude of B_grad:	0.224	
    Magnitude of b:	10.342655025614	

	
    Current index:	49501	
    Magnitude of W_grad:	39.364000000001	
    Magnitude of W:	182721.03594567	
    Magnitude of B_grad:	0.168	
    Magnitude of b:	10.638522383205	

	
    Current index:	59501	
    Magnitude of W_grad:	27.424	
    Magnitude of W:	182705.16243262	
    Magnitude of B_grad:	0.084	
    Magnitude of b:	10.688387385617	

	
    Current index:	69501	
    Magnitude of W_grad:	39.408000000001	
    Magnitude of W:	182689.81204533	
    Magnitude of B_grad:	0.08	
    Magnitude of b:	10.91424944876	

	
    Current index:	79501	
    Magnitude of W_grad:	36.068	
    Magnitude of W:	182672.28646918	
    Magnitude of B_grad:	0.164	
    Magnitude of b:	10.984110669374	

	
    Current index:	89501	
    Magnitude of W_grad:	41.904000000001	
    Magnitude of W:	182652.76675903	
    Magnitude of B_grad:	0.292	
    Magnitude of b:	10.276766558804	

	
    Current index:	99501	
    Magnitude of W_grad:	33.6	
    Magnitude of W:	182634.93035216	
    Magnitude of B_grad:	0.092	
    Magnitude of b:	9.9706380854212	

	
    Current index:	109501	
    Magnitude of W_grad:	35.872000000001	
    Magnitude of W:	182619.06966187	
    Magnitude of B_grad:	0.196	
    Magnitude of b:	10.251626374878	

	
    Current index:	119501	
    Magnitude of W_grad:	30.416	
    Magnitude of W:	182601.17427216	
    Magnitude of B_grad:	0.128	
    Magnitude of b:	10.06549705899	

	
    Current index:	129501	
    Magnitude of W_grad:	35.140000000001	
    Magnitude of W:	182584.34644568	
    Magnitude of B_grad:	0.152	
    Magnitude of b:	10.107368280401	

	
    Current index:	139501	
    Magnitude of W_grad:	40.060000000002	
    Magnitude of W:	182566.71909045	
    Magnitude of B_grad:	0.088	
    Magnitude of b:	10.205238966527	

	
    Current index:	149501	
    Magnitude of W_grad:	36.952000000001	
    Magnitude of W:	182550.07699754	
    Magnitude of B_grad:	0.104	
    Magnitude of b:	10.295107616268	

	
SGD: Hinge Loss is	
449356.68173574	
SGD: Validation Accuracy is:	
0.31244323342416	
SGD: Magnitude of W:	
182538.32920769	
SGD: Magnitude of b:	
9.8172329825844	
    Current index:	9501	
    Magnitude of W_grad:	30.736	
    Magnitude of W:	182525.92072715	
    Magnitude of B_grad:	0.18	
    Magnitude of b:	9.7146152029139	

	
    Current index:	19501	
    Magnitude of W_grad:	31.208	
    Magnitude of W:	182511.00194552	
    Magnitude of B_grad:	0.232	
    Magnitude of b:	10.1024890794	

	
    Current index:	29501	
    Magnitude of W_grad:	34.444	
    Magnitude of W:	182497.64813983	
    Magnitude of B_grad:	0.052	
    Magnitude of b:	9.9823602090889	

	
    Current index:	39501	
    Magnitude of W_grad:	35.700000000001	
    Magnitude of W:	182481.82436514	
    Magnitude of B_grad:	0.224	
    Magnitude of b:	10.14823158656	

	
    Current index:	49501	
    Magnitude of W_grad:	38.204000000001	
    Magnitude of W:	182468.09665273	
    Magnitude of B_grad:	0.144	
    Magnitude of b:	10.400101617614	

	
    Current index:	59501	
    Magnitude of W_grad:	27.907999999999	
    Magnitude of W:	182452.94509669	
    Magnitude of B_grad:	0.064	
    Magnitude of b:	10.50396941844	

	
    Current index:	69501	
    Magnitude of W_grad:	38.036000000001	
    Magnitude of W:	182438.64900524	
    Magnitude of B_grad:	0.072	
    Magnitude of b:	10.7058341537	

	
    Current index:	79501	
    Magnitude of W_grad:	36.7	
    Magnitude of W:	182422.34326096	
    Magnitude of B_grad:	0.192	
    Magnitude of b:	10.781697941817	

	
    Current index:	89501	
    Magnitude of W_grad:	42.992000000001	
    Magnitude of W:	182403.42833427	
    Magnitude of B_grad:	0.324	
    Magnitude of b:	10.108116027563	

	
    Current index:	99501	
    Magnitude of W_grad:	33.628	
    Magnitude of W:	182386.54224694	
    Magnitude of B_grad:	0.088	
    Magnitude of b:	9.8119896464221	

	
    Current index:	109501	
    Magnitude of W_grad:	35.008000000001	
    Magnitude of W:	182371.78485642	
    Magnitude of B_grad:	0.184	
    Magnitude of b:	10.042840132914	

	
    Current index:	119501	
    Magnitude of W_grad:	29.98	
    Magnitude of W:	182354.55382473	
    Magnitude of B_grad:	0.12	
    Magnitude of b:	9.8547134823623	

	
    Current index:	129501	
    Magnitude of W_grad:	35.732	
    Magnitude of W:	182338.86335718	
    Magnitude of B_grad:	0.128	
    Magnitude of b:	9.8885874570753	

	
    Current index:	139501	
    Magnitude of W_grad:	40.664000000002	
    Magnitude of W:	182321.86117645	
    Magnitude of B_grad:	0.076	
    Magnitude of b:	10.014460673278	

	
    Current index:	149501	
    Magnitude of W_grad:	36.624000000001	
    Magnitude of W:	182306.35282727	
    Magnitude of B_grad:	0.108	
    Magnitude of b:	10.100331974225	

	
SGD: Hinge Loss is	
432412.17217085	
SGD: Validation Accuracy is:	
0.31880108991826	
SGD: Magnitude of W:	
182295.34497467	
SGD: Magnitude of b:	
9.6382890246841	
    Current index:	9501	
    Magnitude of W_grad:	30.06	
    Magnitude of W:	182283.53429955	
    Magnitude of B_grad:	0.168	
    Magnitude of b:	9.5290638532568	

	
    Current index:	19501	
    Magnitude of W_grad:	30.812	
    Magnitude of W:	182269.0312211	
    Magnitude of B_grad:	0.212	
    Magnitude of b:	9.9169400056474	

	
    Current index:	29501	
    Magnitude of W_grad:	36.176	
    Magnitude of W:	182256.36441162	
    Magnitude of B_grad:	0.068	
    Magnitude of b:	9.7748136190969	

	
    Current index:	39501	
    Magnitude of W_grad:	34.700000000001	
    Magnitude of W:	182241.34805483	
    Magnitude of B_grad:	0.204	
    Magnitude of b:	9.9826874445862	

	
    Current index:	49501	
    Magnitude of W_grad:	38.300000000001	
    Magnitude of W:	182228.32733987	
    Magnitude of B_grad:	0.136	
    Magnitude of b:	10.19055988154	

	
    Current index:	59501	
    Magnitude of W_grad:	27.823999999999	
    Magnitude of W:	182213.91537275	
    Magnitude of B_grad:	0.076	
    Magnitude of b:	10.326430201742	

	
    Current index:	69501	
    Magnitude of W_grad:	37.460000000001	
    Magnitude of W:	182200.42264044	
    Magnitude of B_grad:	0.088	
    Magnitude of b:	10.518297259941	

	
    Current index:	79501	
    Magnitude of W_grad:	35.744	
    Magnitude of W:	182184.98626612	
    Magnitude of B_grad:	0.196	
    Magnitude of b:	10.554163641344	

	
    Current index:	89501	
    Magnitude of W_grad:	40.436000000001	
    Magnitude of W:	182167.23314696	
    Magnitude of B_grad:	0.308	
    Magnitude of b:	9.929193983079	

	
    Current index:	99501	
    Magnitude of W_grad:	32.468	
    Magnitude of W:	182151.07464646	
    Magnitude of B_grad:	0.072	
    Magnitude of b:	9.6550698417582	

	
    Current index:	109501	
    Magnitude of W_grad:	33.528	
    Magnitude of W:	182137.11314823	
    Magnitude of B_grad:	0.216	
    Magnitude of b:	9.8680856282815	

	
    Current index:	119501	
    Magnitude of W_grad:	30.308	
    Magnitude of W:	182120.57141894	
    Magnitude of B_grad:	0.136	
    Magnitude of b:	9.7199610075286	

	
    Current index:	129501	
    Magnitude of W_grad:	34.908	
    Magnitude of W:	182105.43955639	
    Magnitude of B_grad:	0.144	
    Magnitude of b:	9.7458367901021	

	
    Current index:	139501	
    Magnitude of W_grad:	40.088000000002	
    Magnitude of W:	182089.348662	
    Magnitude of B_grad:	0.064	
    Magnitude of b:	9.8737116827797	

	
    Current index:	149501	
    Magnitude of W_grad:	35.396000000001	
    Magnitude of W:	182074.26492571	
    Magnitude of B_grad:	0.112	
    Magnitude of b:	9.9524515373202	

	
SGD: Hinge Loss is	
418102.15292103	
SGD: Validation Accuracy is:	
0.32697547683924	
SGD: Magnitude of W:	
182063.93738472	
SGD: Magnitude of b:	
9.517151125622	
    Current index:	9501	
    Magnitude of W_grad:	30.848	
    Magnitude of W:	182052.87014037	
    Magnitude of B_grad:	0.184	
    Magnitude of b:	9.4016245422949	

	
    Current index:	19501	
    Magnitude of W_grad:	30.796	
    Magnitude of W:	182039.14806132	
    Magnitude of B_grad:	0.184	
    Magnitude of b:	9.7635024590153	

	
    Current index:	29501	
    Magnitude of W_grad:	35.948	
    Magnitude of W:	182026.90296235	
    Magnitude of B_grad:	0.064	
    Magnitude of b:	9.6213780306278	

	
    Current index:	39501	
    Magnitude of W_grad:	35.444000000001	
    Magnitude of W:	182012.39913826	
    Magnitude of B_grad:	0.228	
    Magnitude of b:	9.8172539724006	

	
    Current index:	49501	
    Magnitude of W_grad:	38.880000000001	
    Magnitude of W:	181999.92151657	
    Magnitude of B_grad:	0.148	
    Magnitude of b:	10.013128672278	

	
    Current index:	59501	
    Magnitude of W_grad:	28.211999999999	
    Magnitude of W:	181986.16459466	
    Magnitude of B_grad:	0.068	
    Magnitude of b:	10.161001282156	

	
    Current index:	69501	
    Magnitude of W_grad:	34.448000000001	
    Magnitude of W:	181973.15075224	
    Magnitude of B_grad:	0.056	
    Magnitude of b:	10.364870286929	

	
    Current index:	79501	
    Magnitude of W_grad:	34.776	
    Magnitude of W:	181958.59624042	
    Magnitude of B_grad:	0.168	
    Magnitude of b:	10.362738792159	

	
    Current index:	89501	
    Magnitude of W_grad:	40.108000000001	
    Magnitude of W:	181941.53118518	
    Magnitude of B_grad:	0.296	
    Magnitude of b:	9.7700711075974	

	
    Current index:	99501	
    Magnitude of W_grad:	31.792	
    Magnitude of W:	181926.19394873	
    Magnitude of B_grad:	0.064	
    Magnitude of b:	9.5079490262814	

	
    Current index:	109501	
    Magnitude of W_grad:	32.772	
    Magnitude of W:	181912.97814727	
    Magnitude of B_grad:	0.224	
    Magnitude of b:	9.7078898384153	

	
    Current index:	119501	
    Magnitude of W_grad:	29.716	
    Magnitude of W:	181896.87636376	
    Magnitude of B_grad:	0.132	
    Magnitude of b:	9.5617672097278	

	
    Current index:	129501	
    Magnitude of W_grad:	34.068	
    Magnitude of W:	181882.48338575	
    Magnitude of B_grad:	0.14	
    Magnitude of b:	9.5695862198227	

	
    Current index:	139501	
    Magnitude of W_grad:	40.264000000002	
    Magnitude of W:	181866.91178507	
    Magnitude of B_grad:	0.064	
    Magnitude of b:	9.723522268218	

	
    Current index:	149501	
    Magnitude of W_grad:	33.808	
    Magnitude of W:	181852.02367605	
    Magnitude of B_grad:	0.1	
    Magnitude of b:	9.805340913071	

	
SGD: Hinge Loss is	
404416.30961032	
SGD: Validation Accuracy is:	
0.33060853769301	
SGD: Magnitude of W:	
181842.18561715	
SGD: Magnitude of b:	
9.4038146152298	
    Current index:	9501	
    Magnitude of W_grad:	29.616	
    Magnitude of W:	181831.73673666	
    Magnitude of B_grad:	0.176	
    Magnitude of b:	9.2811398611436	

	
    Current index:	19501	
    Magnitude of W_grad:	29.464	
    Magnitude of W:	181818.62479338	
    Magnitude of B_grad:	0.184	
    Magnitude of b:	9.6530191678157	

	
    Current index:	29501	
    Magnitude of W_grad:	34.548	
    Magnitude of W:	181807.01837702	
    Magnitude of B_grad:	0.06	
    Magnitude of b:	9.4928962033332	

	
    Current index:	39501	
    Magnitude of W_grad:	33.996	
    Magnitude of W:	181793.28214237	
    Magnitude of B_grad:	0.2	
    Magnitude of b:	9.7087737454564	

	
    Current index:	49501	
    Magnitude of W_grad:	38.532000000001	
    Magnitude of W:	181781.44858972	
    Magnitude of B_grad:	0.144	
    Magnitude of b:	9.87864997807	

	
    Current index:	59501	
    Magnitude of W_grad:	26.991999999999	
    Magnitude of W:	181768.29926146	
    Magnitude of B_grad:	0.072	
    Magnitude of b:	10.016524311969	

	
    Current index:	69501	
    Magnitude of W_grad:	34.692	
    Magnitude of W:	181755.87843915	
    Magnitude of B_grad:	0.048	
    Magnitude of b:	10.252394848161	

	
    Current index:	79501	
    Magnitude of W_grad:	34.224	
    Magnitude of W:	181741.81943868	
    Magnitude of B_grad:	0.168	
    Magnitude of b:	10.240264604209	

	
    Current index:	89501	
    Magnitude of W_grad:	38.896000000001	
    Magnitude of W:	181725.78367886	
    Magnitude of B_grad:	0.312	
    Magnitude of b:	9.6227473747993	

	
    Current index:	99501	
    Magnitude of W_grad:	31.527999999999	
    Magnitude of W:	181711.23456388	
    Magnitude of B_grad:	0.068	
    Magnitude of b:	9.3546271979049	

	
    Current index:	109501	
    Magnitude of W_grad:	31.891999999999	
    Magnitude of W:	181698.570292	
    Magnitude of B_grad:	0.224	
    Magnitude of b:	9.5808713687047	

	
    Current index:	119501	
    Magnitude of W_grad:	29.372	
    Magnitude of W:	181683.09766229	
    Magnitude of B_grad:	0.152	
    Magnitude of b:	9.4267504046032	

	
    Current index:	129501	
    Magnitude of W_grad:	32.952	
    Magnitude of W:	181669.23709178	
    Magnitude of B_grad:	0.132	
    Magnitude of b:	9.4202693151222	

	
    Current index:	139501	
    Magnitude of W_grad:	40.196000000002	
    Magnitude of W:	181654.27806816	
    Magnitude of B_grad:	0.072	
    Magnitude of b:	9.5565091837363	

	
    Current index:	149501	
    Magnitude of W_grad:	33.116	
    Magnitude of W:	181640.16400637	
    Magnitude of B_grad:	0.088	
    Magnitude of b:	9.6580273821185	

	
SGD: Hinge Loss is	
392418.50970152	
SGD: Validation Accuracy is:	
0.32970027247956	
SGD: Magnitude of W:	
181630.72569541	
SGD: Magnitude of b:	
9.2736569161696	
    Current index:	9501	
    Magnitude of W_grad:	29.436	
    Magnitude of W:	181620.42231268	
    Magnitude of B_grad:	0.164	
    Magnitude of b:	9.1695224680631	

	
    Current index:	19501	
    Magnitude of W_grad:	29.744	
    Magnitude of W:	181607.53341432	
    Magnitude of B_grad:	0.2	
    Magnitude of b:	9.5214034367569	

	
    Current index:	29501	
    Magnitude of W_grad:	35.292	
    Magnitude of W:	181596.43881551	
    Magnitude of B_grad:	0.068	
    Magnitude of b:	9.3572821776371	

	
    Current index:	39501	
    Magnitude of W_grad:	33.324	
    Magnitude of W:	181583.030557	
    Magnitude of B_grad:	0.188	
    Magnitude of b:	9.5951611687529	

	
    Current index:	49501	
    Magnitude of W_grad:	38.944000000001	
    Magnitude of W:	181571.89624514	
    Magnitude of B_grad:	0.156	
    Magnitude of b:	9.7550389663989	

	
    Current index:	59501	
    Magnitude of W_grad:	27.244	
    Magnitude of W:	181559.18492914	
    Magnitude of B_grad:	0.068	
    Magnitude of b:	9.8909147900632	

	
    Current index:	69501	
    Magnitude of W_grad:	33.648	
    Magnitude of W:	181546.83800827	
    Magnitude of B_grad:	0.044	
    Magnitude of b:	10.126786971596	

	
    Current index:	79501	
    Magnitude of W_grad:	34.14	
    Magnitude of W:	181533.28992966	
    Magnitude of B_grad:	0.152	
    Magnitude of b:	10.096658607632	

	
    Current index:	89501	
    Magnitude of W_grad:	38.724000000001	
    Magnitude of W:	181517.94806725	
    Magnitude of B_grad:	0.292	
    Magnitude of b:	9.4786044656417	

	
    Current index:	99501	
    Magnitude of W_grad:	31.116	
    Magnitude of W:	181503.83755181	
    Magnitude of B_grad:	0.056	
    Magnitude of b:	9.2284860569492	

	
    Current index:	109501	
    Magnitude of W_grad:	30.743999999999	
    Magnitude of W:	181491.74626098	
    Magnitude of B_grad:	0.232	
    Magnitude of b:	9.4475656884662	

	
    Current index:	119501	
    Magnitude of W_grad:	30.1	
    Magnitude of W:	181476.8180828	
    Magnitude of B_grad:	0.168	
    Magnitude of b:	9.2914463326713	

	
    Current index:	129501	
    Magnitude of W_grad:	30.984	
    Magnitude of W:	181463.50773788	
    Magnitude of B_grad:	0.116	
    Magnitude of b:	9.3233277614694	

	
    Current index:	139501	
    Magnitude of W_grad:	39.996000000002	
    Magnitude of W:	181449.06305184	
    Magnitude of B_grad:	0.084	
    Magnitude of b:	9.4192080120675	

	
    Current index:	149501	
    Magnitude of W_grad:	32.884	
    Magnitude of W:	181435.63425976	
    Magnitude of B_grad:	0.088	
    Magnitude of b:	9.5330866138702	

	
SGD: Hinge Loss is	
382590.77660086	
SGD: Validation Accuracy is:	
0.33333333333333	
SGD: Magnitude of W:	
181426.4410615	
SGD: Magnitude of b:	
9.1629889682425	
    Current index:	9501	
    Magnitude of W_grad:	29.032	
    Magnitude of W:	181416.63559433	
    Magnitude of B_grad:	0.128	
    Magnitude of b:	9.0673928220103	

	
    Current index:	19501	
    Magnitude of W_grad:	27.404	
    Magnitude of W:	181404.24066213	
    Magnitude of B_grad:	0.156	
    Magnitude of b:	9.391275123838	

	
    Current index:	29501	
    Magnitude of W_grad:	35.284	
    Magnitude of W:	181393.33715514	
    Magnitude of B_grad:	0.06	
    Magnitude of b:	9.2291555919222	

	
    Current index:	39501	
    Magnitude of W_grad:	33.22	
    Magnitude of W:	181380.47780489	
    Magnitude of B_grad:	0.188	
    Magnitude of b:	9.491036089582	

	
    Current index:	49501	
    Magnitude of W_grad:	38.176000000001	
    Magnitude of W:	181369.38118833	
    Magnitude of B_grad:	0.156	
    Magnitude of b:	9.6269153172316	

	
    Current index:	59501	
    Magnitude of W_grad:	26.147999999999	
    Magnitude of W:	181357.19842258	
    Magnitude of B_grad:	0.08	
    Magnitude of b:	9.7707927315769	

	
    Current index:	69501	
    Magnitude of W_grad:	33.428	
    Magnitude of W:	181345.30897819	
    Magnitude of B_grad:	0.052	
    Magnitude of b:	10.024666340524	

	
    Current index:	79501	
    Magnitude of W_grad:	33.116	
    Magnitude of W:	181332.03952825	
    Magnitude of B_grad:	0.144	
    Magnitude of b:	9.9865393809987	

	
    Current index:	89501	
    Magnitude of W_grad:	39.272000000001	
    Magnitude of W:	181317.16650959	
    Magnitude of B_grad:	0.296	
    Magnitude of b:	9.3639493881656	

	
    Current index:	99501	
    Magnitude of W_grad:	30.62	
    Magnitude of W:	181303.50090531	
    Magnitude of B_grad:	0.052	
    Magnitude of b:	9.1098324978592	

	
    Current index:	109501	
    Magnitude of W_grad:	31.215999999999	
    Magnitude of W:	181291.79327623	
    Magnitude of B_grad:	0.216	
    Magnitude of b:	9.3534332708727	

	
    Current index:	119501	
    Magnitude of W_grad:	31.92	
    Magnitude of W:	181277.54788915	
    Magnitude of B_grad:	0.192	
    Magnitude of b:	9.2133150594926	

	
    Current index:	129501	
    Magnitude of W_grad:	30.42	
    Magnitude of W:	181264.35574664	
    Magnitude of B_grad:	0.112	
    Magnitude of b:	9.2231976607497	

	
    Current index:	139501	
    Magnitude of W_grad:	39.548000000001	
    Magnitude of W:	181250.5176591	
    Magnitude of B_grad:	0.072	
    Magnitude of b:	9.3330790570085	

	
    Current index:	149501	
    Magnitude of W_grad:	32.436	
    Magnitude of W:	181237.53271632	
    Magnitude of B_grad:	0.096	
    Magnitude of b:	9.4449589460231	

	
SGD: Hinge Loss is	
371651.23744311	
SGD: Validation Accuracy is:	
0.32970027247956	
SGD: Magnitude of W:	
181228.50539508	
SGD: Magnitude of b:	
9.0694972402007	
    Current index:	9501	
    Magnitude of W_grad:	28.2	
    Magnitude of W:	181219.03715096	
    Magnitude of B_grad:	0.116	
    Magnitude of b:	8.9487472800411	

	
    Current index:	19501	
    Magnitude of W_grad:	26.936	
    Magnitude of W:	181207.21394753	
    Magnitude of B_grad:	0.152	
    Magnitude of b:	9.2826309687704	

	
    Current index:	29501	
    Magnitude of W_grad:	35.296	
    Magnitude of W:	181196.61139503	
    Magnitude of B_grad:	0.08	
    Magnitude of b:	9.1025130303478	

	
    Current index:	39501	
    Magnitude of W_grad:	32.916	
    Magnitude of W:	181184.04547711	
    Magnitude of B_grad:	0.188	
    Magnitude of b:	9.3803951100018	

	
    Current index:	49501	
    Magnitude of W_grad:	37.088	
    Magnitude of W:	181173.25568145	
    Magnitude of B_grad:	0.152	
    Magnitude of b:	9.5242755816541	

	
    Current index:	59501	
    Magnitude of W_grad:	26.507999999999	
    Magnitude of W:	181161.22028155	
    Magnitude of B_grad:	0.08	
    Magnitude of b:	9.674154197899	

	
    Current index:	69501	
    Magnitude of W_grad:	31.748	
    Magnitude of W:	181149.40662943	
    Magnitude of B_grad:	0.044	
    Magnitude of b:	9.9440289653677	

	
    Current index:	79501	
    Magnitude of W_grad:	31.94	
    Magnitude of W:	181136.62339836	
    Magnitude of B_grad:	0.14	
    Magnitude of b:	9.8899029909004	

	
    Current index:	89501	
    Magnitude of W_grad:	37.844000000001	
    Magnitude of W:	181122.22079267	
    Magnitude of B_grad:	0.288	
    Magnitude of b:	9.2584684673162	

	
    Current index:	99501	
    Magnitude of W_grad:	29.983999999999	
    Magnitude of W:	181109.39349845	
    Magnitude of B_grad:	0.048	
    Magnitude of b:	9.0283526837823	

	
    Current index:	109501	
    Magnitude of W_grad:	29.823999999999	
    Magnitude of W:	181098.27700608	
    Magnitude of B_grad:	0.248	
    Magnitude of b:	9.2681624170617	

	
    Current index:	119501	
    Magnitude of W_grad:	31.788	
    Magnitude of W:	181084.46887979	
    Magnitude of B_grad:	0.196	
    Magnitude of b:	9.1300452472823	

	
    Current index:	129501	
    Magnitude of W_grad:	29.492	
    Magnitude of W:	181072.04798625	
    Magnitude of B_grad:	0.112	
    Magnitude of b:	9.1359290342434	

	
    Current index:	139501	
    Magnitude of W_grad:	39.356000000002	
    Magnitude of W:	181058.4139963	
    Magnitude of B_grad:	0.092	
    Magnitude of b:	9.2438116429738	

	
    Current index:	149501	
    Magnitude of W_grad:	32.712	
    Magnitude of W:	181045.86538948	
    Magnitude of B_grad:	0.136	
    Magnitude of b:	9.3416927265891	

	
SGD: Hinge Loss is	
363329.64344684	
SGD: Validation Accuracy is:	
0.32606721162579	
SGD: Magnitude of W:	
181037.25853435	
SGD: Magnitude of b:	
9.0086424504412	
    Current index:	9501	
    Magnitude of W_grad:	28.208	
    Magnitude of W:	181028.04908374	
    Magnitude of B_grad:	0.132	
    Magnitude of b:	8.8784285294771	

	
    Current index:	19501	
    Magnitude of W_grad:	26.124	
    Magnitude of W:	181016.68757978	
    Magnitude of B_grad:	0.156	
    Magnitude of b:	9.206313098447	

	
    Current index:	29501	
    Magnitude of W_grad:	37.120000000001	
    Magnitude of W:	181006.41600047	
    Magnitude of B_grad:	0.124	
    Magnitude of b:	9.0241961384568	

	
    Current index:	39501	
    Magnitude of W_grad:	31.248	
    Magnitude of W:	180994.20340375	
    Magnitude of B_grad:	0.16	
    Magnitude of b:	9.2580794541549	

	
    Current index:	49501	
    Magnitude of W_grad:	37.836	
    Magnitude of W:	180983.63170699	
    Magnitude of B_grad:	0.168	
    Magnitude of b:	9.4059613582408	

	
    Current index:	59501	
    Magnitude of W_grad:	25.835999999999	
    Magnitude of W:	180972.22346854	
    Magnitude of B_grad:	0.1	
    Magnitude of b:	9.5798414846982	

	
    Current index:	69501	
    Magnitude of W_grad:	32.204	
    Magnitude of W:	180960.87282107	
    Magnitude of B_grad:	0.032	
    Magnitude of b:	9.8637174384177	

	
    Current index:	79501	
    Magnitude of W_grad:	30.768	
    Magnitude of W:	180948.73310618	
    Magnitude of B_grad:	0.12	
    Magnitude of b:	9.7955926234035	

	
    Current index:	89501	
    Magnitude of W_grad:	39.212000000001	
    Magnitude of W:	180934.79202415	
    Magnitude of B_grad:	0.308	
    Magnitude of b:	9.1416232588417	

	
    Current index:	99501	
    Magnitude of W_grad:	29.644	
    Magnitude of W:	180922.32406032	
    Magnitude of B_grad:	0.06	
    Magnitude of b:	8.947508733393	

	
    Current index:	109501	
    Magnitude of W_grad:	29.231999999999	
    Magnitude of W:	180911.7851126	
    Magnitude of B_grad:	0.244	
    Magnitude of b:	9.1649061896711	

	
    Current index:	119501	
    Magnitude of W_grad:	31.928	
    Magnitude of W:	180898.28050014	
    Magnitude of B_grad:	0.208	
    Magnitude of b:	9.0607901072187	

	
    Current index:	129501	
    Magnitude of W_grad:	29.668	
    Magnitude of W:	180886.23263747	
    Magnitude of B_grad:	0.12	
    Magnitude of b:	9.0646747761598	

	
    Current index:	139501	
    Magnitude of W_grad:	39.824000000002	
    Magnitude of W:	180872.9823528	
    Magnitude of B_grad:	0.1	
    Magnitude of b:	9.1745583331779	

	
    Current index:	149501	
    Magnitude of W_grad:	32.472	
    Magnitude of W:	180860.73474354	
    Magnitude of B_grad:	0.16	
    Magnitude of b:	9.2564405168374	

	
Done.	
Testing on validation set...	
Done	
Datafile:	/n/home09/ankitgupta/CS287/HW1/SST1-uni-syns.hdf5	Classifier:	hinge	Alpha:	0	Eta:	0.5	Lambda:	0.2	Minibatch size:	500	Num Epochs:	15	Minimum Sentence Length:	0	
Accuracy:	0.32515894641235	
