[?1034hDatafile:	/n/home09/ankitgupta/CS287/HW1/SST1-uni.hdf5	Classifier:	hinge	Alpha:	0	Eta:	2	Lambda:	1	Minibatch size:	500	Num Epochs:	50	Minimum Sentence Length:	5	
Note that not all parameters may apply to all classifiers	
Loading datafiles...	
Number of training samples before removing small sentences	156817	
Number of training samples after removing small sentences	79635	
Done.	
Training classifier...	
Parameters are:	
Eta:	
2	
Lambda:	
1	
Minibatch size:	
500	
Number of Epochs	
50	
SGD: Hinge Loss is	
470745.59004339	
SGD: Validation Accuracy is:	
0.20345140781108	
SGD: Magnitude of W:	
61113.025559838	
SGD: Magnitude of b:	
6.0850749174021	
    Current index:	9501	
    Magnitude of W_grad:	11.972	
    Magnitude of W:	60997.977352208	
    Magnitude of B_grad:	0.192	
    Magnitude of b:	5.2167117279151	

	
    Current index:	19501	
    Magnitude of W_grad:	9.9999999999999	
    Magnitude of W:	60891.238009526	
    Magnitude of B_grad:	0.316	
    Magnitude of b:	5.4939849634584	

	
    Current index:	29501	
    Magnitude of W_grad:	9.6959999999999	
    Magnitude of W:	60786.564639887	
    Magnitude of B_grad:	0.196	
    Magnitude of b:	6.6429214897558	

	
    Current index:	39501	
    Magnitude of W_grad:	14.876	
    Magnitude of W:	60687.162568491	
    Magnitude of B_grad:	0.788	
    Magnitude of b:	5.9187148329107	

	
    Current index:	49501	
    Magnitude of W_grad:	9.6519999999999	
    Magnitude of W:	60570.083452384	
    Magnitude of B_grad:	0.172	
    Magnitude of b:	6.1689719874582	

	
    Current index:	59501	
    Magnitude of W_grad:	12.24	
    Magnitude of W:	60468.267514244	
    Magnitude of B_grad:	0.304	
    Magnitude of b:	7.5335304022263	

	
    Current index:	69501	
    Magnitude of W_grad:	10.036	
    Magnitude of W:	60371.366527641	
    Magnitude of B_grad:	0.252	
    Magnitude of b:	6.8579405200623	

	
    Current index:	79501	
    Magnitude of W_grad:	16.725925925926	
    Magnitude of W:	60277.358166846	
    Magnitude of B_grad:	0.82962962962963	
    Magnitude of b:	5.1579495459039	

	
SGD: Hinge Loss is	
321013.05570065	
SGD: Validation Accuracy is:	
0.24795640326975	
SGD: Magnitude of W:	
60277.358166846	
SGD: Magnitude of b:	
5.1579495459039	
    Current index:	9501	
    Magnitude of W_grad:	11.876	
    Magnitude of W:	60185.233042712	
    Magnitude of B_grad:	0.272	
    Magnitude of b:	6.8906344286347	

	
    Current index:	19501	
    Magnitude of W_grad:	9.1439999999999	
    Magnitude of W:	60097.141936064	
    Magnitude of B_grad:	0.192	
    Magnitude of b:	6.4712733740906	

	
    Current index:	29501	
    Magnitude of W_grad:	9.3839999999999	
    Magnitude of W:	60008.853785139	
    Magnitude of B_grad:	0.252	
    Magnitude of b:	7.0917727772803	

	
    Current index:	39501	
    Magnitude of W_grad:	13.464	
    Magnitude of W:	59922.296310303	
    Magnitude of B_grad:	0.676	
    Magnitude of b:	6.1521853865621	

	
    Current index:	49501	
    Magnitude of W_grad:	9.1559999999999	
    Magnitude of W:	59825.690602273	
    Magnitude of B_grad:	0.212	
    Magnitude of b:	6.0483881825703	

	
    Current index:	59501	
    Magnitude of W_grad:	11.368	
    Magnitude of W:	59738.388265729	
    Magnitude of B_grad:	0.176	
    Magnitude of b:	6.8531162359517	

	
    Current index:	69501	
    Magnitude of W_grad:	10.384	
    Magnitude of W:	59652.850131442	
    Magnitude of B_grad:	0.228	
    Magnitude of b:	6.377849557479	

	
    Current index:	79501	
    Magnitude of W_grad:	13.837037037037	
    Magnitude of W:	59569.867514976	
    Magnitude of B_grad:	0.6962962962963	
    Magnitude of b:	4.5772546406069	

	
SGD: Hinge Loss is	
293061.15670169	
SGD: Validation Accuracy is:	
0.25976385104451	
SGD: Magnitude of W:	
59569.867514976	
SGD: Magnitude of b:	
4.5772546406069	
    Current index:	9501	
    Magnitude of W_grad:	11.16	
    Magnitude of W:	59485.768699752	
    Magnitude of B_grad:	0.256	
    Magnitude of b:	6.8424830747577	

	
    Current index:	19501	
    Magnitude of W_grad:	8.7639999999999	
    Magnitude of W:	59407.962810029	
    Magnitude of B_grad:	0.184	
    Magnitude of b:	6.4551626702291	

	
    Current index:	29501	
    Magnitude of W_grad:	9.2679999999999	
    Magnitude of W:	59329.900452677	
    Magnitude of B_grad:	0.256	
    Magnitude of b:	7.0516858316352	

	
    Current index:	39501	
    Magnitude of W_grad:	12.756	
    Magnitude of W:	59251.811589887	
    Magnitude of B_grad:	0.564	
    Magnitude of b:	6.1121334346873	

	
    Current index:	49501	
    Magnitude of W_grad:	8.8079999999999	
    Magnitude of W:	59162.598881444	
    Magnitude of B_grad:	0.216	
    Magnitude of b:	5.9148486459809	

	
    Current index:	59501	
    Magnitude of W_grad:	10.3	
    Magnitude of W:	59084.002372414	
    Magnitude of B_grad:	0.176	
    Magnitude of b:	6.537835941123	

	
    Current index:	69501	
    Magnitude of W_grad:	10.212	
    Magnitude of W:	59009.052542943	
    Magnitude of B_grad:	0.26	
    Magnitude of b:	6.0627060924968	

	
    Current index:	79501	
    Magnitude of W_grad:	13.185185185185	
    Magnitude of W:	58934.204953899	
    Magnitude of B_grad:	0.75555555555556	
    Magnitude of b:	4.2357931802106	

	
SGD: Hinge Loss is	
276801.01257214	
SGD: Validation Accuracy is:	
0.25431425976385	
SGD: Magnitude of W:	
58934.204953899	
SGD: Magnitude of b:	
4.2357931802106	
    Current index:	9501	
    Magnitude of W_grad:	10.276	
    Magnitude of W:	58856.31902822	
    Magnitude of B_grad:	0.196	
    Magnitude of b:	6.6247382446302	

	
    Current index:	19501	
    Magnitude of W_grad:	8.1479999999998	
    Magnitude of W:	58785.645936418	
    Magnitude of B_grad:	0.128	
    Magnitude of b:	6.3654858048403	

	
    Current index:	29501	
    Magnitude of W_grad:	8.8119999999999	
    Magnitude of W:	58713.585767368	
    Magnitude of B_grad:	0.2	
    Magnitude of b:	6.8181090400884	

	
    Current index:	39501	
    Magnitude of W_grad:	12.66	
    Magnitude of W:	58641.582211308	
    Magnitude of B_grad:	0.596	
    Magnitude of b:	5.8466618849872	

	
    Current index:	49501	
    Magnitude of W_grad:	8.5479999999998	
    Magnitude of W:	58559.608904676	
    Magnitude of B_grad:	0.216	
    Magnitude of b:	5.7915372486121	

	
    Current index:	59501	
    Magnitude of W_grad:	9.5079999999999	
    Magnitude of W:	58488.485750467	
    Magnitude of B_grad:	0.132	
    Magnitude of b:	6.2350396637695	

	
    Current index:	69501	
    Magnitude of W_grad:	10.144	
    Magnitude of W:	58418.853599303	
    Magnitude of B_grad:	0.196	
    Magnitude of b:	5.9120259141292	

	
    Current index:	79501	
    Magnitude of W_grad:	12.4	
    Magnitude of W:	58350.428365899	
    Magnitude of B_grad:	0.62222222222222	
    Magnitude of b:	4.235440281587	

	
SGD: Hinge Loss is	
260061.40508477	
SGD: Validation Accuracy is:	
0.26158038147139	
SGD: Magnitude of W:	
58350.428365899	
SGD: Magnitude of b:	
4.235440281587	
    Current index:	9501	
    Magnitude of W_grad:	9.8239999999999	
    Magnitude of W:	58278.260397901	
    Magnitude of B_grad:	0.22	
    Magnitude of b:	6.4964150531111	

	
    Current index:	19501	
    Magnitude of W_grad:	7.7999999999998	
    Magnitude of W:	58212.965873647	
    Magnitude of B_grad:	0.148	
    Magnitude of b:	6.1492393088562	

	
    Current index:	29501	
    Magnitude of W_grad:	8.6279999999999	
    Magnitude of W:	58145.108294324	
    Magnitude of B_grad:	0.224	
    Magnitude of b:	6.6019512506018	

	
    Current index:	39501	
    Magnitude of W_grad:	12.164	
    Magnitude of W:	58076.548165727	
    Magnitude of B_grad:	0.576	
    Magnitude of b:	5.7586040034687	

	
    Current index:	49501	
    Magnitude of W_grad:	8.2119999999998	
    Magnitude of W:	57999.305337163	
    Magnitude of B_grad:	0.252	
    Magnitude of b:	5.8089520270933	

	
    Current index:	59501	
    Magnitude of W_grad:	8.9639999999999	
    Magnitude of W:	57932.924282332	
    Magnitude of B_grad:	0.148	
    Magnitude of b:	6.0666609857	

	
    Current index:	69501	
    Magnitude of W_grad:	9.76	
    Magnitude of W:	57867.122900954	
    Magnitude of B_grad:	0.216	
    Magnitude of b:	5.8317102974473	

	
    Current index:	79501	
    Magnitude of W_grad:	11.377777777778	
    Magnitude of W:	57803.28004428	
    Magnitude of B_grad:	0.65185185185185	
    Magnitude of b:	4.0948314605286	

	
SGD: Hinge Loss is	
250931.81339883	
SGD: Validation Accuracy is:	
0.27066303360581	
SGD: Magnitude of W:	
57803.28004428	
SGD: Magnitude of b:	
4.0948314605286	
    Current index:	9501	
    Magnitude of W_grad:	9.2399999999999	
    Magnitude of W:	57735.535849484	
    Magnitude of B_grad:	0.16	
    Magnitude of b:	6.4180402107782	

	
    Current index:	19501	
    Magnitude of W_grad:	7.6479999999999	
    Magnitude of W:	57672.940741718	
    Magnitude of B_grad:	0.164	
    Magnitude of b:	5.9829130659393	

	
    Current index:	29501	
    Magnitude of W_grad:	8.3279999999999	
    Magnitude of W:	57608.662661321	
    Magnitude of B_grad:	0.22	
    Magnitude of b:	6.4437396670042	

	
    Current index:	39501	
    Magnitude of W_grad:	12.192	
    Magnitude of W:	57543.686396432	
    Magnitude of B_grad:	0.576	
    Magnitude of b:	5.640475283996	

	
    Current index:	49501	
    Magnitude of W_grad:	7.6799999999998	
    Magnitude of W:	57469.816642111	
    Magnitude of B_grad:	0.204	
    Magnitude of b:	5.6339959146532	

	
    Current index:	59501	
    Magnitude of W_grad:	8.6519999999999	
    Magnitude of W:	57407.2152671	
    Magnitude of B_grad:	0.152	
    Magnitude of b:	5.874767811624	

	
    Current index:	69501	
    Magnitude of W_grad:	9.6599999999999	
    Magnitude of W:	57346.019153344	
    Magnitude of B_grad:	0.296	
    Magnitude of b:	5.7038684900336	

	
    Current index:	79501	
    Magnitude of W_grad:	9.9111111111111	
    Magnitude of W:	57286.587878048	
    Magnitude of B_grad:	0.57777777777778	
    Magnitude of b:	4.1904460821363	

	
SGD: Hinge Loss is	
238403.5462172	
SGD: Validation Accuracy is:	
0.28337874659401	
SGD: Magnitude of W:	
57286.587878048	
SGD: Magnitude of b:	
4.1904460821363	
    Current index:	9501	
    Magnitude of W_grad:	9.1999999999999	
    Magnitude of W:	57221.132252041	
    Magnitude of B_grad:	0.172	
    Magnitude of b:	6.3362486797513	

	
    Current index:	19501	
    Magnitude of W_grad:	7.5439999999998	
    Magnitude of W:	57161.331608602	
    Magnitude of B_grad:	0.188	
    Magnitude of b:	5.9171841002039	

	
    Current index:	29501	
    Magnitude of W_grad:	8.2919999999999	
    Magnitude of W:	57101.187539068	
    Magnitude of B_grad:	0.236	
    Magnitude of b:	6.3540589736599	

	
    Current index:	39501	
    Magnitude of W_grad:	12.024	
    Magnitude of W:	57040.081277592	
    Magnitude of B_grad:	0.56	
    Magnitude of b:	5.5748585076439	

	
    Current index:	49501	
    Magnitude of W_grad:	7.5399999999998	
    Magnitude of W:	56969.813946753	
    Magnitude of B_grad:	0.204	
    Magnitude of b:	5.5971512154247	

	
    Current index:	59501	
    Magnitude of W_grad:	8.1719999999998	
    Magnitude of W:	56910.568928228	
    Magnitude of B_grad:	0.192	
    Magnitude of b:	5.8401567409338	

	
    Current index:	69501	
    Magnitude of W_grad:	9.3759999999999	
    Magnitude of W:	56853.28906207	
    Magnitude of B_grad:	0.272	
    Magnitude of b:	5.6772888602825	

	
    Current index:	79501	
    Magnitude of W_grad:	9.8518518518518	
    Magnitude of W:	56797.718774476	
    Magnitude of B_grad:	0.72592592592593	
    Magnitude of b:	4.0213775528301	

	
SGD: Hinge Loss is	
240495.66916885	
SGD: Validation Accuracy is:	
0.27883742052679	
SGD: Magnitude of W:	
56797.718774476	
SGD: Magnitude of b:	
4.0213775528301	
    Current index:	9501	
    Magnitude of W_grad:	9.1719999999999	
    Magnitude of W:	56736.261138815	
    Magnitude of B_grad:	0.168	
    Magnitude of b:	6.2305122273847	

	
    Current index:	19501	
    Magnitude of W_grad:	7.5719999999998	
    Magnitude of W:	56679.280344312	
    Magnitude of B_grad:	0.204	
    Magnitude of b:	5.6995152119336	

	
    Current index:	29501	
    Magnitude of W_grad:	8.3359999999999	
    Magnitude of W:	56620.72765931	
    Magnitude of B_grad:	0.288	
    Magnitude of b:	6.2084535933239	

	
    Current index:	39501	
    Magnitude of W_grad:	11.728	
    Magnitude of W:	56561.656017825	
    Magnitude of B_grad:	0.58	
    Magnitude of b:	5.5253023414948	

	
    Current index:	49501	
    Magnitude of W_grad:	7.5479999999998	
    Magnitude of W:	56495.321602096	
    Magnitude of B_grad:	0.204	
    Magnitude of b:	5.5379861417499	

	
    Current index:	59501	
    Magnitude of W_grad:	7.8919999999998	
    Magnitude of W:	56438.85308495	
    Magnitude of B_grad:	0.18	
    Magnitude of b:	5.6551712162745	

	
    Current index:	69501	
    Magnitude of W_grad:	9.2639999999999	
    Magnitude of W:	56383.087987516	
    Magnitude of B_grad:	0.348	
    Magnitude of b:	5.492355051647	

	
    Current index:	79501	
    Magnitude of W_grad:	8.7259259259259	
    Magnitude of W:	56330.281869959	
    Magnitude of B_grad:	0.59259259259259	
    Magnitude of b:	4.0614036423789	

	
SGD: Hinge Loss is	
226552.48388715	
SGD: Validation Accuracy is:	
0.28337874659401	
SGD: Magnitude of W:	
56330.281869959	
SGD: Magnitude of b:	
4.0614036423789	
    Current index:	9501	
    Magnitude of W_grad:	8.8719999999999	
    Magnitude of W:	56270.05367027	
    Magnitude of B_grad:	0.16	
    Magnitude of b:	6.1516921088022	

	
    Current index:	19501	
    Magnitude of W_grad:	7.2559999999998	
    Magnitude of W:	56215.687924466	
    Magnitude of B_grad:	0.196	
    Magnitude of b:	5.6927250299572	

	
    Current index:	29501	
    Magnitude of W_grad:	8.3119999999999	
    Magnitude of W:	56160.899458868	
    Magnitude of B_grad:	0.188	
    Magnitude of b:	6.2017120191854	

	
    Current index:	39501	
    Magnitude of W_grad:	11.436	
    Magnitude of W:	56104.661387113	
    Magnitude of B_grad:	0.492	
    Magnitude of b:	5.4706069381601	

	
    Current index:	49501	
    Magnitude of W_grad:	7.5239999999998	
    Magnitude of W:	56041.041631533	
    Magnitude of B_grad:	0.244	
    Magnitude of b:	5.4791901197746	

	
    Current index:	59501	
    Magnitude of W_grad:	8.2679999999999	
    Magnitude of W:	55985.584476003	
    Magnitude of B_grad:	0.152	
    Magnitude of b:	5.6329330531064	

	
    Current index:	69501	
    Magnitude of W_grad:	8.4279999999999	
    Magnitude of W:	55932.400296059	
    Magnitude of B_grad:	0.152	
    Magnitude of b:	5.5021322747159	

	
    Current index:	79501	
    Magnitude of W_grad:	9.2888888888889	
    Magnitude of W:	55882.694074143	
    Magnitude of B_grad:	0.77037037037037	
    Magnitude of b:	4.0409649481248	

	
SGD: Hinge Loss is	
224272.62286237	
SGD: Validation Accuracy is:	
0.28882833787466	
SGD: Magnitude of W:	
55882.694074143	
SGD: Magnitude of b:	
4.0409649481248	
    Current index:	9501	
    Magnitude of W_grad:	8.5439999999999	
    Magnitude of W:	55826.955174251	
    Magnitude of B_grad:	0.108	
    Magnitude of b:	6.0215458883462	

	
    Current index:	19501	
    Magnitude of W_grad:	8.0199999999998	
    Magnitude of W:	55775.639748513	
    Magnitude of B_grad:	0.34	
    Magnitude of b:	5.7225967595368	

	
    Current index:	29501	
    Magnitude of W_grad:	8.2599999999999	
    Magnitude of W:	55723.425699505	
    Magnitude of B_grad:	0.328	
    Magnitude of b:	5.9436195666942	

	
    Current index:	39501	
    Magnitude of W_grad:	11.14	
    Magnitude of W:	55669.99917679	
    Magnitude of B_grad:	0.472	
    Magnitude of b:	5.3645683646621	

	
    Current index:	49501	
    Magnitude of W_grad:	7.6359999999998	
    Magnitude of W:	55609.989714453	
    Magnitude of B_grad:	0.268	
    Magnitude of b:	5.3678381736482	

	
    Current index:	59501	
    Magnitude of W_grad:	8.3679999999998	
    Magnitude of W:	55556.593070633	
    Magnitude of B_grad:	0.292	
    Magnitude of b:	5.5550406744014	

	
    Current index:	69501	
    Magnitude of W_grad:	8.8119999999999	
    Magnitude of W:	55507.27599414	
    Magnitude of B_grad:	0.372	
    Magnitude of b:	5.3362912660952	

	
    Current index:	79501	
    Magnitude of W_grad:	8.1037037037037	
    Magnitude of W:	55458.008691459	
    Magnitude of B_grad:	0.44444444444444	
    Magnitude of b:	4.4597092393985	

	
SGD: Hinge Loss is	
208480.05746571	
SGD: Validation Accuracy is:	
0.29336966394187	
SGD: Magnitude of W:	
55458.008691459	
SGD: Magnitude of b:	
4.4597092393985	
    Current index:	9501	
    Magnitude of W_grad:	8.3359999999999	
    Magnitude of W:	55403.190638819	
    Magnitude of B_grad:	0.136	
    Magnitude of b:	5.8693640602945	

	
    Current index:	19501	
    Magnitude of W_grad:	7.8639999999998	
    Magnitude of W:	55354.227798197	
    Magnitude of B_grad:	0.256	
    Magnitude of b:	5.5624403288265	

	
    Current index:	29501	
    Magnitude of W_grad:	7.4119999999998	
    Magnitude of W:	55304.04994304	
    Magnitude of B_grad:	0.168	
    Magnitude of b:	6.0954610051062	

	
    Current index:	39501	
    Magnitude of W_grad:	10.788	
    Magnitude of W:	55252.06567345	
    Magnitude of B_grad:	0.452	
    Magnitude of b:	5.3244147069546	

	
    Current index:	49501	
    Magnitude of W_grad:	7.1759999999998	
    Magnitude of W:	55193.133983517	
    Magnitude of B_grad:	0.184	
    Magnitude of b:	5.2899363869083	

	
    Current index:	59501	
    Magnitude of W_grad:	8.3199999999998	
    Magnitude of W:	55142.271085022	
    Magnitude of B_grad:	0.216	
    Magnitude of b:	5.4929432315503	

	
    Current index:	69501	
    Magnitude of W_grad:	7.5399999999998	
    Magnitude of W:	55093.214649889	
    Magnitude of B_grad:	0.08	
    Magnitude of b:	5.4181950730082	

	
    Current index:	79501	
    Magnitude of W_grad:	7.837037037037	
    Magnitude of W:	55046.90571443	
    Magnitude of B_grad:	0.74074074074074	
    Magnitude of b:	3.9763272259397	

	
SGD: Hinge Loss is	
213760.83655588	
SGD: Validation Accuracy is:	
0.31425976385104	
SGD: Magnitude of W:	
55046.90571443	
SGD: Magnitude of b:	
3.9763272259397	
    Current index:	9501	
    Magnitude of W_grad:	8.2039999999998	
    Magnitude of W:	54996.395326947	
    Magnitude of B_grad:	0.144	
    Magnitude of b:	5.7216048077042	

	
    Current index:	19501	
    Magnitude of W_grad:	6.9079999999998	
    Magnitude of W:	54947.960657597	
    Magnitude of B_grad:	0.204	
    Magnitude of b:	5.4947398106839	

	
    Current index:	29501	
    Magnitude of W_grad:	9.2679999999999	
    Magnitude of W:	54900.235723955	
    Magnitude of B_grad:	0.468	
    Magnitude of b:	5.9958517345063	

	
    Current index:	39501	
    Magnitude of W_grad:	10.316	
    Magnitude of W:	54851.473598048	
    Magnitude of B_grad:	0.476	
    Magnitude of b:	5.2568912060248	

	
    Current index:	49501	
    Magnitude of W_grad:	6.8319999999998	
    Magnitude of W:	54794.219114174	
    Magnitude of B_grad:	0.152	
    Magnitude of b:	5.3160353762989	

	
    Current index:	59501	
    Magnitude of W_grad:	8.1359999999998	
    Magnitude of W:	54744.497755897	
    Magnitude of B_grad:	0.276	
    Magnitude of b:	5.4848142216746	

	
    Current index:	69501	
    Magnitude of W_grad:	9.3639999999999	
    Magnitude of W:	54698.879274349	
    Magnitude of B_grad:	0.48	
    Magnitude of b:	5.1781261926666	

	
    Current index:	79501	
    Magnitude of W_grad:	7.7629629629629	
    Magnitude of W:	54653.422343859	
    Magnitude of B_grad:	0.38518518518519	
    Magnitude of b:	4.4196404360951	

	
SGD: Hinge Loss is	
199326.50917297	
SGD: Validation Accuracy is:	
0.2960944595822	
SGD: Magnitude of W:	
54653.422343859	
SGD: Magnitude of b:	
4.4196404360951	
    Current index:	9501	
    Magnitude of W_grad:	7.9719999999998	
    Magnitude of W:	54604.681763764	
    Magnitude of B_grad:	0.08	
    Magnitude of b:	5.7231038860687	

	
    Current index:	19501	
    Magnitude of W_grad:	6.9959999999998	
    Magnitude of W:	54558.99528554	
    Magnitude of B_grad:	0.224	
    Magnitude of b:	5.4882789140505	

	
    Current index:	29501	
    Magnitude of W_grad:	8.1999999999999	
    Magnitude of W:	54514.79774687	
    Magnitude of B_grad:	0.424	
    Magnitude of b:	5.6854254153613	

	
    Current index:	39501	
    Magnitude of W_grad:	11.568	
    Magnitude of W:	54466.30681215	
    Magnitude of B_grad:	0.648	
    Magnitude of b:	5.4018678240988	

	
    Current index:	49501	
    Magnitude of W_grad:	7.3039999999998	
    Magnitude of W:	54412.567511143	
    Magnitude of B_grad:	0.244	
    Magnitude of b:	5.1746344716304	

	
    Current index:	59501	
    Magnitude of W_grad:	8.0839999999998	
    Magnitude of W:	54365.799503943	
    Magnitude of B_grad:	0.264	
    Magnitude of b:	5.3471016774735	

	
    Current index:	69501	
    Magnitude of W_grad:	7.2719999999998	
    Magnitude of W:	54320.390464353	
    Magnitude of B_grad:	0.18	
    Magnitude of b:	5.3043723191985	

	
    Current index:	79501	
    Magnitude of W_grad:	6.7703703703703	
    Magnitude of W:	54277.588189361	
    Magnitude of B_grad:	0.66666666666667	
    Magnitude of b:	4.1035226987622	

	
SGD: Hinge Loss is	
204302.05042311	
SGD: Validation Accuracy is:	
0.31244323342416	
SGD: Magnitude of W:	
54277.588189361	
SGD: Magnitude of b:	
4.1035226987622	
    Current index:	9501	
    Magnitude of W_grad:	8.6239999999999	
    Magnitude of W:	54232.533817749	
    Magnitude of B_grad:	0.244	
    Magnitude of b:	5.6849286991737	

	
    Current index:	19501	
    Magnitude of W_grad:	8.5039999999999	
    Magnitude of W:	54190.32311988	
    Magnitude of B_grad:	0.452	
    Magnitude of b:	5.4421566447519	

	
    Current index:	29501	
    Magnitude of W_grad:	7.0519999999998	
    Magnitude of W:	54144.806005718	
    Magnitude of B_grad:	0.116	
    Magnitude of b:	5.8153393655058	

	
    Current index:	39501	
    Magnitude of W_grad:	10.348	
    Magnitude of W:	54096.197455077	
    Magnitude of B_grad:	0.416	
    Magnitude of b:	5.2524281080128	

	
    Current index:	49501	
    Magnitude of W_grad:	7.1999999999998	
    Magnitude of W:	54045.165692971	
    Magnitude of B_grad:	0.324	
    Magnitude of b:	5.1382874373016	

	
    Current index:	59501	
    Magnitude of W_grad:	8.2439999999998	
    Magnitude of W:	53998.936984612	
    Magnitude of B_grad:	0.256	
    Magnitude of b:	5.3880153973599	

	
    Current index:	69501	
    Magnitude of W_grad:	9.5919999999999	
    Magnitude of W:	53953.863779897	
    Magnitude of B_grad:	0.54	
    Magnitude of b:	5.0976976791097	

	
    Current index:	79501	
    Magnitude of W_grad:	5.6444444444444	
    Magnitude of W:	53911.045626865	
    Magnitude of B_grad:	0.26666666666667	
    Magnitude of b:	4.360771997787	

	
SGD: Hinge Loss is	
195941.0416507	
SGD: Validation Accuracy is:	
0.31153496821072	
SGD: Magnitude of W:	
53911.045626865	
SGD: Magnitude of b:	
4.360771997787	
    Current index:	9501	
    Magnitude of W_grad:	7.8079999999998	
    Magnitude of W:	53865.377629423	
    Magnitude of B_grad:	0.06	
    Magnitude of b:	5.5419847049071	

	
    Current index:	19501	
    Magnitude of W_grad:	7.9679999999998	
    Magnitude of W:	53822.995413674	
    Magnitude of B_grad:	0.316	
    Magnitude of b:	5.23521914748	

	
    Current index:	29501	
    Magnitude of W_grad:	6.7679999999998	
    Magnitude of W:	53780.24673751	
    Magnitude of B_grad:	0.108	
    Magnitude of b:	5.8244286526235	

	
    Current index:	39501	
    Magnitude of W_grad:	10.232	
    Magnitude of W:	53735.461711653	
    Magnitude of B_grad:	0.464	
    Magnitude of b:	5.1975222704246	

	
    Current index:	49501	
    Magnitude of W_grad:	6.6039999999999	
    Magnitude of W:	53684.47925567	
    Magnitude of B_grad:	0.16	
    Magnitude of b:	5.1870952145912	

	
    Current index:	59501	
    Magnitude of W_grad:	8.5079999999999	
    Magnitude of W:	53639.939016124	
    Magnitude of B_grad:	0.416	
    Magnitude of b:	5.3554477922308	

	
    Current index:	69501	
    Magnitude of W_grad:	7.0319999999998	
    Magnitude of W:	53595.459806205	
    Magnitude of B_grad:	0.208	
    Magnitude of b:	5.0568215137686	

	
    Current index:	79501	
    Magnitude of W_grad:	7.0666666666666	
    Magnitude of W:	53553.599763879	
    Magnitude of B_grad:	0.66666666666667	
    Magnitude of b:	3.9485169048867	

	
SGD: Hinge Loss is	
194294.47243864	
SGD: Validation Accuracy is:	
0.31425976385104	
SGD: Magnitude of W:	
53553.599763879	
SGD: Magnitude of b:	
3.9485169048867	
    Current index:	9501	
    Magnitude of W_grad:	8.2879999999999	
    Magnitude of W:	53512.169626191	
    Magnitude of B_grad:	0.256	
    Magnitude of b:	5.5281335083181	

	
    Current index:	19501	
    Magnitude of W_grad:	8.6599999999999	
    Magnitude of W:	53472.956841073	
    Magnitude of B_grad:	0.492	
    Magnitude of b:	5.3174297455761	

	
    Current index:	29501	
    Magnitude of W_grad:	9.7999999999999	
    Magnitude of W:	53431.72702419	
    Magnitude of B_grad:	0.64	
    Magnitude of b:	5.7787030244681	

	
    Current index:	39501	
    Magnitude of W_grad:	9.7519999999998	
    Magnitude of W:	53388.927693807	
    Magnitude of B_grad:	0.424	
    Magnitude of b:	5.1278463181246	

	
    Current index:	49501	
    Magnitude of W_grad:	6.6119999999999	
    Magnitude of W:	53338.517810406	
    Magnitude of B_grad:	0.172	
    Magnitude of b:	5.1047531124058	

	
    Current index:	59501	
    Magnitude of W_grad:	8.5919999999998	
    Magnitude of W:	53295.784967731	
    Magnitude of B_grad:	0.392	
    Magnitude of b:	5.1680160545175	

	
    Current index:	69501	
    Magnitude of W_grad:	6.6319999999998	
    Magnitude of W:	53256.489236934	
    Magnitude of B_grad:	0.116	
    Magnitude of b:	5.1894039496988	

	
    Current index:	79501	
    Magnitude of W_grad:	5.0814814814815	
    Magnitude of W:	53212.752312114	
    Magnitude of B_grad:	0.25185185185185	
    Magnitude of b:	4.2608724602398	

	
SGD: Hinge Loss is	
187186.24168323	
SGD: Validation Accuracy is:	
0.31698455949137	
SGD: Magnitude of W:	
53212.752312114	
SGD: Magnitude of b:	
4.2608724602398	
    Current index:	9501	
    Magnitude of W_grad:	8.1559999999999	
    Magnitude of W:	53172.395950426	
    Magnitude of B_grad:	0.132	
    Magnitude of b:	5.3238785505702	

	
    Current index:	19501	
    Magnitude of W_grad:	7.9039999999998	
    Magnitude of W:	53132.980420653	
    Magnitude of B_grad:	0.324	
    Magnitude of b:	5.1371614535453	

	
    Current index:	29501	
    Magnitude of W_grad:	8.2239999999998	
    Magnitude of W:	53092.994725361	
    Magnitude of B_grad:	0.468	
    Magnitude of b:	5.438436672152	

	
    Current index:	39501	
    Magnitude of W_grad:	13.352	
    Magnitude of W:	53050.751128238	
    Magnitude of B_grad:	0.888	
    Magnitude of b:	5.6002624064046	

	
    Current index:	49501	
    Magnitude of W_grad:	7.4759999999999	
    Magnitude of W:	53004.111630508	
    Magnitude of B_grad:	0.34	
    Magnitude of b:	4.9098303340308	

	
    Current index:	59501	
    Magnitude of W_grad:	8.6119999999999	
    Magnitude of W:	52961.677415287	
    Magnitude of B_grad:	0.46	
    Magnitude of b:	5.2075748943614	

	
    Current index:	69501	
    Magnitude of W_grad:	6.8199999999998	
    Magnitude of W:	52920.657141495	
    Magnitude of B_grad:	0.24	
    Magnitude of b:	5.300936493086	

	
    Current index:	79501	
    Magnitude of W_grad:	5.4962962962963	
    Magnitude of W:	52878.480488831	
    Magnitude of B_grad:	0.22222222222222	
    Magnitude of b:	4.1851359376311	

	
SGD: Hinge Loss is	
185614.94777077	
SGD: Validation Accuracy is:	
0.31789282470481	
SGD: Magnitude of W:	
52878.480488831	
SGD: Magnitude of b:	
4.1851359376311	
    Current index:	9501	
    Magnitude of W_grad:	8.1839999999999	
    Magnitude of W:	52837.641023888	
    Magnitude of B_grad:	0.208	
    Magnitude of b:	5.2719233090513	

	
    Current index:	19501	
    Magnitude of W_grad:	8.1599999999998	
    Magnitude of W:	52800.797176	
    Magnitude of B_grad:	0.444	
    Magnitude of b:	5.1412821232359	

	
    Current index:	29501	
    Magnitude of W_grad:	9.3759999999999	
    Magnitude of W:	52761.756186693	
    Magnitude of B_grad:	0.616	
    Magnitude of b:	5.6986390373079	

	
    Current index:	39501	
    Magnitude of W_grad:	9.9599999999998	
    Magnitude of W:	52720.922195306	
    Magnitude of B_grad:	0.504	
    Magnitude of b:	4.9518598996212	

	
    Current index:	49501	
    Magnitude of W_grad:	6.6799999999998	
    Magnitude of W:	52674.841941229	
    Magnitude of B_grad:	0.252	
    Magnitude of b:	4.9103534719455	

	
    Current index:	59501	
    Magnitude of W_grad:	8.6679999999999	
    Magnitude of W:	52635.965111951	
    Magnitude of B_grad:	0.336	
    Magnitude of b:	5.1400566356948	

	
    Current index:	69501	
    Magnitude of W_grad:	9.5559999999999	
    Magnitude of W:	52597.822784376	
    Magnitude of B_grad:	0.56	
    Magnitude of b:	5.0410933196844	

	
    Current index:	79501	
    Magnitude of W_grad:	5.437037037037	
    Magnitude of W:	52560.930406954	
    Magnitude of B_grad:	0.28148148148148	
    Magnitude of b:	4.1944697871004	

	
SGD: Hinge Loss is	
187005.39042935	
SGD: Validation Accuracy is:	
0.31789282470481	
SGD: Magnitude of W:	
52560.930406954	
SGD: Magnitude of b:	
4.1944697871004	
    Current index:	9501	
    Magnitude of W_grad:	7.5799999999999	
    Magnitude of W:	52520.417775924	
    Magnitude of B_grad:	0.108	
    Magnitude of b:	5.4492855620724	

	
    Current index:	19501	
    Magnitude of W_grad:	7.5399999999998	
    Magnitude of W:	52482.298765526	
    Magnitude of B_grad:	0.248	
    Magnitude of b:	5.1025994963188	

	
    Current index:	29501	
    Magnitude of W_grad:	8.3119999999999	
    Magnitude of W:	52444.61478663	
    Magnitude of B_grad:	0.46	
    Magnitude of b:	5.3719175824731	

	
    Current index:	39501	
    Magnitude of W_grad:	13.604	
    Magnitude of W:	52403.962547233	
    Magnitude of B_grad:	0.92	
    Magnitude of b:	5.624853404304	

	
    Current index:	49501	
    Magnitude of W_grad:	7.7599999999998	
    Magnitude of W:	52358.253060677	
    Magnitude of B_grad:	0.44	
    Magnitude of b:	5.3343911347462	

	
    Current index:	59501	
    Magnitude of W_grad:	9.0399999999999	
    Magnitude of W:	52318.899193752	
    Magnitude of B_grad:	0.5	
    Magnitude of b:	5.189365012144	

	
    Current index:	69501	
    Magnitude of W_grad:	6.3919999999998	
    Magnitude of W:	52279.277309342	
    Magnitude of B_grad:	0.192	
    Magnitude of b:	5.0347676937358	

	
    Current index:	79501	
    Magnitude of W_grad:	6.8888888888889	
    Magnitude of W:	52242.441054316	
    Magnitude of B_grad:	0.6962962962963	
    Magnitude of b:	4.0281909746877	

	
SGD: Hinge Loss is	
180080.58459769	
SGD: Validation Accuracy is:	
0.31698455949137	
SGD: Magnitude of W:	
52242.441054316	
SGD: Magnitude of b:	
4.0281909746877	
    Current index:	9501	
    Magnitude of W_grad:	6.7119999999998	
    Magnitude of W:	52205.435278813	
    Magnitude of B_grad:	0.032	
    Magnitude of b:	5.1937709926996	

	
    Current index:	19501	
    Magnitude of W_grad:	8.6799999999999	
    Magnitude of W:	52169.691649854	
    Magnitude of B_grad:	0.532	
    Magnitude of b:	5.1111774892978	

	
    Current index:	29501	
    Magnitude of W_grad:	8.7399999999999	
    Magnitude of W:	52132.389847466	
    Magnitude of B_grad:	0.56	
    Magnitude of b:	5.4525806575156	

	
    Current index:	39501	
    Magnitude of W_grad:	9.4559999999998	
    Magnitude of W:	52092.525674828	
    Magnitude of B_grad:	0.532	
    Magnitude of b:	4.8978714480388	

	
    Current index:	49501	
    Magnitude of W_grad:	8.1599999999999	
    Magnitude of W:	52048.505732517	
    Magnitude of B_grad:	0.52	
    Magnitude of b:	4.8999430398615	

	
    Current index:	59501	
    Magnitude of W_grad:	7.3159999999998	
    Magnitude of W:	52009.207833899	
    Magnitude of B_grad:	0.248	
    Magnitude of b:	4.9728911714995	

	
    Current index:	69501	
    Magnitude of W_grad:	8.8799999999999	
    Magnitude of W:	51969.175057291	
    Magnitude of B_grad:	0.556	
    Magnitude of b:	4.8224716935428	

	
    Current index:	79501	
    Magnitude of W_grad:	5.6148148148148	
    Magnitude of W:	51934.680792516	
    Magnitude of B_grad:	0.32592592592593	
    Magnitude of b:	4.1715668660949	

	
SGD: Hinge Loss is	
176078.88452517	
SGD: Validation Accuracy is:	
0.31698455949137	
SGD: Magnitude of W:	
51934.680792516	
SGD: Magnitude of b:	
4.1715668660949	
    Current index:	9501	
    Magnitude of W_grad:	8.2879999999999	
    Magnitude of W:	51898.661401363	
    Magnitude of B_grad:	0.26	
    Magnitude of b:	5.1735648035797	

	
    Current index:	19501	
    Magnitude of W_grad:	7.9519999999998	
    Magnitude of W:	51863.625797501	
    Magnitude of B_grad:	0.36	
    Magnitude of b:	5.0509388561768	

	
    Current index:	29501	
    Magnitude of W_grad:	8.6759999999999	
    Magnitude of W:	51828.67587084	
    Magnitude of B_grad:	0.536	
    Magnitude of b:	5.1523148252009	

	
    Current index:	39501	
    Magnitude of W_grad:	12.068	
    Magnitude of W:	51790.494448342	
    Magnitude of B_grad:	0.788	
    Magnitude of b:	5.5222600528216	

	
    Current index:	49501	
    Magnitude of W_grad:	7.3559999999998	
    Magnitude of W:	51747.707754243	
    Magnitude of B_grad:	0.404	
    Magnitude of b:	5.1918268051067	

	
    Current index:	59501	
    Magnitude of W_grad:	9.0799999999999	
    Magnitude of W:	51713.499254828	
    Magnitude of B_grad:	0.348	
    Magnitude of b:	4.9814102440485	

	
    Current index:	69501	
    Magnitude of W_grad:	7.8759999999998	
    Magnitude of W:	51678.32300608	
    Magnitude of B_grad:	0.388	
    Magnitude of b:	5.1323495012059	

	
    Current index:	79501	
    Magnitude of W_grad:	6.9777777777777	
    Magnitude of W:	51644.257719427	
    Magnitude of B_grad:	0.68148148148148	
    Magnitude of b:	4.0293601089866	

	
SGD: Hinge Loss is	
174375.13051584	
SGD: Validation Accuracy is:	
0.31698455949137	
SGD: Magnitude of W:	
51644.257719427	
SGD: Magnitude of b:	
4.0293601089866	
    Current index:	9501	
    Magnitude of W_grad:	8.6199999999999	
    Magnitude of W:	51609.6350454	
    Magnitude of B_grad:	0.292	
    Magnitude of b:	5.2109704763284	

	
    Current index:	19501	
    Magnitude of W_grad:	7.7679999999998	
    Magnitude of W:	51577.163414935	
    Magnitude of B_grad:	0.416	
    Magnitude of b:	5.0724054943974	

	
    Current index:	29501	
    Magnitude of W_grad:	9.8559999999999	
    Magnitude of W:	51539.978709747	
    Magnitude of B_grad:	0.672	
    Magnitude of b:	5.3338383770641	

	
    Current index:	39501	
    Magnitude of W_grad:	9.6319999999998	
    Magnitude of W:	51503.065693853	
    Magnitude of B_grad:	0.532	
    Magnitude of b:	4.8111654963258	

	
    Current index:	49501	
    Magnitude of W_grad:	8.2719999999999	
    Magnitude of W:	51462.619725931	
    Magnitude of B_grad:	0.492	
    Magnitude of b:	4.8077980239413	

	
    Current index:	59501	
    Magnitude of W_grad:	9.3919999999999	
    Magnitude of W:	51423.53883247	
    Magnitude of B_grad:	0.596	
    Magnitude of b:	4.8946009591178	

	
    Current index:	69501	
    Magnitude of W_grad:	6.9359999999998	
    Magnitude of W:	51385.578668778	
    Magnitude of B_grad:	0.308	
    Magnitude of b:	4.9000741230603	

	
    Current index:	79501	
    Magnitude of W_grad:	5.2444444444444	
    Magnitude of W:	51351.245896759	
    Magnitude of B_grad:	0.32592592592593	
    Magnitude of b:	4.1716235371914	

	
SGD: Hinge Loss is	
171851.01725171	
SGD: Validation Accuracy is:	
0.31516802906449	
SGD: Magnitude of W:	
51351.245896759	
SGD: Magnitude of b:	
4.1716235371914	
    Current index:	9501	
    Magnitude of W_grad:	8.2159999999998	
    Magnitude of W:	51317.500432328	
    Magnitude of B_grad:	0.3	
    Magnitude of b:	4.9862823733026	

	
    Current index:	19501	
    Magnitude of W_grad:	7.6519999999998	
    Magnitude of W:	51283.037556376	
    Magnitude of B_grad:	0.34	
    Magnitude of b:	4.9357111023941	

	
    Current index:	29501	
    Magnitude of W_grad:	8.3639999999999	
    Magnitude of W:	51249.000738165	
    Magnitude of B_grad:	0.524	
    Magnitude of b:	5.1091178173792	

	
    Current index:	39501	
    Magnitude of W_grad:	12.124	
    Magnitude of W:	51212.519426306	
    Magnitude of B_grad:	0.824	
    Magnitude of b:	5.5144165664122	

	
    Current index:	49501	
    Magnitude of W_grad:	6.9759999999998	
    Magnitude of W:	51171.91598908	
    Magnitude of B_grad:	0.34	
    Magnitude of b:	5.095991676548	

	
    Current index:	59501	
    Magnitude of W_grad:	7.9759999999998	
    Magnitude of W:	51139.255344931	
    Magnitude of B_grad:	0.288	
    Magnitude of b:	4.8455921060683	

	
    Current index:	69501	
    Magnitude of W_grad:	9.1759999999999	
    Magnitude of W:	51105.187647868	
    Magnitude of B_grad:	0.572	
    Magnitude of b:	4.9553056232425	

	
    Current index:	79501	
    Magnitude of W_grad:	6.6814814814814	
    Magnitude of W:	51071.92659904	
    Magnitude of B_grad:	0.71111111111111	
    Magnitude of b:	4.0191450782897	

	
SGD: Hinge Loss is	
171975.53285958	
SGD: Validation Accuracy is:	
0.32243415077203	
SGD: Magnitude of W:	
51071.92659904	
SGD: Magnitude of b:	
4.0191450782897	
    Current index:	9501	
    Magnitude of W_grad:	8.3919999999999	
    Magnitude of W:	51039.313580326	
    Magnitude of B_grad:	0.352	
    Magnitude of b:	5.1687846776458	

	
    Current index:	19501	
    Magnitude of W_grad:	8.0919999999998	
    Magnitude of W:	51008.410469487	
    Magnitude of B_grad:	0.456	
    Magnitude of b:	5.0622487128393	

	
    Current index:	29501	
    Magnitude of W_grad:	8.9999999999999	
    Magnitude of W:	50975.197612945	
    Magnitude of B_grad:	0.604	
    Magnitude of b:	5.2677431446438	

	
    Current index:	39501	
    Magnitude of W_grad:	9.1759999999998	
    Magnitude of W:	50938.706097479	
    Magnitude of B_grad:	0.5	
    Magnitude of b:	4.7371092814396	

	
    Current index:	49501	
    Magnitude of W_grad:	8.5959999999999	
    Magnitude of W:	50899.463941124	
    Magnitude of B_grad:	0.576	
    Magnitude of b:	4.7947128388405	

	
    Current index:	59501	
    Magnitude of W_grad:	8.88	
    Magnitude of W:	50862.42461019	
    Magnitude of B_grad:	0.536	
    Magnitude of b:	4.9045627271453	

	
    Current index:	69501	
    Magnitude of W_grad:	8.0199999999998	
    Magnitude of W:	50826.201199351	
    Magnitude of B_grad:	0.44	
    Magnitude of b:	5.0460574058365	

	
    Current index:	79501	
    Magnitude of W_grad:	5.9407407407407	
    Magnitude of W:	50792.094993816	
    Magnitude of B_grad:	0.44444444444444	
    Magnitude of b:	3.8634185612925	

	
SGD: Hinge Loss is	
165351.41807387	
SGD: Validation Accuracy is:	
0.32061762034514	
SGD: Magnitude of W:	
50792.094993816	
SGD: Magnitude of b:	
3.8634185612925	
    Current index:	9501	
    Magnitude of W_grad:	6.3479999999999	
    Magnitude of W:	50757.525098433	
    Magnitude of B_grad:	0.092	
    Magnitude of b:	5.0195511808573	

	
    Current index:	19501	
    Magnitude of W_grad:	7.8239999999998	
    Magnitude of W:	50723.918871858	
    Magnitude of B_grad:	0.352	
    Magnitude of b:	4.8810049877631	

	
    Current index:	29501	
    Magnitude of W_grad:	8.6879999999999	
    Magnitude of W:	50692.218303261	
    Magnitude of B_grad:	0.576	
    Magnitude of b:	5.1287263455326	

	
    Current index:	39501	
    Magnitude of W_grad:	11.68	
    Magnitude of W:	50656.173509749	
    Magnitude of B_grad:	0.784	
    Magnitude of b:	5.4623139538088	

	
    Current index:	49501	
    Magnitude of W_grad:	7.5559999999998	
    Magnitude of W:	50617.017893088	
    Magnitude of B_grad:	0.428	
    Magnitude of b:	5.3239272810564	

	
    Current index:	59501	
    Magnitude of W_grad:	7.5639999999998	
    Magnitude of W:	50585.239522222	
    Magnitude of B_grad:	0.312	
    Magnitude of b:	4.8575285458948	

	
    Current index:	69501	
    Magnitude of W_grad:	8.9599999999999	
    Magnitude of W:	50552.430756627	
    Magnitude of B_grad:	0.576	
    Magnitude of b:	4.9352649953416	

	
    Current index:	79501	
    Magnitude of W_grad:	6.1629629629629	
    Magnitude of W:	50520.612273131	
    Magnitude of B_grad:	0.2962962962963	
    Magnitude of b:	4.0468381703809	

	
SGD: Hinge Loss is	
165777.35630036	
SGD: Validation Accuracy is:	
0.31425976385104	
SGD: Magnitude of W:	
50520.612273131	
SGD: Magnitude of b:	
4.0468381703809	
    Current index:	9501	
    Magnitude of W_grad:	9.4319999999999	
    Magnitude of W:	50486.549139395	
    Magnitude of B_grad:	0.416	
    Magnitude of b:	5.2931115546299	

	
    Current index:	19501	
    Magnitude of W_grad:	7.9399999999998	
    Magnitude of W:	50455.914318087	
    Magnitude of B_grad:	0.388	
    Magnitude of b:	4.9386178118144	

	
    Current index:	29501	
    Magnitude of W_grad:	8.9039999999999	
    Magnitude of W:	50422.490996021	
    Magnitude of B_grad:	0.596	
    Magnitude of b:	5.2881307348217	

	
    Current index:	39501	
    Magnitude of W_grad:	8.4159999999998	
    Magnitude of W:	50386.401673945	
    Magnitude of B_grad:	0.432	
    Magnitude of b:	4.7175235940897	

	
    Current index:	49501	
    Magnitude of W_grad:	8.2199999999999	
    Magnitude of W:	50348.034260281	
    Magnitude of B_grad:	0.552	
    Magnitude of b:	4.6776714650883	

	
    Current index:	59501	
    Magnitude of W_grad:	8.4319999999999	
    Magnitude of W:	50312.966382105	
    Magnitude of B_grad:	0.492	
    Magnitude of b:	4.802413326182	

	
    Current index:	69501	
    Magnitude of W_grad:	8.772	
    Magnitude of W:	50278.720692528	
    Magnitude of B_grad:	0.512	
    Magnitude of b:	4.9679508650939	

	
    Current index:	79501	
    Magnitude of W_grad:	6.8592592592592	
    Magnitude of W:	50248.252016623	
    Magnitude of B_grad:	0.74074074074074	
    Magnitude of b:	3.9470840471689	

	
SGD: Hinge Loss is	
164960.37697509	
SGD: Validation Accuracy is:	
0.32152588555858	
SGD: Magnitude of W:	
50248.252016623	
SGD: Magnitude of b:	
3.9470840471689	
    Current index:	9501	
    Magnitude of W_grad:	7.3759999999998	
    Magnitude of W:	50217.824729159	
    Magnitude of B_grad:	0.276	
    Magnitude of b:	5.1128038236517	

	
    Current index:	19501	
    Magnitude of W_grad:	7.2799999999998	
    Magnitude of W:	50183.573969085	
    Magnitude of B_grad:	0.292	
    Magnitude of b:	4.9422744736843	

	
    Current index:	29501	
    Magnitude of W_grad:	8.1559999999999	
    Magnitude of W:	50151.889257616	
    Magnitude of B_grad:	0.512	
    Magnitude of b:	5.0755210586093	

	
    Current index:	39501	
    Magnitude of W_grad:	11.212	
    Magnitude of W:	50119.352615796	
    Magnitude of B_grad:	0.732	
    Magnitude of b:	5.4491104740701	

	
    Current index:	49501	
    Magnitude of W_grad:	7.4639999999998	
    Magnitude of W:	50081.936125976	
    Magnitude of B_grad:	0.444	
    Magnitude of b:	5.1667258131225	

	
    Current index:	59501	
    Magnitude of W_grad:	8.0399999999998	
    Magnitude of W:	50052.012275824	
    Magnitude of B_grad:	0.324	
    Magnitude of b:	4.772365244465	

	
    Current index:	69501	
    Magnitude of W_grad:	8.9599999999999	
    Magnitude of W:	50020.663074002	
    Magnitude of B_grad:	0.556	
    Magnitude of b:	4.8981068966353	

	
    Current index:	79501	
    Magnitude of W_grad:	6.2074074074074	
    Magnitude of W:	49990.379233491	
    Magnitude of B_grad:	0.4	
    Magnitude of b:	4.1248575940404	

	
SGD: Hinge Loss is	
160459.71259668	
SGD: Validation Accuracy is:	
0.31425976385104	
SGD: Magnitude of W:	
49990.379233491	
SGD: Magnitude of b:	
4.1248575940404	
    Current index:	9501	
    Magnitude of W_grad:	9.4399999999999	
    Magnitude of W:	49959.451309361	
    Magnitude of B_grad:	0.52	
    Magnitude of b:	4.8746943979959	

	
    Current index:	19501	
    Magnitude of W_grad:	6.2799999999998	
    Magnitude of W:	49926.132666514	
    Magnitude of B_grad:	0.156	
    Magnitude of b:	4.8888614224867	

	
    Current index:	29501	
    Magnitude of W_grad:	9.4759999999999	
    Magnitude of W:	49894.776978029	
    Magnitude of B_grad:	0.64	
    Magnitude of b:	5.1503802546126	

	
    Current index:	39501	
    Magnitude of W_grad:	8.9599999999998	
    Magnitude of W:	49862.306282899	
    Magnitude of B_grad:	0.56	
    Magnitude of b:	4.4998420864637	

	
    Current index:	49501	
    Magnitude of W_grad:	7.7519999999998	
    Magnitude of W:	49826.42766547	
    Magnitude of B_grad:	0.496	
    Magnitude of b:	4.6052335622289	

	
    Current index:	59501	
    Magnitude of W_grad:	8.2639999999999	
    Magnitude of W:	49792.78621427	
    Magnitude of B_grad:	0.496	
    Magnitude of b:	4.7147148817149	

	
    Current index:	69501	
    Magnitude of W_grad:	9.136	
    Magnitude of W:	49760.250097445	
    Magnitude of B_grad:	0.552	
    Magnitude of b:	4.8802886264006	

	
    Current index:	79501	
    Magnitude of W_grad:	5.7777777777778	
    Magnitude of W:	49728.745505957	
    Magnitude of B_grad:	0.53333333333333	
    Magnitude of b:	4.0539481044276	

	
SGD: Hinge Loss is	
159276.10417719	
SGD: Validation Accuracy is:	
0.3197093551317	
SGD: Magnitude of W:	
49728.745505957	
SGD: Magnitude of b:	
4.0539481044276	
    Current index:	9501	
    Magnitude of W_grad:	8.3039999999999	
    Magnitude of W:	49699.427614338	
    Magnitude of B_grad:	0.38	
    Magnitude of b:	4.9396409360301	

	
    Current index:	19501	
    Magnitude of W_grad:	7.9799999999998	
    Magnitude of W:	49671.284061965	
    Magnitude of B_grad:	0.464	
    Magnitude of b:	4.9531798683642	

	
    Current index:	29501	
    Magnitude of W_grad:	8.1359999999999	
    Magnitude of W:	49639.297605102	
    Magnitude of B_grad:	0.524	
    Magnitude of b:	5.0014485136422	

	
    Current index:	39501	
    Magnitude of W_grad:	11.032	
    Magnitude of W:	49607.653336751	
    Magnitude of B_grad:	0.708	
    Magnitude of b:	5.4310759298584	

	
    Current index:	49501	
    Magnitude of W_grad:	6.9039999999998	
    Magnitude of W:	49571.470123432	
    Magnitude of B_grad:	0.38	
    Magnitude of b:	5.0607196094432	

	
    Current index:	59501	
    Magnitude of W_grad:	7.0359999999998	
    Magnitude of W:	49542.952203156	
    Magnitude of B_grad:	0.224	
    Magnitude of b:	4.6743706898618	

	
    Current index:	69501	
    Magnitude of W_grad:	8.7679999999999	
    Magnitude of W:	49511.080913074	
    Magnitude of B_grad:	0.576	
    Magnitude of b:	4.8561414669769	

	
    Current index:	79501	
    Magnitude of W_grad:	6.8444444444444	
    Magnitude of W:	49482.165520783	
    Magnitude of B_grad:	0.5037037037037	
    Magnitude of b:	4.1750766515314	

	
SGD: Hinge Loss is	
158245.42377453	
SGD: Validation Accuracy is:	
0.30971843778383	
SGD: Magnitude of W:	
49482.165520783	
SGD: Magnitude of b:	
4.1750766515314	
    Current index:	9501	
    Magnitude of W_grad:	7.3999999999998	
    Magnitude of W:	49451.266213705	
    Magnitude of B_grad:	0.352	
    Magnitude of b:	4.6289436764773	

	
    Current index:	19501	
    Magnitude of W_grad:	7.6439999999998	
    Magnitude of W:	49420.817132269	
    Magnitude of B_grad:	0.372	
    Magnitude of b:	4.7673047125961	

	
    Current index:	29501	
    Magnitude of W_grad:	5.6599999999999	
    Magnitude of W:	49389.156770701	
    Magnitude of B_grad:	0.192	
    Magnitude of b:	5.2848257263063	

	
    Current index:	39501	
    Magnitude of W_grad:	8.4999999999999	
    Magnitude of W:	49358.035334753	
    Magnitude of B_grad:	0.516	
    Magnitude of b:	4.5062658452001	

	
    Current index:	49501	
    Magnitude of W_grad:	8.0159999999998	
    Magnitude of W:	49323.670640614	
    Magnitude of B_grad:	0.516	
    Magnitude of b:	4.6165112830287	

	
    Current index:	59501	
    Magnitude of W_grad:	8.8879999999999	
    Magnitude of W:	49291.898615771	
    Magnitude of B_grad:	0.556	
    Magnitude of b:	4.7218658468456	

	
    Current index:	69501	
    Magnitude of W_grad:	6.7799999999998	
    Magnitude of W:	49259.878927198	
    Magnitude of B_grad:	0.388	
    Magnitude of b:	4.7834508651939	

	
    Current index:	79501	
    Magnitude of W_grad:	5.7037037037037	
    Magnitude of W:	49229.672175348	
    Magnitude of B_grad:	0.48888888888889	
    Magnitude of b:	3.9572737851145	

	
SGD: Hinge Loss is	
155658.53691986	
SGD: Validation Accuracy is:	
0.32515894641235	
SGD: Magnitude of W:	
49229.672175348	
SGD: Magnitude of b:	
3.9572737851145	
    Current index:	9501	
    Magnitude of W_grad:	9.5799999999999	
    Magnitude of W:	49200.761017914	
    Magnitude of B_grad:	0.46	
    Magnitude of b:	4.9790087364455	

	
    Current index:	19501	
    Magnitude of W_grad:	8.0239999999998	
    Magnitude of W:	49173.494475331	
    Magnitude of B_grad:	0.468	
    Magnitude of b:	4.85660081507	

	
    Current index:	29501	
    Magnitude of W_grad:	8.9599999999999	
    Magnitude of W:	49144.742646469	
    Magnitude of B_grad:	0.62	
    Magnitude of b:	5.134190480411	

	
    Current index:	39501	
    Magnitude of W_grad:	11.092	
    Magnitude of W:	49111.151860439	
    Magnitude of B_grad:	0.752	
    Magnitude of b:	5.2024184389365	

	
    Current index:	49501	
    Magnitude of W_grad:	6.9719999999998	
    Magnitude of W:	49075.573898408	
    Magnitude of B_grad:	0.384	
    Magnitude of b:	4.9921265231104	

	
    Current index:	59501	
    Magnitude of W_grad:	7.3479999999998	
    Magnitude of W:	49047.174236964	
    Magnitude of B_grad:	0.272	
    Magnitude of b:	4.7018325405166	

	
    Current index:	69501	
    Magnitude of W_grad:	8.9599999999999	
    Magnitude of W:	49017.836307125	
    Magnitude of B_grad:	0.584	
    Magnitude of b:	4.8276359269802	

	
    Current index:	79501	
    Magnitude of W_grad:	4.9481481481481	
    Magnitude of W:	48989.209695724	
    Magnitude of B_grad:	0.2962962962963	
    Magnitude of b:	4.0191685783474	

	
SGD: Hinge Loss is	
153814.30856033	
SGD: Validation Accuracy is:	
0.32152588555858	
SGD: Magnitude of W:	
48989.209695724	
SGD: Magnitude of b:	
4.0191685783474	
    Current index:	9501	
    Magnitude of W_grad:	8.3519999999999	
    Magnitude of W:	48958.633389451	
    Magnitude of B_grad:	0.408	
    Magnitude of b:	4.7370558444833	

	
    Current index:	19501	
    Magnitude of W_grad:	7.9119999999998	
    Magnitude of W:	48929.107828249	
    Magnitude of B_grad:	0.404	
    Magnitude of b:	4.5909323961565	

	
    Current index:	29501	
    Magnitude of W_grad:	9.1039999999999	
    Magnitude of W:	48901.371082643	
    Magnitude of B_grad:	0.64	
    Magnitude of b:	5.0606022136905	

	
    Current index:	39501	
    Magnitude of W_grad:	9.4119999999999	
    Magnitude of W:	48871.098254615	
    Magnitude of B_grad:	0.54	
    Magnitude of b:	5.0742242293251	

	
    Current index:	49501	
    Magnitude of W_grad:	6.5759999999999	
    Magnitude of W:	48835.768377784	
    Magnitude of B_grad:	0.332	
    Magnitude of b:	4.526224741397	

	
    Current index:	59501	
    Magnitude of W_grad:	8.7959999999999	
    Magnitude of W:	48805.042174225	
    Magnitude of B_grad:	0.588	
    Magnitude of b:	4.6678411209602	

	
    Current index:	69501	
    Magnitude of W_grad:	6.9279999999998	
    Magnitude of W:	48773.358961827	
    Magnitude of B_grad:	0.368	
    Magnitude of b:	4.8334635143348	

	
    Current index:	79501	
    Magnitude of W_grad:	6.5629629629629	
    Magnitude of W:	48744.284803279	
    Magnitude of B_grad:	0.63703703703704	
    Magnitude of b:	3.7879499547476	

	
SGD: Hinge Loss is	
155399.40843224	
SGD: Validation Accuracy is:	
0.33060853769301	
SGD: Magnitude of W:	
48744.284803279	
SGD: Magnitude of b:	
3.7879499547476	
    Current index:	9501	
    Magnitude of W_grad:	10.1	
    Magnitude of W:	48716.449954407	
    Magnitude of B_grad:	0.54	
    Magnitude of b:	4.8290797031078	

	
    Current index:	19501	
    Magnitude of W_grad:	8.1079999999998	
    Magnitude of W:	48690.287307963	
    Magnitude of B_grad:	0.46	
    Magnitude of b:	4.834712922474	

	
    Current index:	29501	
    Magnitude of W_grad:	8.4959999999999	
    Magnitude of W:	48661.498730782	
    Magnitude of B_grad:	0.608	
    Magnitude of b:	4.9363579744996	

	
    Current index:	39501	
    Magnitude of W_grad:	9.8159999999999	
    Magnitude of W:	48631.910466558	
    Magnitude of B_grad:	0.656	
    Magnitude of b:	4.2357753800043	

	
    Current index:	49501	
    Magnitude of W_grad:	8.6039999999999	
    Magnitude of W:	48598.406116807	
    Magnitude of B_grad:	0.608	
    Magnitude of b:	4.4816663702177	

	
    Current index:	59501	
    Magnitude of W_grad:	7.8639999999998	
    Magnitude of W:	48568.191803977	
    Magnitude of B_grad:	0.3	
    Magnitude of b:	4.7218213628204	

	
    Current index:	69501	
    Magnitude of W_grad:	9.084	
    Magnitude of W:	48540.534656273	
    Magnitude of B_grad:	0.632	
    Magnitude of b:	4.8716203358651	

	
    Current index:	79501	
    Magnitude of W_grad:	5.3185185185185	
    Magnitude of W:	48512.494217826	
    Magnitude of B_grad:	0.28148148148148	
    Magnitude of b:	3.9582880114236	

	
SGD: Hinge Loss is	
151519.34164537	
SGD: Validation Accuracy is:	
0.32606721162579	
SGD: Magnitude of W:	
48512.494217826	
SGD: Magnitude of b:	
3.9582880114236	
    Current index:	9501	
    Magnitude of W_grad:	9.5919999999999	
    Magnitude of W:	48483.864015295	
    Magnitude of B_grad:	0.552	
    Magnitude of b:	4.8042046434283	

	
    Current index:	19501	
    Magnitude of W_grad:	7.7519999999998	
    Magnitude of W:	48455.852928704	
    Magnitude of B_grad:	0.376	
    Magnitude of b:	4.6483725496166	

	
    Current index:	29501	
    Magnitude of W_grad:	8.6439999999999	
    Magnitude of W:	48428.290271513	
    Magnitude of B_grad:	0.608	
    Magnitude of b:	5.0557839990322	

	
    Current index:	39501	
    Magnitude of W_grad:	10.988	
    Magnitude of W:	48399.552649195	
    Magnitude of B_grad:	0.736	
    Magnitude of b:	5.3894176766431	

	
    Current index:	49501	
    Magnitude of W_grad:	7.3479999999998	
    Magnitude of W:	48366.44459318	
    Magnitude of B_grad:	0.408	
    Magnitude of b:	5.0591152183423	

	
    Current index:	59501	
    Magnitude of W_grad:	7.9079999999998	
    Magnitude of W:	48338.974529527	
    Magnitude of B_grad:	0.452	
    Magnitude of b:	4.7900043061688	

	
    Current index:	69501	
    Magnitude of W_grad:	5.3599999999999	
    Magnitude of W:	48307.336536645	
    Magnitude of B_grad:	0.144	
    Magnitude of b:	4.5956515254905	

	
    Current index:	79501	
    Magnitude of W_grad:	6.4444444444444	
    Magnitude of W:	48279.867348395	
    Magnitude of B_grad:	0.60740740740741	
    Magnitude of b:	3.8919552612093	

	
SGD: Hinge Loss is	
151639.13986496	
SGD: Validation Accuracy is:	
0.33151680290645	
SGD: Magnitude of W:	
48279.867348395	
SGD: Magnitude of b:	
3.8919552612093	
    Current index:	9501	
    Magnitude of W_grad:	9.8879999999999	
    Magnitude of W:	48253.222316968	
    Magnitude of B_grad:	0.532	
    Magnitude of b:	4.8417619802372	

	
    Current index:	19501	
    Magnitude of W_grad:	8.2879999999999	
    Magnitude of W:	48226.125557844	
    Magnitude of B_grad:	0.448	
    Magnitude of b:	4.8074081132562	

	
    Current index:	29501	
    Magnitude of W_grad:	9.3519999999999	
    Magnitude of W:	48197.977103935	
    Magnitude of B_grad:	0.664	
    Magnitude of b:	4.8850638590316	

	
    Current index:	39501	
    Magnitude of W_grad:	9.2559999999999	
    Magnitude of W:	48170.345706729	
    Magnitude of B_grad:	0.636	
    Magnitude of b:	4.2499851238875	

	
    Current index:	49501	
    Magnitude of W_grad:	8.4279999999999	
    Magnitude of W:	48137.518976586	
    Magnitude of B_grad:	0.58	
    Magnitude of b:	4.4318965001784	

	
    Current index:	59501	
    Magnitude of W_grad:	8.1839999999998	
    Magnitude of W:	48108.146766885	
    Magnitude of B_grad:	0.504	
    Magnitude of b:	4.5356498747354	

	
    Current index:	69501	
    Magnitude of W_grad:	5.6079999999998	
    Magnitude of W:	48074.251811672	
    Magnitude of B_grad:	0.164	
    Magnitude of b:	4.6052920489129	

	
    Current index:	79501	
    Magnitude of W_grad:	5.8814814814815	
    Magnitude of W:	48046.535118219	
    Magnitude of B_grad:	0.42962962962963	
    Magnitude of b:	4.0523168980774	

	
SGD: Hinge Loss is	
147887.75036291	
SGD: Validation Accuracy is:	
0.3197093551317	
SGD: Magnitude of W:	
48046.535118219	
SGD: Magnitude of b:	
4.0523168980774	
    Current index:	9501	
    Magnitude of W_grad:	5.7839999999999	
    Magnitude of W:	48017.457769233	
    Magnitude of B_grad:	0.144	
    Magnitude of b:	4.6142162337833	

	
    Current index:	19501	
    Magnitude of W_grad:	8.0399999999998	
    Magnitude of W:	47989.094334048	
    Magnitude of B_grad:	0.428	
    Magnitude of b:	4.563837833219	

	
    Current index:	29501	
    Magnitude of W_grad:	8.0679999999999	
    Magnitude of W:	47963.062216097	
    Magnitude of B_grad:	0.552	
    Magnitude of b:	4.9818799031404	

	
    Current index:	39501	
    Magnitude of W_grad:	10.34	
    Magnitude of W:	47936.348184303	
    Magnitude of B_grad:	0.688	
    Magnitude of b:	5.3315306034686	

	
    Current index:	49501	
    Magnitude of W_grad:	7.0879999999998	
    Magnitude of W:	47904.254257182	
    Magnitude of B_grad:	0.392	
    Magnitude of b:	5.0412351182903	

	
    Current index:	59501	
    Magnitude of W_grad:	9.1359999999999	
    Magnitude of W:	47879.859802428	
    Magnitude of B_grad:	0.456	
    Magnitude of b:	4.9509490143134	

	
    Current index:	69501	
    Magnitude of W_grad:	8.4359999999999	
    Magnitude of W:	47854.644263874	
    Magnitude of B_grad:	0.548	
    Magnitude of b:	4.7487413975279	

	
    Current index:	79501	
    Magnitude of W_grad:	5.5111111111111	
    Magnitude of W:	47823.895340617	
    Magnitude of B_grad:	0.44444444444444	
    Magnitude of b:	3.7437982614559	

	
SGD: Hinge Loss is	
148331.42995225	
SGD: Validation Accuracy is:	
0.33151680290645	
SGD: Magnitude of W:	
47823.895340617	
SGD: Magnitude of b:	
3.7437982614559	
    Current index:	9501	
    Magnitude of W_grad:	9.6639999999999	
    Magnitude of W:	47798.331502156	
    Magnitude of B_grad:	0.52	
    Magnitude of b:	4.7896323790489	

	
    Current index:	19501	
    Magnitude of W_grad:	8.3559999999999	
    Magnitude of W:	47773.651614922	
    Magnitude of B_grad:	0.484	
    Magnitude of b:	4.6993306016956	

	
    Current index:	29501	
    Magnitude of W_grad:	8.7159999999999	
    Magnitude of W:	47746.664409872	
    Magnitude of B_grad:	0.632	
    Magnitude of b:	4.8330370088978	

	
    Current index:	39501	
    Magnitude of W_grad:	8.8839999999998	
    Magnitude of W:	47717.674034308	
    Magnitude of B_grad:	0.572	
    Magnitude of b:	4.2404355068084	

	
    Current index:	49501	
    Magnitude of W_grad:	7.0799999999998	
    Magnitude of W:	47685.556159855	
    Magnitude of B_grad:	0.444	
    Magnitude of b:	4.3663773888803	

	
    Current index:	59501	
    Magnitude of W_grad:	7.6999999999998	
    Magnitude of W:	47656.803046149	
    Magnitude of B_grad:	0.444	
    Magnitude of b:	4.6128220694102	

	
    Current index:	69501	
    Magnitude of W_grad:	9.58	
    Magnitude of W:	47627.905716233	
    Magnitude of B_grad:	0.628	
    Magnitude of b:	4.6024887646359	

	
    Current index:	79501	
    Magnitude of W_grad:	6.6518518518518	
    Magnitude of W:	47603.807086209	
    Magnitude of B_grad:	0.74074074074074	
    Magnitude of b:	3.898723832163	

	
SGD: Hinge Loss is	
149015.42962855	
SGD: Validation Accuracy is:	
0.31698455949137	
SGD: Magnitude of W:	
47603.807086209	
SGD: Magnitude of b:	
3.898723832163	
    Current index:	9501	
    Magnitude of W_grad:	6.2199999999998	
    Magnitude of W:	47572.225072927	
    Magnitude of B_grad:	0.1	
    Magnitude of b:	4.8005199187402	

	
    Current index:	19501	
    Magnitude of W_grad:	7.7439999999998	
    Magnitude of W:	47545.031894818	
    Magnitude of B_grad:	0.42	
    Magnitude of b:	4.4781819393634	

	
    Current index:	29501	
    Magnitude of W_grad:	8.6319999999999	
    Magnitude of W:	47520.644003904	
    Magnitude of B_grad:	0.636	
    Magnitude of b:	5.0068739801125	

	
    Current index:	39501	
    Magnitude of W_grad:	10.092	
    Magnitude of W:	47493.561030971	
    Magnitude of B_grad:	0.664	
    Magnitude of b:	5.2605438686359	

	
    Current index:	49501	
    Magnitude of W_grad:	6.5039999999998	
    Magnitude of W:	47461.439082713	
    Magnitude of B_grad:	0.344	
    Magnitude of b:	4.9542663548068	

	
    Current index:	59501	
    Magnitude of W_grad:	8.3679999999998	
    Magnitude of W:	47435.781213436	
    Magnitude of B_grad:	0.396	
    Magnitude of b:	4.7680082567587	

	
    Current index:	69501	
    Magnitude of W_grad:	8.7759999999999	
    Magnitude of W:	47411.167326873	
    Magnitude of B_grad:	0.576	
    Magnitude of b:	4.805827625701	

	
    Current index:	79501	
    Magnitude of W_grad:	5.7185185185185	
    Magnitude of W:	47385.649435222	
    Magnitude of B_grad:	0.28148148148148	
    Magnitude of b:	4.1191970156358	

	
SGD: Hinge Loss is	
141035.76585677	
SGD: Validation Accuracy is:	
0.31516802906449	
SGD: Magnitude of W:	
47385.649435222	
SGD: Magnitude of b:	
4.1191970156358	
    Current index:	9501	
    Magnitude of W_grad:	10.18	
    Magnitude of W:	47360.332175591	
    Magnitude of B_grad:	0.628	
    Magnitude of b:	4.829117412392	

	
    Current index:	19501	
    Magnitude of W_grad:	5.8959999999998	
    Magnitude of W:	47329.933167374	
    Magnitude of B_grad:	0.136	
    Magnitude of b:	4.5404237092401	

	
    Current index:	29501	
    Magnitude of W_grad:	9.3279999999999	
    Magnitude of W:	47302.539501081	
    Magnitude of B_grad:	0.676	
    Magnitude of b:	4.8420944149453	

	
    Current index:	39501	
    Magnitude of W_grad:	8.2039999999998	
    Magnitude of W:	47276.431965918	
    Magnitude of B_grad:	0.544	
    Magnitude of b:	4.1837170865702	

	
    Current index:	49501	
    Magnitude of W_grad:	8.1399999999999	
    Magnitude of W:	47244.241246761	
    Magnitude of B_grad:	0.572	
    Magnitude of b:	4.3116284269559	

	
    Current index:	59501	
    Magnitude of W_grad:	8.3479999999998	
    Magnitude of W:	47216.417478819	
    Magnitude of B_grad:	0.512	
    Magnitude of b:	4.6121134836653	

	
    Current index:	69501	
    Magnitude of W_grad:	8.952	
    Magnitude of W:	47190.108716565	
    Magnitude of B_grad:	0.572	
    Magnitude of b:	4.5458158885617	

	
    Current index:	79501	
    Magnitude of W_grad:	5.2592592592592	
    Magnitude of W:	47163.643177008	
    Magnitude of B_grad:	0.42962962962963	
    Magnitude of b:	4.071140782194	

	
SGD: Hinge Loss is	
141942.80189554	
SGD: Validation Accuracy is:	
0.32515894641235	
SGD: Magnitude of W:	
47163.643177008	
SGD: Magnitude of b:	
4.071140782194	
    Current index:	9501	
    Magnitude of W_grad:	9.9039999999999	
    Magnitude of W:	47139.167004444	
    Magnitude of B_grad:	0.544	
    Magnitude of b:	4.5889742307186	

	
    Current index:	19501	
    Magnitude of W_grad:	8.2439999999999	
    Magnitude of W:	47114.878768218	
    Magnitude of B_grad:	0.488	
    Magnitude of b:	4.6507029150596	

	
    Current index:	29501	
    Magnitude of W_grad:	8.4879999999999	
    Magnitude of W:	47085.975593188	
    Magnitude of B_grad:	0.608	
    Magnitude of b:	4.8714581836423	

	
    Current index:	39501	
    Magnitude of W_grad:	9.2079999999999	
    Magnitude of W:	47059.975965849	
    Magnitude of B_grad:	0.572	
    Magnitude of b:	5.1731689527048	

	
    Current index:	49501	
    Magnitude of W_grad:	6.6159999999998	
    Magnitude of W:	47028.486052146	
    Magnitude of B_grad:	0.38	
    Magnitude of b:	4.8909222604023	

	
    Current index:	59501	
    Magnitude of W_grad:	8.6439999999999	
    Magnitude of W:	47005.758628701	
    Magnitude of B_grad:	0.412	
    Magnitude of b:	4.8646899445324	

	
    Current index:	69501	
    Magnitude of W_grad:	8.5799999999999	
    Magnitude of W:	46981.545677312	
    Magnitude of B_grad:	0.564	
    Magnitude of b:	4.8065164046586	

	
    Current index:	79501	
    Magnitude of W_grad:	5.1407407407407	
    Magnitude of W:	46956.294167787	
    Magnitude of B_grad:	0.35555555555556	
    Magnitude of b:	4.0766253850656	

	
SGD: Hinge Loss is	
139799.05000327	
SGD: Validation Accuracy is:	
0.32152588555858	
SGD: Magnitude of W:	
46956.294167787	
SGD: Magnitude of b:	
4.0766253850656	
    Current index:	9501	
    Magnitude of W_grad:	9.2759999999999	
    Magnitude of W:	46931.650300915	
    Magnitude of B_grad:	0.56	
    Magnitude of b:	4.7625460656524	

	
    Current index:	19501	
    Magnitude of W_grad:	7.9599999999998	
    Magnitude of W:	46905.716276507	
    Magnitude of B_grad:	0.46	
    Magnitude of b:	4.4004055341522	

	
    Current index:	29501	
    Magnitude of W_grad:	9.2159999999999	
    Magnitude of W:	46879.094914024	
    Magnitude of B_grad:	0.656	
    Magnitude of b:	4.9211231463505	

	
    Current index:	39501	
    Magnitude of W_grad:	7.7879999999998	
    Magnitude of W:	46853.363434859	
    Magnitude of B_grad:	0.492	
    Magnitude of b:	4.1827461073251	

	
    Current index:	49501	
    Magnitude of W_grad:	8.3039999999999	
    Magnitude of W:	46823.295314722	
    Magnitude of B_grad:	0.6	
    Magnitude of b:	4.2685258595992	

	
    Current index:	59501	
    Magnitude of W_grad:	7.4279999999998	
    Magnitude of W:	46795.021482113	
    Magnitude of B_grad:	0.42	
    Magnitude of b:	4.4553565680978	

	
    Current index:	69501	
    Magnitude of W_grad:	8.796	
    Magnitude of W:	46768.716904354	
    Magnitude of B_grad:	0.572	
    Magnitude of b:	4.4690920951793	

	
    Current index:	79501	
    Magnitude of W_grad:	6.4444444444444	
    Magnitude of W:	46743.731776834	
    Magnitude of B_grad:	0.65185185185185	
    Magnitude of b:	3.7984804897781	

	
SGD: Hinge Loss is	
142944.66035959	
SGD: Validation Accuracy is:	
0.34150772025431	
SGD: Magnitude of W:	
46743.731776834	
SGD: Magnitude of b:	
3.7984804897781	
    Current index:	9501	
    Magnitude of W_grad:	9.7479999999999	
    Magnitude of W:	46720.713766838	
    Magnitude of B_grad:	0.544	
    Magnitude of b:	4.6523281238315	

	
    Current index:	19501	
    Magnitude of W_grad:	8.3479999999999	
    Magnitude of W:	46696.129057039	
    Magnitude of B_grad:	0.492	
    Magnitude of b:	4.7300621551426	

	
    Current index:	29501	
    Magnitude of W_grad:	6.8039999999998	
    Magnitude of W:	46672.297349106	
    Magnitude of B_grad:	0.428	
    Magnitude of b:	4.6878208226302	

	
    Current index:	39501	
    Magnitude of W_grad:	9.6959999999999	
    Magnitude of W:	46640.92646265	
    Magnitude of B_grad:	0.584	
    Magnitude of b:	4.9630068169152	

	
    Current index:	49501	
    Magnitude of W_grad:	7.2799999999999	
    Magnitude of W:	46609.793254638	
    Magnitude of B_grad:	0.484	
    Magnitude of b:	4.976800377874	

	
    Current index:	59501	
    Magnitude of W_grad:	7.2399999999998	
    Magnitude of W:	46586.498195159	
    Magnitude of B_grad:	0.328	
    Magnitude of b:	4.5665733478181	

	
    Current index:	69501	
    Magnitude of W_grad:	8.1639999999999	
    Magnitude of W:	46562.63634511	
    Magnitude of B_grad:	0.536	
    Magnitude of b:	4.7564340109377	

	
    Current index:	79501	
    Magnitude of W_grad:	5.4222222222222	
    Magnitude of W:	46539.286873565	
    Magnitude of B_grad:	0.32592592592593	
    Magnitude of b:	4.0360399802435	

	
SGD: Hinge Loss is	
138860.01484324	
SGD: Validation Accuracy is:	
0.32334241598547	
SGD: Magnitude of W:	
46539.286873565	
SGD: Magnitude of b:	
4.0360399802435	
    Current index:	9501	
    Magnitude of W_grad:	8.9679999999999	
    Magnitude of W:	46513.640217792	
    Magnitude of B_grad:	0.508	
    Magnitude of b:	4.6820047467802	

	
    Current index:	19501	
    Magnitude of W_grad:	8.0999999999999	
    Magnitude of W:	46488.503852153	
    Magnitude of B_grad:	0.472	
    Magnitude of b:	4.4318895953688	

	
    Current index:	29501	
    Magnitude of W_grad:	8.7319999999999	
    Magnitude of W:	46465.19397447	
    Magnitude of B_grad:	0.652	
    Magnitude of b:	4.9177196553511	

	
    Current index:	39501	
    Magnitude of W_grad:	8.7919999999999	
    Magnitude of W:	46438.91451448	
    Magnitude of B_grad:	0.504	
    Magnitude of b:	5.0194210566106	

	
    Current index:	49501	
    Magnitude of W_grad:	6.7159999999999	
    Magnitude of W:	46407.022906999	
    Magnitude of B_grad:	0.392	
    Magnitude of b:	4.219685839738	

	
    Current index:	59501	
    Magnitude of W_grad:	8.7159999999999	
    Magnitude of W:	46381.34700037	
    Magnitude of B_grad:	0.592	
    Magnitude of b:	4.2894730267673	

	
    Current index:	69501	
    Magnitude of W_grad:	9.092	
    Magnitude of W:	46356.50079216	
    Magnitude of B_grad:	0.616	
    Magnitude of b:	4.3992458565285	

	
    Current index:	79501	
    Magnitude of W_grad:	5.1703703703703	
    Magnitude of W:	46331.135265352	
    Magnitude of B_grad:	0.42962962962963	
    Magnitude of b:	4.0104141502927	

	
SGD: Hinge Loss is	
137303.76165796	
SGD: Validation Accuracy is:	
0.33060853769301	
SGD: Magnitude of W:	
46331.135265352	
SGD: Magnitude of b:	
4.0104141502927	
    Current index:	9501	
    Magnitude of W_grad:	10.208	
    Magnitude of W:	46306.166747228	
    Magnitude of B_grad:	0.592	
    Magnitude of b:	4.6802722670826	

	
    Current index:	19501	
    Magnitude of W_grad:	8.5319999999999	
    Magnitude of W:	46283.447353377	
    Magnitude of B_grad:	0.532	
    Magnitude of b:	4.6700535307693	

	
    Current index:	29501	
    Magnitude of W_grad:	7.6919999999998	
    Magnitude of W:	46258.623948319	
    Magnitude of B_grad:	0.544	
    Magnitude of b:	4.5638441443645	

	
    Current index:	39501	
    Magnitude of W_grad:	9.4999999999999	
    Magnitude of W:	46233.727848158	
    Magnitude of B_grad:	0.644	
    Magnitude of b:	4.0842541547035	

	
    Current index:	49501	
    Magnitude of W_grad:	8.0639999999999	
    Magnitude of W:	46204.814345058	
    Magnitude of B_grad:	0.58	
    Magnitude of b:	4.218173634344	

	
    Current index:	59501	
    Magnitude of W_grad:	7.4119999999998	
    Magnitude of W:	46178.994777427	
    Magnitude of B_grad:	0.284	
    Magnitude of b:	4.5786108886562	

	
    Current index:	69501	
    Magnitude of W_grad:	8.98	
    Magnitude of W:	46154.535805934	
    Magnitude of B_grad:	0.644	
    Magnitude of b:	4.8484799713789	

	
    Current index:	79501	
    Magnitude of W_grad:	4.4	
    Magnitude of W:	46131.312939604	
    Magnitude of B_grad:	0.17777777777778	
    Magnitude of b:	3.9488234465742	

	
SGD: Hinge Loss is	
134559.34430118	
SGD: Validation Accuracy is:	
0.32970027247956	
SGD: Magnitude of W:	
46131.312939604	
SGD: Magnitude of b:	
3.9488234465742	
    Current index:	9501	
    Magnitude of W_grad:	7.7439999999998	
    Magnitude of W:	46104.618338519	
    Magnitude of B_grad:	0.464	
    Magnitude of b:	4.642798866653	

	
    Current index:	19501	
    Magnitude of W_grad:	8.7679999999999	
    Magnitude of W:	46080.088618074	
    Magnitude of B_grad:	0.552	
    Magnitude of b:	4.4966963726611	

	
    Current index:	29501	
    Magnitude of W_grad:	8.4439999999999	
    Magnitude of W:	46058.52008383	
    Magnitude of B_grad:	0.612	
    Magnitude of b:	4.9185533452593	

	
    Current index:	39501	
    Magnitude of W_grad:	9.616	
    Magnitude of W:	46033.20795119	
    Magnitude of B_grad:	0.624	
    Magnitude of b:	5.2442631658109	

	
    Current index:	49501	
    Magnitude of W_grad:	7.0799999999998	
    Magnitude of W:	46003.537381743	
    Magnitude of B_grad:	0.46	
    Magnitude of b:	4.9140478633879	

	
    Current index:	59501	
    Magnitude of W_grad:	7.5199999999998	
    Magnitude of W:	45980.844267117	
    Magnitude of B_grad:	0.448	
    Magnitude of b:	4.5918993159781	

	
    Current index:	69501	
    Magnitude of W_grad:	7.5799999999998	
    Magnitude of W:	45955.852613975	
    Magnitude of B_grad:	0.508	
    Magnitude of b:	4.3017038681759	

	
    Current index:	79501	
    Magnitude of W_grad:	6.7555555555555	
    Magnitude of W:	45932.875872822	
    Magnitude of B_grad:	0.72592592592593	
    Magnitude of b:	3.8829549394065	

	
SGD: Hinge Loss is	
141718.25811599	
SGD: Validation Accuracy is:	
0.32970027247956	
SGD: Magnitude of W:	
45932.875872822	
SGD: Magnitude of b:	
3.8829549394065	
    Current index:	9501	
    Magnitude of W_grad:	9.8039999999999	
    Magnitude of W:	45910.417339915	
    Magnitude of B_grad:	0.544	
    Magnitude of b:	4.4408712318476	

	
    Current index:	19501	
    Magnitude of W_grad:	8.6079999999999	
    Magnitude of W:	45884.921933024	
    Magnitude of B_grad:	0.552	
    Magnitude of b:	4.7106473707078	

	
    Current index:	29501	
    Magnitude of W_grad:	9.4759999999999	
    Magnitude of W:	45860.321862242	
    Magnitude of B_grad:	0.7	
    Magnitude of b:	4.7164473234497	

	
    Current index:	39501	
    Magnitude of W_grad:	9.1559999999999	
    Magnitude of W:	45836.81713101	
    Magnitude of B_grad:	0.64	
    Magnitude of b:	4.0697524932388	

	
    Current index:	49501	
    Magnitude of W_grad:	8.3879999999999	
    Magnitude of W:	45808.518832037	
    Magnitude of B_grad:	0.608	
    Magnitude of b:	4.1026821855523	

	
    Current index:	59501	
    Magnitude of W_grad:	7.6159999999998	
    Magnitude of W:	45782.832473018	
    Magnitude of B_grad:	0.448	
    Magnitude of b:	4.377474875478	

	
    Current index:	69501	
    Magnitude of W_grad:	9.312	
    Magnitude of W:	45753.606846756	
    Magnitude of B_grad:	0.68	
    Magnitude of b:	4.7369069559668	

	
    Current index:	79501	
    Magnitude of W_grad:	5.4222222222222	
    Magnitude of W:	45730.040351966	
    Magnitude of B_grad:	0.41481481481481	
    Magnitude of b:	4.0903212001322	

	
SGD: Hinge Loss is	
134208.45873489	
SGD: Validation Accuracy is:	
0.32243415077203	
SGD: Magnitude of W:	
45730.040351966	
SGD: Magnitude of b:	
4.0903212001322	
    Current index:	9501	
    Magnitude of W_grad:	8.5599999999999	
    Magnitude of W:	45706.27997746	
    Magnitude of B_grad:	0.54	
    Magnitude of b:	4.6163035038735	

	
    Current index:	19501	
    Magnitude of W_grad:	8.3239999999999	
    Magnitude of W:	45681.875690401	
    Magnitude of B_grad:	0.508	
    Magnitude of b:	4.4862125073572	

	
    Current index:	29501	
    Magnitude of W_grad:	8.0439999999999	
    Magnitude of W:	45660.011581362	
    Magnitude of B_grad:	0.568	
    Magnitude of b:	4.8920636960112	

	
    Current index:	39501	
    Magnitude of W_grad:	9.9639999999999	
    Magnitude of W:	45636.392816794	
    Magnitude of B_grad:	0.652	
    Magnitude of b:	5.2337844083737	

	
    Current index:	49501	
    Magnitude of W_grad:	7.1999999999998	
    Magnitude of W:	45607.810294406	
    Magnitude of B_grad:	0.472	
    Magnitude of b:	4.9115805949665	

	
    Current index:	59501	
    Magnitude of W_grad:	7.9279999999998	
    Magnitude of W:	45587.706700778	
    Magnitude of B_grad:	0.352	
    Magnitude of b:	4.7893688397781	

	
    Current index:	69501	
    Magnitude of W_grad:	5.6279999999998	
    Magnitude of W:	45564.365300663	
    Magnitude of B_grad:	0.192	
    Magnitude of b:	4.3400920348943	

	
    Current index:	79501	
    Magnitude of W_grad:	6.2814814814814	
    Magnitude of W:	45543.046541261	
    Magnitude of B_grad:	0.59259259259259	
    Magnitude of b:	3.9792064804733	

	
SGD: Hinge Loss is	
135970.24290587	
SGD: Validation Accuracy is:	
0.33605812897366	
SGD: Magnitude of W:	
45543.046541261	
SGD: Magnitude of b:	
3.9792064804733	
    Current index:	9501	
    Magnitude of W_grad:	9.7279999999999	
    Magnitude of W:	45520.763261682	
    Magnitude of B_grad:	0.548	
    Magnitude of b:	4.6331250579709	

	
    Current index:	19501	
    Magnitude of W_grad:	7.2119999999998	
    Magnitude of W:	45498.515894641	
    Magnitude of B_grad:	0.432	
    Magnitude of b:	4.4949468693895	

	
    Current index:	29501	
    Magnitude of W_grad:	8.6839999999999	
    Magnitude of W:	45476.982482572	
    Magnitude of B_grad:	0.648	
    Magnitude of b:	4.5407840368311	

	
    Current index:	39501	
    Magnitude of W_grad:	9.6679999999999	
    Magnitude of W:	45453.51985975	
    Magnitude of B_grad:	0.672	
    Magnitude of b:	3.9076712934607	

	
    Current index:	49501	
    Magnitude of W_grad:	8.3519999999999	
    Magnitude of W:	45424.622624837	
    Magnitude of B_grad:	0.592	
    Magnitude of b:	4.0207354229197	

	
    Current index:	59501	
    Magnitude of W_grad:	8.4599999999999	
    Magnitude of W:	45399.84568121	
    Magnitude of B_grad:	0.572	
    Magnitude of b:	4.3274397500315	

	
    Current index:	69501	
    Magnitude of W_grad:	9.14	
    Magnitude of W:	45377.311434888	
    Magnitude of B_grad:	0.66	
    Magnitude of b:	4.4932338875999	

	
    Current index:	79501	
    Magnitude of W_grad:	4.4592592592592	
    Magnitude of W:	45350.054401555	
    Magnitude of B_grad:	0.28148148148148	
    Magnitude of b:	4.0473211687783	

	
SGD: Hinge Loss is	
130098.90535675	
SGD: Validation Accuracy is:	
0.31607629427793	
SGD: Magnitude of W:	
45350.054401555	
SGD: Magnitude of b:	
4.0473211687783	
    Current index:	9501	
    Magnitude of W_grad:	8.4439999999999	
    Magnitude of W:	45325.795201124	
    Magnitude of B_grad:	0.508	
    Magnitude of b:	4.5653164281183	

	
    Current index:	19501	
    Magnitude of W_grad:	7.6799999999998	
    Magnitude of W:	45302.017656932	
    Magnitude of B_grad:	0.48	
    Magnitude of b:	4.3952337612559	

	
    Current index:	29501	
    Magnitude of W_grad:	8.4199999999999	
    Magnitude of W:	45280.913217077	
    Magnitude of B_grad:	0.636	
    Magnitude of b:	4.8971079401594	

	
    Current index:	39501	
    Magnitude of W_grad:	10.08	
    Magnitude of W:	45256.254639667	
    Magnitude of B_grad:	0.672	
    Magnitude of b:	5.1348608726066	

	
    Current index:	49501	
    Magnitude of W_grad:	7.3559999999998	
    Magnitude of W:	45228.285862518	
    Magnitude of B_grad:	0.492	
    Magnitude of b:	4.9566719834223	

	
    Current index:	59501	
    Magnitude of W_grad:	8.5119999999999	
    Magnitude of W:	45208.787586262	
    Magnitude of B_grad:	0.396	
    Magnitude of b:	4.7384677146267	

	
    Current index:	69501	
    Magnitude of W_grad:	8.972	
    Magnitude of W:	45186.493259119	
    Magnitude of B_grad:	0.652	
    Magnitude of b:	4.7043547502871	

	
    Current index:	79501	
    Magnitude of W_grad:	4.4444444444444	
    Magnitude of W:	45162.782170014	
    Magnitude of B_grad:	0.14814814814815	
    Magnitude of b:	4.0319890818821	

	
SGD: Hinge Loss is	
128874.68602379	
SGD: Validation Accuracy is:	
0.33787465940054	
SGD: Magnitude of W:	
45162.782170014	
SGD: Magnitude of b:	
4.0319890818821	
    Current index:	9501	
    Magnitude of W_grad:	8.8799999999999	
    Magnitude of W:	45135.650487961	
    Magnitude of B_grad:	0.46	
    Magnitude of b:	4.6625843512745	

	
    Current index:	19501	
    Magnitude of W_grad:	7.9479999999999	
    Magnitude of W:	45114.268669696	
    Magnitude of B_grad:	0.472	
    Magnitude of b:	4.5323992052284	

	
    Current index:	29501	
    Magnitude of W_grad:	9.4759999999999	
    Magnitude of W:	45092.039738118	
    Magnitude of B_grad:	0.688	
    Magnitude of b:	4.554217962796	

	
    Current index:	39501	
    Magnitude of W_grad:	8.7279999999998	
    Magnitude of W:	45067.829822554	
    Magnitude of B_grad:	0.584	
    Magnitude of b:	3.9895572178245	

	
    Current index:	49501	
    Magnitude of W_grad:	6.5199999999998	
    Magnitude of W:	45040.021277515	
    Magnitude of B_grad:	0.432	
    Magnitude of b:	4.0039200485831	

	
    Current index:	59501	
    Magnitude of W_grad:	8.5319999999999	
    Magnitude of W:	45017.022700896	
    Magnitude of B_grad:	0.54	
    Magnitude of b:	4.2493492866148	

	
    Current index:	69501	
    Magnitude of W_grad:	8.3839999999999	
    Magnitude of W:	44994.051221682	
    Magnitude of B_grad:	0.56	
    Magnitude of b:	4.407182439045	

	
    Current index:	79501	
    Magnitude of W_grad:	5.1555555555555	
    Magnitude of W:	44971.064224985	
    Magnitude of B_grad:	0.5037037037037	
    Magnitude of b:	3.8426043786454	

	
Done.	
Testing on validation set...	
Done	
Datafile:	/n/home09/ankitgupta/CS287/HW1/SST1-uni.hdf5	Classifier:	hinge	Alpha:	0	Eta:	2	Lambda:	1	Minibatch size:	500	Num Epochs:	50	Minimum Sentence Length:	5	
Accuracy:	0.34059945504087	
