[?1034hDatafile:	/n/home09/ankitgupta/CS287/HW1/SST1-uni.hdf5	Classifier:	lr	Alpha:	0	Eta:	2	Lambda:	1	Minibatch size:	500	Num Epochs:	50	Minimum Sentence Length:	5	
Note that not all parameters may apply to all classifiers	
Loading datafiles...	
Number of training samples before removing small sentences	156817	
Number of training samples after removing small sentences	79635	
Done.	
Training classifier...	
SGD: Loss is	
	LOSS:Calculated softmax res	
464218.63648912	
SGD: crossEntropyLoss is	
464218.63648912	
SGD: Validation Accuracy is:	
0.19073569482289	
SGD: Magnitude of W:	
61301.878681762	
SGD: Magnitude of b:	
1.8209954648789	
    Current index:	9501	
    Magnitude of W_grad:	10.223611090686	
    Magnitude of W:	61175.15498599	
    Magnitude of B_grad:	0.10609924343042	
    Magnitude of b:	6.322788892026	

	
    Current index:	19501	
    Magnitude of W_grad:	9.2093280527101	
    Magnitude of W:	61074.583313199	
    Magnitude of B_grad:	0.23994964745746	
    Magnitude of b:	6.3166910241923	

	
    Current index:	29501	
    Magnitude of W_grad:	8.958261503249	
    Magnitude of W:	60979.64884634	
    Magnitude of B_grad:	0.20099268806889	
    Magnitude of b:	7.5595057920191	

	
    Current index:	39501	
    Magnitude of W_grad:	14.19271786987	
    Magnitude of W:	60886.463632141	
    Magnitude of B_grad:	0.86244989302784	
    Magnitude of b:	6.6872015752192	

	
    Current index:	49501	
    Magnitude of W_grad:	9.1217808550785	
    Magnitude of W:	60783.583672142	
    Magnitude of B_grad:	0.14755782552601	
    Magnitude of b:	6.2099389366114	

	
    Current index:	59501	
    Magnitude of W_grad:	8.9262115090038	
    Magnitude of W:	60687.473141525	
    Magnitude of B_grad:	0.055781968093772	
    Magnitude of b:	6.532884118555	

	
    Current index:	69501	
    Magnitude of W_grad:	8.5529117576407	
    Magnitude of W:	60596.850630013	
    Magnitude of B_grad:	0.097509282150668	
    Magnitude of b:	6.7949629832899	

	
    Current index:	79501	
    Magnitude of W_grad:	15.828020064828	
    Magnitude of W:	60500.707140025	
    Magnitude of B_grad:	0.8104388790017	
    Magnitude of b:	5.1314742492588	

	
SGD: Loss is	
	LOSS:Calculated softmax res	
260459.75585719	
SGD: crossEntropyLoss is	
260459.75585719	
SGD: Validation Accuracy is:	
0.24341507720254	
SGD: Magnitude of W:	
60500.707140025	
SGD: Magnitude of b:	
5.1314742492588	
    Current index:	9501	
    Magnitude of W_grad:	9.2288826943756	
    Magnitude of W:	60412.825856539	
    Magnitude of B_grad:	0.087826741829163	
    Magnitude of b:	6.5509096421504	

	
    Current index:	19501	
    Magnitude of W_grad:	8.9043344797256	
    Magnitude of W:	60331.015122458	
    Magnitude of B_grad:	0.22877188720262	
    Magnitude of b:	6.3534036251303	

	
    Current index:	29501	
    Magnitude of W_grad:	8.2414588134829	
    Magnitude of W:	60250.936594731	
    Magnitude of B_grad:	0.18591561233586	
    Magnitude of b:	7.5063955032229	

	
    Current index:	39501	
    Magnitude of W_grad:	13.270208097607	
    Magnitude of W:	60170.670551873	
    Magnitude of B_grad:	0.78576804887287	
    Magnitude of b:	6.974987487543	

	
    Current index:	49501	
    Magnitude of W_grad:	7.9718339781084	
    Magnitude of W:	60083.590856234	
    Magnitude of B_grad:	0.092522968185484	
    Magnitude of b:	6.6118332004776	

	
    Current index:	59501	
    Magnitude of W_grad:	7.9855879415889	
    Magnitude of W:	60000.756966983	
    Magnitude of B_grad:	0.0406358919874	
    Magnitude of b:	6.7983470237443	

	
    Current index:	69501	
    Magnitude of W_grad:	8.2138571324173	
    Magnitude of W:	59922.172689533	
    Magnitude of B_grad:	0.096589137676859	
    Magnitude of b:	6.7832260556472	

	
    Current index:	79501	
    Magnitude of W_grad:	15.374968403581	
    Magnitude of W:	59838.729241385	
    Magnitude of B_grad:	0.73530442463598	
    Magnitude of b:	5.2881402195735	

	
SGD: Loss is	
	LOSS:Calculated softmax res	
235518.09599451	
SGD: crossEntropyLoss is	
235518.09599451	
SGD: Validation Accuracy is:	
0.25976385104451	
SGD: Magnitude of W:	
59838.729241385	
SGD: Magnitude of b:	
5.2881402195735	
    Current index:	9501	
    Magnitude of W_grad:	8.9120117385419	
    Magnitude of W:	59762.307477343	
    Magnitude of B_grad:	0.12627128267598	
    Magnitude of b:	6.5367849205585	

	
    Current index:	19501	
    Magnitude of W_grad:	8.3174742653945	
    Magnitude of W:	59689.14627645	
    Magnitude of B_grad:	0.21288243268252	
    Magnitude of b:	6.3268558740927	

	
    Current index:	29501	
    Magnitude of W_grad:	7.7400455573957	
    Magnitude of W:	59617.617630409	
    Magnitude of B_grad:	0.17522338073664	
    Magnitude of b:	7.4271532976132	

	
    Current index:	39501	
    Magnitude of W_grad:	12.467711743863	
    Magnitude of W:	59543.998708073	
    Magnitude of B_grad:	0.73064275064779	
    Magnitude of b:	7.0220546286877	

	
    Current index:	49501	
    Magnitude of W_grad:	7.1759030737148	
    Magnitude of W:	59465.73617495	
    Magnitude of B_grad:	0.073251327467253	
    Magnitude of b:	6.6832860526352	

	
    Current index:	59501	
    Magnitude of W_grad:	7.4580650481285	
    Magnitude of W:	59390.104830996	
    Magnitude of B_grad:	0.035999471444213	
    Magnitude of b:	6.8620527505455	

	
    Current index:	69501	
    Magnitude of W_grad:	7.8922568921097	
    Magnitude of W:	59319.281201084	
    Magnitude of B_grad:	0.090307125849351	
    Magnitude of b:	6.7639130141404	

	
    Current index:	79501	
    Magnitude of W_grad:	14.541293898607	
    Magnitude of W:	59245.622550182	
    Magnitude of B_grad:	0.67460320093666	
    Magnitude of b:	5.3665807779645	

	
SGD: Loss is	
	LOSS:Calculated softmax res	
220171.08856035	
SGD: crossEntropyLoss is	
220171.08856035	
SGD: Validation Accuracy is:	
0.26702997275204	
SGD: Magnitude of W:	
59245.622550182	
SGD: Magnitude of b:	
5.3665807779645	
    Current index:	9501	
    Magnitude of W_grad:	8.5010496714999	
    Magnitude of W:	59176.34590856	
    Magnitude of B_grad:	0.14529887085157	
    Magnitude of b:	6.536454841557	

	
    Current index:	19501	
    Magnitude of W_grad:	7.8602809304362	
    Magnitude of W:	59108.594351742	
    Magnitude of B_grad:	0.19037301339554	
    Magnitude of b:	6.3639957429347	

	
    Current index:	29501	
    Magnitude of W_grad:	7.3344198108654	
    Magnitude of W:	59042.129473742	
    Magnitude of B_grad:	0.16052039601843	
    Magnitude of b:	7.370442418077	

	
    Current index:	39501	
    Magnitude of W_grad:	11.841418436691	
    Magnitude of W:	58974.284508697	
    Magnitude of B_grad:	0.68881238476169	
    Magnitude of b:	7.0497099784617	

	
    Current index:	49501	
    Magnitude of W_grad:	6.7173324629578	
    Magnitude of W:	58902.297282873	
    Magnitude of B_grad:	0.070572069243522	
    Magnitude of b:	6.7389140852901	

	
    Current index:	59501	
    Magnitude of W_grad:	7.1309348600991	
    Magnitude of W:	58833.470315851	
    Magnitude of B_grad:	0.045168923402284	
    Magnitude of b:	6.9028517892519	

	
    Current index:	69501	
    Magnitude of W_grad:	7.5646955577805	
    Magnitude of W:	58768.941397339	
    Magnitude of B_grad:	0.089974672345619	
    Magnitude of b:	6.750408946497	

	
    Current index:	79501	
    Magnitude of W_grad:	13.320990576365	
    Magnitude of W:	58702.069068204	
    Magnitude of B_grad:	0.62482914320041	
    Magnitude of b:	5.4172604463907	

	
SGD: Loss is	
	LOSS:Calculated softmax res	
209371.31061691	
SGD: crossEntropyLoss is	
209371.31061691	
SGD: Validation Accuracy is:	
0.27066303360581	
SGD: Magnitude of W:	
58702.069068204	
SGD: Magnitude of b:	
5.4172604463907	
    Current index:	9501	
    Magnitude of W_grad:	8.3488104408822	
    Magnitude of W:	58637.624860729	
    Magnitude of B_grad:	0.16434393611932	
    Magnitude of b:	6.5531306958808	

	
    Current index:	19501	
    Magnitude of W_grad:	7.4721894166847	
    Magnitude of W:	58574.772067339	
    Magnitude of B_grad:	0.17088593033876	
    Magnitude of b:	6.4285189165986	

	
    Current index:	29501	
    Magnitude of W_grad:	6.9867867124819	
    Magnitude of W:	58512.273979932	
    Magnitude of B_grad:	0.14265949098573	
    Magnitude of b:	7.3279992549477	

	
    Current index:	39501	
    Magnitude of W_grad:	11.297451191717	
    Magnitude of W:	58448.97310952	
    Magnitude of B_grad:	0.65483022954926	
    Magnitude of b:	7.0645102742022	

	
    Current index:	49501	
    Magnitude of W_grad:	6.4367848477849	
    Magnitude of W:	58382.761251948	
    Magnitude of B_grad:	0.074837801605612	
    Magnitude of b:	6.77755488647	

	
    Current index:	59501	
    Magnitude of W_grad:	6.9035398736454	
    Magnitude of W:	58318.662167509	
    Magnitude of B_grad:	0.052262073122202	
    Magnitude of b:	6.9274409294738	

	
    Current index:	69501	
    Magnitude of W_grad:	7.2857533070963	
    Magnitude of W:	58257.780167047	
    Magnitude of B_grad:	0.09184933947221	
    Magnitude of b:	6.7757094219794	

	
    Current index:	79501	
    Magnitude of W_grad:	12.009708691252	
    Magnitude of W:	58196.046932427	
    Magnitude of B_grad:	0.58496584343496	
    Magnitude of b:	5.4526972864953	

	
SGD: Loss is	
	LOSS:Calculated softmax res	
201129.80159942	
SGD: crossEntropyLoss is	
201129.80159942	
SGD: Validation Accuracy is:	
0.26339691189827	
SGD: Magnitude of W:	
58196.046932427	
SGD: Magnitude of b:	
5.4526972864953	
    Current index:	9501	
    Magnitude of W_grad:	8.2347375339878	
    Magnitude of W:	58136.614137389	
    Magnitude of B_grad:	0.17820955643955	
    Magnitude of b:	6.5592426045057	

	
    Current index:	19501	
    Magnitude of W_grad:	7.1539032537729	
    Magnitude of W:	58077.02652048	
    Magnitude of B_grad:	0.15554288646592	
    Magnitude of b:	6.4750135746368	

	
    Current index:	29501	
    Magnitude of W_grad:	6.6870189048997	
    Magnitude of W:	58018.695533864	
    Magnitude of B_grad:	0.12470650912324	
    Magnitude of b:	7.2919432732751	

	
    Current index:	39501	
    Magnitude of W_grad:	10.820422137305	
    Magnitude of W:	57959.033657698	
    Magnitude of B_grad:	0.62619921440895	
    Magnitude of b:	7.0669581530462	

	
    Current index:	49501	
    Magnitude of W_grad:	6.208433649617	
    Magnitude of W:	57896.922422537	
    Magnitude of B_grad:	0.079068277218943	
    Magnitude of b:	6.7954896594926	

	
    Current index:	59501	
    Magnitude of W_grad:	6.7188496332774	
    Magnitude of W:	57836.32052904	
    Magnitude of B_grad:	0.058983179212324	
    Magnitude of b:	6.9400455006007	

	
    Current index:	69501	
    Magnitude of W_grad:	7.0423600195374	
    Magnitude of W:	57779.113261254	
    Magnitude of B_grad:	0.093319969308436	
    Magnitude of b:	6.7881342241656	

	
    Current index:	79501	
    Magnitude of W_grad:	10.953974165345	
    Magnitude of W:	57721.128404376	
    Magnitude of B_grad:	0.56027383637798	
    Magnitude of b:	5.501724212014	

	
SGD: Loss is	
	LOSS:Calculated softmax res	
193920.58197424	
SGD: crossEntropyLoss is	
193920.58197424	
SGD: Validation Accuracy is:	
0.2724795640327	
SGD: Magnitude of W:	
57721.128404376	
SGD: Magnitude of b:	
5.501724212014	
    Current index:	9501	
    Magnitude of W_grad:	8.0856577248586	
    Magnitude of W:	57665.106503789	
    Magnitude of B_grad:	0.18593229030478	
    Magnitude of b:	6.5461831620103	

	
    Current index:	19501	
    Magnitude of W_grad:	6.8957766155013	
    Magnitude of W:	57608.485645215	
    Magnitude of B_grad:	0.1445307756746	
    Magnitude of b:	6.5026721331877	

	
    Current index:	29501	
    Magnitude of W_grad:	6.4194958458813	
    Magnitude of W:	57553.170735352	
    Magnitude of B_grad:	0.10854243268471	
    Magnitude of b:	7.2564748934948	

	
    Current index:	39501	
    Magnitude of W_grad:	10.418306173979	
    Magnitude of W:	57496.769015834	
    Magnitude of B_grad:	0.60247216306011	
    Magnitude of b:	7.056904613587	

	
    Current index:	49501	
    Magnitude of W_grad:	6.0186513414963	
    Magnitude of W:	57437.308970996	
    Magnitude of B_grad:	0.082059860976919	
    Magnitude of b:	6.8010197167417	

	
    Current index:	59501	
    Magnitude of W_grad:	6.5353799073763	
    Magnitude of W:	57379.135800292	
    Magnitude of B_grad:	0.06271902093467	
    Magnitude of b:	6.9425007194499	

	
    Current index:	69501	
    Magnitude of W_grad:	6.8249511817417	
    Magnitude of W:	57325.112207198	
    Magnitude of B_grad:	0.093668330383185	
    Magnitude of b:	6.7933481863493	

	
    Current index:	79501	
    Magnitude of W_grad:	10.148703612307	
    Magnitude of W:	57269.849471009	
    Magnitude of B_grad:	0.53745412910109	
    Magnitude of b:	5.5649021431609	

	
SGD: Loss is	
	LOSS:Calculated softmax res	
187459.93081233	
SGD: crossEntropyLoss is	
187459.93081233	
SGD: Validation Accuracy is:	
0.28428701180745	
SGD: Magnitude of W:	
57269.849471009	
SGD: Magnitude of b:	
5.5649021431609	
    Current index:	9501	
    Magnitude of W_grad:	7.9084001294871	
    Magnitude of W:	57216.65643683	
    Magnitude of B_grad:	0.18933150994472	
    Magnitude of b:	6.5264615899248	

	
    Current index:	19501	
    Magnitude of W_grad:	6.674879300216	
    Magnitude of W:	57162.555719704	
    Magnitude of B_grad:	0.13733229986229	
    Magnitude of b:	6.5183054087995	

	
    Current index:	29501	
    Magnitude of W_grad:	6.1742901925955	
    Magnitude of W:	57109.336577895	
    Magnitude of B_grad:	0.094769555511433	
    Magnitude of b:	7.2199749169923	

	
    Current index:	39501	
    Magnitude of W_grad:	10.076224025829	
    Magnitude of W:	57055.322440293	
    Magnitude of B_grad:	0.58296845746498	
    Magnitude of b:	7.038328263125	

	
    Current index:	49501	
    Magnitude of W_grad:	5.8519250310482	
    Magnitude of W:	56999.082537966	
    Magnitude of B_grad:	0.083896305514972	
    Magnitude of b:	6.8005672532106	

	
    Current index:	59501	
    Magnitude of W_grad:	6.3563908430079	
    Magnitude of W:	56943.158589685	
    Magnitude of B_grad:	0.063112993971422	
    Magnitude of b:	6.937643961184	

	
    Current index:	69501	
    Magnitude of W_grad:	6.6218088886454	
    Magnitude of W:	56891.906715917	
    Magnitude of B_grad:	0.093216632104032	
    Magnitude of b:	6.7938894864453	

	
    Current index:	79501	
    Magnitude of W_grad:	9.4342783037534	
    Magnitude of W:	56839.07677315	
    Magnitude of B_grad:	0.50907601129238	
    Magnitude of b:	5.6345281351267	

	
SGD: Loss is	
	LOSS:Calculated softmax res	
181854.62787753	
SGD: crossEntropyLoss is	
181854.62787753	
SGD: Validation Accuracy is:	
0.28519527702089	
SGD: Magnitude of W:	
56839.07677315	
SGD: Magnitude of b:	
5.6345281351267	
    Current index:	9501	
    Magnitude of W_grad:	7.7101972424634	
    Magnitude of W:	56788.369328255	
    Magnitude of B_grad:	0.18958615057043	
    Magnitude of b:	6.5088461575973	

	
    Current index:	19501	
    Magnitude of W_grad:	6.4764729147724	
    Magnitude of W:	56736.78504159	
    Magnitude of B_grad:	0.13279863751954	
    Magnitude of b:	6.5277528401197	

	
    Current index:	29501	
    Magnitude of W_grad:	5.9508144913563	
    Magnitude of W:	56685.514055016	
    Magnitude of B_grad:	0.083516478529244	
    Magnitude of b:	7.184273470391	

	
    Current index:	39501	
    Magnitude of W_grad:	9.7762049438126	
    Magnitude of W:	56633.587827392	
    Magnitude of B_grad:	0.56667112514122	
    Magnitude of b:	7.0166147547158	

	
    Current index:	49501	
    Magnitude of W_grad:	5.7069042155219	
    Magnitude of W:	56580.010362046	
    Magnitude of B_grad:	0.084908802821023	
    Magnitude of b:	6.7980301176892	

	
    Current index:	59501	
    Magnitude of W_grad:	6.1827824053866	
    Magnitude of W:	56526.682742441	
    Magnitude of B_grad:	0.064408537478281	
    Magnitude of b:	6.9297915639902	

	
    Current index:	69501	
    Magnitude of W_grad:	6.4337405558818	
    Magnitude of W:	56477.538202309	
    Magnitude of B_grad:	0.092344315361042	
    Magnitude of b:	6.7924553300177	

	
    Current index:	79501	
    Magnitude of W_grad:	8.7212060489654	
    Magnitude of W:	56427.284621432	
    Magnitude of B_grad:	0.47759327297995	
    Magnitude of b:	5.7079509759046	

	
SGD: Loss is	
	LOSS:Calculated softmax res	
177053.1330869	
SGD: crossEntropyLoss is	
177053.1330869	
SGD: Validation Accuracy is:	
0.28337874659401	
SGD: Magnitude of W:	
56427.284621432	
SGD: Magnitude of b:	
5.7079509759046	
    Current index:	9501	
    Magnitude of W_grad:	7.4968175728341	
    Magnitude of W:	56378.633252186	
    Magnitude of B_grad:	0.18767399992268	
    Magnitude of b:	6.4941258700769	

	
    Current index:	19501	
    Magnitude of W_grad:	6.2917204896368	
    Magnitude of W:	56328.994450472	
    Magnitude of B_grad:	0.12977118768349	
    Magnitude of b:	6.5345818849956	

	
    Current index:	29501	
    Magnitude of W_grad:	5.7413228373284	
    Magnitude of W:	56279.679743321	
    Magnitude of B_grad:	0.074373092392592	
    Magnitude of b:	7.1568671921612	

	
    Current index:	39501	
    Magnitude of W_grad:	9.5122180266033	
    Magnitude of W:	56229.831134116	
    Magnitude of B_grad:	0.55275256820319	
    Magnitude of b:	6.997651209906	

	
    Current index:	49501	
    Magnitude of W_grad:	5.5791158887712	
    Magnitude of W:	56178.599170649	
    Magnitude of B_grad:	0.085358168699621	
    Magnitude of b:	6.7964344497979	

	
    Current index:	59501	
    Magnitude of W_grad:	6.0204500548107	
    Magnitude of W:	56127.284244942	
    Magnitude of B_grad:	0.065045404555099	
    Magnitude of b:	6.9228059797919	

	
    Current index:	69501	
    Magnitude of W_grad:	6.2605666974803	
    Magnitude of W:	56079.964351037	
    Magnitude of B_grad:	0.091142976709686	
    Magnitude of b:	6.7916692185791	

	
    Current index:	79501	
    Magnitude of W_grad:	8.0310900226321	
    Magnitude of W:	56031.939688412	
    Magnitude of B_grad:	0.44553102893122	
    Magnitude of b:	5.782472528424	

	
SGD: Loss is	
	LOSS:Calculated softmax res	
172867.15247546	
SGD: crossEntropyLoss is	
172867.15247546	
SGD: Validation Accuracy is:	
0.28065395095368	
SGD: Magnitude of W:	
56031.939688412	
SGD: Magnitude of b:	
5.782472528424	
    Current index:	9501	
    Magnitude of W_grad:	7.2775085060052	
    Magnitude of W:	55984.915687516	
    Magnitude of B_grad:	0.18417832747069	
    Magnitude of b:	6.4818131686244	

	
    Current index:	19501	
    Magnitude of W_grad:	6.1239128768274	
    Magnitude of W:	55937.34674487	
    Magnitude of B_grad:	0.1274849134624	
    Magnitude of b:	6.5406907755213	

	
    Current index:	29501	
    Magnitude of W_grad:	5.5451215361293	
    Magnitude of W:	55889.699522499	
    Magnitude of B_grad:	0.06688123079253	
    Magnitude of b:	7.1380081063386	

	
    Current index:	39501	
    Magnitude of W_grad:	9.2751554119761	
    Magnitude of W:	55841.329202183	
    Magnitude of B_grad:	0.54042815389568	
    Magnitude of b:	6.9833952189224	

	
    Current index:	49501	
    Magnitude of W_grad:	5.4636816041782	
    Magnitude of W:	55792.00566303	
    Magnitude of B_grad:	0.085458825254981	
    Magnitude of b:	6.7963581232221	

	
    Current index:	59501	
    Magnitude of W_grad:	5.8665836620492	
    Magnitude of W:	55742.420830177	
    Magnitude of B_grad:	0.065255167096718	
    Magnitude of b:	6.9180200388032	

	
    Current index:	69501	
    Magnitude of W_grad:	6.0949347974255	
    Magnitude of W:	55696.85846876	
    Magnitude of B_grad:	0.089515668069824	
    Magnitude of b:	6.7924610313579	

	
    Current index:	79501	
    Magnitude of W_grad:	7.4052089864752	
    Magnitude of W:	55650.747010237	
    Magnitude of B_grad:	0.41515044268559	
    Magnitude of b:	5.8542470513878	

	
SGD: Loss is	
	LOSS:Calculated softmax res	
169126.1974165	
SGD: crossEntropyLoss is	
169126.1974165	
SGD: Validation Accuracy is:	
0.28337874659401	
SGD: Magnitude of W:	
55650.747010237	
SGD: Magnitude of b:	
5.8542470513878	
    Current index:	9501	
    Magnitude of W_grad:	7.0562529685104	
    Magnitude of W:	55605.356686462	
    Magnitude of B_grad:	0.17945431677033	
    Magnitude of b:	6.470936403365	

	
    Current index:	19501	
    Magnitude of W_grad:	5.9706382473698	
    Magnitude of W:	55559.406475881	
    Magnitude of B_grad:	0.12552189051079	
    Magnitude of b:	6.5465697037305	

	
    Current index:	29501	
    Magnitude of W_grad:	5.3681944262758	
    Magnitude of W:	55513.186936689	
    Magnitude of B_grad:	0.060787441784988	
    Magnitude of b:	7.1233802902673	

	
    Current index:	39501	
    Magnitude of W_grad:	9.0535233429016	
    Magnitude of W:	55466.259669336	
    Magnitude of B_grad:	0.5290050723516	
    Magnitude of b:	6.9730136862893	

	
    Current index:	49501	
    Magnitude of W_grad:	5.3545789435972	
    Magnitude of W:	55418.867978192	
    Magnitude of B_grad:	0.085351433494634	
    Magnitude of b:	6.7969060709375	

	
    Current index:	59501	
    Magnitude of W_grad:	5.7219644321782	
    Magnitude of W:	55371.017372209	
    Magnitude of B_grad:	0.065202546904491	
    Magnitude of b:	6.9150506401275	

	
    Current index:	69501	
    Magnitude of W_grad:	5.9349875004751	
    Magnitude of W:	55327.142912733	
    Magnitude of B_grad:	0.088238760315039	
    Magnitude of b:	6.794488549468	

	
    Current index:	79501	
    Magnitude of W_grad:	6.8543019237973	
    Magnitude of W:	55282.784468466	
    Magnitude of B_grad:	0.38762341867259	
    Magnitude of b:	5.9203619382014	

	
SGD: Loss is	
	LOSS:Calculated softmax res	
165729.63286214	
SGD: crossEntropyLoss is	
165729.63286214	
SGD: Validation Accuracy is:	
0.28428701180745	
SGD: Magnitude of W:	
55282.784468466	
SGD: Magnitude of b:	
5.9203619382014	
    Current index:	9501	
    Magnitude of W_grad:	6.8387426852976	
    Magnitude of W:	55239.044122465	
    Magnitude of B_grad:	0.17387306821309	
    Magnitude of b:	6.4605287715166	

	
    Current index:	19501	
    Magnitude of W_grad:	5.8262214842378	
    Magnitude of W:	55194.556537061	
    Magnitude of B_grad:	0.12364762220689	
    Magnitude of b:	6.5517521360378	

	
    Current index:	29501	
    Magnitude of W_grad:	5.2096753679398	
    Magnitude of W:	55149.838054185	
    Magnitude of B_grad:	0.056059946804813	
    Magnitude of b:	7.1101841309202	

	
    Current index:	39501	
    Magnitude of W_grad:	8.8428297765131	
    Magnitude of W:	55104.123202751	
    Magnitude of B_grad:	0.51805309026599	
    Magnitude of b:	6.9651265435504	

	
    Current index:	49501	
    Magnitude of W_grad:	5.2510404226737	
    Magnitude of W:	55058.366952977	
    Magnitude of B_grad:	0.085080600719199	
    Magnitude of b:	6.7970847758124	

	
    Current index:	59501	
    Magnitude of W_grad:	5.5865763475138	
    Magnitude of W:	55012.203702072	
    Magnitude of B_grad:	0.065002146686693	
    Magnitude of b:	6.9131071580259	

	
    Current index:	69501	
    Magnitude of W_grad:	5.7792922333249	
    Magnitude of W:	54969.469243358	
    Magnitude of B_grad:	0.086872253733513	
    Magnitude of b:	6.7970345028501	

	
    Current index:	79501	
    Magnitude of W_grad:	6.3784455833273	
    Magnitude of W:	54926.717624935	
    Magnitude of B_grad:	0.36363359132569	
    Magnitude of b:	5.9786121694945	

	
SGD: Loss is	
	LOSS:Calculated softmax res	
162613.89640298	
SGD: crossEntropyLoss is	
162613.89640298	
SGD: Validation Accuracy is:	
0.28519527702089	
SGD: Magnitude of W:	
54926.717624935	
SGD: Magnitude of b:	
5.9786121694945	
    Current index:	9501	
    Magnitude of W_grad:	6.6278636784478	
    Magnitude of W:	54884.223973486	
    Magnitude of B_grad:	0.16777598490001	
    Magnitude of b:	6.450170928132	

	
    Current index:	19501	
    Magnitude of W_grad:	5.694117440358	
    Magnitude of W:	54841.186665495	
    Magnitude of B_grad:	0.12173938603333	
    Magnitude of b:	6.5558847142411	

	
    Current index:	29501	
    Magnitude of W_grad:	5.071297867793	
    Magnitude of W:	54798.07070923	
    Magnitude of B_grad:	0.052353160210976	
    Magnitude of b:	7.0971771795873	

	
    Current index:	39501	
    Magnitude of W_grad:	8.6417400206659	
    Magnitude of W:	54753.222400045	
    Magnitude of B_grad:	0.50737328940602	
    Magnitude of b:	6.9586302445433	

	
    Current index:	49501	
    Magnitude of W_grad:	5.1507376128053	
    Magnitude of W:	54709.024044737	
    Magnitude of B_grad:	0.084652003865002	
    Magnitude of b:	6.7963192996152	

	
    Current index:	59501	
    Magnitude of W_grad:	5.4601131237673	
    Magnitude of W:	54664.39187585	
    Magnitude of B_grad:	0.064725295787358	
    Magnitude of b:	6.911542526431	

	
    Current index:	69501	
    Magnitude of W_grad:	5.6313128925878	
    Magnitude of W:	54622.988059243	
    Magnitude of B_grad:	0.085121334685565	
    Magnitude of b:	6.7994778686774	

	
    Current index:	79501	
    Magnitude of W_grad:	5.9722220554018	
    Magnitude of W:	54581.744152978	
    Magnitude of B_grad:	0.34337695498808	
    Magnitude of b:	6.0280375101229	

	
SGD: Loss is	
	LOSS:Calculated softmax res	
159734.23570097	
SGD: crossEntropyLoss is	
159734.23570097	
SGD: Validation Accuracy is:	
0.28701180744777	
SGD: Magnitude of W:	
54581.744152978	
SGD: Magnitude of b:	
6.0280375101229	
    Current index:	9501	
    Magnitude of W_grad:	6.4272820025305	
    Magnitude of W:	54540.432244689	
    Magnitude of B_grad:	0.16139720594396	
    Magnitude of b:	6.4398440665858	

	
    Current index:	19501	
    Magnitude of W_grad:	5.5675714389145	
    Magnitude of W:	54498.550243431	
    Magnitude of B_grad:	0.11975466894754	
    Magnitude of b:	6.5589751679752	

	
    Current index:	29501	
    Magnitude of W_grad:	4.9558587053422	
    Magnitude of W:	54456.89761809	
    Magnitude of B_grad:	0.049272166343008	
    Magnitude of b:	7.0839170958194	

	
    Current index:	39501	
    Magnitude of W_grad:	8.4494240871196	
    Magnitude of W:	54413.45079954	
    Magnitude of B_grad:	0.49689811568358	
    Magnitude of b:	6.9528657232171	

	
    Current index:	49501	
    Magnitude of W_grad:	5.0557349746854	
    Magnitude of W:	54370.346510939	
    Magnitude of B_grad:	0.084074100353705	
    Magnitude of b:	6.7944682450741	

	
    Current index:	59501	
    Magnitude of W_grad:	5.3463740221638	
    Magnitude of W:	54326.996136554	
    Magnitude of B_grad:	0.064413392639088	
    Magnitude of b:	6.9099879199329	

	
    Current index:	69501	
    Magnitude of W_grad:	5.4901642563633	
    Magnitude of W:	54286.71636293	
    Magnitude of B_grad:	0.083188964061008	
    Magnitude of b:	6.8015053400383	

	
    Current index:	79501	
    Magnitude of W_grad:	5.6231285895681	
    Magnitude of W:	54246.622811372	
    Magnitude of B_grad:	0.32650399853065	
    Magnitude of b:	6.0691671122332	

	
SGD: Loss is	
	LOSS:Calculated softmax res	
157060.4244209	
SGD: crossEntropyLoss is	
157060.4244209	
SGD: Validation Accuracy is:	
0.29064486830154	
SGD: Magnitude of W:	
54246.622811372	
SGD: Magnitude of b:	
6.0691671122332	
    Current index:	9501	
    Magnitude of W_grad:	6.2394724360018	
    Magnitude of W:	54206.547084838	
    Magnitude of B_grad:	0.15487849488169	
    Magnitude of b:	6.4296999117542	

	
    Current index:	19501	
    Magnitude of W_grad:	5.4458157812252	
    Magnitude of W:	54165.767020747	
    Magnitude of B_grad:	0.11770311561579	
    Magnitude of b:	6.5611971975458	

	
    Current index:	29501	
    Magnitude of W_grad:	4.8538433560967	
    Magnitude of W:	54125.14211413	
    Magnitude of B_grad:	0.046655754546178	
    Magnitude of b:	7.0703252962141	

	
    Current index:	39501	
    Magnitude of W_grad:	8.272166428524	
    Magnitude of W:	54082.972942726	
    Magnitude of B_grad:	0.48661388823988	
    Magnitude of b:	6.9475129593194	

	
    Current index:	49501	
    Magnitude of W_grad:	4.9669090955296	
    Magnitude of W:	54040.932763255	
    Magnitude of B_grad:	0.083373058572371	
    Magnitude of b:	6.7916420682612	

	
    Current index:	59501	
    Magnitude of W_grad:	5.2444803813368	
    Magnitude of W:	53998.604834797	
    Magnitude of B_grad:	0.064090681197977	
    Magnitude of b:	6.9083130522596	

	
    Current index:	69501	
    Magnitude of W_grad:	5.3571448971417	
    Magnitude of W:	53959.364775279	
    Magnitude of B_grad:	0.081255301129892	
    Magnitude of b:	6.8030931178198	

	
    Current index:	79501	
    Magnitude of W_grad:	5.3220301355231	
    Magnitude of W:	53920.380950333	
    Magnitude of B_grad:	0.31240720729396	
    Magnitude of b:	6.1033234044132	

	
SGD: Loss is	
	LOSS:Calculated softmax res	
154570.43891164	
SGD: crossEntropyLoss is	
154570.43891164	
SGD: Validation Accuracy is:	
0.29336966394187	
SGD: Magnitude of W:	
53920.380950333	
SGD: Magnitude of b:	
6.1033234044132	
    Current index:	9501	
    Magnitude of W_grad:	6.0677928185996	
    Magnitude of W:	53881.551828963	
    Magnitude of B_grad:	0.14832521069687	
    Magnitude of b:	6.4199267238104	

	
    Current index:	19501	
    Magnitude of W_grad:	5.3287573591296	
    Magnitude of W:	53841.643314152	
    Magnitude of B_grad:	0.11561980978704	
    Magnitude of b:	6.5627385771077	

	
    Current index:	29501	
    Magnitude of W_grad:	4.7599190978055	
    Magnitude of W:	53802.125435223	
    Magnitude of B_grad:	0.044400952990877	
    Magnitude of b:	7.056462507949	

	
    Current index:	39501	
    Magnitude of W_grad:	8.1065657031102	
    Magnitude of W:	53760.943530837	
    Magnitude of B_grad:	0.47652118618263	
    Magnitude of b:	6.942446297217	

	
    Current index:	49501	
    Magnitude of W_grad:	4.883129084088	
    Magnitude of W:	53720.042903937	
    Magnitude of B_grad:	0.082591404281985	
    Magnitude of b:	6.7880394492136	

	
    Current index:	59501	
    Magnitude of W_grad:	5.1485252129917	
    Magnitude of W:	53679.026273495	
    Magnitude of B_grad:	0.063771527500384	
    Magnitude of b:	6.9065406953413	

	
    Current index:	69501	
    Magnitude of W_grad:	5.233972213263	
    Magnitude of W:	53640.717927088	
    Magnitude of B_grad:	0.079429366337053	
    Magnitude of b:	6.8043324176627	

	
    Current index:	79501	
    Magnitude of W_grad:	5.054126458056	
    Magnitude of W:	53603.051333943	
    Magnitude of B_grad:	0.30047331663471	
    Magnitude of b:	6.131940038365	

	
SGD: Loss is	
	LOSS:Calculated softmax res	
152245.06879568	
SGD: crossEntropyLoss is	
152245.06879568	
SGD: Validation Accuracy is:	
0.29518619436876	
SGD: Magnitude of W:	
53603.051333943	
SGD: Magnitude of b:	
6.131940038365	
    Current index:	9501	
    Magnitude of W_grad:	5.9142813259075	
    Magnitude of W:	53565.377220226	
    Magnitude of B_grad:	0.14184060077664	
    Magnitude of b:	6.4106737139591	

	
    Current index:	19501	
    Magnitude of W_grad:	5.2157667780912	
    Magnitude of W:	53526.381301673	
    Magnitude of B_grad:	0.11354541563835	
    Magnitude of b:	6.5637441024762	

	
    Current index:	29501	
    Magnitude of W_grad:	4.6731785488761	
    Magnitude of W:	53487.758558595	
    Magnitude of B_grad:	0.045269433291706	
    Magnitude of b:	7.0424169312288	

	
    Current index:	39501	
    Magnitude of W_grad:	7.9483651429017	
    Magnitude of W:	53447.249646345	
    Magnitude of B_grad:	0.4666224018517	
    Magnitude of b:	6.9376318737165	

	
    Current index:	49501	
    Magnitude of W_grad:	4.8076072253698	
    Magnitude of W:	53407.424881678	
    Magnitude of B_grad:	0.08177546160223	
    Magnitude of b:	6.7838581351084	

	
    Current index:	59501	
    Magnitude of W_grad:	5.0564550749391	
    Magnitude of W:	53367.703876566	
    Magnitude of B_grad:	0.063464241876802	
    Magnitude of b:	6.9047586684764	

	
    Current index:	69501	
    Magnitude of W_grad:	5.1178260211156	
    Magnitude of W:	53330.159090503	
    Magnitude of B_grad:	0.077756188456605	
    Magnitude of b:	6.8052997194415	

	
    Current index:	79501	
    Magnitude of W_grad:	4.8145676493938	
    Magnitude of W:	53293.629943803	
    Magnitude of B_grad:	0.29018610142165	
    Magnitude of b:	6.1562500986882	

	
SGD: Loss is	
	LOSS:Calculated softmax res	
150066.12741339	
SGD: crossEntropyLoss is	
150066.12741339	
SGD: Validation Accuracy is:	
0.29972752043597	
SGD: Magnitude of W:	
53293.629943803	
SGD: Magnitude of b:	
6.1562500986882	
    Current index:	9501	
    Magnitude of W_grad:	5.7737051556865	
    Magnitude of W:	53257.088959946	
    Magnitude of B_grad:	0.13552938730458	
    Magnitude of b:	6.4020256838732	

	
    Current index:	19501	
    Magnitude of W_grad:	5.106721051486	
    Magnitude of W:	53218.849653174	
    Magnitude of B_grad:	0.11151500734241	
    Magnitude of b:	6.564313556683	

	
    Current index:	29501	
    Magnitude of W_grad:	4.5917372188005	
    Magnitude of W:	53181.119347269	
    Magnitude of B_grad:	0.047064164730032	
    Magnitude of b:	7.028259768368	

	
    Current index:	39501	
    Magnitude of W_grad:	7.7970875573756	
    Magnitude of W:	53141.639674744	
    Magnitude of B_grad:	0.45691982298814	
    Magnitude of b:	6.93306835822	

	
    Current index:	49501	
    Magnitude of W_grad:	4.7393366393045	
    Magnitude of W:	53102.808358456	
    Magnitude of B_grad:	0.080962028898761	
    Magnitude of b:	6.7792616914393	

	
    Current index:	59501	
    Magnitude of W_grad:	4.9692030391995	
    Magnitude of W:	53064.006018435	
    Magnitude of B_grad:	0.063173230846652	
    Magnitude of b:	6.9030479951409	

	
    Current index:	69501	
    Magnitude of W_grad:	5.0095578593323	
    Magnitude of W:	53027.417574902	
    Magnitude of B_grad:	0.076244414133997	
    Magnitude of b:	6.8060332602418	

	
    Current index:	79501	
    Magnitude of W_grad:	4.6025283563202	
    Magnitude of W:	52991.86010989	
    Magnitude of B_grad:	0.28114780724238	
    Magnitude of b:	6.1772138309686	

	
SGD: Loss is	
	LOSS:Calculated softmax res	
148017.07130758	
SGD: crossEntropyLoss is	
148017.07130758	
SGD: Validation Accuracy is:	
0.30245231607629	
SGD: Magnitude of W:	
52991.86010989	
SGD: Magnitude of b:	
6.1772138309686	
    Current index:	9501	
    Magnitude of W_grad:	5.6432113997199	
    Magnitude of W:	52956.286957275	
    Magnitude of B_grad:	0.12948657566819	
    Magnitude of b:	6.3940124858297	

	
    Current index:	19501	
    Magnitude of W_grad:	5.0048141796423	
    Magnitude of W:	52918.83625472	
    Magnitude of B_grad:	0.10955351418624	
    Magnitude of b:	6.5645195408903	

	
    Current index:	29501	
    Magnitude of W_grad:	4.5146352180166	
    Magnitude of W:	52881.871023369	
    Magnitude of B_grad:	0.048783177699778	
    Magnitude of b:	7.0140373334083	

	
    Current index:	39501	
    Magnitude of W_grad:	7.6510056539651	
    Magnitude of W:	52843.191820423	
    Magnitude of B_grad:	0.44741503394469	
    Magnitude of b:	6.9287516424124	

	
    Current index:	49501	
    Magnitude of W_grad:	4.6762862124695	
    Magnitude of W:	52805.347057591	
    Magnitude of B_grad:	0.080172198436094	
    Magnitude of b:	6.7743772502756	

	
    Current index:	59501	
    Magnitude of W_grad:	4.8863830324753	
    Magnitude of W:	52767.19196889	
    Magnitude of B_grad:	0.062900274896209	
    Magnitude of b:	6.901447290649	

	
    Current index:	69501	
    Magnitude of W_grad:	4.9080636687597	
    Magnitude of W:	52731.476671667	
    Magnitude of B_grad:	0.07488755416282	
    Magnitude of b:	6.8065456127357	

	
    Current index:	79501	
    Magnitude of W_grad:	4.4148828535603	
    Magnitude of W:	52696.79872704	
    Magnitude of B_grad:	0.27306948338492	
    Magnitude of b:	6.1955375865587	

	
SGD: Loss is	
	LOSS:Calculated softmax res	
146083.9899516	
SGD: crossEntropyLoss is	
146083.9899516	
SGD: Validation Accuracy is:	
0.30426884650318	
SGD: Magnitude of W:	
52696.79872704	
SGD: Magnitude of b:	
6.1955375865587	
    Current index:	9501	
    Magnitude of W_grad:	5.5213860231627	
    Magnitude of W:	52661.96030134	
    Magnitude of B_grad:	0.12378469615987	
    Magnitude of b:	6.3866259161548	

	
    Current index:	19501	
    Magnitude of W_grad:	4.9068979664296	
    Magnitude of W:	52625.379868016	
    Magnitude of B_grad:	0.10767509866348	
    Magnitude of b:	6.5644229428264	

	
    Current index:	29501	
    Magnitude of W_grad:	4.4434285201886	
    Magnitude of W:	52589.16015732	
    Magnitude of B_grad:	0.050401032526901	
    Magnitude of b:	6.9997761557588	

	
    Current index:	39501	
    Magnitude of W_grad:	7.5105063515297	
    Magnitude of W:	52551.504477887	
    Magnitude of B_grad:	0.43810893905816	
    Magnitude of b:	6.9246555511799	

	
    Current index:	49501	
    Magnitude of W_grad:	4.6186630777518	
    Magnitude of W:	52514.530181968	
    Magnitude of B_grad:	0.079411930072988	
    Magnitude of b:	6.7693020595716	

	
    Current index:	59501	
    Magnitude of W_grad:	4.8074571724181	
    Magnitude of W:	52477.269837207	
    Magnitude of B_grad:	0.062645393714783	
    Magnitude of b:	6.8999516430139	

	
    Current index:	69501	
    Magnitude of W_grad:	4.815606105128	
    Magnitude of W:	52442.36162422	
    Magnitude of B_grad:	0.073751801381077	
    Magnitude of b:	6.8068358537689	

	
    Current index:	79501	
    Magnitude of W_grad:	4.252573032806	
    Magnitude of W:	52408.490649168	
    Magnitude of B_grad:	0.26574953056125	
    Magnitude of b:	6.2117231171055	

	
SGD: Loss is	
	LOSS:Calculated softmax res	
144255.79633426	
SGD: crossEntropyLoss is	
144255.79633426	
SGD: Validation Accuracy is:	
0.30608537693006	
SGD: Magnitude of W:	
52408.490649168	
SGD: Magnitude of b:	
6.2117231171055	
    Current index:	9501	
    Magnitude of W_grad:	5.4111230200341	
    Magnitude of W:	52374.498344749	
    Magnitude of B_grad:	0.11981116066624	
    Magnitude of b:	6.3798321603841	

	
    Current index:	19501	
    Magnitude of W_grad:	4.8132482279467	
    Magnitude of W:	52338.754654248	
    Magnitude of B_grad:	0.10588456477205	
    Magnitude of b:	6.5640809255909	

	
    Current index:	29501	
    Magnitude of W_grad:	4.3767635219316	
    Magnitude of W:	52303.419620217	
    Magnitude of B_grad:	0.051896554127374	
    Magnitude of b:	6.9854901171858	

	
    Current index:	39501	
    Magnitude of W_grad:	7.375365391689	
    Magnitude of W:	52266.657034616	
    Magnitude of B_grad:	0.42900356621698	
    Magnitude of b:	6.92073161152	

	
    Current index:	49501	
    Magnitude of W_grad:	4.5650349098035	
    Magnitude of W:	52230.399848425	
    Magnitude of B_grad:	0.078676844028516	
    Magnitude of b:	6.7641052906449	

	
    Current index:	59501	
    Magnitude of W_grad:	4.732461536281	
    Magnitude of W:	52193.916903572	
    Magnitude of B_grad:	0.06240740922272	
    Magnitude of b:	6.8985269534919	

	
    Current index:	69501	
    Magnitude of W_grad:	4.7285980273234	
    Magnitude of W:	52159.704216234	
    Magnitude of B_grad:	0.073423803071365	
    Magnitude of b:	6.8068994783875	

	
    Current index:	79501	
    Magnitude of W_grad:	4.108071222331	
    Magnitude of W:	52126.54787068	
    Magnitude of B_grad:	0.25904948828433	
    Magnitude of b:	6.2261248023754	

	
SGD: Loss is	
	LOSS:Calculated softmax res	
142523.65464844	
SGD: crossEntropyLoss is	
142523.65464844	
SGD: Validation Accuracy is:	
0.30881017257039	
SGD: Magnitude of W:	
52126.54787068	
SGD: Magnitude of b:	
6.2261248023754	
    Current index:	9501	
    Magnitude of W_grad:	5.3094448826073	
    Magnitude of W:	52093.141756207	
    Magnitude of B_grad:	0.11693210905981	
    Magnitude of b:	6.3735803416691	

	
    Current index:	19501	
    Magnitude of W_grad:	4.7237287429829	
    Magnitude of W:	52058.06448745	
    Magnitude of B_grad:	0.10417951719706	
    Magnitude of b:	6.5635490400394	

	
    Current index:	29501	
    Magnitude of W_grad:	4.3134133207384	
    Magnitude of W:	52023.427351437	
    Magnitude of B_grad:	0.053249500112037	
    Magnitude of b:	6.9711870415891	

	
    Current index:	39501	
    Magnitude of W_grad:	7.2459741132567	
    Magnitude of W:	51987.368352345	
    Magnitude of B_grad:	0.42010415627308	
    Magnitude of b:	6.9169237077817	

	
    Current index:	49501	
    Magnitude of W_grad:	4.5150622906484	
    Magnitude of W:	51951.701595214	
    Magnitude of B_grad:	0.077958543363264	
    Magnitude of b:	6.7588282865915	

	
    Current index:	59501	
    Magnitude of W_grad:	4.6619513078649	
    Magnitude of W:	51915.9022791	
    Magnitude of B_grad:	0.062184286704557	
    Magnitude of b:	6.8971265394991	

	
    Current index:	69501	
    Magnitude of W_grad:	4.6478823416124	
    Magnitude of W:	51882.449554375	
    Magnitude of B_grad:	0.073107917532785	
    Magnitude of b:	6.8067371851604	

	
    Current index:	79501	
    Magnitude of W_grad:	3.9803473796809	
    Magnitude of W:	51849.940502265	
    Magnitude of B_grad:	0.25287291246732	
    Magnitude of b:	6.2390005995384	

	
SGD: Loss is	
	LOSS:Calculated softmax res	
140880.19967479	
SGD: crossEntropyLoss is	
140880.19967479	
SGD: Validation Accuracy is:	
0.31607629427793	
SGD: Magnitude of W:	
51849.940502265	
SGD: Magnitude of b:	
6.2390005995384	
    Current index:	9501	
    Magnitude of W_grad:	5.21571960994	
    Magnitude of W:	51817.164615948	
    Magnitude of B_grad:	0.11434327994024	
    Magnitude of b:	6.3678097168447	

	
    Current index:	19501	
    Magnitude of W_grad:	4.6368254085081	
    Magnitude of W:	51782.831583153	
    Magnitude of B_grad:	0.10255254506305	
    Magnitude of b:	6.5628796978416	

	
    Current index:	29501	
    Magnitude of W_grad:	4.2522880622635	
    Magnitude of W:	51748.91264483	
    Magnitude of B_grad:	0.054438751849468	
    Magnitude of b:	6.9568761181779	

	
    Current index:	39501	
    Magnitude of W_grad:	7.1210500302773	
    Magnitude of W:	51713.678471207	
    Magnitude of B_grad:	0.4114192109738	
    Magnitude of b:	6.9131840572403	

	
    Current index:	49501	
    Magnitude of W_grad:	4.4675559596038	
    Magnitude of W:	51678.58510871	
    Magnitude of B_grad:	0.077249467075757	
    Magnitude of b:	6.753491496303	

	
    Current index:	59501	
    Magnitude of W_grad:	4.5946852668637	
    Magnitude of W:	51643.476828273	
    Magnitude of B_grad:	0.061973392710904	
    Magnitude of b:	6.8957054483316	

	
    Current index:	69501	
    Magnitude of W_grad:	4.5722556299212	
    Magnitude of W:	51610.594008961	
    Magnitude of B_grad:	0.07280142060564	
    Magnitude of b:	6.806361215296	

	
    Current index:	79501	
    Magnitude of W_grad:	3.8675032873394	
    Magnitude of W:	51578.813666688	
    Magnitude of B_grad:	0.24715007787823	
    Magnitude of b:	6.2505491357002	

	
SGD: Loss is	
	LOSS:Calculated softmax res	
139318.94350876	
SGD: crossEntropyLoss is	
139318.94350876	
SGD: Validation Accuracy is:	
0.31607629427793	
SGD: Magnitude of W:	
51578.813666688	
SGD: Magnitude of b:	
6.2505491357002	
    Current index:	9501	
    Magnitude of W_grad:	5.1303499821613	
    Magnitude of W:	51546.759814614	
    Magnitude of B_grad:	0.11201981310841	
    Magnitude of b:	6.3624561440001	

	
    Current index:	19501	
    Magnitude of W_grad:	4.5547093971789	
    Magnitude of W:	51513.229371284	
    Magnitude of B_grad:	0.10099324247977	
    Magnitude of b:	6.5621192597383	

	
    Current index:	29501	
    Magnitude of W_grad:	4.194235067891	
    Magnitude of W:	51480.087150642	
    Magnitude of B_grad:	0.055442648332764	
    Magnitude of b:	6.946765597177	

	
    Current index:	39501	
    Magnitude of W_grad:	6.9993094921651	
    Magnitude of W:	51445.463462126	
    Magnitude of B_grad:	0.40295852299241	
    Magnitude of b:	6.909481647913	

	
    Current index:	49501	
    Magnitude of W_grad:	4.4221184439087	
    Magnitude of W:	51410.915143634	
    Magnitude of B_grad:	0.076544870494142	
    Magnitude of b:	6.7481072866527	

	
    Current index:	59501	
    Magnitude of W_grad:	4.5313493469427	
    Magnitude of W:	51376.642180011	
    Magnitude of B_grad:	0.062191681157162	
    Magnitude of b:	6.894230318136	

	
    Current index:	69501	
    Magnitude of W_grad:	4.5019703059578	
    Magnitude of W:	51344.427964819	
    Magnitude of B_grad:	0.072501115118233	
    Magnitude of b:	6.8057976854725	

	
    Current index:	79501	
    Magnitude of W_grad:	3.7662592128921	
    Magnitude of W:	51313.23673569	
    Magnitude of B_grad:	0.2418282698218	
    Magnitude of b:	6.2609328778517	

	
SGD: Loss is	
	LOSS:Calculated softmax res	
137833.95488262	
SGD: crossEntropyLoss is	
137833.95488262	
SGD: Validation Accuracy is:	
0.31789282470481	
SGD: Magnitude of W:	
51313.23673569	
SGD: Magnitude of b:	
6.2609328778517	
    Current index:	9501	
    Magnitude of W_grad:	5.0509293183188	
    Magnitude of W:	51281.773553597	
    Magnitude of B_grad:	0.10993091942468	
    Magnitude of b:	6.3574570647765	

	
    Current index:	19501	
    Magnitude of W_grad:	4.474227927571	
    Magnitude of W:	51248.736957381	
    Magnitude of B_grad:	0.099490119567313	
    Magnitude of b:	6.5613053838506	

	
    Current index:	29501	
    Magnitude of W_grad:	4.1397040334071	
    Magnitude of W:	51216.22921994	
    Magnitude of B_grad:	0.056242026525809	
    Magnitude of b:	6.9389993947889	

	
    Current index:	39501	
    Magnitude of W_grad:	6.8812544394177	
    Magnitude of W:	51182.2690127	
    Magnitude of B_grad:	0.39473085733023	
    Magnitude of b:	6.9058034510729	

	
    Current index:	49501	
    Magnitude of W_grad:	4.378781385427	
    Magnitude of W:	51148.420483171	
    Magnitude of B_grad:	0.075842667151558	
    Magnitude of b:	6.7426915816225	

	
    Current index:	59501	
    Magnitude of W_grad:	4.4710488876228	
    Magnitude of W:	51114.734228206	
    Magnitude of B_grad:	0.062964147009123	
    Magnitude of b:	6.8926837433487	

	
    Current index:	69501	
    Magnitude of W_grad:	4.4366059154802	
    Magnitude of W:	51082.957427989	
    Magnitude of B_grad:	0.07220345876593	
    Magnitude of b:	6.8050847449767	

	
    Current index:	79501	
    Magnitude of W_grad:	3.6745013544649	
    Magnitude of W:	51052.473260913	
    Magnitude of B_grad:	0.23686600919828	
    Magnitude of b:	6.270291166829	

	
SGD: Loss is	
	LOSS:Calculated softmax res	
136419.73153619	
SGD: crossEntropyLoss is	
136419.73153619	
SGD: Validation Accuracy is:	
0.31698455949137	
SGD: Magnitude of W:	
51052.473260913	
SGD: Magnitude of b:	
6.270291166829	
    Current index:	9501	
    Magnitude of W_grad:	4.9778293515983	
    Magnitude of W:	51021.69974115	
    Magnitude of B_grad:	0.10804462523276	
    Magnitude of b:	6.3527545388345	

	
    Current index:	19501	
    Magnitude of W_grad:	4.396362907202	
    Magnitude of W:	50989.102822938	
    Magnitude of B_grad:	0.098032349600207	
    Magnitude of b:	6.5604654210477	

	
    Current index:	29501	
    Magnitude of W_grad:	4.087363423931	
    Magnitude of W:	50957.225610044	
    Magnitude of B_grad:	0.056825382728048	
    Magnitude of b:	6.9310576372101	

	
    Current index:	39501	
    Magnitude of W_grad:	6.7662013008352	
    Magnitude of W:	50923.824022017	
    Magnitude of B_grad:	0.38674249241274	
    Magnitude of b:	6.9021514450087	

	
    Current index:	49501	
    Magnitude of W_grad:	4.3381780505074	
    Magnitude of W:	50890.610546761	
    Magnitude of B_grad:	0.075142496657311	
    Magnitude of b:	6.7372694147165	

	
    Current index:	59501	
    Magnitude of W_grad:	4.4138677127705	
    Magnitude of W:	50857.463456982	
    Magnitude of B_grad:	0.063656881539517	
    Magnitude of b:	6.8910637379858	

	
    Current index:	69501	
    Magnitude of W_grad:	4.3744656966845	
    Magnitude of W:	50826.366624288	
    Magnitude of B_grad:	0.071904980274831	
    Magnitude of b:	6.8042677482121	

	
    Current index:	79501	
    Magnitude of W_grad:	3.5924137843357	
    Magnitude of W:	50796.650833805	
    Magnitude of B_grad:	0.23222960288564	
    Magnitude of b:	6.2787468909741	

	
SGD: Loss is	
	LOSS:Calculated softmax res	
135071.16624493	
SGD: crossEntropyLoss is	
135071.16624493	
SGD: Validation Accuracy is:	
0.31516802906449	
SGD: Magnitude of W:	
50796.650833805	
SGD: Magnitude of b:	
6.2787468909741	
    Current index:	9501	
    Magnitude of W_grad:	4.9093514024804	
    Magnitude of W:	50766.5161182	
    Magnitude of B_grad:	0.10633046946435	
    Magnitude of b:	6.3482967171172	

	
    Current index:	19501	
    Magnitude of W_grad:	4.3210104592779	
    Magnitude of W:	50734.332654355	
    Magnitude of B_grad:	0.096611115523022	
    Magnitude of b:	6.5596161494454	

	
    Current index:	29501	
    Magnitude of W_grad:	4.036471702013	
    Magnitude of W:	50703.02673263	
    Magnitude of B_grad:	0.057193666173422	
    Magnitude of b:	6.9230354174197	

	
    Current index:	39501	
    Magnitude of W_grad:	6.6548707753739	
    Magnitude of W:	50670.268601044	
    Magnitude of B_grad:	0.37899680011794	
    Magnitude of b:	6.8985375758742	

	
    Current index:	49501	
    Magnitude of W_grad:	4.2987526332044	
    Magnitude of W:	50637.711699917	
    Magnitude of B_grad:	0.07444487763977	
    Magnitude of b:	6.7318741284632	

	
    Current index:	59501	
    Magnitude of W_grad:	4.3593080008659	
    Magnitude of W:	50605.102752325	
    Magnitude of B_grad:	0.064274737379989	
    Magnitude of b:	6.889380004661	

	
    Current index:	69501	
    Magnitude of W_grad:	4.3160890458227	
    Magnitude of W:	50574.634429889	
    Magnitude of B_grad:	0.071602657284197	
    Magnitude of b:	6.8033933097597	

	
    Current index:	79501	
    Magnitude of W_grad:	3.518718218174	
    Magnitude of W:	50545.448969601	
    Magnitude of B_grad:	0.22789095812595	
    Magnitude of b:	6.286409477992	

	
SGD: Loss is	
	LOSS:Calculated softmax res	
133783.54203432	
SGD: crossEntropyLoss is	
133783.54203432	
SGD: Validation Accuracy is:	
0.31607629427793	
SGD: Magnitude of W:	
50545.448969601	
SGD: Magnitude of b:	
6.286409477992	
    Current index:	9501	
    Magnitude of W_grad:	4.8452710633004	
    Magnitude of W:	50515.898464634	
    Magnitude of B_grad:	0.10476069958025	
    Magnitude of b:	6.3440384198416	

	
    Current index:	19501	
    Magnitude of W_grad:	4.2479809952664	
    Magnitude of W:	50484.122371953	
    Magnitude of B_grad:	0.095220309327334	
    Magnitude of b:	6.558764868948	

	
    Current index:	29501	
    Magnitude of W_grad:	3.9866300875848	
    Magnitude of W:	50453.375884987	
    Magnitude of B_grad:	0.057361654118524	
    Magnitude of b:	6.9150276457973	

	
    Current index:	39501	
    Magnitude of W_grad:	6.5481509231578	
    Magnitude of W:	50421.136544059	
    Magnitude of B_grad:	0.37149448760181	
    Magnitude of b:	6.8949782671901	

	
    Current index:	49501	
    Magnitude of W_grad:	4.2602363202298	
    Magnitude of W:	50389.172669686	
    Magnitude of B_grad:	0.073750699169468	
    Magnitude of b:	6.726542866369	

	
    Current index:	59501	
    Magnitude of W_grad:	4.3077698534131	
    Magnitude of W:	50357.14405183	
    Magnitude of B_grad:	0.064822183935055	
    Magnitude of b:	6.8876490332325	

	
    Current index:	69501	
    Magnitude of W_grad:	4.260902442576	
    Magnitude of W:	50327.182948291	
    Magnitude of B_grad:	0.071294070963153	
    Magnitude of b:	6.8025040920137	

	
    Current index:	79501	
    Magnitude of W_grad:	3.4508595201701	
    Magnitude of W:	50298.56380847	
    Magnitude of B_grad:	0.22382607566021	
    Magnitude of b:	6.2933761008904	

	
SGD: Loss is	
	LOSS:Calculated softmax res	
132552.5266288	
SGD: crossEntropyLoss is	
132552.5266288	
SGD: Validation Accuracy is:	
0.31698455949137	
SGD: Magnitude of W:	
50298.56380847	
SGD: Magnitude of b:	
6.2933761008904	
    Current index:	9501	
    Magnitude of W_grad:	4.7848361176278	
    Magnitude of W:	50269.611179285	
    Magnitude of B_grad:	0.10331056975719	
    Magnitude of b:	6.3399412116721	

	
    Current index:	19501	
    Magnitude of W_grad:	4.1786284409572	
    Magnitude of W:	50238.293100302	
    Magnitude of B_grad:	0.093856527580878	
    Magnitude of b:	6.5579115883588	

	
    Current index:	29501	
    Magnitude of W_grad:	3.9385020239396	
    Magnitude of W:	50207.956615362	
    Magnitude of B_grad:	0.057354909111514	
    Magnitude of b:	6.9071178791088	

	
    Current index:	39501	
    Magnitude of W_grad:	6.445551774294	
    Magnitude of W:	50176.344610046	
    Magnitude of B_grad:	0.36423408185339	
    Magnitude of b:	6.8914898691503	

	
    Current index:	49501	
    Magnitude of W_grad:	4.2225360843967	
    Magnitude of W:	50144.975161521	
    Magnitude of B_grad:	0.073060987858896	
    Magnitude of b:	6.7213114542765	

	
    Current index:	59501	
    Magnitude of W_grad:	4.2599902619131	
    Magnitude of W:	50113.334248157	
    Magnitude of B_grad:	0.065303647308711	
    Magnitude of b:	6.8858896669695	

	
    Current index:	69501	
    Magnitude of W_grad:	4.2089869144122	
    Magnitude of W:	50083.798411858	
    Magnitude of B_grad:	0.070977331320385	
    Magnitude of b:	6.8016354932933	

	
    Current index:	79501	
    Magnitude of W_grad:	3.388349833056	
    Magnitude of W:	50055.911881004	
    Magnitude of B_grad:	0.22001394866596	
    Magnitude of b:	6.2997323534939	

	
SGD: Loss is	
	LOSS:Calculated softmax res	
131374.15716816	
SGD: crossEntropyLoss is	
131374.15716816	
SGD: Validation Accuracy is:	
0.31789282470481	
SGD: Magnitude of W:	
50055.911881004	
SGD: Magnitude of b:	
6.2997323534939	
    Current index:	9501	
    Magnitude of W_grad:	4.7280895972936	
    Magnitude of W:	50027.394522572	
    Magnitude of B_grad:	0.10195820366571	
    Magnitude of b:	6.3359730722442	

	
    Current index:	19501	
    Magnitude of W_grad:	4.1129182255362	
    Magnitude of W:	49996.413705799	
    Magnitude of B_grad:	0.092518545066788	
    Magnitude of b:	6.5570517531844	

	
    Current index:	29501	
    Magnitude of W_grad:	3.8921333051743	
    Magnitude of W:	49966.51941114	
    Magnitude of B_grad:	0.057204144283171	
    Magnitude of b:	6.899371498315	

	
    Current index:	39501	
    Magnitude of W_grad:	6.3468033361664	
    Magnitude of W:	49935.288329996	
    Magnitude of B_grad:	0.35721242910953	
    Magnitude of b:	6.8880858057639	

	
    Current index:	49501	
    Magnitude of W_grad:	4.1857125403537	
    Magnitude of W:	49904.440330695	
    Magnitude of B_grad:	0.072376815986257	
    Magnitude of b:	6.7162106303618	

	
    Current index:	59501	
    Magnitude of W_grad:	4.2151730169014	
    Magnitude of W:	49873.292804485	
    Magnitude of B_grad:	0.065723714994469	
    Magnitude of b:	6.8841199579831	

	
    Current index:	69501	
    Magnitude of W_grad:	4.160794159022	
    Magnitude of W:	49844.287407036	
    Magnitude of B_grad:	0.070650879286705	
    Magnitude of b:	6.8008144162684	

	
    Current index:	79501	
    Magnitude of W_grad:	3.3304824465432	
    Magnitude of W:	49816.905133425	
    Magnitude of B_grad:	0.21643576544121	
    Magnitude of b:	6.3055529864737	

	
SGD: Loss is	
	LOSS:Calculated softmax res	
130244.81619863	
SGD: crossEntropyLoss is	
130244.81619863	
SGD: Validation Accuracy is:	
0.31698455949137	
SGD: Magnitude of W:	
49816.905133425	
SGD: Magnitude of b:	
6.3055529864737	
    Current index:	9501	
    Magnitude of W_grad:	4.6745603221044	
    Magnitude of W:	49788.768109012	
    Magnitude of B_grad:	0.1006843130583	
    Magnitude of b:	6.3321077047325	

	
    Current index:	19501	
    Magnitude of W_grad:	4.0503290348317	
    Magnitude of W:	49758.206158106	
    Magnitude of B_grad:	0.09120656891325	
    Magnitude of b:	6.5561788486693	

	
    Current index:	29501	
    Magnitude of W_grad:	3.8474483843105	
    Magnitude of W:	49728.602360147	
    Magnitude of B_grad:	0.056939810308423	
    Magnitude of b:	6.8918340481909	

	
    Current index:	39501	
    Magnitude of W_grad:	6.2512568208956	
    Magnitude of W:	49697.816673734	
    Magnitude of B_grad:	0.35042514816455	
    Magnitude of b:	6.8847754147699	

	
    Current index:	49501	
    Magnitude of W_grad:	4.1502852759173	
    Magnitude of W:	49667.486695044	
    Magnitude of B_grad:	0.07169925475273	
    Magnitude of b:	6.7112641710799	

	
    Current index:	59501	
    Magnitude of W_grad:	4.1719657941369	
    Magnitude of W:	49636.887916235	
    Magnitude of B_grad:	0.066087262816549	
    Magnitude of b:	6.882355382769	

	
    Current index:	69501	
    Magnitude of W_grad:	4.1154175668164	
    Magnitude of W:	49608.427646479	
    Magnitude of B_grad:	0.070313288043812	
    Magnitude of b:	6.8000595825887	

	
    Current index:	79501	
    Magnitude of W_grad:	3.276730607966	
    Magnitude of W:	49581.545078539	
    Magnitude of B_grad:	0.21307437087373	
    Magnitude of b:	6.3109028111084	

	
SGD: Loss is	
	LOSS:Calculated softmax res	
129161.2030969	
SGD: crossEntropyLoss is	
129161.2030969	
SGD: Validation Accuracy is:	
0.31425976385104	
SGD: Magnitude of W:	
49581.545078539	
SGD: Magnitude of b:	
6.3109028111084	
    Current index:	9501	
    Magnitude of W_grad:	4.6239257610144	
    Magnitude of W:	49553.882797928	
    Magnitude of B_grad:	0.099471926949738	
    Magnitude of b:	6.3283236124293	

	
    Current index:	19501	
    Magnitude of W_grad:	3.9918776759714	
    Magnitude of W:	49523.763979511	
    Magnitude of B_grad:	0.089921536014367	
    Magnitude of b:	6.5552863621617	

	
    Current index:	29501	
    Magnitude of W_grad:	3.8040352129041	
    Magnitude of W:	49494.638696015	
    Magnitude of B_grad:	0.056588653940285	
    Magnitude of b:	6.8845333752008	

	
    Current index:	39501	
    Magnitude of W_grad:	6.1589931392105	
    Magnitude of W:	49464.385458376	
    Magnitude of B_grad:	0.34386703216315	
    Magnitude of b:	6.8815640238409	

	
    Current index:	49501	
    Magnitude of W_grad:	4.1155969453943	
    Magnitude of W:	49434.466620202	
    Magnitude of B_grad:	0.071029331987791	
    Magnitude of b:	6.7064885856545	

	
    Current index:	59501	
    Magnitude of W_grad:	4.1301182428802	
    Magnitude of W:	49404.494026534	
    Magnitude of B_grad:	0.066399517206679	
    Magnitude of b:	6.8806081100698	

	
    Current index:	69501	
    Magnitude of W_grad:	4.0726164374151	
    Magnitude of W:	49376.460709848	
    Magnitude of B_grad:	0.069963139968301	
    Magnitude of b:	6.7993826710472	

	
    Current index:	79501	
    Magnitude of W_grad:	3.2268626727844	
    Magnitude of W:	49349.957760269	
    Magnitude of B_grad:	0.20991393630264	
    Magnitude of b:	6.3158376954198	

	
SGD: Loss is	
	LOSS:Calculated softmax res	
128120.30471754	
SGD: crossEntropyLoss is	
128120.30471754	
SGD: Validation Accuracy is:	
0.31425976385104	
SGD: Magnitude of W:	
49349.957760269	
SGD: Magnitude of b:	
6.3158376954198	
    Current index:	9501	
    Magnitude of W_grad:	4.5762593574121	
    Magnitude of W:	49322.71602061	
    Magnitude of B_grad:	0.098306193448991	
    Magnitude of b:	6.3246031367606	

	
    Current index:	19501	
    Magnitude of W_grad:	3.9373256552338	
    Magnitude of W:	49293.048783754	
    Magnitude of B_grad:	0.088664593178017	
    Magnitude of b:	6.5543689059814	

	
    Current index:	29501	
    Magnitude of W_grad:	3.7620628054852	
    Magnitude of W:	49264.516558965	
    Magnitude of B_grad:	0.056172449273359	
    Magnitude of b:	6.8774835749542	

	
    Current index:	39501	
    Magnitude of W_grad:	6.0706394786817	
    Magnitude of W:	49234.744949834	
    Magnitude of B_grad:	0.33753238670734	
    Magnitude of b:	6.8784537133588	

	
    Current index:	49501	
    Magnitude of W_grad:	4.0816352389571	
    Magnitude of W:	49205.236582811	
    Magnitude of B_grad:	0.070367988065996	
    Magnitude of b:	6.7018937805182	

	
    Current index:	59501	
    Magnitude of W_grad:	4.0898113954914	
    Magnitude of W:	49175.81465791	
    Magnitude of B_grad:	0.066666045729316	
    Magnitude of b:	6.8788869571077	

	
    Current index:	69501	
    Magnitude of W_grad:	4.0320035509805	
    Magnitude of W:	49148.275727244	
    Magnitude of B_grad:	0.069598997171113	
    Magnitude of b:	6.7987897226258	

	
    Current index:	79501	
    Magnitude of W_grad:	3.1808508128326	
    Magnitude of W:	49122.152858963	
    Magnitude of B_grad:	0.20693977313271	
    Magnitude of b:	6.3204055852626	

	
SGD: Loss is	
	LOSS:Calculated softmax res	
127119.36754031	
SGD: crossEntropyLoss is	
127119.36754031	
SGD: Validation Accuracy is:	
0.31698455949137	
SGD: Magnitude of W:	
49122.152858963	
SGD: Magnitude of b:	
6.3204055852626	
    Current index:	9501	
    Magnitude of W_grad:	4.5309383899592	
    Magnitude of W:	49095.327119126	
    Magnitude of B_grad:	0.097174261357081	
    Magnitude of b:	6.3209316287484	

	
    Current index:	19501	
    Magnitude of W_grad:	3.8853127998551	
    Magnitude of W:	49066.081597764	
    Magnitude of B_grad:	0.08743678427291	
    Magnitude of b:	6.5534225987231	

	
    Current index:	29501	
    Magnitude of W_grad:	3.7213877595659	
    Magnitude of W:	49037.894047906	
    Magnitude of B_grad:	0.055708216837518	
    Magnitude of b:	6.8706891647862	

	
    Current index:	39501	
    Magnitude of W_grad:	5.9861097141637	
    Magnitude of W:	49008.635682353	
    Magnitude of B_grad:	0.33141528484396	
    Magnitude of b:	6.8754443148335	

	
    Current index:	49501	
    Magnitude of W_grad:	4.0484786211224	
    Magnitude of W:	48979.480268017	
    Magnitude of B_grad:	0.069716035875465	
    Magnitude of b:	6.6974841627876	

	
    Current index:	59501	
    Magnitude of W_grad:	4.0509257742485	
    Magnitude of W:	48950.512807414	
    Magnitude of B_grad:	0.066892669282076	
    Magnitude of b:	6.87719774954	

	
    Current index:	69501	
    Magnitude of W_grad:	3.9930561261877	
    Magnitude of W:	48923.389169578	
    Magnitude of B_grad:	0.069219444106177	
    Magnitude of b:	6.7982825041583	

	
    Current index:	79501	
    Magnitude of W_grad:	3.1377872046104	
    Magnitude of W:	48897.622330219	
    Magnitude of B_grad:	0.20413822734612	
    Magnitude of b:	6.3246475288089	

	
SGD: Loss is	
	LOSS:Calculated softmax res	
126155.87224332	
SGD: crossEntropyLoss is	
126155.87224332	
SGD: Validation Accuracy is:	
0.31880108991826	
SGD: Magnitude of W:	
48897.622330219	
SGD: Magnitude of b:	
6.3246475288089	
    Current index:	9501	
    Magnitude of W_grad:	4.4875516983054	
    Magnitude of W:	48871.119276428	
    Magnitude of B_grad:	0.096065221715286	
    Magnitude of b:	6.3172968489197	

	
    Current index:	19501	
    Magnitude of W_grad:	3.8355625999932	
    Magnitude of W:	48842.223162056	
    Magnitude of B_grad:	0.086238904004232	
    Magnitude of b:	6.5524449584272	

	
    Current index:	29501	
    Magnitude of W_grad:	3.6825128251711	
    Magnitude of W:	48814.450941147	
    Magnitude of B_grad:	0.055209112138677	
    Magnitude of b:	6.8641485984003	

	
    Current index:	39501	
    Magnitude of W_grad:	5.9048604734946	
    Magnitude of W:	48785.704080662	
    Magnitude of B_grad:	0.32550972981822	
    Magnitude of b:	6.8725343469271	

	
    Current index:	49501	
    Magnitude of W_grad:	4.0162981255885	
    Magnitude of W:	48756.938994804	
    Magnitude of B_grad:	0.069074130354573	
    Magnitude of b:	6.6932598258497	

	
    Current index:	59501	
    Magnitude of W_grad:	4.0139141081608	
    Magnitude of W:	48728.401573127	
    Magnitude of B_grad:	0.067085302490146	
    Magnitude of b:	6.8755438885241	

	
    Current index:	69501	
    Magnitude of W_grad:	3.9558207737716	
    Magnitude of W:	48701.754113991	
    Magnitude of B_grad:	0.068823166466193	
    Magnitude of b:	6.7978597036974	

	
    Current index:	79501	
    Magnitude of W_grad:	3.0973672286083	
    Magnitude of W:	48676.417527321	
    Magnitude of B_grad:	0.20149660813379	
    Magnitude of b:	6.3285986987294	

	
SGD: Loss is	
	LOSS:Calculated softmax res	
125227.51084299	
SGD: crossEntropyLoss is	
125227.51084299	
SGD: Validation Accuracy is:	
0.31789282470481	
SGD: Magnitude of W:	
48676.417527321	
SGD: Magnitude of b:	
6.3285986987294	
    Current index:	9501	
    Magnitude of W_grad:	4.4460287597188	
    Magnitude of W:	48650.286174482	
    Magnitude of B_grad:	0.09497007953395	
    Magnitude of b:	6.3136886066843	

	
    Current index:	19501	
    Magnitude of W_grad:	3.7879320844874	
    Magnitude of W:	48621.702955205	
    Magnitude of B_grad:	0.08507146004121	
    Magnitude of b:	6.5514345718243	

	
    Current index:	29501	
    Magnitude of W_grad:	3.645054441172	
    Magnitude of W:	48594.25876234	
    Magnitude of B_grad:	0.054685407493546	
    Magnitude of b:	6.8578568229991	

	
    Current index:	39501	
    Magnitude of W_grad:	5.8269893509976	
    Magnitude of W:	48565.926993953	
    Magnitude of B_grad:	0.31980973471153	
    Magnitude of b:	6.869721734297	

	
    Current index:	49501	
    Magnitude of W_grad:	3.9845207195453	
    Magnitude of W:	48537.571475846	
    Magnitude of B_grad:	0.068442749273373	
    Magnitude of b:	6.6892176248374	

	
    Current index:	59501	
    Magnitude of W_grad:	3.9784539197973	
    Magnitude of W:	48509.44455626	
    Magnitude of B_grad:	0.067249745474171	
    Magnitude of b:	6.8739269878234	

	
    Current index:	69501	
    Magnitude of W_grad:	3.9209956884486	
    Magnitude of W:	48483.050673278	
    Magnitude of B_grad:	0.068409034388225	
    Magnitude of b:	6.7975179228883	

	
    Current index:	79501	
    Magnitude of W_grad:	3.0599627627934	
    Magnitude of W:	48458.218089165	
    Magnitude of B_grad:	0.19900312413737	
    Magnitude of b:	6.3322893941377	

	
SGD: Loss is	
	LOSS:Calculated softmax res	
124332.16623912	
SGD: crossEntropyLoss is	
124332.16623912	
SGD: Validation Accuracy is:	
0.31880108991826	
SGD: Magnitude of W:	
48458.218089165	
SGD: Magnitude of b:	
6.3322893941377	
    Current index:	9501	
    Magnitude of W_grad:	4.4059564593015	
    Magnitude of W:	48432.351587457	
    Magnitude of B_grad:	0.093881724818542	
    Magnitude of b:	6.3100985895677	

	
    Current index:	19501	
    Magnitude of W_grad:	3.7436564759471	
    Magnitude of W:	48404.173704387	
    Magnitude of B_grad:	0.083934693192178	
    Magnitude of b:	6.5503907325079	

	
    Current index:	29501	
    Magnitude of W_grad:	3.6099891759119	
    Magnitude of W:	48376.981208134	
    Magnitude of B_grad:	0.054145288601537	
    Magnitude of b:	6.8518069328104	

	
    Current index:	39501	
    Magnitude of W_grad:	5.7523559029769	
    Magnitude of W:	48349.080481749	
    Magnitude of B_grad:	0.31430934225124	
    Magnitude of b:	6.8670042650588	

	
    Current index:	49501	
    Magnitude of W_grad:	3.953226114782	
    Magnitude of W:	48321.094136866	
    Magnitude of B_grad:	0.067822184163321	
    Magnitude of b:	6.6853520679024	

	
    Current index:	59501	
    Magnitude of W_grad:	3.9444328474299	
    Magnitude of W:	48293.397130376	
    Magnitude of B_grad:	0.067391462146638	
    Magnitude of b:	6.8723474824763	

	
    Current index:	69501	
    Magnitude of W_grad:	3.8879250339687	
    Magnitude of W:	48267.242754185	
    Magnitude of B_grad:	0.067976169978686	
    Magnitude of b:	6.797252466638	

	
    Current index:	79501	
    Magnitude of W_grad:	3.0246513433752	
    Magnitude of W:	48242.733709773	
    Magnitude of B_grad:	0.19711955777713	
    Magnitude of b:	6.3357459860331	

	
SGD: Loss is	
	LOSS:Calculated softmax res	
123467.89396082	
SGD: crossEntropyLoss is	
123467.89396082	
SGD: Validation Accuracy is:	
0.31607629427793	
SGD: Magnitude of W:	
48242.733709773	
SGD: Magnitude of b:	
6.3357459860331	
    Current index:	9501	
    Magnitude of W_grad:	4.367035855545	
    Magnitude of W:	48217.197187314	
    Magnitude of B_grad:	0.092794876174899	
    Magnitude of b:	6.3065203043501	

	
    Current index:	19501	
    Magnitude of W_grad:	3.7017479776517	
    Magnitude of W:	48189.493919286	
    Magnitude of B_grad:	0.082828621228812	
    Magnitude of b:	6.549313152027	

	
    Current index:	29501	
    Magnitude of W_grad:	3.5769368359155	
    Magnitude of W:	48162.670309333	
    Magnitude of B_grad:	0.053595400140318	
    Magnitude of b:	6.8459911285124	

	
    Current index:	39501	
    Magnitude of W_grad:	5.6810191877867	
    Magnitude of W:	48135.17033499	
    Magnitude of B_grad:	0.30900261311416	
    Magnitude of b:	6.8643798144974	

	
    Current index:	49501	
    Magnitude of W_grad:	3.9224193587287	
    Magnitude of W:	48107.528020013	
    Magnitude of B_grad:	0.06721253971607	
    Magnitude of b:	6.6816560193498	

	
    Current index:	59501	
    Magnitude of W_grad:	3.9118534274405	
    Magnitude of W:	48080.354024641	
    Magnitude of B_grad:	0.067515382570593	
    Magnitude of b:	6.8708051424556	

	
    Current index:	69501	
    Magnitude of W_grad:	3.8559329726401	
    Magnitude of W:	48054.469217958	
    Magnitude of B_grad:	0.06752399180893	
    Magnitude of b:	6.7970579420609	

	
    Current index:	79501	
    Magnitude of W_grad:	2.9915363426311	
    Magnitude of W:	48030.333183905	
    Magnitude of B_grad:	0.19611073636917	
    Magnitude of b:	6.3389917610167	

	
SGD: Loss is	
	LOSS:Calculated softmax res	
122632.90594295	
SGD: crossEntropyLoss is	
122632.90594295	
SGD: Validation Accuracy is:	
0.31698455949137	
SGD: Magnitude of W:	
48030.333183905	
SGD: Magnitude of b:	
6.3389917610167	
    Current index:	9501	
    Magnitude of W_grad:	4.3291227740684	
    Magnitude of W:	48005.069163428	
    Magnitude of B_grad:	0.091705978593563	
    Magnitude of b:	6.3029490520944	

	
    Current index:	19501	
    Magnitude of W_grad:	3.6619546105295	
    Magnitude of W:	47977.899062475	
    Magnitude of B_grad:	0.081753086396157	
    Magnitude of b:	6.5482017782756	

	
    Current index:	29501	
    Magnitude of W_grad:	3.5452982539289	
    Magnitude of W:	47951.562897753	
    Magnitude of B_grad:	0.05304118256069	
    Magnitude of b:	6.8404012187372	

	
    Current index:	39501	
    Magnitude of W_grad:	5.6124200527506	
    Magnitude of W:	47924.406703034	
    Magnitude of B_grad:	0.30388360765158	
    Magnitude of b:	6.8618463985311	

	
    Current index:	49501	
    Magnitude of W_grad:	3.8920750277413	
    Magnitude of W:	47897.0930098	
    Magnitude of B_grad:	0.066613740877453	
    Magnitude of b:	6.6781212441472	

	
    Current index:	59501	
    Magnitude of W_grad:	3.8813138958245	
    Magnitude of W:	47870.319565769	
    Magnitude of B_grad:	0.067625759475601	
    Magnitude of b:	6.8692994561735	

	
    Current index:	69501	
    Magnitude of W_grad:	3.8250680772776	
    Magnitude of W:	47844.840208274	
    Magnitude of B_grad:	0.067052238144249	
    Magnitude of b:	6.7969286858268	

	
    Current index:	79501	
    Magnitude of W_grad:	2.9606276100001	
    Magnitude of W:	47820.925768326	
    Magnitude of B_grad:	0.19515164035511	
    Magnitude of b:	6.3420476228685	

	
SGD: Loss is	
	LOSS:Calculated softmax res	
121825.55617055	
SGD: crossEntropyLoss is	
121825.55617055	
SGD: Validation Accuracy is:	
0.31880108991826	
SGD: Magnitude of W:	
47820.925768326	
SGD: Magnitude of b:	
6.3420476228685	
    Current index:	9501	
    Magnitude of W_grad:	4.2926735063784	
    Magnitude of W:	47796.059145151	
    Magnitude of B_grad:	0.090613048125293	
    Magnitude of b:	6.2999352955683	

	
    Current index:	19501	
    Magnitude of W_grad:	3.6241385572296	
    Magnitude of W:	47769.317515289	
    Magnitude of B_grad:	0.080707796828608	
    Magnitude of b:	6.5470567146826	

	
    Current index:	29501	
    Magnitude of W_grad:	3.5148729321144	
    Magnitude of W:	47743.265493168	
    Magnitude of B_grad:	0.052487073347618	
    Magnitude of b:	6.8350288602007	

	
    Current index:	39501	
    Magnitude of W_grad:	5.5464200473797	
    Magnitude of W:	47716.519008707	
    Magnitude of B_grad:	0.29894637751057	
    Magnitude of b:	6.8594021281909	

	
    Current index:	49501	
    Magnitude of W_grad:	3.8621840052303	
    Magnitude of W:	47689.641262665	
    Magnitude of B_grad:	0.066025548010598	
    Magnitude of b:	6.6747388328703	

	
    Current index:	59501	
    Magnitude of W_grad:	3.8520556504019	
    Magnitude of W:	47663.305034467	
    Magnitude of B_grad:	0.067726095270297	
    Magnitude of b:	6.8678298779066	

	
    Current index:	69501	
    Magnitude of W_grad:	3.7951680387783	
    Magnitude of W:	47638.123053677	
    Magnitude of B_grad:	0.066560974880438	
    Magnitude of b:	6.7968590466434	

	
    Current index:	79501	
    Magnitude of W_grad:	2.931269568871	
    Magnitude of W:	47614.522922875	
    Magnitude of B_grad:	0.19423563587134	
    Magnitude of b:	6.3449326274309	

	
SGD: Loss is	
	LOSS:Calculated softmax res	
121044.32798928	
SGD: crossEntropyLoss is	
121044.32798928	
SGD: Validation Accuracy is:	
0.31516802906449	
SGD: Magnitude of W:	
47614.522922875	
SGD: Magnitude of b:	
6.3449326274309	
    Current index:	9501	
    Magnitude of W_grad:	4.257271658477	
    Magnitude of W:	47590.070912978	
    Magnitude of B_grad:	0.08951546767044	
    Magnitude of b:	6.2971619169146	

	
    Current index:	19501	
    Magnitude of W_grad:	3.5880874377056	
    Magnitude of W:	47563.668884543	
    Magnitude of B_grad:	0.079692358434148	
    Magnitude of b:	6.5458782158473	

	
    Current index:	29501	
    Magnitude of W_grad:	3.4853945147254	
    Magnitude of W:	47537.925433868	
    Magnitude of B_grad:	0.05193663647589	
    Magnitude of b:	6.8298656715713	

	
    Current index:	39501	
    Magnitude of W_grad:	5.4839382796833	
    Magnitude of W:	47511.539860168	
    Magnitude of B_grad:	0.29418497391189	
    Magnitude of b:	6.8570451257057	

	
    Current index:	49501	
    Magnitude of W_grad:	3.8331201593215	
    Magnitude of W:	47485.023043674	
    Magnitude of B_grad:	0.065447580871081	
    Magnitude of b:	6.6714995420294	

	
    Current index:	59501	
    Magnitude of W_grad:	3.8237004098536	
    Magnitude of W:	47459.074815514	
    Magnitude of B_grad:	0.06781914069995	
    Magnitude of b:	6.8663959556594	

	
    Current index:	69501	
    Magnitude of W_grad:	3.766342147016	
    Magnitude of W:	47434.244870979	
    Magnitude of B_grad:	0.066050594093198	
    Magnitude of b:	6.7968435556813	

	
    Current index:	79501	
    Magnitude of W_grad:	2.9037254566142	
    Magnitude of W:	47410.861637483	
    Magnitude of B_grad:	0.19335709081277	
    Magnitude of b:	6.3476643477065	

	
SGD: Loss is	
	LOSS:Calculated softmax res	
120287.82282121	
SGD: crossEntropyLoss is	
120287.82282121	
SGD: Validation Accuracy is:	
0.31516802906449	
SGD: Magnitude of W:	
47410.861637483	
SGD: Magnitude of b:	
6.3476643477065	
    Current index:	9501	
    Magnitude of W_grad:	4.2227754206343	
    Magnitude of W:	47386.742731887	
    Magnitude of B_grad:	0.08841374738168	
    Magnitude of b:	6.2943832797115	

	
    Current index:	19501	
    Magnitude of W_grad:	3.5540603443247	
    Magnitude of W:	47360.752617155	
    Magnitude of B_grad:	0.078706297485488	
    Magnitude of b:	6.5446667308286	

	
    Current index:	29501	
    Magnitude of W_grad:	3.4572130487247	
    Magnitude of W:	47335.332377034	
    Magnitude of B_grad:	0.05139266118868	
    Magnitude of b:	6.8249032988069	

	
    Current index:	39501	
    Magnitude of W_grad:	5.4233722944005	
    Magnitude of W:	47309.275327546	
    Magnitude of B_grad:	0.28959347133688	
    Magnitude of b:	6.8547734430603	

	
    Current index:	49501	
    Magnitude of W_grad:	3.8046459619673	
    Magnitude of W:	47283.073501919	
    Magnitude of B_grad:	0.064879351313726	
    Magnitude of b:	6.6683940741647	

	
    Current index:	59501	
    Magnitude of W_grad:	3.7966178274063	
    Magnitude of W:	47257.556509309	
    Magnitude of B_grad:	0.067906953750281	
    Magnitude of b:	6.8649973686165	

	
    Current index:	69501	
    Magnitude of W_grad:	3.7382999765874	
    Magnitude of W:	47233.123010092	
    Magnitude of B_grad:	0.065521806525574	
    Magnitude of b:	6.7968770192113	

	
    Current index:	79501	
    Magnitude of W_grad:	2.8774809310011	
    Magnitude of W:	47209.940450714	
    Magnitude of B_grad:	0.19251126018386	
    Magnitude of b:	6.3502590875431	

	
SGD: Loss is	
	LOSS:Calculated softmax res	
119554.74999099	
SGD: crossEntropyLoss is	
119554.74999099	
SGD: Validation Accuracy is:	
0.31698455949137	
SGD: Magnitude of W:	
47209.940450714	
SGD: Magnitude of b:	
6.3502590875431	
    Current index:	9501	
    Magnitude of W_grad:	4.1894052202672	
    Magnitude of W:	47186.133016746	
    Magnitude of B_grad:	0.087309268443753	
    Magnitude of b:	6.2916030101375	

	
    Current index:	19501	
    Magnitude of W_grad:	3.5217634055546	
    Magnitude of W:	47160.500197903	
    Magnitude of B_grad:	0.077749076055245	
    Magnitude of b:	6.5434229670336	

	
    Current index:	29501	
    Magnitude of W_grad:	3.4300798489717	
    Magnitude of W:	47135.367075407	
    Magnitude of B_grad:	0.050857250726218	
    Magnitude of b:	6.8201334674501	

	
    Current index:	39501	
    Magnitude of W_grad:	5.3651350853625	
    Magnitude of W:	47109.609286055	
    Magnitude of B_grad:	0.28516600064689	
    Magnitude of b:	6.852585003107	

	
    Current index:	49501	
    Magnitude of W_grad:	3.7768434529701	
    Magnitude of W:	47083.820421494	
    Magnitude of B_grad:	0.064320302922365	
    Magnitude of b:	6.6654133103318	

	
    Current index:	59501	
    Magnitude of W_grad:	3.7709262010446	
    Magnitude of W:	47058.626819284	
    Magnitude of B_grad:	0.067990999720049	
    Magnitude of b:	6.863633906374	

	
    Current index:	69501	
    Magnitude of W_grad:	3.7109723530111	
    Magnitude of W:	47034.484336002	
    Magnitude of B_grad:	0.06497562831231	
    Magnitude of b:	6.7969545636196	

	
    Current index:	79501	
    Magnitude of W_grad:	2.8523867290779	
    Magnitude of W:	47011.53883799	
    Magnitude of B_grad:	0.19169417482209	
    Magnitude of b:	6.3527319788861	

	
SGD: Loss is	
	LOSS:Calculated softmax res	
118843.91738647	
SGD: crossEntropyLoss is	
118843.91738647	
SGD: Validation Accuracy is:	
0.31880108991826	
SGD: Magnitude of W:	
47011.53883799	
SGD: Magnitude of b:	
6.3527319788861	
    Current index:	9501	
    Magnitude of W_grad:	4.1568181530112	
    Magnitude of W:	46988.182472354	
    Magnitude of B_grad:	0.086204029835277	
    Magnitude of b:	6.2888253475739	

	
    Current index:	19501	
    Magnitude of W_grad:	3.4910514182404	
    Magnitude of W:	46962.853280377	
    Magnitude of B_grad:	0.07682010303749	
    Magnitude of b:	6.5421479521431	

	
    Current index:	29501	
    Magnitude of W_grad:	3.4035305366715	
    Magnitude of W:	46937.933822786	
    Magnitude of B_grad:	0.050331908376702	
    Magnitude of b:	6.8155480319253	

	
    Current index:	39501	
    Magnitude of W_grad:	5.3097429454645	
    Magnitude of W:	46912.540007218	
    Magnitude of B_grad:	0.28089678435938	
    Magnitude of b:	6.8504775671212	

	
    Current index:	49501	
    Magnitude of W_grad:	3.7496236273858	
    Magnitude of W:	46887.150544667	
    Magnitude of B_grad:	0.063769853915687	
    Magnitude of b:	6.6625484983975	

	
    Current index:	59501	
    Magnitude of W_grad:	3.7461230754048	
    Magnitude of W:	46862.236892718	
    Magnitude of B_grad:	0.068072271015417	
    Magnitude of b:	6.8623054183146	

	
    Current index:	69501	
    Magnitude of W_grad:	3.6842503293987	
    Magnitude of W:	46838.337126412	
    Magnitude of B_grad:	0.064413360352954	
    Magnitude of b:	6.797071654915	

	
    Current index:	79501	
    Magnitude of W_grad:	2.828362239281	
    Magnitude of W:	46815.589311937	
    Magnitude of B_grad:	0.1909025355294	
    Magnitude of b:	6.3550970057806	

	
SGD: Loss is	
	LOSS:Calculated softmax res	
118154.22274891	
SGD: crossEntropyLoss is	
118154.22274891	
SGD: Validation Accuracy is:	
0.32152588555858	
SGD: Magnitude of W:	
46815.589311937	
SGD: Magnitude of b:	
6.3550970057806	
    Current index:	9501	
    Magnitude of W_grad:	4.1255700679645	
    Magnitude of W:	46792.600104953	
    Magnitude of B_grad:	0.085178004938339	
    Magnitude of b:	6.2860550030482	

	
    Current index:	19501	
    Magnitude of W_grad:	3.461919003318	
    Magnitude of W:	46767.511908286	
    Magnitude of B_grad:	0.075918743149603	
    Magnitude of b:	6.5408430777051	

	
    Current index:	29501	
    Magnitude of W_grad:	3.3776628259631	
    Magnitude of W:	46742.904304491	
    Magnitude of B_grad:	0.049817621709298	
    Magnitude of b:	6.8111390201876	

	
    Current index:	39501	
    Magnitude of W_grad:	5.2562725684646	
    Magnitude of W:	46717.863743665	
    Magnitude of B_grad:	0.27678016805015	
    Magnitude of b:	6.8484487236851	

	
    Current index:	49501	
    Magnitude of W_grad:	3.7229665727217	
    Magnitude of W:	46692.739430892	
    Magnitude of B_grad:	0.063227438606033	
    Magnitude of b:	6.6597913960221	

	
    Current index:	59501	
    Magnitude of W_grad:	3.7219785803917	
    Magnitude of W:	46668.205903072	
    Magnitude of B_grad:	0.068151407370848	
    Magnitude of b:	6.8610117542949	

	
    Current index:	69501	
    Magnitude of W_grad:	3.6585729209245	
    Magnitude of W:	46644.537858129	
    Magnitude of B_grad:	0.063836558625793	
    Magnitude of b:	6.7972241058203	

	
    Current index:	79501	
    Magnitude of W_grad:	2.8053355837047	
    Magnitude of W:	46622.049763884	
    Magnitude of B_grad:	0.19013361448265	
    Magnitude of b:	6.3573669968318	

	
SGD: Loss is	
	LOSS:Calculated softmax res	
117484.64548396	
SGD: crossEntropyLoss is	
117484.64548396	
SGD: Validation Accuracy is:	
0.32606721162579	
SGD: Magnitude of W:	
46622.049763884	
SGD: Magnitude of b:	
6.3573669968318	
    Current index:	9501	
    Magnitude of W_grad:	4.0950697677666	
    Magnitude of W:	46599.433029686	
    Magnitude of B_grad:	0.0841713423606	
    Magnitude of b:	6.2832969986994	

	
    Current index:	19501	
    Magnitude of W_grad:	3.4341461824835	
    Magnitude of W:	46574.592684956	
    Magnitude of B_grad:	0.075044325408801	
    Magnitude of b:	6.5395101152373	

	
    Current index:	29501	
    Magnitude of W_grad:	3.3525084264316	
    Magnitude of W:	46550.332385371	
    Magnitude of B_grad:	0.049314943646313	
    Magnitude of b:	6.8068986694583	

	
    Current index:	39501	
    Magnitude of W_grad:	5.2046549440046	
    Magnitude of W:	46525.55906477	
    Magnitude of B_grad:	0.27281064431551	
    Magnitude of b:	6.8464958914298	

	
    Current index:	49501	
    Magnitude of W_grad:	3.6965687404381	
    Magnitude of W:	46500.713045958	
    Magnitude of B_grad:	0.062692542857688	
    Magnitude of b:	6.6571343673016	

	
    Current index:	59501	
    Magnitude of W_grad:	3.6984653824649	
    Magnitude of W:	46476.468718397	
    Magnitude of B_grad:	0.06822880236593	
    Magnitude of b:	6.8597527101081	

	
    Current index:	69501	
    Magnitude of W_grad:	3.6337458270115	
    Magnitude of W:	46453.077657018	
    Magnitude of B_grad:	0.063246995048284	
    Magnitude of b:	6.7974080761509	

	
    Current index:	79501	
    Magnitude of W_grad:	2.783574881784	
    Magnitude of W:	46430.786056969	
    Magnitude of B_grad:	0.18938516507496	
    Magnitude of b:	6.3595536183853	

	
SGD: Loss is	
	LOSS:Calculated softmax res	
116834.23897226	
SGD: crossEntropyLoss is	
116834.23897226	
SGD: Validation Accuracy is:	
0.32970027247956	
SGD: Magnitude of W:	
46430.786056969	
SGD: Magnitude of b:	
6.3595536183853	
    Current index:	9501	
    Magnitude of W_grad:	4.0652621650882	
    Magnitude of W:	46408.545149003	
    Magnitude of B_grad:	0.083168851349444	
    Magnitude of b:	6.2805565033139	

	
    Current index:	19501	
    Magnitude of W_grad:	3.4076499538021	
    Magnitude of W:	46383.902294748	
    Magnitude of B_grad:	0.074196151583976	
    Magnitude of b:	6.538151202785	

	
    Current index:	29501	
    Magnitude of W_grad:	3.3281115257533	
    Magnitude of W:	46359.918583978	
    Magnitude of B_grad:	0.048824068872037	
    Magnitude of b:	6.8028194506826	

	
    Current index:	39501	
    Magnitude of W_grad:	5.1561690824446	
    Magnitude of W:	46335.442747141	
    Magnitude of B_grad:	0.26898286822471	
    Magnitude of b:	6.8446163299256	

	
    Current index:	49501	
    Magnitude of W_grad:	3.6706883812974	
    Magnitude of W:	46311.023821291	
    Magnitude of B_grad:	0.062164730289187	
    Magnitude of b:	6.6545704350984	

	
    Current index:	59501	
    Magnitude of W_grad:	3.6756740479206	
    Magnitude of W:	46286.952828211	
    Magnitude of B_grad:	0.068304688465473	
    Magnitude of b:	6.8585279846658	

	
    Current index:	69501	
    Magnitude of W_grad:	3.6099519814271	
    Magnitude of W:	46263.863512039	
    Magnitude of B_grad:	0.06264661035399	
    Magnitude of b:	6.797620067726	

	
    Current index:	79501	
    Magnitude of W_grad:	2.7627952905205	
    Magnitude of W:	46241.845592985	
    Magnitude of B_grad:	0.18865534075107	
    Magnitude of b:	6.3616673873316	

	
SGD: Loss is	
	LOSS:Calculated softmax res	
116202.12341245	
SGD: crossEntropyLoss is	
116202.12341245	
SGD: Validation Accuracy is:	
0.33242506811989	
SGD: Magnitude of W:	
46241.845592985	
SGD: Magnitude of b:	
6.3616673873316	
    Current index:	9501	
    Magnitude of W_grad:	4.0364787229792	
    Magnitude of W:	46219.842956346	
    Magnitude of B_grad:	0.082172988418255	
    Magnitude of b:	6.277838676551	

	
    Current index:	19501	
    Magnitude of W_grad:	3.3820854282336	
    Magnitude of W:	46195.536021108	
    Magnitude of B_grad:	0.073373504399985	
    Magnitude of b:	6.536768805518	

	
    Current index:	29501	
    Magnitude of W_grad:	3.3043336846875	
    Magnitude of W:	46171.759813728	
    Magnitude of B_grad:	0.048344904547384	
    Magnitude of b:	6.7988940823316	

	
    Current index:	39501	
    Magnitude of W_grad:	5.1095853319612	
    Magnitude of W:	46147.556685001	
    Magnitude of B_grad:	0.26564497988668	
    Magnitude of b:	6.8428071559728	

	
    Current index:	49501	
    Magnitude of W_grad:	3.6451686841896	
    Magnitude of W:	46123.56345127	
    Magnitude of B_grad:	0.061643657822784	
    Magnitude of b:	6.6520932947852	

	
    Current index:	59501	
    Magnitude of W_grad:	3.6538644767158	
    Magnitude of W:	46099.709670604	
    Magnitude of B_grad:	0.068379198673125	
    Magnitude of b:	6.8573371511491	

	
    Current index:	69501	
    Magnitude of W_grad:	3.5868875604214	
    Magnitude of W:	46076.874449587	
    Magnitude of B_grad:	0.062037461991763	
    Magnitude of b:	6.7978569133758	

	
    Current index:	79501	
    Magnitude of W_grad:	2.7428140577827	
    Magnitude of W:	46055.109161029	
    Magnitude of B_grad:	0.18794262312553	
    Magnitude of b:	6.3637177096839	

	
SGD: Loss is	
	LOSS:Calculated softmax res	
115587.47924622	
SGD: crossEntropyLoss is	
115587.47924622	
SGD: Validation Accuracy is:	
0.33605812897366	
SGD: Magnitude of W:	
46055.109161029	
SGD: Magnitude of b:	
6.3637177096839	
    Current index:	9501	
    Magnitude of W_grad:	4.0083801358761	
    Magnitude of W:	46033.320091837	
    Magnitude of B_grad:	0.081186028383621	
    Magnitude of b:	6.2751485310805	

	
    Current index:	19501	
    Magnitude of W_grad:	3.3578198074897	
    Magnitude of W:	46009.316704442	
    Magnitude of B_grad:	0.072575654971106	
    Magnitude of b:	6.5353656573247	

	
    Current index:	29501	
    Magnitude of W_grad:	3.2812309498846	
    Magnitude of W:	45985.749819472	
    Magnitude of B_grad:	0.047877134763787	
    Magnitude of b:	6.7951155363095	

	
    Current index:	39501	
    Magnitude of W_grad:	5.0647888835076	
    Magnitude of W:	45961.848650296	
    Magnitude of B_grad:	0.26376023290009	
    Magnitude of b:	6.8410653647875	

	
    Current index:	49501	
    Magnitude of W_grad:	3.6204243525125	
    Magnitude of W:	45938.153664985	
    Magnitude of B_grad:	0.061129080950082	
    Magnitude of b:	6.6496972977085	

	
    Current index:	59501	
    Magnitude of W_grad:	3.6328591763916	
    Magnitude of W:	45914.568014282	
    Magnitude of B_grad:	0.06845240712524	
    Magnitude of b:	6.8561796414879	

	
    Current index:	69501	
    Magnitude of W_grad:	3.5644579011561	
    Magnitude of W:	45892.04698259	
    Magnitude of B_grad:	0.0614216707629	
    Magnitude of b:	6.7981157597594	

	
    Current index:	79501	
    Magnitude of W_grad:	2.7236025369437	
    Magnitude of W:	45870.408946773	
    Magnitude of B_grad:	0.18724575954812	
    Magnitude of b:	6.3657129419764	

	
Done.	
Testing on validation set...	
Done	
Datafile:	/n/home09/ankitgupta/CS287/HW1/SST1-uni.hdf5	Classifier:	lr	Alpha:	0	Eta:	2	Lambda:	1	Minibatch size:	500	Num Epochs:	50	Minimum Sentence Length:	5	
Accuracy:	0.3369663941871	
