[?1034hDatafile:	/n/home09/ankitgupta/CS287/HW1/SST1-uni.hdf5	Classifier:	lr	Alpha:	0	Eta:	0.5	Lambda:	0.5	Minibatch size:	500	Num Epochs:	50	Minimum Sentence Length:	5	
Note that not all parameters may apply to all classifiers	
Loading datafiles...	
Number of training samples before removing small sentences	156817	
Number of training samples after removing small sentences	79635	
Done.	
Training classifier...	
SGD: Loss is	
	LOSS:Calculated softmax res	
337523.79772594	
SGD: crossEntropyLoss is	
337523.79772594	
SGD: Validation Accuracy is:	
0.188919164396	
SGD: Magnitude of W:	
61121.034530338	
SGD: Magnitude of b:	
4.0179068532217	
    Current index:	9501	
    Magnitude of W_grad:	9.6811108403861	
    Magnitude of W:	61094.502115195	
    Magnitude of B_grad:	0.12151395183722	
    Magnitude of b:	5.5437770344441	

	
    Current index:	19501	
    Magnitude of W_grad:	9.3283701796993	
    Magnitude of W:	61071.239131078	
    Magnitude of B_grad:	0.18900531285241	
    Magnitude of b:	6.2962751448442	

	
    Current index:	29501	
    Magnitude of W_grad:	8.607799659865	
    Magnitude of W:	61049.06950061	
    Magnitude of B_grad:	0.13195813694326	
    Magnitude of b:	6.8169856658856	

	
    Current index:	39501	
    Magnitude of W_grad:	13.507524313819	
    Magnitude of W:	61026.601940121	
    Magnitude of B_grad:	0.73255284965663	
    Magnitude of b:	6.8256062782363	

	
    Current index:	49501	
    Magnitude of W_grad:	10.112119226006	
    Magnitude of W:	60997.475909409	
    Magnitude of B_grad:	0.18188794570339	
    Magnitude of b:	6.3692579844118	

	
    Current index:	59501	
    Magnitude of W_grad:	9.4616548152618	
    Magnitude of W:	60973.713595035	
    Magnitude of B_grad:	0.11795130105837	
    Magnitude of b:	6.4749752879977	

	
    Current index:	69501	
    Magnitude of W_grad:	8.82425029364	
    Magnitude of W:	60951.630805033	
    Magnitude of B_grad:	0.12230671477591	
    Magnitude of b:	6.8730854576333	

	
    Current index:	79501	
    Magnitude of W_grad:	13.685098211269	
    Magnitude of W:	60929.627519191	
    Magnitude of B_grad:	0.99020243681231	
    Magnitude of b:	6.5317899472735	

	
SGD: Loss is	
	LOSS:Calculated softmax res	
282645.42337534	
SGD: crossEntropyLoss is	
282645.42337534	
SGD: Validation Accuracy is:	
0.22161671207993	
SGD: Magnitude of W:	
60929.627519191	
SGD: Magnitude of b:	
6.5317899472735	
    Current index:	9501	
    Magnitude of W_grad:	9.5174122495795	
    Magnitude of W:	60906.2202919	
    Magnitude of B_grad:	0.10954393067703	
    Magnitude of b:	6.8900979098247	

	
    Current index:	19501	
    Magnitude of W_grad:	9.0451286964397	
    Magnitude of W:	60885.574855491	
    Magnitude of B_grad:	0.19927270741629	
    Magnitude of b:	7.2912344247889	

	
    Current index:	29501	
    Magnitude of W_grad:	8.0269928213673	
    Magnitude of W:	60866.141099064	
    Magnitude of B_grad:	0.10293502686218	
    Magnitude of b:	7.6914853883248	

	
    Current index:	39501	
    Magnitude of W_grad:	12.986889725375	
    Magnitude of W:	60845.793572356	
    Magnitude of B_grad:	0.6835933089306	
    Magnitude of b:	7.5893372205299	

	
    Current index:	49501	
    Magnitude of W_grad:	9.533977790901	
    Magnitude of W:	60822.166796839	
    Magnitude of B_grad:	0.17034716877048	
    Magnitude of b:	7.0114906674207	

	
    Current index:	59501	
    Magnitude of W_grad:	9.3749614926946	
    Magnitude of W:	60801.470599638	
    Magnitude of B_grad:	0.090281402252853	
    Magnitude of b:	7.2980352676371	

	
    Current index:	69501	
    Magnitude of W_grad:	8.4618845490569	
    Magnitude of W:	60782.168406024	
    Magnitude of B_grad:	0.15430859049227	
    Magnitude of b:	7.5240117743005	

	
    Current index:	79501	
    Magnitude of W_grad:	12.758935985901	
    Magnitude of W:	60762.65278641	
    Magnitude of B_grad:	0.92005140620318	
    Magnitude of b:	7.1033885952015	

	
SGD: Loss is	
	LOSS:Calculated softmax res	
265539.63692311	
SGD: crossEntropyLoss is	
265539.63692311	
SGD: Validation Accuracy is:	
0.23433242506812	
SGD: Magnitude of W:	
60762.65278641	
SGD: Magnitude of b:	
7.1033885952015	
    Current index:	9501	
    Magnitude of W_grad:	9.3303151404007	
    Magnitude of W:	60740.982750779	
    Magnitude of B_grad:	0.094942409572505	
    Magnitude of b:	7.2582906086221	

	
    Current index:	19501	
    Magnitude of W_grad:	8.9363989271722	
    Magnitude of W:	60721.88353351	
    Magnitude of B_grad:	0.1904380782275	
    Magnitude of b:	7.5680865432765	

	
    Current index:	29501	
    Magnitude of W_grad:	7.810866896905	
    Magnitude of W:	60703.402984206	
    Magnitude of B_grad:	0.083716007378474	
    Magnitude of b:	7.9364903670826	

	
    Current index:	39501	
    Magnitude of W_grad:	12.751345415675	
    Magnitude of W:	60683.944056441	
    Magnitude of B_grad:	0.66349221215454	
    Magnitude of b:	7.7920119642773	

	
    Current index:	49501	
    Magnitude of W_grad:	9.1767152081532	
    Magnitude of W:	60662.544378082	
    Magnitude of B_grad:	0.15722131413043	
    Magnitude of b:	7.1434589650589	

	
    Current index:	59501	
    Magnitude of W_grad:	9.0381938499802	
    Magnitude of W:	60642.853588628	
    Magnitude of B_grad:	0.066243111448214	
    Magnitude of b:	7.4812709309468	

	
    Current index:	69501	
    Magnitude of W_grad:	8.1769933718074	
    Magnitude of W:	60624.517170985	
    Magnitude of B_grad:	0.16148438362403	
    Magnitude of b:	7.6324018611147	

	
    Current index:	79501	
    Magnitude of W_grad:	12.187291625411	
    Magnitude of W:	60606.06700736	
    Magnitude of B_grad:	0.8731195949953	
    Magnitude of b:	7.2188516847295	

	
SGD: Loss is	
	LOSS:Calculated softmax res	
254115.99511029	
SGD: crossEntropyLoss is	
254115.99511029	
SGD: Validation Accuracy is:	
0.23160762942779	
SGD: Magnitude of W:	
60606.06700736	
SGD: Magnitude of b:	
7.2188516847295	
    Current index:	9501	
    Magnitude of W_grad:	9.203027766173	
    Magnitude of W:	60585.682259507	
    Magnitude of B_grad:	0.08330028310673	
    Magnitude of b:	7.3106875950021	

	
    Current index:	19501	
    Magnitude of W_grad:	8.6895487269983	
    Magnitude of W:	60567.603095871	
    Magnitude of B_grad:	0.18476593479943	
    Magnitude of b:	7.6014117569316	

	
    Current index:	29501	
    Magnitude of W_grad:	7.6913803764245	
    Magnitude of W:	60549.75002809	
    Magnitude of B_grad:	0.072640726882949	
    Magnitude of b:	7.9726519542394	

	
    Current index:	39501	
    Magnitude of W_grad:	12.600472449895	
    Magnitude of W:	60531.159575347	
    Magnitude of B_grad:	0.65195676196315	
    Magnitude of b:	7.8273540897377	

	
    Current index:	49501	
    Magnitude of W_grad:	8.9330856384375	
    Magnitude of W:	60511.373451271	
    Magnitude of B_grad:	0.14206879915934	
    Magnitude of b:	7.1706089774057	

	
    Current index:	59501	
    Magnitude of W_grad:	8.7630013189191	
    Magnitude of W:	60493.206458843	
    Magnitude of B_grad:	0.059546790736609	
    Magnitude of b:	7.5030967760121	

	
    Current index:	69501	
    Magnitude of W_grad:	7.9444162728383	
    Magnitude of W:	60475.394577977	
    Magnitude of B_grad:	0.16214481207125	
    Magnitude of b:	7.6235655958548	

	
    Current index:	79501	
    Magnitude of W_grad:	11.785466514317	
    Magnitude of W:	60457.709260144	
    Magnitude of B_grad:	0.84020752055594	
    Magnitude of b:	7.2290627348179	

	
SGD: Loss is	
	LOSS:Calculated softmax res	
245310.35101742	
SGD: crossEntropyLoss is	
245310.35101742	
SGD: Validation Accuracy is:	
0.23433242506812	
SGD: Magnitude of W:	
60457.709260144	
SGD: Magnitude of b:	
7.2290627348179	
    Current index:	9501	
    Magnitude of W_grad:	9.091374987945	
    Magnitude of W:	60438.203207449	
    Magnitude of B_grad:	0.076109999129002	
    Magnitude of b:	7.3039985690012	

	
    Current index:	19501	
    Magnitude of W_grad:	8.382905329874	
    Magnitude of W:	60420.766265146	
    Magnitude of B_grad:	0.18117460843537	
    Magnitude of b:	7.5892416399857	

	
    Current index:	29501	
    Magnitude of W_grad:	7.6039445198949	
    Magnitude of W:	60403.595685568	
    Magnitude of B_grad:	0.065919291362739	
    Magnitude of b:	7.9669622853284	

	
    Current index:	39501	
    Magnitude of W_grad:	12.463678967236	
    Magnitude of W:	60385.912846002	
    Magnitude of B_grad:	0.64321260647937	
    Magnitude of b:	7.8298220854057	

	
    Current index:	49501	
    Magnitude of W_grad:	8.7553818973841	
    Magnitude of W:	60367.407615984	
    Magnitude of B_grad:	0.12981130346556	
    Magnitude of b:	7.1757829026762	

	
    Current index:	59501	
    Magnitude of W_grad:	8.5604255495041	
    Magnitude of W:	60349.960708911	
    Magnitude of B_grad:	0.062376527558708	
    Magnitude of b:	7.4835090665777	

	
    Current index:	69501	
    Magnitude of W_grad:	7.7653917370062	
    Magnitude of W:	60332.772989788	
    Magnitude of B_grad:	0.16071893956564	
    Magnitude of b:	7.5890705830459	

	
    Current index:	79501	
    Magnitude of W_grad:	11.486931901107	
    Magnitude of W:	60315.63348244	
    Magnitude of B_grad:	0.8126022102182	
    Magnitude of b:	7.2136198856577	

	
SGD: Loss is	
	LOSS:Calculated softmax res	
238076.72434163	
SGD: crossEntropyLoss is	
238076.72434163	
SGD: Validation Accuracy is:	
0.23524069028156	
SGD: Magnitude of W:	
60315.63348244	
SGD: Magnitude of b:	
7.2136198856577	
    Current index:	9501	
    Magnitude of W_grad:	9.0082003960512	
    Magnitude of W:	60297.08325818	
    Magnitude of B_grad:	0.072192457311774	
    Magnitude of b:	7.2886794717336	

	
    Current index:	19501	
    Magnitude of W_grad:	8.0682256535818	
    Magnitude of W:	60280.363901448	
    Magnitude of B_grad:	0.17842644974001	
    Magnitude of b:	7.5704228789374	

	
    Current index:	29501	
    Magnitude of W_grad:	7.5293347230126	
    Magnitude of W:	60263.750868353	
    Magnitude of B_grad:	0.061761253114026	
    Magnitude of b:	7.9515268529473	

	
    Current index:	39501	
    Magnitude of W_grad:	12.329157726538	
    Magnitude of W:	60246.56064123	
    Magnitude of B_grad:	0.63547424564953	
    Magnitude of b:	7.8239748414346	

	
    Current index:	49501	
    Magnitude of W_grad:	8.6193587233693	
    Magnitude of W:	60228.792891957	
    Magnitude of B_grad:	0.12108580620776	
    Magnitude of b:	7.1760649619816	

	
    Current index:	59501	
    Magnitude of W_grad:	8.4100521382711	
    Magnitude of W:	60211.84963667	
    Magnitude of B_grad:	0.062674875516942	
    Magnitude of b:	7.4553886219692	

	
    Current index:	69501	
    Magnitude of W_grad:	7.6195700412063	
    Magnitude of W:	60195.100315315	
    Magnitude of B_grad:	0.15830239079698	
    Magnitude of b:	7.552887801942	

	
    Current index:	79501	
    Magnitude of W_grad:	11.211656829868	
    Magnitude of W:	60178.529149192	
    Magnitude of B_grad:	0.78734826334199	
    Magnitude of b:	7.1947651471942	

	
SGD: Loss is	
	LOSS:Calculated softmax res	
231911.5040608	
SGD: crossEntropyLoss is	
231911.5040608	
SGD: Validation Accuracy is:	
0.23524069028156	
SGD: Magnitude of W:	
60178.529149192	
SGD: Magnitude of b:	
7.1947651471942	
    Current index:	9501	
    Magnitude of W_grad:	8.924152735251	
    Magnitude of W:	60160.686774144	
    Magnitude of B_grad:	0.07033456380877	
    Magnitude of b:	7.2727786363362	

	
    Current index:	19501	
    Magnitude of W_grad:	7.8059298247527	
    Magnitude of W:	60144.301024101	
    Magnitude of B_grad:	0.17579491094765	
    Magnitude of b:	7.551776194131	

	
    Current index:	29501	
    Magnitude of W_grad:	7.4638521609175	
    Magnitude of W:	60128.215303307	
    Magnitude of B_grad:	0.05915403443322	
    Magnitude of b:	7.9330232309616	

	
    Current index:	39501	
    Magnitude of W_grad:	12.195850710511	
    Magnitude of W:	60111.59798589	
    Magnitude of B_grad:	0.62807939867617	
    Magnitude of b:	7.814678678678	

	
    Current index:	49501	
    Magnitude of W_grad:	8.5029964481156	
    Magnitude of W:	60094.659414838	
    Magnitude of B_grad:	0.11533853724134	
    Magnitude of b:	7.1751126678018	

	
    Current index:	59501	
    Magnitude of W_grad:	8.2833276900628	
    Magnitude of W:	60078.554037056	
    Magnitude of B_grad:	0.061470531032804	
    Magnitude of b:	7.4279887583433	

	
    Current index:	69501	
    Magnitude of W_grad:	7.4993851979939	
    Magnitude of W:	60062.379524089	
    Magnitude of B_grad:	0.15532133000668	
    Magnitude of b:	7.5205491696454	

	
    Current index:	79501	
    Magnitude of W_grad:	10.945538276959	
    Magnitude of W:	60046.269886069	
    Magnitude of B_grad:	0.76344115291393	
    Magnitude of b:	7.1782182781595	

	
SGD: Loss is	
	LOSS:Calculated softmax res	
226529.58521802	
SGD: crossEntropyLoss is	
226529.58521802	
SGD: Validation Accuracy is:	
0.24159854677566	
SGD: Magnitude of W:	
60046.269886069	
SGD: Magnitude of b:	
7.1782182781595	
    Current index:	9501	
    Magnitude of W_grad:	8.8307660129272	
    Magnitude of W:	60028.851692026	
    Magnitude of B_grad:	0.069799405777537	
    Magnitude of b:	7.2576455369642	

	
    Current index:	19501	
    Magnitude of W_grad:	7.5789922498245	
    Magnitude of W:	60012.944149575	
    Magnitude of B_grad:	0.17457732417165	
    Magnitude of b:	7.5344854662812	

	
    Current index:	29501	
    Magnitude of W_grad:	7.3965571369948	
    Magnitude of W:	59997.418485797	
    Magnitude of B_grad:	0.057522369660322	
    Magnitude of b:	7.913543696285	

	
    Current index:	39501	
    Magnitude of W_grad:	12.060952675239	
    Magnitude of W:	59981.405339991	
    Magnitude of B_grad:	0.62078098234147	
    Magnitude of b:	7.8035261993238	

	
    Current index:	49501	
    Magnitude of W_grad:	8.3920751055499	
    Magnitude of W:	59965.22888402	
    Magnitude of B_grad:	0.11180162721696	
    Magnitude of b:	7.1735711361003	

	
    Current index:	59501	
    Magnitude of W_grad:	8.17575337789	
    Magnitude of W:	59949.613456534	
    Magnitude of B_grad:	0.059648397202138	
    Magnitude of b:	7.4033418119657	

	
    Current index:	69501	
    Magnitude of W_grad:	7.3837145870241	
    Magnitude of W:	59933.979698676	
    Magnitude of B_grad:	0.15188546009474	
    Magnitude of b:	7.4926368020634	

	
    Current index:	79501	
    Magnitude of W_grad:	10.679340116017	
    Magnitude of W:	59918.459379207	
    Magnitude of B_grad:	0.74052097875286	
    Magnitude of b:	7.1648292294365	

	
SGD: Loss is	
	LOSS:Calculated softmax res	
221749.04784526	
SGD: crossEntropyLoss is	
221749.04784526	
SGD: Validation Accuracy is:	
0.24432334241599	
SGD: Magnitude of W:	
59918.459379207	
SGD: Magnitude of b:	
7.1648292294365	
    Current index:	9501	
    Magnitude of W_grad:	8.7348477307827	
    Magnitude of W:	59901.521443181	
    Magnitude of B_grad:	0.0701785236758	
    Magnitude of b:	7.243608678099	

	
    Current index:	19501	
    Magnitude of W_grad:	7.3887621402279	
    Magnitude of W:	59886.242191215	
    Magnitude of B_grad:	0.17310183246963	
    Magnitude of b:	7.5186211753746	

	
    Current index:	29501	
    Magnitude of W_grad:	7.3275124070468	
    Magnitude of W:	59871.253077583	
    Magnitude of B_grad:	0.056540566908358	
    Magnitude of b:	7.8940572981233	

	
    Current index:	39501	
    Magnitude of W_grad:	11.924038352085	
    Magnitude of W:	59855.727351514	
    Magnitude of B_grad:	0.61349883166111	
    Magnitude of b:	7.7913868080267	

	
    Current index:	49501	
    Magnitude of W_grad:	8.2775210497939	
    Magnitude of W:	59840.111809529	
    Magnitude of B_grad:	0.1097718391277	
    Magnitude of b:	7.1715557107624	

	
    Current index:	59501	
    Magnitude of W_grad:	8.0837952976957	
    Magnitude of W:	59824.984330085	
    Magnitude of B_grad:	0.057693503617764	
    Magnitude of b:	7.3813834586194	

	
    Current index:	69501	
    Magnitude of W_grad:	7.2742833592364	
    Magnitude of W:	59809.753101034	
    Magnitude of B_grad:	0.14800832235671	
    Magnitude of b:	7.4684565452223	

	
    Current index:	79501	
    Magnitude of W_grad:	10.408834070867	
    Magnitude of W:	59794.606161524	
    Magnitude of B_grad:	0.71842815257896	
    Magnitude of b:	7.1540484616161	

	
SGD: Loss is	
	LOSS:Calculated softmax res	
217444.75196823	
SGD: crossEntropyLoss is	
217444.75196823	
SGD: Validation Accuracy is:	
0.24341507720254	
SGD: Magnitude of W:	
59794.606161524	
SGD: Magnitude of b:	
7.1540484616161	
    Current index:	9501	
    Magnitude of W_grad:	8.6437444082947	
    Magnitude of W:	59778.3792514	
    Magnitude of B_grad:	0.071181535706964	
    Magnitude of b:	7.2306570180437	

	
    Current index:	19501	
    Magnitude of W_grad:	7.2257002881832	
    Magnitude of W:	59763.561833402	
    Magnitude of B_grad:	0.17107436901982	
    Magnitude of b:	7.5039142090619	

	
    Current index:	29501	
    Magnitude of W_grad:	7.2621296078147	
    Magnitude of W:	59748.934245158	
    Magnitude of B_grad:	0.056008368524059	
    Magnitude of b:	7.874982307819	

	
    Current index:	39501	
    Magnitude of W_grad:	11.789637406884	
    Magnitude of W:	59733.771151479	
    Magnitude of B_grad:	0.60621026133049	
    Magnitude of b:	7.7787180201281	

	
    Current index:	49501	
    Magnitude of W_grad:	8.1679407380333	
    Magnitude of W:	59718.801614123	
    Magnitude of B_grad:	0.10867133423131	
    Magnitude of b:	7.1690646650539	

	
    Current index:	59501	
    Magnitude of W_grad:	8.002643749486	
    Magnitude of W:	59704.157680311	
    Magnitude of B_grad:	0.055799656961721	
    Magnitude of b:	7.3615474817454	

	
    Current index:	69501	
    Magnitude of W_grad:	7.1712230204242	
    Magnitude of W:	59689.323771507	
    Magnitude of B_grad:	0.14372255261677	
    Magnitude of b:	7.4470897332339	

	
    Current index:	79501	
    Magnitude of W_grad:	10.126401136918	
    Magnitude of W:	59674.6371853	
    Magnitude of B_grad:	0.69711264386642	
    Magnitude of b:	7.1450430270029	

	
SGD: Loss is	
	LOSS:Calculated softmax res	
213526.71794336	
SGD: crossEntropyLoss is	
213526.71794336	
SGD: Validation Accuracy is:	
0.24795640326975	
SGD: Magnitude of W:	
59674.6371853	
SGD: Magnitude of b:	
7.1450430270029	
    Current index:	9501	
    Magnitude of W_grad:	8.5454891037354	
    Magnitude of W:	59658.612111975	
    Magnitude of B_grad:	0.072558169375589	
    Magnitude of b:	7.2186067589242	

	
    Current index:	19501	
    Magnitude of W_grad:	7.0757457791042	
    Magnitude of W:	59644.155184979	
    Magnitude of B_grad:	0.16854814753532	
    Magnitude of b:	7.4900227034579	

	
    Current index:	29501	
    Magnitude of W_grad:	7.1976137063459	
    Magnitude of W:	59629.949373353	
    Magnitude of B_grad:	0.055787169592937	
    Magnitude of b:	7.8564312447745	

	
    Current index:	39501	
    Magnitude of W_grad:	11.659618547347	
    Magnitude of W:	59615.227746104	
    Magnitude of B_grad:	0.59891039168168	
    Magnitude of b:	7.7657333846458	

	
    Current index:	49501	
    Magnitude of W_grad:	8.0640180582617	
    Magnitude of W:	59600.776092847	
    Magnitude of B_grad:	0.10807086607643	
    Magnitude of b:	7.1660555533455	

	
    Current index:	59501	
    Magnitude of W_grad:	7.9260293662417	
    Magnitude of W:	59586.627447619	
    Magnitude of B_grad:	0.054011693759525	
    Magnitude of b:	7.3433200338628	

	
    Current index:	69501	
    Magnitude of W_grad:	7.0718166671652	
    Magnitude of W:	59572.362750393	
    Magnitude of B_grad:	0.13911038347625	
    Magnitude of b:	7.4277770904462	

	
    Current index:	79501	
    Magnitude of W_grad:	9.8354176223803	
    Magnitude of W:	59557.941880089	
    Magnitude of B_grad:	0.67662195077232	
    Magnitude of b:	7.137123651481	

	
SGD: Loss is	
	LOSS:Calculated softmax res	
209928.17016997	
SGD: crossEntropyLoss is	
209928.17016997	
SGD: Validation Accuracy is:	
0.25522252497729	
SGD: Magnitude of W:	
59557.941880089	
SGD: Magnitude of b:	
7.137123651481	
    Current index:	9501	
    Magnitude of W_grad:	8.4432703736424	
    Magnitude of W:	59542.232312473	
    Magnitude of B_grad:	0.074093403164373	
    Magnitude of b:	7.2072562335044	

	
    Current index:	19501	
    Magnitude of W_grad:	6.9431790030594	
    Magnitude of W:	59528.151896967	
    Magnitude of B_grad:	0.16564442738351	
    Magnitude of b:	7.4766775935768	

	
    Current index:	29501	
    Magnitude of W_grad:	7.1327778266511	
    Magnitude of W:	59514.366239881	
    Magnitude of B_grad:	0.055774414996723	
    Magnitude of b:	7.8383941015658	

	
    Current index:	39501	
    Magnitude of W_grad:	11.528084195671	
    Magnitude of W:	59499.999159879	
    Magnitude of B_grad:	0.59159943713607	
    Magnitude of b:	7.7525553167705	

	
    Current index:	49501	
    Magnitude of W_grad:	7.9531520245935	
    Magnitude of W:	59486.047098539	
    Magnitude of B_grad:	0.10768320098069	
    Magnitude of b:	7.1625219995581	

	
    Current index:	59501	
    Magnitude of W_grad:	7.8525004979275	
    Magnitude of W:	59472.371576939	
    Magnitude of B_grad:	0.052320378021829	
    Magnitude of b:	7.326387342966	

	
    Current index:	69501	
    Magnitude of W_grad:	6.9751747607578	
    Magnitude of W:	59458.546323314	
    Magnitude of B_grad:	0.13428887108101	
    Magnitude of b:	7.4100191722851	

	
    Current index:	79501	
    Magnitude of W_grad:	9.5432060048028	
    Magnitude of W:	59444.55671317	
    Magnitude of B_grad:	0.65706603115092	
    Magnitude of b:	7.1298606486119	

	
SGD: Loss is	
	LOSS:Calculated softmax res	
206598.48577854	
SGD: crossEntropyLoss is	
206598.48577854	
SGD: Validation Accuracy is:	
0.25794732061762	
SGD: Magnitude of W:	
59444.55671317	
SGD: Magnitude of b:	
7.1298606486119	
    Current index:	9501	
    Magnitude of W_grad:	8.3392407902692	
    Magnitude of W:	59429.16644981	
    Magnitude of B_grad:	0.075622096998678	
    Magnitude of b:	7.1964560161129	

	
    Current index:	19501	
    Magnitude of W_grad:	6.8176570087147	
    Magnitude of W:	59415.503793151	
    Magnitude of B_grad:	0.1625109071467	
    Magnitude of b:	7.4637150158096	

	
    Current index:	29501	
    Magnitude of W_grad:	7.0704914659488	
    Magnitude of W:	59401.955703157	
    Magnitude of B_grad:	0.05589452139946	
    Magnitude of b:	7.820831719999	

	
    Current index:	39501	
    Magnitude of W_grad:	11.394521697557	
    Magnitude of W:	59388.028092456	
    Magnitude of B_grad:	0.58427853777519	
    Magnitude of b:	7.7392848156683	

	
    Current index:	49501	
    Magnitude of W_grad:	7.843312885598	
    Magnitude of W:	59374.447526606	
    Magnitude of B_grad:	0.10733449443816	
    Magnitude of b:	7.1585073270216	

	
    Current index:	59501	
    Magnitude of W_grad:	7.7849559379896	
    Magnitude of W:	59361.060180278	
    Magnitude of B_grad:	0.050708883107709	
    Magnitude of b:	7.3105856852433	

	
    Current index:	69501	
    Magnitude of W_grad:	6.881953966111	
    Magnitude of W:	59347.641802427	
    Magnitude of B_grad:	0.12938188202447	
    Magnitude of b:	7.3935164101719	

	
    Current index:	79501	
    Magnitude of W_grad:	9.2529601353949	
    Magnitude of W:	59334.037519306	
    Magnitude of B_grad:	0.63856177594717	
    Magnitude of b:	7.1230375066707	

	
SGD: Loss is	
	LOSS:Calculated softmax res	
203498.72126387	
SGD: crossEntropyLoss is	
203498.72126387	
SGD: Validation Accuracy is:	
0.25613079019074	
SGD: Magnitude of W:	
59334.037519306	
SGD: Magnitude of b:	
7.1230375066707	
    Current index:	9501	
    Magnitude of W_grad:	8.2323141077324	
    Magnitude of W:	59318.981551052	
    Magnitude of B_grad:	0.077038064217371	
    Magnitude of b:	7.186114220002	

	
    Current index:	19501	
    Magnitude of W_grad:	6.6976517530163	
    Magnitude of W:	59305.606010517	
    Magnitude of B_grad:	0.15928770892474	
    Magnitude of b:	7.45106094621	

	
    Current index:	29501	
    Magnitude of W_grad:	7.0084672841827	
    Magnitude of W:	59292.404339889	
    Magnitude of B_grad:	0.056094233855149	
    Magnitude of b:	7.8037145495823	

	
    Current index:	39501	
    Magnitude of W_grad:	11.260694399802	
    Magnitude of W:	59278.872644913	
    Magnitude of B_grad:	0.57694941013656	
    Magnitude of b:	7.7260195816863	

	
    Current index:	49501	
    Magnitude of W_grad:	7.7326181625432	
    Magnitude of W:	59265.603109443	
    Magnitude of B_grad:	0.1069294606384	
    Magnitude of b:	7.1540763802939	

	
    Current index:	59501	
    Magnitude of W_grad:	7.7198464845441	
    Magnitude of W:	59252.577026604	
    Magnitude of B_grad:	0.0491688814855	
    Magnitude of b:	7.2958204033083	

	
    Current index:	69501	
    Magnitude of W_grad:	6.7928602320088	
    Magnitude of W:	59239.551279724	
    Magnitude of B_grad:	0.12449881712267	
    Magnitude of b:	7.3780837718793	

	
    Current index:	79501	
    Magnitude of W_grad:	8.9678278973687	
    Magnitude of W:	59226.268388817	
    Magnitude of B_grad:	0.62118709842972	
    Magnitude of b:	7.1165684322157	

	
SGD: Loss is	
	LOSS:Calculated softmax res	
200598.54634327	
SGD: crossEntropyLoss is	
200598.54634327	
SGD: Validation Accuracy is:	
0.26430517711172	
SGD: Magnitude of W:	
59226.268388817	
SGD: Magnitude of b:	
7.1165684322157	
    Current index:	9501	
    Magnitude of W_grad:	8.1268843140476	
    Magnitude of W:	59211.516043346	
    Magnitude of B_grad:	0.078291759815049	
    Magnitude of b:	7.1761804126651	

	
    Current index:	19501	
    Magnitude of W_grad:	6.583293407217	
    Magnitude of W:	59198.403978363	
    Magnitude of B_grad:	0.15608413952699	
    Magnitude of b:	7.4387059169019	

	
    Current index:	29501	
    Magnitude of W_grad:	6.9482121869364	
    Magnitude of W:	59185.529813191	
    Magnitude of B_grad:	0.056337721818921	
    Magnitude of b:	7.787037945735	

	
    Current index:	39501	
    Magnitude of W_grad:	11.126381310387	
    Magnitude of W:	59172.289164135	
    Magnitude of B_grad:	0.56961495646238	
    Magnitude of b:	7.7128560827	

	
    Current index:	49501	
    Magnitude of W_grad:	7.6206998808111	
    Magnitude of W:	59159.383033747	
    Magnitude of B_grad:	0.10642195541718	
    Magnitude of b:	7.1492977295327	

	
    Current index:	59501	
    Magnitude of W_grad:	7.6586037535051	
    Magnitude of W:	59146.60468008	
    Magnitude of B_grad:	0.047701805613423	
    Magnitude of b:	7.2820180670934	

	
    Current index:	69501	
    Magnitude of W_grad:	6.707952867875	
    Magnitude of W:	59133.923510368	
    Magnitude of B_grad:	0.11972506758168	
    Magnitude of b:	7.3635969189751	

	
    Current index:	79501	
    Magnitude of W_grad:	8.6896140856973	
    Magnitude of W:	59120.919685362	
    Magnitude of B_grad:	0.60496012954927	
    Magnitude of b:	7.1104346820133	

	
SGD: Loss is	
	LOSS:Calculated softmax res	
197874.01090786	
SGD: crossEntropyLoss is	
197874.01090786	
SGD: Validation Accuracy is:	
0.2661217075386	
SGD: Magnitude of W:	
59120.919685362	
SGD: Magnitude of b:	
7.1104346820133	
    Current index:	9501	
    Magnitude of W_grad:	8.0241419591565	
    Magnitude of W:	59106.430786665	
    Magnitude of B_grad:	0.079378672664334	
    Magnitude of b:	7.1666284142619	

	
    Current index:	19501	
    Magnitude of W_grad:	6.4755897791832	
    Magnitude of W:	59093.548756284	
    Magnitude of B_grad:	0.15297079992918	
    Magnitude of b:	7.4266782330845	

	
    Current index:	29501	
    Magnitude of W_grad:	6.8892219802019	
    Magnitude of W:	59081.010840388	
    Magnitude of B_grad:	0.056601119132835	
    Magnitude of b:	7.7708225560934	

	
    Current index:	39501	
    Magnitude of W_grad:	10.99105353404	
    Magnitude of W:	59068.044141077	
    Magnitude of B_grad:	0.56227963842807	
    Magnitude of b:	7.6998868821529	

	
    Current index:	49501	
    Magnitude of W_grad:	7.5080378078741	
    Magnitude of W:	59055.461751202	
    Magnitude of B_grad:	0.10579512095988	
    Magnitude of b:	7.1442388580536	

	
    Current index:	59501	
    Magnitude of W_grad:	7.6005241415132	
    Magnitude of W:	59042.995423312	
    Magnitude of B_grad:	0.046314833283573	
    Magnitude of b:	7.2691083559942	

	
    Current index:	69501	
    Magnitude of W_grad:	6.6245647285973	
    Magnitude of W:	59030.652939931	
    Magnitude of B_grad:	0.11512086293634	
    Magnitude of b:	7.3499666490242	

	
    Current index:	79501	
    Magnitude of W_grad:	8.4229398324693	
    Magnitude of W:	59017.912566547	
    Magnitude of B_grad:	0.58984207150234	
    Magnitude of b:	7.104645467219	

	
SGD: Loss is	
	LOSS:Calculated softmax res	
195305.8803798	
SGD: crossEntropyLoss is	
195305.8803798	
SGD: Validation Accuracy is:	
0.27157129881926	
SGD: Magnitude of W:	
59017.912566547	
SGD: Magnitude of b:	
7.104645467219	
    Current index:	9501	
    Magnitude of W_grad:	7.9241907282093	
    Magnitude of W:	59003.696575637	
    Magnitude of B_grad:	0.080322145591864	
    Magnitude of b:	7.1574461993196	

	
    Current index:	19501	
    Magnitude of W_grad:	6.3751868743018	
    Magnitude of W:	58991.117299461	
    Magnitude of B_grad:	0.1499848388137	
    Magnitude of b:	7.4150222236208	

	
    Current index:	29501	
    Magnitude of W_grad:	6.8305881115017	
    Magnitude of W:	58978.835597763	
    Magnitude of B_grad:	0.056867399681601	
    Magnitude of b:	7.7551067198257	

	
    Current index:	39501	
    Magnitude of W_grad:	10.855101904549	
    Magnitude of W:	58966.189833945	
    Magnitude of B_grad:	0.55494971660578	
    Magnitude of b:	7.6871976750188	

	
    Current index:	49501	
    Magnitude of W_grad:	7.3951358820852	
    Magnitude of W:	58953.929936799	
    Magnitude of B_grad:	0.1050494092658	
    Magnitude of b:	7.1389644225542	

	
    Current index:	59501	
    Magnitude of W_grad:	7.544624846966	
    Magnitude of W:	58941.651103817	
    Magnitude of B_grad:	0.045016474186466	
    Magnitude of b:	7.2570228478989	

	
    Current index:	69501	
    Magnitude of W_grad:	6.543998403186	
    Magnitude of W:	58929.590208355	
    Magnitude of B_grad:	0.11072428414458	
    Magnitude of b:	7.3371285734715	

	
    Current index:	79501	
    Magnitude of W_grad:	8.1728628189739	
    Magnitude of W:	58917.130807885	
    Magnitude of B_grad:	0.57575440304678	
    Magnitude of b:	7.0992175930025	

	
SGD: Loss is	
	LOSS:Calculated softmax res	
192878.39637088	
SGD: crossEntropyLoss is	
192878.39637088	
SGD: Validation Accuracy is:	
0.2724795640327	
SGD: Magnitude of W:	
58917.130807885	
SGD: Magnitude of b:	
7.0992175930025	
    Current index:	9501	
    Magnitude of W_grad:	7.8291002327753	
    Magnitude of W:	58903.202143244	
    Magnitude of B_grad:	0.081155751016386	
    Magnitude of b:	7.1486331295649	

	
    Current index:	19501	
    Magnitude of W_grad:	6.2798773681642	
    Magnitude of W:	58890.920878069	
    Magnitude of B_grad:	0.14714081916742	
    Magnitude of b:	7.4037851340206	

	
    Current index:	29501	
    Magnitude of W_grad:	6.7760671444195	
    Magnitude of W:	58878.830363174	
    Magnitude of B_grad:	0.057122361565157	
    Magnitude of b:	7.739937408683	

	
    Current index:	39501	
    Magnitude of W_grad:	10.718676880128	
    Magnitude of W:	58866.367192286	
    Magnitude of B_grad:	0.54763361783294	
    Magnitude of b:	7.6748652576072	

	
    Current index:	49501	
    Magnitude of W_grad:	7.2844745929523	
    Magnitude of W:	58854.43639841	
    Magnitude of B_grad:	0.10419537311976	
    Magnitude of b:	7.1335354211331	

	
    Current index:	59501	
    Magnitude of W_grad:	7.4911580838044	
    Magnitude of W:	58842.405815987	
    Magnitude of B_grad:	0.043813583347382	
    Magnitude of b:	7.2457002504279	

	
    Current index:	69501	
    Magnitude of W_grad:	6.4702373131005	
    Magnitude of W:	58830.620269467	
    Magnitude of B_grad:	0.10655575879262	
    Magnitude of b:	7.3250382272306	

	
    Current index:	79501	
    Magnitude of W_grad:	7.9367818170834	
    Magnitude of W:	58818.374841463	
    Magnitude of B_grad:	0.56260040929459	
    Magnitude of b:	7.0941665310651	

	
SGD: Loss is	
	LOSS:Calculated softmax res	
190578.35463751	
SGD: crossEntropyLoss is	
190578.35463751	
SGD: Validation Accuracy is:	
0.27702089009991	
SGD: Magnitude of W:	
58818.374841463	
SGD: Magnitude of b:	
7.0941665310651	
    Current index:	9501	
    Magnitude of W_grad:	7.7409442083836	
    Magnitude of W:	58804.762201807	
    Magnitude of B_grad:	0.081910336483473	
    Magnitude of b:	7.1401985204811	

	
    Current index:	19501	
    Magnitude of W_grad:	6.1902017801536	
    Magnitude of W:	58792.710473224	
    Magnitude of B_grad:	0.14444071343092	
    Magnitude of b:	7.393010126321	

	
    Current index:	29501	
    Magnitude of W_grad:	6.7214008576696	
    Magnitude of W:	58780.802106463	
    Magnitude of B_grad:	0.057352231842093	
    Magnitude of b:	7.7253617220964	

	
    Current index:	39501	
    Magnitude of W_grad:	10.582552269436	
    Magnitude of W:	58768.612097055	
    Magnitude of B_grad:	0.54034227684024	
    Magnitude of b:	7.6629551957882	

	
    Current index:	49501	
    Magnitude of W_grad:	7.178450432511	
    Magnitude of W:	58756.961494376	
    Magnitude of B_grad:	0.10324905201227	
    Magnitude of b:	7.1280092895677	

	
    Current index:	59501	
    Magnitude of W_grad:	7.4402183281999	
    Magnitude of W:	58745.153512134	
    Magnitude of B_grad:	0.042709998582015	
    Magnitude of b:	7.235089124921	

	
    Current index:	69501	
    Magnitude of W_grad:	6.3986212041938	
    Magnitude of W:	58733.580891309	
    Magnitude of B_grad:	0.10262267858278	
    Magnitude of b:	7.313665068868	

	
    Current index:	79501	
    Magnitude of W_grad:	7.710328857239	
    Magnitude of W:	58721.678994237	
    Magnitude of B_grad:	0.55028351656419	
    Magnitude of b:	7.0895020027439	

	
SGD: Loss is	
	LOSS:Calculated softmax res	
188394.42374579	
SGD: crossEntropyLoss is	
188394.42374579	
SGD: Validation Accuracy is:	
0.27974568574024	
SGD: Magnitude of W:	
58721.678994237	
SGD: Magnitude of b:	
7.0895020027439	
    Current index:	9501	
    Magnitude of W_grad:	7.659352870213	
    Magnitude of W:	58708.367000882	
    Magnitude of B_grad:	0.08260792794277	
    Magnitude of b:	7.1321563160967	

	
    Current index:	19501	
    Magnitude of W_grad:	6.1042312760147	
    Magnitude of W:	58696.525160471	
    Magnitude of B_grad:	0.14188054040531	
    Magnitude of b:	7.3827309645001	

	
    Current index:	29501	
    Magnitude of W_grad:	6.6660462969767	
    Magnitude of W:	58684.870873855	
    Magnitude of B_grad:	0.057542972572871	
    Magnitude of b:	7.7114186316195	

	
    Current index:	39501	
    Magnitude of W_grad:	10.446392512572	
    Magnitude of W:	58672.884129623	
    Magnitude of B_grad:	0.53308908702336	
    Magnitude of b:	7.6515184181948	

	
    Current index:	49501	
    Magnitude of W_grad:	7.0761487903229	
    Magnitude of W:	58661.526560103	
    Magnitude of B_grad:	0.10222881861522	
    Magnitude of b:	7.1224397312241	

	
    Current index:	59501	
    Magnitude of W_grad:	7.3919668560701	
    Magnitude of W:	58649.995456033	
    Magnitude of B_grad:	0.041706359175317	
    Magnitude of b:	7.2251445530103	

	
    Current index:	69501	
    Magnitude of W_grad:	6.3299060209758	
    Magnitude of W:	58638.625577124	
    Magnitude of B_grad:	0.0989235274163	
    Magnitude of b:	7.302983859676	

	
    Current index:	79501	
    Magnitude of W_grad:	7.49331795294	
    Magnitude of W:	58626.929294066	
    Magnitude of B_grad:	0.53871852363823	
    Magnitude of b:	7.0852245498189	

	
SGD: Loss is	
	LOSS:Calculated softmax res	
186316.66505318	
SGD: crossEntropyLoss is	
186316.66505318	
SGD: Validation Accuracy is:	
0.27792915531335	
SGD: Magnitude of W:	
58626.929294066	
SGD: Magnitude of b:	
7.0852245498189	
    Current index:	9501	
    Magnitude of W_grad:	7.5892508058673	
    Magnitude of W:	58613.896758429	
    Magnitude of B_grad:	0.083261194273728	
    Magnitude of b:	7.1245168814811	

	
    Current index:	19501	
    Magnitude of W_grad:	6.0216551003023	
    Magnitude of W:	58602.274487982	
    Magnitude of B_grad:	0.13945396610748	
    Magnitude of b:	7.3729672328348	

	
    Current index:	29501	
    Magnitude of W_grad:	6.6105626481171	
    Magnitude of W:	58590.816729236	
    Magnitude of B_grad:	0.057680839813155	
    Magnitude of b:	7.698132124606	

	
    Current index:	39501	
    Magnitude of W_grad:	10.311958191028	
    Magnitude of W:	58578.962862215	
    Magnitude of B_grad:	0.52588931228869	
    Magnitude of b:	7.6405880139267	

	
    Current index:	49501	
    Magnitude of W_grad:	6.9787762993409	
    Magnitude of W:	58567.876497141	
    Magnitude of B_grad:	0.10115314455417	
    Magnitude of b:	7.1168754380654	

	
    Current index:	59501	
    Magnitude of W_grad:	7.3464126588946	
    Magnitude of W:	58556.554240024	
    Magnitude of B_grad:	0.04080054339811	
    Magnitude of b:	7.2158219577121	

	
    Current index:	69501	
    Magnitude of W_grad:	6.2639694444536	
    Magnitude of W:	58545.388284067	
    Magnitude of B_grad:	0.095451272829088	
    Magnitude of b:	7.2929664525646	

	
    Current index:	79501	
    Magnitude of W_grad:	7.2879068781293	
    Magnitude of W:	58533.887254715	
    Magnitude of B_grad:	0.52783537482395	
    Magnitude of b:	7.0813233706137	

	
SGD: Loss is	
	LOSS:Calculated softmax res	
184336.2265073	
SGD: crossEntropyLoss is	
184336.2265073	
SGD: Validation Accuracy is:	
0.27702089009991	
SGD: Magnitude of W:	
58533.887254715	
SGD: Magnitude of b:	
7.0813233706137	
    Current index:	9501	
    Magnitude of W_grad:	7.5238752489726	
    Magnitude of W:	58521.020974489	
    Magnitude of B_grad:	0.083875725671831	
    Magnitude of b:	7.1172808153926	

	
    Current index:	19501	
    Magnitude of W_grad:	5.9437708756724	
    Magnitude of W:	58509.644262826	
    Magnitude of B_grad:	0.13715399168165	
    Magnitude of b:	7.363722094348	

	
    Current index:	29501	
    Magnitude of W_grad:	6.5558817339023	
    Magnitude of W:	58498.348072394	
    Magnitude of B_grad:	0.059155330818885	
    Magnitude of b:	7.6855081876847	

	
    Current index:	39501	
    Magnitude of W_grad:	10.180872353926	
    Magnitude of W:	58486.716549184	
    Magnitude of B_grad:	0.51875912188612	
    Magnitude of b:	7.6301785403053	

	
    Current index:	49501	
    Magnitude of W_grad:	6.8867164806813	
    Magnitude of W:	58475.903680326	
    Magnitude of B_grad:	0.10003906239774	
    Magnitude of b:	7.1113584514837	

	
    Current index:	59501	
    Magnitude of W_grad:	7.3012969407508	
    Magnitude of W:	58464.850363608	
    Magnitude of B_grad:	0.039988300410891	
    Magnitude of b:	7.2070730502738	

	
    Current index:	69501	
    Magnitude of W_grad:	6.2000816436705	
    Magnitude of W:	58453.925486421	
    Magnitude of B_grad:	0.092195941964814	
    Magnitude of b:	7.283577373898	

	
    Current index:	79501	
    Magnitude of W_grad:	7.0963603059497	
    Magnitude of W:	58442.720444832	
    Magnitude of B_grad:	0.51757751246938	
    Magnitude of b:	7.0777765344427	

	
SGD: Loss is	
	LOSS:Calculated softmax res	
182445.16629922	
SGD: crossEntropyLoss is	
182445.16629922	
SGD: Validation Accuracy is:	
0.27883742052679	
SGD: Magnitude of W:	
58442.720444832	
SGD: Magnitude of b:	
7.0777765344427	
    Current index:	9501	
    Magnitude of W_grad:	7.4612963760323	
    Magnitude of W:	58430.069472235	
    Magnitude of B_grad:	0.084452909186853	
    Magnitude of b:	7.1104375745671	

	
    Current index:	19501	
    Magnitude of W_grad:	5.8697145333074	
    Magnitude of W:	58418.834364789	
    Magnitude of B_grad:	0.13497363885628	
    Magnitude of b:	7.3549838703681	

	
    Current index:	29501	
    Magnitude of W_grad:	6.5018701719956	
    Magnitude of W:	58407.743677644	
    Magnitude of B_grad:	0.060511019909755	
    Magnitude of b:	7.6735364430031	

	
    Current index:	39501	
    Magnitude of W_grad:	10.052404532197	
    Magnitude of W:	58396.394640483	
    Magnitude of B_grad:	0.51171453922467	
    Magnitude of b:	7.620288711335	

	
    Current index:	49501	
    Magnitude of W_grad:	6.7982591731664	
    Magnitude of W:	58385.696210326	
    Magnitude of B_grad:	0.098901253576862	
    Magnitude of b:	7.1059233673889	

	
    Current index:	59501	
    Magnitude of W_grad:	7.256992925747	
    Magnitude of W:	58374.844257522	
    Magnitude of B_grad:	0.039263864257139	
    Magnitude of b:	7.1988457952318	

	
    Current index:	69501	
    Magnitude of W_grad:	6.1380786173948	
    Magnitude of W:	58364.172074661	
    Magnitude of B_grad:	0.089146406504459	
    Magnitude of b:	7.2747738323025	

	
    Current index:	79501	
    Magnitude of W_grad:	6.914252512196	
    Magnitude of W:	58353.170660122	
    Magnitude of B_grad:	0.50789769458017	
    Magnitude of b:	7.0745533161799	

	
SGD: Loss is	
	LOSS:Calculated softmax res	
180636.35096627	
SGD: crossEntropyLoss is	
180636.35096627	
SGD: Validation Accuracy is:	
0.28156221616712	
SGD: Magnitude of W:	
58353.170660122	
SGD: Magnitude of b:	
7.0745533161799	
    Current index:	9501	
    Magnitude of W_grad:	7.4004392779953	
    Magnitude of W:	58340.723900716	
    Magnitude of B_grad:	0.084992288813303	
    Magnitude of b:	7.1039678894582	

	
    Current index:	19501	
    Magnitude of W_grad:	5.7988770093366	
    Magnitude of W:	58329.688271379	
    Magnitude of B_grad:	0.13290616004064	
    Magnitude of b:	7.3467303333198	

	
    Current index:	29501	
    Magnitude of W_grad:	6.4484085919014	
    Magnitude of W:	58318.842905297	
    Magnitude of B_grad:	0.061731047393214	
    Magnitude of b:	7.6621947741804	

	
    Current index:	39501	
    Magnitude of W_grad:	9.9270566925155	
    Magnitude of W:	58307.744387561	
    Magnitude of B_grad:	0.5047705426318	
    Magnitude of b:	7.6109062142707	

	
    Current index:	49501	
    Magnitude of W_grad:	6.7136789516902	
    Magnitude of W:	58297.173068719	
    Magnitude of B_grad:	0.097751687913789	
    Magnitude of b:	7.1005977351994	

	
    Current index:	59501	
    Magnitude of W_grad:	7.2128220238917	
    Magnitude of W:	58286.591344313	
    Magnitude of B_grad:	0.038620486207344	
    Magnitude of b:	7.1910871316519	

	
    Current index:	69501	
    Magnitude of W_grad:	6.0776710700697	
    Magnitude of W:	58276.076325737	
    Magnitude of B_grad:	0.086291482352743	
    Magnitude of b:	7.2665085149777	

	
    Current index:	79501	
    Magnitude of W_grad:	6.741985059361	
    Magnitude of W:	58265.353906641	
    Magnitude of B_grad:	0.49875387501294	
    Magnitude of b:	7.0716174934796	

	
SGD: Loss is	
	LOSS:Calculated softmax res	
178903.38498434	
SGD: crossEntropyLoss is	
178903.38498434	
SGD: Validation Accuracy is:	
0.28428701180745	
SGD: Magnitude of W:	
58265.353906641	
SGD: Magnitude of b:	
7.0716174934796	
    Current index:	9501	
    Magnitude of W_grad:	7.34185590005	
    Magnitude of W:	58253.197188062	
    Magnitude of B_grad:	0.085493098056363	
    Magnitude of b:	7.0978475424931	

	
    Current index:	19501	
    Magnitude of W_grad:	5.7306047439855	
    Magnitude of W:	58242.340522124	
    Magnitude of B_grad:	0.13094502497698	
    Magnitude of b:	7.3389335832307	

	
    Current index:	29501	
    Magnitude of W_grad:	6.3956475974403	
    Magnitude of W:	58231.711403205	
    Magnitude of B_grad:	0.062824439618639	
    Magnitude of b:	7.6514544457327	

	
    Current index:	39501	
    Magnitude of W_grad:	9.8051479872113	
    Magnitude of W:	58220.752736209	
    Magnitude of B_grad:	0.49794043662739	
    Magnitude of b:	7.6020126120439	

	
    Current index:	49501	
    Magnitude of W_grad:	6.6343086058031	
    Magnitude of W:	58210.296398714	
    Magnitude of B_grad:	0.09659965552736	
    Magnitude of b:	7.0954031488035	

	
    Current index:	59501	
    Magnitude of W_grad:	7.1694515755754	
    Magnitude of W:	58199.824037166	
    Magnitude of B_grad:	0.038050881135315	
    Magnitude of b:	7.1837462376622	

	
    Current index:	69501	
    Magnitude of W_grad:	6.0189870945668	
    Magnitude of W:	58189.530040848	
    Magnitude of B_grad:	0.083620501925572	
    Magnitude of b:	7.2587330806591	

	
    Current index:	79501	
    Magnitude of W_grad:	6.5785638734211	
    Magnitude of W:	58179.009707072	
    Magnitude of B_grad:	0.49010675731183	
    Magnitude of b:	7.0689306732362	

	
SGD: Loss is	
	LOSS:Calculated softmax res	
177240.55087598	
SGD: crossEntropyLoss is	
177240.55087598	
SGD: Validation Accuracy is:	
0.28610354223433	
SGD: Magnitude of W:	
58179.009707072	
SGD: Magnitude of b:	
7.0689306732362	
    Current index:	9501	
    Magnitude of W_grad:	7.2856073829344	
    Magnitude of W:	58167.071748451	
    Magnitude of B_grad:	0.085955040412427	
    Magnitude of b:	7.0920506979227	

	
    Current index:	19501	
    Magnitude of W_grad:	5.6647657351306	
    Magnitude of W:	58156.368060415	
    Magnitude of B_grad:	0.1290837997444	
    Magnitude of b:	7.3315638520269	

	
    Current index:	29501	
    Magnitude of W_grad:	6.3434645405443	
    Magnitude of W:	58145.952673387	
    Magnitude of B_grad:	0.063800391843512	
    Magnitude of b:	7.6412839337966	

	
    Current index:	39501	
    Magnitude of W_grad:	9.6868735198026	
    Magnitude of W:	58135.165215109	
    Magnitude of B_grad:	0.49123551105626	
    Magnitude of b:	7.5935868308539	

	
    Current index:	49501	
    Magnitude of W_grad:	6.5587245748902	
    Magnitude of W:	58124.862682161	
    Magnitude of B_grad:	0.095451990689423	
    Magnitude of b:	7.0903563260721	

	
    Current index:	59501	
    Magnitude of W_grad:	7.1270441786371	
    Magnitude of W:	58114.574555425	
    Magnitude of B_grad:	0.037547596996878	
    Magnitude of b:	7.1767767264165	

	
    Current index:	69501	
    Magnitude of W_grad:	5.962343742446	
    Magnitude of W:	58104.526519019	
    Magnitude of B_grad:	0.081123535530594	
    Magnitude of b:	7.2514009054413	

	
    Current index:	79501	
    Magnitude of W_grad:	6.4247551862771	
    Magnitude of W:	58094.202707136	
    Magnitude of B_grad:	0.48191925945441	
    Magnitude of b:	7.0664550915564	

	
SGD: Loss is	
	LOSS:Calculated softmax res	
175642.7509163	
SGD: crossEntropyLoss is	
175642.7509163	
SGD: Validation Accuracy is:	
0.28701180744777	
SGD: Magnitude of W:	
58094.202707136	
SGD: Magnitude of b:	
7.0664550915564	
    Current index:	9501	
    Magnitude of W_grad:	7.2298928931228	
    Magnitude of W:	58082.450977394	
    Magnitude of B_grad:	0.086378525785517	
    Magnitude of b:	7.0865519636163	

	
    Current index:	19501	
    Magnitude of W_grad:	5.6023089664074	
    Magnitude of W:	58071.909638302	
    Magnitude of B_grad:	0.12731600803252	
    Magnitude of b:	7.3245915801443	

	
    Current index:	29501	
    Magnitude of W_grad:	6.2919092554146	
    Magnitude of W:	58061.717716216	
    Magnitude of B_grad:	0.064667928463493	
    Magnitude of b:	7.6316508961102	

	
    Current index:	39501	
    Magnitude of W_grad:	9.571344838268	
    Magnitude of W:	58051.109919634	
    Magnitude of B_grad:	0.48466494829308	
    Magnitude of b:	7.5856067969606	

	
    Current index:	49501	
    Magnitude of W_grad:	6.4861232129127	
    Magnitude of W:	58040.935840383	
    Magnitude of B_grad:	0.094313354439963	
    Magnitude of b:	7.0854697922944	

	
    Current index:	59501	
    Magnitude of W_grad:	7.0847051824182	
    Magnitude of W:	58030.762802137	
    Magnitude of B_grad:	0.037103317123827	
    Magnitude of b:	7.1701373201731	

	
    Current index:	69501	
    Magnitude of W_grad:	5.9072645205652	
    Magnitude of W:	58020.949297056	
    Magnitude of B_grad:	0.079719944333454	
    Magnitude of b:	7.2444685822839	

	
    Current index:	79501	
    Magnitude of W_grad:	6.2790784857946	
    Magnitude of W:	58010.763527808	
    Magnitude of B_grad:	0.47415702176029	
    Magnitude of b:	7.0641554901157	

	
SGD: Loss is	
	LOSS:Calculated softmax res	
174105.44399257	
SGD: crossEntropyLoss is	
174105.44399257	
SGD: Validation Accuracy is:	
0.28610354223433	
SGD: Magnitude of W:	
58010.763527808	
SGD: Magnitude of b:	
7.0641554901157	
    Current index:	9501	
    Magnitude of W_grad:	7.1743376960196	
    Magnitude of W:	57999.224211755	
    Magnitude of B_grad:	0.086764583931502	
    Magnitude of b:	7.0813271412519	

	
    Current index:	19501	
    Magnitude of W_grad:	5.5436339921517	
    Magnitude of W:	57988.918498813	
    Magnitude of B_grad:	0.1256350682044	
    Magnitude of b:	7.3179880421917	

	
    Current index:	29501	
    Magnitude of W_grad:	6.2453453287796	
    Magnitude of W:	57978.908858433	
    Magnitude of B_grad:	0.065435716794118	
    Magnitude of b:	7.6225227248737	

	
    Current index:	39501	
    Magnitude of W_grad:	9.4583945892286	
    Magnitude of W:	57968.413640472	
    Magnitude of B_grad:	0.47823591743036	
    Magnitude of b:	7.5780497349436	

	
    Current index:	49501	
    Magnitude of W_grad:	6.4169522364908	
    Magnitude of W:	57958.424028927	
    Magnitude of B_grad:	0.093186554538787	
    Magnitude of b:	7.0807522354774	

	
    Current index:	59501	
    Magnitude of W_grad:	7.0424374453903	
    Magnitude of W:	57948.416751149	
    Magnitude of B_grad:	0.036711099754998	
    Magnitude of b:	7.1637915325222	

	
    Current index:	69501	
    Magnitude of W_grad:	5.8546701152112	
    Magnitude of W:	57938.736117548	
    Magnitude of B_grad:	0.078645295660456	
    Magnitude of b:	7.2378964388907	

	
    Current index:	79501	
    Magnitude of W_grad:	6.1415505165482	
    Magnitude of W:	57928.680976501	
    Magnitude of B_grad:	0.4667889310742	
    Magnitude of b:	7.0619999791125	

	
SGD: Loss is	
	LOSS:Calculated softmax res	
172624.57577902	
SGD: crossEntropyLoss is	
172624.57577902	
SGD: Validation Accuracy is:	
0.28610354223433	
SGD: Magnitude of W:	
57928.680976501	
SGD: Magnitude of b:	
7.0619999791125	
    Current index:	9501	
    Magnitude of W_grad:	7.1188223726571	
    Magnitude of W:	57917.394275589	
    Magnitude of B_grad:	0.087114637033659	
    Magnitude of b:	7.0763531520742	

	
    Current index:	19501	
    Magnitude of W_grad:	5.488924329002	
    Magnitude of W:	57907.246543503	
    Magnitude of B_grad:	0.12403435467879	
    Magnitude of b:	7.3117252832864	

	
    Current index:	29501	
    Magnitude of W_grad:	6.2009904884845	
    Magnitude of W:	57897.354468901	
    Magnitude of B_grad:	0.066111983663452	
    Magnitude of b:	7.6138665493963	

	
    Current index:	39501	
    Magnitude of W_grad:	9.3479355125162	
    Magnitude of W:	57886.912727575	
    Magnitude of B_grad:	0.47195379001875	
    Magnitude of b:	7.5708920102886	

	
    Current index:	49501	
    Magnitude of W_grad:	6.3523804249198	
    Magnitude of W:	57877.074652505	
    Magnitude of B_grad:	0.092072921678716	
    Magnitude of b:	7.0762088138294	

	
    Current index:	59501	
    Magnitude of W_grad:	7.0009071854466	
    Magnitude of W:	57867.184910055	
    Magnitude of B_grad:	0.036364551463235	
    Magnitude of b:	7.1577071316639	

	
    Current index:	69501	
    Magnitude of W_grad:	5.8041648434223	
    Magnitude of W:	57857.657307489	
    Magnitude of B_grad:	0.077578540171309	
    Magnitude of b:	7.2316485861217	

	
    Current index:	79501	
    Magnitude of W_grad:	6.0119149356028	
    Magnitude of W:	57847.805493796	
    Magnitude of B_grad:	0.45978720561968	
    Magnitude of b:	7.0599602009804	

	
SGD: Loss is	
	LOSS:Calculated softmax res	
171196.507951	
SGD: crossEntropyLoss is	
171196.507951	
SGD: Validation Accuracy is:	
0.28610354223433	
SGD: Magnitude of W:	
57847.805493796	
SGD: Magnitude of b:	
7.0599602009804	
    Current index:	9501	
    Magnitude of W_grad:	7.0641449206132	
    Magnitude of W:	57836.764772109	
    Magnitude of B_grad:	0.089011869281795	
    Magnitude of b:	7.0716077681667	

	
    Current index:	19501	
    Magnitude of W_grad:	5.4372219206091	
    Magnitude of W:	57826.760374675	
    Magnitude of B_grad:	0.12250735566938	
    Magnitude of b:	7.3057760295682	

	
    Current index:	29501	
    Magnitude of W_grad:	6.1583686076465	
    Magnitude of W:	57816.956596067	
    Magnitude of B_grad:	0.066704493508495	
    Magnitude of b:	7.6056493475718	

	
    Current index:	39501	
    Magnitude of W_grad:	9.2439611713352	
    Magnitude of W:	57806.653341449	
    Magnitude of B_grad:	0.46582241369675	
    Magnitude of b:	7.5641091451916	

	
    Current index:	49501	
    Magnitude of W_grad:	6.2909664310143	
    Magnitude of W:	57796.989208947	
    Magnitude of B_grad:	0.090972720267214	
    Magnitude of b:	7.0718415946125	

	
    Current index:	59501	
    Magnitude of W_grad:	6.960050168106	
    Magnitude of W:	57787.254837912	
    Magnitude of B_grad:	0.036057930304809	
    Magnitude of b:	7.151855765191	

	
    Current index:	69501	
    Magnitude of W_grad:	5.7547197516692	
    Magnitude of W:	57777.871513734	
    Magnitude of B_grad:	0.076521810954033	
    Magnitude of b:	7.2256928135267	

	
    Current index:	79501	
    Magnitude of W_grad:	5.89043816424	
    Magnitude of W:	57768.168362024	
    Magnitude of B_grad:	0.45312710533449	
    Magnitude of b:	7.0580112194959	

	
SGD: Loss is	
	LOSS:Calculated softmax res	
169817.95477078	
SGD: crossEntropyLoss is	
169817.95477078	
SGD: Validation Accuracy is:	
0.28792007266122	
SGD: Magnitude of W:	
57768.168362024	
SGD: Magnitude of b:	
7.0580112194959	
    Current index:	9501	
    Magnitude of W_grad:	7.0095295004807	
    Magnitude of W:	57757.264913069	
    Magnitude of B_grad:	0.091178842809003	
    Magnitude of b:	7.0670695367026	

	
    Current index:	19501	
    Magnitude of W_grad:	5.3879383381341	
    Magnitude of W:	57747.367718332	
    Magnitude of B_grad:	0.12104785891218	
    Magnitude of b:	7.3001138402363	

	
    Current index:	29501	
    Magnitude of W_grad:	6.1168955885594	
    Magnitude of W:	57737.697584174	
    Magnitude of B_grad:	0.067220558381011	
    Magnitude of b:	7.5978383676354	

	
    Current index:	39501	
    Magnitude of W_grad:	9.1424954601398	
    Magnitude of W:	57727.541977004	
    Magnitude of B_grad:	0.45984438847883	
    Magnitude of b:	7.5576761719967	

	
    Current index:	49501	
    Magnitude of W_grad:	6.2326308536744	
    Magnitude of W:	57718.016722116	
    Magnitude of B_grad:	0.089885535303284	
    Magnitude of b:	7.0676501143906	

	
    Current index:	59501	
    Magnitude of W_grad:	6.9189974226741	
    Magnitude of W:	57708.42358819	
    Magnitude of B_grad:	0.035786183268598	
    Magnitude of b:	7.1462127143846	

	
    Current index:	69501	
    Magnitude of W_grad:	5.7063098405918	
    Magnitude of W:	57699.195590576	
    Magnitude of B_grad:	0.075477628701765	
    Magnitude of b:	7.2200004050804	

	
    Current index:	79501	
    Magnitude of W_grad:	5.7764000802212	
    Magnitude of W:	57689.612209315	
    Magnitude of B_grad:	0.44678647166407	
    Magnitude of b:	7.0561313811843	

	
SGD: Loss is	
	LOSS:Calculated softmax res	
168485.93174917	
SGD: crossEntropyLoss is	
168485.93174917	
SGD: Validation Accuracy is:	
0.28792007266122	
SGD: Magnitude of W:	
57689.612209315	
SGD: Magnitude of b:	
7.0561313811843	
    Current index:	9501	
    Magnitude of W_grad:	6.9550298118392	
    Magnitude of W:	57678.819233213	
    Magnitude of B_grad:	0.093271105603795	
    Magnitude of b:	7.0627179551492	

	
    Current index:	19501	
    Magnitude of W_grad:	5.3407533247442	
    Magnitude of W:	57669.048817556	
    Magnitude of B_grad:	0.11965010846824	
    Magnitude of b:	7.2947134570936	

	
    Current index:	29501	
    Magnitude of W_grad:	6.0763084113742	
    Magnitude of W:	57659.500251582	
    Magnitude of B_grad:	0.067667058000535	
    Magnitude of b:	7.5904017473383	

	
    Current index:	39501	
    Magnitude of W_grad:	9.0433084621484	
    Magnitude of W:	57649.460121636	
    Magnitude of B_grad:	0.45402130652941	
    Magnitude of b:	7.5515681977597	

	
    Current index:	49501	
    Magnitude of W_grad:	6.1764554666043	
    Magnitude of W:	57640.135979371	
    Magnitude of B_grad:	0.088810587386541	
    Magnitude of b:	7.0636319625274	

	
    Current index:	59501	
    Magnitude of W_grad:	6.8777741037598	
    Magnitude of W:	57630.711142349	
    Magnitude of B_grad:	0.03554493300814	
    Magnitude of b:	7.1407566370384	

	
    Current index:	69501	
    Magnitude of W_grad:	5.6590663301706	
    Magnitude of W:	57621.636697282	
    Magnitude of B_grad:	0.074448600648438	
    Magnitude of b:	7.2145458720727	

	
    Current index:	79501	
    Magnitude of W_grad:	5.6681825095106	
    Magnitude of W:	57612.200224905	
    Magnitude of B_grad:	0.44074523700831	
    Magnitude of b:	7.0543022000422	

	
SGD: Loss is	
	LOSS:Calculated softmax res	
167197.71630422	
SGD: crossEntropyLoss is	
167197.71630422	
SGD: Validation Accuracy is:	
0.28610354223433	
SGD: Magnitude of W:	
57612.200224905	
SGD: Magnitude of b:	
7.0543022000422	
    Current index:	9501	
    Magnitude of W_grad:	6.9009813140101	
    Magnitude of W:	57601.507684857	
    Magnitude of B_grad:	0.095289729855675	
    Magnitude of b:	7.0585337790438	

	
    Current index:	19501	
    Magnitude of W_grad:	5.2952773547492	
    Magnitude of W:	57591.894015709	
    Magnitude of B_grad:	0.11830890663449	
    Magnitude of b:	7.2895512050986	

	
    Current index:	29501	
    Magnitude of W_grad:	6.0362944157668	
    Magnitude of W:	57582.569474405	
    Magnitude of B_grad:	0.068050454259642	
    Magnitude of b:	7.5833091377787	

	
    Current index:	39501	
    Magnitude of W_grad:	8.9468090998447	
    Magnitude of W:	57572.690167458	
    Magnitude of B_grad:	0.44835393559076	
    Magnitude of b:	7.5457609933559	

	
    Current index:	49501	
    Magnitude of W_grad:	6.1230603137765	
    Magnitude of W:	57563.538870567	
    Magnitude of B_grad:	0.087746961159007	
    Magnitude of b:	7.0597833043904	

	
    Current index:	59501	
    Magnitude of W_grad:	6.8365061105506	
    Magnitude of W:	57554.182630577	
    Magnitude of B_grad:	0.035330433393294	
    Magnitude of b:	7.1354692341791	

	
    Current index:	69501	
    Magnitude of W_grad:	5.6135389219237	
    Magnitude of W:	57545.198877325	
    Magnitude of B_grad:	0.07343718483403	
    Magnitude of b:	7.2093066263395	

	
    Current index:	79501	
    Magnitude of W_grad:	5.5673560926443	
    Magnitude of W:	57535.966284512	
    Magnitude of B_grad:	0.43498497284407	
    Magnitude of b:	7.0525082296726	

	
SGD: Loss is	
	LOSS:Calculated softmax res	
165950.81777087	
SGD: crossEntropyLoss is	
165950.81777087	
SGD: Validation Accuracy is:	
0.28701180744777	
SGD: Magnitude of W:	
57535.966284512	
SGD: Magnitude of b:	
7.0525082296726	
    Current index:	9501	
    Magnitude of W_grad:	6.847410363712	
    Magnitude of W:	57525.405946003	
    Magnitude of B_grad:	0.097235714562571	
    Magnitude of b:	7.0544993251246	

	
    Current index:	19501	
    Magnitude of W_grad:	5.2516180245226	
    Magnitude of W:	57516.011796759	
    Magnitude of B_grad:	0.11701965906154	
    Magnitude of b:	7.2846053222176	

	
    Current index:	29501	
    Magnitude of W_grad:	5.9964685598201	
    Magnitude of W:	57506.809002816	
    Magnitude of B_grad:	0.068376791896397	
    Magnitude of b:	7.5765321901993	

	
    Current index:	39501	
    Magnitude of W_grad:	8.8531259654413	
    Magnitude of W:	57497.057064622	
    Magnitude of B_grad:	0.44284234323923	
    Magnitude of b:	7.5402314746107	

	
    Current index:	49501	
    Magnitude of W_grad:	6.0752714671301	
    Magnitude of W:	57488.002960337	
    Magnitude of B_grad:	0.086693757425836	
    Magnitude of b:	7.0560993063886	

	
    Current index:	59501	
    Magnitude of W_grad:	6.795308863636	
    Magnitude of W:	57478.769193322	
    Magnitude of B_grad:	0.03513951137072	
    Magnitude of b:	7.1303348562591	

	
    Current index:	69501	
    Magnitude of W_grad:	5.5694393311617	
    Magnitude of W:	57469.915881323	
    Magnitude of B_grad:	0.072445532752674	
    Magnitude of b:	7.2042626393099	

	
    Current index:	79501	
    Magnitude of W_grad:	5.4720842202865	
    Magnitude of W:	57460.804775495	
    Magnitude of B_grad:	0.42948851143162	
    Magnitude of b:	7.0507368811977	

	
SGD: Loss is	
	LOSS:Calculated softmax res	
164742.95372061	
SGD: crossEntropyLoss is	
164742.95372061	
SGD: Validation Accuracy is:	
0.28610354223433	
SGD: Magnitude of W:	
57460.804775495	
SGD: Magnitude of b:	
7.0507368811977	
    Current index:	9501	
    Magnitude of W_grad:	6.7937323806435	
    Magnitude of W:	57450.447248752	
    Magnitude of B_grad:	0.099110004704444	
    Magnitude of b:	7.0505986804063	

	
    Current index:	19501	
    Magnitude of W_grad:	5.2106249854799	
    Magnitude of W:	57441.199903449	
    Magnitude of B_grad:	0.11577837312486	
    Magnitude of b:	7.2798561541161	

	
    Current index:	29501	
    Magnitude of W_grad:	5.9572551949653	
    Magnitude of W:	57432.073767462	
    Magnitude of B_grad:	0.068651684691902	
    Magnitude of b:	7.5700448435089	

	
    Current index:	39501	
    Magnitude of W_grad:	8.7617256422046	
    Magnitude of W:	57422.468369029	
    Magnitude of B_grad:	0.43748597088054	
    Magnitude of b:	7.5349580155469	

	
    Current index:	49501	
    Magnitude of W_grad:	6.0288672966633	
    Magnitude of W:	57413.518477532	
    Magnitude of B_grad:	0.085650187962144	
    Magnitude of b:	7.052574459574	

	
    Current index:	59501	
    Magnitude of W_grad:	6.7539777968695	
    Magnitude of W:	57404.444075957	
    Magnitude of B_grad:	0.034969507108285	
    Magnitude of b:	7.125340091715	

	
    Current index:	69501	
    Magnitude of W_grad:	5.526104186046	
    Magnitude of W:	57395.703161629	
    Magnitude of B_grad:	0.071475411267757	
    Magnitude of b:	7.1993961234796	

	
    Current index:	79501	
    Magnitude of W_grad:	5.3818514301819	
    Magnitude of W:	57386.72060576	
    Magnitude of B_grad:	0.42423965902967	
    Magnitude of b:	7.0489781691629	

	
SGD: Loss is	
	LOSS:Calculated softmax res	
163572.03016657	
SGD: crossEntropyLoss is	
163572.03016657	
SGD: Validation Accuracy is:	
0.28792007266122	
SGD: Magnitude of W:	
57386.72060576	
SGD: Magnitude of b:	
7.0489781691629	
    Current index:	9501	
    Magnitude of W_grad:	6.7405629395566	
    Magnitude of W:	57376.546734611	
    Magnitude of B_grad:	0.10091352709226	
    Magnitude of b:	7.0468177812505	

	
    Current index:	19501	
    Magnitude of W_grad:	5.1721985841362	
    Magnitude of W:	57367.362926022	
    Magnitude of B_grad:	0.1145816232758	
    Magnitude of b:	7.2752861983808	

	
    Current index:	29501	
    Magnitude of W_grad:	5.9187220885293	
    Magnitude of W:	57358.314806102	
    Magnitude of B_grad:	0.068880292493676	
    Magnitude of b:	7.563823413759	

	
    Current index:	39501	
    Magnitude of W_grad:	8.6727835026405	
    Magnitude of W:	57348.873190876	
    Magnitude of B_grad:	0.43228367257772	
    Magnitude of b:	7.5299205899942	

	
    Current index:	49501	
    Magnitude of W_grad:	5.98407858118	
    Magnitude of W:	57340.062481516	
    Magnitude of B_grad:	0.084615630474161	
    Magnitude of b:	7.049202815884	

	
    Current index:	59501	
    Magnitude of W_grad:	6.7127160856967	
    Magnitude of W:	57331.105103628	
    Magnitude of B_grad:	0.034818218498238	
    Magnitude of b:	7.1204733742429	

	
    Current index:	69501	
    Magnitude of W_grad:	5.4835242650117	
    Magnitude of W:	57322.482512334	
    Magnitude of B_grad:	0.070528190739518	
    Magnitude of b:	7.1946912514785	

	
    Current index:	79501	
    Magnitude of W_grad:	5.2962010066701	
    Magnitude of W:	57313.612970214	
    Magnitude of B_grad:	0.41922300391191	
    Magnitude of b:	7.04722439313	

	
SGD: Loss is	
	LOSS:Calculated softmax res	
162436.1240377	
SGD: crossEntropyLoss is	
162436.1240377	
SGD: Validation Accuracy is:	
0.28610354223433	
SGD: Magnitude of W:	
57313.612970214	
SGD: Magnitude of b:	
7.04722439313	
    Current index:	9501	
    Magnitude of W_grad:	6.6887925163349	
    Magnitude of W:	57303.582744721	
    Magnitude of B_grad:	0.10264723460948	
    Magnitude of b:	7.0431443657688	

	
    Current index:	19501	
    Magnitude of W_grad:	5.1357721649547	
    Magnitude of W:	57294.485855273	
    Magnitude of B_grad:	0.11342649648394	
    Magnitude of b:	7.2708800162104	

	
    Current index:	29501	
    Magnitude of W_grad:	5.8807537222157	
    Magnitude of W:	57285.495862748	
    Magnitude of B_grad:	0.069067297275477	
    Magnitude of b:	7.5578465249604	

	
    Current index:	39501	
    Magnitude of W_grad:	8.5858564501591	
    Magnitude of W:	57276.191461532	
    Magnitude of B_grad:	0.42723373534803	
    Magnitude of b:	7.5251007722915	

	
    Current index:	49501	
    Magnitude of W_grad:	5.9409760871232	
    Magnitude of W:	57267.49074142	
    Magnitude of B_grad:	0.083589656307273	
    Magnitude of b:	7.0459781570144	

	
    Current index:	59501	
    Magnitude of W_grad:	6.6719505063822	
    Magnitude of W:	57258.66076446	
    Magnitude of B_grad:	0.034683851519374	
    Magnitude of b:	7.1157246302773	

	
    Current index:	69501	
    Magnitude of W_grad:	5.4417420304792	
    Magnitude of W:	57250.088166268	
    Magnitude of B_grad:	0.069604878269966	
    Magnitude of b:	7.1901339118408	

	
    Current index:	79501	
    Magnitude of W_grad:	5.2146358327222	
    Magnitude of W:	57241.334896187	
    Magnitude of B_grad:	0.41442380924707	
    Magnitude of b:	7.0454697795546	

	
SGD: Loss is	
	LOSS:Calculated softmax res	
161333.46697923	
SGD: crossEntropyLoss is	
161333.46697923	
SGD: Validation Accuracy is:	
0.28519527702089	
SGD: Magnitude of W:	
57241.334896187	
SGD: Magnitude of b:	
7.0454697795546	
    Current index:	9501	
    Magnitude of W_grad:	6.6376629844559	
    Magnitude of W:	57231.404714914	
    Magnitude of B_grad:	0.10431215164645	
    Magnitude of b:	7.0395678258363	

	
    Current index:	19501	
    Magnitude of W_grad:	5.1007366798346	
    Magnitude of W:	57222.464606074	
    Magnitude of B_grad:	0.1123105283716	
    Magnitude of b:	7.2666240475565	

	
    Current index:	29501	
    Magnitude of W_grad:	5.8432135437104	
    Magnitude of W:	57213.571471471	
    Magnitude of B_grad:	0.069216886290172	
    Magnitude of b:	7.5520949358568	

	
    Current index:	39501	
    Magnitude of W_grad:	8.5007434858777	
    Magnitude of W:	57204.368076133	
    Magnitude of B_grad:	0.42233389569344	
    Magnitude of b:	7.5204816431239	

	
    Current index:	49501	
    Magnitude of W_grad:	5.8995248911874	
    Magnitude of W:	57195.775044876	
    Magnitude of B_grad:	0.082737103887806	
    Magnitude of b:	7.0428941156657	

	
    Current index:	59501	
    Magnitude of W_grad:	6.6311157041782	
    Magnitude of W:	57187.066866926	
    Magnitude of B_grad:	0.034564975255824	
    Magnitude of b:	7.1110849763032	

	
    Current index:	69501	
    Magnitude of W_grad:	5.4011196229648	
    Magnitude of W:	57178.578004938	
    Magnitude of B_grad:	0.068706174289978	
    Magnitude of b:	7.1857114945803	

	
    Current index:	79501	
    Magnitude of W_grad:	5.1368977658767	
    Magnitude of W:	57169.916841059	
    Magnitude of B_grad:	0.40982797221175	
    Magnitude of b:	7.0437101149542	

	
SGD: Loss is	
	LOSS:Calculated softmax res	
160262.43001441	
SGD: crossEntropyLoss is	
160262.43001441	
SGD: Validation Accuracy is:	
0.28610354223433	
SGD: Magnitude of W:	
57169.916841059	
SGD: Magnitude of b:	
7.0437101149542	
    Current index:	9501	
    Magnitude of W_grad:	6.5874129949926	
    Magnitude of W:	57160.125833259	
    Magnitude of B_grad:	0.10590941499373	
    Magnitude of b:	7.036078994103	

	
    Current index:	19501	
    Magnitude of W_grad:	5.0673602969896	
    Magnitude of W:	57151.321238083	
    Magnitude of B_grad:	0.11123163762672	
    Magnitude of b:	7.2625063708386	

	
    Current index:	29501	
    Magnitude of W_grad:	5.8059523604893	
    Magnitude of W:	57142.518196037	
    Magnitude of B_grad:	0.069332748084998	
    Magnitude of b:	7.5465513155515	

	
    Current index:	39501	
    Magnitude of W_grad:	8.4177438969598	
    Magnitude of W:	57133.373105431	
    Magnitude of B_grad:	0.41758136314996	
    Magnitude of b:	7.5160476470932	

	
    Current index:	49501	
    Magnitude of W_grad:	5.8593468793196	
    Magnitude of W:	57124.914872826	
    Magnitude of B_grad:	0.082274271973207	
    Magnitude of b:	7.0399442655197	

	
    Current index:	59501	
    Magnitude of W_grad:	6.5898822140405	
    Magnitude of W:	57116.27965945	
    Magnitude of B_grad:	0.034460479386243	
    Magnitude of b:	7.106546468378	

	
    Current index:	69501	
    Magnitude of W_grad:	5.3616934640318	
    Magnitude of W:	57107.849974014	
    Magnitude of B_grad:	0.06783253502904	
    Magnitude of b:	7.1814127004682	

	
    Current index:	79501	
    Magnitude of W_grad:	5.0627393259106	
    Magnitude of W:	57099.339217723	
    Magnitude of B_grad:	0.40542202782647	
    Magnitude of b:	7.0419423992684	

	
SGD: Loss is	
	LOSS:Calculated softmax res	
159221.50891383	
SGD: crossEntropyLoss is	
159221.50891383	
SGD: Validation Accuracy is:	
0.28701180744777	
SGD: Magnitude of W:	
57099.339217723	
SGD: Magnitude of b:	
7.0419423992684	
    Current index:	9501	
    Magnitude of W_grad:	6.5371268190002	
    Magnitude of W:	57089.712155079	
    Magnitude of B_grad:	0.10744030610828	
    Magnitude of b:	7.032669900687	

	
    Current index:	19501	
    Magnitude of W_grad:	5.0364002735732	
    Magnitude of W:	57080.968091176	
    Magnitude of B_grad:	0.11018806354915	
    Magnitude of b:	7.2585164441786	

	
    Current index:	29501	
    Magnitude of W_grad:	5.7690131617607	
    Magnitude of W:	57072.279197238	
    Magnitude of B_grad:	0.069418083989359	
    Magnitude of b:	7.5412000093364	

	
    Current index:	39501	
    Magnitude of W_grad:	8.3366108799315	
    Magnitude of W:	57063.223598393	
    Magnitude of B_grad:	0.41297285684617	
    Magnitude of b:	7.5117844398651	

	
    Current index:	49501	
    Magnitude of W_grad:	5.819887037433	
    Magnitude of W:	57054.862474305	
    Magnitude of B_grad:	0.081817064871858	
    Magnitude of b:	7.0371221917069	

	
    Current index:	59501	
    Magnitude of W_grad:	6.5482564728653	
    Magnitude of W:	57046.345324243	
    Magnitude of B_grad:	0.034369532206041	
    Magnitude of b:	7.1021019021944	

	
    Current index:	69501	
    Magnitude of W_grad:	5.3233171878468	
    Magnitude of W:	57038.005907177	
    Magnitude of B_grad:	0.066984229536687	
    Magnitude of b:	7.1772273710394	

	
    Current index:	79501	
    Magnitude of W_grad:	4.9919246541943	
    Magnitude of W:	57029.624015981	
    Magnitude of B_grad:	0.40119317775884	
    Magnitude of b:	7.0401645412056	

	
SGD: Loss is	
	LOSS:Calculated softmax res	
158209.3103062	
SGD: crossEntropyLoss is	
158209.3103062	
SGD: Validation Accuracy is:	
0.28882833787466	
SGD: Magnitude of W:	
57029.624015981	
SGD: Magnitude of b:	
7.0401645412056	
    Current index:	9501	
    Magnitude of W_grad:	6.4873382758746	
    Magnitude of W:	57020.089790008	
    Magnitude of B_grad:	0.10890627223885	
    Magnitude of b:	7.0293335281668	

	
    Current index:	19501	
    Magnitude of W_grad:	5.0068056951344	
    Magnitude of W:	57011.416440741	
    Magnitude of B_grad:	0.10917830947831	
    Magnitude of b:	7.2546448560288	

	
    Current index:	29501	
    Magnitude of W_grad:	5.7323321309557	
    Magnitude of W:	57002.789691559	
    Magnitude of B_grad:	0.069475634726933	
    Magnitude of b:	7.5360268212272	

	
    Current index:	39501	
    Magnitude of W_grad:	8.2570149232061	
    Magnitude of W:	56993.832403753	
    Magnitude of B_grad:	0.40850465656974	
    Magnitude of b:	7.5076787500451	

	
    Current index:	49501	
    Magnitude of W_grad:	5.7818504505941	
    Magnitude of W:	56985.58216846	
    Magnitude of B_grad:	0.081365683109424	
    Magnitude of b:	7.0344215490714	

	
    Current index:	59501	
    Magnitude of W_grad:	6.5062827586525	
    Magnitude of W:	56977.123220296	
    Magnitude of B_grad:	0.034291538160351	
    Magnitude of b:	7.0977446598685	

	
    Current index:	69501	
    Magnitude of W_grad:	5.2856279338446	
    Magnitude of W:	56968.87795616	
    Magnitude of B_grad:	0.06616138558444	
    Magnitude of b:	7.1731463390627	

	
    Current index:	79501	
    Magnitude of W_grad:	4.9242777129933	
    Magnitude of W:	56960.582202522	
    Magnitude of B_grad:	0.39712932851995	
    Magnitude of b:	7.0383751085675	

	
SGD: Loss is	
	LOSS:Calculated softmax res	
157224.53866442	
SGD: crossEntropyLoss is	
157224.53866442	
SGD: Validation Accuracy is:	
0.28792007266122	
SGD: Magnitude of W:	
56960.582202522	
SGD: Magnitude of b:	
7.0383751085675	
    Current index:	9501	
    Magnitude of W_grad:	6.4386519647561	
    Magnitude of W:	56951.129668287	
    Magnitude of B_grad:	0.11030893519103	
    Magnitude of b:	7.0260635859391	

	
    Current index:	19501	
    Magnitude of W_grad:	4.978411421736	
    Magnitude of W:	56942.565035266	
    Magnitude of B_grad:	0.1082010933939	
    Magnitude of b:	7.2508831030435	

	
    Current index:	29501	
    Magnitude of W_grad:	5.6958092751904	
    Magnitude of W:	56933.998332245	
    Magnitude of B_grad:	0.069507719680527	
    Magnitude of b:	7.5310188261753	

	
    Current index:	39501	
    Magnitude of W_grad:	8.1793907860043	
    Magnitude of W:	56925.118038587	
    Magnitude of B_grad:	0.40417266640343	
    Magnitude of b:	7.5037182684108	

	
    Current index:	49501	
    Magnitude of W_grad:	5.7457013471892	
    Magnitude of W:	56916.964263091	
    Magnitude of B_grad:	0.080920302112467	
    Magnitude of b:	7.0318361120396	

	
    Current index:	59501	
    Magnitude of W_grad:	6.4640971505547	
    Magnitude of W:	56908.618259739	
    Magnitude of B_grad:	0.034226094951501	
    Magnitude of b:	7.0934685987361	

	
    Current index:	69501	
    Magnitude of W_grad:	5.2489161145121	
    Magnitude of W:	56900.445371095	
    Magnitude of B_grad:	0.065364022942174	
    Magnitude of b:	7.169161300661	

	
    Current index:	79501	
    Magnitude of W_grad:	4.8600148182125	
    Magnitude of W:	56892.226928449	
    Magnitude of B_grad:	0.39321912814538	
    Magnitude of b:	7.036573138339	

	
SGD: Loss is	
	LOSS:Calculated softmax res	
156265.98434054	
SGD: crossEntropyLoss is	
156265.98434054	
SGD: Validation Accuracy is:	
0.28882833787466	
SGD: Magnitude of W:	
56892.226928449	
SGD: Magnitude of b:	
7.036573138339	
    Current index:	9501	
    Magnitude of W_grad:	6.3908743158042	
    Magnitude of W:	56882.873389351	
    Magnitude of B_grad:	0.11165008742975	
    Magnitude of b:	7.0228543184206	

	
    Current index:	19501	
    Magnitude of W_grad:	4.9507780638126	
    Magnitude of W:	56874.388042326	
    Magnitude of B_grad:	0.10725530604937	
    Magnitude of b:	7.2472234046358	

	
    Current index:	29501	
    Magnitude of W_grad:	5.6601727135057	
    Magnitude of W:	56865.882119842	
    Magnitude of B_grad:	0.069516285241282	
    Magnitude of b:	7.5261642149877	

	
    Current index:	39501	
    Magnitude of W_grad:	8.103581398302	
    Magnitude of W:	56857.107300101	
    Magnitude of B_grad:	0.39997248691338	
    Magnitude of b:	7.4998915670839	

	
    Current index:	49501	
    Magnitude of W_grad:	5.7104139120443	
    Magnitude of W:	56849.05810844	
    Magnitude of B_grad:	0.080481067556898	
    Magnitude of b:	7.0293598176436	

	
    Current index:	59501	
    Magnitude of W_grad:	6.4218068613281	
    Magnitude of W:	56840.799894515	
    Magnitude of B_grad:	0.034172951189772	
    Magnitude of b:	7.089267977402	

	
    Current index:	69501	
    Magnitude of W_grad:	5.2131618574001	
    Magnitude of W:	56832.726877503	
    Magnitude of B_grad:	0.064592075074405	
    Magnitude of b:	7.1652647106251	

	
    Current index:	79501	
    Magnitude of W_grad:	4.7988593973287	
    Magnitude of W:	56824.59814933	
    Magnitude of B_grad:	0.38945199445814	
    Magnitude of b:	7.0347580049149	

	
SGD: Loss is	
	LOSS:Calculated softmax res	
155332.5128228	
SGD: crossEntropyLoss is	
155332.5128228	
SGD: Validation Accuracy is:	
0.28882833787466	
SGD: Magnitude of W:	
56824.59814933	
SGD: Magnitude of b:	
7.0347580049149	
    Current index:	9501	
    Magnitude of W_grad:	6.3434187437952	
    Magnitude of W:	56815.359610455	
    Magnitude of B_grad:	0.11293167577034	
    Magnitude of b:	7.0197003568887	

	
    Current index:	19501	
    Magnitude of W_grad:	4.923964961535	
    Magnitude of W:	56806.976814705	
    Magnitude of B_grad:	0.1063399764332	
    Magnitude of b:	7.243658557852	

	
    Current index:	29501	
    Magnitude of W_grad:	5.6253321112686	
    Magnitude of W:	56798.57045608	
    Magnitude of B_grad:	0.069502958483581	
    Magnitude of b:	7.5214521690381	

	
    Current index:	39501	
    Magnitude of W_grad:	8.0300069859083	
    Magnitude of W:	56789.874978855	
    Magnitude of B_grad:	0.39589949106935	
    Magnitude of b:	7.4961880444486	

	
    Current index:	49501	
    Magnitude of W_grad:	5.6755459415317	
    Magnitude of W:	56781.917124972	
    Magnitude of B_grad:	0.080048091031116	
    Magnitude of b:	7.0269868020964	

	
    Current index:	59501	
    Magnitude of W_grad:	6.3795840805764	
    Magnitude of W:	56773.741432441	
    Magnitude of B_grad:	0.034131966085054	
    Magnitude of b:	7.0851374148608	

	
    Current index:	69501	
    Magnitude of W_grad:	5.177957004399	
    Magnitude of W:	56765.743278728	
    Magnitude of B_grad:	0.06384540155499	
    Magnitude of b:	7.1614497022282	

	
    Current index:	79501	
    Magnitude of W_grad:	4.7402166906506	
    Magnitude of W:	56757.7137463	
    Magnitude of B_grad:	0.38581813098772	
    Magnitude of b:	7.0329293405864	

	
SGD: Loss is	
	LOSS:Calculated softmax res	
154423.05535811	
SGD: crossEntropyLoss is	
154423.05535811	
SGD: Validation Accuracy is:	
0.2897366030881	
SGD: Magnitude of W:	
56757.7137463	
SGD: Magnitude of b:	
7.0329293405864	
    Current index:	9501	
    Magnitude of W_grad:	6.2962499633928	
    Magnitude of W:	56748.617129915	
    Magnitude of B_grad:	0.11415577321777	
    Magnitude of b:	7.0165966216969	

	
    Current index:	19501	
    Magnitude of W_grad:	4.8978375139629	
    Magnitude of W:	56740.351254788	
    Magnitude of B_grad:	0.10545424402696	
    Magnitude of b:	7.2401818327947	

	
    Current index:	29501	
    Magnitude of W_grad:	5.5906871739705	
    Magnitude of W:	56732.021664631	
    Magnitude of B_grad:	0.069469102847722	
    Magnitude of b:	7.5168727591854	

	
    Current index:	39501	
    Magnitude of W_grad:	7.9592089338083	
    Magnitude of W:	56723.405274938	
    Magnitude of B_grad:	0.39194889923657	
    Magnitude of b:	7.4925978879149	

	
    Current index:	49501	
    Magnitude of W_grad:	5.6411585376012	
    Magnitude of W:	56715.545744999	
    Magnitude of B_grad:	0.079621447058466	
    Magnitude of b:	7.0247114309651	

	
    Current index:	59501	
    Magnitude of W_grad:	6.3373965873852	
    Magnitude of W:	56707.40606055	
    Magnitude of B_grad:	0.034103072775178	
    Magnitude of b:	7.0810718793146	

	
    Current index:	69501	
    Magnitude of W_grad:	5.1435527945173	
    Magnitude of W:	56699.508267708	
    Magnitude of B_grad:	0.063123793867948	
    Magnitude of b:	7.1577100323633	

	
    Current index:	79501	
    Magnitude of W_grad:	4.6844345228883	
    Magnitude of W:	56691.563987726	
    Magnitude of B_grad:	0.38230852869213	
    Magnitude of b:	7.0310870001969	

	
SGD: Loss is	
	LOSS:Calculated softmax res	
153536.60103335	
SGD: crossEntropyLoss is	
153536.60103335	
SGD: Validation Accuracy is:	
0.29064486830154	
SGD: Magnitude of W:	
56691.563987726	
SGD: Magnitude of b:	
7.0310870001969	
    Current index:	9501	
    Magnitude of W_grad:	6.2494857984369	
    Magnitude of W:	56682.619873612	
    Magnitude of B_grad:	0.1153245397807	
    Magnitude of b:	7.013538279163	

	
    Current index:	19501	
    Magnitude of W_grad:	4.8726045105586	
    Magnitude of W:	56674.410054618	
    Magnitude of B_grad:	0.10459733715029	
    Magnitude of b:	7.2367869069936	

	
    Current index:	29501	
    Magnitude of W_grad:	5.5561518311543	
    Magnitude of W:	56666.170429676	
    Magnitude of B_grad:	0.069415873272263	
    Magnitude of b:	7.5124168628331	

	
    Current index:	39501	
    Magnitude of W_grad:	7.890322833303	
    Magnitude of W:	56657.625733886	
    Magnitude of B_grad:	0.38811584932911	
    Magnitude of b:	7.4891120453952	

	
    Current index:	49501	
    Magnitude of W_grad:	5.6071448397182	
    Magnitude of W:	56649.845389669	
    Magnitude of B_grad:	0.079201172517026	
    Magnitude of b:	7.0225283231001	

	
    Current index:	59501	
    Magnitude of W_grad:	6.2951935350416	
    Magnitude of W:	56641.763564835	
    Magnitude of B_grad:	0.03408624660749	
    Magnitude of b:	7.0770667039821	

	
    Current index:	69501	
    Magnitude of W_grad:	5.1101373051229	
    Magnitude of W:	56633.968020173	
    Magnitude of B_grad:	0.062426977104315	
    Magnitude of b:	7.1540400521999	

	
    Current index:	79501	
    Magnitude of W_grad:	4.6307923679858	
    Magnitude of W:	56626.12281891	
    Magnitude of B_grad:	0.37891495311086	
    Magnitude of b:	7.0292310612766	

	
SGD: Loss is	
	LOSS:Calculated softmax res	
152672.19034197	
SGD: crossEntropyLoss is	
152672.19034197	
SGD: Validation Accuracy is:	
0.29155313351499	
SGD: Magnitude of W:	
56626.12281891	
SGD: Magnitude of b:	
7.0292310612766	
    Current index:	9501	
    Magnitude of W_grad:	6.2030345303208	
    Magnitude of W:	56617.292637899	
    Magnitude of B_grad:	0.11644017357839	
    Magnitude of b:	7.0105207543747	

	
    Current index:	19501	
    Magnitude of W_grad:	4.8481192423035	
    Magnitude of W:	56609.127770128	
    Magnitude of B_grad:	0.10376855658345	
    Magnitude of b:	7.2334678358817	

	
    Current index:	29501	
    Magnitude of W_grad:	5.5218754042839	
    Magnitude of W:	56600.984858998	
    Magnitude of B_grad:	0.069344269016178	
    Magnitude of b:	7.5080760937853	

	
    Current index:	39501	
    Magnitude of W_grad:	7.8237929191979	
    Magnitude of W:	56592.512828405	
    Magnitude of B_grad:	0.38439545924336	
    Magnitude of b:	7.4857221970094	

	
    Current index:	49501	
    Magnitude of W_grad:	5.5735083135235	
    Magnitude of W:	56584.772442049	
    Magnitude of B_grad:	0.078787269401997	
    Magnitude of b:	7.0204323687813	

	
    Current index:	59501	
    Magnitude of W_grad:	6.2532496750384	
    Magnitude of W:	56576.780313352	
    Magnitude of B_grad:	0.03408147915479	
    Magnitude of b:	7.0731176272271	

	
    Current index:	69501	
    Magnitude of W_grad:	5.0772809043897	
    Magnitude of W:	56569.056210969	
    Magnitude of B_grad:	0.061754609639437	
    Magnitude of b:	7.1504347025894	

	
    Current index:	79501	
    Magnitude of W_grad:	4.5791354927429	
    Magnitude of W:	56561.279972168	
    Magnitude of B_grad:	0.37562991774254	
    Magnitude of b:	7.0273618513039	

	
SGD: Loss is	
	LOSS:Calculated softmax res	
151828.9101856	
SGD: crossEntropyLoss is	
151828.9101856	
SGD: Validation Accuracy is:	
0.29064486830154	
SGD: Magnitude of W:	
56561.279972168	
SGD: Magnitude of b:	
7.0273618513039	
    Current index:	9501	
    Magnitude of W_grad:	6.157758755445	
    Magnitude of W:	56552.551118566	
    Magnitude of B_grad:	0.11750485452589	
    Magnitude of b:	7.007539796436	

	
    Current index:	19501	
    Magnitude of W_grad:	4.8249849873803	
    Magnitude of W:	56544.507410871	
    Magnitude of B_grad:	0.10296726357908	
    Magnitude of b:	7.2302190550786	

	
    Current index:	29501	
    Magnitude of W_grad:	5.4878019486658	
    Magnitude of W:	56536.433928804	
    Magnitude of B_grad:	0.069255183029241	
    Magnitude of b:	7.5038427408156	

	
    Current index:	39501	
    Magnitude of W_grad:	7.7595287539189	
    Magnitude of W:	56528.056615531	
    Magnitude of B_grad:	0.38078287979633	
    Magnitude of b:	7.4824207206205	

	
    Current index:	49501	
    Magnitude of W_grad:	5.5403305248403	
    Magnitude of W:	56520.34136366	
    Magnitude of B_grad:	0.078379711622278	
    Magnitude of b:	7.0184187428484	

	
    Current index:	59501	
    Magnitude of W_grad:	6.2115803730964	
    Magnitude of W:	56512.433506135	
    Magnitude of B_grad:	0.034088758101788	
    Magnitude of b:	7.0698881699676	

	
    Current index:	69501	
    Magnitude of W_grad:	5.0450757256152	
    Magnitude of W:	56504.792153547	
    Magnitude of B_grad:	0.061106282358209	
    Magnitude of b:	7.1468895317743	

	
    Current index:	79501	
    Magnitude of W_grad:	4.5299139616982	
    Magnitude of W:	56497.083030396	
    Magnitude of B_grad:	0.37244664541412	
    Magnitude of b:	7.0254799941769	

	
SGD: Loss is	
	LOSS:Calculated softmax res	
151005.89018215	
SGD: crossEntropyLoss is	
151005.89018215	
SGD: Validation Accuracy is:	
0.29064486830154	
SGD: Magnitude of W:	
56497.083030396	
SGD: Magnitude of b:	
7.0254799941769	
    Current index:	9501	
    Magnitude of W_grad:	6.1130784107918	
    Magnitude of W:	56488.512944032	
    Magnitude of B_grad:	0.118520684446	
    Magnitude of b:	7.0045915859008	

	
    Current index:	19501	
    Magnitude of W_grad:	4.802738491248	
    Magnitude of W:	56480.596066949	
    Magnitude of B_grad:	0.10219287127339	
    Magnitude of b:	7.2270354081008	

	
    Current index:	29501	
    Magnitude of W_grad:	5.4540419514611	
    Magnitude of W:	56472.574384818	
    Magnitude of B_grad:	0.06914944703085	
    Magnitude of b:	7.4997097123462	

	
    Current index:	39501	
    Magnitude of W_grad:	7.6972172513806	
    Magnitude of W:	56464.324226209	
    Magnitude of B_grad:	0.37727333747423	
    Magnitude of b:	7.4792006479938	

	
    Current index:	49501	
    Magnitude of W_grad:	5.5078988183654	
    Magnitude of W:	56456.71490947	
    Magnitude of B_grad:	0.077978456040517	
    Magnitude of b:	7.0164829137595	

	
    Current index:	59501	
    Magnitude of W_grad:	6.1701083838004	
    Magnitude of W:	56448.910708029	
    Magnitude of B_grad:	0.034108052519446	
    Magnitude of b:	7.0685353150249	

	
    Current index:	69501	
    Magnitude of W_grad:	5.0134166495829	
    Magnitude of W:	56441.330646671	
    Magnitude of B_grad:	0.060481518504921	
    Magnitude of b:	7.1434007302132	

	
    Current index:	79501	
    Magnitude of W_grad:	4.4831360041638	
    Magnitude of W:	56433.702468731	
    Magnitude of B_grad:	0.36935902015669	
    Magnitude of b:	7.0235864676968	

	
SGD: Loss is	
	LOSS:Calculated softmax res	
150202.30008354	
SGD: crossEntropyLoss is	
150202.30008354	
SGD: Validation Accuracy is:	
0.29155313351499	
SGD: Magnitude of W:	
56433.702468731	
SGD: Magnitude of b:	
7.0235864676968	
    Current index:	9501	
    Magnitude of W_grad:	6.068761487016	
    Magnitude of W:	56425.27633197	
    Magnitude of B_grad:	0.11948962942409	
    Magnitude of b:	7.0016728659734	

	
    Current index:	19501	
    Magnitude of W_grad:	4.7812981104634	
    Magnitude of W:	56417.423345633	
    Magnitude of B_grad:	0.10144483837045	
    Magnitude of b:	7.2239121904898	

	
    Current index:	29501	
    Magnitude of W_grad:	5.4206758861117	
    Magnitude of W:	56409.443281755	
    Magnitude of B_grad:	0.069027871412563	
    Magnitude of b:	7.4956704861448	

	
    Current index:	39501	
    Magnitude of W_grad:	7.6372658336266	
    Magnitude of W:	56401.254169958	
    Magnitude of B_grad:	0.37386216730007	
    Magnitude of b:	7.4760556122384	

	
    Current index:	49501	
    Magnitude of W_grad:	5.4764594155672	
    Magnitude of W:	56393.71571541	
    Magnitude of B_grad:	0.077583457234546	
    Magnitude of b:	7.0146206494834	

	
    Current index:	59501	
    Magnitude of W_grad:	6.129072243899	
    Magnitude of W:	56386.034591595	
    Magnitude of B_grad:	0.034139302555092	
    Magnitude of b:	7.0672216430072	

	
    Current index:	69501	
    Magnitude of W_grad:	4.9822494089605	
    Magnitude of W:	56378.498251986	
    Magnitude of B_grad:	0.059879774839973	
    Magnitude of b:	7.1399651735396	

	
    Current index:	79501	
    Magnitude of W_grad:	4.4380549895341	
    Magnitude of W:	56370.94820726	
    Magnitude of B_grad:	0.36636153251732	
    Magnitude of b:	7.0216826624137	

	
Done.	
Testing on validation set...	
Done	
Datafile:	/n/home09/ankitgupta/CS287/HW1/SST1-uni.hdf5	Classifier:	lr	Alpha:	0	Eta:	0.5	Lambda:	0.5	Minibatch size:	500	Num Epochs:	50	Minimum Sentence Length:	5	
Accuracy:	0.29155313351499	
