[?1034hDatafile:	/n/home09/ankitgupta/CS287/HW1/SST1-uni-sent.hdf5	Classifier:	lr	Alpha:	0	Eta:	0.1	Lambda:	1	Minibatch size:	500	Num Epochs:	50	Minimum Sentence Length:	5	
Note that not all parameters may apply to all classifiers	
Loading datafiles...	
Number of training samples before removing small sentences	156817	
Number of training samples after removing small sentences	93603	
Done.	
Training classifier...	
SGD: Loss is	
	LOSS:Calculated softmax res	
483278.81664465	
SGD: crossEntropyLoss is	
483278.81664465	
SGD: Validation Accuracy is:	
0.2125340599455	
SGD: Magnitude of W:	
61031.867638596	
SGD: Magnitude of b:	
4.4945873153718	
    Current index:	9501	
    Magnitude of W_grad:	13.34469238369	
    Magnitude of W:	61024.633336031	
    Magnitude of B_grad:	0.7943634387482	
    Magnitude of b:	2.4067614947603	

	
    Current index:	19501	
    Magnitude of W_grad:	12.020674377134	
    Magnitude of W:	61017.944858041	
    Magnitude of B_grad:	0.61945079989149	
    Magnitude of b:	2.3782103854963	

	
    Current index:	29501	
    Magnitude of W_grad:	9.4642960278217	
    Magnitude of W:	61011.783590602	
    Magnitude of B_grad:	0.36263876421247	
    Magnitude of b:	2.7683462358967	

	
    Current index:	39501	
    Magnitude of W_grad:	9.8910197452057	
    Magnitude of W:	61005.864111368	
    Magnitude of B_grad:	0.32127901101139	
    Magnitude of b:	3.0476141800836	

	
    Current index:	49501	
    Magnitude of W_grad:	10.355049111097	
    Magnitude of W:	60999.891496454	
    Magnitude of B_grad:	0.42557960053916	
    Magnitude of b:	3.2548724410776	

	
    Current index:	59501	
    Magnitude of W_grad:	11.648600250981	
    Magnitude of W:	60993.659512467	
    Magnitude of B_grad:	0.58898099477071	
    Magnitude of b:	3.4686002763643	

	
    Current index:	69501	
    Magnitude of W_grad:	7.7508212390513	
    Magnitude of W:	60987.851725302	
    Magnitude of B_grad:	0.11459342229425	
    Magnitude of b:	3.6245890909994	

	
    Current index:	79501	
    Magnitude of W_grad:	10.776134435041	
    Magnitude of W:	60981.846127024	
    Magnitude of B_grad:	0.34945842637675	
    Magnitude of b:	4.0119924747329	

	
    Current index:	89501	
    Magnitude of W_grad:	10.633725088589	
    Magnitude of W:	60976.220444544	
    Magnitude of B_grad:	0.30774708476659	
    Magnitude of b:	4.2777053460975	

	
SGD: Loss is	
	LOSS:Calculated softmax res	
347632.5375186	
SGD: crossEntropyLoss is	
347632.5375186	
SGD: Validation Accuracy is:	
0.23433242506812	
SGD: Magnitude of W:	
60974.089736249	
SGD: Magnitude of b:	
4.2552406935209	
    Current index:	9501	
    Magnitude of W_grad:	11.191756193393	
    Magnitude of W:	60968.059878333	
    Magnitude of B_grad:	0.40615168559764	
    Magnitude of b:	3.8821610111332	

	
    Current index:	19501	
    Magnitude of W_grad:	10.247437464319	
    Magnitude of W:	60962.595697655	
    Magnitude of B_grad:	0.41044864495814	
    Magnitude of b:	3.8704481487728	

	
    Current index:	29501	
    Magnitude of W_grad:	8.9596036233744	
    Magnitude of W:	60957.539390247	
    Magnitude of B_grad:	0.32033948978477	
    Magnitude of b:	3.9182540817476	

	
    Current index:	39501	
    Magnitude of W_grad:	9.1479488581494	
    Magnitude of W:	60952.478867429	
    Magnitude of B_grad:	0.23108995051069	
    Magnitude of b:	3.9658078976801	

	
    Current index:	49501	
    Magnitude of W_grad:	10.353152213391	
    Magnitude of W:	60946.84219392	
    Magnitude of B_grad:	0.4351802034519	
    Magnitude of b:	4.0109310144211	

	
    Current index:	59501	
    Magnitude of W_grad:	11.414102021634	
    Magnitude of W:	60940.693495528	
    Magnitude of B_grad:	0.55192445298936	
    Magnitude of b:	4.08210911484	

	
    Current index:	69501	
    Magnitude of W_grad:	7.5797528464639	
    Magnitude of W:	60935.373189	
    Magnitude of B_grad:	0.12903555611887	
    Magnitude of b:	4.1441212970461	

	
    Current index:	79501	
    Magnitude of W_grad:	10.70070201893	
    Magnitude of W:	60930.083682891	
    Magnitude of B_grad:	0.34756370593077	
    Magnitude of b:	4.33449718036	

	
    Current index:	89501	
    Magnitude of W_grad:	10.36286345523	
    Magnitude of W:	60924.920495839	
    Magnitude of B_grad:	0.29832660959102	
    Magnitude of b:	4.547317709022	

	
SGD: Loss is	
	LOSS:Calculated softmax res	
329749.73806967	
SGD: crossEntropyLoss is	
329749.73806967	
SGD: Validation Accuracy is:	
0.25068119891008	
SGD: Magnitude of W:	
60922.958896677	
SGD: Magnitude of b:	
4.5059640503497	
    Current index:	9501	
    Magnitude of W_grad:	10.753669691563	
    Magnitude of W:	60917.016973675	
    Magnitude of B_grad:	0.38046605051641	
    Magnitude of b:	4.2186923997625	

	
    Current index:	19501	
    Magnitude of W_grad:	9.7492596566634	
    Magnitude of W:	60912.178054566	
    Magnitude of B_grad:	0.38637088885326	
    Magnitude of b:	4.1887945672967	

	
    Current index:	29501	
    Magnitude of W_grad:	8.7858586841904	
    Magnitude of W:	60907.600092517	
    Magnitude of B_grad:	0.31194143243061	
    Magnitude of b:	4.2273539886549	

	
    Current index:	39501	
    Magnitude of W_grad:	8.7690338947401	
    Magnitude of W:	60903.131899102	
    Magnitude of B_grad:	0.21494596918099	
    Magnitude of b:	4.277730266848	

	
    Current index:	49501	
    Magnitude of W_grad:	10.445813663073	
    Magnitude of W:	60897.983070188	
    Magnitude of B_grad:	0.4524362937776	
    Magnitude of b:	4.3032970702359	

	
    Current index:	59501	
    Magnitude of W_grad:	11.246367630115	
    Magnitude of W:	60892.187683145	
    Magnitude of B_grad:	0.54468987189549	
    Magnitude of b:	4.3523927168413	

	
    Current index:	69501	
    Magnitude of W_grad:	7.4677057002541	
    Magnitude of W:	60887.004244917	
    Magnitude of B_grad:	0.13338989921395	
    Magnitude of b:	4.4081846342711	

	
    Current index:	79501	
    Magnitude of W_grad:	10.62943344046	
    Magnitude of W:	60882.052663871	
    Magnitude of B_grad:	0.34035394792729	
    Magnitude of b:	4.5571212611198	

	
    Current index:	89501	
    Magnitude of W_grad:	10.206183487415	
    Magnitude of W:	60877.313250033	
    Magnitude of B_grad:	0.28793262155577	
    Magnitude of b:	4.7517289848951	

	
SGD: Loss is	
	LOSS:Calculated softmax res	
318814.09641012	
SGD: crossEntropyLoss is	
318814.09641012	
SGD: Validation Accuracy is:	
0.25340599455041	
SGD: Magnitude of W:	
60875.558494882	
SGD: Magnitude of b:	
4.7033707029593	
    Current index:	9501	
    Magnitude of W_grad:	10.545353575834	
    Magnitude of W:	60869.864762808	
    Magnitude of B_grad:	0.36794260410775	
    Magnitude of b:	4.4566662567048	

	
    Current index:	19501	
    Magnitude of W_grad:	9.5913600709706	
    Magnitude of W:	60865.607563205	
    Magnitude of B_grad:	0.3736235433249	
    Magnitude of b:	4.4286950667493	

	
    Current index:	29501	
    Magnitude of W_grad:	8.7035772003504	
    Magnitude of W:	60861.347535875	
    Magnitude of B_grad:	0.30927996337103	
    Magnitude of b:	4.4687059039348	

	
    Current index:	39501	
    Magnitude of W_grad:	8.5426126027921	
    Magnitude of W:	60857.086132737	
    Magnitude of B_grad:	0.20442491256909	
    Magnitude of b:	4.5131385886534	

	
    Current index:	49501	
    Magnitude of W_grad:	10.457865520739	
    Magnitude of W:	60852.091184558	
    Magnitude of B_grad:	0.45602927602404	
    Magnitude of b:	4.5411608614068	

	
    Current index:	59501	
    Magnitude of W_grad:	11.02919407894	
    Magnitude of W:	60846.242377506	
    Magnitude of B_grad:	0.5319375057154	
    Magnitude of b:	4.5774195733938	

	
    Current index:	69501	
    Magnitude of W_grad:	7.3337389281669	
    Magnitude of W:	60841.199530044	
    Magnitude of B_grad:	0.13088355037305	
    Magnitude of b:	4.6311668934787	

	
    Current index:	79501	
    Magnitude of W_grad:	10.548225301481	
    Magnitude of W:	60836.607757459	
    Magnitude of B_grad:	0.33231905755514	
    Magnitude of b:	4.7518547669998	

	
    Current index:	89501	
    Magnitude of W_grad:	10.086703270911	
    Magnitude of W:	60831.963988106	
    Magnitude of B_grad:	0.27835378172765	
    Magnitude of b:	4.9335797409184	

	
SGD: Loss is	
	LOSS:Calculated softmax res	
311024.05075964	
SGD: crossEntropyLoss is	
311024.05075964	
SGD: Validation Accuracy is:	
0.25340599455041	
SGD: Magnitude of W:	
60830.282755927	
SGD: Magnitude of b:	
4.8804354573157	
    Current index:	9501	
    Magnitude of W_grad:	10.432142470034	
    Magnitude of W:	60824.892330646	
    Magnitude of B_grad:	0.35960072869792	
    Magnitude of b:	4.6673049667004	

	
    Current index:	19501	
    Magnitude of W_grad:	9.5429883766132	
    Magnitude of W:	60820.561392918	
    Magnitude of B_grad:	0.36596640157946	
    Magnitude of b:	4.6400685801695	

	
    Current index:	29501	
    Magnitude of W_grad:	8.6406687142469	
    Magnitude of W:	60816.677604397	
    Magnitude of B_grad:	0.307884110653	
    Magnitude of b:	4.680134054688	

	
    Current index:	39501	
    Magnitude of W_grad:	8.4049657133704	
    Magnitude of W:	60812.595234229	
    Magnitude of B_grad:	0.19778850444724	
    Magnitude of b:	4.7256148351853	

	
    Current index:	49501	
    Magnitude of W_grad:	10.439560604171	
    Magnitude of W:	60807.760265584	
    Magnitude of B_grad:	0.45436063367309	
    Magnitude of b:	4.74784565333	

	
    Current index:	59501	
    Magnitude of W_grad:	10.82020040351	
    Magnitude of W:	60802.10914203	
    Magnitude of B_grad:	0.51909967492235	
    Magnitude of b:	4.775099433348	

	
    Current index:	69501	
    Magnitude of W_grad:	7.1746773702253	
    Magnitude of W:	60797.012762613	
    Magnitude of B_grad:	0.12478197619101	
    Magnitude of b:	4.8270956040621	

	
    Current index:	79501	
    Magnitude of W_grad:	10.465917981265	
    Magnitude of W:	60792.578732529	
    Magnitude of B_grad:	0.32451032277391	
    Magnitude of b:	4.9183338410658	

	
    Current index:	89501	
    Magnitude of W_grad:	9.9871565422571	
    Magnitude of W:	60788.132748628	
    Magnitude of B_grad:	0.27004660523418	
    Magnitude of b:	5.0901720537735	

	
SGD: Loss is	
	LOSS:Calculated softmax res	
304906.887983	
SGD: crossEntropyLoss is	
304906.887983	
SGD: Validation Accuracy is:	
0.25340599455041	
SGD: Magnitude of W:	
60786.533884114	
SGD: Magnitude of b:	
5.0331895443371	
    Current index:	9501	
    Magnitude of W_grad:	10.349764066601	
    Magnitude of W:	60781.463106378	
    Magnitude of B_grad:	0.35338682931532	
    Magnitude of b:	4.8544785827105	

	
    Current index:	19501	
    Magnitude of W_grad:	9.4938442903789	
    Magnitude of W:	60777.450320178	
    Magnitude of B_grad:	0.35989611437019	
    Magnitude of b:	4.826488273472	

	
    Current index:	29501	
    Magnitude of W_grad:	8.5769553389934	
    Magnitude of W:	60773.707722323	
    Magnitude of B_grad:	0.3064750273522	
    Magnitude of b:	4.8659545212385	

	
    Current index:	39501	
    Magnitude of W_grad:	8.3159662247577	
    Magnitude of W:	60769.682899898	
    Magnitude of B_grad:	0.19364278629484	
    Magnitude of b:	4.9114342674819	

	
    Current index:	49501	
    Magnitude of W_grad:	10.411265311565	
    Magnitude of W:	60764.940142994	
    Magnitude of B_grad:	0.45107688778551	
    Magnitude of b:	4.9288556869056	

	
    Current index:	59501	
    Magnitude of W_grad:	10.648924538249	
    Magnitude of W:	60759.307626093	
    Magnitude of B_grad:	0.5076997675962	
    Magnitude of b:	4.950122195349	

	
    Current index:	69501	
    Magnitude of W_grad:	6.9981834199385	
    Magnitude of W:	60754.434890453	
    Magnitude of B_grad:	0.11696566309762	
    Magnitude of b:	5.00061223875	

	
    Current index:	79501	
    Magnitude of W_grad:	10.385114400804	
    Magnitude of W:	60749.996224575	
    Magnitude of B_grad:	0.31751387554873	
    Magnitude of b:	5.0597860263702	

	
    Current index:	89501	
    Magnitude of W_grad:	9.8812415329375	
    Magnitude of W:	60745.502147991	
    Magnitude of B_grad:	0.26274833312647	
    Magnitude of b:	5.2240441202982	

	
SGD: Loss is	
	LOSS:Calculated softmax res	
299819.74339093	
SGD: crossEntropyLoss is	
299819.74339093	
SGD: Validation Accuracy is:	
0.25522252497729	
SGD: Magnitude of W:	
60743.956343267	
SGD: Magnitude of b:	
5.1637340383962	
    Current index:	9501	
    Magnitude of W_grad:	10.278602600437	
    Magnitude of W:	60739.093102633	
    Magnitude of B_grad:	0.34852937184085	
    Magnitude of b:	5.0210956873265	

	
    Current index:	19501	
    Magnitude of W_grad:	9.4489312750261	
    Magnitude of W:	60735.200524878	
    Magnitude of B_grad:	0.35446249218729	
    Magnitude of b:	4.9914735920569	

	
    Current index:	29501	
    Magnitude of W_grad:	8.5203314271567	
    Magnitude of W:	60731.462380047	
    Magnitude of B_grad:	0.30531359025639	
    Magnitude of b:	5.0300470482487	

	
    Current index:	39501	
    Magnitude of W_grad:	8.2576791501324	
    Magnitude of W:	60727.524350138	
    Magnitude of B_grad:	0.19101114368927	
    Magnitude of b:	5.0748923107556	

	
    Current index:	49501	
    Magnitude of W_grad:	10.382555078741	
    Magnitude of W:	60722.884097299	
    Magnitude of B_grad:	0.44752375565879	
    Magnitude of b:	5.0885130447736	

	
    Current index:	59501	
    Magnitude of W_grad:	10.50813012428	
    Magnitude of W:	60717.334137407	
    Magnitude of B_grad:	0.49777680401632	
    Magnitude of b:	5.106029417426	

	
    Current index:	69501	
    Magnitude of W_grad:	6.8155455373685	
    Magnitude of W:	60712.566957685	
    Magnitude of B_grad:	0.10851085375934	
    Magnitude of b:	5.1551743295647	

	
    Current index:	79501	
    Magnitude of W_grad:	10.305409181899	
    Magnitude of W:	60708.165683068	
    Magnitude of B_grad:	0.31142855512705	
    Magnitude of b:	5.1877177680125	

	
    Current index:	89501	
    Magnitude of W_grad:	9.7718883427435	
    Magnitude of W:	60703.717403204	
    Magnitude of B_grad:	0.25610373208526	
    Magnitude of b:	5.3388070776662	

	
SGD: Loss is	
	LOSS:Calculated softmax res	
295443.08603958	
SGD: crossEntropyLoss is	
295443.08603958	
SGD: Validation Accuracy is:	
0.25522252497729	
SGD: Magnitude of W:	
60702.212692024	
SGD: Magnitude of b:	
5.2755139978788	
    Current index:	9501	
    Magnitude of W_grad:	10.217713480563	
    Magnitude of W:	60697.596336547	
    Magnitude of B_grad:	0.3446119248018	
    Magnitude of b:	5.1697858199249	

	
    Current index:	19501	
    Magnitude of W_grad:	9.4051455012928	
    Magnitude of W:	60693.783212895	
    Magnitude of B_grad:	0.34947208400101	
    Magnitude of b:	5.1380944066028	

	
    Current index:	29501	
    Magnitude of W_grad:	8.4761080858287	
    Magnitude of W:	60690.075178792	
    Magnitude of B_grad:	0.30462070016029	
    Magnitude of b:	5.175587271254	

	
    Current index:	39501	
    Magnitude of W_grad:	8.2120510658484	
    Magnitude of W:	60686.177114368	
    Magnitude of B_grad:	0.18927042549765	
    Magnitude of b:	5.2194251181354	

	
    Current index:	49501	
    Magnitude of W_grad:	10.35636809675	
    Magnitude of W:	60681.564893569	
    Magnitude of B_grad:	0.4442436088462	
    Magnitude of b:	5.2300833278183	

	
    Current index:	59501	
    Magnitude of W_grad:	10.386106925916	
    Magnitude of W:	60676.119793097	
    Magnitude of B_grad:	0.48908815582078	
    Magnitude of b:	5.2454075023731	

	
    Current index:	69501	
    Magnitude of W_grad:	6.6574287043572	
    Magnitude of W:	60671.345799087	
    Magnitude of B_grad:	0.10023062549358	
    Magnitude of b:	5.293302975617	

	
    Current index:	79501	
    Magnitude of W_grad:	10.23313968289	
    Magnitude of W:	60666.995947143	
    Magnitude of B_grad:	0.30614002527904	
    Magnitude of b:	5.3218690825506	

	
    Current index:	89501	
    Magnitude of W_grad:	9.6574047069718	
    Magnitude of W:	60662.621367548	
    Magnitude of B_grad:	0.24989223084315	
    Magnitude of b:	5.4374275995898	

	
SGD: Loss is	
	LOSS:Calculated softmax res	
291591.98159518	
SGD: crossEntropyLoss is	
291591.98159518	
SGD: Validation Accuracy is:	
0.26158038147139	
SGD: Magnitude of W:	
60661.125680699	
SGD: Magnitude of b:	
5.3714960425278	
    Current index:	9501	
    Magnitude of W_grad:	10.163829513999	
    Magnitude of W:	60656.55639727	
    Magnitude of B_grad:	0.34135992628794	
    Magnitude of b:	5.302713777505	

	
    Current index:	19501	
    Magnitude of W_grad:	9.3607906349139	
    Magnitude of W:	60652.774656921	
    Magnitude of B_grad:	0.34486501443195	
    Magnitude of b:	5.2687833645296	

	
    Current index:	29501	
    Magnitude of W_grad:	8.4396236935903	
    Magnitude of W:	60648.988560378	
    Magnitude of B_grad:	0.30433405454174	
    Magnitude of b:	5.3050772591239	

	
    Current index:	39501	
    Magnitude of W_grad:	8.1714289740768	
    Magnitude of W:	60645.095021926	
    Magnitude of B_grad:	0.18802546125788	
    Magnitude of b:	5.3477332870425	

	
    Current index:	49501	
    Magnitude of W_grad:	10.331216278483	
    Magnitude of W:	60640.525193566	
    Magnitude of B_grad:	0.44145581379409	
    Magnitude of b:	5.356100895956	

	
    Current index:	59501	
    Magnitude of W_grad:	10.282913716531	
    Magnitude of W:	60635.288267312	
    Magnitude of B_grad:	0.48143421940488	
    Magnitude of b:	5.3702696978584	

	
    Current index:	69501	
    Magnitude of W_grad:	6.5493248232159	
    Magnitude of W:	60630.561789055	
    Magnitude of B_grad:	0.092710868060129	
    Magnitude of b:	5.4169786718734	

	
    Current index:	79501	
    Magnitude of W_grad:	10.165421141882	
    Magnitude of W:	60626.215131803	
    Magnitude of B_grad:	0.30150640202947	
    Magnitude of b:	5.4421663973438	

	
    Current index:	89501	
    Magnitude of W_grad:	9.5374385139684	
    Magnitude of W:	60621.867423993	
    Magnitude of B_grad:	0.24402144623976	
    Magnitude of b:	5.5222384167042	

	
SGD: Loss is	
	LOSS:Calculated softmax res	
288146.2437417	
SGD: crossEntropyLoss is	
288146.2437417	
SGD: Validation Accuracy is:	
0.26430517711172	
SGD: Magnitude of W:	
60620.375635928	
SGD: Magnitude of b:	
5.4540536552539	
    Current index:	9501	
    Magnitude of W_grad:	10.110561086044	
    Magnitude of W:	60615.918981826	
    Magnitude of B_grad:	0.33858141474463	
    Magnitude of b:	5.4217303775713	

	
    Current index:	19501	
    Magnitude of W_grad:	9.3185643254589	
    Magnitude of W:	60612.169262173	
    Magnitude of B_grad:	0.340594408706	
    Magnitude of b:	5.3855459000439	

	
    Current index:	29501	
    Magnitude of W_grad:	8.4086669629855	
    Magnitude of W:	60608.356431248	
    Magnitude of B_grad:	0.30432303606846	
    Magnitude of b:	5.4205860774237	

	
    Current index:	39501	
    Magnitude of W_grad:	8.1309460813348	
    Magnitude of W:	60604.477124277	
    Magnitude of B_grad:	0.18702547167613	
    Magnitude of b:	5.4620204131094	

	
    Current index:	49501	
    Magnitude of W_grad:	10.309429793983	
    Magnitude of W:	60599.951853858	
    Magnitude of B_grad:	0.43921863580357	
    Magnitude of b:	5.4686343111214	

	
    Current index:	59501	
    Magnitude of W_grad:	10.201376975352	
    Magnitude of W:	60594.804138204	
    Magnitude of B_grad:	0.47466140051121	
    Magnitude of b:	5.4823105983836	

	
    Current index:	69501	
    Magnitude of W_grad:	6.5048674975705	
    Magnitude of W:	60590.115583472	
    Magnitude of B_grad:	0.086214601563255	
    Magnitude of b:	5.527882479395	

	
    Current index:	79501	
    Magnitude of W_grad:	10.099910808914	
    Magnitude of W:	60585.786664046	
    Magnitude of B_grad:	0.29741321856458	
    Magnitude of b:	5.5501601588676	

	
    Current index:	89501	
    Magnitude of W_grad:	9.4228696592657	
    Magnitude of W:	60581.452920598	
    Magnitude of B_grad:	0.23847224052843	
    Magnitude of b:	5.5951554507555	

	
SGD: Loss is	
	LOSS:Calculated softmax res	
285022.06200207	
SGD: crossEntropyLoss is	
285022.06200207	
SGD: Validation Accuracy is:	
0.26702997275204	
SGD: Magnitude of W:	
60579.967109596	
SGD: Magnitude of b:	
5.5251120943676	
    Current index:	9501	
    Magnitude of W_grad:	10.058308973241	
    Magnitude of W:	60575.557599563	
    Magnitude of B_grad:	0.3361379990587	
    Magnitude of b:	5.5284702267403	

	
    Current index:	19501	
    Magnitude of W_grad:	9.2761510719234	
    Magnitude of W:	60571.83103805	
    Magnitude of B_grad:	0.33661092519761	
    Magnitude of b:	5.4901058060638	

	
    Current index:	29501	
    Magnitude of W_grad:	8.3816653624803	
    Magnitude of W:	60568.03472015	
    Magnitude of B_grad:	0.30448341699453	
    Magnitude of b:	5.5238897014822	

	
    Current index:	39501	
    Magnitude of W_grad:	8.0892218334112	
    Magnitude of W:	60564.190015957	
    Magnitude of B_grad:	0.18611626180476	
    Magnitude of b:	5.5641429387058	

	
    Current index:	49501	
    Magnitude of W_grad:	10.289435075044	
    Magnitude of W:	60559.707400899	
    Magnitude of B_grad:	0.4375064056576	
    Magnitude of b:	5.5694309176091	

	
    Current index:	59501	
    Magnitude of W_grad:	10.130791215412	
    Magnitude of W:	60554.602601461	
    Magnitude of B_grad:	0.4686432247953	
    Magnitude of b:	5.5830201356533	

	
    Current index:	69501	
    Magnitude of W_grad:	6.4740056210976	
    Magnitude of W:	60549.928734701	
    Magnitude of B_grad:	0.080730447300595	
    Magnitude of b:	5.6275007464988	

	
    Current index:	79501	
    Magnitude of W_grad:	10.039210104438	
    Magnitude of W:	60545.612952571	
    Magnitude of B_grad:	0.29377448295295	
    Magnitude of b:	5.6472500172972	

	
    Current index:	89501	
    Magnitude of W_grad:	9.3082409220964	
    Magnitude of W:	60541.320262515	
    Magnitude of B_grad:	0.23557873918718	
    Magnitude of b:	5.6862496457901	

	
SGD: Loss is	
	LOSS:Calculated softmax res	
282158.40694908	
SGD: crossEntropyLoss is	
282158.40694908	
SGD: Validation Accuracy is:	
0.26793823796549	
SGD: Magnitude of W:	
60539.85747025	
SGD: Magnitude of b:	
5.6065229028764	
    Current index:	9501	
    Magnitude of W_grad:	10.006235011588	
    Magnitude of W:	60535.455625828	
    Magnitude of B_grad:	0.33392954212265	
    Magnitude of b:	5.6243879317725	

	
    Current index:	19501	
    Magnitude of W_grad:	9.2344494893112	
    Magnitude of W:	60531.771183095	
    Magnitude of B_grad:	0.33286701142972	
    Magnitude of b:	5.5839666863692	

	
    Current index:	29501	
    Magnitude of W_grad:	8.3572503932082	
    Magnitude of W:	60528.018977869	
    Magnitude of B_grad:	0.30474587497991	
    Magnitude of b:	5.6165275223928	

	
    Current index:	39501	
    Magnitude of W_grad:	8.0474316636131	
    Magnitude of W:	60524.229809053	
    Magnitude of B_grad:	0.18520798310047	
    Magnitude of b:	5.6556831604171	

	
    Current index:	49501	
    Magnitude of W_grad:	10.270450346627	
    Magnitude of W:	60519.782649778	
    Magnitude of B_grad:	0.43625440419385	
    Magnitude of b:	5.6599840181148	

	
    Current index:	59501	
    Magnitude of W_grad:	10.068724159083	
    Magnitude of W:	60514.760718645	
    Magnitude of B_grad:	0.46327240765914	
    Magnitude of b:	5.6737204074253	

	
    Current index:	69501	
    Magnitude of W_grad:	6.4527758829222	
    Magnitude of W:	60510.164972291	
    Magnitude of B_grad:	0.076108175273724	
    Magnitude of b:	5.7171558725922	

	
    Current index:	79501	
    Magnitude of W_grad:	9.9827682354362	
    Magnitude of W:	60505.965246098	
    Magnitude of B_grad:	0.29052100113422	
    Magnitude of b:	5.7346931699679	

	
    Current index:	89501	
    Magnitude of W_grad:	9.1963830804527	
    Magnitude of W:	60501.769280119	
    Magnitude of B_grad:	0.23291390561468	
    Magnitude of b:	5.7726121490573	

	
SGD: Loss is	
	LOSS:Calculated softmax res	
279509.57807489	
SGD: crossEntropyLoss is	
279509.57807489	
SGD: Validation Accuracy is:	
0.26793823796549	
SGD: Magnitude of W:	
60500.323267469	
SGD: Magnitude of b:	
5.6924750508534	
    Current index:	9501	
    Magnitude of W_grad:	9.9566780961081	
    Magnitude of W:	60495.909177336	
    Magnitude of B_grad:	0.33188593623134	
    Magnitude of b:	5.7107671063899	

	
    Current index:	19501	
    Magnitude of W_grad:	9.1930418845614	
    Magnitude of W:	60492.181359872	
    Magnitude of B_grad:	0.32932196518043	
    Magnitude of b:	5.6684347548074	

	
    Current index:	29501	
    Magnitude of W_grad:	8.3343126815072	
    Magnitude of W:	60488.447668534	
    Magnitude of B_grad:	0.30506632846608	
    Magnitude of b:	5.6998259889034	

	
    Current index:	39501	
    Magnitude of W_grad:	8.0049576023211	
    Magnitude of W:	60484.664742539	
    Magnitude of B_grad:	0.18425216042903	
    Magnitude of b:	5.7379869497658	

	
    Current index:	49501	
    Magnitude of W_grad:	10.253216235959	
    Magnitude of W:	60480.281651356	
    Magnitude of B_grad:	0.43538519930112	
    Magnitude of b:	5.7415667332626	

	
    Current index:	59501	
    Magnitude of W_grad:	10.013620583087	
    Magnitude of W:	60475.334132354	
    Magnitude of B_grad:	0.45845793742707	
    Magnitude of b:	5.755574008342	

	
    Current index:	69501	
    Magnitude of W_grad:	6.4323356963083	
    Magnitude of W:	60470.808704184	
    Magnitude of B_grad:	0.072309181933163	
    Magnitude of b:	5.7980103817451	

	
    Current index:	79501	
    Magnitude of W_grad:	9.9297411669721	
    Magnitude of W:	60466.693828886	
    Magnitude of B_grad:	0.28759306169721	
    Magnitude of b:	5.8135999330512	

	
    Current index:	89501	
    Magnitude of W_grad:	9.0922228161435	
    Magnitude of W:	60462.544746835	
    Magnitude of B_grad:	0.2302807961591	
    Magnitude of b:	5.8505302924381	

	
SGD: Loss is	
	LOSS:Calculated softmax res	
277040.65777594	
SGD: crossEntropyLoss is	
277040.65777594	
SGD: Validation Accuracy is:	
0.26793823796549	
SGD: Magnitude of W:	
60461.103526566	
SGD: Magnitude of b:	
5.770058322247	
    Current index:	9501	
    Magnitude of W_grad:	9.9075301177193	
    Magnitude of W:	60456.631595203	
    Magnitude of B_grad:	0.32996025510359	
    Magnitude of b:	5.7887255661498	

	
    Current index:	19501	
    Magnitude of W_grad:	9.1519067964726	
    Magnitude of W:	60452.87697025	
    Magnitude of B_grad:	0.32594346185112	
    Magnitude of b:	5.7446339314114	

	
    Current index:	29501	
    Magnitude of W_grad:	8.3120502353687	
    Magnitude of W:	60449.173500971	
    Magnitude of B_grad:	0.30541678308159	
    Magnitude of b:	5.7749177296048	

	
    Current index:	39501	
    Magnitude of W_grad:	7.9615826629124	
    Magnitude of W:	60445.405537815	
    Magnitude of B_grad:	0.18322614834133	
    Magnitude of b:	5.812192852036	

	
    Current index:	49501	
    Magnitude of W_grad:	10.240215377915	
    Magnitude of W:	60441.055145618	
    Magnitude of B_grad:	0.43482282400801	
    Magnitude of b:	5.8152585341458	

	
    Current index:	59501	
    Magnitude of W_grad:	9.9642313303766	
    Magnitude of W:	60436.189695007	
    Magnitude of B_grad:	0.45412374443737	
    Magnitude of b:	5.8295906899874	

	
    Current index:	69501	
    Magnitude of W_grad:	6.4118009215495	
    Magnitude of W:	60431.755976693	
    Magnitude of B_grad:	0.070188976540541	
    Magnitude of b:	5.8710720328602	

	
    Current index:	79501	
    Magnitude of W_grad:	9.8814359641417	
    Magnitude of W:	60427.705224035	
    Magnitude of B_grad:	0.28493871184337	
    Magnitude of b:	5.8849362318535	

	
    Current index:	89501	
    Magnitude of W_grad:	8.9945339850517	
    Magnitude of W:	60423.570647872	
    Magnitude of B_grad:	0.22772778347511	
    Magnitude of b:	5.9209616907824	

	
SGD: Loss is	
	LOSS:Calculated softmax res	
274724.52905091	
SGD: crossEntropyLoss is	
274724.52905091	
SGD: Validation Accuracy is:	
0.26793823796549	
SGD: Magnitude of W:	
60422.127725963	
SGD: Magnitude of b:	
5.8402161706052	
    Current index:	9501	
    Magnitude of W_grad:	9.8586424732662	
    Magnitude of W:	60417.614260452	
    Magnitude of B_grad:	0.3281220841025	
    Magnitude of b:	5.8592266418848	

	
    Current index:	19501	
    Magnitude of W_grad:	9.1111886683557	
    Magnitude of W:	60413.896266963	
    Magnitude of B_grad:	0.32270655683453	
    Magnitude of b:	5.8135242069494	

	
    Current index:	29501	
    Magnitude of W_grad:	8.2900143400697	
    Magnitude of W:	60410.141666739	
    Magnitude of B_grad:	0.30577904679558	
    Magnitude of b:	5.8427641942581	

	
    Current index:	39501	
    Magnitude of W_grad:	7.9165731888119	
    Magnitude of W:	60406.404632823	
    Magnitude of B_grad:	0.18212325277304	
    Magnitude of b:	5.879261118443	

	
    Current index:	49501	
    Magnitude of W_grad:	10.227548939528	
    Magnitude of W:	60402.088895835	
    Magnitude of B_grad:	0.43449934150067	
    Magnitude of b:	5.8819723617571	

	
    Current index:	59501	
    Magnitude of W_grad:	9.9178336970447	
    Magnitude of W:	60397.331617498	
    Magnitude of B_grad:	0.45020719568443	
    Magnitude of b:	5.8966403066521	

	
    Current index:	69501	
    Magnitude of W_grad:	6.3927635308233	
    Magnitude of W:	60392.968665527	
    Magnitude of B_grad:	0.068339753819486	
    Magnitude of b:	5.9372073285092	

	
    Current index:	79501	
    Magnitude of W_grad:	9.8357386177508	
    Magnitude of W:	60388.971306839	
    Magnitude of B_grad:	0.28251401875307	
    Magnitude of b:	5.9495354880034	

	
    Current index:	89501	
    Magnitude of W_grad:	8.9041189378338	
    Magnitude of W:	60384.881257035	
    Magnitude of B_grad:	0.22528746217377	
    Magnitude of b:	5.9847340281755	

	
SGD: Loss is	
	LOSS:Calculated softmax res	
272539.8339448	
SGD: crossEntropyLoss is	
272539.8339448	
SGD: Validation Accuracy is:	
0.27157129881926	
SGD: Magnitude of W:	
60383.446864178	
SGD: Magnitude of b:	
5.9037628687867	
    Current index:	9501	
    Magnitude of W_grad:	9.8093921124346	
    Magnitude of W:	60378.936165891	
    Magnitude of B_grad:	0.32635190590344	
    Magnitude of b:	5.9230964867464	

	
    Current index:	19501	
    Magnitude of W_grad:	9.070498961093	
    Magnitude of W:	60375.271940599	
    Magnitude of B_grad:	0.31959189786267	
    Magnitude of b:	5.8759232443352	

	
    Current index:	29501	
    Magnitude of W_grad:	8.2692904807246	
    Magnitude of W:	60371.492943266	
    Magnitude of B_grad:	0.30614075368823	
    Magnitude of b:	5.9041804248907	

	
    Current index:	39501	
    Magnitude of W_grad:	7.8703978201283	
    Magnitude of W:	60367.778088955	
    Magnitude of B_grad:	0.18094662697807	
    Magnitude of b:	5.9400020260438	

	
    Current index:	49501	
    Magnitude of W_grad:	10.215829941768	
    Magnitude of W:	60363.515174644	
    Magnitude of B_grad:	0.43435703386943	
    Magnitude of b:	5.9424813375289	

	
    Current index:	59501	
    Magnitude of W_grad:	9.874327620905	
    Magnitude of W:	60358.838221481	
    Magnitude of B_grad:	0.44665706027078	
    Magnitude of b:	5.9574701840059	

	
    Current index:	69501	
    Magnitude of W_grad:	6.3759961009834	
    Magnitude of W:	60354.520075652	
    Magnitude of B_grad:	0.066714320511183	
    Magnitude of b:	5.9971598470803	

	
    Current index:	79501	
    Magnitude of W_grad:	9.791497425566	
    Magnitude of W:	60350.522947651	
    Magnitude of B_grad:	0.28028306522833	
    Magnitude of b:	6.0081151207862	

	
    Current index:	89501	
    Magnitude of W_grad:	8.820053528789	
    Magnitude of W:	60346.458687847	
    Magnitude of B_grad:	0.22297848589953	
    Magnitude of b:	6.0425602825026	

	
SGD: Loss is	
	LOSS:Calculated softmax res	
270469.53695636	
SGD: crossEntropyLoss is	
270469.53695636	
SGD: Validation Accuracy is:	
0.27520435967302	
SGD: Magnitude of W:	
60345.026307732	
SGD: Magnitude of b:	
5.9613998940644	
    Current index:	9501	
    Magnitude of W_grad:	9.7602281451488	
    Magnitude of W:	60340.539213848	
    Magnitude of B_grad:	0.32463713880185	
    Magnitude of b:	5.9810433988821	

	
    Current index:	19501	
    Magnitude of W_grad:	9.0299888259762	
    Magnitude of W:	60336.893825575	
    Magnitude of B_grad:	0.31658413380344	
    Magnitude of b:	5.9325281628261	

	
    Current index:	29501	
    Magnitude of W_grad:	8.2493196550619	
    Magnitude of W:	60333.150438282	
    Magnitude of B_grad:	0.30649297098694	
    Magnitude of b:	5.9598588598842	

	
    Current index:	39501	
    Magnitude of W_grad:	7.8246247844961	
    Magnitude of W:	60329.44203132	
    Magnitude of B_grad:	0.17970543637544	
    Magnitude of b:	5.9951012764083	

	
    Current index:	49501	
    Magnitude of W_grad:	10.20462723483	
    Magnitude of W:	60325.213421692	
    Magnitude of B_grad:	0.43434831010228	
    Magnitude of b:	5.9974427124894	

	
    Current index:	59501	
    Magnitude of W_grad:	9.8325337401954	
    Magnitude of W:	60320.597288818	
    Magnitude of B_grad:	0.44343124766949	
    Magnitude of b:	6.0127231843932	

	
    Current index:	69501	
    Magnitude of W_grad:	6.3614867341272	
    Magnitude of W:	60316.31033618	
    Magnitude of B_grad:	0.065274324885736	
    Magnitude of b:	6.0515688636551	

	
    Current index:	79501	
    Magnitude of W_grad:	9.7495284526035	
    Magnitude of W:	60312.369083224	
    Magnitude of B_grad:	0.27821723392382	
    Magnitude of b:	6.0612934352183	

	
    Current index:	89501	
    Magnitude of W_grad:	8.7422784256893	
    Magnitude of W:	60308.295040637	
    Magnitude of B_grad:	0.22080858559553	
    Magnitude of b:	6.0950548959556	

	
SGD: Loss is	
	LOSS:Calculated softmax res	
268499.89189656	
SGD: crossEntropyLoss is	
268499.89189656	
SGD: Validation Accuracy is:	
0.27611262488647	
SGD: Magnitude of W:	
60306.872979927	
SGD: Magnitude of b:	
6.0137324736477	
    Current index:	9501	
    Magnitude of W_grad:	9.7122488756485	
    Magnitude of W:	60302.449002275	
    Magnitude of B_grad:	0.32296967013811	
    Magnitude of b:	6.0336761854101	

	
    Current index:	19501	
    Magnitude of W_grad:	8.9899058155336	
    Magnitude of W:	60298.792719116	
    Magnitude of B_grad:	0.31367079859423	
    Magnitude of b:	5.9839354575684	

	
    Current index:	29501	
    Magnitude of W_grad:	8.2296369849562	
    Magnitude of W:	60295.060106533	
    Magnitude of B_grad:	0.30682883819356	
    Magnitude of b:	6.0103904887588	

	
    Current index:	39501	
    Magnitude of W_grad:	7.7818355833496	
    Magnitude of W:	60291.388014777	
    Magnitude of B_grad:	0.17841230515406	
    Magnitude of b:	6.045141718642	

	
    Current index:	49501	
    Magnitude of W_grad:	10.194155919911	
    Magnitude of W:	60287.17958448	
    Magnitude of B_grad:	0.43443462381103	
    Magnitude of b:	6.0474181964479	

	
    Current index:	59501	
    Magnitude of W_grad:	9.7925768147053	
    Magnitude of W:	60282.596220111	
    Magnitude of B_grad:	0.44049468956988	
    Magnitude of b:	6.0629542982265	

	
    Current index:	69501	
    Magnitude of W_grad:	6.3490891120973	
    Magnitude of W:	60278.327271893	
    Magnitude of B_grad:	0.063989557669957	
    Magnitude of b:	6.1009861428887	

	
    Current index:	79501	
    Magnitude of W_grad:	9.7085009023215	
    Magnitude of W:	60274.443068983	
    Magnitude of B_grad:	0.27629405638274	
    Magnitude of b:	6.1096051046426	

	
    Current index:	89501	
    Magnitude of W_grad:	8.6735016290442	
    Magnitude of W:	60270.411006585	
    Magnitude of B_grad:	0.21877759963679	
    Magnitude of b:	6.14274890196	

	
SGD: Loss is	
	LOSS:Calculated softmax res	
266619.68301089	
SGD: crossEntropyLoss is	
266619.68301089	
SGD: Validation Accuracy is:	
0.27883742052679	
SGD: Magnitude of W:	
60268.994459673	
SGD: Magnitude of b:	
6.0612846730329	
    Current index:	9501	
    Magnitude of W_grad:	9.6642464307869	
    Magnitude of W:	60264.606287761	
    Magnitude of B_grad:	0.32134438368606	
    Magnitude of b:	6.0815204940659	

	
    Current index:	19501	
    Magnitude of W_grad:	8.9504049708034	
    Magnitude of W:	60260.982013278	
    Magnitude of B_grad:	0.31084160052356	
    Magnitude of b:	6.0306584285138	

	
    Current index:	29501	
    Magnitude of W_grad:	8.2107064660677	
    Magnitude of W:	60257.257994516	
    Magnitude of B_grad:	0.3071428437987	
    Magnitude of b:	6.0562830235132	

	
    Current index:	39501	
    Magnitude of W_grad:	7.740639771356	
    Magnitude of W:	60253.587905328	
    Magnitude of B_grad:	0.17708145855579	
    Magnitude of b:	6.090621862436	

	
    Current index:	49501	
    Magnitude of W_grad:	10.184490570999	
    Magnitude of W:	60249.426394785	
    Magnitude of B_grad:	0.43458513946228	
    Magnitude of b:	6.0928910507356	

	
    Current index:	59501	
    Magnitude of W_grad:	9.7539182367447	
    Magnitude of W:	60244.900797057	
    Magnitude of B_grad:	0.43781759760982	
    Magnitude of b:	6.1086451979182	

	
    Current index:	69501	
    Magnitude of W_grad:	6.3381129558122	
    Magnitude of W:	60240.703222799	
    Magnitude of B_grad:	0.062836746807805	
    Magnitude of b:	6.1458905246248	

	
    Current index:	79501	
    Magnitude of W_grad:	9.6677442887629	
    Magnitude of W:	60236.87029154	
    Magnitude of B_grad:	0.27449595468115	
    Magnitude of b:	6.1535148566134	

	
    Current index:	89501	
    Magnitude of W_grad:	8.610156379544	
    Magnitude of W:	60232.897228461	
    Magnitude of B_grad:	0.21688008951697	
    Magnitude of b:	6.1861034007567	

	
SGD: Loss is	
	LOSS:Calculated softmax res	
264819.65596105	
SGD: crossEntropyLoss is	
264819.65596105	
SGD: Validation Accuracy is:	
0.28065395095368	
SGD: Magnitude of W:	
60231.504252452	
SGD: Magnitude of b:	
6.1045126623255	
    Current index:	9501	
    Magnitude of W_grad:	9.6170427868982	
    Magnitude of W:	60227.114599292	
    Magnitude of B_grad:	0.31975822952448	
    Magnitude of b:	6.1250329471447	

	
    Current index:	19501	
    Magnitude of W_grad:	8.9106533767218	
    Magnitude of W:	60223.503022573	
    Magnitude of B_grad:	0.30808796756419	
    Magnitude of b:	6.0731420693256	

	
    Current index:	29501	
    Magnitude of W_grad:	8.1917836538165	
    Magnitude of W:	60219.779555809	
    Magnitude of B_grad:	0.30743046899603	
    Magnitude of b:	6.097976203022	

	
    Current index:	39501	
    Magnitude of W_grad:	7.7012038282456	
    Magnitude of W:	60216.115120525	
    Magnitude of B_grad:	0.17572726165035	
    Magnitude of b:	6.1319717848425	

	
    Current index:	49501	
    Magnitude of W_grad:	10.175305806159	
    Magnitude of W:	60212.023150856	
    Magnitude of B_grad:	0.43477549154117	
    Magnitude of b:	6.1342805379059	

	
    Current index:	59501	
    Magnitude of W_grad:	9.7168993741045	
    Magnitude of W:	60207.58235881	
    Magnitude of B_grad:	0.43537416908191	
    Magnitude of b:	6.1502167933758	

	
    Current index:	69501	
    Magnitude of W_grad:	6.3280459906027	
    Magnitude of W:	60203.49331526	
    Magnitude of B_grad:	0.0617982295391	
    Magnitude of b:	6.186700409748	

	
    Current index:	79501	
    Magnitude of W_grad:	9.6273276836583	
    Magnitude of W:	60199.754146711	
    Magnitude of B_grad:	0.2728090747708	
    Magnitude of b:	6.1934292939197	

	
    Current index:	89501	
    Magnitude of W_grad:	8.5537037466032	
    Magnitude of W:	60195.84772751	
    Magnitude of B_grad:	0.21510743838346	
    Magnitude of b:	6.2255211939488	

	
SGD: Loss is	
	LOSS:Calculated softmax res	
263092.08447531	
SGD: crossEntropyLoss is	
263092.08447531	
SGD: Validation Accuracy is:	
0.28156221616712	
SGD: Magnitude of W:	
60194.479702782	
SGD: Magnitude of b:	
6.1438160758334	
    Current index:	9501	
    Magnitude of W_grad:	9.5711688095457	
    Magnitude of W:	60190.089049504	
    Magnitude of B_grad:	0.31820956794121	
    Magnitude of b:	6.164613058398	

	
    Current index:	19501	
    Magnitude of W_grad:	8.8707630058947	
    Magnitude of W:	60186.497100135	
    Magnitude of B_grad:	0.30540273421712	
    Magnitude of b:	6.1117754228099	

	
    Current index:	29501	
    Magnitude of W_grad:	8.1728028302087	
    Magnitude of W:	60182.774160591	
    Magnitude of B_grad:	0.30768802436564	
    Magnitude of b:	6.1358543395202	

	
    Current index:	39501	
    Magnitude of W_grad:	7.6621088919207	
    Magnitude of W:	60179.090708735	
    Magnitude of B_grad:	0.17436308154577	
    Magnitude of b:	6.169566565976	

	
    Current index:	49501	
    Magnitude of W_grad:	10.165871059474	
    Magnitude of W:	60175.050839925	
    Magnitude of B_grad:	0.43498671851752	
    Magnitude of b:	6.1719539658457	

	
    Current index:	59501	
    Magnitude of W_grad:	9.6816723219228	
    Magnitude of W:	60170.718892295	
    Magnitude of B_grad:	0.43314169015507	
    Magnitude of b:	6.1880397930962	

	
    Current index:	69501	
    Magnitude of W_grad:	6.319286039672	
    Magnitude of W:	60166.651487168	
    Magnitude of B_grad:	0.060860674283989	
    Magnitude of b:	6.2237841925511	

	
    Current index:	79501	
    Magnitude of W_grad:	9.5870420979279	
    Magnitude of W:	60162.93200076	
    Magnitude of B_grad:	0.27122230115209	
    Magnitude of b:	6.2297067728146	

	
    Current index:	89501	
    Magnitude of W_grad:	8.5027450549792	
    Magnitude of W:	60159.048969617	
    Magnitude of B_grad:	0.21344943198808	
    Magnitude of b:	6.2613564987809	

	
SGD: Loss is	
	LOSS:Calculated softmax res	
261430.43866138	
SGD: crossEntropyLoss is	
261430.43866138	
SGD: Validation Accuracy is:	
0.28065395095368	
SGD: Magnitude of W:	
60157.688158957	
SGD: Magnitude of b:	
6.1795474261203	
    Current index:	9501	
    Magnitude of W_grad:	9.527672977274	
    Magnitude of W:	60153.312963498	
    Magnitude of B_grad:	0.31669767185942	
    Magnitude of b:	6.2006129560958	

	
    Current index:	19501	
    Magnitude of W_grad:	8.8314414751647	
    Magnitude of W:	60149.754004702	
    Magnitude of B_grad:	0.30277990709568	
    Magnitude of b:	6.1469014770608	

	
    Current index:	29501	
    Magnitude of W_grad:	8.1541367432528	
    Magnitude of W:	60146.048707571	
    Magnitude of B_grad:	0.30791257577247	
    Magnitude of b:	6.1702562612585	

	
    Current index:	39501	
    Magnitude of W_grad:	7.6254512340546	
    Magnitude of W:	60142.375907096	
    Magnitude of B_grad:	0.17300053466358	
    Magnitude of b:	6.2037370639744	

	
    Current index:	49501	
    Magnitude of W_grad:	10.15627507473	
    Magnitude of W:	60138.393730375	
    Magnitude of B_grad:	0.43520432700896	
    Magnitude of b:	6.2062363157658	

	
    Current index:	59501	
    Magnitude of W_grad:	9.6477346892214	
    Magnitude of W:	60134.081715893	
    Magnitude of B_grad:	0.4310999268531	
    Magnitude of b:	6.2224432356851	

	
    Current index:	69501	
    Magnitude of W_grad:	6.3110044638555	
    Magnitude of W:	60130.003918116	
    Magnitude of B_grad:	0.060013959523137	
    Magnitude of b:	6.2574686883004	

	
    Current index:	79501	
    Magnitude of W_grad:	9.5474351842278	
    Magnitude of W:	60126.299345097	
    Magnitude of B_grad:	0.2697264813584	
    Magnitude of b:	6.2626653784134	

	
    Current index:	89501	
    Magnitude of W_grad:	8.4561218958717	
    Magnitude of W:	60122.443758003	
    Magnitude of B_grad:	0.21189535837742	
    Magnitude of b:	6.2939228463141	

	
SGD: Loss is	
	LOSS:Calculated softmax res	
259829.13288475	
SGD: crossEntropyLoss is	
259829.13288475	
SGD: Validation Accuracy is:	
0.28065395095368	
SGD: Magnitude of W:	
60121.092678198	
SGD: Magnitude of b:	
6.2120196999659	
    Current index:	9501	
    Magnitude of W_grad:	9.4862447849873	
    Magnitude of W:	60116.765880097	
    Magnitude of B_grad:	0.31522235118761	
    Magnitude of b:	6.2333451304306	

	
    Current index:	19501	
    Magnitude of W_grad:	8.7923302232624	
    Magnitude of W:	60113.254847999	
    Magnitude of B_grad:	0.30021448118632	
    Magnitude of b:	6.1788249047828	

	
    Current index:	29501	
    Magnitude of W_grad:	8.1358927095139	
    Magnitude of W:	60109.577652055	
    Magnitude of B_grad:	0.30810190262948	
    Magnitude of b:	6.2014830196416	

	
    Current index:	39501	
    Magnitude of W_grad:	7.5898353337078	
    Magnitude of W:	60105.924006806	
    Magnitude of B_grad:	0.17164917016091	
    Magnitude of b:	6.2347780265477	

	
    Current index:	49501	
    Magnitude of W_grad:	10.146370661835	
    Magnitude of W:	60101.976697354	
    Magnitude of B_grad:	0.43541743169779	
    Magnitude of b:	6.2374175871874	

	
    Current index:	59501	
    Magnitude of W_grad:	9.6158767968887	
    Magnitude of W:	60097.655766968	
    Magnitude of B_grad:	0.42923069814355	
    Magnitude of b:	6.2537211534988	

	
    Current index:	69501	
    Magnitude of W_grad:	6.3040677022868	
    Magnitude of W:	60093.574028213	
    Magnitude of B_grad:	0.059250276865648	
    Magnitude of b:	6.2880457958511	

	
    Current index:	79501	
    Magnitude of W_grad:	9.5085126871228	
    Magnitude of W:	60089.881189017	
    Magnitude of B_grad:	0.26831385448684	
    Magnitude of b:	6.2925892758889	

	
    Current index:	89501	
    Magnitude of W_grad:	8.4115961772189	
    Magnitude of W:	60086.04506357	
    Magnitude of B_grad:	0.21043469573338	
    Magnitude of b:	6.3234994878905	

	
SGD: Loss is	
	LOSS:Calculated softmax res	
258283.33643379	
SGD: crossEntropyLoss is	
258283.33643379	
SGD: Validation Accuracy is:	
0.28065395095368	
SGD: Magnitude of W:	
60084.696887254	
SGD: Magnitude of b:	
6.2415124757006	
    Current index:	9501	
    Magnitude of W_grad:	9.447291201141	
    Magnitude of W:	60080.420213305	
    Magnitude of B_grad:	0.31378368318108	
    Magnitude of b:	6.2630886332827	

	
    Current index:	19501	
    Magnitude of W_grad:	8.7528593983653	
    Magnitude of W:	60076.951102094	
    Magnitude of B_grad:	0.2977022942567	
    Magnitude of b:	6.2078181580155	

	
    Current index:	29501	
    Magnitude of W_grad:	8.1191943188281	
    Magnitude of W:	60073.288152083	
    Magnitude of B_grad:	0.30825446036131	
    Magnitude of b:	6.2298039201301	

	
    Current index:	39501	
    Magnitude of W_grad:	7.5571975927201	
    Magnitude of W:	60069.64591092	
    Magnitude of B_grad:	0.17031653084466	
    Magnitude of b:	6.2629539943731	

	
    Current index:	49501	
    Magnitude of W_grad:	10.136302720985	
    Magnitude of W:	60065.715403378	
    Magnitude of B_grad:	0.4356179636161	
    Magnitude of b:	6.2657583127098	

	
    Current index:	59501	
    Magnitude of W_grad:	9.58614614987	
    Magnitude of W:	60061.418640364	
    Magnitude of B_grad:	0.42751756332305	
    Magnitude of b:	6.2821377816203	

	
    Current index:	69501	
    Magnitude of W_grad:	6.2969854245527	
    Magnitude of W:	60057.335511166	
    Magnitude of B_grad:	0.058563469887022	
    Magnitude of b:	6.3157778150472	

	
    Current index:	79501	
    Magnitude of W_grad:	9.4699172267996	
    Magnitude of W:	60053.661974177	
    Magnitude of B_grad:	0.26697765509206	
    Magnitude of b:	6.3197338611772	

	
    Current index:	89501	
    Magnitude of W_grad:	8.3691912333524	
    Magnitude of W:	60049.848959895	
    Magnitude of B_grad:	0.20905748577209	
    Magnitude of b:	6.3503367150492	

	
SGD: Loss is	
	LOSS:Calculated softmax res	
256788.83201393	
SGD: crossEntropyLoss is	
256788.83201393	
SGD: Validation Accuracy is:	
0.28156221616712	
SGD: Magnitude of W:	
60048.510152029	
SGD: Magnitude of b:	
6.2682769715983	
    Current index:	9501	
    Magnitude of W_grad:	9.4091333218917	
    Magnitude of W:	60044.269924202	
    Magnitude of B_grad:	0.31238182822927	
    Magnitude of b:	6.2900941926155	

	
    Current index:	19501	
    Magnitude of W_grad:	8.7132300409098	
    Magnitude of W:	60040.839201133	
    Magnitude of B_grad:	0.2952399107355	
    Magnitude of b:	6.2341264386668	

	
    Current index:	29501	
    Magnitude of W_grad:	8.1032508436871	
    Magnitude of W:	60037.210550939	
    Magnitude of B_grad:	0.30836933525422	
    Magnitude of b:	6.2554614237874	

	
    Current index:	39501	
    Magnitude of W_grad:	7.5258443352234	
    Magnitude of W:	60033.600269906	
    Magnitude of B_grad:	0.16900843912765	
    Magnitude of b:	6.2885037234896	

	
    Current index:	49501	
    Magnitude of W_grad:	10.126190516648	
    Magnitude of W:	60029.701383257	
    Magnitude of B_grad:	0.43579997870454	
    Magnitude of b:	6.2914938458173	

	
    Current index:	59501	
    Magnitude of W_grad:	9.5573801001968	
    Magnitude of W:	60025.412910177	
    Magnitude of B_grad:	0.4259455910723	
    Magnitude of b:	6.3079317929304	

	
    Current index:	69501	
    Magnitude of W_grad:	6.289699232271	
    Magnitude of W:	60021.316576533	
    Magnitude of B_grad:	0.057948569674894	
    Magnitude of b:	6.3409018357459	

	
    Current index:	79501	
    Magnitude of W_grad:	9.4313097763698	
    Magnitude of W:	60017.649374882	
    Magnitude of B_grad:	0.26571185112839	
    Magnitude of b:	6.3443300797749	

	
    Current index:	89501	
    Magnitude of W_grad:	8.3299924952884	
    Magnitude of W:	60013.835530015	
    Magnitude of B_grad:	0.20775449716138	
    Magnitude of b:	6.3746603946584	

	
SGD: Loss is	
	LOSS:Calculated softmax res	
255341.90877583	
SGD: crossEntropyLoss is	
255341.90877583	
SGD: Validation Accuracy is:	
0.27974568574024	
SGD: Magnitude of W:	
60012.5145155	
SGD: Magnitude of b:	
6.2925403259302	
    Current index:	9501	
    Magnitude of W_grad:	9.3726952429077	
    Magnitude of W:	60008.337314382	
    Magnitude of B_grad:	0.31101690593088	
    Magnitude of b:	6.3145885551834	

	
    Current index:	19501	
    Magnitude of W_grad:	8.6734042436388	
    Magnitude of W:	60004.960418865	
    Magnitude of B_grad:	0.29282452630081	
    Magnitude of b:	6.2579718881668	

	
    Current index:	29501	
    Magnitude of W_grad:	8.0873726919948	
    Magnitude of W:	60001.357502293	
    Magnitude of B_grad:	0.30844618881342	
    Magnitude of b:	6.2786752740828	

	
    Current index:	39501	
    Magnitude of W_grad:	7.4955206793901	
    Magnitude of W:	59997.780036201	
    Magnitude of B_grad:	0.16772934192306	
    Magnitude of b:	6.3116437706327	

	
    Current index:	49501	
    Magnitude of W_grad:	10.115948870093	
    Magnitude of W:	59993.906290771	
    Magnitude of B_grad:	0.43595910259103	
    Magnitude of b:	6.3148379083616	

	
    Current index:	59501	
    Magnitude of W_grad:	9.5293012186283	
    Magnitude of W:	59989.624985521	
    Magnitude of B_grad:	0.42450119384745	
    Magnitude of b:	6.3313199001268	

	
    Current index:	69501	
    Magnitude of W_grad:	6.2820892846792	
    Magnitude of W:	59985.522169701	
    Magnitude of B_grad:	0.057401466421059	
    Magnitude of b:	6.3636334573191	

	
    Current index:	79501	
    Magnitude of W_grad:	9.3927243351736	
    Magnitude of W:	59981.866045142	
    Magnitude of B_grad:	0.26451097382558	
    Magnitude of b:	6.3665881054996	

	
    Current index:	89501	
    Magnitude of W_grad:	8.2929172009182	
    Magnitude of W:	59978.077540733	
    Magnitude of B_grad:	0.20651726786184	
    Magnitude of b:	6.3966758406446	

	
SGD: Loss is	
	LOSS:Calculated softmax res	
253939.27940339	
SGD: crossEntropyLoss is	
253939.27940339	
SGD: Validation Accuracy is:	
0.28065395095368	
SGD: Magnitude of W:	
59976.770338407	
SGD: Magnitude of b:	
6.3145092320684	
    Current index:	9501	
    Magnitude of W_grad:	9.3377268859106	
    Magnitude of W:	59972.644913154	
    Magnitude of B_grad:	0.30968891011368	
    Magnitude of b:	6.3367781725648	

	
    Current index:	19501	
    Magnitude of W_grad:	8.6334422116033	
    Magnitude of W:	59969.334696855	
    Magnitude of B_grad:	0.29045388472846	
    Magnitude of b:	6.2795571234624	

	
    Current index:	29501	
    Magnitude of W_grad:	8.0714917061208	
    Magnitude of W:	59965.779449693	
    Magnitude of B_grad:	0.30848519327121	
    Magnitude of b:	6.2996459798621	

	
    Current index:	39501	
    Magnitude of W_grad:	7.4661008844262	
    Magnitude of W:	59962.24692078	
    Magnitude of B_grad:	0.16648259976068	
    Magnitude of b:	6.3325715973327	

	
    Current index:	49501	
    Magnitude of W_grad:	10.105245120772	
    Magnitude of W:	59958.397539894	
    Magnitude of B_grad:	0.43609212510455	
    Magnitude of b:	6.335985639364	

	
    Current index:	59501	
    Magnitude of W_grad:	9.5026023877714	
    Magnitude of W:	59954.123106639	
    Magnitude of B_grad:	0.423172012807	
    Magnitude of b:	6.3524999575611	

	
    Current index:	69501	
    Magnitude of W_grad:	6.2743146678311	
    Magnitude of W:	59950.038363052	
    Magnitude of B_grad:	0.056918663706846	
    Magnitude of b:	6.3841699195128	

	
    Current index:	79501	
    Magnitude of W_grad:	9.3542372270291	
    Magnitude of W:	59946.397363113	
    Magnitude of B_grad:	0.26337000540407	
    Magnitude of b:	6.3867004110747	

	
    Current index:	89501	
    Magnitude of W_grad:	8.2570417538144	
    Magnitude of W:	59942.632859402	
    Magnitude of B_grad:	0.20533808835963	
    Magnitude of b:	6.416571012417	

	
SGD: Loss is	
	LOSS:Calculated softmax res	
252578.01406329	
SGD: crossEntropyLoss is	
252578.01406329	
SGD: Validation Accuracy is:	
0.28156221616712	
SGD: Magnitude of W:	
59941.343411505	
SGD: Magnitude of b:	
6.3343729278899	
    Current index:	9501	
    Magnitude of W_grad:	9.303304801313	
    Magnitude of W:	59937.246824712	
    Magnitude of B_grad:	0.30839764996518	
    Magnitude of b:	6.3568522187743	

	
    Current index:	19501	
    Magnitude of W_grad:	8.5933316452484	
    Magnitude of W:	59933.972834815	
    Magnitude of B_grad:	0.28812620034948	
    Magnitude of b:	6.2990681132772	

	
    Current index:	29501	
    Magnitude of W_grad:	8.0562531924601	
    Magnitude of W:	59930.4401431	
    Magnitude of B_grad:	0.30848696160269	
    Magnitude of b:	6.3185576493642	

	
    Current index:	39501	
    Magnitude of W_grad:	7.4376179663805	
    Magnitude of W:	59926.929692386	
    Magnitude of B_grad:	0.16527067856754	
    Magnitude of b:	6.3514682691624	

	
    Current index:	49501	
    Magnitude of W_grad:	10.094220355378	
    Magnitude of W:	59923.097121897	
    Magnitude of B_grad:	0.43619672850717	
    Magnitude of b:	6.3551161803828	

	
    Current index:	59501	
    Magnitude of W_grad:	9.4776017121706	
    Magnitude of W:	59918.838471597	
    Magnitude of B_grad:	0.42194683508824	
    Magnitude of b:	6.3716535518438	

	
    Current index:	69501	
    Magnitude of W_grad:	6.2663644472825	
    Magnitude of W:	59914.770393221	
    Magnitude of B_grad:	0.05649708343737	
    Magnitude of b:	6.4026926291818	

	
    Current index:	79501	
    Magnitude of W_grad:	9.3158852625192	
    Magnitude of W:	59911.137113337	
    Magnitude of B_grad:	0.26228430187796	
    Magnitude of b:	6.4048441998181	

	
    Current index:	89501	
    Magnitude of W_grad:	8.2239783129632	
    Magnitude of W:	59907.39694984	
    Magnitude of B_grad:	0.20420996124121	
    Magnitude of b:	6.4345190037549	

	
SGD: Loss is	
	LOSS:Calculated softmax res	
251255.48674016	
SGD: crossEntropyLoss is	
251255.48674016	
SGD: Validation Accuracy is:	
0.28156221616712	
SGD: Magnitude of W:	
59906.116838359	
SGD: Magnitude of b:	
6.3523055168031	
    Current index:	9501	
    Magnitude of W_grad:	9.2690518570513	
    Magnitude of W:	59902.034477993	
    Magnitude of B_grad:	0.30714271216566	
    Magnitude of b:	6.3749849131432	

	
    Current index:	19501	
    Magnitude of W_grad:	8.5532264905952	
    Magnitude of W:	59898.770873416	
    Magnitude of B_grad:	0.28584008241027	
    Magnitude of b:	6.3166763729123	

	
    Current index:	29501	
    Magnitude of W_grad:	8.0413411222047	
    Magnitude of W:	59895.253629899	
    Magnitude of B_grad:	0.30845247550204	
    Magnitude of b:	6.3355801534891	

	
    Current index:	39501	
    Magnitude of W_grad:	7.4101303566701	
    Magnitude of W:	59891.75838283	
    Magnitude of B_grad:	0.16409526210609	
    Magnitude of b:	6.3685006787667	

	
    Current index:	49501	
    Magnitude of W_grad:	10.083047188507	
    Magnitude of W:	59887.937491462	
    Magnitude of B_grad:	0.43627131212719	
    Magnitude of b:	6.3723947468176	

	
    Current index:	59501	
    Magnitude of W_grad:	9.4537651218466	
    Magnitude of W:	59883.687134138	
    Magnitude of B_grad:	0.42081552412395	
    Magnitude of b:	6.3889480386869	

	
    Current index:	69501	
    Magnitude of W_grad:	6.2580224458927	
    Magnitude of W:	59879.648123335	
    Magnitude of B_grad:	0.056133909822741	
    Magnitude of b:	6.4193690736627	

	
    Current index:	79501	
    Magnitude of W_grad:	9.2777864897404	
    Magnitude of W:	59876.022032506	
    Magnitude of B_grad:	0.26124953832747	
    Magnitude of b:	6.4211832029888	

	
    Current index:	89501	
    Magnitude of W_grad:	8.1916563991544	
    Magnitude of W:	59872.294728616	
    Magnitude of B_grad:	0.20312655302783	
    Magnitude of b:	6.4506798469388	

	
SGD: Loss is	
	LOSS:Calculated softmax res	
249969.33127981	
SGD: crossEntropyLoss is	
249969.33127981	
SGD: Validation Accuracy is:	
0.28247048138056	
SGD: Magnitude of W:	
59871.036697161	
SGD: Magnitude of b:	
6.3684676572107	
    Current index:	9501	
    Magnitude of W_grad:	9.2358952074102	
    Magnitude of W:	59866.962741447	
    Magnitude of B_grad:	0.30592344307259	
    Magnitude of b:	6.3913371902202	

	
    Current index:	19501	
    Magnitude of W_grad:	8.5136556049804	
    Magnitude of W:	59863.709874554	
    Magnitude of B_grad:	0.28359446089321	
    Magnitude of b:	6.3325405237247	

	
    Current index:	29501	
    Magnitude of W_grad:	8.0265090297023	
    Magnitude of W:	59860.216509813	
    Magnitude of B_grad:	0.30838301426325	
    Magnitude of b:	6.3508706633678	

	
    Current index:	39501	
    Magnitude of W_grad:	7.3841574412023	
    Magnitude of W:	59856.751382866	
    Magnitude of B_grad:	0.16295732962911	
    Magnitude of b:	6.3838232243348	

	
    Current index:	49501	
    Magnitude of W_grad:	10.071658863353	
    Magnitude of W:	59852.949872666	
    Magnitude of B_grad:	0.43631487112382	
    Magnitude of b:	6.3879741648605	

	
    Current index:	59501	
    Magnitude of W_grad:	9.4308933957869	
    Magnitude of W:	59848.715906695	
    Magnitude of B_grad:	0.41976894790443	
    Magnitude of b:	6.4045380399769	

	
    Current index:	69501	
    Magnitude of W_grad:	6.2498896808484	
    Magnitude of W:	59844.714620187	
    Magnitude of B_grad:	0.055826471959098	
    Magnitude of b:	6.4343541815206	

	
    Current index:	79501	
    Magnitude of W_grad:	9.2398843130972	
    Magnitude of W:	59841.143129378	
    Magnitude of B_grad:	0.26026167061574	
    Magnitude of b:	6.4358689296514	

	
    Current index:	89501	
    Magnitude of W_grad:	8.1600421361516	
    Magnitude of W:	59837.448867833	
    Magnitude of B_grad:	0.2020821434639	
    Magnitude of b:	6.4652017471692	

	
SGD: Loss is	
	LOSS:Calculated softmax res	
248717.40542661	
SGD: crossEntropyLoss is	
248717.40542661	
SGD: Validation Accuracy is:	
0.28156221616712	
SGD: Magnitude of W:	
59836.202366531	
SGD: Magnitude of b:	
6.3830077407035	
    Current index:	9501	
    Magnitude of W_grad:	9.2039733608105	
    Magnitude of W:	59832.140649761	
    Magnitude of B_grad:	0.30473895041864	
    Magnitude of b:	6.4060578463163	

	
    Current index:	19501	
    Magnitude of W_grad:	8.4739969548872	
    Magnitude of W:	59828.914946773	
    Magnitude of B_grad:	0.28138851583614	
    Magnitude of b:	6.3468073496522	

	
    Current index:	29501	
    Magnitude of W_grad:	8.0115310461312	
    Magnitude of W:	59825.429971679	
    Magnitude of B_grad:	0.30828008697695	
    Magnitude of b:	6.3645746922604	

	
    Current index:	39501	
    Magnitude of W_grad:	7.3591201216379	
    Magnitude of W:	59821.960018036	
    Magnitude of B_grad:	0.16185723676883	
    Magnitude of b:	6.3975789710538	

	
    Current index:	49501	
    Magnitude of W_grad:	10.059973494772	
    Magnitude of W:	59818.199314256	
    Magnitude of B_grad:	0.43632689746347	
    Magnitude of b:	6.4019959408879	

	
    Current index:	59501	
    Magnitude of W_grad:	9.4089649457357	
    Magnitude of W:	59814.011418379	
    Magnitude of B_grad:	0.41879889842119	
    Magnitude of b:	6.4185664981757	

	
    Current index:	69501	
    Magnitude of W_grad:	6.2431398560285	
    Magnitude of W:	59810.073480429	
    Magnitude of B_grad:	0.055572165548578	
    Magnitude of b:	6.4477912642897	

	
    Current index:	79501	
    Magnitude of W_grad:	9.2020935590479	
    Magnitude of W:	59806.521698531	
    Magnitude of B_grad:	0.25931691036202	
    Magnitude of b:	6.4490415236436	

	
    Current index:	89501	
    Magnitude of W_grad:	8.1289320134215	
    Magnitude of W:	59802.850044321	
    Magnitude of B_grad:	0.20107157397162	
    Magnitude of b:	6.4782219228058	

	
SGD: Loss is	
	LOSS:Calculated softmax res	
247497.76151821	
SGD: crossEntropyLoss is	
247497.76151821	
SGD: Validation Accuracy is:	
0.28065395095368	
SGD: Magnitude of W:	
59801.615908428	
SGD: Magnitude of b:	
6.3960627307826	
    Current index:	9501	
    Magnitude of W_grad:	9.1725803478288	
    Magnitude of W:	59797.571275175	
    Magnitude of B_grad:	0.30358812210456	
    Magnitude of b:	6.4192843430322	

	
    Current index:	19501	
    Magnitude of W_grad:	8.4344158066816	
    Magnitude of W:	59794.378024252	
    Magnitude of B_grad:	0.2792216131174	
    Magnitude of b:	6.3596125309135	

	
    Current index:	29501	
    Magnitude of W_grad:	7.9966450450634	
    Magnitude of W:	59790.915979561	
    Magnitude of B_grad:	0.30814537001509	
    Magnitude of b:	6.3768268186374	

	
    Current index:	39501	
    Magnitude of W_grad:	7.3349085274848	
    Magnitude of W:	59787.459939409	
    Magnitude of B_grad:	0.16079481442933	
    Magnitude of b:	6.4099004224983	

	
    Current index:	49501	
    Magnitude of W_grad:	10.0479413314	
    Magnitude of W:	59783.730365379	
    Magnitude of B_grad:	0.43630728796416	
    Magnitude of b:	6.4145910020243	

	
    Current index:	59501	
    Magnitude of W_grad:	9.3876672359689	
    Magnitude of W:	59779.554471245	
    Magnitude of B_grad:	0.41789800381508	
    Magnitude of b:	6.4311654369548	

	
    Current index:	69501	
    Magnitude of W_grad:	6.2370480756161	
    Magnitude of W:	59775.61368566	
    Magnitude of B_grad:	0.055368409726273	
    Magnitude of b:	6.4598127032019	

	
    Current index:	79501	
    Magnitude of W_grad:	9.1644551593476	
    Magnitude of W:	59772.081642711	
    Magnitude of B_grad:	0.2584117103439	
    Magnitude of b:	6.4608303985789	

	
    Current index:	89501	
    Magnitude of W_grad:	8.0979850171457	
    Magnitude of W:	59768.437228618	
    Magnitude of B_grad:	0.20009019721856	
    Magnitude of b:	6.489867229947	

	
SGD: Loss is	
	LOSS:Calculated softmax res	
246308.62259349	
SGD: crossEntropyLoss is	
246308.62259349	
SGD: Validation Accuracy is:	
0.27974568574024	
SGD: Magnitude of W:	
59767.20851874	
SGD: Magnitude of b:	
6.4077588293869	
    Current index:	9501	
    Magnitude of W_grad:	9.1418791626195	
    Magnitude of W:	59763.198887884	
    Magnitude of B_grad:	0.30246965756742	
    Magnitude of b:	6.4311434400909	

	
    Current index:	19501	
    Magnitude of W_grad:	8.3952301219485	
    Magnitude of W:	59760.02945634	
    Magnitude of B_grad:	0.27709324916188	
    Magnitude of b:	6.3710812242765	

	
    Current index:	29501	
    Magnitude of W_grad:	7.9818647417041	
    Magnitude of W:	59756.583556563	
    Magnitude of B_grad:	0.30798065132416	
    Magnitude of b:	6.3877512565821	

	
    Current index:	39501	
    Magnitude of W_grad:	7.3115734653089	
    Magnitude of W:	59753.168536584	
    Magnitude of B_grad:	0.1597694799003	
    Magnitude of b:	6.4209100695401	

	
    Current index:	49501	
    Magnitude of W_grad:	10.035899111543	
    Magnitude of W:	59749.465724667	
    Magnitude of B_grad:	0.43625625770095	
    Magnitude of b:	6.4258802626256	

	
    Current index:	59501	
    Magnitude of W_grad:	9.3668901386402	
    Magnitude of W:	59745.306751597	
    Magnitude of B_grad:	0.41705963933447	
    Magnitude of b:	6.4424565745373	

	
    Current index:	69501	
    Magnitude of W_grad:	6.2315352283898	
    Magnitude of W:	59741.404204271	
    Magnitude of B_grad:	0.055212630507304	
    Magnitude of b:	6.4705405240678	

	
    Current index:	79501	
    Magnitude of W_grad:	9.127041073194	
    Magnitude of W:	59737.896128189	
    Magnitude of B_grad:	0.25754275707237	
    Magnitude of b:	6.4713547886438	

	
    Current index:	89501	
    Magnitude of W_grad:	8.0677385678494	
    Magnitude of W:	59734.283705958	
    Magnitude of B_grad:	0.19913383036612	
    Magnitude of b:	6.500254706288	

	
SGD: Loss is	
	LOSS:Calculated softmax res	
245148.36273206	
SGD: crossEntropyLoss is	
245148.36273206	
SGD: Validation Accuracy is:	
0.28156221616712	
SGD: Magnitude of W:	
59733.066547576	
SGD: Magnitude of b:	
6.4182120912104	
    Current index:	9501	
    Magnitude of W_grad:	9.1119087386026	
    Magnitude of W:	59729.077106403	
    Magnitude of B_grad:	0.30138210635867	
    Magnitude of b:	6.4417517793854	

	
    Current index:	19501	
    Magnitude of W_grad:	8.3566615052878	
    Magnitude of W:	59725.952576328	
    Magnitude of B_grad:	0.27500300583062	
    Magnitude of b:	6.3813286076967	

	
    Current index:	29501	
    Magnitude of W_grad:	7.9674491986255	
    Magnitude of W:	59722.550836656	
    Magnitude of B_grad:	0.30778778250802	
    Magnitude of b:	6.3974623891002	

	
    Current index:	39501	
    Magnitude of W_grad:	7.2887968513723	
    Magnitude of W:	59719.185866188	
    Magnitude of B_grad:	0.15878034607217	
    Magnitude of b:	6.4307208602028	

	
    Current index:	49501	
    Magnitude of W_grad:	10.023770929031	
    Magnitude of W:	59715.511702761	
    Magnitude of B_grad:	0.4361742628743	
    Magnitude of b:	6.4359751367989	

	
    Current index:	59501	
    Magnitude of W_grad:	9.3469371105672	
    Magnitude of W:	59711.347472711	
    Magnitude of B_grad:	0.4162778434159	
    Magnitude of b:	6.4525518941064	

	
    Current index:	69501	
    Magnitude of W_grad:	6.2258889300418	
    Magnitude of W:	59707.492764586	
    Magnitude of B_grad:	0.055102261030103	
    Magnitude of b:	6.4800869529238	

	
    Current index:	79501	
    Magnitude of W_grad:	9.0898080973059	
    Magnitude of W:	59703.989719201	
    Magnitude of B_grad:	0.25670696719032	
    Magnitude of b:	6.4807242971241	

	
    Current index:	89501	
    Magnitude of W_grad:	8.0374889069383	
    Magnitude of W:	59700.400018446	
    Magnitude of B_grad:	0.19819871408303	
    Magnitude of b:	6.509492109746	

	
SGD: Loss is	
	LOSS:Calculated softmax res	
244015.49059603	
SGD: crossEntropyLoss is	
244015.49059603	
SGD: Validation Accuracy is:	
0.28065395095368	
SGD: Magnitude of W:	
59699.182480794	
SGD: Magnitude of b:	
6.4275290465647	
    Current index:	9501	
    Magnitude of W_grad:	9.082422226797	
    Magnitude of W:	59695.231153681	
    Magnitude of B_grad:	0.30032390918006	
    Magnitude of b:	6.4512164814914	

	
    Current index:	19501	
    Magnitude of W_grad:	8.3188364897302	
    Magnitude of W:	59692.140074844	
    Magnitude of B_grad:	0.27295051559637	
    Magnitude of b:	6.3904604468545	

	
    Current index:	29501	
    Magnitude of W_grad:	7.9528468963112	
    Magnitude of W:	59688.764384623	
    Magnitude of B_grad:	0.3075686390772	
    Magnitude of b:	6.4060653210992	

	
    Current index:	39501	
    Magnitude of W_grad:	7.2666403049516	
    Magnitude of W:	59685.424855035	
    Magnitude of B_grad:	0.15782631675057	
    Magnitude of b:	6.4394366772518	

	
    Current index:	49501	
    Magnitude of W_grad:	10.011373123835	
    Magnitude of W:	59681.77072234	
    Magnitude of B_grad:	0.43606193695844	
    Magnitude of b:	6.4449780626969	

	
    Current index:	59501	
    Magnitude of W_grad:	9.3276443571184	
    Magnitude of W:	59677.628004926	
    Magnitude of B_grad:	0.41554724281724	
    Magnitude of b:	6.4615542235343	

	
    Current index:	69501	
    Magnitude of W_grad:	6.221868636986	
    Magnitude of W:	59673.776932444	
    Magnitude of B_grad:	0.055034750335028	
    Magnitude of b:	6.4885549931467	

	
    Current index:	79501	
    Magnitude of W_grad:	9.0528018791993	
    Magnitude of W:	59670.281349245	
    Magnitude of B_grad:	0.25590148486365	
    Magnitude of b:	6.4890394736096	

	
    Current index:	89501	
    Magnitude of W_grad:	8.0073051513406	
    Magnitude of W:	59666.698017882	
    Magnitude of B_grad:	0.19728147807206	
    Magnitude of b:	6.517678478063	

	
SGD: Loss is	
	LOSS:Calculated softmax res	
242908.6353728	
SGD: crossEntropyLoss is	
242908.6353728	
SGD: Validation Accuracy is:	
0.28247048138056	
SGD: Magnitude of W:	
59665.487741428	
SGD: Magnitude of b:	
6.4358073470081	
    Current index:	9501	
    Magnitude of W_grad:	9.053953972756	
    Magnitude of W:	59661.559168761	
    Magnitude of B_grad:	0.29929343800354	
    Magnitude of b:	6.4596357691459	

	
    Current index:	19501	
    Magnitude of W_grad:	8.2815446414065	
    Magnitude of W:	59658.506632952	
    Magnitude of B_grad:	0.27093543628042	
    Magnitude of b:	6.3985736954807	

	
    Current index:	29501	
    Magnitude of W_grad:	7.938254509457	
    Magnitude of W:	59655.143345476	
    Magnitude of B_grad:	0.30732508866072	
    Magnitude of b:	6.4136564643405	

	
    Current index:	39501	
    Magnitude of W_grad:	7.2452208393927	
    Magnitude of W:	59651.82464979	
    Magnitude of B_grad:	0.15690616236093	
    Magnitude of b:	6.4471528558799	

	
    Current index:	49501	
    Magnitude of W_grad:	9.9989750404976	
    Magnitude of W:	59648.191676913	
    Magnitude of B_grad:	0.43592004122164	
    Magnitude of b:	6.452983057911	

	
    Current index:	59501	
    Magnitude of W_grad:	9.308923558945	
    Magnitude of W:	59644.061830318	
    Magnitude of B_grad:	0.41486298795511	
    Magnitude of b:	6.4695578365002	

	
    Current index:	69501	
    Magnitude of W_grad:	6.2183382825106	
    Magnitude of W:	59640.214262758	
    Magnitude of B_grad:	0.055007575190042	
    Magnitude of b:	6.4960390285772	

	
    Current index:	79501	
    Magnitude of W_grad:	9.0162602418381	
    Magnitude of W:	59636.730059544	
    Magnitude of B_grad:	0.25512367821704	
    Magnitude of b:	6.4963924182618	

	
    Current index:	89501	
    Magnitude of W_grad:	7.9778622995924	
    Magnitude of W:	59633.180299219	
    Magnitude of B_grad:	0.19637911252284	
    Magnitude of b:	6.5249047066458	

	
SGD: Loss is	
	LOSS:Calculated softmax res	
241826.53455186	
SGD: crossEntropyLoss is	
241826.53455186	
SGD: Validation Accuracy is:	
0.28428701180745	
SGD: Magnitude of W:	
59631.962570446	
SGD: Magnitude of b:	
6.4431364226152	
    Current index:	9501	
    Magnitude of W_grad:	9.0262606772992	
    Magnitude of W:	59628.051732263	
    Magnitude of B_grad:	0.29828903326661	
    Magnitude of b:	6.4670996069282	

	
    Current index:	19501	
    Magnitude of W_grad:	8.2445640344618	
    Magnitude of W:	59625.030887322	
    Magnitude of B_grad:	0.26895743412103	
    Magnitude of b:	6.4057571171158	

	
    Current index:	29501	
    Magnitude of W_grad:	7.9235878527529	
    Magnitude of W:	59621.686579427	
    Magnitude of B_grad:	0.30705896651323	
    Magnitude of b:	6.420324142996	

	
    Current index:	39501	
    Magnitude of W_grad:	7.2247308950364	
    Magnitude of W:	59618.389481959	
    Magnitude of B_grad:	0.1560185759544	
    Magnitude of b:	6.4539567387504	

	
    Current index:	49501	
    Magnitude of W_grad:	9.9866526189276	
    Magnitude of W:	59614.784608701	
    Magnitude of B_grad:	0.43574942822642	
    Magnitude of b:	6.4600762980859	

	
    Current index:	59501	
    Magnitude of W_grad:	9.2907649533532	
    Magnitude of W:	59610.67170892	
    Magnitude of B_grad:	0.4142206976746	
    Magnitude of b:	6.4766490654387	

	
    Current index:	69501	
    Magnitude of W_grad:	6.2144140692987	
    Magnitude of W:	59606.831687157	
    Magnitude of B_grad:	0.055018252014441	
    Magnitude of b:	6.502625439608	

	
    Current index:	79501	
    Magnitude of W_grad:	8.9799969054844	
    Magnitude of W:	59603.364868804	
    Magnitude of B_grad:	0.25437113377338	
    Magnitude of b:	6.5028673973645	

	
    Current index:	89501	
    Magnitude of W_grad:	7.9491929396065	
    Magnitude of W:	59599.831920674	
    Magnitude of B_grad:	0.19548894411589	
    Magnitude of b:	6.5312541307	

	
SGD: Loss is	
	LOSS:Calculated softmax res	
240768.02315788	
SGD: crossEntropyLoss is	
240768.02315788	
SGD: Validation Accuracy is:	
0.28610354223433	
SGD: Magnitude of W:	
59598.609795226	
SGD: Magnitude of b:	
6.4495981319498	
    Current index:	9501	
    Magnitude of W_grad:	8.9990840213052	
    Magnitude of W:	59594.709734062	
    Magnitude of B_grad:	0.29730903710024	
    Magnitude of b:	6.4736903384326	

	
    Current index:	19501	
    Magnitude of W_grad:	8.2083176727377	
    Magnitude of W:	59591.705253138	
    Magnitude of B_grad:	0.2670161736646	
    Magnitude of b:	6.4120919086047	

	
    Current index:	29501	
    Magnitude of W_grad:	7.9092654745258	
    Magnitude of W:	59588.377797324	
    Magnitude of B_grad:	0.30677205735712	
    Magnitude of b:	6.4261492011417	

	
    Current index:	39501	
    Magnitude of W_grad:	7.2048350131223	
    Magnitude of W:	59585.091796916	
    Magnitude of B_grad:	0.15516221260176	
    Magnitude of b:	6.4599282503989	

	
    Current index:	49501	
    Magnitude of W_grad:	9.9740463178437	
    Magnitude of W:	59581.505349133	
    Magnitude of B_grad:	0.4355510156388	
    Magnitude of b:	6.4663367009065	

	
    Current index:	59501	
    Magnitude of W_grad:	9.2730273786137	
    Magnitude of W:	59577.423873439	
    Magnitude of B_grad:	0.41361641183227	
    Magnitude of b:	6.4829069099767	

	
    Current index:	69501	
    Magnitude of W_grad:	6.2104691280712	
    Magnitude of W:	59573.598000704	
    Magnitude of B_grad:	0.05506434765841	
    Magnitude of b:	6.5083932149371	

	
    Current index:	79501	
    Magnitude of W_grad:	8.943972120537	
    Magnitude of W:	59570.136087609	
    Magnitude of B_grad:	0.25364164857581	
    Magnitude of b:	6.5085414522612	

	
    Current index:	89501	
    Magnitude of W_grad:	7.920902276203	
    Magnitude of W:	59566.61467943	
    Magnitude of B_grad:	0.19460861502716	
    Magnitude of b:	6.5368030969866	

	
SGD: Loss is	
	LOSS:Calculated softmax res	
239732.02419103	
SGD: crossEntropyLoss is	
239732.02419103	
SGD: Validation Accuracy is:	
0.28882833787466	
SGD: Magnitude of W:	
59565.399673521	
SGD: Magnitude of b:	
6.4552673877917	
    Current index:	9501	
    Magnitude of W_grad:	8.9723860701239	
    Magnitude of W:	59561.516119721	
    Magnitude of B_grad:	0.29635182210215	
    Magnitude of b:	6.4794833038756	

	
    Current index:	19501	
    Magnitude of W_grad:	8.1731771549086	
    Magnitude of W:	59558.527246659	
    Magnitude of B_grad:	0.26511131285399	
    Magnitude of b:	6.4176523075383	

	
    Current index:	29501	
    Magnitude of W_grad:	7.8947814448196	
    Magnitude of W:	59555.204634657	
    Magnitude of B_grad:	0.30646608247986	
    Magnitude of b:	6.4312055951789	

	
    Current index:	39501	
    Magnitude of W_grad:	7.1858715226451	
    Magnitude of W:	59551.928136285	
    Magnitude of B_grad:	0.15433571624621	
    Magnitude of b:	6.4651404707681	

	
    Current index:	49501	
    Magnitude of W_grad:	9.961157103814	
    Magnitude of W:	59548.351213754	
    Magnitude of B_grad:	0.43532576747256	
    Magnitude of b:	6.4718364979482	

	
    Current index:	59501	
    Magnitude of W_grad:	9.2559764230893	
    Magnitude of W:	59544.280393647	
    Magnitude of B_grad:	0.4130465499949	
    Magnitude of b:	6.4884036259146	

	
    Current index:	69501	
    Magnitude of W_grad:	6.2065768386155	
    Magnitude of W:	59540.466245169	
    Magnitude of B_grad:	0.055143488701204	
    Magnitude of b:	6.5134145441409	

	
    Current index:	79501	
    Magnitude of W_grad:	8.9082301354996	
    Magnitude of W:	59537.006655016	
    Magnitude of B_grad:	0.2529332201452	
    Magnitude of b:	6.5134849871794	

	
    Current index:	89501	
    Magnitude of W_grad:	7.8926594633933	
    Magnitude of W:	59533.487787102	
    Magnitude of B_grad:	0.19373606360837	
    Magnitude of b:	6.5416215139712	

	
SGD: Loss is	
	LOSS:Calculated softmax res	
238717.54010267	
SGD: crossEntropyLoss is	
238717.54010267	
SGD: Validation Accuracy is:	
0.28792007266122	
SGD: Magnitude of W:	
59532.276851124	
SGD: Magnitude of b:	
6.4602127470957	
    Current index:	9501	
    Magnitude of W_grad:	8.9460264516977	
    Magnitude of W:	59528.422393519	
    Magnitude of B_grad:	0.29541581546439	
    Magnitude of b:	6.4845474261378	

	
    Current index:	19501	
    Magnitude of W_grad:	8.138616193254	
    Magnitude of W:	59525.461516935	
    Magnitude of B_grad:	0.26324250170827	
    Magnitude of b:	6.422506170994	

	
    Current index:	29501	
    Magnitude of W_grad:	7.8802532162561	
    Magnitude of W:	59522.153964148	
    Magnitude of B_grad:	0.30614269102511	
    Magnitude of b:	6.4355609590134	

	
    Current index:	39501	
    Magnitude of W_grad:	7.168328423475	
    Magnitude of W:	59518.887254182	
    Magnitude of B_grad:	0.15353773777866	
    Magnitude of b:	6.4696601914316	

	
    Current index:	49501	
    Magnitude of W_grad:	9.9480557491811	
    Magnitude of W:	59515.312215855	
    Magnitude of B_grad:	0.43507468030366	
    Magnitude of b:	6.4766417813684	

	
    Current index:	59501	
    Magnitude of W_grad:	9.2395005806426	
    Magnitude of W:	59511.266541482	
    Magnitude of B_grad:	0.41250787485317	
    Magnitude of b:	6.4932052841501	

	
    Current index:	69501	
    Magnitude of W_grad:	6.2024023894797	
    Magnitude of W:	59507.482086614	
    Magnitude of B_grad:	0.055486613469746	
    Magnitude of b:	6.5177553807498	

	
    Current index:	79501	
    Magnitude of W_grad:	8.8727477949108	
    Magnitude of W:	59504.044031146	
    Magnitude of B_grad:	0.25224403468322	
    Magnitude of b:	6.5177623261769	

	
    Current index:	89501	
    Magnitude of W_grad:	7.8643985955844	
    Magnitude of W:	59500.549845525	
    Magnitude of B_grad:	0.1928695058055	
    Magnitude of b:	6.5457733731537	

	
SGD: Loss is	
	LOSS:Calculated softmax res	
237723.64517857	
SGD: crossEntropyLoss is	
237723.64517857	
SGD: Validation Accuracy is:	
0.28882833787466	
SGD: Magnitude of W:	
59499.356159318	
SGD: Magnitude of b:	
6.4644969590126	
    Current index:	9501	
    Magnitude of W_grad:	8.9197408082934	
    Magnitude of W:	59495.527752258	
    Magnitude of B_grad:	0.29449951844355	
    Magnitude of b:	6.4889457583554	

	
    Current index:	19501	
    Magnitude of W_grad:	8.1047719918852	
    Magnitude of W:	59492.575568679	
    Magnitude of B_grad:	0.26140938312661	
    Magnitude of b:	6.4267155180907	

	
    Current index:	29501	
    Magnitude of W_grad:	7.8658521080623	
    Magnitude of W:	59489.280478448	
    Magnitude of B_grad:	0.30580345452279	
    Magnitude of b:	6.4392771347217	

	
    Current index:	39501	
    Magnitude of W_grad:	7.1513729902102	
    Magnitude of W:	59486.03620957	
    Magnitude of B_grad:	0.15276694728178	
    Magnitude of b:	6.473548443391	

	
    Current index:	49501	
    Magnitude of W_grad:	9.9349874232547	
    Magnitude of W:	59482.466272771	
    Magnitude of B_grad:	0.43479877261277	
    Magnitude of b:	6.480813017462	

	
    Current index:	59501	
    Magnitude of W_grad:	9.2231949120623	
    Magnitude of W:	59478.438621972	
    Magnitude of B_grad:	0.41199745934132	
    Magnitude of b:	6.4973722933789	

	
    Current index:	69501	
    Magnitude of W_grad:	6.1982509711321	
    Magnitude of W:	59474.677631967	
    Magnitude of B_grad:	0.055861120945011	
    Magnitude of b:	6.5214759697703	

	
    Current index:	79501	
    Magnitude of W_grad:	8.8377255810555	
    Magnitude of W:	59471.258420952	
    Magnitude of B_grad:	0.25157245403149	
    Magnitude of b:	6.5214322336253	

	
    Current index:	89501	
    Magnitude of W_grad:	7.8363589873912	
    Magnitude of W:	59467.781621288	
    Magnitude of B_grad:	0.19200741676007	
    Magnitude of b:	6.5493172376036	

	
SGD: Loss is	
	LOSS:Calculated softmax res	
236749.47872665	
SGD: crossEntropyLoss is	
236749.47872665	
SGD: Validation Accuracy is:	
0.28882833787466	
SGD: Magnitude of W:	
59466.600428984	
SGD: Magnitude of b:	
6.4681774688294	
    Current index:	9501	
    Magnitude of W_grad:	8.8936842965014	
    Magnitude of W:	59462.772783649	
    Magnitude of B_grad:	0.29360152130314	
    Magnitude of b:	6.4927359901088	

	
    Current index:	19501	
    Magnitude of W_grad:	8.0713051606225	
    Magnitude of W:	59459.830271156	
    Magnitude of B_grad:	0.25961159457917	
    Magnitude of b:	6.4303370328745	

	
    Current index:	29501	
    Magnitude of W_grad:	7.8515025123412	
    Magnitude of W:	59456.551467244	
    Magnitude of B_grad:	0.30544986385214	
    Magnitude of b:	6.4424106652659	

	
    Current index:	39501	
    Magnitude of W_grad:	7.1347073979502	
    Magnitude of W:	59453.322984858	
    Magnitude of B_grad:	0.15202204252234	
    Magnitude of b:	6.476860990105	

	
    Current index:	49501	
    Magnitude of W_grad:	9.9220085045185	
    Magnitude of W:	59449.76075485	
    Magnitude of B_grad:	0.4344990760189	
    Magnitude of b:	6.4844055232075	

	
    Current index:	59501	
    Magnitude of W_grad:	9.2071005797198	
    Magnitude of W:	59445.731854893	
    Magnitude of B_grad:	0.41151265679652	
    Magnitude of b:	6.5009598838982	

	
    Current index:	69501	
    Magnitude of W_grad:	6.1946180648787	
    Magnitude of W:	59442.001979688	
    Magnitude of B_grad:	0.056241143232902	
    Magnitude of b:	6.5246313368742	

	
    Current index:	79501	
    Magnitude of W_grad:	8.803331911199	
    Magnitude of W:	59438.592476269	
    Magnitude of B_grad:	0.25091700189863	
    Magnitude of b:	6.5245483957726	

	
    Current index:	89501	
    Magnitude of W_grad:	7.808746324767	
    Magnitude of W:	59435.136489162	
    Magnitude of B_grad:	0.19114851234287	
    Magnitude of b:	6.5523066959966	

	
SGD: Loss is	
	LOSS:Calculated softmax res	
235794.2389817	
SGD: crossEntropyLoss is	
235794.2389817	
SGD: Validation Accuracy is:	
0.28792007266122	
SGD: Magnitude of W:	
59433.961989599	
SGD: Magnitude of b:	
6.471306878319	
    Current index:	9501	
    Magnitude of W_grad:	8.868525227988	
    Magnitude of W:	59430.135548668	
    Magnitude of B_grad:	0.29272051398378	
    Magnitude of b:	6.495970911927	

	
    Current index:	19501	
    Magnitude of W_grad:	8.0386556321346	
    Magnitude of W:	59427.217987762	
    Magnitude of B_grad:	0.25784876973667	
    Magnitude of b:	6.4334225268072	

	
    Current index:	29501	
    Magnitude of W_grad:	7.8372758391339	
    Magnitude of W:	59423.978060731	
    Magnitude of B_grad:	0.30508332798859	
    Magnitude of b:	6.4450132484635	

	
    Current index:	39501	
    Magnitude of W_grad:	7.1182326766763	
    Magnitude of W:	59420.79970286	
    Magnitude of B_grad:	0.1513017550536	
    Magnitude of b:	6.4796487830194	

	
    Current index:	49501	
    Magnitude of W_grad:	9.9088051567915	
    Magnitude of W:	59417.244162815	
    Magnitude of B_grad:	0.43417662765547	
    Magnitude of b:	6.4874699048253	

	
    Current index:	59501	
    Magnitude of W_grad:	9.1912982536694	
    Magnitude of W:	59413.229055967	
    Magnitude of B_grad:	0.41105107374049	
    Magnitude of b:	6.5040185522561	

	
    Current index:	69501	
    Magnitude of W_grad:	6.1907608290083	
    Magnitude of W:	59409.496616832	
    Magnitude of B_grad:	0.056625678906681	
    Magnitude of b:	6.5272717387542	

	
    Current index:	79501	
    Magnitude of W_grad:	8.7692152671098	
    Magnitude of W:	59406.109270715	
    Magnitude of B_grad:	0.25027634981316	
    Magnitude of b:	6.5271598630836	

	
    Current index:	89501	
    Magnitude of W_grad:	7.7813338186716	
    Magnitude of W:	59402.677718081	
    Magnitude of B_grad:	0.19029173057928	
    Magnitude of b:	6.5547907819647	

	
SGD: Loss is	
	LOSS:Calculated softmax res	
234857.17765023	
SGD: crossEntropyLoss is	
234857.17765023	
SGD: Validation Accuracy is:	
0.28792007266122	
SGD: Magnitude of W:	
59401.510543617	
SGD: Magnitude of b:	
6.4739333645451	
    Current index:	9501	
    Magnitude of W_grad:	8.843612189197	
    Magnitude of W:	59397.731095982	
    Magnitude of B_grad:	0.29185529286576	
    Magnitude of b:	6.4986988394856	

	
    Current index:	19501	
    Magnitude of W_grad:	8.0070921262377	
    Magnitude of W:	59394.862324189	
    Magnitude of B_grad:	0.25612053939993	
    Magnitude of b:	6.4360193618806	

	
    Current index:	29501	
    Magnitude of W_grad:	7.8230830067725	
    Magnitude of W:	59391.654603322	
    Magnitude of B_grad:	0.30470517403118	
    Magnitude of b:	6.4471321531107	

	
    Current index:	39501	
    Magnitude of W_grad:	7.1018577815111	
    Magnitude of W:	59388.491538045	
    Magnitude of B_grad:	0.15060485476666	
    Magnitude of b:	6.481958379345	

	
    Current index:	49501	
    Magnitude of W_grad:	9.8954914256766	
    Magnitude of W:	59384.964097908	
    Magnitude of B_grad:	0.433832463291	
    Magnitude of b:	6.4900524592262	

	
    Current index:	59501	
    Magnitude of W_grad:	9.1758740774583	
    Magnitude of W:	59380.958421797	
    Magnitude of B_grad:	0.41061054502109	
    Magnitude of b:	6.5065944680362	

	
    Current index:	69501	
    Magnitude of W_grad:	6.1867852151387	
    Magnitude of W:	59377.243095911	
    Magnitude of B_grad:	0.057013778405355	
    Magnitude of b:	6.5294430756363	

	
    Current index:	79501	
    Magnitude of W_grad:	8.7357861177588	
    Magnitude of W:	59373.866710807	
    Magnitude of B_grad:	0.24964930318267	
    Magnitude of b:	6.5293114544887	

	
    Current index:	89501	
    Magnitude of W_grad:	7.7540123109279	
    Magnitude of W:	59370.446587323	
    Magnitude of B_grad:	0.18943621305523	
    Magnitude of b:	6.5568143595925	

	
SGD: Loss is	
	LOSS:Calculated softmax res	
233937.59502708	
SGD: crossEntropyLoss is	
233937.59502708	
SGD: Validation Accuracy is:	
0.28882833787466	
SGD: Magnitude of W:	
59369.290625587	
SGD: Magnitude of b:	
6.4761010600076	
    Current index:	9501	
    Magnitude of W_grad:	8.8186842313301	
    Magnitude of W:	59365.535098478	
    Magnitude of B_grad:	0.291004764069	
    Magnitude of b:	6.5009639998424	

	
    Current index:	19501	
    Magnitude of W_grad:	7.9763181382576	
    Magnitude of W:	59362.690978904	
    Magnitude of B_grad:	0.25442653138933	
    Magnitude of b:	6.4381708364281	

	
    Current index:	29501	
    Magnitude of W_grad:	7.8090972505828	
    Magnitude of W:	59359.521208128	
    Magnitude of B_grad:	0.30431664813197	
    Magnitude of b:	6.4488105991737	

	
    Current index:	39501	
    Magnitude of W_grad:	7.08556534158	
    Magnitude of W:	59356.374682657	
    Magnitude of B_grad:	0.14993015337995	
    Magnitude of b:	6.4838323234037	

	
    Current index:	49501	
    Magnitude of W_grad:	9.882472886194	
    Magnitude of W:	59352.867838464	
    Magnitude of B_grad:	0.43346761102467	
    Magnitude of b:	6.4921955403308	

	
    Current index:	59501	
    Magnitude of W_grad:	9.1608323052467	
    Magnitude of W:	59348.889372667	
    Magnitude of B_grad:	0.41018911113705	
    Magnitude of b:	6.5087298449807	

	
    Current index:	69501	
    Magnitude of W_grad:	6.1834906542767	
    Magnitude of W:	59345.201830417	
    Magnitude of B_grad:	0.057404544246484	
    Magnitude of b:	6.5311872678771	

	
    Current index:	79501	
    Magnitude of W_grad:	8.7027708120355	
    Magnitude of W:	59341.852094351	
    Magnitude of B_grad:	0.2490347877562	
    Magnitude of b:	6.5310441255708	

	
    Current index:	89501	
    Magnitude of W_grad:	7.7268632867933	
    Magnitude of W:	59338.485947495	
    Magnitude of B_grad:	0.1885812864617	
    Magnitude of b:	6.5584184765774	

	
SGD: Loss is	
	LOSS:Calculated softmax res	
233034.83562321	
SGD: crossEntropyLoss is	
233034.83562321	
SGD: Validation Accuracy is:	
0.29064486830154	
SGD: Magnitude of W:	
59337.34381015	
SGD: Magnitude of b:	
6.4778503973883	
    Current index:	9501	
    Magnitude of W_grad:	8.7939046557599	
    Magnitude of W:	59333.581587399	
    Magnitude of B_grad:	0.29016794378372	
    Magnitude of b:	6.5028068825587	

	
    Current index:	19501	
    Magnitude of W_grad:	7.9458212173728	
    Magnitude of W:	59330.744454489	
    Magnitude of B_grad:	0.25276636931694	
    Magnitude of b:	6.4399165362751	

	
    Current index:	29501	
    Magnitude of W_grad:	7.7954414447838	
    Magnitude of W:	59327.585725536	
    Magnitude of B_grad:	0.30391891705091	
    Magnitude of b:	6.4500881045132	

	
    Current index:	39501	
    Magnitude of W_grad:	7.0693208921441	
    Magnitude of W:	59324.440012735	
    Magnitude of B_grad:	0.14927650713837	
    Magnitude of b:	6.4853094937864	

	
    Current index:	49501	
    Magnitude of W_grad:	9.8699844656063	
    Magnitude of W:	59320.960744409	
    Magnitude of B_grad:	0.43308308551897	
    Magnitude of b:	6.4939378928266	

	
    Current index:	59501	
    Magnitude of W_grad:	9.1461261824219	
    Magnitude of W:	59317.019304648	
    Magnitude of B_grad:	0.4097849976076	
    Magnitude of b:	6.5104632791315	

	
    Current index:	69501	
    Magnitude of W_grad:	6.1807473866185	
    Magnitude of W:	59313.37290049	
    Magnitude of B_grad:	0.057797130958033	
    Magnitude of b:	6.5325425991117	

	
    Current index:	79501	
    Magnitude of W_grad:	8.6700846239721	
    Magnitude of W:	59310.040445593	
    Magnitude of B_grad:	0.24843183670919	
    Magnitude of b:	6.5323953032503	

	
    Current index:	89501	
    Magnitude of W_grad:	7.6997416406961	
    Magnitude of W:	59306.687647648	
    Magnitude of B_grad:	0.18772644446324	
    Magnitude of b:	6.5596406870126	

	
SGD: Loss is	
	LOSS:Calculated softmax res	
232148.28424998	
SGD: crossEntropyLoss is	
232148.28424998	
SGD: Validation Accuracy is:	
0.29155313351499	
SGD: Magnitude of W:	
59305.562034479	
SGD: Magnitude of b:	
6.4792184222419	
    Current index:	9501	
    Magnitude of W_grad:	8.769823459941	
    Magnitude of W:	59301.787142365	
    Magnitude of B_grad:	0.28934395613957	
    Magnitude of b:	6.5042645587466	

	
    Current index:	19501	
    Magnitude of W_grad:	7.9157158319317	
    Magnitude of W:	59298.961460568	
    Magnitude of B_grad:	0.25113967037279	
    Magnitude of b:	6.4412926541108	

	
    Current index:	29501	
    Magnitude of W_grad:	7.7818279720096	
    Magnitude of W:	59295.805118044	
    Magnitude of B_grad:	0.30351307014034	
    Magnitude of b:	6.4510008008459	

	
    Current index:	39501	
    Magnitude of W_grad:	7.0534132546994	
    Magnitude of W:	59292.66421827	
    Magnitude of B_grad:	0.14864281886699	
    Magnitude of b:	6.4864254190242	

	
    Current index:	49501	
    Magnitude of W_grad:	9.8575833806764	
    Magnitude of W:	59289.219354634	
    Magnitude of B_grad:	0.4326798827952	
    Magnitude of b:	6.4953149561711	

	
    Current index:	59501	
    Magnitude of W_grad:	9.1318257775121	
    Magnitude of W:	59285.323879767	
    Magnitude of B_grad:	0.40939659626041	
    Magnitude of b:	6.5118300568508	

	
    Current index:	69501	
    Magnitude of W_grad:	6.1778173992771	
    Magnitude of W:	59281.708139079	
    Magnitude of B_grad:	0.058190744745769	
    Magnitude of b:	6.5335440286757	

	
    Current index:	79501	
    Magnitude of W_grad:	8.6376832973383	
    Magnitude of W:	59278.37257963	
    Magnitude of B_grad:	0.24783957850324	
    Magnitude of b:	6.5333991897743	

	
    Current index:	89501	
    Magnitude of W_grad:	7.6727472852606	
    Magnitude of W:	59275.023325189	
    Magnitude of B_grad:	0.18687133007648	
    Magnitude of b:	6.5605153460108	

	
SGD: Loss is	
	LOSS:Calculated softmax res	
231277.3625112	
SGD: crossEntropyLoss is	
231277.3625112	
SGD: Validation Accuracy is:	
0.29246139872843	
SGD: Magnitude of W:	
59273.905206585	
SGD: Magnitude of b:	
6.4802390768751	
    Current index:	9501	
    Magnitude of W_grad:	8.7462325200873	
    Magnitude of W:	59270.160123022	
    Magnitude of B_grad:	0.28853202910669	
    Magnitude of b:	6.5053709710692	

	
    Current index:	19501	
    Magnitude of W_grad:	7.8863748062452	
    Magnitude of W:	59267.379294805	
    Magnitude of B_grad:	0.24954604240303	
    Magnitude of b:	6.442332279993	

	
    Current index:	29501	
    Magnitude of W_grad:	7.7681686010104	
    Magnitude of W:	59264.251118814	
    Magnitude of B_grad:	0.30310012162392	
    Magnitude of b:	6.4515817216774	

	
    Current index:	39501	
    Magnitude of W_grad:	7.037761646162	
    Magnitude of W:	59261.14311664	
    Magnitude of B_grad:	0.14802803945742	
    Magnitude of b:	6.4872125646209	

	
    Current index:	49501	
    Magnitude of W_grad:	9.8457045874636	
    Magnitude of W:	59257.700163367	
    Magnitude of B_grad:	0.43225897563664	
    Magnitude of b:	6.4963591416607	

	
    Current index:	59501	
    Magnitude of W_grad:	9.117718213825	
    Magnitude of W:	59253.809154589	
    Magnitude of B_grad:	0.40902244831054	
    Magnitude of b:	6.5128624355558	

	
    Current index:	69501	
    Magnitude of W_grad:	6.1747535418383	
    Magnitude of W:	59250.210967991	
    Magnitude of B_grad:	0.05858464292694	
    Magnitude of b:	6.5342234760783	

	
    Current index:	79501	
    Magnitude of W_grad:	8.6056628625455	
    Magnitude of W:	59246.885202008	
    Magnitude of B_grad:	0.24725722561749	
    Magnitude of b:	6.5340870388722	

	
    Current index:	89501	
    Magnitude of W_grad:	7.6458072819436	
    Magnitude of W:	59243.536797163	
    Magnitude of B_grad:	0.18601571872816	
    Magnitude of b:	6.5610738784917	

	
SGD: Loss is	
	LOSS:Calculated softmax res	
230421.52565938	
SGD: crossEntropyLoss is	
230421.52565938	
SGD: Validation Accuracy is:	
0.29246139872843	
SGD: Magnitude of W:	
59242.425814849	
SGD: Magnitude of b:	
6.4809434584449	
    Current index:	9501	
    Magnitude of W_grad:	8.7228503242612	
    Magnitude of W:	59238.742875521	
    Magnitude of B_grad:	0.28773148888555	
    Magnitude of b:	6.5061571975815	

	
    Current index:	19501	
    Magnitude of W_grad:	7.8577115680433	
    Magnitude of W:	59235.994430284	
    Magnitude of B_grad:	0.24798508063997	
    Magnitude of b:	6.4430656657797	

	
    Current index:	29501	
    Magnitude of W_grad:	7.7544840276465	
    Magnitude of W:	59232.89402801	
    Magnitude of B_grad:	0.30268101308087	
    Magnitude of b:	6.4518610648383	

	
    Current index:	39501	
    Magnitude of W_grad:	7.0222981364335	
    Magnitude of W:	59229.808958971	
    Magnitude of B_grad:	0.1474311688343	
    Magnitude of b:	6.4877005942449	

	
    Current index:	49501	
    Magnitude of W_grad:	9.8337847898065	
    Magnitude of W:	59226.387027817	
    Magnitude of B_grad:	0.43182130963739	
    Magnitude of b:	6.4971000852566	

	
    Current index:	59501	
    Magnitude of W_grad:	9.1037192229574	
    Magnitude of W:	59222.499021102	
    Magnitude of B_grad:	0.40866122909789	
    Magnitude of b:	6.5135898998583	

	
    Current index:	69501	
    Magnitude of W_grad:	6.1716610479754	
    Magnitude of W:	59218.919202878	
    Magnitude of B_grad:	0.058978133164009	
    Magnitude of b:	6.534610080223	

	
    Current index:	79501	
    Magnitude of W_grad:	8.5739835774648	
    Magnitude of W:	59215.613888705	
    Magnitude of B_grad:	0.24668406420496	
    Magnitude of b:	6.5344874068454	

	
    Current index:	89501	
    Magnitude of W_grad:	7.6188939815836	
    Magnitude of W:	59212.267342848	
    Magnitude of B_grad:	0.18515950213524	
    Magnitude of b:	6.5613450244459	

	
SGD: Loss is	
	LOSS:Calculated softmax res	
229580.25977694	
SGD: crossEntropyLoss is	
229580.25977694	
SGD: Validation Accuracy is:	
0.29246139872843	
SGD: Magnitude of W:	
59211.173224572	
SGD: Magnitude of b:	
6.4813600540335	
    Current index:	9501	
    Magnitude of W_grad:	8.6994621555251	
    Magnitude of W:	59207.50293644	
    Magnitude of B_grad:	0.2869417531913	
    Magnitude of b:	6.5066516920748	

	
    Current index:	19501	
    Magnitude of W_grad:	7.8297649816546	
    Magnitude of W:	59204.765527215	
    Magnitude of B_grad:	0.24645636446605	
    Magnitude of b:	6.4435204660849	

	
    Current index:	29501	
    Magnitude of W_grad:	7.7408168554488	
    Magnitude of W:	59201.691354621	
    Magnitude of B_grad:	0.302256616078	
    Magnitude of b:	6.4518664320712	

	
    Current index:	39501	
    Magnitude of W_grad:	7.006941679804	
    Magnitude of W:	59198.617454545	
    Magnitude of B_grad:	0.14685125643926	
    Magnitude of b:	6.4879166077013	

	
    Current index:	49501	
    Magnitude of W_grad:	9.8218834890068	
    Magnitude of W:	59195.197720979	
    Magnitude of B_grad:	0.43136779991534	
    Magnitude of b:	6.4975648786483	

	
    Current index:	59501	
    Magnitude of W_grad:	9.0897645787713	
    Magnitude of W:	59191.322639479	
    Magnitude of B_grad:	0.40831173434669	
    Magnitude of b:	6.5140393955723	

	
    Current index:	69501	
    Magnitude of W_grad:	6.1684109135951	
    Magnitude of W:	59187.74889481	
    Magnitude of B_grad:	0.059370572529037	
    Magnitude of b:	6.5347304358987	

	
    Current index:	79501	
    Magnitude of W_grad:	8.5426729167521	
    Magnitude of W:	59184.462139475	
    Magnitude of B_grad:	0.24611944469328	
    Magnitude of b:	6.5346263811843	

	
    Current index:	89501	
    Magnitude of W_grad:	7.5920209002432	
    Magnitude of W:	59181.122593131	
    Magnitude of B_grad:	0.18430267311769	
    Magnitude of b:	6.5613550628928	

	
Done.	
Testing on validation set...	
Done	
Datafile:	/n/home09/ankitgupta/CS287/HW1/SST1-uni-sent.hdf5	Classifier:	lr	Alpha:	0	Eta:	0.1	Lambda:	1	Minibatch size:	500	Num Epochs:	50	Minimum Sentence Length:	5	
Accuracy:	0.29246139872843	
