[?1034hDatafile:	/n/home09/ankitgupta/CS287/HW1/SST1-uni-sent-syns.hdf5	Classifier:	lr	Alpha:	0	Eta:	0.5	Lambda:	1	Minibatch size:	500	Num Epochs:	15	Minimum Sentence Length:	5	
Note that not all parameters may apply to all classifiers	
Loading datafiles...	
Number of training samples before removing small sentences	156817	
Number of training samples after removing small sentences	146614	
Done.	
Training classifier...	
SGD: Loss is	
	LOSS:Calculated softmax res	
1248618.8818249	
SGD: crossEntropyLoss is	
1248618.8818249	
SGD: Validation Accuracy is:	
0.19164396003633	
SGD: Magnitude of W:	
184763.56290126	
SGD: Magnitude of b:	
5.83482610308	
    Current index:	9501	
    Magnitude of W_grad:	42.223330420006	
    Magnitude of W:	184712.59392556	
    Magnitude of B_grad:	0.31042716918778	
    Magnitude of b:	4.1500927932305	

	
    Current index:	19501	
    Magnitude of W_grad:	41.250839779027	
    Magnitude of W:	184663.01576927	
    Magnitude of B_grad:	0.30147777593508	
    Magnitude of b:	5.8037802652804	

	
    Current index:	29501	
    Magnitude of W_grad:	30.941258985956	
    Magnitude of W:	184615.75030595	
    Magnitude of B_grad:	0.19140123757702	
    Magnitude of b:	6.6723790076678	

	
    Current index:	39501	
    Magnitude of W_grad:	47.6487046017	
    Magnitude of W:	184569.92040873	
    Magnitude of B_grad:	0.20994259676397	
    Magnitude of b:	7.3652902079653	

	
    Current index:	49501	
    Magnitude of W_grad:	38.766417343333	
    Magnitude of W:	184526.70146203	
    Magnitude of B_grad:	0.064102080102087	
    Magnitude of b:	7.6419324648124	

	
    Current index:	59501	
    Magnitude of W_grad:	40.431077911445	
    Magnitude of W:	184481.4054679	
    Magnitude of B_grad:	0.14968183128131	
    Magnitude of b:	8.6295425834052	

	
    Current index:	69501	
    Magnitude of W_grad:	38.240457003455	
    Magnitude of W:	184437.09405834	
    Magnitude of B_grad:	0.1302288138061	
    Magnitude of b:	9.096730009845	

	
    Current index:	79501	
    Magnitude of W_grad:	39.495006638316	
    Magnitude of W:	184393.23899389	
    Magnitude of B_grad:	0.26479239290679	
    Magnitude of b:	8.0549469607493	

	
    Current index:	89501	
    Magnitude of W_grad:	47.191041690304	
    Magnitude of W:	184344.11785971	
    Magnitude of B_grad:	0.13369195102832	
    Magnitude of b:	7.633720097473	

	
    Current index:	99501	
    Magnitude of W_grad:	40.145256328172	
    Magnitude of W:	184300.31971163	
    Magnitude of B_grad:	0.20242161372324	
    Magnitude of b:	7.9964502128156	

	
    Current index:	109501	
    Magnitude of W_grad:	33.242148476803	
    Magnitude of W:	184254.92437072	
    Magnitude of B_grad:	0.24544148340471	
    Magnitude of b:	8.3522749876869	

	
    Current index:	119501	
    Magnitude of W_grad:	47.344666342497	
    Magnitude of W:	184211.73600568	
    Magnitude of B_grad:	0.13502771697284	
    Magnitude of b:	8.5405766328136	

	
    Current index:	129501	
    Magnitude of W_grad:	44.784497405758	
    Magnitude of W:	184170.22088466	
    Magnitude of B_grad:	0.095032986607262	
    Magnitude of b:	8.6446573256676	

	
    Current index:	139501	
    Magnitude of W_grad:	37.075968920966	
    Magnitude of W:	184131.2280213	
    Magnitude of B_grad:	0.093614398425029	
    Magnitude of b:	9.0323603589413	

	
SGD: Loss is	
	LOSS:Calculated softmax res	
723440.74186391	
SGD: crossEntropyLoss is	
723440.74186391	
SGD: Validation Accuracy is:	
0.25522252497729	
SGD: Magnitude of W:	
184102.92167349	
SGD: Magnitude of b:	
8.502335309253	
    Current index:	9501	
    Magnitude of W_grad:	37.527835069158	
    Magnitude of W:	184064.54666678	
    Magnitude of B_grad:	0.30022432742927	
    Magnitude of b:	8.425537029755	

	
    Current index:	19501	
    Magnitude of W_grad:	37.963719054122	
    Magnitude of W:	184027.82927334	
    Magnitude of B_grad:	0.16283060596788	
    Magnitude of b:	8.8338516577975	

	
    Current index:	29501	
    Magnitude of W_grad:	32.902922922816	
    Magnitude of W:	183989.78794325	
    Magnitude of B_grad:	0.16807436168443	
    Magnitude of b:	9.1838525933517	

	
    Current index:	39501	
    Magnitude of W_grad:	44.355927564576	
    Magnitude of W:	183953.21854151	
    Magnitude of B_grad:	0.20914580959709	
    Magnitude of b:	9.2652421839305	

	
    Current index:	49501	
    Magnitude of W_grad:	38.225949199524	
    Magnitude of W:	183916.94929206	
    Magnitude of B_grad:	0.08677917403445	
    Magnitude of b:	9.3199093283614	

	
    Current index:	59501	
    Magnitude of W_grad:	38.187824752783	
    Magnitude of W:	183879.68644838	
    Magnitude of B_grad:	0.13872188511978	
    Magnitude of b:	9.9855238518028	

	
    Current index:	69501	
    Magnitude of W_grad:	35.394546151452	
    Magnitude of W:	183842.53553943	
    Magnitude of B_grad:	0.10814817300179	
    Magnitude of b:	10.155451020834	

	
    Current index:	79501	
    Magnitude of W_grad:	37.822706577235	
    Magnitude of W:	183805.93017344	
    Magnitude of B_grad:	0.26839058215647	
    Magnitude of b:	9.4078238375698	

	
    Current index:	89501	
    Magnitude of W_grad:	46.641114638127	
    Magnitude of W:	183765.76057457	
    Magnitude of B_grad:	0.12171925185508	
    Magnitude of b:	9.1746500250817	

	
    Current index:	99501	
    Magnitude of W_grad:	38.426946562947	
    Magnitude of W:	183728.63320438	
    Magnitude of B_grad:	0.20634390633301	
    Magnitude of b:	9.4150149285295	

	
    Current index:	109501	
    Magnitude of W_grad:	34.720280722505	
    Magnitude of W:	183689.90557833	
    Magnitude of B_grad:	0.25415474724189	
    Magnitude of b:	9.5946414224883	

	
    Current index:	119501	
    Magnitude of W_grad:	44.775798525606	
    Magnitude of W:	183651.96882802	
    Magnitude of B_grad:	0.12056053691677	
    Magnitude of b:	9.6268370850299	

	
    Current index:	129501	
    Magnitude of W_grad:	42.230186570577	
    Magnitude of W:	183615.63538704	
    Magnitude of B_grad:	0.09720717374161	
    Magnitude of b:	9.6145489069304	

	
    Current index:	139501	
    Magnitude of W_grad:	35.181844511413	
    Magnitude of W:	183580.83309139	
    Magnitude of B_grad:	0.097126401879583	
    Magnitude of b:	9.8775227759059	

	
SGD: Loss is	
	LOSS:Calculated softmax res	
633573.53901725	
SGD: crossEntropyLoss is	
633573.53901725	
SGD: Validation Accuracy is:	
0.28337874659401	
SGD: Magnitude of W:	
183556.2650772	
SGD: Magnitude of b:	
9.3694759582417	
    Current index:	9501	
    Magnitude of W_grad:	35.72927485069	
    Magnitude of W:	183522.3631391	
    Magnitude of B_grad:	0.3031704136888	
    Magnitude of b:	9.2245006111526	

	
    Current index:	19501	
    Magnitude of W_grad:	36.66342847279	
    Magnitude of W:	183489.64150847	
    Magnitude of B_grad:	0.17075457266625	
    Magnitude of b:	9.1439498707887	

	
    Current index:	29501	
    Magnitude of W_grad:	30.790520398619	
    Magnitude of W:	183456.16341071	
    Magnitude of B_grad:	0.19544651359842	
    Magnitude of b:	9.4494793353862	

	
    Current index:	39501	
    Magnitude of W_grad:	38.132779281377	
    Magnitude of W:	183424.0261303	
    Magnitude of B_grad:	0.17544604687062	
    Magnitude of b:	9.488086995436	

	
    Current index:	49501	
    Magnitude of W_grad:	35.372707988758	
    Magnitude of W:	183391.50303985	
    Magnitude of B_grad:	0.095744210700405	
    Magnitude of b:	9.5075141987564	

	
    Current index:	59501	
    Magnitude of W_grad:	36.497160209316	
    Magnitude of W:	183358.05609396	
    Magnitude of B_grad:	0.10116090688289	
    Magnitude of b:	10.102072033089	

	
    Current index:	69501	
    Magnitude of W_grad:	33.11449149828	
    Magnitude of W:	183325.07196434	
    Magnitude of B_grad:	0.11231687027777	
    Magnitude of b:	10.213725785948	

	
    Current index:	79501	
    Magnitude of W_grad:	36.652055466755	
    Magnitude of W:	183291.9091917	
    Magnitude of B_grad:	0.27070233433311	
    Magnitude of b:	9.9104156498641	

	
    Current index:	89501	
    Magnitude of W_grad:	44.075156084706	
    Magnitude of W:	183255.37754155	
    Magnitude of B_grad:	0.11594319222053	
    Magnitude of b:	9.6558215374963	

	
    Current index:	99501	
    Magnitude of W_grad:	36.866763869116	
    Magnitude of W:	183221.44674973	
    Magnitude of B_grad:	0.19858541551474	
    Magnitude of b:	9.8645373604512	

	
    Current index:	109501	
    Magnitude of W_grad:	36.834005911482	
    Magnitude of W:	183186.51932984	
    Magnitude of B_grad:	0.27539327392206	
    Magnitude of b:	10.002342129321	

	
    Current index:	119501	
    Magnitude of W_grad:	43.156973205236	
    Magnitude of W:	183151.39124667	
    Magnitude of B_grad:	0.093261980429821	
    Magnitude of b:	10.032424621526	

	
    Current index:	129501	
    Magnitude of W_grad:	40.050260674925	
    Magnitude of W:	183118.23962261	
    Magnitude of B_grad:	0.089208287510146	
    Magnitude of b:	9.9992295466332	

	
    Current index:	139501	
    Magnitude of W_grad:	33.156593680034	
    Magnitude of W:	183086.03108617	
    Magnitude of B_grad:	0.092294284876746	
    Magnitude of b:	10.210888439307	

	
SGD: Loss is	
	LOSS:Calculated softmax res	
580067.5063341	
SGD: crossEntropyLoss is	
580067.5063341	
SGD: Validation Accuracy is:	
0.28247048138056	
SGD: Magnitude of W:	
183064.00137968	
SGD: Magnitude of b:	
9.7193103026614	
    Current index:	9501	
    Magnitude of W_grad:	34.252990713189	
    Magnitude of W:	183033.69500792	
    Magnitude of B_grad:	0.29959812822522	
    Magnitude of b:	9.5584516665589	

	
    Current index:	19501	
    Magnitude of W_grad:	34.768889374003	
    Magnitude of W:	183003.78119692	
    Magnitude of B_grad:	0.17110889255528	
    Magnitude of b:	9.4378758005992	

	
    Current index:	29501	
    Magnitude of W_grad:	29.274418214054	
    Magnitude of W:	182972.79055166	
    Magnitude of B_grad:	0.1996667935167	
    Magnitude of b:	9.6477355813136	

	
    Current index:	39501	
    Magnitude of W_grad:	36.339914368204	
    Magnitude of W:	182942.87968786	
    Magnitude of B_grad:	0.14872382012778	
    Magnitude of b:	9.7944970296776	

	
    Current index:	49501	
    Magnitude of W_grad:	33.240791697863	
    Magnitude of W:	182912.53957335	
    Magnitude of B_grad:	0.10596660172889	
    Magnitude of b:	9.6411754673073	

	
    Current index:	59501	
    Magnitude of W_grad:	34.855772558979	
    Magnitude of W:	182881.50821946	
    Magnitude of B_grad:	0.088047824664882	
    Magnitude of b:	10.03760085604	

	
    Current index:	69501	
    Magnitude of W_grad:	31.575202567125	
    Magnitude of W:	182850.71286536	
    Magnitude of B_grad:	0.10918939367975	
    Magnitude of b:	10.224415457055	

	
    Current index:	79501	
    Magnitude of W_grad:	35.208036973575	
    Magnitude of W:	182819.72257819	
    Magnitude of B_grad:	0.25767395880745	
    Magnitude of b:	10.137818076918	

	
    Current index:	89501	
    Magnitude of W_grad:	41.698257355518	
    Magnitude of W:	182786.18943566	
    Magnitude of B_grad:	0.10300712004737	
    Magnitude of b:	9.8760809031058	

	
    Current index:	99501	
    Magnitude of W_grad:	34.8427596904	
    Magnitude of W:	182754.36026266	
    Magnitude of B_grad:	0.17788823310699	
    Magnitude of b:	10.064296067427	

	
    Current index:	109501	
    Magnitude of W_grad:	37.663552036236	
    Magnitude of W:	182722.5084326	
    Magnitude of B_grad:	0.2946134803113	
    Magnitude of b:	10.157759009063	

	
    Current index:	119501	
    Magnitude of W_grad:	42.643659872839	
    Magnitude of W:	182689.87782457	
    Magnitude of B_grad:	0.083509397909103	
    Magnitude of b:	10.214209239712	

	
    Current index:	129501	
    Magnitude of W_grad:	38.303971206286	
    Magnitude of W:	182658.7699372	
    Magnitude of B_grad:	0.078699123874745	
    Magnitude of b:	10.179073426586	

	
    Current index:	139501	
    Magnitude of W_grad:	31.79013000095	
    Magnitude of W:	182628.73850038	
    Magnitude of B_grad:	0.088382058348994	
    Magnitude of b:	10.360777553055	

	
SGD: Loss is	
	LOSS:Calculated softmax res	
541995.94049845	
SGD: crossEntropyLoss is	
541995.94049845	
SGD: Validation Accuracy is:	
0.29427792915531	
SGD: Magnitude of W:	
182608.22346066	
SGD: Magnitude of b:	
9.8713494550467	
    Current index:	9501	
    Magnitude of W_grad:	32.936458924328	
    Magnitude of W:	182579.68623986	
    Magnitude of B_grad:	0.29199907183443	
    Magnitude of b:	9.7146731972758	

	
    Current index:	19501	
    Magnitude of W_grad:	31.093600981667	
    Magnitude of W:	182552.09669005	
    Magnitude of B_grad:	0.18026712819559	
    Magnitude of b:	9.5885307964061	

	
    Current index:	29501	
    Magnitude of W_grad:	28.190481553828	
    Magnitude of W:	182522.78443712	
    Magnitude of B_grad:	0.19593942393417	
    Magnitude of b:	9.7916871921063	

	
    Current index:	39501	
    Magnitude of W_grad:	35.632536514966	
    Magnitude of W:	182494.86608257	
    Magnitude of B_grad:	0.14883646464959	
    Magnitude of b:	9.9309902900915	

	
    Current index:	49501	
    Magnitude of W_grad:	32.001410251141	
    Magnitude of W:	182465.99128616	
    Magnitude of B_grad:	0.10520995131994	
    Magnitude of b:	9.7984006902173	

	
    Current index:	59501	
    Magnitude of W_grad:	33.025395656513	
    Magnitude of W:	182436.73500172	
    Magnitude of B_grad:	0.080716460027613	
    Magnitude of b:	10.166286901352	

	
    Current index:	69501	
    Magnitude of W_grad:	30.984544953465	
    Magnitude of W:	182408.01827207	
    Magnitude of B_grad:	0.10901046102017	
    Magnitude of b:	10.337746700487	

	
    Current index:	79501	
    Magnitude of W_grad:	33.756288626255	
    Magnitude of W:	182378.6212495	
    Magnitude of B_grad:	0.23904624888719	
    Magnitude of b:	10.237414871892	

	
    Current index:	89501	
    Magnitude of W_grad:	40.193458367513	
    Magnitude of W:	182347.11042585	
    Magnitude of B_grad:	0.090436671540914	
    Magnitude of b:	9.9752174485681	

	
    Current index:	99501	
    Magnitude of W_grad:	33.257893743323	
    Magnitude of W:	182317.10626015	
    Magnitude of B_grad:	0.16590028266633	
    Magnitude of b:	10.159106944844	

	
    Current index:	109501	
    Magnitude of W_grad:	37.760390066558	
    Magnitude of W:	182287.155368	
    Magnitude of B_grad:	0.3102334173373	
    Magnitude of b:	10.221041315002	

	
    Current index:	119501	
    Magnitude of W_grad:	42.276772403578	
    Magnitude of W:	182256.69780338	
    Magnitude of B_grad:	0.086429640068097	
    Magnitude of b:	10.29399348545	

	
    Current index:	129501	
    Magnitude of W_grad:	37.225095766757	
    Magnitude of W:	182227.3572223	
    Magnitude of B_grad:	0.0668097491261	
    Magnitude of b:	10.25558172633	

	
    Current index:	139501	
    Magnitude of W_grad:	30.795395241891	
    Magnitude of W:	182199.22248577	
    Magnitude of B_grad:	0.088769115729072	
    Magnitude of b:	10.419468714265	

	
SGD: Loss is	
	LOSS:Calculated softmax res	
512997.60984422	
SGD: crossEntropyLoss is	
512997.60984422	
SGD: Validation Accuracy is:	
0.30790190735695	
SGD: Magnitude of W:	
182180.04000635	
SGD: Magnitude of b:	
9.9311789845528	
    Current index:	9501	
    Magnitude of W_grad:	31.759004081199	
    Magnitude of W:	182153.09909198	
    Magnitude of B_grad:	0.28318948383749	
    Magnitude of b:	9.777230494683	

	
    Current index:	19501	
    Magnitude of W_grad:	29.62765898551	
    Magnitude of W:	182126.79900832	
    Magnitude of B_grad:	0.18658950242723	
    Magnitude of b:	9.6482819665778	

	
    Current index:	29501	
    Magnitude of W_grad:	26.941569176361	
    Magnitude of W:	182098.95556323	
    Magnitude of B_grad:	0.19256493205098	
    Magnitude of b:	9.84595352382	

	
    Current index:	39501	
    Magnitude of W_grad:	35.09887712721	
    Magnitude of W:	182072.45793294	
    Magnitude of B_grad:	0.14986514659707	
    Magnitude of b:	9.9780866982203	

	
    Current index:	49501	
    Magnitude of W_grad:	31.412635245387	
    Magnitude of W:	182045.05880487	
    Magnitude of B_grad:	0.10040120154906	
    Magnitude of b:	9.8628356293055	

	
    Current index:	59501	
    Magnitude of W_grad:	30.948313314047	
    Magnitude of W:	182017.47138732	
    Magnitude of B_grad:	0.075890182736718	
    Magnitude of b:	10.218967996432	

	
    Current index:	69501	
    Magnitude of W_grad:	30.590431646424	
    Magnitude of W:	181990.24099238	
    Magnitude of B_grad:	0.10599494144093	
    Magnitude of b:	10.365790554553	

	
    Current index:	79501	
    Magnitude of W_grad:	32.253510515045	
    Magnitude of W:	181962.03742154	
    Magnitude of B_grad:	0.22152425024037	
    Magnitude of b:	10.258085002019	

	
    Current index:	89501	
    Magnitude of W_grad:	39.631422879551	
    Magnitude of W:	181932.67119114	
    Magnitude of B_grad:	0.086660253751611	
    Magnitude of b:	10.000090802282	

	
    Current index:	99501	
    Magnitude of W_grad:	32.130235158553	
    Magnitude of W:	181904.57993432	
    Magnitude of B_grad:	0.16231004599634	
    Magnitude of b:	10.182789704872	

	
    Current index:	109501	
    Magnitude of W_grad:	37.524759416339	
    Magnitude of W:	181876.50856198	
    Magnitude of B_grad:	0.31933614663739	
    Magnitude of b:	10.225158831723	

	
    Current index:	119501	
    Magnitude of W_grad:	41.476793810353	
    Magnitude of W:	181847.45120586	
    Magnitude of B_grad:	0.09308002723796	
    Magnitude of b:	10.307815857475	

	
    Current index:	129501	
    Magnitude of W_grad:	36.38242144882	
    Magnitude of W:	181819.59477607	
    Magnitude of B_grad:	0.056536118917502	
    Magnitude of b:	10.26541381392	

	
    Current index:	139501	
    Magnitude of W_grad:	30.184695637663	
    Magnitude of W:	181793.01468843	
    Magnitude of B_grad:	0.099825529571136	
    Magnitude of b:	10.417946465734	

	
SGD: Loss is	
	LOSS:Calculated softmax res	
489981.36056437	
SGD: crossEntropyLoss is	
489981.36056437	
SGD: Validation Accuracy is:	
0.30790190735695	
SGD: Magnitude of W:	
181774.69133931	
SGD: Magnitude of b:	
9.9325223894221	
    Current index:	9501	
    Magnitude of W_grad:	30.847937440252	
    Magnitude of W:	181749.26632196	
    Magnitude of B_grad:	0.27364914430424	
    Magnitude of b:	9.7769118112887	

	
    Current index:	19501	
    Magnitude of W_grad:	28.735259974806	
    Magnitude of W:	181724.23460865	
    Magnitude of B_grad:	0.19107643013191	
    Magnitude of b:	9.6474628697365	

	
    Current index:	29501	
    Magnitude of W_grad:	25.74229685092	
    Magnitude of W:	181697.34169848	
    Magnitude of B_grad:	0.18880335730226	
    Magnitude of b:	9.8425189359301	

	
    Current index:	39501	
    Magnitude of W_grad:	34.549368332946	
    Magnitude of W:	181672.23890173	
    Magnitude of B_grad:	0.14627858608518	
    Magnitude of b:	9.968922452488	

	
    Current index:	49501	
    Magnitude of W_grad:	30.944548852181	
    Magnitude of W:	181646.07849868	
    Magnitude of B_grad:	0.09519091541638	
    Magnitude of b:	9.8656712800969	

	
    Current index:	59501	
    Magnitude of W_grad:	29.366936943581	
    Magnitude of W:	181619.55474217	
    Magnitude of B_grad:	0.070909040640816	
    Magnitude of b:	10.218925256776	

	
    Current index:	69501	
    Magnitude of W_grad:	30.229952782999	
    Magnitude of W:	181593.66462831	
    Magnitude of B_grad:	0.1023388740236	
    Magnitude of b:	10.340667435386	

	
    Current index:	79501	
    Magnitude of W_grad:	30.978932440602	
    Magnitude of W:	181566.61928501	
    Magnitude of B_grad:	0.20863706999037	
    Magnitude of b:	10.226957027178	

	
    Current index:	89501	
    Magnitude of W_grad:	39.174182199174	
    Magnitude of W:	181538.77153879	
    Magnitude of B_grad:	0.08065243252715	
    Magnitude of b:	9.9756362365568	

	
    Current index:	99501	
    Magnitude of W_grad:	30.944895242315	
    Magnitude of W:	181511.84383318	
    Magnitude of B_grad:	0.16218208300655	
    Magnitude of b:	10.15701063485	

	
    Current index:	109501	
    Magnitude of W_grad:	37.164702498855	
    Magnitude of W:	181484.68781213	
    Magnitude of B_grad:	0.32214608496106	
    Magnitude of b:	10.189035974304	

	
    Current index:	119501	
    Magnitude of W_grad:	40.628306640816	
    Magnitude of W:	181456.81452845	
    Magnitude of B_grad:	0.10129277802986	
    Magnitude of b:	10.279224255238	

	
    Current index:	129501	
    Magnitude of W_grad:	35.635054338901	
    Magnitude of W:	181429.97530509	
    Magnitude of B_grad:	0.047973999510337	
    Magnitude of b:	10.231645895206	

	
    Current index:	139501	
    Magnitude of W_grad:	29.803057170841	
    Magnitude of W:	181404.4169038	
    Magnitude of B_grad:	0.10905204057504	
    Magnitude of b:	10.377402585595	

	
SGD: Loss is	
	LOSS:Calculated softmax res	
470927.49891308	
SGD: crossEntropyLoss is	
470927.49891308	
SGD: Validation Accuracy is:	
0.30881017257039	
SGD: Magnitude of W:	
181386.77850229	
SGD: Magnitude of b:	
9.8940633833137	
    Current index:	9501	
    Magnitude of W_grad:	30.032970582611	
    Magnitude of W:	181362.42148054	
    Magnitude of B_grad:	0.26468559168316	
    Magnitude of b:	9.735732833058	

	
    Current index:	19501	
    Magnitude of W_grad:	27.965695549158	
    Magnitude of W:	181338.32447609	
    Magnitude of B_grad:	0.19207324744812	
    Magnitude of b:	9.6073068685248	

	
    Current index:	29501	
    Magnitude of W_grad:	24.718982381721	
    Magnitude of W:	181312.29535875	
    Magnitude of B_grad:	0.18673880981958	
    Magnitude of b:	9.8017329801907	

	
    Current index:	39501	
    Magnitude of W_grad:	34.392052759871	
    Magnitude of W:	181287.93937987	
    Magnitude of B_grad:	0.14061321594884	
    Magnitude of b:	9.924662561026	

	
    Current index:	49501	
    Magnitude of W_grad:	30.446919092817	
    Magnitude of W:	181262.55537208	
    Magnitude of B_grad:	0.092392801897243	
    Magnitude of b:	9.8305957638828	

	
    Current index:	59501	
    Magnitude of W_grad:	28.426102274884	
    Magnitude of W:	181237.12429091	
    Magnitude of B_grad:	0.065860054477203	
    Magnitude of b:	10.181735764146	

	
    Current index:	69501	
    Magnitude of W_grad:	29.895724756922	
    Magnitude of W:	181212.21850194	
    Magnitude of B_grad:	0.099427850799481	
    Magnitude of b:	10.2855559944	

	
    Current index:	79501	
    Magnitude of W_grad:	30.044517624493	
    Magnitude of W:	181185.92300884	
    Magnitude of B_grad:	0.1995216174915	
    Magnitude of b:	10.16665402278	

	
    Current index:	89501	
    Magnitude of W_grad:	38.717112043194	
    Magnitude of W:	181159.15297665	
    Magnitude of B_grad:	0.073718278820126	
    Magnitude of b:	9.9198337543044	

	
    Current index:	99501	
    Magnitude of W_grad:	29.85029563409	
    Magnitude of W:	181133.25171933	
    Magnitude of B_grad:	0.16156700438696	
    Magnitude of b:	10.100619121845	

	
    Current index:	109501	
    Magnitude of W_grad:	36.74209912896	
    Magnitude of W:	181107.08966468	
    Magnitude of B_grad:	0.31960932429184	
    Magnitude of b:	10.127465061227	

	
    Current index:	119501	
    Magnitude of W_grad:	40.199712577464	
    Magnitude of W:	181080.29070701	
    Magnitude of B_grad:	0.10667617789786	
    Magnitude of b:	10.222740358323	

	
    Current index:	129501	
    Magnitude of W_grad:	35.079792177426	
    Magnitude of W:	181054.2354001	
    Magnitude of B_grad:	0.040837798652089	
    Magnitude of b:	10.171251490698	

	
    Current index:	139501	
    Magnitude of W_grad:	29.381790858548	
    Magnitude of W:	181029.22891213	
    Magnitude of B_grad:	0.11534223207828	
    Magnitude of b:	10.314404533091	

	
SGD: Loss is	
	LOSS:Calculated softmax res	
454702.4234865	
SGD: crossEntropyLoss is	
454702.4234865	
SGD: Validation Accuracy is:	
0.31789282470481	
SGD: Magnitude of W:	
181012.19471505	
SGD: Magnitude of b:	
9.8312160422528	
    Current index:	9501	
    Magnitude of W_grad:	29.378509889093	
    Magnitude of W:	180988.90168361	
    Magnitude of B_grad:	0.25724485411218	
    Magnitude of b:	9.6711533045209	

	
    Current index:	19501	
    Magnitude of W_grad:	27.244625182696	
    Magnitude of W:	180965.66477588	
    Magnitude of B_grad:	0.1895192605213	
    Magnitude of b:	9.5443583258106	

	
    Current index:	29501	
    Magnitude of W_grad:	23.877234532299	
    Magnitude of W:	180940.41591954	
    Magnitude of B_grad:	0.18614185781125	
    Magnitude of b:	9.737333034856	

	
    Current index:	39501	
    Magnitude of W_grad:	34.272613412175	
    Magnitude of W:	180916.69616938	
    Magnitude of B_grad:	0.13444156535415	
    Magnitude of b:	9.8585515684671	

	
    Current index:	49501	
    Magnitude of W_grad:	29.832714460015	
    Magnitude of W:	180892.2307551	
    Magnitude of B_grad:	0.091473119371159	
    Magnitude of b:	9.7718098102498	

	
    Current index:	59501	
    Magnitude of W_grad:	27.750169803624	
    Magnitude of W:	180867.67211056	
    Magnitude of B_grad:	0.061305129427516	
    Magnitude of b:	10.122393754312	

	
    Current index:	69501	
    Magnitude of W_grad:	29.557411676407	
    Magnitude of W:	180843.35392658	
    Magnitude of B_grad:	0.097234453229069	
    Magnitude of b:	10.214141665885	

	
    Current index:	79501	
    Magnitude of W_grad:	29.309065644267	
    Magnitude of W:	180817.77059335	
    Magnitude of B_grad:	0.1923978834513	
    Magnitude of b:	10.090288391464	

	
    Current index:	89501	
    Magnitude of W_grad:	38.301684893008	
    Magnitude of W:	180792.05258704	
    Magnitude of B_grad:	0.066691474806474	
    Magnitude of b:	9.8452412117975	

	
    Current index:	99501	
    Magnitude of W_grad:	28.974032913824	
    Magnitude of W:	180766.90692396	
    Magnitude of B_grad:	0.15830727003794	
    Magnitude of b:	10.027750803707	

	
    Current index:	109501	
    Magnitude of W_grad:	36.166728484242	
    Magnitude of W:	180741.71964077	
    Magnitude of B_grad:	0.31426688179803	
    Magnitude of b:	10.050114762695	

	
    Current index:	119501	
    Magnitude of W_grad:	39.567453369958	
    Magnitude of W:	180715.61789492	
    Magnitude of B_grad:	0.10928394330489	
    Magnitude of b:	10.150647746136	

	
    Current index:	129501	
    Magnitude of W_grad:	34.599495163683	
    Magnitude of W:	180690.1821932	
    Magnitude of B_grad:	0.03654800055113	
    Magnitude of b:	10.096331016982	

	
    Current index:	139501	
    Magnitude of W_grad:	28.868664771387	
    Magnitude of W:	180665.81198834	
    Magnitude of B_grad:	0.11868192629656	
    Magnitude of b:	10.240230909263	

	
SGD: Loss is	
	LOSS:Calculated softmax res	
440587.68520517	
SGD: crossEntropyLoss is	
440587.68520517	
SGD: Validation Accuracy is:	
0.32243415077203	
SGD: Magnitude of W:	
180649.34262765	
SGD: Magnitude of b:	
9.7574738139123	
    Current index:	9501	
    Magnitude of W_grad:	28.805627503633	
    Magnitude of W:	180626.8325599	
    Magnitude of B_grad:	0.2509049790435	
    Magnitude of b:	9.5947752739453	

	
    Current index:	19501	
    Magnitude of W_grad:	26.551396654816	
    Magnitude of W:	180604.16817535	
    Magnitude of B_grad:	0.18418840560027	
    Magnitude of b:	9.4706896795943	

	
    Current index:	29501	
    Magnitude of W_grad:	23.140456488454	
    Magnitude of W:	180579.51535407	
    Magnitude of B_grad:	0.18581795912252	
    Magnitude of b:	9.6603596224794	

	
    Current index:	39501	
    Magnitude of W_grad:	34.169380033497	
    Magnitude of W:	180556.59027162	
    Magnitude of B_grad:	0.12867625945538	
    Magnitude of b:	9.7812665724576	

	
    Current index:	49501	
    Magnitude of W_grad:	29.096560802544	
    Magnitude of W:	180532.92530757	
    Magnitude of B_grad:	0.091366739287446	
    Magnitude of b:	9.7003090500073	

	
    Current index:	59501	
    Magnitude of W_grad:	27.099124192793	
    Magnitude of W:	180509.19374716	
    Magnitude of B_grad:	0.057206183813858	
    Magnitude of b:	10.052449675442	

	
    Current index:	69501	
    Magnitude of W_grad:	29.185473919578	
    Magnitude of W:	180485.4589487	
    Magnitude of B_grad:	0.09549270375071	
    Magnitude of b:	10.136169229621	

	
    Current index:	79501	
    Magnitude of W_grad:	28.669052761643	
    Magnitude of W:	180460.44007784	
    Magnitude of B_grad:	0.18636660044875	
    Magnitude of b:	10.0069450371	

	
    Current index:	89501	
    Magnitude of W_grad:	37.942119704205	
    Magnitude of W:	180435.54068296	
    Magnitude of B_grad:	0.059446520829587	
    Magnitude of b:	9.7630437443014	

	
    Current index:	99501	
    Magnitude of W_grad:	28.217673258981	
    Magnitude of W:	180411.06857839	
    Magnitude of B_grad:	0.15241704349237	
    Magnitude of b:	9.9487947767316	

	
    Current index:	109501	
    Magnitude of W_grad:	35.457377049569	
    Magnitude of W:	180386.74692725	
    Magnitude of B_grad:	0.30835309854613	
    Magnitude of b:	9.966801761947	

	
    Current index:	119501	
    Magnitude of W_grad:	38.698524112409	
    Magnitude of W:	180361.39769804	
    Magnitude of B_grad:	0.10849993832884	
    Magnitude of b:	10.071563574547	

	
    Current index:	129501	
    Magnitude of W_grad:	34.156157965543	
    Magnitude of W:	180336.62592879	
    Magnitude of B_grad:	0.035983432803661	
    Magnitude of b:	10.015528497896	

	
    Current index:	139501	
    Magnitude of W_grad:	28.296872706321	
    Magnitude of W:	180312.99861862	
    Magnitude of B_grad:	0.12027582899198	
    Magnitude of b:	10.162452527979	

	
SGD: Loss is	
	LOSS:Calculated softmax res	
428122.05728674	
SGD: crossEntropyLoss is	
428122.05728674	
SGD: Validation Accuracy is:	
0.32515894641235	
SGD: Magnitude of W:	
180296.66359031	
SGD: Magnitude of b:	
9.6805211521627	
    Current index:	9501	
    Magnitude of W_grad:	28.281217429292	
    Magnitude of W:	180274.8602695	
    Magnitude of B_grad:	0.24543351885841	
    Magnitude of b:	9.5154443680492	

	
    Current index:	19501	
    Magnitude of W_grad:	25.868276821268	
    Magnitude of W:	180252.90545823	
    Magnitude of B_grad:	0.17681481451733	
    Magnitude of b:	9.3936133305075	

	
    Current index:	29501	
    Magnitude of W_grad:	22.478443867511	
    Magnitude of W:	180228.85191026	
    Magnitude of B_grad:	0.18546133892958	
    Magnitude of b:	9.5782580814178	

	
    Current index:	39501	
    Magnitude of W_grad:	33.995821784712	
    Magnitude of W:	180206.69761819	
    Magnitude of B_grad:	0.12383736432076	
    Magnitude of b:	9.6998333795415	

	
    Current index:	49501	
    Magnitude of W_grad:	28.280189266196	
    Magnitude of W:	180183.77440357	
    Magnitude of B_grad:	0.090807930700481	
    Magnitude of b:	9.6234950140988	

	
    Current index:	59501	
    Magnitude of W_grad:	26.564921621361	
    Magnitude of W:	180160.78852936	
    Magnitude of B_grad:	0.05346752385287	
    Magnitude of b:	9.978646764326	

	
    Current index:	69501	
    Magnitude of W_grad:	28.779739339412	
    Magnitude of W:	180137.77308821	
    Magnitude of B_grad:	0.095230389319323	
    Magnitude of b:	10.057113375932	

	
    Current index:	79501	
    Magnitude of W_grad:	28.06087627956	
    Magnitude of W:	180113.50722148	
    Magnitude of B_grad:	0.18105890946526	
    Magnitude of b:	9.9219783906813	

	
    Current index:	89501	
    Magnitude of W_grad:	37.547378269971	
    Magnitude of W:	180089.50818039	
    Magnitude of B_grad:	0.051680727962767	
    Magnitude of b:	9.6800288136153	

	
    Current index:	99501	
    Magnitude of W_grad:	27.65601474188	
    Magnitude of W:	180065.74970146	
    Magnitude of B_grad:	0.14502932508138	
    Magnitude of b:	9.8693291273312	

	
    Current index:	109501	
    Magnitude of W_grad:	34.872190013072	
    Magnitude of W:	180042.12928516	
    Magnitude of B_grad:	0.30838288177329	
    Magnitude of b:	9.8840285123276	

	
    Current index:	119501	
    Magnitude of W_grad:	37.754935866267	
    Magnitude of W:	180017.31136383	
    Magnitude of B_grad:	0.10887305924863	
    Magnitude of b:	9.9917005835982	

	
    Current index:	129501	
    Magnitude of W_grad:	33.681601022789	
    Magnitude of W:	179993.43354087	
    Magnitude of B_grad:	0.037313030074359	
    Magnitude of b:	9.9340024359629	

	
    Current index:	139501	
    Magnitude of W_grad:	27.722838474583	
    Magnitude of W:	179970.58113992	
    Magnitude of B_grad:	0.12139805401376	
    Magnitude of b:	10.084866307093	

	
SGD: Loss is	
	LOSS:Calculated softmax res	
416997.99360083	
SGD: crossEntropyLoss is	
416997.99360083	
SGD: Validation Accuracy is:	
0.32697547683924	
SGD: Magnitude of W:	
179954.67004858	
SGD: Magnitude of b:	
9.6028478608125	
    Current index:	9501	
    Magnitude of W_grad:	27.848147762132	
    Magnitude of W:	179933.33945135	
    Magnitude of B_grad:	0.24088384080559	
    Magnitude of b:	9.4366079875711	

	
    Current index:	19501	
    Magnitude of W_grad:	25.187531369289	
    Magnitude of W:	179911.94725119	
    Magnitude of B_grad:	0.16830472948566	
    Magnitude of b:	9.3165221531893	

	
    Current index:	29501	
    Magnitude of W_grad:	21.84681042523	
    Magnitude of W:	179888.39665228	
    Magnitude of B_grad:	0.18501277724517	
    Magnitude of b:	9.4952068680642	

	
    Current index:	39501	
    Magnitude of W_grad:	33.75090833777	
    Magnitude of W:	179866.78493778	
    Magnitude of B_grad:	0.12004696657551	
    Magnitude of b:	9.6179305528058	

	
    Current index:	49501	
    Magnitude of W_grad:	27.434890840452	
    Magnitude of W:	179844.44836008	
    Magnitude of B_grad:	0.090445179226468	
    Magnitude of b:	9.5451931446684	

	
    Current index:	59501	
    Magnitude of W_grad:	26.061288003275	
    Magnitude of W:	179822.01102458	
    Magnitude of B_grad:	0.050036614326843	
    Magnitude of b:	9.9041884964862	

	
    Current index:	69501	
    Magnitude of W_grad:	28.393655730865	
    Magnitude of W:	179799.34405436	
    Magnitude of B_grad:	0.095762923744953	
    Magnitude of b:	9.9794402497616	

	
    Current index:	79501	
    Magnitude of W_grad:	27.483787953157	
    Magnitude of W:	179775.98605894	
    Magnitude of B_grad:	0.17634923393708	
    Magnitude of b:	9.8383450128397	

	
    Current index:	89501	
    Magnitude of W_grad:	37.086090885192	
    Magnitude of W:	179752.75345826	
    Magnitude of B_grad:	0.043698379679229	
    Magnitude of b:	9.5993504757937	

	
    Current index:	99501	
    Magnitude of W_grad:	27.244328678613	
    Magnitude of W:	179729.60506834	
    Magnitude of B_grad:	0.13716539890527	
    Magnitude of b:	9.7918625438453	

	
    Current index:	109501	
    Magnitude of W_grad:	34.44510463373	
    Magnitude of W:	179706.66345386	
    Magnitude of B_grad:	0.30830146772103	
    Magnitude of b:	9.8046636871872	

	
    Current index:	119501	
    Magnitude of W_grad:	36.757623704769	
    Magnitude of W:	179682.48953273	
    Magnitude of B_grad:	0.10833275925409	
    Magnitude of b:	9.9145965235386	

	
    Current index:	129501	
    Magnitude of W_grad:	33.188097834867	
    Magnitude of W:	179659.1105625	
    Magnitude of B_grad:	0.039925589661344	
    Magnitude of b:	9.8550074020812	

	
    Current index:	139501	
    Magnitude of W_grad:	27.158273464598	
    Magnitude of W:	179636.72202563	
    Magnitude of B_grad:	0.12224318642044	
    Magnitude of b:	10.009014701784	

	
SGD: Loss is	
	LOSS:Calculated softmax res	
406994.01588718	
SGD: crossEntropyLoss is	
406994.01588718	
SGD: Validation Accuracy is:	
0.32970027247956	
SGD: Magnitude of W:	
179621.14188396	
SGD: Magnitude of b:	
9.5267032508871	
    Current index:	9501	
    Magnitude of W_grad:	27.465566763675	
    Magnitude of W:	179600.02844241	
    Magnitude of B_grad:	0.23704949766338	
    Magnitude of b:	9.3602277940791	

	
    Current index:	19501	
    Magnitude of W_grad:	24.550680206354	
    Magnitude of W:	179579.14856991	
    Magnitude of B_grad:	0.15945673386483	
    Magnitude of b:	9.2418069561001	

	
    Current index:	29501	
    Magnitude of W_grad:	21.243655760696	
    Magnitude of W:	179556.15891887	
    Magnitude of B_grad:	0.18438621286752	
    Magnitude of b:	9.4141737242248	

	
    Current index:	39501	
    Magnitude of W_grad:	33.451180402032	
    Magnitude of W:	179535.03458935	
    Magnitude of B_grad:	0.11731899213782	
    Magnitude of b:	9.5383325693924	

	
    Current index:	49501	
    Magnitude of W_grad:	26.630771339947	
    Magnitude of W:	179513.16046836	
    Magnitude of B_grad:	0.089957841324044	
    Magnitude of b:	9.4678306769037	

	
    Current index:	59501	
    Magnitude of W_grad:	25.655666900373	
    Magnitude of W:	179491.2859651	
    Magnitude of B_grad:	0.046912386853425	
    Magnitude of b:	9.830812101883	

	
    Current index:	69501	
    Magnitude of W_grad:	28.02905419893	
    Magnitude of W:	179469.08668089	
    Magnitude of B_grad:	0.096197755638382	
    Magnitude of b:	9.9045726674831	

	
    Current index:	79501	
    Magnitude of W_grad:	26.956703239831	
    Magnitude of W:	179446.38237087	
    Magnitude of B_grad:	0.17238356945596	
    Magnitude of b:	9.7578988341893	

	
    Current index:	89501	
    Magnitude of W_grad:	36.536508304881	
    Magnitude of W:	179423.9113084	
    Magnitude of B_grad:	0.039537358436153	
    Magnitude of b:	9.5222337675672	

	
    Current index:	99501	
    Magnitude of W_grad:	26.958317814616	
    Magnitude of W:	179401.32685585	
    Magnitude of B_grad:	0.12943521086067	
    Magnitude of b:	9.7174227024012	

	
    Current index:	109501	
    Magnitude of W_grad:	34.052359916834	
    Magnitude of W:	179378.95634669	
    Magnitude of B_grad:	0.30812421442447	
    Magnitude of b:	9.7294981973623	

	
    Current index:	119501	
    Magnitude of W_grad:	35.812504633724	
    Magnitude of W:	179355.23946884	
    Magnitude of B_grad:	0.10663009561775	
    Magnitude of b:	9.8415057778811	

	
    Current index:	129501	
    Magnitude of W_grad:	32.692091689164	
    Magnitude of W:	179332.38215074	
    Magnitude of B_grad:	0.043070982704536	
    Magnitude of b:	9.7802949394685	

	
    Current index:	139501	
    Magnitude of W_grad:	26.599290872806	
    Magnitude of W:	179310.49571923	
    Magnitude of B_grad:	0.12268846696693	
    Magnitude of b:	9.9358394482474	

	
SGD: Loss is	
	LOSS:Calculated softmax res	
397943.14076655	
SGD: crossEntropyLoss is	
397943.14076655	
SGD: Validation Accuracy is:	
0.33151680290645	
SGD: Magnitude of W:	
179295.12858738	
SGD: Magnitude of b:	
9.4538537529179	
    Current index:	9501	
    Magnitude of W_grad:	27.067859030628	
    Magnitude of W:	179274.30793224	
    Magnitude of B_grad:	0.23365977227049	
    Magnitude of b:	9.2877076656362	

	
    Current index:	19501	
    Magnitude of W_grad:	23.985065626823	
    Magnitude of W:	179253.86685895	
    Magnitude of B_grad:	0.1507115680721	
    Magnitude of b:	9.1710412011237	

	
    Current index:	29501	
    Magnitude of W_grad:	20.652630091048	
    Magnitude of W:	179231.34827517	
    Magnitude of B_grad:	0.18337076580722	
    Magnitude of b:	9.3370262135764	

	
    Current index:	39501	
    Magnitude of W_grad:	33.095978162928	
    Magnitude of W:	179210.82024348	
    Magnitude of B_grad:	0.1155526784953	
    Magnitude of b:	9.4630150019498	

	
    Current index:	49501	
    Magnitude of W_grad:	25.90419001976	
    Magnitude of W:	179189.43577043	
    Magnitude of B_grad:	0.089336666753795	
    Magnitude of b:	9.3932847650409	

	
    Current index:	59501	
    Magnitude of W_grad:	25.252486310004	
    Magnitude of W:	179167.94435387	
    Magnitude of B_grad:	0.044060240907365	
    Magnitude of b:	9.7596287969982	

	
    Current index:	69501	
    Magnitude of W_grad:	27.715719864428	
    Magnitude of W:	179146.07134454	
    Magnitude of B_grad:	0.096274066410689	
    Magnitude of b:	9.8333970692312	

	
    Current index:	79501	
    Magnitude of W_grad:	26.487884169442	
    Magnitude of W:	179123.74514787	
    Magnitude of B_grad:	0.16927619595698	
    Magnitude of b:	9.6816679441172	

	
    Current index:	89501	
    Magnitude of W_grad:	35.913640174743	
    Magnitude of W:	179102.01338008	
    Magnitude of B_grad:	0.035157676035597	
    Magnitude of b:	9.4492989300619	

	
    Current index:	99501	
    Magnitude of W_grad:	26.73646434707	
    Magnitude of W:	179079.95121091	
    Magnitude of B_grad:	0.12216313984279	
    Magnitude of b:	9.6465920399791	

	
    Current index:	109501	
    Magnitude of W_grad:	33.668369051149	
    Magnitude of W:	179058.07570789	
    Magnitude of B_grad:	0.30781278053693	
    Magnitude of b:	9.658681328557	

	
    Current index:	119501	
    Magnitude of W_grad:	34.933264395214	
    Magnitude of W:	179034.79698786	
    Magnitude of B_grad:	0.10405034152823	
    Magnitude of b:	9.7728752718704	

	
    Current index:	129501	
    Magnitude of W_grad:	32.251685343678	
    Magnitude of W:	179012.39898904	
    Magnitude of B_grad:	0.046209432491658	
    Magnitude of b:	9.7106036251523	

	
    Current index:	139501	
    Magnitude of W_grad:	26.058162041433	
    Magnitude of W:	178990.96063818	
    Magnitude of B_grad:	0.12298426471249	
    Magnitude of b:	9.8662708744786	

	
SGD: Loss is	
	LOSS:Calculated softmax res	
389714.31764269	
SGD: crossEntropyLoss is	
389714.31764269	
SGD: Validation Accuracy is:	
0.33151680290645	
SGD: Magnitude of W:	
178975.81949087	
SGD: Magnitude of b:	
9.3851246166844	
    Current index:	9501	
    Magnitude of W_grad:	26.648410830509	
    Magnitude of W:	178955.31349796	
    Magnitude of B_grad:	0.23053770184107	
    Magnitude of b:	9.2196533099815	

	
    Current index:	19501	
    Magnitude of W_grad:	23.483194551491	
    Magnitude of W:	178935.2403523	
    Magnitude of B_grad:	0.14226908980246	
    Magnitude of b:	9.1048948534075	

	
    Current index:	29501	
    Magnitude of W_grad:	20.07609603899	
    Magnitude of W:	178913.18477823	
    Magnitude of B_grad:	0.18162558307253	
    Magnitude of b:	9.2645483925798	

	
    Current index:	39501	
    Magnitude of W_grad:	32.673751229218	
    Magnitude of W:	178893.01212514	
    Magnitude of B_grad:	0.11455795567234	
    Magnitude of b:	9.3929765645233	

	
    Current index:	49501	
    Magnitude of W_grad:	25.239908832304	
    Magnitude of W:	178872.10421528	
    Magnitude of B_grad:	0.088636617167521	
    Magnitude of b:	9.3229379900385	

	
    Current index:	59501	
    Magnitude of W_grad:	24.835000389692	
    Magnitude of W:	178851.06560698	
    Magnitude of B_grad:	0.04145324859222	
    Magnitude of b:	9.6916119609251	

	
    Current index:	69501	
    Magnitude of W_grad:	27.443378073275	
    Magnitude of W:	178829.54837135	
    Magnitude of B_grad:	0.095930628607236	
    Magnitude of b:	9.7664987219321	

	
    Current index:	79501	
    Magnitude of W_grad:	26.070485973245	
    Magnitude of W:	178807.74295497	
    Magnitude of B_grad:	0.16695495092836	
    Magnitude of b:	9.6102166467671	

	
    Current index:	89501	
    Magnitude of W_grad:	35.281218432785	
    Magnitude of W:	178786.50571605	
    Magnitude of B_grad:	0.03075717459271	
    Magnitude of b:	9.3812671696848	

	
    Current index:	99501	
    Magnitude of W_grad:	26.543385346922	
    Magnitude of W:	178764.81295796	
    Magnitude of B_grad:	0.11545717951094	
    Magnitude of b:	9.5800282838778	

	
    Current index:	109501	
    Magnitude of W_grad:	33.326090089428	
    Magnitude of W:	178743.29113708	
    Magnitude of B_grad:	0.30733121758208	
    Magnitude of b:	9.5924496458325	

	
    Current index:	119501	
    Magnitude of W_grad:	34.109849289649	
    Magnitude of W:	178720.27851587	
    Magnitude of B_grad:	0.10104680448814	
    Magnitude of b:	9.7090346066392	

	
    Current index:	129501	
    Magnitude of W_grad:	31.829594770484	
    Magnitude of W:	178698.41422742	
    Magnitude of B_grad:	0.049101278835966	
    Magnitude of b:	9.6461814378173	

	
    Current index:	139501	
    Magnitude of W_grad:	25.541549235756	
    Magnitude of W:	178677.41367219	
    Magnitude of B_grad:	0.12373982207607	
    Magnitude of b:	9.8010762599708	

	
Done.	
Testing on validation set...	
Done	
Datafile:	/n/home09/ankitgupta/CS287/HW1/SST1-uni-sent-syns.hdf5	Classifier:	lr	Alpha:	0	Eta:	0.5	Lambda:	1	Minibatch size:	500	Num Epochs:	15	Minimum Sentence Length:	5	
Accuracy:	0.32970027247956	
