[?1034hDatafile:	/n/home09/ankitgupta/CS287/HW1/SST1-uni-sent-syns.hdf5	Classifier:	lr	Alpha:	0	Eta:	0.5	Lambda:	5	Minibatch size:	500	Num Epochs:	15	Minimum Sentence Length:	5	
Note that not all parameters may apply to all classifiers	
Loading datafiles...	
Number of training samples before removing small sentences	156817	
Number of training samples after removing small sentences	146614	
Done.	
Training classifier...	
SGD: Loss is	
	LOSS:Calculated softmax res	
1866105.8817045	
SGD: crossEntropyLoss is	
1866105.8817045	
SGD: Validation Accuracy is:	
0.17257039055404	
SGD: Magnitude of W:	
184374.12864392	
SGD: Magnitude of b:	
4.0651401031152	
    Current index:	9501	
    Magnitude of W_grad:	50.069604345216	
    Magnitude of W:	184264.05038504	
    Magnitude of B_grad:	0.35151947387853	
    Magnitude of b:	2.439819642455	

	
    Current index:	19501	
    Magnitude of W_grad:	45.299244734937	
    Magnitude of W:	184160.04261779	
    Magnitude of B_grad:	0.24910652113917	
    Magnitude of b:	4.6173721619518	

	
    Current index:	29501	
    Magnitude of W_grad:	39.989616127154	
    Magnitude of W:	184058.17777327	
    Magnitude of B_grad:	0.19823561131169	
    Magnitude of b:	5.651946455227	

	
    Current index:	39501	
    Magnitude of W_grad:	41.990427806676	
    Magnitude of W:	183960.57735675	
    Magnitude of B_grad:	0.2572612046836	
    Magnitude of b:	6.4601189346302	

	
    Current index:	49501	
    Magnitude of W_grad:	36.568069119928	
    Magnitude of W:	183863.97575352	
    Magnitude of B_grad:	0.21722563788644	
    Magnitude of b:	7.0970633235021	

	
    Current index:	59501	
    Magnitude of W_grad:	40.114606383392	
    Magnitude of W:	183770.52631503	
    Magnitude of B_grad:	0.062938876086832	
    Magnitude of b:	7.7510085550425	

	
    Current index:	69501	
    Magnitude of W_grad:	45.887759927087	
    Magnitude of W:	183675.73431799	
    Magnitude of B_grad:	0.29426747779407	
    Magnitude of b:	8.3525537580752	

	
    Current index:	79501	
    Magnitude of W_grad:	51.16613530861	
    Magnitude of W:	183580.59673255	
    Magnitude of B_grad:	0.6003251598224	
    Magnitude of b:	8.0135959529223	

	
    Current index:	89501	
    Magnitude of W_grad:	55.948066335532	
    Magnitude of W:	183484.16087038	
    Magnitude of B_grad:	0.2577361985311	
    Magnitude of b:	7.7613473180596	

	
    Current index:	99501	
    Magnitude of W_grad:	45.46101981729	
    Magnitude of W:	183385.98762788	
    Magnitude of B_grad:	0.24588546277142	
    Magnitude of b:	8.1667137061915	

	
    Current index:	109501	
    Magnitude of W_grad:	40.599719775099	
    Magnitude of W:	183293.5456587	
    Magnitude of B_grad:	0.23158527126652	
    Magnitude of b:	8.368992164961	

	
    Current index:	119501	
    Magnitude of W_grad:	54.222441536834	
    Magnitude of W:	183199.12347478	
    Magnitude of B_grad:	0.1929809621259	
    Magnitude of b:	8.5953666446805	

	
    Current index:	129501	
    Magnitude of W_grad:	47.741064486041	
    Magnitude of W:	183107.05467567	
    Magnitude of B_grad:	0.18384983449328	
    Magnitude of b:	8.5311641725437	

	
    Current index:	139501	
    Magnitude of W_grad:	29.73419621963	
    Magnitude of W:	183014.56646424	
    Magnitude of B_grad:	0.14688934202743	
    Magnitude of b:	9.0064631510321	

	
SGD: Loss is	
	LOSS:Calculated softmax res	
1203585.7857863	
SGD: crossEntropyLoss is	
1203585.7857863	
SGD: Validation Accuracy is:	
0.25249772933697	
SGD: Magnitude of W:	
182953.31025915	
SGD: Magnitude of b:	
8.4116417623691	
    Current index:	9501	
    Magnitude of W_grad:	45.2083724215	
    Magnitude of W:	182865.98775835	
    Magnitude of B_grad:	0.30503742906089	
    Magnitude of b:	8.3001590426236	

	
    Current index:	19501	
    Magnitude of W_grad:	43.103633213075	
    Magnitude of W:	182778.37572544	
    Magnitude of B_grad:	0.23992369622938	
    Magnitude of b:	8.2808132744004	

	
    Current index:	29501	
    Magnitude of W_grad:	34.842456897684	
    Magnitude of W:	182689.93752875	
    Magnitude of B_grad:	0.095880311223737	
    Magnitude of b:	8.2385542462702	

	
    Current index:	39501	
    Magnitude of W_grad:	41.760928937224	
    Magnitude of W:	182601.95578936	
    Magnitude of B_grad:	0.2340733696707	
    Magnitude of b:	8.4937965720597	

	
    Current index:	49501	
    Magnitude of W_grad:	36.742765779443	
    Magnitude of W:	182513.75898651	
    Magnitude of B_grad:	0.20175243826707	
    Magnitude of b:	8.6600481351835	

	
    Current index:	59501	
    Magnitude of W_grad:	40.931634513118	
    Magnitude of W:	182428.49178748	
    Magnitude of B_grad:	0.065456232717505	
    Magnitude of b:	9.0117132798375	

	
    Current index:	69501	
    Magnitude of W_grad:	38.40885034487	
    Magnitude of W:	182340.93962576	
    Magnitude of B_grad:	0.19278489776615	
    Magnitude of b:	9.3599614221449	

	
    Current index:	79501	
    Magnitude of W_grad:	45.153707287589	
    Magnitude of W:	182253.80363433	
    Magnitude of B_grad:	0.48767137837048	
    Magnitude of b:	9.4330045040422	

	
    Current index:	89501	
    Magnitude of W_grad:	51.400364624615	
    Magnitude of W:	182166.70279382	
    Magnitude of B_grad:	0.23541982165947	
    Magnitude of b:	9.1041576116709	

	
    Current index:	99501	
    Magnitude of W_grad:	41.234413537322	
    Magnitude of W:	182078.84702663	
    Magnitude of B_grad:	0.18224421444754	
    Magnitude of b:	9.3498961651264	

	
    Current index:	109501	
    Magnitude of W_grad:	40.085901080075	
    Magnitude of W:	181994.21426199	
    Magnitude of B_grad:	0.24275071928976	
    Magnitude of b:	9.4200640830471	

	
    Current index:	119501	
    Magnitude of W_grad:	47.449368162523	
    Magnitude of W:	181907.63545642	
    Magnitude of B_grad:	0.18140423410444	
    Magnitude of b:	9.5846432664783	

	
    Current index:	129501	
    Magnitude of W_grad:	44.336368597081	
    Magnitude of W:	181821.58148327	
    Magnitude of B_grad:	0.17660659275735	
    Magnitude of b:	9.4642632146123	

	
    Current index:	139501	
    Magnitude of W_grad:	30.245913861794	
    Magnitude of W:	181735.59208563	
    Magnitude of B_grad:	0.14360353444499	
    Magnitude of b:	9.8790700720059	

	
SGD: Loss is	
	LOSS:Calculated softmax res	
1090557.4879308	
SGD: crossEntropyLoss is	
1090557.4879308	
SGD: Validation Accuracy is:	
0.28156221616712	
SGD: Magnitude of W:	
181677.64275954	
SGD: Magnitude of b:	
9.2456758613694	
    Current index:	9501	
    Magnitude of W_grad:	42.063444770046	
    Magnitude of W:	181594.70640124	
    Magnitude of B_grad:	0.26271390085919	
    Magnitude of b:	9.0878642007992	

	
    Current index:	19501	
    Magnitude of W_grad:	40.814870288523	
    Magnitude of W:	181512.49542405	
    Magnitude of B_grad:	0.25732649270201	
    Magnitude of b:	9.0169806575991	

	
    Current index:	29501	
    Magnitude of W_grad:	32.201020922655	
    Magnitude of W:	181429.32923374	
    Magnitude of B_grad:	0.07342844798194	
    Magnitude of b:	8.9705225873333	

	
    Current index:	39501	
    Magnitude of W_grad:	38.56632997825	
    Magnitude of W:	181346.36998152	
    Magnitude of B_grad:	0.23307567362954	
    Magnitude of b:	9.1959658973713	

	
    Current index:	49501	
    Magnitude of W_grad:	36.064454678675	
    Magnitude of W:	181262.93879868	
    Magnitude of B_grad:	0.17530539868208	
    Magnitude of b:	9.2954028053139	

	
    Current index:	59501	
    Magnitude of W_grad:	39.131648487669	
    Magnitude of W:	181181.89520573	
    Magnitude of B_grad:	0.071901271234457	
    Magnitude of b:	9.4822114952059	

	
    Current index:	69501	
    Magnitude of W_grad:	39.00624792939	
    Magnitude of W:	181098.43240903	
    Magnitude of B_grad:	0.15882691984853	
    Magnitude of b:	9.9241118031087	

	
    Current index:	79501	
    Magnitude of W_grad:	43.850285488903	
    Magnitude of W:	181015.27894687	
    Magnitude of B_grad:	0.41831176227475	
    Magnitude of b:	9.9145451628497	

	
    Current index:	89501	
    Magnitude of W_grad:	47.652460085851	
    Magnitude of W:	180932.73197231	
    Magnitude of B_grad:	0.20398414085711	
    Magnitude of b:	9.5723985438178	

	
    Current index:	99501	
    Magnitude of W_grad:	40.749007679329	
    Magnitude of W:	180848.84622331	
    Magnitude of B_grad:	0.16633971108626	
    Magnitude of b:	9.7642669088495	

	
    Current index:	109501	
    Magnitude of W_grad:	37.748730467761	
    Magnitude of W:	180767.21430646	
    Magnitude of B_grad:	0.23888790464345	
    Magnitude of b:	9.8482266468627	

	
    Current index:	119501	
    Magnitude of W_grad:	44.077711412815	
    Magnitude of W:	180684.29741637	
    Magnitude of B_grad:	0.15702684681991	
    Magnitude of b:	10.021154162718	

	
    Current index:	129501	
    Magnitude of W_grad:	43.12149317409	
    Magnitude of W:	180602.19954812	
    Magnitude of B_grad:	0.17599883706329	
    Magnitude of b:	9.8932707212455	

	
    Current index:	139501	
    Magnitude of W_grad:	30.608525901786	
    Magnitude of W:	180520.26367316	
    Magnitude of B_grad:	0.15042824239229	
    Magnitude of b:	10.279060620968	

	
SGD: Loss is	
	LOSS:Calculated softmax res	
1021626.9120441	
SGD: crossEntropyLoss is	
1021626.9120441	
SGD: Validation Accuracy is:	
0.28337874659401	
SGD: Magnitude of W:	
180464.73126414	
SGD: Magnitude of b:	
9.6304855753986	
    Current index:	9501	
    Magnitude of W_grad:	38.763567686856	
    Magnitude of W:	180385.70269029	
    Magnitude of B_grad:	0.25049367116788	
    Magnitude of b:	9.4512302948617	

	
    Current index:	19501	
    Magnitude of W_grad:	39.664185900416	
    Magnitude of W:	180307.27155231	
    Magnitude of B_grad:	0.25754345292345	
    Magnitude of b:	9.3907806097838	

	
    Current index:	29501	
    Magnitude of W_grad:	31.638833809003	
    Magnitude of W:	180227.24467236	
    Magnitude of B_grad:	0.075270575823194	
    Magnitude of b:	9.3563902195014	

	
    Current index:	39501	
    Magnitude of W_grad:	35.39177550358	
    Magnitude of W:	180147.34947253	
    Magnitude of B_grad:	0.21209393776845	
    Magnitude of b:	9.5512052855014	

	
    Current index:	49501	
    Magnitude of W_grad:	35.874061853095	
    Magnitude of W:	180067.27597209	
    Magnitude of B_grad:	0.1399401938533	
    Magnitude of b:	9.6250023207598	

	
    Current index:	59501	
    Magnitude of W_grad:	38.581084494759	
    Magnitude of W:	179988.93565359	
    Magnitude of B_grad:	0.070468811882065	
    Magnitude of b:	9.8169675203095	

	
    Current index:	69501	
    Magnitude of W_grad:	38.304520820326	
    Magnitude of W:	179908.58958736	
    Magnitude of B_grad:	0.14198406289365	
    Magnitude of b:	10.204174870436	

	
    Current index:	79501	
    Magnitude of W_grad:	42.974282773385	
    Magnitude of W:	179828.2198341	
    Magnitude of B_grad:	0.38986224896079	
    Magnitude of b:	10.14675676619	

	
    Current index:	89501	
    Magnitude of W_grad:	45.313065747651	
    Magnitude of W:	179748.88383509	
    Magnitude of B_grad:	0.1771151315505	
    Magnitude of b:	9.8201906159264	

	
    Current index:	99501	
    Magnitude of W_grad:	39.35586043474	
    Magnitude of W:	179668.15788633	
    Magnitude of B_grad:	0.15955213722763	
    Magnitude of b:	10.00971567922	

	
    Current index:	109501	
    Magnitude of W_grad:	35.491984293303	
    Magnitude of W:	179588.82710681	
    Magnitude of B_grad:	0.22443215150476	
    Magnitude of b:	10.087138188578	

	
    Current index:	119501	
    Magnitude of W_grad:	41.671780033308	
    Magnitude of W:	179508.78889825	
    Magnitude of B_grad:	0.12390278815532	
    Magnitude of b:	10.270858737783	

	
    Current index:	129501	
    Magnitude of W_grad:	42.292527157981	
    Magnitude of W:	179429.64897159	
    Magnitude of B_grad:	0.16789240772963	
    Magnitude of b:	10.13704331656	

	
    Current index:	139501	
    Magnitude of W_grad:	30.481922445125	
    Magnitude of W:	179349.97109933	
    Magnitude of B_grad:	0.15273317136545	
    Magnitude of b:	10.481537401919	

	
SGD: Loss is	
	LOSS:Calculated softmax res	
972317.22539156	
SGD: crossEntropyLoss is	
972317.22539156	
SGD: Validation Accuracy is:	
0.29246139872843	
SGD: Magnitude of W:	
179296.33919073	
SGD: Magnitude of b:	
9.8487781366726	
    Current index:	9501	
    Magnitude of W_grad:	35.490197042756	
    Magnitude of W:	179220.20299503	
    Magnitude of B_grad:	0.24809006639293	
    Magnitude of b:	9.6386552774559	

	
    Current index:	19501	
    Magnitude of W_grad:	38.828170828445	
    Magnitude of W:	179143.90256449	
    Magnitude of B_grad:	0.25256168367606	
    Magnitude of b:	9.5977857430573	

	
    Current index:	29501	
    Magnitude of W_grad:	31.593886337048	
    Magnitude of W:	179066.18072298	
    Magnitude of B_grad:	0.077835753774735	
    Magnitude of b:	9.5857390536984	

	
    Current index:	39501	
    Magnitude of W_grad:	33.183531854194	
    Magnitude of W:	178988.66315423	
    Magnitude of B_grad:	0.19532988971489	
    Magnitude of b:	9.7470608377018	

	
    Current index:	49501	
    Magnitude of W_grad:	34.633825131171	
    Magnitude of W:	178911.03783454	
    Magnitude of B_grad:	0.11634534417308	
    Magnitude of b:	9.7976343783095	

	
    Current index:	59501	
    Magnitude of W_grad:	37.510481080073	
    Magnitude of W:	178835.08261019	
    Magnitude of B_grad:	0.054975139297455	
    Magnitude of b:	9.9969080910188	

	
    Current index:	69501	
    Magnitude of W_grad:	37.526989766737	
    Magnitude of W:	178757.30940939	
    Magnitude of B_grad:	0.13294797787271	
    Magnitude of b:	10.348073921603	

	
    Current index:	79501	
    Magnitude of W_grad:	42.138421116241	
    Magnitude of W:	178679.27313913	
    Magnitude of B_grad:	0.37136220219162	
    Magnitude of b:	10.272676318453	

	
    Current index:	89501	
    Magnitude of W_grad:	43.105014773964	
    Magnitude of W:	178602.50054494	
    Magnitude of B_grad:	0.15694530243899	
    Magnitude of b:	9.9614510927842	

	
    Current index:	99501	
    Magnitude of W_grad:	37.657057108088	
    Magnitude of W:	178524.25800134	
    Magnitude of B_grad:	0.14198582231651	
    Magnitude of b:	10.155082340585	

	
    Current index:	109501	
    Magnitude of W_grad:	33.926712990516	
    Magnitude of W:	178446.91774199	
    Magnitude of B_grad:	0.2137549251964	
    Magnitude of b:	10.211794467047	

	
    Current index:	119501	
    Magnitude of W_grad:	39.700380190804	
    Magnitude of W:	178369.09272026	
    Magnitude of B_grad:	0.090593761162859	
    Magnitude of b:	10.403670582979	

	
    Current index:	129501	
    Magnitude of W_grad:	41.066362574588	
    Magnitude of W:	178292.39358999	
    Magnitude of B_grad:	0.15437639532337	
    Magnitude of b:	10.266290514717	

	
    Current index:	139501	
    Magnitude of W_grad:	30.71668272288	
    Magnitude of W:	178214.83246431	
    Magnitude of B_grad:	0.15366231419535	
    Magnitude of b:	10.57263620062	

	
SGD: Loss is	
	LOSS:Calculated softmax res	
933810.92328773	
SGD: crossEntropyLoss is	
933810.92328773	
SGD: Validation Accuracy is:	
0.29155313351499	
SGD: Magnitude of W:	
178162.6718043	
SGD: Magnitude of b:	
9.9596447244265	
    Current index:	9501	
    Magnitude of W_grad:	33.876742575104	
    Magnitude of W:	178088.6559649	
    Magnitude of B_grad:	0.24985199973793	
    Magnitude of b:	9.7283992329414	

	
    Current index:	19501	
    Magnitude of W_grad:	37.758699777426	
    Magnitude of W:	178014.17096646	
    Magnitude of B_grad:	0.24851108146313	
    Magnitude of b:	9.7018757384926	

	
    Current index:	29501	
    Magnitude of W_grad:	31.617720658248	
    Magnitude of W:	177938.06302023	
    Magnitude of B_grad:	0.078669955228587	
    Magnitude of b:	9.7113299166797	

	
    Current index:	39501	
    Magnitude of W_grad:	31.857009581097	
    Magnitude of W:	177862.41931054	
    Magnitude of B_grad:	0.18483281236763	
    Magnitude of b:	9.852964656971	

	
    Current index:	49501	
    Magnitude of W_grad:	33.079046338519	
    Magnitude of W:	177786.82869552	
    Magnitude of B_grad:	0.10038544059847	
    Magnitude of b:	9.8858217933793	

	
    Current index:	59501	
    Magnitude of W_grad:	36.410909708677	
    Magnitude of W:	177712.80722803	
    Magnitude of B_grad:	0.037631885552788	
    Magnitude of b:	10.091801547569	

	
    Current index:	69501	
    Magnitude of W_grad:	36.972055472286	
    Magnitude of W:	177636.64456917	
    Magnitude of B_grad:	0.12667832702035	
    Magnitude of b:	10.418512857135	

	
    Current index:	79501	
    Magnitude of W_grad:	41.34494048512	
    Magnitude of W:	177560.36626858	
    Magnitude of B_grad:	0.35487843260671	
    Magnitude of b:	10.339573312318	

	
    Current index:	89501	
    Magnitude of W_grad:	41.701698605758	
    Magnitude of W:	177485.54141701	
    Magnitude of B_grad:	0.14260055195867	
    Magnitude of b:	10.039777855051	

	
    Current index:	99501	
    Magnitude of W_grad:	35.873027209098	
    Magnitude of W:	177409.56471613	
    Magnitude of B_grad:	0.11879831403039	
    Magnitude of b:	10.231076215053	

	
    Current index:	109501	
    Magnitude of W_grad:	32.795421905529	
    Magnitude of W:	177334.24683465	
    Magnitude of B_grad:	0.20537412747089	
    Magnitude of b:	10.264587923622	

	
    Current index:	119501	
    Magnitude of W_grad:	38.020081685429	
    Magnitude of W:	177258.17062885	
    Magnitude of B_grad:	0.069411489912565	
    Magnitude of b:	10.457509438758	

	
    Current index:	129501	
    Magnitude of W_grad:	39.478486210229	
    Magnitude of W:	177183.48415474	
    Magnitude of B_grad:	0.13837588637501	
    Magnitude of b:	10.317441275705	

	
    Current index:	139501	
    Magnitude of W_grad:	30.980184024554	
    Magnitude of W:	177108.22463847	
    Magnitude of B_grad:	0.1544318421815	
    Magnitude of b:	10.592251769145	

	
SGD: Loss is	
	LOSS:Calculated softmax res	
902312.49958737	
SGD: crossEntropyLoss is	
902312.49958737	
SGD: Validation Accuracy is:	
0.30517711171662	
SGD: Magnitude of W:	
177057.22454983	
SGD: Magnitude of b:	
9.9974153641108	
    Current index:	9501	
    Magnitude of W_grad:	32.906766080992	
    Magnitude of W:	176984.44783303	
    Magnitude of B_grad:	0.24671300899955	
    Magnitude of b:	9.757416471588	

	
    Current index:	19501	
    Magnitude of W_grad:	36.487055431868	
    Magnitude of W:	176911.38010108	
    Magnitude of B_grad:	0.24614495538114	
    Magnitude of b:	9.7414395472357	

	
    Current index:	29501	
    Magnitude of W_grad:	31.239826296894	
    Magnitude of W:	176836.93846446	
    Magnitude of B_grad:	0.077566974461949	
    Magnitude of b:	9.7702271234777	

	
    Current index:	39501	
    Magnitude of W_grad:	30.853067746544	
    Magnitude of W:	176762.92214418	
    Magnitude of B_grad:	0.17763962141045	
    Magnitude of b:	9.9013599520143	

	
    Current index:	49501	
    Magnitude of W_grad:	31.42244546911	
    Magnitude of W:	176688.59400767	
    Magnitude of B_grad:	0.089228152071402	
    Magnitude of b:	9.9206840176823	

	
    Current index:	59501	
    Magnitude of W_grad:	35.836151447876	
    Magnitude of W:	176615.93560952	
    Magnitude of B_grad:	0.028895822641148	
    Magnitude of b:	10.130723390346	

	
    Current index:	69501	
    Magnitude of W_grad:	36.523849893002	
    Magnitude of W:	176541.30479342	
    Magnitude of B_grad:	0.12267127241001	
    Magnitude of b:	10.44069252203	

	
    Current index:	79501	
    Magnitude of W_grad:	40.46807161731	
    Magnitude of W:	176467.02172912	
    Magnitude of B_grad:	0.33827572625869	
    Magnitude of b:	10.362074839506	

	
    Current index:	89501	
    Magnitude of W_grad:	40.750599213377	
    Magnitude of W:	176393.91859286	
    Magnitude of B_grad:	0.13305501713343	
    Magnitude of b:	10.072299368371	

	
    Current index:	99501	
    Magnitude of W_grad:	34.345919914618	
    Magnitude of W:	176319.43422032	
    Magnitude of B_grad:	0.099259878951683	
    Magnitude of b:	10.254960551783	

	
    Current index:	109501	
    Magnitude of W_grad:	31.852352887841	
    Magnitude of W:	176245.42589404	
    Magnitude of B_grad:	0.19687164540211	
    Magnitude of b:	10.268992223198	

	
    Current index:	119501	
    Magnitude of W_grad:	36.114687513848	
    Magnitude of W:	176170.95088423	
    Magnitude of B_grad:	0.06499097740197	
    Magnitude of b:	10.463632507499	

	
    Current index:	129501	
    Magnitude of W_grad:	37.890698699165	
    Magnitude of W:	176097.87488371	
    Magnitude of B_grad:	0.12524775443101	
    Magnitude of b:	10.320316546482	

	
    Current index:	139501	
    Magnitude of W_grad:	31.088780276153	
    Magnitude of W:	176024.10178805	
    Magnitude of B_grad:	0.15540416143596	
    Magnitude of b:	10.572271379432	

	
SGD: Loss is	
	LOSS:Calculated softmax res	
875495.72788425	
SGD: crossEntropyLoss is	
875495.72788425	
SGD: Validation Accuracy is:	
0.30336058128974	
SGD: Magnitude of W:	
175974.27038554	
SGD: Magnitude of b:	
9.9942658318242	
    Current index:	9501	
    Magnitude of W_grad:	32.144286428795	
    Magnitude of W:	175902.74610605	
    Magnitude of B_grad:	0.24091222285438	
    Magnitude of b:	9.7497158261114	

	
    Current index:	19501	
    Magnitude of W_grad:	35.228469627814	
    Magnitude of W:	175830.98884983	
    Magnitude of B_grad:	0.24287919998962	
    Magnitude of b:	9.7412055692036	

	
    Current index:	29501	
    Magnitude of W_grad:	30.500817356003	
    Magnitude of W:	175757.99595717	
    Magnitude of B_grad:	0.074687355749001	
    Magnitude of b:	9.7832099388556	

	
    Current index:	39501	
    Magnitude of W_grad:	30.127391027248	
    Magnitude of W:	175685.1523471	
    Magnitude of B_grad:	0.17259850296764	
    Magnitude of b:	9.9112829130545	

	
    Current index:	49501	
    Magnitude of W_grad:	29.893132122808	
    Magnitude of W:	175612.08755226	
    Magnitude of B_grad:	0.081055106660629	
    Magnitude of b:	9.9207944344404	

	
    Current index:	59501	
    Magnitude of W_grad:	35.312173486693	
    Magnitude of W:	175540.67582151	
    Magnitude of B_grad:	0.024182585130092	
    Magnitude of b:	10.131881255131	

	
    Current index:	69501	
    Magnitude of W_grad:	35.949561859958	
    Magnitude of W:	175467.38711143	
    Magnitude of B_grad:	0.12216448795479	
    Magnitude of b:	10.428364177534	

	
    Current index:	79501	
    Magnitude of W_grad:	39.522213438171	
    Magnitude of W:	175394.3705341	
    Magnitude of B_grad:	0.32147385276298	
    Magnitude of b:	10.351801419381	

	
    Current index:	89501	
    Magnitude of W_grad:	39.781093555307	
    Magnitude of W:	175322.43173868	
    Magnitude of B_grad:	0.12712108332493	
    Magnitude of b:	10.07038183909	

	
    Current index:	99501	
    Magnitude of W_grad:	33.25166449555	
    Magnitude of W:	175249.40813004	
    Magnitude of B_grad:	0.092030757883314	
    Magnitude of b:	10.242269776569	

	
    Current index:	109501	
    Magnitude of W_grad:	30.995401411466	
    Magnitude of W:	175176.57714083	
    Magnitude of B_grad:	0.18862232509545	
    Magnitude of b:	10.239993881386	

	
    Current index:	119501	
    Magnitude of W_grad:	34.514645363278	
    Magnitude of W:	175103.22871717	
    Magnitude of B_grad:	0.069072901034357	
    Magnitude of b:	10.438087649635	

	
    Current index:	129501	
    Magnitude of W_grad:	36.511160188194	
    Magnitude of W:	175031.47028798	
    Magnitude of B_grad:	0.1162819901239	
    Magnitude of b:	10.291502224779	

	
    Current index:	139501	
    Magnitude of W_grad:	30.911878704055	
    Magnitude of W:	174959.25810313	
    Magnitude of B_grad:	0.15552762424627	
    Magnitude of b:	10.526786248193	

	
SGD: Loss is	
	LOSS:Calculated softmax res	
852020.21427102	
SGD: crossEntropyLoss is	
852020.21427102	
SGD: Validation Accuracy is:	
0.2960944595822	
SGD: Magnitude of W:	
174910.15448552	
SGD: Magnitude of b:	
9.9652422027159	
    Current index:	9501	
    Magnitude of W_grad:	31.300407504509	
    Magnitude of W:	174839.78856065	
    Magnitude of B_grad:	0.23483936624932	
    Magnitude of b:	9.7176689253609	

	
    Current index:	19501	
    Magnitude of W_grad:	34.21085130385	
    Magnitude of W:	174769.24698538	
    Magnitude of B_grad:	0.23817252562042	
    Magnitude of b:	9.7131222550518	

	
    Current index:	29501	
    Magnitude of W_grad:	29.462925828977	
    Magnitude of W:	174697.69110436	
    Magnitude of B_grad:	0.070363739034431	
    Magnitude of b:	9.7626001003032	

	
    Current index:	39501	
    Magnitude of W_grad:	29.561132875424	
    Magnitude of W:	174626.28977165	
    Magnitude of B_grad:	0.1688785090138	
    Magnitude of b:	9.8921330608442	

	
    Current index:	49501	
    Magnitude of W_grad:	28.623196368547	
    Magnitude of W:	174554.43662006	
    Magnitude of B_grad:	0.074604463988324	
    Magnitude of b:	9.895071558248	

	
    Current index:	59501	
    Magnitude of W_grad:	34.598836397814	
    Magnitude of W:	174484.09706037	
    Magnitude of B_grad:	0.020186899553513	
    Magnitude of b:	10.106181134426	

	
    Current index:	69501	
    Magnitude of W_grad:	35.160189140393	
    Magnitude of W:	174412.05794567	
    Magnitude of B_grad:	0.1237819513151	
    Magnitude of b:	10.390224848693	

	
    Current index:	79501	
    Magnitude of W_grad:	38.563553009294	
    Magnitude of W:	174340.27568757	
    Magnitude of B_grad:	0.3056186110362	
    Magnitude of b:	10.3175856468	

	
    Current index:	89501	
    Magnitude of W_grad:	38.816868931419	
    Magnitude of W:	174269.2426607	
    Magnitude of B_grad:	0.12273017993548	
    Magnitude of b:	10.042966533038	

	
    Current index:	99501	
    Magnitude of W_grad:	32.447142964516	
    Magnitude of W:	174197.54719396	
    Magnitude of B_grad:	0.087088242322441	
    Magnitude of b:	10.204620285811	

	
    Current index:	109501	
    Magnitude of W_grad:	30.128942156043	
    Magnitude of W:	174126.0861593	
    Magnitude of B_grad:	0.18147400257808	
    Magnitude of b:	10.189410783751	

	
    Current index:	119501	
    Magnitude of W_grad:	33.429001162946	
    Magnitude of W:	174053.98419896	
    Magnitude of B_grad:	0.072595891067286	
    Magnitude of b:	10.390380544668	

	
    Current index:	129501	
    Magnitude of W_grad:	35.219677054007	
    Magnitude of W:	173983.3259835	
    Magnitude of B_grad:	0.10982896688521	
    Magnitude of b:	10.241351747952	

	
    Current index:	139501	
    Magnitude of W_grad:	30.5179855332	
    Magnitude of W:	173912.4319279	
    Magnitude of B_grad:	0.15444850273684	
    Magnitude of b:	10.462741533003	

	
SGD: Loss is	
	LOSS:Calculated softmax res	
831092.87302463	
SGD: crossEntropyLoss is	
831092.87302463	
SGD: Validation Accuracy is:	
0.29791099000908	
SGD: Magnitude of W:	
173864.11403894	
SGD: Magnitude of b:	
9.9174991843651	
    Current index:	9501	
    Magnitude of W_grad:	30.384524040796	
    Magnitude of W:	173794.65060994	
    Magnitude of B_grad:	0.22837673653317	
    Magnitude of b:	9.6690462722456	

	
    Current index:	19501	
    Magnitude of W_grad:	33.362664320151	
    Magnitude of W:	173725.35821652	
    Magnitude of B_grad:	0.23265215607322	
    Magnitude of b:	9.6655868191592	

	
    Current index:	29501	
    Magnitude of W_grad:	28.297767307315	
    Magnitude of W:	173654.9396879	
    Magnitude of B_grad:	0.073478190358074	
    Magnitude of b:	9.7185738822151	

	
    Current index:	39501	
    Magnitude of W_grad:	29.075981460149	
    Magnitude of W:	173584.69523971	
    Magnitude of B_grad:	0.16448794838306	
    Magnitude of b:	9.8509270393814	

	
    Current index:	49501	
    Magnitude of W_grad:	27.516645271008	
    Magnitude of W:	173513.81263422	
    Magnitude of B_grad:	0.068943544710083	
    Magnitude of b:	9.8504280785275	

	
    Current index:	59501	
    Magnitude of W_grad:	33.624621379072	
    Magnitude of W:	173444.52406043	
    Magnitude of B_grad:	0.020502490656982	
    Magnitude of b:	10.061359913525	

	
    Current index:	69501	
    Magnitude of W_grad:	34.177780157933	
    Magnitude of W:	173373.6341295	
    Magnitude of B_grad:	0.12441469876709	
    Magnitude of b:	10.333827135575	

	
    Current index:	79501	
    Magnitude of W_grad:	37.63345154326	
    Magnitude of W:	173302.9875236	
    Magnitude of B_grad:	0.29196694912836	
    Magnitude of b:	10.265602484454	

	
    Current index:	89501	
    Magnitude of W_grad:	37.919453369806	
    Magnitude of W:	173233.03967094	
    Magnitude of B_grad:	0.11924468777209	
    Magnitude of b:	9.9973745132125	

	
    Current index:	99501	
    Magnitude of W_grad:	31.742558092061	
    Magnitude of W:	173162.2781365	
    Magnitude of B_grad:	0.084224286273981	
    Magnitude of b:	10.150172955178	

	
    Current index:	109501	
    Magnitude of W_grad:	29.389423194558	
    Magnitude of W:	173092.13726735	
    Magnitude of B_grad:	0.1756027064927	
    Magnitude of b:	10.125222732527	

	
    Current index:	119501	
    Magnitude of W_grad:	32.681244655706	
    Magnitude of W:	173021.12127863	
    Magnitude of B_grad:	0.074615862111125	
    Magnitude of b:	10.327690564315	

	
    Current index:	129501	
    Magnitude of W_grad:	34.017070173793	
    Magnitude of W:	172951.50797822	
    Magnitude of B_grad:	0.10443333128471	
    Magnitude of b:	10.177407331656	

	
    Current index:	139501	
    Magnitude of W_grad:	29.983467609678	
    Magnitude of W:	172881.70935874	
    Magnitude of B_grad:	0.15224374359055	
    Magnitude of b:	10.385772997916	

	
SGD: Loss is	
	LOSS:Calculated softmax res	
812189.04781524	
SGD: crossEntropyLoss is	
812189.04781524	
SGD: Validation Accuracy is:	
0.29700272479564	
SGD: Magnitude of W:	
172833.95912558	
SGD: Magnitude of b:	
9.8560095063607	
    Current index:	9501	
    Magnitude of W_grad:	29.40230282514	
    Magnitude of W:	172765.4742486	
    Magnitude of B_grad:	0.22144266332176	
    Magnitude of b:	9.6089867972791	

	
    Current index:	19501	
    Magnitude of W_grad:	32.625673405076	
    Magnitude of W:	172697.23545858	
    Magnitude of B_grad:	0.22664092955948	
    Magnitude of b:	9.605870040147	

	
    Current index:	29501	
    Magnitude of W_grad:	27.074405737594	
    Magnitude of W:	172627.82430773	
    Magnitude of B_grad:	0.07864882867334	
    Magnitude of b:	9.6605655656779	

	
    Current index:	39501	
    Magnitude of W_grad:	28.645563675599	
    Magnitude of W:	172558.57458163	
    Magnitude of B_grad:	0.16020187167458	
    Magnitude of b:	9.7950683332955	

	
    Current index:	49501	
    Magnitude of W_grad:	26.54741891251	
    Magnitude of W:	172488.85207801	
    Magnitude of B_grad:	0.063368753163872	
    Magnitude of b:	9.7936140897429	

	
    Current index:	59501	
    Magnitude of W_grad:	32.470585577747	
    Magnitude of W:	172420.60273435	
    Magnitude of B_grad:	0.025437165872093	
    Magnitude of b:	10.003959538161	

	
    Current index:	69501	
    Magnitude of W_grad:	32.955745261926	
    Magnitude of W:	172350.72731576	
    Magnitude of B_grad:	0.12359917215812	
    Magnitude of b:	10.265867048928	

	
    Current index:	79501	
    Magnitude of W_grad:	36.79875720634	
    Magnitude of W:	172281.24655406	
    Magnitude of B_grad:	0.28071540358087	
    Magnitude of b:	10.201369773227	

	
    Current index:	89501	
    Magnitude of W_grad:	37.044462216418	
    Magnitude of W:	172212.24549364	
    Magnitude of B_grad:	0.11648948080907	
    Magnitude of b:	9.9404829954737	

	
    Current index:	99501	
    Magnitude of W_grad:	30.996502044107	
    Magnitude of W:	172142.50024511	
    Magnitude of B_grad:	0.082064223040328	
    Magnitude of b:	10.085596337853	

	
    Current index:	109501	
    Magnitude of W_grad:	28.766160323466	
    Magnitude of W:	172073.26274434	
    Magnitude of B_grad:	0.17078839837332	
    Magnitude of b:	10.053132460661	

	
    Current index:	119501	
    Magnitude of W_grad:	32.147432912941	
    Magnitude of W:	172003.14007245	
    Magnitude of B_grad:	0.075648945970883	
    Magnitude of b:	10.256042341679	

	
    Current index:	129501	
    Magnitude of W_grad:	32.918787986156	
    Magnitude of W:	171934.31944968	
    Magnitude of B_grad:	0.09977123307924	
    Magnitude of b:	10.106057733394	

	
    Current index:	139501	
    Magnitude of W_grad:	29.366955630838	
    Magnitude of W:	171865.40550511	
    Magnitude of B_grad:	0.14896511401262	
    Magnitude of b:	10.30178480706	

	
SGD: Loss is	
	LOSS:Calculated softmax res	
794942.65751308	
SGD: crossEntropyLoss is	
794942.65751308	
SGD: Validation Accuracy is:	
0.29881925522253	
SGD: Magnitude of W:	
171818.18387293	
SGD: Magnitude of b:	
9.7860907281312	
    Current index:	9501	
    Magnitude of W_grad:	28.444581243249	
    Magnitude of W:	171750.54490232	
    Magnitude of B_grad:	0.21429416247257	
    Magnitude of b:	9.5414976181487	

	
    Current index:	19501	
    Magnitude of W_grad:	31.955503345556	
    Magnitude of W:	171683.28502613	
    Magnitude of B_grad:	0.220337814957	
    Magnitude of b:	9.5397185443309	

	
    Current index:	29501	
    Magnitude of W_grad:	25.905805957305	
    Magnitude of W:	171614.70229868	
    Magnitude of B_grad:	0.084445816920793	
    Magnitude of b:	9.5957972740934	

	
    Current index:	39501	
    Magnitude of W_grad:	28.234473032097	
    Magnitude of W:	171546.37400571	
    Magnitude of B_grad:	0.15596233197714	
    Magnitude of b:	9.7310434606087	

	
    Current index:	49501	
    Magnitude of W_grad:	25.690070351235	
    Magnitude of W:	171477.65620083	
    Magnitude of B_grad:	0.062054313057234	
    Magnitude of b:	9.7298294616166	

	
    Current index:	59501	
    Magnitude of W_grad:	31.206866617393	
    Magnitude of W:	171410.33023048	
    Magnitude of B_grad:	0.031531593460662	
    Magnitude of b:	9.9392073933637	

	
    Current index:	69501	
    Magnitude of W_grad:	31.627814531418	
    Magnitude of W:	171341.46077783	
    Magnitude of B_grad:	0.12141663977364	
    Magnitude of b:	10.191331091665	

	
    Current index:	79501	
    Magnitude of W_grad:	36.075401061559	
    Magnitude of W:	171273.15366593	
    Magnitude of B_grad:	0.27139515239529	
    Magnitude of b:	10.129641253979	

	
    Current index:	89501	
    Magnitude of W_grad:	36.121281541668	
    Magnitude of W:	171204.9871934	
    Magnitude of B_grad:	0.11380088011042	
    Magnitude of b:	9.8767194752186	

	
    Current index:	99501	
    Magnitude of W_grad:	30.274918305878	
    Magnitude of W:	171136.02892913	
    Magnitude of B_grad:	0.079591907089513	
    Magnitude of b:	10.015160885931	

	
    Current index:	109501	
    Magnitude of W_grad:	28.169931401937	
    Magnitude of W:	171067.51686548	
    Magnitude of B_grad:	0.16685414148933	
    Magnitude of b:	9.9765210497087	

	
    Current index:	119501	
    Magnitude of W_grad:	31.629337917045	
    Magnitude of W:	170998.41145175	
    Magnitude of B_grad:	0.076224471128664	
    Magnitude of b:	10.179423917324	

	
    Current index:	129501	
    Magnitude of W_grad:	31.959072236388	
    Magnitude of W:	170930.37448534	
    Magnitude of B_grad:	0.098615269837281	
    Magnitude of b:	10.031089838366	

	
    Current index:	139501	
    Magnitude of W_grad:	28.718805444403	
    Magnitude of W:	170862.52372641	
    Magnitude of B_grad:	0.14473019454377	
    Magnitude of b:	10.214836567269	

	
SGD: Loss is	
	LOSS:Calculated softmax res	
779078.37981802	
SGD: crossEntropyLoss is	
779078.37981802	
SGD: Validation Accuracy is:	
0.30336058128974	
SGD: Magnitude of W:	
170815.84887252	
SGD: Magnitude of b:	
9.711812959659	
    Current index:	9501	
    Magnitude of W_grad:	27.627225429517	
    Magnitude of W:	170749.16752127	
    Magnitude of B_grad:	0.20727952843655	
    Magnitude of b:	9.469854970055	

	
    Current index:	19501	
    Magnitude of W_grad:	31.327423163685	
    Magnitude of W:	170682.79453312	
    Magnitude of B_grad:	0.21380543044828	
    Magnitude of b:	9.4705898306031	

	
    Current index:	29501	
    Magnitude of W_grad:	24.81691899317	
    Magnitude of W:	170615.0205817	
    Magnitude of B_grad:	0.090510034493495	
    Magnitude of b:	9.5279873849323	

	
    Current index:	39501	
    Magnitude of W_grad:	27.744447517683	
    Magnitude of W:	170547.45948574	
    Magnitude of B_grad:	0.15162707705744	
    Magnitude of b:	9.6629358630011	

	
    Current index:	49501	
    Magnitude of W_grad:	24.944868966654	
    Magnitude of W:	170479.77494058	
    Magnitude of B_grad:	0.060584607949288	
    Magnitude of b:	9.6622151788929	

	
    Current index:	59501	
    Magnitude of W_grad:	29.970023499948	
    Magnitude of W:	170413.22364967	
    Magnitude of B_grad:	0.036723488678541	
    Magnitude of b:	9.8706640043845	

	
    Current index:	69501	
    Magnitude of W_grad:	30.39556963784	
    Magnitude of W:	170345.29640917	
    Magnitude of B_grad:	0.11838111565017	
    Magnitude of b:	10.113152292069	

	
    Current index:	79501	
    Magnitude of W_grad:	35.433434462982	
    Magnitude of W:	170277.83479812	
    Magnitude of B_grad:	0.26356060980889	
    Magnitude of b:	10.053408389965	

	
    Current index:	89501	
    Magnitude of W_grad:	35.194853032708	
    Magnitude of W:	170210.64024806	
    Magnitude of B_grad:	0.11167899795811	
    Magnitude of b:	9.8082226811257	

	
    Current index:	99501	
    Magnitude of W_grad:	29.515877496559	
    Magnitude of W:	170142.39406146	
    Magnitude of B_grad:	0.07682680469122	
    Magnitude of b:	9.9413998599445	

	
    Current index:	109501	
    Magnitude of W_grad:	27.607224393782	
    Magnitude of W:	170074.63846628	
    Magnitude of B_grad:	0.16361860243973	
    Magnitude of b:	9.8975519217703	

	
    Current index:	119501	
    Magnitude of W_grad:	31.247479213252	
    Magnitude of W:	170006.52141406	
    Magnitude of B_grad:	0.076678586056119	
    Magnitude of b:	10.100495826844	

	
    Current index:	129501	
    Magnitude of W_grad:	31.062119146068	
    Magnitude of W:	169939.34666308	
    Magnitude of B_grad:	0.097880410545541	
    Magnitude of b:	9.9545473623232	

	
    Current index:	139501	
    Magnitude of W_grad:	28.058268927647	
    Magnitude of W:	169872.37694874	
    Magnitude of B_grad:	0.13995465973188	
    Magnitude of b:	10.127416831788	

	
SGD: Loss is	
	LOSS:Calculated softmax res	
764378.69810107	
SGD: crossEntropyLoss is	
764378.69810107	
SGD: Validation Accuracy is:	
0.30608537693006	
SGD: Magnitude of W:	
169826.26192836	
SGD: Magnitude of b:	
9.6360788173804	
    Current index:	9501	
    Magnitude of W_grad:	26.923021393137	
    Magnitude of W:	169760.49401999	
    Magnitude of B_grad:	0.200547457807	
    Magnitude of b:	9.3967718235973	

	
    Current index:	19501	
    Magnitude of W_grad:	30.723577668155	
    Magnitude of W:	169694.98499316	
    Magnitude of B_grad:	0.20703531125016	
    Magnitude of b:	9.4006890983094	

	
    Current index:	29501	
    Magnitude of W_grad:	23.844695825038	
    Magnitude of W:	169628.00341112	
    Magnitude of B_grad:	0.096474377041568	
    Magnitude of b:	9.4594556820124	

	
    Current index:	39501	
    Magnitude of W_grad:	27.193553383738	
    Magnitude of W:	169561.13158372	
    Magnitude of B_grad:	0.14717610626976	
    Magnitude of b:	9.5932979576141	

	
    Current index:	49501	
    Magnitude of W_grad:	24.31727329146	
    Magnitude of W:	169494.2916181	
    Magnitude of B_grad:	0.058590762485957	
    Magnitude of b:	9.5929485842295	

	
    Current index:	59501	
    Magnitude of W_grad:	28.925561573718	
    Magnitude of W:	169428.58419565	
    Magnitude of B_grad:	0.040768430267314	
    Magnitude of b:	9.8006465146769	

	
    Current index:	69501	
    Magnitude of W_grad:	29.343151721888	
    Magnitude of W:	169361.65631069	
    Magnitude of B_grad:	0.11488654625487	
    Magnitude of b:	10.033734448435	

	
    Current index:	79501	
    Magnitude of W_grad:	34.891671097622	
    Magnitude of W:	169295.00682813	
    Magnitude of B_grad:	0.25695157066382	
    Magnitude of b:	9.9750249493845	

	
    Current index:	89501	
    Magnitude of W_grad:	34.327429149285	
    Magnitude of W:	169228.4575646	
    Magnitude of B_grad:	0.11088455614578	
    Magnitude of b:	9.7370333827078	

	
    Current index:	99501	
    Magnitude of W_grad:	28.804936337468	
    Magnitude of W:	169160.99559091	
    Magnitude of B_grad:	0.073910443978324	
    Magnitude of b:	9.8662944139195	

	
    Current index:	109501	
    Magnitude of W_grad:	27.056784616059	
    Magnitude of W:	169094.00668847	
    Magnitude of B_grad:	0.16087641676577	
    Magnitude of b:	9.818075166867	

	
    Current index:	119501	
    Magnitude of W_grad:	30.853123861078	
    Magnitude of W:	169026.7919386	
    Magnitude of B_grad:	0.077090182118846	
    Magnitude of b:	10.021245387674	

	
    Current index:	129501	
    Magnitude of W_grad:	30.237313667303	
    Magnitude of W:	168960.37075796	
    Magnitude of B_grad:	0.096983503332508	
    Magnitude of b:	9.8778968237404	

	
    Current index:	139501	
    Magnitude of W_grad:	27.391186383778	
    Magnitude of W:	168894.12079737	
    Magnitude of B_grad:	0.13502281036027	
    Magnitude of b:	10.041125286327	

	
SGD: Loss is	
	LOSS:Calculated softmax res	
750666.04061091	
SGD: crossEntropyLoss is	
750666.04061091	
SGD: Validation Accuracy is:	
0.31062670299728	
SGD: Magnitude of W:	
168848.49277562	
SGD: Magnitude of b:	
9.5609300557761	
    Current index:	9501	
    Magnitude of W_grad:	26.295215005926	
    Magnitude of W:	168783.44463279	
    Magnitude of B_grad:	0.19419330914999	
    Magnitude of b:	9.3242510419666	

	
    Current index:	19501	
    Magnitude of W_grad:	30.137829471028	
    Magnitude of W:	168718.73950085	
    Magnitude of B_grad:	0.20006187074979	
    Magnitude of b:	9.3316036305654	

	
    Current index:	29501	
    Magnitude of W_grad:	22.961977475299	
    Magnitude of W:	168652.54828494	
    Magnitude of B_grad:	0.10194876860779	
    Magnitude of b:	9.3919260177298	

	
    Current index:	39501	
    Magnitude of W_grad:	26.587636355273	
    Magnitude of W:	168586.47704074	
    Magnitude of B_grad:	0.14268544722269	
    Magnitude of b:	9.523854484023	

	
    Current index:	49501	
    Magnitude of W_grad:	23.800576547151	
    Magnitude of W:	168520.47321142	
    Magnitude of B_grad:	0.056519610039477	
    Magnitude of b:	9.5237652382681	

	
    Current index:	59501	
    Magnitude of W_grad:	28.069123137401	
    Magnitude of W:	168455.51539439	
    Magnitude of B_grad:	0.043744215064634	
    Magnitude of b:	9.7308363429293	

	
    Current index:	69501	
    Magnitude of W_grad:	28.487852347671	
    Magnitude of W:	168389.38211499	
    Magnitude of B_grad:	0.11119378651247	
    Magnitude of b:	9.9548237226064	

	
    Current index:	79501	
    Magnitude of W_grad:	34.380596789513	
    Magnitude of W:	168323.59619059	
    Magnitude of B_grad:	0.2513719051999	
    Magnitude of b:	9.8965445803291	

	
    Current index:	89501	
    Magnitude of W_grad:	33.54673869901	
    Magnitude of W:	168257.71314072	
    Magnitude of B_grad:	0.10989828940782	
    Magnitude of b:	9.6648939301137	

	
    Current index:	99501	
    Magnitude of W_grad:	28.207797587724	
    Magnitude of W:	168190.90074131	
    Magnitude of B_grad:	0.071056307113334	
    Magnitude of b:	9.7913268107785	

	
    Current index:	109501	
    Magnitude of W_grad:	26.532631843454	
    Magnitude of W:	168124.67933229	
    Magnitude of B_grad:	0.15843994107466	
    Magnitude of b:	9.7395139650487	

	
    Current index:	119501	
    Magnitude of W_grad:	30.431631470214	
    Magnitude of W:	168058.15221674	
    Magnitude of B_grad:	0.077395551779961	
    Magnitude of b:	9.9431316575367	

	
    Current index:	129501	
    Magnitude of W_grad:	29.501036514318	
    Magnitude of W:	167992.43353211	
    Magnitude of B_grad:	0.096115462891705	
    Magnitude of b:	9.8024574197157	

	
    Current index:	139501	
    Magnitude of W_grad:	26.763224971933	
    Magnitude of W:	167926.86181211	
    Magnitude of B_grad:	0.13012821514286	
    Magnitude of b:	9.9571353613956	

	
Done.	
Testing on validation set...	
Done	
Datafile:	/n/home09/ankitgupta/CS287/HW1/SST1-uni-sent-syns.hdf5	Classifier:	lr	Alpha:	0	Eta:	0.5	Lambda:	5	Minibatch size:	500	Num Epochs:	15	Minimum Sentence Length:	5	
Accuracy:	0.30699364214351	
