[?1034hDatafile:	/n/home09/ankitgupta/CS287/HW1/SST1-uni-syns.hdf5	Classifier:	hinge	Alpha:	0	Eta:	0.5	Lambda:	0.5	Minibatch size:	500	Num Epochs:	15	Minimum Sentence Length:	0	
Note that not all parameters may apply to all classifiers	
Loading datafiles...	
Number of training samples before removing small sentences	156817	
Number of training samples after removing small sentences	156817	
Done.	
Training classifier...	
Parameters are:	
Eta:	
0.5	
Lambda:	
0.5	
Minibatch size:	
500	
Number of Epochs	
15	
SGD: Hinge Loss is	
1351669.278221	
SGD: Validation Accuracy is:	
0.22706630336058	
SGD: Magnitude of W:	
184578.35392051	
SGD: Magnitude of b:	
4.8133619128906	
    Current index:	9501	
    Magnitude of W_grad:	32.728	
    Magnitude of W:	184534.20388292	
    Magnitude of B_grad:	0.4	
    Magnitude of b:	4.7120641392652	

	
    Current index:	19501	
    Magnitude of W_grad:	38.572000000001	
    Magnitude of W:	184492.59112579	
    Magnitude of B_grad:	0.26	
    Magnitude of b:	5.959164470857	

	
    Current index:	29501	
    Magnitude of W_grad:	42.948000000001	
    Magnitude of W:	184451.2748295	
    Magnitude of B_grad:	0.06	
    Magnitude of b:	7.5049481848165	

	
    Current index:	39501	
    Magnitude of W_grad:	37.252000000001	
    Magnitude of W:	184412.35945808	
    Magnitude of B_grad:	0.088	
    Magnitude of b:	8.4166951946718	

	
    Current index:	49501	
    Magnitude of W_grad:	41.752000000002	
    Magnitude of W:	184373.2830824	
    Magnitude of B_grad:	0.136	
    Magnitude of b:	9.016417732243	

	
    Current index:	59501	
    Magnitude of W_grad:	35.428	
    Magnitude of W:	184337.78723119	
    Magnitude of B_grad:	0.208	
    Magnitude of b:	9.7401199144541	

	
    Current index:	69501	
    Magnitude of W_grad:	41.104000000001	
    Magnitude of W:	184301.98834166	
    Magnitude of B_grad:	0.104	
    Magnitude of b:	10.565792581752	

	
    Current index:	79501	
    Magnitude of W_grad:	46.192000000001	
    Magnitude of W:	184265.63311786	
    Magnitude of B_grad:	0.232	
    Magnitude of b:	10.659456698739	

	
    Current index:	89501	
    Magnitude of W_grad:	45.940000000003	
    Magnitude of W:	184224.22728627	
    Magnitude of B_grad:	0.156	
    Magnitude of b:	10.508749998181	

	
    Current index:	99501	
    Magnitude of W_grad:	43.772000000001	
    Magnitude of W:	184184.33145467	
    Magnitude of B_grad:	0.1	
    Magnitude of b:	10.360419543178	

	
    Current index:	109501	
    Magnitude of W_grad:	41.872000000001	
    Magnitude of W:	184144.56089645	
    Magnitude of B_grad:	0.128	
    Magnitude of b:	10.778079390042	

	
    Current index:	119501	
    Magnitude of W_grad:	36.236	
    Magnitude of W:	184108.26171633	
    Magnitude of B_grad:	0.124	
    Magnitude of b:	10.967734251579	

	
    Current index:	129501	
    Magnitude of W_grad:	40.896000000001	
    Magnitude of W:	184068.70967313	
    Magnitude of B_grad:	0.148	
    Magnitude of b:	11.343378656639	

	
    Current index:	139501	
    Magnitude of W_grad:	53.992000000002	
    Magnitude of W:	184030.99473876	
    Magnitude of B_grad:	0.304	
    Magnitude of b:	11.473015704715	

	
    Current index:	149501	
    Magnitude of W_grad:	32.699999999999	
    Magnitude of W:	183995.58358606	
    Magnitude of B_grad:	0.088	
    Magnitude of b:	11.740646317434	

	
SGD: Hinge Loss is	
820870.17532996	
SGD: Validation Accuracy is:	
0.25431425976385	
SGD: Magnitude of W:	
183973.43286508	
SGD: Magnitude of b:	
11.104473778786	
    Current index:	9501	
    Magnitude of W_grad:	32.596	
    Magnitude of W:	183942.85933557	
    Magnitude of B_grad:	0.272	
    Magnitude of b:	11.086118271895	

	
    Current index:	19501	
    Magnitude of W_grad:	36.996	
    Magnitude of W:	183911.12840604	
    Magnitude of B_grad:	0.28	
    Magnitude of b:	10.759729267367	

	
    Current index:	29501	
    Magnitude of W_grad:	44.724000000001	
    Magnitude of W:	183881.05455884	
    Magnitude of B_grad:	0.16	
    Magnitude of b:	11.155376382708	

	
    Current index:	39501	
    Magnitude of W_grad:	36.716	
    Magnitude of W:	183849.92863175	
    Magnitude of B_grad:	0.112	
    Magnitude of b:	11.22107183507	

	
    Current index:	49501	
    Magnitude of W_grad:	35.912000000001	
    Magnitude of W:	183820.12600866	
    Magnitude of B_grad:	0.136	
    Magnitude of b:	11.396711325651	

	
    Current index:	59501	
    Magnitude of W_grad:	34.848	
    Magnitude of W:	183791.65747528	
    Magnitude of B_grad:	0.192	
    Magnitude of b:	11.634299004285	

	
    Current index:	69501	
    Magnitude of W_grad:	37.116000000001	
    Magnitude of W:	183761.82699054	
    Magnitude of B_grad:	0.132	
    Magnitude of b:	12.169917450658	

	
    Current index:	79501	
    Magnitude of W_grad:	43.680000000001	
    Magnitude of W:	183732.23043689	
    Magnitude of B_grad:	0.256	
    Magnitude of b:	12.001590790134	

	
    Current index:	89501	
    Magnitude of W_grad:	44.744000000001	
    Magnitude of W:	183699.44456722	
    Magnitude of B_grad:	0.136	
    Magnitude of b:	11.959207690448	

	
    Current index:	99501	
    Magnitude of W_grad:	41.860000000001	
    Magnitude of W:	183668.37564925	
    Magnitude of B_grad:	0.14	
    Magnitude of b:	11.636832934248	

	
    Current index:	109501	
    Magnitude of W_grad:	39.952000000002	
    Magnitude of W:	183637.11394164	
    Magnitude of B_grad:	0.06	
    Magnitude of b:	11.872456809379	

	
    Current index:	119501	
    Magnitude of W_grad:	40.32	
    Magnitude of W:	183608.09550881	
    Magnitude of B_grad:	0.136	
    Magnitude of b:	11.904079194794	

	
    Current index:	129501	
    Magnitude of W_grad:	37.74	
    Magnitude of W:	183577.06653701	
    Magnitude of B_grad:	0.104	
    Magnitude of b:	12.077697281538	

	
    Current index:	139501	
    Magnitude of W_grad:	53.252000000002	
    Magnitude of W:	183546.41189169	
    Magnitude of B_grad:	0.336	
    Magnitude of b:	12.105312255863	

	
    Current index:	149501	
    Magnitude of W_grad:	32.556	
    Magnitude of W:	183517.08223047	
    Magnitude of B_grad:	0.096	
    Magnitude of b:	12.224925358114	

	
SGD: Hinge Loss is	
716541.84064871	
SGD: Validation Accuracy is:	
0.26975476839237	
SGD: Magnitude of W:	
183497.66484463	
SGD: Magnitude of b:	
11.580432617179	
    Current index:	9501	
    Magnitude of W_grad:	29.956	
    Magnitude of W:	183471.07912058	
    Magnitude of B_grad:	0.208	
    Magnitude of b:	11.506062964759	

	
    Current index:	19501	
    Magnitude of W_grad:	32.924	
    Magnitude of W:	183443.33467215	
    Magnitude of B_grad:	0.224	
    Magnitude of b:	11.101703402617	

	
    Current index:	29501	
    Magnitude of W_grad:	45.364000000002	
    Magnitude of W:	183416.98046648	
    Magnitude of B_grad:	0.128	
    Magnitude of b:	11.221344352484	

	
    Current index:	39501	
    Magnitude of W_grad:	36.528	
    Magnitude of W:	183389.709021	
    Magnitude of B_grad:	0.112	
    Magnitude of b:	11.490982861902	

	
    Current index:	49501	
    Magnitude of W_grad:	32.691999999999	
    Magnitude of W:	183364.07792615	
    Magnitude of B_grad:	0.148	
    Magnitude of b:	11.606614521471	

	
    Current index:	59501	
    Magnitude of W_grad:	34.512	
    Magnitude of W:	183338.47828289	
    Magnitude of B_grad:	0.184	
    Magnitude of b:	11.666245896269	

	
    Current index:	69501	
    Magnitude of W_grad:	41.136000000001	
    Magnitude of W:	183311.7254925	
    Magnitude of B_grad:	0.168	
    Magnitude of b:	12.121865877945	

	
    Current index:	79501	
    Magnitude of W_grad:	43.108000000001	
    Magnitude of W:	183285.68712583	
    Magnitude of B_grad:	0.224	
    Magnitude of b:	12.113479469506	

	
    Current index:	89501	
    Magnitude of W_grad:	43.208000000001	
    Magnitude of W:	183257.80919542	
    Magnitude of B_grad:	0.144	
    Magnitude of b:	12.01309445716	

	
    Current index:	99501	
    Magnitude of W_grad:	37.416000000001	
    Magnitude of W:	183230.84654171	
    Magnitude of B_grad:	0.156	
    Magnitude of b:	11.71271822197	

	
    Current index:	109501	
    Magnitude of W_grad:	36.408000000001	
    Magnitude of W:	183204.57602496	
    Magnitude of B_grad:	0.052	
    Magnitude of b:	11.892341086857	

	
    Current index:	119501	
    Magnitude of W_grad:	36.956	
    Magnitude of W:	183178.89486054	
    Magnitude of B_grad:	0.12	
    Magnitude of b:	11.837964493058	

	
    Current index:	129501	
    Magnitude of W_grad:	37.492	
    Magnitude of W:	183151.39510567	
    Magnitude of B_grad:	0.132	
    Magnitude of b:	11.941585491267	

	
    Current index:	139501	
    Magnitude of W_grad:	49.480000000002	
    Magnitude of W:	183124.6103459	
    Magnitude of B_grad:	0.312	
    Magnitude of b:	11.905205124199	

	
    Current index:	149501	
    Magnitude of W_grad:	33.176	
    Magnitude of W:	183099.01292813	
    Magnitude of B_grad:	0.084	
    Magnitude of b:	12.006824737354	

	
SGD: Hinge Loss is	
654004.55528224	
SGD: Validation Accuracy is:	
0.27792915531335	
SGD: Magnitude of W:	
183080.9537403	
SGD: Magnitude of b:	
11.405181467418	
    Current index:	9501	
    Magnitude of W_grad:	29.352	
    Magnitude of W:	183056.64384956	
    Magnitude of B_grad:	0.184	
    Magnitude of b:	11.296818142383	

	
    Current index:	19501	
    Magnitude of W_grad:	29.04	
    Magnitude of W:	183031.40460519	
    Magnitude of B_grad:	0.192	
    Magnitude of b:	10.902464658724	

	
    Current index:	29501	
    Magnitude of W_grad:	43.700000000002	
    Magnitude of W:	183007.21728502	
    Magnitude of B_grad:	0.156	
    Magnitude of b:	11.026111836735	

	
    Current index:	39501	
    Magnitude of W_grad:	35.184000000001	
    Magnitude of W:	182982.89351947	
    Magnitude of B_grad:	0.104	
    Magnitude of b:	11.249757374384	

	
    Current index:	49501	
    Magnitude of W_grad:	31.1	
    Magnitude of W:	182959.85870645	
    Magnitude of B_grad:	0.156	
    Magnitude of b:	11.383396399926	

	
    Current index:	59501	
    Magnitude of W_grad:	32.968	
    Magnitude of W:	182936.90275063	
    Magnitude of B_grad:	0.172	
    Magnitude of b:	11.437034486844	

	
    Current index:	69501	
    Magnitude of W_grad:	39.536000000001	
    Magnitude of W:	182912.3094368	
    Magnitude of B_grad:	0.18	
    Magnitude of b:	11.840662870274	

	
    Current index:	79501	
    Magnitude of W_grad:	43.504	
    Magnitude of W:	182889.29607272	
    Magnitude of B_grad:	0.2	
    Magnitude of b:	11.816285695486	

	
    Current index:	89501	
    Magnitude of W_grad:	43.564000000002	
    Magnitude of W:	182863.66272241	
    Magnitude of B_grad:	0.16	
    Magnitude of b:	11.755909954752	

	
    Current index:	99501	
    Magnitude of W_grad:	37.440000000001	
    Magnitude of W:	182838.57259672	
    Magnitude of B_grad:	0.14	
    Magnitude of b:	11.487541846249	

	
    Current index:	109501	
    Magnitude of W_grad:	36.892000000001	
    Magnitude of W:	182814.67003005	
    Magnitude of B_grad:	0.076	
    Magnitude of b:	11.635172327429	

	
    Current index:	119501	
    Magnitude of W_grad:	35.816	
    Magnitude of W:	182791.03734623	
    Magnitude of B_grad:	0.1	
    Magnitude of b:	11.596803901263	

	
    Current index:	129501	
    Magnitude of W_grad:	37.168	
    Magnitude of W:	182766.27080428	
    Magnitude of B_grad:	0.12	
    Magnitude of b:	11.706432862794	

	
    Current index:	139501	
    Magnitude of W_grad:	47.948000000001	
    Magnitude of W:	182741.84027094	
    Magnitude of B_grad:	0.3	
    Magnitude of b:	11.642060509809	

	
    Current index:	149501	
    Magnitude of W_grad:	32.732	
    Magnitude of W:	182718.48588587	
    Magnitude of B_grad:	0.092	
    Magnitude of b:	11.715689115625	

	
SGD: Hinge Loss is	
609259.68912497	
SGD: Validation Accuracy is:	
0.28701180744777	
SGD: Magnitude of W:	
182701.78339987	
SGD: Magnitude of b:	
11.117206946309	
    Current index:	9501	
    Magnitude of W_grad:	28.616	
    Magnitude of W:	182679.29587844	
    Magnitude of B_grad:	0.212	
    Magnitude of b:	10.974853762705	

	
    Current index:	19501	
    Magnitude of W_grad:	28.048	
    Magnitude of W:	182655.64313489	
    Magnitude of B_grad:	0.18	
    Magnitude of b:	10.624509594358	

	
    Current index:	29501	
    Magnitude of W_grad:	43.844000000002	
    Magnitude of W:	182633.2235861	
    Magnitude of B_grad:	0.168	
    Magnitude of b:	10.758165459274	

	
    Current index:	39501	
    Magnitude of W_grad:	36.344	
    Magnitude of W:	182610.5256132	
    Magnitude of B_grad:	0.112	
    Magnitude of b:	10.947820082103	

	
    Current index:	49501	
    Magnitude of W_grad:	31.26	
    Magnitude of W:	182588.92694994	
    Magnitude of B_grad:	0.152	
    Magnitude of b:	11.107467714275	

	
    Current index:	59501	
    Magnitude of W_grad:	32.239999999999	
    Magnitude of W:	182567.28649528	
    Magnitude of B_grad:	0.152	
    Magnitude of b:	11.155114573345	

	
    Current index:	69501	
    Magnitude of W_grad:	38.412000000001	
    Magnitude of W:	182544.45910583	
    Magnitude of B_grad:	0.16	
    Magnitude of b:	11.568752146324	

	
    Current index:	79501	
    Magnitude of W_grad:	42.616	
    Magnitude of W:	182523.50859068	
    Magnitude of B_grad:	0.196	
    Magnitude of b:	11.508384106594	

	
    Current index:	89501	
    Magnitude of W_grad:	42.984000000002	
    Magnitude of W:	182500.07461494	
    Magnitude of B_grad:	0.14	
    Magnitude of b:	11.432018801486	

	
    Current index:	99501	
    Magnitude of W_grad:	37.800000000001	
    Magnitude of W:	182476.73009913	
    Magnitude of B_grad:	0.148	
    Magnitude of b:	11.157660710595	

	
    Current index:	109501	
    Magnitude of W_grad:	35.716	
    Magnitude of W:	182454.11605846	
    Magnitude of B_grad:	0.068	
    Magnitude of b:	11.313301317475	

	
    Current index:	119501	
    Magnitude of W_grad:	35.288	
    Magnitude of W:	182431.84686227	
    Magnitude of B_grad:	0.128	
    Magnitude of b:	11.282942681903	

	
    Current index:	129501	
    Magnitude of W_grad:	36.928	
    Magnitude of W:	182408.57723935	
    Magnitude of B_grad:	0.152	
    Magnitude of b:	11.380581640965	

	
    Current index:	139501	
    Magnitude of W_grad:	46.672000000001	
    Magnitude of W:	182385.57566322	
    Magnitude of B_grad:	0.312	
    Magnitude of b:	11.318219396783	

	
    Current index:	149501	
    Magnitude of W_grad:	32.22	
    Magnitude of W:	182364.32295142	
    Magnitude of B_grad:	0.108	
    Magnitude of b:	11.41385784963	

	
SGD: Hinge Loss is	
575942.00986247	
SGD: Validation Accuracy is:	
0.28701180744777	
SGD: Magnitude of W:	
182348.81510076	
SGD: Magnitude of b:	
10.838537000515	
    Current index:	9501	
    Magnitude of W_grad:	27.792	
    Magnitude of W:	182328.25358189	
    Magnitude of B_grad:	0.164	
    Magnitude of b:	10.68819341936	

	
    Current index:	19501	
    Magnitude of W_grad:	26.564	
    Magnitude of W:	182305.75650746	
    Magnitude of B_grad:	0.168	
    Magnitude of b:	10.375857590553	

	
    Current index:	29501	
    Magnitude of W_grad:	43.560000000001	
    Magnitude of W:	182284.90977118	
    Magnitude of B_grad:	0.144	
    Magnitude of b:	10.523521836193	

	
    Current index:	39501	
    Magnitude of W_grad:	35.608000000001	
    Magnitude of W:	182263.62316707	
    Magnitude of B_grad:	0.136	
    Magnitude of b:	10.699184214558	

	
    Current index:	49501	
    Magnitude of W_grad:	30.892	
    Magnitude of W:	182243.16406359	
    Magnitude of B_grad:	0.148	
    Magnitude of b:	10.862839834769	

	
    Current index:	59501	
    Magnitude of W_grad:	32.163999999999	
    Magnitude of W:	182223.15028024	
    Magnitude of B_grad:	0.152	
    Magnitude of b:	10.884494563656	

	
    Current index:	69501	
    Magnitude of W_grad:	37.964	
    Magnitude of W:	182201.52176954	
    Magnitude of B_grad:	0.144	
    Magnitude of b:	11.300140647063	

	
    Current index:	79501	
    Magnitude of W_grad:	42.428	
    Magnitude of W:	182182.0819996	
    Magnitude of B_grad:	0.204	
    Magnitude of b:	11.221781672271	

	
    Current index:	89501	
    Magnitude of W_grad:	43.724000000002	
    Magnitude of W:	182159.95996641	
    Magnitude of B_grad:	0.14	
    Magnitude of b:	11.145425680505	

	
    Current index:	99501	
    Magnitude of W_grad:	37.12	
    Magnitude of W:	182138.02747994	
    Magnitude of B_grad:	0.164	
    Magnitude of b:	10.935075187302	

	
    Current index:	109501	
    Magnitude of W_grad:	38.076000000001	
    Magnitude of W:	182117.18924231	
    Magnitude of B_grad:	0.06	
    Magnitude of b:	11.034723512795	

	
    Current index:	119501	
    Magnitude of W_grad:	34.86	
    Magnitude of W:	182096.25840416	
    Magnitude of B_grad:	0.156	
    Magnitude of b:	11.018373026019	

	
    Current index:	129501	
    Magnitude of W_grad:	35.856	
    Magnitude of W:	182074.57989851	
    Magnitude of B_grad:	0.156	
    Magnitude of b:	11.134019770139	

	
    Current index:	139501	
    Magnitude of W_grad:	44.852000000001	
    Magnitude of W:	182052.48841629	
    Magnitude of B_grad:	0.308	
    Magnitude of b:	11.077665460622	

	
    Current index:	149501	
    Magnitude of W_grad:	31.92	
    Magnitude of W:	182032.23224429	
    Magnitude of B_grad:	0.08	
    Magnitude of b:	11.165312109331	

	
SGD: Hinge Loss is	
549971.81101671	
SGD: Validation Accuracy is:	
0.29336966394187	
SGD: Magnitude of W:	
182017.87701819	
SGD: Magnitude of b:	
10.620305777166	
    Current index:	9501	
    Magnitude of W_grad:	27.484	
    Magnitude of W:	181998.29195437	
    Magnitude of B_grad:	0.172	
    Magnitude of b:	10.437969798111	

	
    Current index:	19501	
    Magnitude of W_grad:	26.264	
    Magnitude of W:	181977.0971914	
    Magnitude of B_grad:	0.152	
    Magnitude of b:	10.189641303329	

	
    Current index:	29501	
    Magnitude of W_grad:	42.872000000001	
    Magnitude of W:	181957.33580072	
    Magnitude of B_grad:	0.152	
    Magnitude of b:	10.349311298139	

	
    Current index:	39501	
    Magnitude of W_grad:	34.736000000001	
    Magnitude of W:	181937.09684594	
    Magnitude of B_grad:	0.144	
    Magnitude of b:	10.524979403174	

	
    Current index:	49501	
    Magnitude of W_grad:	31.115999999999	
    Magnitude of W:	181918.12502102	
    Magnitude of B_grad:	0.16	
    Magnitude of b:	10.686640533062	

	
    Current index:	59501	
    Magnitude of W_grad:	31.095999999999	
    Magnitude of W:	181899.30522706	
    Magnitude of B_grad:	0.16	
    Magnitude of b:	10.708300726814	

	
    Current index:	69501	
    Magnitude of W_grad:	35.576	
    Magnitude of W:	181879.01408215	
    Magnitude of B_grad:	0.128	
    Magnitude of b:	11.113952408822	

	
    Current index:	79501	
    Magnitude of W_grad:	39.824000000001	
    Magnitude of W:	181860.88567615	
    Magnitude of B_grad:	0.172	
    Magnitude of b:	11.039599265204	

	
    Current index:	89501	
    Magnitude of W_grad:	43.172000000001	
    Magnitude of W:	181840.1863742	
    Magnitude of B_grad:	0.148	
    Magnitude of b:	10.967248970517	

	
    Current index:	99501	
    Magnitude of W_grad:	36.872	
    Magnitude of W:	181819.39181585	
    Magnitude of B_grad:	0.156	
    Magnitude of b:	10.746904611015	

	
    Current index:	109501	
    Magnitude of W_grad:	37.392000000001	
    Magnitude of W:	181799.21508069	
    Magnitude of B_grad:	0.08	
    Magnitude of b:	10.862559006248	

	
    Current index:	119501	
    Magnitude of W_grad:	34.124	
    Magnitude of W:	181779.3586388	
    Magnitude of B_grad:	0.176	
    Magnitude of b:	10.840213734532	

	
    Current index:	129501	
    Magnitude of W_grad:	36.108	
    Magnitude of W:	181758.64819745	
    Magnitude of B_grad:	0.164	
    Magnitude of b:	10.96786623876	

	
    Current index:	139501	
    Magnitude of W_grad:	44.108000000001	
    Magnitude of W:	181737.38303821	
    Magnitude of B_grad:	0.324	
    Magnitude of b:	10.935516949459	

	
    Current index:	149501	
    Magnitude of W_grad:	32.06	
    Magnitude of W:	181718.39336843	
    Magnitude of B_grad:	0.068	
    Magnitude of b:	10.985168726637	

	
SGD: Hinge Loss is	
527913.75572288	
SGD: Validation Accuracy is:	
0.29700272479564	
SGD: Magnitude of W:	
181704.85795755	
SGD: Magnitude of b:	
10.43909409579	
    Current index:	9501	
    Magnitude of W_grad:	27.452	
    Magnitude of W:	181686.29959834	
    Magnitude of B_grad:	0.152	
    Magnitude of b:	10.2767636617	

	
    Current index:	19501	
    Magnitude of W_grad:	25.824	
    Magnitude of W:	181666.58256581	
    Magnitude of B_grad:	0.156	
    Magnitude of b:	10.044440236642	

	
    Current index:	29501	
    Magnitude of W_grad:	41.436000000001	
    Magnitude of W:	181647.75393262	
    Magnitude of B_grad:	0.144	
    Magnitude of b:	10.224114427394	

	
    Current index:	39501	
    Magnitude of W_grad:	33.468	
    Magnitude of W:	181628.67304106	
    Magnitude of B_grad:	0.136	
    Magnitude of b:	10.389786747372	

	
    Current index:	49501	
    Magnitude of W_grad:	30.711999999999	
    Magnitude of W:	181610.80055063	
    Magnitude of B_grad:	0.156	
    Magnitude of b:	10.513451970911	

	
    Current index:	59501	
    Magnitude of W_grad:	30.191999999999	
    Magnitude of W:	181593.00122248	
    Magnitude of B_grad:	0.16	
    Magnitude of b:	10.553117396431	

	
    Current index:	69501	
    Magnitude of W_grad:	34.5	
    Magnitude of W:	181573.69336197	
    Magnitude of B_grad:	0.12	
    Magnitude of b:	10.954773669177	

	
    Current index:	79501	
    Magnitude of W_grad:	39.156	
    Magnitude of W:	181556.4964768	
    Magnitude of B_grad:	0.172	
    Magnitude of b:	10.900424822819	

	
    Current index:	89501	
    Magnitude of W_grad:	42.464000000001	
    Magnitude of W:	181536.54476505	
    Magnitude of B_grad:	0.136	
    Magnitude of b:	10.824079249308	

	
    Current index:	99501	
    Magnitude of W_grad:	36.456	
    Magnitude of W:	181516.75293328	
    Magnitude of B_grad:	0.144	
    Magnitude of b:	10.57373974475	

	
    Current index:	109501	
    Magnitude of W_grad:	35.616000000001	
    Magnitude of W:	181497.69962903	
    Magnitude of B_grad:	0.06	
    Magnitude of b:	10.671399744038	

	
    Current index:	119501	
    Magnitude of W_grad:	31.416	
    Magnitude of W:	181478.96325812	
    Magnitude of B_grad:	0.152	
    Magnitude of b:	10.647060226052	

	
    Current index:	129501	
    Magnitude of W_grad:	34.932	
    Magnitude of W:	181459.08609103	
    Magnitude of B_grad:	0.18	
    Magnitude of b:	10.778718640059	

	
    Current index:	139501	
    Magnitude of W_grad:	41.848000000001	
    Magnitude of W:	181438.45255026	
    Magnitude of B_grad:	0.284	
    Magnitude of b:	10.738375652518	

	
    Current index:	149501	
    Magnitude of W_grad:	33.268	
    Magnitude of W:	181420.24046277	
    Magnitude of B_grad:	0.064	
    Magnitude of b:	10.836032908647	

	
SGD: Hinge Loss is	
508885.01744267	
SGD: Validation Accuracy is:	
0.29518619436876	
SGD: Magnitude of W:	
181407.27316465	
SGD: Magnitude of b:	
10.303425153365	
    Current index:	9501	
    Magnitude of W_grad:	27.156	
    Magnitude of W:	181390.09136298	
    Magnitude of B_grad:	0.14	
    Magnitude of b:	10.115099867521	

	
    Current index:	19501	
    Magnitude of W_grad:	25.392	
    Magnitude of W:	181371.39346094	
    Magnitude of B_grad:	0.152	
    Magnitude of b:	9.88678153953	

	
    Current index:	29501	
    Magnitude of W_grad:	41.928000000001	
    Magnitude of W:	181353.10664856	
    Magnitude of B_grad:	0.164	
    Magnitude of b:	10.078460339365	

	
    Current index:	39501	
    Magnitude of W_grad:	31.743999999999	
    Magnitude of W:	181334.93898062	
    Magnitude of B_grad:	0.092	
    Magnitude of b:	10.238137214077	

	
    Current index:	49501	
    Magnitude of W_grad:	30.375999999999	
    Magnitude of W:	181317.96080299	
    Magnitude of B_grad:	0.168	
    Magnitude of b:	10.339807642634	

	
    Current index:	59501	
    Magnitude of W_grad:	27.987999999999	
    Magnitude of W:	181300.82975433	
    Magnitude of B_grad:	0.148	
    Magnitude of b:	10.365478534454	

	
    Current index:	69501	
    Magnitude of W_grad:	33.24	
    Magnitude of W:	181282.46552543	
    Magnitude of B_grad:	0.104	
    Magnitude of b:	10.763140866364	

	
    Current index:	79501	
    Magnitude of W_grad:	36.54	
    Magnitude of W:	181265.89148317	
    Magnitude of B_grad:	0.128	
    Magnitude of b:	10.692798222453	

	
    Current index:	89501	
    Magnitude of W_grad:	40.892000000001	
    Magnitude of W:	181246.75186021	
    Magnitude of B_grad:	0.136	
    Magnitude of b:	10.656458532353	

	
    Current index:	99501	
    Magnitude of W_grad:	35.528	
    Magnitude of W:	181227.69142043	
    Magnitude of B_grad:	0.136	
    Magnitude of b:	10.388124429575	

	
    Current index:	109501	
    Magnitude of W_grad:	34.424	
    Magnitude of W:	181209.58912239	
    Magnitude of B_grad:	0.056	
    Magnitude of b:	10.507790165247	

	
    Current index:	119501	
    Magnitude of W_grad:	30.471999999999	
    Magnitude of W:	181191.47789039	
    Magnitude of B_grad:	0.148	
    Magnitude of b:	10.499455968974	

	
    Current index:	129501	
    Magnitude of W_grad:	33.939999999999	
    Magnitude of W:	181172.49090898	
    Magnitude of B_grad:	0.18	
    Magnitude of b:	10.58111992134	

	
    Current index:	139501	
    Magnitude of W_grad:	39.524000000001	
    Magnitude of W:	181152.81623785	
    Magnitude of B_grad:	0.26	
    Magnitude of b:	10.580782191396	

	
    Current index:	149501	
    Magnitude of W_grad:	32.084	
    Magnitude of W:	181135.38409753	
    Magnitude of B_grad:	0.056	
    Magnitude of b:	10.662444532786	

	
SGD: Hinge Loss is	
492682.54617965	
SGD: Validation Accuracy is:	
0.29881925522253	
SGD: Magnitude of W:	
181122.99175976	
SGD: Magnitude of b:	
10.117840836712	
    Current index:	9501	
    Magnitude of W_grad:	26.436	
    Magnitude of W:	181106.53125006	
    Magnitude of B_grad:	0.148	
    Magnitude of b:	9.9235218601759	

	
    Current index:	19501	
    Magnitude of W_grad:	24.872	
    Magnitude of W:	181088.68796672	
    Magnitude of B_grad:	0.16	
    Magnitude of b:	9.7332089262201	

	
    Current index:	29501	
    Magnitude of W_grad:	41.204000000001	
    Magnitude of W:	181071.00998186	
    Magnitude of B_grad:	0.164	
    Magnitude of b:	9.9308926639847	

	
    Current index:	39501	
    Magnitude of W_grad:	31.819999999999	
    Magnitude of W:	181053.62392527	
    Magnitude of B_grad:	0.064	
    Magnitude of b:	10.128573679371	

	
    Current index:	49501	
    Magnitude of W_grad:	30.108	
    Magnitude of W:	181037.41718029	
    Magnitude of B_grad:	0.172	
    Magnitude of b:	10.200247818043	

	
    Current index:	59501	
    Magnitude of W_grad:	27.051999999999	
    Magnitude of W:	181020.67721178	
    Magnitude of B_grad:	0.124	
    Magnitude of b:	10.225922984201	

	
    Current index:	69501	
    Magnitude of W_grad:	32.692	
    Magnitude of W:	181003.06760155	
    Magnitude of B_grad:	0.088	
    Magnitude of b:	10.607589918718	

	
    Current index:	79501	
    Magnitude of W_grad:	34.856	
    Magnitude of W:	180986.85042114	
    Magnitude of B_grad:	0.112	
    Magnitude of b:	10.539252275813	

	
    Current index:	89501	
    Magnitude of W_grad:	40.208000000002	
    Magnitude of W:	180968.39305851	
    Magnitude of B_grad:	0.132	
    Magnitude of b:	10.508917044534	

	
    Current index:	99501	
    Magnitude of W_grad:	35.24	
    Magnitude of W:	180949.77622408	
    Magnitude of B_grad:	0.128	
    Magnitude of b:	10.248587502462	

	
    Current index:	109501	
    Magnitude of W_grad:	33.932	
    Magnitude of W:	180932.54398688	
    Magnitude of B_grad:	0.036	
    Magnitude of b:	10.36625757551	

	
    Current index:	119501	
    Magnitude of W_grad:	31.416	
    Magnitude of W:	180915.15633291	
    Magnitude of B_grad:	0.14	
    Magnitude of b:	10.365927585753	

	
    Current index:	129501	
    Magnitude of W_grad:	33.047999999999	
    Magnitude of W:	180897.08719109	
    Magnitude of B_grad:	0.164	
    Magnitude of b:	10.431596206816	

	
    Current index:	139501	
    Magnitude of W_grad:	38.780000000001	
    Magnitude of W:	180877.90340296	
    Magnitude of B_grad:	0.24	
    Magnitude of b:	10.429263445126	

	
    Current index:	149501	
    Magnitude of W_grad:	32.192	
    Magnitude of W:	180861.01544744	
    Magnitude of B_grad:	0.048	
    Magnitude of b:	10.50093089809	

	
SGD: Hinge Loss is	
477037.36684937	
SGD: Validation Accuracy is:	
0.29972752043597	
SGD: Magnitude of W:	
180849.0146851	
SGD: Magnitude of b:	
9.9843303572374	
    Current index:	9501	
    Magnitude of W_grad:	25.836	
    Magnitude of W:	180833.0129577	
    Magnitude of B_grad:	0.148	
    Magnitude of b:	9.8160153697008	

	
    Current index:	19501	
    Magnitude of W_grad:	24.3	
    Magnitude of W:	180815.79164475	
    Magnitude of B_grad:	0.144	
    Magnitude of b:	9.6277062907055	

	
    Current index:	29501	
    Magnitude of W_grad:	41.724000000002	
    Magnitude of W:	180798.73722182	
    Magnitude of B_grad:	0.188	
    Magnitude of b:	9.8253933763547	

	
    Current index:	39501	
    Magnitude of W_grad:	30.007999999999	
    Magnitude of W:	180782.11733709	
    Magnitude of B_grad:	0.04	
    Magnitude of b:	9.983078431402	

	
    Current index:	49501	
    Magnitude of W_grad:	30.224	
    Magnitude of W:	180766.5251659	
    Magnitude of B_grad:	0.188	
    Magnitude of b:	10.052757151628	

	
    Current index:	59501	
    Magnitude of W_grad:	26.667999999999	
    Magnitude of W:	180750.19613439	
    Magnitude of B_grad:	0.132	
    Magnitude of b:	10.088437017161	

	
    Current index:	69501	
    Magnitude of W_grad:	33.376	
    Magnitude of W:	180733.07171222	
    Magnitude of B_grad:	0.092	
    Magnitude of b:	10.456108443661	

	
    Current index:	79501	
    Magnitude of W_grad:	33.576	
    Magnitude of W:	180717.43540916	
    Magnitude of B_grad:	0.112	
    Magnitude of b:	10.401775177813	

	
    Current index:	89501	
    Magnitude of W_grad:	39.616000000001	
    Magnitude of W:	180699.6236016	
    Magnitude of B_grad:	0.108	
    Magnitude of b:	10.395444007799	

	
    Current index:	99501	
    Magnitude of W_grad:	34.608	
    Magnitude of W:	180681.62495728	
    Magnitude of B_grad:	0.128	
    Magnitude of b:	10.121118147449	

	
    Current index:	109501	
    Magnitude of W_grad:	34.188	
    Magnitude of W:	180664.66177646	
    Magnitude of B_grad:	0.044	
    Magnitude of b:	10.240792326154	

	
    Current index:	119501	
    Magnitude of W_grad:	27.748	
    Magnitude of W:	180647.86020339	
    Magnitude of B_grad:	0.144	
    Magnitude of b:	10.244466327141	

	
    Current index:	129501	
    Magnitude of W_grad:	32.827999999999	
    Magnitude of W:	180630.16349438	
    Magnitude of B_grad:	0.168	
    Magnitude of b:	10.330138450999	

	
    Current index:	139501	
    Magnitude of W_grad:	38.660000000001	
    Magnitude of W:	180611.54549223	
    Magnitude of B_grad:	0.236	
    Magnitude of b:	10.33780892098	

	
    Current index:	149501	
    Magnitude of W_grad:	32.796	
    Magnitude of W:	180595.12971972	
    Magnitude of B_grad:	0.048	
    Magnitude of b:	10.425479184646	

	
SGD: Hinge Loss is	
464137.70688925	
SGD: Validation Accuracy is:	
0.30426884650318	
SGD: Magnitude of W:	
180583.7824971	
SGD: Magnitude of b:	
9.8805716035761	
    Current index:	9501	
    Magnitude of W_grad:	25.664	
    Magnitude of W:	180568.46444759	
    Magnitude of B_grad:	0.164	
    Magnitude of b:	9.7202599880309	

	
    Current index:	19501	
    Magnitude of W_grad:	24.032	
    Magnitude of W:	180552.04651982	
    Magnitude of B_grad:	0.132	
    Magnitude of b:	9.5159541278788	

	
    Current index:	29501	
    Magnitude of W_grad:	40.660000000001	
    Magnitude of W:	180535.40230795	
    Magnitude of B_grad:	0.172	
    Magnitude of b:	9.7036450412493	

	
    Current index:	39501	
    Magnitude of W_grad:	29.879999999999	
    Magnitude of W:	180519.37252388	
    Magnitude of B_grad:	0.028	
    Magnitude of b:	9.8813335125942	

	
    Current index:	49501	
    Magnitude of W_grad:	30.468	
    Magnitude of W:	180504.29244468	
    Magnitude of B_grad:	0.184	
    Magnitude of b:	9.9450155501701	

	
    Current index:	59501	
    Magnitude of W_grad:	25.315999999999	
    Magnitude of W:	180488.35657717	
    Magnitude of B_grad:	0.112	
    Magnitude of b:	9.9846985033834	

	
    Current index:	69501	
    Magnitude of W_grad:	32.628	
    Magnitude of W:	180471.79620168	
    Magnitude of B_grad:	0.076	
    Magnitude of b:	10.332373926156	

	
    Current index:	79501	
    Magnitude of W_grad:	33.772	
    Magnitude of W:	180456.58516615	
    Magnitude of B_grad:	0.112	
    Magnitude of b:	10.286044506595	

	
    Current index:	89501	
    Magnitude of W_grad:	38.936	
    Magnitude of W:	180439.31823474	
    Magnitude of B_grad:	0.1	
    Magnitude of b:	10.247717492022	

	
    Current index:	99501	
    Magnitude of W_grad:	33.636	
    Magnitude of W:	180421.70874351	
    Magnitude of B_grad:	0.128	
    Magnitude of b:	9.9913959846582	

	
    Current index:	109501	
    Magnitude of W_grad:	33.476	
    Magnitude of W:	180405.32278447	
    Magnitude of B_grad:	0.068	
    Magnitude of b:	10.119074420559	

	
    Current index:	119501	
    Magnitude of W_grad:	31.088	
    Magnitude of W:	180389.15493348	
    Magnitude of B_grad:	0.152	
    Magnitude of b:	10.124752522375	

	
    Current index:	129501	
    Magnitude of W_grad:	31.612	
    Magnitude of W:	180372.1338825	
    Magnitude of B_grad:	0.168	
    Magnitude of b:	10.210428794758	

	
    Current index:	139501	
    Magnitude of W_grad:	35.956000000001	
    Magnitude of W:	180354.01509184	
    Magnitude of B_grad:	0.208	
    Magnitude of b:	10.192103253712	

	
    Current index:	149501	
    Magnitude of W_grad:	32.428	
    Magnitude of W:	180338.09884528	
    Magnitude of B_grad:	0.064	
    Magnitude of b:	10.293777503033	

	
SGD: Hinge Loss is	
452610.26055244	
SGD: Validation Accuracy is:	
0.30699364214351	
SGD: Magnitude of W:	
180327.30357622	
SGD: Magnitude of b:	
9.7600274833414	
    Current index:	9501	
    Magnitude of W_grad:	25.868	
    Magnitude of W:	180312.3962971	
    Magnitude of B_grad:	0.176	
    Magnitude of b:	9.6117198833732	

	
    Current index:	19501	
    Magnitude of W_grad:	24.192	
    Magnitude of W:	180296.47475303	
    Magnitude of B_grad:	0.14	
    Magnitude of b:	9.4074173276634	

	
    Current index:	29501	
    Magnitude of W_grad:	40.648000000001	
    Magnitude of W:	180280.04118071	
    Magnitude of B_grad:	0.156	
    Magnitude of b:	9.6171114720339	

	
    Current index:	39501	
    Magnitude of W_grad:	28.091999999999	
    Magnitude of W:	180264.46277586	
    Magnitude of B_grad:	0.02	
    Magnitude of b:	9.7608030626887	

	
    Current index:	49501	
    Magnitude of W_grad:	30.344	
    Magnitude of W:	180249.8662035	
    Magnitude of B_grad:	0.196	
    Magnitude of b:	9.8224890133806	

	
    Current index:	59501	
    Magnitude of W_grad:	26.223999999999	
    Magnitude of W:	180234.58778703	
    Magnitude of B_grad:	0.112	
    Magnitude of b:	9.8781761761036	

	
    Current index:	69501	
    Magnitude of W_grad:	31.588	
    Magnitude of W:	180218.46772751	
    Magnitude of B_grad:	0.084	
    Magnitude of b:	10.215855011157	

	
    Current index:	79501	
    Magnitude of W_grad:	33.556	
    Magnitude of W:	180203.76480279	
    Magnitude of B_grad:	0.128	
    Magnitude of b:	10.191528653042	

	
    Current index:	89501	
    Magnitude of W_grad:	37.524	
    Magnitude of W:	180187.07051645	
    Magnitude of B_grad:	0.096	
    Magnitude of b:	10.14720456591	

	
    Current index:	99501	
    Magnitude of W_grad:	34.388	
    Magnitude of W:	180169.75365142	
    Magnitude of B_grad:	0.112	
    Magnitude of b:	9.8968858392249	

	
    Current index:	109501	
    Magnitude of W_grad:	31.368	
    Magnitude of W:	180153.76759286	
    Magnitude of B_grad:	0.064	
    Magnitude of b:	10.024567486151	

	
    Current index:	119501	
    Magnitude of W_grad:	30.12	
    Magnitude of W:	180138.26105573	
    Magnitude of B_grad:	0.124	
    Magnitude of b:	10.006249194251	

	
    Current index:	129501	
    Magnitude of W_grad:	30.456	
    Magnitude of W:	180121.5921424	
    Magnitude of B_grad:	0.164	
    Magnitude of b:	10.083929372508	

	
    Current index:	139501	
    Magnitude of W_grad:	36.016000000001	
    Magnitude of W:	180103.78355814	
    Magnitude of B_grad:	0.248	
    Magnitude of b:	10.083607695761	

	
    Current index:	149501	
    Magnitude of W_grad:	31.536	
    Magnitude of W:	180088.50199338	
    Magnitude of B_grad:	0.076	
    Magnitude of b:	10.171285595638	

	
SGD: Hinge Loss is	
442053.89911901	
SGD: Validation Accuracy is:	
0.30608537693006	
SGD: Magnitude of W:	
180077.97833034	
SGD: Magnitude of b:	
9.6201570080851	
    Current index:	9501	
    Magnitude of W_grad:	24.528	
    Magnitude of W:	180063.59276022	
    Magnitude of B_grad:	0.14	
    Magnitude of b:	9.4918537114879	

	
    Current index:	19501	
    Magnitude of W_grad:	24	
    Magnitude of W:	180047.94345775	
    Magnitude of B_grad:	0.132	
    Magnitude of b:	9.2855551943784	

	
    Current index:	29501	
    Magnitude of W_grad:	39.332000000001	
    Magnitude of W:	180031.96278472	
    Magnitude of B_grad:	0.144	
    Magnitude of b:	9.4952533867876	

	
    Current index:	39501	
    Magnitude of W_grad:	28.231999999999	
    Magnitude of W:	180016.73621443	
    Magnitude of B_grad:	0.032	
    Magnitude of b:	9.6649484450625	

	
    Current index:	49501	
    Magnitude of W_grad:	30.196	
    Magnitude of W:	180002.54901313	
    Magnitude of B_grad:	0.184	
    Magnitude of b:	9.7206376847187	

	
    Current index:	59501	
    Magnitude of W_grad:	24.655999999999	
    Magnitude of W:	179987.4809569	
    Magnitude of B_grad:	0.096	
    Magnitude of b:	9.7663283180384	

	
    Current index:	69501	
    Magnitude of W_grad:	32.316	
    Magnitude of W:	179972.20152742	
    Magnitude of B_grad:	0.072	
    Magnitude of b:	10.086010942417	

	
    Current index:	79501	
    Magnitude of W_grad:	33.612	
    Magnitude of W:	179957.99419168	
    Magnitude of B_grad:	0.116	
    Magnitude of b:	10.049688791184	

	
    Current index:	89501	
    Magnitude of W_grad:	37.436	
    Magnitude of W:	179941.67690711	
    Magnitude of B_grad:	0.1	
    Magnitude of b:	10.021368936303	

	
    Current index:	99501	
    Magnitude of W_grad:	33.344	
    Magnitude of W:	179925.03354958	
    Magnitude of B_grad:	0.108	
    Magnitude of b:	9.7750540144922	

	
    Current index:	109501	
    Magnitude of W_grad:	31.696	
    Magnitude of W:	179909.44373482	
    Magnitude of B_grad:	0.048	
    Magnitude of b:	9.896739367332	

	
    Current index:	119501	
    Magnitude of W_grad:	29.568	
    Magnitude of W:	179894.38256817	
    Magnitude of B_grad:	0.148	
    Magnitude of b:	9.9084246855716	

	
    Current index:	129501	
    Magnitude of W_grad:	30.584	
    Magnitude of W:	179878.25690012	
    Magnitude of B_grad:	0.16	
    Magnitude of b:	9.9801079605282	

	
    Current index:	139501	
    Magnitude of W_grad:	34.744000000001	
    Magnitude of W:	179860.95770479	
    Magnitude of B_grad:	0.22	
    Magnitude of b:	9.9817892911077	

	
    Current index:	149501	
    Magnitude of W_grad:	30.808	
    Magnitude of W:	179846.12982415	
    Magnitude of B_grad:	0.084	
    Magnitude of b:	10.077470383141	

	
SGD: Hinge Loss is	
432985.0076037	
SGD: Validation Accuracy is:	
0.30881017257039	
SGD: Magnitude of W:	
179835.87063875	
SGD: Magnitude of b:	
9.5346531205923	
    Current index:	9501	
    Magnitude of W_grad:	24.116	
    Magnitude of W:	179821.80030246	
    Magnitude of B_grad:	0.116	
    Magnitude of b:	9.3903526330843	

	
    Current index:	19501	
    Magnitude of W_grad:	24.34	
    Magnitude of W:	179806.39174532	
    Magnitude of B_grad:	0.124	
    Magnitude of b:	9.178057734824	

	
    Current index:	29501	
    Magnitude of W_grad:	38.704000000001	
    Magnitude of W:	179790.98078909	
    Magnitude of B_grad:	0.152	
    Magnitude of b:	9.3697595714721	

	
    Current index:	39501	
    Magnitude of W_grad:	26.759999999999	
    Magnitude of W:	179775.98419954	
    Magnitude of B_grad:	0.044	
    Magnitude of b:	9.5294588318391	

	
    Current index:	49501	
    Magnitude of W_grad:	28.508	
    Magnitude of W:	179761.9929938	
    Magnitude of B_grad:	0.188	
    Magnitude of b:	9.607151900407	

	
    Current index:	59501	
    Magnitude of W_grad:	24.295999999999	
    Magnitude of W:	179747.32367181	
    Magnitude of B_grad:	0.1	
    Magnitude of b:	9.6588459065815	

	
    Current index:	69501	
    Magnitude of W_grad:	31.331999999999	
    Magnitude of W:	179732.38570783	
    Magnitude of B_grad:	0.048	
    Magnitude of b:	9.9665318877659	

	
    Current index:	79501	
    Magnitude of W_grad:	32.892	
    Magnitude of W:	179718.4371146	
    Magnitude of B_grad:	0.1	
    Magnitude of b:	9.944213271779	

	
    Current index:	89501	
    Magnitude of W_grad:	37.04	
    Magnitude of W:	179702.57865513	
    Magnitude of B_grad:	0.104	
    Magnitude of b:	9.9158966714537	

	
    Current index:	99501	
    Magnitude of W_grad:	33.22	
    Magnitude of W:	179686.3159542	
    Magnitude of B_grad:	0.108	
    Magnitude of b:	9.6655848446758	

	
    Current index:	109501	
    Magnitude of W_grad:	30.404	
    Magnitude of W:	179671.00469545	
    Magnitude of B_grad:	0.076	
    Magnitude of b:	9.8172734741879	

	
    Current index:	119501	
    Magnitude of W_grad:	27.144	
    Magnitude of W:	179656.47061965	
    Magnitude of B_grad:	0.12	
    Magnitude of b:	9.8089617087125	

	
    Current index:	129501	
    Magnitude of W_grad:	31.54	
    Magnitude of W:	179640.60091983	
    Magnitude of B_grad:	0.168	
    Magnitude of b:	9.8906483207231	

	
    Current index:	139501	
    Magnitude of W_grad:	33.664	
    Magnitude of W:	179623.55260598	
    Magnitude of B_grad:	0.164	
    Magnitude of b:	9.892332395212	

	
    Current index:	149501	
    Magnitude of W_grad:	30.108	
    Magnitude of W:	179609.2275521	
    Magnitude of B_grad:	0.076	
    Magnitude of b:	9.9920161162858	

	
Done.	
Testing on validation set...	
Done	
Datafile:	/n/home09/ankitgupta/CS287/HW1/SST1-uni-syns.hdf5	Classifier:	hinge	Alpha:	0	Eta:	0.5	Lambda:	0.5	Minibatch size:	500	Num Epochs:	15	Minimum Sentence Length:	0	
Accuracy:	0.30608537693006	
