[?1034hDatafile:	/n/home09/ankitgupta/CS287/HW1/SST1-uni-sent-syns.hdf5	Classifier:	lr	Alpha:	0	Eta:	1	Lambda:	1	Minibatch size:	500	Num Epochs:	15	Minimum Sentence Length:	5	
Note that not all parameters may apply to all classifiers	
Loading datafiles...	
Number of training samples before removing small sentences	156817	
Number of training samples after removing small sentences	146614	
Done.	
Training classifier...	
SGD: Loss is	
	LOSS:Calculated softmax res	
1219735.3432213	
SGD: crossEntropyLoss is	
1219735.3432213	
SGD: Validation Accuracy is:	
0.22888283378747	
SGD: Magnitude of W:	
184511.44714144	
SGD: Magnitude of b:	
4.4142032155152	
    Current index:	9501	
    Magnitude of W_grad:	35.373013700354	
    Magnitude of W:	184412.91782855	
    Magnitude of B_grad:	0.091563497474876	
    Magnitude of b:	5.9682646315018	

	
    Current index:	19501	
    Magnitude of W_grad:	40.109761085028	
    Magnitude of W:	184321.24229087	
    Magnitude of B_grad:	0.35716068414598	
    Magnitude of b:	6.1259181050809	

	
    Current index:	29501	
    Magnitude of W_grad:	38.521844446199	
    Magnitude of W:	184234.50829561	
    Magnitude of B_grad:	0.1879767135052	
    Magnitude of b:	6.3435907679463	

	
    Current index:	39501	
    Magnitude of W_grad:	39.064754553466	
    Magnitude of W:	184150.4672159	
    Magnitude of B_grad:	0.14101726437721	
    Magnitude of b:	6.5112782689298	

	
    Current index:	49501	
    Magnitude of W_grad:	41.53124941733	
    Magnitude of W:	184068.66061366	
    Magnitude of B_grad:	0.16330411235066	
    Magnitude of b:	7.0056897878291	

	
    Current index:	59501	
    Magnitude of W_grad:	35.902073678211	
    Magnitude of W:	183988.88382604	
    Magnitude of B_grad:	0.1405383878927	
    Magnitude of b:	7.6482148915738	

	
    Current index:	69501	
    Magnitude of W_grad:	40.247430704206	
    Magnitude of W:	183908.8576804	
    Magnitude of B_grad:	0.15648828756698	
    Magnitude of b:	8.0179235144196	

	
    Current index:	79501	
    Magnitude of W_grad:	37.727746337288	
    Magnitude of W:	183829.99202994	
    Magnitude of B_grad:	0.22628107239138	
    Magnitude of b:	7.6994437848429	

	
    Current index:	89501	
    Magnitude of W_grad:	49.17343308748	
    Magnitude of W:	183751.18915789	
    Magnitude of B_grad:	0.22542085730432	
    Magnitude of b:	7.8174281630779	

	
    Current index:	99501	
    Magnitude of W_grad:	41.164322991475	
    Magnitude of W:	183673.18075576	
    Magnitude of B_grad:	0.20122298263934	
    Magnitude of b:	8.763343946975	

	
    Current index:	109501	
    Magnitude of W_grad:	37.683931005584	
    Magnitude of W:	183596.92840565	
    Magnitude of B_grad:	0.09806784408764	
    Magnitude of b:	9.0199890003935	

	
    Current index:	119501	
    Magnitude of W_grad:	50.906232593207	
    Magnitude of W:	183523.3590744	
    Magnitude of B_grad:	0.20504358163207	
    Magnitude of b:	9.3076919567126	

	
    Current index:	129501	
    Magnitude of W_grad:	51.005090238482	
    Magnitude of W:	183453.01926287	
    Magnitude of B_grad:	0.30093646043887	
    Magnitude of b:	9.0951157102279	

	
    Current index:	139501	
    Magnitude of W_grad:	33.259790851584	
    Magnitude of W:	183384.91251339	
    Magnitude of B_grad:	0.07172409970555	
    Magnitude of b:	9.347885633752	

	
SGD: Loss is	
	LOSS:Calculated softmax res	
642572.26992081	
SGD: crossEntropyLoss is	
642572.26992081	
SGD: Validation Accuracy is:	
0.2724795640327	
SGD: Magnitude of W:	
183338.19755869	
SGD: Magnitude of b:	
8.3681056273132	
    Current index:	9501	
    Magnitude of W_grad:	33.001396107056	
    Magnitude of W:	183270.88588041	
    Magnitude of B_grad:	0.11884445533545	
    Magnitude of b:	7.611857179775	

	
    Current index:	19501	
    Magnitude of W_grad:	36.574771271401	
    Magnitude of W:	183207.13920901	
    Magnitude of B_grad:	0.33045078022676	
    Magnitude of b:	8.0204001180286	

	
    Current index:	29501	
    Magnitude of W_grad:	33.313864155073	
    Magnitude of W:	183146.98109713	
    Magnitude of B_grad:	0.16510182309679	
    Magnitude of b:	8.3195917248232	

	
    Current index:	39501	
    Magnitude of W_grad:	32.530171290542	
    Magnitude of W:	183084.27555607	
    Magnitude of B_grad:	0.15288512376705	
    Magnitude of b:	8.3672235920217	

	
    Current index:	49501	
    Magnitude of W_grad:	33.417081129435	
    Magnitude of W:	183021.63984834	
    Magnitude of B_grad:	0.10851427722151	
    Magnitude of b:	8.8024733648836	

	
    Current index:	59501	
    Magnitude of W_grad:	31.211529665346	
    Magnitude of W:	182961.47143805	
    Magnitude of B_grad:	0.16649859603928	
    Magnitude of b:	9.4191759450538	

	
    Current index:	69501	
    Magnitude of W_grad:	36.120249282987	
    Magnitude of W:	182900.98173347	
    Magnitude of B_grad:	0.13383688550819	
    Magnitude of b:	9.7891213429926	

	
    Current index:	79501	
    Magnitude of W_grad:	35.139080306686	
    Magnitude of W:	182841.25886354	
    Magnitude of B_grad:	0.18148749801705	
    Magnitude of b:	9.5910954417144	

	
    Current index:	89501	
    Magnitude of W_grad:	45.751449999454	
    Magnitude of W:	182778.37769788	
    Magnitude of B_grad:	0.18854174990762	
    Magnitude of b:	9.3074813821288	

	
    Current index:	99501	
    Magnitude of W_grad:	35.040439686476	
    Magnitude of W:	182716.39966312	
    Magnitude of B_grad:	0.18062840015083	
    Magnitude of b:	9.5269839197458	

	
    Current index:	109501	
    Magnitude of W_grad:	35.685624720443	
    Magnitude of W:	182654.92596439	
    Magnitude of B_grad:	0.13518717815698	
    Magnitude of b:	9.6325270328546	

	
    Current index:	119501	
    Magnitude of W_grad:	45.56377285104	
    Magnitude of W:	182592.89739146	
    Magnitude of B_grad:	0.15294624389254	
    Magnitude of b:	10.099598711711	

	
    Current index:	129501	
    Magnitude of W_grad:	49.574571439219	
    Magnitude of W:	182533.71228812	
    Magnitude of B_grad:	0.36323973879286	
    Magnitude of b:	9.8569731567055	

	
    Current index:	139501	
    Magnitude of W_grad:	32.308861867975	
    Magnitude of W:	182475.99611109	
    Magnitude of B_grad:	0.04951965821132	
    Magnitude of b:	9.9834144661629	

	
SGD: Loss is	
	LOSS:Calculated softmax res	
544196.25461621	
SGD: crossEntropyLoss is	
544196.25461621	
SGD: Validation Accuracy is:	
0.29427792915531	
SGD: Magnitude of W:	
182436.25392229	
SGD: Magnitude of b:	
9.0130637861573	
    Current index:	9501	
    Magnitude of W_grad:	27.837327165298	
    Magnitude of W:	182378.87928423	
    Magnitude of B_grad:	0.14816777709535	
    Magnitude of b:	8.9251932898342	

	
    Current index:	19501	
    Magnitude of W_grad:	34.235345522961	
    Magnitude of W:	182323.95327032	
    Magnitude of B_grad:	0.33859950465552	
    Magnitude of b:	9.1546018732114	

	
    Current index:	29501	
    Magnitude of W_grad:	33.415503862637	
    Magnitude of W:	182270.71689649	
    Magnitude of B_grad:	0.13205676436302	
    Magnitude of b:	9.252606920013	

	
    Current index:	39501	
    Magnitude of W_grad:	34.347285861121	
    Magnitude of W:	182215.11224279	
    Magnitude of B_grad:	0.11572342312749	
    Magnitude of b:	9.3977100932291	

	
    Current index:	49501	
    Magnitude of W_grad:	30.036831901927	
    Magnitude of W:	182159.72452921	
    Magnitude of B_grad:	0.088157107001009	
    Magnitude of b:	9.6676687897099	

	
    Current index:	59501	
    Magnitude of W_grad:	31.640742404403	
    Magnitude of W:	182106.22404455	
    Magnitude of B_grad:	0.17920265397207	
    Magnitude of b:	10.086456360406	

	
    Current index:	69501	
    Magnitude of W_grad:	33.090863941174	
    Magnitude of W:	182053.4668098	
    Magnitude of B_grad:	0.09135188006853	
    Magnitude of b:	10.496344828625	

	
    Current index:	79501	
    Magnitude of W_grad:	35.277077690137	
    Magnitude of W:	181999.33291367	
    Magnitude of B_grad:	0.17799955258675	
    Magnitude of b:	10.20721544154	

	
    Current index:	89501	
    Magnitude of W_grad:	39.998763751855	
    Magnitude of W:	181942.19118451	
    Magnitude of B_grad:	0.13823254672333	
    Magnitude of b:	9.931328455625	

	
    Current index:	99501	
    Magnitude of W_grad:	32.573389861326	
    Magnitude of W:	181886.22431964	
    Magnitude of B_grad:	0.16140591491821	
    Magnitude of b:	10.153387369056	

	
    Current index:	109501	
    Magnitude of W_grad:	34.562215943248	
    Magnitude of W:	181830.23142872	
    Magnitude of B_grad:	0.17796474320087	
    Magnitude of b:	10.172822161399	

	
    Current index:	119501	
    Magnitude of W_grad:	43.48662959134	
    Magnitude of W:	181773.89016892	
    Magnitude of B_grad:	0.12485393046942	
    Magnitude of b:	10.612956479419	

	
    Current index:	129501	
    Magnitude of W_grad:	48.952614810733	
    Magnitude of W:	181719.99105325	
    Magnitude of B_grad:	0.39205421888107	
    Magnitude of b:	10.3943675839	

	
    Current index:	139501	
    Magnitude of W_grad:	31.531034959707	
    Magnitude of W:	181667.10563259	
    Magnitude of B_grad:	0.058061670185785	
    Magnitude of b:	10.526589995618	

	
SGD: Loss is	
	LOSS:Calculated softmax res	
491281.98753521	
SGD: crossEntropyLoss is	
491281.98753521	
SGD: Validation Accuracy is:	
0.30517711171662	
SGD: Magnitude of W:	
181630.97462023	
SGD: Magnitude of b:	
9.6164515933274	
    Current index:	9501	
    Magnitude of W_grad:	27.015482014282	
    Magnitude of W:	181577.99966403	
    Magnitude of B_grad:	0.14936957402063	
    Magnitude of b:	9.4806288876713	

	
    Current index:	19501	
    Magnitude of W_grad:	32.983815440721	
    Magnitude of W:	181527.81072267	
    Magnitude of B_grad:	0.31570889868614	
    Magnitude of b:	9.6492689267986	

	
    Current index:	29501	
    Magnitude of W_grad:	33.216175292935	
    Magnitude of W:	181478.5118334	
    Magnitude of B_grad:	0.11788485723687	
    Magnitude of b:	9.7120252971226	

	
    Current index:	39501	
    Magnitude of W_grad:	34.024372582254	
    Magnitude of W:	181427.43861847	
    Magnitude of B_grad:	0.096020494824075	
    Magnitude of b:	9.859472656484	

	
    Current index:	49501	
    Magnitude of W_grad:	27.487742285456	
    Magnitude of W:	181376.24153254	
    Magnitude of B_grad:	0.084471159630282	
    Magnitude of b:	10.074926220727	

	
    Current index:	59501	
    Magnitude of W_grad:	31.414759496682	
    Magnitude of W:	181326.16198539	
    Magnitude of B_grad:	0.191667765042	
    Magnitude of b:	10.40785049845	

	
    Current index:	69501	
    Magnitude of W_grad:	30.530742885023	
    Magnitude of W:	181277.67621847	
    Magnitude of B_grad:	0.079984446700906	
    Magnitude of b:	10.788607368861	

	
    Current index:	79501	
    Magnitude of W_grad:	34.909662606628	
    Magnitude of W:	181226.80311879	
    Magnitude of B_grad:	0.2000336856723	
    Magnitude of b:	10.472822855924	

	
    Current index:	89501	
    Magnitude of W_grad:	36.306985630189	
    Magnitude of W:	181174.15893465	
    Magnitude of B_grad:	0.099845671241586	
    Magnitude of b:	10.21916001971	

	
    Current index:	99501	
    Magnitude of W_grad:	30.468662391901	
    Magnitude of W:	181121.72380913	
    Magnitude of B_grad:	0.13657636394963	
    Magnitude of b:	10.43621167793	

	
    Current index:	109501	
    Magnitude of W_grad:	33.572436862494	
    Magnitude of W:	181069.83542328	
    Magnitude of B_grad:	0.19066544489938	
    Magnitude of b:	10.43259176095	

	
    Current index:	119501	
    Magnitude of W_grad:	40.731363146608	
    Magnitude of W:	181018.21299991	
    Magnitude of B_grad:	0.11847645406687	
    Magnitude of b:	10.867189089268	

	
    Current index:	129501	
    Magnitude of W_grad:	47.363067210831	
    Magnitude of W:	180968.73233002	
    Magnitude of B_grad:	0.38546476976909	
    Magnitude of b:	10.63248555245	

	
    Current index:	139501	
    Magnitude of W_grad:	30.578400062862	
    Magnitude of W:	180920.06597824	
    Magnitude of B_grad:	0.068519769108772	
    Magnitude of b:	10.764570487306	

	
SGD: Loss is	
	LOSS:Calculated softmax res	
456045.28422287	
SGD: crossEntropyLoss is	
456045.28422287	
SGD: Validation Accuracy is:	
0.30971843778383	
SGD: Magnitude of W:	
180886.35208238	
SGD: Magnitude of b:	
9.8481070118518	
    Current index:	9501	
    Magnitude of W_grad:	26.171365806903	
    Magnitude of W:	180836.56942887	
    Magnitude of B_grad:	0.1359768288773	
    Magnitude of b:	9.7266741842602	

	
    Current index:	19501	
    Magnitude of W_grad:	31.407667808688	
    Magnitude of W:	180789.97113717	
    Magnitude of B_grad:	0.28913951154079	
    Magnitude of b:	9.8611976768952	

	
    Current index:	29501	
    Magnitude of W_grad:	32.202096916774	
    Magnitude of W:	180743.24485693	
    Magnitude of B_grad:	0.10761207030748	
    Magnitude of b:	9.9077193914685	

	
    Current index:	39501	
    Magnitude of W_grad:	32.327873107529	
    Magnitude of W:	180695.95855321	
    Magnitude of B_grad:	0.085966173373714	
    Magnitude of b:	10.064617850964	

	
    Current index:	49501	
    Magnitude of W_grad:	24.957795284131	
    Magnitude of W:	180648.54590232	
    Magnitude of B_grad:	0.076856357210471	
    Magnitude of b:	10.247302195006	

	
    Current index:	59501	
    Magnitude of W_grad:	31.405552669857	
    Magnitude of W:	180601.57668344	
    Magnitude of B_grad:	0.18074592329752	
    Magnitude of b:	10.524744457888	

	
    Current index:	69501	
    Magnitude of W_grad:	28.87672696493	
    Magnitude of W:	180555.94873985	
    Magnitude of B_grad:	0.092976218625069	
    Magnitude of b:	10.875991400767	

	
    Current index:	79501	
    Magnitude of W_grad:	34.390658501502	
    Magnitude of W:	180507.91818371	
    Magnitude of B_grad:	0.20949047878561	
    Magnitude of b:	10.555782360344	

	
    Current index:	89501	
    Magnitude of W_grad:	34.282993559613	
    Magnitude of W:	180458.12857597	
    Magnitude of B_grad:	0.090448595961431	
    Magnitude of b:	10.320006939716	

	
    Current index:	99501	
    Magnitude of W_grad:	28.772255650194	
    Magnitude of W:	180409.46008261	
    Magnitude of B_grad:	0.12194091989257	
    Magnitude of b:	10.527845544652	

	
    Current index:	109501	
    Magnitude of W_grad:	32.498498906046	
    Magnitude of W:	180361.19487978	
    Magnitude of B_grad:	0.18993664362052	
    Magnitude of b:	10.505724726412	

	
    Current index:	119501	
    Magnitude of W_grad:	38.76029148475	
    Magnitude of W:	180313.68319065	
    Magnitude of B_grad:	0.11952944434746	
    Magnitude of b:	10.928726517651	

	
    Current index:	129501	
    Magnitude of W_grad:	45.950517503007	
    Magnitude of W:	180266.91907447	
    Magnitude of B_grad:	0.36724534234732	
    Magnitude of b:	10.710864189071	

	
    Current index:	139501	
    Magnitude of W_grad:	29.584725943577	
    Magnitude of W:	180221.1792365	
    Magnitude of B_grad:	0.075719537014794	
    Magnitude of b:	10.835525889758	

	
SGD: Loss is	
	LOSS:Calculated softmax res	
430359.68675467	
SGD: crossEntropyLoss is	
430359.68675467	
SGD: Validation Accuracy is:	
0.32061762034514	
SGD: Magnitude of W:	
180188.97893295	
SGD: Magnitude of b:	
9.9260121877062	
    Current index:	9501	
    Magnitude of W_grad:	25.336030824338	
    Magnitude of W:	180143.08309714	
    Magnitude of B_grad:	0.11893062505555	
    Magnitude of b:	9.805921360274	

	
    Current index:	19501	
    Magnitude of W_grad:	29.763141056296	
    Magnitude of W:	180098.89636745	
    Magnitude of B_grad:	0.26284183848932	
    Magnitude of b:	9.9194807589793	

	
    Current index:	29501	
    Magnitude of W_grad:	30.82000999885	
    Magnitude of W:	180054.44231522	
    Magnitude of B_grad:	0.099667210530267	
    Magnitude of b:	9.9596809579401	

	
    Current index:	39501	
    Magnitude of W_grad:	30.147696274907	
    Magnitude of W:	180009.75474253	
    Magnitude of B_grad:	0.086890631195194	
    Magnitude of b:	10.117737872823	

	
    Current index:	49501	
    Magnitude of W_grad:	23.413176531974	
    Magnitude of W:	179965.36580939	
    Magnitude of B_grad:	0.066288580101533	
    Magnitude of b:	10.267314500939	

	
    Current index:	59501	
    Magnitude of W_grad:	30.967808034938	
    Magnitude of W:	179920.83500119	
    Magnitude of B_grad:	0.16969786319802	
    Magnitude of b:	10.526685398072	

	
    Current index:	69501	
    Magnitude of W_grad:	28.059907955351	
    Magnitude of W:	179877.66245814	
    Magnitude of B_grad:	0.098046542848229	
    Magnitude of b:	10.851485035186	

	
    Current index:	79501	
    Magnitude of W_grad:	33.672291009099	
    Magnitude of W:	179832.22949937	
    Magnitude of B_grad:	0.21212790914093	
    Magnitude of b:	10.526399038489	

	
    Current index:	89501	
    Magnitude of W_grad:	32.96385279238	
    Magnitude of W:	179785.26971977	
    Magnitude of B_grad:	0.087336503744526	
    Magnitude of b:	10.304349135315	

	
    Current index:	99501	
    Magnitude of W_grad:	27.595670709895	
    Magnitude of W:	179738.94972062	
    Magnitude of B_grad:	0.11590056822462	
    Magnitude of b:	10.505933281127	

	
    Current index:	109501	
    Magnitude of W_grad:	31.581735339717	
    Magnitude of W:	179692.99634217	
    Magnitude of B_grad:	0.18512750456385	
    Magnitude of b:	10.462742818475	

	
    Current index:	119501	
    Magnitude of W_grad:	37.417615690214	
    Magnitude of W:	179647.21968715	
    Magnitude of B_grad:	0.11842837730705	
    Magnitude of b:	10.876280761474	

	
    Current index:	129501	
    Magnitude of W_grad:	44.841760748452	
    Magnitude of W:	179602.58428527	
    Magnitude of B_grad:	0.35059191919626	
    Magnitude of b:	10.691350380353	

	
    Current index:	139501	
    Magnitude of W_grad:	28.521889636638	
    Magnitude of W:	179559.21764919	
    Magnitude of B_grad:	0.079036826117617	
    Magnitude of b:	10.806187464635	

	
SGD: Loss is	
	LOSS:Calculated softmax res	
410487.17092888	
SGD: crossEntropyLoss is	
410487.17092888	
SGD: Validation Accuracy is:	
0.32879200726612	
SGD: Magnitude of W:	
179528.75709931	
SGD: Magnitude of b:	
9.9101268409576	
    Current index:	9501	
    Magnitude of W_grad:	24.668258696524	
    Magnitude of W:	179484.81901508	
    Magnitude of B_grad:	0.10020249482667	
    Magnitude of b:	9.7875039909848	

	
    Current index:	19501	
    Magnitude of W_grad:	28.370416051439	
    Magnitude of W:	179442.26611258	
    Magnitude of B_grad:	0.23810401954138	
    Magnitude of b:	9.8834990188462	

	
    Current index:	29501	
    Magnitude of W_grad:	28.702590025293	
    Magnitude of W:	179399.49779785	
    Magnitude of B_grad:	0.10267866003083	
    Magnitude of b:	9.9271926319396	

	
    Current index:	39501	
    Magnitude of W_grad:	28.444800464612	
    Magnitude of W:	179356.7683739	
    Magnitude of B_grad:	0.090082799793157	
    Magnitude of b:	10.08504995337	

	
    Current index:	49501	
    Magnitude of W_grad:	22.756680066901	
    Magnitude of W:	179314.74646651	
    Magnitude of B_grad:	0.053955990936553	
    Magnitude of b:	10.19904433066	

	
    Current index:	59501	
    Magnitude of W_grad:	30.095223968842	
    Magnitude of W:	179271.93247898	
    Magnitude of B_grad:	0.16124634504928	
    Magnitude of b:	10.47331905541	

	
    Current index:	69501	
    Magnitude of W_grad:	27.494235011034	
    Magnitude of W:	179230.48885215	
    Magnitude of B_grad:	0.10001332705672	
    Magnitude of b:	10.780089038907	

	
    Current index:	79501	
    Magnitude of W_grad:	32.893750459104	
    Magnitude of W:	179187.19468151	
    Magnitude of B_grad:	0.21178897992583	
    Magnitude of b:	10.442738932456	

	
    Current index:	89501	
    Magnitude of W_grad:	32.182797983349	
    Magnitude of W:	179142.28344467	
    Magnitude of B_grad:	0.0864659653645	
    Magnitude of b:	10.233799505835	

	
    Current index:	99501	
    Magnitude of W_grad:	26.733695749499	
    Magnitude of W:	179097.64639404	
    Magnitude of B_grad:	0.10962035555451	
    Magnitude of b:	10.432797762113	

	
    Current index:	109501	
    Magnitude of W_grad:	31.020311364839	
    Magnitude of W:	179053.56510261	
    Magnitude of B_grad:	0.18210987577269	
    Magnitude of b:	10.38447015267	

	
    Current index:	119501	
    Magnitude of W_grad:	36.127076812162	
    Magnitude of W:	179009.85071093	
    Magnitude of B_grad:	0.11530076264333	
    Magnitude of b:	10.779981586817	

	
    Current index:	129501	
    Magnitude of W_grad:	43.759801721611	
    Magnitude of W:	178966.53044811	
    Magnitude of B_grad:	0.33732798008976	
    Magnitude of b:	10.62545760295	

	
    Current index:	139501	
    Magnitude of W_grad:	27.483968602373	
    Magnitude of W:	178924.49810805	
    Magnitude of B_grad:	0.079603518469844	
    Magnitude of b:	10.734707585859	

	
SGD: Loss is	
	LOSS:Calculated softmax res	
394286.60748518	
SGD: crossEntropyLoss is	
394286.60748518	
SGD: Validation Accuracy is:	
0.32970027247956	
SGD: Magnitude of W:	
178895.38816378	
SGD: Magnitude of b:	
9.8541654313684	
    Current index:	9501	
    Magnitude of W_grad:	24.266683007589	
    Magnitude of W:	178853.21339316	
    Magnitude of B_grad:	0.092668796918483	
    Magnitude of b:	9.7296382692328	

	
    Current index:	19501	
    Magnitude of W_grad:	27.221108691022	
    Magnitude of W:	178812.218804	
    Magnitude of B_grad:	0.21599188068915	
    Magnitude of b:	9.812589963891	

	
    Current index:	29501	
    Magnitude of W_grad:	26.982476965586	
    Magnitude of W:	178770.86811579	
    Magnitude of B_grad:	0.10927171891716	
    Magnitude of b:	9.862301598826	

	
    Current index:	39501	
    Magnitude of W_grad:	27.417291278094	
    Magnitude of W:	178729.63522359	
    Magnitude of B_grad:	0.093022088485869	
    Magnitude of b:	10.021495201622	

	
    Current index:	49501	
    Magnitude of W_grad:	22.706932417721	
    Magnitude of W:	178689.8364523	
    Magnitude of B_grad:	0.046034256659356	
    Magnitude of b:	10.104883014737	

	
    Current index:	59501	
    Magnitude of W_grad:	29.053929259313	
    Magnitude of W:	178648.41177838	
    Magnitude of B_grad:	0.15389417539905	
    Magnitude of b:	10.401039040809	

	
    Current index:	69501	
    Magnitude of W_grad:	26.954480914582	
    Magnitude of W:	178608.82317826	
    Magnitude of B_grad:	0.099927786708798	
    Magnitude of b:	10.694284406604	

	
    Current index:	79501	
    Magnitude of W_grad:	32.082347094301	
    Magnitude of W:	178567.70469098	
    Magnitude of B_grad:	0.21038141485736	
    Magnitude of b:	10.342132711861	

	
    Current index:	89501	
    Magnitude of W_grad:	31.844628906775	
    Magnitude of W:	178524.5278209	
    Magnitude of B_grad:	0.0861737393549	
    Magnitude of b:	10.146136057506	

	
    Current index:	99501	
    Magnitude of W_grad:	25.955274568904	
    Magnitude of W:	178481.13700975	
    Magnitude of B_grad:	0.10422834332718	
    Magnitude of b:	10.345625944167	

	
    Current index:	109501	
    Magnitude of W_grad:	30.399560726426	
    Magnitude of W:	178439.22323278	
    Magnitude of B_grad:	0.17954847720956	
    Magnitude of b:	10.294041306924	

	
    Current index:	119501	
    Magnitude of W_grad:	34.779302403559	
    Magnitude of W:	178397.20968662	
    Magnitude of B_grad:	0.11303788603003	
    Magnitude of b:	10.664851777594	

	
    Current index:	129501	
    Magnitude of W_grad:	42.621217054997	
    Magnitude of W:	178355.18693331	
    Magnitude of B_grad:	0.32612886482022	
    Magnitude of b:	10.541159485263	

	
    Current index:	139501	
    Magnitude of W_grad:	26.602666264119	
    Magnitude of W:	178314.59967234	
    Magnitude of B_grad:	0.079100957971831	
    Magnitude of b:	10.645989318745	

	
SGD: Loss is	
	LOSS:Calculated softmax res	
380602.29443005	
SGD: crossEntropyLoss is	
380602.29443005	
SGD: Validation Accuracy is:	
0.33424159854678	
SGD: Magnitude of W:	
178286.75388139	
SGD: Magnitude of b:	
9.7813150011816	
    Current index:	9501	
    Magnitude of W_grad:	24.110683007648	
    Magnitude of W:	178245.9578641	
    Magnitude of B_grad:	0.088148714837221	
    Magnitude of b:	9.6577723004354	

	
    Current index:	19501	
    Magnitude of W_grad:	26.411435236043	
    Magnitude of W:	178206.40350985	
    Magnitude of B_grad:	0.19745448771779	
    Magnitude of b:	9.7321108750109	

	
    Current index:	29501	
    Magnitude of W_grad:	25.682269956416	
    Magnitude of W:	178166.32703559	
    Magnitude of B_grad:	0.11267120441246	
    Magnitude of b:	9.7878829300415	

	
    Current index:	39501	
    Magnitude of W_grad:	26.592863855604	
    Magnitude of W:	178126.64237183	
    Magnitude of B_grad:	0.093622280438524	
    Magnitude of b:	9.9543824625168	

	
    Current index:	49501	
    Magnitude of W_grad:	22.642777295777	
    Magnitude of W:	178088.07863534	
    Magnitude of B_grad:	0.046197837367664	
    Magnitude of b:	10.012164874689	

	
    Current index:	59501	
    Magnitude of W_grad:	27.968173724966	
    Magnitude of W:	178048.03018766	
    Magnitude of B_grad:	0.14701725333842	
    Magnitude of b:	10.325382038498	

	
    Current index:	69501	
    Magnitude of W_grad:	26.490366904453	
    Magnitude of W:	178009.68950751	
    Magnitude of B_grad:	0.098915651564634	
    Magnitude of b:	10.60668825629	

	
    Current index:	79501	
    Magnitude of W_grad:	31.269776480524	
    Magnitude of W:	177970.29965306	
    Magnitude of B_grad:	0.20841794625983	
    Magnitude of b:	10.244660254197	

	
    Current index:	89501	
    Magnitude of W_grad:	31.634457872647	
    Magnitude of W:	177928.38309952	
    Magnitude of B_grad:	0.085961181104888	
    Magnitude of b:	10.05978037135	

	
    Current index:	99501	
    Magnitude of W_grad:	25.219796564803	
    Magnitude of W:	177886.57462717	
    Magnitude of B_grad:	0.10058615606486	
    Magnitude of b:	10.259226959574	

	
    Current index:	109501	
    Magnitude of W_grad:	29.739955433571	
    Magnitude of W:	177846.23804519	
    Magnitude of B_grad:	0.17714096786303	
    Magnitude of b:	10.20566118654	

	
    Current index:	119501	
    Magnitude of W_grad:	33.383500626372	
    Magnitude of W:	177805.95179815	
    Magnitude of B_grad:	0.1095086588166	
    Magnitude of b:	10.54955603323	

	
    Current index:	129501	
    Magnitude of W_grad:	41.522605769437	
    Magnitude of W:	177765.16825696	
    Magnitude of B_grad:	0.3165131508533	
    Magnitude of b:	10.455538409173	

	
    Current index:	139501	
    Magnitude of W_grad:	25.875283169004	
    Magnitude of W:	177725.72496026	
    Magnitude of B_grad:	0.077731938450397	
    Magnitude of b:	10.55552722769	

	
SGD: Loss is	
	LOSS:Calculated softmax res	
368849.82142352	
SGD: crossEntropyLoss is	
368849.82142352	
SGD: Validation Accuracy is:	
0.3369663941871	
SGD: Magnitude of W:	
177698.79909346	
SGD: Magnitude of b:	
9.705290984031	
    Current index:	9501	
    Magnitude of W_grad:	23.964229160772	
    Magnitude of W:	177659.40506036	
    Magnitude of B_grad:	0.08361722648112	
    Magnitude of b:	9.5841387558907	

	
    Current index:	19501	
    Magnitude of W_grad:	25.705266056787	
    Magnitude of W:	177621.15633067	
    Magnitude of B_grad:	0.18210390413165	
    Magnitude of b:	9.6521235057441	

	
    Current index:	29501	
    Magnitude of W_grad:	24.482610117844	
    Magnitude of W:	177582.04942757	
    Magnitude of B_grad:	0.11313629293681	
    Magnitude of b:	9.7138888839381	

	
    Current index:	39501	
    Magnitude of W_grad:	25.85010394694	
    Magnitude of W:	177543.85913407	
    Magnitude of B_grad:	0.092400148230472	
    Magnitude of b:	9.8870926753583	

	
    Current index:	49501	
    Magnitude of W_grad:	22.414644863315	
    Magnitude of W:	177506.57203389	
    Magnitude of B_grad:	0.044501405000795	
    Magnitude of b:	9.9250050725199	

	
    Current index:	59501	
    Magnitude of W_grad:	26.874448525063	
    Magnitude of W:	177467.5902717	
    Magnitude of B_grad:	0.14106857850959	
    Magnitude of b:	10.249829729336	

	
    Current index:	69501	
    Magnitude of W_grad:	26.075427898673	
    Magnitude of W:	177430.44943316	
    Magnitude of B_grad:	0.098817427867687	
    Magnitude of b:	10.520389215965	

	
    Current index:	79501	
    Magnitude of W_grad:	30.479276723829	
    Magnitude of W:	177392.61063363	
    Magnitude of B_grad:	0.20610079722294	
    Magnitude of b:	10.155110946437	

	
    Current index:	89501	
    Magnitude of W_grad:	31.327918196123	
    Magnitude of W:	177351.78612588	
    Magnitude of B_grad:	0.08529355387677	
    Magnitude of b:	9.9794001626179	

	
    Current index:	99501	
    Magnitude of W_grad:	24.561056848494	
    Magnitude of W:	177311.54261881	
    Magnitude of B_grad:	0.098685944317319	
    Magnitude of b:	10.176727915146	

	
    Current index:	109501	
    Magnitude of W_grad:	29.057565406064	
    Magnitude of W:	177272.69252091	
    Magnitude of B_grad:	0.17505285529071	
    Magnitude of b:	10.123954470723	

	
    Current index:	119501	
    Magnitude of W_grad:	32.10865201205	
    Magnitude of W:	177233.71512133	
    Magnitude of B_grad:	0.10551508957517	
    Magnitude of b:	10.441863176028	

	
    Current index:	129501	
    Magnitude of W_grad:	40.431991178129	
    Magnitude of W:	177193.99281269	
    Magnitude of B_grad:	0.30779299575256	
    Magnitude of b:	10.374201505438	

	
    Current index:	139501	
    Magnitude of W_grad:	25.211369573505	
    Magnitude of W:	177155.58225269	
    Magnitude of B_grad:	0.075633156090506	
    Magnitude of b:	10.468585876133	

	
SGD: Loss is	
	LOSS:Calculated softmax res	
358611.04032064	
SGD: crossEntropyLoss is	
358611.04032064	
SGD: Validation Accuracy is:	
0.34059945504087	
SGD: Magnitude of W:	
177129.41246616	
SGD: Magnitude of b:	
9.6312587673732	
    Current index:	9501	
    Magnitude of W_grad:	23.811707614687	
    Magnitude of W:	177091.5629746	
    Magnitude of B_grad:	0.079507412235053	
    Magnitude of b:	9.5124404727365	

	
    Current index:	19501	
    Magnitude of W_grad:	25.087550877453	
    Magnitude of W:	177054.6454028	
    Magnitude of B_grad:	0.16887622625751	
    Magnitude of b:	9.5752125085519	

	
    Current index:	29501	
    Magnitude of W_grad:	23.30917882655	
    Magnitude of W:	177016.46261779	
    Magnitude of B_grad:	0.11152194569999	
    Magnitude of b:	9.6416592077163	

	
    Current index:	39501	
    Magnitude of W_grad:	25.154800342109	
    Magnitude of W:	176979.06407904	
    Magnitude of B_grad:	0.089954151332102	
    Magnitude of b:	9.8201828138333	

	
    Current index:	49501	
    Magnitude of W_grad:	22.043863138769	
    Magnitude of W:	176942.63126472	
    Magnitude of B_grad:	0.041230217216533	
    Magnitude of b:	9.8435380818169	

	
    Current index:	59501	
    Magnitude of W_grad:	25.871660079016	
    Magnitude of W:	176904.579863	
    Magnitude of B_grad:	0.13580827736801	
    Magnitude of b:	10.176368329535	

	
    Current index:	69501	
    Magnitude of W_grad:	25.594659273451	
    Magnitude of W:	176868.56362715	
    Magnitude of B_grad:	0.099333159548824	
    Magnitude of b:	10.437165606409	

	
    Current index:	79501	
    Magnitude of W_grad:	29.736076346441	
    Magnitude of W:	176832.04530301	
    Magnitude of B_grad:	0.20322119099431	
    Magnitude of b:	10.073329007874	

	
    Current index:	89501	
    Magnitude of W_grad:	30.880637563405	
    Magnitude of W:	176792.37931731	
    Magnitude of B_grad:	0.083789526697648	
    Magnitude of b:	9.904962716726	

	
    Current index:	99501	
    Magnitude of W_grad:	23.914817533521	
    Magnitude of W:	176752.90310641	
    Magnitude of B_grad:	0.098187175718277	
    Magnitude of b:	10.099615920688	

	
    Current index:	109501	
    Magnitude of W_grad:	28.507141789553	
    Magnitude of W:	176715.5396413	
    Magnitude of B_grad:	0.17337010081919	
    Magnitude of b:	10.050005646107	

	
    Current index:	119501	
    Magnitude of W_grad:	30.924272516193	
    Magnitude of W:	176677.7720206	
    Magnitude of B_grad:	0.10145293579024	
    Magnitude of b:	10.344249537606	

	
    Current index:	129501	
    Magnitude of W_grad:	39.352562251879	
    Magnitude of W:	176639.15521581	
    Magnitude of B_grad:	0.29968753179644	
    Magnitude of b:	10.298872245624	

	
    Current index:	139501	
    Magnitude of W_grad:	24.604075951236	
    Magnitude of W:	176601.6825834	
    Magnitude of B_grad:	0.073263924529327	
    Magnitude of b:	10.386720747468	

	
SGD: Loss is	
	LOSS:Calculated softmax res	
349578.43708244	
SGD: crossEntropyLoss is	
349578.43708244	
SGD: Validation Accuracy is:	
0.34241598546776	
SGD: Magnitude of W:	
176576.18045422	
SGD: Magnitude of b:	
9.5611538223662	
    Current index:	9501	
    Magnitude of W_grad:	23.616394146458	
    Magnitude of W:	176539.40589445	
    Magnitude of B_grad:	0.076423695162744	
    Magnitude of b:	9.4441168315506	

	
    Current index:	19501	
    Magnitude of W_grad:	24.494794996961	
    Magnitude of W:	176503.4654339	
    Magnitude of B_grad:	0.15655044057699	
    Magnitude of b:	9.5025079398423	

	
    Current index:	29501	
    Magnitude of W_grad:	22.182001132032	
    Magnitude of W:	176466.08606037	
    Magnitude of B_grad:	0.10917706433677	
    Magnitude of b:	9.5713432343382	

	
    Current index:	39501	
    Magnitude of W_grad:	24.442594869829	
    Magnitude of W:	176429.65152957	
    Magnitude of B_grad:	0.086807440533708	
    Magnitude of b:	9.7550994724365	

	
    Current index:	49501	
    Magnitude of W_grad:	21.582860871348	
    Magnitude of W:	176393.97490058	
    Magnitude of B_grad:	0.037403630341465	
    Magnitude of b:	9.7674405535883	

	
    Current index:	59501	
    Magnitude of W_grad:	25.11029164685	
    Magnitude of W:	176356.86321349	
    Magnitude of B_grad:	0.13044819284966	
    Magnitude of b:	10.106340036179	

	
    Current index:	69501	
    Magnitude of W_grad:	25.141660604244	
    Magnitude of W:	176321.96200171	
    Magnitude of B_grad:	0.099669600741322	
    Magnitude of b:	10.358500845122	

	
    Current index:	79501	
    Magnitude of W_grad:	29.074625819994	
    Magnitude of W:	176286.52050271	
    Magnitude of B_grad:	0.19968023539495	
    Magnitude of b:	9.9997787414742	

	
    Current index:	89501	
    Magnitude of W_grad:	30.32417042867	
    Magnitude of W:	176247.67869865	
    Magnitude of B_grad:	0.081612221355134	
    Magnitude of b:	9.8363719058739	

	
    Current index:	99501	
    Magnitude of W_grad:	23.279034702016	
    Magnitude of W:	176209.14488749	
    Magnitude of B_grad:	0.098511524677587	
    Magnitude of b:	10.028493748808	

	
    Current index:	109501	
    Magnitude of W_grad:	27.979827542379	
    Magnitude of W:	176172.86610704	
    Magnitude of B_grad:	0.17176758521209	
    Magnitude of b:	9.9826434895159	

	
    Current index:	119501	
    Magnitude of W_grad:	29.806359363023	
    Magnitude of W:	176136.16291736	
    Magnitude of B_grad:	0.099085474847062	
    Magnitude of b:	10.256340963423	

	
    Current index:	129501	
    Magnitude of W_grad:	38.300314306968	
    Magnitude of W:	176098.49662115	
    Magnitude of B_grad:	0.29224476672143	
    Magnitude of b:	10.229685068565	

	
    Current index:	139501	
    Magnitude of W_grad:	24.036588804991	
    Magnitude of W:	176061.93019379	
    Magnitude of B_grad:	0.071127957896966	
    Magnitude of b:	10.310342318934	

	
SGD: Loss is	
	LOSS:Calculated softmax res	
341542.5049371	
SGD: crossEntropyLoss is	
341542.5049371	
SGD: Validation Accuracy is:	
0.34877384196185	
SGD: Magnitude of W:	
176037.03168584	
SGD: Magnitude of b:	
9.49609146688	
    Current index:	9501	
    Magnitude of W_grad:	23.388603079462	
    Magnitude of W:	176001.46786825	
    Magnitude of B_grad:	0.074329704229117	
    Magnitude of b:	9.380130447948	

	
    Current index:	19501	
    Magnitude of W_grad:	23.916771510643	
    Magnitude of W:	175966.25379109	
    Magnitude of B_grad:	0.14448736814641	
    Magnitude of b:	9.4348695918734	

	
    Current index:	29501	
    Magnitude of W_grad:	21.079317565686	
    Magnitude of W:	175929.59808172	
    Magnitude of B_grad:	0.10847815315235	
    Magnitude of b:	9.5051875248874	

	
    Current index:	39501	
    Magnitude of W_grad:	23.831847904902	
    Magnitude of W:	175893.9195002	
    Magnitude of B_grad:	0.083744151461506	
    Magnitude of b:	9.692415202038	

	
    Current index:	49501	
    Magnitude of W_grad:	21.108057789545	
    Magnitude of W:	175858.84527922	
    Magnitude of B_grad:	0.03380844452206	
    Magnitude of b:	9.6953450386764	

	
    Current index:	59501	
    Magnitude of W_grad:	24.495737685648	
    Magnitude of W:	175822.29475413	
    Magnitude of B_grad:	0.12493519943743	
    Magnitude of b:	10.039357572931	

	
    Current index:	69501	
    Magnitude of W_grad:	24.699188003429	
    Magnitude of W:	175788.13140151	
    Magnitude of B_grad:	0.099790393414098	
    Magnitude of b:	10.283742775573	

	
    Current index:	79501	
    Magnitude of W_grad:	28.445054885414	
    Magnitude of W:	175753.98606786	
    Magnitude of B_grad:	0.19559431364077	
    Magnitude of b:	9.9323451929133	

	
    Current index:	89501	
    Magnitude of W_grad:	29.737248917034	
    Magnitude of W:	175716.06456327	
    Magnitude of B_grad:	0.07926192375966	
    Magnitude of b:	9.7716317732233	

	
    Current index:	99501	
    Magnitude of W_grad:	22.714779981277	
    Magnitude of W:	175678.53575276	
    Magnitude of B_grad:	0.098722810151039	
    Magnitude of b:	9.9614485488614	

	
    Current index:	109501	
    Magnitude of W_grad:	27.4373844335	
    Magnitude of W:	175642.99936208	
    Magnitude of B_grad:	0.16996705689098	
    Magnitude of b:	9.9185997696868	

	
    Current index:	119501	
    Magnitude of W_grad:	28.779070032132	
    Magnitude of W:	175607.38686165	
    Magnitude of B_grad:	0.099275537757662	
    Magnitude of b:	10.175508527912	

	
    Current index:	129501	
    Magnitude of W_grad:	37.250866761963	
    Magnitude of W:	175570.53373402	
    Magnitude of B_grad:	0.28562345884973	
    Magnitude of b:	10.164821727111	

	
    Current index:	139501	
    Magnitude of W_grad:	23.494869491283	
    Magnitude of W:	175534.63914604	
    Magnitude of B_grad:	0.069595620346651	
    Magnitude of b:	10.237925858842	

	
SGD: Loss is	
	LOSS:Calculated softmax res	
334348.25039644	
SGD: crossEntropyLoss is	
334348.25039644	
SGD: Validation Accuracy is:	
0.34604904632153	
SGD: Magnitude of W:	
175510.4772243	
SGD: Magnitude of b:	
9.4349242414319	
    Current index:	9501	
    Magnitude of W_grad:	23.136163351155	
    Magnitude of W:	175475.7909982	
    Magnitude of B_grad:	0.072904675193912	
    Magnitude of b:	9.31971695524	

	
    Current index:	19501	
    Magnitude of W_grad:	23.317708706565	
    Magnitude of W:	175441.21733413	
    Magnitude of B_grad:	0.13264287551399	
    Magnitude of b:	9.3719536452109	

	
    Current index:	29501	
    Magnitude of W_grad:	20.077375631607	
    Magnitude of W:	175405.23138309	
    Magnitude of B_grad:	0.10849087914921	
    Magnitude of b:	9.4425077027783	

	
    Current index:	39501	
    Magnitude of W_grad:	23.371302432156	
    Magnitude of W:	175370.0305652	
    Magnitude of B_grad:	0.080840606640881	
    Magnitude of b:	9.6321664246041	

	
    Current index:	49501	
    Magnitude of W_grad:	20.655476185104	
    Magnitude of W:	175335.55911937	
    Magnitude of B_grad:	0.030816639434535	
    Magnitude of b:	9.6264731202563	

	
    Current index:	59501	
    Magnitude of W_grad:	23.966526997288	
    Magnitude of W:	175299.52221912	
    Magnitude of B_grad:	0.11939052029803	
    Magnitude of b:	9.9748916805706	

	
    Current index:	69501	
    Magnitude of W_grad:	24.295836717108	
    Magnitude of W:	175266.34358837	
    Magnitude of B_grad:	0.099590738746609	
    Magnitude of b:	10.212196841438	

	
    Current index:	79501	
    Magnitude of W_grad:	27.817213265647	
    Magnitude of W:	175233.28290648	
    Magnitude of B_grad:	0.19112488644587	
    Magnitude of b:	9.8691208289677	

	
    Current index:	89501	
    Magnitude of W_grad:	29.152547517614	
    Magnitude of W:	175195.95392299	
    Magnitude of B_grad:	0.076952294721119	
    Magnitude of b:	9.7095066683659	

	
    Current index:	99501	
    Magnitude of W_grad:	22.230870786601	
    Magnitude of W:	175159.35109648	
    Magnitude of B_grad:	0.098414813951827	
    Magnitude of b:	9.8974128730198	

	
    Current index:	109501	
    Magnitude of W_grad:	26.967050864124	
    Magnitude of W:	175124.57527427	
    Magnitude of B_grad:	0.16847661364634	
    Magnitude of b:	9.8567735857469	

	
    Current index:	119501	
    Magnitude of W_grad:	27.876500545584	
    Magnitude of W:	175089.76727724	
    Magnitude of B_grad:	0.09959089035218	
    Magnitude of b:	10.100316175621	

	
    Current index:	129501	
    Magnitude of W_grad:	36.26910749827	
    Magnitude of W:	175053.89270542	
    Magnitude of B_grad:	0.27982616133988	
    Magnitude of b:	10.103107213204	

	
    Current index:	139501	
    Magnitude of W_grad:	23.001812219424	
    Magnitude of W:	175018.64326446	
    Magnitude of B_grad:	0.068713074931488	
    Magnitude of b:	10.168627038226	

	
SGD: Loss is	
	LOSS:Calculated softmax res	
327866.48377852	
SGD: crossEntropyLoss is	
327866.48377852	
SGD: Validation Accuracy is:	
0.34695731153497	
SGD: Magnitude of W:	
174994.90156409	
SGD: Magnitude of b:	
9.3765418493439	
    Current index:	9501	
    Magnitude of W_grad:	22.856274812181	
    Magnitude of W:	174961.03187365	
    Magnitude of B_grad:	0.07197065247583	
    Magnitude of b:	9.2621765460537	

	
    Current index:	19501	
    Magnitude of W_grad:	22.683221403017	
    Magnitude of W:	174927.29981784	
    Magnitude of B_grad:	0.12105414922816	
    Magnitude of b:	9.3131646782451	

	
    Current index:	29501	
    Magnitude of W_grad:	19.220380659622	
    Magnitude of W:	174891.87151427	
    Magnitude of B_grad:	0.11053358913483	
    Magnitude of b:	9.3829332340341	

	
    Current index:	39501	
    Magnitude of W_grad:	23.059962346583	
    Magnitude of W:	174857.13825033	
    Magnitude of B_grad:	0.078040018376819	
    Magnitude of b:	9.5742109755216	

	
    Current index:	49501	
    Magnitude of W_grad:	20.24291981801	
    Magnitude of W:	174823.26356217	
    Magnitude of B_grad:	0.028449788092172	
    Magnitude of b:	9.5604772891562	

	
    Current index:	59501	
    Magnitude of W_grad:	23.503354165627	
    Magnitude of W:	174787.88943085	
    Magnitude of B_grad:	0.11400486435848	
    Magnitude of b:	9.9127078112174	

	
    Current index:	69501	
    Magnitude of W_grad:	23.933916869334	
    Magnitude of W:	174755.56114556	
    Magnitude of B_grad:	0.09907571052849	
    Magnitude of b:	10.143377318113	

	
    Current index:	79501	
    Magnitude of W_grad:	27.228295303128	
    Magnitude of W:	174723.23710603	
    Magnitude of B_grad:	0.18646435510196	
    Magnitude of b:	9.8090939854634	

	
    Current index:	89501	
    Magnitude of W_grad:	28.569681425555	
    Magnitude of W:	174686.64667233	
    Magnitude of B_grad:	0.074722935177387	
    Magnitude of b:	9.649459250427	

	
    Current index:	99501	
    Magnitude of W_grad:	21.80851433513	
    Magnitude of W:	174650.63066104	
    Magnitude of B_grad:	0.097674446360535	
    Magnitude of b:	9.8358137062617	

	
    Current index:	109501	
    Magnitude of W_grad:	26.528565667802	
    Magnitude of W:	174616.52165595	
    Magnitude of B_grad:	0.16958289944259	
    Magnitude of b:	9.7971104934926	

	
    Current index:	119501	
    Magnitude of W_grad:	27.069211027691	
    Magnitude of W:	174582.7111497	
    Magnitude of B_grad:	0.10000869289918	
    Magnitude of b:	10.029801480236	

	
    Current index:	129501	
    Magnitude of W_grad:	35.318751901076	
    Magnitude of W:	174547.59047849	
    Magnitude of B_grad:	0.27465979615331	
    Magnitude of b:	10.04397501129	

	
    Current index:	139501	
    Magnitude of W_grad:	22.587232065234	
    Magnitude of W:	174512.97091315	
    Magnitude of B_grad:	0.068322838781914	
    Magnitude of b:	10.102169751713	

	
Done.	
Testing on validation set...	
Done	
Datafile:	/n/home09/ankitgupta/CS287/HW1/SST1-uni-sent-syns.hdf5	Classifier:	lr	Alpha:	0	Eta:	1	Lambda:	1	Minibatch size:	500	Num Epochs:	15	Minimum Sentence Length:	5	
Accuracy:	0.34786557674841	
