[?1034hDatafile:	/n/home09/ankitgupta/CS287/HW1/SST1-uni-sent-syns.hdf5	Classifier:	hinge	Alpha:	0	Eta:	0.5	Lambda:	3	Minibatch size:	500	Num Epochs:	15	Minimum Sentence Length:	5	
Note that not all parameters may apply to all classifiers	
Loading datafiles...	
Number of training samples before removing small sentences	156817	
Number of training samples after removing small sentences	146614	
Done.	
Training classifier...	
Parameters are:	
Eta:	
0.5	
Lambda:	
3	
Minibatch size:	
500	
Number of Epochs	
15	
SGD: Hinge Loss is	
1868689.9030986	
SGD: Validation Accuracy is:	
0.19981834695731	
SGD: Magnitude of W:	
184751.827254	
SGD: Magnitude of b:	
2.7639807353795	
    Current index:	9501	
    Magnitude of W_grad:	41.864000000001	
    Magnitude of W:	184675.50785094	
    Magnitude of B_grad:	0.208	
    Magnitude of b:	2.9467438241752	

	
    Current index:	19501	
    Magnitude of W_grad:	40.216000000001	
    Magnitude of W:	184599.89637961	
    Magnitude of B_grad:	0.288	
    Magnitude of b:	4.1539387008036	

	
    Current index:	29501	
    Magnitude of W_grad:	42.236000000001	
    Magnitude of W:	184525.29697366	
    Magnitude of B_grad:	0.196	
    Magnitude of b:	4.8370180972663	

	
    Current index:	39501	
    Magnitude of W_grad:	44.328	
    Magnitude of W:	184452.41583006	
    Magnitude of B_grad:	0.088	
    Magnitude of b:	5.4213507127273	

	
    Current index:	49501	
    Magnitude of W_grad:	40.700000000002	
    Magnitude of W:	184382.8544263	
    Magnitude of B_grad:	0.128	
    Magnitude of b:	5.880185242643	

	
    Current index:	59501	
    Magnitude of W_grad:	49.292000000002	
    Magnitude of W:	184311.27758975	
    Magnitude of B_grad:	0.248	
    Magnitude of b:	6.6269172408988	

	
    Current index:	69501	
    Magnitude of W_grad:	45.076000000001	
    Magnitude of W:	184242.53559104	
    Magnitude of B_grad:	0.096	
    Magnitude of b:	7.0475101266873	

	
    Current index:	79501	
    Magnitude of W_grad:	44.268000000001	
    Magnitude of W:	184170.58975237	
    Magnitude of B_grad:	0.36	
    Magnitude of b:	6.8884302965464	

	
    Current index:	89501	
    Magnitude of W_grad:	43.848000000002	
    Magnitude of W:	184096.92771816	
    Magnitude of B_grad:	0.196	
    Magnitude of b:	6.8610297899043	

	
    Current index:	99501	
    Magnitude of W_grad:	39.692000000001	
    Magnitude of W:	184024.20075131	
    Magnitude of B_grad:	0.1	
    Magnitude of b:	7.1216039928639	

	
    Current index:	109501	
    Magnitude of W_grad:	43.988000000002	
    Magnitude of W:	183954.97922119	
    Magnitude of B_grad:	0.268	
    Magnitude of b:	7.3581415997292	

	
    Current index:	119501	
    Magnitude of W_grad:	53.472000000001	
    Magnitude of W:	183885.31545775	
    Magnitude of B_grad:	0.176	
    Magnitude of b:	7.8285860235224	

	
    Current index:	129501	
    Magnitude of W_grad:	52.392000000001	
    Magnitude of W:	183815.8822581	
    Magnitude of B_grad:	0.192	
    Magnitude of b:	8.194961570367	

	
    Current index:	139501	
    Magnitude of W_grad:	33.164	
    Magnitude of W:	183746.70112137	
    Magnitude of B_grad:	0.124	
    Magnitude of b:	8.2692749041437	

	
SGD: Hinge Loss is	
1377786.4810749	
SGD: Validation Accuracy is:	
0.26158038147139	
SGD: Magnitude of W:	
183700.10789159	
SGD: Magnitude of b:	
7.8409645899184	
    Current index:	9501	
    Magnitude of W_grad:	37.792000000001	
    Magnitude of W:	183638.94553672	
    Magnitude of B_grad:	0.32	
    Magnitude of b:	7.5013803672401	

	
    Current index:	19501	
    Magnitude of W_grad:	38.616000000001	
    Magnitude of W:	183575.57423528	
    Magnitude of B_grad:	0.168	
    Magnitude of b:	7.3258746461694	

	
    Current index:	29501	
    Magnitude of W_grad:	37.372000000001	
    Magnitude of W:	183512.59515972	
    Magnitude of B_grad:	0.196	
    Magnitude of b:	7.5623447816707	

	
    Current index:	39501	
    Magnitude of W_grad:	40.984000000001	
    Magnitude of W:	183448.4453529	
    Magnitude of B_grad:	0.076	
    Magnitude of b:	7.8267620138522	

	
    Current index:	49501	
    Magnitude of W_grad:	36.712000000001	
    Magnitude of W:	183386.35148247	
    Magnitude of B_grad:	0.164	
    Magnitude of b:	7.9811353764974	

	
    Current index:	59501	
    Magnitude of W_grad:	45.932000000002	
    Magnitude of W:	183322.59611983	
    Magnitude of B_grad:	0.236	
    Magnitude of b:	8.3174744331249	

	
    Current index:	69501	
    Magnitude of W_grad:	39.924	
    Magnitude of W:	183260.800971	
    Magnitude of B_grad:	0.148	
    Magnitude of b:	8.7417252992008	

	
    Current index:	79501	
    Magnitude of W_grad:	45.276000000001	
    Magnitude of W:	183196.98177848	
    Magnitude of B_grad:	0.368	
    Magnitude of b:	8.6939502340033	

	
    Current index:	89501	
    Magnitude of W_grad:	43.360000000001	
    Magnitude of W:	183129.91112597	
    Magnitude of B_grad:	0.224	
    Magnitude of b:	8.5981861508959	

	
    Current index:	99501	
    Magnitude of W_grad:	35.472000000001	
    Magnitude of W:	183065.7957127	
    Magnitude of B_grad:	0.112	
    Magnitude of b:	8.7444106626826	

	
    Current index:	109501	
    Magnitude of W_grad:	41.404000000001	
    Magnitude of W:	183003.44025833	
    Magnitude of B_grad:	0.248	
    Magnitude of b:	8.8746210124092	

	
    Current index:	119501	
    Magnitude of W_grad:	45.564000000001	
    Magnitude of W:	182940.5134322	
    Magnitude of B_grad:	0.172	
    Magnitude of b:	9.1547727415791	

	
    Current index:	129501	
    Magnitude of W_grad:	48.420000000001	
    Magnitude of W:	182877.95473348	
    Magnitude of B_grad:	0.144	
    Magnitude of b:	9.3208903742493	

	
    Current index:	139501	
    Magnitude of W_grad:	32.368	
    Magnitude of W:	182814.98756013	
    Magnitude of B_grad:	0.132	
    Magnitude of b:	9.3229737739008	

	
SGD: Hinge Loss is	
1259115.6658157	
SGD: Validation Accuracy is:	
0.26884650317893	
SGD: Magnitude of W:	
182772.82020707	
SGD: Magnitude of b:	
8.8274268309493	
    Current index:	9501	
    Magnitude of W_grad:	38.680000000001	
    Magnitude of W:	182717.1005758	
    Magnitude of B_grad:	0.364	
    Magnitude of b:	8.4996435616181	

	
    Current index:	19501	
    Magnitude of W_grad:	37.888000000001	
    Magnitude of W:	182658.20760704	
    Magnitude of B_grad:	0.136	
    Magnitude of b:	8.3379307529043	

	
    Current index:	29501	
    Magnitude of W_grad:	35.112000000001	
    Magnitude of W:	182600.18165982	
    Magnitude of B_grad:	0.216	
    Magnitude of b:	8.4962008407094	

	
    Current index:	39501	
    Magnitude of W_grad:	40.756000000001	
    Magnitude of W:	182541.18205799	
    Magnitude of B_grad:	0.064	
    Magnitude of b:	8.6744363778068	

	
    Current index:	49501	
    Magnitude of W_grad:	34.892	
    Magnitude of W:	182482.54707577	
    Magnitude of B_grad:	0.156	
    Magnitude of b:	8.8526347111796	

	
    Current index:	59501	
    Magnitude of W_grad:	45.120000000001	
    Magnitude of W:	182422.97098728	
    Magnitude of B_grad:	0.248	
    Magnitude of b:	9.1567999406417	

	
    Current index:	69501	
    Magnitude of W_grad:	38.492000000001	
    Magnitude of W:	182364.96159364	
    Magnitude of B_grad:	0.192	
    Magnitude of b:	9.506885731099	

	
    Current index:	79501	
    Magnitude of W_grad:	44.064000000002	
    Magnitude of W:	182306.45182288	
    Magnitude of B_grad:	0.336	
    Magnitude of b:	9.3909594959212	

	
    Current index:	89501	
    Magnitude of W_grad:	44.044000000001	
    Magnitude of W:	182243.57335726	
    Magnitude of B_grad:	0.204	
    Magnitude of b:	9.3290535621502	

	
    Current index:	99501	
    Magnitude of W_grad:	34.660000000001	
    Magnitude of W:	182182.7871551	
    Magnitude of B_grad:	0.068	
    Magnitude of b:	9.4371356799786	

	
    Current index:	109501	
    Magnitude of W_grad:	41.376000000001	
    Magnitude of W:	182124.48325064	
    Magnitude of B_grad:	0.264	
    Magnitude of b:	9.4912068770781	

	
    Current index:	119501	
    Magnitude of W_grad:	42.800000000001	
    Magnitude of W:	182064.80959184	
    Magnitude of B_grad:	0.132	
    Magnitude of b:	9.7132365863755	

	
    Current index:	129501	
    Magnitude of W_grad:	48.604000000001	
    Magnitude of W:	182006.22802679	
    Magnitude of B_grad:	0.168	
    Magnitude of b:	9.7852475079513	

	
    Current index:	139501	
    Magnitude of W_grad:	31.836	
    Magnitude of W:	181946.58125219	
    Magnitude of B_grad:	0.116	
    Magnitude of b:	9.7952341615527	

	
SGD: Hinge Loss is	
1188327.6133634	
SGD: Validation Accuracy is:	
0.2897366030881	
SGD: Magnitude of W:	
181906.80329327	
SGD: Magnitude of b:	
9.2888456038609	
    Current index:	9501	
    Magnitude of W_grad:	36.624000000001	
    Magnitude of W:	181853.89712468	
    Magnitude of B_grad:	0.336	
    Magnitude of b:	8.9569693201267	

	
    Current index:	19501	
    Magnitude of W_grad:	38.224000000001	
    Magnitude of W:	181798.2028176	
    Magnitude of B_grad:	0.128	
    Magnitude of b:	8.8591543291455	

	
    Current index:	29501	
    Magnitude of W_grad:	33.488	
    Magnitude of W:	181742.82892607	
    Magnitude of B_grad:	0.192	
    Magnitude of b:	9.0433150948815	

	
    Current index:	39501	
    Magnitude of W_grad:	41.112000000001	
    Magnitude of W:	181687.07327096	
    Magnitude of B_grad:	0.1	
    Magnitude of b:	9.1794419461162	

	
    Current index:	49501	
    Magnitude of W_grad:	34.988	
    Magnitude of W:	181630.37093059	
    Magnitude of B_grad:	0.144	
    Magnitude of b:	9.3555388791422	

	
    Current index:	59501	
    Magnitude of W_grad:	45.240000000001	
    Magnitude of W:	181573.38404708	
    Magnitude of B_grad:	0.244	
    Magnitude of b:	9.5976056956824	

	
    Current index:	69501	
    Magnitude of W_grad:	38.04	
    Magnitude of W:	181518.34244629	
    Magnitude of B_grad:	0.244	
    Magnitude of b:	9.8956087862148	

	
    Current index:	79501	
    Magnitude of W_grad:	44.588000000002	
    Magnitude of W:	181462.21407601	
    Magnitude of B_grad:	0.352	
    Magnitude of b:	9.7776040416564	

	
    Current index:	89501	
    Magnitude of W_grad:	42.672000000001	
    Magnitude of W:	181402.88563984	
    Magnitude of B_grad:	0.224	
    Magnitude of b:	9.6896197783734	

	
    Current index:	99501	
    Magnitude of W_grad:	34.692	
    Magnitude of W:	181344.86231065	
    Magnitude of B_grad:	0.088	
    Magnitude of b:	9.7836290863912	

	
    Current index:	109501	
    Magnitude of W_grad:	38.916000000001	
    Magnitude of W:	181289.55570791	
    Magnitude of B_grad:	0.252	
    Magnitude of b:	9.8156303528698	

	
    Current index:	119501	
    Magnitude of W_grad:	42.240000000001	
    Magnitude of W:	181232.15263841	
    Magnitude of B_grad:	0.088	
    Magnitude of b:	10.007596836317	

	
    Current index:	129501	
    Magnitude of W_grad:	48.016000000001	
    Magnitude of W:	181176.3538261	
    Magnitude of B_grad:	0.184	
    Magnitude of b:	10.021552544847	

	
    Current index:	139501	
    Magnitude of W_grad:	30.976	
    Magnitude of W:	181119.44928175	
    Magnitude of B_grad:	0.112	
    Magnitude of b:	10.061487454231	

	
SGD: Hinge Loss is	
1136819.1557646	
SGD: Validation Accuracy is:	
0.29246139872843	
SGD: Magnitude of W:	
181082.00480051	
SGD: Magnitude of b:	
9.5566044996802	
    Current index:	9501	
    Magnitude of W_grad:	37.592000000001	
    Magnitude of W:	181031.07213408	
    Magnitude of B_grad:	0.312	
    Magnitude of b:	9.2266766450594	

	
    Current index:	19501	
    Magnitude of W_grad:	37.844	
    Magnitude of W:	180977.55760221	
    Magnitude of B_grad:	0.108	
    Magnitude of b:	9.2227967124209	

	
    Current index:	29501	
    Magnitude of W_grad:	31.752	
    Magnitude of W:	180923.69075747	
    Magnitude of B_grad:	0.188	
    Magnitude of b:	9.4028873534262	

	
    Current index:	39501	
    Magnitude of W_grad:	38.304000000001	
    Magnitude of W:	180870.06114245	
    Magnitude of B_grad:	0.148	
    Magnitude of b:	9.4849465904785	

	
    Current index:	49501	
    Magnitude of W_grad:	34.948	
    Magnitude of W:	180815.07971007	
    Magnitude of B_grad:	0.144	
    Magnitude of b:	9.6229849460433	

	
    Current index:	59501	
    Magnitude of W_grad:	44.332000000001	
    Magnitude of W:	180760.09721816	
    Magnitude of B_grad:	0.236	
    Magnitude of b:	9.8430019742623	

	
    Current index:	69501	
    Magnitude of W_grad:	38.28	
    Magnitude of W:	180707.09124637	
    Magnitude of B_grad:	0.284	
    Magnitude of b:	10.084962713685	

	
    Current index:	79501	
    Magnitude of W_grad:	42.760000000002	
    Magnitude of W:	180653.37463663	
    Magnitude of B_grad:	0.308	
    Magnitude of b:	9.9509179181151	

	
    Current index:	89501	
    Magnitude of W_grad:	41.588000000001	
    Magnitude of W:	180596.54685522	
    Magnitude of B_grad:	0.184	
    Magnitude of b:	9.8688973356301	

	
    Current index:	99501	
    Magnitude of W_grad:	35.392	
    Magnitude of W:	180541.36098583	
    Magnitude of B_grad:	0.104	
    Magnitude of b:	9.9188746695576	

	
    Current index:	109501	
    Magnitude of W_grad:	39.108000000001	
    Magnitude of W:	180487.82245052	
    Magnitude of B_grad:	0.26	
    Magnitude of b:	9.9688459324843	

	
    Current index:	119501	
    Magnitude of W_grad:	41.644000000001	
    Magnitude of W:	180432.48247052	
    Magnitude of B_grad:	0.104	
    Magnitude of b:	10.146781354637	

	
    Current index:	129501	
    Magnitude of W_grad:	47.876000000001	
    Magnitude of W:	180378.28492274	
    Magnitude of B_grad:	0.164	
    Magnitude of b:	10.152709731969	

	
    Current index:	139501	
    Magnitude of W_grad:	30.412	
    Magnitude of W:	180323.43927696	
    Magnitude of B_grad:	0.112	
    Magnitude of b:	10.21061702914	

	
SGD: Hinge Loss is	
1099476.8824513	
SGD: Validation Accuracy is:	
0.29700272479564	
SGD: Magnitude of W:	
180287.64867509	
SGD: Magnitude of b:	
9.6573981743666	
    Current index:	9501	
    Magnitude of W_grad:	34.52	
    Magnitude of W:	180238.48275056	
    Magnitude of B_grad:	0.284	
    Magnitude of b:	9.3754474876893	

	
    Current index:	19501	
    Magnitude of W_grad:	36.047999999999	
    Magnitude of W:	180186.75030978	
    Magnitude of B_grad:	0.1	
    Magnitude of b:	9.3755352547759	

	
    Current index:	29501	
    Magnitude of W_grad:	32.4	
    Magnitude of W:	180134.31535534	
    Magnitude of B_grad:	0.188	
    Magnitude of b:	9.5495981852094	

	
    Current index:	39501	
    Magnitude of W_grad:	36.804	
    Magnitude of W:	180082.17817946	
    Magnitude of B_grad:	0.14	
    Magnitude of b:	9.6176289194648	

	
    Current index:	49501	
    Magnitude of W_grad:	33.82	
    Magnitude of W:	180028.56600895	
    Magnitude of B_grad:	0.136	
    Magnitude of b:	9.7376429519023	

	
    Current index:	59501	
    Magnitude of W_grad:	40.232000000001	
    Magnitude of W:	179975.05503573	
    Magnitude of B_grad:	0.22	
    Magnitude of b:	9.9396396516322	

	
    Current index:	69501	
    Magnitude of W_grad:	37.656	
    Magnitude of W:	179923.65841854	
    Magnitude of B_grad:	0.256	
    Magnitude of b:	10.15958509999	

	
    Current index:	79501	
    Magnitude of W_grad:	41.856000000001	
    Magnitude of W:	179871.57317535	
    Magnitude of B_grad:	0.264	
    Magnitude of b:	10.011524627577	

	
    Current index:	89501	
    Magnitude of W_grad:	39.748000000001	
    Magnitude of W:	179816.69444405	
    Magnitude of B_grad:	0.156	
    Magnitude of b:	9.9334879825805	

	
    Current index:	99501	
    Magnitude of W_grad:	35.476	
    Magnitude of W:	179763.11446559	
    Magnitude of B_grad:	0.08	
    Magnitude of b:	9.993451835328	

	
    Current index:	109501	
    Magnitude of W_grad:	38.604000000001	
    Magnitude of W:	179710.81299885	
    Magnitude of B_grad:	0.224	
    Magnitude of b:	10.015406919143	

	
    Current index:	119501	
    Magnitude of W_grad:	39.296000000001	
    Magnitude of W:	179656.96057175	
    Magnitude of B_grad:	0.064	
    Magnitude of b:	10.19333250807	

	
    Current index:	129501	
    Magnitude of W_grad:	45.260000000001	
    Magnitude of W:	179604.59973837	
    Magnitude of B_grad:	0.12	
    Magnitude of b:	10.187249499312	

	
    Current index:	139501	
    Magnitude of W_grad:	29.876	
    Magnitude of W:	179551.16283877	
    Magnitude of B_grad:	0.108	
    Magnitude of b:	10.259151345927	

	
SGD: Hinge Loss is	
1066219.5078944	
SGD: Validation Accuracy is:	
0.30245231607629	
SGD: Magnitude of W:	
179516.60080957	
SGD: Magnitude of b:	
9.7242427820778	
    Current index:	9501	
    Magnitude of W_grad:	32.624	
    Magnitude of W:	179468.65012299	
    Magnitude of B_grad:	0.272	
    Magnitude of b:	9.4262832885807	

	
    Current index:	19501	
    Magnitude of W_grad:	34.884	
    Magnitude of W:	179418.10601787	
    Magnitude of B_grad:	0.096	
    Magnitude of b:	9.4383581176561	

	
    Current index:	29501	
    Magnitude of W_grad:	32.976	
    Magnitude of W:	179366.86365407	
    Magnitude of B_grad:	0.212	
    Magnitude of b:	9.6264079285291	

	
    Current index:	39501	
    Magnitude of W_grad:	36.888	
    Magnitude of W:	179315.78050425	
    Magnitude of B_grad:	0.104	
    Magnitude of b:	9.684425402793	

	
    Current index:	49501	
    Magnitude of W_grad:	32.224	
    Magnitude of W:	179263.57822651	
    Magnitude of B_grad:	0.132	
    Magnitude of b:	9.7804302495673	

	
    Current index:	59501	
    Magnitude of W_grad:	38.808000000001	
    Magnitude of W:	179211.23040564	
    Magnitude of B_grad:	0.176	
    Magnitude of b:	9.9864208958139	

	
    Current index:	69501	
    Magnitude of W_grad:	36.712000000001	
    Magnitude of W:	179161.14624763	
    Magnitude of B_grad:	0.248	
    Magnitude of b:	10.176358962053	

	
    Current index:	79501	
    Magnitude of W_grad:	41.400000000002	
    Magnitude of W:	179110.20008945	
    Magnitude of B_grad:	0.252	
    Magnitude of b:	10.038293789177	

	
    Current index:	89501	
    Magnitude of W_grad:	38.288000000001	
    Magnitude of W:	179056.49531475	
    Magnitude of B_grad:	0.132	
    Magnitude of b:	9.948252649356	

	
    Current index:	99501	
    Magnitude of W_grad:	35.864	
    Magnitude of W:	179004.31127694	
    Magnitude of B_grad:	0.084	
    Magnitude of b:	9.9842156092538	

	
    Current index:	109501	
    Magnitude of W_grad:	36.896000000001	
    Magnitude of W:	178953.47520142	
    Magnitude of B_grad:	0.228	
    Magnitude of b:	10.006176715757	

	
    Current index:	119501	
    Magnitude of W_grad:	39.376000000001	
    Magnitude of W:	178900.91969428	
    Magnitude of B_grad:	0.064	
    Magnitude of b:	10.154109758334	

	
    Current index:	129501	
    Magnitude of W_grad:	43.580000000001	
    Magnitude of W:	178849.65626214	
    Magnitude of B_grad:	0.1	
    Magnitude of b:	10.154033403718	

	
    Current index:	139501	
    Magnitude of W_grad:	29.848	
    Magnitude of W:	178797.71013952	
    Magnitude of B_grad:	0.104	
    Magnitude of b:	10.225941412086	

	
SGD: Hinge Loss is	
1038827.6464657	
SGD: Validation Accuracy is:	
0.30245231607629	
SGD: Magnitude of W:	
178763.95409363	
SGD: Magnitude of b:	
9.7082634446109	
    Current index:	9501	
    Magnitude of W_grad:	31.059999999999	
    Magnitude of W:	178717.03224607	
    Magnitude of B_grad:	0.232	
    Magnitude of b:	9.428312376314	

	
    Current index:	19501	
    Magnitude of W_grad:	34.816	
    Magnitude of W:	178667.55374048	
    Magnitude of B_grad:	0.1	
    Magnitude of b:	9.4463879973485	

	
    Current index:	29501	
    Magnitude of W_grad:	31.291999999999	
    Magnitude of W:	178617.54779589	
    Magnitude of B_grad:	0.196	
    Magnitude of b:	9.6044387433692	

	
    Current index:	39501	
    Magnitude of W_grad:	35.944000000001	
    Magnitude of W:	178567.23601484	
    Magnitude of B_grad:	0.096	
    Magnitude of b:	9.6684606920133	

	
    Current index:	49501	
    Magnitude of W_grad:	32.1	
    Magnitude of W:	178516.23413237	
    Magnitude of B_grad:	0.124	
    Magnitude of b:	9.7204737362417	

	
    Current index:	59501	
    Magnitude of W_grad:	38.372000000001	
    Magnitude of W:	178464.86427463	
    Magnitude of B_grad:	0.156	
    Magnitude of b:	9.9324759129204	

	
    Current index:	69501	
    Magnitude of W_grad:	35.776	
    Magnitude of W:	178416.03438601	
    Magnitude of B_grad:	0.224	
    Magnitude of b:	10.110427921588	

	
    Current index:	79501	
    Magnitude of W_grad:	40.108000000001	
    Magnitude of W:	178366.06483651	
    Magnitude of B_grad:	0.224	
    Magnitude of b:	9.9723751537997	

	
    Current index:	89501	
    Magnitude of W_grad:	37.716000000001	
    Magnitude of W:	178313.43732377	
    Magnitude of B_grad:	0.14	
    Magnitude of b:	9.8903464778218	

	
    Current index:	99501	
    Magnitude of W_grad:	35.892	
    Magnitude of W:	178262.32460643	
    Magnitude of B_grad:	0.092	
    Magnitude of b:	9.9083237609975	

	
    Current index:	109501	
    Magnitude of W_grad:	35.924	
    Magnitude of W:	178212.81702957	
    Magnitude of B_grad:	0.208	
    Magnitude of b:	9.8963019703731	

	
    Current index:	119501	
    Magnitude of W_grad:	38.664000000001	
    Magnitude of W:	178161.82912366	
    Magnitude of B_grad:	0.056	
    Magnitude of b:	10.030257595619	

	
    Current index:	129501	
    Magnitude of W_grad:	42.712000000001	
    Magnitude of W:	178111.46572502	
    Magnitude of B_grad:	0.108	
    Magnitude of b:	10.032204719222	

	
    Current index:	139501	
    Magnitude of W_grad:	30.3	
    Magnitude of W:	178060.5847102	
    Magnitude of B_grad:	0.12	
    Magnitude of b:	10.124135996262	

	
SGD: Hinge Loss is	
1015060.5070696	
SGD: Validation Accuracy is:	
0.30608537693006	
SGD: Magnitude of W:	
178027.54272558	
SGD: Magnitude of b:	
9.644788358271	
    Current index:	9501	
    Magnitude of W_grad:	30.887999999999	
    Magnitude of W:	177981.50360321	
    Magnitude of B_grad:	0.216	
    Magnitude of b:	9.3888510747897	

	
    Current index:	19501	
    Magnitude of W_grad:	34.78	
    Magnitude of W:	177932.86513695	
    Magnitude of B_grad:	0.084	
    Magnitude of b:	9.3949370201606	

	
    Current index:	29501	
    Magnitude of W_grad:	32.755999999999	
    Magnitude of W:	177883.56808442	
    Magnitude of B_grad:	0.204	
    Magnitude of b:	9.5469979247403	

	
    Current index:	39501	
    Magnitude of W_grad:	35.076	
    Magnitude of W:	177834.15272496	
    Magnitude of B_grad:	0.108	
    Magnitude of b:	9.60903191218	

	
    Current index:	49501	
    Magnitude of W_grad:	31.876	
    Magnitude of W:	177784.42387816	
    Magnitude of B_grad:	0.14	
    Magnitude of b:	9.6130622510694	

	
    Current index:	59501	
    Magnitude of W_grad:	38.104000000001	
    Magnitude of W:	177733.83365426	
    Magnitude of B_grad:	0.164	
    Magnitude of b:	9.8570819845838	

	
    Current index:	69501	
    Magnitude of W_grad:	35.14	
    Magnitude of W:	177685.9984377	
    Magnitude of B_grad:	0.216	
    Magnitude of b:	10.031049030002	

	
    Current index:	79501	
    Magnitude of W_grad:	37.424000000001	
    Magnitude of W:	177637.06885733	
    Magnitude of B_grad:	0.204	
    Magnitude of b:	9.8990104161335	

	
    Current index:	89501	
    Magnitude of W_grad:	37.840000000001	
    Magnitude of W:	177585.35900827	
    Magnitude of B_grad:	0.124	
    Magnitude of b:	9.8489923924269	

	
    Current index:	99501	
    Magnitude of W_grad:	35.22	
    Magnitude of W:	177535.4890061	
    Magnitude of B_grad:	0.084	
    Magnitude of b:	9.8469803463541	

	
    Current index:	109501	
    Magnitude of W_grad:	35.708	
    Magnitude of W:	177487.15919338	
    Magnitude of B_grad:	0.212	
    Magnitude of b:	9.8409685489658	

	
    Current index:	119501	
    Magnitude of W_grad:	38.564	
    Magnitude of W:	177437.42343103	
    Magnitude of B_grad:	0.04	
    Magnitude of b:	9.9669354749549	

	
    Current index:	129501	
    Magnitude of W_grad:	41.756000000001	
    Magnitude of W:	177388.34418868	
    Magnitude of B_grad:	0.1	
    Magnitude of b:	9.9548948586455	

	
    Current index:	139501	
    Magnitude of W_grad:	29.456	
    Magnitude of W:	177338.01950808	
    Magnitude of B_grad:	0.124	
    Magnitude of b:	10.050841318911	

	
SGD: Hinge Loss is	
994159.51599167	
SGD: Validation Accuracy is:	
0.30245231607629	
SGD: Magnitude of W:	
177305.35165579	
SGD: Magnitude of b:	
9.5682774996257	
    Current index:	9501	
    Magnitude of W_grad:	31.088	
    Magnitude of W:	177259.96058994	
    Magnitude of B_grad:	0.22	
    Magnitude of b:	9.3043578753719	

	
    Current index:	19501	
    Magnitude of W_grad:	34.492	
    Magnitude of W:	177212.40231262	
    Magnitude of B_grad:	0.096	
    Magnitude of b:	9.3024666730714	

	
    Current index:	29501	
    Magnitude of W_grad:	32.467999999999	
    Magnitude of W:	177164.20181147	
    Magnitude of B_grad:	0.232	
    Magnitude of b:	9.4605448191647	

	
    Current index:	39501	
    Magnitude of W_grad:	34.212	
    Magnitude of W:	177115.54075612	
    Magnitude of B_grad:	0.108	
    Magnitude of b:	9.5125987250557	

	
    Current index:	49501	
    Magnitude of W_grad:	30.7	
    Magnitude of W:	177066.50602542	
    Magnitude of B_grad:	0.148	
    Magnitude of b:	9.502650922045	

	
    Current index:	59501	
    Magnitude of W_grad:	37.832000000001	
    Magnitude of W:	177016.76489479	
    Magnitude of B_grad:	0.148	
    Magnitude of b:	9.7546921407443	

	
    Current index:	69501	
    Magnitude of W_grad:	33.404	
    Magnitude of W:	176969.82517123	
    Magnitude of B_grad:	0.196	
    Magnitude of b:	9.9406805647017	

	
    Current index:	79501	
    Magnitude of W_grad:	36.544000000001	
    Magnitude of W:	176921.96822092	
    Magnitude of B_grad:	0.184	
    Magnitude of b:	9.8126583122087	

	
    Current index:	89501	
    Magnitude of W_grad:	36.016000000001	
    Magnitude of W:	176870.79753369	
    Magnitude of B_grad:	0.108	
    Magnitude of b:	9.784656482812	

	
    Current index:	99501	
    Magnitude of W_grad:	35.652000000001	
    Magnitude of W:	176821.71831048	
    Magnitude of B_grad:	0.092	
    Magnitude of b:	9.7826575997835	

	
    Current index:	109501	
    Magnitude of W_grad:	34.532	
    Magnitude of W:	176774.4295504	
    Magnitude of B_grad:	0.212	
    Magnitude of b:	9.7846604971679	

	
    Current index:	119501	
    Magnitude of W_grad:	34.392	
    Magnitude of W:	176725.26937068	
    Magnitude of B_grad:	0.04	
    Magnitude of b:	9.9346399462621	

	
    Current index:	129501	
    Magnitude of W_grad:	41.444000000001	
    Magnitude of W:	176676.53595462	
    Magnitude of B_grad:	0.1	
    Magnitude of b:	9.9026071447792	

	
    Current index:	139501	
    Magnitude of W_grad:	30.971999999999	
    Magnitude of W:	176627.12871741	
    Magnitude of B_grad:	0.132	
    Magnitude of b:	10.00256561249	

	
SGD: Hinge Loss is	
975060.6220938	
SGD: Validation Accuracy is:	
0.30971843778383	
SGD: Magnitude of W:	
176595.00930849	
SGD: Magnitude of b:	
9.5104646022429	
    Current index:	9501	
    Magnitude of W_grad:	30.063999999999	
    Magnitude of W:	176550.32549883	
    Magnitude of B_grad:	0.244	
    Magnitude of b:	9.26455584477	

	
    Current index:	19501	
    Magnitude of W_grad:	34.088	
    Magnitude of W:	176503.69753215	
    Magnitude of B_grad:	0.108	
    Magnitude of b:	9.2526736861488	

	
    Current index:	29501	
    Magnitude of W_grad:	32.431999999999	
    Magnitude of W:	176456.22414275	
    Magnitude of B_grad:	0.244	
    Magnitude of b:	9.3947665415924	

	
    Current index:	39501	
    Magnitude of W_grad:	34.28	
    Magnitude of W:	176408.51997277	
    Magnitude of B_grad:	0.132	
    Magnitude of b:	9.4408341920724	

	
    Current index:	49501	
    Magnitude of W_grad:	30.12	
    Magnitude of W:	176360.22254884	
    Magnitude of B_grad:	0.176	
    Magnitude of b:	9.4269021359163	

	
    Current index:	59501	
    Magnitude of W_grad:	36.488000000001	
    Magnitude of W:	176311.23343738	
    Magnitude of B_grad:	0.136	
    Magnitude of b:	9.7029569294735	

	
    Current index:	69501	
    Magnitude of W_grad:	33.62	
    Magnitude of W:	176265.18437742	
    Magnitude of B_grad:	0.184	
    Magnitude of b:	9.8509594167075	

	
    Current index:	79501	
    Magnitude of W_grad:	36.860000000001	
    Magnitude of W:	176217.99400847	
    Magnitude of B_grad:	0.18	
    Magnitude of b:	9.7209533318338	

	
    Current index:	89501	
    Magnitude of W_grad:	35.108000000001	
    Magnitude of W:	176167.93977072	
    Magnitude of B_grad:	0.108	
    Magnitude of b:	9.7229672369537	

	
    Current index:	99501	
    Magnitude of W_grad:	34.736	
    Magnitude of W:	176119.83050235	
    Magnitude of B_grad:	0.104	
    Magnitude of b:	9.6809839218254	

	
    Current index:	109501	
    Magnitude of W_grad:	35.048	
    Magnitude of W:	176073.11769527	
    Magnitude of B_grad:	0.208	
    Magnitude of b:	9.6950047367156	

	
    Current index:	119501	
    Magnitude of W_grad:	33.436	
    Magnitude of W:	176024.73054221	
    Magnitude of B_grad:	0.04	
    Magnitude of b:	9.8310011380823	

	
    Current index:	129501	
    Magnitude of W_grad:	40.872000000001	
    Magnitude of W:	175976.5355333	
    Magnitude of B_grad:	0.112	
    Magnitude of b:	9.820984630468	

	
    Current index:	139501	
    Magnitude of W_grad:	30.032	
    Magnitude of W:	175927.80757577	
    Magnitude of B_grad:	0.124	
    Magnitude of b:	9.9169611894291	

	
SGD: Hinge Loss is	
956419.58523693	
SGD: Validation Accuracy is:	
0.31425976385104	
SGD: Magnitude of W:	
175895.95980676	
SGD: Magnitude of b:	
9.4579611616374	
    Current index:	9501	
    Magnitude of W_grad:	28.959999999999	
    Magnitude of W:	175851.6867936	
    Magnitude of B_grad:	0.216	
    Magnitude of b:	9.1940671156324	

	
    Current index:	19501	
    Magnitude of W_grad:	33.392	
    Magnitude of W:	175805.75698783	
    Magnitude of B_grad:	0.1	
    Magnitude of b:	9.1821989696465	

	
    Current index:	29501	
    Magnitude of W_grad:	31.187999999999	
    Magnitude of W:	175758.85522351	
    Magnitude of B_grad:	0.208	
    Magnitude of b:	9.3543028680886	

	
    Current index:	39501	
    Magnitude of W_grad:	33.1	
    Magnitude of W:	175711.82099607	
    Magnitude of B_grad:	0.12	
    Magnitude of b:	9.3863819483129	

	
    Current index:	49501	
    Magnitude of W_grad:	30.876	
    Magnitude of W:	175664.31951441	
    Magnitude of B_grad:	0.188	
    Magnitude of b:	9.3364656161686	

	
    Current index:	59501	
    Magnitude of W_grad:	35.884000000001	
    Magnitude of W:	175616.18855144	
    Magnitude of B_grad:	0.108	
    Magnitude of b:	9.6025406929816	

	
    Current index:	69501	
    Magnitude of W_grad:	32.616	
    Magnitude of W:	175570.82796143	
    Magnitude of B_grad:	0.204	
    Magnitude of b:	9.7705607994922	

	
    Current index:	79501	
    Magnitude of W_grad:	36.156000000001	
    Magnitude of W:	175524.56354407	
    Magnitude of B_grad:	0.168	
    Magnitude of b:	9.6545710413494	

	
    Current index:	89501	
    Magnitude of W_grad:	35.216000000001	
    Magnitude of W:	175474.8461957	
    Magnitude of B_grad:	0.116	
    Magnitude of b:	9.6425985487357	

	
    Current index:	99501	
    Magnitude of W_grad:	34.436	
    Magnitude of W:	175427.35081406	
    Magnitude of B_grad:	0.096	
    Magnitude of b:	9.6046305721227	

	
    Current index:	109501	
    Magnitude of W_grad:	35.16	
    Magnitude of W:	175381.20986971	
    Magnitude of B_grad:	0.228	
    Magnitude of b:	9.5926707121611	

	
    Current index:	119501	
    Magnitude of W_grad:	33.48	
    Magnitude of W:	175333.74648287	
    Magnitude of B_grad:	0.056	
    Magnitude of b:	9.7366883169882	

	
    Current index:	129501	
    Magnitude of W_grad:	40.492000000001	
    Magnitude of W:	175286.34902898	
    Magnitude of B_grad:	0.124	
    Magnitude of b:	9.7406896734675	

	
    Current index:	139501	
    Magnitude of W_grad:	30.768	
    Magnitude of W:	175238.33990616	
    Magnitude of B_grad:	0.14	
    Magnitude of b:	9.8226829471961	

	
SGD: Hinge Loss is	
942110.58344864	
SGD: Validation Accuracy is:	
0.31516802906449	
SGD: Magnitude of W:	
175207.14732555	
SGD: Magnitude of b:	
9.3796957675158	
    Current index:	9501	
    Magnitude of W_grad:	28.571999999999	
    Magnitude of W:	175163.14184134	
    Magnitude of B_grad:	0.196	
    Magnitude of b:	9.1458139493393	

	
    Current index:	19501	
    Magnitude of W_grad:	33.428	
    Magnitude of W:	175117.88862786	
    Magnitude of B_grad:	0.1	
    Magnitude of b:	9.1139585199296	

	
    Current index:	29501	
    Magnitude of W_grad:	29.915999999999	
    Magnitude of W:	175071.64208669	
    Magnitude of B_grad:	0.232	
    Magnitude of b:	9.2660768100244	

	
    Current index:	39501	
    Magnitude of W_grad:	32.612	
    Magnitude of W:	175025.08462919	
    Magnitude of B_grad:	0.128	
    Magnitude of b:	9.3261707902717	

	
    Current index:	49501	
    Magnitude of W_grad:	29.992	
    Magnitude of W:	174978.32536909	
    Magnitude of B_grad:	0.172	
    Magnitude of b:	9.2722687619162	

	
    Current index:	59501	
    Magnitude of W_grad:	34.220000000001	
    Magnitude of W:	174930.73409637	
    Magnitude of B_grad:	0.092	
    Magnitude of b:	9.5183607994051	

	
    Current index:	69501	
    Magnitude of W_grad:	30.996	
    Magnitude of W:	174885.82748302	
    Magnitude of B_grad:	0.188	
    Magnitude of b:	9.6823985996401	

	
    Current index:	79501	
    Magnitude of W_grad:	36.056000000001	
    Magnitude of W:	174839.7369785	
    Magnitude of B_grad:	0.18	
    Magnitude of b:	9.5544273705349	

	
    Current index:	89501	
    Magnitude of W_grad:	36.636000000001	
    Magnitude of W:	174790.55540972	
    Magnitude of B_grad:	0.12	
    Magnitude of b:	9.5484756536655	

	
    Current index:	99501	
    Magnitude of W_grad:	33.332	
    Magnitude of W:	174744.09425946	
    Magnitude of B_grad:	0.076	
    Magnitude of b:	9.500529410225	

	
    Current index:	109501	
    Magnitude of W_grad:	34.068	
    Magnitude of W:	174698.61156195	
    Magnitude of B_grad:	0.2	
    Magnitude of b:	9.5025903786132	

	
    Current index:	119501	
    Magnitude of W_grad:	31.88	
    Magnitude of W:	174651.78838594	
    Magnitude of B_grad:	0.056	
    Magnitude of b:	9.6386276209913	

	
    Current index:	129501	
    Magnitude of W_grad:	39.588000000001	
    Magnitude of W:	174604.59774809	
    Magnitude of B_grad:	0.132	
    Magnitude of b:	9.654648835972	

	
    Current index:	139501	
    Magnitude of W_grad:	29.967999999999	
    Magnitude of W:	174557.30142215	
    Magnitude of B_grad:	0.136	
    Magnitude of b:	9.7246604297191	

	
SGD: Hinge Loss is	
926604.66847124	
SGD: Validation Accuracy is:	
0.30608537693006	
SGD: Magnitude of W:	
174526.48698812	
SGD: Magnitude of b:	
9.266915482163	
    Current index:	9501	
    Magnitude of W_grad:	28.343999999999	
    Magnitude of W:	174482.85134307	
    Magnitude of B_grad:	0.212	
    Magnitude of b:	9.0370563499222	

	
    Current index:	19501	
    Magnitude of W_grad:	33.196	
    Magnitude of W:	174438.32385937	
    Magnitude of B_grad:	0.112	
    Magnitude of b:	8.9952228653511	

	
    Current index:	29501	
    Magnitude of W_grad:	27.659999999999	
    Magnitude of W:	174392.86928756	
    Magnitude of B_grad:	0.192	
    Magnitude of b:	9.1753624000159	

	
    Current index:	39501	
    Magnitude of W_grad:	32.068	
    Magnitude of W:	174347.02035144	
    Magnitude of B_grad:	0.132	
    Magnitude of b:	9.2294772932833	

	
    Current index:	49501	
    Magnitude of W_grad:	29.832000000001	
    Magnitude of W:	174300.79713095	
    Magnitude of B_grad:	0.164	
    Magnitude of b:	9.183596541891	

	
    Current index:	59501	
    Magnitude of W_grad:	34.624000000001	
    Magnitude of W:	174253.99542811	
    Magnitude of B_grad:	0.096	
    Magnitude of b:	9.4097094224288	

	
    Current index:	69501	
    Magnitude of W_grad:	31.308	
    Magnitude of W:	174209.56683579	
    Magnitude of B_grad:	0.196	
    Magnitude of b:	9.5777682045932	

	
    Current index:	79501	
    Magnitude of W_grad:	35.596000000001	
    Magnitude of W:	174164.07215082	
    Magnitude of B_grad:	0.164	
    Magnitude of b:	9.449816889155	

	
    Current index:	89501	
    Magnitude of W_grad:	36.600000000001	
    Magnitude of W:	174115.1863124	
    Magnitude of B_grad:	0.116	
    Magnitude of b:	9.4618832609633	

	
    Current index:	99501	
    Magnitude of W_grad:	32.528	
    Magnitude of W:	174069.08986876	
    Magnitude of B_grad:	0.092	
    Magnitude of b:	9.41595305649	

	
    Current index:	109501	
    Magnitude of W_grad:	32.732	
    Magnitude of W:	174023.94886582	
    Magnitude of B_grad:	0.192	
    Magnitude of b:	9.4120338661498	

	
    Current index:	119501	
    Magnitude of W_grad:	34.452000000001	
    Magnitude of W:	173977.88956065	
    Magnitude of B_grad:	0.044	
    Magnitude of b:	9.5440903319158	

	
    Current index:	129501	
    Magnitude of W_grad:	40.668000000001	
    Magnitude of W:	173931.36451333	
    Magnitude of B_grad:	0.168	
    Magnitude of b:	9.5641308481939	

	
    Current index:	139501	
    Magnitude of W_grad:	31.415999999999	
    Magnitude of W:	173884.62721189	
    Magnitude of B_grad:	0.168	
    Magnitude of b:	9.6501594886571	

	
SGD: Hinge Loss is	
913697.92189681	
SGD: Validation Accuracy is:	
0.31062670299728	
SGD: Magnitude of W:	
173854.13760808	
SGD: Magnitude of b:	
9.1984259275133	
    Current index:	9501	
    Magnitude of W_grad:	27.199999999999	
    Magnitude of W:	173810.66685369	
    Magnitude of B_grad:	0.18	
    Magnitude of b:	8.9885789462802	

	
    Current index:	19501	
    Magnitude of W_grad:	32.888	
    Magnitude of W:	173766.99935978	
    Magnitude of B_grad:	0.112	
    Magnitude of b:	8.9167560144356	

	
    Current index:	29501	
    Magnitude of W_grad:	27.787999999999	
    Magnitude of W:	173721.99472034	
    Magnitude of B_grad:	0.192	
    Magnitude of b:	9.0929125854145	

	
    Current index:	39501	
    Magnitude of W_grad:	30.98	
    Magnitude of W:	173676.46110695	
    Magnitude of B_grad:	0.144	
    Magnitude of b:	9.1490445115264	

	
    Current index:	49501	
    Magnitude of W_grad:	30.232000000001	
    Magnitude of W:	173630.84050289	
    Magnitude of B_grad:	0.16	
    Magnitude of b:	9.0971820785025	

	
    Current index:	59501	
    Magnitude of W_grad:	32.612	
    Magnitude of W:	173584.92135955	
    Magnitude of B_grad:	0.092	
    Magnitude of b:	9.3373114526159	

	
    Current index:	69501	
    Magnitude of W_grad:	29.88	
    Magnitude of W:	173541.10046149	
    Magnitude of B_grad:	0.18	
    Magnitude of b:	9.4913858043777	

	
    Current index:	79501	
    Magnitude of W_grad:	35.916000000001	
    Magnitude of W:	173496.02828914	
    Magnitude of B_grad:	0.156	
    Magnitude of b:	9.3454520809573	

	
    Current index:	89501	
    Magnitude of W_grad:	35.588	
    Magnitude of W:	173448.22060549	
    Magnitude of B_grad:	0.104	
    Magnitude of b:	9.3595391305001	

	
    Current index:	99501	
    Magnitude of W_grad:	32.548	
    Magnitude of W:	173402.93003279	
    Magnitude of B_grad:	0.096	
    Magnitude of b:	9.3156317683399	

	
    Current index:	109501	
    Magnitude of W_grad:	31.924	
    Magnitude of W:	173358.50110871	
    Magnitude of B_grad:	0.176	
    Magnitude of b:	9.2797355179995	

	
    Current index:	119501	
    Magnitude of W_grad:	32.244	
    Magnitude of W:	173312.88801529	
    Magnitude of B_grad:	0.048	
    Magnitude of b:	9.4218162692962	

	
    Current index:	129501	
    Magnitude of W_grad:	39.900000000001	
    Magnitude of W:	173267.02155501	
    Magnitude of B_grad:	0.16	
    Magnitude of b:	9.4498790610973	

	
    Current index:	139501	
    Magnitude of W_grad:	30.336	
    Magnitude of W:	173220.84815793	
    Magnitude of B_grad:	0.156	
    Magnitude of b:	9.5419311387373	

	
Done.	
Testing on validation set...	
Done	
Datafile:	/n/home09/ankitgupta/CS287/HW1/SST1-uni-sent-syns.hdf5	Classifier:	hinge	Alpha:	0	Eta:	0.5	Lambda:	3	Minibatch size:	500	Num Epochs:	15	Minimum Sentence Length:	5	
Accuracy:	0.3133514986376	
