[?1034hDatafile:	/n/home09/ankitgupta/CS287/HW1/SST1-uni-sent-syns.hdf5	Classifier:	lr	Alpha:	0	Eta:	0.5	Lambda:	0.5	Minibatch size:	500	Num Epochs:	15	Minimum Sentence Length:	0	
Note that not all parameters may apply to all classifiers	
Loading datafiles...	
Number of training samples before removing small sentences	156817	
Number of training samples after removing small sentences	156817	
Done.	
Training classifier...	
SGD: Loss is	
	LOSS:Calculated softmax res	
1203220.2529387	
SGD: crossEntropyLoss is	
1203220.2529387	
SGD: Validation Accuracy is:	
0.21071752951862	
SGD: Magnitude of W:	
184736.63307648	
SGD: Magnitude of b:	
7.1167303836108	
    Current index:	9501	
    Magnitude of W_grad:	43.580878644353	
    Magnitude of W:	184691.42337784	
    Magnitude of B_grad:	0.33732537061913	
    Magnitude of b:	6.3273228249227	

	
    Current index:	19501	
    Magnitude of W_grad:	37.020517287921	
    Magnitude of W:	184650.6749411	
    Magnitude of B_grad:	0.20101279434643	
    Magnitude of b:	7.3946411990404	

	
    Current index:	29501	
    Magnitude of W_grad:	39.951248667227	
    Magnitude of W:	184613.20306939	
    Magnitude of B_grad:	0.10517770853966	
    Magnitude of b:	8.1905363683228	

	
    Current index:	39501	
    Magnitude of W_grad:	37.749631630607	
    Magnitude of W:	184579.55815436	
    Magnitude of B_grad:	0.12510537324036	
    Magnitude of b:	8.651721687517	

	
    Current index:	49501	
    Magnitude of W_grad:	39.918639968446	
    Magnitude of W:	184543.28375352	
    Magnitude of B_grad:	0.25274528782515	
    Magnitude of b:	9.1358674034235	

	
    Current index:	59501	
    Magnitude of W_grad:	35.030201940014	
    Magnitude of W:	184507.78556504	
    Magnitude of B_grad:	0.2328424349434	
    Magnitude of b:	9.4595401905362	

	
    Current index:	69501	
    Magnitude of W_grad:	36.044271580512	
    Magnitude of W:	184473.34835433	
    Magnitude of B_grad:	0.18980434174706	
    Magnitude of b:	9.814836862868	

	
    Current index:	79501	
    Magnitude of W_grad:	37.156438394521	
    Magnitude of W:	184438.19199805	
    Magnitude of B_grad:	0.15801573781356	
    Magnitude of b:	9.8948490933671	

	
    Current index:	89501	
    Magnitude of W_grad:	47.274269645597	
    Magnitude of W:	184396.97291346	
    Magnitude of B_grad:	0.33360460528029	
    Magnitude of b:	9.5302938820871	

	
    Current index:	99501	
    Magnitude of W_grad:	44.420457271629	
    Magnitude of W:	184358.36566041	
    Magnitude of B_grad:	0.17925729874895	
    Magnitude of b:	9.2968508367515	

	
    Current index:	109501	
    Magnitude of W_grad:	36.890493881233	
    Magnitude of W:	184321.77880119	
    Magnitude of B_grad:	0.073046027198801	
    Magnitude of b:	9.6370073346415	

	
    Current index:	119501	
    Magnitude of W_grad:	41.423845545212	
    Magnitude of W:	184286.66205146	
    Magnitude of B_grad:	0.16311533236926	
    Magnitude of b:	9.7837587119677	

	
    Current index:	129501	
    Magnitude of W_grad:	37.876412322025	
    Magnitude of W:	184251.48853274	
    Magnitude of B_grad:	0.1556096911916	
    Magnitude of b:	9.9220821637377	

	
    Current index:	139501	
    Magnitude of W_grad:	47.7939452257	
    Magnitude of W:	184216.87511187	
    Magnitude of B_grad:	0.30323988535189	
    Magnitude of b:	10.120775848218	

	
    Current index:	149501	
    Magnitude of W_grad:	36.021036126835	
    Magnitude of W:	184183.53002004	
    Magnitude of B_grad:	0.22102902127361	
    Magnitude of b:	10.32708214204	

	
SGD: Loss is	
	LOSS:Calculated softmax res	
691387.71631697	
SGD: crossEntropyLoss is	
691387.71631697	
SGD: Validation Accuracy is:	
0.25794732061762	
SGD: Magnitude of W:	
184162.18694411	
SGD: Magnitude of b:	
9.835211902591	
    Current index:	9501	
    Magnitude of W_grad:	34.312946488681	
    Magnitude of W:	184133.9865909	
    Magnitude of B_grad:	0.20417910279887	
    Magnitude of b:	9.6333176094935	

	
    Current index:	19501	
    Magnitude of W_grad:	34.79644287244	
    Magnitude of W:	184105.23195891	
    Magnitude of B_grad:	0.20510673777614	
    Magnitude of b:	9.3775977233256	

	
    Current index:	29501	
    Magnitude of W_grad:	38.42323942905	
    Magnitude of W:	184078.10933729	
    Magnitude of B_grad:	0.094800031437244	
    Magnitude of b:	9.3426065144253	

	
    Current index:	39501	
    Magnitude of W_grad:	35.824879708863	
    Magnitude of W:	184051.92750959	
    Magnitude of B_grad:	0.18929333334175	
    Magnitude of b:	9.5418427682978	

	
    Current index:	49501	
    Magnitude of W_grad:	36.075044409341	
    Magnitude of W:	184024.02410983	
    Magnitude of B_grad:	0.25368171883126	
    Magnitude of b:	9.7774565494823	

	
    Current index:	59501	
    Magnitude of W_grad:	31.472946261728	
    Magnitude of W:	183996.63375443	
    Magnitude of B_grad:	0.18831828568301	
    Magnitude of b:	9.9770093607925	

	
    Current index:	69501	
    Magnitude of W_grad:	34.529336358351	
    Magnitude of W:	183968.7168652	
    Magnitude of B_grad:	0.16251325210892	
    Magnitude of b:	10.167236661999	

	
    Current index:	79501	
    Magnitude of W_grad:	33.062320869249	
    Magnitude of W:	183939.77026886	
    Magnitude of B_grad:	0.17168818166643	
    Magnitude of b:	10.366593908242	

	
    Current index:	89501	
    Magnitude of W_grad:	41.968337622542	
    Magnitude of W:	183905.87263126	
    Magnitude of B_grad:	0.26537448061369	
    Magnitude of b:	10.236920417658	

	
    Current index:	99501	
    Magnitude of W_grad:	41.434826985651	
    Magnitude of W:	183873.86288641	
    Magnitude of B_grad:	0.20083468484936	
    Magnitude of b:	9.9811842382625	

	
    Current index:	109501	
    Magnitude of W_grad:	33.768854362237	
    Magnitude of W:	183844.93038003	
    Magnitude of B_grad:	0.039424819054703	
    Magnitude of b:	10.291371989874	

	
    Current index:	119501	
    Magnitude of W_grad:	39.433280228054	
    Magnitude of W:	183817.07137991	
    Magnitude of B_grad:	0.21528060614704	
    Magnitude of b:	10.283984508507	

	
    Current index:	129501	
    Magnitude of W_grad:	35.348569592798	
    Magnitude of W:	183788.54447826	
    Magnitude of B_grad:	0.1890690405811	
    Magnitude of b:	10.321435373081	

	
    Current index:	139501	
    Magnitude of W_grad:	45.938886863357	
    Magnitude of W:	183759.49812311	
    Magnitude of B_grad:	0.28103142193733	
    Magnitude of b:	10.412798653131	

	
    Current index:	149501	
    Magnitude of W_grad:	35.693034634227	
    Magnitude of W:	183731.46951066	
    Magnitude of B_grad:	0.24054854852918	
    Magnitude of b:	10.56217789876	

	
SGD: Loss is	
	LOSS:Calculated softmax res	
591291.47498077	
SGD: crossEntropyLoss is	
591291.47498077	
SGD: Validation Accuracy is:	
0.26793823796549	
SGD: Magnitude of W:	
183713.84629924	
SGD: Magnitude of b:	
10.051428881557	
    Current index:	9501	
    Magnitude of W_grad:	31.054981339138	
    Magnitude of W:	183690.90129546	
    Magnitude of B_grad:	0.18092957444518	
    Magnitude of b:	9.8300980119411	

	
    Current index:	19501	
    Magnitude of W_grad:	31.366647735603	
    Magnitude of W:	183665.72183798	
    Magnitude of B_grad:	0.16502019656807	
    Magnitude of b:	9.6010587139392	

	
    Current index:	29501	
    Magnitude of W_grad:	37.504310571108	
    Magnitude of W:	183641.44916158	
    Magnitude of B_grad:	0.09121942865045	
    Magnitude of b:	9.6094081455858	

	
    Current index:	39501	
    Magnitude of W_grad:	33.603997449323	
    Magnitude of W:	183617.98575763	
    Magnitude of B_grad:	0.20048301806926	
    Magnitude of b:	9.7809275307672	

	
    Current index:	49501	
    Magnitude of W_grad:	32.970716390905	
    Magnitude of W:	183593.44722955	
    Magnitude of B_grad:	0.22753013293811	
    Magnitude of b:	9.9306670116743	

	
    Current index:	59501	
    Magnitude of W_grad:	28.481509640584	
    Magnitude of W:	183569.53283222	
    Magnitude of B_grad:	0.14803833891011	
    Magnitude of b:	10.108707228721	

	
    Current index:	69501	
    Magnitude of W_grad:	32.526737124194	
    Magnitude of W:	183544.63258138	
    Magnitude of B_grad:	0.15474770072076	
    Magnitude of b:	10.281386631775	

	
    Current index:	79501	
    Magnitude of W_grad:	32.511568392403	
    Magnitude of W:	183519.63582969	
    Magnitude of B_grad:	0.16095276463969	
    Magnitude of b:	10.561550031935	

	
    Current index:	89501	
    Magnitude of W_grad:	39.495169198907	
    Magnitude of W:	183489.38243644	
    Magnitude of B_grad:	0.2488220619703	
    Magnitude of b:	10.379622743809	

	
    Current index:	99501	
    Magnitude of W_grad:	38.123152976548	
    Magnitude of W:	183461.01090837	
    Magnitude of B_grad:	0.15272063769306	
    Magnitude of b:	10.111081979222	

	
    Current index:	109501	
    Magnitude of W_grad:	32.355490914344	
    Magnitude of W:	183435.9314184	
    Magnitude of B_grad:	0.063879747510669	
    Magnitude of b:	10.41369335837	

	
    Current index:	119501	
    Magnitude of W_grad:	38.281820516047	
    Magnitude of W:	183411.14430084	
    Magnitude of B_grad:	0.22931623412789	
    Magnitude of b:	10.377008985091	

	
    Current index:	129501	
    Magnitude of W_grad:	34.080462526115	
    Magnitude of W:	183385.93994916	
    Magnitude of B_grad:	0.18708489824591	
    Magnitude of b:	10.399065704103	

	
    Current index:	139501	
    Magnitude of W_grad:	44.091586232539	
    Magnitude of W:	183360.27779442	
    Magnitude of B_grad:	0.2558350844573	
    Magnitude of b:	10.460763757021	

	
    Current index:	149501	
    Magnitude of W_grad:	34.448808076533	
    Magnitude of W:	183335.12954775	
    Magnitude of B_grad:	0.25383786211071	
    Magnitude of b:	10.592570777583	

	
SGD: Loss is	
	LOSS:Calculated softmax res	
534314.32408465	
SGD: crossEntropyLoss is	
534314.32408465	
SGD: Validation Accuracy is:	
0.27611262488647	
SGD: Magnitude of W:	
183319.4001473	
SGD: Magnitude of b:	
10.095140472841	
    Current index:	9501	
    Magnitude of W_grad:	30.420256530247	
    Magnitude of W:	183298.90753322	
    Magnitude of B_grad:	0.19975522470921	
    Magnitude of b:	9.8814914778916	

	
    Current index:	19501	
    Magnitude of W_grad:	27.141101158133	
    Magnitude of W:	183276.07147014	
    Magnitude of B_grad:	0.16668644096544	
    Magnitude of b:	9.6844145846063	

	
    Current index:	29501	
    Magnitude of W_grad:	36.45531118737	
    Magnitude of W:	183254.35203823	
    Magnitude of B_grad:	0.09533399043519	
    Magnitude of b:	9.6954097084466	

	
    Current index:	39501	
    Magnitude of W_grad:	30.599321552291	
    Magnitude of W:	183232.87009063	
    Magnitude of B_grad:	0.18903688081974	
    Magnitude of b:	9.8520989957765	

	
    Current index:	49501	
    Magnitude of W_grad:	31.634120496423	
    Magnitude of W:	183210.66388423	
    Magnitude of B_grad:	0.19279054278118	
    Magnitude of b:	9.948165700838	

	
    Current index:	59501	
    Magnitude of W_grad:	27.311683048991	
    Magnitude of W:	183188.7128141	
    Magnitude of B_grad:	0.14610281185891	
    Magnitude of b:	10.104496435788	

	
    Current index:	69501	
    Magnitude of W_grad:	31.044698983998	
    Magnitude of W:	183165.97663988	
    Magnitude of B_grad:	0.14809202873447	
    Magnitude of b:	10.312813653916	

	
    Current index:	79501	
    Magnitude of W_grad:	31.243698839347	
    Magnitude of W:	183143.20541645	
    Magnitude of B_grad:	0.14455503002452	
    Magnitude of b:	10.596545878452	

	
    Current index:	89501	
    Magnitude of W_grad:	36.43792524701	
    Magnitude of W:	183116.35515996	
    Magnitude of B_grad:	0.23149353506484	
    Magnitude of b:	10.391414537449	

	
    Current index:	99501	
    Magnitude of W_grad:	36.25873532813	
    Magnitude of W:	183090.95086877	
    Magnitude of B_grad:	0.12977264419184	
    Magnitude of b:	10.137401780428	

	
    Current index:	109501	
    Magnitude of W_grad:	31.828566729419	
    Magnitude of W:	183067.98217154	
    Magnitude of B_grad:	0.077482579928586	
    Magnitude of b:	10.432264789625	

	
    Current index:	119501	
    Magnitude of W_grad:	36.772135127019	
    Magnitude of W:	183045.02963923	
    Magnitude of B_grad:	0.22195810688088	
    Magnitude of b:	10.387215770347	

	
    Current index:	129501	
    Magnitude of W_grad:	33.859995301795	
    Magnitude of W:	183021.92802035	
    Magnitude of B_grad:	0.1749221493928	
    Magnitude of b:	10.411636273458	

	
    Current index:	139501	
    Magnitude of W_grad:	41.230506660892	
    Magnitude of W:	182998.10149319	
    Magnitude of B_grad:	0.2314319353106	
    Magnitude of b:	10.462278800267	

	
    Current index:	149501	
    Magnitude of W_grad:	32.478525585228	
    Magnitude of W:	182974.98711192	
    Magnitude of B_grad:	0.25887451097537	
    Magnitude of b:	10.572831882378	

	
SGD: Loss is	
	LOSS:Calculated softmax res	
495063.01791152	
SGD: crossEntropyLoss is	
495063.01791152	
SGD: Validation Accuracy is:	
0.28701180744777	
SGD: Magnitude of W:	
182960.83264914	
SGD: Magnitude of b:	
10.084115088996	
    Current index:	9501	
    Magnitude of W_grad:	30.115091826308	
    Magnitude of W:	182942.06216963	
    Magnitude of B_grad:	0.20916514125883	
    Magnitude of b:	9.8731279430685	

	
    Current index:	19501	
    Magnitude of W_grad:	25.445183144112	
    Magnitude of W:	182920.78605954	
    Magnitude of B_grad:	0.17603175950245	
    Magnitude of b:	9.6977325477257	

	
    Current index:	29501	
    Magnitude of W_grad:	34.594365564722	
    Magnitude of W:	182900.73730657	
    Magnitude of B_grad:	0.089453939145291	
    Magnitude of b:	9.7030154477123	

	
    Current index:	39501	
    Magnitude of W_grad:	28.564575953774	
    Magnitude of W:	182880.42243637	
    Magnitude of B_grad:	0.17476282153535	
    Magnitude of b:	9.8577449897875	

	
    Current index:	49501	
    Magnitude of W_grad:	31.308259906552	
    Magnitude of W:	182859.91930475	
    Magnitude of B_grad:	0.16472644599441	
    Magnitude of b:	9.9519262285006	

	
    Current index:	59501	
    Magnitude of W_grad:	26.298033370513	
    Magnitude of W:	182839.63912687	
    Magnitude of B_grad:	0.15148642184821	
    Magnitude of b:	10.038311238764	

	
    Current index:	69501	
    Magnitude of W_grad:	29.90447394084	
    Magnitude of W:	182818.33723333	
    Magnitude of B_grad:	0.13601938695261	
    Magnitude of b:	10.312136747263	

	
    Current index:	79501	
    Magnitude of W_grad:	29.32029835366	
    Magnitude of W:	182797.09677925	
    Magnitude of B_grad:	0.12330291035055	
    Magnitude of b:	10.570135970535	

	
    Current index:	89501	
    Magnitude of W_grad:	34.662896026587	
    Magnitude of W:	182772.99702492	
    Magnitude of B_grad:	0.21329659043429	
    Magnitude of b:	10.358343795908	

	
    Current index:	99501	
    Magnitude of W_grad:	34.811788705596	
    Magnitude of W:	182749.57081934	
    Magnitude of B_grad:	0.11052275183471	
    Magnitude of b:	10.124523661756	

	
    Current index:	109501	
    Magnitude of W_grad:	31.239791894613	
    Magnitude of W:	182728.14973302	
    Magnitude of B_grad:	0.085488640269899	
    Magnitude of b:	10.414685464328	

	
    Current index:	119501	
    Magnitude of W_grad:	35.006358982867	
    Magnitude of W:	182706.42659788	
    Magnitude of B_grad:	0.21426756473631	
    Magnitude of b:	10.377388436704	

	
    Current index:	129501	
    Magnitude of W_grad:	33.579374844369	
    Magnitude of W:	182684.75701507	
    Magnitude of B_grad:	0.16868082195231	
    Magnitude of b:	10.393659858655	

	
    Current index:	139501	
    Magnitude of W_grad:	39.635350798453	
    Magnitude of W:	182662.56754894	
    Magnitude of B_grad:	0.21512397244379	
    Magnitude of b:	10.443958134072	

	
    Current index:	149501	
    Magnitude of W_grad:	30.963645442857	
    Magnitude of W:	182640.64270731	
    Magnitude of B_grad:	0.25730189859291	
    Magnitude of b:	10.532147923865	

	
SGD: Loss is	
	LOSS:Calculated softmax res	
465738.53192631	
SGD: crossEntropyLoss is	
465738.53192631	
SGD: Validation Accuracy is:	
0.28701180744777	
SGD: Magnitude of W:	
182627.62637434	
SGD: Magnitude of b:	
10.060272539381	
    Current index:	9501	
    Magnitude of W_grad:	29.694298206869	
    Magnitude of W:	182610.11330798	
    Magnitude of B_grad:	0.21048890594641	
    Magnitude of b:	9.843142485333	

	
    Current index:	19501	
    Magnitude of W_grad:	24.511362623627	
    Magnitude of W:	182589.93494347	
    Magnitude of B_grad:	0.17653706339666	
    Magnitude of b:	9.6827681978536	

	
    Current index:	29501	
    Magnitude of W_grad:	32.510461537898	
    Magnitude of W:	182571.12691013	
    Magnitude of B_grad:	0.08245153340753	
    Magnitude of b:	9.6878739337002	

	
    Current index:	39501	
    Magnitude of W_grad:	27.518689673205	
    Magnitude of W:	182551.84142526	
    Magnitude of B_grad:	0.1699373466921	
    Magnitude of b:	9.8429256564524	

	
    Current index:	49501	
    Magnitude of W_grad:	30.672750249383	
    Magnitude of W:	182532.37137152	
    Magnitude of B_grad:	0.14857488730743	
    Magnitude of b:	9.936505413967	

	
    Current index:	59501	
    Magnitude of W_grad:	25.7281854815	
    Magnitude of W:	182513.12903102	
    Magnitude of B_grad:	0.15943472496724	
    Magnitude of b:	9.9528510530835	

	
    Current index:	69501	
    Magnitude of W_grad:	29.279705319552	
    Magnitude of W:	182493.27433536	
    Magnitude of B_grad:	0.12323165088265	
    Magnitude of b:	10.286388032846	

	
    Current index:	79501	
    Magnitude of W_grad:	27.319979158222	
    Magnitude of W:	182473.094098	
    Magnitude of B_grad:	0.10123948808783	
    Magnitude of b:	10.524530651372	

	
    Current index:	89501	
    Magnitude of W_grad:	33.601238109647	
    Magnitude of W:	182451.19321095	
    Magnitude of B_grad:	0.19715817237918	
    Magnitude of b:	10.314348573992	

	
    Current index:	99501	
    Magnitude of W_grad:	33.446928636206	
    Magnitude of W:	182429.14182948	
    Magnitude of B_grad:	0.096528736854511	
    Magnitude of b:	10.093702040105	

	
    Current index:	109501	
    Magnitude of W_grad:	30.65014908324	
    Magnitude of W:	182408.91750231	
    Magnitude of B_grad:	0.091121360545119	
    Magnitude of b:	10.37698473776	

	
    Current index:	119501	
    Magnitude of W_grad:	32.818671095623	
    Magnitude of W:	182388.28080865	
    Magnitude of B_grad:	0.20483730974795	
    Magnitude of b:	10.353986133982	

	
    Current index:	129501	
    Magnitude of W_grad:	33.342910903403	
    Magnitude of W:	182368.04542484	
    Magnitude of B_grad:	0.1629237002212	
    Magnitude of b:	10.356042077339	

	
    Current index:	139501	
    Magnitude of W_grad:	38.50256102412	
    Magnitude of W:	182347.11574967	
    Magnitude of B_grad:	0.20245774833006	
    Magnitude of b:	10.408235120695	

	
    Current index:	149501	
    Magnitude of W_grad:	30.009431430554	
    Magnitude of W:	182326.3891291	
    Magnitude of B_grad:	0.24892023665476	
    Magnitude of b:	10.479369187864	

	
SGD: Loss is	
	LOSS:Calculated softmax res	
442676.61512662	
SGD: crossEntropyLoss is	
442676.61512662	
SGD: Validation Accuracy is:	
0.28519527702089	
SGD: Magnitude of W:	
182314.32548743	
SGD: Magnitude of b:	
10.027147389074	
    Current index:	9501	
    Magnitude of W_grad:	29.120103304533	
    Magnitude of W:	182297.9040488	
    Magnitude of B_grad:	0.20733149373256	
    Magnitude of b:	9.8030603183704	

	
    Current index:	19501	
    Magnitude of W_grad:	23.654133727878	
    Magnitude of W:	182279.05257405	
    Magnitude of B_grad:	0.17227407722974	
    Magnitude of b:	9.6532576460884	

	
    Current index:	29501	
    Magnitude of W_grad:	31.278602901198	
    Magnitude of W:	182261.26068857	
    Magnitude of B_grad:	0.076906837796895	
    Magnitude of b:	9.6609577672961	

	
    Current index:	39501	
    Magnitude of W_grad:	26.875755588663	
    Magnitude of W:	182242.95725269	
    Magnitude of B_grad:	0.16777941821107	
    Magnitude of b:	9.8146847651858	

	
    Current index:	49501	
    Magnitude of W_grad:	29.947567390447	
    Magnitude of W:	182224.43017147	
    Magnitude of B_grad:	0.13832981250932	
    Magnitude of b:	9.910481302021	

	
    Current index:	59501	
    Magnitude of W_grad:	25.259957864322	
    Magnitude of W:	182206.30253427	
    Magnitude of B_grad:	0.16438140985166	
    Magnitude of b:	9.8972469646182	

	
    Current index:	69501	
    Magnitude of W_grad:	28.81192182422	
    Magnitude of W:	182187.66931945	
    Magnitude of B_grad:	0.11110494004556	
    Magnitude of b:	10.24666622389	

	
    Current index:	79501	
    Magnitude of W_grad:	26.23866694522	
    Magnitude of W:	182168.70714432	
    Magnitude of B_grad:	0.085548191219664	
    Magnitude of b:	10.4725723943	

	
    Current index:	89501	
    Magnitude of W_grad:	32.667204549848	
    Magnitude of W:	182147.88510951	
    Magnitude of B_grad:	0.18115621695471	
    Magnitude of b:	10.2668843097	

	
    Current index:	99501	
    Magnitude of W_grad:	32.258908275874	
    Magnitude of W:	182126.7644314	
    Magnitude of B_grad:	0.088404548839675	
    Magnitude of b:	10.053011456937	

	
    Current index:	109501	
    Magnitude of W_grad:	30.015960606221	
    Magnitude of W:	182107.55815579	
    Magnitude of B_grad:	0.09170079130121	
    Magnitude of b:	10.323618714321	

	
    Current index:	119501	
    Magnitude of W_grad:	31.733426342394	
    Magnitude of W:	182088.07201117	
    Magnitude of B_grad:	0.19419121630964	
    Magnitude of b:	10.314477388341	

	
    Current index:	129501	
    Magnitude of W_grad:	32.963055031787	
    Magnitude of W:	182068.97802395	
    Magnitude of B_grad:	0.15777860438452	
    Magnitude of b:	10.305251638708	

	
    Current index:	139501	
    Magnitude of W_grad:	37.687122235509	
    Magnitude of W:	182049.19591372	
    Magnitude of B_grad:	0.19246628439675	
    Magnitude of b:	10.357174270451	

	
    Current index:	149501	
    Magnitude of W_grad:	29.201403724844	
    Magnitude of W:	182029.61397985	
    Magnitude of B_grad:	0.23641652911292	
    Magnitude of b:	10.418120140003	

	
SGD: Loss is	
	LOSS:Calculated softmax res	
423706.95412239	
SGD: crossEntropyLoss is	
423706.95412239	
SGD: Validation Accuracy is:	
0.28428701180745	
SGD: Magnitude of W:	
182018.26222689	
SGD: Magnitude of b:	
9.9869362592293	
    Current index:	9501	
    Magnitude of W_grad:	28.556449285316	
    Magnitude of W:	182002.8595863	
    Magnitude of B_grad:	0.20160363048907	
    Magnitude of b:	9.7577076484654	

	
    Current index:	19501	
    Magnitude of W_grad:	22.86745768222	
    Magnitude of W:	181984.99962549	
    Magnitude of B_grad:	0.16590433437574	
    Magnitude of b:	9.6163521539238	

	
    Current index:	29501	
    Magnitude of W_grad:	30.481903517695	
    Magnitude of W:	181968.10106923	
    Magnitude of B_grad:	0.071649022594634	
    Magnitude of b:	9.6254061871899	

	
    Current index:	39501	
    Magnitude of W_grad:	26.389223949004	
    Magnitude of W:	181950.50353168	
    Magnitude of B_grad:	0.16574323287752	
    Magnitude of b:	9.7764843023897	

	
    Current index:	49501	
    Magnitude of W_grad:	29.277868300035	
    Magnitude of W:	181932.87513624	
    Magnitude of B_grad:	0.13086384469268	
    Magnitude of b:	9.8755835626068	

	
    Current index:	59501	
    Magnitude of W_grad:	24.952164011206	
    Magnitude of W:	181915.63105728	
    Magnitude of B_grad:	0.166023082901	
    Magnitude of b:	9.8573485339817	

	
    Current index:	69501	
    Magnitude of W_grad:	28.263610821223	
    Magnitude of W:	181897.93694861	
    Magnitude of B_grad:	0.10050862124309	
    Magnitude of b:	10.20075055641	

	
    Current index:	79501	
    Magnitude of W_grad:	25.589204686892	
    Magnitude of W:	181879.8513493	
    Magnitude of B_grad:	0.075493319880188	
    Magnitude of b:	10.41649424893	

	
    Current index:	89501	
    Magnitude of W_grad:	32.01252881335	
    Magnitude of W:	181859.93671598	
    Magnitude of B_grad:	0.16689181168762	
    Magnitude of b:	10.212675288047	

	
    Current index:	99501	
    Magnitude of W_grad:	31.192043748068	
    Magnitude of W:	181839.95396563	
    Magnitude of B_grad:	0.083554977507719	
    Magnitude of b:	10.002528456051	

	
    Current index:	109501	
    Magnitude of W_grad:	29.361817217781	
    Magnitude of W:	181821.7221425	
    Magnitude of B_grad:	0.090457382021956	
    Magnitude of b:	10.258580798168	

	
    Current index:	119501	
    Magnitude of W_grad:	30.936668812808	
    Magnitude of W:	181803.05210958	
    Magnitude of B_grad:	0.18403749984906	
    Magnitude of b:	10.261309352346	

	
    Current index:	129501	
    Magnitude of W_grad:	32.546873103688	
    Magnitude of W:	181785.25639519	
    Magnitude of B_grad:	0.15291857108141	
    Magnitude of b:	10.246112322156	

	
    Current index:	139501	
    Magnitude of W_grad:	36.725112352649	
    Magnitude of W:	181766.41631269	
    Magnitude of B_grad:	0.18526510185501	
    Magnitude of b:	10.295692190633	

	
    Current index:	149501	
    Magnitude of W_grad:	28.399559319244	
    Magnitude of W:	181747.73450859	
    Magnitude of B_grad:	0.22329053663656	
    Magnitude of b:	10.351217660076	

	
SGD: Loss is	
	LOSS:Calculated softmax res	
407642.29014981	
SGD: crossEntropyLoss is	
407642.29014981	
SGD: Validation Accuracy is:	
0.29155313351499	
SGD: Magnitude of W:	
181737.07586871	
SGD: Magnitude of b:	
9.9413813335756	
    Current index:	9501	
    Magnitude of W_grad:	27.861469461884	
    Magnitude of W:	181722.44352427	
    Magnitude of B_grad:	0.19454561453158	
    Magnitude of b:	9.7069320677811	

	
    Current index:	19501	
    Magnitude of W_grad:	22.162591158683	
    Magnitude of W:	181705.26165247	
    Magnitude of B_grad:	0.15812714331529	
    Magnitude of b:	9.5735722175803	

	
    Current index:	29501	
    Magnitude of W_grad:	29.734120271459	
    Magnitude of W:	181689.17151016	
    Magnitude of B_grad:	0.067510182180089	
    Magnitude of b:	9.5837136781215	

	
    Current index:	39501	
    Magnitude of W_grad:	25.997033997094	
    Magnitude of W:	181672.25081496	
    Magnitude of B_grad:	0.16359216563998	
    Magnitude of b:	9.7298725956875	

	
    Current index:	49501	
    Magnitude of W_grad:	28.705881760295	
    Magnitude of W:	181655.7086196	
    Magnitude of B_grad:	0.12568817025272	
    Magnitude of b:	9.8343560714993	

	
    Current index:	59501	
    Magnitude of W_grad:	24.74556694488	
    Magnitude of W:	181639.15318315	
    Magnitude of B_grad:	0.16556143907946	
    Magnitude of b:	9.8124322146465	

	
    Current index:	69501	
    Magnitude of W_grad:	27.71302860768	
    Magnitude of W:	181622.03420241	
    Magnitude of B_grad:	0.091896101198255	
    Magnitude of b:	10.150727678723	

	
    Current index:	79501	
    Magnitude of W_grad:	25.073375283769	
    Magnitude of W:	181604.79725722	
    Magnitude of B_grad:	0.068424006991473	
    Magnitude of b:	10.355527694456	

	
    Current index:	89501	
    Magnitude of W_grad:	31.485417171556	
    Magnitude of W:	181585.62579308	
    Magnitude of B_grad:	0.15467502317124	
    Magnitude of b:	10.151329519366	

	
    Current index:	99501	
    Magnitude of W_grad:	30.240507302726	
    Magnitude of W:	181566.54110073	
    Magnitude of B_grad:	0.080662365539579	
    Magnitude of b:	9.9446137987741	

	
    Current index:	109501	
    Magnitude of W_grad:	28.683973049741	
    Magnitude of W:	181549.11648718	
    Magnitude of B_grad:	0.089086698277449	
    Magnitude of b:	10.187468662959	

	
    Current index:	119501	
    Magnitude of W_grad:	30.325563925952	
    Magnitude of W:	181531.2849883	
    Magnitude of B_grad:	0.17485296931395	
    Magnitude of b:	10.199931652376	

	
    Current index:	129501	
    Magnitude of W_grad:	32.142335784369	
    Magnitude of W:	181514.26250655	
    Magnitude of B_grad:	0.1483754048758	
    Magnitude of b:	10.18394365705	

	
    Current index:	139501	
    Magnitude of W_grad:	35.755950233033	
    Magnitude of W:	181496.13086712	
    Magnitude of B_grad:	0.17991859372028	
    Magnitude of b:	10.2303988955	

	
    Current index:	149501	
    Magnitude of W_grad:	27.749978550186	
    Magnitude of W:	181478.27646764	
    Magnitude of B_grad:	0.2115895089451	
    Magnitude of b:	10.283425510855	

	
SGD: Loss is	
	LOSS:Calculated softmax res	
393756.6774102	
SGD: crossEntropyLoss is	
393756.6774102	
SGD: Validation Accuracy is:	
0.29791099000908	
SGD: Magnitude of W:	
181468.03340987	
SGD: Magnitude of b:	
9.8912684832147	
    Current index:	9501	
    Magnitude of W_grad:	27.035241307609	
    Magnitude of W:	181454.11249099	
    Magnitude of B_grad:	0.18648273508025	
    Magnitude of b:	9.6529641634273	

	
    Current index:	19501	
    Magnitude of W_grad:	21.513076441211	
    Magnitude of W:	181437.4292286	
    Magnitude of B_grad:	0.15001537017219	
    Magnitude of b:	9.5273035139778	

	
    Current index:	29501	
    Magnitude of W_grad:	29.040113326307	
    Magnitude of W:	181421.79610147	
    Magnitude of B_grad:	0.064046580258908	
    Magnitude of b:	9.5375411648842	

	
    Current index:	39501	
    Magnitude of W_grad:	25.70333070028	
    Magnitude of W:	181405.43499684	
    Magnitude of B_grad:	0.16126226082211	
    Magnitude of b:	9.6793696858563	

	
    Current index:	49501	
    Magnitude of W_grad:	28.24357464846	
    Magnitude of W:	181389.42357417	
    Magnitude of B_grad:	0.12197282447146	
    Magnitude of b:	9.7907288929371	

	
    Current index:	59501	
    Magnitude of W_grad:	24.55110151409	
    Magnitude of W:	181373.56138294	
    Magnitude of B_grad:	0.16359245677429	
    Magnitude of b:	9.7662787246506	

	
    Current index:	69501	
    Magnitude of W_grad:	27.142846638165	
    Magnitude of W:	181356.93608099	
    Magnitude of B_grad:	0.08486601433205	
    Magnitude of b:	10.099808570915	

	
    Current index:	79501	
    Magnitude of W_grad:	24.638951796015	
    Magnitude of W:	181340.27277567	
    Magnitude of B_grad:	0.062436973686758	
    Magnitude of b:	10.294326154958	

	
    Current index:	89501	
    Magnitude of W_grad:	31.07831673592	
    Magnitude of W:	181321.63587667	
    Magnitude of B_grad:	0.14388477344609	
    Magnitude of b:	10.089120114097	

	
    Current index:	99501	
    Magnitude of W_grad:	29.489306570042	
    Magnitude of W:	181303.43967826	
    Magnitude of B_grad:	0.078936434242723	
    Magnitude of b:	9.88531623752	

	
    Current index:	109501	
    Magnitude of W_grad:	27.873367974333	
    Magnitude of W:	181286.66944611	
    Magnitude of B_grad:	0.08804879783257	
    Magnitude of b:	10.117134294563	

	
    Current index:	119501	
    Magnitude of W_grad:	29.809010247834	
    Magnitude of W:	181269.53800339	
    Magnitude of B_grad:	0.16663615520625	
    Magnitude of b:	10.137041341123	

	
    Current index:	129501	
    Magnitude of W_grad:	31.862861897134	
    Magnitude of W:	181253.14726412	
    Magnitude of B_grad:	0.14384585702984	
    Magnitude of b:	10.123967356985	

	
    Current index:	139501	
    Magnitude of W_grad:	34.88444083754	
    Magnitude of W:	181235.69379157	
    Magnitude of B_grad:	0.17488891087235	
    Magnitude of b:	10.167213463778	

	
    Current index:	149501	
    Magnitude of W_grad:	27.172936396942	
    Magnitude of W:	181218.40714268	
    Magnitude of B_grad:	0.20183205834507	
    Magnitude of b:	10.218880561485	

	
SGD: Loss is	
	LOSS:Calculated softmax res	
381610.25385033	
SGD: crossEntropyLoss is	
381610.25385033	
SGD: Validation Accuracy is:	
0.30154405086285	
SGD: Magnitude of W:	
181208.75302711	
SGD: Magnitude of b:	
9.8381933955912	
    Current index:	9501	
    Magnitude of W_grad:	26.179230078674	
    Magnitude of W:	181195.11486696	
    Magnitude of B_grad:	0.17777009422644	
    Magnitude of b:	9.599609189109	

	
    Current index:	19501	
    Magnitude of W_grad:	20.960819127531	
    Magnitude of W:	181179.01411617	
    Magnitude of B_grad:	0.14223521351928	
    Magnitude of b:	9.4809934933929	

	
    Current index:	29501	
    Magnitude of W_grad:	28.436768107068	
    Magnitude of W:	181163.8165575	
    Magnitude of B_grad:	0.060633821356802	
    Magnitude of b:	9.4905519080429	

	
    Current index:	39501	
    Magnitude of W_grad:	25.459286724064	
    Magnitude of W:	181148.17427065	
    Magnitude of B_grad:	0.15845678303574	
    Magnitude of b:	9.6295667334072	

	
    Current index:	49501	
    Magnitude of W_grad:	27.821030967728	
    Magnitude of W:	181132.60174483	
    Magnitude of B_grad:	0.1180411142854	
    Magnitude of b:	9.7467722845773	

	
    Current index:	59501	
    Magnitude of W_grad:	24.343629042876	
    Magnitude of W:	181117.40996645	
    Magnitude of B_grad:	0.16069012247066	
    Magnitude of b:	9.7206861596052	

	
    Current index:	69501	
    Magnitude of W_grad:	26.71336927752	
    Magnitude of W:	181101.30002047	
    Magnitude of B_grad:	0.078801432102636	
    Magnitude of b:	10.049780142877	

	
    Current index:	79501	
    Magnitude of W_grad:	24.244706156044	
    Magnitude of W:	181085.34158763	
    Magnitude of B_grad:	0.056702956799568	
    Magnitude of b:	10.235884185968	

	
    Current index:	89501	
    Magnitude of W_grad:	30.712407907258	
    Magnitude of W:	181067.3011904	
    Magnitude of B_grad:	0.13428982207986	
    Magnitude of b:	10.029403866704	

	
    Current index:	99501	
    Magnitude of W_grad:	28.896055445233	
    Magnitude of W:	181049.89899098	
    Magnitude of B_grad:	0.077657377027862	
    Magnitude of b:	9.8281310469884	

	
    Current index:	109501	
    Magnitude of W_grad:	26.937274059834	
    Magnitude of W:	181033.74491559	
    Magnitude of B_grad:	0.087623380610094	
    Magnitude of b:	10.050660640341	

	
    Current index:	119501	
    Magnitude of W_grad:	29.325172918401	
    Magnitude of W:	181017.15434868	
    Magnitude of B_grad:	0.16095961900678	
    Magnitude of b:	10.076183485059	

	
    Current index:	129501	
    Magnitude of W_grad:	31.557648607564	
    Magnitude of W:	181001.39671012	
    Magnitude of B_grad:	0.13892001959701	
    Magnitude of b:	10.067748212448	

	
    Current index:	139501	
    Magnitude of W_grad:	34.118249892682	
    Magnitude of W:	180984.57276934	
    Magnitude of B_grad:	0.16964117084237	
    Magnitude of b:	10.108380878256	

	
    Current index:	149501	
    Magnitude of W_grad:	26.634140551617	
    Magnitude of W:	180967.86146004	
    Magnitude of B_grad:	0.19405853788386	
    Magnitude of b:	10.159106784237	

	
SGD: Loss is	
	LOSS:Calculated softmax res	
370890.05911522	
SGD: crossEntropyLoss is	
370890.05911522	
SGD: Validation Accuracy is:	
0.29881925522253	
SGD: Magnitude of W:	
180958.5606823	
SGD: Magnitude of b:	
9.7855392195936	
    Current index:	9501	
    Magnitude of W_grad:	25.37139228126	
    Magnitude of W:	180945.41692747	
    Magnitude of B_grad:	0.16907022488269	
    Magnitude of b:	9.5493390775446	

	
    Current index:	19501	
    Magnitude of W_grad:	20.472291104388	
    Magnitude of W:	180929.90498965	
    Magnitude of B_grad:	0.13497926916456	
    Magnitude of b:	9.4359408680617	

	
    Current index:	29501	
    Magnitude of W_grad:	27.921218376151	
    Magnitude of W:	180915.11914453	
    Magnitude of B_grad:	0.057270553176979	
    Magnitude of b:	9.444641385817	

	
    Current index:	39501	
    Magnitude of W_grad:	25.233505293625	
    Magnitude of W:	180900.06196164	
    Magnitude of B_grad:	0.15515718951862	
    Magnitude of b:	9.5821245009033	

	
    Current index:	49501	
    Magnitude of W_grad:	27.432303232333	
    Magnitude of W:	180885.08320321	
    Magnitude of B_grad:	0.11406680049943	
    Magnitude of b:	9.7035975047133	

	
    Current index:	59501	
    Magnitude of W_grad:	24.101865471841	
    Magnitude of W:	180870.59310402	
    Magnitude of B_grad:	0.15731783937539	
    Magnitude of b:	9.6766573776473	

	
    Current index:	69501	
    Magnitude of W_grad:	26.338830330158	
    Magnitude of W:	180854.97499226	
    Magnitude of B_grad:	0.07323342048109	
    Magnitude of b:	10.001596762916	

	
    Current index:	79501	
    Magnitude of W_grad:	23.866026947767	
    Magnitude of W:	180839.57405934	
    Magnitude of B_grad:	0.051230759364167	
    Magnitude of b:	10.180692146899	

	
    Current index:	89501	
    Magnitude of W_grad:	30.350708077189	
    Magnitude of W:	180822.07182143	
    Magnitude of B_grad:	0.12558632004138	
    Magnitude of b:	9.9728326337763	

	
    Current index:	99501	
    Magnitude of W_grad:	28.40443882437	
    Magnitude of W:	180805.31905228	
    Magnitude of B_grad:	0.076498484746181	
    Magnitude of b:	9.7742334130884	

	
    Current index:	109501	
    Magnitude of W_grad:	25.979407427896	
    Magnitude of W:	180789.53674556	
    Magnitude of B_grad:	0.087874708189632	
    Magnitude of b:	9.9886749362756	

	
    Current index:	119501	
    Magnitude of W_grad:	28.886718483124	
    Magnitude of W:	180773.52401897	
    Magnitude of B_grad:	0.15644907440239	
    Magnitude of b:	10.018436675159	

	
    Current index:	129501	
    Magnitude of W_grad:	31.256008103846	
    Magnitude of W:	180758.473201	
    Magnitude of B_grad:	0.13337883079544	
    Magnitude of b:	10.015080466	

	
    Current index:	139501	
    Magnitude of W_grad:	33.40553769573	
    Magnitude of W:	180742.21113998	
    Magnitude of B_grad:	0.16440204936358	
    Magnitude of b:	10.054069229513	

	
    Current index:	149501	
    Magnitude of W_grad:	26.260435251218	
    Magnitude of W:	180726.14164071	
    Magnitude of B_grad:	0.1875527214399	
    Magnitude of b:	10.104104601368	

	
SGD: Loss is	
	LOSS:Calculated softmax res	
361342.92513354	
SGD: crossEntropyLoss is	
361342.92513354	
SGD: Validation Accuracy is:	
0.29791099000908	
SGD: Magnitude of W:	
180717.12689933	
SGD: Magnitude of b:	
9.7351469866597	
    Current index:	9501	
    Magnitude of W_grad:	24.725263925676	
    Magnitude of W:	180704.31515137	
    Magnitude of B_grad:	0.16130737588054	
    Magnitude of b:	9.5025111036875	

	
    Current index:	19501	
    Magnitude of W_grad:	20.012354017954	
    Magnitude of W:	180689.31710091	
    Magnitude of B_grad:	0.12823125957743	
    Magnitude of b:	9.3921226771859	

	
    Current index:	29501	
    Magnitude of W_grad:	27.463174794291	
    Magnitude of W:	180675.03523505	
    Magnitude of B_grad:	0.054608647697391	
    Magnitude of b:	9.4001469759645	

	
    Current index:	39501	
    Magnitude of W_grad:	24.99456434491	
    Magnitude of W:	180660.58210351	
    Magnitude of B_grad:	0.15152798092929	
    Magnitude of b:	9.5370348556634	

	
    Current index:	49501	
    Magnitude of W_grad:	27.044137777447	
    Magnitude of W:	180646.21643969	
    Magnitude of B_grad:	0.11017742019317	
    Magnitude of b:	9.6614633873407	

	
    Current index:	59501	
    Magnitude of W_grad:	23.816693656248	
    Magnitude of W:	180632.33638829	
    Magnitude of B_grad:	0.15369489630168	
    Magnitude of b:	9.6342714756185	

	
    Current index:	69501	
    Magnitude of W_grad:	25.962176618271	
    Magnitude of W:	180617.02706256	
    Magnitude of B_grad:	0.067866355485997	
    Magnitude of b:	9.9552474445638	

	
    Current index:	79501	
    Magnitude of W_grad:	23.546594026822	
    Magnitude of W:	180602.05327643	
    Magnitude of B_grad:	0.04628579255572	
    Magnitude of b:	10.128073965104	

	
    Current index:	89501	
    Magnitude of W_grad:	30.006247419558	
    Magnitude of W:	180585.16473843	
    Magnitude of B_grad:	0.11757356267814	
    Magnitude of b:	9.9187288104255	

	
    Current index:	99501	
    Magnitude of W_grad:	27.973347478539	
    Magnitude of W:	180568.85846535	
    Magnitude of B_grad:	0.075335911558561	
    Magnitude of b:	9.7232413469052	

	
    Current index:	109501	
    Magnitude of W_grad:	25.109263846457	
    Magnitude of W:	180553.67702314	
    Magnitude of B_grad:	0.088453921782627	
    Magnitude of b:	9.9305259217792	

	
    Current index:	119501	
    Magnitude of W_grad:	28.480193248769	
    Magnitude of W:	180537.97017663	
    Magnitude of B_grad:	0.15241606824275	
    Magnitude of b:	9.9637373939296	

	
    Current index:	129501	
    Magnitude of W_grad:	30.954920331881	
    Magnitude of W:	180523.55349856	
    Magnitude of B_grad:	0.12721854328016	
    Magnitude of b:	9.9653044478932	

	
    Current index:	139501	
    Magnitude of W_grad:	32.750556890097	
    Magnitude of W:	180507.82097874	
    Magnitude of B_grad:	0.15947295880936	
    Magnitude of b:	10.003711152406	

	
    Current index:	149501	
    Magnitude of W_grad:	25.989080069487	
    Magnitude of W:	180492.23960332	
    Magnitude of B_grad:	0.18118602166174	
    Magnitude of b:	10.05300729977	

	
SGD: Loss is	
	LOSS:Calculated softmax res	
352768.41310756	
SGD: crossEntropyLoss is	
352768.41310756	
SGD: Validation Accuracy is:	
0.30790190735695	
SGD: Magnitude of W:	
180483.58845842	
SGD: Magnitude of b:	
9.6873255092722	
    Current index:	9501	
    Magnitude of W_grad:	24.180709179452	
    Magnitude of W:	180471.34147126	
    Magnitude of B_grad:	0.1550988998305	
    Magnitude of b:	9.4586251969786	

	
    Current index:	19501	
    Magnitude of W_grad:	19.570242747758	
    Magnitude of W:	180456.78013766	
    Magnitude of B_grad:	0.12188922659844	
    Magnitude of b:	9.3497840414575	

	
    Current index:	29501	
    Magnitude of W_grad:	27.097684788357	
    Magnitude of W:	180442.86779081	
    Magnitude of B_grad:	0.052026667859289	
    Magnitude of b:	9.3572216748399	

	
    Current index:	39501	
    Magnitude of W_grad:	24.743048992686	
    Magnitude of W:	180428.86859727	
    Magnitude of B_grad:	0.14775128443479	
    Magnitude of b:	9.4940154012387	

	
    Current index:	49501	
    Magnitude of W_grad:	26.664113709053	
    Magnitude of W:	180414.87985666	
    Magnitude of B_grad:	0.10693187101765	
    Magnitude of b:	9.6204968672116	

	
    Current index:	59501	
    Magnitude of W_grad:	23.543998549029	
    Magnitude of W:	180401.5295923	
    Magnitude of B_grad:	0.14992601678995	
    Magnitude of b:	9.5933146399478	

	
    Current index:	69501	
    Magnitude of W_grad:	25.589205729233	
    Magnitude of W:	180386.60504429	
    Magnitude of B_grad:	0.062584331313374	
    Magnitude of b:	9.9104925218716	

	
    Current index:	79501	
    Magnitude of W_grad:	23.315743344794	
    Magnitude of W:	180372.0714846	
    Magnitude of B_grad:	0.042025880182256	
    Magnitude of b:	10.077628395567	

	
    Current index:	89501	
    Magnitude of W_grad:	29.656955160685	
    Magnitude of W:	180355.60034986	
    Magnitude of B_grad:	0.11020151961057	
    Magnitude of b:	9.8665380020557	

	
    Current index:	99501	
    Magnitude of W_grad:	27.548001208857	
    Magnitude of W:	180339.7390419	
    Magnitude of B_grad:	0.074118560255312	
    Magnitude of b:	9.6745082427592	

	
    Current index:	109501	
    Magnitude of W_grad:	24.437858071493	
    Magnitude of W:	180325.11350255	
    Magnitude of B_grad:	0.08896771676614	
    Magnitude of b:	9.8755335133737	

	
    Current index:	119501	
    Magnitude of W_grad:	28.084975533682	
    Magnitude of W:	180309.69384818	
    Magnitude of B_grad:	0.14873724453633	
    Magnitude of b:	9.9118187045147	

	
    Current index:	129501	
    Magnitude of W_grad:	30.594320192394	
    Magnitude of W:	180295.78056968	
    Magnitude of B_grad:	0.1204663066099	
    Magnitude of b:	9.9178919605643	

	
    Current index:	139501	
    Magnitude of W_grad:	32.131183176589	
    Magnitude of W:	180280.49545739	
    Magnitude of B_grad:	0.15502404348679	
    Magnitude of b:	9.9566283196741	

	
    Current index:	149501	
    Magnitude of W_grad:	25.717583052039	
    Magnitude of W:	180265.28514923	
    Magnitude of B_grad:	0.17490450279624	
    Magnitude of b:	10.004848186203	

	
SGD: Loss is	
	LOSS:Calculated softmax res	
345010.16694548	
SGD: crossEntropyLoss is	
345010.16694548	
SGD: Validation Accuracy is:	
0.30790190735695	
SGD: Magnitude of W:	
180256.82671452	
SGD: Magnitude of b:	
9.6416572483141	
    Current index:	9501	
    Magnitude of W_grad:	23.683934930755	
    Magnitude of W:	180244.94029588	
    Magnitude of B_grad:	0.15052173935536	
    Magnitude of b:	9.4171174760056	

	
    Current index:	19501	
    Magnitude of W_grad:	19.14974498706	
    Magnitude of W:	180230.7176379	
    Magnitude of B_grad:	0.11588259130957	
    Magnitude of b:	9.3091960420863	

	
    Current index:	29501	
    Magnitude of W_grad:	26.783890138285	
    Magnitude of W:	180217.29033423	
    Magnitude of B_grad:	0.049511386873959	
    Magnitude of b:	9.3159618016668	

	
    Current index:	39501	
    Magnitude of W_grad:	24.481639581441	
    Magnitude of W:	180203.49369564	
    Magnitude of B_grad:	0.1439234811457	
    Magnitude of b:	9.4528294640993	

	
    Current index:	49501	
    Magnitude of W_grad:	26.27603072798	
    Magnitude of W:	180189.82296325	
    Magnitude of B_grad:	0.104879407936	
    Magnitude of b:	9.5807882787896	

	
    Current index:	59501	
    Magnitude of W_grad:	23.285210434551	
    Magnitude of W:	180176.78579472	
    Magnitude of B_grad:	0.14612502711575	
    Magnitude of b:	9.553535028154	

	
    Current index:	69501	
    Magnitude of W_grad:	25.229213449777	
    Magnitude of W:	180162.26684738	
    Magnitude of B_grad:	0.057350474284915	
    Magnitude of b:	9.8672055164644	

	
    Current index:	79501	
    Magnitude of W_grad:	23.137539645024	
    Magnitude of W:	180148.09488631	
    Magnitude of B_grad:	0.038465866534871	
    Magnitude of b:	10.02930413439	

	
    Current index:	89501	
    Magnitude of W_grad:	29.309005343243	
    Magnitude of W:	180131.98279557	
    Magnitude of B_grad:	0.10344928356705	
    Magnitude of b:	9.8162700767857	

	
    Current index:	99501	
    Magnitude of W_grad:	27.140735694337	
    Magnitude of W:	180116.44219346	
    Magnitude of B_grad:	0.072830980219795	
    Magnitude of b:	9.6278134355295	

	
    Current index:	109501	
    Magnitude of W_grad:	23.902974868882	
    Magnitude of W:	180102.13382645	
    Magnitude of B_grad:	0.089204781168492	
    Magnitude of b:	9.8235349941138	

	
    Current index:	119501	
    Magnitude of W_grad:	27.673068832081	
    Magnitude of W:	180087.07274514	
    Magnitude of B_grad:	0.14531944537611	
    Magnitude of b:	9.8625289127391	

	
    Current index:	129501	
    Magnitude of W_grad:	30.143668892942	
    Magnitude of W:	180073.62377028	
    Magnitude of B_grad:	0.11298782264429	
    Magnitude of b:	9.8726279575163	

	
    Current index:	139501	
    Magnitude of W_grad:	31.543272972885	
    Magnitude of W:	180058.84242251	
    Magnitude of B_grad:	0.15110774807571	
    Magnitude of b:	9.9122382900842	

	
    Current index:	149501	
    Magnitude of W_grad:	25.445095387951	
    Magnitude of W:	180044.09864241	
    Magnitude of B_grad:	0.16875642503283	
    Magnitude of b:	9.9589667992113	

	
Done.	
Testing on validation set...	
Done	
Datafile:	/n/home09/ankitgupta/CS287/HW1/SST1-uni-sent-syns.hdf5	Classifier:	lr	Alpha:	0	Eta:	0.5	Lambda:	0.5	Minibatch size:	500	Num Epochs:	15	Minimum Sentence Length:	0	
Accuracy:	0.3133514986376	
