[?1034hDatafile:	/n/home09/ankitgupta/CS287/HW1/SST1-uni.hdf5	Classifier:	lr	Alpha:	0	Eta:	0.1	Lambda:	1	Minibatch size:	500	Num Epochs:	50	Minimum Sentence Length:	5	
Note that not all parameters may apply to all classifiers	
Loading datafiles...	
Number of training samples before removing small sentences	156817	
Number of training samples after removing small sentences	79635	
Done.	
Training classifier...	
SGD: Loss is	
	LOSS:Calculated softmax res	
467038.56953774	
SGD: crossEntropyLoss is	
467038.56953774	
SGD: Validation Accuracy is:	
0.15168029064487	
SGD: Magnitude of W:	
61636.952798393	
SGD: Magnitude of b:	
4.0739302095497	
    Current index:	9501	
    Magnitude of W_grad:	16.026957856887	
    Magnitude of W:	61628.480690703	
    Magnitude of B_grad:	0.783341519586	
    Magnitude of b:	4.0111157502274	

	
    Current index:	19501	
    Magnitude of W_grad:	13.11984549314	
    Magnitude of W:	61621.321398589	
    Magnitude of B_grad:	0.62748051992895	
    Magnitude of b:	3.8596874178468	

	
    Current index:	29501	
    Magnitude of W_grad:	10.458174737613	
    Magnitude of W:	61615.128759351	
    Magnitude of B_grad:	0.3380049335451	
    Magnitude of b:	3.7380146841407	

	
    Current index:	39501	
    Magnitude of W_grad:	13.529697407379	
    Magnitude of W:	61609.452265825	
    Magnitude of B_grad:	0.70043985093513	
    Magnitude of b:	3.758123681704	

	
    Current index:	49501	
    Magnitude of W_grad:	10.804246881227	
    Magnitude of W:	61602.752928295	
    Magnitude of B_grad:	0.37837552787498	
    Magnitude of b:	4.0032460539861	

	
    Current index:	59501	
    Magnitude of W_grad:	12.047009362048	
    Magnitude of W:	61596.460414602	
    Magnitude of B_grad:	0.32331307683892	
    Magnitude of b:	4.5369232491205	

	
    Current index:	69501	
    Magnitude of W_grad:	10.51501872981	
    Magnitude of W:	61590.322999605	
    Magnitude of B_grad:	0.27434126930069	
    Magnitude of b:	5.0814751838522	

	
    Current index:	79501	
    Magnitude of W_grad:	15.004424369742	
    Magnitude of W:	61583.94163579	
    Magnitude of B_grad:	0.97068285177284	
    Magnitude of b:	5.3624741926522	

	
SGD: Loss is	
	LOSS:Calculated softmax res	
326798.29307006	
SGD: crossEntropyLoss is	
326798.29307006	
SGD: Validation Accuracy is:	
0.20890099909173	
SGD: Magnitude of W:	
61583.94163579	
SGD: Magnitude of b:	
5.3624741926522	
    Current index:	9501	
    Magnitude of W_grad:	11.345738520474	
    Magnitude of W:	61577.32160234	
    Magnitude of B_grad:	0.45754246310681	
    Magnitude of b:	4.5743347474003	

	
    Current index:	19501	
    Magnitude of W_grad:	11.303597316129	
    Magnitude of W:	61571.475949402	
    Magnitude of B_grad:	0.44227689449471	
    Magnitude of b:	4.2206851272006	

	
    Current index:	29501	
    Magnitude of W_grad:	8.9826536287375	
    Magnitude of W:	61565.680635086	
    Magnitude of B_grad:	0.18223145021594	
    Magnitude of b:	4.2071144969421	

	
    Current index:	39501	
    Magnitude of W_grad:	12.791507234962	
    Magnitude of W:	61560.061438343	
    Magnitude of B_grad:	0.65864917693431	
    Magnitude of b:	4.4127565788287	

	
    Current index:	49501	
    Magnitude of W_grad:	10.2486467106	
    Magnitude of W:	61553.771336039	
    Magnitude of B_grad:	0.33309527045588	
    Magnitude of b:	4.7275320025494	

	
    Current index:	59501	
    Magnitude of W_grad:	11.63506234163	
    Magnitude of W:	61547.590999038	
    Magnitude of B_grad:	0.28984509886507	
    Magnitude of b:	5.2545899691899	

	
    Current index:	69501	
    Magnitude of W_grad:	10.15646727704	
    Magnitude of W:	61541.801234452	
    Magnitude of B_grad:	0.24789353436799	
    Magnitude of b:	5.6280561031284	

	
    Current index:	79501	
    Magnitude of W_grad:	14.993309878871	
    Magnitude of W:	61535.605798729	
    Magnitude of B_grad:	0.99791940217782	
    Magnitude of b:	5.79727719566	

	
SGD: Loss is	
	LOSS:Calculated softmax res	
310979.99393337	
SGD: crossEntropyLoss is	
310979.99393337	
SGD: Validation Accuracy is:	
0.22434150772025	
SGD: Magnitude of W:	
61535.605798729	
SGD: Magnitude of b:	
5.79727719566	
    Current index:	9501	
    Magnitude of W_grad:	11.251805339313	
    Magnitude of W:	61529.638227312	
    Magnitude of B_grad:	0.46192096833149	
    Magnitude of b:	4.9415599845538	

	
    Current index:	19501	
    Magnitude of W_grad:	11.168426479293	
    Magnitude of W:	61523.85562427	
    Magnitude of B_grad:	0.42826507970673	
    Magnitude of b:	4.6165578677342	

	
    Current index:	29501	
    Magnitude of W_grad:	8.7666532853979	
    Magnitude of W:	61518.110998733	
    Magnitude of B_grad:	0.17393514383584	
    Magnitude of b:	4.6388169490209	

	
    Current index:	39501	
    Magnitude of W_grad:	12.614181614056	
    Magnitude of W:	61512.694841916	
    Magnitude of B_grad:	0.64044115610575	
    Magnitude of b:	4.8217713122271	

	
    Current index:	49501	
    Magnitude of W_grad:	10.120153453308	
    Magnitude of W:	61506.631770179	
    Magnitude of B_grad:	0.33173623894264	
    Magnitude of b:	4.9929956741317	

	
    Current index:	59501	
    Magnitude of W_grad:	11.489832471093	
    Magnitude of W:	61500.689582194	
    Magnitude of B_grad:	0.28910578319554	
    Magnitude of b:	5.4888879309903	

	
    Current index:	69501	
    Magnitude of W_grad:	9.9903015415457	
    Magnitude of W:	61495.107787751	
    Magnitude of B_grad:	0.24560996740197	
    Magnitude of b:	5.8257630675959	

	
    Current index:	79501	
    Magnitude of W_grad:	14.889980155173	
    Magnitude of W:	61489.033180989	
    Magnitude of B_grad:	0.99256834083862	
    Magnitude of b:	5.9777154324781	

	
SGD: Loss is	
	LOSS:Calculated softmax res	
300642.62518659	
SGD: crossEntropyLoss is	
300642.62518659	
SGD: Validation Accuracy is:	
0.23342415985468	
SGD: Magnitude of W:	
61489.033180989	
SGD: Magnitude of b:	
5.9777154324781	
    Current index:	9501	
    Magnitude of W_grad:	11.194171037564	
    Magnitude of W:	61483.191329232	
    Magnitude of B_grad:	0.4621178921464	
    Magnitude of b:	5.1160949109001	

	
    Current index:	19501	
    Magnitude of W_grad:	11.117711274967	
    Magnitude of W:	61477.624232762	
    Magnitude of B_grad:	0.42224549375213	
    Magnitude of b:	4.9096336273409	

	
    Current index:	29501	
    Magnitude of W_grad:	8.6493349525062	
    Magnitude of W:	61472.129880652	
    Magnitude of B_grad:	0.16455216975062	
    Magnitude of b:	4.9263872861321	

	
    Current index:	39501	
    Magnitude of W_grad:	12.480374855468	
    Magnitude of W:	61466.831972236	
    Magnitude of B_grad:	0.62958054034853	
    Magnitude of b:	5.1005227725596	

	
    Current index:	49501	
    Magnitude of W_grad:	10.046476363353	
    Magnitude of W:	61460.820600871	
    Magnitude of B_grad:	0.33442293803744	
    Magnitude of b:	5.2411509433168	

	
    Current index:	59501	
    Magnitude of W_grad:	11.381561874352	
    Magnitude of W:	61454.977972363	
    Magnitude of B_grad:	0.28900946376191	
    Magnitude of b:	5.6463809065419	

	
    Current index:	69501	
    Magnitude of W_grad:	9.8226064518869	
    Magnitude of W:	61449.415473892	
    Magnitude of B_grad:	0.24395254445523	
    Magnitude of b:	5.9632594136131	

	
    Current index:	79501	
    Magnitude of W_grad:	14.774850645691	
    Magnitude of W:	61443.422758315	
    Magnitude of B_grad:	0.98198472160914	
    Magnitude of b:	6.1077796388867	

	
SGD: Loss is	
	LOSS:Calculated softmax res	
293266.84860366	
SGD: crossEntropyLoss is	
293266.84860366	
SGD: Validation Accuracy is:	
0.23433242506812	
SGD: Magnitude of W:	
61443.422758315	
SGD: Magnitude of b:	
6.1077796388867	
    Current index:	9501	
    Magnitude of W_grad:	11.113352601925	
    Magnitude of W:	61437.952712381	
    Magnitude of B_grad:	0.45875675711525	
    Magnitude of b:	5.2482140779245	

	
    Current index:	19501	
    Magnitude of W_grad:	11.084717596811	
    Magnitude of W:	61432.680074238	
    Magnitude of B_grad:	0.41964941643612	
    Magnitude of b:	5.120655819288	

	
    Current index:	29501	
    Magnitude of W_grad:	8.5692245746032	
    Magnitude of W:	61427.555189165	
    Magnitude of B_grad:	0.16387582587994	
    Magnitude of b:	5.133828703983	

	
    Current index:	39501	
    Magnitude of W_grad:	12.351666793962	
    Magnitude of W:	61422.44682253	
    Magnitude of B_grad:	0.61930069030095	
    Magnitude of b:	5.3032326139543	

	
    Current index:	49501	
    Magnitude of W_grad:	9.9811682764984	
    Magnitude of W:	61416.354699336	
    Magnitude of B_grad:	0.33790024221336	
    Magnitude of b:	5.4332859160638	

	
    Current index:	59501	
    Magnitude of W_grad:	11.292536182674	
    Magnitude of W:	61410.451703744	
    Magnitude of B_grad:	0.2887805820291	
    Magnitude of b:	5.7706039068576	

	
    Current index:	69501	
    Magnitude of W_grad:	9.6587303088014	
    Magnitude of W:	61404.948288162	
    Magnitude of B_grad:	0.241136963305	
    Magnitude of b:	6.0724176995565	

	
    Current index:	79501	
    Magnitude of W_grad:	14.653605192324	
    Magnitude of W:	61399.173654834	
    Magnitude of B_grad:	0.96965780559354	
    Magnitude of b:	6.2113248591248	

	
SGD: Loss is	
	LOSS:Calculated softmax res	
287595.73033488	
SGD: crossEntropyLoss is	
287595.73033488	
SGD: Validation Accuracy is:	
0.236148955495	
SGD: Magnitude of W:	
61399.173654834	
SGD: Magnitude of b:	
6.2113248591248	
    Current index:	9501	
    Magnitude of W_grad:	11.022727820532	
    Magnitude of W:	61394.101200803	
    Magnitude of B_grad:	0.45320466714718	
    Magnitude of b:	5.3559568590323	

	
    Current index:	19501	
    Magnitude of W_grad:	11.048502166667	
    Magnitude of W:	61389.069545788	
    Magnitude of B_grad:	0.41809517500699	
    Magnitude of b:	5.2774460564192	

	
    Current index:	29501	
    Magnitude of W_grad:	8.4932727040372	
    Magnitude of W:	61383.974149245	
    Magnitude of B_grad:	0.16391967921251	
    Magnitude of b:	5.3569078635439	

	
    Current index:	39501	
    Magnitude of W_grad:	12.224571652536	
    Magnitude of W:	61378.93298688	
    Magnitude of B_grad:	0.60921600026862	
    Magnitude of b:	5.5886504914309	

	
    Current index:	49501	
    Magnitude of W_grad:	9.9307516348711	
    Magnitude of W:	61373.096011829	
    Magnitude of B_grad:	0.34162234382199	
    Magnitude of b:	5.5773333000754	

	
    Current index:	59501	
    Magnitude of W_grad:	11.21355746072	
    Magnitude of W:	61367.461519683	
    Magnitude of B_grad:	0.28847529658631	
    Magnitude of b:	5.8712662168691	

	
    Current index:	69501	
    Magnitude of W_grad:	9.51501829227	
    Magnitude of W:	61362.035255989	
    Magnitude of B_grad:	0.23754832592156	
    Magnitude of b:	6.1613943745923	

	
    Current index:	79501	
    Magnitude of W_grad:	14.524670432323	
    Magnitude of W:	61356.330840253	
    Magnitude of B_grad:	0.95646942859398	
    Magnitude of b:	6.295637434763	

	
SGD: Loss is	
	LOSS:Calculated softmax res	
282965.2148146	
SGD: crossEntropyLoss is	
282965.2148146	
SGD: Validation Accuracy is:	
0.23705722070845	
SGD: Magnitude of W:	
61356.330840253	
SGD: Magnitude of b:	
6.295637434763	
    Current index:	9501	
    Magnitude of W_grad:	10.927203657895	
    Magnitude of W:	61351.353025908	
    Magnitude of B_grad:	0.44667476104436	
    Magnitude of b:	5.4451522303115	

	
    Current index:	19501	
    Magnitude of W_grad:	10.999855934748	
    Magnitude of W:	61346.396856008	
    Magnitude of B_grad:	0.41665065947476	
    Magnitude of b:	5.3962541787386	

	
    Current index:	29501	
    Magnitude of W_grad:	8.4223161999561	
    Magnitude of W:	61341.345950321	
    Magnitude of B_grad:	0.16253195386907	
    Magnitude of b:	5.6247548498923	

	
    Current index:	39501	
    Magnitude of W_grad:	12.110139685542	
    Magnitude of W:	61336.334567101	
    Magnitude of B_grad:	0.59976548579522	
    Magnitude of b:	5.846351275181	

	
    Current index:	49501	
    Magnitude of W_grad:	9.8930791877131	
    Magnitude of W:	61330.60179793	
    Magnitude of B_grad:	0.34543070503912	
    Magnitude of b:	5.6869454645851	

	
    Current index:	59501	
    Magnitude of W_grad:	11.138230686438	
    Magnitude of W:	61325.023405925	
    Magnitude of B_grad:	0.28812156266392	
    Magnitude of b:	5.9539385780525	

	
    Current index:	69501	
    Magnitude of W_grad:	9.3923863499284	
    Magnitude of W:	61319.623706526	
    Magnitude of B_grad:	0.23379972398455	
    Magnitude of b:	6.23496156178	

	
    Current index:	79501	
    Magnitude of W_grad:	14.397362512398	
    Magnitude of W:	61313.978291523	
    Magnitude of B_grad:	0.94288216967496	
    Magnitude of b:	6.3652328285309	

	
SGD: Loss is	
	LOSS:Calculated softmax res	
279014.20782832	
SGD: crossEntropyLoss is	
279014.20782832	
SGD: Validation Accuracy is:	
0.23887375113533	
SGD: Magnitude of W:	
61313.978291523	
SGD: Magnitude of b:	
6.3652328285309	
    Current index:	9501	
    Magnitude of W_grad:	10.833480372408	
    Magnitude of W:	61309.042113491	
    Magnitude of B_grad:	0.43995069233729	
    Magnitude of b:	5.5196903297294	

	
    Current index:	19501	
    Magnitude of W_grad:	10.942320828318	
    Magnitude of W:	61304.131687207	
    Magnitude of B_grad:	0.41501459606378	
    Magnitude of b:	5.5186517924848	

	
    Current index:	29501	
    Magnitude of W_grad:	8.3534515079704	
    Magnitude of W:	61299.12157749	
    Magnitude of B_grad:	0.16069367850289	
    Magnitude of b:	5.8283120856316	

	
    Current index:	39501	
    Magnitude of W_grad:	12.008453300999	
    Magnitude of W:	61294.158438973	
    Magnitude of B_grad:	0.5911115152631	
    Magnitude of b:	6.0419938449084	

	
    Current index:	49501	
    Magnitude of W_grad:	9.8621323327884	
    Magnitude of W:	61288.480568212	
    Magnitude of B_grad:	0.34915928316735	
    Magnitude of b:	5.7712897425721	

	
    Current index:	59501	
    Magnitude of W_grad:	11.064039183232	
    Magnitude of W:	61283.039055144	
    Magnitude of B_grad:	0.28778378327483	
    Magnitude of b:	6.0223866115379	

	
    Current index:	69501	
    Magnitude of W_grad:	9.2901658082137	
    Magnitude of W:	61277.862448391	
    Magnitude of B_grad:	0.23032263882175	
    Magnitude of b:	6.2962117936871	

	
    Current index:	79501	
    Magnitude of W_grad:	14.270800082936	
    Magnitude of W:	61272.356859172	
    Magnitude of B_grad:	0.92921924023729	
    Magnitude of b:	6.4230058442735	

	
SGD: Loss is	
	LOSS:Calculated softmax res	
275535.18255913	
SGD: crossEntropyLoss is	
275535.18255913	
SGD: Validation Accuracy is:	
0.24069028156222	
SGD: Magnitude of W:	
61272.356859172	
SGD: Magnitude of b:	
6.4230058442735	
    Current index:	9501	
    Magnitude of W_grad:	10.742501030763	
    Magnitude of W:	61267.318182181	
    Magnitude of B_grad:	0.43340974522008	
    Magnitude of b:	5.5822349748966	

	
    Current index:	19501	
    Magnitude of W_grad:	10.877276315075	
    Magnitude of W:	61262.426145277	
    Magnitude of B_grad:	0.41315324439348	
    Magnitude of b:	5.6815109998806	

	
    Current index:	29501	
    Magnitude of W_grad:	8.2868821591497	
    Magnitude of W:	61257.494217696	
    Magnitude of B_grad:	0.15891107693441	
    Magnitude of b:	5.9839688549742	

	
    Current index:	39501	
    Magnitude of W_grad:	11.916502113683	
    Magnitude of W:	61252.600753035	
    Magnitude of B_grad:	0.58319770819093	
    Magnitude of b:	6.1914105464958	

	
    Current index:	49501	
    Magnitude of W_grad:	9.834500488664	
    Magnitude of W:	61247.158116226	
    Magnitude of B_grad:	0.35268366736208	
    Magnitude of b:	5.8366707370034	

	
    Current index:	59501	
    Magnitude of W_grad:	10.990211789425	
    Magnitude of W:	61241.859361978	
    Magnitude of B_grad:	0.28750672696165	
    Magnitude of b:	6.0791084889577	

	
    Current index:	69501	
    Magnitude of W_grad:	9.2071583585994	
    Magnitude of W:	61236.793379177	
    Magnitude of B_grad:	0.22728064231697	
    Magnitude of b:	6.3471554062856	

	
    Current index:	79501	
    Magnitude of W_grad:	14.146351238389	
    Magnitude of W:	61231.387460371	
    Magnitude of B_grad:	0.91572678442281	
    Magnitude of b:	6.4708314162986	

	
SGD: Loss is	
	LOSS:Calculated softmax res	
272403.34197314	
SGD: crossEntropyLoss is	
272403.34197314	
SGD: Validation Accuracy is:	
0.24613987284287	
SGD: Magnitude of W:	
61231.387460371	
SGD: Magnitude of b:	
6.4708314162986	
    Current index:	9501	
    Magnitude of W_grad:	10.656549862605	
    Magnitude of W:	61226.463574775	
    Magnitude of B_grad:	0.42721054351735	
    Magnitude of b:	5.6345994374263	

	
    Current index:	19501	
    Magnitude of W_grad:	10.808989449046	
    Magnitude of W:	61221.593987283	
    Magnitude of B_grad:	0.41113149348428	
    Magnitude of b:	5.8070691328267	

	
    Current index:	29501	
    Magnitude of W_grad:	8.2193927257193	
    Magnitude of W:	61216.753984656	
    Magnitude of B_grad:	0.15738437186111	
    Magnitude of b:	6.1035286340984	

	
    Current index:	39501	
    Magnitude of W_grad:	11.827924287207	
    Magnitude of W:	61211.967303009	
    Magnitude of B_grad:	0.57591274849118	
    Magnitude of b:	6.3059979346346	

	
    Current index:	49501	
    Magnitude of W_grad:	9.8096281665171	
    Magnitude of W:	61206.69147591	
    Magnitude of B_grad:	0.35593754807671	
    Magnitude of b:	5.8875122697667	

	
    Current index:	59501	
    Magnitude of W_grad:	10.919542890443	
    Magnitude of W:	61201.463679546	
    Magnitude of B_grad:	0.28729983855017	
    Magnitude of b:	6.1258469003736	

	
    Current index:	69501	
    Magnitude of W_grad:	9.1340283853449	
    Magnitude of W:	61196.44199908	
    Magnitude of B_grad:	0.22466505673156	
    Magnitude of b:	6.3892034258963	

	
    Current index:	79501	
    Magnitude of W_grad:	14.028093811916	
    Magnitude of W:	61191.085516094	
    Magnitude of B_grad:	0.90258698645471	
    Magnitude of b:	6.5100434439687	

	
SGD: Loss is	
	LOSS:Calculated softmax res	
269539.70195153	
SGD: crossEntropyLoss is	
269539.70195153	
SGD: Validation Accuracy is:	
0.24704813805631	
SGD: Magnitude of W:	
61191.085516094	
SGD: Magnitude of b:	
6.5100434439687	
    Current index:	9501	
    Magnitude of W_grad:	10.575633726082	
    Magnitude of W:	61186.229913574	
    Magnitude of B_grad:	0.42141485187815	
    Magnitude of b:	5.6781258009494	

	
    Current index:	19501	
    Magnitude of W_grad:	10.740065984309	
    Magnitude of W:	61181.519949019	
    Magnitude of B_grad:	0.40902905546222	
    Magnitude of b:	5.9042512017436	

	
    Current index:	29501	
    Magnitude of W_grad:	8.1517857011812	
    Magnitude of W:	61176.838762901	
    Magnitude of B_grad:	0.15738094007503	
    Magnitude of b:	6.1956264714119	

	
    Current index:	39501	
    Magnitude of W_grad:	11.745384599229	
    Magnitude of W:	61172.127784945	
    Magnitude of B_grad:	0.56914527275833	
    Magnitude of b:	6.3940905991688	

	
    Current index:	49501	
    Magnitude of W_grad:	9.7864928270029	
    Magnitude of W:	61166.885907921	
    Magnitude of B_grad:	0.35888788947018	
    Magnitude of b:	5.9270305545534	

	
    Current index:	59501	
    Magnitude of W_grad:	10.84947663127	
    Magnitude of W:	61161.687001329	
    Magnitude of B_grad:	0.28715170121449	
    Magnitude of b:	6.1639488333946	

	
    Current index:	69501	
    Magnitude of W_grad:	9.0655391207649	
    Magnitude of W:	61156.670289278	
    Magnitude of B_grad:	0.22240244622619	
    Magnitude of b:	6.4234713495762	

	
    Current index:	79501	
    Magnitude of W_grad:	13.915242148335	
    Magnitude of W:	61151.377096041	
    Magnitude of B_grad:	0.88992587569347	
    Magnitude of b:	6.5417151136976	

	
SGD: Loss is	
	LOSS:Calculated softmax res	
266891.54479213	
SGD: crossEntropyLoss is	
266891.54479213	
SGD: Validation Accuracy is:	
0.24977293369664	
SGD: Magnitude of W:	
61151.377096041	
SGD: Magnitude of b:	
6.5417151136976	
    Current index:	9501	
    Magnitude of W_grad:	10.500241169409	
    Magnitude of W:	61146.682195275	
    Magnitude of B_grad:	0.41603720034748	
    Magnitude of b:	5.7322933522409	

	
    Current index:	19501	
    Magnitude of W_grad:	10.673110507128	
    Magnitude of W:	61141.995634996	
    Magnitude of B_grad:	0.40690749504304	
    Magnitude of b:	5.9796740498401	

	
    Current index:	29501	
    Magnitude of W_grad:	8.0868168780484	
    Magnitude of W:	61137.339022081	
    Magnitude of B_grad:	0.15941638309383	
    Magnitude of b:	6.2666751722657	

	
    Current index:	39501	
    Magnitude of W_grad:	11.668235849477	
    Magnitude of W:	61132.660616514	
    Magnitude of B_grad:	0.56280206011864	
    Magnitude of b:	6.4618801561111	

	
    Current index:	49501	
    Magnitude of W_grad:	9.7669038405997	
    Magnitude of W:	61127.47732582	
    Magnitude of B_grad:	0.36152049595603	
    Magnitude of b:	5.9576374217452	

	
    Current index:	59501	
    Magnitude of W_grad:	10.781225643115	
    Magnitude of W:	61122.370651253	
    Magnitude of B_grad:	0.28704129908943	
    Magnitude of b:	6.1945596218545	

	
    Current index:	69501	
    Magnitude of W_grad:	9.0028603842744	
    Magnitude of W:	61117.436655807	
    Magnitude of B_grad:	0.22041482534204	
    Magnitude of b:	6.4509364132296	

	
    Current index:	79501	
    Magnitude of W_grad:	13.809533710177	
    Magnitude of W:	61112.201483875	
    Magnitude of B_grad:	0.87782084019325	
    Magnitude of b:	6.566796993952	

	
SGD: Loss is	
	LOSS:Calculated softmax res	
264421.8890733	
SGD: crossEntropyLoss is	
264421.8890733	
SGD: Validation Accuracy is:	
0.24977293369664	
SGD: Magnitude of W:	
61112.201483875	
SGD: Magnitude of b:	
6.566796993952	
    Current index:	9501	
    Magnitude of W_grad:	10.429986496242	
    Magnitude of W:	61107.586180445	
    Magnitude of B_grad:	0.41106546933203	
    Magnitude of b:	5.7972294731558	

	
    Current index:	19501	
    Magnitude of W_grad:	10.606878566701	
    Magnitude of W:	61102.952933827	
    Magnitude of B_grad:	0.40480416177906	
    Magnitude of b:	6.0383012805059	

	
    Current index:	29501	
    Magnitude of W_grad:	8.0280117211061	
    Magnitude of W:	61098.341369138	
    Magnitude of B_grad:	0.16149448059753	
    Magnitude of b:	6.3214891629367	

	
    Current index:	39501	
    Magnitude of W_grad:	11.593781704749	
    Magnitude of W:	61093.658284674	
    Magnitude of B_grad:	0.55680945705567	
    Magnitude of b:	6.5140162413215	

	
    Current index:	49501	
    Magnitude of W_grad:	9.7486296025142	
    Magnitude of W:	61088.516341451	
    Magnitude of B_grad:	0.36383333363978	
    Magnitude of b:	5.9967539203284	

	
    Current index:	59501	
    Magnitude of W_grad:	10.716566066521	
    Magnitude of W:	61083.425319316	
    Magnitude of B_grad:	0.28694396886808	
    Magnitude of b:	6.2187107997078	

	
    Current index:	69501	
    Magnitude of W_grad:	8.9430314467915	
    Magnitude of W:	61078.523197516	
    Magnitude of B_grad:	0.21864026375381	
    Magnitude of b:	6.4725032245708	

	
    Current index:	79501	
    Magnitude of W_grad:	13.708705892552	
    Magnitude of W:	61073.309915302	
    Magnitude of B_grad:	0.86630912997445	
    Magnitude of b:	6.5861720083941	

	
SGD: Loss is	
	LOSS:Calculated softmax res	
262103.58588621	
SGD: crossEntropyLoss is	
262103.58588621	
SGD: Validation Accuracy is:	
0.25249772933697	
SGD: Magnitude of W:	
61073.309915302	
SGD: Magnitude of b:	
6.5861720083941	
    Current index:	9501	
    Magnitude of W_grad:	10.363273828307	
    Magnitude of W:	61068.745056214	
    Magnitude of B_grad:	0.40647250918289	
    Magnitude of b:	5.8488458803213	

	
    Current index:	19501	
    Magnitude of W_grad:	10.541622532114	
    Magnitude of W:	61064.140379635	
    Magnitude of B_grad:	0.40273679018435	
    Magnitude of b:	6.0838880904504	

	
    Current index:	29501	
    Magnitude of W_grad:	7.9791863102482	
    Magnitude of W:	61059.550065314	
    Magnitude of B_grad:	0.16357592889653	
    Magnitude of b:	6.3637119381913	

	
    Current index:	39501	
    Magnitude of W_grad:	11.522591031269	
    Magnitude of W:	61054.875848119	
    Magnitude of B_grad:	0.55110985514942	
    Magnitude of b:	6.5540176583195	

	
    Current index:	49501	
    Magnitude of W_grad:	9.7312058376014	
    Magnitude of W:	61049.732889528	
    Magnitude of B_grad:	0.36583271561352	
    Magnitude of b:	6.0389936046221	

	
    Current index:	59501	
    Magnitude of W_grad:	10.65632686928	
    Magnitude of W:	61044.683206683	
    Magnitude of B_grad:	0.28683503639816	
    Magnitude of b:	6.2373490175002	

	
    Current index:	69501	
    Magnitude of W_grad:	8.8884642359538	
    Magnitude of W:	61039.821845823	
    Magnitude of B_grad:	0.21703467817256	
    Magnitude of b:	6.489019247128	

	
    Current index:	79501	
    Magnitude of W_grad:	13.61249324474	
    Magnitude of W:	61034.67844402	
    Magnitude of B_grad:	0.8553969052328	
    Magnitude of b:	6.6006670440885	

	
SGD: Loss is	
	LOSS:Calculated softmax res	
259915.90289001	
SGD: crossEntropyLoss is	
259915.90289001	
SGD: Validation Accuracy is:	
0.25613079019074	
SGD: Magnitude of W:	
61034.67844402	
SGD: Magnitude of b:	
6.6006670440885	
    Current index:	9501	
    Magnitude of W_grad:	10.299229837721	
    Magnitude of W:	61030.13381114	
    Magnitude of B_grad:	0.40222401691111	
    Magnitude of b:	5.8897198535437	

	
    Current index:	19501	
    Magnitude of W_grad:	10.478939980645	
    Magnitude of W:	61025.547243694	
    Magnitude of B_grad:	0.40071015557658	
    Magnitude of b:	6.1192955589649	

	
    Current index:	29501	
    Magnitude of W_grad:	7.9345693971781	
    Magnitude of W:	61020.977252736	
    Magnitude of B_grad:	0.16562749619542	
    Magnitude of b:	6.3961200220253	

	
    Current index:	39501	
    Magnitude of W_grad:	11.455301634273	
    Magnitude of W:	61016.319957069	
    Magnitude of B_grad:	0.54565811806968	
    Magnitude of b:	6.5845654692535	

	
    Current index:	49501	
    Magnitude of W_grad:	9.7149884034743	
    Magnitude of W:	61011.220727758	
    Magnitude of B_grad:	0.367530659511	
    Magnitude of b:	6.0720804360478	

	
    Current index:	59501	
    Magnitude of W_grad:	10.598614056742	
    Magnitude of W:	61006.220380749	
    Magnitude of B_grad:	0.28669234515924	
    Magnitude of b:	6.2513387276366	

	
    Current index:	69501	
    Magnitude of W_grad:	8.8377013512998	
    Magnitude of W:	61001.418137893	
    Magnitude of B_grad:	0.21556769591597	
    Magnitude of b:	6.5012693997717	

	
    Current index:	79501	
    Magnitude of W_grad:	13.521345105128	
    Magnitude of W:	60996.321055088	
    Magnitude of B_grad:	0.84506805297939	
    Magnitude of b:	6.6110471117059	

	
SGD: Loss is	
	LOSS:Calculated softmax res	
257842.49041301	
SGD: crossEntropyLoss is	
257842.49041301	
SGD: Validation Accuracy is:	
0.25885558583106	
SGD: Magnitude of W:	
60996.321055088	
SGD: Magnitude of b:	
6.6110471117059	
    Current index:	9501	
    Magnitude of W_grad:	10.237262991317	
    Magnitude of W:	60991.808241267	
    Magnitude of B_grad:	0.39828370454762	
    Magnitude of b:	5.921928714606	

	
    Current index:	19501	
    Magnitude of W_grad:	10.41757283623	
    Magnitude of W:	60987.241475141	
    Magnitude of B_grad:	0.39872157160612	
    Magnitude of b:	6.14671864589	

	
    Current index:	29501	
    Magnitude of W_grad:	7.895311955446	
    Magnitude of W:	60982.687823204	
    Magnitude of B_grad:	0.1676238898926	
    Magnitude of b:	6.4208440242488	

	
    Current index:	39501	
    Magnitude of W_grad:	11.391715844036	
    Magnitude of W:	60978.07361541	
    Magnitude of B_grad:	0.54041894883449	
    Magnitude of b:	6.6077165897211	

	
    Current index:	49501	
    Magnitude of W_grad:	9.6992868848155	
    Magnitude of W:	60973.015628005	
    Magnitude of B_grad:	0.36894288209073	
    Magnitude of b:	6.0979693051793	

	
    Current index:	59501	
    Magnitude of W_grad:	10.542865347836	
    Magnitude of W:	60968.062213873	
    Magnitude of B_grad:	0.28649774707151	
    Magnitude of b:	6.2614578452715	

	
    Current index:	69501	
    Magnitude of W_grad:	8.7895182912453	
    Magnitude of W:	60963.315081921	
    Magnitude of B_grad:	0.21421796255052	
    Magnitude of b:	6.509966601111	

	
    Current index:	79501	
    Magnitude of W_grad:	13.434168351925	
    Magnitude of W:	60958.266211544	
    Magnitude of B_grad:	0.83529205751564	
    Magnitude of b:	6.618006448542	

	
SGD: Loss is	
	LOSS:Calculated softmax res	
255870.12788626	
SGD: crossEntropyLoss is	
255870.12788626	
SGD: Validation Accuracy is:	
0.25613079019074	
SGD: Magnitude of W:	
60958.266211544	
SGD: Magnitude of b:	
6.618006448542	
    Current index:	9501	
    Magnitude of W_grad:	10.177112849635	
    Magnitude of W:	60953.790074819	
    Magnitude of B_grad:	0.39461632276979	
    Magnitude of b:	5.9471575716363	

	
    Current index:	19501	
    Magnitude of W_grad:	10.357363652738	
    Magnitude of W:	60949.269813597	
    Magnitude of B_grad:	0.39676463623947	
    Magnitude of b:	6.1678534364242	

	
    Current index:	29501	
    Magnitude of W_grad:	7.8590153147654	
    Magnitude of W:	60944.807975053	
    Magnitude of B_grad:	0.16954761527638	
    Magnitude of b:	6.4395307919454	

	
    Current index:	39501	
    Magnitude of W_grad:	11.328647202227	
    Magnitude of W:	60940.226833766	
    Magnitude of B_grad:	0.53536500500433	
    Magnitude of b:	6.6250605247061	

	
    Current index:	49501	
    Magnitude of W_grad:	9.683680485499	
    Magnitude of W:	60935.17325243	
    Magnitude of B_grad:	0.37008725600757	
    Magnitude of b:	6.1181747105131	

	
    Current index:	59501	
    Magnitude of W_grad:	10.489778075428	
    Magnitude of W:	60930.239607662	
    Magnitude of B_grad:	0.28623765712131	
    Magnitude of b:	6.268394732014	

	
    Current index:	69501	
    Magnitude of W_grad:	8.7453042627039	
    Magnitude of W:	60925.530758369	
    Magnitude of B_grad:	0.21296958280255	
    Magnitude of b:	6.5157453391001	

	
    Current index:	79501	
    Magnitude of W_grad:	13.350210918512	
    Magnitude of W:	60920.523227398	
    Magnitude of B_grad:	0.82603041018843	
    Magnitude of b:	6.622162644553	

	
SGD: Loss is	
	LOSS:Calculated softmax res	
253987.91665096	
SGD: crossEntropyLoss is	
253987.91665096	
SGD: Validation Accuracy is:	
0.25794732061762	
SGD: Magnitude of W:	
60920.523227398	
SGD: Magnitude of b:	
6.622162644553	
    Current index:	9501	
    Magnitude of W_grad:	10.118367955556	
    Magnitude of W:	60916.060545927	
    Magnitude of B_grad:	0.39118918782331	
    Magnitude of b:	5.9667784993601	

	
    Current index:	19501	
    Magnitude of W_grad:	10.29790320157	
    Magnitude of W:	60911.588244652	
    Magnitude of B_grad:	0.3948315351402	
    Magnitude of b:	6.1840200578134	

	
    Current index:	29501	
    Magnitude of W_grad:	7.8242576428225	
    Magnitude of W:	60907.169354689	
    Magnitude of B_grad:	0.17138786681515	
    Magnitude of b:	6.4534624714027	

	
    Current index:	39501	
    Magnitude of W_grad:	11.265603973017	
    Magnitude of W:	60902.607681575	
    Magnitude of B_grad:	0.53047544252719	
    Magnitude of b:	6.6378344006988	

	
    Current index:	49501	
    Magnitude of W_grad:	9.665738852831	
    Magnitude of W:	60897.573559973	
    Magnitude of B_grad:	0.37098274921486	
    Magnitude of b:	6.1338791708918	

	
    Current index:	59501	
    Magnitude of W_grad:	10.438525433809	
    Magnitude of W:	60892.711801276	
    Magnitude of B_grad:	0.28590300906344	
    Magnitude of b:	6.2727487093293	

	
    Current index:	69501	
    Magnitude of W_grad:	8.7043786265113	
    Magnitude of W:	60888.076835695	
    Magnitude of B_grad:	0.21180993472906	
    Magnitude of b:	6.5191599566325	

	
    Current index:	79501	
    Magnitude of W_grad:	13.269038022794	
    Magnitude of W:	60883.112452591	
    Magnitude of B_grad:	0.81724137008286	
    Magnitude of b:	6.6240553024864	

	
SGD: Loss is	
	LOSS:Calculated softmax res	
252186.73323581	
SGD: crossEntropyLoss is	
252186.73323581	
SGD: Validation Accuracy is:	
0.25885558583106	
SGD: Magnitude of W:	
60883.112452591	
SGD: Magnitude of b:	
6.6240553024864	
    Current index:	9501	
    Magnitude of W_grad:	10.060620911244	
    Magnitude of W:	60878.663062729	
    Magnitude of B_grad:	0.3879728017121	
    Magnitude of b:	5.9819105790757	

	
    Current index:	19501	
    Magnitude of W_grad:	10.239688389849	
    Magnitude of W:	60874.205185541	
    Magnitude of B_grad:	0.39291437356275	
    Magnitude of b:	6.1962529436413	

	
    Current index:	29501	
    Magnitude of W_grad:	7.7917547971986	
    Magnitude of W:	60869.791694464	
    Magnitude of B_grad:	0.17313910450507	
    Magnitude of b:	6.4636438568915	

	
    Current index:	39501	
    Magnitude of W_grad:	11.203343481479	
    Magnitude of W:	60865.258858161	
    Magnitude of B_grad:	0.52573467087355	
    Magnitude of b:	6.6470073416801	

	
    Current index:	49501	
    Magnitude of W_grad:	9.6456493430518	
    Magnitude of W:	60860.282528181	
    Magnitude of B_grad:	0.37164873575265	
    Magnitude of b:	6.1460131253261	

	
    Current index:	59501	
    Magnitude of W_grad:	10.389047206918	
    Magnitude of W:	60855.478879683	
    Magnitude of B_grad:	0.28548888206858	
    Magnitude of b:	6.2750339737081	

	
    Current index:	69501	
    Magnitude of W_grad:	8.6673854555082	
    Magnitude of W:	60850.87598349	
    Magnitude of B_grad:	0.21072852573867	
    Magnitude of b:	6.520687124127	

	
    Current index:	79501	
    Magnitude of W_grad:	13.191039671992	
    Magnitude of W:	60845.946350482	
    Magnitude of B_grad:	0.80888321246117	
    Magnitude of b:	6.6241486894378	

	
SGD: Loss is	
	LOSS:Calculated softmax res	
250458.84362756	
SGD: crossEntropyLoss is	
250458.84362756	
SGD: Validation Accuracy is:	
0.26067211625795	
SGD: Magnitude of W:	
60845.946350482	
SGD: Magnitude of b:	
6.6241486894378	
    Current index:	9501	
    Magnitude of W_grad:	10.003843946815	
    Magnitude of W:	60841.564384327	
    Magnitude of B_grad:	0.38494100884061	
    Magnitude of b:	5.9934666072327	

	
    Current index:	19501	
    Magnitude of W_grad:	10.182521603056	
    Magnitude of W:	60837.151474517	
    Magnitude of B_grad:	0.39100592265538	
    Magnitude of b:	6.2053672609053	

	
    Current index:	29501	
    Magnitude of W_grad:	7.7607857223581	
    Magnitude of W:	60832.78643935	
    Magnitude of B_grad:	0.1747996714394	
    Magnitude of b:	6.4708666448918	

	
    Current index:	39501	
    Magnitude of W_grad:	11.141690098634	
    Magnitude of W:	60828.297391824	
    Magnitude of B_grad:	0.52113122020083	
    Magnitude of b:	6.653342575794	

	
    Current index:	49501	
    Magnitude of W_grad:	9.6246028214723	
    Magnitude of W:	60823.334766727	
    Magnitude of B_grad:	0.37210442115466	
    Magnitude of b:	6.1553135479748	

	
    Current index:	59501	
    Magnitude of W_grad:	10.340949238607	
    Magnitude of W:	60818.550970899	
    Magnitude of B_grad:	0.28499390362419	
    Magnitude of b:	6.2756860771102	

	
    Current index:	69501	
    Magnitude of W_grad:	8.632785273321	
    Magnitude of W:	60813.960861713	
    Magnitude of B_grad:	0.20971641905655	
    Magnitude of b:	6.5207312229518	

	
    Current index:	79501	
    Magnitude of W_grad:	13.11571985234	
    Magnitude of W:	60809.069882999	
    Magnitude of B_grad:	0.80091627038914	
    Magnitude of b:	6.6228370619743	

	
SGD: Loss is	
	LOSS:Calculated softmax res	
248797.62502157	
SGD: crossEntropyLoss is	
248797.62502157	
SGD: Validation Accuracy is:	
0.25885558583106	
SGD: Magnitude of W:	
60809.069882999	
SGD: Magnitude of b:	
6.6228370619743	
    Current index:	9501	
    Magnitude of W_grad:	9.9479338448178	
    Magnitude of W:	60804.743619489	
    Magnitude of B_grad:	0.38207096156489	
    Magnitude of b:	6.0021902040007	

	
    Current index:	19501	
    Magnitude of W_grad:	10.125883230098	
    Magnitude of W:	60800.370738927	
    Magnitude of B_grad:	0.38910002411227	
    Magnitude of b:	6.2120082825443	

	
    Current index:	29501	
    Magnitude of W_grad:	7.7362703167916	
    Magnitude of W:	60796.040340429	
    Magnitude of B_grad:	0.17637061449038	
    Magnitude of b:	6.4757572135003	

	
    Current index:	39501	
    Magnitude of W_grad:	11.0812814477	
    Magnitude of W:	60791.567956746	
    Magnitude of B_grad:	0.51665671220632	
    Magnitude of b:	6.6574436790074	

	
    Current index:	49501	
    Magnitude of W_grad:	9.6025122865414	
    Magnitude of W:	60786.6522151	
    Magnitude of B_grad:	0.3723682657809	
    Magnitude of b:	6.1623670578405	

	
    Current index:	59501	
    Magnitude of W_grad:	10.294698582189	
    Magnitude of W:	60781.880292996	
    Magnitude of B_grad:	0.28441951118328	
    Magnitude of b:	6.2750698830944	

	
    Current index:	69501	
    Magnitude of W_grad:	8.6016824772076	
    Magnitude of W:	60777.270882642	
    Magnitude of B_grad:	0.20876589714316	
    Magnitude of b:	6.5196312871507	

	
    Current index:	79501	
    Magnitude of W_grad:	13.042011553632	
    Magnitude of W:	60772.415876867	
    Magnitude of B_grad:	0.79330407814968	
    Magnitude of b:	6.6204513264201	

	
SGD: Loss is	
	LOSS:Calculated softmax res	
247197.36110391	
SGD: crossEntropyLoss is	
247197.36110391	
SGD: Validation Accuracy is:	
0.26248864668483	
SGD: Magnitude of W:	
60772.415876867	
SGD: Magnitude of b:	
6.6204513264201	
    Current index:	9501	
    Magnitude of W_grad:	9.8920536593724	
    Magnitude of W:	60768.162008971	
    Magnitude of B_grad:	0.37934300770418	
    Magnitude of b:	6.0086858148268	

	
    Current index:	19501	
    Magnitude of W_grad:	10.069762049524	
    Magnitude of W:	60763.806560071	
    Magnitude of B_grad:	0.3871917814349	
    Magnitude of b:	6.2166886996354	

	
    Current index:	29501	
    Magnitude of W_grad:	7.7139817142453	
    Magnitude of W:	60759.496726268	
    Magnitude of B_grad:	0.17785475344086	
    Magnitude of b:	6.4788127705824	

	
    Current index:	39501	
    Magnitude of W_grad:	11.023200538205	
    Magnitude of W:	60755.047634987	
    Magnitude of B_grad:	0.51230496457216	
    Magnitude of b:	6.6597896057474	

	
    Current index:	49501	
    Magnitude of W_grad:	9.578579648015	
    Magnitude of W:	60750.168072148	
    Magnitude of B_grad:	0.37245749250797	
    Magnitude of b:	6.1676421477604	

	
    Current index:	59501	
    Magnitude of W_grad:	10.25104372453	
    Magnitude of W:	60745.422993103	
    Magnitude of B_grad:	0.28376919562003	
    Magnitude of b:	6.2734879895205	

	
    Current index:	69501	
    Magnitude of W_grad:	8.5774276966439	
    Magnitude of W:	60740.825080601	
    Magnitude of B_grad:	0.20787022332752	
    Magnitude of b:	6.517668468862	

	
    Current index:	79501	
    Magnitude of W_grad:	12.969636202942	
    Magnitude of W:	60735.999470743	
    Magnitude of B_grad:	0.78601386957521	
    Magnitude of b:	6.617266098924	

	
SGD: Loss is	
	LOSS:Calculated softmax res	
245653.0863881	
SGD: crossEntropyLoss is	
245653.0863881	
SGD: Validation Accuracy is:	
0.26158038147139	
SGD: Magnitude of W:	
60735.999470743	
SGD: Magnitude of b:	
6.617266098924	
    Current index:	9501	
    Magnitude of W_grad:	9.836287514631	
    Magnitude of W:	60731.765766633	
    Magnitude of B_grad:	0.37674051489039	
    Magnitude of b:	6.0134433032197	

	
    Current index:	19501	
    Magnitude of W_grad:	10.014630094213	
    Magnitude of W:	60727.419065815	
    Magnitude of B_grad:	0.3852776044045	
    Magnitude of b:	6.2198172679168	

	
    Current index:	29501	
    Magnitude of W_grad:	7.6930754860454	
    Magnitude of W:	60723.118518609	
    Magnitude of B_grad:	0.17925598319407	
    Magnitude of b:	6.4804291383955	

	
    Current index:	39501	
    Magnitude of W_grad:	10.967633166717	
    Magnitude of W:	60718.691505822	
    Magnitude of B_grad:	0.50807125280678	
    Magnitude of b:	6.6607616231615	

	
    Current index:	49501	
    Magnitude of W_grad:	9.5527897148542	
    Magnitude of W:	60713.825681724	
    Magnitude of B_grad:	0.37238779245624	
    Magnitude of b:	6.1715138320953	

	
    Current index:	59501	
    Magnitude of W_grad:	10.208303631517	
    Magnitude of W:	60709.103252742	
    Magnitude of B_grad:	0.28304783053032	
    Magnitude of b:	6.271188946339	

	
    Current index:	69501	
    Magnitude of W_grad:	8.5550030823489	
    Magnitude of W:	60704.536812981	
    Magnitude of B_grad:	0.20702346686453	
    Magnitude of b:	6.5150734207926	

	
    Current index:	79501	
    Magnitude of W_grad:	12.898361795625	
    Magnitude of W:	60699.752864851	
    Magnitude of B_grad:	0.77901663988371	
    Magnitude of b:	6.6135066739416	

	
SGD: Loss is	
	LOSS:Calculated softmax res	
244160.46324781	
SGD: crossEntropyLoss is	
244160.46324781	
SGD: Validation Accuracy is:	
0.26430517711172	
SGD: Magnitude of W:	
60699.752864851	
SGD: Magnitude of b:	
6.6135066739416	
    Current index:	9501	
    Magnitude of W_grad:	9.7811472715547	
    Magnitude of W:	60695.52065302	
    Magnitude of B_grad:	0.37424962156897	
    Magnitude of b:	6.0168582984977	

	
    Current index:	19501	
    Magnitude of W_grad:	9.9599518570742	
    Magnitude of W:	60691.171442898	
    Magnitude of B_grad:	0.38335515012336	
    Magnitude of b:	6.2217209954481	

	
    Current index:	29501	
    Magnitude of W_grad:	7.6727736929205	
    Magnitude of W:	60686.881242266	
    Magnitude of B_grad:	0.18057877116057	
    Magnitude of b:	6.4809222912361	

	
    Current index:	39501	
    Magnitude of W_grad:	10.913176150878	
    Magnitude of W:	60682.479753357	
    Magnitude of B_grad:	0.50395173363403	
    Magnitude of b:	6.6606641653287	

	
    Current index:	49501	
    Magnitude of W_grad:	9.5263710440167	
    Magnitude of W:	60677.642627778	
    Magnitude of B_grad:	0.37217324966161	
    Magnitude of b:	6.1742828158853	

	
    Current index:	59501	
    Magnitude of W_grad:	10.167004734376	
    Magnitude of W:	60672.993360911	
    Magnitude of B_grad:	0.28226112833579	
    Magnitude of b:	6.2683749327457	

	
    Current index:	69501	
    Magnitude of W_grad:	8.532772692003	
    Magnitude of W:	60668.452985217	
    Magnitude of B_grad:	0.20622037843017	
    Magnitude of b:	6.5120332934567	

	
    Current index:	79501	
    Magnitude of W_grad:	12.828422000902	
    Magnitude of W:	60663.70136005	
    Magnitude of B_grad:	0.77228694355055	
    Magnitude of b:	6.6093556725712	

	
SGD: Loss is	
	LOSS:Calculated softmax res	
242715.68212975	
SGD: crossEntropyLoss is	
242715.68212975	
SGD: Validation Accuracy is:	
0.26702997275204	
SGD: Magnitude of W:	
60663.70136005	
SGD: Magnitude of b:	
6.6093556725712	
    Current index:	9501	
    Magnitude of W_grad:	9.7260033677481	
    Magnitude of W:	60659.506095372	
    Magnitude of B_grad:	0.37185891881024	
    Magnitude of b:	6.0192491032572	

	
    Current index:	19501	
    Magnitude of W_grad:	9.9058362703979	
    Magnitude of W:	60655.195259782	
    Magnitude of B_grad:	0.38142319459291	
    Magnitude of b:	6.2226623611023	

	
    Current index:	29501	
    Magnitude of W_grad:	7.653269071006	
    Magnitude of W:	60650.928876073	
    Magnitude of B_grad:	0.18182780960856	
    Magnitude of b:	6.4805450788867	

	
    Current index:	39501	
    Magnitude of W_grad:	10.860111886448	
    Magnitude of W:	60646.581481479	
    Magnitude of B_grad:	0.49994301968945	
    Magnitude of b:	6.6597409820879	

	
    Current index:	49501	
    Magnitude of W_grad:	9.4986655915859	
    Magnitude of W:	60641.80009076	
    Magnitude of B_grad:	0.37182642785172	
    Magnitude of b:	6.1761905075316	

	
    Current index:	59501	
    Magnitude of W_grad:	10.126582661397	
    Magnitude of W:	60637.171782069	
    Magnitude of B_grad:	0.28141521601715	
    Magnitude of b:	6.2652087476423	

	
    Current index:	69501	
    Magnitude of W_grad:	8.5110172049853	
    Magnitude of W:	60632.669690846	
    Magnitude of B_grad:	0.20545630049595	
    Magnitude of b:	6.5086981874167	

	
    Current index:	79501	
    Magnitude of W_grad:	12.760856645036	
    Magnitude of W:	60627.960849957	
    Magnitude of B_grad:	0.76580255879166	
    Magnitude of b:	6.6049592361547	

	
SGD: Loss is	
	LOSS:Calculated softmax res	
241315.37960456	
SGD: crossEntropyLoss is	
241315.37960456	
SGD: Validation Accuracy is:	
0.26884650317893	
SGD: Magnitude of W:	
60627.960849957	
SGD: Magnitude of b:	
6.6049592361547	
    Current index:	9501	
    Magnitude of W_grad:	9.6708681670828	
    Magnitude of W:	60623.830537241	
    Magnitude of B_grad:	0.36955908645595	
    Magnitude of b:	6.0208707288128	

	
    Current index:	19501	
    Magnitude of W_grad:	9.8519595980496	
    Magnitude of W:	60619.557793845	
    Magnitude of B_grad:	0.37948146256673	
    Magnitude of b:	6.2228526597332	

	
    Current index:	29501	
    Magnitude of W_grad:	7.6338641739686	
    Magnitude of W:	60615.332569748	
    Magnitude of B_grad:	0.18300778685241	
    Magnitude of b:	6.4795001972508	

	
    Current index:	39501	
    Magnitude of W_grad:	10.809000518347	
    Magnitude of W:	60611.000433696	
    Magnitude of B_grad:	0.49604188765934	
    Magnitude of b:	6.6581876149689	

	
    Current index:	49501	
    Magnitude of W_grad:	9.4707316784036	
    Magnitude of W:	60606.257010641	
    Magnitude of B_grad:	0.37135854304162	
    Magnitude of b:	6.1774307880833	

	
    Current index:	59501	
    Magnitude of W_grad:	10.088084002831	
    Magnitude of W:	60601.6591432	
    Magnitude of B_grad:	0.28051630765546	
    Magnitude of b:	6.261820044099	

	
    Current index:	69501	
    Magnitude of W_grad:	8.4899432925647	
    Magnitude of W:	60597.214470299	
    Magnitude of B_grad:	0.20472709786276	
    Magnitude of b:	6.5051869602975	

	
    Current index:	79501	
    Magnitude of W_grad:	12.693964295882	
    Magnitude of W:	60592.582607809	
    Magnitude of B_grad:	0.75954410475188	
    Magnitude of b:	6.6004326594204	

	
SGD: Loss is	
	LOSS:Calculated softmax res	
239956.57080812	
SGD: crossEntropyLoss is	
239956.57080812	
SGD: Validation Accuracy is:	
0.26793823796549	
SGD: Magnitude of W:	
60592.582607809	
SGD: Magnitude of b:	
6.6004326594204	
    Current index:	9501	
    Magnitude of W_grad:	9.6163119714311	
    Magnitude of W:	60588.456387944	
    Magnitude of B_grad:	0.36734251782082	
    Magnitude of b:	6.0219264792603	

	
    Current index:	19501	
    Magnitude of W_grad:	9.7985091564535	
    Magnitude of W:	60584.199598843	
    Magnitude of B_grad:	0.37753043972459	
    Magnitude of b:	6.2224623319713	

	
    Current index:	29501	
    Magnitude of W_grad:	7.6146271808366	
    Magnitude of W:	60579.999231888	
    Magnitude of B_grad:	0.18412324584099	
    Magnitude of b:	6.4779502436813	

	
    Current index:	39501	
    Magnitude of W_grad:	10.759618462917	
    Magnitude of W:	60575.729630848	
    Magnitude of B_grad:	0.49224509765368	
    Magnitude of b:	6.6561610278453	

	
    Current index:	49501	
    Magnitude of W_grad:	9.4420992335303	
    Magnitude of W:	60571.052561148	
    Magnitude of B_grad:	0.37077966199426	
    Magnitude of b:	6.1781592413825	

	
    Current index:	59501	
    Magnitude of W_grad:	10.05045982007	
    Magnitude of W:	60566.519698499	
    Magnitude of B_grad:	0.27957045455729	
    Magnitude of b:	6.258310778464	

	
    Current index:	69501	
    Magnitude of W_grad:	8.4695298092205	
    Magnitude of W:	60562.099683724	
    Magnitude of B_grad:	0.20402909893507	
    Magnitude of b:	6.5015923339043	

	
    Current index:	79501	
    Magnitude of W_grad:	12.627655291505	
    Magnitude of W:	60557.484845928	
    Magnitude of B_grad:	0.75349466064756	
    Magnitude of b:	6.5958653909743	

	
SGD: Loss is	
	LOSS:Calculated softmax res	
238636.59361582	
SGD: crossEntropyLoss is	
238636.59361582	
SGD: Validation Accuracy is:	
0.26884650317893	
SGD: Magnitude of W:	
60557.484845928	
SGD: Magnitude of b:	
6.5958653909743	
    Current index:	9501	
    Magnitude of W_grad:	9.5623951264515	
    Magnitude of W:	60553.392383414	
    Magnitude of B_grad:	0.36520296814848	
    Magnitude of b:	6.0225774263875	

	
    Current index:	19501	
    Magnitude of W_grad:	9.7456202090244	
    Magnitude of W:	60549.151454503	
    Magnitude of B_grad:	0.37557118967365	
    Magnitude of b:	6.2216289645052	

	
    Current index:	29501	
    Magnitude of W_grad:	7.596117114009	
    Magnitude of W:	60544.96826908	
    Magnitude of B_grad:	0.18517850362977	
    Magnitude of b:	6.4760255307531	

	
    Current index:	39501	
    Magnitude of W_grad:	10.711848749481	
    Magnitude of W:	60540.723981347	
    Magnitude of B_grad:	0.4885492991375	
    Magnitude of b:	6.6537870668162	

	
    Current index:	49501	
    Magnitude of W_grad:	9.4124589546238	
    Magnitude of W:	60536.086668394	
    Magnitude of B_grad:	0.37009889072603	
    Magnitude of b:	6.1785004186949	

	
    Current index:	59501	
    Magnitude of W_grad:	10.013247972834	
    Magnitude of W:	60531.58156495	
    Magnitude of B_grad:	0.2785833615806	
    Magnitude of b:	6.2547598855246	

	
    Current index:	69501	
    Magnitude of W_grad:	8.4499961466154	
    Magnitude of W:	60527.171037239	
    Magnitude of B_grad:	0.20335904349241	
    Magnitude of b:	6.4979852986089	

	
    Current index:	79501	
    Magnitude of W_grad:	12.561861729746	
    Magnitude of W:	60522.598723899	
    Magnitude of B_grad:	0.74763941153457	
    Magnitude of b:	6.5913253801322	

	
SGD: Loss is	
	LOSS:Calculated softmax res	
237353.06236825	
SGD: crossEntropyLoss is	
237353.06236825	
SGD: Validation Accuracy is:	
0.2724795640327	
SGD: Magnitude of W:	
60522.598723899	
SGD: Magnitude of b:	
6.5913253801322	
    Current index:	9501	
    Magnitude of W_grad:	9.5089088540696	
    Magnitude of W:	60518.517562659	
    Magnitude of B_grad:	0.3631352547981	
    Magnitude of b:	6.0229500902843	

	
    Current index:	19501	
    Magnitude of W_grad:	9.6943343592662	
    Magnitude of W:	60514.297137605	
    Magnitude of B_grad:	0.37360519589338	
    Magnitude of b:	6.2204635105285	

	
    Current index:	29501	
    Magnitude of W_grad:	7.5781726393867	
    Magnitude of W:	60510.129419625	
    Magnitude of B_grad:	0.1861776109691	
    Magnitude of b:	6.473830198869	

	
    Current index:	39501	
    Magnitude of W_grad:	10.66471005691	
    Magnitude of W:	60505.915125664	
    Magnitude of B_grad:	0.48495099871236	
    Magnitude of b:	6.6511662929169	

	
    Current index:	49501	
    Magnitude of W_grad:	9.38574216374	
    Magnitude of W:	60501.299306483	
    Magnitude of B_grad:	0.3693245361009	
    Magnitude of b:	6.1785536064305	

	
    Current index:	59501	
    Magnitude of W_grad:	9.9763613583145	
    Magnitude of W:	60496.823811896	
    Magnitude of B_grad:	0.27756026340485	
    Magnitude of b:	6.2512272340622	

	
    Current index:	69501	
    Magnitude of W_grad:	8.4311158726467	
    Magnitude of W:	60492.458447222	
    Magnitude of B_grad:	0.20271403576371	
    Magnitude of b:	6.4944188619245	

	
    Current index:	79501	
    Magnitude of W_grad:	12.497322495661	
    Magnitude of W:	60487.942582647	
    Magnitude of B_grad:	0.741965331348	
    Magnitude of b:	6.5868628022934	

	
SGD: Loss is	
	LOSS:Calculated softmax res	
236103.82938189	
SGD: crossEntropyLoss is	
236103.82938189	
SGD: Validation Accuracy is:	
0.27157129881926	
SGD: Magnitude of W:	
60487.942582647	
SGD: Magnitude of b:	
6.5868628022934	
    Current index:	9501	
    Magnitude of W_grad:	9.4568953490718	
    Magnitude of W:	60483.868957619	
    Magnitude of B_grad:	0.36113502358883	
    Magnitude of b:	6.0231426402595	

	
    Current index:	19501	
    Magnitude of W_grad:	9.6440123868588	
    Magnitude of W:	60479.675646191	
    Magnitude of B_grad:	0.37163424237787	
    Magnitude of b:	6.2190551701713	

	
    Current index:	29501	
    Magnitude of W_grad:	7.5602575230133	
    Magnitude of W:	60475.520491167	
    Magnitude of B_grad:	0.18712433735091	
    Magnitude of b:	6.4714470554031	

	
    Current index:	39501	
    Magnitude of W_grad:	10.619254544839	
    Magnitude of W:	60471.31227115	
    Magnitude of B_grad:	0.48190515878503	
    Magnitude of b:	6.648378614038	

	
    Current index:	49501	
    Magnitude of W_grad:	9.3586371885434	
    Magnitude of W:	60466.749457761	
    Magnitude of B_grad:	0.36846423516633	
    Magnitude of b:	6.1783974691087	

	
    Current index:	59501	
    Magnitude of W_grad:	9.940543764763	
    Magnitude of W:	60462.332522263	
    Magnitude of B_grad:	0.27650585588263	
    Magnitude of b:	6.2477569517544	

	
    Current index:	69501	
    Magnitude of W_grad:	8.412711812699	
    Magnitude of W:	60458.023859752	
    Magnitude of B_grad:	0.202091502758	
    Magnitude of b:	6.4909312233714	

	
    Current index:	79501	
    Magnitude of W_grad:	12.43319274646	
    Magnitude of W:	60453.520053772	
    Magnitude of B_grad:	0.7364609064873	
    Magnitude of b:	6.5825132332851	

	
SGD: Loss is	
	LOSS:Calculated softmax res	
234886.95282785	
SGD: crossEntropyLoss is	
234886.95282785	
SGD: Validation Accuracy is:	
0.27157129881926	
SGD: Magnitude of W:	
60453.520053772	
SGD: Magnitude of b:	
6.5825132332851	
    Current index:	9501	
    Magnitude of W_grad:	9.4056146665886	
    Magnitude of W:	60449.469773897	
    Magnitude of B_grad:	0.35919857959377	
    Magnitude of b:	6.0232299298275	

	
    Current index:	19501	
    Magnitude of W_grad:	9.5945621291343	
    Magnitude of W:	60445.299243266	
    Magnitude of B_grad:	0.36966033621566	
    Magnitude of b:	6.2174752783358	

	
    Current index:	29501	
    Magnitude of W_grad:	7.5432710713449	
    Magnitude of W:	60441.165065384	
    Magnitude of B_grad:	0.18802217219321	
    Magnitude of b:	6.4689414695889	

	
    Current index:	39501	
    Magnitude of W_grad:	10.575427546741	
    Magnitude of W:	60436.996926251	
    Magnitude of B_grad:	0.48026264640865	
    Magnitude of b:	6.645487035841	

	
    Current index:	49501	
    Magnitude of W_grad:	9.3313241828968	
    Magnitude of W:	60432.421587583	
    Magnitude of B_grad:	0.36752505326553	
    Magnitude of b:	6.1780938482252	

	
    Current index:	59501	
    Magnitude of W_grad:	9.9051616680944	
    Magnitude of W:	60428.021862604	
    Magnitude of B_grad:	0.27542427652257	
    Magnitude of b:	6.2443802263676	

	
    Current index:	69501	
    Magnitude of W_grad:	8.3952382961252	
    Magnitude of W:	60423.728676513	
    Magnitude of B_grad:	0.20148915785764	
    Magnitude of b:	6.4875484722763	

	
    Current index:	79501	
    Magnitude of W_grad:	12.369444930126	
    Magnitude of W:	60419.247853422	
    Magnitude of B_grad:	0.7311158993771	
    Magnitude of b:	6.578300359029	

	
SGD: Loss is	
	LOSS:Calculated softmax res	
233700.66982269	
SGD: crossEntropyLoss is	
233700.66982269	
SGD: Validation Accuracy is:	
0.27429609445958	
SGD: Magnitude of W:	
60419.247853422	
SGD: Magnitude of b:	
6.578300359029	
    Current index:	9501	
    Magnitude of W_grad:	9.3555124634299	
    Magnitude of W:	60415.221190449	
    Magnitude of B_grad:	0.35732276756343	
    Magnitude of b:	6.0232676554202	

	
    Current index:	19501	
    Magnitude of W_grad:	9.5465877962254	
    Magnitude of W:	60411.083389342	
    Magnitude of B_grad:	0.36768566411561	
    Magnitude of b:	6.2157804640989	

	
    Current index:	29501	
    Magnitude of W_grad:	7.5274415084549	
    Magnitude of W:	60406.988643368	
    Magnitude of B_grad:	0.18887433657172	
    Magnitude of b:	6.4663645641844	

	
    Current index:	39501	
    Magnitude of W_grad:	10.534190077614	
    Magnitude of W:	60402.856616121	
    Magnitude of B_grad:	0.47863390973465	
    Magnitude of b:	6.6425407563025	

	
    Current index:	49501	
    Magnitude of W_grad:	9.303456868382	
    Magnitude of W:	60398.268651926	
    Magnitude of B_grad:	0.36651355524293	
    Magnitude of b:	6.1776909142357	

	
    Current index:	59501	
    Magnitude of W_grad:	9.8700271724153	
    Magnitude of W:	60393.879611164	
    Magnitude of B_grad:	0.27431912606358	
    Magnitude of b:	6.2411176890873	

	
    Current index:	69501	
    Magnitude of W_grad:	8.3777868460129	
    Magnitude of W:	60389.594161835	
    Magnitude of B_grad:	0.20090496927324	
    Magnitude of b:	6.4842869001774	

	
    Current index:	79501	
    Magnitude of W_grad:	12.306150878457	
    Magnitude of W:	60385.129805936	
    Magnitude of B_grad:	0.72592114938313	
    Magnitude of b:	6.5742383026404	

	
SGD: Loss is	
	LOSS:Calculated softmax res	
232543.37376991	
SGD: crossEntropyLoss is	
232543.37376991	
SGD: Validation Accuracy is:	
0.27429609445958	
SGD: Magnitude of W:	
60385.129805936	
SGD: Magnitude of b:	
6.5742383026404	
    Current index:	9501	
    Magnitude of W_grad:	9.3067931599599	
    Magnitude of W:	60381.164030563	
    Magnitude of B_grad:	0.3555048817646	
    Magnitude of b:	6.0232958737008	

	
    Current index:	19501	
    Magnitude of W_grad:	9.5004857479275	
    Magnitude of W:	60377.060731343	
    Magnitude of B_grad:	0.36571256766492	
    Magnitude of b:	6.2140152692377	

	
    Current index:	29501	
    Magnitude of W_grad:	7.5116268110136	
    Magnitude of W:	60373.002047145	
    Magnitude of B_grad:	0.18968380193651	
    Magnitude of b:	6.4637558685513	

	
    Current index:	39501	
    Magnitude of W_grad:	10.495977282072	
    Magnitude of W:	60368.898891895	
    Magnitude of B_grad:	0.47701819341069	
    Magnitude of b:	6.6395777497781	

	
    Current index:	49501	
    Magnitude of W_grad:	9.2748441538825	
    Magnitude of W:	60364.328564081	
    Magnitude of B_grad:	0.36543585544856	
    Magnitude of b:	6.177225800544	

	
    Current index:	59501	
    Magnitude of W_grad:	9.8349428542826	
    Magnitude of W:	60359.971056548	
    Magnitude of B_grad:	0.27319352109304	
    Magnitude of b:	6.2379814686185	

	
    Current index:	69501	
    Magnitude of W_grad:	8.3604854738849	
    Magnitude of W:	60355.708708162	
    Magnitude of B_grad:	0.20033713249964	
    Magnitude of b:	6.4811550009322	

	
    Current index:	79501	
    Magnitude of W_grad:	12.243446972512	
    Magnitude of W:	60351.263112992	
    Magnitude of B_grad:	0.72086840736698	
    Magnitude of b:	6.5703336340488	

	
SGD: Loss is	
	LOSS:Calculated softmax res	
231413.59515802	
SGD: crossEntropyLoss is	
231413.59515802	
SGD: Validation Accuracy is:	
0.27066303360581	
SGD: Magnitude of W:	
60351.263112992	
SGD: Magnitude of b:	
6.5703336340488	
    Current index:	9501	
    Magnitude of W_grad:	9.2587604664366	
    Magnitude of W:	60347.314803579	
    Magnitude of B_grad:	0.35374258809391	
    Magnitude of b:	6.0233420380823	

	
    Current index:	19501	
    Magnitude of W_grad:	9.4553434293248	
    Magnitude of W:	60343.240174621	
    Magnitude of B_grad:	0.36374352152886	
    Magnitude of b:	6.2122143481112	

	
    Current index:	29501	
    Magnitude of W_grad:	7.4960923616001	
    Magnitude of W:	60339.195561119	
    Magnitude of B_grad:	0.19045331308655	
    Magnitude of b:	6.4611455385059	

	
    Current index:	39501	
    Magnitude of W_grad:	10.459098799072	
    Magnitude of W:	60335.10757987	
    Magnitude of B_grad:	0.47541465570149	
    Magnitude of b:	6.6366269301289	

	
    Current index:	49501	
    Magnitude of W_grad:	9.2463785980603	
    Magnitude of W:	60330.571969698	
    Magnitude of B_grad:	0.36429765234419	
    Magnitude of b:	6.1767268014549	

	
    Current index:	59501	
    Magnitude of W_grad:	9.7996761997772	
    Magnitude of W:	60326.241750236	
    Magnitude of B_grad:	0.27205016643725	
    Magnitude of b:	6.2349769784876	

	
    Current index:	69501	
    Magnitude of W_grad:	8.3433243237144	
    Magnitude of W:	60322.012345673	
    Magnitude of B_grad:	0.19978404566046	
    Magnitude of b:	6.478155207639	

	
    Current index:	79501	
    Magnitude of W_grad:	12.181096479814	
    Magnitude of W:	60317.622373632	
    Magnitude of B_grad:	0.71595019960701	
    Magnitude of b:	6.5665871061559	

	
SGD: Loss is	
	LOSS:Calculated softmax res	
230309.98518267	
SGD: crossEntropyLoss is	
230309.98518267	
SGD: Validation Accuracy is:	
0.27066303360581	
SGD: Magnitude of W:	
60317.622373632	
SGD: Magnitude of b:	
6.5665871061559	
    Current index:	9501	
    Magnitude of W_grad:	9.2110679542467	
    Magnitude of W:	60313.673139998	
    Magnitude of B_grad:	0.35203384939019	
    Magnitude of b:	6.0234236431786	

	
    Current index:	19501	
    Magnitude of W_grad:	9.4106663806463	
    Magnitude of W:	60309.640862747	
    Magnitude of B_grad:	0.3617811038258	
    Magnitude of b:	6.2104043237825	

	
    Current index:	29501	
    Magnitude of W_grad:	7.4808280019878	
    Magnitude of W:	60305.620182916	
    Magnitude of B_grad:	0.1911854129931	
    Magnitude of b:	6.4585562101286	

	
    Current index:	39501	
    Magnitude of W_grad:	10.424309087893	
    Magnitude of W:	60301.543721651	
    Magnitude of B_grad:	0.47382243042152	
    Magnitude of b:	6.6337099504224	

	
    Current index:	49501	
    Magnitude of W_grad:	9.2181487814318	
    Magnitude of W:	60297.045629439	
    Magnitude of B_grad:	0.36310425279881	
    Magnitude of b:	6.1762151913101	

	
    Current index:	59501	
    Magnitude of W_grad:	9.7644179108482	
    Magnitude of W:	60292.731453065	
    Magnitude of B_grad:	0.2708914360037	
    Magnitude of b:	6.2321044735708	

	
    Current index:	69501	
    Magnitude of W_grad:	8.3265054675772	
    Magnitude of W:	60288.543901581	
    Magnitude of B_grad:	0.19924428670662	
    Magnitude of b:	6.4752853939105	

	
    Current index:	79501	
    Magnitude of W_grad:	12.11908877694	
    Magnitude of W:	60284.183450954	
    Magnitude of B_grad:	0.71115971660824	
    Magnitude of b:	6.5629951436394	

	
SGD: Loss is	
	LOSS:Calculated softmax res	
229231.30170897	
SGD: crossEntropyLoss is	
229231.30170897	
SGD: Validation Accuracy is:	
0.27157129881926	
SGD: Magnitude of W:	
60284.183450954	
SGD: Magnitude of b:	
6.5629951436394	
    Current index:	9501	
    Magnitude of W_grad:	9.1642221273525	
    Magnitude of W:	60280.23394439	
    Magnitude of B_grad:	0.35037685294549	
    Magnitude of b:	6.0235505151322	

	
    Current index:	19501	
    Magnitude of W_grad:	9.3667654703311	
    Magnitude of W:	60276.235924001	
    Magnitude of B_grad:	0.35982795504945	
    Magnitude of b:	6.2086053482747	

	
    Current index:	29501	
    Magnitude of W_grad:	7.4669307266794	
    Magnitude of W:	60272.237816423	
    Magnitude of B_grad:	0.19188246735691	
    Magnitude of b:	6.456004536153	

	
    Current index:	39501	
    Magnitude of W_grad:	10.389962011445	
    Magnitude of W:	60268.189695576	
    Magnitude of B_grad:	0.47224067564539	
    Magnitude of b:	6.6308426844881	

	
    Current index:	49501	
    Magnitude of W_grad:	9.1899284918676	
    Magnitude of W:	60263.736298753	
    Magnitude of B_grad:	0.36186059011691	
    Magnitude of b:	6.1757067137621	

	
    Current index:	59501	
    Magnitude of W_grad:	9.7294916399219	
    Magnitude of W:	60259.438475286	
    Magnitude of B_grad:	0.26971945195871	
    Magnitude of b:	6.2293603924705	

	
    Current index:	69501	
    Magnitude of W_grad:	8.309773886729	
    Magnitude of W:	60255.311835957	
    Magnitude of B_grad:	0.19871659180131	
    Magnitude of b:	6.4725401530962	

	
    Current index:	79501	
    Magnitude of W_grad:	12.057429953886	
    Magnitude of W:	60250.981617475	
    Magnitude of B_grad:	0.70649072242061	
    Magnitude of b:	6.5595510997951	

	
SGD: Loss is	
	LOSS:Calculated softmax res	
228176.39720908	
SGD: crossEntropyLoss is	
228176.39720908	
SGD: Validation Accuracy is:	
0.27157129881926	
SGD: Magnitude of W:	
60250.981617475	
SGD: Magnitude of b:	
6.5595510997951	
    Current index:	9501	
    Magnitude of W_grad:	9.118449524917	
    Magnitude of W:	60247.055887117	
    Magnitude of B_grad:	0.34876994393445	
    Magnitude of b:	6.0237267622052	

	
    Current index:	19501	
    Magnitude of W_grad:	9.3237919422436	
    Magnitude of W:	60243.083458395	
    Magnitude of B_grad:	0.35788672778558	
    Magnitude of b:	6.2068324040072	

	
    Current index:	29501	
    Magnitude of W_grad:	7.4535387534421	
    Magnitude of W:	60239.105716244	
    Magnitude of B_grad:	0.19254668723691	
    Magnitude of b:	6.4535024478319	

	
    Current index:	39501	
    Magnitude of W_grad:	10.355775151833	
    Magnitude of W:	60235.08786713	
    Magnitude of B_grad:	0.47066860871241	
    Magnitude of b:	6.6280364343219	

	
    Current index:	49501	
    Magnitude of W_grad:	9.1614332155828	
    Magnitude of W:	60230.668622656	
    Magnitude of B_grad:	0.36057123882937	
    Magnitude of b:	6.1752127895163	

	
    Current index:	59501	
    Magnitude of W_grad:	9.6945090900086	
    Magnitude of W:	60226.41142577	
    Magnitude of B_grad:	0.2685361543387	
    Magnitude of b:	6.2267384930925	

	
    Current index:	69501	
    Magnitude of W_grad:	8.2929925391684	
    Magnitude of W:	60222.313844881	
    Magnitude of B_grad:	0.19819983471163	
    Magnitude of b:	6.469911864096	

	
    Current index:	79501	
    Magnitude of W_grad:	11.997179510387	
    Magnitude of W:	60218.036070557	
    Magnitude of B_grad:	0.70193748046681	
    Magnitude of b:	6.5562462937703	

	
SGD: Loss is	
	LOSS:Calculated softmax res	
227144.2083898	
SGD: crossEntropyLoss is	
227144.2083898	
SGD: Validation Accuracy is:	
0.27338782924614	
SGD: Magnitude of W:	
60218.036070557	
SGD: Magnitude of b:	
6.5562462937703	
    Current index:	9501	
    Magnitude of W_grad:	9.0733449951906	
    Magnitude of W:	60214.15249984	
    Magnitude of B_grad:	0.34721156928396	
    Magnitude of b:	6.0239523978407	

	
    Current index:	19501	
    Magnitude of W_grad:	9.2813538730945	
    Magnitude of W:	60210.212107519	
    Magnitude of B_grad:	0.35596003248161	
    Magnitude of b:	6.2050963809876	

	
    Current index:	29501	
    Magnitude of W_grad:	7.4399252379218	
    Magnitude of W:	60206.254525573	
    Magnitude of B_grad:	0.19318014865626	
    Magnitude of b:	6.4510581841858	

	
    Current index:	39501	
    Magnitude of W_grad:	10.322352013212	
    Magnitude of W:	60202.262977973	
    Magnitude of B_grad:	0.46910552814578	
    Magnitude of b:	6.6252989083341	

	
    Current index:	49501	
    Magnitude of W_grad:	9.1329125555411	
    Magnitude of W:	60197.859662843	
    Magnitude of B_grad:	0.35924042843888	
    Magnitude of b:	6.1747414903918	

	
    Current index:	59501	
    Magnitude of W_grad:	9.6595321231662	
    Magnitude of W:	60193.631346178	
    Magnitude of B_grad:	0.26734335596827	
    Magnitude of b:	6.2242307884718	

	
    Current index:	69501	
    Magnitude of W_grad:	8.2763232872943	
    Magnitude of W:	60189.555602288	
    Magnitude of B_grad:	0.19769300744059	
    Magnitude of b:	6.4673915544679	

	
    Current index:	79501	
    Magnitude of W_grad:	11.937748123198	
    Magnitude of W:	60185.291325324	
    Magnitude of B_grad:	0.69749469247847	
    Magnitude of b:	6.5530708430123	

	
SGD: Loss is	
	LOSS:Calculated softmax res	
226133.74727194	
SGD: crossEntropyLoss is	
226133.74727194	
SGD: Validation Accuracy is:	
0.27338782924614	
SGD: Magnitude of W:	
60185.291325324	
SGD: Magnitude of b:	
6.5530708430123	
    Current index:	9501	
    Magnitude of W_grad:	9.0286367627962	
    Magnitude of W:	60181.417898568	
    Magnitude of B_grad:	0.34570023476667	
    Magnitude of b:	6.0242246567038	

	
    Current index:	19501	
    Magnitude of W_grad:	9.239538781792	
    Magnitude of W:	60177.49471385	
    Magnitude of B_grad:	0.35405038487787	
    Magnitude of b:	6.2034049634042	

	
    Current index:	29501	
    Magnitude of W_grad:	7.4263561282619	
    Magnitude of W:	60173.567385265	
    Magnitude of B_grad:	0.19378480865661	
    Magnitude of b:	6.4486771286193	

	
    Current index:	39501	
    Magnitude of W_grad:	10.28992533705	
    Magnitude of W:	60169.596913582	
    Magnitude of B_grad:	0.46755082432132	
    Magnitude of b:	6.6226350136378	

	
    Current index:	49501	
    Magnitude of W_grad:	9.1040192163519	
    Magnitude of W:	60165.217762895	
    Magnitude of B_grad:	0.35787205763336	
    Magnitude of b:	6.1742983237364	

	
    Current index:	59501	
    Magnitude of W_grad:	9.62485152798	
    Magnitude of W:	60161.001918574	
    Magnitude of B_grad:	0.26614278039885	
    Magnitude of b:	6.2218282948495	

	
    Current index:	69501	
    Magnitude of W_grad:	8.2595487761736	
    Magnitude of W:	60156.946574542	
    Magnitude of B_grad:	0.19719520255216	
    Magnitude of b:	6.4649695770114	

	
    Current index:	79501	
    Magnitude of W_grad:	11.878702943094	
    Magnitude of W:	60152.689221767	
    Magnitude of B_grad:	0.69315744782831	
    Magnitude of b:	6.5500143105317	

	
SGD: Loss is	
	LOSS:Calculated softmax res	
225144.09350875	
SGD: crossEntropyLoss is	
225144.09350875	
SGD: Validation Accuracy is:	
0.27702089009991	
SGD: Magnitude of W:	
60152.689221767	
SGD: Magnitude of b:	
6.5500143105317	
    Current index:	9501	
    Magnitude of W_grad:	8.984598271237	
    Magnitude of W:	60148.836642937	
    Magnitude of B_grad:	0.3442344756252	
    Magnitude of b:	6.0245390337258	

	
    Current index:	19501	
    Magnitude of W_grad:	9.1985110030283	
    Magnitude of W:	60144.939810255	
    Magnitude of B_grad:	0.35216015948053	
    Magnitude of b:	6.2017633565243	

	
    Current index:	29501	
    Magnitude of W_grad:	7.4127142016086	
    Magnitude of W:	60141.03713474	
    Magnitude of B_grad:	0.19436251773833	
    Magnitude of b:	6.4463624881542	

	
    Current index:	39501	
    Magnitude of W_grad:	10.257759860249	
    Magnitude of W:	60137.079777052	
    Magnitude of B_grad:	0.46600398154654	
    Magnitude of b:	6.6200474999746	

	
    Current index:	49501	
    Magnitude of W_grad:	9.0747880407396	
    Magnitude of W:	60132.712435673	
    Magnitude of B_grad:	0.35646970989963	
    Magnitude of b:	6.1738868642094	

	
    Current index:	59501	
    Magnitude of W_grad:	9.5902829107007	
    Magnitude of W:	60128.518984878	
    Magnitude of B_grad:	0.26493608308907	
    Magnitude of b:	6.2195216101787	

	
    Current index:	69501	
    Magnitude of W_grad:	8.2428034715048	
    Magnitude of W:	60124.457930539	
    Magnitude of B_grad:	0.19670559764753	
    Magnitude of b:	6.4626361215252	

	
    Current index:	79501	
    Magnitude of W_grad:	11.820046821594	
    Magnitude of W:	60120.211135964	
    Magnitude of B_grad:	0.68892118119048	
    Magnitude of b:	6.5470661908706	

	
SGD: Loss is	
	LOSS:Calculated softmax res	
224174.38774999	
SGD: crossEntropyLoss is	
224174.38774999	
SGD: Validation Accuracy is:	
0.27792915531335	
SGD: Magnitude of W:	
60120.211135964	
SGD: Magnitude of b:	
6.5470661908706	
    Current index:	9501	
    Magnitude of W_grad:	8.9416823196143	
    Magnitude of W:	60116.391887803	
    Magnitude of B_grad:	0.3428128390562	
    Magnitude of b:	6.0248900820755	

	
    Current index:	19501	
    Magnitude of W_grad:	9.1578886476424	
    Magnitude of W:	60112.513066706	
    Magnitude of B_grad:	0.35029155173046	
    Magnitude of b:	6.2001748800881	

	
    Current index:	29501	
    Magnitude of W_grad:	7.3993333707202	
    Magnitude of W:	60108.646011925	
    Magnitude of B_grad:	0.19491502895752	
    Magnitude of b:	6.4441158438576	

	
    Current index:	39501	
    Magnitude of W_grad:	10.225799617625	
    Magnitude of W:	60104.705486749	
    Magnitude of B_grad:	0.46446457442467	
    Magnitude of b:	6.6175374850228	

	
    Current index:	49501	
    Magnitude of W_grad:	9.0453521906455	
    Magnitude of W:	60100.348123084	
    Magnitude of B_grad:	0.35503667095019	
    Magnitude of b:	6.1735092616901	

	
    Current index:	59501	
    Magnitude of W_grad:	9.5555513305138	
    Magnitude of W:	60096.20501753	
    Magnitude of B_grad:	0.26372485796658	
    Magnitude of b:	6.2173013458435	

	
    Current index:	69501	
    Magnitude of W_grad:	8.2262944353089	
    Magnitude of W:	60092.172396821	
    Magnitude of B_grad:	0.1962234423002	
    Magnitude of b:	6.4603815868794	

	
    Current index:	79501	
    Magnitude of W_grad:	11.761781751638	
    Magnitude of W:	60087.964310911	
    Magnitude of B_grad:	0.68478163697364	
    Magnitude of b:	6.544216260867	

	
SGD: Loss is	
	LOSS:Calculated softmax res	
223223.8258787	
SGD: crossEntropyLoss is	
223223.8258787	
SGD: Validation Accuracy is:	
0.27792915531335	
SGD: Magnitude of W:	
60087.964310911	
SGD: Magnitude of b:	
6.544216260867	
    Current index:	9501	
    Magnitude of W_grad:	8.9000989661692	
    Magnitude of W:	60084.176713349	
    Magnitude of B_grad:	0.34143387586298	
    Magnitude of b:	6.0252720073569	

	
    Current index:	19501	
    Magnitude of W_grad:	9.1175358299672	
    Magnitude of W:	60080.331103066	
    Magnitude of B_grad:	0.34844654996541	
    Magnitude of b:	6.1986414490437	

	
    Current index:	29501	
    Magnitude of W_grad:	7.3861489309785	
    Magnitude of W:	60076.480562855	
    Magnitude of B_grad:	0.19544400415258	
    Magnitude of b:	6.44193759425	

	
    Current index:	39501	
    Magnitude of W_grad:	10.193900115835	
    Magnitude of W:	60072.555337399	
    Magnitude of B_grad:	0.46293226104364	
    Magnitude of b:	6.6151048829009	

	
    Current index:	49501	
    Magnitude of W_grad:	9.0159545232178	
    Magnitude of W:	60068.238489776	
    Magnitude of B_grad:	0.35357594792477	
    Magnitude of b:	6.1731666465803	

	
    Current index:	59501	
    Magnitude of W_grad:	9.5209920875858	
    Magnitude of W:	60064.123522949	
    Magnitude of B_grad:	0.26251063272772	
    Magnitude of b:	6.215158436254	

	
    Current index:	69501	
    Magnitude of W_grad:	8.2101397356856	
    Magnitude of W:	60060.12082541	
    Magnitude of B_grad:	0.19574804753513	
    Magnitude of b:	6.4581968392514	

	
    Current index:	79501	
    Magnitude of W_grad:	11.703954876743	
    Magnitude of W:	60055.931579395	
    Magnitude of B_grad:	0.68073483932708	
    Magnitude of b:	6.5414548210745	

	
SGD: Loss is	
	LOSS:Calculated softmax res	
222291.65397152	
SGD: crossEntropyLoss is	
222291.65397152	
SGD: Validation Accuracy is:	
0.27974568574024	
SGD: Magnitude of W:	
60055.931579395	
SGD: Magnitude of b:	
6.5414548210745	
    Current index:	9501	
    Magnitude of W_grad:	8.8591415884248	
    Magnitude of W:	60052.170463195	
    Magnitude of B_grad:	0.34009613843669	
    Magnitude of b:	6.0256790933318	

	
    Current index:	19501	
    Magnitude of W_grad:	9.0787286122501	
    Magnitude of W:	60048.339085995	
    Magnitude of B_grad:	0.34662691713513	
    Magnitude of b:	6.1971639578776	

	
    Current index:	29501	
    Magnitude of W_grad:	7.3730411330902	
    Magnitude of W:	60044.500788295	
    Magnitude of B_grad:	0.19595101787006	
    Magnitude of b:	6.439827307976	

	
    Current index:	39501	
    Magnitude of W_grad:	10.162235876951	
    Magnitude of W:	60040.596213959	
    Magnitude of B_grad:	0.46140677487225	
    Magnitude of b:	6.6127487512154	

	
    Current index:	49501	
    Magnitude of W_grad:	8.9865404387	
    Magnitude of W:	60036.306169169	
    Magnitude of B_grad:	0.35209028997211	
    Magnitude of b:	6.1728594481846	

	
    Current index:	59501	
    Magnitude of W_grad:	9.486542847618	
    Magnitude of W:	60032.204171825	
    Magnitude of B_grad:	0.26129485675355	
    Magnitude of b:	6.2130843502545	

	
    Current index:	69501	
    Magnitude of W_grad:	8.1939169258474	
    Magnitude of W:	60028.22402704	
    Magnitude of B_grad:	0.19527877771536	
    Magnitude of b:	6.4560733807319	

	
    Current index:	79501	
    Magnitude of W_grad:	11.646742497826	
    Magnitude of W:	60024.056849859	
    Magnitude of B_grad:	0.67677706674686	
    Magnitude of b:	6.538772851481	

	
SGD: Loss is	
	LOSS:Calculated softmax res	
221377.16385959	
SGD: crossEntropyLoss is	
221377.16385959	
SGD: Validation Accuracy is:	
0.27974568574024	
SGD: Magnitude of W:	
60024.056849859	
SGD: Magnitude of b:	
6.538772851481	
    Current index:	9501	
    Magnitude of W_grad:	8.8193201611856	
    Magnitude of W:	60020.307991613	
    Magnitude of B_grad:	0.33879818263535	
    Magnitude of b:	6.0261059907376	

	
    Current index:	19501	
    Magnitude of W_grad:	9.0413327713238	
    Magnitude of W:	60016.496056794	
    Magnitude of B_grad:	0.34483418150566	
    Magnitude of b:	6.1957425816402	

	
    Current index:	29501	
    Magnitude of W_grad:	7.3598446249956	
    Magnitude of W:	60012.671822889	
    Magnitude of B_grad:	0.1964375595803	
    Magnitude of b:	6.4377839984042	

	
    Current index:	39501	
    Magnitude of W_grad:	10.130955493413	
    Magnitude of W:	60008.78805568	
    Magnitude of B_grad:	0.45988791650842	
    Magnitude of b:	6.6104675676569	

	
    Current index:	49501	
    Magnitude of W_grad:	8.9571404211154	
    Magnitude of W:	60004.518649245	
    Magnitude of B_grad:	0.35058220958231	
    Magnitude of b:	6.1725876384068	

	
    Current index:	59501	
    Magnitude of W_grad:	9.4518728130813	
    Magnitude of W:	60000.428527733	
    Magnitude of B_grad:	0.26007888544511	
    Magnitude of b:	6.2110712257529	

	
    Current index:	69501	
    Magnitude of W_grad:	8.1775900942066	
    Magnitude of W:	59996.469158385	
    Magnitude of B_grad:	0.19481504452655	
    Magnitude of b:	6.4540034493666	

	
    Current index:	79501	
    Magnitude of W_grad:	11.5899028575	
    Magnitude of W:	59992.324300795	
    Magnitude of B_grad:	0.67290483045168	
    Magnitude of b:	6.5361621018067	

	
SGD: Loss is	
	LOSS:Calculated softmax res	
220479.68919386	
SGD: crossEntropyLoss is	
220479.68919386	
SGD: Validation Accuracy is:	
0.27883742052679	
SGD: Magnitude of W:	
59992.324300795	
SGD: Magnitude of b:	
6.5361621018067	
    Current index:	9501	
    Magnitude of W_grad:	8.7801241810172	
    Magnitude of W:	59988.592691186	
    Magnitude of B_grad:	0.3375385717745	
    Magnitude of b:	6.0265478966002	

	
    Current index:	19501	
    Magnitude of W_grad:	9.0042361990897	
    Magnitude of W:	59984.80690021	
    Magnitude of B_grad:	0.34306963517984	
    Magnitude of b:	6.1943770050626	

	
    Current index:	29501	
    Magnitude of W_grad:	7.3469678397728	
    Magnitude of W:	59981.005800959	
    Magnitude of B_grad:	0.19690503474284	
    Magnitude of b:	6.435806330915	

	
    Current index:	39501	
    Magnitude of W_grad:	10.099978350825	
    Magnitude of W:	59977.138405237	
    Magnitude of B_grad:	0.45837554579399	
    Magnitude of b:	6.6082594447996	

	
    Current index:	49501	
    Magnitude of W_grad:	8.9280208573912	
    Magnitude of W:	59972.87741792	
    Magnitude of B_grad:	0.349054003941	
    Magnitude of b:	6.1723509112953	

	
    Current index:	59501	
    Magnitude of W_grad:	9.4170177635259	
    Magnitude of W:	59968.814458531	
    Magnitude of B_grad:	0.25886396426757	
    Magnitude of b:	6.2091119455875	

	
    Current index:	69501	
    Magnitude of W_grad:	8.1612214504181	
    Magnitude of W:	59964.890350604	
    Magnitude of B_grad:	0.19435630264927	
    Magnitude of b:	6.451980067964	

	
    Current index:	79501	
    Magnitude of W_grad:	11.533432885786	
    Magnitude of W:	59960.772060703	
    Magnitude of B_grad:	0.6691148558014	
    Magnitude of b:	6.5336151329224	

	
SGD: Loss is	
	LOSS:Calculated softmax res	
219598.60194088	
SGD: crossEntropyLoss is	
219598.60194088	
SGD: Validation Accuracy is:	
0.28156221616712	
SGD: Magnitude of W:	
59960.772060703	
SGD: Magnitude of b:	
6.5336151329224	
    Current index:	9501	
    Magnitude of W_grad:	8.7414375864751	
    Magnitude of W:	59957.055294254	
    Magnitude of B_grad:	0.33631588158368	
    Magnitude of b:	6.0270006475676	

	
    Current index:	19501	
    Magnitude of W_grad:	8.9678064609806	
    Magnitude of W:	59953.282991552	
    Magnitude of B_grad:	0.34133433906543	
    Magnitude of b:	6.193066590478	

	
    Current index:	29501	
    Magnitude of W_grad:	7.334733376178	
    Magnitude of W:	59949.494513297	
    Magnitude of B_grad:	0.19735476521884	
    Magnitude of b:	6.4338927729113	

	
    Current index:	39501	
    Magnitude of W_grad:	10.069202912237	
    Magnitude of W:	59945.640752696	
    Magnitude of B_grad:	0.45686957438104	
    Magnitude of b:	6.6061222908926	

	
    Current index:	49501	
    Magnitude of W_grad:	8.899232757283	
    Magnitude of W:	59941.417581646	
    Magnitude of B_grad:	0.34750777560705	
    Magnitude of b:	6.1721488083849	

	
    Current index:	59501	
    Magnitude of W_grad:	9.3821166640298	
    Magnitude of W:	59937.376420136	
    Magnitude of B_grad:	0.25765121502585	
    Magnitude of b:	6.2072001691417	

	
    Current index:	69501	
    Magnitude of W_grad:	8.1447539073734	
    Magnitude of W:	59933.46709366	
    Magnitude of B_grad:	0.19390204668111	
    Magnitude of b:	6.4499970553216	

	
    Current index:	79501	
    Magnitude of W_grad:	11.477328048482	
    Magnitude of W:	59929.360120324	
    Magnitude of B_grad:	0.66540406611864	
    Magnitude of b:	6.531125322388	

	
SGD: Loss is	
	LOSS:Calculated softmax res	
218733.30925354	
SGD: crossEntropyLoss is	
218733.30925354	
SGD: Validation Accuracy is:	
0.27974568574024	
SGD: Magnitude of W:	
59929.360120324	
SGD: Magnitude of b:	
6.531125322388	
    Current index:	9501	
    Magnitude of W_grad:	8.7033803860819	
    Magnitude of W:	59925.669954643	
    Magnitude of B_grad:	0.33512870548766	
    Magnitude of b:	6.027460747453	

	
    Current index:	19501	
    Magnitude of W_grad:	8.931597848135	
    Magnitude of W:	59921.908230597	
    Magnitude of B_grad:	0.33962913286939	
    Magnitude of b:	6.1918104950717	

	
    Current index:	29501	
    Magnitude of W_grad:	7.3225324665081	
    Magnitude of W:	59918.150515236	
    Magnitude of B_grad:	0.19778798944589	
    Magnitude of b:	6.4320416964128	

	
    Current index:	39501	
    Magnitude of W_grad:	10.038477313351	
    Magnitude of W:	59914.308737591	
    Magnitude of B_grad:	0.45536995862138	
    Magnitude of b:	6.6040539244326	

	
    Current index:	49501	
    Magnitude of W_grad:	8.8702957798909	
    Magnitude of W:	59910.096832498	
    Magnitude of B_grad:	0.34594545194882	
    Magnitude of b:	6.1719807996858	

	
    Current index:	59501	
    Magnitude of W_grad:	9.3474895250685	
    Magnitude of W:	59906.072950171	
    Magnitude of B_grad:	0.25644162604208	
    Magnitude of b:	6.2053303310859	

	
    Current index:	69501	
    Magnitude of W_grad:	8.128480850842	
    Magnitude of W:	59902.188956598	
    Magnitude of B_grad:	0.19345180890504	
    Magnitude of b:	6.4480490103351	

	
    Current index:	79501	
    Magnitude of W_grad:	11.421582337718	
    Magnitude of W:	59898.118493493	
    Magnitude of B_grad:	0.66176956835597	
    Magnitude of b:	6.5286868440856	

	
SGD: Loss is	
	LOSS:Calculated softmax res	
217883.25067393	
SGD: crossEntropyLoss is	
217883.25067393	
SGD: Validation Accuracy is:	
0.28156221616712	
SGD: Magnitude of W:	
59898.118493493	
SGD: Magnitude of b:	
6.5286868440856	
    Current index:	9501	
    Magnitude of W_grad:	8.6662286851715	
    Magnitude of W:	59894.455169975	
    Magnitude of B_grad:	0.33397565989365	
    Magnitude of b:	6.027925346356	

	
    Current index:	19501	
    Magnitude of W_grad:	8.8956388728721	
    Magnitude of W:	59890.712378491	
    Magnitude of B_grad:	0.33795464874611	
    Magnitude of b:	6.1906077478119	

	
    Current index:	29501	
    Magnitude of W_grad:	7.3107909263829	
    Magnitude of W:	59886.980504248	
    Magnitude of B_grad:	0.19820586269794	
    Magnitude of b:	6.4302514429762	

	
    Current index:	39501	
    Magnitude of W_grad:	10.007804368587	
    Magnitude of W:	59883.157429967	
    Magnitude of B_grad:	0.45387669261422	
    Magnitude of b:	6.6020521505762	

	
    Current index:	49501	
    Magnitude of W_grad:	8.8412240285202	
    Magnitude of W:	59878.967180233	
    Magnitude of B_grad:	0.34436880296784	
    Magnitude of b:	6.1718463300721	

	
    Current index:	59501	
    Magnitude of W_grad:	9.3130484871576	
    Magnitude of W:	59874.965626492	
    Magnitude of B_grad:	0.25523604709987	
    Magnitude of b:	6.2034976160627	

	
    Current index:	69501	
    Magnitude of W_grad:	8.1124989987074	
    Magnitude of W:	59871.101429045	
    Magnitude of B_grad:	0.1930051575728	
    Magnitude of b:	6.4461312768872	

	
    Current index:	79501	
    Magnitude of W_grad:	11.366188299804	
    Magnitude of W:	59867.059030457	
    Magnitude of B_grad:	0.65820864012716	
    Magnitude of b:	6.5262946295179	

	
SGD: Loss is	
	LOSS:Calculated softmax res	
217047.89563282	
SGD: crossEntropyLoss is	
217047.89563282	
SGD: Validation Accuracy is:	
0.28337874659401	
SGD: Magnitude of W:	
59867.059030457	
SGD: Magnitude of b:	
6.5262946295179	
    Current index:	9501	
    Magnitude of W_grad:	8.6299977827843	
    Magnitude of W:	59863.419050292	
    Magnitude of B_grad:	0.33285538931955	
    Magnitude of b:	6.0283921862829	

	
    Current index:	19501	
    Magnitude of W_grad:	8.8599164326835	
    Magnitude of W:	59859.688758554	
    Magnitude of B_grad:	0.33631132735214	
    Magnitude of b:	6.189457295964	

	
    Current index:	29501	
    Magnitude of W_grad:	7.2992604292256	
    Magnitude of W:	59855.970124033	
    Magnitude of B_grad:	0.19860945766029	
    Magnitude of b:	6.4285203602777	

	
    Current index:	39501	
    Magnitude of W_grad:	9.9777069410187	
    Magnitude of W:	59852.163883414	
    Magnitude of B_grad:	0.45238980131893	
    Magnitude of b:	6.6001148075704	

	
    Current index:	49501	
    Magnitude of W_grad:	8.8121424308841	
    Magnitude of W:	59848.013126809	
    Magnitude of B_grad:	0.34277945734416	
    Magnitude of b:	6.1717448404068	

	
    Current index:	59501	
    Magnitude of W_grad:	9.278696900363	
    Magnitude of W:	59844.03017788	
    Magnitude of B_grad:	0.25403518934052	
    Magnitude of b:	6.2016979161711	

	
    Current index:	69501	
    Magnitude of W_grad:	8.0964741119076	
    Magnitude of W:	59840.175473265	
    Magnitude of B_grad:	0.19256169546111	
    Magnitude of b:	6.4442398954775	

	
    Current index:	79501	
    Magnitude of W_grad:	11.311137096913	
    Magnitude of W:	59836.149632748	
    Magnitude of B_grad:	0.65471871768853	
    Magnitude of b:	6.5239443165305	

	
SGD: Loss is	
	LOSS:Calculated softmax res	
216226.74121489	
SGD: crossEntropyLoss is	
216226.74121489	
SGD: Validation Accuracy is:	
0.28247048138056	
SGD: Magnitude of W:	
59836.149632748	
SGD: Magnitude of b:	
6.5239443165305	
    Current index:	9501	
    Magnitude of W_grad:	8.5942817291383	
    Magnitude of W:	59832.53460222	
    Magnitude of B_grad:	0.33176657123051	
    Magnitude of b:	6.0288595259447	

	
    Current index:	19501	
    Magnitude of W_grad:	8.8245868358307	
    Magnitude of W:	59828.824709342	
    Magnitude of B_grad:	0.33469943523812	
    Magnitude of b:	6.188358030213	

	
    Current index:	29501	
    Magnitude of W_grad:	7.2884497705989	
    Magnitude of W:	59825.122162885	
    Magnitude of B_grad:	0.19899976546289	
    Magnitude of b:	6.4268468188707	

	
    Current index:	39501	
    Magnitude of W_grad:	9.9480048353977	
    Magnitude of W:	59821.330364898	
    Magnitude of B_grad:	0.45090933375508	
    Magnitude of b:	6.5982397910776	

	
    Current index:	49501	
    Magnitude of W_grad:	8.7829213873355	
    Magnitude of W:	59817.194704735	
    Magnitude of B_grad:	0.34117891671406	
    Magnitude of b:	6.1716757718569	

	
    Current index:	59501	
    Magnitude of W_grad:	9.2444341841126	
    Magnitude of W:	59813.233551817	
    Magnitude of B_grad:	0.25283962977781	
    Magnitude of b:	6.1999277766519	

	
    Current index:	69501	
    Magnitude of W_grad:	8.0803044938877	
    Magnitude of W:	59809.412410877	
    Magnitude of B_grad:	0.19212105854171	
    Magnitude of b:	6.442371546156	

	
    Current index:	79501	
    Magnitude of W_grad:	11.256418599277	
    Magnitude of W:	59805.4199363	
    Magnitude of B_grad:	0.65129738451546	
    Magnitude of b:	6.5216321899061	

	
Done.	
Testing on validation set...	
Done	
Datafile:	/n/home09/ankitgupta/CS287/HW1/SST1-uni.hdf5	Classifier:	lr	Alpha:	0	Eta:	0.1	Lambda:	1	Minibatch size:	500	Num Epochs:	50	Minimum Sentence Length:	5	
Accuracy:	0.28337874659401	
