[?1034hDatafile:	/n/home09/ankitgupta/CS287/HW1/SST1-uni-sent.hdf5	Classifier:	hinge	Alpha:	0	Eta:	2	Lambda:	1	Minibatch size:	500	Num Epochs:	50	Minimum Sentence Length:	5	
Note that not all parameters may apply to all classifiers	
Loading datafiles...	
Number of training samples before removing small sentences	156817	
Number of training samples after removing small sentences	93603	
Done.	
Training classifier...	
Parameters are:	
Eta:	
2	
Lambda:	
1	
Minibatch size:	
500	
Number of Epochs	
50	
SGD: Hinge Loss is	
579783.50556564	
SGD: Validation Accuracy is:	
0.2016348773842	
SGD: Magnitude of W:	
61285.071552543	
SGD: Magnitude of b:	
3.2953933716123	
    Current index:	9501	
    Magnitude of W_grad:	8.9559999999999	
    Magnitude of W:	61183.666087083	
    Magnitude of B_grad:	0.12	
    Magnitude of b:	3.5104775063318	

	
    Current index:	19501	
    Magnitude of W_grad:	8.9519999999999	
    Magnitude of W:	61088.720540769	
    Magnitude of B_grad:	0.164	
    Magnitude of b:	4.9100074697333	

	
    Current index:	29501	
    Magnitude of W_grad:	8.0519999999999	
    Magnitude of W:	60998.902120276	
    Magnitude of B_grad:	0.164	
    Magnitude of b:	4.7399404337239	

	
    Current index:	39501	
    Magnitude of W_grad:	9.9799999999999	
    Magnitude of W:	60912.456452103	
    Magnitude of B_grad:	0.188	
    Magnitude of b:	5.7934405196887	

	
    Current index:	49501	
    Magnitude of W_grad:	9.2399999999999	
    Magnitude of W:	60823.977853592	
    Magnitude of B_grad:	0.304	
    Magnitude of b:	4.0551509010194	

	
    Current index:	59501	
    Magnitude of W_grad:	8.7079999999999	
    Magnitude of W:	60734.138730877	
    Magnitude of B_grad:	0.144	
    Magnitude of b:	4.3020875454753	

	
    Current index:	69501	
    Magnitude of W_grad:	8.7039999999999	
    Magnitude of W:	60644.844163463	
    Magnitude of B_grad:	0.092	
    Magnitude of b:	5.2571909527308	

	
    Current index:	79501	
    Magnitude of W_grad:	9.592	
    Magnitude of W:	60557.689323785	
    Magnitude of B_grad:	0.108	
    Magnitude of b:	5.174968401507	

	
    Current index:	89501	
    Magnitude of W_grad:	8.3279999999999	
    Magnitude of W:	60471.61617179	
    Magnitude of B_grad:	0.048	
    Magnitude of b:	5.3326700584269	

	
SGD: Hinge Loss is	
362212.27096874	
SGD: Validation Accuracy is:	
0.23433242506812	
SGD: Magnitude of W:	
60439.79137792	
SGD: Magnitude of b:	
3.452970977449	
    Current index:	9501	
    Magnitude of W_grad:	7.9519999999999	
    Magnitude of W:	60359.230742136	
    Magnitude of B_grad:	0.116	
    Magnitude of b:	4.5607335576933	

	
    Current index:	19501	
    Magnitude of W_grad:	8.6959999999999	
    Magnitude of W:	60281.978427581	
    Magnitude of B_grad:	0.108	
    Magnitude of b:	5.6864821375317	

	
    Current index:	29501	
    Magnitude of W_grad:	7.4439999999999	
    Magnitude of W:	60202.2279236	
    Magnitude of B_grad:	0.12	
    Magnitude of b:	5.4680949772737	

	
    Current index:	39501	
    Magnitude of W_grad:	9.2959999999999	
    Magnitude of W:	60127.796608032	
    Magnitude of B_grad:	0.204	
    Magnitude of b:	6.2814082066085	

	
    Current index:	49501	
    Magnitude of W_grad:	8.7039999999999	
    Magnitude of W:	60053.120487043	
    Magnitude of B_grad:	0.244	
    Magnitude of b:	4.853424003582	

	
    Current index:	59501	
    Magnitude of W_grad:	8.8519999999999	
    Magnitude of W:	59976.990352719	
    Magnitude of B_grad:	0.136	
    Magnitude of b:	5.2512751733381	

	
    Current index:	69501	
    Magnitude of W_grad:	8.4279999999999	
    Magnitude of W:	59901.693466293	
    Magnitude of B_grad:	0.112	
    Magnitude of b:	5.8569435429429	

	
    Current index:	79501	
    Magnitude of W_grad:	9.5119999999999	
    Magnitude of W:	59825.44711139	
    Magnitude of B_grad:	0.1	
    Magnitude of b:	5.6624941434379	

	
    Current index:	89501	
    Magnitude of W_grad:	7.5919999999999	
    Magnitude of W:	59751.182426554	
    Magnitude of B_grad:	0.028	
    Magnitude of b:	5.7880097217917	

	
SGD: Hinge Loss is	
337953.71633737	
SGD: Validation Accuracy is:	
0.24523160762943	
SGD: Magnitude of W:	
59724.057225262	
SGD: Magnitude of b:	
3.945850311437	
    Current index:	9501	
    Magnitude of W_grad:	7.1119999999999	
    Magnitude of W:	59654.54454458	
    Magnitude of B_grad:	0.1	
    Magnitude of b:	4.866991758038	

	
    Current index:	19501	
    Magnitude of W_grad:	8.7119999999999	
    Magnitude of W:	59585.551689828	
    Magnitude of B_grad:	0.088	
    Magnitude of b:	5.9446498231585	

	
    Current index:	29501	
    Magnitude of W_grad:	7.7479999999999	
    Magnitude of W:	59513.164573946	
    Magnitude of B_grad:	0.088	
    Magnitude of b:	5.6141832954336	

	
    Current index:	39501	
    Magnitude of W_grad:	8.7039999999999	
    Magnitude of W:	59446.682910317	
    Magnitude of B_grad:	0.216	
    Magnitude of b:	6.4274582055787	

	
    Current index:	49501	
    Magnitude of W_grad:	8.2279999999999	
    Magnitude of W:	59378.535523068	
    Magnitude of B_grad:	0.196	
    Magnitude of b:	4.9377089857813	

	
    Current index:	59501	
    Magnitude of W_grad:	8.0919999999999	
    Magnitude of W:	59310.418204284	
    Magnitude of B_grad:	0.072	
    Magnitude of b:	5.3835140608918	

	
    Current index:	69501	
    Magnitude of W_grad:	7.8719999999998	
    Magnitude of W:	59242.878009505	
    Magnitude of B_grad:	0.128	
    Magnitude of b:	5.8691250782997	

	
    Current index:	79501	
    Magnitude of W_grad:	9.2519999999999	
    Magnitude of W:	59173.274280258	
    Magnitude of B_grad:	0.104	
    Magnitude of b:	5.6746726968411	

	
    Current index:	89501	
    Magnitude of W_grad:	7.1119999999999	
    Magnitude of W:	59105.944658492	
    Magnitude of B_grad:	0.056	
    Magnitude of b:	5.7282059735668	

	
SGD: Hinge Loss is	
315620.05767451	
SGD: Validation Accuracy is:	
0.25794732061762	
SGD: Magnitude of W:	
59081.054662244	
SGD: Magnitude of b:	
4.2048715351035	
    Current index:	9501	
    Magnitude of W_grad:	6.6199999999999	
    Magnitude of W:	59016.237937283	
    Magnitude of B_grad:	0.072	
    Magnitude of b:	4.9763133001805	

	
    Current index:	19501	
    Magnitude of W_grad:	7.8839999999999	
    Magnitude of W:	58952.303811349	
    Magnitude of B_grad:	0.072	
    Magnitude of b:	5.8139904551707	

	
    Current index:	29501	
    Magnitude of W_grad:	7.6159999999999	
    Magnitude of W:	58885.157809098	
    Magnitude of B_grad:	0.1	
    Magnitude of b:	5.5635715499833	

	
    Current index:	39501	
    Magnitude of W_grad:	8.3519999999999	
    Magnitude of W:	58823.405370593	
    Magnitude of B_grad:	0.204	
    Magnitude of b:	6.1928983346859	

	
    Current index:	49501	
    Magnitude of W_grad:	8.2759999999999	
    Magnitude of W:	58759.943933029	
    Magnitude of B_grad:	0.224	
    Magnitude of b:	5.0183326609448	

	
    Current index:	59501	
    Magnitude of W_grad:	7.8559999999999	
    Magnitude of W:	58695.836768388	
    Magnitude of B_grad:	0.12	
    Magnitude of b:	5.3441644731081	

	
    Current index:	69501	
    Magnitude of W_grad:	7.7239999999998	
    Magnitude of W:	58631.713374515	
    Magnitude of B_grad:	0.172	
    Magnitude of b:	5.7818165713219	

	
    Current index:	79501	
    Magnitude of W_grad:	8.4439999999999	
    Magnitude of W:	58566.950588217	
    Magnitude of B_grad:	0.072	
    Magnitude of b:	5.52340388545	

	
    Current index:	89501	
    Magnitude of W_grad:	6.7319999999998	
    Magnitude of W:	58504.442819147	
    Magnitude of B_grad:	0.092	
    Magnitude of b:	5.6169811124901	

	
SGD: Hinge Loss is	
303693.71632074	
SGD: Validation Accuracy is:	
0.25976385104451	
SGD: Magnitude of W:	
58481.148686476	
SGD: Magnitude of b:	
4.0527003349472	
    Current index:	9501	
    Magnitude of W_grad:	6.5159999999999	
    Magnitude of W:	58420.831509853	
    Magnitude of B_grad:	0.092	
    Magnitude of b:	4.992243020669	

	
    Current index:	19501	
    Magnitude of W_grad:	7.8799999999998	
    Magnitude of W:	58360.97436086	
    Magnitude of B_grad:	0.104	
    Magnitude of b:	5.7899454991599	

	
    Current index:	29501	
    Magnitude of W_grad:	7.7719999999999	
    Magnitude of W:	58298.352002114	
    Magnitude of B_grad:	0.1	
    Magnitude of b:	5.5315688245285	

	
    Current index:	39501	
    Magnitude of W_grad:	8.0599999999999	
    Magnitude of W:	58239.860344603	
    Magnitude of B_grad:	0.116	
    Magnitude of b:	5.9769579903687	

	
    Current index:	49501	
    Magnitude of W_grad:	7.8999999999998	
    Magnitude of W:	58180.249796424	
    Magnitude of B_grad:	0.244	
    Magnitude of b:	4.8878823015888	

	
    Current index:	59501	
    Magnitude of W_grad:	7.6079999999998	
    Magnitude of W:	58118.846612309	
    Magnitude of B_grad:	0.12	
    Magnitude of b:	5.2857582278771	

	
    Current index:	69501	
    Magnitude of W_grad:	7.5759999999998	
    Magnitude of W:	58057.155428274	
    Magnitude of B_grad:	0.164	
    Magnitude of b:	5.7074518571504	

	
    Current index:	79501	
    Magnitude of W_grad:	7.8119999999999	
    Magnitude of W:	57997.911558165	
    Magnitude of B_grad:	0.04	
    Magnitude of b:	5.449072651591	

	
    Current index:	89501	
    Magnitude of W_grad:	6.3599999999999	
    Magnitude of W:	57939.464721491	
    Magnitude of B_grad:	0.096	
    Magnitude of b:	5.48668932789	

	
SGD: Hinge Loss is	
290024.04891305	
SGD: Validation Accuracy is:	
0.27066303360581	
SGD: Magnitude of W:	
57917.241543875	
SGD: Magnitude of b:	
4.0799932030828	
    Current index:	9501	
    Magnitude of W_grad:	6.2399999999999	
    Magnitude of W:	57859.099558583	
    Magnitude of B_grad:	0.064	
    Magnitude of b:	4.8793890680416	

	
    Current index:	19501	
    Magnitude of W_grad:	7.2719999999998	
    Magnitude of W:	57802.46085854	
    Magnitude of B_grad:	0.124	
    Magnitude of b:	5.5731601015406	

	
    Current index:	29501	
    Magnitude of W_grad:	7.8439999999999	
    Magnitude of W:	57744.297304621	
    Magnitude of B_grad:	0.032	
    Magnitude of b:	5.338850070268	

	
    Current index:	39501	
    Magnitude of W_grad:	7.7719999999998	
    Magnitude of W:	57687.983517315	
    Magnitude of B_grad:	0.152	
    Magnitude of b:	5.8003061934909	

	
    Current index:	49501	
    Magnitude of W_grad:	7.9159999999998	
    Magnitude of W:	57631.007956876	
    Magnitude of B_grad:	0.248	
    Magnitude of b:	4.8286772186787	

	
    Current index:	59501	
    Magnitude of W_grad:	7.5839999999998	
    Magnitude of W:	57572.39324416	
    Magnitude of B_grad:	0.208	
    Magnitude of b:	5.2025675029212	

	
    Current index:	69501	
    Magnitude of W_grad:	7.0079999999998	
    Magnitude of W:	57513.813196664	
    Magnitude of B_grad:	0.088	
    Magnitude of b:	5.6803012909093	

	
    Current index:	79501	
    Magnitude of W_grad:	7.6959999999998	
    Magnitude of W:	57457.701307893	
    Magnitude of B_grad:	0.032	
    Magnitude of b:	5.4139594918313	

	
    Current index:	89501	
    Magnitude of W_grad:	6.4199999999999	
    Magnitude of W:	57402.210670465	
    Magnitude of B_grad:	0.116	
    Magnitude of b:	5.3556103131201	

	
SGD: Hinge Loss is	
284332.78166279	
SGD: Validation Accuracy is:	
0.26975476839237	
SGD: Magnitude of W:	
57381.46513563	
SGD: Magnitude of b:	
3.971542337841	
    Current index:	9501	
    Magnitude of W_grad:	6.5159999999999	
    Magnitude of W:	57326.611014428	
    Magnitude of B_grad:	0.12	
    Magnitude of b:	4.9131878219502	

	
    Current index:	19501	
    Magnitude of W_grad:	7.5359999999998	
    Magnitude of W:	57273.216782441	
    Magnitude of B_grad:	0.152	
    Magnitude of b:	5.5430013265211	

	
    Current index:	29501	
    Magnitude of W_grad:	7.4159999999999	
    Magnitude of W:	57217.936314455	
    Magnitude of B_grad:	0.088	
    Magnitude of b:	5.2047284481622	

	
    Current index:	39501	
    Magnitude of W_grad:	7.6199999999998	
    Magnitude of W:	57163.754467294	
    Magnitude of B_grad:	0.196	
    Magnitude of b:	5.7222410198826	

	
    Current index:	49501	
    Magnitude of W_grad:	7.4879999999998	
    Magnitude of W:	57109.386512027	
    Magnitude of B_grad:	0.172	
    Magnitude of b:	4.8474434164658	

	
    Current index:	59501	
    Magnitude of W_grad:	7.1519999999998	
    Magnitude of W:	57053.254833677	
    Magnitude of B_grad:	0.252	
    Magnitude of b:	5.2053396963326	

	
    Current index:	69501	
    Magnitude of W_grad:	6.8199999999998	
    Magnitude of W:	56997.486258999	
    Magnitude of B_grad:	0.092	
    Magnitude of b:	5.5791022084507	

	
    Current index:	79501	
    Magnitude of W_grad:	7.5439999999998	
    Magnitude of W:	56944.484477074	
    Magnitude of B_grad:	0.044	
    Magnitude of b:	5.3687911702777	

	
    Current index:	89501	
    Magnitude of W_grad:	6.4519999999998	
    Magnitude of W:	56890.793840288	
    Magnitude of B_grad:	0.136	
    Magnitude of b:	5.26247957668	

	
SGD: Hinge Loss is	
273034.77834988	
SGD: Validation Accuracy is:	
0.27702089009991	
SGD: Magnitude of W:	
56871.534573778	
SGD: Magnitude of b:	
4.1065443554395	
    Current index:	9501	
    Magnitude of W_grad:	6.6199999999999	
    Magnitude of W:	56818.855093401	
    Magnitude of B_grad:	0.168	
    Magnitude of b:	4.8454390563805	

	
    Current index:	19501	
    Magnitude of W_grad:	7.4199999999998	
    Magnitude of W:	56767.421986875	
    Magnitude of B_grad:	0.172	
    Magnitude of b:	5.4032828738297	

	
    Current index:	29501	
    Magnitude of W_grad:	7.1319999999999	
    Magnitude of W:	56715.08843563	
    Magnitude of B_grad:	0.104	
    Magnitude of b:	5.1210590939524	

	
    Current index:	39501	
    Magnitude of W_grad:	7.8319999999998	
    Magnitude of W:	56663.407274513	
    Magnitude of B_grad:	0.248	
    Magnitude of b:	5.5906051909901	

	
    Current index:	49501	
    Magnitude of W_grad:	7.1799999999998	
    Magnitude of W:	56610.490451337	
    Magnitude of B_grad:	0.144	
    Magnitude of b:	4.828531314408	

	
    Current index:	59501	
    Magnitude of W_grad:	7.0519999999998	
    Magnitude of W:	56555.903501911	
    Magnitude of B_grad:	0.24	
    Magnitude of b:	5.170451911389	

	
    Current index:	69501	
    Magnitude of W_grad:	6.7639999999998	
    Magnitude of W:	56502.546543748	
    Magnitude of B_grad:	0.032	
    Magnitude of b:	5.512227790733	

	
    Current index:	79501	
    Magnitude of W_grad:	7.5279999999998	
    Magnitude of W:	56451.009029936	
    Magnitude of B_grad:	0.052	
    Magnitude of b:	5.2939458371048	

	
    Current index:	89501	
    Magnitude of W_grad:	6.8559999999998	
    Magnitude of W:	56399.95957011	
    Magnitude of B_grad:	0.208	
    Magnitude of b:	5.2916477628071	

	
SGD: Hinge Loss is	
263013.61866153	
SGD: Validation Accuracy is:	
0.27520435967302	
SGD: Magnitude of W:	
56381.132786973	
SGD: Magnitude of b:	
4.1751667131648	
    Current index:	9501	
    Magnitude of W_grad:	6.6679999999999	
    Magnitude of W:	56331.23452028	
    Magnitude of B_grad:	0.184	
    Magnitude of b:	4.7972997441842	

	
    Current index:	19501	
    Magnitude of W_grad:	7.1759999999998	
    Magnitude of W:	56282.449548515	
    Magnitude of B_grad:	0.148	
    Magnitude of b:	5.3071981386578	

	
    Current index:	29501	
    Magnitude of W_grad:	7.0279999999999	
    Magnitude of W:	56231.87251372	
    Magnitude of B_grad:	0.172	
    Magnitude of b:	5.0810085729824	

	
    Current index:	39501	
    Magnitude of W_grad:	8.2199999999998	
    Magnitude of W:	56182.638427863	
    Magnitude of B_grad:	0.332	
    Magnitude of b:	5.5665852828347	

	
    Current index:	49501	
    Magnitude of W_grad:	7.3639999999998	
    Magnitude of W:	56132.041382489	
    Magnitude of B_grad:	0.192	
    Magnitude of b:	4.8750416859298	

	
    Current index:	59501	
    Magnitude of W_grad:	6.9279999999998	
    Magnitude of W:	56079.96115444	
    Magnitude of B_grad:	0.268	
    Magnitude of b:	5.1689495899178	

	
    Current index:	69501	
    Magnitude of W_grad:	6.6039999999998	
    Magnitude of W:	56028.112777953	
    Magnitude of B_grad:	0.072	
    Magnitude of b:	5.4787402963307	

	
    Current index:	79501	
    Magnitude of W_grad:	7.2079999999998	
    Magnitude of W:	55978.671582878	
    Magnitude of B_grad:	0.064	
    Magnitude of b:	5.3004695737569	

	
    Current index:	89501	
    Magnitude of W_grad:	6.5359999999999	
    Magnitude of W:	55929.902909035	
    Magnitude of B_grad:	0.188	
    Magnitude of b:	5.2501890505177	

	
SGD: Hinge Loss is	
252274.19419424	
SGD: Validation Accuracy is:	
0.27702089009991	
SGD: Magnitude of W:	
55911.454934147	
SGD: Magnitude of b:	
3.9938077069591	
    Current index:	9501	
    Magnitude of W_grad:	5.9559999999999	
    Magnitude of W:	55864.526715701	
    Magnitude of B_grad:	0.156	
    Magnitude of b:	4.5538200185203	

	
    Current index:	19501	
    Magnitude of W_grad:	6.9559999999999	
    Magnitude of W:	55817.891950241	
    Magnitude of B_grad:	0.076	
    Magnitude of b:	5.2397263922416	

	
    Current index:	29501	
    Magnitude of W_grad:	7.5719999999998	
    Magnitude of W:	55769.294791705	
    Magnitude of B_grad:	0.184	
    Magnitude of b:	5.0775625779693	

	
    Current index:	39501	
    Magnitude of W_grad:	7.1919999999999	
    Magnitude of W:	55722.100724983	
    Magnitude of B_grad:	0.156	
    Magnitude of b:	5.563176477677	

	
    Current index:	49501	
    Magnitude of W_grad:	6.9759999999998	
    Magnitude of W:	55673.889175229	
    Magnitude of B_grad:	0.092	
    Magnitude of b:	4.8439607812974	

	
    Current index:	59501	
    Magnitude of W_grad:	6.6079999999999	
    Magnitude of W:	55623.795976712	
    Magnitude of B_grad:	0.124	
    Magnitude of b:	5.1138908529318	

	
    Current index:	69501	
    Magnitude of W_grad:	6.7799999999998	
    Magnitude of W:	55575.408369543	
    Magnitude of B_grad:	0.096	
    Magnitude of b:	5.3597038893459	

	
    Current index:	79501	
    Magnitude of W_grad:	7.4879999999998	
    Magnitude of W:	55528.355680025	
    Magnitude of B_grad:	0.084	
    Magnitude of b:	5.3494618055865	

	
    Current index:	89501	
    Magnitude of W_grad:	6.2039999999999	
    Magnitude of W:	55481.274775521	
    Magnitude of B_grad:	0.068	
    Magnitude of b:	5.2991832526705	

	
SGD: Hinge Loss is	
244340.60738656	
SGD: Validation Accuracy is:	
0.28701180744777	
SGD: Magnitude of W:	
55463.503823038	
SGD: Magnitude of b:	
4.1164237614679	
    Current index:	9501	
    Magnitude of W_grad:	7.4439999999999	
    Magnitude of W:	55418.103856935	
    Magnitude of B_grad:	0.352	
    Magnitude of b:	4.8053703204994	

	
    Current index:	19501	
    Magnitude of W_grad:	6.9799999999998	
    Magnitude of W:	55373.976745739	
    Magnitude of B_grad:	0.096	
    Magnitude of b:	5.1768588930997	

	
    Current index:	29501	
    Magnitude of W_grad:	6.5839999999999	
    Magnitude of W:	55327.893062603	
    Magnitude of B_grad:	0.196	
    Magnitude of b:	4.9347330469969	

	
    Current index:	39501	
    Magnitude of W_grad:	8.1679999999998	
    Magnitude of W:	55282.122575231	
    Magnitude of B_grad:	0.34	
    Magnitude of b:	5.4123796026421	

	
    Current index:	49501	
    Magnitude of W_grad:	6.8119999999999	
    Magnitude of W:	55235.657013251	
    Magnitude of B_grad:	0.168	
    Magnitude of b:	4.8848451869884	

	
    Current index:	59501	
    Magnitude of W_grad:	7.2199999999998	
    Magnitude of W:	55186.233510553	
    Magnitude of B_grad:	0.288	
    Magnitude of b:	5.090760184091	

	
    Current index:	69501	
    Magnitude of W_grad:	6.3839999999998	
    Magnitude of W:	55138.658977898	
    Magnitude of B_grad:	0.2	
    Magnitude of b:	5.416598996858	

	
    Current index:	79501	
    Magnitude of W_grad:	7.4639999999999	
    Magnitude of W:	55093.175813854	
    Magnitude of B_grad:	0.192	
    Magnitude of b:	5.182387465994	

	
    Current index:	89501	
    Magnitude of W_grad:	7.6199999999999	
    Magnitude of W:	55048.640123115	
    Magnitude of B_grad:	0.388	
    Magnitude of b:	5.1241526095484	

	
SGD: Hinge Loss is	
254876.18629225	
SGD: Validation Accuracy is:	
0.28247048138056	
SGD: Magnitude of W:	
55033.49752432	
SGD: Magnitude of b:	
3.8368645234948	
    Current index:	9501	
    Magnitude of W_grad:	6.5599999999999	
    Magnitude of W:	54989.642123762	
    Magnitude of B_grad:	0.212	
    Magnitude of b:	4.6916068483417	

	
    Current index:	19501	
    Magnitude of W_grad:	6.5319999999998	
    Magnitude of W:	54946.080358172	
    Magnitude of B_grad:	0.248	
    Magnitude of b:	5.0415476663586	

	
    Current index:	29501	
    Magnitude of W_grad:	6.9799999999998	
    Magnitude of W:	54901.897743374	
    Magnitude of B_grad:	0.22	
    Magnitude of b:	4.879426653978	

	
    Current index:	39501	
    Magnitude of W_grad:	8.2399999999999	
    Magnitude of W:	54858.018972812	
    Magnitude of B_grad:	0.4	
    Magnitude of b:	5.2771105109947	

	
    Current index:	49501	
    Magnitude of W_grad:	6.8559999999998	
    Magnitude of W:	54813.641562444	
    Magnitude of B_grad:	0.22	
    Magnitude of b:	4.8517782715341	

	
    Current index:	59501	
    Magnitude of W_grad:	6.5599999999999	
    Magnitude of W:	54767.041506268	
    Magnitude of B_grad:	0.048	
    Magnitude of b:	5.0577361087607	

	
    Current index:	69501	
    Magnitude of W_grad:	7.1919999999998	
    Magnitude of W:	54723.790584502	
    Magnitude of B_grad:	0.292	
    Magnitude of b:	5.3595586092464	

	
    Current index:	79501	
    Magnitude of W_grad:	7.9399999999998	
    Magnitude of W:	54679.331384211	
    Magnitude of B_grad:	0.248	
    Magnitude of b:	5.2133423950408	

	
    Current index:	89501	
    Magnitude of W_grad:	6.7319999999999	
    Magnitude of W:	54636.198018262	
    Magnitude of B_grad:	0.232	
    Magnitude of b:	5.0670900403079	

	
SGD: Hinge Loss is	
228740.97835588	
SGD: Validation Accuracy is:	
0.29881925522253	
SGD: Magnitude of W:	
54619.410705563	
SGD: Magnitude of b:	
3.9535428821034	
    Current index:	9501	
    Magnitude of W_grad:	6.4199999999999	
    Magnitude of W:	54577.281666006	
    Magnitude of B_grad:	0.232	
    Magnitude of b:	4.4277637789692	

	
    Current index:	19501	
    Magnitude of W_grad:	7.2039999999998	
    Magnitude of W:	54534.475598465	
    Magnitude of B_grad:	0.136	
    Magnitude of b:	5.3137072633772	

	
    Current index:	29501	
    Magnitude of W_grad:	7.3719999999998	
    Magnitude of W:	54492.536165152	
    Magnitude of B_grad:	0.248	
    Magnitude of b:	4.8316265168884	

	
    Current index:	39501	
    Magnitude of W_grad:	7.1839999999999	
    Magnitude of W:	54449.365419059	
    Magnitude of B_grad:	0.228	
    Magnitude of b:	5.3253302831617	

	
    Current index:	49501	
    Magnitude of W_grad:	6.7559999999998	
    Magnitude of W:	54407.114597203	
    Magnitude of B_grad:	0.152	
    Magnitude of b:	4.8152775909454	

	
    Current index:	59501	
    Magnitude of W_grad:	7.7239999999998	
    Magnitude of W:	54361.926749748	
    Magnitude of B_grad:	0.364	
    Magnitude of b:	5.0612180366947	

	
    Current index:	69501	
    Magnitude of W_grad:	6.8279999999998	
    Magnitude of W:	54319.01169811	
    Magnitude of B_grad:	0.16	
    Magnitude of b:	5.2590711808298	

	
    Current index:	79501	
    Magnitude of W_grad:	7.3639999999998	
    Magnitude of W:	54276.685838908	
    Magnitude of B_grad:	0.12	
    Magnitude of b:	5.2808751687703	

	
    Current index:	89501	
    Magnitude of W_grad:	6.6959999999999	
    Magnitude of W:	54235.92311393	
    Magnitude of B_grad:	0.26	
    Magnitude of b:	4.9906672802123	

	
SGD: Hinge Loss is	
250398.55683341	
SGD: Validation Accuracy is:	
0.28156221616712	
SGD: Magnitude of W:	
54222.525235768	
SGD: Magnitude of b:	
3.7263045570063	
    Current index:	9501	
    Magnitude of W_grad:	6.0959999999999	
    Magnitude of W:	54183.006882309	
    Magnitude of B_grad:	0.216	
    Magnitude of b:	4.6194642472949	

	
    Current index:	19501	
    Magnitude of W_grad:	5.8279999999999	
    Magnitude of W:	54141.886731113	
    Magnitude of B_grad:	0.108	
    Magnitude of b:	5.0254334975478	

	
    Current index:	29501	
    Magnitude of W_grad:	7.1999999999998	
    Magnitude of W:	54102.793677536	
    Magnitude of B_grad:	0.348	
    Magnitude of b:	4.6873422706663	

	
    Current index:	39501	
    Magnitude of W_grad:	8.5439999999999	
    Magnitude of W:	54061.389643414	
    Magnitude of B_grad:	0.448	
    Magnitude of b:	5.1890779484276	

	
    Current index:	49501	
    Magnitude of W_grad:	6.9439999999998	
    Magnitude of W:	54019.763093822	
    Magnitude of B_grad:	0.24	
    Magnitude of b:	4.7881517543704	

	
    Current index:	59501	
    Magnitude of W_grad:	6.7679999999998	
    Magnitude of W:	53976.559943155	
    Magnitude of B_grad:	0.136	
    Magnitude of b:	5.0181448090439	

	
    Current index:	69501	
    Magnitude of W_grad:	6.8199999999998	
    Magnitude of W:	53935.183494664	
    Magnitude of B_grad:	0.272	
    Magnitude of b:	5.3120049041354	

	
    Current index:	79501	
    Magnitude of W_grad:	7.0279999999998	
    Magnitude of W:	53895.054420764	
    Magnitude of B_grad:	0.14	
    Magnitude of b:	5.1258002904064	

	
    Current index:	89501	
    Magnitude of W_grad:	7.4199999999999	
    Magnitude of W:	53854.582111162	
    Magnitude of B_grad:	0.34	
    Magnitude of b:	4.9635863653584	

	
SGD: Hinge Loss is	
214962.98451565	
SGD: Validation Accuracy is:	
0.28701180744777	
SGD: Magnitude of W:	
53838.94468023	
SGD: Magnitude of b:	
3.868376739757	
    Current index:	9501	
    Magnitude of W_grad:	8.0439999999999	
    Magnitude of W:	53800.406778755	
    Magnitude of B_grad:	0.416	
    Magnitude of b:	4.7522803372389	

	
    Current index:	19501	
    Magnitude of W_grad:	6.6319999999998	
    Magnitude of W:	53762.52136959	
    Magnitude of B_grad:	0.248	
    Magnitude of b:	4.9902796576296	

	
    Current index:	29501	
    Magnitude of W_grad:	5.9079999999999	
    Magnitude of W:	53721.80676736	
    Magnitude of B_grad:	0.088	
    Magnitude of b:	4.7082439545101	

	
    Current index:	39501	
    Magnitude of W_grad:	6.3239999999999	
    Magnitude of W:	53680.869958985	
    Magnitude of B_grad:	0.184	
    Magnitude of b:	5.249993943021	

	
    Current index:	49501	
    Magnitude of W_grad:	7.5759999999998	
    Magnitude of W:	53642.433707665	
    Magnitude of B_grad:	0.356	
    Magnitude of b:	4.6917193249782	

	
    Current index:	59501	
    Magnitude of W_grad:	7.0719999999999	
    Magnitude of W:	53600.546793087	
    Magnitude of B_grad:	0.3	
    Magnitude of b:	4.9682184715278	

	
    Current index:	69501	
    Magnitude of W_grad:	6.9359999999998	
    Magnitude of W:	53560.235327366	
    Magnitude of B_grad:	0.196	
    Magnitude of b:	5.2540937473796	

	
    Current index:	79501	
    Magnitude of W_grad:	8.5999999999999	
    Magnitude of W:	53521.757144062	
    Magnitude of B_grad:	0.42	
    Magnitude of b:	4.9399314804788	

	
    Current index:	89501	
    Magnitude of W_grad:	6.5559999999999	
    Magnitude of W:	53481.73835043	
    Magnitude of B_grad:	0.168	
    Magnitude of b:	5.025751505993	

	
SGD: Hinge Loss is	
239855.81929676	
SGD: Validation Accuracy is:	
0.28792007266122	
SGD: Magnitude of W:	
53469.6402827	
SGD: Magnitude of b:	
3.6893921870648	
    Current index:	9501	
    Magnitude of W_grad:	6.4079999999999	
    Magnitude of W:	53432.164298758	
    Magnitude of B_grad:	0.268	
    Magnitude of b:	4.6712207408113	

	
    Current index:	19501	
    Magnitude of W_grad:	6.4559999999999	
    Magnitude of W:	53394.060374962	
    Magnitude of B_grad:	0.08	
    Magnitude of b:	5.029214874567	

	
    Current index:	29501	
    Magnitude of W_grad:	8.2559999999998	
    Magnitude of W:	53355.297340474	
    Magnitude of B_grad:	0.384	
    Magnitude of b:	4.6436290007848	

	
    Current index:	39501	
    Magnitude of W_grad:	6.6879999999999	
    Magnitude of W:	53316.350087597	
    Magnitude of B_grad:	0.288	
    Magnitude of b:	5.0970073054319	

	
    Current index:	49501	
    Magnitude of W_grad:	6.5719999999998	
    Magnitude of W:	53276.993367491	
    Magnitude of B_grad:	0.26	
    Magnitude of b:	4.75940881587	

	
    Current index:	59501	
    Magnitude of W_grad:	6.1799999999999	
    Magnitude of W:	53235.855111395	
    Magnitude of B_grad:	0.124	
    Magnitude of b:	4.9894218412976	

	
    Current index:	69501	
    Magnitude of W_grad:	6.8799999999999	
    Magnitude of W:	53197.526669195	
    Magnitude of B_grad:	0.384	
    Magnitude of b:	5.291302412682	

	
    Current index:	79501	
    Magnitude of W_grad:	8.1279999999998	
    Magnitude of W:	53160.645447224	
    Magnitude of B_grad:	0.252	
    Magnitude of b:	5.1531146757625	

	
    Current index:	89501	
    Magnitude of W_grad:	7.8639999999999	
    Magnitude of W:	53124.130209153	
    Magnitude of B_grad:	0.404	
    Magnitude of b:	4.9429210413734	

	
SGD: Hinge Loss is	
216374.13983538	
SGD: Validation Accuracy is:	
0.28882833787466	
SGD: Magnitude of W:	
53110.75450184	
SGD: Magnitude of b:	
3.6432223998459	
    Current index:	9501	
    Magnitude of W_grad:	7.2959999999999	
    Magnitude of W:	53075.971280367	
    Magnitude of B_grad:	0.368	
    Magnitude of b:	4.4044291459302	

	
    Current index:	19501	
    Magnitude of W_grad:	7.3559999999998	
    Magnitude of W:	53037.435856431	
    Magnitude of B_grad:	0.176	
    Magnitude of b:	5.1224171228751	

	
    Current index:	29501	
    Magnitude of W_grad:	6.9679999999998	
    Magnitude of W:	53001.065904221	
    Magnitude of B_grad:	0.336	
    Magnitude of b:	4.5923868275194	

	
    Current index:	39501	
    Magnitude of W_grad:	6.1519999999999	
    Magnitude of W:	52963.46580891	
    Magnitude of B_grad:	0.14	
    Magnitude of b:	5.2621615355407	

	
    Current index:	49501	
    Magnitude of W_grad:	6.6959999999998	
    Magnitude of W:	52925.25516225	
    Magnitude of B_grad:	0.248	
    Magnitude of b:	4.6973062934325	

	
    Current index:	59501	
    Magnitude of W_grad:	6.7359999999999	
    Magnitude of W:	52885.956462339	
    Magnitude of B_grad:	0.304	
    Magnitude of b:	4.927296629735	

	
    Current index:	69501	
    Magnitude of W_grad:	6.5879999999998	
    Magnitude of W:	52848.855881365	
    Magnitude of B_grad:	0.176	
    Magnitude of b:	5.1412117799855	

	
    Current index:	79501	
    Magnitude of W_grad:	8.1919999999999	
    Magnitude of W:	52813.021556163	
    Magnitude of B_grad:	0.352	
    Magnitude of b:	4.9550869748856	

	
    Current index:	89501	
    Magnitude of W_grad:	6.4919999999999	
    Magnitude of W:	52776.041565185	
    Magnitude of B_grad:	0.248	
    Magnitude of b:	4.9449235975127	

	
SGD: Hinge Loss is	
206103.78223844	
SGD: Validation Accuracy is:	
0.28610354223433	
SGD: Magnitude of W:	
52762.249407207	
SGD: Magnitude of b:	
3.7560496516791	
    Current index:	9501	
    Magnitude of W_grad:	8.6519999999999	
    Magnitude of W:	52727.771794185	
    Magnitude of B_grad:	0.432	
    Magnitude of b:	4.5862102257864	

	
    Current index:	19501	
    Magnitude of W_grad:	5.8479999999999	
    Magnitude of W:	52691.643319296	
    Magnitude of B_grad:	0.108	
    Magnitude of b:	4.864822277372	

	
    Current index:	29501	
    Magnitude of W_grad:	5.9839999999999	
    Magnitude of W:	52656.139662126	
    Magnitude of B_grad:	0.12	
    Magnitude of b:	4.6622895598023	

	
    Current index:	39501	
    Magnitude of W_grad:	9.968	
    Magnitude of W:	52618.493865249	
    Magnitude of B_grad:	0.632	
    Magnitude of b:	4.9006270052862	

	
    Current index:	49501	
    Magnitude of W_grad:	6.1599999999999	
    Magnitude of W:	52580.569779828	
    Magnitude of B_grad:	0.244	
    Magnitude of b:	4.6021002630818	

	
    Current index:	59501	
    Magnitude of W_grad:	7.0719999999999	
    Magnitude of W:	52541.596181661	
    Magnitude of B_grad:	0.248	
    Magnitude of b:	4.9521538375131	

	
    Current index:	69501	
    Magnitude of W_grad:	6.7359999999998	
    Magnitude of W:	52505.913459561	
    Magnitude of B_grad:	0.364	
    Magnitude of b:	5.1660831451567	

	
    Current index:	79501	
    Magnitude of W_grad:	7.1959999999998	
    Magnitude of W:	52469.841414654	
    Magnitude of B_grad:	0.248	
    Magnitude of b:	5.0519466866462	

	
    Current index:	89501	
    Magnitude of W_grad:	8.3279999999999	
    Magnitude of W:	52435.6735804	
    Magnitude of B_grad:	0.456	
    Magnitude of b:	4.9218147331042	

	
SGD: Hinge Loss is	
222495.70502804	
SGD: Validation Accuracy is:	
0.28610354223433	
SGD: Magnitude of W:	
52423.160168069	
SGD: Magnitude of b:	
3.7019783752595	
    Current index:	9501	
    Magnitude of W_grad:	6.3199999999999	
    Magnitude of W:	52387.845797252	
    Magnitude of B_grad:	0.244	
    Magnitude of b:	4.6897002613172	

	
    Current index:	19501	
    Magnitude of W_grad:	6.9799999999998	
    Magnitude of W:	52354.046128895	
    Magnitude of B_grad:	0.268	
    Magnitude of b:	4.9117136742127	

	
    Current index:	29501	
    Magnitude of W_grad:	8.4479999999999	
    Magnitude of W:	52319.180088178	
    Magnitude of B_grad:	0.412	
    Magnitude of b:	4.5976823135658	

	
    Current index:	39501	
    Magnitude of W_grad:	9.676	
    Magnitude of W:	52283.783192462	
    Magnitude of B_grad:	0.612	
    Magnitude of b:	4.98751406148	

	
    Current index:	49501	
    Magnitude of W_grad:	6.3159999999998	
    Magnitude of W:	52247.245700418	
    Magnitude of B_grad:	0.224	
    Magnitude of b:	4.5241976587017	

	
    Current index:	59501	
    Magnitude of W_grad:	6.5079999999998	
    Magnitude of W:	52208.944708827	
    Magnitude of B_grad:	0.148	
    Magnitude of b:	4.8102689639831	

	
    Current index:	69501	
    Magnitude of W_grad:	6.2279999999998	
    Magnitude of W:	52172.501003845	
    Magnitude of B_grad:	0.14	
    Magnitude of b:	5.0082494953839	

	
    Current index:	79501	
    Magnitude of W_grad:	7.6079999999998	
    Magnitude of W:	52138.038843628	
    Magnitude of B_grad:	0.312	
    Magnitude of b:	4.870179617167	

	
    Current index:	89501	
    Magnitude of W_grad:	6.7039999999999	
    Magnitude of W:	52102.078728645	
    Magnitude of B_grad:	0.28	
    Magnitude of b:	4.7720607203673	

	
SGD: Hinge Loss is	
198657.40584119	
SGD: Validation Accuracy is:	
0.29246139872843	
SGD: Magnitude of W:	
52089.209153312	
SGD: Magnitude of b:	
3.6140490499395	
    Current index:	9501	
    Magnitude of W_grad:	7.8479999999998	
    Magnitude of W:	52058.131399367	
    Magnitude of B_grad:	0.46	
    Magnitude of b:	4.209557570855	

	
    Current index:	19501	
    Magnitude of W_grad:	7.4119999999999	
    Magnitude of W:	52021.551466506	
    Magnitude of B_grad:	0.18	
    Magnitude of b:	4.9916012914388	

	
    Current index:	29501	
    Magnitude of W_grad:	6.7279999999999	
    Magnitude of W:	51988.00384824	
    Magnitude of B_grad:	0.376	
    Magnitude of b:	4.4536379958532	

	
    Current index:	39501	
    Magnitude of W_grad:	7.4319999999999	
    Magnitude of W:	51953.417675159	
    Magnitude of B_grad:	0.4	
    Magnitude of b:	4.9634762578077	

	
    Current index:	49501	
    Magnitude of W_grad:	5.5959999999999	
    Magnitude of W:	51920.235515376	
    Magnitude of B_grad:	0.104	
    Magnitude of b:	4.724193517757	

	
    Current index:	59501	
    Magnitude of W_grad:	7.0799999999998	
    Magnitude of W:	51884.514681897	
    Magnitude of B_grad:	0.38	
    Magnitude of b:	4.8182443178045	

	
    Current index:	69501	
    Magnitude of W_grad:	6.3719999999999	
    Magnitude of W:	51848.04185857	
    Magnitude of B_grad:	0.312	
    Magnitude of b:	5.0081908486618	

	
    Current index:	79501	
    Magnitude of W_grad:	6.4199999999998	
    Magnitude of W:	51813.496017426	
    Magnitude of B_grad:	0.104	
    Magnitude of b:	4.9020955305565	

	
    Current index:	89501	
    Magnitude of W_grad:	8.1599999999999	
    Magnitude of W:	51777.491211705	
    Magnitude of B_grad:	0.468	
    Magnitude of b:	4.8999882917481	

	
SGD: Hinge Loss is	
209505.57438449	
SGD: Validation Accuracy is:	
0.28882833787466	
SGD: Magnitude of W:	
51766.89939861	
SGD: Magnitude of b:	
3.5808103890371	
    Current index:	9501	
    Magnitude of W_grad:	8.4039999999999	
    Magnitude of W:	51735.676684014	
    Magnitude of B_grad:	0.432	
    Magnitude of b:	4.5777802756921	

	
    Current index:	19501	
    Magnitude of W_grad:	5.5039999999999	
    Magnitude of W:	51700.730861999	
    Magnitude of B_grad:	0.06	
    Magnitude of b:	4.7998705575388	

	
    Current index:	29501	
    Magnitude of W_grad:	6.2959999999999	
    Magnitude of W:	51669.848455937	
    Magnitude of B_grad:	0.324	
    Magnitude of b:	4.4939061219366	

	
    Current index:	39501	
    Magnitude of W_grad:	9.784	
    Magnitude of W:	51634.939355997	
    Magnitude of B_grad:	0.624	
    Magnitude of b:	5.0197273515398	

	
    Current index:	49501	
    Magnitude of W_grad:	6.8159999999998	
    Magnitude of W:	51600.022043983	
    Magnitude of B_grad:	0.396	
    Magnitude of b:	4.683155597291	

	
    Current index:	59501	
    Magnitude of W_grad:	6.1719999999998	
    Magnitude of W:	51565.397990758	
    Magnitude of B_grad:	0.228	
    Magnitude of b:	4.7452164116028	

	
    Current index:	69501	
    Magnitude of W_grad:	5.5519999999999	
    Magnitude of W:	51529.5808418	
    Magnitude of B_grad:	0.196	
    Magnitude of b:	4.9912016633239	

	
    Current index:	79501	
    Magnitude of W_grad:	7.2399999999998	
    Magnitude of W:	51495.255438978	
    Magnitude of B_grad:	0.288	
    Magnitude of b:	4.9171127499415	

	
    Current index:	89501	
    Magnitude of W_grad:	7.8319999999999	
    Magnitude of W:	51461.951871594	
    Magnitude of B_grad:	0.4	
    Magnitude of b:	4.803021656594	

	
SGD: Hinge Loss is	
195958.20455083	
SGD: Validation Accuracy is:	
0.29336966394187	
SGD: Magnitude of W:	
51449.358271955	
SGD: Magnitude of b:	
3.6323638145552	
    Current index:	9501	
    Magnitude of W_grad:	7.3079999999998	
    Magnitude of W:	51419.925113256	
    Magnitude of B_grad:	0.38	
    Magnitude of b:	4.278511751733	

	
    Current index:	19501	
    Magnitude of W_grad:	6.4279999999998	
    Magnitude of W:	51388.900848422	
    Magnitude of B_grad:	0.284	
    Magnitude of b:	4.7645849725062	

	
    Current index:	29501	
    Magnitude of W_grad:	8.6319999999999	
    Magnitude of W:	51356.179480637	
    Magnitude of B_grad:	0.468	
    Magnitude of b:	4.4587860977482	

	
    Current index:	39501	
    Magnitude of W_grad:	5.5479999999999	
    Magnitude of W:	51323.303090602	
    Magnitude of B_grad:	0.14	
    Magnitude of b:	4.8565141282909	

	
    Current index:	49501	
    Magnitude of W_grad:	5.4799999999999	
    Magnitude of W:	51290.491400994	
    Magnitude of B_grad:	0.188	
    Magnitude of b:	4.5427238270274	

	
    Current index:	59501	
    Magnitude of W_grad:	6.0999999999998	
    Magnitude of W:	51254.191819182	
    Magnitude of B_grad:	0.144	
    Magnitude of b:	4.7728202013114	

	
    Current index:	69501	
    Magnitude of W_grad:	7.3079999999998	
    Magnitude of W:	51220.734551558	
    Magnitude of B_grad:	0.3	
    Magnitude of b:	4.9148300605077	

	
    Current index:	79501	
    Magnitude of W_grad:	5.8279999999999	
    Magnitude of W:	51186.447833513	
    Magnitude of B_grad:	0.02	
    Magnitude of b:	4.9127818086939	

	
    Current index:	89501	
    Magnitude of W_grad:	6.5879999999999	
    Magnitude of W:	51154.054750036	
    Magnitude of B_grad:	0.292	
    Magnitude of b:	4.8066717147543	

	
SGD: Hinge Loss is	
191658.90109453	
SGD: Validation Accuracy is:	
0.2960944595822	
SGD: Magnitude of W:	
51143.096121178	
SGD: Magnitude of b:	
3.5241578203562	
    Current index:	9501	
    Magnitude of W_grad:	9.4479999999999	
    Magnitude of W:	51111.86684168	
    Magnitude of B_grad:	0.544	
    Magnitude of b:	4.5050155437477	

	
    Current index:	19501	
    Magnitude of W_grad:	7.1399999999999	
    Magnitude of W:	51080.020489788	
    Magnitude of B_grad:	0.192	
    Magnitude of b:	4.8631321278444	

	
    Current index:	29501	
    Magnitude of W_grad:	7.1559999999998	
    Magnitude of W:	51048.837221257	
    Magnitude of B_grad:	0.344	
    Magnitude of b:	4.5012023581047	

	
    Current index:	39501	
    Magnitude of W_grad:	6.5079999999999	
    Magnitude of W:	51017.41007972	
    Magnitude of B_grad:	0.308	
    Magnitude of b:	4.803105578945	

	
    Current index:	49501	
    Magnitude of W_grad:	5.2279999999999	
    Magnitude of W:	50986.201939742	
    Magnitude of B_grad:	0.144	
    Magnitude of b:	4.5385380599062	

	
    Current index:	59501	
    Magnitude of W_grad:	7.4199999999999	
    Magnitude of W:	50950.154195264	
    Magnitude of B_grad:	0.368	
    Magnitude of b:	4.8086428893664	

	
    Current index:	69501	
    Magnitude of W_grad:	5.9599999999998	
    Magnitude of W:	50918.391507558	
    Magnitude of B_grad:	0.136	
    Magnitude of b:	4.9826600038355	

	
    Current index:	79501	
    Magnitude of W_grad:	6.5039999999998	
    Magnitude of W:	50884.750331606	
    Magnitude of B_grad:	0.216	
    Magnitude of b:	4.796616953581	

	
    Current index:	89501	
    Magnitude of W_grad:	5.9959999999999	
    Magnitude of W:	50853.197163045	
    Magnitude of B_grad:	0.212	
    Magnitude of b:	4.6505558070228	

	
SGD: Hinge Loss is	
184491.3599321	
SGD: Validation Accuracy is:	
0.29246139872843	
SGD: Magnitude of W:	
50841.09567996	
SGD: Magnitude of b:	
3.7267386361605	
    Current index:	9501	
    Magnitude of W_grad:	5.5599999999999	
    Magnitude of W:	50812.404892202	
    Magnitude of B_grad:	0.192	
    Magnitude of b:	4.4228715407712	

	
    Current index:	19501	
    Magnitude of W_grad:	6.3479999999998	
    Magnitude of W:	50780.767156839	
    Magnitude of B_grad:	0.292	
    Magnitude of b:	4.5569516165267	

	
    Current index:	29501	
    Magnitude of W_grad:	6.3119999999998	
    Magnitude of W:	50751.829408998	
    Magnitude of B_grad:	0.3	
    Magnitude of b:	4.3390311536299	

	
    Current index:	39501	
    Magnitude of W_grad:	7.1239999999998	
    Magnitude of W:	50719.354937938	
    Magnitude of B_grad:	0.34	
    Magnitude of b:	4.8729110321665	

	
    Current index:	49501	
    Magnitude of W_grad:	6.2159999999998	
    Magnitude of W:	50687.091780632	
    Magnitude of B_grad:	0.328	
    Magnitude of b:	4.5811750154523	

	
    Current index:	59501	
    Magnitude of W_grad:	7.5239999999998	
    Magnitude of W:	50654.618907028	
    Magnitude of B_grad:	0.376	
    Magnitude of b:	4.8992978582843	

	
    Current index:	69501	
    Magnitude of W_grad:	6.2239999999999	
    Magnitude of W:	50621.764190056	
    Magnitude of B_grad:	0.372	
    Magnitude of b:	4.8892972616785	

	
    Current index:	79501	
    Magnitude of W_grad:	5.9159999999999	
    Magnitude of W:	50588.132925858	
    Magnitude of B_grad:	0.068	
    Magnitude of b:	4.8232482967314	

	
    Current index:	89501	
    Magnitude of W_grad:	5.0479999999999	
    Magnitude of W:	50557.286896167	
    Magnitude of B_grad:	0.072	
    Magnitude of b:	4.7251766268136	

	
SGD: Hinge Loss is	
221854.88664782	
SGD: Validation Accuracy is:	
0.2897366030881	
SGD: Magnitude of W:	
50548.883976351	
SGD: Magnitude of b:	
3.5065264500268	
    Current index:	9501	
    Magnitude of W_grad:	5.8919999999999	
    Magnitude of W:	50520.04683529	
    Magnitude of B_grad:	0.22	
    Magnitude of b:	4.3232632067076	

	
    Current index:	19501	
    Magnitude of W_grad:	6.3039999999999	
    Magnitude of W:	50490.51829168	
    Magnitude of B_grad:	0.136	
    Magnitude of b:	4.8733480704587	

	
    Current index:	29501	
    Magnitude of W_grad:	8.848	
    Magnitude of W:	50460.258685435	
    Magnitude of B_grad:	0.488	
    Magnitude of b:	4.4290006428456	

	
    Current index:	39501	
    Magnitude of W_grad:	10	
    Magnitude of W:	50431.631203923	
    Magnitude of B_grad:	0.644	
    Magnitude of b:	4.7814086524855	

	
    Current index:	49501	
    Magnitude of W_grad:	5.5839999999999	
    Magnitude of W:	50397.147932706	
    Magnitude of B_grad:	0.172	
    Magnitude of b:	4.5289942337319	

	
    Current index:	59501	
    Magnitude of W_grad:	7.6119999999998	
    Magnitude of W:	50365.406567407	
    Magnitude of B_grad:	0.488	
    Magnitude of b:	4.5751022850483	

	
    Current index:	69501	
    Magnitude of W_grad:	6.3199999999998	
    Magnitude of W:	50333.31213151	
    Magnitude of B_grad:	0.324	
    Magnitude of b:	4.8611308239202	

	
    Current index:	79501	
    Magnitude of W_grad:	9.1239999999999	
    Magnitude of W:	50302.70770348	
    Magnitude of B_grad:	0.528	
    Magnitude of b:	4.6991159409821	

	
    Current index:	89501	
    Magnitude of W_grad:	9.176	
    Magnitude of W:	50272.695139521	
    Magnitude of B_grad:	0.528	
    Magnitude of b:	4.7850643213412	

	
SGD: Hinge Loss is	
189688.89271274	
SGD: Validation Accuracy is:	
0.30699364214351	
SGD: Magnitude of W:	
50262.633891332	
SGD: Magnitude of b:	
3.6909214107918	
    Current index:	9501	
    Magnitude of W_grad:	7.7439999999999	
    Magnitude of W:	50237.301842087	
    Magnitude of B_grad:	0.468	
    Magnitude of b:	4.0495627965796	

	
    Current index:	19501	
    Magnitude of W_grad:	9.024	
    Magnitude of W:	50206.304792258	
    Magnitude of B_grad:	0.444	
    Magnitude of b:	4.75168854815	

	
    Current index:	29501	
    Magnitude of W_grad:	6.1599999999999	
    Magnitude of W:	50177.282504207	
    Magnitude of B_grad:	0.36	
    Magnitude of b:	4.2857957978658	

	
    Current index:	39501	
    Magnitude of W_grad:	7.7559999999999	
    Magnitude of W:	50147.784418395	
    Magnitude of B_grad:	0.504	
    Magnitude of b:	4.7877163654688	

	
    Current index:	49501	
    Magnitude of W_grad:	6.5559999999999	
    Magnitude of W:	50120.173876828	
    Magnitude of B_grad:	0.348	
    Magnitude of b:	4.3774267198483	

	
    Current index:	59501	
    Magnitude of W_grad:	6.8239999999999	
    Magnitude of W:	50087.906619569	
    Magnitude of B_grad:	0.32	
    Magnitude of b:	4.6415999239251	

	
    Current index:	69501	
    Magnitude of W_grad:	5.9599999999999	
    Magnitude of W:	50056.942462609	
    Magnitude of B_grad:	0.296	
    Magnitude of b:	4.8695834438676	

	
    Current index:	79501	
    Magnitude of W_grad:	6.2679999999999	
    Magnitude of W:	50027.379278797	
    Magnitude of B_grad:	0.132	
    Magnitude of b:	4.8595531582307	

	
    Current index:	89501	
    Magnitude of W_grad:	7.8119999999999	
    Magnitude of W:	49999.096497492	
    Magnitude of B_grad:	0.464	
    Magnitude of b:	4.6655333136872	

	
SGD: Hinge Loss is	
180427.62310845	
SGD: Validation Accuracy is:	
0.29972752043597	
SGD: Magnitude of W:	
49988.148348722	
SGD: Magnitude of b:	
3.5360611141346	
    Current index:	9501	
    Magnitude of W_grad:	6.8239999999999	
    Magnitude of W:	49961.068048287	
    Magnitude of B_grad:	0.376	
    Magnitude of b:	4.1619903939551	

	
    Current index:	19501	
    Magnitude of W_grad:	5.2879999999999	
    Magnitude of W:	49930.015564758	
    Magnitude of B_grad:	0.16	
    Magnitude of b:	4.6321038288707	

	
    Current index:	29501	
    Magnitude of W_grad:	6.0879999999999	
    Magnitude of W:	49902.546313578	
    Magnitude of B_grad:	0.304	
    Magnitude of b:	4.3261823596072	

	
    Current index:	39501	
    Magnitude of W_grad:	10.144	
    Magnitude of W:	49871.233840917	
    Magnitude of B_grad:	0.66	
    Magnitude of b:	4.7641106254675	

	
    Current index:	49501	
    Magnitude of W_grad:	5.8999999999999	
    Magnitude of W:	49842.061408705	
    Magnitude of B_grad:	0.312	
    Magnitude of b:	4.486692109803	

	
    Current index:	59501	
    Magnitude of W_grad:	6.0919999999999	
    Magnitude of W:	49811.107009736	
    Magnitude of B_grad:	0.224	
    Magnitude of b:	4.6208534403974	

	
    Current index:	69501	
    Magnitude of W_grad:	7.3719999999998	
    Magnitude of W:	49779.408863637	
    Magnitude of B_grad:	0.26	
    Magnitude of b:	4.8269123367067	

	
    Current index:	79501	
    Magnitude of W_grad:	7.3279999999998	
    Magnitude of W:	49749.697508441	
    Magnitude of B_grad:	0.312	
    Magnitude of b:	4.7849112200318	

	
    Current index:	89501	
    Magnitude of W_grad:	5.5639999999999	
    Magnitude of W:	49720.252815167	
    Magnitude of B_grad:	0.208	
    Magnitude of b:	4.670869601524	

	
SGD: Hinge Loss is	
179103.41739426	
SGD: Validation Accuracy is:	
0.29700272479564	
SGD: Magnitude of W:	
49710.737384114	
SGD: Magnitude of b:	
3.4957277834035	
    Current index:	9501	
    Magnitude of W_grad:	5.3319999999999	
    Magnitude of W:	49683.02924967	
    Magnitude of B_grad:	0.164	
    Magnitude of b:	4.1957028367547	

	
    Current index:	19501	
    Magnitude of W_grad:	6.6159999999998	
    Magnitude of W:	49656.672234499	
    Magnitude of B_grad:	0.356	
    Magnitude of b:	4.3538437394255	

	
    Current index:	29501	
    Magnitude of W_grad:	5.0959999999999	
    Magnitude of W:	49628.287855912	
    Magnitude of B_grad:	0.104	
    Magnitude of b:	4.4639249444347	

	
    Current index:	39501	
    Magnitude of W_grad:	7.5519999999998	
    Magnitude of W:	49599.39891548	
    Magnitude of B_grad:	0.432	
    Magnitude of b:	4.7498550272324	

	
    Current index:	49501	
    Magnitude of W_grad:	5.6719999999999	
    Magnitude of W:	49567.597331995	
    Magnitude of B_grad:	0.248	
    Magnitude of b:	4.3902949257075	

	
    Current index:	59501	
    Magnitude of W_grad:	7.3359999999999	
    Magnitude of W:	49538.415500994	
    Magnitude of B_grad:	0.512	
    Magnitude of b:	4.4284694144682	

	
    Current index:	69501	
    Magnitude of W_grad:	5.6919999999998	
    Magnitude of W:	49507.615296027	
    Magnitude of B_grad:	0.228	
    Magnitude of b:	4.8345459034756	

	
    Current index:	79501	
    Magnitude of W_grad:	5.4359999999999	
    Magnitude of W:	49477.73799499	
    Magnitude of B_grad:	0.068	
    Magnitude of b:	4.6165786098175	

	
    Current index:	89501	
    Magnitude of W_grad:	6.7039999999999	
    Magnitude of W:	49452.2772787	
    Magnitude of B_grad:	0.38	
    Magnitude of b:	4.4145747321878	

	
SGD: Hinge Loss is	
176152.32459379	
SGD: Validation Accuracy is:	
0.30881017257039	
SGD: Magnitude of W:	
49441.548308445	
SGD: Magnitude of b:	
3.6107883237934	
    Current index:	9501	
    Magnitude of W_grad:	10.344	
    Magnitude of W:	49417.149659045	
    Magnitude of B_grad:	0.632	
    Magnitude of b:	4.4715838385244	

	
    Current index:	19501	
    Magnitude of W_grad:	5.9479999999999	
    Magnitude of W:	49388.868525199	
    Magnitude of B_grad:	0.132	
    Magnitude of b:	4.6377341898483	

	
    Current index:	29501	
    Magnitude of W_grad:	8.8079999999999	
    Magnitude of W:	49362.214347435	
    Magnitude of B_grad:	0.516	
    Magnitude of b:	4.3414068515537	

	
    Current index:	39501	
    Magnitude of W_grad:	5.4719999999999	
    Magnitude of W:	49331.726930472	
    Magnitude of B_grad:	0.14	
    Magnitude of b:	4.6178802107951	

	
    Current index:	49501	
    Magnitude of W_grad:	6.4999999999998	
    Magnitude of W:	49305.099824562	
    Magnitude of B_grad:	0.324	
    Magnitude of b:	4.31346160497	

	
    Current index:	59501	
    Magnitude of W_grad:	7.7279999999998	
    Magnitude of W:	49274.392183913	
    Magnitude of B_grad:	0.42	
    Magnitude of b:	4.7436325218259	

	
    Current index:	69501	
    Magnitude of W_grad:	6.4679999999998	
    Magnitude of W:	49247.897029974	
    Magnitude of B_grad:	0.396	
    Magnitude of b:	4.7897004813217	

	
    Current index:	79501	
    Magnitude of W_grad:	7.4679999999998	
    Magnitude of W:	49217.2931569	
    Magnitude of B_grad:	0.428	
    Magnitude of b:	4.5557024462207	

	
    Current index:	89501	
    Magnitude of W_grad:	10.12	
    Magnitude of W:	49189.182920895	
    Magnitude of B_grad:	0.584	
    Magnitude of b:	4.5937218401906	

	
SGD: Hinge Loss is	
218696.43796428	
SGD: Validation Accuracy is:	
0.29155313351499	
SGD: Magnitude of W:	
49182.71357111	
SGD: Magnitude of b:	
3.3271067799055	
    Current index:	9501	
    Magnitude of W_grad:	7.4399999999999	
    Magnitude of W:	49157.812087017	
    Magnitude of B_grad:	0.416	
    Magnitude of b:	4.3748678440057	

	
    Current index:	19501	
    Magnitude of W_grad:	7.3599999999999	
    Magnitude of W:	49128.762142861	
    Magnitude of B_grad:	0.204	
    Magnitude of b:	4.7650072231455	

	
    Current index:	29501	
    Magnitude of W_grad:	6.7999999999998	
    Magnitude of W:	49099.884806943	
    Magnitude of B_grad:	0.348	
    Magnitude of b:	4.3297954704525	

	
    Current index:	39501	
    Magnitude of W_grad:	8.0759999999999	
    Magnitude of W:	49072.151558598	
    Magnitude of B_grad:	0.528	
    Magnitude of b:	4.5611518194801	

	
    Current index:	49501	
    Magnitude of W_grad:	4.8639999999999	
    Magnitude of W:	49045.376813867	
    Magnitude of B_grad:	0.116	
    Magnitude of b:	4.3818859400973	

	
    Current index:	59501	
    Magnitude of W_grad:	7.9039999999998	
    Magnitude of W:	49016.571016187	
    Magnitude of B_grad:	0.54	
    Magnitude of b:	4.4600423160903	

	
    Current index:	69501	
    Magnitude of W_grad:	7.3879999999998	
    Magnitude of W:	48986.596692044	
    Magnitude of B_grad:	0.24	
    Magnitude of b:	4.7781273637587	

	
    Current index:	79501	
    Magnitude of W_grad:	6.4039999999999	
    Magnitude of W:	48960.74703967	
    Magnitude of B_grad:	0.224	
    Magnitude of b:	4.6241593965853	

	
    Current index:	89501	
    Magnitude of W_grad:	8.788	
    Magnitude of W:	48934.534674469	
    Magnitude of B_grad:	0.524	
    Magnitude of b:	4.5901926144106	

	
SGD: Hinge Loss is	
174469.81998568	
SGD: Validation Accuracy is:	
0.3133514986376	
SGD: Magnitude of W:	
48925.431077783	
SGD: Magnitude of b:	
3.6217482995458	
    Current index:	9501	
    Magnitude of W_grad:	7.8359999999999	
    Magnitude of W:	48902.369464642	
    Magnitude of B_grad:	0.524	
    Magnitude of b:	3.9267735137154	

	
    Current index:	19501	
    Magnitude of W_grad:	8.6119999999999	
    Magnitude of W:	48874.724785896	
    Magnitude of B_grad:	0.4	
    Magnitude of b:	4.6769281396519	

	
    Current index:	29501	
    Magnitude of W_grad:	6.8039999999998	
    Magnitude of W:	48848.737497356	
    Magnitude of B_grad:	0.384	
    Magnitude of b:	4.259046138159	

	
    Current index:	39501	
    Magnitude of W_grad:	6.4919999999999	
    Magnitude of W:	48822.469238184	
    Magnitude of B_grad:	0.372	
    Magnitude of b:	4.6410041126686	

	
    Current index:	49501	
    Magnitude of W_grad:	7.2359999999998	
    Magnitude of W:	48796.012288716	
    Magnitude of B_grad:	0.408	
    Magnitude of b:	4.3805014843244	

	
    Current index:	59501	
    Magnitude of W_grad:	6.3759999999998	
    Magnitude of W:	48766.705776392	
    Magnitude of B_grad:	0.36	
    Magnitude of b:	4.3946649476037	

	
    Current index:	69501	
    Magnitude of W_grad:	5.5559999999999	
    Magnitude of W:	48735.935622819	
    Magnitude of B_grad:	0.24	
    Magnitude of b:	4.7127536591677	

	
    Current index:	79501	
    Magnitude of W_grad:	8.5079999999999	
    Magnitude of W:	48708.69118935	
    Magnitude of B_grad:	0.496	
    Magnitude of b:	4.7748088346568	

	
    Current index:	89501	
    Magnitude of W_grad:	5.9719999999999	
    Magnitude of W:	48681.938845675	
    Magnitude of B_grad:	0.328	
    Magnitude of b:	4.5728187028707	

	
SGD: Hinge Loss is	
173413.37987289	
SGD: Validation Accuracy is:	
0.29155313351499	
SGD: Magnitude of W:	
48670.988054222	
SGD: Magnitude of b:	
3.2948537357387	
    Current index:	9501	
    Magnitude of W_grad:	9.9679999999999	
    Magnitude of W:	48646.306239804	
    Magnitude of B_grad:	0.648	
    Magnitude of b:	4.4313350474905	

	
    Current index:	19501	
    Magnitude of W_grad:	7.4839999999998	
    Magnitude of W:	48620.269765314	
    Magnitude of B_grad:	0.312	
    Magnitude of b:	4.6055254976492	

	
    Current index:	29501	
    Magnitude of W_grad:	5.4319999999999	
    Magnitude of W:	48593.694624262	
    Magnitude of B_grad:	0.064	
    Magnitude of b:	4.3716728048	

	
    Current index:	39501	
    Magnitude of W_grad:	10.352	
    Magnitude of W:	48566.631316737	
    Magnitude of B_grad:	0.692	
    Magnitude of b:	4.5376681100519	

	
    Current index:	49501	
    Magnitude of W_grad:	5.6359999999999	
    Magnitude of W:	48538.975530473	
    Magnitude of B_grad:	0.288	
    Magnitude of b:	4.3337750557189	

	
    Current index:	59501	
    Magnitude of W_grad:	5.0039999999999	
    Magnitude of W:	48507.854517857	
    Magnitude of B_grad:	0.16	
    Magnitude of b:	4.499974375522	

	
    Current index:	69501	
    Magnitude of W_grad:	5.0399999999999	
    Magnitude of W:	48480.320771494	
    Magnitude of B_grad:	0.18	
    Magnitude of b:	4.6261045684921	

	
    Current index:	79501	
    Magnitude of W_grad:	7.0159999999998	
    Magnitude of W:	48455.115241009	
    Magnitude of B_grad:	0.336	
    Magnitude of b:	4.4161916406095	

	
    Current index:	89501	
    Magnitude of W_grad:	6.8039999999999	
    Magnitude of W:	48429.607613675	
    Magnitude of B_grad:	0.412	
    Magnitude of b:	4.3902366332696	

	
SGD: Hinge Loss is	
168507.70089552	
SGD: Validation Accuracy is:	
0.30881017257039	
SGD: Magnitude of W:	
48419.478732115	
SGD: Magnitude of b:	
3.3553745373317	
    Current index:	9501	
    Magnitude of W_grad:	5.4599999999999	
    Magnitude of W:	48392.516098276	
    Magnitude of B_grad:	0.24	
    Magnitude of b:	4.0588326458588	

	
    Current index:	19501	
    Magnitude of W_grad:	6.9559999999998	
    Magnitude of W:	48368.145001124	
    Magnitude of B_grad:	0.46	
    Magnitude of b:	4.1690511668044	

	
    Current index:	29501	
    Magnitude of W_grad:	8.4239999999999	
    Magnitude of W:	48343.350838884	
    Magnitude of B_grad:	0.504	
    Magnitude of b:	4.3470674070234	

	
    Current index:	39501	
    Magnitude of W_grad:	7.4719999999999	
    Magnitude of W:	48316.875670638	
    Magnitude of B_grad:	0.496	
    Magnitude of b:	4.4532873074451	

	
    Current index:	49501	
    Magnitude of W_grad:	6.1359999999999	
    Magnitude of W:	48292.65195861	
    Magnitude of B_grad:	0.328	
    Magnitude of b:	4.2552218882825	

	
    Current index:	59501	
    Magnitude of W_grad:	5.1679999999999	
    Magnitude of W:	48263.993027927	
    Magnitude of B_grad:	0.096	
    Magnitude of b:	4.5573949542364	

	
    Current index:	69501	
    Magnitude of W_grad:	6.0279999999998	
    Magnitude of W:	48235.735363436	
    Magnitude of B_grad:	0.156	
    Magnitude of b:	4.8274766885092	

	
    Current index:	79501	
    Magnitude of W_grad:	5.8919999999999	
    Magnitude of W:	48208.804295097	
    Magnitude of B_grad:	0.248	
    Magnitude of b:	4.5854879793307	

	
    Current index:	89501	
    Magnitude of W_grad:	9.044	
    Magnitude of W:	48183.733002919	
    Magnitude of B_grad:	0.532	
    Magnitude of b:	4.5035124254792	

	
SGD: Hinge Loss is	
181854.25832987	
SGD: Validation Accuracy is:	
0.30699364214351	
SGD: Magnitude of W:	
48176.453919394	
SGD: Magnitude of b:	
3.5202430179972	
    Current index:	9501	
    Magnitude of W_grad:	4.9199999999999	
    Magnitude of W:	48152.855898996	
    Magnitude of B_grad:	0.14	
    Magnitude of b:	4.1699186455353	

	
    Current index:	19501	
    Magnitude of W_grad:	7.6079999999999	
    Magnitude of W:	48126.084648101	
    Magnitude of B_grad:	0.296	
    Magnitude of b:	4.6880816712727	

	
    Current index:	29501	
    Magnitude of W_grad:	7.3119999999998	
    Magnitude of W:	48101.386742477	
    Magnitude of B_grad:	0.432	
    Magnitude of b:	4.1389674926974	

	
    Current index:	39501	
    Magnitude of W_grad:	5.4919999999999	
    Magnitude of W:	48075.291451003	
    Magnitude of B_grad:	0.292	
    Magnitude of b:	4.6123131753211	

	
    Current index:	49501	
    Magnitude of W_grad:	5.7799999999999	
    Magnitude of W:	48048.407273056	
    Magnitude of B_grad:	0.34	
    Magnitude of b:	4.3031553885703	

	
    Current index:	59501	
    Magnitude of W_grad:	8.3559999999999	
    Magnitude of W:	48021.084121147	
    Magnitude of B_grad:	0.512	
    Magnitude of b:	4.6133777055613	

	
    Current index:	69501	
    Magnitude of W_grad:	6.6159999999998	
    Magnitude of W:	47995.619927412	
    Magnitude of B_grad:	0.196	
    Magnitude of b:	4.6994835437878	

	
    Current index:	79501	
    Magnitude of W_grad:	9	
    Magnitude of W:	47968.636904354	
    Magnitude of B_grad:	0.512	
    Magnitude of b:	4.6815368737668	

	
    Current index:	89501	
    Magnitude of W_grad:	7.5759999999999	
    Magnitude of W:	47942.882696927	
    Magnitude of B_grad:	0.52	
    Magnitude of b:	4.3595782170826	

	
SGD: Hinge Loss is	
167053.56960701	
SGD: Validation Accuracy is:	
0.29881925522253	
SGD: Magnitude of W:	
47934.347562082	
SGD: Magnitude of b:	
3.3204694365486	
    Current index:	9501	
    Magnitude of W_grad:	8.2239999999999	
    Magnitude of W:	47913.681880212	
    Magnitude of B_grad:	0.552	
    Magnitude of b:	3.7881989853468	

	
    Current index:	19501	
    Magnitude of W_grad:	7.3279999999998	
    Magnitude of W:	47886.829852326	
    Magnitude of B_grad:	0.324	
    Magnitude of b:	4.6983970960609	

	
    Current index:	29501	
    Magnitude of W_grad:	6.9519999999998	
    Magnitude of W:	47862.308055614	
    Magnitude of B_grad:	0.352	
    Magnitude of b:	4.096564201845	

	
    Current index:	39501	
    Magnitude of W_grad:	10.108	
    Magnitude of W:	47836.122242277	
    Magnitude of B_grad:	0.648	
    Magnitude of b:	4.5293078671649	

	
    Current index:	49501	
    Magnitude of W_grad:	4.8759999999999	
    Magnitude of W:	47810.393795559	
    Magnitude of B_grad:	0.188	
    Magnitude of b:	4.2794337347966	

	
    Current index:	59501	
    Magnitude of W_grad:	7.7519999999998	
    Magnitude of W:	47782.279965171	
    Magnitude of B_grad:	0.572	
    Magnitude of b:	4.309667039069	

	
    Current index:	69501	
    Magnitude of W_grad:	6.4999999999998	
    Magnitude of W:	47754.942330825	
    Magnitude of B_grad:	0.244	
    Magnitude of b:	4.707797193453	

	
    Current index:	79501	
    Magnitude of W_grad:	4.5759999999999	
    Magnitude of W:	47727.805937522	
    Magnitude of B_grad:	0.132	
    Magnitude of b:	4.4658763641729	

	
    Current index:	89501	
    Magnitude of W_grad:	5.9359999999999	
    Magnitude of W:	47703.771427826	
    Magnitude of B_grad:	0.288	
    Magnitude of b:	4.4559192712078	

	
SGD: Hinge Loss is	
162924.07157219	
SGD: Validation Accuracy is:	
0.30790190735695	
SGD: Magnitude of W:	
47693.982068467	
SGD: Magnitude of b:	
3.5698179191423	
    Current index:	9501	
    Magnitude of W_grad:	10.148	
    Magnitude of W:	47672.848318641	
    Magnitude of B_grad:	0.624	
    Magnitude of b:	4.3515096655173	

	
    Current index:	19501	
    Magnitude of W_grad:	4.9959999999999	
    Magnitude of W:	47648.011918645	
    Magnitude of B_grad:	0.092	
    Magnitude of b:	4.4537294338765	

	
    Current index:	29501	
    Magnitude of W_grad:	6.5839999999998	
    Magnitude of W:	47624.498067546	
    Magnitude of B_grad:	0.44	
    Magnitude of b:	4.1078855430326	

	
    Current index:	39501	
    Magnitude of W_grad:	9.816	
    Magnitude of W:	47599.114988212	
    Magnitude of B_grad:	0.684	
    Magnitude of b:	4.4106561021131	

	
    Current index:	49501	
    Magnitude of W_grad:	6.2119999999998	
    Magnitude of W:	47573.092123692	
    Magnitude of B_grad:	0.328	
    Magnitude of b:	4.152801903227	

	
    Current index:	59501	
    Magnitude of W_grad:	7.4479999999999	
    Magnitude of W:	47544.956837943	
    Magnitude of B_grad:	0.456	
    Magnitude of b:	4.4139263496149	

	
    Current index:	69501	
    Magnitude of W_grad:	7.3759999999998	
    Magnitude of W:	47521.617288233	
    Magnitude of B_grad:	0.448	
    Magnitude of b:	4.661208966072	

	
    Current index:	79501	
    Magnitude of W_grad:	9.3	
    Magnitude of W:	47497.892636905	
    Magnitude of B_grad:	0.616	
    Magnitude of b:	4.5231551676979	

	
    Current index:	89501	
    Magnitude of W_grad:	10.476	
    Magnitude of W:	47473.650399967	
    Magnitude of B_grad:	0.66	
    Magnitude of b:	4.4894031448337	

	
SGD: Hinge Loss is	
186191.82000515	
SGD: Validation Accuracy is:	
0.30699364214351	
SGD: Magnitude of W:	
47467.593815823	
SGD: Magnitude of b:	
3.3129893894228	
    Current index:	9501	
    Magnitude of W_grad:	5.7559999999999	
    Magnitude of W:	47444.114548029	
    Magnitude of B_grad:	0.288	
    Magnitude of b:	4.2537046775725	

	
    Current index:	19501	
    Magnitude of W_grad:	6.0719999999999	
    Magnitude of W:	47419.082488096	
    Magnitude of B_grad:	0.38	
    Magnitude of b:	4.2759151376262	

	
    Current index:	29501	
    Magnitude of W_grad:	8.3159999999999	
    Magnitude of W:	47394.248070654	
    Magnitude of B_grad:	0.5	
    Magnitude of b:	4.0518490754886	

	
    Current index:	39501	
    Magnitude of W_grad:	7.9639999999998	
    Magnitude of W:	47370.197815002	
    Magnitude of B_grad:	0.524	
    Magnitude of b:	4.3442696432823	

	
    Current index:	49501	
    Magnitude of W_grad:	4.8959999999999	
    Magnitude of W:	47344.424417486	
    Magnitude of B_grad:	0.128	
    Magnitude of b:	4.0881822959601	

	
    Current index:	59501	
    Magnitude of W_grad:	9.2199999999999	
    Magnitude of W:	47318.583971901	
    Magnitude of B_grad:	0.56	
    Magnitude of b:	4.6064627933667	

	
    Current index:	69501	
    Magnitude of W_grad:	7.2239999999998	
    Magnitude of W:	47292.478830272	
    Magnitude of B_grad:	0.304	
    Magnitude of b:	4.5406124324531	

	
    Current index:	79501	
    Magnitude of W_grad:	5.7919999999999	
    Magnitude of W:	47269.008714534	
    Magnitude of B_grad:	0.1	
    Magnitude of b:	4.4747230435546	

	
    Current index:	89501	
    Magnitude of W_grad:	6.7959999999999	
    Magnitude of W:	47245.593234366	
    Magnitude of B_grad:	0.384	
    Magnitude of b:	4.464830189604	

	
SGD: Hinge Loss is	
165359.43966216	
SGD: Validation Accuracy is:	
0.31425976385104	
SGD: Magnitude of W:	
47237.138233466	
SGD: Magnitude of b:	
3.4700806237024	
    Current index:	9501	
    Magnitude of W_grad:	8.3039999999999	
    Magnitude of W:	47216.874140213	
    Magnitude of B_grad:	0.576	
    Magnitude of b:	3.7959785121942	

	
    Current index:	19501	
    Magnitude of W_grad:	6.5319999999998	
    Magnitude of W:	47196.513078771	
    Magnitude of B_grad:	0.408	
    Magnitude of b:	4.338186971182	

	
    Current index:	29501	
    Magnitude of W_grad:	5.7839999999999	
    Magnitude of W:	47170.609576924	
    Magnitude of B_grad:	0.32	
    Magnitude of b:	4.0883709136128	

	
    Current index:	39501	
    Magnitude of W_grad:	8.4599999999999	
    Magnitude of W:	47146.465054443	
    Magnitude of B_grad:	0.636	
    Magnitude of b:	4.4384200972578	

	
    Current index:	49501	
    Magnitude of W_grad:	6.9759999999998	
    Magnitude of W:	47123.421684131	
    Magnitude of B_grad:	0.456	
    Magnitude of b:	4.2531507233098	

	
    Current index:	59501	
    Magnitude of W_grad:	6.9799999999998	
    Magnitude of W:	47096.479384917	
    Magnitude of B_grad:	0.376	
    Magnitude of b:	4.475363983579	

	
    Current index:	69501	
    Magnitude of W_grad:	5.5039999999999	
    Magnitude of W:	47071.58190166	
    Magnitude of B_grad:	0.076	
    Magnitude of b:	4.6815079407306	

	
    Current index:	79501	
    Magnitude of W_grad:	8.3519999999999	
    Magnitude of W:	47046.507623368	
    Magnitude of B_grad:	0.508	
    Magnitude of b:	4.6476034711873	

	
    Current index:	89501	
    Magnitude of W_grad:	5.7919999999999	
    Magnitude of W:	47021.562485012	
    Magnitude of B_grad:	0.316	
    Magnitude of b:	4.5176767441593	

	
SGD: Hinge Loss is	
160855.83465578	
SGD: Validation Accuracy is:	
0.30608537693006	
SGD: Magnitude of W:	
47012.986763645	
SGD: Magnitude of b:	
3.5149200258943	
    Current index:	9501	
    Magnitude of W_grad:	7.4559999999999	
    Magnitude of W:	46992.59707804	
    Magnitude of B_grad:	0.46	
    Magnitude of b:	3.815426248401	

	
    Current index:	19501	
    Magnitude of W_grad:	8.9919999999999	
    Magnitude of W:	46968.610863809	
    Magnitude of B_grad:	0.452	
    Magnitude of b:	4.6216515236214	

	
    Current index:	29501	
    Magnitude of W_grad:	5.3759999999999	
    Magnitude of W:	46945.166633218	
    Magnitude of B_grad:	0.292	
    Magnitude of b:	4.0678719227262	

	
    Current index:	39501	
    Magnitude of W_grad:	9.176	
    Magnitude of W:	46920.585296293	
    Magnitude of B_grad:	0.624	
    Magnitude of b:	4.4419226867578	

	
    Current index:	49501	
    Magnitude of W_grad:	5.5279999999999	
    Magnitude of W:	46896.41492588	
    Magnitude of B_grad:	0.336	
    Magnitude of b:	4.1061325304559	

	
    Current index:	59501	
    Magnitude of W_grad:	7.8279999999998	
    Magnitude of W:	46868.656001428	
    Magnitude of B_grad:	0.568	
    Magnitude of b:	4.2003985192581	

	
    Current index:	69501	
    Magnitude of W_grad:	6.4639999999998	
    Magnitude of W:	46842.21090146	
    Magnitude of B_grad:	0.472	
    Magnitude of b:	4.494566299524	

	
    Current index:	79501	
    Magnitude of W_grad:	6.4999999999998	
    Magnitude of W:	46817.157132341	
    Magnitude of B_grad:	0.284	
    Magnitude of b:	4.3646991448802	

	
    Current index:	89501	
    Magnitude of W_grad:	7.8399999999999	
    Magnitude of W:	46794.468344006	
    Magnitude of B_grad:	0.536	
    Magnitude of b:	4.2187888699924	

	
SGD: Hinge Loss is	
156361.53787626	
SGD: Validation Accuracy is:	
0.30517711171662	
SGD: Magnitude of W:	
46786.02614198	
SGD: Magnitude of b:	
3.3270408827719	
    Current index:	9501	
    Magnitude of W_grad:	11.184	
    Magnitude of W:	46763.260342938	
    Magnitude of B_grad:	0.692	
    Magnitude of b:	4.2934187592686	

	
    Current index:	19501	
    Magnitude of W_grad:	7.1159999999998	
    Magnitude of W:	46743.297748111	
    Magnitude of B_grad:	0.496	
    Magnitude of b:	4.0275811415267	

	
    Current index:	29501	
    Magnitude of W_grad:	6.4679999999999	
    Magnitude of W:	46720.508524884	
    Magnitude of B_grad:	0.324	
    Magnitude of b:	4.3137894362656	

	
    Current index:	39501	
    Magnitude of W_grad:	9.152	
    Magnitude of W:	46697.132512278	
    Magnitude of B_grad:	0.704	
    Magnitude of b:	4.2478824461193	

	
    Current index:	49501	
    Magnitude of W_grad:	6.2679999999999	
    Magnitude of W:	46674.203509873	
    Magnitude of B_grad:	0.364	
    Magnitude of b:	4.1821868265944	

	
    Current index:	59501	
    Magnitude of W_grad:	6.4919999999999	
    Magnitude of W:	46649.057652189	
    Magnitude of B_grad:	0.44	
    Magnitude of b:	4.2535044986332	

	
    Current index:	69501	
    Magnitude of W_grad:	6.1199999999998	
    Magnitude of W:	46623.519562926	
    Magnitude of B_grad:	0.344	
    Magnitude of b:	4.5385749370389	

	
    Current index:	79501	
    Magnitude of W_grad:	8.7919999999999	
    Magnitude of W:	46600.732482492	
    Magnitude of B_grad:	0.568	
    Magnitude of b:	4.384667959222	

	
    Current index:	89501	
    Magnitude of W_grad:	10.364	
    Magnitude of W:	46576.726914964	
    Magnitude of B_grad:	0.636	
    Magnitude of b:	4.566751541037	

	
SGD: Hinge Loss is	
163099.36429364	
SGD: Validation Accuracy is:	
0.32152588555858	
SGD: Magnitude of W:	
46569.794288427	
SGD: Magnitude of b:	
3.5696729169637	
    Current index:	9501	
    Magnitude of W_grad:	6.5879999999999	
    Magnitude of W:	46549.244208775	
    Magnitude of B_grad:	0.404	
    Magnitude of b:	4.1508362958156	

	
    Current index:	19501	
    Magnitude of W_grad:	7.1919999999999	
    Magnitude of W:	46523.680369238	
    Magnitude of B_grad:	0.312	
    Magnitude of b:	4.4530770327057	

	
    Current index:	29501	
    Magnitude of W_grad:	8.9	
    Magnitude of W:	46503.542834636	
    Magnitude of B_grad:	0.556	
    Magnitude of b:	4.1085882607793	

	
    Current index:	39501	
    Magnitude of W_grad:	9.26	
    Magnitude of W:	46478.777216057	
    Magnitude of B_grad:	0.62	
    Magnitude of b:	4.2267424535927	

	
    Current index:	49501	
    Magnitude of W_grad:	5.7399999999999	
    Magnitude of W:	46454.684117774	
    Magnitude of B_grad:	0.348	
    Magnitude of b:	4.088957090405	

	
    Current index:	59501	
    Magnitude of W_grad:	8.6799999999999	
    Magnitude of W:	46430.356952675	
    Magnitude of B_grad:	0.552	
    Magnitude of b:	4.3567207059905	

	
    Current index:	69501	
    Magnitude of W_grad:	6.7039999999998	
    Magnitude of W:	46410.025227119	
    Magnitude of B_grad:	0.468	
    Magnitude of b:	4.4534487639317	

	
    Current index:	79501	
    Magnitude of W_grad:	5.8639999999999	
    Magnitude of W:	46384.250920999	
    Magnitude of B_grad:	0.132	
    Magnitude of b:	4.3555831151894	

	
    Current index:	89501	
    Magnitude of W_grad:	6.4879999999999	
    Magnitude of W:	46361.46739633	
    Magnitude of B_grad:	0.388	
    Magnitude of b:	4.3217131364435	

	
SGD: Hinge Loss is	
153543.87126143	
SGD: Validation Accuracy is:	
0.31062670299728	
SGD: Magnitude of W:	
46352.266461499	
SGD: Magnitude of b:	
3.492640330073	
    Current index:	9501	
    Magnitude of W_grad:	8.5079999999999	
    Magnitude of W:	46332.844022019	
    Magnitude of B_grad:	0.576	
    Magnitude of b:	3.6906686856465	

	
    Current index:	19501	
    Magnitude of W_grad:	6.8799999999998	
    Magnitude of W:	46314.283322387	
    Magnitude of B_grad:	0.456	
    Magnitude of b:	4.1369052184511	

	
    Current index:	29501	
    Magnitude of W_grad:	6.9559999999998	
    Magnitude of W:	46292.201766491	
    Magnitude of B_grad:	0.448	
    Magnitude of b:	4.0231086771563	

	
    Current index:	39501	
    Magnitude of W_grad:	7.9199999999999	
    Magnitude of W:	46270.783994581	
    Magnitude of B_grad:	0.612	
    Magnitude of b:	4.3652052259796	

	
    Current index:	49501	
    Magnitude of W_grad:	6.0799999999999	
    Magnitude of W:	46248.991466349	
    Magnitude of B_grad:	0.364	
    Magnitude of b:	4.0678861710959	

	
    Current index:	59501	
    Magnitude of W_grad:	7.3879999999998	
    Magnitude of W:	46224.647795561	
    Magnitude of B_grad:	0.536	
    Magnitude of b:	4.2392123987776	

	
    Current index:	69501	
    Magnitude of W_grad:	7.4759999999998	
    Magnitude of W:	46201.738805421	
    Magnitude of B_grad:	0.3	
    Magnitude of b:	4.480353643258	

	
    Current index:	79501	
    Magnitude of W_grad:	8.2479999999999	
    Magnitude of W:	46180.729724343	
    Magnitude of B_grad:	0.524	
    Magnitude of b:	4.2704995696881	

	
    Current index:	89501	
    Magnitude of W_grad:	7.3239999999999	
    Magnitude of W:	46158.750946017	
    Magnitude of B_grad:	0.5	
    Magnitude of b:	4.3086163785204	

	
SGD: Hinge Loss is	
152854.6595192	
SGD: Validation Accuracy is:	
0.31425976385104	
SGD: Magnitude of W:	
46150.176352099	
SGD: Magnitude of b:	
3.3836984155929	
    Current index:	9501	
    Magnitude of W_grad:	9.2999999999999	
    Magnitude of W:	46127.670416651	
    Magnitude of B_grad:	0.584	
    Magnitude of b:	4.070095325694	

	
    Current index:	19501	
    Magnitude of W_grad:	8.6839999999999	
    Magnitude of W:	46106.363704149	
    Magnitude of B_grad:	0.428	
    Magnitude of b:	4.4755320225256	

	
    Current index:	29501	
    Magnitude of W_grad:	8.3119999999999	
    Magnitude of W:	46086.11726481	
    Magnitude of B_grad:	0.512	
    Magnitude of b:	4.0266355868469	

	
    Current index:	39501	
    Magnitude of W_grad:	8.816	
    Magnitude of W:	46063.021793249	
    Magnitude of B_grad:	0.608	
    Magnitude of b:	4.2088338524563	

	
    Current index:	49501	
    Magnitude of W_grad:	5.9959999999999	
    Magnitude of W:	46038.906440466	
    Magnitude of B_grad:	0.384	
    Magnitude of b:	4.1350540887316	

	
    Current index:	59501	
    Magnitude of W_grad:	9.0199999999999	
    Magnitude of W:	46014.125376142	
    Magnitude of B_grad:	0.536	
    Magnitude of b:	4.525332502147	

	
    Current index:	69501	
    Magnitude of W_grad:	6.9799999999998	
    Magnitude of W:	45994.739017524	
    Magnitude of B_grad:	0.444	
    Magnitude of b:	4.5235157769827	

	
    Current index:	79501	
    Magnitude of W_grad:	8.0399999999998	
    Magnitude of W:	45972.640429182	
    Magnitude of B_grad:	0.452	
    Magnitude of b:	4.4256425796276	

	
    Current index:	89501	
    Magnitude of W_grad:	8.0679999999999	
    Magnitude of W:	45950.749351711	
    Magnitude of B_grad:	0.496	
    Magnitude of b:	4.2957879556009	

	
SGD: Hinge Loss is	
178271.1312727	
SGD: Validation Accuracy is:	
0.32606721162579	
SGD: Magnitude of W:	
45945.01320052	
SGD: Magnitude of b:	
3.4952357157802	
    Current index:	9501	
    Magnitude of W_grad:	4.2879999999999	
    Magnitude of W:	45923.990858582	
    Magnitude of B_grad:	0.064	
    Magnitude of b:	4.1399181836884	

	
    Current index:	19501	
    Magnitude of W_grad:	6.5079999999999	
    Magnitude of W:	45903.701858072	
    Magnitude of B_grad:	0.408	
    Magnitude of b:	4.1461526489504	

	
    Current index:	29501	
    Magnitude of W_grad:	7.2279999999999	
    Magnitude of W:	45883.53507382	
    Magnitude of B_grad:	0.444	
    Magnitude of b:	4.0003692472058	

	
    Current index:	39501	
    Magnitude of W_grad:	7.6839999999999	
    Magnitude of W:	45863.360652314	
    Magnitude of B_grad:	0.584	
    Magnitude of b:	4.366470385944	

	
    Current index:	49501	
    Magnitude of W_grad:	6.0799999999999	
    Magnitude of W:	45842.526274341	
    Magnitude of B_grad:	0.344	
    Magnitude of b:	4.0545110411323	

	
    Current index:	59501	
    Magnitude of W_grad:	7.4999999999998	
    Magnitude of W:	45817.653434082	
    Magnitude of B_grad:	0.544	
    Magnitude of b:	4.1807977200971	

	
    Current index:	69501	
    Magnitude of W_grad:	7.3879999999998	
    Magnitude of W:	45794.431020247	
    Magnitude of B_grad:	0.36	
    Magnitude of b:	4.4589976320388	

	
    Current index:	79501	
    Magnitude of W_grad:	7.9839999999998	
    Magnitude of W:	45774.445483943	
    Magnitude of B_grad:	0.492	
    Magnitude of b:	4.2571530249642	

	
    Current index:	89501	
    Magnitude of W_grad:	7.3399999999999	
    Magnitude of W:	45753.850081863	
    Magnitude of B_grad:	0.512	
    Magnitude of b:	4.2952757066918	

	
SGD: Hinge Loss is	
153866.74929339	
SGD: Validation Accuracy is:	
0.30790190735695	
SGD: Magnitude of W:	
45745.419313228	
SGD: Magnitude of b:	
3.1773458712151	
    Current index:	9501	
    Magnitude of W_grad:	7.9479999999999	
    Magnitude of W:	45727.578587723	
    Magnitude of B_grad:	0.536	
    Magnitude of b:	3.6385913723967	

	
    Current index:	19501	
    Magnitude of W_grad:	5.0879999999999	
    Magnitude of W:	45708.118677585	
    Magnitude of B_grad:	0.172	
    Magnitude of b:	4.1888908311823	

	
    Current index:	29501	
    Magnitude of W_grad:	8.9439999999999	
    Magnitude of W:	45686.105052935	
    Magnitude of B_grad:	0.564	
    Magnitude of b:	4.076369580238	

	
    Current index:	39501	
    Magnitude of W_grad:	9.484	
    Magnitude of W:	45664.000792875	
    Magnitude of B_grad:	0.648	
    Magnitude of b:	4.0985934245808	

	
    Current index:	49501	
    Magnitude of W_grad:	5.5759999999999	
    Magnitude of W:	45639.710308009	
    Magnitude of B_grad:	0.352	
    Magnitude of b:	3.9928294862347	

	
    Current index:	59501	
    Magnitude of W_grad:	8.5159999999999	
    Magnitude of W:	45615.61594677	
    Magnitude of B_grad:	0.508	
    Magnitude of b:	4.4391360233265	

	
    Current index:	69501	
    Magnitude of W_grad:	7.7799999999998	
    Magnitude of W:	45596.854723906	
    Magnitude of B_grad:	0.564	
    Magnitude of b:	4.3893465557846	

	
    Current index:	79501	
    Magnitude of W_grad:	9.112	
    Magnitude of W:	45575.554219087	
    Magnitude of B_grad:	0.54	
    Magnitude of b:	4.5394965001369	

	
    Current index:	89501	
    Magnitude of W_grad:	8.916	
    Magnitude of W:	45553.525688798	
    Magnitude of B_grad:	0.56	
    Magnitude of b:	4.3616486043383	

	
SGD: Hinge Loss is	
160151.52782543	
SGD: Validation Accuracy is:	
0.33060853769301	
SGD: Magnitude of W:	
45547.32755233	
SGD: Magnitude of b:	
3.4970987813375	
    Current index:	9501	
    Magnitude of W_grad:	10.704	
    Magnitude of W:	45529.170207877	
    Magnitude of B_grad:	0.692	
    Magnitude of b:	4.3789737543903	

	
    Current index:	19501	
    Magnitude of W_grad:	10.176	
    Magnitude of W:	45509.528004815	
    Magnitude of B_grad:	0.556	
    Magnitude of b:	4.5612349411974	

	
    Current index:	29501	
    Magnitude of W_grad:	6.2239999999999	
    Magnitude of W:	45486.680610572	
    Magnitude of B_grad:	0.388	
    Magnitude of b:	3.9594579091124	

	
    Current index:	39501	
    Magnitude of W_grad:	7.5519999999999	
    Magnitude of W:	45466.30730908	
    Magnitude of B_grad:	0.564	
    Magnitude of b:	4.365569007795	

	
    Current index:	49501	
    Magnitude of W_grad:	5.8719999999999	
    Magnitude of W:	45446.173816259	
    Magnitude of B_grad:	0.36	
    Magnitude of b:	4.0484611319895	

	
    Current index:	59501	
    Magnitude of W_grad:	7.0959999999998	
    Magnitude of W:	45423.279689227	
    Magnitude of B_grad:	0.528	
    Magnitude of b:	4.1187603097563	

	
    Current index:	69501	
    Magnitude of W_grad:	7.1199999999998	
    Magnitude of W:	45401.192943397	
    Magnitude of B_grad:	0.28	
    Magnitude of b:	4.3409853603393	

	
    Current index:	79501	
    Magnitude of W_grad:	7.5639999999999	
    Magnitude of W:	45380.732800866	
    Magnitude of B_grad:	0.448	
    Magnitude of b:	4.1791735713096	

	
    Current index:	89501	
    Magnitude of W_grad:	7.4479999999999	
    Magnitude of W:	45359.414261143	
    Magnitude of B_grad:	0.536	
    Magnitude of b:	4.2493264928247	

	
SGD: Hinge Loss is	
144152.53379444	
SGD: Validation Accuracy is:	
0.3197093551317	
SGD: Magnitude of W:	
45351.353249065	
SGD: Magnitude of b:	
3.4397588117405	
    Current index:	9501	
    Magnitude of W_grad:	7.9039999999999	
    Magnitude of W:	45334.642635355	
    Magnitude of B_grad:	0.536	
    Magnitude of b:	3.5816471133857	

	
    Current index:	19501	
    Magnitude of W_grad:	6.2639999999998	
    Magnitude of W:	45316.828879739	
    Magnitude of B_grad:	0.4	
    Magnitude of b:	4.0279466328639	

	
    Current index:	29501	
    Magnitude of W_grad:	6.0239999999999	
    Magnitude of W:	45297.012337562	
    Magnitude of B_grad:	0.392	
    Magnitude of b:	4.0502133916857	

	
    Current index:	39501	
    Magnitude of W_grad:	5.1079999999999	
    Magnitude of W:	45272.810581679	
    Magnitude of B_grad:	0.092	
    Magnitude of b:	4.4323289520344	

	
    Current index:	49501	
    Magnitude of W_grad:	6.3999999999999	
    Magnitude of W:	45251.159903834	
    Magnitude of B_grad:	0.416	
    Magnitude of b:	3.983113797106	

	
    Current index:	59501	
    Magnitude of W_grad:	8.7479999999999	
    Magnitude of W:	45228.515096897	
    Magnitude of B_grad:	0.524	
    Magnitude of b:	4.4214374740421	

	
    Current index:	69501	
    Magnitude of W_grad:	6.4239999999998	
    Magnitude of W:	45208.601286517	
    Magnitude of B_grad:	0.42	
    Magnitude of b:	4.4196559104547	

	
    Current index:	79501	
    Magnitude of W_grad:	7.8599999999998	
    Magnitude of W:	45187.152242041	
    Magnitude of B_grad:	0.464	
    Magnitude of b:	4.4418098261723	

	
    Current index:	89501	
    Magnitude of W_grad:	8.2039999999999	
    Magnitude of W:	45164.769235446	
    Magnitude of B_grad:	0.512	
    Magnitude of b:	4.3119814502936	

	
SGD: Hinge Loss is	
163545.92895057	
SGD: Validation Accuracy is:	
0.32425068119891	
SGD: Magnitude of W:	
45158.572654461	
SGD: Magnitude of b:	
3.3640953536905	
    Current index:	9501	
    Magnitude of W_grad:	9.2119999999999	
    Magnitude of W:	45139.219293143	
    Magnitude of B_grad:	0.648	
    Magnitude of b:	4.1390500958749	

	
    Current index:	19501	
    Magnitude of W_grad:	7.4199999999998	
    Magnitude of W:	45119.181437574	
    Magnitude of B_grad:	0.34	
    Magnitude of b:	4.4653320998468	

	
    Current index:	29501	
    Magnitude of W_grad:	8.9839999999999	
    Magnitude of W:	45100.009050437	
    Magnitude of B_grad:	0.56	
    Magnitude of b:	3.9831661311761	

	
    Current index:	39501	
    Magnitude of W_grad:	9.18	
    Magnitude of W:	45078.99973001	
    Magnitude of B_grad:	0.636	
    Magnitude of b:	4.2537985065667	

	
    Current index:	49501	
    Magnitude of W_grad:	4.4079999999999	
    Magnitude of W:	45053.00080108	
    Magnitude of B_grad:	0.2	
    Magnitude of b:	3.9956480761958	

	
    Current index:	59501	
    Magnitude of W_grad:	7.3879999999999	
    Magnitude of W:	45028.307430036	
    Magnitude of B_grad:	0.524	
    Magnitude of b:	4.0739650311615	

	
    Current index:	69501	
    Magnitude of W_grad:	7.0519999999998	
    Magnitude of W:	45006.290993798	
    Magnitude of B_grad:	0.276	
    Magnitude of b:	4.2801991373013	

	
    Current index:	79501	
    Magnitude of W_grad:	9.656	
    Magnitude of W:	44987.2874314	
    Magnitude of B_grad:	0.688	
    Magnitude of b:	4.1993400855911	

	
    Current index:	89501	
    Magnitude of W_grad:	7.1199999999999	
    Magnitude of W:	44967.919422505	
    Magnitude of B_grad:	0.492	
    Magnitude of b:	4.1005986982673	

	
SGD: Hinge Loss is	
145464.0232522	
SGD: Validation Accuracy is:	
0.3133514986376	
SGD: Magnitude of W:	
44959.456483414	
SGD: Magnitude of b:	
3.2613790143552	
    Current index:	9501	
    Magnitude of W_grad:	7.8199999999999	
    Magnitude of W:	44940.400459987	
    Magnitude of B_grad:	0.536	
    Magnitude of b:	3.5626816188152	

	
    Current index:	19501	
    Magnitude of W_grad:	6.7199999999998	
    Magnitude of W:	44922.901088195	
    Magnitude of B_grad:	0.468	
    Magnitude of b:	3.921012140944	

	
    Current index:	29501	
    Magnitude of W_grad:	6.8959999999999	
    Magnitude of W:	44904.2091228	
    Magnitude of B_grad:	0.472	
    Magnitude of b:	3.8873110876196	

	
    Current index:	39501	
    Magnitude of W_grad:	7.1199999999999	
    Magnitude of W:	44883.71421485	
    Magnitude of B_grad:	0.552	
    Magnitude of b:	4.1814812085694	

	
    Current index:	49501	
    Magnitude of W_grad:	6.2999999999999	
    Magnitude of W:	44865.502222319	
    Magnitude of B_grad:	0.4	
    Magnitude of b:	4.0608358487596	

	
    Current index:	59501	
    Magnitude of W_grad:	4.6159999999999	
    Magnitude of W:	44841.553030978	
    Magnitude of B_grad:	0.168	
    Magnitude of b:	4.2191051269293	

	
    Current index:	69501	
    Magnitude of W_grad:	5.5559999999999	
    Magnitude of W:	44818.066984966	
    Magnitude of B_grad:	0.316	
    Magnitude of b:	4.4973081548504	

	
    Current index:	79501	
    Magnitude of W_grad:	7.5519999999998	
    Magnitude of W:	44797.334359157	
    Magnitude of B_grad:	0.416	
    Magnitude of b:	4.2874598257888	

	
    Current index:	89501	
    Magnitude of W_grad:	9.596	
    Magnitude of W:	44776.320865866	
    Magnitude of B_grad:	0.608	
    Magnitude of b:	4.3336327941996	

	
SGD: Hinge Loss is	
150263.6162268	
SGD: Validation Accuracy is:	
0.33242506811989	
SGD: Magnitude of W:	
44768.838346499	
SGD: Magnitude of b:	
3.5867576624701	
    Current index:	9501	
    Magnitude of W_grad:	5.8799999999999	
    Magnitude of W:	44746.781117749	
    Magnitude of B_grad:	0.36	
    Magnitude of b:	3.9004213865022	

	
    Current index:	19501	
    Magnitude of W_grad:	8.4399999999999	
    Magnitude of W:	44725.967819676	
    Magnitude of B_grad:	0.456	
    Magnitude of b:	4.4347031495051	

	
    Current index:	29501	
    Magnitude of W_grad:	8.8439999999999	
    Magnitude of W:	44707.322776949	
    Magnitude of B_grad:	0.548	
    Magnitude of b:	3.9338342797122	

	
    Current index:	39501	
    Magnitude of W_grad:	8.5439999999999	
    Magnitude of W:	44686.091041468	
    Magnitude of B_grad:	0.592	
    Magnitude of b:	4.1672389520412	

	
    Current index:	49501	
    Magnitude of W_grad:	6.0839999999999	
    Magnitude of W:	44663.662593275	
    Magnitude of B_grad:	0.436	
    Magnitude of b:	3.8743969909927	

	
    Current index:	59501	
    Magnitude of W_grad:	9.4959999999999	
    Magnitude of W:	44642.738162513	
    Magnitude of B_grad:	0.576	
    Magnitude of b:	4.3927558372255	

	
    Current index:	69501	
    Magnitude of W_grad:	7.5439999999998	
    Magnitude of W:	44622.282431673	
    Magnitude of B_grad:	0.396	
    Magnitude of b:	4.2949950723634	

	
    Current index:	79501	
    Magnitude of W_grad:	8.4919999999999	
    Magnitude of W:	44603.073092632	
    Magnitude of B_grad:	0.58	
    Magnitude of b:	4.0052210501875	

	
    Current index:	89501	
    Magnitude of W_grad:	7.1359999999999	
    Magnitude of W:	44583.239519347	
    Magnitude of B_grad:	0.5	
    Magnitude of b:	4.0194462424603	

	
Done.	
Testing on validation set...	
Done	
Datafile:	/n/home09/ankitgupta/CS287/HW1/SST1-uni-sent.hdf5	Classifier:	hinge	Alpha:	0	Eta:	2	Lambda:	1	Minibatch size:	500	Num Epochs:	50	Minimum Sentence Length:	5	
Accuracy:	0.32788374205268	
