[?1034hDatafile:	/n/home09/ankitgupta/CS287/HW1/SST1-uni-syns.hdf5	Classifier:	hinge	Alpha:	0	Eta:	0.5	Lambda:	10	Minibatch size:	500	Num Epochs:	15	Minimum Sentence Length:	0	
Note that not all parameters may apply to all classifiers	
Loading datafiles...	
Number of training samples before removing small sentences	156817	
Number of training samples after removing small sentences	156817	
Done.	
Training classifier...	
Parameters are:	
Eta:	
0.5	
Lambda:	
10	
Minibatch size:	
500	
Number of Epochs	
15	
SGD: Hinge Loss is	
3444714.0362859	
SGD: Validation Accuracy is:	
0.23433242506812	
SGD: Magnitude of W:	
184573.59654883	
SGD: Magnitude of b:	
1.139323545304	
    Current index:	9501	
    Magnitude of W_grad:	38.432000000001	
    Magnitude of W:	184414.13804296	
    Magnitude of B_grad:	0.3	
    Magnitude of b:	5.0479179005834	

	
    Current index:	19501	
    Magnitude of W_grad:	39.588000000001	
    Magnitude of W:	184260.68144192	
    Magnitude of B_grad:	0.28	
    Magnitude of b:	6.9800274598837	

	
    Current index:	29501	
    Magnitude of W_grad:	49.268000000002	
    Magnitude of W:	184109.02771292	
    Magnitude of B_grad:	0.176	
    Magnitude of b:	8.033206940887	

	
    Current index:	39501	
    Magnitude of W_grad:	43.860000000002	
    Magnitude of W:	183957.95867471	
    Magnitude of B_grad:	0.148	
    Magnitude of b:	9.1137133653324	

	
    Current index:	49501	
    Magnitude of W_grad:	34.628000000001	
    Magnitude of W:	183809.03444422	
    Magnitude of B_grad:	0.26	
    Magnitude of b:	9.7957176452033	

	
    Current index:	59501	
    Magnitude of W_grad:	34.968	
    Magnitude of W:	183658.86414294	
    Magnitude of B_grad:	0.096	
    Magnitude of b:	10.185382281286	

	
    Current index:	69501	
    Magnitude of W_grad:	37.276000000001	
    Magnitude of W:	183510.93577457	
    Magnitude of B_grad:	0.064	
    Magnitude of b:	10.544737948212	

	
    Current index:	79501	
    Magnitude of W_grad:	33.376	
    Magnitude of W:	183363.25578133	
    Magnitude of B_grad:	0.116	
    Magnitude of b:	10.939861399755	

	
    Current index:	89501	
    Magnitude of W_grad:	48.212000000001	
    Magnitude of W:	183213.51125027	
    Magnitude of B_grad:	0.2	
    Magnitude of b:	9.9353045238372	

	
    Current index:	99501	
    Magnitude of W_grad:	43.252000000001	
    Magnitude of W:	183065.21960145	
    Magnitude of B_grad:	0.148	
    Magnitude of b:	9.8190523154752	

	
    Current index:	109501	
    Magnitude of W_grad:	43.868000000002	
    Magnitude of W:	182917.77849492	
    Magnitude of B_grad:	0.16	
    Magnitude of b:	10.578866791614	

	
    Current index:	119501	
    Magnitude of W_grad:	49.112000000001	
    Magnitude of W:	182770.37110301	
    Magnitude of B_grad:	0.036	
    Magnitude of b:	10.744095805533	

	
    Current index:	129501	
    Magnitude of W_grad:	44.864000000001	
    Magnitude of W:	182624.30634342	
    Magnitude of B_grad:	0.1	
    Magnitude of b:	11.033190413159	

	
    Current index:	139501	
    Magnitude of W_grad:	50.040000000002	
    Magnitude of W:	182479.34846612	
    Magnitude of B_grad:	0.328	
    Magnitude of b:	11.156002096871	

	
    Current index:	149501	
    Magnitude of W_grad:	39.548000000001	
    Magnitude of W:	182333.56404058	
    Magnitude of B_grad:	0.152	
    Magnitude of b:	11.434803071163	

	
SGD: Hinge Loss is	
2939202.9480996	
SGD: Validation Accuracy is:	
0.26339691189827	
SGD: Magnitude of W:	
182233.63537998	
SGD: Magnitude of b:	
10.909774354928	
    Current index:	9501	
    Magnitude of W_grad:	37.18	
    Magnitude of W:	182091.17589314	
    Magnitude of B_grad:	0.18	
    Magnitude of b:	10.580912786867	

	
    Current index:	19501	
    Magnitude of W_grad:	37.62	
    Magnitude of W:	181948.3205384	
    Magnitude of B_grad:	0.228	
    Magnitude of b:	10.395903878409	

	
    Current index:	29501	
    Magnitude of W_grad:	45.464000000001	
    Magnitude of W:	181807.91167923	
    Magnitude of B_grad:	0.132	
    Magnitude of b:	10.699171304233	

	
    Current index:	39501	
    Magnitude of W_grad:	40.644000000002	
    Magnitude of W:	181669.01153029	
    Magnitude of B_grad:	0.112	
    Magnitude of b:	11.070173803675	

	
    Current index:	49501	
    Magnitude of W_grad:	38.2	
    Magnitude of W:	181528.92636698	
    Magnitude of B_grad:	0.28	
    Magnitude of b:	11.165098983405	

	
    Current index:	59501	
    Magnitude of W_grad:	30.008	
    Magnitude of W:	181388.67600958	
    Magnitude of B_grad:	0.064	
    Magnitude of b:	11.211988515549	

	
    Current index:	69501	
    Magnitude of W_grad:	38.704	
    Magnitude of W:	181249.21886212	
    Magnitude of B_grad:	0.08	
    Magnitude of b:	11.434746533223	

	
    Current index:	79501	
    Magnitude of W_grad:	32.26	
    Magnitude of W:	181109.0744922	
    Magnitude of B_grad:	0.132	
    Magnitude of b:	11.605347178186	

	
    Current index:	89501	
    Magnitude of W_grad:	47.364000000001	
    Magnitude of W:	180969.66372942	
    Magnitude of B_grad:	0.256	
    Magnitude of b:	11.379687169098	

	
    Current index:	99501	
    Magnitude of W_grad:	37.696	
    Magnitude of W:	180828.76218732	
    Magnitude of B_grad:	0.236	
    Magnitude of b:	11.138537130495	

	
    Current index:	109501	
    Magnitude of W_grad:	41.436000000002	
    Magnitude of W:	180688.92094433	
    Magnitude of B_grad:	0.144	
    Magnitude of b:	11.429335602036	

	
    Current index:	119501	
    Magnitude of W_grad:	45.316000000001	
    Magnitude of W:	180548.86274642	
    Magnitude of B_grad:	0.076	
    Magnitude of b:	11.44206650634	

	
    Current index:	129501	
    Magnitude of W_grad:	42.044000000001	
    Magnitude of W:	180410.1752704	
    Magnitude of B_grad:	0.128	
    Magnitude of b:	11.618737076157	

	
    Current index:	139501	
    Magnitude of W_grad:	43.504000000002	
    Magnitude of W:	180272.4956882	
    Magnitude of B_grad:	0.292	
    Magnitude of b:	11.599317660792	

	
    Current index:	149501	
    Magnitude of W_grad:	37.168	
    Magnitude of W:	180132.84729098	
    Magnitude of B_grad:	0.148	
    Magnitude of b:	11.825862227442	

	
SGD: Hinge Loss is	
2782215.1870374	
SGD: Validation Accuracy is:	
0.27338782924614	
SGD: Magnitude of W:	
180037.32372193	
SGD: Magnitude of b:	
11.219212733913	
    Current index:	9501	
    Magnitude of W_grad:	34.704	
    Magnitude of W:	179900.6531518	
    Magnitude of B_grad:	0.176	
    Magnitude of b:	10.860162699709	

	
    Current index:	19501	
    Magnitude of W_grad:	36.364	
    Magnitude of W:	179763.28204884	
    Magnitude of B_grad:	0.272	
    Magnitude of b:	10.559347614695	

	
    Current index:	29501	
    Magnitude of W_grad:	43.076000000001	
    Magnitude of W:	179628.75605395	
    Magnitude of B_grad:	0.056	
    Magnitude of b:	10.565511910465	

	
    Current index:	39501	
    Magnitude of W_grad:	38.704000000002	
    Magnitude of W:	179495.18709486	
    Magnitude of B_grad:	0.136	
    Magnitude of b:	10.895725060693	

	
    Current index:	49501	
    Magnitude of W_grad:	38.876000000001	
    Magnitude of W:	179360.22211039	
    Magnitude of B_grad:	0.224	
    Magnitude of b:	11.124725428686	

	
    Current index:	59501	
    Magnitude of W_grad:	27.448	
    Magnitude of W:	179226.13244882	
    Magnitude of B_grad:	0.072	
    Magnitude of b:	10.921729442458	

	
    Current index:	69501	
    Magnitude of W_grad:	39.324000000001	
    Magnitude of W:	179091.60737697	
    Magnitude of B_grad:	0.124	
    Magnitude of b:	11.286645844281	

	
    Current index:	79501	
    Magnitude of W_grad:	32.816	
    Magnitude of W:	178956.70641163	
    Magnitude of B_grad:	0.108	
    Magnitude of b:	11.459377049046	

	
    Current index:	89501	
    Magnitude of W_grad:	43.084000000001	
    Magnitude of W:	178822.11831718	
    Magnitude of B_grad:	0.276	
    Magnitude of b:	11.298115771917	

	
    Current index:	99501	
    Magnitude of W_grad:	38.440000000001	
    Magnitude of W:	178685.4421751	
    Magnitude of B_grad:	0.264	
    Magnitude of b:	11.101007726306	

	
    Current index:	109501	
    Magnitude of W_grad:	39.496000000001	
    Magnitude of W:	178549.80343554	
    Magnitude of B_grad:	0.164	
    Magnitude of b:	11.367831271777	

	
    Current index:	119501	
    Magnitude of W_grad:	45.112000000001	
    Magnitude of W:	178413.724415	
    Magnitude of B_grad:	0.08	
    Magnitude of b:	11.342610947892	

	
    Current index:	129501	
    Magnitude of W_grad:	39.620000000001	
    Magnitude of W:	178280.43369362	
    Magnitude of B_grad:	0.104	
    Magnitude of b:	11.485364810727	

	
    Current index:	139501	
    Magnitude of W_grad:	41.720000000002	
    Magnitude of W:	178147.34012839	
    Magnitude of B_grad:	0.288	
    Magnitude of b:	11.446030482764	

	
    Current index:	149501	
    Magnitude of W_grad:	37.680000000001	
    Magnitude of W:	178012.76980579	
    Magnitude of B_grad:	0.168	
    Magnitude of b:	11.702668368816	

	
SGD: Hinge Loss is	
2666858.0593835	
SGD: Validation Accuracy is:	
0.28428701180745	
SGD: Magnitude of W:	
177920.60873458	
SGD: Magnitude of b:	
11.088923553049	
    Current index:	9501	
    Magnitude of W_grad:	33.836	
    Magnitude of W:	177788.63913621	
    Magnitude of B_grad:	0.176	
    Magnitude of b:	10.701971624619	

	
    Current index:	19501	
    Magnitude of W_grad:	35.968	
    Magnitude of W:	177655.83631583	
    Magnitude of B_grad:	0.284	
    Magnitude of b:	10.425253623639	

	
    Current index:	29501	
    Magnitude of W_grad:	42.872000000001	
    Magnitude of W:	177525.28009432	
    Magnitude of B_grad:	0.056	
    Magnitude of b:	10.44858152469	

	
    Current index:	39501	
    Magnitude of W_grad:	36.836000000002	
    Magnitude of W:	177395.67255636	
    Magnitude of B_grad:	0.144	
    Magnitude of b:	10.729806890691	

	
    Current index:	49501	
    Magnitude of W_grad:	35.780000000001	
    Magnitude of W:	177264.73060686	
    Magnitude of B_grad:	0.184	
    Magnitude of b:	10.906925463033	

	
    Current index:	59501	
    Magnitude of W_grad:	25.76	
    Magnitude of W:	177134.13397628	
    Magnitude of B_grad:	0.132	
    Magnitude of b:	10.744052575513	

	
    Current index:	69501	
    Magnitude of W_grad:	37.816000000001	
    Magnitude of W:	177003.07769027	
    Magnitude of B_grad:	0.1	
    Magnitude of b:	11.117074085556	

	
    Current index:	79501	
    Magnitude of W_grad:	31.592	
    Magnitude of W:	176871.25828903	
    Magnitude of B_grad:	0.12	
    Magnitude of b:	11.235921615941	

	
    Current index:	89501	
    Magnitude of W_grad:	42.576000000001	
    Magnitude of W:	176740.34630504	
    Magnitude of B_grad:	0.248	
    Magnitude of b:	11.070810249577	

	
    Current index:	99501	
    Magnitude of W_grad:	37.996	
    Magnitude of W:	176607.36905237	
    Magnitude of B_grad:	0.28	
    Magnitude of b:	10.857849278557	

	
    Current index:	109501	
    Magnitude of W_grad:	37.836000000001	
    Magnitude of W:	176475.52731884	
    Magnitude of B_grad:	0.144	
    Magnitude of b:	11.112830067543	

	
    Current index:	119501	
    Magnitude of W_grad:	43.096000000001	
    Magnitude of W:	176343.42439062	
    Magnitude of B_grad:	0.088	
    Magnitude of b:	11.059780593004	

	
    Current index:	129501	
    Magnitude of W_grad:	39.200000000001	
    Magnitude of W:	176214.12160269	
    Magnitude of B_grad:	0.056	
    Magnitude of b:	11.238702835999	

	
    Current index:	139501	
    Magnitude of W_grad:	43.404000000001	
    Magnitude of W:	176085.15812938	
    Magnitude of B_grad:	0.264	
    Magnitude of b:	11.11554902358	

	
    Current index:	149501	
    Magnitude of W_grad:	35.08	
    Magnitude of W:	175953.87647539	
    Magnitude of B_grad:	0.156	
    Magnitude of b:	11.374397269928	

	
SGD: Hinge Loss is	
2571473.9750428	
SGD: Validation Accuracy is:	
0.29064486830154	
SGD: Magnitude of W:	
175863.98260336	
SGD: Magnitude of b:	
10.769952766335	
    Current index:	9501	
    Magnitude of W_grad:	33.02	
    Magnitude of W:	175735.67656857	
    Magnitude of B_grad:	0.172	
    Magnitude of b:	10.363205264367	

	
    Current index:	19501	
    Magnitude of W_grad:	32.02	
    Magnitude of W:	175606.08492326	
    Magnitude of B_grad:	0.248	
    Magnitude of b:	10.170670072554	

	
    Current index:	29501	
    Magnitude of W_grad:	42.156000000001	
    Magnitude of W:	175479.33760292	
    Magnitude of B_grad:	0.008	
    Magnitude of b:	10.15417563398	

	
    Current index:	39501	
    Magnitude of W_grad:	34.236000000001	
    Magnitude of W:	175352.51996107	
    Magnitude of B_grad:	0.152	
    Magnitude of b:	10.41960136842	

	
    Current index:	49501	
    Magnitude of W_grad:	33.576000000001	
    Magnitude of W:	175224.87855848	
    Magnitude of B_grad:	0.168	
    Magnitude of b:	10.576919544282	

	
    Current index:	59501	
    Magnitude of W_grad:	25.952	
    Magnitude of W:	175097.11599783	
    Magnitude of B_grad:	0.148	
    Magnitude of b:	10.47823274262	

	
    Current index:	69501	
    Magnitude of W_grad:	37.048000000001	
    Magnitude of W:	174969.04043046	
    Magnitude of B_grad:	0.104	
    Magnitude of b:	10.829431679735	

	
    Current index:	79501	
    Magnitude of W_grad:	28.664	
    Magnitude of W:	174840.38207043	
    Magnitude of B_grad:	0.14	
    Magnitude of b:	10.914469530191	

	
    Current index:	89501	
    Magnitude of W_grad:	41.376000000001	
    Magnitude of W:	174713.29099168	
    Magnitude of B_grad:	0.232	
    Magnitude of b:	10.737571503162	

	
    Current index:	99501	
    Magnitude of W_grad:	37.26	
    Magnitude of W:	174583.46688091	
    Magnitude of B_grad:	0.236	
    Magnitude of b:	10.524821694414	

	
    Current index:	109501	
    Magnitude of W_grad:	37.44	
    Magnitude of W:	174455.15026769	
    Magnitude of B_grad:	0.108	
    Magnitude of b:	10.734026708067	

	
    Current index:	119501	
    Magnitude of W_grad:	41.840000000001	
    Magnitude of W:	174326.18825286	
    Magnitude of B_grad:	0.096	
    Magnitude of b:	10.703216931846	

	
    Current index:	129501	
    Magnitude of W_grad:	38.072000000001	
    Magnitude of W:	174199.7427879	
    Magnitude of B_grad:	0.072	
    Magnitude of b:	10.854365653753	

	
    Current index:	139501	
    Magnitude of W_grad:	42.560000000001	
    Magnitude of W:	174073.52877138	
    Magnitude of B_grad:	0.224	
    Magnitude of b:	10.74745219991	

	
    Current index:	149501	
    Magnitude of W_grad:	35.012000000001	
    Magnitude of W:	173945.32551794	
    Magnitude of B_grad:	0.148	
    Magnitude of b:	11.034525541821	

	
SGD: Hinge Loss is	
2487559.0943463	
SGD: Validation Accuracy is:	
0.29881925522253	
SGD: Magnitude of W:	
173857.54308059	
SGD: Magnitude of b:	
10.439387037694	
    Current index:	9501	
    Magnitude of W_grad:	31.812	
    Magnitude of W:	173731.38976502	
    Magnitude of B_grad:	0.144	
    Magnitude of b:	10.05884912177	

	
    Current index:	19501	
    Magnitude of W_grad:	29.664	
    Magnitude of W:	173604.65009061	
    Magnitude of B_grad:	0.256	
    Magnitude of b:	9.8784919528548	

	
    Current index:	29501	
    Magnitude of W_grad:	41.924000000001	
    Magnitude of W:	173480.42306202	
    Magnitude of B_grad:	0.032	
    Magnitude of b:	9.9061677728925	

	
    Current index:	39501	
    Magnitude of W_grad:	33.048	
    Magnitude of W:	173356.1523327	
    Magnitude of B_grad:	0.14	
    Magnitude of b:	10.113772075674	

	
    Current index:	49501	
    Magnitude of W_grad:	32.424	
    Magnitude of W:	173231.28114731	
    Magnitude of B_grad:	0.132	
    Magnitude of b:	10.279286362201	

	
    Current index:	59501	
    Magnitude of W_grad:	26.072	
    Magnitude of W:	173106.64424883	
    Magnitude of B_grad:	0.156	
    Magnitude of b:	10.18278872552	

	
    Current index:	69501	
    Magnitude of W_grad:	37.096000000001	
    Magnitude of W:	172981.2295831	
    Magnitude of B_grad:	0.12	
    Magnitude of b:	10.562165040474	

	
    Current index:	79501	
    Magnitude of W_grad:	28.511999999999	
    Magnitude of W:	172855.1538687	
    Magnitude of B_grad:	0.14	
    Magnitude of b:	10.643375821575	

	
    Current index:	89501	
    Magnitude of W_grad:	41.072000000001	
    Magnitude of W:	172731.12292431	
    Magnitude of B_grad:	0.236	
    Magnitude of b:	10.456665596716	

	
    Current index:	99501	
    Magnitude of W_grad:	36.112	
    Magnitude of W:	172604.28801729	
    Magnitude of B_grad:	0.268	
    Magnitude of b:	10.250083005767	

	
    Current index:	109501	
    Magnitude of W_grad:	35.932	
    Magnitude of W:	172478.69227637	
    Magnitude of B_grad:	0.084	
    Magnitude of b:	10.455471449782	

	
    Current index:	119501	
    Magnitude of W_grad:	40.396	
    Magnitude of W:	172352.45290261	
    Magnitude of B_grad:	0.096	
    Magnitude of b:	10.416837401895	

	
    Current index:	129501	
    Magnitude of W_grad:	36.136000000001	
    Magnitude of W:	172228.85466386	
    Magnitude of B_grad:	0.044	
    Magnitude of b:	10.576162887757	

	
    Current index:	139501	
    Magnitude of W_grad:	43.608000000002	
    Magnitude of W:	172104.74801259	
    Magnitude of B_grad:	0.184	
    Magnitude of b:	10.487428762339	

	
    Current index:	149501	
    Magnitude of W_grad:	35.140000000001	
    Magnitude of W:	171979.17950067	
    Magnitude of B_grad:	0.128	
    Magnitude of b:	10.748672266814	

	
SGD: Hinge Loss is	
2412022.9893916	
SGD: Validation Accuracy is:	
0.30063578564941	
SGD: Magnitude of W:	
171893.22798418	
SGD: Magnitude of b:	
10.142513073023	
    Current index:	9501	
    Magnitude of W_grad:	30.832	
    Magnitude of W:	171769.25383367	
    Magnitude of B_grad:	0.14	
    Magnitude of b:	9.7481695129677	

	
    Current index:	19501	
    Magnitude of W_grad:	27.484	
    Magnitude of W:	171644.94897062	
    Magnitude of B_grad:	0.208	
    Magnitude of b:	9.6160032592787	

	
    Current index:	29501	
    Magnitude of W_grad:	41.648000000001	
    Magnitude of W:	171522.65123386	
    Magnitude of B_grad:	0.064	
    Magnitude of b:	9.6318474982482	

	
    Current index:	39501	
    Magnitude of W_grad:	32.103999999999	
    Magnitude of W:	171400.80457916	
    Magnitude of B_grad:	0.112	
    Magnitude of b:	9.8136320976507	

	
    Current index:	49501	
    Magnitude of W_grad:	32.444	
    Magnitude of W:	171278.11039159	
    Magnitude of B_grad:	0.12	
    Magnitude of b:	9.9733411002393	

	
    Current index:	59501	
    Magnitude of W_grad:	26.204	
    Magnitude of W:	171155.78370483	
    Magnitude of B_grad:	0.14	
    Magnitude of b:	9.8690469167885	

	
    Current index:	69501	
    Magnitude of W_grad:	36.792000000001	
    Magnitude of W:	171032.60959259	
    Magnitude of B_grad:	0.12	
    Magnitude of b:	10.258621710014	

	
    Current index:	79501	
    Magnitude of W_grad:	27.836	
    Magnitude of W:	170909.03628882	
    Magnitude of B_grad:	0.128	
    Magnitude of b:	10.350027272024	

	
    Current index:	89501	
    Magnitude of W_grad:	39.776000000001	
    Magnitude of W:	170787.26520945	
    Magnitude of B_grad:	0.216	
    Magnitude of b:	10.135503354282	

	
    Current index:	99501	
    Magnitude of W_grad:	35.172	
    Magnitude of W:	170662.60772224	
    Magnitude of B_grad:	0.272	
    Magnitude of b:	9.9591101369755	

	
    Current index:	109501	
    Magnitude of W_grad:	34.016	
    Magnitude of W:	170539.75353455	
    Magnitude of B_grad:	0.108	
    Magnitude of b:	10.138696696258	

	
    Current index:	119501	
    Magnitude of W_grad:	38.36	
    Magnitude of W:	170416.22643589	
    Magnitude of B_grad:	0.108	
    Magnitude of b:	10.136250819071	

	
    Current index:	129501	
    Magnitude of W_grad:	35.572000000001	
    Magnitude of W:	170295.11107859	
    Magnitude of B_grad:	0.052	
    Magnitude of b:	10.255769712431	

	
    Current index:	139501	
    Magnitude of W_grad:	43.036000000002	
    Magnitude of W:	170173.18513296	
    Magnitude of B_grad:	0.172	
    Magnitude of b:	10.137251885178	

	
    Current index:	149501	
    Magnitude of W_grad:	33	
    Magnitude of W:	170049.56644995	
    Magnitude of B_grad:	0.136	
    Magnitude of b:	10.426695992478	

	
SGD: Hinge Loss is	
2343287.3264112	
SGD: Validation Accuracy is:	
0.30608537693006	
SGD: Magnitude of W:	
169965.39553618	
SGD: Magnitude of b:	
9.8238353218162	
    Current index:	9501	
    Magnitude of W_grad:	29.456	
    Magnitude of W:	169843.53557114	
    Magnitude of B_grad:	0.124	
    Magnitude of b:	9.465684396475	

	
    Current index:	19501	
    Magnitude of W_grad:	26.636	
    Magnitude of W:	169721.49587898	
    Magnitude of B_grad:	0.212	
    Magnitude of b:	9.3117050470655	

	
    Current index:	29501	
    Magnitude of W_grad:	40.144000000001	
    Magnitude of W:	169601.29965201	
    Magnitude of B_grad:	0.068	
    Magnitude of b:	9.305744357872	

	
    Current index:	39501	
    Magnitude of W_grad:	31.016	
    Magnitude of W:	169481.36748471	
    Magnitude of B_grad:	0.104	
    Magnitude of b:	9.5177296413852	

	
    Current index:	49501	
    Magnitude of W_grad:	34.336	
    Magnitude of W:	169360.65724516	
    Magnitude of B_grad:	0.136	
    Magnitude of b:	9.6696307856042	

	
    Current index:	59501	
    Magnitude of W_grad:	25.836	
    Magnitude of W:	169240.53459984	
    Magnitude of B_grad:	0.136	
    Magnitude of b:	9.5835165086685	

	
    Current index:	69501	
    Magnitude of W_grad:	34.112	
    Magnitude of W:	169119.54707935	
    Magnitude of B_grad:	0.072	
    Magnitude of b:	9.9992700095277	

	
    Current index:	79501	
    Magnitude of W_grad:	27.24	
    Magnitude of W:	168998.26055912	
    Magnitude of B_grad:	0.12	
    Magnitude of b:	10.03885372182	

	
    Current index:	89501	
    Magnitude of W_grad:	39.384000000001	
    Magnitude of W:	168878.42815082	
    Magnitude of B_grad:	0.196	
    Magnitude of b:	9.8385238391381	

	
    Current index:	99501	
    Magnitude of W_grad:	34.292	
    Magnitude of W:	168756.03079289	
    Magnitude of B_grad:	0.328	
    Magnitude of b:	9.7083108901951	

	
    Current index:	109501	
    Magnitude of W_grad:	34.44	
    Magnitude of W:	168635.600823	
    Magnitude of B_grad:	0.116	
    Magnitude of b:	9.8800629416971	

	
    Current index:	119501	
    Magnitude of W_grad:	38.768	
    Magnitude of W:	168514.30418082	
    Magnitude of B_grad:	0.1	
    Magnitude of b:	9.8817864037809	

	
    Current index:	129501	
    Magnitude of W_grad:	36.120000000001	
    Magnitude of W:	168395.48586377	
    Magnitude of B_grad:	0.044	
    Magnitude of b:	10.009467580278	

	
    Current index:	139501	
    Magnitude of W_grad:	41.872000000002	
    Magnitude of W:	168275.71675732	
    Magnitude of B_grad:	0.168	
    Magnitude of b:	9.8771198378623	

	
    Current index:	149501	
    Magnitude of W_grad:	33.244	
    Magnitude of W:	168154.80289734	
    Magnitude of B_grad:	0.168	
    Magnitude of b:	10.168733155915	

	
SGD: Hinge Loss is	
2279737.3462407	
SGD: Validation Accuracy is:	
0.31244323342416	
SGD: Magnitude of W:	
168072.11793442	
SGD: Magnitude of b:	
9.5954492289987	
    Current index:	9501	
    Magnitude of W_grad:	26.764	
    Magnitude of W:	167952.39357857	
    Magnitude of B_grad:	0.12	
    Magnitude of b:	9.2294498275315	

	
    Current index:	19501	
    Magnitude of W_grad:	26.988	
    Magnitude of W:	167832.37912559	
    Magnitude of B_grad:	0.212	
    Magnitude of b:	9.0916025881712	

	
    Current index:	29501	
    Magnitude of W_grad:	39.020000000001	
    Magnitude of W:	167714.38982792	
    Magnitude of B_grad:	0.048	
    Magnitude of b:	9.0917809378672	

	
    Current index:	39501	
    Magnitude of W_grad:	30.892	
    Magnitude of W:	167596.26989532	
    Magnitude of B_grad:	0.12	
    Magnitude of b:	9.289912949839	

	
    Current index:	49501	
    Magnitude of W_grad:	34.828000000001	
    Magnitude of W:	167477.70071768	
    Magnitude of B_grad:	0.14	
    Magnitude of b:	9.4159736700697	

	
    Current index:	59501	
    Magnitude of W_grad:	27.14	
    Magnitude of W:	167359.15412558	
    Magnitude of B_grad:	0.14	
    Magnitude of b:	9.3420166355349	

	
    Current index:	69501	
    Magnitude of W_grad:	33.044	
    Magnitude of W:	167240.10722664	
    Magnitude of B_grad:	0.052	
    Magnitude of b:	9.7539306576044	

	
    Current index:	79501	
    Magnitude of W_grad:	29.42	
    Magnitude of W:	167121.01922154	
    Magnitude of B_grad:	0.104	
    Magnitude of b:	9.8116728760496	

	
    Current index:	89501	
    Magnitude of W_grad:	35.988000000001	
    Magnitude of W:	167003.15417181	
    Magnitude of B_grad:	0.152	
    Magnitude of b:	9.6034962347116	

	
    Current index:	99501	
    Magnitude of W_grad:	34.376	
    Magnitude of W:	166883.05820047	
    Magnitude of B_grad:	0.296	
    Magnitude of b:	9.4614297358664	

	
    Current index:	109501	
    Magnitude of W_grad:	33.28	
    Magnitude of W:	166764.38307871	
    Magnitude of B_grad:	0.144	
    Magnitude of b:	9.6453403832788	

	
    Current index:	119501	
    Magnitude of W_grad:	38.928	
    Magnitude of W:	166645.10556566	
    Magnitude of B_grad:	0.104	
    Magnitude of b:	9.6432106107706	

	
    Current index:	129501	
    Magnitude of W_grad:	35.436000000001	
    Magnitude of W:	166527.95607574	
    Magnitude of B_grad:	0.06	
    Magnitude of b:	9.7570452167272	

	
    Current index:	139501	
    Magnitude of W_grad:	39.860000000001	
    Magnitude of W:	166409.95459512	
    Magnitude of B_grad:	0.14	
    Magnitude of b:	9.6248574987683	

	
    Current index:	149501	
    Magnitude of W_grad:	32.276	
    Magnitude of W:	166290.90781293	
    Magnitude of B_grad:	0.192	
    Magnitude of b:	9.9246260850059	

	
SGD: Hinge Loss is	
2219444.2447668	
SGD: Validation Accuracy is:	
0.31244323342416	
SGD: Magnitude of W:	
166209.92817365	
SGD: Magnitude of b:	
9.3649133562176	
    Current index:	9501	
    Magnitude of W_grad:	26.512	
    Magnitude of W:	166092.10110867	
    Magnitude of B_grad:	0.156	
    Magnitude of b:	9.0130606009625	

	
    Current index:	19501	
    Magnitude of W_grad:	26.616	
    Magnitude of W:	165973.80111849	
    Magnitude of B_grad:	0.212	
    Magnitude of b:	8.8453602977002	

	
    Current index:	29501	
    Magnitude of W_grad:	38.692000000001	
    Magnitude of W:	165857.63655319	
    Magnitude of B_grad:	0.084	
    Magnitude of b:	8.8496954978707	

	
    Current index:	39501	
    Magnitude of W_grad:	29.768	
    Magnitude of W:	165741.28714479	
    Magnitude of B_grad:	0.124	
    Magnitude of b:	9.0439840059244	

	
    Current index:	49501	
    Magnitude of W_grad:	34.772000000001	
    Magnitude of W:	165624.53281664	
    Magnitude of B_grad:	0.156	
    Magnitude of b:	9.1881911123697	

	
    Current index:	59501	
    Magnitude of W_grad:	26.908	
    Magnitude of W:	165507.78911953	
    Magnitude of B_grad:	0.136	
    Magnitude of b:	9.1363769918637	

	
    Current index:	69501	
    Magnitude of W_grad:	33.056	
    Magnitude of W:	165390.65124519	
    Magnitude of B_grad:	0.06	
    Magnitude of b:	9.5384229370561	

	
    Current index:	79501	
    Magnitude of W_grad:	29.256	
    Magnitude of W:	165273.73138848	
    Magnitude of B_grad:	0.116	
    Magnitude of b:	9.5703058561634	

	
    Current index:	89501	
    Magnitude of W_grad:	34.912000000001	
    Magnitude of W:	165157.51243506	
    Magnitude of B_grad:	0.156	
    Magnitude of b:	9.3822777285039	

	
    Current index:	99501	
    Magnitude of W_grad:	33.068	
    Magnitude of W:	165039.69924115	
    Magnitude of B_grad:	0.304	
    Magnitude of b:	9.2423553778174	

	
    Current index:	109501	
    Magnitude of W_grad:	32.396	
    Magnitude of W:	164922.90987003	
    Magnitude of B_grad:	0.128	
    Magnitude of b:	9.4024122499628	

	
    Current index:	119501	
    Magnitude of W_grad:	36.72	
    Magnitude of W:	164805.1870788	
    Magnitude of B_grad:	0.1	
    Magnitude of b:	9.4664192986742	

	
    Current index:	129501	
    Magnitude of W_grad:	36.564000000001	
    Magnitude of W:	164689.9545638	
    Magnitude of B_grad:	0.08	
    Magnitude of b:	9.5583734929435	

	
    Current index:	139501	
    Magnitude of W_grad:	38.604000000001	
    Magnitude of W:	164573.577946	
    Magnitude of B_grad:	0.16	
    Magnitude of b:	9.424316825928	

	
    Current index:	149501	
    Magnitude of W_grad:	32.592	
    Magnitude of W:	164456.59949462	
    Magnitude of B_grad:	0.224	
    Magnitude of b:	9.6882253052656	

	
SGD: Hinge Loss is	
2163324.9226092	
SGD: Validation Accuracy is:	
0.31153496821072	
SGD: Magnitude of W:	
164377.04897778	
SGD: Magnitude of b:	
9.1397728443653	
    Current index:	9501	
    Magnitude of W_grad:	26.96	
    Magnitude of W:	164261.24866402	
    Magnitude of B_grad:	0.16	
    Magnitude of b:	8.8160553263336	

	
    Current index:	19501	
    Magnitude of W_grad:	26.04	
    Magnitude of W:	164144.74306589	
    Magnitude of B_grad:	0.216	
    Magnitude of b:	8.6604717507815	

	
    Current index:	29501	
    Magnitude of W_grad:	36.852000000001	
    Magnitude of W:	164030.52450532	
    Magnitude of B_grad:	0.076	
    Magnitude of b:	8.6469264100836	

	
    Current index:	39501	
    Magnitude of W_grad:	29.424	
    Magnitude of W:	163915.71207577	
    Magnitude of B_grad:	0.136	
    Magnitude of b:	8.8633344274525	

	
    Current index:	49501	
    Magnitude of W_grad:	34.496	
    Magnitude of W:	163800.78100397	
    Magnitude of B_grad:	0.136	
    Magnitude of b:	8.9696649857531	

	
    Current index:	59501	
    Magnitude of W_grad:	27.316	
    Magnitude of W:	163685.83281741	
    Magnitude of B_grad:	0.136	
    Magnitude of b:	8.9299872416875	

	
    Current index:	69501	
    Magnitude of W_grad:	30.096	
    Magnitude of W:	163570.35776744	
    Magnitude of B_grad:	0.096	
    Magnitude of b:	9.2881773187111	

	
    Current index:	79501	
    Magnitude of W_grad:	27.207999999999	
    Magnitude of W:	163455.33175632	
    Magnitude of B_grad:	0.132	
    Magnitude of b:	9.3142188115405	

	
    Current index:	89501	
    Magnitude of W_grad:	32.884	
    Magnitude of W:	163340.50806841	
    Magnitude of B_grad:	0.148	
    Magnitude of b:	9.1203447576552	

	
    Current index:	99501	
    Magnitude of W_grad:	33.408	
    Magnitude of W:	163224.52774941	
    Magnitude of B_grad:	0.292	
    Magnitude of b:	8.9865875388552	

	
    Current index:	109501	
    Magnitude of W_grad:	31.96	
    Magnitude of W:	163109.42966092	
    Magnitude of B_grad:	0.148	
    Magnitude of b:	9.1687948377104	

	
    Current index:	119501	
    Magnitude of W_grad:	36.736	
    Magnitude of W:	162993.77830796	
    Magnitude of B_grad:	0.116	
    Magnitude of b:	9.2049541318545	

	
    Current index:	129501	
    Magnitude of W_grad:	35.376	
    Magnitude of W:	162879.92936236	
    Magnitude of B_grad:	0.052	
    Magnitude of b:	9.3310553724647	

	
    Current index:	139501	
    Magnitude of W_grad:	37.624000000001	
    Magnitude of W:	162765.57886068	
    Magnitude of B_grad:	0.152	
    Magnitude of b:	9.2211398572412	

	
    Current index:	149501	
    Magnitude of W_grad:	32.304	
    Magnitude of W:	162650.36010488	
    Magnitude of B_grad:	0.204	
    Magnitude of b:	9.4571892727347	

	
SGD: Hinge Loss is	
2109954.8767134	
SGD: Validation Accuracy is:	
0.31516802906449	
SGD: Magnitude of W:	
162572.09724912	
SGD: Magnitude of b:	
8.8928415146077	
    Current index:	9501	
    Magnitude of W_grad:	27.384	
    Magnitude of W:	162457.68781707	
    Magnitude of B_grad:	0.192	
    Magnitude of b:	8.6012703838684	

	
    Current index:	19501	
    Magnitude of W_grad:	25.716	
    Magnitude of W:	162342.95842444	
    Magnitude of B_grad:	0.212	
    Magnitude of b:	8.4478197161435	

	
    Current index:	29501	
    Magnitude of W_grad:	35.692000000001	
    Magnitude of W:	162230.43907815	
    Magnitude of B_grad:	0.076	
    Magnitude of b:	8.4364084735205	

	
    Current index:	39501	
    Magnitude of W_grad:	30.267999999999	
    Magnitude of W:	162117.41852934	
    Magnitude of B_grad:	0.132	
    Magnitude of b:	8.6629560491907	

	
    Current index:	49501	
    Magnitude of W_grad:	34.176000000001	
    Magnitude of W:	162003.89608751	
    Magnitude of B_grad:	0.152	
    Magnitude of b:	8.7634055503566	

	
    Current index:	59501	
    Magnitude of W_grad:	27.648	
    Magnitude of W:	161890.73755131	
    Magnitude of B_grad:	0.128	
    Magnitude of b:	8.7198600607316	

	
    Current index:	69501	
    Magnitude of W_grad:	29.08	
    Magnitude of W:	161776.7589429	
    Magnitude of B_grad:	0.088	
    Magnitude of b:	9.10217459309	

	
    Current index:	79501	
    Magnitude of W_grad:	28.175999999999	
    Magnitude of W:	161663.61947573	
    Magnitude of B_grad:	0.12	
    Magnitude of b:	9.1203358091712	

	
    Current index:	89501	
    Magnitude of W_grad:	33.92	
    Magnitude of W:	161550.54671025	
    Magnitude of B_grad:	0.136	
    Magnitude of b:	8.9325866294125	

	
    Current index:	99501	
    Magnitude of W_grad:	32.816	
    Magnitude of W:	161436.07753774	
    Magnitude of B_grad:	0.292	
    Magnitude of b:	8.8109454077213	

	
    Current index:	109501	
    Magnitude of W_grad:	31.211999999999	
    Magnitude of W:	161323.04193916	
    Magnitude of B_grad:	0.164	
    Magnitude of b:	8.9852723910992	

	
    Current index:	119501	
    Magnitude of W_grad:	36.332	
    Magnitude of W:	161208.61776943	
    Magnitude of B_grad:	0.12	
    Magnitude of b:	9.0135567116988	

	
    Current index:	129501	
    Magnitude of W_grad:	36.152000000001	
    Magnitude of W:	161096.25873119	
    Magnitude of B_grad:	0.076	
    Magnitude of b:	9.1177867884452	

	
    Current index:	139501	
    Magnitude of W_grad:	35.900000000001	
    Magnitude of W:	160983.53292828	
    Magnitude of B_grad:	0.148	
    Magnitude of b:	9.0100063382497	

	
    Current index:	149501	
    Magnitude of W_grad:	31.78	
    Magnitude of W:	160870.00632403	
    Magnitude of B_grad:	0.208	
    Magnitude of b:	9.2221960247317	

	
SGD: Hinge Loss is	
2058999.0026272	
SGD: Validation Accuracy is:	
0.3197093551317	
SGD: Magnitude of W:	
160792.76682936	
SGD: Magnitude of b:	
8.6937204011137	
    Current index:	9501	
    Magnitude of W_grad:	25.836	
    Magnitude of W:	160679.89714053	
    Magnitude of B_grad:	0.196	
    Magnitude of b:	8.4302669635674	

	
    Current index:	19501	
    Magnitude of W_grad:	25.504	
    Magnitude of W:	160566.98367885	
    Magnitude of B_grad:	0.204	
    Magnitude of b:	8.2669323862436	

	
    Current index:	29501	
    Magnitude of W_grad:	36.824000000001	
    Magnitude of W:	160456.01254274	
    Magnitude of B_grad:	0.108	
    Magnitude of b:	8.2576408570181	

	
    Current index:	39501	
    Magnitude of W_grad:	28.952	
    Magnitude of W:	160344.7341456	
    Magnitude of B_grad:	0.16	
    Magnitude of b:	8.4503060946201	

	
    Current index:	49501	
    Magnitude of W_grad:	33.868	
    Magnitude of W:	160232.87837054	
    Magnitude of B_grad:	0.132	
    Magnitude of b:	8.5568895647598	

	
    Current index:	59501	
    Magnitude of W_grad:	26.996	
    Magnitude of W:	160121.45627537	
    Magnitude of B_grad:	0.124	
    Magnitude of b:	8.5294675670008	

	
    Current index:	69501	
    Magnitude of W_grad:	29.248	
    Magnitude of W:	160008.96205199	
    Magnitude of B_grad:	0.08	
    Magnitude of b:	8.9238969701772	

	
    Current index:	79501	
    Magnitude of W_grad:	29.887999999999	
    Magnitude of W:	159897.74226632	
    Magnitude of B_grad:	0.088	
    Magnitude of b:	8.9681682670301	

	
    Current index:	89501	
    Magnitude of W_grad:	33.136	
    Magnitude of W:	159786.3327901	
    Magnitude of B_grad:	0.108	
    Magnitude of b:	8.7925122037125	

	
    Current index:	99501	
    Magnitude of W_grad:	32.08	
    Magnitude of W:	159673.41450499	
    Magnitude of B_grad:	0.256	
    Magnitude of b:	8.6629651870884	

	
    Current index:	109501	
    Magnitude of W_grad:	31.739999999999	
    Magnitude of W:	159562.16784555	
    Magnitude of B_grad:	0.172	
    Magnitude of b:	8.8533873987985	

	
    Current index:	119501	
    Magnitude of W_grad:	34.576	
    Magnitude of W:	159449.37849059	
    Magnitude of B_grad:	0.152	
    Magnitude of b:	8.8737626809055	

	
    Current index:	129501	
    Magnitude of W_grad:	35.312	
    Magnitude of W:	159338.59946176	
    Magnitude of B_grad:	0.064	
    Magnitude of b:	8.9640844249155	

	
    Current index:	139501	
    Magnitude of W_grad:	35.444000000002	
    Magnitude of W:	159227.73624977	
    Magnitude of B_grad:	0.156	
    Magnitude of b:	8.8764017664473	

	
    Current index:	149501	
    Magnitude of W_grad:	31.531999999999	
    Magnitude of W:	159116.18722739	
    Magnitude of B_grad:	0.204	
    Magnitude of b:	9.0666865069124	

	
SGD: Hinge Loss is	
2010093.9893291	
SGD: Validation Accuracy is:	
0.32334241598547	
SGD: Magnitude of W:	
159039.87849118	
SGD: Magnitude of b:	
8.5408983269773	
    Current index:	9501	
    Magnitude of W_grad:	26.284	
    Magnitude of W:	158928.62359132	
    Magnitude of B_grad:	0.22	
    Magnitude of b:	8.2735490698382	

	
    Current index:	19501	
    Magnitude of W_grad:	26.648	
    Magnitude of W:	158817.35447134	
    Magnitude of B_grad:	0.22	
    Magnitude of b:	8.1303059199679	

	
    Current index:	29501	
    Magnitude of W_grad:	33.344	
    Magnitude of W:	158707.89889342	
    Magnitude of B_grad:	0.096	
    Magnitude of b:	8.1171007879958	

	
    Current index:	39501	
    Magnitude of W_grad:	28.712	
    Magnitude of W:	158598.00617254	
    Magnitude of B_grad:	0.16	
    Magnitude of b:	8.3118582326812	

	
    Current index:	49501	
    Magnitude of W_grad:	33.976000000001	
    Magnitude of W:	158487.78067893	
    Magnitude of B_grad:	0.156	
    Magnitude of b:	8.4365218654323	

	
    Current index:	59501	
    Magnitude of W_grad:	26.6	
    Magnitude of W:	158377.88940693	
    Magnitude of B_grad:	0.12	
    Magnitude of b:	8.4131822740766	

	
    Current index:	69501	
    Magnitude of W_grad:	29.904	
    Magnitude of W:	158266.8687478	
    Magnitude of B_grad:	0.096	
    Magnitude of b:	8.7816963918107	

	
    Current index:	79501	
    Magnitude of W_grad:	28.947999999999	
    Magnitude of W:	158157.31602363	
    Magnitude of B_grad:	0.092	
    Magnitude of b:	8.8100662461237	

	
    Current index:	89501	
    Magnitude of W_grad:	33.844	
    Magnitude of W:	158047.41607618	
    Magnitude of B_grad:	0.12	
    Magnitude of b:	8.6724926746798	

	
    Current index:	99501	
    Magnitude of W_grad:	31.532	
    Magnitude of W:	157936.33845736	
    Magnitude of B_grad:	0.24	
    Magnitude of b:	8.5230296284037	

	
    Current index:	109501	
    Magnitude of W_grad:	31.043999999999	
    Magnitude of W:	157826.51978208	
    Magnitude of B_grad:	0.176	
    Magnitude of b:	8.7035428970788	

	
    Current index:	119501	
    Magnitude of W_grad:	33.944	
    Magnitude of W:	157715.33724643	
    Magnitude of B_grad:	0.164	
    Magnitude of b:	8.7500100692571	

	
    Current index:	129501	
    Magnitude of W_grad:	35.648	
    Magnitude of W:	157606.36829454	
    Magnitude of B_grad:	0.068	
    Magnitude of b:	8.820423709599	

	
    Current index:	139501	
    Magnitude of W_grad:	36.176000000001	
    Magnitude of W:	157497.27294844	
    Magnitude of B_grad:	0.144	
    Magnitude of b:	8.7108437267457	

	
    Current index:	149501	
    Magnitude of W_grad:	30.564	
    Magnitude of W:	157387.0151016	
    Magnitude of B_grad:	0.192	
    Magnitude of b:	8.9032327983849	

	
SGD: Hinge Loss is	
1962454.2241262	
SGD: Validation Accuracy is:	
0.32970027247956	
SGD: Magnitude of W:	
157311.57675421	
SGD: Magnitude of b:	
8.3918313042991	
    Current index:	9501	
    Magnitude of W_grad:	25.332	
    Magnitude of W:	157202.03769706	
    Magnitude of B_grad:	0.244	
    Magnitude of b:	8.1125800731051	

	
    Current index:	19501	
    Magnitude of W_grad:	25.8	
    Magnitude of W:	157092.32236797	
    Magnitude of B_grad:	0.208	
    Magnitude of b:	7.9974313148144	

	
    Current index:	29501	
    Magnitude of W_grad:	32.383999999999	
    Magnitude of W:	156984.24901481	
    Magnitude of B_grad:	0.072	
    Magnitude of b:	7.9743131842012	

	
    Current index:	39501	
    Magnitude of W_grad:	28.571999999999	
    Magnitude of W:	156875.94645377	
    Magnitude of B_grad:	0.136	
    Magnitude of b:	8.1391619737955	

	
    Current index:	49501	
    Magnitude of W_grad:	33.392	
    Magnitude of W:	156767.41684719	
    Magnitude of B_grad:	0.148	
    Magnitude of b:	8.2759276663477	

	
    Current index:	59501	
    Magnitude of W_grad:	26.935999999999	
    Magnitude of W:	156659.11804123	
    Magnitude of B_grad:	0.144	
    Magnitude of b:	8.2526854802334	

	
    Current index:	69501	
    Magnitude of W_grad:	29.72	
    Magnitude of W:	156549.67566808	
    Magnitude of B_grad:	0.084	
    Magnitude of b:	8.6212937533651	

	
    Current index:	79501	
    Magnitude of W_grad:	29.015999999999	
    Magnitude of W:	156441.59996144	
    Magnitude of B_grad:	0.08	
    Magnitude of b:	8.6497626118375	

	
    Current index:	89501	
    Magnitude of W_grad:	32.684	
    Magnitude of W:	156333.12863432	
    Magnitude of B_grad:	0.108	
    Magnitude of b:	8.528284985014	

	
    Current index:	99501	
    Magnitude of W_grad:	30.692	
    Magnitude of W:	156223.21329318	
    Magnitude of B_grad:	0.224	
    Magnitude of b:	8.3709156554238	

	
    Current index:	109501	
    Magnitude of W_grad:	30.623999999999	
    Magnitude of W:	156114.95343309	
    Magnitude of B_grad:	0.152	
    Magnitude of b:	8.5735213049496	

	
    Current index:	119501	
    Magnitude of W_grad:	34.16	
    Magnitude of W:	156005.84146822	
    Magnitude of B_grad:	0.144	
    Magnitude of b:	8.5820850085334	

	
    Current index:	129501	
    Magnitude of W_grad:	33.752	
    Magnitude of W:	155898.48285417	
    Magnitude of B_grad:	0.06	
    Magnitude of b:	8.6546035965712	

	
    Current index:	139501	
    Magnitude of W_grad:	32.752000000001	
    Magnitude of W:	155790.57993644	
    Magnitude of B_grad:	0.164	
    Magnitude of b:	8.5771207154472	

	
    Current index:	149501	
    Magnitude of W_grad:	30.16	
    Magnitude of W:	155681.94168366	
    Magnitude of B_grad:	0.204	
    Magnitude of b:	8.745604279575	

	
Done.	
Testing on validation set...	
Done	
Datafile:	/n/home09/ankitgupta/CS287/HW1/SST1-uni-syns.hdf5	Classifier:	hinge	Alpha:	0	Eta:	0.5	Lambda:	10	Minibatch size:	500	Num Epochs:	15	Minimum Sentence Length:	0	
Accuracy:	0.32606721162579	
