[?1034hDatafile:	/n/home09/ankitgupta/CS287/HW1/SST2-uni-sent.hdf5	Classifier:	hinge	Alpha:	0	Eta:	0.5	Lambda:	1	Minibatch size:	500	Num Epochs:	50	Minimum Sentence Length:	5	
Note that not all parameters may apply to all classifiers	
Loading datafiles...	
Number of training samples before removing small sentences	76961	
Number of training samples after removing small sentences	55915	
Done.	
Training classifier...	
Parameters are:	
Eta:	
0.5	
Lambda:	
1	
Minibatch size:	
500	
Number of Epochs	
50	
SGD: Hinge Loss is	
152245.87709762	
SGD: Validation Accuracy is:	
0.36827043462708	
SGD: Magnitude of W:	
24012.448529462	
SGD: Magnitude of b:	
1.6541995672789	
    Current index:	9501	
    Magnitude of W_grad:	4.7639999999999	
    Magnitude of W:	24000.901231198	
    Magnitude of B_grad:	0.032	
    Magnitude of b:	1.854426933772	

	
    Current index:	19501	
    Magnitude of W_grad:	3.572	
    Magnitude of W:	23989.797366101	
    Magnitude of B_grad:	0.1	
    Magnitude of b:	2.1220402425771	

	
    Current index:	29501	
    Magnitude of W_grad:	11.324	
    Magnitude of W:	23978.046148072	
    Magnitude of B_grad:	0.752	
    Magnitude of b:	1.6532137070537	

	
    Current index:	39501	
    Magnitude of W_grad:	4.8799999999999	
    Magnitude of W:	23966.84737887	
    Magnitude of B_grad:	0.12	
    Magnitude of b:	2.0320854050677	

	
    Current index:	49501	
    Magnitude of W_grad:	4.6039999999999	
    Magnitude of W:	23955.628393617	
    Magnitude of B_grad:	0.132	
    Magnitude of b:	1.8357011272296	

	
SGD: Hinge Loss is	
174536.13726061	
SGD: Validation Accuracy is:	
0.70577714183509	
SGD: Magnitude of W:	
23955.121025089	
SGD: Magnitude of b:	
1.8511627642044	
    Current index:	9501	
    Magnitude of W_grad:	5.2039999999999	
    Magnitude of W:	23939.258386315	
    Magnitude of B_grad:	0.076	
    Magnitude of b:	1.9146442026967	

	
    Current index:	19501	
    Magnitude of W_grad:	3.732	
    Magnitude of W:	23928.366459249	
    Magnitude of B_grad:	0.1	
    Magnitude of b:	2.260238273756	

	
    Current index:	29501	
    Magnitude of W_grad:	10.648	
    Magnitude of W:	23918.676055367	
    Magnitude of B_grad:	0.7	
    Magnitude of b:	1.6515555024536	

	
    Current index:	39501	
    Magnitude of W_grad:	4.8799999999999	
    Magnitude of W:	23908.587488238	
    Magnitude of B_grad:	0.084	
    Magnitude of b:	1.6879707027709	

	
    Current index:	49501	
    Magnitude of W_grad:	4.5039999999999	
    Magnitude of W:	23897.764122391	
    Magnitude of B_grad:	0.14	
    Magnitude of b:	1.6508992476372	

	
SGD: Hinge Loss is	
161169.92806174	
SGD: Validation Accuracy is:	
0.71454122697192	
SGD: Magnitude of W:	
23897.261298252	
SGD: Magnitude of b:	
1.6508828446082	
    Current index:	9501	
    Magnitude of W_grad:	5.1519999999999	
    Magnitude of W:	23882.830063634	
    Magnitude of B_grad:	0.076	
    Magnitude of b:	1.9293858221022	

	
    Current index:	19501	
    Magnitude of W_grad:	3.384	
    Magnitude of W:	23872.657581375	
    Magnitude of B_grad:	0.088	
    Magnitude of b:	2.2069866209849	

	
    Current index:	29501	
    Magnitude of W_grad:	9.6999999999999	
    Magnitude of W:	23863.141536693	
    Magnitude of B_grad:	0.636	
    Magnitude of b:	1.6498989610641	

	
    Current index:	39501	
    Magnitude of W_grad:	5.0119999999999	
    Magnitude of W:	23853.074242925	
    Magnitude of B_grad:	0.048	
    Magnitude of b:	1.6495711302043	

	
    Current index:	49501	
    Magnitude of W_grad:	4.4159999999999	
    Magnitude of W:	23842.691486036	
    Magnitude of B_grad:	0.108	
    Magnitude of b:	1.6492433644836	

	
SGD: Hinge Loss is	
152466.79214967	
SGD: Validation Accuracy is:	
0.71883384010016	
SGD: Magnitude of W:	
23842.189357676	
SGD: Magnitude of b:	
1.6492269779073	
    Current index:	9501	
    Magnitude of W_grad:	4.8479999999999	
    Magnitude of W:	23829.013855554	
    Magnitude of B_grad:	0.068	
    Magnitude of b:	1.8881043023098	

	
    Current index:	19501	
    Magnitude of W_grad:	3.472	
    Magnitude of W:	23819.419568328	
    Magnitude of B_grad:	0.092	
    Magnitude of b:	2.1077230003438	

	
    Current index:	29501	
    Magnitude of W_grad:	9.3279999999999	
    Magnitude of W:	23809.9445659	
    Magnitude of B_grad:	0.604	
    Magnitude of b:	1.648244081217	

	
    Current index:	39501	
    Magnitude of W_grad:	5.0359999999999	
    Magnitude of W:	23799.826426274	
    Magnitude of B_grad:	0.06	
    Magnitude of b:	1.6479165791777	

	
    Current index:	49501	
    Magnitude of W_grad:	4.4959999999999	
    Magnitude of W:	23789.859071372	
    Magnitude of B_grad:	0.1	
    Magnitude of b:	1.6475891422122	

	
SGD: Hinge Loss is	
145896.69182395	
SGD: Validation Accuracy is:	
0.72348417098909	
SGD: Magnitude of W:	
23789.353349897	
SGD: Magnitude of b:	
1.6475727720719	
    Current index:	9501	
    Magnitude of W_grad:	4.12	
    Magnitude of W:	23777.16395665	
    Magnitude of B_grad:	0.036	
    Magnitude of b:	1.8408310464966	

	
    Current index:	19501	
    Magnitude of W_grad:	3.6	
    Magnitude of W:	23767.846858115	
    Magnitude of B_grad:	0.096	
    Magnitude of b:	2.0584612835081	

	
    Current index:	29501	
    Magnitude of W_grad:	8.9879999999999	
    Magnitude of W:	23758.446092809	
    Magnitude of B_grad:	0.572	
    Magnitude of b:	1.6465908612456	

	
    Current index:	39501	
    Magnitude of W_grad:	4.9519999999999	
    Magnitude of W:	23748.192767102	
    Magnitude of B_grad:	0.068	
    Magnitude of b:	1.646263687697	

	
    Current index:	49501	
    Magnitude of W_grad:	4.4599999999999	
    Magnitude of W:	23738.432135514	
    Magnitude of B_grad:	0.092	
    Magnitude of b:	1.645936579157	

	
SGD: Hinge Loss is	
140615.45974571	
SGD: Validation Accuracy is:	
0.72437846539081	
SGD: Magnitude of W:	
23737.945500859	
SGD: Magnitude of b:	
1.6459202254363	
    Current index:	9501	
    Magnitude of W_grad:	3.844	
    Magnitude of W:	23726.560074609	
    Magnitude of B_grad:	0.024	
    Magnitude of b:	1.8164573412802	

	
    Current index:	19501	
    Magnitude of W_grad:	3.668	
    Magnitude of W:	23717.48697937	
    Magnitude of B_grad:	0.096	
    Magnitude of b:	2.0200957992211	

	
    Current index:	29501	
    Magnitude of W_grad:	8.5559999999999	
    Magnitude of W:	23708.246747386	
    Magnitude of B_grad:	0.528	
    Magnitude of b:	1.644939299485	

	
    Current index:	39501	
    Magnitude of W_grad:	4.9359999999999	
    Magnitude of W:	23698.002231231	
    Magnitude of B_grad:	0.076	
    Magnitude of b:	1.6446124540977	

	
    Current index:	49501	
    Magnitude of W_grad:	4.4039999999999	
    Magnitude of W:	23688.423259568	
    Magnitude of B_grad:	0.084	
    Magnitude of b:	1.6442856736538	

	
SGD: Hinge Loss is	
135788.42690081	
SGD: Validation Accuracy is:	
0.7259881953139	
SGD: Magnitude of W:	
23687.918678914	
SGD: Magnitude of b:	
1.6442693363361	
    Current index:	9501	
    Magnitude of W_grad:	3.592	
    Magnitude of W:	23677.343069522	
    Magnitude of B_grad:	0.02	
    Magnitude of b:	1.7753633315638	

	
    Current index:	19501	
    Magnitude of W_grad:	3.816	
    Magnitude of W:	23668.563337944	
    Magnitude of B_grad:	0.1	
    Magnitude of b:	1.9730121206479	

	
    Current index:	29501	
    Magnitude of W_grad:	8.3959999999999	
    Magnitude of W:	23659.490112043	
    Magnitude of B_grad:	0.512	
    Magnitude of b:	1.6432893942722	

	
    Current index:	39501	
    Magnitude of W_grad:	4.8199999999999	
    Magnitude of W:	23649.290304054	
    Magnitude of B_grad:	0.068	
    Magnitude of b:	1.642962876717	

	
    Current index:	49501	
    Magnitude of W_grad:	4.3959999999999	
    Magnitude of W:	23639.934077358	
    Magnitude of B_grad:	0.076	
    Magnitude of b:	1.64263642404	

	
SGD: Hinge Loss is	
132091.48736394	
SGD: Validation Accuracy is:	
0.7272402074763	
SGD: Magnitude of W:	
23639.454613311	
SGD: Magnitude of b:	
1.642620103109	
    Current index:	9501	
    Magnitude of W_grad:	3.592	
    Magnitude of W:	23629.502240178	
    Magnitude of B_grad:	0.02	
    Magnitude of b:	1.7442692000375	

	
    Current index:	19501	
    Magnitude of W_grad:	3.796	
    Magnitude of W:	23620.86513575	
    Magnitude of B_grad:	0.092	
    Magnitude of b:	1.9279250417449	

	
    Current index:	29501	
    Magnitude of W_grad:	8.4039999999999	
    Magnitude of W:	23611.981241952	
    Magnitude of B_grad:	0.504	
    Magnitude of b:	1.6416411439454	

	
    Current index:	39501	
    Magnitude of W_grad:	4.5639999999999	
    Magnitude of W:	23602.174176399	
    Magnitude of B_grad:	0.084	
    Magnitude of b:	1.6413149538935	

	
    Current index:	49501	
    Magnitude of W_grad:	4.2879999999999	
    Magnitude of W:	23593.089756127	
    Magnitude of B_grad:	0.096	
    Magnitude of b:	1.6409888286548	

	
SGD: Hinge Loss is	
128136.46240562	
SGD: Validation Accuracy is:	
0.72938651404042	
SGD: Magnitude of W:	
23592.629333369	
SGD: Magnitude of b:	
1.6409725240939	
    Current index:	9501	
    Magnitude of W_grad:	3.612	
    Magnitude of W:	23582.959687772	
    Magnitude of B_grad:	0.024	
    Magnitude of b:	1.7022741831261	

	
    Current index:	19501	
    Magnitude of W_grad:	3.46	
    Magnitude of W:	23574.472634988	
    Magnitude of B_grad:	0.076	
    Magnitude of b:	1.8739393427469	

	
    Current index:	29501	
    Magnitude of W_grad:	8.1159999999999	
    Magnitude of W:	23565.828817583	
    Magnitude of B_grad:	0.484	
    Magnitude of b:	1.6399945468449	

	
    Current index:	39501	
    Magnitude of W_grad:	4.4639999999999	
    Magnitude of W:	23556.170694384	
    Magnitude of B_grad:	0.088	
    Magnitude of b:	1.6396686839678	

	
    Current index:	49501	
    Magnitude of W_grad:	4.2239999999999	
    Magnitude of W:	23547.315919603	
    Magnitude of B_grad:	0.088	
    Magnitude of b:	1.6393428858388	

	
SGD: Hinge Loss is	
124489.73804413	
SGD: Validation Accuracy is:	
0.72902879627974	
SGD: Magnitude of W:	
23546.873483014	
SGD: Magnitude of b:	
1.6393265976318	
    Current index:	9501	
    Magnitude of W_grad:	3.572	
    Magnitude of W:	23537.344769152	
    Magnitude of B_grad:	0.02	
    Magnitude of b:	1.6955733193798	

	
    Current index:	19501	
    Magnitude of W_grad:	3.324	
    Magnitude of W:	23528.914531924	
    Magnitude of B_grad:	0.068	
    Magnitude of b:	1.8472440427768	

	
    Current index:	29501	
    Magnitude of W_grad:	8.0919999999999	
    Magnitude of W:	23520.464139908	
    Magnitude of B_grad:	0.476	
    Magnitude of b:	1.6383496013125	

	
    Current index:	39501	
    Magnitude of W_grad:	4.4199999999999	
    Magnitude of W:	23511.100559192	
    Magnitude of B_grad:	0.076	
    Magnitude of b:	1.6380240652819	

	
    Current index:	49501	
    Magnitude of W_grad:	4.2079999999999	
    Magnitude of W:	23502.486088783	
    Magnitude of B_grad:	0.084	
    Magnitude of b:	1.6376985939346	

	
SGD: Hinge Loss is	
122227.51429464	
SGD: Validation Accuracy is:	
0.7326059738866	
SGD: Magnitude of W:	
23502.053025568	
SGD: Magnitude of b:	
1.637682322065	
    Current index:	9501	
    Magnitude of W_grad:	3.58	
    Magnitude of W:	23492.833507077	
    Magnitude of B_grad:	0.024	
    Magnitude of b:	1.6497841309434	

	
    Current index:	19501	
    Magnitude of W_grad:	3.312	
    Magnitude of W:	23484.528688873	
    Magnitude of B_grad:	0.072	
    Magnitude of b:	1.8154619853924	

	
    Current index:	29501	
    Magnitude of W_grad:	7.9119999999999	
    Magnitude of W:	23476.29849139	
    Magnitude of B_grad:	0.468	
    Magnitude of b:	1.6367063056914	

	
    Current index:	39501	
    Magnitude of W_grad:	4.3159999999999	
    Magnitude of W:	23467.191046326	
    Magnitude of B_grad:	0.092	
    Magnitude of b:	1.6363810961797	

	
    Current index:	49501	
    Magnitude of W_grad:	4.1599999999999	
    Magnitude of W:	23458.751543359	
    Magnitude of B_grad:	0.076	
    Magnitude of b:	1.6360559512863	

	
SGD: Hinge Loss is	
119656.96545239	
SGD: Validation Accuracy is:	
0.73367912716866	
SGD: Magnitude of W:	
23458.314127187	
SGD: Magnitude of b:	
1.6360396957377	
    Current index:	9501	
    Magnitude of W_grad:	3.544	
    Magnitude of W:	23449.306636584	
    Magnitude of B_grad:	0.008	
    Magnitude of b:	1.6357146186797	

	
    Current index:	19501	
    Magnitude of W_grad:	3.188	
    Magnitude of W:	23441.125463489	
    Magnitude of B_grad:	0.064	
    Magnitude of b:	1.7816925812296	

	
    Current index:	29501	
    Magnitude of W_grad:	7.9319999999999	
    Magnitude of W:	23433.053880848	
    Magnitude of B_grad:	0.464	
    Magnitude of b:	1.635064658327	

	
    Current index:	39501	
    Magnitude of W_grad:	4.1519999999999	
    Magnitude of W:	23424.070642118	
    Magnitude of B_grad:	0.08	
    Magnitude of b:	1.6347397750066	

	
    Current index:	49501	
    Magnitude of W_grad:	4.0919999999999	
    Magnitude of W:	23415.910114685	
    Magnitude of B_grad:	0.072	
    Magnitude of b:	1.6344149562397	

	
SGD: Hinge Loss is	
117708.97571683	
SGD: Validation Accuracy is:	
0.73582543373278	
SGD: Magnitude of W:	
23415.473124177	
SGD: Magnitude of b:	
1.6343987169956	
    Current index:	9501	
    Magnitude of W_grad:	3.324	
    Magnitude of W:	23406.53902637	
    Magnitude of B_grad:	0.004	
    Magnitude of b:	1.6340739659961	

	
    Current index:	19501	
    Magnitude of W_grad:	3.168	
    Magnitude of W:	23398.326371883	
    Magnitude of B_grad:	0.068	
    Magnitude of b:	1.7606428416636	

	
    Current index:	29501	
    Magnitude of W_grad:	7.8799999999999	
    Magnitude of W:	23390.461994446	
    Magnitude of B_grad:	0.452	
    Magnitude of b:	1.6334246575659	

	
    Current index:	39501	
    Magnitude of W_grad:	4.0639999999999	
    Magnitude of W:	23381.776166529	
    Magnitude of B_grad:	0.06	
    Magnitude of b:	1.6331001001096	

	
    Current index:	49501	
    Magnitude of W_grad:	4.1239999999999	
    Magnitude of W:	23373.801130446	
    Magnitude of B_grad:	0.056	
    Magnitude of b:	1.632775607142	

	
SGD: Hinge Loss is	
115694.75740837	
SGD: Validation Accuracy is:	
0.73779288141656	
SGD: Magnitude of W:	
23373.364558325	
SGD: Magnitude of b:	
1.6327593841862	
    Current index:	9501	
    Magnitude of W_grad:	3.464	
    Magnitude of W:	23364.405020157	
    Magnitude of B_grad:	0.02	
    Magnitude of b:	1.6324349589181	

	
    Current index:	19501	
    Magnitude of W_grad:	3.192	
    Magnitude of W:	23356.372722093	
    Magnitude of B_grad:	0.072	
    Magnitude of b:	1.72031748776	

	
    Current index:	29501	
    Magnitude of W_grad:	7.8159999999999	
    Magnitude of W:	23348.682257353	
    Magnitude of B_grad:	0.452	
    Magnitude of b:	1.6317863017565	

	
    Current index:	39501	
    Magnitude of W_grad:	3.984	
    Magnitude of W:	23340.207754805	
    Magnitude of B_grad:	0.06	
    Magnitude of b:	1.6314620698375	

	
    Current index:	49501	
    Magnitude of W_grad:	4.1199999999999	
    Magnitude of W:	23332.311084676	
    Magnitude of B_grad:	0.056	
    Magnitude of b:	1.6311379023425	

	
SGD: Hinge Loss is	
113388.96340266	
SGD: Validation Accuracy is:	
0.73993918798068	
SGD: Magnitude of W:	
23331.881116743	
SGD: Magnitude of b:	
1.6311216956587	
    Current index:	9501	
    Magnitude of W_grad:	3.312	
    Magnitude of W:	23323.105931571	
    Magnitude of B_grad:	0.02	
    Magnitude of b:	1.6307975957952	

	
    Current index:	19501	
    Magnitude of W_grad:	3.192	
    Magnitude of W:	23315.168276049	
    Magnitude of B_grad:	0.072	
    Magnitude of b:	1.6850984886292	

	
    Current index:	29501	
    Magnitude of W_grad:	7.8159999999999	
    Magnitude of W:	23307.534391516	
    Magnitude of B_grad:	0.452	
    Magnitude of b:	1.630149589249	

	
    Current index:	39501	
    Magnitude of W_grad:	3.888	
    Magnitude of W:	23299.12240396	
    Magnitude of B_grad:	0.072	
    Magnitude of b:	1.6298256825407	

	
    Current index:	49501	
    Magnitude of W_grad:	4.0959999999999	
    Magnitude of W:	23291.352653667	
    Magnitude of B_grad:	0.06	
    Magnitude of b:	1.6295018401919	

	
SGD: Hinge Loss is	
111235.89999111	
SGD: Validation Accuracy is:	
0.74137005902343	
SGD: Magnitude of W:	
23290.932380615	
SGD: Magnitude of b:	
1.6294856497637	
    Current index:	9501	
    Magnitude of W_grad:	3.652	
    Magnitude of W:	23282.27168766	
    Magnitude of B_grad:	0.048	
    Magnitude of b:	1.6291618749785	

	
    Current index:	19501	
    Magnitude of W_grad:	3.144	
    Magnitude of W:	23274.442068234	
    Magnitude of B_grad:	0.072	
    Magnitude of b:	1.6540901237128	

	
    Current index:	29501	
    Magnitude of W_grad:	7.7719999999999	
    Magnitude of W:	23266.961277558	
    Magnitude of B_grad:	0.44	
    Magnitude of b:	1.6285145183951	

	
    Current index:	39501	
    Magnitude of W_grad:	3.888	
    Magnitude of W:	23258.691286192	
    Magnitude of B_grad:	0.084	
    Magnitude of b:	1.6281909365714	

	
    Current index:	49501	
    Magnitude of W_grad:	4.0799999999999	
    Magnitude of W:	23251.167208152	
    Magnitude of B_grad:	0.06	
    Magnitude of b:	1.6278674190425	

	
SGD: Hinge Loss is	
109410.04538452	
SGD: Validation Accuracy is:	
0.74262207118583	
SGD: Magnitude of W:	
23250.7442384	
SGD: Magnitude of b:	
1.6278512448536	
    Current index:	9501	
    Magnitude of W_grad:	3.476	
    Magnitude of W:	23242.362417233	
    Magnitude of B_grad:	0.04	
    Magnitude of b:	1.6275277948207	

	
    Current index:	19501	
    Magnitude of W_grad:	3.144	
    Magnitude of W:	23234.580011307	
    Magnitude of B_grad:	0.072	
    Magnitude of b:	1.6272044090565	

	
    Current index:	29501	
    Magnitude of W_grad:	7.7799999999999	
    Magnitude of W:	23227.235216884	
    Magnitude of B_grad:	0.444	
    Magnitude of b:	1.6268810875482	

	
    Current index:	39501	
    Magnitude of W_grad:	3.84	
    Magnitude of W:	23218.984261556	
    Magnitude of B_grad:	0.084	
    Magnitude of b:	1.6265578302831	

	
    Current index:	49501	
    Magnitude of W_grad:	4.0799999999999	
    Magnitude of W:	23211.531261722	
    Magnitude of B_grad:	0.06	
    Magnitude of b:	1.6262346372485	

	
SGD: Hinge Loss is	
107832.75337847	
SGD: Validation Accuracy is:	
0.74476837774996	
SGD: Magnitude of W:	
23211.108552161	
SGD: Magnitude of b:	
1.6262184792826	
    Current index:	9501	
    Magnitude of W_grad:	3.468	
    Magnitude of W:	23202.911455289	
    Magnitude of B_grad:	0.04	
    Magnitude of b:	1.6258953536761	

	
    Current index:	19501	
    Magnitude of W_grad:	3.136	
    Magnitude of W:	23195.254018491	
    Magnitude of B_grad:	0.068	
    Magnitude of b:	1.625572292274	

	
    Current index:	29501	
    Magnitude of W_grad:	7.8279999999999	
    Magnitude of W:	23188.001249625	
    Magnitude of B_grad:	0.452	
    Magnitude of b:	1.6252492950633	

	
    Current index:	39501	
    Magnitude of W_grad:	3.58	
    Magnitude of W:	23179.744936085	
    Magnitude of B_grad:	0.088	
    Magnitude of b:	1.6249263620314	

	
    Current index:	49501	
    Magnitude of W_grad:	4.0599999999999	
    Magnitude of W:	23172.429379469	
    Magnitude of B_grad:	0.06	
    Magnitude of b:	1.6246034931654	

	
SGD: Hinge Loss is	
106353.41957678	
SGD: Validation Accuracy is:	
0.74476837774996	
SGD: Magnitude of W:	
23172.012226171	
SGD: Magnitude of b:	
1.6245873514063	
    Current index:	9501	
    Magnitude of W_grad:	3.244	
    Magnitude of W:	23163.995554675	
    Magnitude of B_grad:	0.024	
    Magnitude of b:	1.6242645499009	

	
    Current index:	19501	
    Magnitude of W_grad:	2.98	
    Magnitude of W:	23156.4646151	
    Magnitude of B_grad:	0.048	
    Magnitude of b:	1.6239418125354	

	
    Current index:	29501	
    Magnitude of W_grad:	7.7159999999999	
    Magnitude of W:	23149.357132476	
    Magnitude of B_grad:	0.444	
    Magnitude of b:	1.6236191392971	

	
    Current index:	39501	
    Magnitude of W_grad:	3.568	
    Magnitude of W:	23141.299487161	
    Magnitude of B_grad:	0.096	
    Magnitude of b:	1.6232965301731	

	
    Current index:	49501	
    Magnitude of W_grad:	4.0599999999999	
    Magnitude of W:	23134.077234894	
    Magnitude of B_grad:	0.06	
    Magnitude of b:	1.6229739851507	

	
SGD: Hinge Loss is	
104816.5881358	
SGD: Validation Accuracy is:	
0.74512609551064	
SGD: Magnitude of W:	
23133.658524502	
SGD: Magnitude of b:	
1.6229578595821	
    Current index:	9501	
    Magnitude of W_grad:	3.52	
    Magnitude of W:	23125.753943546	
    Magnitude of B_grad:	0.048	
    Magnitude of b:	1.6226353818527	

	
    Current index:	19501	
    Magnitude of W_grad:	2.892	
    Magnitude of W:	23118.327713032	
    Magnitude of B_grad:	0.04	
    Magnitude of b:	1.6223129681989	

	
    Current index:	29501	
    Magnitude of W_grad:	7.5999999999999	
    Magnitude of W:	23111.25516911	
    Magnitude of B_grad:	0.436	
    Magnitude of b:	1.6219906186079	

	
    Current index:	39501	
    Magnitude of W_grad:	3.568	
    Magnitude of W:	23103.280527181	
    Magnitude of B_grad:	0.092	
    Magnitude of b:	1.621668333067	

	
    Current index:	49501	
    Magnitude of W_grad:	4.1519999999999	
    Magnitude of W:	23096.11555316	
    Magnitude of B_grad:	0.04	
    Magnitude of b:	1.6213461115634	

	
SGD: Hinge Loss is	
103625.32410514	
SGD: Validation Accuracy is:	
0.74691468431408	
SGD: Magnitude of W:	
23095.714668477	
SGD: Magnitude of b:	
1.621330002169	
    Current index:	9501	
    Magnitude of W_grad:	3.512	
    Magnitude of W:	23087.89014492	
    Magnitude of B_grad:	0.052	
    Magnitude of b:	1.6210078478909	

	
    Current index:	19501	
    Magnitude of W_grad:	2.916	
    Magnitude of W:	23080.658993251	
    Magnitude of B_grad:	0.044	
    Magnitude of b:	1.6206857576241	

	
    Current index:	29501	
    Magnitude of W_grad:	7.3919999999999	
    Magnitude of W:	23073.673090969	
    Magnitude of B_grad:	0.42	
    Magnitude of b:	1.6203637313558	

	
    Current index:	39501	
    Magnitude of W_grad:	3.496	
    Magnitude of W:	23065.785520147	
    Magnitude of B_grad:	0.092	
    Magnitude of b:	1.6200417690734	

	
    Current index:	49501	
    Magnitude of W_grad:	3.9879999999999	
    Magnitude of W:	23058.612596489	
    Magnitude of B_grad:	0.06	
    Magnitude of b:	1.619719870764	

	
SGD: Hinge Loss is	
102058.66848412	
SGD: Validation Accuracy is:	
0.74780897871579	
SGD: Magnitude of W:	
23058.228691627	
SGD: Magnitude of b:	
1.6197037775276	
    Current index:	9501	
    Magnitude of W_grad:	3.344	
    Magnitude of W:	23050.437279987	
    Magnitude of B_grad:	0.044	
    Magnitude of b:	1.6193819463764	

	
    Current index:	19501	
    Magnitude of W_grad:	2.784	
    Magnitude of W:	23043.247789066	
    Magnitude of B_grad:	0.028	
    Magnitude of b:	1.6190601791722	

	
    Current index:	29501	
    Magnitude of W_grad:	7.2319999999999	
    Magnitude of W:	23036.362373871	
    Magnitude of B_grad:	0.412	
    Magnitude of b:	1.6187384759023	

	
    Current index:	39501	
    Magnitude of W_grad:	3.508	
    Magnitude of W:	23028.545270796	
    Magnitude of B_grad:	0.08	
    Magnitude of b:	1.6184168365542	

	
    Current index:	49501	
    Magnitude of W_grad:	4.0079999999999	
    Magnitude of W:	23021.494418055	
    Magnitude of B_grad:	0.052	
    Magnitude of b:	1.6180952611149	

	
SGD: Hinge Loss is	
100517.45398757	
SGD: Validation Accuracy is:	
0.74941870863888	
SGD: Magnitude of W:	
23021.113977967	
SGD: Magnitude of b:	
1.6180791840203	
    Current index:	9501	
    Magnitude of W_grad:	3.272	
    Magnitude of W:	23013.454353251	
    Magnitude of B_grad:	0.052	
    Magnitude of b:	1.6177576756718	

	
    Current index:	19501	
    Magnitude of W_grad:	2.808	
    Magnitude of W:	23006.320959026	
    Magnitude of B_grad:	0.032	
    Magnitude of b:	1.6174362312062	

	
    Current index:	29501	
    Magnitude of W_grad:	7.1199999999999	
    Magnitude of W:	22999.466050058	
    Magnitude of B_grad:	0.408	
    Magnitude of b:	1.6171148506108	

	
    Current index:	39501	
    Magnitude of W_grad:	3.512	
    Magnitude of W:	22991.698687807	
    Magnitude of B_grad:	0.096	
    Magnitude of b:	1.616793533873	

	
    Current index:	49501	
    Magnitude of W_grad:	3.892	
    Magnitude of W:	22984.740076876	
    Magnitude of B_grad:	0.06	
    Magnitude of b:	1.61647228098	

	
SGD: Hinge Loss is	
99377.152612277	
SGD: Validation Accuracy is:	
0.74977642639957	
SGD: Magnitude of W:	
22984.381673799	
SGD: Magnitude of b:	
1.616456220011	
    Current index:	9501	
    Magnitude of W_grad:	2.924	
    Magnitude of W:	22976.923689184	
    Magnitude of B_grad:	0.036	
    Magnitude of b:	1.6161350341415	

	
    Current index:	19501	
    Magnitude of W_grad:	2.816	
    Magnitude of W:	22969.887647665	
    Magnitude of B_grad:	0.036	
    Magnitude of b:	1.6158139120908	

	
    Current index:	29501	
    Magnitude of W_grad:	7.1879999999999	
    Magnitude of W:	22963.142561147	
    Magnitude of B_grad:	0.4	
    Magnitude of b:	1.6154928538462	

	
    Current index:	39501	
    Magnitude of W_grad:	3.492	
    Magnitude of W:	22955.448212864	
    Magnitude of B_grad:	0.092	
    Magnitude of b:	1.6151718593951	

	
    Current index:	49501	
    Magnitude of W_grad:	3.9119999999999	
    Magnitude of W:	22948.583236088	
    Magnitude of B_grad:	0.048	
    Magnitude of b:	1.6148509287248	

	
SGD: Hinge Loss is	
98241.126109992	
SGD: Validation Accuracy is:	
0.75102843856197	
SGD: Magnitude of W:	
22948.2565233	
SGD: Magnitude of b:	
1.6148348838653	
    Current index:	9501	
    Magnitude of W_grad:	2.924	
    Magnitude of W:	22940.840227228	
    Magnitude of B_grad:	0.036	
    Magnitude of b:	1.6145140201513	

	
    Current index:	19501	
    Magnitude of W_grad:	2.712	
    Magnitude of W:	22933.892274278	
    Magnitude of B_grad:	0.02	
    Magnitude of b:	1.614193220192	

	
    Current index:	29501	
    Magnitude of W_grad:	7.2079999999999	
    Magnitude of W:	22927.24469922	
    Magnitude of B_grad:	0.42	
    Magnitude of b:	1.613872483975	

	
    Current index:	39501	
    Magnitude of W_grad:	3.516	
    Magnitude of W:	22919.620752553	
    Magnitude of B_grad:	0.1	
    Magnitude of b:	1.6135518114874	

	
    Current index:	49501	
    Magnitude of W_grad:	3.8919999999999	
    Magnitude of W:	22912.708966273	
    Magnitude of B_grad:	0.052	
    Magnitude of b:	1.6132312027166	

	
SGD: Hinge Loss is	
97188.698192301	
SGD: Validation Accuracy is:	
0.75210159184404	
SGD: Magnitude of W:	
22912.388430587	
SGD: Magnitude of b:	
1.6132151739504	
    Current index:	9501	
    Magnitude of W_grad:	2.968	
    Magnitude of W:	22905.055807623	
    Magnitude of B_grad:	0.032	
    Magnitude of b:	1.6128946320687	

	
    Current index:	19501	
    Magnitude of W_grad:	2.712	
    Magnitude of W:	22898.164984432	
    Magnitude of B_grad:	0.02	
    Magnitude of b:	1.6125741538779	

	
    Current index:	29501	
    Magnitude of W_grad:	7.2079999999999	
    Magnitude of W:	22891.615604241	
    Magnitude of B_grad:	0.42	
    Magnitude of b:	1.6122537393653	

	
    Current index:	39501	
    Magnitude of W_grad:	3.492	
    Magnitude of W:	22884.037835365	
    Magnitude of B_grad:	0.092	
    Magnitude of b:	1.6119333885183	

	
    Current index:	49501	
    Magnitude of W_grad:	3.9359999999999	
    Magnitude of W:	22877.178100754	
    Magnitude of B_grad:	0.044	
    Magnitude of b:	1.6116131013242	

	
SGD: Hinge Loss is	
95729.383831189	
SGD: Validation Accuracy is:	
0.75245930960472	
SGD: Magnitude of W:	
22876.837164131	
SGD: Magnitude of b:	
1.6115970886352	
    Current index:	9501	
    Magnitude of W_grad:	2.888	
    Magnitude of W:	22869.634102672	
    Magnitude of B_grad:	0.032	
    Magnitude of b:	1.6112768682631	

	
    Current index:	19501	
    Magnitude of W_grad:	2.712	
    Magnitude of W:	22862.823310486	
    Magnitude of B_grad:	0.02	
    Magnitude of b:	1.6109567115179	

	
    Current index:	29501	
    Magnitude of W_grad:	7.0359999999999	
    Magnitude of W:	22856.295532633	
    Magnitude of B_grad:	0.404	
    Magnitude of b:	1.6106366183872	

	
    Current index:	39501	
    Magnitude of W_grad:	3.516	
    Magnitude of W:	22848.812540057	
    Magnitude of B_grad:	0.1	
    Magnitude of b:	1.6103165888581	

	
    Current index:	49501	
    Magnitude of W_grad:	3.9359999999999	
    Magnitude of W:	22842.016719212	
    Magnitude of B_grad:	0.044	
    Magnitude of b:	1.6099966229181	

	
SGD: Hinge Loss is	
95328.975859723	
SGD: Validation Accuracy is:	
0.7544267572885	
SGD: Magnitude of W:	
22841.703077861	
SGD: Magnitude of b:	
1.6099806262901	
    Current index:	9501	
    Magnitude of W_grad:	2.78	
    Magnitude of W:	22834.599475408	
    Magnitude of B_grad:	0.028	
    Magnitude of b:	1.6096607271051	

	
    Current index:	19501	
    Magnitude of W_grad:	2.712	
    Magnitude of W:	22827.867932485	
    Magnitude of B_grad:	0.02	
    Magnitude of b:	1.6093408914832	

	
    Current index:	29501	
    Magnitude of W_grad:	6.9679999999999	
    Magnitude of W:	22821.314991959	
    Magnitude of B_grad:	0.4	
    Magnitude of b:	1.6090211194119	

	
    Current index:	39501	
    Magnitude of W_grad:	3.492	
    Magnitude of W:	22813.940044004	
    Magnitude of B_grad:	0.092	
    Magnitude of b:	1.6087014108785	

	
    Current index:	49501	
    Magnitude of W_grad:	3.8959999999999	
    Magnitude of W:	22807.18212345	
    Magnitude of B_grad:	0.052	
    Magnitude of b:	1.6083817658704	

	
SGD: Hinge Loss is	
93734.703471912	
SGD: Validation Accuracy is:	
0.75549991057056	
SGD: Magnitude of W:	
22806.850252358	
SGD: Magnitude of b:	
1.6083657852873	
    Current index:	9501	
    Magnitude of W_grad:	2.72	
    Magnitude of W:	22799.892214491	
    Magnitude of B_grad:	0.016	
    Magnitude of b:	1.6080462069672	

	
    Current index:	19501	
    Magnitude of W_grad:	2.656	
    Magnitude of W:	22793.222616302	
    Magnitude of B_grad:	0.02	
    Magnitude of b:	1.6077266921465	

	
    Current index:	29501	
    Magnitude of W_grad:	6.8439999999999	
    Magnitude of W:	22786.780289404	
    Magnitude of B_grad:	0.38	
    Magnitude of b:	1.6074072408126	

	
    Current index:	39501	
    Magnitude of W_grad:	3.504	
    Magnitude of W:	22779.426286766	
    Magnitude of B_grad:	0.088	
    Magnitude of b:	1.607087852953	

	
    Current index:	49501	
    Magnitude of W_grad:	3.8879999999999	
    Magnitude of W:	22772.671248747	
    Magnitude of B_grad:	0.044	
    Magnitude of b:	1.6067685285548	

	
SGD: Hinge Loss is	
93111.724212253	
SGD: Validation Accuracy is:	
0.75621534609193	
SGD: Magnitude of W:	
22772.356564077	
SGD: Magnitude of b:	
1.6067525640006	
    Current index:	9501	
    Magnitude of W_grad:	2.764	
    Magnitude of W:	22765.486552719	
    Magnitude of B_grad:	0.02	
    Magnitude of b:	1.6064333062236	

	
    Current index:	19501	
    Magnitude of W_grad:	2.62	
    Magnitude of W:	22758.942280391	
    Magnitude of B_grad:	0.02	
    Magnitude of b:	1.6061141118823	

	
    Current index:	29501	
    Magnitude of W_grad:	7.0479999999999	
    Magnitude of W:	22752.508337479	
    Magnitude of B_grad:	0.4	
    Magnitude of b:	1.6057949809641	

	
    Current index:	39501	
    Magnitude of W_grad:	3.504	
    Magnitude of W:	22745.217251485	
    Magnitude of B_grad:	0.088	
    Magnitude of b:	1.6054759134565	

	
    Current index:	49501	
    Magnitude of W_grad:	3.9119999999999	
    Magnitude of W:	22738.478700658	
    Magnitude of B_grad:	0.048	
    Magnitude of b:	1.6051569093468	

	
SGD: Hinge Loss is	
91982.982298094	
SGD: Validation Accuracy is:	
0.75514219280987	
SGD: Magnitude of W:	
22738.169184017	
SGD: Magnitude of b:	
1.6051409608053	
    Current index:	9501	
    Magnitude of W_grad:	2.732	
    Magnitude of W:	22731.355373911	
    Magnitude of B_grad:	0.024	
    Magnitude of b:	1.6048220232499	

	
    Current index:	19501	
    Magnitude of W_grad:	2.62	
    Magnitude of W:	22724.898511781	
    Magnitude of B_grad:	0.02	
    Magnitude of b:	1.6045031490665	

	
    Current index:	29501	
    Magnitude of W_grad:	6.7999999999999	
    Magnitude of W:	22718.540958155	
    Magnitude of B_grad:	0.384	
    Magnitude of b:	1.6041843382427	

	
    Current index:	39501	
    Magnitude of W_grad:	3.512	
    Magnitude of W:	22711.325211395	
    Magnitude of B_grad:	0.096	
    Magnitude of b:	1.6038655907658	

	
    Current index:	49501	
    Magnitude of W_grad:	3.8719999999999	
    Magnitude of W:	22704.576033185	
    Magnitude of B_grad:	0.044	
    Magnitude of b:	1.6035469066233	

	
SGD: Hinge Loss is	
90692.06996345	
SGD: Validation Accuracy is:	
0.75514219280987	
SGD: Magnitude of W:	
22704.260905493	
SGD: Magnitude of b:	
1.6035309740785	
    Current index:	9501	
    Magnitude of W_grad:	2.712	
    Magnitude of W:	22697.51375722	
    Magnitude of B_grad:	0.02	
    Magnitude of b:	1.6032123564234	

	
    Current index:	19501	
    Magnitude of W_grad:	2.564	
    Magnitude of W:	22691.093011057	
    Magnitude of B_grad:	0.012	
    Magnitude of b:	1.6028938020769	

	
    Current index:	29501	
    Magnitude of W_grad:	6.9519999999999	
    Magnitude of W:	22684.824842564	
    Magnitude of B_grad:	0.392	
    Magnitude of b:	1.6025753110264	

	
    Current index:	39501	
    Magnitude of W_grad:	3.512	
    Magnitude of W:	22677.750988248	
    Magnitude of B_grad:	0.096	
    Magnitude of b:	1.6022568832593	

	
    Current index:	49501	
    Magnitude of W_grad:	3.7759999999999	
    Magnitude of W:	22671.045839759	
    Magnitude of B_grad:	0.048	
    Magnitude of b:	1.6019385187629	

	
SGD: Hinge Loss is	
89838.763472088	
SGD: Validation Accuracy is:	
0.75621534609193	
SGD: Magnitude of W:	
22670.75675908	
SGD: Magnitude of b:	
1.6019226021988	
    Current index:	9501	
    Magnitude of W_grad:	2.664	
    Magnitude of W:	22664.081040466	
    Magnitude of B_grad:	0.016	
    Magnitude of b:	1.6016043041233	

	
    Current index:	19501	
    Magnitude of W_grad:	2.588	
    Magnitude of W:	22657.70850079	
    Magnitude of B_grad:	0.008	
    Magnitude of b:	1.6012860692928	

	
    Current index:	29501	
    Magnitude of W_grad:	7.0159999999999	
    Magnitude of W:	22651.519203489	
    Magnitude of B_grad:	0.4	
    Magnitude of b:	1.6009678976948	

	
    Current index:	39501	
    Magnitude of W_grad:	3.492	
    Magnitude of W:	22644.466722828	
    Magnitude of B_grad:	0.096	
    Magnitude of b:	1.6006497893167	

	
    Current index:	49501	
    Magnitude of W_grad:	3.7759999999999	
    Magnitude of W:	22637.808703669	
    Magnitude of B_grad:	0.048	
    Magnitude of b:	1.600331744146	

	
SGD: Hinge Loss is	
88995.182894741	
SGD: Validation Accuracy is:	
0.75764621713468	
SGD: Magnitude of W:	
22637.499760216	
SGD: Magnitude of b:	
1.6003158435465	
    Current index:	9501	
    Magnitude of W_grad:	2.64	
    Magnitude of W:	22630.950765183	
    Magnitude of B_grad:	0.016	
    Magnitude of b:	1.5999978647299	

	
    Current index:	19501	
    Magnitude of W_grad:	2.532	
    Magnitude of W:	22624.658008083	
    Magnitude of B_grad:	0.004	
    Magnitude of b:	1.599679949095	

	
    Current index:	29501	
    Magnitude of W_grad:	6.9959999999999	
    Magnitude of W:	22618.424435759	
    Magnitude of B_grad:	0.4	
    Magnitude of b:	1.5993620966292	

	
    Current index:	39501	
    Magnitude of W_grad:	3.464	
    Magnitude of W:	22611.375689901	
    Magnitude of B_grad:	0.096	
    Magnitude of b:	1.5990443073198	

	
    Current index:	49501	
    Magnitude of W_grad:	3.7479999999999	
    Magnitude of W:	22604.80079604	
    Magnitude of B_grad:	0.044	
    Magnitude of b:	1.5987265811544	

	
SGD: Hinge Loss is	
88136.92229324	
SGD: Validation Accuracy is:	
0.75782507601502	
SGD: Magnitude of W:	
22604.483319672	
SGD: Magnitude of b:	
1.5987106965035	
    Current index:	9501	
    Magnitude of W_grad:	2.64	
    Magnitude of W:	22598.038991322	
    Magnitude of B_grad:	0.016	
    Magnitude of b:	1.5983930366257	

	
    Current index:	19501	
    Magnitude of W_grad:	2.488	
    Magnitude of W:	22591.70555366	
    Magnitude of B_grad:	0	
    Magnitude of b:	1.5980754398662	

	
    Current index:	29501	
    Magnitude of W_grad:	6.9639999999999	
    Magnitude of W:	22585.516628742	
    Magnitude of B_grad:	0.396	
    Magnitude of b:	1.5977579062124	

	
    Current index:	39501	
    Magnitude of W_grad:	3.464	
    Magnitude of W:	22578.520027337	
    Magnitude of B_grad:	0.096	
    Magnitude of b:	1.5974404356517	

	
    Current index:	49501	
    Magnitude of W_grad:	3.7479999999999	
    Magnitude of W:	22571.95084529	
    Magnitude of B_grad:	0.044	
    Magnitude of b:	1.5971230281716	

	
SGD: Hinge Loss is	
87216.819657182	
SGD: Validation Accuracy is:	
0.75961366481846	
SGD: Magnitude of W:	
22571.627503363	
SGD: Magnitude of b:	
1.5971071594533	
    Current index:	9501	
    Magnitude of W_grad:	2.616	
    Magnitude of W:	22565.260949716	
    Magnitude of B_grad:	0.024	
    Magnitude of b:	1.5967898181944	

	
    Current index:	19501	
    Magnitude of W_grad:	2.596	
    Magnitude of W:	22558.991153236	
    Magnitude of B_grad:	0.02	
    Magnitude of b:	1.5964725399904	

	
    Current index:	29501	
    Magnitude of W_grad:	6.7919999999999	
    Magnitude of W:	22552.871442252	
    Magnitude of B_grad:	0.384	
    Magnitude of b:	1.5961553248289	

	
    Current index:	39501	
    Magnitude of W_grad:	3.484	
    Magnitude of W:	22545.883452164	
    Magnitude of B_grad:	0.1	
    Magnitude of b:	1.5958381726972	

	
    Current index:	49501	
    Magnitude of W_grad:	3.7199999999999	
    Magnitude of W:	22539.371421835	
    Magnitude of B_grad:	0.032	
    Magnitude of b:	1.5955210835828	

	
SGD: Hinge Loss is	
86605.839586405	
SGD: Validation Accuracy is:	
0.76104453586121	
SGD: Magnitude of W:	
22539.057691537	
SGD: Magnitude of b:	
1.5955052307811	
    Current index:	9501	
    Magnitude of W_grad:	2.552	
    Magnitude of W:	22532.793891524	
    Magnitude of B_grad:	0.016	
    Magnitude of b:	1.5951882078215	

	
    Current index:	19501	
    Magnitude of W_grad:	2.484	
    Magnitude of W:	22526.535001304	
    Magnitude of B_grad:	0.004	
    Magnitude of b:	1.5948712478536	

	
    Current index:	29501	
    Magnitude of W_grad:	6.9279999999999	
    Magnitude of W:	22520.451128628	
    Magnitude of B_grad:	0.392	
    Magnitude of b:	1.5945543508648	

	
    Current index:	39501	
    Magnitude of W_grad:	3.528	
    Magnitude of W:	22513.550177173	
    Magnitude of B_grad:	0.096	
    Magnitude of b:	1.5942375168427	

	
    Current index:	49501	
    Magnitude of W_grad:	3.6199999999999	
    Magnitude of W:	22507.087983234	
    Magnitude of B_grad:	0.032	
    Magnitude of b:	1.5939207457747	

	
SGD: Hinge Loss is	
85742.870223095	
SGD: Validation Accuracy is:	
0.76175997138258	
SGD: Magnitude of W:	
22506.771477723	
SGD: Magnitude of b:	
1.5939049088736	
    Current index:	9501	
    Magnitude of W_grad:	2.588	
    Magnitude of W:	22500.523170382	
    Magnitude of B_grad:	0.024	
    Magnitude of b:	1.593588203894	

	
    Current index:	19501	
    Magnitude of W_grad:	2.576	
    Magnitude of W:	22494.357420803	
    Magnitude of B_grad:	0.016	
    Magnitude of b:	1.593271561843	

	
    Current index:	29501	
    Magnitude of W_grad:	6.6959999999999	
    Magnitude of W:	22488.342906327	
    Magnitude of B_grad:	0.376	
    Magnitude of b:	1.5929549827079	

	
    Current index:	39501	
    Magnitude of W_grad:	3.54	
    Magnitude of W:	22481.516474343	
    Magnitude of B_grad:	0.108	
    Magnitude of b:	1.5926384664763	

	
    Current index:	49501	
    Magnitude of W_grad:	3.652	
    Magnitude of W:	22475.073285416	
    Magnitude of B_grad:	0.024	
    Magnitude of b:	1.5923220131357	

	
SGD: Hinge Loss is	
85262.655287969	
SGD: Validation Accuracy is:	
0.7626542657843	
SGD: Magnitude of W:	
22474.766385923	
SGD: Magnitude of b:	
1.5923061921193	
    Current index:	9501	
    Magnitude of W_grad:	2.428	
    Magnitude of W:	22468.593621506	
    Magnitude of B_grad:	0.008	
    Magnitude of b:	1.5919898048008	

	
    Current index:	19501	
    Magnitude of W_grad:	2.484	
    Magnitude of W:	22462.464893065	
    Magnitude of B_grad:	0.004	
    Magnitude of b:	1.5916734803477	

	
    Current index:	29501	
    Magnitude of W_grad:	6.7479999999999	
    Magnitude of W:	22456.479330044	
    Magnitude of B_grad:	0.384	
    Magnitude of b:	1.5913572187474	

	
    Current index:	39501	
    Magnitude of W_grad:	3.528	
    Magnitude of W:	22449.659669495	
    Magnitude of B_grad:	0.096	
    Magnitude of b:	1.5910410199876	

	
    Current index:	49501	
    Magnitude of W_grad:	3.6839999999999	
    Magnitude of W:	22443.309233244	
    Magnitude of B_grad:	0.02	
    Magnitude of b:	1.5907248840557	

	
SGD: Hinge Loss is	
84478.40155453	
SGD: Validation Accuracy is:	
0.76247540690395	
SGD: Magnitude of W:	
22442.977881551	
SGD: Magnitude of b:	
1.5907090789081	
    Current index:	9501	
    Magnitude of W_grad:	2.592	
    Magnitude of W:	22436.832801483	
    Magnitude of B_grad:	0.036	
    Magnitude of b:	1.590393008932	

	
    Current index:	19501	
    Magnitude of W_grad:	2.436	
    Magnitude of W:	22430.789628553	
    Magnitude of B_grad:	0	
    Magnitude of b:	1.5900770017583	

	
    Current index:	29501	
    Magnitude of W_grad:	6.7879999999999	
    Magnitude of W:	22424.824377786	
    Magnitude of B_grad:	0.388	
    Magnitude of b:	1.5897610573745	

	
    Current index:	39501	
    Magnitude of W_grad:	3.496	
    Magnitude of W:	22418.111994321	
    Magnitude of B_grad:	0.088	
    Magnitude of b:	1.589445175768	

	
    Current index:	49501	
    Magnitude of W_grad:	3.62	
    Magnitude of W:	22411.818564596	
    Magnitude of B_grad:	0.032	
    Magnitude of b:	1.5891293569264	

	
SGD: Hinge Loss is	
83663.962729605	
SGD: Validation Accuracy is:	
0.76319084242533	
SGD: Magnitude of W:	
22411.503005664	
SGD: Magnitude of b:	
1.5891135676316	
    Current index:	9501	
    Magnitude of W_grad:	2.432	
    Magnitude of W:	22405.469881935	
    Magnitude of B_grad:	0.012	
    Magnitude of b:	1.5887978146797	

	
    Current index:	19501	
    Magnitude of W_grad:	2.46	
    Magnitude of W:	22399.492157109	
    Magnitude of B_grad:	0.012	
    Magnitude of b:	1.5884821244672	

	
    Current index:	29501	
    Magnitude of W_grad:	6.7879999999999	
    Magnitude of W:	22393.615453346	
    Magnitude of B_grad:	0.388	
    Magnitude of b:	1.5881664969815	

	
    Current index:	39501	
    Magnitude of W_grad:	3.496	
    Magnitude of W:	22386.925954476	
    Magnitude of B_grad:	0.096	
    Magnitude of b:	1.5878509322102	

	
    Current index:	49501	
    Magnitude of W_grad:	3.58	
    Magnitude of W:	22380.692970005	
    Magnitude of B_grad:	0.024	
    Magnitude of b:	1.5875354301409	

	
SGD: Hinge Loss is	
83019.411367173	
SGD: Validation Accuracy is:	
0.76480057234842	
SGD: Magnitude of W:	
22380.35295253	
SGD: Magnitude of b:	
1.5875196566831	
    Current index:	9501	
    Magnitude of W_grad:	2.572	
    Magnitude of W:	22374.342672448	
    Magnitude of B_grad:	0.032	
    Magnitude of b:	1.5872042204374	

	
    Current index:	19501	
    Magnitude of W_grad:	2.404	
    Magnitude of W:	22368.366397816	
    Magnitude of B_grad:	0.004	
    Magnitude of b:	1.5868888468681	

	
    Current index:	29501	
    Magnitude of W_grad:	6.4559999999999	
    Magnitude of W:	22362.606629041	
    Magnitude of B_grad:	0.364	
    Magnitude of b:	1.5865735359628	

	
    Current index:	39501	
    Magnitude of W_grad:	3.512	
    Magnitude of W:	22355.929795116	
    Magnitude of B_grad:	0.092	
    Magnitude of b:	1.5862582877089	

	
    Current index:	49501	
    Magnitude of W_grad:	3.432	
    Magnitude of W:	22349.745544508	
    Magnitude of B_grad:	0.04	
    Magnitude of b:	1.5859431020941	

	
SGD: Hinge Loss is	
82141.64515348	
SGD: Validation Accuracy is:	
0.76480057234842	
SGD: Magnitude of W:	
22349.421314397	
SGD: Magnitude of b:	
1.5859273444575	
    Current index:	9501	
    Magnitude of W_grad:	2.432	
    Magnitude of W:	22343.470979901	
    Magnitude of B_grad:	0.012	
    Magnitude of b:	1.5856122246003	

	
    Current index:	19501	
    Magnitude of W_grad:	2.404	
    Magnitude of W:	22337.57124821	
    Magnitude of B_grad:	0.004	
    Magnitude of b:	1.5852971673566	

	
    Current index:	29501	
    Magnitude of W_grad:	6.4999999999999	
    Magnitude of W:	22331.870946033	
    Magnitude of B_grad:	0.368	
    Magnitude of b:	1.5849821727141	

	
    Current index:	39501	
    Magnitude of W_grad:	3.488	
    Magnitude of W:	22325.289440929	
    Magnitude of B_grad:	0.1	
    Magnitude of b:	1.5846672406602	

	
    Current index:	49501	
    Magnitude of W_grad:	3.324	
    Magnitude of W:	22319.222409385	
    Magnitude of B_grad:	0.012	
    Magnitude of b:	1.5843523711825	

	
SGD: Hinge Loss is	
81819.559572416	
SGD: Validation Accuracy is:	
0.76641030227151	
SGD: Magnitude of W:	
22318.88919462	
SGD: Magnitude of b:	
1.584336629351	
    Current index:	9501	
    Magnitude of W_grad:	2.44	
    Magnitude of W:	22312.99705893	
    Magnitude of B_grad:	0.02	
    Magnitude of b:	1.584021825565	

	
    Current index:	19501	
    Magnitude of W_grad:	2.404	
    Magnitude of W:	22307.094434689	
    Magnitude of B_grad:	0.004	
    Magnitude of b:	1.5837070843297	

	
    Current index:	29501	
    Magnitude of W_grad:	6.4759999999999	
    Magnitude of W:	22301.430291885	
    Magnitude of B_grad:	0.368	
    Magnitude of b:	1.5833924056328	

	
    Current index:	39501	
    Magnitude of W_grad:	3.488	
    Magnitude of W:	22294.891476816	
    Magnitude of B_grad:	0.1	
    Magnitude of b:	1.5830777894617	

	
    Current index:	49501	
    Magnitude of W_grad:	3.28	
    Magnitude of W:	22288.823051525	
    Magnitude of B_grad:	0.028	
    Magnitude of b:	1.5827632358041	

	
SGD: Hinge Loss is	
81253.471088481	
SGD: Validation Accuracy is:	
0.76641030227151	
SGD: Magnitude of W:	
22288.483946852	
SGD: Magnitude of b:	
1.5827475097619	
    Current index:	9501	
    Magnitude of W_grad:	2.424	
    Magnitude of W:	22282.691356373	
    Magnitude of B_grad:	0.016	
    Magnitude of b:	1.5824330217301	

	
    Current index:	19501	
    Magnitude of W_grad:	2.404	
    Magnitude of W:	22276.830563452	
    Magnitude of B_grad:	0.004	
    Magnitude of b:	1.5821185961862	

	
    Current index:	29501	
    Magnitude of W_grad:	6.4159999999999	
    Magnitude of W:	22271.194637434	
    Magnitude of B_grad:	0.364	
    Magnitude of b:	1.5818042331179	

	
    Current index:	39501	
    Magnitude of W_grad:	3.492	
    Magnitude of W:	22264.758731073	
    Magnitude of B_grad:	0.108	
    Magnitude of b:	1.5814899325128	

	
    Current index:	49501	
    Magnitude of W_grad:	3.072	
    Magnitude of W:	22258.701692539	
    Magnitude of B_grad:	0.056	
    Magnitude of b:	1.5811756943584	

	
SGD: Hinge Loss is	
80166.629881416	
SGD: Validation Accuracy is:	
0.76641030227151	
SGD: Magnitude of W:	
22258.365423074	
SGD: Magnitude of b:	
1.5811599840898	
    Current index:	9501	
    Magnitude of W_grad:	2.376	
    Magnitude of W:	22252.604307689	
    Magnitude of B_grad:	0.024	
    Magnitude of b:	1.5808458114954	

	
    Current index:	19501	
    Magnitude of W_grad:	2.46	
    Magnitude of W:	22246.718812753	
    Magnitude of B_grad:	0.012	
    Magnitude of b:	1.5805317013263	

	
    Current index:	29501	
    Magnitude of W_grad:	6.4639999999999	
    Magnitude of W:	22241.014111556	
    Magnitude of B_grad:	0.368	
    Magnitude of b:	1.5802176535701	

	
    Current index:	39501	
    Magnitude of W_grad:	3.48	
    Magnitude of W:	22234.624593611	
    Magnitude of B_grad:	0.1	
    Magnitude of b:	1.5799036682145	

	
    Current index:	49501	
    Magnitude of W_grad:	3.136	
    Magnitude of W:	22228.662368105	
    Magnitude of B_grad:	0.04	
    Magnitude of b:	1.5795897452469	

	
SGD: Hinge Loss is	
79786.380275929	
SGD: Validation Accuracy is:	
0.76694687891254	
SGD: Magnitude of W:	
22228.346803035	
SGD: Magnitude of b:	
1.579574050736	
    Current index:	9501	
    Magnitude of W_grad:	2.42	
    Magnitude of W:	22222.626751731	
    Magnitude of B_grad:	0.028	
    Magnitude of b:	1.5792601932626	

	
    Current index:	19501	
    Magnitude of W_grad:	2.388	
    Magnitude of W:	22216.746093069	
    Magnitude of B_grad:	0	
    Magnitude of b:	1.5789463981519	

	
    Current index:	29501	
    Magnitude of W_grad:	5.8599999999999	
    Magnitude of W:	22211.149513572	
    Magnitude of B_grad:	0.336	
    Magnitude of b:	1.5786326653916	

	
    Current index:	39501	
    Magnitude of W_grad:	3.448	
    Magnitude of W:	22204.825451826	
    Magnitude of B_grad:	0.104	
    Magnitude of b:	1.5783189949692	

	
    Current index:	49501	
    Magnitude of W_grad:	3.08	
    Magnitude of W:	22198.899410562	
    Magnitude of B_grad:	0.056	
    Magnitude of b:	1.5780053868723	

	
SGD: Hinge Loss is	
79038.004278404	
SGD: Validation Accuracy is:	
0.76730459667322	
SGD: Magnitude of W:	
22198.561199353	
SGD: Magnitude of b:	
1.5779897081033	
    Current index:	9501	
    Magnitude of W_grad:	2.376	
    Magnitude of W:	22192.930325778	
    Magnitude of B_grad:	0.032	
    Magnitude of b:	1.5776761654349	

	
    Current index:	19501	
    Magnitude of W_grad:	2.388	
    Magnitude of W:	22187.163414766	
    Magnitude of B_grad:	0	
    Magnitude of b:	1.5773626850666	

	
    Current index:	29501	
    Magnitude of W_grad:	5.8079999999999	
    Magnitude of W:	22181.537017376	
    Magnitude of B_grad:	0.332	
    Magnitude of b:	1.5770492669862	

	
    Current index:	39501	
    Magnitude of W_grad:	3.408	
    Magnitude of W:	22175.202729478	
    Magnitude of B_grad:	0.092	
    Magnitude of b:	1.5767359111811	

	
    Current index:	49501	
    Magnitude of W_grad:	3.052	
    Magnitude of W:	22169.297181476	
    Magnitude of B_grad:	0.06	
    Magnitude of b:	1.5764226176391	

	
SGD: Hinge Loss is	
78735.442047829	
SGD: Validation Accuracy is:	
0.76784117331426	
SGD: Magnitude of W:	
22168.990224142	
SGD: Magnitude of b:	
1.5764069545962	
    Current index:	9501	
    Magnitude of W_grad:	2.324	
    Magnitude of W:	22163.408023803	
    Magnitude of B_grad:	0.024	
    Magnitude of b:	1.576093726417	

	
    Current index:	19501	
    Magnitude of W_grad:	2.452	
    Magnitude of W:	22157.64112163	
    Magnitude of B_grad:	0.012	
    Magnitude of b:	1.5757805604755	

	
    Current index:	29501	
    Magnitude of W_grad:	5.7919999999999	
    Magnitude of W:	22152.105052869	
    Magnitude of B_grad:	0.336	
    Magnitude of b:	1.5754674567593	

	
    Current index:	39501	
    Magnitude of W_grad:	3.388	
    Magnitude of W:	22145.835480248	
    Magnitude of B_grad:	0.108	
    Magnitude of b:	1.575154415256	

	
    Current index:	49501	
    Magnitude of W_grad:	3.052	
    Magnitude of W:	22140.019465878	
    Magnitude of B_grad:	0.06	
    Magnitude of b:	1.5748414359533	

	
SGD: Hinge Loss is	
77974.849184825	
SGD: Validation Accuracy is:	
0.76676802003219	
SGD: Magnitude of W:	
22139.681839689	
SGD: Magnitude of b:	
1.5748257886208	
    Current index:	9501	
    Magnitude of W_grad:	2.296	
    Magnitude of W:	22134.138309865	
    Magnitude of B_grad:	0.024	
    Magnitude of b:	1.5745128746154	

	
    Current index:	19501	
    Magnitude of W_grad:	2.384	
    Magnitude of W:	22128.387863198	
    Magnitude of B_grad:	0	
    Magnitude of b:	1.5742000227852	

	
    Current index:	29501	
    Magnitude of W_grad:	5.8479999999999	
    Magnitude of W:	22122.879328293	
    Magnitude of B_grad:	0.348	
    Magnitude of b:	1.573887233118	

	
    Current index:	39501	
    Magnitude of W_grad:	3.42	
    Magnitude of W:	22116.655648347	
    Magnitude of B_grad:	0.096	
    Magnitude of b:	1.5735745056013	

	
    Current index:	49501	
    Magnitude of W_grad:	3.052	
    Magnitude of W:	22110.825020216	
    Magnitude of B_grad:	0.06	
    Magnitude of b:	1.5732618402227	

	
Done.	
Testing on validation set...	
Done	
Datafile:	/n/home09/ankitgupta/CS287/HW1/SST2-uni-sent.hdf5	Classifier:	hinge	Alpha:	0	Eta:	0.5	Lambda:	1	Minibatch size:	500	Num Epochs:	50	Minimum Sentence Length:	5	
Accuracy:	0.76766231443391	
