[?1034hDatafile:	/n/home09/ankitgupta/CS287/HW1/MPQA-uni-syns.hdf5	Classifier:	hinge	Alpha:	0	Eta:	1	Lambda:	0.5	Minibatch size:	500	Num Epochs:	50	Minimum Sentence Length:	0	
Note that not all parameters may apply to all classifiers	
Loading datafiles...	
Number of training samples before removing small sentences	10606	
Number of training samples after removing small sentences	10606	
Done.	
Training classifier...	
Parameters are:	
Eta:	
1	
Lambda:	
0.5	
Minibatch size:	
500	
Number of Epochs	
50	
SGD: Hinge Loss is	
47906.074234663	
SGD: Validation Accuracy is:	
0.51132075471698	
SGD: Magnitude of W:	
39994.823873196	
SGD: Magnitude of b:	
0.96685685466158	
    Current index:	9501	
    Magnitude of W_grad:	16.177777777778	
    Magnitude of W:	39931.127940514	
    Magnitude of B_grad:	0.97777777777778	
    Magnitude of b:	1.5656549370769	

	
SGD: Hinge Loss is	
55467.271489069	
SGD: Validation Accuracy is:	
0.7811320754717	
SGD: Magnitude of W:	
39931.127940514	
SGD: Magnitude of b:	
1.5656549370769	
    Current index:	9501	
    Magnitude of W_grad:	15.955555555556	
    Magnitude of W:	39870.092867597	
    Magnitude of B_grad:	0.93333333333333	
    Magnitude of b:	1.6220054282943	

	
SGD: Hinge Loss is	
54578.844504184	
SGD: Validation Accuracy is:	
0.80566037735849	
SGD: Magnitude of W:	
39870.092867597	
SGD: Magnitude of b:	
1.6220054282943	
    Current index:	9501	
    Magnitude of W_grad:	11.688888888889	
    Magnitude of W:	39811.026030258	
    Magnitude of B_grad:	0.84444444444444	
    Magnitude of b:	1.533342043072	

	
SGD: Hinge Loss is	
52799.982314084	
SGD: Validation Accuracy is:	
0.81603773584906	
SGD: Magnitude of W:	
39811.026030258	
SGD: Magnitude of b:	
1.533342043072	
    Current index:	9501	
    Magnitude of W_grad:	10.444444444444	
    Magnitude of W:	39752.976701176	
    Magnitude of B_grad:	0.71111111111111	
    Magnitude of b:	1.3992695663872	

	
SGD: Hinge Loss is	
51038.956164173	
SGD: Validation Accuracy is:	
0.81132075471698	
SGD: Magnitude of W:	
39752.976701176	
SGD: Magnitude of b:	
1.3992695663872	
    Current index:	9501	
    Magnitude of W_grad:	10.444444444444	
    Magnitude of W:	39696.619546319	
    Magnitude of B_grad:	0.71111111111111	
    Magnitude of b:	1.3571768374765	

	
SGD: Hinge Loss is	
49867.420905753	
SGD: Validation Accuracy is:	
0.82075471698113	
SGD: Magnitude of W:	
39696.619546319	
SGD: Magnitude of b:	
1.3571768374765	
    Current index:	9501	
    Magnitude of W_grad:	10.444444444444	
    Magnitude of W:	39641.500306781	
    Magnitude of B_grad:	0.71111111111111	
    Magnitude of b:	1.3670249276767	

	
SGD: Hinge Loss is	
48971.791015025	
SGD: Validation Accuracy is:	
0.82735849056604	
SGD: Magnitude of W:	
39641.500306781	
SGD: Magnitude of b:	
1.3670249276767	
    Current index:	9501	
    Magnitude of W_grad:	10.311111111111	
    Magnitude of W:	39587.573644002	
    Magnitude of B_grad:	0.66666666666667	
    Magnitude of b:	1.2843690470649	

	
SGD: Hinge Loss is	
47738.103049937	
SGD: Validation Accuracy is:	
0.82641509433962	
SGD: Magnitude of W:	
39587.573644002	
SGD: Magnitude of b:	
1.2843690470649	
    Current index:	9501	
    Magnitude of W_grad:	11.822222222222	
    Magnitude of W:	39534.514923536	
    Magnitude of B_grad:	0.62222222222222	
    Magnitude of b:	1.2332170425738	

	
SGD: Hinge Loss is	
46839.503241847	
SGD: Validation Accuracy is:	
0.82924528301887	
SGD: Magnitude of W:	
39534.514923536	
SGD: Magnitude of b:	
1.2332170425738	
    Current index:	9501	
    Magnitude of W_grad:	8.4444444444444	
    Magnitude of W:	39481.821488181	
    Magnitude of B_grad:	0.48888888888889	
    Magnitude of b:	1.0926878805082	

	
SGD: Hinge Loss is	
45455.118991295	
SGD: Validation Accuracy is:	
0.82547169811321	
SGD: Magnitude of W:	
39481.821488181	
SGD: Magnitude of b:	
1.0926878805082	
    Current index:	9501	
    Magnitude of W_grad:	6.2222222222222	
    Magnitude of W:	39429.814722778	
    Magnitude of B_grad:	0.4	
    Magnitude of b:	0.98525644969791	

	
SGD: Hinge Loss is	
44475.237482633	
SGD: Validation Accuracy is:	
0.81698113207547	
SGD: Magnitude of W:	
39429.814722778	
SGD: Magnitude of b:	
0.98525644969791	
    Current index:	9501	
    Magnitude of W_grad:	6.4888888888889	
    Magnitude of W:	39378.675818626	
    Magnitude of B_grad:	0.4	
    Magnitude of b:	0.9597720484615	

	
SGD: Hinge Loss is	
43709.242929263	
SGD: Validation Accuracy is:	
0.81603773584906	
SGD: Magnitude of W:	
39378.675818626	
SGD: Magnitude of b:	
0.9597720484615	
    Current index:	9501	
    Magnitude of W_grad:	4.5333333333333	
    Magnitude of W:	39328.207897474	
    Magnitude of B_grad:	0.31111111111111	
    Magnitude of b:	0.95876702533426	

	
SGD: Hinge Loss is	
42946.437561886	
SGD: Validation Accuracy is:	
0.81415094339623	
SGD: Magnitude of W:	
39328.207897474	
SGD: Magnitude of b:	
0.95876702533426	
    Current index:	9501	
    Magnitude of W_grad:	3.2	
    Magnitude of W:	39278.174999386	
    Magnitude of B_grad:	0.31111111111111	
    Magnitude of b:	0.95976106498191	

	
SGD: Hinge Loss is	
42094.873179417	
SGD: Validation Accuracy is:	
0.81415094339623	
SGD: Magnitude of W:	
39278.174999386	
SGD: Magnitude of b:	
0.95976106498191	
    Current index:	9501	
    Magnitude of W_grad:	1.6	
    Magnitude of W:	39228.763138831	
    Magnitude of B_grad:	0.22222222222222	
    Magnitude of b:	0.958756053356	

	
SGD: Hinge Loss is	
41144.212483805	
SGD: Validation Accuracy is:	
0.81037735849057	
SGD: Magnitude of W:	
39228.763138831	
SGD: Magnitude of b:	
0.958756053356	
    Current index:	9501	
    Magnitude of W_grad:	2.1777777777778	
    Magnitude of W:	39179.533434464	
    Magnitude of B_grad:	0.26666666666667	
    Magnitude of b:	0.95975010449293	

	
SGD: Hinge Loss is	
41094.574572889	
SGD: Validation Accuracy is:	
0.81415094339623	
SGD: Magnitude of W:	
39179.533434464	
SGD: Magnitude of b:	
0.95975010449293	
    Current index:	9501	
    Magnitude of W_grad:	1.6444444444444	
    Magnitude of W:	39130.799060386	
    Magnitude of B_grad:	0.26666666666667	
    Magnitude of b:	0.95874510434427	

	
SGD: Hinge Loss is	
40504.995421082	
SGD: Validation Accuracy is:	
0.81320754716981	
SGD: Magnitude of W:	
39130.799060386	
SGD: Magnitude of b:	
0.95874510434427	
    Current index:	9501	
    Magnitude of W_grad:	2.7555555555555	
    Magnitude of W:	39082.507985625	
    Magnitude of B_grad:	0.17777777777778	
    Magnitude of b:	0.95774115657924	

	
SGD: Hinge Loss is	
40195.914856447	
SGD: Validation Accuracy is:	
0.80660377358491	
SGD: Magnitude of W:	
39082.507985625	
SGD: Magnitude of b:	
0.95774115657924	
    Current index:	9501	
    Magnitude of W_grad:	2.7555555555555	
    Magnitude of W:	39034.526997738	
    Magnitude of B_grad:	0.26666666666667	
    Magnitude of b:	0.95873627046304	

	
SGD: Hinge Loss is	
39904.847033855	
SGD: Validation Accuracy is:	
0.81320754716981	
SGD: Magnitude of W:	
39034.526997738	
SGD: Magnitude of b:	
0.95873627046304	
    Current index:	9501	
    Magnitude of W_grad:	0.26666666666667	
    Magnitude of W:	38986.9629881	
    Magnitude of B_grad:	0.044444444444444	
    Magnitude of b:	0.95773233194838	

	
SGD: Hinge Loss is	
38713.332909694	
SGD: Validation Accuracy is:	
0.80188679245283	
SGD: Magnitude of W:	
38986.9629881	
SGD: Magnitude of b:	
0.95773233194838	
    Current index:	9501	
    Magnitude of W_grad:	0.66666666666667	
    Magnitude of W:	38939.855523024	
    Magnitude of B_grad:	0.088888888888889	
    Magnitude of b:	0.95872745507287	

	
SGD: Hinge Loss is	
38505.403633204	
SGD: Validation Accuracy is:	
0.80471698113208	
SGD: Magnitude of W:	
38939.855523024	
SGD: Magnitude of b:	
0.95872745507287	
    Current index:	9501	
    Magnitude of W_grad:	1.6	
    Magnitude of W:	38892.692624076	
    Magnitude of B_grad:	0.13333333333333	
    Magnitude of b:	0.95972153615643	

	
SGD: Hinge Loss is	
38455.504854784	
SGD: Validation Accuracy is:	
0.80660377358491	
SGD: Magnitude of W:	
38892.692624076	
SGD: Magnitude of b:	
0.95972153615643	
    Current index:	9501	
    Magnitude of W_grad:	4.9333333333333	
    Magnitude of W:	38846.110805203	
    Magnitude of B_grad:	0.26666666666667	
    Magnitude of b:	0.95871656592304	

	
SGD: Hinge Loss is	
38981.025401418	
SGD: Validation Accuracy is:	
0.81698113207547	
SGD: Magnitude of W:	
38846.110805203	
SGD: Magnitude of b:	
0.95871656592304	
    Current index:	9501	
    Magnitude of W_grad:	0.26666666666667	
    Magnitude of W:	38799.754062786	
    Magnitude of B_grad:	0.044444444444444	
    Magnitude of b:	0.95771264804195	

	
SGD: Hinge Loss is	
37455.628489896	
SGD: Validation Accuracy is:	
0.80377358490566	
SGD: Magnitude of W:	
38799.754062786	
SGD: Magnitude of b:	
0.95771264804195	
    Current index:	9501	
    Magnitude of W_grad:	0.71111111111111	
    Magnitude of W:	38753.588220498	
    Magnitude of B_grad:	0.13333333333333	
    Magnitude of b:	0.9587077917784	

	
SGD: Hinge Loss is	
37450.19318238	
SGD: Validation Accuracy is:	
0.81132075471698	
SGD: Magnitude of W:	
38753.588220498	
SGD: Magnitude of b:	
0.9587077917784	
    Current index:	9501	
    Magnitude of W_grad:	1.2	
    Magnitude of W:	38707.86771715	
    Magnitude of B_grad:	0.088888888888889	
    Magnitude of b:	0.95970189345234	

	
SGD: Hinge Loss is	
37028.363718755	
SGD: Validation Accuracy is:	
0.81415094339623	
SGD: Magnitude of W:	
38707.86771715	
SGD: Magnitude of b:	
0.95970189345234	
    Current index:	9501	
    Magnitude of W_grad:	1.2444444444444	
    Magnitude of W:	38661.964135101	
    Magnitude of B_grad:	0.088888888888889	
    Magnitude of b:	0.95869694378776	

	
SGD: Hinge Loss is	
36763.269660927	
SGD: Validation Accuracy is:	
0.80943396226415	
SGD: Magnitude of W:	
38661.964135101	
SGD: Magnitude of b:	
0.95869694378776	
    Current index:	9501	
    Magnitude of W_grad:	1.0666666666667	
    Magnitude of W:	38616.565850949	
    Magnitude of B_grad:	0.088888888888889	
    Magnitude of b:	0.95969105682114	

	
SGD: Hinge Loss is	
36371.62099153	
SGD: Validation Accuracy is:	
0.80943396226415	
SGD: Magnitude of W:	
38616.565850949	
SGD: Magnitude of b:	
0.95969105682114	
    Current index:	9501	
    Magnitude of W_grad:	2.9777777777778	
    Magnitude of W:	38571.681853365	
    Magnitude of B_grad:	0.088888888888889	
    Magnitude of b:	0.96068412887132	

	
SGD: Hinge Loss is	
36552.974642258	
SGD: Validation Accuracy is:	
0.81415094339623	
SGD: Magnitude of W:	
38571.681853365	
SGD: Magnitude of b:	
0.96068412887132	
    Current index:	9501	
    Magnitude of W_grad:	0	
    Magnitude of W:	38526.637276538	
    Magnitude of B_grad:	0	
    Magnitude of b:	0.95967815066114	

	
SGD: Hinge Loss is	
35729.714709481	
SGD: Validation Accuracy is:	
0.81132075471698	
SGD: Magnitude of W:	
38526.637276538	
SGD: Magnitude of b:	
0.95967815066114	
    Current index:	9501	
    Magnitude of W_grad:	0.66666666666667	
    Magnitude of W:	38481.858561213	
    Magnitude of B_grad:	0.088888888888889	
    Magnitude of b:	0.96067123622597	

	
SGD: Hinge Loss is	
35755.008098247	
SGD: Validation Accuracy is:	
0.81603773584906	
SGD: Magnitude of W:	
38481.858561213	
SGD: Magnitude of b:	
0.96067123622597	
    Current index:	9501	
    Magnitude of W_grad:	0.8	
    Magnitude of W:	38437.456045284	
    Magnitude of B_grad:	0.044444444444444	
    Magnitude of b:	0.9596652715163	

	
SGD: Hinge Loss is	
35358.126702571	
SGD: Validation Accuracy is:	
0.81698113207547	
SGD: Magnitude of W:	
38437.456045284	
SGD: Magnitude of b:	
0.9596652715163	
    Current index:	9501	
    Magnitude of W_grad:	1.5111111111111	
    Magnitude of W:	38392.917908492	
    Magnitude of B_grad:	0.13333333333333	
    Magnitude of b:	0.9606583705675	

	
SGD: Hinge Loss is	
35504.161821302	
SGD: Validation Accuracy is:	
0.82264150943396	
SGD: Magnitude of W:	
38392.917908492	
SGD: Magnitude of b:	
0.9606583705675	
    Current index:	9501	
    Magnitude of W_grad:	1.2444444444444	
    Magnitude of W:	38348.793545163	
    Magnitude of B_grad:	0.13333333333333	
    Magnitude of b:	0.96165042969727	

	
SGD: Hinge Loss is	
35166.260970716	
SGD: Validation Accuracy is:	
0.82358490566038	
SGD: Magnitude of W:	
38348.793545163	
SGD: Magnitude of b:	
0.96165042969727	
    Current index:	9501	
    Magnitude of W_grad:	0	
    Magnitude of W:	38304.758662256	
    Magnitude of B_grad:	0	
    Magnitude of b:	0.96064343962738	

	
SGD: Hinge Loss is	
34564.282388517	
SGD: Validation Accuracy is:	
0.81698113207547	
SGD: Magnitude of W:	
38304.758662256	
SGD: Magnitude of b:	
0.96064343962738	
    Current index:	9501	
    Magnitude of W_grad:	0	
    Magnitude of W:	38260.681313531	
    Magnitude of B_grad:	0	
    Magnitude of b:	0.96163551439205	

	
SGD: Hinge Loss is	
34314.161642984	
SGD: Validation Accuracy is:	
0.8188679245283	
SGD: Magnitude of W:	
38260.681313531	
SGD: Magnitude of b:	
0.96163551439205	
    Current index:	9501	
    Magnitude of W_grad:	3.2	
    Magnitude of W:	38217.092903193	
    Magnitude of B_grad:	0.13333333333333	
    Magnitude of b:	0.96262655030788	

	
SGD: Hinge Loss is	
35030.91335732	
SGD: Validation Accuracy is:	
0.82547169811321	
SGD: Magnitude of W:	
38217.092903193	
SGD: Magnitude of b:	
0.96262655030788	
    Current index:	9501	
    Magnitude of W_grad:	0	
    Magnitude of W:	38173.432400122	
    Magnitude of B_grad:	0	
    Magnitude of b:	0.9616185380955	

	
SGD: Hinge Loss is	
33959.11061274	
SGD: Validation Accuracy is:	
0.81981132075472	
SGD: Magnitude of W:	
38173.432400122	
SGD: Magnitude of b:	
0.9616185380955	
    Current index:	9501	
    Magnitude of W_grad:	1.1111111111111	
    Magnitude of W:	38129.641429996	
    Magnitude of B_grad:	0.044444444444444	
    Magnitude of b:	0.96260959178802	

	
SGD: Hinge Loss is	
33938.884864074	
SGD: Validation Accuracy is:	
0.82075471698113	
SGD: Magnitude of W:	
38129.641429996	
SGD: Magnitude of b:	
0.96260959178802	
    Current index:	9501	
    Magnitude of W_grad:	1.4666666666667	
    Magnitude of W:	38086.447894335	
    Magnitude of B_grad:	0.13333333333333	
    Magnitude of b:	0.96359960770091	

	
SGD: Hinge Loss is	
34096.76061241	
SGD: Validation Accuracy is:	
0.82641509433962	
SGD: Magnitude of W:	
38086.447894335	
SGD: Magnitude of b:	
0.96359960770091	
    Current index:	9501	
    Magnitude of W_grad:	0.4	
    Magnitude of W:	38043.270975523	
    Magnitude of B_grad:	0.044444444444444	
    Magnitude of b:	0.96458858692088	

	
SGD: Hinge Loss is	
33568.207418876	
SGD: Validation Accuracy is:	
0.82075471698113	
SGD: Magnitude of W:	
38043.270975523	
SGD: Magnitude of b:	
0.96458858692088	
    Current index:	9501	
    Magnitude of W_grad:	2.0444444444444	
    Magnitude of W:	38000.224006377	
    Magnitude of B_grad:	0.13333333333333	
    Magnitude of b:	0.9655765305335	

	
SGD: Hinge Loss is	
33756.5382089	
SGD: Validation Accuracy is:	
0.82641509433962	
SGD: Magnitude of W:	
38000.224006377	
SGD: Magnitude of b:	
0.9655765305335	
    Current index:	9501	
    Magnitude of W_grad:	0.22222222222222	
    Magnitude of W:	37957.381194113	
    Magnitude of B_grad:	0.044444444444444	
    Magnitude of b:	0.964565429256	

	
SGD: Hinge Loss is	
33207.646183234	
SGD: Validation Accuracy is:	
0.82264150943396	
SGD: Magnitude of W:	
37957.381194113	
SGD: Magnitude of b:	
0.964565429256	
    Current index:	9501	
    Magnitude of W_grad:	0	
    Magnitude of W:	37914.591372722	
    Magnitude of B_grad:	0	
    Magnitude of b:	0.96555339711812	

	
SGD: Hinge Loss is	
32903.661550054	
SGD: Validation Accuracy is:	
0.82169811320755	
SGD: Magnitude of W:	
37914.591372722	
SGD: Magnitude of b:	
0.96555339711812	
    Current index:	9501	
    Magnitude of W_grad:	2.1777777777778	
    Magnitude of W:	37871.966609867	
    Magnitude of B_grad:	0.088888888888889	
    Magnitude of b:	0.96654033043193	

	
SGD: Hinge Loss is	
33427.607558023	
SGD: Validation Accuracy is:	
0.83207547169811	
SGD: Magnitude of W:	
37871.966609867	
SGD: Magnitude of b:	
0.96654033043193	
    Current index:	9501	
    Magnitude of W_grad:	2.4	
    Magnitude of W:	37829.420398183	
    Magnitude of B_grad:	0.088888888888889	
    Magnitude of b:	0.96552821991355	

	
SGD: Hinge Loss is	
33243.083614445	
SGD: Validation Accuracy is:	
0.82924528301887	
SGD: Magnitude of W:	
37829.420398183	
SGD: Magnitude of b:	
0.96552821991355	
    Current index:	9501	
    Magnitude of W_grad:	1.0222222222222	
    Magnitude of W:	37787.111224038	
    Magnitude of B_grad:	0.088888888888889	
    Magnitude of b:	0.96651517959161	

	
SGD: Hinge Loss is	
32657.246757403	
SGD: Validation Accuracy is:	
0.82830188679245	
SGD: Magnitude of W:	
37787.111224038	
SGD: Magnitude of b:	
0.96651517959161	
    Current index:	9501	
    Magnitude of W_grad:	0.44444444444444	
    Magnitude of W:	37744.705736801	
    Magnitude of B_grad:	0.044444444444444	
    Magnitude of b:	0.96750110577707	

	
SGD: Hinge Loss is	
32367.117976266	
SGD: Validation Accuracy is:	
0.82735849056604	
SGD: Magnitude of W:	
37744.705736801	
SGD: Magnitude of b:	
0.96750110577707	
    Current index:	9501	
    Magnitude of W_grad:	0	
    Magnitude of W:	37702.45959771	
    Magnitude of B_grad:	0	
    Magnitude of b:	0.96848599955217	

	
SGD: Hinge Loss is	
32083.859247121	
SGD: Validation Accuracy is:	
0.82452830188679	
SGD: Magnitude of W:	
37702.45959771	
SGD: Magnitude of b:	
0.96848599955217	
    Current index:	9501	
    Magnitude of W_grad:	2.4	
    Magnitude of W:	37660.394269894	
    Magnitude of B_grad:	0.13333333333333	
    Magnitude of b:	0.96946986199798	

	
SGD: Hinge Loss is	
32629.641179791	
SGD: Validation Accuracy is:	
0.8311320754717	
SGD: Magnitude of W:	
37660.394269894	
SGD: Magnitude of b:	
0.96946986199798	
    Current index:	9501	
    Magnitude of W_grad:	0.4	
    Magnitude of W:	37618.568210788	
    Magnitude of B_grad:	0.044444444444444	
    Magnitude of b:	0.97045269419445	

	
Done.	
Testing on validation set...	
Done	
Datafile:	/n/home09/ankitgupta/CS287/HW1/MPQA-uni-syns.hdf5	Classifier:	hinge	Alpha:	0	Eta:	1	Lambda:	0.5	Minibatch size:	500	Num Epochs:	50	Minimum Sentence Length:	0	
Accuracy:	0.82735849056604	
