[?1034hDatafile:	/n/home09/ankitgupta/CS287/HW1/SST2-uni-syns.hdf5	Classifier:	hinge	Alpha:	0	Eta:	1	Lambda:	1	Minibatch size:	500	Num Epochs:	50	Minimum Sentence Length:	5	
Note that not all parameters may apply to all classifiers	
Loading datafiles...	
Number of training samples before removing small sentences	76961	
Number of training samples after removing small sentences	73425	
Done.	
Training classifier...	
Parameters are:	
Eta:	
1	
Lambda:	
1	
Minibatch size:	
500	
Number of Epochs	
50	
SGD: Hinge Loss is	
353413.94690762	
SGD: Validation Accuracy is:	
0.47493870879869	
SGD: Magnitude of W:	
73418.526917915	
SGD: Magnitude of b:	
1.4694456595733	
    Current index:	9501	
    Magnitude of W_grad:	22.812	
    Magnitude of W:	73365.803220637	
    Magnitude of B_grad:	0.008	
    Magnitude of b:	3.4885027603896	

	
    Current index:	19501	
    Magnitude of W_grad:	22.184	
    Magnitude of W:	73317.650097165	
    Magnitude of B_grad:	0.056	
    Magnitude of b:	2.9355118662858	

	
    Current index:	29501	
    Magnitude of W_grad:	22.244	
    Magnitude of W:	73273.853273967	
    Magnitude of B_grad:	0.008	
    Magnitude of b:	3.3265348804957	

	
    Current index:	39501	
    Magnitude of W_grad:	35.536	
    Magnitude of W:	73228.136605305	
    Magnitude of B_grad:	0.372	
    Magnitude of b:	0.55546868692354	

	
    Current index:	49501	
    Magnitude of W_grad:	26.316	
    Magnitude of W:	73178.164082185	
    Magnitude of B_grad:	0.148	
    Magnitude of b:	1.4901191612893	

	
    Current index:	59501	
    Magnitude of W_grad:	28.292	
    Magnitude of W:	73133.297665734	
    Magnitude of B_grad:	0.04	
    Magnitude of b:	1.5696192716927	

	
SGD: Hinge Loss is	
316607.83627914	
SGD: Validation Accuracy is:	
0.69871969490602	
SGD: Magnitude of W:	
73106.58978435	
SGD: Magnitude of b:	
1.2373261930801	
    Current index:	9501	
    Magnitude of W_grad:	21.764	
    Magnitude of W:	73062.903658608	
    Magnitude of B_grad:	0.04	
    Magnitude of b:	2.5861732446719	

	
    Current index:	19501	
    Magnitude of W_grad:	19.232	
    Magnitude of W:	73022.985617354	
    Magnitude of B_grad:	0.068	
    Magnitude of b:	2.3094296200591	

	
    Current index:	29501	
    Magnitude of W_grad:	21.312	
    Magnitude of W:	72985.641233403	
    Magnitude of B_grad:	0.012	
    Magnitude of b:	2.7206525033526	

	
    Current index:	39501	
    Magnitude of W_grad:	27.408	
    Magnitude of W:	72949.69202851	
    Magnitude of B_grad:	0.224	
    Magnitude of b:	0.55435183818362	

	
    Current index:	49501	
    Magnitude of W_grad:	24.648	
    Magnitude of W:	72909.570545632	
    Magnitude of B_grad:	0.196	
    Magnitude of b:	1.2959076033566	

	
    Current index:	59501	
    Magnitude of W_grad:	27.736	
    Magnitude of W:	72870.046202389	
    Magnitude of B_grad:	0.068	
    Magnitude of b:	1.3314880310457	

	
SGD: Hinge Loss is	
256523.44558213	
SGD: Validation Accuracy is:	
0.71533642059384	
SGD: Magnitude of W:	
72845.984818373	
SGD: Magnitude of b:	
0.86130679595887	
    Current index:	9501	
    Magnitude of W_grad:	21.104	
    Magnitude of W:	72808.233117081	
    Magnitude of B_grad:	0.004	
    Magnitude of b:	2.2262554003992	

	
    Current index:	19501	
    Magnitude of W_grad:	23.06	
    Magnitude of W:	72773.177686513	
    Magnitude of B_grad:	0.096	
    Magnitude of b:	2.0816083426918	

	
    Current index:	29501	
    Magnitude of W_grad:	17.208	
    Magnitude of W:	72738.749459599	
    Magnitude of B_grad:	0.012	
    Magnitude of b:	2.3409281294842	

	
    Current index:	39501	
    Magnitude of W_grad:	24.212	
    Magnitude of W:	72705.570073498	
    Magnitude of B_grad:	0.168	
    Magnitude of b:	0.55323723502681	

	
    Current index:	49501	
    Magnitude of W_grad:	23.668	
    Magnitude of W:	72669.665971762	
    Magnitude of B_grad:	0.172	
    Magnitude of b:	1.1795582784723	

	
    Current index:	59501	
    Magnitude of W_grad:	24.204	
    Magnitude of W:	72633.013875285	
    Magnitude of B_grad:	0.04	
    Magnitude of b:	1.2031856557115	

	
SGD: Hinge Loss is	
239073.41203111	
SGD: Validation Accuracy is:	
0.73140833560338	
SGD: Magnitude of W:	
72609.828588112	
SGD: Magnitude of b:	
0.93976076058916	
    Current index:	9501	
    Magnitude of W_grad:	17.032	
    Magnitude of W:	72575.226958373	
    Magnitude of B_grad:	0.016	
    Magnitude of b:	2.0118607041818	

	
    Current index:	19501	
    Magnitude of W_grad:	21.14	
    Magnitude of W:	72541.546162804	
    Magnitude of B_grad:	0.088	
    Magnitude of b:	1.9192664196029	

	
    Current index:	29501	
    Magnitude of W_grad:	16.98	
    Magnitude of W:	72508.4051527	
    Magnitude of B_grad:	0.008	
    Magnitude of b:	2.2106413849421	

	
    Current index:	39501	
    Magnitude of W_grad:	23.188	
    Magnitude of W:	72477.184920008	
    Magnitude of B_grad:	0.184	
    Magnitude of b:	0.55212487293807	

	
    Current index:	49501	
    Magnitude of W_grad:	21.972	
    Magnitude of W:	72443.405333603	
    Magnitude of B_grad:	0.16	
    Magnitude of b:	1.0698297354981	

	
    Current index:	59501	
    Magnitude of W_grad:	23.252	
    Magnitude of W:	72408.389707215	
    Magnitude of B_grad:	0.02	
    Magnitude of b:	1.0654949176379	

	
SGD: Hinge Loss is	
222077.00257665	
SGD: Validation Accuracy is:	
0.74230454916916	
SGD: Magnitude of W:	
72387.113650719	
SGD: Magnitude of b:	
0.80492056492627	
    Current index:	9501	
    Magnitude of W_grad:	15.248	
    Magnitude of W:	72353.833427404	
    Magnitude of B_grad:	0.02	
    Magnitude of b:	1.910721103415	

	
    Current index:	19501	
    Magnitude of W_grad:	18.548	
    Magnitude of W:	72321.644231162	
    Magnitude of B_grad:	0.036	
    Magnitude of b:	1.7781564558776	

	
    Current index:	29501	
    Magnitude of W_grad:	16.044	
    Magnitude of W:	72289.694577973	
    Magnitude of B_grad:	0.008	
    Magnitude of b:	2.0055816276375	

	
    Current index:	39501	
    Magnitude of W_grad:	22.584	
    Magnitude of W:	72259.081792498	
    Magnitude of B_grad:	0.16	
    Magnitude of b:	0.55101474741139	

	
    Current index:	49501	
    Magnitude of W_grad:	22.492	
    Magnitude of W:	72226.750693222	
    Magnitude of B_grad:	0.176	
    Magnitude of b:	1.0028553390815	

	
    Current index:	59501	
    Magnitude of W_grad:	21.612	
    Magnitude of W:	72193.123972282	
    Magnitude of B_grad:	0.012	
    Magnitude of b:	0.9865375806838	

	
SGD: Hinge Loss is	
207395.73152015	
SGD: Validation Accuracy is:	
0.74652683192591	
SGD: Magnitude of W:	
72172.842084797	
SGD: Magnitude of b:	
0.76236367703162	
    Current index:	9501	
    Magnitude of W_grad:	14.66	
    Magnitude of W:	72140.802548755	
    Magnitude of B_grad:	0.04	
    Magnitude of b:	1.7773160127354	

	
    Current index:	19501	
    Magnitude of W_grad:	16	
    Magnitude of W:	72109.427863756	
    Magnitude of B_grad:	0.024	
    Magnitude of b:	1.7207756962036	

	
    Current index:	29501	
    Magnitude of W_grad:	15.676	
    Magnitude of W:	72078.343553659	
    Magnitude of B_grad:	0.004	
    Magnitude of b:	1.9242238605841	

	
    Current index:	39501	
    Magnitude of W_grad:	21.72	
    Magnitude of W:	72048.922000947	
    Magnitude of B_grad:	0.156	
    Magnitude of b:	0.54990685394986	

	
    Current index:	49501	
    Magnitude of W_grad:	21.204	
    Magnitude of W:	72017.566923307	
    Magnitude of B_grad:	0.136	
    Magnitude of b:	0.9241943787583	

	
    Current index:	59501	
    Magnitude of W_grad:	18.088	
    Magnitude of W:	71985.333307674	
    Magnitude of B_grad:	0.028	
    Magnitude of b:	0.91590484203887	

	
SGD: Hinge Loss is	
201174.36428027	
SGD: Validation Accuracy is:	
0.75374557341324	
SGD: Magnitude of W:	
71965.610065885	
SGD: Magnitude of b:	
0.74852162802305	
    Current index:	9501	
    Magnitude of W_grad:	15.92	
    Magnitude of W:	71935.476976383	
    Magnitude of B_grad:	0.06	
    Magnitude of b:	1.6751809273056	

	
    Current index:	19501	
    Magnitude of W_grad:	15.696	
    Magnitude of W:	71905.080114162	
    Magnitude of B_grad:	0.036	
    Magnitude of b:	1.6186710337462	

	
    Current index:	29501	
    Magnitude of W_grad:	16.336	
    Magnitude of W:	71874.612674975	
    Magnitude of B_grad:	0.012	
    Magnitude of b:	1.8181560878287	

	
    Current index:	39501	
    Magnitude of W_grad:	20.596	
    Magnitude of W:	71845.990816585	
    Magnitude of B_grad:	0.124	
    Magnitude of b:	0.54880118806559	

	
    Current index:	49501	
    Magnitude of W_grad:	19.388	
    Magnitude of W:	71815.60128111	
    Magnitude of B_grad:	0.108	
    Magnitude of b:	0.83023779021159	

	
    Current index:	59501	
    Magnitude of W_grad:	17.168	
    Magnitude of W:	71785.05079076	
    Magnitude of B_grad:	0.032	
    Magnitude of b:	0.77797844138716	

	
SGD: Hinge Loss is	
194017.44206505	
SGD: Validation Accuracy is:	
0.75851266684827	
SGD: Magnitude of W:	
71765.590904523	
SGD: Magnitude of b:	
0.72739564363533	
    Current index:	9501	
    Magnitude of W_grad:	13.5	
    Magnitude of W:	71736.585915417	
    Magnitude of B_grad:	0.052	
    Magnitude of b:	1.6163170419564	

	
    Current index:	19501	
    Magnitude of W_grad:	15.552	
    Magnitude of W:	71706.616940953	
    Magnitude of B_grad:	0.048	
    Magnitude of b:	1.499831316336	

	
    Current index:	29501	
    Magnitude of W_grad:	17.292	
    Magnitude of W:	71676.845161457	
    Magnitude of B_grad:	0.024	
    Magnitude of b:	1.7113384728557	

	
    Current index:	39501	
    Magnitude of W_grad:	20.676	
    Magnitude of W:	71648.713876361	
    Magnitude of B_grad:	0.148	
    Magnitude of b:	0.54769774527973	

	
    Current index:	49501	
    Magnitude of W_grad:	19.656	
    Magnitude of W:	71619.206687787	
    Magnitude of B_grad:	0.124	
    Magnitude of b:	0.84104238939687	

	
    Current index:	59501	
    Magnitude of W_grad:	15.828	
    Magnitude of W:	71589.231312946	
    Magnitude of B_grad:	0.048	
    Magnitude of b:	0.68879665739492	

	
SGD: Hinge Loss is	
185457.41960708	
SGD: Validation Accuracy is:	
0.76219013892672	
SGD: Magnitude of W:	
71570.454476352	
SGD: Magnitude of b:	
0.6218361952671	
    Current index:	9501	
    Magnitude of W_grad:	15.376	
    Magnitude of W:	71542.106570281	
    Magnitude of B_grad:	0.052	
    Magnitude of b:	1.6218778954925	

	
    Current index:	19501	
    Magnitude of W_grad:	12.784	
    Magnitude of W:	71513.05472451	
    Magnitude of B_grad:	0.036	
    Magnitude of b:	1.5054020468079	

	
    Current index:	29501	
    Magnitude of W_grad:	17.468	
    Magnitude of W:	71483.946424316	
    Magnitude of B_grad:	0.028	
    Magnitude of b:	1.6569219828499	

	
    Current index:	39501	
    Magnitude of W_grad:	19.38	
    Magnitude of W:	71456.418578128	
    Magnitude of B_grad:	0.128	
    Magnitude of b:	0.5465965211224	

	
    Current index:	49501	
    Magnitude of W_grad:	16.604	
    Magnitude of W:	71427.245998726	
    Magnitude of B_grad:	0.088	
    Magnitude of b:	0.74344737646923	

	
    Current index:	59501	
    Magnitude of W_grad:	15.688	
    Magnitude of W:	71397.86768741	
    Magnitude of B_grad:	0.028	
    Magnitude of b:	0.67122100996878	

	
SGD: Hinge Loss is	
179737.64677738	
SGD: Validation Accuracy is:	
0.76368836829202	
SGD: Magnitude of W:	
71379.503034486	
SGD: Magnitude of b:	
0.63304830609903	
    Current index:	9501	
    Magnitude of W_grad:	14.584	
    Magnitude of W:	71352.153448642	
    Magnitude of B_grad:	0.044	
    Magnitude of b:	1.5106861846959	

	
    Current index:	19501	
    Magnitude of W_grad:	12.264	
    Magnitude of W:	71323.647711093	
    Magnitude of B_grad:	0.06	
    Magnitude of b:	1.4462368422541	

	
    Current index:	29501	
    Magnitude of W_grad:	17.072	
    Magnitude of W:	71295.250283403	
    Magnitude of B_grad:	0.028	
    Magnitude of b:	1.6137747426281	

	
    Current index:	39501	
    Magnitude of W_grad:	19.064	
    Magnitude of W:	71268.574295179	
    Magnitude of B_grad:	0.136	
    Magnitude of b:	0.54549751113276	

	
    Current index:	49501	
    Magnitude of W_grad:	16.784	
    Magnitude of W:	71239.871716766	
    Magnitude of B_grad:	0.08	
    Magnitude of b:	0.77458466743767	

	
    Current index:	59501	
    Magnitude of W_grad:	15.716	
    Magnitude of W:	71211.412764911	
    Magnitude of B_grad:	0.036	
    Magnitude of b:	0.6263687301739	

	
SGD: Hinge Loss is	
174590.85598403	
SGD: Validation Accuracy is:	
0.76763824570962	
SGD: Magnitude of W:	
71193.786734519	
SGD: Magnitude of b:	
0.57581284997547	
    Current index:	9501	
    Magnitude of W_grad:	15.484	
    Magnitude of W:	71166.892887082	
    Magnitude of B_grad:	0.048	
    Magnitude of b:	1.5399221751003	

	
    Current index:	19501	
    Magnitude of W_grad:	14.072	
    Magnitude of W:	71138.858684719	
    Magnitude of B_grad:	0.076	
    Magnitude of b:	1.3914770588183	

	
    Current index:	29501	
    Magnitude of W_grad:	18.624	
    Magnitude of W:	71110.751222265	
    Magnitude of B_grad:	0.04	
    Magnitude of b:	1.5870255989637	

	
    Current index:	39501	
    Magnitude of W_grad:	19.476	
    Magnitude of W:	71084.002825801	
    Magnitude of B_grad:	0.14	
    Magnitude of b:	0.54440071085889	

	
    Current index:	49501	
    Magnitude of W_grad:	15.172	
    Magnitude of W:	71055.701082632	
    Magnitude of B_grad:	0.044	
    Magnitude of b:	0.7373233145245	

	
    Current index:	59501	
    Magnitude of W_grad:	15.904	
    Magnitude of W:	71028.52076437	
    Magnitude of B_grad:	0.016	
    Magnitude of b:	0.5851178061942	

	
SGD: Hinge Loss is	
168118.30348129	
SGD: Validation Accuracy is:	
0.76668482702261	
SGD: Magnitude of W:	
71010.516038973	
SGD: Magnitude of b:	
0.5439642548153	
    Current index:	9501	
    Magnitude of W_grad:	15.328	
    Magnitude of W:	70984.133840018	
    Magnitude of B_grad:	0.048	
    Magnitude of b:	1.4615561284447	

	
    Current index:	19501	
    Magnitude of W_grad:	12.672	
    Magnitude of W:	70956.553780778	
    Magnitude of B_grad:	0.084	
    Magnitude of b:	1.3371318213929	

	
    Current index:	29501	
    Magnitude of W_grad:	17.68	
    Magnitude of W:	70929.385123892	
    Magnitude of B_grad:	0.036	
    Magnitude of b:	1.5286931149757	

	
    Current index:	39501	
    Magnitude of W_grad:	20.34	
    Magnitude of W:	70903.526332131	
    Magnitude of B_grad:	0.168	
    Magnitude of b:	0.54330611585786	

	
    Current index:	49501	
    Magnitude of W_grad:	14.36	
    Magnitude of W:	70875.614239668	
    Magnitude of B_grad:	0.044	
    Magnitude of b:	0.71164936803402	

	
    Current index:	59501	
    Magnitude of W_grad:	14.952	
    Magnitude of W:	70848.929751027	
    Magnitude of B_grad:	0.024	
    Magnitude of b:	0.54745937581819	

	
SGD: Hinge Loss is	
164375.26515224	
SGD: Validation Accuracy is:	
0.76900027240534	
SGD: Magnitude of W:	
70831.304914104	
SGD: Magnitude of b:	
0.54287053737117	
    Current index:	9501	
    Magnitude of W_grad:	15.26	
    Magnitude of W:	70805.269466725	
    Magnitude of B_grad:	0.032	
    Magnitude of b:	1.419207499038	

	
    Current index:	19501	
    Magnitude of W_grad:	11.18	
    Magnitude of W:	70777.747770754	
    Magnitude of B_grad:	0.068	
    Magnitude of b:	1.2507953417553	

	
    Current index:	29501	
    Magnitude of W_grad:	15.544	
    Magnitude of W:	70750.986406107	
    Magnitude of B_grad:	0.012	
    Magnitude of b:	1.4743673284089	

	
    Current index:	39501	
    Magnitude of W_grad:	17.092	
    Magnitude of W:	70725.694152425	
    Magnitude of B_grad:	0.116	
    Magnitude of b:	0.54221372169564	

	
    Current index:	49501	
    Magnitude of W_grad:	13.936	
    Magnitude of W:	70698.186003173	
    Magnitude of B_grad:	0.06	
    Magnitude of b:	0.69396957418231	

	
    Current index:	59501	
    Magnitude of W_grad:	14.388	
    Magnitude of W:	70671.801517865	
    Magnitude of B_grad:	0.004	
    Magnitude of b:	0.54188561192194	

	
SGD: Hinge Loss is	
162721.16562209	
SGD: Validation Accuracy is:	
0.77376736584037	
SGD: Magnitude of W:	
70654.548868268	
SGD: Magnitude of b:	
0.54177901900141	
    Current index:	9501	
    Magnitude of W_grad:	12.7	
    Magnitude of W:	70629.149900284	
    Magnitude of B_grad:	0.008	
    Magnitude of b:	1.3804901372463	

	
    Current index:	19501	
    Magnitude of W_grad:	11.252	
    Magnitude of W:	70602.431510343	
    Magnitude of B_grad:	0.064	
    Magnitude of b:	1.2520842490672	

	
    Current index:	29501	
    Magnitude of W_grad:	14.164	
    Magnitude of W:	70576.156212082	
    Magnitude of B_grad:	0.012	
    Magnitude of b:	1.4436631689013	

	
    Current index:	39501	
    Magnitude of W_grad:	20.296	
    Magnitude of W:	70550.94524307	
    Magnitude of B_grad:	0.188	
    Magnitude of b:	0.54112352394714	

	
    Current index:	49501	
    Magnitude of W_grad:	13.844	
    Magnitude of W:	70523.501762867	
    Magnitude of B_grad:	0.052	
    Magnitude of b:	0.70066435117936	

	
    Current index:	59501	
    Magnitude of W_grad:	14.672	
    Magnitude of W:	70497.762266622	
    Magnitude of B_grad:	0.02	
    Magnitude of b:	0.54079607388477	

	
SGD: Hinge Loss is	
155786.78112847	
SGD: Validation Accuracy is:	
0.77335875783165	
SGD: Magnitude of W:	
70480.528684228	
SGD: Magnitude of b:	
0.54068969528445	
    Current index:	9501	
    Magnitude of W_grad:	13.876	
    Magnitude of W:	70455.575501996	
    Magnitude of B_grad:	0.008	
    Magnitude of b:	1.3741794175211	

	
    Current index:	19501	
    Magnitude of W_grad:	12.604	
    Magnitude of W:	70428.966664979	
    Magnitude of B_grad:	0.076	
    Magnitude of b:	1.229783912052	

	
    Current index:	29501	
    Magnitude of W_grad:	13.5	
    Magnitude of W:	70403.288082912	
    Magnitude of B_grad:	0.008	
    Magnitude of b:	1.4093693983538	

	
    Current index:	39501	
    Magnitude of W_grad:	19.752	
    Magnitude of W:	70378.889593703	
    Magnitude of B_grad:	0.188	
    Magnitude of b:	0.54003551819616	

	
    Current index:	49501	
    Magnitude of W_grad:	12.816	
    Magnitude of W:	70352.102005776	
    Magnitude of B_grad:	0.04	
    Magnitude of b:	0.64695352925547	

	
    Current index:	59501	
    Magnitude of W_grad:	14.212	
    Magnitude of W:	70326.652505374	
    Magnitude of B_grad:	0.028	
    Magnitude of b:	0.53970872651868	

	
SGD: Hinge Loss is	
156329.20684117	
SGD: Validation Accuracy is:	
0.77621901389267	
SGD: Magnitude of W:	
70309.530984406	
SGD: Magnitude of b:	
0.53960256180765	
    Current index:	9501	
    Magnitude of W_grad:	12.54	
    Magnitude of W:	70284.988250091	
    Magnitude of B_grad:	0.016	
    Magnitude of b:	1.3154917286322	

	
    Current index:	19501	
    Magnitude of W_grad:	12.388	
    Magnitude of W:	70258.588911162	
    Magnitude of B_grad:	0.092	
    Magnitude of b:	1.2111088987814	

	
    Current index:	29501	
    Magnitude of W_grad:	12.312	
    Magnitude of W:	70233.283899791	
    Magnitude of B_grad:	0.036	
    Magnitude of b:	1.394697191983	

	
    Current index:	39501	
    Magnitude of W_grad:	17.844	
    Magnitude of W:	70208.775092232	
    Magnitude of B_grad:	0.156	
    Magnitude of b:	0.53894970003536	

	
    Current index:	49501	
    Magnitude of W_grad:	13.072	
    Magnitude of W:	70181.990462221	
    Magnitude of B_grad:	0.048	
    Magnitude of b:	0.62562297114338	

	
    Current index:	59501	
    Magnitude of W_grad:	13.912	
    Magnitude of W:	70156.988793964	
    Magnitude of B_grad:	0.02	
    Magnitude of b:	0.538623565419	

	
SGD: Hinge Loss is	
151264.94374212	
SGD: Validation Accuracy is:	
0.77826205393626	
SGD: Magnitude of W:	
70140.485633819	
SGD: Magnitude of b:	
0.53851761416721	
    Current index:	9501	
    Magnitude of W_grad:	12.172	
    Magnitude of W:	70116.090655941	
    Magnitude of B_grad:	0.04	
    Magnitude of b:	1.3055871325825	

	
    Current index:	19501	
    Magnitude of W_grad:	13.612	
    Magnitude of W:	70089.88432535	
    Magnitude of B_grad:	0.092	
    Magnitude of b:	1.1892100838105	

	
    Current index:	29501	
    Magnitude of W_grad:	12.492	
    Magnitude of W:	70064.785283317	
    Magnitude of B_grad:	0.032	
    Magnitude of b:	1.3328082723922	

	
    Current index:	39501	
    Magnitude of W_grad:	16.428	
    Magnitude of W:	70040.94824509	
    Magnitude of B_grad:	0.116	
    Magnitude of b:	0.5378660650663	

	
    Current index:	49501	
    Magnitude of W_grad:	13.668	
    Magnitude of W:	70014.21654963	
    Magnitude of B_grad:	0.04	
    Magnitude of b:	0.61150808572299	

	
    Current index:	59501	
    Magnitude of W_grad:	14.052	
    Magnitude of W:	69989.038649318	
    Magnitude of B_grad:	0.056	
    Magnitude of b:	0.53754058618994	

	
SGD: Hinge Loss is	
146958.44545967	
SGD: Validation Accuracy is:	
0.77581040588396	
SGD: Magnitude of W:	
69972.18629755	
SGD: Magnitude of b:	
0.5374348479682	
    Current index:	9501	
    Magnitude of W_grad:	12.7	
    Magnitude of W:	69948.26813935	
    Magnitude of B_grad:	0.012	
    Magnitude of b:	1.2716965752395	

	
    Current index:	19501	
    Magnitude of W_grad:	11.704	
    Magnitude of W:	69922.641953471	
    Magnitude of B_grad:	0.08	
    Magnitude of b:	1.1513330504591	

	
    Current index:	29501	
    Magnitude of W_grad:	13.06	
    Magnitude of W:	69897.71664033	
    Magnitude of B_grad:	0.024	
    Magnitude of b:	1.2989451219838	

	
    Current index:	39501	
    Magnitude of W_grad:	20.288	
    Magnitude of W:	69874.231717419	
    Magnitude of B_grad:	0.196	
    Magnitude of b:	0.53678460889936	

	
    Current index:	49501	
    Magnitude of W_grad:	12.32	
    Magnitude of W:	69847.612260692	
    Magnitude of B_grad:	0.008	
    Magnitude of b:	0.56936817445126	

	
    Current index:	59501	
    Magnitude of W_grad:	12.788	
    Magnitude of W:	69823.123848661	
    Magnitude of B_grad:	0.02	
    Magnitude of b:	0.53645978444453	

	
SGD: Hinge Loss is	
145699.15089595	
SGD: Validation Accuracy is:	
0.77812585126668	
SGD: Magnitude of W:	
69806.555498455	
SGD: Magnitude of b:	
0.53635425882452	
    Current index:	9501	
    Magnitude of W_grad:	11.96	
    Magnitude of W:	69782.872202274	
    Magnitude of B_grad:	0.028	
    Magnitude of b:	1.2462082593034	

	
    Current index:	19501	
    Magnitude of W_grad:	14.528	
    Magnitude of W:	69757.413582816	
    Magnitude of B_grad:	0.12	
    Magnitude of b:	1.1418497240435	

	
    Current index:	29501	
    Magnitude of W_grad:	12.72	
    Magnitude of W:	69732.648844485	
    Magnitude of B_grad:	0.02	
    Magnitude of b:	1.3334585521408	

	
    Current index:	39501	
    Magnitude of W_grad:	18.512	
    Magnitude of W:	69709.283486976	
    Magnitude of B_grad:	0.152	
    Magnitude of b:	0.53570532715374	

	
    Current index:	49501	
    Magnitude of W_grad:	13.088	
    Magnitude of W:	69682.925917997	
    Magnitude of B_grad:	0.024	
    Magnitude of b:	0.55487399577815	

	
    Current index:	59501	
    Magnitude of W_grad:	13.496	
    Magnitude of W:	69658.539145687	
    Magnitude of B_grad:	0.084	
    Magnitude of b:	0.53538115580464	

	
SGD: Hinge Loss is	
145604.36642828	
SGD: Validation Accuracy is:	
0.78221193135385	
SGD: Magnitude of W:	
69641.982906412	
SGD: Magnitude of b:	
0.53527584235888	
    Current index:	9501	
    Magnitude of W_grad:	13.14	
    Magnitude of W:	69618.731877752	
    Magnitude of B_grad:	0.008	
    Magnitude of b:	1.2351450800235	

	
    Current index:	19501	
    Magnitude of W_grad:	9.4319999999998	
    Magnitude of W:	69593.938946426	
    Magnitude of B_grad:	0.028	
    Magnitude of b:	1.074786866319	

	
    Current index:	29501	
    Magnitude of W_grad:	11.804	
    Magnitude of W:	69569.220364104	
    Magnitude of B_grad:	0.052	
    Magnitude of b:	1.254409936635	

	
    Current index:	39501	
    Magnitude of W_grad:	17.52	
    Magnitude of W:	69546.36563809	
    Magnitude of B_grad:	0.144	
    Magnitude of b:	0.53462821545746	

	
    Current index:	49501	
    Magnitude of W_grad:	11.788	
    Magnitude of W:	69520.352283856	
    Magnitude of B_grad:	0.008	
    Magnitude of b:	0.53446643120036	

	
    Current index:	59501	
    Magnitude of W_grad:	13.46	
    Magnitude of W:	69496.124880926	
    Magnitude of B_grad:	0.06	
    Magnitude of b:	0.53430469590093	

	
SGD: Hinge Loss is	
143939.36682543	
SGD: Validation Accuracy is:	
0.78534459275402	
SGD: Magnitude of W:	
69479.772260777	
SGD: Magnitude of b:	
0.53419959420282	
    Current index:	9501	
    Magnitude of W_grad:	11.236	
    Magnitude of W:	69456.565660088	
    Magnitude of B_grad:	0.028	
    Magnitude of b:	1.2048771260801	

	
    Current index:	19501	
    Magnitude of W_grad:	11	
    Magnitude of W:	69431.963523373	
    Magnitude of B_grad:	0.056	
    Magnitude of b:	1.0965166329283	

	
    Current index:	29501	
    Magnitude of W_grad:	12.316	
    Magnitude of W:	69407.478085671	
    Magnitude of B_grad:	0.024	
    Magnitude of b:	1.3001306458783	

	
    Current index:	39501	
    Magnitude of W_grad:	14.84	
    Magnitude of W:	69384.584876168	
    Magnitude of B_grad:	0.064	
    Magnitude of b:	0.53355326944732	

	
    Current index:	49501	
    Magnitude of W_grad:	12.68	
    Magnitude of W:	69359.044715229	
    Magnitude of B_grad:	0.048	
    Magnitude of b:	0.55820228093212	

	
    Current index:	59501	
    Magnitude of W_grad:	12.216	
    Magnitude of W:	69335.041368411	
    Magnitude of B_grad:	0.036	
    Magnitude of b:	0.53123145939035	

	
SGD: Hinge Loss is	
140456.09300462	
SGD: Validation Accuracy is:	
0.78398256605829	
SGD: Magnitude of W:	
69318.85155544	
SGD: Magnitude of b:	
0.53112696222067	
    Current index:	9501	
    Magnitude of W_grad:	11.288	
    Magnitude of W:	69296.066140413	
    Magnitude of B_grad:	0.012	
    Magnitude of b:	1.1565836878987	

	
    Current index:	19501	
    Magnitude of W_grad:	11.808	
    Magnitude of W:	69271.345156122	
    Magnitude of B_grad:	0.056	
    Magnitude of b:	1.0282375061084	

	
    Current index:	29501	
    Magnitude of W_grad:	12.544	
    Magnitude of W:	69246.653480569	
    Magnitude of B_grad:	0.032	
    Magnitude of b:	1.2838661285765	

	
    Current index:	39501	
    Magnitude of W_grad:	16.1	
    Magnitude of W:	69224.412174566	
    Magnitude of B_grad:	0.1	
    Magnitude of b:	0.53048435502343	

	
    Current index:	49501	
    Magnitude of W_grad:	12.98	
    Magnitude of W:	69199.283561018	
    Magnitude of B_grad:	0.044	
    Magnitude of b:	0.53846276676138	

	
    Current index:	59501	
    Magnitude of W_grad:	13.012	
    Magnitude of W:	69175.616474138	
    Magnitude of B_grad:	0.068	
    Magnitude of b:	0.52816440205856	

	
SGD: Hinge Loss is	
143029.83680065	
SGD: Validation Accuracy is:	
0.79120130754563	
SGD: Magnitude of W:	
69159.59553752	
SGD: Magnitude of b:	
0.52806050820181	
    Current index:	9501	
    Magnitude of W_grad:	11.06	
    Magnitude of W:	69136.640747473	
    Magnitude of B_grad:	0.036	
    Magnitude of b:	1.1675349899985	

	
    Current index:	19501	
    Magnitude of W_grad:	10.452	
    Magnitude of W:	69111.999622994	
    Magnitude of B_grad:	0.04	
    Magnitude of b:	1.0151927570624	

	
    Current index:	29501	
    Magnitude of W_grad:	11.884	
    Magnitude of W:	69087.563334944	
    Magnitude of B_grad:	0.032	
    Magnitude of b:	1.2708296238465	

	
    Current index:	39501	
    Magnitude of W_grad:	18.224	
    Magnitude of W:	69065.559064888	
    Magnitude of B_grad:	0.144	
    Magnitude of b:	0.52742161108815	

	
    Current index:	49501	
    Magnitude of W_grad:	11.436	
    Magnitude of W:	69040.405231903	
    Magnitude of B_grad:	0.012	
    Magnitude of b:	0.5252624615605	

	
    Current index:	59501	
    Magnitude of W_grad:	12.196	
    Magnitude of W:	69017.06721147	
    Magnitude of B_grad:	0.04	
    Magnitude of b:	0.52510351148143	

	
SGD: Hinge Loss is	
137277.68142502	
SGD: Validation Accuracy is:	
0.78575320076273	
SGD: Magnitude of W:	
69000.720258589	
SGD: Magnitude of b:	
0.52500021972457	
    Current index:	9501	
    Magnitude of W_grad:	12.384	
    Magnitude of W:	68978.146389689	
    Magnitude of B_grad:	0.004	
    Magnitude of b:	1.1756503583217	

	
    Current index:	19501	
    Magnitude of W_grad:	9.8319999999998	
    Magnitude of W:	68953.949961032	
    Magnitude of B_grad:	0.048	
    Magnitude of b:	1.0033108139366	

	
    Current index:	29501	
    Magnitude of W_grad:	11.712	
    Magnitude of W:	68930.023859962	
    Magnitude of B_grad:	0.032	
    Magnitude of b:	1.2549477662696	

	
    Current index:	39501	
    Magnitude of W_grad:	15.476	
    Magnitude of W:	68907.721902282	
    Magnitude of B_grad:	0.104	
    Magnitude of b:	0.52436502523484	

	
    Current index:	49501	
    Magnitude of W_grad:	12.896	
    Magnitude of W:	68882.973017792	
    Magnitude of B_grad:	0.068	
    Magnitude of b:	0.522206800663	

	
    Current index:	59501	
    Magnitude of W_grad:	11.82	
    Magnitude of W:	68859.766837828	
    Magnitude of B_grad:	0.036	
    Magnitude of b:	0.52204877525983	

	
SGD: Hinge Loss is	
136802.33640459	
SGD: Validation Accuracy is:	
0.78874965949333	
SGD: Magnitude of W:	
68843.905888947	
SGD: Magnitude of b:	
0.52194608439225	
    Current index:	9501	
    Magnitude of W_grad:	10.104	
    Magnitude of W:	68821.537949233	
    Magnitude of B_grad:	0.024	
    Magnitude of b:	1.1306098741372	

	
    Current index:	19501	
    Magnitude of W_grad:	10.832	
    Magnitude of W:	68797.172015911	
    Magnitude of B_grad:	0.076	
    Magnitude of b:	1.00627742303	

	
    Current index:	29501	
    Magnitude of W_grad:	12.044	
    Magnitude of W:	68773.197595883	
    Magnitude of B_grad:	0.028	
    Magnitude of b:	1.2459183192528	

	
    Current index:	39501	
    Magnitude of W_grad:	14.556	
    Magnitude of W:	68751.19449082	
    Magnitude of B_grad:	0.052	
    Magnitude of b:	0.5213145850818	

	
    Current index:	49501	
    Magnitude of W_grad:	12.58	
    Magnitude of W:	68726.555858411	
    Magnitude of B_grad:	0.036	
    Magnitude of b:	0.52115682967268	

	
    Current index:	59501	
    Magnitude of W_grad:	12.308	
    Magnitude of W:	68703.326986588	
    Magnitude of B_grad:	0.056	
    Magnitude of b:	0.52099912200204	

	
SGD: Hinge Loss is	
136259.41123482	
SGD: Validation Accuracy is:	
0.79297194225007	
SGD: Magnitude of W:	
68687.324759036	
SGD: Magnitude of b:	
0.52089663760904	
    Current index:	9501	
    Magnitude of W_grad:	12.264	
    Magnitude of W:	68664.887522401	
    Magnitude of B_grad:	0.004	
    Magnitude of b:	1.1195878626953	

	
    Current index:	19501	
    Magnitude of W_grad:	10.228	
    Magnitude of W:	68640.866934958	
    Magnitude of B_grad:	0.048	
    Magnitude of b:	0.95126147047588	

	
    Current index:	29501	
    Magnitude of W_grad:	12.504	
    Magnitude of W:	68617.075587461	
    Magnitude of B_grad:	0.008	
    Magnitude of b:	1.2189185310557	

	
    Current index:	39501	
    Magnitude of W_grad:	16.24	
    Magnitude of W:	68595.493447323	
    Magnitude of B_grad:	0.116	
    Magnitude of b:	0.52026640801771	

	
    Current index:	49501	
    Magnitude of W_grad:	11.352	
    Magnitude of W:	68570.810093677	
    Magnitude of B_grad:	0.052	
    Magnitude of b:	0.52010896979826	

	
    Current index:	59501	
    Magnitude of W_grad:	12.168	
    Magnitude of W:	68547.815228087	
    Magnitude of B_grad:	0.06	
    Magnitude of b:	0.5199515792213	

	
SGD: Hinge Loss is	
131959.27432526	
SGD: Validation Accuracy is:	
0.78915826750204	
SGD: Magnitude of W:	
68531.731073681	
SGD: Magnitude of b:	
0.51984930088774	
    Current index:	9501	
    Magnitude of W_grad:	9.8799999999998	
    Magnitude of W:	68509.361393463	
    Magnitude of B_grad:	0.044	
    Magnitude of b:	1.1133826401296	

	
    Current index:	19501	
    Magnitude of W_grad:	9.5599999999998	
    Magnitude of W:	68485.349766486	
    Magnitude of B_grad:	0.016	
    Magnitude of b:	0.9410602440961	

	
    Current index:	29501	
    Magnitude of W_grad:	12.636	
    Magnitude of W:	68461.914013595	
    Magnitude of B_grad:	0	
    Magnitude of b:	1.1887231152458	

	
    Current index:	39501	
    Magnitude of W_grad:	17.856	
    Magnitude of W:	68440.481831282	
    Magnitude of B_grad:	0.136	
    Magnitude of b:	0.51922033846258	

	
    Current index:	49501	
    Magnitude of W_grad:	12.56	
    Magnitude of W:	68416.176804229	
    Magnitude of B_grad:	0.072	
    Magnitude of b:	0.51906321679504	

	
    Current index:	59501	
    Magnitude of W_grad:	12.584	
    Magnitude of W:	68393.291136005	
    Magnitude of B_grad:	0.092	
    Magnitude of b:	0.51890614267421	

	
SGD: Hinge Loss is	
137393.36027435	
SGD: Validation Accuracy is:	
0.79705802233724	
SGD: Magnitude of W:	
68377.827352978	
SGD: Magnitude of b:	
0.51880406998577	
    Current index:	9501	
    Magnitude of W_grad:	13.22	
    Magnitude of W:	68355.850828878	
    Magnitude of B_grad:	0.008	
    Magnitude of b:	1.1016184944063	

	
    Current index:	19501	
    Magnitude of W_grad:	9.8479999999998	
    Magnitude of W:	68332.461693675	
    Magnitude of B_grad:	0.048	
    Magnitude of b:	0.9372974794721	

	
    Current index:	29501	
    Magnitude of W_grad:	12.756	
    Magnitude of W:	68308.88920882	
    Magnitude of B_grad:	0.036	
    Magnitude of b:	1.1729624575021	

	
    Current index:	39501	
    Magnitude of W_grad:	14.416	
    Magnitude of W:	68287.670966018	
    Magnitude of B_grad:	0.08	
    Magnitude of b:	0.51817637217896	

	
    Current index:	49501	
    Magnitude of W_grad:	12.304	
    Magnitude of W:	68263.633982577	
    Magnitude of B_grad:	0.068	
    Magnitude of b:	0.51801956642686	

	
    Current index:	59501	
    Magnitude of W_grad:	12.144	
    Magnitude of W:	68240.957232995	
    Magnitude of B_grad:	0.064	
    Magnitude of b:	0.51786280812587	

	
SGD: Hinge Loss is	
129615.50586218	
SGD: Validation Accuracy is:	
0.79201852356306	
SGD: Magnitude of W:	
68225.515067323	
SGD: Magnitude of b:	
0.51776094066909	
    Current index:	9501	
    Magnitude of W_grad:	9.6799999999998	
    Magnitude of W:	68203.526421278	
    Magnitude of B_grad:	0.032	
    Magnitude of b:	1.0994178803892	

	
    Current index:	19501	
    Magnitude of W_grad:	9.6559999999998	
    Magnitude of W:	68180.30388198	
    Magnitude of B_grad:	0.04	
    Magnitude of b:	0.92710086025268	

	
    Current index:	29501	
    Magnitude of W_grad:	12.528	
    Magnitude of W:	68156.750235582	
    Magnitude of B_grad:	0.004	
    Magnitude of b:	1.210765534669	

	
    Current index:	39501	
    Magnitude of W_grad:	14.58	
    Magnitude of W:	68135.670649753	
    Magnitude of B_grad:	0.084	
    Magnitude of b:	0.51713450493792	

	
    Current index:	49501	
    Magnitude of W_grad:	13.2	
    Magnitude of W:	68112.03155614	
    Magnitude of B_grad:	0.072	
    Magnitude of b:	0.51697801446607	

	
    Current index:	59501	
    Magnitude of W_grad:	11.696	
    Magnitude of W:	68089.394056313	
    Magnitude of B_grad:	0.04	
    Magnitude of b:	0.51682157134993	

	
SGD: Hinge Loss is	
133724.51100789	
SGD: Validation Accuracy is:	
0.79964587305911	
SGD: Magnitude of W:	
68074.232568758	
SGD: Magnitude of b:	
0.51671990871214	
    Current index:	9501	
    Magnitude of W_grad:	11.492	
    Magnitude of W:	68052.094376621	
    Magnitude of B_grad:	0.016	
    Magnitude of b:	1.095646368302	

	
    Current index:	19501	
    Magnitude of W_grad:	9.5799999999998	
    Magnitude of W:	68029.588081363	
    Magnitude of B_grad:	0.044	
    Magnitude of b:	0.93532849226072	

	
    Current index:	29501	
    Magnitude of W_grad:	11.82	
    Magnitude of W:	68006.156932916	
    Magnitude of B_grad:	0.012	
    Magnitude of b:	1.1669984845785	

	
    Current index:	39501	
    Magnitude of W_grad:	14.992	
    Magnitude of W:	67985.122167503	
    Magnitude of B_grad:	0.112	
    Magnitude of b:	0.51609473251904	

	
    Current index:	49501	
    Magnitude of W_grad:	11.976	
    Magnitude of W:	67961.36684402	
    Magnitude of B_grad:	0.06	
    Magnitude of b:	0.51593855669353	

	
    Current index:	59501	
    Magnitude of W_grad:	12.38	
    Magnitude of W:	67939.151954745	
    Magnitude of B_grad:	0.1	
    Magnitude of b:	0.51578242812851	

	
SGD: Hinge Loss is	
125588.47641771	
SGD: Validation Accuracy is:	
0.78725143012803	
SGD: Magnitude of W:	
67923.573063423	
SGD: Magnitude of b:	
0.5156809698979	
    Current index:	9501	
    Magnitude of W_grad:	12.868	
    Magnitude of W:	67901.602077965	
    Magnitude of B_grad:	0.004	
    Magnitude of b:	1.1226055695648	

	
    Current index:	19501	
    Magnitude of W_grad:	9.4679999999998	
    Magnitude of W:	67878.995310762	
    Magnitude of B_grad:	0.036	
    Magnitude of b:	0.89829533176408	

	
    Current index:	29501	
    Magnitude of W_grad:	13.68	
    Magnitude of W:	67855.711785732	
    Magnitude of B_grad:	0.016	
    Magnitude of b:	1.1739697521368	

	
    Current index:	39501	
    Magnitude of W_grad:	13.756	
    Magnitude of W:	67834.73963043	
    Magnitude of B_grad:	0.072	
    Magnitude of b:	0.51505705071039	

	
    Current index:	49501	
    Magnitude of W_grad:	12.576	
    Magnitude of W:	67811.403451411	
    Magnitude of B_grad:	0.096	
    Magnitude of b:	0.51490118889857	

	
    Current index:	59501	
    Magnitude of W_grad:	12.44	
    Magnitude of W:	67789.129182216	
    Magnitude of B_grad:	0.056	
    Magnitude of b:	0.51474537425222	

	
SGD: Hinge Loss is	
127533.37376584	
SGD: Validation Accuracy is:	
0.79664941432852	
SGD: Magnitude of W:	
67774.040075045	
SGD: Magnitude of b:	
0.5146441200178	
    Current index:	9501	
    Magnitude of W_grad:	10.712	
    Magnitude of W:	67752.040370387	
    Magnitude of B_grad:	0	
    Magnitude of b:	1.0960192953803	

	
    Current index:	19501	
    Magnitude of W_grad:	9.5119999999998	
    Magnitude of W:	67729.533835993	
    Magnitude of B_grad:	0.028	
    Magnitude of b:	0.90770747976619	

	
    Current index:	29501	
    Magnitude of W_grad:	11.464	
    Magnitude of W:	67706.303520037	
    Magnitude of B_grad:	0.02	
    Magnitude of b:	1.1393832278637	

	
    Current index:	39501	
    Magnitude of W_grad:	16.712	
    Magnitude of W:	67685.462967648	
    Magnitude of B_grad:	0.14	
    Magnitude of b:	0.51402145530849	

	
    Current index:	49501	
    Magnitude of W_grad:	11.368	
    Magnitude of W:	67662.165400153	
    Magnitude of B_grad:	0.06	
    Magnitude of b:	0.513865906879	

	
    Current index:	59501	
    Magnitude of W_grad:	9.6679999999999	
    Magnitude of W:	67640.026873458	
    Magnitude of B_grad:	0.008	
    Magnitude of b:	0.51371040552013	

	
SGD: Hinge Loss is	
127626.34515077	
SGD: Validation Accuracy is:	
0.79869245437211	
SGD: Magnitude of W:	
67625.061255203	
SGD: Magnitude of b:	
0.51360935487175	
    Current index:	9501	
    Magnitude of W_grad:	11.608	
    Magnitude of W:	67603.406843174	
    Magnitude of B_grad:	0.012	
    Magnitude of b:	1.0486498077693	

	
    Current index:	19501	
    Magnitude of W_grad:	9.6839999999998	
    Magnitude of W:	67580.767553137	
    Magnitude of B_grad:	0.06	
    Magnitude of b:	0.90434778737942	

	
    Current index:	29501	
    Magnitude of W_grad:	12.136	
    Magnitude of W:	67557.791857136	
    Magnitude of B_grad:	0.028	
    Magnitude of b:	1.1240288492303	

	
    Current index:	39501	
    Magnitude of W_grad:	14.304	
    Magnitude of W:	67537.210913486	
    Magnitude of B_grad:	0.088	
    Magnitude of b:	0.51298794211833	

	
    Current index:	49501	
    Magnitude of W_grad:	12.576	
    Magnitude of W:	67514.184486615	
    Magnitude of B_grad:	0.08	
    Magnitude of b:	0.51283270644106	

	
    Current index:	59501	
    Magnitude of W_grad:	11.492	
    Magnitude of W:	67492.59600324	
    Magnitude of B_grad:	0.1	
    Magnitude of b:	0.51267751773978	

	
SGD: Hinge Loss is	
130418.09064115	
SGD: Validation Accuracy is:	
0.80046308907655	
SGD: Magnitude of W:	
67477.703789331	
SGD: Magnitude of b:	
0.51257667026809	
    Current index:	9501	
    Magnitude of W_grad:	10.528	
    Magnitude of W:	67455.984249355	
    Magnitude of B_grad:	0.012	
    Magnitude of b:	1.0485128143024	

	
    Current index:	19501	
    Magnitude of W_grad:	9.5119999999998	
    Magnitude of W:	67433.874719462	
    Magnitude of B_grad:	0.044	
    Magnitude of b:	0.88421410373039	

	
    Current index:	29501	
    Magnitude of W_grad:	10.688	
    Magnitude of W:	67410.84605044	
    Magnitude of B_grad:	0.032	
    Magnitude of b:	1.1359008346109	

	
    Current index:	39501	
    Magnitude of W_grad:	13.86	
    Magnitude of W:	67390.329472506	
    Magnitude of B_grad:	0.068	
    Magnitude of b:	0.51195650695333	

	
    Current index:	49501	
    Magnitude of W_grad:	12.124	
    Magnitude of W:	67367.508361405	
    Magnitude of B_grad:	0.06	
    Magnitude of b:	0.51180158339945	

	
    Current index:	59501	
    Magnitude of W_grad:	10.904	
    Magnitude of W:	67345.773254842	
    Magnitude of B_grad:	0.1	
    Magnitude of b:	0.51164670672711	

	
SGD: Hinge Loss is	
123279.2174287	
SGD: Validation Accuracy is:	
0.79678561699809	
SGD: Magnitude of W:	
67330.786613069	
SGD: Magnitude of b:	
0.51154606202359	
    Current index:	9501	
    Magnitude of W_grad:	10.872	
    Magnitude of W:	67309.067900997	
    Magnitude of B_grad:	0.004	
    Magnitude of b:	1.0499349552344	

	
    Current index:	19501	
    Magnitude of W_grad:	9.2599999999998	
    Magnitude of W:	67286.724771507	
    Magnitude of B_grad:	0.008	
    Magnitude of b:	0.86963442204535	

	
    Current index:	29501	
    Magnitude of W_grad:	10.656	
    Magnitude of W:	67263.790710608	
    Magnitude of B_grad:	0.036	
    Magnitude of b:	1.0973256859783	

	
    Current index:	39501	
    Magnitude of W_grad:	16.38	
    Magnitude of W:	67243.126882669	
    Magnitude of B_grad:	0.112	
    Magnitude of b:	0.51092714563531	

	
    Current index:	49501	
    Magnitude of W_grad:	12.18	
    Magnitude of W:	67220.57393973	
    Magnitude of B_grad:	0.096	
    Magnitude of b:	0.51077253357726	

	
    Current index:	59501	
    Magnitude of W_grad:	9.7719999999999	
    Magnitude of W:	67198.538847959	
    Magnitude of B_grad:	0.024	
    Magnitude of b:	0.51061796830648	

	
SGD: Hinge Loss is	
122585.48377708	
SGD: Validation Accuracy is:	
0.79692181966767	
SGD: Magnitude of W:	
67183.530479151	
SGD: Magnitude of b:	
0.51051752596344	
    Current index:	9501	
    Magnitude of W_grad:	9.4159999999998	
    Magnitude of W:	67162.105187559	
    Magnitude of B_grad:	0.024	
    Magnitude of b:	1.0109768694089	

	
    Current index:	19501	
    Magnitude of W_grad:	8.4319999999996	
    Magnitude of W:	67140.040093855	
    Magnitude of B_grad:	0.052	
    Magnitude of b:	0.89068140754593	

	
    Current index:	29501	
    Magnitude of W_grad:	12.196	
    Magnitude of W:	67117.432102482	
    Magnitude of B_grad:	0.008	
    Magnitude of b:	1.1263701154203	

	
    Current index:	39501	
    Magnitude of W_grad:	13.292	
    Magnitude of W:	67097.300517663	
    Magnitude of B_grad:	0.064	
    Magnitude of b:	0.50989985399452	

	
    Current index:	49501	
    Magnitude of W_grad:	11.744	
    Magnitude of W:	67075.081971631	
    Magnitude of B_grad:	0.052	
    Magnitude of b:	0.50974555280598	

	
    Current index:	59501	
    Magnitude of W_grad:	12.444	
    Magnitude of W:	67053.046754616	
    Magnitude of B_grad:	0.108	
    Magnitude of b:	0.50959129831065	

	
SGD: Hinge Loss is	
124401.4464316	
SGD: Validation Accuracy is:	
0.80059929174612	
SGD: Magnitude of W:	
67038.829763908	
SGD: Magnitude of b:	
0.50949105792122	
    Current index:	9501	
    Magnitude of W_grad:	10.364	
    Magnitude of W:	67017.327288672	
    Magnitude of B_grad:	0.016	
    Magnitude of b:	1.0236169990453	

	
    Current index:	19501	
    Magnitude of W_grad:	10.108	
    Magnitude of W:	66995.128471337	
    Magnitude of B_grad:	0.044	
    Magnitude of b:	0.87932418803402	

	
    Current index:	29501	
    Magnitude of W_grad:	10.792	
    Magnitude of W:	66972.199510966	
    Magnitude of B_grad:	0.032	
    Magnitude of b:	1.0910179668322	

	
    Current index:	39501	
    Magnitude of W_grad:	18.236	
    Magnitude of W:	66951.601439526	
    Magnitude of B_grad:	0.184	
    Magnitude of b:	0.50887462786958	

	
    Current index:	49501	
    Magnitude of W_grad:	11.716	
    Magnitude of W:	66929.328286642	
    Magnitude of B_grad:	0.072	
    Magnitude of b:	0.50872063692551	

	
    Current index:	59501	
    Magnitude of W_grad:	9.1399999999998	
    Magnitude of W:	66907.693848265	
    Magnitude of B_grad:	0.068	
    Magnitude of b:	0.50856669258076	

	
SGD: Hinge Loss is	
123473.60718802	
SGD: Validation Accuracy is:	
0.80114410242441	
SGD: Magnitude of W:	
66892.930599364	
SGD: Magnitude of b:	
0.50846665373888	
    Current index:	9501	
    Magnitude of W_grad:	10.54	
    Magnitude of W:	66871.922035701	
    Magnitude of B_grad:	0.028	
    Magnitude of b:	1.0006567925458	

	
    Current index:	19501	
    Magnitude of W_grad:	8.8639999999997	
    Magnitude of W:	66850.006033975	
    Magnitude of B_grad:	0.044	
    Magnitude of b:	0.84836487715736	

	
    Current index:	29501	
    Magnitude of W_grad:	12.88	
    Magnitude of W:	66828.020141392	
    Magnitude of B_grad:	0.024	
    Magnitude of b:	1.1000604595989	

	
    Current index:	39501	
    Magnitude of W_grad:	12.576	
    Magnitude of W:	66807.619008263	
    Magnitude of B_grad:	0.016	
    Magnitude of b:	0.50785146310747	

	
    Current index:	49501	
    Magnitude of W_grad:	12.096	
    Magnitude of W:	66785.647592118	
    Magnitude of B_grad:	0.096	
    Magnitude of b:	0.50769778178408	

	
    Current index:	59501	
    Magnitude of W_grad:	10.272	
    Magnitude of W:	66763.905009695	
    Magnitude of B_grad:	0.004	
    Magnitude of b:	0.50754414696631	

	
SGD: Hinge Loss is	
123920.22421603	
SGD: Validation Accuracy is:	
0.8016889131027	
SGD: Magnitude of W:	
66749.310821688	
SGD: Magnitude of b:	
0.50744430926674	
    Current index:	9501	
    Magnitude of W_grad:	11.944	
    Magnitude of W:	66728.658254422	
    Magnitude of B_grad:	0.016	
    Magnitude of b:	0.9933097420741	

	
    Current index:	19501	
    Magnitude of W_grad:	9.5799999999998	
    Magnitude of W:	66706.775595407	
    Magnitude of B_grad:	0.052	
    Magnitude of b:	0.83702095773993	

	
    Current index:	29501	
    Magnitude of W_grad:	11.412	
    Magnitude of W:	66684.522148033	
    Magnitude of B_grad:	0.04	
    Magnitude of b:	1.024725540913	

	
    Current index:	39501	
    Magnitude of W_grad:	13.756	
    Magnitude of W:	66664.502242395	
    Magnitude of B_grad:	0.084	
    Magnitude of b:	0.50683035556352	

	
    Current index:	49501	
    Magnitude of W_grad:	10.356	
    Magnitude of W:	66642.44662816	
    Magnitude of B_grad:	0.028	
    Magnitude of b:	0.50667698323828	

	
    Current index:	59501	
    Magnitude of W_grad:	9.768	
    Magnitude of W:	66621.083017526	
    Magnitude of B_grad:	0.064	
    Magnitude of b:	0.50652365732515	

	
SGD: Hinge Loss is	
119371.88014328	
SGD: Validation Accuracy is:	
0.8001906837374	
SGD: Magnitude of W:	
66606.267990129	
SGD: Magnitude of b:	
0.50642402036346	
    Current index:	9501	
    Magnitude of W_grad:	7.8559999999996	
    Magnitude of W:	66585.328018882	
    Magnitude of B_grad:	0.04	
    Magnitude of b:	0.97114377615752	

	
    Current index:	19501	
    Magnitude of W_grad:	9.3799999999998	
    Magnitude of W:	66563.900008363	
    Magnitude of B_grad:	0.02	
    Magnitude of b:	0.84685431559373	

	
    Current index:	29501	
    Magnitude of W_grad:	10.628	
    Magnitude of W:	66541.811231251	
    Magnitude of B_grad:	0.048	
    Magnitude of b:	1.0385558625715	

	
    Current index:	39501	
    Magnitude of W_grad:	17.552	
    Magnitude of W:	66521.309944986	
    Magnitude of B_grad:	0.196	
    Magnitude of b:	0.50581130110142	

	
    Current index:	49501	
    Magnitude of W_grad:	10.724	
    Magnitude of W:	66499.587660796	
    Magnitude of B_grad:	0.052	
    Magnitude of b:	0.50365838847559	

	
    Current index:	59501	
    Magnitude of W_grad:	9.4879999999998	
    Magnitude of W:	66478.105949533	
    Magnitude of B_grad:	0.068	
    Magnitude of b:	0.50350597602175	

	
SGD: Hinge Loss is	
120496.98722281	
SGD: Validation Accuracy is:	
0.80100789975484	
SGD: Magnitude of W:	
66463.968495669	
SGD: Magnitude of b:	
0.50340693266037	
    Current index:	9501	
    Magnitude of W_grad:	10.788	
    Magnitude of W:	66443.236411527	
    Magnitude of B_grad:	0.024	
    Magnitude of b:	0.97418643933928	

	
    Current index:	19501	
    Magnitude of W_grad:	9.1039999999998	
    Magnitude of W:	66421.628960319	
    Magnitude of B_grad:	0.048	
    Magnitude of b:	0.84190077879845	

	
    Current index:	29501	
    Magnitude of W_grad:	11.216	
    Magnitude of W:	66399.456795606	
    Magnitude of B_grad:	0.02	
    Magnitude of b:	1.0536024932622	

	
    Current index:	39501	
    Magnitude of W_grad:	12.004	
    Magnitude of W:	66379.219248289	
    Magnitude of B_grad:	0.008	
    Magnitude of b:	0.50279786375392	

	
    Current index:	49501	
    Magnitude of W_grad:	10.332	
    Magnitude of W:	66357.251636181	
    Magnitude of B_grad:	0.06	
    Magnitude of b:	0.50264571170413	

	
    Current index:	59501	
    Magnitude of W_grad:	11.16	
    Magnitude of W:	66335.991226239	
    Magnitude of B_grad:	0.024	
    Magnitude of b:	0.50249360569719	

	
SGD: Hinge Loss is	
117925.42430696	
SGD: Validation Accuracy is:	
0.80182511577227	
SGD: Magnitude of W:	
66321.551580964	
SGD: Magnitude of b:	
0.50239476147656	
    Current index:	9501	
    Magnitude of W_grad:	11.484	
    Magnitude of W:	66301.082756965	
    Magnitude of B_grad:	0.032	
    Magnitude of b:	0.94323906811191	

	
    Current index:	19501	
    Magnitude of W_grad:	9.5319999999998	
    Magnitude of W:	66279.599476972	
    Magnitude of B_grad:	0.056	
    Magnitude of b:	0.83096277267788	

	
    Current index:	29501	
    Magnitude of W_grad:	11.624	
    Magnitude of W:	66258.1721905	
    Magnitude of B_grad:	0.04	
    Magnitude of b:	0.99467233646918	

	
    Current index:	39501	
    Magnitude of W_grad:	16.216	
    Magnitude of W:	66238.010461518	
    Magnitude of B_grad:	0.192	
    Magnitude of b:	0.50178691718971	

	
    Current index:	49501	
    Magnitude of W_grad:	10.524	
    Magnitude of W:	66216.171948772	
    Magnitude of B_grad:	0.072	
    Magnitude of b:	0.50163507106324	

	
    Current index:	59501	
    Magnitude of W_grad:	9.0039999999997	
    Magnitude of W:	66195.064331842	
    Magnitude of B_grad:	0.032	
    Magnitude of b:	0.50148327088705	

	
SGD: Hinge Loss is	
118324.9944728	
SGD: Validation Accuracy is:	
0.80196131844184	
SGD: Magnitude of W:	
66180.805709338	
SGD: Magnitude of b:	
0.50138462540677	
    Current index:	9501	
    Magnitude of W_grad:	10.816	
    Magnitude of W:	66160.258070913	
    Magnitude of B_grad:	0.012	
    Magnitude of b:	0.97592707643549	

	
    Current index:	19501	
    Magnitude of W_grad:	7.9399999999996	
    Magnitude of W:	66138.611165581	
    Magnitude of B_grad:	0.028	
    Magnitude of b:	0.831644883777	

	
    Current index:	29501	
    Magnitude of W_grad:	10.68	
    Magnitude of W:	66116.547778333	
    Magnitude of B_grad:	0.036	
    Magnitude of b:	1.0193524253594	

	
    Current index:	39501	
    Magnitude of W_grad:	13.78	
    Magnitude of W:	66096.640954058	
    Magnitude of B_grad:	0.084	
    Magnitude of b:	0.50077800327724	

	
    Current index:	49501	
    Magnitude of W_grad:	10.072	
    Magnitude of W:	66074.966494334	
    Magnitude of B_grad:	0.004	
    Magnitude of b:	0.49862661378155	

	
    Current index:	59501	
    Magnitude of W_grad:	9.3399999999999	
    Magnitude of W:	66053.924123185	
    Magnitude of B_grad:	0.084	
    Magnitude of b:	0.49847572399694	

	
SGD: Hinge Loss is	
119309.77652312	
SGD: Validation Accuracy is:	
0.80182511577227	
SGD: Magnitude of W:	
66039.36499204	
SGD: Magnitude of b:	
0.49837767012345	
    Current index:	9501	
    Magnitude of W_grad:	8.4279999999997	
    Magnitude of W:	66019.544573176	
    Magnitude of B_grad:	0.056	
    Magnitude of b:	0.93859477844457	

	
    Current index:	19501	
    Magnitude of W_grad:	8.6879999999997	
    Magnitude of W:	65997.947121692	
    Magnitude of B_grad:	0.052	
    Magnitude of b:	0.83031450175718	

	
    Current index:	29501	
    Magnitude of W_grad:	12.1	
    Magnitude of W:	65976.313860024	
    Magnitude of B_grad:	0.012	
    Magnitude of b:	1.0100257141935	

	
    Current index:	39501	
    Magnitude of W_grad:	12.86	
    Magnitude of W:	65956.178099003	
    Magnitude of B_grad:	0.06	
    Magnitude of b:	0.49777468609036	

	
    Current index:	49501	
    Magnitude of W_grad:	10.056	
    Magnitude of W:	65935.325980522	
    Magnitude of B_grad:	0.064	
    Magnitude of b:	0.49762405410824	

	
    Current index:	59501	
    Magnitude of W_grad:	8.4999999999996	
    Magnitude of W:	65914.206135239	
    Magnitude of B_grad:	0.036	
    Magnitude of b:	0.49747346770899	

	
SGD: Hinge Loss is	
118030.58554441	
SGD: Validation Accuracy is:	
0.80563879052029	
SGD: Magnitude of W:	
65899.649178098	
SGD: Magnitude of b:	
0.49737561098675	
    Current index:	9501	
    Magnitude of W_grad:	10.272	
    Magnitude of W:	65879.193775695	
    Magnitude of B_grad:	0.028	
    Magnitude of b:	0.93204171614626	

	
    Current index:	19501	
    Magnitude of W_grad:	9.1719999999998	
    Magnitude of W:	65858.087604507	
    Magnitude of B_grad:	0.064	
    Magnitude of b:	0.85576541939344	

	
    Current index:	29501	
    Magnitude of W_grad:	11.172	
    Magnitude of W:	65836.498433405	
    Magnitude of B_grad:	0.044	
    Magnitude of b:	1.003477282135	

	
    Current index:	39501	
    Magnitude of W_grad:	13.82	
    Magnitude of W:	65816.387731049	
    Magnitude of B_grad:	0.136	
    Magnitude of b:	0.49677383933875	

	
    Current index:	49501	
    Magnitude of W_grad:	10.156	
    Magnitude of W:	65795.095874356	
    Magnitude of B_grad:	0.068	
    Magnitude of b:	0.49662351022364	

	
    Current index:	59501	
    Magnitude of W_grad:	9.5239999999998	
    Magnitude of W:	65774.215580078	
    Magnitude of B_grad:	0	
    Magnitude of b:	0.49647322659975	

	
SGD: Hinge Loss is	
115839.80106791	
SGD: Validation Accuracy is:	
0.80318714246799	
SGD: Magnitude of W:	
65760.194102805	
SGD: Magnitude of b:	
0.49637556663235	
    Current index:	9501	
    Magnitude of W_grad:	7.2799999999996	
    Magnitude of W:	65740.133406476	
    Magnitude of B_grad:	0.076	
    Magnitude of b:	0.8890967591393	

	
    Current index:	19501	
    Magnitude of W_grad:	9.1479999999998	
    Magnitude of W:	65718.75817889	
    Magnitude of B_grad:	0.06	
    Magnitude of b:	0.85281881168025	

	
    Current index:	29501	
    Magnitude of W_grad:	10.424	
    Magnitude of W:	65697.174353081	
    Magnitude of B_grad:	0.044	
    Magnitude of b:	0.99653023469391	

	
    Current index:	39501	
    Magnitude of W_grad:	12.904	
    Magnitude of W:	65677.7139927	
    Magnitude of B_grad:	0.052	
    Magnitude of b:	0.49577500493178	

	
    Current index:	49501	
    Magnitude of W_grad:	10.3	
    Magnitude of W:	65656.59453789	
    Magnitude of B_grad:	0.056	
    Magnitude of b:	0.49562497807473	

	
    Current index:	59501	
    Magnitude of W_grad:	13.46	
    Magnitude of W:	65635.623345889	
    Magnitude of B_grad:	0.136	
    Magnitude of b:	0.49547499661741	

	
SGD: Hinge Loss is	
113892.20930183	
SGD: Validation Accuracy is:	
0.80250612912013	
SGD: Magnitude of W:	
65621.445714737	
SGD: Magnitude of b:	
0.49537753300926	
    Current index:	9501	
    Magnitude of W_grad:	9.5919999999999	
    Magnitude of W:	65601.136350338	
    Magnitude of B_grad:	0.04	
    Magnitude of b:	0.92331340171651	

	
    Current index:	19501	
    Magnitude of W_grad:	8.4199999999997	
    Magnitude of W:	65579.886646991	
    Magnitude of B_grad:	0.04	
    Magnitude of b:	0.81503932270002	

	
    Current index:	29501	
    Magnitude of W_grad:	9.8159999999999	
    Magnitude of W:	65558.398467439	
    Magnitude of B_grad:	0.072	
    Magnitude of b:	0.97875261575589	

	
    Current index:	39501	
    Magnitude of W_grad:	15.188	
    Magnitude of W:	65538.415294896	
    Magnitude of B_grad:	0.168	
    Magnitude of b:	0.49477817882334	

	
    Current index:	49501	
    Magnitude of W_grad:	10.7	
    Magnitude of W:	65517.371686413	
    Magnitude of B_grad:	0.068	
    Magnitude of b:	0.49462845361661	

	
    Current index:	59501	
    Magnitude of W_grad:	10.084	
    Magnitude of W:	65496.466113258	
    Magnitude of B_grad:	0.008	
    Magnitude of b:	0.49447877371833	

	
SGD: Hinge Loss is	
114686.7090249	
SGD: Validation Accuracy is:	
0.80400435848543	
SGD: Magnitude of W:	
65482.218606613	
SGD: Magnitude of b:	
0.49438150607461	
    Current index:	9501	
    Magnitude of W_grad:	8.3479999999997	
    Magnitude of W:	65462.212277733	
    Magnitude of B_grad:	0.056	
    Magnitude of b:	0.89237232485916	

	
    Current index:	19501	
    Magnitude of W_grad:	7.5599999999996	
    Magnitude of W:	65441.179892128	
    Magnitude of B_grad:	0.032	
    Magnitude of b:	0.82810191997048	

	
    Current index:	29501	
    Magnitude of W_grad:	11.52	
    Magnitude of W:	65420.055224067	
    Magnitude of B_grad:	0.028	
    Magnitude of b:	0.96382245704588	

	
    Current index:	39501	
    Magnitude of W_grad:	11.924	
    Magnitude of W:	65400.33869027	
    Magnitude of B_grad:	0.012	
    Magnitude of b:	0.49378335697547	

	
    Current index:	49501	
    Magnitude of W_grad:	10.8	
    Magnitude of W:	65379.286183399	
    Magnitude of B_grad:	0.056	
    Magnitude of b:	0.49363393281254	

	
    Current index:	59501	
    Magnitude of W_grad:	10.3	
    Magnitude of W:	65358.641508261	
    Magnitude of B_grad:	0.068	
    Magnitude of b:	0.49348455386697	

	
SGD: Hinge Loss is	
115718.4252331	
SGD: Validation Accuracy is:	
0.80523018251158	
SGD: Magnitude of W:	
65344.728682721	
SGD: Magnitude of b:	
0.49338748179368	
    Current index:	9501	
    Magnitude of W_grad:	10.888	
    Magnitude of W:	65324.925906064	
    Magnitude of B_grad:	0.044	
    Magnitude of b:	0.93743835569236	

	
    Current index:	19501	
    Magnitude of W_grad:	7.8679999999996	
    Magnitude of W:	65303.974297569	
    Magnitude of B_grad:	0.052	
    Magnitude of b:	0.81716587315351	

	
    Current index:	29501	
    Magnitude of W_grad:	10.464	
    Magnitude of W:	65283.078304731	
    Magnitude of B_grad:	0.044	
    Magnitude of b:	0.95288717750097	

	
    Current index:	39501	
    Magnitude of W_grad:	17.148	
    Magnitude of W:	65263.260529141	
    Magnitude of B_grad:	0.192	
    Magnitude of b:	0.49279053535831	

	
    Current index:	49501	
    Magnitude of W_grad:	9.5679999999999	
    Magnitude of W:	65242.300354157	
    Magnitude of B_grad:	0.032	
    Magnitude of b:	0.49064156295645	

	
    Current index:	59501	
    Magnitude of W_grad:	9.5839999999999	
    Magnitude of W:	65221.535465505	
    Magnitude of B_grad:	0.064	
    Magnitude of b:	0.49049308953423	

	
SGD: Hinge Loss is	
112491.13291442	
SGD: Validation Accuracy is:	
0.805093979842	
SGD: Magnitude of W:	
65207.532332824	
SGD: Magnitude of b:	
0.49039660590417	
    Current index:	9501	
    Magnitude of W_grad:	7.9679999999996	
    Magnitude of W:	65187.835973731	
    Magnitude of B_grad:	0.112	
    Magnitude of b:	0.8692749990597	

	
    Current index:	19501	
    Magnitude of W_grad:	9.6039999999998	
    Magnitude of W:	65166.663089002	
    Magnitude of B_grad:	0.084	
    Magnitude of b:	0.87300280768941	

	
    Current index:	29501	
    Magnitude of W_grad:	9.9479999999999	
    Magnitude of W:	65145.55873633	
    Magnitude of B_grad:	0.064	
    Magnitude of b:	0.93672016697591	

	
    Current index:	39501	
    Magnitude of W_grad:	12.672	
    Magnitude of W:	65125.395967816	
    Magnitude of B_grad:	0.14	
    Magnitude of b:	0.48980327811088	

	
    Current index:	49501	
    Magnitude of W_grad:	9.5399999999998	
    Magnitude of W:	65104.543628958	
    Magnitude of B_grad:	0.064	
    Magnitude of b:	0.48965505836268	

	
    Current index:	59501	
    Magnitude of W_grad:	10.892	
    Magnitude of W:	65083.871101349	
    Magnitude of B_grad:	0.048	
    Magnitude of b:	0.48950688346739	

	
Done.	
Testing on validation set...	
Done	
Datafile:	/n/home09/ankitgupta/CS287/HW1/SST2-uni-syns.hdf5	Classifier:	hinge	Alpha:	0	Eta:	1	Lambda:	1	Minibatch size:	500	Num Epochs:	50	Minimum Sentence Length:	5	
Accuracy:	0.80877145192046	
