[?1034hDatafile:	/n/home09/ankitgupta/CS287/HW1/TREC-uni-sent-syns.hdf5	Classifier:	hinge	Alpha:	0	Eta:	0.5	Lambda:	0.5	Minibatch size:	500	Num Epochs:	50	Minimum Sentence Length:	5	
Note that not all parameters may apply to all classifiers	
Loading datafiles...	
Number of training samples before removing small sentences	5452	
Number of training samples after removing small sentences	5452	
Done.	
Training classifier...	
Parameters are:	
Eta:	
0.5	
Lambda:	
0.5	
Minibatch size:	
500	
Number of Epochs	
50	
SGD: Hinge Loss is	
145827.98851454	
SGD: Validation Accuracy is:	
0.14678899082569	
SGD: Magnitude of W:	
147620.49945743	
SGD: Magnitude of b:	
3.5733872568166	
SGD: Hinge Loss is	
133293.49823654	
SGD: Validation Accuracy is:	
0.18348623853211	
SGD: Magnitude of W:	
147511.54305962	
SGD: Magnitude of b:	
3.9113773979568	
SGD: Hinge Loss is	
127979.69408069	
SGD: Validation Accuracy is:	
0.22018348623853	
SGD: Magnitude of W:	
147408.45551233	
SGD: Magnitude of b:	
4.0335719866459	
SGD: Hinge Loss is	
123970.37922533	
SGD: Validation Accuracy is:	
0.25321100917431	
SGD: Magnitude of W:	
147309.56126892	
SGD: Magnitude of b:	
4.0832620550381	
SGD: Hinge Loss is	
120851.74906098	
SGD: Validation Accuracy is:	
0.28440366972477	
SGD: Magnitude of W:	
147213.07462734	
SGD: Magnitude of b:	
4.1053910858694	
SGD: Hinge Loss is	
118316.26933646	
SGD: Validation Accuracy is:	
0.30642201834862	
SGD: Magnitude of W:	
147118.22441204	
SGD: Magnitude of b:	
4.1010516989302	
SGD: Hinge Loss is	
116233.46513689	
SGD: Validation Accuracy is:	
0.33761467889908	
SGD: Magnitude of W:	
147024.9168828	
SGD: Magnitude of b:	
4.106244845402	
SGD: Hinge Loss is	
114531.53807187	
SGD: Validation Accuracy is:	
0.35412844036697	
SGD: Magnitude of W:	
146933.29495742	
SGD: Magnitude of b:	
4.1012879705434	
SGD: Hinge Loss is	
113100.04652238	
SGD: Validation Accuracy is:	
0.37798165137615	
SGD: Magnitude of W:	
146843.22747284	
SGD: Magnitude of b:	
4.1275148341406	
SGD: Hinge Loss is	
111848.38361162	
SGD: Validation Accuracy is:	
0.39633027522936	
SGD: Magnitude of W:	
146754.19075639	
SGD: Magnitude of b:	
4.2261761770638	
SGD: Hinge Loss is	
110746.60482558	
SGD: Validation Accuracy is:	
0.40366972477064	
SGD: Magnitude of W:	
146665.71500928	
SGD: Magnitude of b:	
4.3226354987608	
SGD: Hinge Loss is	
109765.30636594	
SGD: Validation Accuracy is:	
0.4256880733945	
SGD: Magnitude of W:	
146577.83216392	
SGD: Magnitude of b:	
4.4081236454587	
SGD: Hinge Loss is	
108865.16552703	
SGD: Validation Accuracy is:	
0.43853211009174	
SGD: Magnitude of W:	
146490.48363543	
SGD: Magnitude of b:	
4.4580424003746	
SGD: Hinge Loss is	
108043.79612907	
SGD: Validation Accuracy is:	
0.44403669724771	
SGD: Magnitude of W:	
146403.48519892	
SGD: Magnitude of b:	
4.5148614242598	
SGD: Hinge Loss is	
107278.1900388	
SGD: Validation Accuracy is:	
0.45321100917431	
SGD: Magnitude of W:	
146317.0394491	
SGD: Magnitude of b:	
4.5411968026456	
SGD: Hinge Loss is	
106576.9784227	
SGD: Validation Accuracy is:	
0.45688073394495	
SGD: Magnitude of W:	
146231.08918655	
SGD: Magnitude of b:	
4.5545927577897	
SGD: Hinge Loss is	
105925.68004659	
SGD: Validation Accuracy is:	
0.46788990825688	
SGD: Magnitude of W:	
146145.60402913	
SGD: Magnitude of b:	
4.5842957327864	
SGD: Hinge Loss is	
105315.52238065	
SGD: Validation Accuracy is:	
0.4697247706422	
SGD: Magnitude of W:	
146060.43055419	
SGD: Magnitude of b:	
4.5919879570676	
SGD: Hinge Loss is	
104744.92861074	
SGD: Validation Accuracy is:	
0.47522935779817	
SGD: Magnitude of W:	
145975.65343383	
SGD: Magnitude of b:	
4.6070641003819	
SGD: Hinge Loss is	
104204.97012532	
SGD: Validation Accuracy is:	
0.48623853211009	
SGD: Magnitude of W:	
145891.19108004	
SGD: Magnitude of b:	
4.6265919490275	
SGD: Hinge Loss is	
103689.18363555	
SGD: Validation Accuracy is:	
0.4954128440367	
SGD: Magnitude of W:	
145807.0730099	
SGD: Magnitude of b:	
4.6247228265847	
SGD: Hinge Loss is	
103199.39025571	
SGD: Validation Accuracy is:	
0.50642201834862	
SGD: Magnitude of W:	
145723.17009454	
SGD: Magnitude of b:	
4.645165341963	
SGD: Hinge Loss is	
102733.25028616	
SGD: Validation Accuracy is:	
0.51559633027523	
SGD: Magnitude of W:	
145639.55330518	
SGD: Magnitude of b:	
4.6452853306395	
SGD: Hinge Loss is	
102287.30948513	
SGD: Validation Accuracy is:	
0.52293577981651	
SGD: Magnitude of W:	
145556.19439531	
SGD: Magnitude of b:	
4.6474067866149	
SGD: Hinge Loss is	
101865.32025889	
SGD: Validation Accuracy is:	
0.53394495412844	
SGD: Magnitude of W:	
145473.30063559	
SGD: Magnitude of b:	
4.6341369805682	
SGD: Hinge Loss is	
101462.05011617	
SGD: Validation Accuracy is:	
0.5394495412844	
SGD: Magnitude of W:	
145390.58463882	
SGD: Magnitude of b:	
4.6444026268514	
SGD: Hinge Loss is	
101069.33379103	
SGD: Validation Accuracy is:	
0.54311926605505	
SGD: Magnitude of W:	
145308.15393518	
SGD: Magnitude of b:	
4.648201619203	
SGD: Hinge Loss is	
100690.48491784	
SGD: Validation Accuracy is:	
0.54495412844037	
SGD: Magnitude of W:	
145225.98813241	
SGD: Magnitude of b:	
4.6579992873441	
SGD: Hinge Loss is	
100323.1921605	
SGD: Validation Accuracy is:	
0.54678899082569	
SGD: Magnitude of W:	
145144.25330884	
SGD: Magnitude of b:	
4.6711835719287	
SGD: Hinge Loss is	
99966.06453752	
SGD: Validation Accuracy is:	
0.54862385321101	
SGD: Magnitude of W:	
145062.69983157	
SGD: Magnitude of b:	
4.6837506079506	
SGD: Hinge Loss is	
99623.448845697	
SGD: Validation Accuracy is:	
0.55229357798165	
SGD: Magnitude of W:	
144981.49090697	
SGD: Magnitude of b:	
4.6784622855739	
SGD: Hinge Loss is	
99290.95193577	
SGD: Validation Accuracy is:	
0.55963302752294	
SGD: Magnitude of W:	
144900.36928533	
SGD: Magnitude of b:	
4.697169830115	
SGD: Hinge Loss is	
98964.25892018	
SGD: Validation Accuracy is:	
0.56146788990826	
SGD: Magnitude of W:	
144819.53043478	
SGD: Magnitude of b:	
4.6969496833201	
SGD: Hinge Loss is	
98650.680492536	
SGD: Validation Accuracy is:	
0.56330275229358	
SGD: Magnitude of W:	
144738.95730694	
SGD: Magnitude of b:	
4.6998002797529	
SGD: Hinge Loss is	
98344.993564034	
SGD: Validation Accuracy is:	
0.56880733944954	
SGD: Magnitude of W:	
144658.60500057	
SGD: Magnitude of b:	
4.6951157388765	
SGD: Hinge Loss is	
98046.554000295	
SGD: Validation Accuracy is:	
0.57614678899083	
SGD: Magnitude of W:	
144578.33178	
SGD: Magnitude of b:	
4.6930421801473	
SGD: Hinge Loss is	
97755.008706608	
SGD: Validation Accuracy is:	
0.57614678899083	
SGD: Magnitude of W:	
144498.16088488	
SGD: Magnitude of b:	
4.7025043817556	
SGD: Hinge Loss is	
97476.432478743	
SGD: Validation Accuracy is:	
0.58532110091743	
SGD: Magnitude of W:	
144418.25480914	
SGD: Magnitude of b:	
4.708745590202	
SGD: Hinge Loss is	
97195.017734901	
SGD: Validation Accuracy is:	
0.58899082568807	
SGD: Magnitude of W:	
144338.4753468	
SGD: Magnitude of b:	
4.7080590389324	
SGD: Hinge Loss is	
96922.025185239	
SGD: Validation Accuracy is:	
0.58899082568807	
SGD: Magnitude of W:	
144258.71391657	
SGD: Magnitude of b:	
4.7104444874124	
SGD: Hinge Loss is	
96657.396050565	
SGD: Validation Accuracy is:	
0.59633027522936	
SGD: Magnitude of W:	
144179.21214964	
SGD: Magnitude of b:	
4.7097559500965	
SGD: Hinge Loss is	
96396.84881103	
SGD: Validation Accuracy is:	
0.59449541284404	
SGD: Magnitude of W:	
144099.81542334	
SGD: Magnitude of b:	
4.7144573337128	
SGD: Hinge Loss is	
96138.67643059	
SGD: Validation Accuracy is:	
0.59633027522936	
SGD: Magnitude of W:	
144020.5666161	
SGD: Magnitude of b:	
4.7063765703864	
SGD: Hinge Loss is	
95888.617696321	
SGD: Validation Accuracy is:	
0.59449541284404	
SGD: Magnitude of W:	
143941.47376246	
SGD: Magnitude of b:	
4.7132225679466	
SGD: Hinge Loss is	
95646.239046641	
SGD: Validation Accuracy is:	
0.59816513761468	
SGD: Magnitude of W:	
143862.55812257	
SGD: Magnitude of b:	
4.7177477686479	
SGD: Hinge Loss is	
95408.807009582	
SGD: Validation Accuracy is:	
0.6	
SGD: Magnitude of W:	
143783.81804717	
SGD: Magnitude of b:	
4.7250517403763	
SGD: Hinge Loss is	
95165.492789364	
SGD: Validation Accuracy is:	
0.59816513761468	
SGD: Magnitude of W:	
143705.10355208	
SGD: Magnitude of b:	
4.7071113249714	
SGD: Hinge Loss is	
94932.372287769	
SGD: Validation Accuracy is:	
0.6	
SGD: Magnitude of W:	
143626.6396759	
SGD: Magnitude of b:	
4.707490735256	
SGD: Hinge Loss is	
94709.213748805	
SGD: Validation Accuracy is:	
0.60366972477064	
SGD: Magnitude of W:	
143548.33539461	
SGD: Magnitude of b:	
4.7049459836397	
SGD: Hinge Loss is	
94482.903237216	
SGD: Validation Accuracy is:	
0.60183486238532	
SGD: Magnitude of W:	
143470.20410349	
SGD: Magnitude of b:	
4.7017925063706	
Done.	
Testing on validation set...	
Done	
Datafile:	/n/home09/ankitgupta/CS287/HW1/TREC-uni-sent-syns.hdf5	Classifier:	hinge	Alpha:	0	Eta:	0.5	Lambda:	0.5	Minibatch size:	500	Num Epochs:	50	Minimum Sentence Length:	5	
Accuracy:	0.60550458715596	
