[?1034hDatafile:	/n/home09/ankitgupta/CS287/HW1/SUBJ-uni-syns.hdf5	Classifier:	lr	Alpha:	0	Eta:	0.5	Lambda:	0.5	Minibatch size:	500	Num Epochs:	50	Minimum Sentence Length:	5	
Note that not all parameters may apply to all classifiers	
Loading datafiles...	
Number of training samples before removing small sentences	10000	
Number of training samples after removing small sentences	9959	
Done.	
Training classifier...	
SGD: Loss is	
	LOSS:Calculated softmax res	
84422.705602974	
SGD: crossEntropyLoss is	
84422.705602974	
SGD: Validation Accuracy is:	
0.43316582914573	
SGD: Magnitude of W:	
91158.278212125	
SGD: Magnitude of b:	
0.65517988180065	
SGD: Loss is	
	LOSS:Calculated softmax res	
114701.36730992	
SGD: crossEntropyLoss is	
114701.36730992	
SGD: Validation Accuracy is:	
0.89547738693467	
SGD: Magnitude of W:	
91095.750887119	
SGD: Magnitude of b:	
1.6083087710658	
SGD: Loss is	
	LOSS:Calculated softmax res	
98407.333911148	
SGD: crossEntropyLoss is	
98407.333911148	
SGD: Validation Accuracy is:	
0.90150753768844	
SGD: Magnitude of W:	
91029.792001631	
SGD: Magnitude of b:	
1.2316104854006	
SGD: Loss is	
	LOSS:Calculated softmax res	
87158.937765649	
SGD: crossEntropyLoss is	
87158.937765649	
SGD: Validation Accuracy is:	
0.91155778894472	
SGD: Magnitude of W:	
90968.41927225	
SGD: Magnitude of b:	
0.93781754461328	
SGD: Loss is	
	LOSS:Calculated softmax res	
79121.546971063	
SGD: crossEntropyLoss is	
79121.546971063	
SGD: Validation Accuracy is:	
0.90653266331658	
SGD: Magnitude of W:	
90909.914020884	
SGD: Magnitude of b:	
0.71405070332929	
SGD: Loss is	
	LOSS:Calculated softmax res	
73643.796278861	
SGD: crossEntropyLoss is	
73643.796278861	
SGD: Validation Accuracy is:	
0.90552763819095	
SGD: Magnitude of W:	
90852.962235868	
SGD: Magnitude of b:	
0.65517988180065	
SGD: Loss is	
	LOSS:Calculated softmax res	
69548.190630689	
SGD: crossEntropyLoss is	
69548.190630689	
SGD: Validation Accuracy is:	
0.90552763819095	
SGD: Magnitude of W:	
90797.583366257	
SGD: Magnitude of b:	
0.65517988180065	
SGD: Loss is	
	LOSS:Calculated softmax res	
66261.347102831	
SGD: crossEntropyLoss is	
66261.347102831	
SGD: Validation Accuracy is:	
0.90552763819095	
SGD: Magnitude of W:	
90742.890098252	
SGD: Magnitude of b:	
0.65517988180065	
SGD: Loss is	
	LOSS:Calculated softmax res	
63475.887598724	
SGD: crossEntropyLoss is	
63475.887598724	
SGD: Validation Accuracy is:	
0.90854271356784	
SGD: Magnitude of W:	
90688.704191148	
SGD: Magnitude of b:	
0.65517988180065	
SGD: Loss is	
	LOSS:Calculated softmax res	
61128.15482355	
SGD: crossEntropyLoss is	
61128.15482355	
SGD: Validation Accuracy is:	
0.90854271356784	
SGD: Magnitude of W:	
90634.970920707	
SGD: Magnitude of b:	
0.65517988180065	
SGD: Loss is	
	LOSS:Calculated softmax res	
59127.015488694	
SGD: crossEntropyLoss is	
59127.015488694	
SGD: Validation Accuracy is:	
0.91155778894472	
SGD: Magnitude of W:	
90581.42524457	
SGD: Magnitude of b:	
0.65517988180065	
SGD: Loss is	
	LOSS:Calculated softmax res	
57422.797847222	
SGD: crossEntropyLoss is	
57422.797847222	
SGD: Validation Accuracy is:	
0.91155778894472	
SGD: Magnitude of W:	
90528.0888258	
SGD: Magnitude of b:	
0.65517988180065	
SGD: Loss is	
	LOSS:Calculated softmax res	
55952.366496509	
SGD: crossEntropyLoss is	
55952.366496509	
SGD: Validation Accuracy is:	
0.91457286432161	
SGD: Magnitude of W:	
90475.062611279	
SGD: Magnitude of b:	
0.65517988180065	
SGD: Loss is	
	LOSS:Calculated softmax res	
54660.478362725	
SGD: crossEntropyLoss is	
54660.478362725	
SGD: Validation Accuracy is:	
0.91356783919598	
SGD: Magnitude of W:	
90422.288680981	
SGD: Magnitude of b:	
0.65517988180065	
SGD: Loss is	
	LOSS:Calculated softmax res	
53512.654319864	
SGD: crossEntropyLoss is	
53512.654319864	
SGD: Validation Accuracy is:	
0.91658291457286	
SGD: Magnitude of W:	
90369.790490229	
SGD: Magnitude of b:	
0.65517988180065	
SGD: Loss is	
	LOSS:Calculated softmax res	
52479.098340489	
SGD: crossEntropyLoss is	
52479.098340489	
SGD: Validation Accuracy is:	
0.91356783919598	
SGD: Magnitude of W:	
90317.535445078	
SGD: Magnitude of b:	
0.65517988180065	
SGD: Loss is	
	LOSS:Calculated softmax res	
51540.253996296	
SGD: crossEntropyLoss is	
51540.253996296	
SGD: Validation Accuracy is:	
0.91658291457286	
SGD: Magnitude of W:	
90265.546301743	
SGD: Magnitude of b:	
0.65517988180065	
SGD: Loss is	
	LOSS:Calculated softmax res	
50684.007260739	
SGD: crossEntropyLoss is	
50684.007260739	
SGD: Validation Accuracy is:	
0.91658291457286	
SGD: Magnitude of W:	
90213.808005207	
SGD: Magnitude of b:	
0.65517988180065	
SGD: Loss is	
	LOSS:Calculated softmax res	
49899.158973877	
SGD: crossEntropyLoss is	
49899.158973877	
SGD: Validation Accuracy is:	
0.91658291457286	
SGD: Magnitude of W:	
90162.3286866	
SGD: Magnitude of b:	
0.65517988180065	
SGD: Loss is	
	LOSS:Calculated softmax res	
49174.258749275	
SGD: crossEntropyLoss is	
49174.258749275	
SGD: Validation Accuracy is:	
0.91658291457286	
SGD: Magnitude of W:	
90111.122235251	
SGD: Magnitude of b:	
0.65517988180065	
SGD: Loss is	
	LOSS:Calculated softmax res	
48499.212119077	
SGD: crossEntropyLoss is	
48499.212119077	
SGD: Validation Accuracy is:	
0.91658291457286	
SGD: Magnitude of W:	
90060.093673726	
SGD: Magnitude of b:	
0.65517988180065	
SGD: Loss is	
	LOSS:Calculated softmax res	
47866.050466389	
SGD: crossEntropyLoss is	
47866.050466389	
SGD: Validation Accuracy is:	
0.91758793969849	
SGD: Magnitude of W:	
90009.206385949	
SGD: Magnitude of b:	
0.65517988180065	
SGD: Loss is	
	LOSS:Calculated softmax res	
47269.802633831	
SGD: crossEntropyLoss is	
47269.802633831	
SGD: Validation Accuracy is:	
0.91758793969849	
SGD: Magnitude of W:	
89958.498160042	
SGD: Magnitude of b:	
0.65517988180065	
SGD: Loss is	
	LOSS:Calculated softmax res	
46708.159388102	
SGD: crossEntropyLoss is	
46708.159388102	
SGD: Validation Accuracy is:	
0.92160804020101	
SGD: Magnitude of W:	
89908.117679282	
SGD: Magnitude of b:	
0.65517988180065	
SGD: Loss is	
	LOSS:Calculated softmax res	
46179.075173916	
SGD: crossEntropyLoss is	
46179.075173916	
SGD: Validation Accuracy is:	
0.92160804020101	
SGD: Magnitude of W:	
89857.984297719	
SGD: Magnitude of b:	
0.65517988180065	
SGD: Loss is	
	LOSS:Calculated softmax res	
45679.932726058	
SGD: crossEntropyLoss is	
45679.932726058	
SGD: Validation Accuracy is:	
0.92261306532663	
SGD: Magnitude of W:	
89808.012252574	
SGD: Magnitude of b:	
0.65517988180065	
SGD: Loss is	
	LOSS:Calculated softmax res	
45208.102238912	
SGD: crossEntropyLoss is	
45208.102238912	
SGD: Validation Accuracy is:	
0.92261306532663	
SGD: Magnitude of W:	
89758.223180604	
SGD: Magnitude of b:	
0.65517988180065	
SGD: Loss is	
	LOSS:Calculated softmax res	
44761.149560601	
SGD: crossEntropyLoss is	
44761.149560601	
SGD: Validation Accuracy is:	
0.92261306532663	
SGD: Magnitude of W:	
89708.565179143	
SGD: Magnitude of b:	
0.65517988180065	
SGD: Loss is	
	LOSS:Calculated softmax res	
44336.9214525	
SGD: crossEntropyLoss is	
44336.9214525	
SGD: Validation Accuracy is:	
0.92361809045226	
SGD: Magnitude of W:	
89659.068644577	
SGD: Magnitude of b:	
0.65517988180065	
SGD: Loss is	
	LOSS:Calculated softmax res	
43933.907903389	
SGD: crossEntropyLoss is	
43933.907903389	
SGD: Validation Accuracy is:	
0.92361809045226	
SGD: Magnitude of W:	
89609.687653138	
SGD: Magnitude of b:	
0.65517988180065	
SGD: Loss is	
	LOSS:Calculated softmax res	
43551.24857195	
SGD: crossEntropyLoss is	
43551.24857195	
SGD: Validation Accuracy is:	
0.92361809045226	
SGD: Magnitude of W:	
89560.44931329	
SGD: Magnitude of b:	
0.65517988180065	
SGD: Loss is	
	LOSS:Calculated softmax res	
43187.841873358	
SGD: crossEntropyLoss is	
43187.841873358	
SGD: Validation Accuracy is:	
0.92562814070352	
SGD: Magnitude of W:	
89511.385872139	
SGD: Magnitude of b:	
0.65517988180065	
SGD: Loss is	
	LOSS:Calculated softmax res	
42841.86141772	
SGD: crossEntropyLoss is	
42841.86141772	
SGD: Validation Accuracy is:	
0.92763819095477	
SGD: Magnitude of W:	
89462.450136484	
SGD: Magnitude of b:	
0.65517988180065	
SGD: Loss is	
	LOSS:Calculated softmax res	
42511.230955669	
SGD: crossEntropyLoss is	
42511.230955669	
SGD: Validation Accuracy is:	
0.9286432160804	
SGD: Magnitude of W:	
89413.594045093	
SGD: Magnitude of b:	
0.65517988180065	
SGD: Loss is	
	LOSS:Calculated softmax res	
42194.122961225	
SGD: crossEntropyLoss is	
42194.122961225	
SGD: Validation Accuracy is:	
0.92763819095477	
SGD: Magnitude of W:	
89364.877309032	
SGD: Magnitude of b:	
0.65517988180065	
SGD: Loss is	
	LOSS:Calculated softmax res	
41889.039800154	
SGD: crossEntropyLoss is	
41889.039800154	
SGD: Validation Accuracy is:	
0.9286432160804	
SGD: Magnitude of W:	
89316.348547667	
SGD: Magnitude of b:	
0.65517988180065	
SGD: Loss is	
	LOSS:Calculated softmax res	
41594.701874995	
SGD: crossEntropyLoss is	
41594.701874995	
SGD: Validation Accuracy is:	
0.92763819095477	
SGD: Magnitude of W:	
89267.957370868	
SGD: Magnitude of b:	
0.65517988180065	
SGD: Loss is	
	LOSS:Calculated softmax res	
41310.00102527	
SGD: crossEntropyLoss is	
41310.00102527	
SGD: Validation Accuracy is:	
0.92763819095477	
SGD: Magnitude of W:	
89219.711998048	
SGD: Magnitude of b:	
0.65517988180065	
SGD: Loss is	
	LOSS:Calculated softmax res	
41034.022597618	
SGD: crossEntropyLoss is	
41034.022597618	
SGD: Validation Accuracy is:	
0.92663316582915	
SGD: Magnitude of W:	
89171.572349142	
SGD: Magnitude of b:	
0.65517988180065	
SGD: Loss is	
	LOSS:Calculated softmax res	
40766.053454939	
SGD: crossEntropyLoss is	
40766.053454939	
SGD: Validation Accuracy is:	
0.92663316582915	
SGD: Magnitude of W:	
89123.57929536	
SGD: Magnitude of b:	
0.65517988180065	
SGD: Loss is	
	LOSS:Calculated softmax res	
40505.558216495	
SGD: crossEntropyLoss is	
40505.558216495	
SGD: Validation Accuracy is:	
0.9286432160804	
SGD: Magnitude of W:	
89075.718840308	
SGD: Magnitude of b:	
0.65517988180065	
SGD: Loss is	
	LOSS:Calculated softmax res	
40252.140531671	
SGD: crossEntropyLoss is	
40252.140531671	
SGD: Validation Accuracy is:	
0.92763819095477	
SGD: Magnitude of W:	
89027.967486055	
SGD: Magnitude of b:	
0.65517988180065	
SGD: Loss is	
	LOSS:Calculated softmax res	
40005.502553083	
SGD: crossEntropyLoss is	
40005.502553083	
SGD: Validation Accuracy is:	
0.92663316582915	
SGD: Magnitude of W:	
88980.330201641	
SGD: Magnitude of b:	
0.65517988180065	
SGD: Loss is	
	LOSS:Calculated softmax res	
39765.408749974	
SGD: crossEntropyLoss is	
39765.408749974	
SGD: Validation Accuracy is:	
0.92562814070352	
SGD: Magnitude of W:	
88932.789514589	
SGD: Magnitude of b:	
0.65517988180065	
SGD: Loss is	
	LOSS:Calculated softmax res	
39531.657608928	
SGD: crossEntropyLoss is	
39531.657608928	
SGD: Validation Accuracy is:	
0.92562814070352	
SGD: Magnitude of W:	
88885.350520929	
SGD: Magnitude of b:	
0.65517988180065	
SGD: Loss is	
	LOSS:Calculated softmax res	
39304.061556691	
SGD: crossEntropyLoss is	
39304.061556691	
SGD: Validation Accuracy is:	
0.92462311557789	
SGD: Magnitude of W:	
88838.009521325	
SGD: Magnitude of b:	
0.65517988180065	
SGD: Loss is	
	LOSS:Calculated softmax res	
39082.431878992	
SGD: crossEntropyLoss is	
39082.431878992	
SGD: Validation Accuracy is:	
0.92462311557789	
SGD: Magnitude of W:	
88790.729738869	
SGD: Magnitude of b:	
0.65517988180065	
SGD: Loss is	
	LOSS:Calculated softmax res	
38866.566923086	
SGD: crossEntropyLoss is	
38866.566923086	
SGD: Validation Accuracy is:	
0.92462311557789	
SGD: Magnitude of W:	
88743.527430678	
SGD: Magnitude of b:	
0.65517988180065	
SGD: Loss is	
	LOSS:Calculated softmax res	
38656.246948199	
SGD: crossEntropyLoss is	
38656.246948199	
SGD: Validation Accuracy is:	
0.92462311557789	
SGD: Magnitude of W:	
88696.409634918	
SGD: Magnitude of b:	
0.65517988180065	
SGD: Loss is	
	LOSS:Calculated softmax res	
38451.237940939	
SGD: crossEntropyLoss is	
38451.237940939	
SGD: Validation Accuracy is:	
0.92261306532663	
SGD: Magnitude of W:	
88649.31887654	
SGD: Magnitude of b:	
0.65517988180065	
Done.	
Testing on validation set...	
Done	
Datafile:	/n/home09/ankitgupta/CS287/HW1/SUBJ-uni-syns.hdf5	Classifier:	lr	Alpha:	0	Eta:	0.5	Lambda:	0.5	Minibatch size:	500	Num Epochs:	50	Minimum Sentence Length:	5	
Accuracy:	0.92261306532663	
