[?1034hDatafile:	/n/home09/ankitgupta/CS287/HW1/SUBJ-uni-sent-syns.hdf5	Classifier:	hinge	Alpha:	0	Eta:	1	Lambda:	1	Minibatch size:	500	Num Epochs:	50	Minimum Sentence Length:	5	
Note that not all parameters may apply to all classifiers	
Loading datafiles...	
Number of training samples before removing small sentences	10000	
Number of training samples after removing small sentences	9960	
Done.	
Training classifier...	
Parameters are:	
Eta:	
1	
Lambda:	
1	
Minibatch size:	
500	
Number of Epochs	
50	
SGD: Hinge Loss is	
174454.85255872	
SGD: Validation Accuracy is:	
0.55120481927711	
SGD: Magnitude of W:	
91181.893028594	
SGD: Magnitude of b:	
0.70283230020469	
SGD: Hinge Loss is	
227606.06209297	
SGD: Validation Accuracy is:	
0.93473895582329	
SGD: Magnitude of W:	
90983.759553948	
SGD: Magnitude of b:	
0.9585762226895	
SGD: Hinge Loss is	
203763.47811119	
SGD: Validation Accuracy is:	
0.94176706827309	
SGD: Magnitude of W:	
90778.041344054	
SGD: Magnitude of b:	
0.6702421568694	
SGD: Hinge Loss is	
189695.45379213	
SGD: Validation Accuracy is:	
0.94477911646586	
SGD: Magnitude of W:	
90580.145218807	
SGD: Magnitude of b:	
0.55723792378607	
SGD: Hinge Loss is	
179326.39065475	
SGD: Validation Accuracy is:	
0.95281124497992	
SGD: Magnitude of W:	
90385.584892394	
SGD: Magnitude of b:	
0.55612003253266	
SGD: Hinge Loss is	
171351.81484291	
SGD: Validation Accuracy is:	
0.95582329317269	
SGD: Magnitude of W:	
90193.05588468	
SGD: Magnitude of b:	
0.5550043839135	
SGD: Hinge Loss is	
166629.23224383	
SGD: Validation Accuracy is:	
0.95682730923695	
SGD: Magnitude of W:	
90002.20668189	
SGD: Magnitude of b:	
0.55389097342958	
SGD: Hinge Loss is	
160858.47566907	
SGD: Validation Accuracy is:	
0.95582329317269	
SGD: Magnitude of W:	
89811.87000875	
SGD: Magnitude of b:	
0.55277979659092	
SGD: Hinge Loss is	
156767.29529815	
SGD: Validation Accuracy is:	
0.95180722891566	
SGD: Magnitude of W:	
89622.767304181	
SGD: Magnitude of b:	
0.55167084891651	
SGD: Hinge Loss is	
153446.22077065	
SGD: Validation Accuracy is:	
0.95281124497992	
SGD: Magnitude of W:	
89434.993753999	
SGD: Magnitude of b:	
0.55056412593439	
SGD: Hinge Loss is	
150981.70079047	
SGD: Validation Accuracy is:	
0.95281124497992	
SGD: Magnitude of W:	
89248.080761411	
SGD: Magnitude of b:	
0.54945962318153	
SGD: Hinge Loss is	
147860.82667353	
SGD: Validation Accuracy is:	
0.95281124497992	
SGD: Magnitude of W:	
89061.669051246	
SGD: Magnitude of b:	
0.54835733620385	
SGD: Hinge Loss is	
145854.44694975	
SGD: Validation Accuracy is:	
0.95281124497992	
SGD: Magnitude of W:	
88875.731872258	
SGD: Magnitude of b:	
0.54725726055624	
SGD: Hinge Loss is	
144154.94007612	
SGD: Validation Accuracy is:	
0.95281124497992	
SGD: Magnitude of W:	
88690.535736699	
SGD: Magnitude of b:	
0.54615939180247	
SGD: Hinge Loss is	
141650.49181643	
SGD: Validation Accuracy is:	
0.95180722891566	
SGD: Magnitude of W:	
88505.60604017	
SGD: Magnitude of b:	
0.58748214587586	
SGD: Hinge Loss is	
139885.82895289	
SGD: Validation Accuracy is:	
0.94979919678715	
SGD: Magnitude of W:	
88321.651162712	
SGD: Magnitude of b:	
0.63754341964792	
SGD: Hinge Loss is	
138121.68531904	
SGD: Validation Accuracy is:	
0.94779116465863	
SGD: Magnitude of W:	
88138.03265098	
SGD: Magnitude of b:	
0.6635840621762	
SGD: Hinge Loss is	
136732.30379753	
SGD: Validation Accuracy is:	
0.94779116465863	
SGD: Magnitude of W:	
87955.103772122	
SGD: Magnitude of b:	
0.69392782487051	
SGD: Hinge Loss is	
135805.73616988	
SGD: Validation Accuracy is:	
0.94678714859438	
SGD: Magnitude of W:	
87772.40223453	
SGD: Magnitude of b:	
0.69596054745807	
SGD: Hinge Loss is	
134532.0232958	
SGD: Validation Accuracy is:	
0.94879518072289	
SGD: Magnitude of W:	
87590.521481855	
SGD: Magnitude of b:	
0.7302888219441	
SGD: Hinge Loss is	
133348.33628863	
SGD: Validation Accuracy is:	
0.94979919678715	
SGD: Magnitude of W:	
87409.201299369	
SGD: Magnitude of b:	
0.75722642167485	
SGD: Hinge Loss is	
132159.42306402	
SGD: Validation Accuracy is:	
0.95080321285141	
SGD: Magnitude of W:	
87228.087405835	
SGD: Magnitude of b:	
0.79920077613792	
SGD: Hinge Loss is	
131123.96693558	
SGD: Validation Accuracy is:	
0.95080321285141	
SGD: Magnitude of W:	
87047.788383705	
SGD: Magnitude of b:	
0.82545655442571	
SGD: Hinge Loss is	
130010.19420652	
SGD: Validation Accuracy is:	
0.94979919678715	
SGD: Magnitude of W:	
86868.202836303	
SGD: Magnitude of b:	
0.83171270844002	
SGD: Hinge Loss is	
129022.75437511	
SGD: Validation Accuracy is:	
0.95080321285141	
SGD: Magnitude of W:	
86689.091577382	
SGD: Magnitude of b:	
0.84258189421072	
SGD: Hinge Loss is	
128141.80570144	
SGD: Validation Accuracy is:	
0.94979919678715	
SGD: Magnitude of W:	
86510.668492041	
SGD: Magnitude of b:	
0.85190518005882	
SGD: Hinge Loss is	
127023.03106781	
SGD: Validation Accuracy is:	
0.95281124497992	
SGD: Magnitude of W:	
86332.667091714	
SGD: Magnitude of b:	
0.8578736931076	
SGD: Hinge Loss is	
125874.71100173	
SGD: Validation Accuracy is:	
0.95281124497992	
SGD: Magnitude of W:	
86155.342700815	
SGD: Magnitude of b:	
0.85587436681533	
SGD: Hinge Loss is	
125041.38721654	
SGD: Validation Accuracy is:	
0.95281124497992	
SGD: Magnitude of W:	
85978.603882494	
SGD: Magnitude of b:	
0.86221479635727	
SGD: Hinge Loss is	
123713.35596379	
SGD: Validation Accuracy is:	
0.94879518072289	
SGD: Magnitude of W:	
85802.077336194	
SGD: Magnitude of b:	
0.88424418805196	
SGD: Hinge Loss is	
122736.11561074	
SGD: Validation Accuracy is:	
0.94779116465863	
SGD: Magnitude of W:	
85626.258323267	
SGD: Magnitude of b:	
0.89060080185353	
SGD: Hinge Loss is	
121626.01158186	
SGD: Validation Accuracy is:	
0.94779116465863	
SGD: Magnitude of W:	
85451.012186097	
SGD: Magnitude of b:	
0.8972960196042	
SGD: Hinge Loss is	
120872.61084876	
SGD: Validation Accuracy is:	
0.94979919678715	
SGD: Magnitude of W:	
85276.3081096	
SGD: Magnitude of b:	
0.89662211818308	
SGD: Hinge Loss is	
120269.45042125	
SGD: Validation Accuracy is:	
0.94979919678715	
SGD: Magnitude of W:	
85101.923062923	
SGD: Magnitude of b:	
0.89471486785121	
SGD: Hinge Loss is	
119163.05348349	
SGD: Validation Accuracy is:	
0.94879518072289	
SGD: Magnitude of W:	
84928.421631216	
SGD: Magnitude of b:	
0.91681277244856	
SGD: Hinge Loss is	
118492.83996625	
SGD: Validation Accuracy is:	
0.94879518072289	
SGD: Magnitude of W:	
84754.792718832	
SGD: Magnitude of b:	
0.90325560669746	
SGD: Hinge Loss is	
117207.54108423	
SGD: Validation Accuracy is:	
0.94678714859438	
SGD: Magnitude of W:	
84582.116123788	
SGD: Magnitude of b:	
0.92666067404591	
SGD: Hinge Loss is	
116500.65097627	
SGD: Validation Accuracy is:	
0.94678714859438	
SGD: Magnitude of W:	
84409.82532928	
SGD: Magnitude of b:	
0.89379449096395	
SGD: Hinge Loss is	
115682.42719777	
SGD: Validation Accuracy is:	
0.94678714859438	
SGD: Magnitude of W:	
84237.853989084	
SGD: Magnitude of b:	
0.8895837198191	
SGD: Hinge Loss is	
114931.2154039	
SGD: Validation Accuracy is:	
0.94377510040161	
SGD: Magnitude of W:	
84066.429235887	
SGD: Magnitude of b:	
0.89215293313828	
SGD: Hinge Loss is	
114319.17537639	
SGD: Validation Accuracy is:	
0.94377510040161	
SGD: Magnitude of W:	
83895.405786894	
SGD: Magnitude of b:	
0.87202658751857	
SGD: Hinge Loss is	
113515.18028518	
SGD: Validation Accuracy is:	
0.94377510040161	
SGD: Magnitude of W:	
83724.787324257	
SGD: Magnitude of b:	
0.86916148548663	
SGD: Hinge Loss is	
112900.78875807	
SGD: Validation Accuracy is:	
0.94377510040161	
SGD: Magnitude of W:	
83554.763723147	
SGD: Magnitude of b:	
0.8638256079185	
SGD: Hinge Loss is	
112147.18840525	
SGD: Validation Accuracy is:	
0.94377510040161	
SGD: Magnitude of W:	
83385.36949391	
SGD: Magnitude of b:	
0.8920632972696	
SGD: Hinge Loss is	
111819.05690626	
SGD: Validation Accuracy is:	
0.94377510040161	
SGD: Magnitude of W:	
83216.18055732	
SGD: Magnitude of b:	
0.81603610886204	
SGD: Hinge Loss is	
110969.99912108	
SGD: Validation Accuracy is:	
0.94377510040161	
SGD: Magnitude of W:	
83047.393036472	
SGD: Magnitude of b:	
0.84468224017523	
SGD: Hinge Loss is	
110624.01574857	
SGD: Validation Accuracy is:	
0.94377510040161	
SGD: Magnitude of W:	
82878.963386526	
SGD: Magnitude of b:	
0.8154618854306	
SGD: Hinge Loss is	
109689.2039162	
SGD: Validation Accuracy is:	
0.94277108433735	
SGD: Magnitude of W:	
82711.513144539	
SGD: Magnitude of b:	
0.82355400929668	
SGD: Hinge Loss is	
109058.30338697	
SGD: Validation Accuracy is:	
0.94176706827309	
SGD: Magnitude of W:	
82543.623543388	
SGD: Magnitude of b:	
0.7972502873518	
SGD: Hinge Loss is	
108741.1729036	
SGD: Validation Accuracy is:	
0.94176706827309	
SGD: Magnitude of W:	
82376.848989949	
SGD: Magnitude of b:	
0.78849069982254	
Done.	
Testing on validation set...	
Done	
Datafile:	/n/home09/ankitgupta/CS287/HW1/SUBJ-uni-sent-syns.hdf5	Classifier:	hinge	Alpha:	0	Eta:	1	Lambda:	1	Minibatch size:	500	Num Epochs:	50	Minimum Sentence Length:	5	
Accuracy:	0.94176706827309	
