[?1034hDatafile:	/n/home09/ankitgupta/CS287/HW1/SST2-uni-sent.hdf5	Classifier:	lr	Alpha:	0	Eta:	1	Lambda:	0.5	Minibatch size:	500	Num Epochs:	50	Minimum Sentence Length:	5	
Note that not all parameters may apply to all classifiers	
Loading datafiles...	
Number of training samples before removing small sentences	76961	
Number of training samples after removing small sentences	55915	
Done.	
Training classifier...	
SGD: Loss is	
	LOSS:Calculated softmax res	
112538.80259172	
SGD: crossEntropyLoss is	
112538.80259172	
SGD: Validation Accuracy is:	
0.5414058307995	
SGD: Magnitude of W:	
24234.692031373	
SGD: Magnitude of b:	
1.0146081326859	
    Current index:	9501	
    Magnitude of W_grad:	3.0650705936679	
    Magnitude of W:	24218.749238472	
    Magnitude of B_grad:	0.014343375912846	
    Magnitude of b:	1.6639100003362	

	
    Current index:	19501	
    Magnitude of W_grad:	2.4872709647316	
    Magnitude of W:	24202.421657435	
    Magnitude of B_grad:	0.024007578580096	
    Magnitude of b:	1.7286022756532	

	
    Current index:	29501	
    Magnitude of W_grad:	6.0704164930337	
    Magnitude of W:	24183.730727955	
    Magnitude of B_grad:	0.15253640564098	
    Magnitude of b:	0.84829263784298	

	
    Current index:	39501	
    Magnitude of W_grad:	4.3942352082757	
    Magnitude of W:	24167.406501661	
    Magnitude of B_grad:	0.10018873866822	
    Magnitude of b:	2.0060879508815	

	
    Current index:	49501	
    Magnitude of W_grad:	3.8007832047616	
    Magnitude of W:	24151.163558112	
    Magnitude of B_grad:	0.0078225591667521	
    Magnitude of b:	1.7075448697991	

	
SGD: Loss is	
	LOSS:Calculated softmax res	
115814.67075104	
SGD: crossEntropyLoss is	
115814.67075104	
SGD: Validation Accuracy is:	
0.70524056519406	
SGD: Magnitude of W:	
24150.870437627	
SGD: Magnitude of b:	
1.8219743849617	
    Current index:	9501	
    Magnitude of W_grad:	2.5933610453847	
    Magnitude of W:	24135.480906031	
    Magnitude of B_grad:	0.0051917925522521	
    Magnitude of b:	1.3858975175367	

	
    Current index:	19501	
    Magnitude of W_grad:	2.4368367706145	
    Magnitude of W:	24121.380940532	
    Magnitude of B_grad:	0.02546865975167	
    Magnitude of b:	1.476788761424	

	
    Current index:	29501	
    Magnitude of W_grad:	5.1858564479491	
    Magnitude of W:	24105.215336541	
    Magnitude of B_grad:	0.090075259390854	
    Magnitude of b:	0.74175928673564	

	
    Current index:	39501	
    Magnitude of W_grad:	3.9262191790893	
    Magnitude of W:	24090.463262034	
    Magnitude of B_grad:	0.092083362132898	
    Magnitude of b:	1.8555465197236	

	
    Current index:	49501	
    Magnitude of W_grad:	3.6461936344216	
    Magnitude of W:	24075.472385759	
    Magnitude of B_grad:	0.012273871517138	
    Magnitude of b:	1.5796542010247	

	
SGD: Loss is	
	LOSS:Calculated softmax res	
104675.16170822	
SGD: crossEntropyLoss is	
104675.16170822	
SGD: Validation Accuracy is:	
0.71275263816849	
SGD: Magnitude of W:	
24075.204409789	
SGD: Magnitude of b:	
1.6777048539211	
    Current index:	9501	
    Magnitude of W_grad:	2.3107205153458	
    Magnitude of W:	24061.65191457	
    Magnitude of B_grad:	0.0075129203145114	
    Magnitude of b:	1.3357445385541	

	
    Current index:	19501	
    Magnitude of W_grad:	2.3734636099984	
    Magnitude of W:	24048.714839116	
    Magnitude of B_grad:	0.02474061034368	
    Magnitude of b:	1.4594063630251	

	
    Current index:	29501	
    Magnitude of W_grad:	4.8165932651756	
    Magnitude of W:	24033.596132407	
    Magnitude of B_grad:	0.078003280252569	
    Magnitude of b:	0.63284092894666	

	
    Current index:	39501	
    Magnitude of W_grad:	3.7561553085084	
    Magnitude of W:	24019.724590022	
    Magnitude of B_grad:	0.086369576763816	
    Magnitude of b:	1.7047080782727	

	
    Current index:	49501	
    Magnitude of W_grad:	3.5117691828536	
    Magnitude of W:	24005.378890628	
    Magnitude of B_grad:	0.01173437585927	
    Magnitude of b:	1.441090343241	

	
SGD: Loss is	
	LOSS:Calculated softmax res	
97259.744130578	
SGD: crossEntropyLoss is	
97259.744130578	
SGD: Validation Accuracy is:	
0.71793954569844	
SGD: Magnitude of W:	
24005.062384499	
SGD: Magnitude of b:	
1.5322917155919	
    Current index:	9501	
    Magnitude of W_grad:	2.2251928835972	
    Magnitude of W:	23992.135863179	
    Magnitude of B_grad:	0.010253178554923	
    Magnitude of b:	1.3305096712244	

	
    Current index:	19501	
    Magnitude of W_grad:	2.3423316783153	
    Magnitude of W:	23979.900371853	
    Magnitude of B_grad:	0.021823129342917	
    Magnitude of b:	1.4653695966474	

	
    Current index:	29501	
    Magnitude of W_grad:	4.5840161587128	
    Magnitude of W:	23965.582643936	
    Magnitude of B_grad:	0.075584423698619	
    Magnitude of b:	0.54541439296421	

	
    Current index:	39501	
    Magnitude of W_grad:	3.6484728064522	
    Magnitude of W:	23952.377790693	
    Magnitude of B_grad:	0.081179475203774	
    Magnitude of b:	1.580066374119	

	
    Current index:	49501	
    Magnitude of W_grad:	3.3928738987886	
    Magnitude of W:	23938.609096161	
    Magnitude of B_grad:	0.0093754953177715	
    Magnitude of b:	1.3318284773088	

	
SGD: Loss is	
	LOSS:Calculated softmax res	
91664.183681468	
SGD: crossEntropyLoss is	
91664.183681468	
SGD: Validation Accuracy is:	
0.7231264532284	
SGD: Magnitude of W:	
23938.285109455	
SGD: Magnitude of b:	
1.4174341748552	
    Current index:	9501	
    Magnitude of W_grad:	2.2098497103707	
    Magnitude of W:	23926.130481039	
    Magnitude of B_grad:	0.01418510408149	
    Magnitude of b:	1.3271346509491	

	
    Current index:	19501	
    Magnitude of W_grad:	2.3285584662562	
    Magnitude of W:	23914.377118568	
    Magnitude of B_grad:	0.019293787174898	
    Magnitude of b:	1.4656033719483	

	
    Current index:	29501	
    Magnitude of W_grad:	4.4131691782555	
    Magnitude of W:	23900.695862309	
    Magnitude of B_grad:	0.076730976797552	
    Magnitude of b:	0.48284117764213	

	
    Current index:	39501	
    Magnitude of W_grad:	3.5453743573984	
    Magnitude of W:	23888.08859675	
    Magnitude of B_grad:	0.076446411312269	
    Magnitude of b:	1.4851094751721	

	
    Current index:	49501	
    Magnitude of W_grad:	3.307139055749	
    Magnitude of W:	23874.908719072	
    Magnitude of B_grad:	0.0069741442169633	
    Magnitude of b:	1.2523667775269	

	
SGD: Loss is	
	LOSS:Calculated softmax res	
87191.053095409	
SGD: crossEntropyLoss is	
87191.053095409	
SGD: Validation Accuracy is:	
0.7259881953139	
SGD: Magnitude of W:	
23874.618865465	
SGD: Magnitude of b:	
1.3322603294621	
    Current index:	9501	
    Magnitude of W_grad:	2.2047888356009	
    Magnitude of W:	23862.8729189	
    Magnitude of B_grad:	0.018319186595766	
    Magnitude of b:	1.3175358383009	

	
    Current index:	19501	
    Magnitude of W_grad:	2.3202288903553	
    Magnitude of W:	23851.589984165	
    Magnitude of B_grad:	0.017422755789769	
    Magnitude of b:	1.4580161063446	

	
    Current index:	29501	
    Magnitude of W_grad:	4.2845752859619	
    Magnitude of W:	23838.595377384	
    Magnitude of B_grad:	0.079641283173696	
    Magnitude of b:	0.43841669326766	

	
    Current index:	39501	
    Magnitude of W_grad:	3.4359252493909	
    Magnitude of W:	23826.522181563	
    Magnitude of B_grad:	0.072797451260104	
    Magnitude of b:	1.4125498010979	

	
    Current index:	49501	
    Magnitude of W_grad:	3.2428679434257	
    Magnitude of W:	23813.993294473	
    Magnitude of B_grad:	0.0051147803106253	
    Magnitude of b:	1.1938510089115	

	
SGD: Loss is	
	LOSS:Calculated softmax res	
83451.183529154	
SGD: crossEntropyLoss is	
83451.183529154	
SGD: Validation Accuracy is:	
0.73171167948489	
SGD: Magnitude of W:	
23813.730580342	
SGD: Magnitude of b:	
1.2684327966549	
    Current index:	9501	
    Magnitude of W_grad:	2.1992770232668	
    Magnitude of W:	23802.71918266	
    Magnitude of B_grad:	0.022163996611134	
    Magnitude of b:	1.3025669736055	

	
    Current index:	19501	
    Magnitude of W_grad:	2.3119242670988	
    Magnitude of W:	23791.950411993	
    Magnitude of B_grad:	0.016121244376173	
    Magnitude of b:	1.4452135719566	

	
    Current index:	29501	
    Magnitude of W_grad:	4.1775745410966	
    Magnitude of W:	23779.609793377	
    Magnitude of B_grad:	0.083748068934889	
    Magnitude of b:	0.40561631786755	

	
    Current index:	39501	
    Magnitude of W_grad:	3.326455809603	
    Magnitude of W:	23768.329247266	
    Magnitude of B_grad:	0.070447214122832	
    Magnitude of b:	1.3558013020403	

	
    Current index:	49501	
    Magnitude of W_grad:	3.1792333351487	
    Magnitude of W:	23756.215831433	
    Magnitude of B_grad:	0.0038474628258499	
    Magnitude of b:	1.1494846963614	

	
SGD: Loss is	
	LOSS:Calculated softmax res	
80236.628328792	
SGD: crossEntropyLoss is	
80236.628328792	
SGD: Validation Accuracy is:	
0.73332140940798	
SGD: Magnitude of W:	
23755.968841036	
SGD: Magnitude of b:	
1.2193966053039	
    Current index:	9501	
    Magnitude of W_grad:	2.1897551419314	
    Magnitude of W:	23745.346348817	
    Magnitude of B_grad:	0.025601058485858	
    Magnitude of b:	1.2844001959849	

	
    Current index:	19501	
    Magnitude of W_grad:	2.2972903328807	
    Magnitude of W:	23734.737984116	
    Magnitude of B_grad:	0.015267697482104	
    Magnitude of b:	1.429619560876	

	
    Current index:	29501	
    Magnitude of W_grad:	4.0848923990125	
    Magnitude of W:	23722.873359431	
    Magnitude of B_grad:	0.088386118651171	
    Magnitude of b:	0.38026096804207	

	
    Current index:	39501	
    Magnitude of W_grad:	3.2257091834827	
    Magnitude of W:	23711.8215952	
    Magnitude of B_grad:	0.06924168610693	
    Magnitude of b:	1.3101309637955	

	
    Current index:	49501	
    Magnitude of W_grad:	3.1171266882884	
    Magnitude of W:	23700.155162994	
    Magnitude of B_grad:	0.0031269343561279	
    Magnitude of b:	1.1146796471131	

	
SGD: Loss is	
	LOSS:Calculated softmax res	
77419.359885887	
SGD: crossEntropyLoss is	
77419.359885887	
SGD: Validation Accuracy is:	
0.73600429261313	
SGD: Magnitude of W:	
23699.905821532	
SGD: Magnitude of b:	
1.1804937411494	
    Current index:	9501	
    Magnitude of W_grad:	2.1763115142517	
    Magnitude of W:	23689.694620173	
    Magnitude of B_grad:	0.028614722132337	
    Magnitude of b:	1.2649085563729	

	
    Current index:	19501	
    Magnitude of W_grad:	2.2759406364204	
    Magnitude of W:	23679.458286173	
    Magnitude of B_grad:	0.014769799853345	
    Magnitude of b:	1.4127717037494	

	
    Current index:	29501	
    Magnitude of W_grad:	4.003405564219	
    Magnitude of W:	23667.999605786	
    Magnitude of B_grad:	0.093275913860424	
    Magnitude of b:	0.35965520818479	

	
    Current index:	39501	
    Magnitude of W_grad:	3.1350375792142	
    Magnitude of W:	23657.469278624	
    Magnitude of B_grad:	0.068896921545996	
    Magnitude of b:	1.2724950078067	

	
    Current index:	49501	
    Magnitude of W_grad:	3.0568285636717	
    Magnitude of W:	23646.16334937	
    Magnitude of B_grad:	0.0028557622239409	
    Magnitude of b:	1.0863965147312	

	
SGD: Loss is	
	LOSS:Calculated softmax res	
74917.028855531	
SGD: crossEntropyLoss is	
74917.028855531	
SGD: Validation Accuracy is:	
0.73743516365588	
SGD: Magnitude of W:	
23645.903411916	
SGD: Magnitude of b:	
1.1485286029171	
    Current index:	9501	
    Magnitude of W_grad:	2.1598417980045	
    Magnitude of W:	23636.122959104	
    Magnitude of B_grad:	0.031194526239663	
    Magnitude of b:	1.2455160720642	

	
    Current index:	19501	
    Magnitude of W_grad:	2.2492911464115	
    Magnitude of W:	23626.302136166	
    Magnitude of B_grad:	0.014557070594583	
    Magnitude of b:	1.3955909306551	

	
    Current index:	29501	
    Magnitude of W_grad:	3.9350455847821	
    Magnitude of W:	23615.220147416	
    Magnitude of B_grad:	0.098482671009657	
    Magnitude of b:	0.34200070137597	

	
    Current index:	39501	
    Magnitude of W_grad:	3.0483685536141	
    Magnitude of W:	23605.101750002	
    Magnitude of B_grad:	0.069127065343561	
    Magnitude of b:	1.2409442550543	

	
    Current index:	49501	
    Magnitude of W_grad:	2.9977080112528	
    Magnitude of W:	23594.151635017	
    Magnitude of B_grad:	0.0029107451841817	
    Magnitude of b:	1.0625961206195	

	
SGD: Loss is	
	LOSS:Calculated softmax res	
72674.936693241	
SGD: crossEntropyLoss is	
72674.936693241	
SGD: Validation Accuracy is:	
0.73868717581828	
SGD: Magnitude of W:	
23593.901199134	
SGD: Magnitude of b:	
1.121340820293	
    Current index:	9501	
    Magnitude of W_grad:	2.140947409793	
    Magnitude of W:	23584.664675876	
    Magnitude of B_grad:	0.033370850101307	
    Magnitude of b:	1.2271735714904	

	
    Current index:	19501	
    Magnitude of W_grad:	2.2199750974115	
    Magnitude of W:	23575.095739872	
    Magnitude of B_grad:	0.014564387311016	
    Magnitude of b:	1.3786855734865	

	
    Current index:	29501	
    Magnitude of W_grad:	3.8792338128402	
    Magnitude of W:	23564.308137134	
    Magnitude of B_grad:	0.10415311725542	
    Magnitude of b:	0.32610159763851	

	
    Current index:	39501	
    Magnitude of W_grad:	2.9685242707575	
    Magnitude of W:	23554.638306394	
    Magnitude of B_grad:	0.069686587012244	
    Magnitude of b:	1.214119059964	

	
    Current index:	49501	
    Magnitude of W_grad:	2.9417209016713	
    Magnitude of W:	23544.074031573	
    Magnitude of B_grad:	0.0031872322329521	
    Magnitude of b:	1.0419288239145	

	
SGD: Loss is	
	LOSS:Calculated softmax res	
70652.7519351	
SGD: crossEntropyLoss is	
70652.7519351	
SGD: Validation Accuracy is:	
0.74244321230549	
SGD: Magnitude of W:	
23543.811814629	
SGD: Magnitude of b:	
1.0975200989433	
    Current index:	9501	
    Magnitude of W_grad:	2.120029956797	
    Magnitude of W:	23534.706614626	
    Magnitude of B_grad:	0.03520767462878	
    Magnitude of b:	1.2103636569739	

	
    Current index:	19501	
    Magnitude of W_grad:	2.1895470970776	
    Magnitude of W:	23525.470794566	
    Magnitude of B_grad:	0.014730423432393	
    Magnitude of b:	1.3624347088649	

	
    Current index:	29501	
    Magnitude of W_grad:	3.8335131853416	
    Magnitude of W:	23514.991260606	
    Magnitude of B_grad:	0.11036995931391	
    Magnitude of b:	0.31122926173842	

	
    Current index:	39501	
    Magnitude of W_grad:	2.8943180383492	
    Magnitude of W:	23505.633090137	
    Magnitude of B_grad:	0.070385502161792	
    Magnitude of b:	1.1910188563449	

	
    Current index:	49501	
    Magnitude of W_grad:	2.8885133278098	
    Magnitude of W:	23495.36934815	
    Magnitude of B_grad:	0.0036169361538064	
    Magnitude of b:	1.0235474558312	

	
SGD: Loss is	
	LOSS:Calculated softmax res	
68817.830981927	
SGD: crossEntropyLoss is	
68817.830981927	
SGD: Validation Accuracy is:	
0.74405294222858	
SGD: Magnitude of W:	
23495.09442823	
SGD: Magnitude of b:	
1.0761991666868	
    Current index:	9501	
    Magnitude of W_grad:	2.0977048689391	
    Magnitude of W:	23486.207248214	
    Magnitude of B_grad:	0.036764346279967	
    Magnitude of b:	1.1952073516727	

	
    Current index:	19501	
    Magnitude of W_grad:	2.1591828738906	
    Magnitude of W:	23477.200641853	
    Magnitude of B_grad:	0.015001842705364	
    Magnitude of b:	1.3470075365217	

	
    Current index:	29501	
    Magnitude of W_grad:	3.7955979285535	
    Magnitude of W:	23467.043046599	
    Magnitude of B_grad:	0.11703842902005	
    Magnitude of b:	0.29708081679011	

	
    Current index:	39501	
    Magnitude of W_grad:	2.829873351238	
    Magnitude of W:	23457.982708179	
    Magnitude of B_grad:	0.071091196204896	
    Magnitude of b:	1.170884690449	

	
    Current index:	49501	
    Magnitude of W_grad:	2.8374686838852	
    Magnitude of W:	23448.128590279	
    Magnitude of B_grad:	0.0041604944382503	
    Magnitude of b:	1.0069332598916	

	
SGD: Loss is	
	LOSS:Calculated softmax res	
67143.229644532	
SGD: crossEntropyLoss is	
67143.229644532	
SGD: Validation Accuracy is:	
0.74351636558755	
SGD: Magnitude of W:	
23447.845143832	
SGD: Magnitude of b:	
1.0568519452738	
    Current index:	9501	
    Magnitude of W_grad:	2.0743431643277	
    Magnitude of W:	23439.175458372	
    Magnitude of B_grad:	0.03808364702278	
    Magnitude of b:	1.1816211789416	

	
    Current index:	19501	
    Magnitude of W_grad:	2.1297651009852	
    Magnitude of W:	23430.407043351	
    Magnitude of B_grad:	0.015335109028542	
    Magnitude of b:	1.3324428073903	

	
    Current index:	29501	
    Magnitude of W_grad:	3.7747141508724	
    Magnitude of W:	23420.538837309	
    Magnitude of B_grad:	0.12385589496175	
    Magnitude of b:	0.28367140471973	

	
    Current index:	39501	
    Magnitude of W_grad:	2.7710831875286	
    Magnitude of W:	23411.911610651	
    Magnitude of B_grad:	0.07171975096381	
    Magnitude of b:	1.1531030739707	

	
    Current index:	49501	
    Magnitude of W_grad:	2.7887163685844	
    Magnitude of W:	23402.304839576	
    Magnitude of B_grad:	0.0047962540942935	
    Magnitude of b:	0.99174775698857	

	
SGD: Loss is	
	LOSS:Calculated softmax res	
65606.9378933	
SGD: crossEntropyLoss is	
65606.9378933	
SGD: Validation Accuracy is:	
0.74548381327133	
SGD: Magnitude of W:	
23402.015569733	
SGD: Magnitude of b:	
1.0391299635958	
    Current index:	9501	
    Magnitude of W_grad:	2.0507188468806	
    Magnitude of W:	23393.507498785	
    Magnitude of B_grad:	0.039196001965954	
    Magnitude of b:	1.1694519052446	

	
    Current index:	19501	
    Magnitude of W_grad:	2.1018954604015	
    Magnitude of W:	23384.925252934	
    Magnitude of B_grad:	0.015695910664192	
    Magnitude of b:	1.3187363635081	

	
    Current index:	29501	
    Magnitude of W_grad:	3.7607430168649	
    Magnitude of W:	23375.425577752	
    Magnitude of B_grad:	0.13047583271054	
    Magnitude of b:	0.27111396349784	

	
    Current index:	39501	
    Magnitude of W_grad:	2.7174758366615	
    Magnitude of W:	23367.153242083	
    Magnitude of B_grad:	0.07222273009442	
    Magnitude of b:	1.1371724193858	

	
    Current index:	49501	
    Magnitude of W_grad:	2.7420168255393	
    Magnitude of W:	23357.775791038	
    Magnitude of B_grad:	0.0055110812499515	
    Magnitude of b:	0.9777518891229	

	
SGD: Loss is	
	LOSS:Calculated softmax res	
64190.983330362	
SGD: crossEntropyLoss is	
64190.983330362	
SGD: Validation Accuracy is:	
0.7490609908782	
SGD: Magnitude of W:	
23357.478646072	
SGD: Magnitude of b:	
1.0227785457161	
    Current index:	9501	
    Magnitude of W_grad:	2.0261610526817	
    Magnitude of W:	23349.181407289	
    Magnitude of B_grad:	0.04012402149687	
    Magnitude of b:	1.1585488905364	

	
    Current index:	19501	
    Magnitude of W_grad:	2.0764098717755	
    Magnitude of W:	23340.793485236	
    Magnitude of B_grad:	0.016057668051696	
    Magnitude of b:	1.3058826491701	

	
    Current index:	29501	
    Magnitude of W_grad:	3.7479196286058	
    Magnitude of W:	23331.549562026	
    Magnitude of B_grad:	0.13669218112236	
    Magnitude of b:	0.25944727069826	

	
    Current index:	39501	
    Magnitude of W_grad:	2.6685071239045	
    Magnitude of W:	23323.520865332	
    Magnitude of B_grad:	0.072575946668595	
    Magnitude of b:	1.12270854242	

	
    Current index:	49501	
    Magnitude of W_grad:	2.6981823252977	
    Magnitude of W:	23314.319297922	
    Magnitude of B_grad:	0.0062941216986203	
    Magnitude of b:	0.96477470871851	

	
SGD: Loss is	
	LOSS:Calculated softmax res	
62880.498441964	
SGD: crossEntropyLoss is	
62880.498441964	
SGD: Validation Accuracy is:	
0.7503130030406	
SGD: Magnitude of W:	
23314.020884403	
SGD: Magnitude of b:	
1.0076081442173	
    Current index:	9501	
    Magnitude of W_grad:	2.002105262508	
    Magnitude of W:	23305.941553395	
    Magnitude of B_grad:	0.040885240729693	
    Magnitude of b:	1.1487815084182	

	
    Current index:	19501	
    Magnitude of W_grad:	2.0530831746801	
    Magnitude of W:	23297.7914025	
    Magnitude of B_grad:	0.016400033958131	
    Magnitude of b:	1.2938756703462	

	
    Current index:	29501	
    Magnitude of W_grad:	3.7352926679901	
    Magnitude of W:	23288.740274312	
    Magnitude of B_grad:	0.14245972812751	
    Magnitude of b:	0.24861606616889	

	
    Current index:	39501	
    Magnitude of W_grad:	2.6235472368922	
    Magnitude of W:	23280.892372793	
    Magnitude of B_grad:	0.07277223737612	
    Magnitude of b:	1.1094336897442	

	
    Current index:	49501	
    Magnitude of W_grad:	2.656780045894	
    Magnitude of W:	23271.84823974	
    Magnitude of B_grad:	0.0071344573871049	
    Magnitude of b:	0.95269366462584	

	
SGD: Loss is	
	LOSS:Calculated softmax res	
61663.022106228	
SGD: crossEntropyLoss is	
61663.022106228	
SGD: Validation Accuracy is:	
0.75174387408335	
SGD: Magnitude of W:	
23271.520862945	
SGD: Magnitude of b:	
0.99347790947874	
    Current index:	9501	
    Magnitude of W_grad:	1.9776901388752	
    Magnitude of W:	23263.610172364	
    Magnitude of B_grad:	0.04149403563265	
    Magnitude of b:	1.1400338720576	

	
    Current index:	19501	
    Magnitude of W_grad:	2.0322551844061	
    Magnitude of W:	23255.597142794	
    Magnitude of B_grad:	0.016707833771642	
    Magnitude of b:	1.2826990736513	

	
    Current index:	29501	
    Magnitude of W_grad:	3.7235392986802	
    Magnitude of W:	23246.82988425	
    Magnitude of B_grad:	0.14781878533858	
    Magnitude of b:	0.23852245049355	

	
    Current index:	39501	
    Magnitude of W_grad:	2.5856361554696	
    Magnitude of W:	23239.189771776	
    Magnitude of B_grad:	0.072816128684388	
    Magnitude of b:	1.0971497129167	

	
    Current index:	49501	
    Magnitude of W_grad:	2.6185135216623	
    Magnitude of W:	23230.278091181	
    Magnitude of B_grad:	0.0080210764988583	
    Magnitude of b:	0.94141713426807	

	
SGD: Loss is	
	LOSS:Calculated softmax res	
60528.022648364	
SGD: crossEntropyLoss is	
60528.022648364	
SGD: Validation Accuracy is:	
0.75371132176713	
SGD: Magnitude of W:	
23229.953577277	
SGD: Magnitude of b:	
0.98028043181782	
    Current index:	9501	
    Magnitude of W_grad:	1.9538720716851	
    Magnitude of W:	23222.188203616	
    Magnitude of B_grad:	0.041963241972019	
    Magnitude of b:	1.1321977487303	

	
    Current index:	19501	
    Magnitude of W_grad:	2.0142783848072	
    Magnitude of W:	23214.341530629	
    Magnitude of B_grad:	0.016970456489942	
    Magnitude of b:	1.2723211310078	

	
    Current index:	29501	
    Magnitude of W_grad:	3.7116712244573	
    Magnitude of W:	23205.836039663	
    Magnitude of B_grad:	0.15283163215739	
    Magnitude of b:	0.22906602650676	

	
    Current index:	39501	
    Magnitude of W_grad:	2.5496901123975	
    Magnitude of W:	23198.341837933	
    Magnitude of B_grad:	0.072719133164798	
    Magnitude of b:	1.085714045089	

	
    Current index:	49501	
    Magnitude of W_grad:	2.5837169819753	
    Magnitude of W:	23189.620004825	
    Magnitude of B_grad:	0.0089432796938634	
    Magnitude of b:	0.93087245777629	

	
SGD: Loss is	
	LOSS:Calculated softmax res	
59466.54002447	
SGD: crossEntropyLoss is	
59466.54002447	
SGD: Validation Accuracy is:	
0.75532105169022	
SGD: Magnitude of W:	
23189.293663174	
SGD: Magnitude of b:	
0.96793075152674	
    Current index:	9501	
    Magnitude of W_grad:	1.9303735235213	
    Magnitude of W:	23181.578745456	
    Magnitude of B_grad:	0.04230549852856	
    Magnitude of b:	1.1251687922695	

	
    Current index:	19501	
    Magnitude of W_grad:	1.9981421977871	
    Magnitude of W:	23173.880863275	
    Magnitude of B_grad:	0.017181418757265	
    Magnitude of b:	1.2626954859626	

	
    Current index:	29501	
    Magnitude of W_grad:	3.6998648463351	
    Magnitude of W:	23165.627438958	
    Magnitude of B_grad:	0.15755393249113	
    Magnitude of b:	0.22015979822593	

	
    Current index:	39501	
    Magnitude of W_grad:	2.5165460797792	
    Magnitude of W:	23158.333807944	
    Magnitude of B_grad:	0.072496019090696	
    Magnitude of b:	1.0750230664488	

	
    Current index:	49501	
    Magnitude of W_grad:	2.5511118981644	
    Magnitude of W:	23149.785733886	
    Magnitude of B_grad:	0.009890909603542	
    Magnitude of b:	0.9209990389937	

	
SGD: Loss is	
	LOSS:Calculated softmax res	
58470.899547171	
SGD: crossEntropyLoss is	
58470.899547171	
SGD: Validation Accuracy is:	
0.7556787694509	
SGD: Magnitude of W:	
23149.457310157	
SGD: Magnitude of b:	
0.95635944979466	
    Current index:	9501	
    Magnitude of W_grad:	1.9076441046088	
    Magnitude of W:	23141.847603256	
    Magnitude of B_grad:	0.042534035050598	
    Magnitude of b:	1.1188460380448	

	
    Current index:	19501	
    Magnitude of W_grad:	1.9831370146073	
    Magnitude of W:	23134.336171966	
    Magnitude of B_grad:	0.017337832023434	
    Magnitude of b:	1.2537650549426	

	
    Current index:	29501	
    Magnitude of W_grad:	3.6884578437343	
    Magnitude of W:	23126.263043104	
    Magnitude of B_grad:	0.16202745528389	
    Magnitude of b:	0.21778286182072	

	
    Current index:	39501	
    Magnitude of W_grad:	2.4848692901617	
    Magnitude of W:	23119.092511454	
    Magnitude of B_grad:	0.072162390528312	
    Magnitude of b:	1.0650002469091	

	
    Current index:	49501	
    Magnitude of W_grad:	2.5209321382125	
    Magnitude of W:	23110.707539494	
    Magnitude of B_grad:	0.010854443442758	
    Magnitude of b:	0.91174403848096	

	
SGD: Loss is	
	LOSS:Calculated softmax res	
57534.485292009	
SGD: crossEntropyLoss is	
57534.485292009	
SGD: Validation Accuracy is:	
0.75836165265605	
SGD: Magnitude of W:	
23110.378084737	
SGD: Magnitude of b:	
0.94550770021516	
    Current index:	9501	
    Magnitude of W_grad:	1.8855061697267	
    Magnitude of W:	23102.916017397	
    Magnitude of B_grad:	0.04266274796934	
    Magnitude of b:	1.113133650861	

	
    Current index:	19501	
    Magnitude of W_grad:	1.9690928589892	
    Magnitude of W:	23095.552441841	
    Magnitude of B_grad:	0.017439701996153	
    Magnitude of b:	1.2454670068289	

	
    Current index:	29501	
    Magnitude of W_grad:	3.6789111979607	
    Magnitude of W:	23087.660436468	
    Magnitude of B_grad:	0.16628129757402	
    Magnitude of b:	0.21778286182072	

	
    Current index:	39501	
    Magnitude of W_grad:	2.4546707160335	
    Magnitude of W:	23080.634656768	
    Magnitude of B_grad:	0.071733400183351	
    Magnitude of b:	1.0555869955511	

	
    Current index:	49501	
    Magnitude of W_grad:	2.4930431569264	
    Magnitude of W:	23072.388556983	
    Magnitude of B_grad:	0.011825048213134	
    Magnitude of b:	0.90305921106276	

	
SGD: Loss is	
	LOSS:Calculated softmax res	
56651.565093504	
SGD: crossEntropyLoss is	
56651.565093504	
SGD: Validation Accuracy is:	
0.76015024145949	
SGD: Magnitude of W:	
23072.062916277	
SGD: Magnitude of b:	
0.93532319079998	
    Current index:	9501	
    Magnitude of W_grad:	1.8639186592555	
    Magnitude of W:	23064.680213247	
    Magnitude of B_grad:	0.042705677737919	
    Magnitude of b:	1.107943596996	

	
    Current index:	19501	
    Magnitude of W_grad:	1.9558552374528	
    Magnitude of W:	23057.502250427	
    Magnitude of B_grad:	0.01748915932907	
    Magnitude of b:	1.2377373590809	

	
    Current index:	29501	
    Magnitude of W_grad:	3.6695217313833	
    Magnitude of W:	23049.85428484	
    Magnitude of B_grad:	0.17033529550923	
    Magnitude of b:	0.21778286182072	

	
    Current index:	39501	
    Magnitude of W_grad:	2.4255732891002	
    Magnitude of W:	23043.031693691	
    Magnitude of B_grad:	0.071223185271685	
    Magnitude of b:	1.0467357388857	

	
    Current index:	49501	
    Magnitude of W_grad:	2.466915367351	
    Magnitude of W:	23034.941174505	
    Magnitude of B_grad:	0.012794629403447	
    Magnitude of b:	0.89489869487602	

	
SGD: Loss is	
	LOSS:Calculated softmax res	
55817.154563481	
SGD: crossEntropyLoss is	
55817.154563481	
SGD: Validation Accuracy is:	
0.76158111250224	
SGD: Magnitude of W:	
23034.615185824	
SGD: Magnitude of b:	
0.92575701159873	
    Current index:	9501	
    Magnitude of W_grad:	1.8434473548206	
    Magnitude of W:	23027.305772404	
    Magnitude of B_grad:	0.042676203788584	
    Magnitude of b:	1.1031979630126	

	
    Current index:	19501	
    Magnitude of W_grad:	1.9432879801549	
    Magnitude of W:	23020.212023487	
    Magnitude of B_grad:	0.017489746898991	
    Magnitude of b:	1.2305143643294	

	
    Current index:	29501	
    Magnitude of W_grad:	3.6612645785737	
    Magnitude of W:	23012.690593695	
    Magnitude of B_grad:	0.17420320957943	
    Magnitude of b:	0.21778286182072	

	
    Current index:	39501	
    Magnitude of W_grad:	2.3979758868014	
    Magnitude of W:	23006.043360239	
    Magnitude of B_grad:	0.070644667735051	
    Magnitude of b:	1.0384052251151	

	
    Current index:	49501	
    Magnitude of W_grad:	2.4431312060629	
    Magnitude of W:	22998.105818557	
    Magnitude of B_grad:	0.013755870957264	
    Magnitude of b:	0.88721794305105	

	
SGD: Loss is	
	LOSS:Calculated softmax res	
55026.906305403	
SGD: crossEntropyLoss is	
55026.906305403	
SGD: Validation Accuracy is:	
0.76283312466464	
SGD: Magnitude of W:	
22997.779282196	
SGD: Magnitude of b:	
0.91676187953581	
    Current index:	9501	
    Magnitude of W_grad:	1.8272249409048	
    Magnitude of W:	22990.583588921	
    Magnitude of B_grad:	0.042586323581922	
    Magnitude of b:	1.0988301249251	

	
    Current index:	19501	
    Magnitude of W_grad:	1.931273455415	
    Magnitude of W:	22983.59171673	
    Magnitude of B_grad:	0.017445820283791	
    Magnitude of b:	1.2237405974389	

	
    Current index:	29501	
    Magnitude of W_grad:	3.6537609105489	
    Magnitude of W:	22976.301169532	
    Magnitude of B_grad:	0.17789502399346	
    Magnitude of b:	0.21778286182072	

	
    Current index:	39501	
    Magnitude of W_grad:	2.3720604522445	
    Magnitude of W:	22969.763054383	
    Magnitude of B_grad:	0.070009503837948	
    Magnitude of b:	1.0305577652288	

	
    Current index:	49501	
    Magnitude of W_grad:	2.4208906846688	
    Magnitude of W:	22961.915004516	
    Magnitude of B_grad:	0.014702261632494	
    Magnitude of b:	0.87997371960929	

	
SGD: Loss is	
	LOSS:Calculated softmax res	
54277.014302755	
SGD: crossEntropyLoss is	
54277.014302755	
SGD: Validation Accuracy is:	
0.76551600786979	
SGD: Magnitude of W:	
22961.572562693	
SGD: Magnitude of b:	
0.90829168755762	
    Current index:	9501	
    Magnitude of W_grad:	1.8118292004493	
    Magnitude of W:	22954.480516005	
    Magnitude of B_grad:	0.042446258900001	
    Magnitude of b:	1.0947846335737	

	
    Current index:	19501	
    Magnitude of W_grad:	1.9197112865463	
    Magnitude of W:	22947.603392105	
    Magnitude of B_grad:	0.017362059611272	
    Magnitude of b:	1.2173641136686	

	
    Current index:	29501	
    Magnitude of W_grad:	3.6461883124755	
    Magnitude of W:	22940.41235326	
    Magnitude of B_grad:	0.18141838991817	
    Magnitude of b:	0.21778286182072	

	
    Current index:	39501	
    Magnitude of W_grad:	2.3468815718352	
    Magnitude of W:	22933.947258286	
    Magnitude of B_grad:	0.069328087311637	
    Magnitude of b:	1.0231578296533	

	
    Current index:	49501	
    Magnitude of W_grad:	2.3997630131681	
    Magnitude of W:	22926.215622886	
    Magnitude of B_grad:	0.015628102788679	
    Magnitude of b:	0.87312472389596	

	
SGD: Loss is	
	LOSS:Calculated softmax res	
53564.129568627	
SGD: crossEntropyLoss is	
53564.129568627	
SGD: Validation Accuracy is:	
0.76748345555357	
SGD: Magnitude of W:	
22925.873071289	
SGD: Magnitude of b:	
0.90030191688605	
    Current index:	9501	
    Magnitude of W_grad:	1.7975150616493	
    Magnitude of W:	22918.904223301	
    Magnitude of B_grad:	0.042264424359779	
    Magnitude of b:	1.0910161754678	

	
    Current index:	19501	
    Magnitude of W_grad:	1.9085163811275	
    Magnitude of W:	22912.124982244	
    Magnitude of B_grad:	0.017243084942522	
    Magnitude of b:	1.2113390603284	

	
    Current index:	29501	
    Magnitude of W_grad:	3.6402822890561	
    Magnitude of W:	22905.10752219	
    Magnitude of B_grad:	0.18477945247245	
    Magnitude of b:	0.21778286182072	

	
    Current index:	39501	
    Magnitude of W_grad:	2.3223329731006	
    Magnitude of W:	22898.72025243	
    Magnitude of B_grad:	0.068609577285329	
    Magnitude of b:	1.0161714238751	

	
    Current index:	49501	
    Magnitude of W_grad:	2.3795946267527	
    Magnitude of W:	22891.09888047	
    Magnitude of B_grad:	0.016528490798746	
    Magnitude of b:	0.86663231403895	

	
SGD: Loss is	
	LOSS:Calculated softmax res	
52885.287576285	
SGD: crossEntropyLoss is	
52885.287576285	
SGD: Validation Accuracy is:	
0.76891432659632	
SGD: Magnitude of W:	
22890.766545671	
SGD: Magnitude of b:	
0.8927503120899	
    Current index:	9501	
    Magnitude of W_grad:	1.7836393109954	
    Magnitude of W:	22884.016703285	
    Magnitude of B_grad:	0.042047641229613	
    Magnitude of b:	1.0874881218505	

	
    Current index:	19501	
    Magnitude of W_grad:	1.8976168516623	
    Magnitude of W:	22877.330649671	
    Magnitude of B_grad:	0.017093183778627	
    Magnitude of b:	1.2056259171874	

	
    Current index:	29501	
    Magnitude of W_grad:	3.6385767340447	
    Magnitude of W:	22870.440182175	
    Magnitude of B_grad:	0.18798330773191	
    Magnitude of b:	0.21778286182072	

	
    Current index:	39501	
    Magnitude of W_grad:	2.2993867471847	
    Magnitude of W:	22864.141913134	
    Magnitude of B_grad:	0.067861949647239	
    Magnitude of b:	1.0095658547704	

	
    Current index:	49501	
    Magnitude of W_grad:	2.3602772995348	
    Magnitude of W:	22856.599550189	
    Magnitude of B_grad:	0.017399271059851	
    Magnitude of b:	0.86046097427575	

	
SGD: Loss is	
	LOSS:Calculated softmax res	
52237.84876494	
SGD: crossEntropyLoss is	
52237.84876494	
SGD: Validation Accuracy is:	
0.76998747987838	
SGD: Magnitude of W:	
22856.267968866	
SGD: Magnitude of b:	
0.88559739172276	
    Current index:	9501	
    Magnitude of W_grad:	1.7701599990052	
    Magnitude of W:	22849.702739975	
    Magnitude of B_grad:	0.041801445249017	
    Magnitude of b:	1.0841710626264	

	
    Current index:	19501	
    Magnitude of W_grad:	1.8869521749297	
    Magnitude of W:	22843.110349801	
    Magnitude of B_grad:	0.016916161134515	
    Magnitude of b:	1.20019139315	

	
    Current index:	29501	
    Magnitude of W_grad:	3.6370989601532	
    Magnitude of W:	22836.299425697	
    Magnitude of B_grad:	0.1910342714675	
    Magnitude of b:	0.21778286182072	

	
    Current index:	39501	
    Magnitude of W_grad:	2.2773021132349	
    Magnitude of W:	22830.108553577	
    Magnitude of B_grad:	0.067092075038474	
    Magnitude of b:	1.0033096852343	

	
    Current index:	49501	
    Magnitude of W_grad:	2.3421176456157	
    Magnitude of W:	22822.682115724	
    Magnitude of B_grad:	0.018236969129744	
    Magnitude of b:	0.85457842875819	

	
SGD: Loss is	
	LOSS:Calculated softmax res	
51619.451699571	
SGD: crossEntropyLoss is	
51619.451699571	
SGD: Validation Accuracy is:	
0.77088177428009	
SGD: Magnitude of W:	
22822.366043245	
SGD: Magnitude of b:	
0.87880664681075	
    Current index:	9501	
    Magnitude of W_grad:	1.7570698938336	
    Magnitude of W:	22815.922367948	
    Magnitude of B_grad:	0.041530381445946	
    Magnitude of b:	1.0810415165594	

	
    Current index:	19501	
    Magnitude of W_grad:	1.8764717179596	
    Magnitude of W:	22809.38489199	
    Magnitude of B_grad:	0.016715304609619	
    Magnitude of b:	1.1950079952009	

	
    Current index:	29501	
    Magnitude of W_grad:	3.6359576645071	
    Magnitude of W:	22802.661172936	
    Magnitude of B_grad:	0.19393606806079	
    Magnitude of b:	0.21778286182072	

	
    Current index:	39501	
    Magnitude of W_grad:	2.2561753320486	
    Magnitude of W:	22796.567860688	
    Magnitude of B_grad:	0.066305821117001	
    Magnitude of b:	0.99737278293789	

	
    Current index:	49501	
    Magnitude of W_grad:	2.3250473932678	
    Magnitude of W:	22789.241083212	
    Magnitude of B_grad:	0.019038710241936	
    Magnitude of b:	0.8489554833565	

	
SGD: Loss is	
	LOSS:Calculated softmax res	
51027.976660682	
SGD: crossEntropyLoss is	
51027.976660682	
SGD: Validation Accuracy is:	
0.77231264532284	
SGD: Magnitude of W:	
22788.92350128	
SGD: Magnitude of b:	
0.87234448153622	
    Current index:	9501	
    Magnitude of W_grad:	1.7452979432961	
    Magnitude of W:	22782.608429251	
    Magnitude of B_grad:	0.041238238612027	
    Magnitude of b:	1.0780808528124	

	
    Current index:	19501	
    Magnitude of W_grad:	1.8661336011276	
    Magnitude of W:	22776.149417364	
    Magnitude of B_grad:	0.016493435116652	
    Magnitude of b:	1.1900533423803	

	
    Current index:	29501	
    Magnitude of W_grad:	3.6344581357729	
    Magnitude of W:	22769.558705956	
    Magnitude of B_grad:	0.19669199108222	
    Magnitude of b:	0.21778286182072	

	
    Current index:	39501	
    Magnitude of W_grad:	2.2354951932829	
    Magnitude of W:	22763.587222705	
    Magnitude of B_grad:	0.065508170197156	
    Magnitude of b:	0.99172641423098	

	
    Current index:	49501	
    Magnitude of W_grad:	2.3089875449039	
    Magnitude of W:	22756.369859133	
    Magnitude of B_grad:	0.019802138038421	
    Magnitude of b:	0.84356573362617	

	
SGD: Loss is	
	LOSS:Calculated softmax res	
50461.51684056	
SGD: crossEntropyLoss is	
50461.51684056	
SGD: Validation Accuracy is:	
0.77374351636559	
SGD: Magnitude of W:	
22756.054429189	
SGD: Magnitude of b:	
0.86618002126744	
    Current index:	9501	
    Magnitude of W_grad:	1.7357340182885	
    Magnitude of W:	22749.794666349	
    Magnitude of B_grad:	0.040928217209234	
    Magnitude of b:	1.0752743902031	

	
    Current index:	19501	
    Magnitude of W_grad:	1.8559771077516	
    Magnitude of W:	22743.473281208	
    Magnitude of B_grad:	0.016253002975124	
    Magnitude of b:	1.1853093443108	

	
    Current index:	29501	
    Magnitude of W_grad:	3.632421085302	
    Magnitude of W:	22736.95657446	
    Magnitude of B_grad:	0.19930505181193	
    Magnitude of b:	0.21778286182072	

	
    Current index:	39501	
    Magnitude of W_grad:	2.2154490875539	
    Magnitude of W:	22731.089882294	
    Magnitude of B_grad:	0.064703340831716	
    Magnitude of b:	0.98634335025813	

	
    Current index:	49501	
    Magnitude of W_grad:	2.2933970297863	
    Magnitude of W:	22723.998749516	
    Magnitude of B_grad:	0.020525339828259	
    Magnitude of b:	0.83838525321292	

	
SGD: Loss is	
	LOSS:Calculated softmax res	
49918.354724252	
SGD: crossEntropyLoss is	
49918.354724252	
SGD: Validation Accuracy is:	
0.77428009300662	
SGD: Magnitude of W:	
22723.7054031	
SGD: Magnitude of b:	
0.86028489456735	
    Current index:	9501	
    Magnitude of W_grad:	1.7269217657622	
    Magnitude of W:	22717.55403261	
    Magnitude of B_grad:	0.040603043300458	
    Magnitude of b:	1.0726106328237	

	
    Current index:	19501	
    Magnitude of W_grad:	1.8461004992361	
    Magnitude of W:	22711.309477006	
    Magnitude of B_grad:	0.015996192142885	
    Magnitude of b:	1.1807613697302	

	
    Current index:	29501	
    Magnitude of W_grad:	3.6304443198407	
    Magnitude of W:	22704.889811951	
    Magnitude of B_grad:	0.20177811455254	
    Magnitude of b:	0.21778286182072	

	
    Current index:	39501	
    Magnitude of W_grad:	2.196027325528	
    Magnitude of W:	22699.118124102	
    Magnitude of B_grad:	0.063894903859795	
    Magnitude of b:	0.98119795977325	

	
    Current index:	49501	
    Magnitude of W_grad:	2.2785411812248	
    Magnitude of W:	22692.152586589	
    Magnitude of B_grad:	0.021206782994869	
    Magnitude of b:	0.83339232763326	

	
SGD: Loss is	
	LOSS:Calculated softmax res	
49396.941921438	
SGD: crossEntropyLoss is	
49396.941921438	
SGD: Validation Accuracy is:	
0.77588982292971	
SGD: Magnitude of W:	
22691.866225378	
SGD: Magnitude of b:	
0.85463304740728	
    Current index:	9501	
    Magnitude of W_grad:	1.7181629933473	
    Magnitude of W:	22685.782626688	
    Magnitude of B_grad:	0.040265045793917	
    Magnitude of b:	1.0700806160158	

	
    Current index:	19501	
    Magnitude of W_grad:	1.8362569279305	
    Magnitude of W:	22679.599894471	
    Magnitude of B_grad:	0.015725007307855	
    Magnitude of b:	1.1763975032473	

	
    Current index:	29501	
    Magnitude of W_grad:	3.6298276797417	
    Magnitude of W:	22673.324328459	
    Magnitude of B_grad:	0.20411401144771	
    Magnitude of b:	0.21778286182072	

	
    Current index:	39501	
    Magnitude of W_grad:	2.1770027138307	
    Magnitude of W:	22667.683820953	
    Magnitude of B_grad:	0.063085887742927	
    Magnitude of b:	0.97626626891039	

	
    Current index:	49501	
    Magnitude of W_grad:	2.2643725259842	
    Magnitude of W:	22660.865082882	
    Magnitude of B_grad:	0.021845266440916	
    Magnitude of b:	0.82856725488399	

	
SGD: Loss is	
	LOSS:Calculated softmax res	
48895.881259182	
SGD: crossEntropyLoss is	
48895.881259182	
SGD: Validation Accuracy is:	
0.77660525845108	
SGD: Magnitude of W:	
22660.567929775	
SGD: Magnitude of b:	
0.84920060478772	
    Current index:	9501	
    Magnitude of W_grad:	1.7094692567836	
    Magnitude of W:	22654.535362808	
    Magnitude of B_grad:	0.039916212753479	
    Magnitude of b:	1.0676773523622	

	
    Current index:	19501	
    Magnitude of W_grad:	1.8264714485704	
    Magnitude of W:	22648.431702015	
    Magnitude of B_grad:	0.015441332412015	
    Magnitude of b:	1.1722079474689	

	
    Current index:	29501	
    Magnitude of W_grad:	3.6291202698506	
    Magnitude of W:	22642.270060807	
    Magnitude of B_grad:	0.20631562955401	
    Magnitude of b:	0.21778286182072	

	
    Current index:	39501	
    Magnitude of W_grad:	2.158431166041	
    Magnitude of W:	22636.704701934	
    Magnitude of B_grad:	0.062278872139127	
    Magnitude of b:	0.97152597445974	

	
    Current index:	49501	
    Magnitude of W_grad:	2.250667204847	
    Magnitude of W:	22629.983038154	
    Magnitude of B_grad:	0.022439890715418	
    Magnitude of b:	0.82389220561604	

	
SGD: Loss is	
	LOSS:Calculated softmax res	
48413.910318289	
SGD: crossEntropyLoss is	
48413.910318289	
SGD: Validation Accuracy is:	
0.77732069397246	
SGD: Magnitude of W:	
22629.685788092	
SGD: Magnitude of b:	
0.84396576843318	
    Current index:	9501	
    Magnitude of W_grad:	1.7008497961101	
    Magnitude of W:	22623.787002553	
    Magnitude of B_grad:	0.039558238981771	
    Magnitude of b:	1.0653953754506	

	
    Current index:	19501	
    Magnitude of W_grad:	1.8167038743372	
    Magnitude of W:	22617.765174583	
    Magnitude of B_grad:	0.015146960195864	
    Magnitude of b:	1.168184586632	

	
    Current index:	29501	
    Magnitude of W_grad:	3.6283082846964	
    Magnitude of W:	22611.683509163	
    Magnitude of B_grad:	0.20838596628102	
    Magnitude of b:	0.21778286182072	

	
    Current index:	39501	
    Magnitude of W_grad:	2.1404055587208	
    Magnitude of W:	22606.168723417	
    Magnitude of B_grad:	0.061476070999855	
    Magnitude of b:	0.96695640624179	

	
    Current index:	49501	
    Magnitude of W_grad:	2.2371363198057	
    Magnitude of W:	22599.510033611	
    Magnitude of B_grad:	0.022990048721529	
    Magnitude of b:	0.81935112143783	

	
SGD: Loss is	
	LOSS:Calculated softmax res	
47949.885933963	
SGD: crossEntropyLoss is	
47949.885933963	
SGD: Validation Accuracy is:	
0.77803612949383	
SGD: Magnitude of W:	
22599.216168776	
SGD: Magnitude of b:	
0.83890872934704	
    Current index:	9501	
    Magnitude of W_grad:	1.6923114061818	
    Magnitude of W:	22593.376540036	
    Magnitude of B_grad:	0.03919257291592	
    Magnitude of b:	1.0632303784968	

	
    Current index:	19501	
    Magnitude of W_grad:	1.8069871118571	
    Magnitude of W:	22587.422854482	
    Magnitude of B_grad:	0.014843598878645	
    Magnitude of b:	1.1643206924196	

	
    Current index:	29501	
    Magnitude of W_grad:	3.6276298867382	
    Magnitude of W:	22581.400396924	
    Magnitude of B_grad:	0.21032815460983	
    Magnitude of b:	0.21778286182072	

	
    Current index:	39501	
    Magnitude of W_grad:	2.1232836207725	
    Magnitude of W:	22575.932086711	
    Magnitude of B_grad:	0.060679406522488	
    Magnitude of b:	0.96253844775599	

	
    Current index:	49501	
    Magnitude of W_grad:	2.2237466635921	
    Magnitude of W:	22569.331462747	
    Magnitude of B_grad:	0.023495434877953	
    Magnitude of b:	0.81492962871225	

	
SGD: Loss is	
	LOSS:Calculated softmax res	
47502.769545123	
SGD: crossEntropyLoss is	
47502.769545123	
SGD: Validation Accuracy is:	
0.77946700053658	
SGD: Magnitude of W:	
22569.037489931	
SGD: Magnitude of b:	
0.83401157797169	
    Current index:	9501	
    Magnitude of W_grad:	1.6839539312546	
    Magnitude of W:	22563.222285141	
    Magnitude of B_grad:	0.038820466354929	
    Magnitude of b:	1.061178936719	

	
    Current index:	19501	
    Magnitude of W_grad:	1.7975749404132	
    Magnitude of W:	22557.361071017	
    Magnitude of B_grad:	0.014532864593862	
    Magnitude of b:	1.1606107252432	

	
    Current index:	29501	
    Magnitude of W_grad:	3.6268134733988	
    Magnitude of W:	22551.391595742	
    Magnitude of B_grad:	0.21214546539907	
    Magnitude of b:	0.21778286182072	

	
    Current index:	39501	
    Magnitude of W_grad:	2.1065107852377	
    Magnitude of W:	22545.979328384	
    Magnitude of B_grad:	0.05989057353515	
    Magnitude of b:	0.95825444042318	

	
    Current index:	49501	
    Magnitude of W_grad:	2.2104711854822	
    Magnitude of W:	22539.44680812	
    Magnitude of B_grad:	0.023956065412232	
    Magnitude of b:	0.81061495417944	

	
SGD: Loss is	
	LOSS:Calculated softmax res	
47071.613580489	
SGD: crossEntropyLoss is	
47071.613580489	
SGD: Validation Accuracy is:	
0.78107673045967	
SGD: Magnitude of W:	
22539.149923505	
SGD: Magnitude of b:	
0.82925820749639	
    Current index:	9501	
    Magnitude of W_grad:	1.6757435363558	
    Magnitude of W:	22533.358304288	
    Magnitude of B_grad:	0.038443026144862	
    Magnitude of b:	1.0592382903887	

	
    Current index:	19501	
    Magnitude of W_grad:	1.7881638531361	
    Magnitude of W:	22527.578999014	
    Magnitude of B_grad:	0.014216267961858	
    Magnitude of b:	1.1570501698689	

	
    Current index:	29501	
    Magnitude of W_grad:	3.6260248006983	
    Magnitude of W:	22521.713341634	
    Magnitude of B_grad:	0.21384129858485	
    Magnitude of b:	0.21778286182072	

	
    Current index:	39501	
    Magnitude of W_grad:	2.0902039965267	
    Magnitude of W:	22516.388330866	
    Magnitude of B_grad:	0.059111091614406	
    Magnitude of b:	0.95408810793277	

	
    Current index:	49501	
    Magnitude of W_grad:	2.19728868843	
    Magnitude of W:	22509.955896745	
    Magnitude of B_grad:	0.024372298551755	
    Magnitude of b:	0.80639584152062	

	
SGD: Loss is	
	LOSS:Calculated softmax res	
46655.549185066	
SGD: crossEntropyLoss is	
46655.549185066	
SGD: Validation Accuracy is:	
0.78197102486138	
SGD: Magnitude of W:	
22509.657882945	
SGD: Magnitude of b:	
0.82463421924343	
    Current index:	9501	
    Magnitude of W_grad:	1.6676108759933	
    Magnitude of W:	22503.923834689	
    Magnitude of B_grad:	0.038061263778634	
    Magnitude of b:	1.0574061569164	

	
    Current index:	19501	
    Magnitude of W_grad:	1.7787594271574	
    Magnitude of W:	22498.242557268	
    Magnitude of B_grad:	0.013895201391164	
    Magnitude of b:	1.1536353496752	

	
    Current index:	29501	
    Magnitude of W_grad:	3.6244048273794	
    Magnitude of W:	22492.474627903	
    Magnitude of B_grad:	0.21541917592677	
    Magnitude of b:	0.21778286182072	

	
    Current index:	39501	
    Magnitude of W_grad:	2.0744791138669	
    Magnitude of W:	22487.224246624	
    Magnitude of B_grad:	0.058342341130442	
    Magnitude of b:	0.95002453385171	

	
    Current index:	49501	
    Magnitude of W_grad:	2.1841834358313	
    Magnitude of W:	22480.859091023	
    Magnitude of B_grad:	0.024744843084499	
    Magnitude of b:	0.80226247573702	

	
SGD: Loss is	
	LOSS:Calculated softmax res	
46253.775495716	
SGD: crossEntropyLoss is	
46253.775495716	
SGD: Validation Accuracy is:	
0.78197102486138	
SGD: Magnitude of W:	
22480.555578142	
SGD: Magnitude of b:	
0.82012684387723	
    Current index:	9501	
    Magnitude of W_grad:	1.6595554599627	
    Magnitude of W:	22474.867378411	
    Magnitude of B_grad:	0.037676138013272	
    Magnitude of b:	1.0556805429519	

	
    Current index:	19501	
    Magnitude of W_grad:	1.7693688259905	
    Magnitude of W:	22469.260242552	
    Magnitude of B_grad:	0.013570931174018	
    Magnitude of b:	1.1503631907784	

	
    Current index:	29501	
    Magnitude of W_grad:	3.6219079614799	
    Magnitude of W:	22463.547893355	
    Magnitude of B_grad:	0.21688274408045	
    Magnitude of b:	0.21778286182072	

	
    Current index:	39501	
    Magnitude of W_grad:	2.0593707979379	
    Magnitude of W:	22458.401295096	
    Magnitude of B_grad:	0.057585580710095	
    Magnitude of b:	0.94605020433791	

	
    Current index:	49501	
    Magnitude of W_grad:	2.1711870784517	
    Magnitude of W:	22452.093162299	
    Magnitude of B_grad:	0.025074747738962	
    Magnitude of b:	0.79820641948462	

	
SGD: Loss is	
	LOSS:Calculated softmax res	
45865.55048277	
SGD: crossEntropyLoss is	
45865.55048277	
SGD: Validation Accuracy is:	
0.78214988374173	
SGD: Magnitude of W:	
22451.785160328	
SGD: Magnitude of b:	
0.81572488441512	
    Current index:	9501	
    Magnitude of W_grad:	1.6515760978618	
    Magnitude of W:	22446.158129243	
    Magnitude of B_grad:	0.037288587156277	
    Magnitude of b:	1.0540595434076	

	
    Current index:	19501	
    Magnitude of W_grad:	1.7600002848719	
    Magnitude of W:	22440.642494417	
    Magnitude of B_grad:	0.013244595795002	
    Magnitude of b:	1.14723094549	

	
    Current index:	29501	
    Magnitude of W_grad:	3.6186343798711	
    Magnitude of W:	22434.982656077	
    Magnitude of B_grad:	0.21823578955289	
    Magnitude of b:	0.21778286182072	

	
    Current index:	39501	
    Magnitude of W_grad:	2.0444700750395	
    Magnitude of W:	22429.883612747	
    Magnitude of B_grad:	0.056841947097617	
    Magnitude of b:	0.9421530973989	

	
    Current index:	49501	
    Magnitude of W_grad:	2.1583299740988	
    Magnitude of W:	22423.646844697	
    Magnitude of B_grad:	0.025363370405998	
    Magnitude of b:	0.79422055536376	

	
SGD: Loss is	
	LOSS:Calculated softmax res	
45490.183229291	
SGD: crossEntropyLoss is	
45490.183229291	
SGD: Validation Accuracy is:	
0.78179216598104	
SGD: Magnitude of W:	
22423.337191679	
SGD: Magnitude of b:	
0.81141867208897	
    Current index:	9501	
    Magnitude of W_grad:	1.6436715416677	
    Magnitude of W:	22417.81727517	
    Magnitude of B_grad:	0.036899550382692	
    Magnitude of b:	1.0525411361154	

	
    Current index:	19501	
    Magnitude of W_grad:	1.7506626449278	
    Magnitude of W:	22412.352701523	
    Magnitude of B_grad:	0.012917209709061	
    Magnitude of b:	1.144235914829	

	
    Current index:	29501	
    Magnitude of W_grad:	3.6150597339529	
    Magnitude of W:	22406.765571203	
    Magnitude of B_grad:	0.21948225990514	
    Magnitude of b:	0.21778286182072	

	
    Current index:	39501	
    Magnitude of W_grad:	2.0297829302047	
    Magnitude of W:	22401.695739732	
    Magnitude of B_grad:	0.05611244233302	
    Magnitude of b:	0.9383227776538	

	
    Current index:	49501	
    Magnitude of W_grad:	2.1455299188632	
    Magnitude of W:	22395.497905719	
    Magnitude of B_grad:	0.025612332306568	
    Magnitude of b:	0.7902990200128	

	
SGD: Loss is	
	LOSS:Calculated softmax res	
45127.027477836	
SGD: crossEntropyLoss is	
45127.027477836	
SGD: Validation Accuracy is:	
0.78197102486138	
SGD: Magnitude of W:	
22395.188798792	
SGD: Magnitude of b:	
0.80720001528161	
    Current index:	9501	
    Magnitude of W_grad:	1.6358409844944	
    Magnitude of W:	22389.707136481	
    Magnitude of B_grad:	0.036509979570991	
    Magnitude of b:	1.0511229960171	

	
    Current index:	19501	
    Magnitude of W_grad:	1.7413779518748	
    Magnitude of W:	22384.257876247	
    Magnitude of B_grad:	0.012589670650014	
    Magnitude of b:	1.1413752169033	

	
    Current index:	29501	
    Magnitude of W_grad:	3.6111789007693	
    Magnitude of W:	22378.720602314	
    Magnitude of B_grad:	0.22062628171239	
    Magnitude of b:	0.21778286182072	

	
    Current index:	39501	
    Magnitude of W_grad:	2.0153147553419	
    Magnitude of W:	22373.699425049	
    Magnitude of B_grad:	0.05539791547487	
    Magnitude of b:	0.93455045332895	

	
    Current index:	49501	
    Magnitude of W_grad:	2.1327863734775	
    Magnitude of W:	22367.568926815	
    Magnitude of B_grad:	0.025823465250083	
    Magnitude of b:	0.78643711689287	

	
SGD: Loss is	
	LOSS:Calculated softmax res	
44775.476297778	
SGD: crossEntropyLoss is	
44775.476297778	
SGD: Validation Accuracy is:	
0.78250760150241	
SGD: Magnitude of W:	
22367.261212263	
SGD: Magnitude of b:	
0.80306212279652	
    Current index:	9501	
    Magnitude of W_grad:	1.6283515015769	
    Magnitude of W:	22361.83075833	
    Magnitude of B_grad:	0.036120843694464	
    Magnitude of b:	1.0498023535564	

	
    Current index:	19501	
    Magnitude of W_grad:	1.7321752842759	
    Magnitude of W:	22356.41462815	
    Magnitude of B_grad:	0.012262768404218	
    Magnitude of b:	1.1386456318447	

	
    Current index:	29501	
    Magnitude of W_grad:	3.6077923449208	
    Magnitude of W:	22350.951295753	
    Magnitude of B_grad:	0.22167216640644	
    Magnitude of b:	0.21778286182072	

	
    Current index:	39501	
    Magnitude of W_grad:	2.0010700271126	
    Magnitude of W:	22345.966622485	
    Magnitude of B_grad:	0.054699045828145	
    Magnitude of b:	0.93082896872256	

	
    Current index:	49501	
    Magnitude of W_grad:	2.1203217310688	
    Magnitude of W:	22339.906249548	
    Magnitude of B_grad:	0.025998759576808	
    Magnitude of b:	0.78263120389105	

	
SGD: Loss is	
	LOSS:Calculated softmax res	
44434.957751142	
SGD: crossEntropyLoss is	
44434.957751142	
SGD: Validation Accuracy is:	
0.78304417814344	
SGD: Magnitude of W:	
22339.602860491	
SGD: Magnitude of b:	
0.79899949390541	
    Current index:	9501	
    Magnitude of W_grad:	1.621005314317	
    Magnitude of W:	22334.233736634	
    Magnitude of B_grad:	0.035733127062794	
    Magnitude of b:	1.0485759106301	

	
    Current index:	19501	
    Magnitude of W_grad:	1.7230269753223	
    Magnitude of W:	22328.888752406	
    Magnitude of B_grad:	0.011937193591885	
    Magnitude of b:	1.1360435279133	

	
    Current index:	29501	
    Magnitude of W_grad:	3.6041672230015	
    Magnitude of W:	22323.474213498	
    Magnitude of B_grad:	0.22262439888251	
    Magnitude of b:	0.21778286182072	

	
    Current index:	39501	
    Magnitude of W_grad:	1.9871401713309	
    Magnitude of W:	22318.558652497	
    Magnitude of B_grad:	0.054016332416872	
    Magnitude of b:	0.92715272841412	

	
    Current index:	49501	
    Magnitude of W_grad:	2.1081023949205	
    Magnitude of W:	22312.569524298	
    Magnitude of B_grad:	0.02614031754977	
    Magnitude of b:	0.77887856240547	

	
SGD: Loss is	
	LOSS:Calculated softmax res	
44104.931433121	
SGD: crossEntropyLoss is	
44104.931433121	
SGD: Validation Accuracy is:	
0.78322303702379	
SGD: Magnitude of W:	
22312.267417607	
SGD: Magnitude of b:	
0.79500778073697	
    Current index:	9501	
    Magnitude of W_grad:	1.6137225836661	
    Magnitude of W:	22306.930312296	
    Magnitude of B_grad:	0.035347821727407	
    Magnitude of b:	1.0474398129928	

	
    Current index:	19501	
    Magnitude of W_grad:	1.7139559752954	
    Magnitude of W:	22301.644073658	
    Magnitude of B_grad:	0.011613545816986	
    Magnitude of b:	1.1335648525012	

	
    Current index:	29501	
    Magnitude of W_grad:	3.5999236616537	
    Magnitude of W:	22296.277099901	
    Magnitude of B_grad:	0.22348760828603	
    Magnitude of b:	0.21778286182072	

	
    Current index:	39501	
    Magnitude of W_grad:	1.9736370338611	
    Magnitude of W:	22291.408553782	
    Magnitude of B_grad:	0.053350091651772	
    Magnitude of b:	0.92351756686009	

	
    Current index:	49501	
    Magnitude of W_grad:	2.0959350669055	
    Magnitude of W:	22285.468878522	
    Magnitude of B_grad:	0.026250313755953	
    Magnitude of b:	0.77517726025517	

	
SGD: Loss is	
	LOSS:Calculated softmax res	
43784.885745008	
SGD: crossEntropyLoss is	
43784.885745008	
SGD: Validation Accuracy is:	
0.78447504918619	
SGD: Magnitude of W:	
22285.172776741	
SGD: Magnitude of b:	
0.79108363636398	
    Current index:	9501	
    Magnitude of W_grad:	1.6065061699404	
    Magnitude of W:	22279.857183778	
    Magnitude of B_grad:	0.034965914052716	
    Magnitude of b:	1.046389668202	

	
    Current index:	19501	
    Magnitude of W_grad:	1.7049753142191	
    Magnitude of W:	22274.651038972	
    Magnitude of B_grad:	0.011292341169732	
    Magnitude of b:	1.1312051635038	

	
    Current index:	29501	
    Magnitude of W_grad:	3.5954623083785	
    Magnitude of W:	22269.336751864	
    Magnitude of B_grad:	0.22426652391237	
    Magnitude of b:	0.21778286182072	

	
    Current index:	39501	
    Magnitude of W_grad:	1.9606550002588	
    Magnitude of W:	22264.520038789	
    Magnitude of B_grad:	0.052700462912096	
    Magnitude of b:	0.91992058381014	

	
    Current index:	49501	
    Magnitude of W_grad:	2.08382088623	
    Magnitude of W:	22258.617020154	
    Magnitude of B_grad:	0.026330961802916	
    Magnitude of b:	0.77152602017178	

	
SGD: Loss is	
	LOSS:Calculated softmax res	
43474.335744184	
SGD: crossEntropyLoss is	
43474.335744184	
SGD: Validation Accuracy is:	
0.78465390806654	
SGD: Magnitude of W:	
22258.323376079	
SGD: Magnitude of b:	
0.78722456251996	
    Current index:	9501	
    Magnitude of W_grad:	1.5993591191927	
    Magnitude of W:	22253.000722314	
    Magnitude of B_grad:	0.034588366046633	
    Magnitude of b:	1.0454205954161	

	
    Current index:	19501	
    Magnitude of W_grad:	1.6960680532996	
    Magnitude of W:	22247.862395186	
    Magnitude of B_grad:	0.010974019343171	
    Magnitude of b:	1.1289596794487	

	
    Current index:	29501	
    Magnitude of W_grad:	3.590313295979	
    Magnitude of W:	22242.617156951	
    Magnitude of B_grad:	0.22496592104249	
    Magnitude of b:	0.21778286182072	

	
    Current index:	39501	
    Magnitude of W_grad:	1.9478741737444	
    Magnitude of W:	22237.849741702	
    Magnitude of B_grad:	0.052067420510517	
    Magnitude of b:	0.91635996431502	

	
    Current index:	49501	
    Magnitude of W_grad:	2.0717824164564	
    Magnitude of W:	22231.99161256	
    Magnitude of B_grad:	0.026384485627172	
    Magnitude of b:	0.76792410121928	

	
SGD: Loss is	
	LOSS:Calculated softmax res	
43172.821420513	
SGD: crossEntropyLoss is	
43172.821420513	
SGD: Validation Accuracy is:	
0.78536934358791	
SGD: Magnitude of W:	
22231.712111107	
SGD: Magnitude of b:	
0.78342876674076	
    Current index:	9501	
    Magnitude of W_grad:	1.592284424834	
    Magnitude of W:	22226.396496805	
    Magnitude of B_grad:	0.034216093145219	
    Magnitude of b:	1.0445272954903	

	
    Current index:	19501	
    Magnitude of W_grad:	1.6872522435902	
    Magnitude of W:	22221.344342057	
    Magnitude of B_grad:	0.010658950614964	
    Magnitude of b:	1.1268233350618	

	
    Current index:	29501	
    Magnitude of W_grad:	3.5845341714572	
    Magnitude of W:	22216.143928409	
    Magnitude of B_grad:	0.22559056205187	
    Magnitude of b:	0.21778286182072	

	
    Current index:	39501	
    Magnitude of W_grad:	1.9353255093156	
    Magnitude of W:	22211.452544023	
    Magnitude of B_grad:	0.051450790108876	
    Magnitude of b:	0.9128347967443	

	
    Current index:	49501	
    Magnitude of W_grad:	2.0599073050783	
    Magnitude of W:	22205.638658769	
    Magnitude of B_grad:	0.026413093788793	
    Magnitude of b:	0.76437119552827	

	
Done.	
Testing on validation set...	
Done	
Datafile:	/n/home09/ankitgupta/CS287/HW1/SST2-uni-sent.hdf5	Classifier:	lr	Alpha:	0	Eta:	1	Lambda:	0.5	Minibatch size:	500	Num Epochs:	50	Minimum Sentence Length:	5	
Accuracy:	0.78608477910928	
