[?1034hDatafile:	/n/home09/ankitgupta/CS287/HW1/MPQA-uni-sent-syns.hdf5	Classifier:	hinge	Alpha:	0	Eta:	1	Lambda:	1	Minibatch size:	500	Num Epochs:	50	Minimum Sentence Length:	0	
Note that not all parameters may apply to all classifiers	
Loading datafiles...	
Number of training samples before removing small sentences	10606	
Number of training samples after removing small sentences	10606	
Done.	
Training classifier...	
Parameters are:	
Eta:	
1	
Lambda:	
1	
Minibatch size:	
500	
Number of Epochs	
50	
SGD: Hinge Loss is	
92596.185378958	
SGD: Validation Accuracy is:	
0.68018867924528	
SGD: Magnitude of W:	
40290.925034094	
SGD: Magnitude of b:	
2.0817164946018	
    Current index:	9501	
    Magnitude of W_grad:	11.466666666667	
    Magnitude of W:	40185.211532888	
    Magnitude of B_grad:	0.8	
    Magnitude of b:	2.0773589337968	

	
SGD: Hinge Loss is	
91241.367693277	
SGD: Validation Accuracy is:	
0.81981132075472	
SGD: Magnitude of W:	
40185.211532888	
SGD: Magnitude of b:	
2.0773589337968	
    Current index:	9501	
    Magnitude of W_grad:	8.3555555555555	
    Magnitude of W:	40084.700687203	
    Magnitude of B_grad:	0.62222222222222	
    Magnitude of b:	2.0730104944722	

	
SGD: Hinge Loss is	
87395.578184036	
SGD: Validation Accuracy is:	
0.83584905660377	
SGD: Magnitude of W:	
40084.700687203	
SGD: Magnitude of b:	
2.0730104944722	
    Current index:	9501	
    Magnitude of W_grad:	8.3555555555555	
    Magnitude of W:	39987.093006409	
    Magnitude of B_grad:	0.62222222222222	
    Magnitude of b:	2.0686711575343	

	
SGD: Hinge Loss is	
84441.050521032	
SGD: Validation Accuracy is:	
0.83396226415094	
SGD: Magnitude of W:	
39987.093006409	
SGD: Magnitude of b:	
2.0686711575343	
    Current index:	9501	
    Magnitude of W_grad:	13.066666666667	
    Magnitude of W:	39890.877634852	
    Magnitude of B_grad:	0.66666666666667	
    Magnitude of b:	2.0643409039297	

	
SGD: Hinge Loss is	
83245.241700802	
SGD: Validation Accuracy is:	
0.85754716981132	
SGD: Magnitude of W:	
39890.877634852	
SGD: Magnitude of b:	
2.0643409039297	
    Current index:	9501	
    Magnitude of W_grad:	9.2888888888889	
    Magnitude of W:	39796.209617614	
    Magnitude of B_grad:	0.53333333333333	
    Magnitude of b:	2.0600197146445	

	
SGD: Hinge Loss is	
80652.118260712	
SGD: Validation Accuracy is:	
0.85754716981132	
SGD: Magnitude of W:	
39796.209617614	
SGD: Magnitude of b:	
2.0600197146445	
    Current index:	9501	
    Magnitude of W_grad:	8.6666666666666	
    Magnitude of W:	39702.103746359	
    Magnitude of B_grad:	0.44444444444444	
    Magnitude of b:	2.055707570705	

	
SGD: Hinge Loss is	
78765.168048105	
SGD: Validation Accuracy is:	
0.85566037735849	
SGD: Magnitude of W:	
39702.103746359	
SGD: Magnitude of b:	
2.055707570705	
    Current index:	9501	
    Magnitude of W_grad:	5.5111111111111	
    Magnitude of W:	39608.996491002	
    Magnitude of B_grad:	0.35555555555556	
    Magnitude of b:	2.0514044531767	

	
SGD: Hinge Loss is	
76745.188255296	
SGD: Validation Accuracy is:	
0.85283018867925	
SGD: Magnitude of W:	
39608.996491002	
SGD: Magnitude of b:	
2.0514044531767	
    Current index:	9501	
    Magnitude of W_grad:	10.488888888889	
    Magnitude of W:	39516.464561546	
    Magnitude of B_grad:	0.4	
    Magnitude of b:	2.0471103431653	

	
SGD: Hinge Loss is	
76028.078185446	
SGD: Validation Accuracy is:	
0.85849056603774	
SGD: Magnitude of W:	
39516.464561546	
SGD: Magnitude of b:	
2.0471103431653	
    Current index:	9501	
    Magnitude of W_grad:	7.3777777777778	
    Magnitude of W:	39424.734134277	
    Magnitude of B_grad:	0.35555555555556	
    Magnitude of b:	2.0428252218156	

	
SGD: Hinge Loss is	
74468.546643498	
SGD: Validation Accuracy is:	
0.85377358490566	
SGD: Magnitude of W:	
39424.734134277	
SGD: Magnitude of b:	
2.0428252218156	
    Current index:	9501	
    Magnitude of W_grad:	6.5777777777778	
    Magnitude of W:	39333.879280412	
    Magnitude of B_grad:	0.26666666666667	
    Magnitude of b:	2.0385490703122	

	
SGD: Hinge Loss is	
72910.682416214	
SGD: Validation Accuracy is:	
0.85377358490566	
SGD: Magnitude of W:	
39333.879280412	
SGD: Magnitude of b:	
2.0385490703122	
    Current index:	9501	
    Magnitude of W_grad:	4.9777777777778	
    Magnitude of W:	39243.654906905	
    Magnitude of B_grad:	0.26666666666667	
    Magnitude of b:	2.0342818698788	

	
SGD: Hinge Loss is	
71933.444670656	
SGD: Validation Accuracy is:	
0.85377358490566	
SGD: Magnitude of W:	
39243.654906905	
SGD: Magnitude of b:	
2.0342818698788	
    Current index:	9501	
    Magnitude of W_grad:	3.7777777777778	
    Magnitude of W:	39153.756601863	
    Magnitude of B_grad:	0.17777777777778	
    Magnitude of b:	2.0300236017787	

	
SGD: Hinge Loss is	
70585.009767847	
SGD: Validation Accuracy is:	
0.84622641509434	
SGD: Magnitude of W:	
39153.756601863	
SGD: Magnitude of b:	
2.0300236017787	
    Current index:	9501	
    Magnitude of W_grad:	1.6888888888889	
    Magnitude of W:	39064.668623566	
    Magnitude of B_grad:	0.088888888888889	
    Magnitude of b:	2.025774247314	

	
SGD: Hinge Loss is	
68781.506838988	
SGD: Validation Accuracy is:	
0.83679245283019	
SGD: Magnitude of W:	
39064.668623566	
SGD: Magnitude of b:	
2.025774247314	
    Current index:	9501	
    Magnitude of W_grad:	4.9333333333333	
    Magnitude of W:	38976.20960911	
    Magnitude of B_grad:	0.13333333333333	
    Magnitude of b:	2.0215337878265	

	
SGD: Hinge Loss is	
68646.026566413	
SGD: Validation Accuracy is:	
0.84150943396226	
SGD: Magnitude of W:	
38976.20960911	
SGD: Magnitude of b:	
2.0215337878265	
    Current index:	9501	
    Magnitude of W_grad:	3.8222222222222	
    Magnitude of W:	38888.062672894	
    Magnitude of B_grad:	0.17777777777778	
    Magnitude of b:	2.0173022046965	

	
SGD: Hinge Loss is	
68147.443554841	
SGD: Validation Accuracy is:	
0.84716981132075	
SGD: Magnitude of W:	
38888.062672894	
SGD: Magnitude of b:	
2.0173022046965	
    Current index:	9501	
    Magnitude of W_grad:	2.8888888888889	
    Magnitude of W:	38800.17189081	
    Magnitude of B_grad:	0.17777777777778	
    Magnitude of b:	2.0130794793437	

	
SGD: Hinge Loss is	
67422.03537127	
SGD: Validation Accuracy is:	
0.84905660377358	
SGD: Magnitude of W:	
38800.17189081	
SGD: Magnitude of b:	
2.0130794793437	
    Current index:	9501	
    Magnitude of W_grad:	3.3777777777778	
    Magnitude of W:	38712.738188768	
    Magnitude of B_grad:	0.088888888888889	
    Magnitude of b:	2.0088655932265	

	
SGD: Hinge Loss is	
66407.601388129	
SGD: Validation Accuracy is:	
0.84811320754717	
SGD: Magnitude of W:	
38712.738188768	
SGD: Magnitude of b:	
2.0088655932265	
    Current index:	9501	
    Magnitude of W_grad:	0	
    Magnitude of W:	38625.962825236	
    Magnitude of B_grad:	0	
    Magnitude of b:	2.0046605278421	

	
SGD: Hinge Loss is	
64880.781216431	
SGD: Validation Accuracy is:	
0.84811320754717	
SGD: Magnitude of W:	
38625.962825236	
SGD: Magnitude of b:	
2.0046605278421	
    Current index:	9501	
    Magnitude of W_grad:	2.9333333333333	
    Magnitude of W:	38539.327818716	
    Magnitude of B_grad:	0.17777777777778	
    Magnitude of b:	2.0004642647265	

	
SGD: Hinge Loss is	
65467.56287661	
SGD: Validation Accuracy is:	
0.85660377358491	
SGD: Magnitude of W:	
38539.327818716	
SGD: Magnitude of b:	
2.0004642647265	
    Current index:	9501	
    Magnitude of W_grad:	2.6666666666667	
    Magnitude of W:	38453.212450215	
    Magnitude of B_grad:	0.088888888888889	
    Magnitude of b:	1.9962767854542	

	
SGD: Hinge Loss is	
64805.333845283	
SGD: Validation Accuracy is:	
0.85660377358491	
SGD: Magnitude of W:	
38453.212450215	
SGD: Magnitude of b:	
1.9962767854542	
    Current index:	9501	
    Magnitude of W_grad:	0	
    Magnitude of W:	38367.818457876	
    Magnitude of B_grad:	0	
    Magnitude of b:	1.9920980716386	

	
SGD: Hinge Loss is	
63408.287293212	
SGD: Validation Accuracy is:	
0.85094339622642	
SGD: Magnitude of W:	
38367.818457876	
SGD: Magnitude of b:	
1.9920980716386	
    Current index:	9501	
    Magnitude of W_grad:	1.2	
    Magnitude of W:	38282.53779448	
    Magnitude of B_grad:	0.044444444444444	
    Magnitude of b:	1.9879281049311	

	
SGD: Hinge Loss is	
63301.178134387	
SGD: Validation Accuracy is:	
0.85377358490566	
SGD: Magnitude of W:	
38282.53779448	
SGD: Magnitude of b:	
1.9879281049311	
    Current index:	9501	
    Magnitude of W_grad:	0	
    Magnitude of W:	38197.737731026	
    Magnitude of B_grad:	0	
    Magnitude of b:	1.9837668670221	

	
SGD: Hinge Loss is	
62391.695426102	
SGD: Validation Accuracy is:	
0.85094339622642	
SGD: Magnitude of W:	
38197.737731026	
SGD: Magnitude of b:	
1.9837668670221	
    Current index:	9501	
    Magnitude of W_grad:	2.6666666666667	
    Magnitude of W:	38112.973450896	
    Magnitude of B_grad:	0.13333333333333	
    Magnitude of b:	1.9796143396398	

	
SGD: Hinge Loss is	
62915.893056847	
SGD: Validation Accuracy is:	
0.8622641509434	
SGD: Magnitude of W:	
38112.973450896	
SGD: Magnitude of b:	
1.9796143396398	
    Current index:	9501	
    Magnitude of W_grad:	2.6666666666667	
    Magnitude of W:	38028.750798356	
    Magnitude of B_grad:	0.088888888888889	
    Magnitude of b:	1.9754705045508	

	
SGD: Hinge Loss is	
62378.088990097	
SGD: Validation Accuracy is:	
0.86132075471698	
SGD: Magnitude of W:	
38028.750798356	
SGD: Magnitude of b:	
1.9754705045508	
    Current index:	9501	
    Magnitude of W_grad:	0	
    Magnitude of W:	37945.013523386	
    Magnitude of B_grad:	0	
    Magnitude of b:	1.9713353435602	

	
SGD: Hinge Loss is	
61244.545514539	
SGD: Validation Accuracy is:	
0.85188679245283	
SGD: Magnitude of W:	
37945.013523386	
SGD: Magnitude of b:	
1.9713353435602	
    Current index:	9501	
    Magnitude of W_grad:	0	
    Magnitude of W:	37861.401283651	
    Magnitude of B_grad:	0	
    Magnitude of b:	1.9672088385106	

	
SGD: Hinge Loss is	
60741.350141516	
SGD: Validation Accuracy is:	
0.85377358490566	
SGD: Magnitude of W:	
37861.401283651	
SGD: Magnitude of b:	
1.9672088385106	
    Current index:	9501	
    Magnitude of W_grad:	1.1555555555556	
    Magnitude of W:	37778.117461894	
    Magnitude of B_grad:	0.044444444444444	
    Magnitude of b:	1.9630909712832	

	
SGD: Hinge Loss is	
60586.069746733	
SGD: Validation Accuracy is:	
0.85754716981132	
SGD: Magnitude of W:	
37778.117461894	
SGD: Magnitude of b:	
1.9630909712832	
    Current index:	9501	
    Magnitude of W_grad:	0.97777777777778	
    Magnitude of W:	37695.049444907	
    Magnitude of B_grad:	0.044444444444444	
    Magnitude of b:	1.9589817237966	

	
SGD: Hinge Loss is	
59899.474853095	
SGD: Validation Accuracy is:	
0.85471698113208	
SGD: Magnitude of W:	
37695.049444907	
SGD: Magnitude of b:	
1.9589817237966	
    Current index:	9501	
    Magnitude of W_grad:	0.84444444444444	
    Magnitude of W:	37612.270413681	
    Magnitude of B_grad:	0.044444444444444	
    Magnitude of b:	1.9548810780076	

	
SGD: Hinge Loss is	
59768.123282569	
SGD: Validation Accuracy is:	
0.86037735849057	
SGD: Magnitude of W:	
37612.270413681	
SGD: Magnitude of b:	
1.9548810780076	
    Current index:	9501	
    Magnitude of W_grad:	0.48888888888889	
    Magnitude of W:	37529.898794751	
    Magnitude of B_grad:	0.044444444444444	
    Magnitude of b:	1.9507890159108	

	
SGD: Hinge Loss is	
59211.965285582	
SGD: Validation Accuracy is:	
0.85660377358491	
SGD: Magnitude of W:	
37529.898794751	
SGD: Magnitude of b:	
1.9507890159108	
    Current index:	9501	
    Magnitude of W_grad:	0.66666666666667	
    Magnitude of W:	37447.870021781	
    Magnitude of B_grad:	0.044444444444444	
    Magnitude of b:	1.9467055195381	

	
SGD: Hinge Loss is	
58933.975351608	
SGD: Validation Accuracy is:	
0.85754716981132	
SGD: Magnitude of W:	
37447.870021781	
SGD: Magnitude of b:	
1.9467055195381	
    Current index:	9501	
    Magnitude of W_grad:	3.3333333333333	
    Magnitude of W:	37366.03746642	
    Magnitude of B_grad:	0.088888888888889	
    Magnitude of b:	1.9426305709594	

	
SGD: Hinge Loss is	
59153.126683933	
SGD: Validation Accuracy is:	
0.8622641509434	
SGD: Magnitude of W:	
37366.03746642	
SGD: Magnitude of b:	
1.9426305709594	
    Current index:	9501	
    Magnitude of W_grad:	0	
    Magnitude of W:	37284.654616537	
    Magnitude of B_grad:	0	
    Magnitude of b:	1.938564152282	

	
SGD: Hinge Loss is	
57942.626131213	
SGD: Validation Accuracy is:	
0.85471698113208	
SGD: Magnitude of W:	
37284.654616537	
SGD: Magnitude of b:	
1.938564152282	
    Current index:	9501	
    Magnitude of W_grad:	0	
    Magnitude of W:	37203.21766695	
    Magnitude of B_grad:	0	
    Magnitude of b:	1.9345062456507	

	
SGD: Hinge Loss is	
57308.912761764	
SGD: Validation Accuracy is:	
0.85188679245283	
SGD: Magnitude of W:	
37203.21766695	
SGD: Magnitude of b:	
1.9345062456507	
    Current index:	9501	
    Magnitude of W_grad:	0.84444444444444	
    Magnitude of W:	37122.220924034	
    Magnitude of B_grad:	0.044444444444444	
    Magnitude of b:	1.9304568332475	

	
SGD: Hinge Loss is	
57445.61034221	
SGD: Validation Accuracy is:	
0.85754716981132	
SGD: Magnitude of W:	
37122.220924034	
SGD: Magnitude of b:	
1.9304568332475	
    Current index:	9501	
    Magnitude of W_grad:	0.48888888888889	
    Magnitude of W:	37041.625215256	
    Magnitude of B_grad:	0.044444444444444	
    Magnitude of b:	1.9264158972919	

	
SGD: Hinge Loss is	
56792.691645574	
SGD: Validation Accuracy is:	
0.85377358490566	
SGD: Magnitude of W:	
37041.625215256	
SGD: Magnitude of b:	
1.9264158972919	
    Current index:	9501	
    Magnitude of W_grad:	0	
    Magnitude of W:	36961.268117537	
    Magnitude of B_grad:	0	
    Magnitude of b:	1.9223834200406	

	
SGD: Hinge Loss is	
56278.885279947	
SGD: Validation Accuracy is:	
0.84716981132075	
SGD: Magnitude of W:	
36961.268117537	
SGD: Magnitude of b:	
1.9223834200406	
    Current index:	9501	
    Magnitude of W_grad:	0	
    Magnitude of W:	36881.166266887	
    Magnitude of B_grad:	0	
    Magnitude of b:	1.9183593837873	

	
SGD: Hinge Loss is	
56036.089715189	
SGD: Validation Accuracy is:	
0.85	
SGD: Magnitude of W:	
36881.166266887	
SGD: Magnitude of b:	
1.9183593837873	
    Current index:	9501	
    Magnitude of W_grad:	3.1555555555555	
    Magnitude of W:	36800.867775722	
    Magnitude of B_grad:	0.17777777777778	
    Magnitude of b:	1.9143437708628	

	
SGD: Hinge Loss is	
56422.747830131	
SGD: Validation Accuracy is:	
0.86320754716981	
SGD: Magnitude of W:	
36800.867775722	
SGD: Magnitude of b:	
1.9143437708628	
    Current index:	9501	
    Magnitude of W_grad:	0	
    Magnitude of W:	36721.23838041	
    Magnitude of B_grad:	0	
    Magnitude of b:	1.9103365636351	

	
SGD: Hinge Loss is	
55162.167776174	
SGD: Validation Accuracy is:	
0.84433962264151	
SGD: Magnitude of W:	
36721.23838041	
SGD: Magnitude of b:	
1.9103365636351	
    Current index:	9501	
    Magnitude of W_grad:	2.1777777777778	
    Magnitude of W:	36641.6345313	
    Magnitude of B_grad:	0.044444444444444	
    Magnitude of b:	1.9063377445088	

	
SGD: Hinge Loss is	
55391.224462841	
SGD: Validation Accuracy is:	
0.85188679245283	
SGD: Magnitude of W:	
36641.6345313	
SGD: Magnitude of b:	
1.9063377445088	
    Current index:	9501	
    Magnitude of W_grad:	0.84444444444444	
    Magnitude of W:	36562.246409115	
    Magnitude of B_grad:	0.044444444444444	
    Magnitude of b:	1.9023472959255	

	
SGD: Hinge Loss is	
54900.423086479	
SGD: Validation Accuracy is:	
0.85	
SGD: Magnitude of W:	
36562.246409115	
SGD: Magnitude of b:	
1.9023472959255	
    Current index:	9501	
    Magnitude of W_grad:	0	
    Magnitude of W:	36483.205547252	
    Magnitude of B_grad:	0	
    Magnitude of b:	1.8983652003636	

	
SGD: Hinge Loss is	
54370.109049384	
SGD: Validation Accuracy is:	
0.84622641509434	
SGD: Magnitude of W:	
36483.205547252	
SGD: Magnitude of b:	
1.8983652003636	
    Current index:	9501	
    Magnitude of W_grad:	1.3777777777778	
    Magnitude of W:	36404.245480999	
    Magnitude of B_grad:	0.088888888888889	
    Magnitude of b:	1.8943914403381	

	
SGD: Hinge Loss is	
54374.116324162	
SGD: Validation Accuracy is:	
0.85283018867925	
SGD: Magnitude of W:	
36404.245480999	
SGD: Magnitude of b:	
1.8943914403381	
    Current index:	9501	
    Magnitude of W_grad:	0	
    Magnitude of W:	36325.607217279	
    Magnitude of B_grad:	0	
    Magnitude of b:	1.8904259984005	

	
SGD: Hinge Loss is	
53660.725152659	
SGD: Validation Accuracy is:	
0.84716981132075	
SGD: Magnitude of W:	
36325.607217279	
SGD: Magnitude of b:	
1.8904259984005	
    Current index:	9501	
    Magnitude of W_grad:	2.4	
    Magnitude of W:	36247.441918395	
    Magnitude of B_grad:	0.088888888888889	
    Magnitude of b:	1.8864688571391	

	
SGD: Hinge Loss is	
53809.079252598	
SGD: Validation Accuracy is:	
0.85471698113208	
SGD: Magnitude of W:	
36247.441918395	
SGD: Magnitude of b:	
1.8864688571391	
    Current index:	9501	
    Magnitude of W_grad:	2.1333333333333	
    Magnitude of W:	36169.264165112	
    Magnitude of B_grad:	0.088888888888889	
    Magnitude of b:	1.8825199991783	

	
SGD: Hinge Loss is	
53568.553232685	
SGD: Validation Accuracy is:	
0.85566037735849	
SGD: Magnitude of W:	
36169.264165112	
SGD: Magnitude of b:	
1.8825199991783	
    Current index:	9501	
    Magnitude of W_grad:	0.66666666666667	
    Magnitude of W:	36091.397608239	
    Magnitude of B_grad:	0.044444444444444	
    Magnitude of b:	1.8785794071792	

	
SGD: Hinge Loss is	
52865.252457538	
SGD: Validation Accuracy is:	
0.85	
SGD: Magnitude of W:	
36091.397608239	
SGD: Magnitude of b:	
1.8785794071792	
    Current index:	9501	
    Magnitude of W_grad:	0.84444444444444	
    Magnitude of W:	36013.641784396	
    Magnitude of B_grad:	0.044444444444444	
    Magnitude of b:	1.8746470638389	

	
Done.	
Testing on validation set...	
Done	
Datafile:	/n/home09/ankitgupta/CS287/HW1/MPQA-uni-sent-syns.hdf5	Classifier:	hinge	Alpha:	0	Eta:	1	Lambda:	1	Minibatch size:	500	Num Epochs:	50	Minimum Sentence Length:	0	
Accuracy:	0.85094339622642	
