[?1034hDatafile:	/n/home09/ankitgupta/CS287/HW1/TREC-uni-syns.hdf5	Classifier:	lr	Alpha:	0	Eta:	1	Lambda:	1	Minibatch size:	500	Num Epochs:	50	Minimum Sentence Length:	0	
Note that not all parameters may apply to all classifiers	
Loading datafiles...	
Number of training samples before removing small sentences	5452	
Number of training samples after removing small sentences	5452	
Done.	
Training classifier...	
SGD: Loss is	
	LOSS:Calculated softmax res	
139029.08999498	
SGD: crossEntropyLoss is	
139029.08999498	
SGD: Validation Accuracy is:	
0.13761467889908	
SGD: Magnitude of W:	
147491.47624835	
SGD: Magnitude of b:	
4.7525778593776	
SGD: Loss is	
	LOSS:Calculated softmax res	
124880.34433671	
SGD: crossEntropyLoss is	
124880.34433671	
SGD: Validation Accuracy is:	
0.21467889908257	
SGD: Magnitude of W:	
147131.71341876	
SGD: Magnitude of b:	
4.6816257914989	
SGD: Loss is	
	LOSS:Calculated softmax res	
118513.45512732	
SGD: crossEntropyLoss is	
118513.45512732	
SGD: Validation Accuracy is:	
0.27522935779817	
SGD: Magnitude of W:	
146784.52523379	
SGD: Magnitude of b:	
4.9321266705604	
SGD: Loss is	
	LOSS:Calculated softmax res	
114176.18415056	
SGD: crossEntropyLoss is	
114176.18415056	
SGD: Validation Accuracy is:	
0.31926605504587	
SGD: Magnitude of W:	
146445.12001886	
SGD: Magnitude of b:	
5.1847436253278	
SGD: Loss is	
	LOSS:Calculated softmax res	
110993.70307544	
SGD: crossEntropyLoss is	
110993.70307544	
SGD: Validation Accuracy is:	
0.35963302752294	
SGD: Magnitude of W:	
146113.03802557	
SGD: Magnitude of b:	
5.3668892254186	
SGD: Loss is	
	LOSS:Calculated softmax res	
108513.05037263	
SGD: crossEntropyLoss is	
108513.05037263	
SGD: Validation Accuracy is:	
0.39266055045872	
SGD: Magnitude of W:	
145785.93329826	
SGD: Magnitude of b:	
5.4593330236603	
SGD: Loss is	
	LOSS:Calculated softmax res	
106486.58773785	
SGD: crossEntropyLoss is	
106486.58773785	
SGD: Validation Accuracy is:	
0.41651376146789	
SGD: Magnitude of W:	
145462.44491791	
SGD: Magnitude of b:	
5.5087758055513	
SGD: Loss is	
	LOSS:Calculated softmax res	
104769.55016745	
SGD: crossEntropyLoss is	
104769.55016745	
SGD: Validation Accuracy is:	
0.43853211009174	
SGD: Magnitude of W:	
145142.0701997	
SGD: Magnitude of b:	
5.5519075533072	
SGD: Loss is	
	LOSS:Calculated softmax res	
103274.39288283	
SGD: crossEntropyLoss is	
103274.39288283	
SGD: Validation Accuracy is:	
0.47339449541284	
SGD: Magnitude of W:	
144823.90709236	
SGD: Magnitude of b:	
5.6066106728352	
SGD: Loss is	
	LOSS:Calculated softmax res	
101944.85781465	
SGD: crossEntropyLoss is	
101944.85781465	
SGD: Validation Accuracy is:	
0.50091743119266	
SGD: Magnitude of W:	
144507.80343819	
SGD: Magnitude of b:	
5.6463578394835	
SGD: Loss is	
	LOSS:Calculated softmax res	
100742.64760163	
SGD: crossEntropyLoss is	
100742.64760163	
SGD: Validation Accuracy is:	
0.51192660550459	
SGD: Magnitude of W:	
144193.65964068	
SGD: Magnitude of b:	
5.6706375912497	
SGD: Loss is	
	LOSS:Calculated softmax res	
99640.966600646	
SGD: crossEntropyLoss is	
99640.966600646	
SGD: Validation Accuracy is:	
0.52477064220183	
SGD: Magnitude of W:	
143881.62317277	
SGD: Magnitude of b:	
5.680615440433	
SGD: Loss is	
	LOSS:Calculated softmax res	
98621.325931319	
SGD: crossEntropyLoss is	
98621.325931319	
SGD: Validation Accuracy is:	
0.52844036697248	
SGD: Magnitude of W:	
143571.39991245	
SGD: Magnitude of b:	
5.6790716991681	
SGD: Loss is	
	LOSS:Calculated softmax res	
97670.596265131	
SGD: crossEntropyLoss is	
97670.596265131	
SGD: Validation Accuracy is:	
0.53761467889908	
SGD: Magnitude of W:	
143262.73254669	
SGD: Magnitude of b:	
5.6688996672487	
SGD: Loss is	
	LOSS:Calculated softmax res	
96778.701075659	
SGD: crossEntropyLoss is	
96778.701075659	
SGD: Validation Accuracy is:	
0.54495412844037	
SGD: Magnitude of W:	
142955.71939123	
SGD: Magnitude of b:	
5.6523241849741	
SGD: Loss is	
	LOSS:Calculated softmax res	
95937.107119907	
SGD: crossEntropyLoss is	
95937.107119907	
SGD: Validation Accuracy is:	
0.55229357798165	
SGD: Magnitude of W:	
142650.13822313	
SGD: Magnitude of b:	
5.6312444636426	
SGD: Loss is	
	LOSS:Calculated softmax res	
95138.557054218	
SGD: crossEntropyLoss is	
95138.557054218	
SGD: Validation Accuracy is:	
0.56697247706422	
SGD: Magnitude of W:	
142346.09505388	
SGD: Magnitude of b:	
5.6074887101282	
SGD: Loss is	
	LOSS:Calculated softmax res	
94377.220671994	
SGD: crossEntropyLoss is	
94377.220671994	
SGD: Validation Accuracy is:	
0.57247706422018	
SGD: Magnitude of W:	
142043.34207046	
SGD: Magnitude of b:	
5.5826246900825	
SGD: Loss is	
	LOSS:Calculated softmax res	
93648.549243143	
SGD: crossEntropyLoss is	
93648.549243143	
SGD: Validation Accuracy is:	
0.58532110091743	
SGD: Magnitude of W:	
141741.62172487	
SGD: Magnitude of b:	
5.5577527264908	
SGD: Loss is	
	LOSS:Calculated softmax res	
92948.786422946	
SGD: crossEntropyLoss is	
92948.786422946	
SGD: Validation Accuracy is:	
0.59266055045872	
SGD: Magnitude of W:	
141441.00647854	
SGD: Magnitude of b:	
5.5334626457384	
SGD: Loss is	
	LOSS:Calculated softmax res	
92274.726082996	
SGD: crossEntropyLoss is	
92274.726082996	
SGD: Validation Accuracy is:	
0.59816513761468	
SGD: Magnitude of W:	
141141.61966088	
SGD: Magnitude of b:	
5.5099779335913	
SGD: Loss is	
	LOSS:Calculated softmax res	
91623.676903932	
SGD: crossEntropyLoss is	
91623.676903932	
SGD: Validation Accuracy is:	
0.60917431192661	
SGD: Magnitude of W:	
140843.27560609	
SGD: Magnitude of b:	
5.4873927012254	
SGD: Loss is	
	LOSS:Calculated softmax res	
90993.38707719	
SGD: crossEntropyLoss is	
90993.38707719	
SGD: Validation Accuracy is:	
0.61100917431193	
SGD: Magnitude of W:	
140545.98273863	
SGD: Magnitude of b:	
5.4657912166117	
SGD: Loss is	
	LOSS:Calculated softmax res	
90381.939669524	
SGD: crossEntropyLoss is	
90381.939669524	
SGD: Validation Accuracy is:	
0.61467889908257	
SGD: Magnitude of W:	
140249.66237562	
SGD: Magnitude of b:	
5.44528695251	
SGD: Loss is	
	LOSS:Calculated softmax res	
89787.685088284	
SGD: crossEntropyLoss is	
89787.685088284	
SGD: Validation Accuracy is:	
0.62018348623853	
SGD: Magnitude of W:	
139954.39786001	
SGD: Magnitude of b:	
5.426007403669	
SGD: Loss is	
	LOSS:Calculated softmax res	
89209.204505706	
SGD: crossEntropyLoss is	
89209.204505706	
SGD: Validation Accuracy is:	
0.62201834862385	
SGD: Magnitude of W:	
139660.08465164	
SGD: Magnitude of b:	
5.4080458460329	
SGD: Loss is	
	LOSS:Calculated softmax res	
88645.273354356	
SGD: crossEntropyLoss is	
88645.273354356	
SGD: Validation Accuracy is:	
0.62752293577982	
SGD: Magnitude of W:	
139366.74794534	
SGD: Magnitude of b:	
5.3914288674917	
SGD: Loss is	
	LOSS:Calculated softmax res	
88094.819986773	
SGD: crossEntropyLoss is	
88094.819986773	
SGD: Validation Accuracy is:	
0.63302752293578	
SGD: Magnitude of W:	
139074.37513685	
SGD: Magnitude of b:	
5.3761137531174	
SGD: Loss is	
	LOSS:Calculated softmax res	
87556.891443713	
SGD: crossEntropyLoss is	
87556.891443713	
SGD: Validation Accuracy is:	
0.63119266055046	
SGD: Magnitude of W:	
138782.9044121	
SGD: Magnitude of b:	
5.3620053555623	
SGD: Loss is	
	LOSS:Calculated softmax res	
87030.633557534	
SGD: crossEntropyLoss is	
87030.633557534	
SGD: Validation Accuracy is:	
0.63119266055046	
SGD: Magnitude of W:	
138492.36643619	
SGD: Magnitude of b:	
5.3489834395101	
SGD: Loss is	
	LOSS:Calculated softmax res	
86515.280908082	
SGD: crossEntropyLoss is	
86515.280908082	
SGD: Validation Accuracy is:	
0.6348623853211	
SGD: Magnitude of W:	
138202.71769492	
SGD: Magnitude of b:	
5.3369311359532	
SGD: Loss is	
	LOSS:Calculated softmax res	
86010.148483462	
SGD: crossEntropyLoss is	
86010.148483462	
SGD: Validation Accuracy is:	
0.63669724770642	
SGD: Magnitude of W:	
137913.99975162	
SGD: Magnitude of b:	
5.3257523923357	
SGD: Loss is	
	LOSS:Calculated softmax res	
85514.621757219	
SGD: crossEntropyLoss is	
85514.621757219	
SGD: Validation Accuracy is:	
0.6348623853211	
SGD: Magnitude of W:	
137626.18917347	
SGD: Magnitude of b:	
5.3153713122007	
SGD: Loss is	
	LOSS:Calculated softmax res	
85028.145185406	
SGD: crossEntropyLoss is	
85028.145185406	
SGD: Validation Accuracy is:	
0.6348623853211	
SGD: Magnitude of W:	
137339.25898703	
SGD: Magnitude of b:	
5.3057192558806	
SGD: Loss is	
	LOSS:Calculated softmax res	
84550.211164796	
SGD: crossEntropyLoss is	
84550.211164796	
SGD: Validation Accuracy is:	
0.64220183486239	
SGD: Magnitude of W:	
137053.16230564	
SGD: Magnitude of b:	
5.2967228269683	
SGD: Loss is	
	LOSS:Calculated softmax res	
84080.353489035	
SGD: crossEntropyLoss is	
84080.353489035	
SGD: Validation Accuracy is:	
0.64403669724771	
SGD: Magnitude of W:	
136767.92117624	
SGD: Magnitude of b:	
5.2883007706147	
SGD: Loss is	
	LOSS:Calculated softmax res	
83618.146161704	
SGD: crossEntropyLoss is	
83618.146161704	
SGD: Validation Accuracy is:	
0.64403669724771	
SGD: Magnitude of W:	
136483.49379191	
SGD: Magnitude of b:	
5.2803678150206	
SGD: Loss is	
	LOSS:Calculated softmax res	
83163.203415062	
SGD: crossEntropyLoss is	
83163.203415062	
SGD: Validation Accuracy is:	
0.64770642201835	
SGD: Magnitude of W:	
136199.83905421	
SGD: Magnitude of b:	
5.2898181470645	
SGD: Loss is	
	LOSS:Calculated softmax res	
82715.17706534	
SGD: crossEntropyLoss is	
82715.17706534	
SGD: Validation Accuracy is:	
0.64954128440367	
SGD: Magnitude of W:	
135916.94772394	
SGD: Magnitude of b:	
5.3060075783443	
SGD: Loss is	
	LOSS:Calculated softmax res	
82273.750996457	
SGD: crossEntropyLoss is	
82273.750996457	
SGD: Validation Accuracy is:	
0.64770642201835	
SGD: Magnitude of W:	
135634.88980588	
SGD: Magnitude of b:	
5.3215788626372	
SGD: Loss is	
	LOSS:Calculated softmax res	
81838.634947638	
SGD: crossEntropyLoss is	
81838.634947638	
SGD: Validation Accuracy is:	
0.64954128440367	
SGD: Magnitude of W:	
135353.63272174	
SGD: Magnitude of b:	
5.3365420423886	
SGD: Loss is	
	LOSS:Calculated softmax res	
81409.55952705	
SGD: crossEntropyLoss is	
81409.55952705	
SGD: Validation Accuracy is:	
0.64770642201835	
SGD: Magnitude of W:	
135073.13210025	
SGD: Magnitude of b:	
5.3509150163757	
SGD: Loss is	
	LOSS:Calculated softmax res	
80986.272575075	
SGD: crossEntropyLoss is	
80986.272575075	
SGD: Validation Accuracy is:	
0.64770642201835	
SGD: Magnitude of W:	
134793.3665322	
SGD: Magnitude of b:	
5.3647222316506	
SGD: Loss is	
	LOSS:Calculated softmax res	
80568.53608504	
SGD: crossEntropyLoss is	
80568.53608504	
SGD: Validation Accuracy is:	
0.65137614678899	
SGD: Magnitude of W:	
134514.34686261	
SGD: Magnitude of b:	
5.3779905238825	
SGD: Loss is	
	LOSS:Calculated softmax res	
80156.1236337	
SGD: crossEntropyLoss is	
80156.1236337	
SGD: Validation Accuracy is:	
0.65321100917431	
SGD: Magnitude of W:	
134236.05771308	
SGD: Magnitude of b:	
5.3907459914828	
SGD: Loss is	
	LOSS:Calculated softmax res	
79748.819059266	
SGD: crossEntropyLoss is	
79748.819059266	
SGD: Validation Accuracy is:	
0.65688073394495	
SGD: Magnitude of W:	
133958.47811678	
SGD: Magnitude of b:	
5.4030129464535	
SGD: Loss is	
	LOSS:Calculated softmax res	
79346.416794701	
SGD: crossEntropyLoss is	
79346.416794701	
SGD: Validation Accuracy is:	
0.66238532110092	
SGD: Magnitude of W:	
133681.59002049	
SGD: Magnitude of b:	
5.4148139093774	
SGD: Loss is	
	LOSS:Calculated softmax res	
78948.723399418	
SGD: crossEntropyLoss is	
78948.723399418	
SGD: Validation Accuracy is:	
0.66238532110092	
SGD: Magnitude of W:	
133405.38662788	
SGD: Magnitude of b:	
5.426169617795	
SGD: Loss is	
	LOSS:Calculated softmax res	
78555.559398708	
SGD: crossEntropyLoss is	
78555.559398708	
SGD: Validation Accuracy is:	
0.66238532110092	
SGD: Magnitude of W:	
133129.88373102	
SGD: Magnitude of b:	
5.4370988206638	
SGD: Loss is	
	LOSS:Calculated softmax res	
78166.760689258	
SGD: crossEntropyLoss is	
78166.760689258	
SGD: Validation Accuracy is:	
0.66422018348624	
SGD: Magnitude of W:	
132855.0785601	
SGD: Magnitude of b:	
5.4476181315971	
Done.	
Testing on validation set...	
Done	
Datafile:	/n/home09/ankitgupta/CS287/HW1/TREC-uni-syns.hdf5	Classifier:	lr	Alpha:	0	Eta:	1	Lambda:	1	Minibatch size:	500	Num Epochs:	50	Minimum Sentence Length:	0	
Accuracy:	0.66422018348624	
