[?1034hDatafile:	/n/home09/ankitgupta/CS287/HW1/SST1-uni-syns.hdf5	Classifier:	lr	Alpha:	0	Eta:	1	Lambda:	1	Minibatch size:	500	Num Epochs:	50	Minimum Sentence Length:	0	
Note that not all parameters may apply to all classifiers	
Loading datafiles...	
Number of training samples before removing small sentences	156817	
Number of training samples after removing small sentences	156817	
Done.	
Training classifier...	
SGD: Loss is	
	LOSS:Calculated softmax res	
1228453.2995139	
SGD: crossEntropyLoss is	
1228453.2995139	
SGD: Validation Accuracy is:	
0.21525885558583	
SGD: Magnitude of W:	
184527.32064122	
SGD: Magnitude of b:	
1.3799055111072	
    Current index:	9501	
    Magnitude of W_grad:	32.054072708347	
    Magnitude of W:	184425.01649137	
    Magnitude of B_grad:	0.16565086608253	
    Magnitude of b:	7.947317348294	

	
    Current index:	19501	
    Magnitude of W_grad:	37.42168426474	
    Magnitude of W:	184334.24521079	
    Magnitude of B_grad:	0.15689299881314	
    Magnitude of b:	9.908895453913	

	
    Current index:	29501	
    Magnitude of W_grad:	40.067594556065	
    Magnitude of W:	184254.06323265	
    Magnitude of B_grad:	0.15129637972859	
    Magnitude of b:	10.357146842118	

	
    Current index:	39501	
    Magnitude of W_grad:	37.192270497317	
    Magnitude of W:	184173.56453258	
    Magnitude of B_grad:	0.17046710915212	
    Magnitude of b:	11.170665985879	

	
    Current index:	49501	
    Magnitude of W_grad:	36.851247688008	
    Magnitude of W:	184096.0360274	
    Magnitude of B_grad:	0.090071674348563	
    Magnitude of b:	11.576189863148	

	
    Current index:	59501	
    Magnitude of W_grad:	31.483215962427	
    Magnitude of W:	184020.76022877	
    Magnitude of B_grad:	0.16538793768365	
    Magnitude of b:	11.980551898434	

	
    Current index:	69501	
    Magnitude of W_grad:	34.293284048541	
    Magnitude of W:	183947.81268352	
    Magnitude of B_grad:	0.080011745447149	
    Magnitude of b:	12.399312467384	

	
    Current index:	79501	
    Magnitude of W_grad:	34.287520301636	
    Magnitude of W:	183874.81238693	
    Magnitude of B_grad:	0.058703593188022	
    Magnitude of b:	12.173569997202	

	
    Current index:	89501	
    Magnitude of W_grad:	47.165550825201	
    Magnitude of W:	183793.20316552	
    Magnitude of B_grad:	0.12970799678178	
    Magnitude of b:	11.526124802765	

	
    Current index:	99501	
    Magnitude of W_grad:	42.193174451734	
    Magnitude of W:	183708.39543617	
    Magnitude of B_grad:	0.194665562196	
    Magnitude of b:	11.62889932143	

	
    Current index:	109501	
    Magnitude of W_grad:	41.048444229991	
    Magnitude of W:	183631.34230055	
    Magnitude of B_grad:	0.25660208626248	
    Magnitude of b:	12.231435799628	

	
    Current index:	119501	
    Magnitude of W_grad:	35.560350492278	
    Magnitude of W:	183550.40001701	
    Magnitude of B_grad:	0.18502770125308	
    Magnitude of b:	12.135481809079	

	
    Current index:	129501	
    Magnitude of W_grad:	40.773740121846	
    Magnitude of W:	183479.06086138	
    Magnitude of B_grad:	0.11822462920629	
    Magnitude of b:	12.132341505466	

	
    Current index:	139501	
    Magnitude of W_grad:	44.96466622626	
    Magnitude of W:	183403.98635882	
    Magnitude of B_grad:	0.21238936617576	
    Magnitude of b:	12.447052353053	

	
    Current index:	149501	
    Magnitude of W_grad:	33.380175232435	
    Magnitude of W:	183334.39646358	
    Magnitude of B_grad:	0.13001729576789	
    Magnitude of b:	12.709623858629	

	
SGD: Loss is	
	LOSS:Calculated softmax res	
676214.49859227	
SGD: crossEntropyLoss is	
676214.49859632	
SGD: Validation Accuracy is:	
0.27792915531335	
SGD: Magnitude of W:	
183287.80942203	
SGD: Magnitude of b:	
11.368169169907	
    Current index:	9501	
    Magnitude of W_grad:	28.544792113357	
    Magnitude of W:	183222.40690149	
    Magnitude of B_grad:	0.081515126116988	
    Magnitude of b:	11.301656025867	

	
    Current index:	19501	
    Magnitude of W_grad:	36.036500312221	
    Magnitude of W:	183160.05830646	
    Magnitude of B_grad:	0.25402071876271	
    Magnitude of b:	11.415991016398	

	
    Current index:	29501	
    Magnitude of W_grad:	35.714202375994	
    Magnitude of W:	183102.77088732	
    Magnitude of B_grad:	0.091090390771226	
    Magnitude of b:	11.454622691787	

	
    Current index:	39501	
    Magnitude of W_grad:	33.128551154392	
    Magnitude of W:	183042.41224915	
    Magnitude of B_grad:	0.1289816208426	
    Magnitude of b:	11.71208899703	

	
    Current index:	49501	
    Magnitude of W_grad:	34.409139610999	
    Magnitude of W:	182983.42662043	
    Magnitude of B_grad:	0.15294249196174	
    Magnitude of b:	11.85106102055	

	
    Current index:	59501	
    Magnitude of W_grad:	28.973026977819	
    Magnitude of W:	182925.00518116	
    Magnitude of B_grad:	0.10443117885824	
    Magnitude of b:	12.127935769206	

	
    Current index:	69501	
    Magnitude of W_grad:	33.343783552126	
    Magnitude of W:	182868.2593104	
    Magnitude of B_grad:	0.060837397216945	
    Magnitude of b:	12.349274962801	

	
    Current index:	79501	
    Magnitude of W_grad:	34.1336720289	
    Magnitude of W:	182810.28625553	
    Magnitude of B_grad:	0.034218246986053	
    Magnitude of b:	12.264669843652	

	
    Current index:	89501	
    Magnitude of W_grad:	43.889010094763	
    Magnitude of W:	182749.61198306	
    Magnitude of B_grad:	0.13305660645322	
    Magnitude of b:	12.136763357473	

	
    Current index:	99501	
    Magnitude of W_grad:	38.079998603334	
    Magnitude of W:	182685.31936172	
    Magnitude of B_grad:	0.14972760858969	
    Magnitude of b:	12.058513520218	

	
    Current index:	109501	
    Magnitude of W_grad:	35.789885887667	
    Magnitude of W:	182625.80210039	
    Magnitude of B_grad:	0.18835496982399	
    Magnitude of b:	12.352221078137	

	
    Current index:	119501	
    Magnitude of W_grad:	33.883297367252	
    Magnitude of W:	182560.50916983	
    Magnitude of B_grad:	0.17633996839241	
    Magnitude of b:	12.216907216373	

	
    Current index:	129501	
    Magnitude of W_grad:	37.163775917568	
    Magnitude of W:	182499.28735782	
    Magnitude of B_grad:	0.13376212998586	
    Magnitude of b:	12.015342038953	

	
    Current index:	139501	
    Magnitude of W_grad:	43.268370551233	
    Magnitude of W:	182437.19420331	
    Magnitude of B_grad:	0.23733461416642	
    Magnitude of b:	12.152136273635	

	
    Current index:	149501	
    Magnitude of W_grad:	31.166927332843	
    Magnitude of W:	182378.0557593	
    Magnitude of B_grad:	0.11111189166619	
    Magnitude of b:	12.380100937045	

	
SGD: Loss is	
	LOSS:Calculated softmax res	
576184.78390063	
SGD: crossEntropyLoss is	
576184.78380872	
SGD: Validation Accuracy is:	
0.28519527702089	
SGD: Magnitude of W:	
182338.48627896	
SGD: Magnitude of b:	
11.090896244317	
    Current index:	9501	
    Magnitude of W_grad:	27.327388673108	
    Magnitude of W:	182283.39922358	
    Magnitude of B_grad:	0.096871860628112	
    Magnitude of b:	11.069737139731	

	
    Current index:	19501	
    Magnitude of W_grad:	30.413807004525	
    Magnitude of W:	182228.79868565	
    Magnitude of B_grad:	0.2035803550981	
    Magnitude of b:	11.026960409488	

	
    Current index:	29501	
    Magnitude of W_grad:	34.462581312917	
    Magnitude of W:	182179.47367069	
    Magnitude of B_grad:	0.065365568280641	
    Magnitude of b:	10.96836888106	

	
    Current index:	39501	
    Magnitude of W_grad:	32.759581626485	
    Magnitude of W:	182125.94182424	
    Magnitude of B_grad:	0.13560368900439	
    Magnitude of b:	11.31776413033	

	
    Current index:	49501	
    Magnitude of W_grad:	33.999343303217	
    Magnitude of W:	182073.48479753	
    Magnitude of B_grad:	0.15639381667013	
    Magnitude of b:	11.578176776624	

	
    Current index:	59501	
    Magnitude of W_grad:	27.436610736918	
    Magnitude of W:	182021.11502057	
    Magnitude of B_grad:	0.095510307111892	
    Magnitude of b:	11.586355391375	

	
    Current index:	69501	
    Magnitude of W_grad:	31.335551502344	
    Magnitude of W:	181970.73625274	
    Magnitude of B_grad:	0.048002386010731	
    Magnitude of b:	11.936928602634	

	
    Current index:	79501	
    Magnitude of W_grad:	33.457438302773	
    Magnitude of W:	181919.64477592	
    Magnitude of B_grad:	0.035745716091756	
    Magnitude of b:	11.8590905687	

	
    Current index:	89501	
    Magnitude of W_grad:	40.126874262223	
    Magnitude of W:	181868.5546718	
    Magnitude of B_grad:	0.11838656437768	
    Magnitude of b:	11.751647152416	

	
    Current index:	99501	
    Magnitude of W_grad:	35.258596427847	
    Magnitude of W:	181811.57731239	
    Magnitude of B_grad:	0.16014444101281	
    Magnitude of b:	11.622730965577	

	
    Current index:	109501	
    Magnitude of W_grad:	32.197184013095	
    Magnitude of W:	181759.37742586	
    Magnitude of B_grad:	0.14429201537144	
    Magnitude of b:	11.876130394522	

	
    Current index:	119501	
    Magnitude of W_grad:	30.784159920742	
    Magnitude of W:	181701.62295041	
    Magnitude of B_grad:	0.18069347996893	
    Magnitude of b:	11.762143195578	

	
    Current index:	129501	
    Magnitude of W_grad:	34.671162881026	
    Magnitude of W:	181647.17644561	
    Magnitude of B_grad:	0.14084174650366	
    Magnitude of b:	11.533730071269	

	
    Current index:	139501	
    Magnitude of W_grad:	40.372193508863	
    Magnitude of W:	181591.93741724	
    Magnitude of B_grad:	0.21733436056292	
    Magnitude of b:	11.670549985146	

	
    Current index:	149501	
    Magnitude of W_grad:	29.17785959532	
    Magnitude of W:	181539.28348244	
    Magnitude of B_grad:	0.10729283552659	
    Magnitude of b:	11.937309264478	

	
SGD: Loss is	
	LOSS:Calculated softmax res	
520357.75977052	
SGD: crossEntropyLoss is	
520357.75976865	
SGD: Validation Accuracy is:	
0.29881925522253	
SGD: Magnitude of W:	
181504.12727914	
SGD: Magnitude of b:	
10.757188019273	
    Current index:	9501	
    Magnitude of W_grad:	25.935451447541	
    Magnitude of W:	181454.65428551	
    Magnitude of B_grad:	0.097828886591467	
    Magnitude of b:	10.750303368474	

	
    Current index:	19501	
    Magnitude of W_grad:	25.621830373124	
    Magnitude of W:	181404.85741525	
    Magnitude of B_grad:	0.16335767557066	
    Magnitude of b:	10.721175885741	

	
    Current index:	29501	
    Magnitude of W_grad:	33.560299668651	
    Magnitude of W:	181360.4823691	
    Magnitude of B_grad:	0.044650236896413	
    Magnitude of b:	10.64672414428	

	
    Current index:	39501	
    Magnitude of W_grad:	31.977468065624	
    Magnitude of W:	181311.88552467	
    Magnitude of B_grad:	0.14842074481205	
    Magnitude of b:	11.000805276189	

	
    Current index:	49501	
    Magnitude of W_grad:	33.052639030248	
    Magnitude of W:	181263.97121687	
    Magnitude of B_grad:	0.15958657096606	
    Magnitude of b:	11.297715391178	

	
    Current index:	59501	
    Magnitude of W_grad:	25.876997302583	
    Magnitude of W:	181216.86011311	
    Magnitude of B_grad:	0.10441781058364	
    Magnitude of b:	11.255039422851	

	
    Current index:	69501	
    Magnitude of W_grad:	29.204267408225	
    Magnitude of W:	181169.89636192	
    Magnitude of B_grad:	0.042422990121568	
    Magnitude of b:	11.625049658535	

	
    Current index:	79501	
    Magnitude of W_grad:	31.896348856005	
    Magnitude of W:	181123.36606878	
    Magnitude of B_grad:	0.033565512761839	
    Magnitude of b:	11.543736958711	

	
    Current index:	89501	
    Magnitude of W_grad:	37.821188445919	
    Magnitude of W:	181076.78758434	
    Magnitude of B_grad:	0.13230054235435	
    Magnitude of b:	11.413306528825	

	
    Current index:	99501	
    Magnitude of W_grad:	32.39997157635	
    Magnitude of W:	181023.75254891	
    Magnitude of B_grad:	0.16467631830278	
    Magnitude of b:	11.275903490795	

	
    Current index:	109501	
    Magnitude of W_grad:	29.69941609999	
    Magnitude of W:	180976.0425158	
    Magnitude of B_grad:	0.13095992651697	
    Magnitude of b:	11.520725031059	

	
    Current index:	119501	
    Magnitude of W_grad:	29.748520258679	
    Magnitude of W:	180922.97610404	
    Magnitude of B_grad:	0.17449209176444	
    Magnitude of b:	11.402792465949	

	
    Current index:	129501	
    Magnitude of W_grad:	32.878240273386	
    Magnitude of W:	180873.31375212	
    Magnitude of B_grad:	0.15134448329592	
    Magnitude of b:	11.16668452243	

	
    Current index:	139501	
    Magnitude of W_grad:	36.787009954563	
    Magnitude of W:	180822.61867056	
    Magnitude of B_grad:	0.19603316287148	
    Magnitude of b:	11.320575332523	

	
    Current index:	149501	
    Magnitude of W_grad:	26.980385657498	
    Magnitude of W:	180773.84067484	
    Magnitude of B_grad:	0.09849052248983	
    Magnitude of b:	11.593950426957	

	
SGD: Loss is	
	LOSS:Calculated softmax res	
482364.00295122	
SGD: crossEntropyLoss is	
482364.00295122	
SGD: Validation Accuracy is:	
0.31244323342416	
SGD: Magnitude of W:	
180741.59168106	
SGD: Magnitude of b:	
10.504189787034	
    Current index:	9501	
    Magnitude of W_grad:	24.148313296273	
    Magnitude of W:	180696.29654397	
    Magnitude of B_grad:	0.10082695883107	
    Magnitude of b:	10.511968188521	

	
    Current index:	19501	
    Magnitude of W_grad:	23.771362365378	
    Magnitude of W:	180650.00707165	
    Magnitude of B_grad:	0.1434203245713	
    Magnitude of b:	10.519458215714	

	
    Current index:	29501	
    Magnitude of W_grad:	33.155759693265	
    Magnitude of W:	180608.57236259	
    Magnitude of B_grad:	0.035784677991837	
    Magnitude of b:	10.419251529759	

	
    Current index:	39501	
    Magnitude of W_grad:	30.538286913389	
    Magnitude of W:	180563.12279766	
    Magnitude of B_grad:	0.14784127878428	
    Magnitude of b:	10.76061981537	

	
    Current index:	49501	
    Magnitude of W_grad:	31.834469032102	
    Magnitude of W:	180518.66303645	
    Magnitude of B_grad:	0.15572846429645	
    Magnitude of b:	11.055272838568	

	
    Current index:	59501	
    Magnitude of W_grad:	24.340093763794	
    Magnitude of W:	180474.01410441	
    Magnitude of B_grad:	0.1072835277758	
    Magnitude of b:	11.016066620653	

	
    Current index:	69501	
    Magnitude of W_grad:	27.722702615562	
    Magnitude of W:	180429.60555923	
    Magnitude of B_grad:	0.030822647286119	
    Magnitude of b:	11.400322407737	

	
    Current index:	79501	
    Magnitude of W_grad:	30.266169328567	
    Magnitude of W:	180386.58055248	
    Magnitude of B_grad:	0.037627563330068	
    Magnitude of b:	11.308700184391	

	
    Current index:	89501	
    Magnitude of W_grad:	36.749807945631	
    Magnitude of W:	180343.26196703	
    Magnitude of B_grad:	0.13953940196883	
    Magnitude of b:	11.148598095318	

	
    Current index:	99501	
    Magnitude of W_grad:	30.666695676154	
    Magnitude of W:	180293.86525969	
    Magnitude of B_grad:	0.16579298983725	
    Magnitude of b:	11.011637167349	

	
    Current index:	109501	
    Magnitude of W_grad:	28.689484943434	
    Magnitude of W:	180249.11322896	
    Magnitude of B_grad:	0.12528799265006	
    Magnitude of b:	11.270536598546	

	
    Current index:	119501	
    Magnitude of W_grad:	28.89361635839	
    Magnitude of W:	180199.3351976	
    Magnitude of B_grad:	0.16981463440287	
    Magnitude of b:	11.15566113304	

	
    Current index:	129501	
    Magnitude of W_grad:	30.772968991398	
    Magnitude of W:	180154.26807136	
    Magnitude of B_grad:	0.14995347711866	
    Magnitude of b:	10.930227210161	

	
    Current index:	139501	
    Magnitude of W_grad:	34.108071195608	
    Magnitude of W:	180106.92142041	
    Magnitude of B_grad:	0.18742300537352	
    Magnitude of b:	11.093198894243	

	
    Current index:	149501	
    Magnitude of W_grad:	25.600851223232	
    Magnitude of W:	180061.55475228	
    Magnitude of B_grad:	0.091640062289331	
    Magnitude of b:	11.338258746191	

	
SGD: Loss is	
	LOSS:Calculated softmax res	
453753.0385616	
SGD: crossEntropyLoss is	
453753.03856333	
SGD: Validation Accuracy is:	
0.31153496821072	
SGD: Magnitude of W:	
180031.50761601	
SGD: Magnitude of b:	
10.309190630683	
    Current index:	9501	
    Magnitude of W_grad:	22.28670001108	
    Magnitude of W:	179988.76680718	
    Magnitude of B_grad:	0.10441566604931	
    Magnitude of b:	10.316705509638	

	
    Current index:	19501	
    Magnitude of W_grad:	22.75116714101	
    Magnitude of W:	179944.92866854	
    Magnitude of B_grad:	0.13100339798343	
    Magnitude of b:	10.344693876343	

	
    Current index:	29501	
    Magnitude of W_grad:	32.736603529863	
    Magnitude of W:	179905.64464957	
    Magnitude of B_grad:	0.031331886974724	
    Magnitude of b:	10.244100290323	

	
    Current index:	39501	
    Magnitude of W_grad:	29.177505476952	
    Magnitude of W:	179862.6690323	
    Magnitude of B_grad:	0.14074799561733	
    Magnitude of b:	10.581008948574	

	
    Current index:	49501	
    Magnitude of W_grad:	30.751628318105	
    Magnitude of W:	179820.65656139	
    Magnitude of B_grad:	0.15144324954311	
    Magnitude of b:	10.858461117135	

	
    Current index:	59501	
    Magnitude of W_grad:	23.311648259153	
    Magnitude of W:	179778.70169752	
    Magnitude of B_grad:	0.10721483998757	
    Magnitude of b:	10.839180404473	

	
    Current index:	69501	
    Magnitude of W_grad:	26.451613760832	
    Magnitude of W:	179736.29693909	
    Magnitude of B_grad:	0.021831143731798	
    Magnitude of b:	11.229227715134	

	
    Current index:	79501	
    Magnitude of W_grad:	28.475496684101	
    Magnitude of W:	179695.7405227	
    Magnitude of B_grad:	0.042792976528398	
    Magnitude of b:	11.119345684031	

	
    Current index:	89501	
    Magnitude of W_grad:	35.750528455138	
    Magnitude of W:	179654.4931777	
    Magnitude of B_grad:	0.14101168984849	
    Magnitude of b:	10.946217885223	

	
    Current index:	99501	
    Magnitude of W_grad:	29.37539609799	
    Magnitude of W:	179607.52676496	
    Magnitude of B_grad:	0.16604304050927	
    Magnitude of b:	10.812768418622	

	
    Current index:	109501	
    Magnitude of W_grad:	27.069755757836	
    Magnitude of W:	179565.20971413	
    Magnitude of B_grad:	0.11820998538559	
    Magnitude of b:	11.080650769135	

	
    Current index:	119501	
    Magnitude of W_grad:	27.549066645991	
    Magnitude of W:	179517.77993747	
    Magnitude of B_grad:	0.1686323763462	
    Magnitude of b:	10.962575102651	

	
    Current index:	129501	
    Magnitude of W_grad:	28.563299080367	
    Magnitude of W:	179475.568933	
    Magnitude of B_grad:	0.14006024312406	
    Magnitude of b:	10.762381151469	

	
    Current index:	139501	
    Magnitude of W_grad:	33.39757135376	
    Magnitude of W:	179431.19241016	
    Magnitude of B_grad:	0.19480320806626	
    Magnitude of b:	10.929458880887	

	
    Current index:	149501	
    Magnitude of W_grad:	24.778419187025	
    Magnitude of W:	179388.56606789	
    Magnitude of B_grad:	0.085408855578238	
    Magnitude of b:	11.140816645619	

	
SGD: Loss is	
	LOSS:Calculated softmax res	
431388.4616349	
SGD: crossEntropyLoss is	
431388.46070133	
SGD: Validation Accuracy is:	
0.31244323342416	
SGD: Magnitude of W:	
179359.9796051	
SGD: Magnitude of b:	
10.149447087146	
    Current index:	9501	
    Magnitude of W_grad:	20.632052111389	
    Magnitude of W:	179319.20683938	
    Magnitude of B_grad:	0.10836008666118	
    Magnitude of b:	10.159095781994	

	
    Current index:	19501	
    Magnitude of W_grad:	21.946420153909	
    Magnitude of W:	179277.02750317	
    Magnitude of B_grad:	0.12249175734325	
    Magnitude of b:	10.201638640676	

	
    Current index:	29501	
    Magnitude of W_grad:	32.471203652694	
    Magnitude of W:	179239.40304674	
    Magnitude of B_grad:	0.028055977680583	
    Magnitude of b:	10.106272266556	

	
    Current index:	39501	
    Magnitude of W_grad:	27.823047354958	
    Magnitude of W:	179198.2718796	
    Magnitude of B_grad:	0.13109344299167	
    Magnitude of b:	10.441507271372	

	
    Current index:	49501	
    Magnitude of W_grad:	29.649680567624	
    Magnitude of W:	179158.29041078	
    Magnitude of B_grad:	0.14592674347297	
    Magnitude of b:	10.698711371642	

	
    Current index:	59501	
    Magnitude of W_grad:	22.647585346348	
    Magnitude of W:	179118.31225976	
    Magnitude of B_grad:	0.10750471956076	
    Magnitude of b:	10.702830982577	

	
    Current index:	69501	
    Magnitude of W_grad:	25.24161030542	
    Magnitude of W:	179077.41315412	
    Magnitude of B_grad:	0.037951667763996	
    Magnitude of b:	11.086331030303	

	
    Current index:	79501	
    Magnitude of W_grad:	26.8975461064	
    Magnitude of W:	179039.25501354	
    Magnitude of B_grad:	0.052996364185658	
    Magnitude of b:	10.96114152728	

	
    Current index:	89501	
    Magnitude of W_grad:	34.694262313516	
    Magnitude of W:	179000.18789181	
    Magnitude of B_grad:	0.14086186705843	
    Magnitude of b:	10.787536802715	

	
    Current index:	99501	
    Magnitude of W_grad:	28.291562895705	
    Magnitude of W:	178955.40250132	
    Magnitude of B_grad:	0.16520711824606	
    Magnitude of b:	10.656779738232	

	
    Current index:	109501	
    Magnitude of W_grad:	24.70925577153	
    Magnitude of W:	178915.0598666	
    Magnitude of B_grad:	0.10848354433826	
    Magnitude of b:	10.92624696622	

	
    Current index:	119501	
    Magnitude of W_grad:	26.092949984959	
    Magnitude of W:	178870.26000627	
    Magnitude of B_grad:	0.16986801368406	
    Magnitude of b:	10.80048751286	

	
    Current index:	129501	
    Magnitude of W_grad:	26.477567721385	
    Magnitude of W:	178830.25144129	
    Magnitude of B_grad:	0.12674456964268	
    Magnitude of b:	10.632762242941	

	
    Current index:	139501	
    Magnitude of W_grad:	33.099219196048	
    Magnitude of W:	178788.01562853	
    Magnitude of B_grad:	0.19702929512923	
    Magnitude of b:	10.795087595606	

	
    Current index:	149501	
    Magnitude of W_grad:	24.087599158791	
    Magnitude of W:	178747.46843672	
    Magnitude of B_grad:	0.0788166475538	
    Magnitude of b:	10.980972832471	

	
SGD: Loss is	
	LOSS:Calculated softmax res	
413216.70885891	
SGD: crossEntropyLoss is	
413216.70885891	
SGD: Validation Accuracy is:	
0.30971843778383	
SGD: Magnitude of W:	
178720.05048564	
SGD: Magnitude of b:	
10.011521606717	
    Current index:	9501	
    Magnitude of W_grad:	19.581511661683	
    Magnitude of W:	178681.24984204	
    Magnitude of B_grad:	0.1110097381995	
    Magnitude of b:	10.028467380998	

	
    Current index:	19501	
    Magnitude of W_grad:	21.403504842603	
    Magnitude of W:	178640.92351706	
    Magnitude of B_grad:	0.11727771332602	
    Magnitude of b:	10.079426459248	

	
    Current index:	29501	
    Magnitude of W_grad:	32.086923317315	
    Magnitude of W:	178604.43319342	
    Magnitude of B_grad:	0.025283499745908	
    Magnitude of b:	9.9894874949975	

	
    Current index:	39501	
    Magnitude of W_grad:	26.674446032145	
    Magnitude of W:	178565.09805597	
    Magnitude of B_grad:	0.12222474381973	
    Magnitude of b:	10.32268389064	

	
    Current index:	49501	
    Magnitude of W_grad:	28.706944481303	
    Magnitude of W:	178526.44096014	
    Magnitude of B_grad:	0.14020057152978	
    Magnitude of b:	10.56065456974	

	
    Current index:	59501	
    Magnitude of W_grad:	22.164918405433	
    Magnitude of W:	178488.47092995	
    Magnitude of B_grad:	0.10861856398845	
    Magnitude of b:	10.58358581754	

	
    Current index:	69501	
    Magnitude of W_grad:	24.217719901678	
    Magnitude of W:	178449.0985512	
    Magnitude of B_grad:	0.05498347603427	
    Magnitude of b:	10.962939231903	

	
    Current index:	79501	
    Magnitude of W_grad:	25.612351888807	
    Magnitude of W:	178412.44901406	
    Magnitude of B_grad:	0.062569063767715	
    Magnitude of b:	10.829174396546	

	
    Current index:	89501	
    Magnitude of W_grad:	33.700501237847	
    Magnitude of W:	178375.07528084	
    Magnitude of B_grad:	0.14041384154882	
    Magnitude of b:	10.659812373161	

	
    Current index:	99501	
    Magnitude of W_grad:	27.456775263109	
    Magnitude of W:	178332.71315922	
    Magnitude of B_grad:	0.16349722353005	
    Magnitude of b:	10.527410072377	

	
    Current index:	109501	
    Magnitude of W_grad:	23.545993313998	
    Magnitude of W:	178293.98724889	
    Magnitude of B_grad:	0.10224351313809	
    Magnitude of b:	10.788846243601	

	
    Current index:	119501	
    Magnitude of W_grad:	24.782323302715	
    Magnitude of W:	178251.09153825	
    Magnitude of B_grad:	0.17231538968923	
    Magnitude of b:	10.666845047221	

	
    Current index:	129501	
    Magnitude of W_grad:	24.482195968154	
    Magnitude of W:	178212.5765493	
    Magnitude of B_grad:	0.11316089251862	
    Magnitude of b:	10.534549817058	

	
    Current index:	139501	
    Magnitude of W_grad:	32.734283421013	
    Magnitude of W:	178172.02504452	
    Magnitude of B_grad:	0.19608602067937	
    Magnitude of b:	10.684005676321	

	
    Current index:	149501	
    Magnitude of W_grad:	23.481235950981	
    Magnitude of W:	178133.39822054	
    Magnitude of B_grad:	0.071648491993611	
    Magnitude of b:	10.851296926959	

	
SGD: Loss is	
	LOSS:Calculated softmax res	
398036.80667976	
SGD: crossEntropyLoss is	
398036.80668769	
SGD: Validation Accuracy is:	
0.3133514986376	
SGD: Magnitude of W:	
178106.77664627	
SGD: Magnitude of b:	
9.8957295982757	
    Current index:	9501	
    Magnitude of W_grad:	18.87723367394	
    Magnitude of W:	178069.74850405	
    Magnitude of B_grad:	0.10920136627893	
    Magnitude of b:	9.9192304341313	

	
    Current index:	19501	
    Magnitude of W_grad:	21.149682014928	
    Magnitude of W:	178030.95072365	
    Magnitude of B_grad:	0.11455390821733	
    Magnitude of b:	9.9723640118527	

	
    Current index:	29501	
    Magnitude of W_grad:	31.469636590976	
    Magnitude of W:	177995.67426685	
    Magnitude of B_grad:	0.023968210033862	
    Magnitude of b:	9.8912952111257	

	
    Current index:	39501	
    Magnitude of W_grad:	25.73665660489	
    Magnitude of W:	177957.69710209	
    Magnitude of B_grad:	0.11474084119054	
    Magnitude of b:	10.220579724177	

	
    Current index:	49501	
    Magnitude of W_grad:	27.90056861941	
    Magnitude of W:	177920.69432631	
    Magnitude of B_grad:	0.13543506469997	
    Magnitude of b:	10.442091267898	

	
    Current index:	59501	
    Magnitude of W_grad:	21.638346280299	
    Magnitude of W:	177883.92728866	
    Magnitude of B_grad:	0.10968117658721	
    Magnitude of b:	10.478905549044	

	
    Current index:	69501	
    Magnitude of W_grad:	23.360858813832	
    Magnitude of W:	177845.88057843	
    Magnitude of B_grad:	0.0672195759873	
    Magnitude of b:	10.856883679932	

	
    Current index:	79501	
    Magnitude of W_grad:	24.566726254238	
    Magnitude of W:	177810.16794846	
    Magnitude of B_grad:	0.070933662373078	
    Magnitude of b:	10.718826833818	

	
    Current index:	89501	
    Magnitude of W_grad:	32.810582905029	
    Magnitude of W:	177774.5545582	
    Magnitude of B_grad:	0.13879242301734	
    Magnitude of b:	10.554159613712	

	
    Current index:	99501	
    Magnitude of W_grad:	26.724941842454	
    Magnitude of W:	177733.80942555	
    Magnitude of B_grad:	0.16064904651334	
    Magnitude of b:	10.420438150064	

	
    Current index:	109501	
    Magnitude of W_grad:	22.767767042219	
    Magnitude of W:	177696.20606036	
    Magnitude of B_grad:	0.095346228774738	
    Magnitude of b:	10.67203790728	

	
    Current index:	119501	
    Magnitude of W_grad:	23.582115803064	
    Magnitude of W:	177654.93439177	
    Magnitude of B_grad:	0.17669933155598	
    Magnitude of b:	10.555289717605	

	
    Current index:	129501	
    Magnitude of W_grad:	22.932484744664	
    Magnitude of W:	177617.89052036	
    Magnitude of B_grad:	0.10075189045623	
    Magnitude of b:	10.456081521599	

	
    Current index:	139501	
    Magnitude of W_grad:	32.339663198651	
    Magnitude of W:	177578.59356093	
    Magnitude of B_grad:	0.19274278657794	
    Magnitude of b:	10.590935784431	

	
    Current index:	149501	
    Magnitude of W_grad:	22.935335573263	
    Magnitude of W:	177541.41914886	
    Magnitude of B_grad:	0.064404460204625	
    Magnitude of b:	10.744530554624	

	
SGD: Loss is	
	LOSS:Calculated softmax res	
385164.58718788	
SGD: crossEntropyLoss is	
385164.58718788	
SGD: Validation Accuracy is:	
0.31607629427793	
SGD: Magnitude of W:	
177515.79389461	
SGD: Magnitude of b:	
9.8004219018025	
    Current index:	9501	
    Magnitude of W_grad:	18.270024251229	
    Magnitude of W:	177480.12858184	
    Magnitude of B_grad:	0.10552256747611	
    Magnitude of b:	9.8262431487892	

	
    Current index:	19501	
    Magnitude of W_grad:	20.973377771343	
    Magnitude of W:	177442.66604475	
    Magnitude of B_grad:	0.11455157941622	
    Magnitude of b:	9.8770111677838	

	
    Current index:	29501	
    Magnitude of W_grad:	30.70307174156	
    Magnitude of W:	177408.24499925	
    Magnitude of B_grad:	0.023897329576769	
    Magnitude of b:	9.807037013869	

	
    Current index:	39501	
    Magnitude of W_grad:	24.881876026484	
    Magnitude of W:	177371.49466999	
    Magnitude of B_grad:	0.10779588243268	
    Magnitude of b:	10.131296446684	

	
    Current index:	49501	
    Magnitude of W_grad:	27.175069405184	
    Magnitude of W:	177336.01736119	
    Magnitude of B_grad:	0.13160153837161	
    Magnitude of b:	10.339115436776	

	
    Current index:	59501	
    Magnitude of W_grad:	21.054724119307	
    Magnitude of W:	177300.34499203	
    Magnitude of B_grad:	0.10997021913959	
    Magnitude of b:	10.385050988915	

	
    Current index:	69501	
    Magnitude of W_grad:	22.620720681103	
    Magnitude of W:	177263.38461072	
    Magnitude of B_grad:	0.077185743740853	
    Magnitude of b:	10.761891745015	

	
    Current index:	79501	
    Magnitude of W_grad:	23.658149715488	
    Magnitude of W:	177228.42445674	
    Magnitude of B_grad:	0.077548569648163	
    Magnitude of b:	10.622844610017	

	
    Current index:	89501	
    Magnitude of W_grad:	31.866793569554	
    Magnitude of W:	177193.98900051	
    Magnitude of B_grad:	0.1352567766939	
    Magnitude of b:	10.462754786063	

	
    Current index:	99501	
    Magnitude of W_grad:	26.034741823379	
    Magnitude of W:	177154.72860453	
    Magnitude of B_grad:	0.15567110270094	
    Magnitude of b:	10.330593444093	

	
    Current index:	109501	
    Magnitude of W_grad:	22.080110080964	
    Magnitude of W:	177118.2523337	
    Magnitude of B_grad:	0.087238921431857	
    Magnitude of b:	10.57784705289	

	
    Current index:	119501	
    Magnitude of W_grad:	22.565736460063	
    Magnitude of W:	177078.79539184	
    Magnitude of B_grad:	0.18238077871967	
    Magnitude of b:	10.46219407732	

	
    Current index:	129501	
    Magnitude of W_grad:	21.944245681847	
    Magnitude of W:	177042.81602827	
    Magnitude of B_grad:	0.089813252203384	
    Magnitude of b:	10.390086138065	

	
    Current index:	139501	
    Magnitude of W_grad:	31.908238311092	
    Magnitude of W:	177004.91222019	
    Magnitude of B_grad:	0.18812771380255	
    Magnitude of b:	10.511998647964	

	
    Current index:	149501	
    Magnitude of W_grad:	22.463958391605	
    Magnitude of W:	176968.77774479	
    Magnitude of B_grad:	0.058073414415523	
    Magnitude of b:	10.655208309678	

	
SGD: Loss is	
	LOSS:Calculated softmax res	
374096.79797593	
SGD: crossEntropyLoss is	
374096.79797593	
SGD: Validation Accuracy is:	
0.31698455949137	
SGD: Magnitude of W:	
176944.0616685	
SGD: Magnitude of b:	
9.7221223843801	
    Current index:	9501	
    Magnitude of W_grad:	17.715448746201	
    Magnitude of W:	176909.81183436	
    Magnitude of B_grad:	0.10152400094263	
    Magnitude of b:	9.7453017867046	

	
    Current index:	19501	
    Magnitude of W_grad:	20.799917026172	
    Magnitude of W:	176873.52654156	
    Magnitude of B_grad:	0.11388681116235	
    Magnitude of b:	9.7910489087237	

	
    Current index:	29501	
    Magnitude of W_grad:	29.89484046785	
    Magnitude of W:	176840.15665357	
    Magnitude of B_grad:	0.025003297538776	
    Magnitude of b:	9.7321806047573	

	
    Current index:	39501	
    Magnitude of W_grad:	24.105451268032	
    Magnitude of W:	176804.78187404	
    Magnitude of B_grad:	0.10116355927109	
    Magnitude of b:	10.05156395455	

	
    Current index:	49501	
    Magnitude of W_grad:	26.519292217788	
    Magnitude of W:	176770.3858338	
    Magnitude of B_grad:	0.12841125713028	
    Magnitude of b:	10.248894423691	

	
    Current index:	59501	
    Magnitude of W_grad:	20.436865412065	
    Magnitude of W:	176735.90071792	
    Magnitude of B_grad:	0.1094325282881	
    Magnitude of b:	10.300736414765	

	
    Current index:	69501	
    Magnitude of W_grad:	21.983895737267	
    Magnitude of W:	176699.94067221	
    Magnitude of B_grad:	0.084073590777884	
    Magnitude of b:	10.67564535889	

	
    Current index:	79501	
    Magnitude of W_grad:	22.864558842618	
    Magnitude of W:	176665.56484901	
    Magnitude of B_grad:	0.082394107204026	
    Magnitude of b:	10.537870395808	

	
    Current index:	89501	
    Magnitude of W_grad:	30.86548831297	
    Magnitude of W:	176632.14231109	
    Magnitude of B_grad:	0.13090638657164	
    Magnitude of b:	10.381676876843	

	
    Current index:	99501	
    Magnitude of W_grad:	25.394286522301	
    Magnitude of W:	176593.60839622	
    Magnitude of B_grad:	0.14872008015432	
    Magnitude of b:	10.253619145161	

	
    Current index:	109501	
    Magnitude of W_grad:	21.536262772009	
    Magnitude of W:	176558.03958502	
    Magnitude of B_grad:	0.078315633161202	
    Magnitude of b:	10.502275952646	

	
    Current index:	119501	
    Magnitude of W_grad:	22.045839455747	
    Magnitude of W:	176519.88985321	
    Magnitude of B_grad:	0.18737417138757	
    Magnitude of b:	10.383881473702	

	
    Current index:	129501	
    Magnitude of W_grad:	21.429950665199	
    Magnitude of W:	176484.95316554	
    Magnitude of B_grad:	0.080098389969136	
    Magnitude of b:	10.334522815938	

	
    Current index:	139501	
    Magnitude of W_grad:	31.397508353119	
    Magnitude of W:	176448.1587419	
    Magnitude of B_grad:	0.18271035693516	
    Magnitude of b:	10.44414730389	

	
    Current index:	149501	
    Magnitude of W_grad:	22.062916010617	
    Magnitude of W:	176412.82062109	
    Magnitude of B_grad:	0.057993995138352	
    Magnitude of b:	10.579408674223	

	
SGD: Loss is	
	LOSS:Calculated softmax res	
364464.4060384	
SGD: crossEntropyLoss is	
364464.4060384	
SGD: Validation Accuracy is:	
0.31607629427793	
SGD: Magnitude of W:	
176388.95589293	
SGD: Magnitude of b:	
9.6561211322013	
    Current index:	9501	
    Magnitude of W_grad:	17.197741145218	
    Magnitude of W:	176355.67450689	
    Magnitude of B_grad:	0.097413033242318	
    Magnitude of b:	9.6714510641266	

	
    Current index:	19501	
    Magnitude of W_grad:	20.581241212624	
    Magnitude of W:	176320.44750678	
    Magnitude of B_grad:	0.11269948839233	
    Magnitude of b:	9.7112463200453	

	
    Current index:	29501	
    Magnitude of W_grad:	29.107778942601	
    Magnitude of W:	176287.79572624	
    Magnitude of B_grad:	0.025862845036751	
    Magnitude of b:	9.6631759993983	

	
    Current index:	39501	
    Magnitude of W_grad:	23.454307558717	
    Magnitude of W:	176253.34650384	
    Magnitude of B_grad:	0.09482615297454	
    Magnitude of b:	9.9782759429531	

	
    Current index:	49501	
    Magnitude of W_grad:	25.942354136904	
    Magnitude of W:	176219.79515995	
    Magnitude of B_grad:	0.12568714402666	
    Magnitude of b:	10.16876810168	

	
    Current index:	59501	
    Magnitude of W_grad:	19.834071291489	
    Magnitude of W:	176186.05838258	
    Magnitude of B_grad:	0.1081505255931	
    Magnitude of b:	10.224259545783	

	
    Current index:	69501	
    Magnitude of W_grad:	21.417634821027	
    Magnitude of W:	176150.91391733	
    Magnitude of B_grad:	0.088174942627959	
    Magnitude of b:	10.596629407357	

	
    Current index:	79501	
    Magnitude of W_grad:	22.190509373651	
    Magnitude of W:	176117.36147839	
    Magnitude of B_grad:	0.08579036355932	
    Magnitude of b:	10.461730661048	

	
    Current index:	89501	
    Magnitude of W_grad:	29.895571728632	
    Magnitude of W:	176084.55506132	
    Magnitude of B_grad:	0.12709224463747	
    Magnitude of b:	10.307179608579	

	
    Current index:	99501	
    Magnitude of W_grad:	24.779649960951	
    Magnitude of W:	176046.868982	
    Magnitude of B_grad:	0.14080171257413	
    Magnitude of b:	10.185718220253	

	
    Current index:	109501	
    Magnitude of W_grad:	21.087011591382	
    Magnitude of W:	176011.80258025	
    Magnitude of B_grad:	0.069602969829719	
    Magnitude of b:	10.439183821744	

	
    Current index:	119501	
    Magnitude of W_grad:	21.827124616203	
    Magnitude of W:	175974.57633807	
    Magnitude of B_grad:	0.19054756610493	
    Magnitude of b:	10.315933760752	

	
    Current index:	129501	
    Magnitude of W_grad:	21.02400654596	
    Magnitude of W:	175940.44053726	
    Magnitude of B_grad:	0.07147812571816	
    Magnitude of b:	10.286821193569	

	
    Current index:	139501	
    Magnitude of W_grad:	30.863553148809	
    Magnitude of W:	175904.49336322	
    Magnitude of B_grad:	0.17660044912252	
    Magnitude of b:	10.383899349183	

	
    Current index:	149501	
    Magnitude of W_grad:	21.681794670482	
    Magnitude of W:	175869.89870265	
    Magnitude of B_grad:	0.059433588650959	
    Magnitude of b:	10.512860719501	

	
SGD: Loss is	
	LOSS:Calculated softmax res	
355993.19131409	
SGD: crossEntropyLoss is	
355993.19131409	
SGD: Validation Accuracy is:	
0.32606721162579	
SGD: Magnitude of W:	
175846.47941911	
SGD: Magnitude of b:	
9.5979354637538	
    Current index:	9501	
    Magnitude of W_grad:	16.766369503814	
    Magnitude of W:	175814.24441085	
    Magnitude of B_grad:	0.093694156663357	
    Magnitude of b:	9.6040779066502	

	
    Current index:	19501	
    Magnitude of W_grad:	20.317092429905	
    Magnitude of W:	175780.01745984	
    Magnitude of B_grad:	0.11140562781197	
    Magnitude of b:	9.6374522517465	

	
    Current index:	29501	
    Magnitude of W_grad:	28.320284781939	
    Magnitude of W:	175748.12221205	
    Magnitude of B_grad:	0.025562578030473	
    Magnitude of b:	9.599784319382	

	
    Current index:	39501	
    Magnitude of W_grad:	22.836063026935	
    Magnitude of W:	175714.51609621	
    Magnitude of B_grad:	0.088807052863367	
    Magnitude of b:	9.9102128337374	

	
    Current index:	49501	
    Magnitude of W_grad:	25.405803163081	
    Magnitude of W:	175681.73485498	
    Magnitude of B_grad:	0.12334617416246	
    Magnitude of b:	10.096443481521	

	
    Current index:	59501	
    Magnitude of W_grad:	19.268773886164	
    Magnitude of W:	175648.67455346	
    Magnitude of B_grad:	0.10636226643469	
    Magnitude of b:	10.154217484233	

	
    Current index:	69501	
    Magnitude of W_grad:	20.921595478326	
    Magnitude of W:	175614.4317062	
    Magnitude of B_grad:	0.090227697359196	
    Magnitude of b:	10.523555670526	

	
    Current index:	79501	
    Magnitude of W_grad:	21.60277063758	
    Magnitude of W:	175581.49930476	
    Magnitude of B_grad:	0.088198993613317	
    Magnitude of b:	10.392708174268	

	
    Current index:	89501	
    Magnitude of W_grad:	28.980786760125	
    Magnitude of W:	175549.42355658	
    Magnitude of B_grad:	0.12372239432794	
    Magnitude of b:	10.237656193432	

	
    Current index:	99501	
    Magnitude of W_grad:	24.175964396155	
    Magnitude of W:	175512.55186071	
    Magnitude of B_grad:	0.1328044779751	
    Magnitude of b:	10.124362749517	

	
    Current index:	109501	
    Magnitude of W_grad:	20.690783101693	
    Magnitude of W:	175478.26638158	
    Magnitude of B_grad:	0.061792524844499	
    Magnitude of b:	10.383520025629	

	
    Current index:	119501	
    Magnitude of W_grad:	21.728371990074	
    Magnitude of W:	175441.80646129	
    Magnitude of B_grad:	0.19221021019196	
    Magnitude of b:	10.255226162135	

	
    Current index:	129501	
    Magnitude of W_grad:	20.610551794828	
    Magnitude of W:	175408.6117152	
    Magnitude of B_grad:	0.063849095283214	
    Magnitude of b:	10.244516006048	

	
    Current index:	139501	
    Magnitude of W_grad:	30.284930906199	
    Magnitude of W:	175373.65792724	
    Magnitude of B_grad:	0.16982331466228	
    Magnitude of b:	10.328838107245	

	
    Current index:	149501	
    Magnitude of W_grad:	21.316530900736	
    Magnitude of W:	175339.62828461	
    Magnitude of B_grad:	0.0607966741229	
    Magnitude of b:	10.452411770491	

	
SGD: Loss is	
	LOSS:Calculated softmax res	
348461.85426968	
SGD: crossEntropyLoss is	
348461.85427198	
SGD: Validation Accuracy is:	
0.32334241598547	
SGD: Magnitude of W:	
175316.74703973	
SGD: Magnitude of b:	
9.5449240949747	
    Current index:	9501	
    Magnitude of W_grad:	16.433253014877	
    Magnitude of W:	175285.34926669	
    Magnitude of B_grad:	0.090544607049416	
    Magnitude of b:	9.5434581210527	

	
    Current index:	19501	
    Magnitude of W_grad:	20.016771692443	
    Magnitude of W:	175251.99514263	
    Magnitude of B_grad:	0.11018785452468	
    Magnitude of b:	9.5706977662108	

	
    Current index:	29501	
    Magnitude of W_grad:	27.551294001944	
    Magnitude of W:	175220.72037944	
    Magnitude of B_grad:	0.024163852175429	
    Magnitude of b:	9.5425081839163	

	
    Current index:	39501	
    Magnitude of W_grad:	22.255796181313	
    Magnitude of W:	175187.92031831	
    Magnitude of B_grad:	0.083469247286367	
    Magnitude of b:	9.8475685362911	

	
    Current index:	49501	
    Magnitude of W_grad:	24.885441430303	
    Magnitude of W:	175155.94018467	
    Magnitude of B_grad:	0.12132850530829	
    Magnitude of b:	10.03104007519	

	
    Current index:	59501	
    Magnitude of W_grad:	18.755104521361	
    Magnitude of W:	175123.63644544	
    Magnitude of B_grad:	0.10422532699725	
    Magnitude of b:	10.090093118904	

	
    Current index:	69501	
    Magnitude of W_grad:	20.483314071192	
    Magnitude of W:	175090.10601074	
    Magnitude of B_grad:	0.090805839228259	
    Magnitude of b:	10.456017443098	

	
    Current index:	79501	
    Magnitude of W_grad:	21.08907031091	
    Magnitude of W:	175057.91271674	
    Magnitude of B_grad:	0.08942264251612	
    Magnitude of b:	10.329826667187	

	
    Current index:	89501	
    Magnitude of W_grad:	28.138612366055	
    Magnitude of W:	175026.57480143	
    Magnitude of B_grad:	0.12056113404835	
    Magnitude of b:	10.173285103682	

	
    Current index:	99501	
    Magnitude of W_grad:	23.598594446099	
    Magnitude of W:	174990.37980583	
    Magnitude of B_grad:	0.12510175704218	
    Magnitude of b:	10.068369894728	

	
    Current index:	109501	
    Magnitude of W_grad:	20.316496700394	
    Magnitude of W:	174956.97148579	
    Magnitude of B_grad:	0.054792750281889	
    Magnitude of b:	10.332718556294	

	
    Current index:	119501	
    Magnitude of W_grad:	21.670003184366	
    Magnitude of W:	174921.70487103	
    Magnitude of B_grad:	0.19298797867521	
    Magnitude of b:	10.200232275266	

	
    Current index:	129501	
    Magnitude of W_grad:	20.180761604736	
    Magnitude of W:	174889.00116978	
    Magnitude of B_grad:	0.057132194245203	
    Magnitude of b:	10.206047877873	

	
    Current index:	139501	
    Magnitude of W_grad:	29.642066409629	
    Magnitude of W:	174854.697126	
    Magnitude of B_grad:	0.16264333358927	
    Magnitude of b:	10.277745197984	

	
    Current index:	149501	
    Magnitude of W_grad:	20.978120420744	
    Magnitude of W:	174821.25923207	
    Magnitude of B_grad:	0.061870522671371	
    Magnitude of b:	10.396578909441	

	
SGD: Loss is	
	LOSS:Calculated softmax res	
341696.55491624	
SGD: crossEntropyLoss is	
341696.55491624	
SGD: Validation Accuracy is:	
0.32788374205268	
SGD: Magnitude of W:	
174798.73732864	
SGD: Magnitude of b:	
9.4963870773063	
    Current index:	9501	
    Magnitude of W_grad:	16.18231799448	
    Magnitude of W:	174768.11357674	
    Magnitude of B_grad:	0.08780075549476	
    Magnitude of b:	9.4884843501539	

	
    Current index:	19501	
    Magnitude of W_grad:	19.692638306601	
    Magnitude of W:	174735.61280184	
    Magnitude of B_grad:	0.10900915662523	
    Magnitude of b:	9.5102604348724	

	
    Current index:	29501	
    Magnitude of W_grad:	26.806473454195	
    Magnitude of W:	174705.04867624	
    Magnitude of B_grad:	0.0220142277666	
    Magnitude of b:	9.4903283580365	

	
    Current index:	39501	
    Magnitude of W_grad:	21.767963089659	
    Magnitude of W:	174672.78780569	
    Magnitude of B_grad:	0.079114071850708	
    Magnitude of b:	9.7899452015154	

	
    Current index:	49501	
    Magnitude of W_grad:	24.383479136507	
    Magnitude of W:	174641.70824333	
    Magnitude of B_grad:	0.11956149917377	
    Magnitude of b:	9.9716159757662	

	
    Current index:	59501	
    Magnitude of W_grad:	18.291468852171	
    Magnitude of W:	174610.03966263	
    Magnitude of B_grad:	0.10172836341847	
    Magnitude of b:	10.031277199793	

	
    Current index:	69501	
    Magnitude of W_grad:	20.103514140123	
    Magnitude of W:	174577.18467693	
    Magnitude of B_grad:	0.090399318760698	
    Magnitude of b:	10.393418319695	

	
    Current index:	79501	
    Magnitude of W_grad:	20.647312368085	
    Magnitude of W:	174545.58227548	
    Magnitude of B_grad:	0.089707020083513	
    Magnitude of b:	10.272172347212	

	
    Current index:	89501	
    Magnitude of W_grad:	27.340068517826	
    Magnitude of W:	174514.74163873	
    Magnitude of B_grad:	0.11748596191633	
    Magnitude of b:	10.113851691032	

	
    Current index:	99501	
    Magnitude of W_grad:	23.053059224772	
    Magnitude of W:	174479.33078882	
    Magnitude of B_grad:	0.11778440850287	
    Magnitude of b:	10.016841546687	

	
    Current index:	109501	
    Magnitude of W_grad:	19.946782007889	
    Magnitude of W:	174446.5223958	
    Magnitude of B_grad:	0.048450705371887	
    Magnitude of b:	10.285354802826	

	
    Current index:	119501	
    Magnitude of W_grad:	21.57816116488	
    Magnitude of W:	174412.17871827	
    Magnitude of B_grad:	0.19328828419006	
    Magnitude of b:	10.149739385333	

	
    Current index:	129501	
    Magnitude of W_grad:	19.738996627189	
    Magnitude of W:	174380.07658721	
    Magnitude of B_grad:	0.051218022885082	
    Magnitude of b:	10.170142148993	

	
    Current index:	139501	
    Magnitude of W_grad:	28.97099003425	
    Magnitude of W:	174346.4042375	
    Magnitude of B_grad:	0.15555224735015	
    Magnitude of b:	10.229327589307	

	
    Current index:	149501	
    Magnitude of W_grad:	20.658631788516	
    Magnitude of W:	174313.51971837	
    Magnitude of B_grad:	0.062626380657351	
    Magnitude of b:	10.344424671477	

	
SGD: Loss is	
	LOSS:Calculated softmax res	
335567.27915296	
SGD: crossEntropyLoss is	
335567.27915296	
SGD: Validation Accuracy is:	
0.33878292461399	
SGD: Magnitude of W:	
174291.58330067	
SGD: Magnitude of b:	
9.451902124863	
    Current index:	9501	
    Magnitude of W_grad:	15.97751426184	
    Magnitude of W:	174261.75345302	
    Magnitude of B_grad:	0.085347297340578	
    Magnitude of b:	9.4384056072603	

	
    Current index:	19501	
    Magnitude of W_grad:	19.358575248102	
    Magnitude of W:	174230.013005	
    Magnitude of B_grad:	0.10782665274065	
    Magnitude of b:	9.4553463593641	

	
    Current index:	29501	
    Magnitude of W_grad:	26.103934038186	
    Magnitude of W:	174200.02758426	
    Magnitude of B_grad:	0.019477477436178	
    Magnitude of b:	9.4422855732319	

	
    Current index:	39501	
    Magnitude of W_grad:	21.309963016492	
    Magnitude of W:	174168.33806563	
    Magnitude of B_grad:	0.075857128465966	
    Magnitude of b:	9.7368247826564	

	
    Current index:	49501	
    Magnitude of W_grad:	23.900128437036	
    Magnitude of W:	174137.94373928	
    Magnitude of B_grad:	0.11796595084648	
    Magnitude of b:	9.9170905368781	

	
    Current index:	59501	
    Magnitude of W_grad:	17.866575092321	
    Magnitude of W:	174106.8459786	
    Magnitude of B_grad:	0.098905312084866	
    Magnitude of b:	9.9770000379396	

	
    Current index:	69501	
    Magnitude of W_grad:	19.760672767841	
    Magnitude of W:	174074.66124674	
    Magnitude of B_grad:	0.089361978418645	
    Magnitude of b:	10.335112808276	

	
    Current index:	79501	
    Magnitude of W_grad:	20.251946459939	
    Magnitude of W:	174043.2894653	
    Magnitude of B_grad:	0.092927491571673	
    Magnitude of b:	10.218922336595	

	
    Current index:	89501	
    Magnitude of W_grad:	26.580475128305	
    Magnitude of W:	174013.07091897	
    Magnitude of B_grad:	0.1144678412948	
    Magnitude of b:	10.058673891445	

	
    Current index:	99501	
    Magnitude of W_grad:	22.536306738947	
    Magnitude of W:	173978.39134742	
    Magnitude of B_grad:	0.11093879897033	
    Magnitude of b:	9.9690442779819	

	
    Current index:	109501	
    Magnitude of W_grad:	19.612007698984	
    Magnitude of W:	173946.21155145	
    Magnitude of B_grad:	0.042767521126444	
    Magnitude of b:	10.240553467213	

	
    Current index:	119501	
    Magnitude of W_grad:	21.440556986667	
    Magnitude of W:	173912.77049172	
    Magnitude of B_grad:	0.19329514494343	
    Magnitude of b:	10.102735584198	

	
    Current index:	129501	
    Magnitude of W_grad:	19.298241312522	
    Magnitude of W:	173881.17533767	
    Magnitude of B_grad:	0.045936272256247	
    Magnitude of b:	10.135946438738	

	
    Current index:	139501	
    Magnitude of W_grad:	28.304590143737	
    Magnitude of W:	173848.21019634	
    Magnitude of B_grad:	0.14886629223644	
    Magnitude of b:	10.182736366713	

	
    Current index:	149501	
    Magnitude of W_grad:	20.36536124585	
    Magnitude of W:	173815.68290133	
    Magnitude of B_grad:	0.063101032766367	
    Magnitude of b:	10.295296486036	

	
SGD: Loss is	
	LOSS:Calculated softmax res	
329973.78759586	
SGD: crossEntropyLoss is	
329973.78759639	
SGD: Validation Accuracy is:	
0.33787465940054	
SGD: Magnitude of W:	
173794.25866213	
SGD: Magnitude of b:	
9.4108617140139	
    Current index:	9501	
    Magnitude of W_grad:	15.811700897515	
    Magnitude of W:	173765.00067209	
    Magnitude of B_grad:	0.083141075630863	
    Magnitude of b:	9.3922756580787	

	
    Current index:	19501	
    Magnitude of W_grad:	19.023267563461	
    Magnitude of W:	173733.64151655	
    Magnitude of B_grad:	0.10657605945207	
    Magnitude of b:	9.4050147877607	

	
    Current index:	29501	
    Magnitude of W_grad:	25.446146018996	
    Magnitude of W:	173704.11587799	
    Magnitude of B_grad:	0.018255128034483	
    Magnitude of b:	9.3975010829384	

	
    Current index:	39501	
    Magnitude of W_grad:	20.86648277928	
    Magnitude of W:	173672.84737349	
    Magnitude of B_grad:	0.074110506247559	
    Magnitude of b:	9.6873922338855	

	
    Current index:	49501	
    Magnitude of W_grad:	23.42615322849	
    Magnitude of W:	173643.13361211	
    Magnitude of B_grad:	0.1164744115715	
    Magnitude of b:	9.8663325292162	

	
    Current index:	59501	
    Magnitude of W_grad:	17.458841550123	
    Magnitude of W:	173612.64353207	
    Magnitude of B_grad:	0.095883490483995	
    Magnitude of b:	9.9262049316382	

	
    Current index:	69501	
    Magnitude of W_grad:	19.425132302973	
    Magnitude of W:	173580.98171753	
    Magnitude of B_grad:	0.087910408276381	
    Magnitude of b:	10.2803678963	

	
    Current index:	79501	
    Magnitude of W_grad:	19.891889867354	
    Magnitude of W:	173549.86067399	
    Magnitude of B_grad:	0.095468651769835	
    Magnitude of b:	10.169250148548	

	
    Current index:	89501	
    Magnitude of W_grad:	25.877412533081	
    Magnitude of W:	173520.4588706	
    Magnitude of B_grad:	0.11154230415561	
    Magnitude of b:	10.006985861957	

	
    Current index:	99501	
    Magnitude of W_grad:	22.059174381967	
    Magnitude of W:	173486.67218965	
    Magnitude of B_grad:	0.10463170215133	
    Magnitude of b:	9.9243340789148	

	
    Current index:	109501	
    Magnitude of W_grad:	19.301970055151	
    Magnitude of W:	173455.09669043	
    Magnitude of B_grad:	0.037776875850442	
    Magnitude of b:	10.197780406445	

	
    Current index:	119501	
    Magnitude of W_grad:	21.26375722765	
    Magnitude of W:	173422.37613222	
    Magnitude of B_grad:	0.19302308144701	
    Magnitude of b:	10.058534892829	

	
    Current index:	129501	
    Magnitude of W_grad:	18.868053013249	
    Magnitude of W:	173391.39033069	
    Magnitude of B_grad:	0.041168076590928	
    Magnitude of b:	10.10311867762	

	
    Current index:	139501	
    Magnitude of W_grad:	27.655179344109	
    Magnitude of W:	173358.90080254	
    Magnitude of B_grad:	0.14263002754213	
    Magnitude of b:	10.137875470791	

	
    Current index:	149501	
    Magnitude of W_grad:	20.087130874257	
    Magnitude of W:	173326.81104648	
    Magnitude of B_grad:	0.063339994999628	
    Magnitude of b:	10.24893069587	

	
SGD: Loss is	
	LOSS:Calculated softmax res	
324837.44923306	
SGD: crossEntropyLoss is	
324837.44923306	
SGD: Validation Accuracy is:	
0.33969118982743	
SGD: Magnitude of W:	
173305.71735519	
SGD: Magnitude of b:	
9.372788429901	
    Current index:	9501	
    Magnitude of W_grad:	15.694050295348	
    Magnitude of W:	173277.06384058	
    Magnitude of B_grad:	0.081156064633979	
    Magnitude of b:	9.3494423305782	

	
    Current index:	19501	
    Magnitude of W_grad:	18.707528808731	
    Magnitude of W:	173246.34814997	
    Magnitude of B_grad:	0.10519659286645	
    Magnitude of b:	9.3586244583752	

	
    Current index:	29501	
    Magnitude of W_grad:	24.826095073261	
    Magnitude of W:	173217.25602702	
    Magnitude of B_grad:	0.018683003377611	
    Magnitude of b:	9.3555348070735	

	
    Current index:	39501	
    Magnitude of W_grad:	20.432742507529	
    Magnitude of W:	173186.5711403	
    Magnitude of B_grad:	0.072716719224391	
    Magnitude of b:	9.6410338956471	

	
    Current index:	49501	
    Magnitude of W_grad:	22.97660008775	
    Magnitude of W:	173157.49772739	
    Magnitude of B_grad:	0.11504138830746	
    Magnitude of b:	9.8186545432553	

	
    Current index:	59501	
    Magnitude of W_grad:	17.066996011188	
    Magnitude of W:	173127.45616889	
    Magnitude of B_grad:	0.092768814442693	
    Magnitude of b:	9.8782066613415	

	
    Current index:	69501	
    Magnitude of W_grad:	19.113180499853	
    Magnitude of W:	173096.34471944	
    Magnitude of B_grad:	0.086184569831563	
    Magnitude of b:	10.228693072422	

	
    Current index:	79501	
    Magnitude of W_grad:	19.576012345016	
    Magnitude of W:	173065.69701738	
    Magnitude of B_grad:	0.097431129571107	
    Magnitude of b:	10.122637506855	

	
    Current index:	89501	
    Magnitude of W_grad:	25.22703360082	
    Magnitude of W:	173036.86037842	
    Magnitude of B_grad:	0.1087481303253	
    Magnitude of b:	9.9583832350525	

	
    Current index:	99501	
    Magnitude of W_grad:	21.623341340715	
    Magnitude of W:	173003.71227575	
    Magnitude of B_grad:	0.098859659855638	
    Magnitude of b:	9.8822881569046	

	
    Current index:	109501	
    Magnitude of W_grad:	19.013012871225	
    Magnitude of W:	172972.7459504	
    Magnitude of B_grad:	0.033467047599898	
    Magnitude of b:	10.156844433804	

	
    Current index:	119501	
    Magnitude of W_grad:	21.068837472855	
    Magnitude of W:	172940.62813314	
    Magnitude of B_grad:	0.19243721532321	
    Magnitude of b:	10.016782461021	

	
    Current index:	129501	
    Magnitude of W_grad:	18.45128903998	
    Magnitude of W:	172910.01713507	
    Magnitude of B_grad:	0.036918073799037	
    Magnitude of b:	10.071566940859	

	
    Current index:	139501	
    Magnitude of W_grad:	27.028932994756	
    Magnitude of W:	172878.13215768	
    Magnitude of B_grad:	0.13684555553353	
    Magnitude of b:	10.0950637474	

	
    Current index:	149501	
    Magnitude of W_grad:	19.820504893957	
    Magnitude of W:	172846.52155468	
    Magnitude of B_grad:	0.063386479950434	
    Magnitude of b:	10.205362561104	

	
SGD: Loss is	
	LOSS:Calculated softmax res	
320096.27486993	
SGD: crossEntropyLoss is	
320096.27486993	
SGD: Validation Accuracy is:	
0.34059945504087	
SGD: Magnitude of W:	
172825.84130324	
SGD: Magnitude of b:	
9.3374702143953	
    Current index:	9501	
    Magnitude of W_grad:	15.594502273565	
    Magnitude of W:	172797.64337186	
    Magnitude of B_grad:	0.079379668950219	
    Magnitude of b:	9.3095991675603	

	
    Current index:	19501	
    Magnitude of W_grad:	18.401777461168	
    Magnitude of W:	172767.47081049	
    Magnitude of B_grad:	0.10380863339552	
    Magnitude of b:	9.315737737687	

	
    Current index:	29501	
    Magnitude of W_grad:	24.256898056104	
    Magnitude of W:	172738.8167155	
    Magnitude of B_grad:	0.019101778623626	
    Magnitude of b:	9.3162188976699	

	
    Current index:	39501	
    Magnitude of W_grad:	20.013659614881	
    Magnitude of W:	172708.65792256	
    Magnitude of B_grad:	0.071548544929118	
    Magnitude of b:	9.597382633813	

	
    Current index:	49501	
    Magnitude of W_grad:	22.529095991753	
    Magnitude of W:	172680.23837138	
    Magnitude of B_grad:	0.11365134884097	
    Magnitude of b:	9.7736773338519	

	
    Current index:	59501	
    Magnitude of W_grad:	16.69116626288	
    Magnitude of W:	172650.69024312	
    Magnitude of B_grad:	0.089624241197254	
    Magnitude of b:	9.8327050185314	

	
    Current index:	69501	
    Magnitude of W_grad:	18.817639989621	
    Magnitude of W:	172619.86207889	
    Magnitude of B_grad:	0.084295403258591	
    Magnitude of b:	10.179788082021	

	
    Current index:	79501	
    Magnitude of W_grad:	19.300119316587	
    Magnitude of W:	172589.73579361	
    Magnitude of B_grad:	0.098922797027971	
    Magnitude of b:	10.078850834561	

	
    Current index:	89501	
    Magnitude of W_grad:	24.63305802646	
    Magnitude of W:	172561.41126449	
    Magnitude of B_grad:	0.10610761489848	
    Magnitude of b:	9.9127558955633	

	
    Current index:	99501	
    Magnitude of W_grad:	21.237472579278	
    Magnitude of W:	172528.72736832	
    Magnitude of B_grad:	0.093582939758419	
    Magnitude of b:	9.8426263540682	

	
    Current index:	109501	
    Magnitude of W_grad:	18.735460269194	
    Magnitude of W:	172498.13937216	
    Magnitude of B_grad:	0.029782262244525	
    Magnitude of b:	10.117753220251	

	
    Current index:	119501	
    Magnitude of W_grad:	20.894895954087	
    Magnitude of W:	172466.72558163	
    Magnitude of B_grad:	0.19152897842054	
    Magnitude of b:	9.9772919814643	

	
    Current index:	129501	
    Magnitude of W_grad:	18.065837223626	
    Magnitude of W:	172436.47084875	
    Magnitude of B_grad:	0.035287334933677	
    Magnitude of b:	10.041239319503	

	
    Current index:	139501	
    Magnitude of W_grad:	26.432150265926	
    Magnitude of W:	172404.97725647	
    Magnitude of B_grad:	0.13156186174832	
    Magnitude of b:	10.054625264898	

	
    Current index:	149501	
    Magnitude of W_grad:	19.590773258169	
    Magnitude of W:	172373.91350583	
    Magnitude of B_grad:	0.063277923176099	
    Magnitude of b:	10.164628160173	

	
SGD: Loss is	
	LOSS:Calculated softmax res	
315699.26550355	
SGD: crossEntropyLoss is	
315699.26550355	
SGD: Validation Accuracy is:	
0.3433242506812	
SGD: Magnitude of W:	
172353.60740966	
SGD: Magnitude of b:	
9.3047912245624	
    Current index:	9501	
    Magnitude of W_grad:	15.504892729817	
    Magnitude of W:	172325.83222313	
    Magnitude of B_grad:	0.077792834014632	
    Magnitude of b:	9.2725702667925	

	
    Current index:	19501	
    Magnitude of W_grad:	18.097168247789	
    Magnitude of W:	172296.02436632	
    Magnitude of B_grad:	0.10231317023591	
    Magnitude of b:	9.2759596270823	

	
    Current index:	29501	
    Magnitude of W_grad:	23.738498396316	
    Magnitude of W:	172267.74457007	
    Magnitude of B_grad:	0.019424017577786	
    Magnitude of b:	9.2794492264418	

	
    Current index:	39501	
    Magnitude of W_grad:	19.616343326984	
    Magnitude of W:	172238.13711334	
    Magnitude of B_grad:	0.070529136581723	
    Magnitude of b:	9.5561973123045	

	
    Current index:	49501	
    Magnitude of W_grad:	22.072668589944	
    Magnitude of W:	172210.26679736	
    Magnitude of B_grad:	0.1123095356895	
    Magnitude of b:	9.7311188975768	

	
    Current index:	59501	
    Magnitude of W_grad:	16.341568440669	
    Magnitude of W:	172181.25834649	
    Magnitude of B_grad:	0.086513445881853	
    Magnitude of b:	9.7895391825281	

	
    Current index:	69501	
    Magnitude of W_grad:	18.539477726058	
    Magnitude of W:	172150.73545752	
    Magnitude of B_grad:	0.082332786295367	
    Magnitude of b:	10.133410529823	

	
    Current index:	79501	
    Magnitude of W_grad:	19.034393826712	
    Magnitude of W:	172120.97536026	
    Magnitude of B_grad:	0.1000413369483	
    Magnitude of b:	10.037785011268	

	
    Current index:	89501	
    Magnitude of W_grad:	24.074928871618	
    Magnitude of W:	172093.07237126	
    Magnitude of B_grad:	0.10364986136835	
    Magnitude of b:	9.870058136545	

	
    Current index:	99501	
    Magnitude of W_grad:	20.890336563117	
    Magnitude of W:	172060.93723029	
    Magnitude of B_grad:	0.088750161934579	
    Magnitude of b:	9.805133293491	

	
    Current index:	109501	
    Magnitude of W_grad:	18.467297829132	
    Magnitude of W:	172030.74852928	
    Magnitude of B_grad:	0.027346961982555	
    Magnitude of b:	10.080560044762	

	
    Current index:	119501	
    Magnitude of W_grad:	20.730732228853	
    Magnitude of W:	172000.00392022	
    Magnitude of B_grad:	0.19031821110827	
    Magnitude of b:	9.9399031780533	

	
    Current index:	129501	
    Magnitude of W_grad:	17.731451873895	
    Magnitude of W:	171970.09136716	
    Magnitude of B_grad:	0.035162409994708	
    Magnitude of b:	10.012071265192	

	
    Current index:	139501	
    Magnitude of W_grad:	25.882253009034	
    Magnitude of W:	171939.15237896	
    Magnitude of B_grad:	0.12683085383415	
    Magnitude of b:	10.016715918499	

	
    Current index:	149501	
    Magnitude of W_grad:	19.373141423294	
    Magnitude of W:	171908.67108888	
    Magnitude of B_grad:	0.063047783057818	
    Magnitude of b:	10.12660106501	

	
SGD: Loss is	
	LOSS:Calculated softmax res	
311602.85072121	
SGD: crossEntropyLoss is	
311602.85072121	
SGD: Validation Accuracy is:	
0.34241598546776	
SGD: Magnitude of W:	
171888.67500378	
SGD: Magnitude of b:	
9.274580399508	
    Current index:	9501	
    Magnitude of W_grad:	15.439225732207	
    Magnitude of W:	171861.49954324	
    Magnitude of B_grad:	0.076449852871315	
    Magnitude of b:	9.2381046461782	

	
    Current index:	19501	
    Magnitude of W_grad:	17.789214672732	
    Magnitude of W:	171832.20078928	
    Magnitude of B_grad:	0.10068292266954	
    Magnitude of b:	9.2389271295264	

	
    Current index:	29501	
    Magnitude of W_grad:	23.282219558587	
    Magnitude of W:	171804.26058794	
    Magnitude of B_grad:	0.020192413718094	
    Magnitude of b:	9.2450664489087	

	
    Current index:	39501	
    Magnitude of W_grad:	19.232407422373	
    Magnitude of W:	171775.1943989	
    Magnitude of B_grad:	0.06963532419547	
    Magnitude of b:	9.5172961421172	

	
    Current index:	49501	
    Magnitude of W_grad:	21.622074746892	
    Magnitude of W:	171747.68599038	
    Magnitude of B_grad:	0.11102342293312	
    Magnitude of b:	9.6907220288935	

	
    Current index:	59501	
    Magnitude of W_grad:	16.01257863007	
    Magnitude of W:	171719.22338947	
    Magnitude of B_grad:	0.083501718973995	
    Magnitude of b:	9.7485552000639	

	
    Current index:	69501	
    Magnitude of W_grad:	18.271642321775	
    Magnitude of W:	171689.09179124	
    Magnitude of B_grad:	0.080363621942168	
    Magnitude of b:	10.089335148309	

	
    Current index:	79501	
    Magnitude of W_grad:	18.777876003515	
    Magnitude of W:	171659.77533257	
    Magnitude of B_grad:	0.10083875551247	
    Magnitude of b:	9.9992616548953	

	
    Current index:	89501	
    Magnitude of W_grad:	23.541811330965	
    Magnitude of W:	171632.19434455	
    Magnitude of B_grad:	0.1014208642633	
    Magnitude of b:	9.8301631566645	

	
    Current index:	99501	
    Magnitude of W_grad:	20.554996216693	
    Magnitude of W:	171600.58980686	
    Magnitude of B_grad:	0.08429260275004	
    Magnitude of b:	9.7696316953045	

	
    Current index:	109501	
    Magnitude of W_grad:	18.207742615546	
    Magnitude of W:	171570.69234575	
    Magnitude of B_grad:	0.026367652029909	
    Magnitude of b:	10.045171063432	

	
    Current index:	119501	
    Magnitude of W_grad:	20.54738449464	
    Magnitude of W:	171540.42051164	
    Magnitude of B_grad:	0.1888209781354	
    Magnitude of b:	9.9044315909023	

	
    Current index:	129501	
    Magnitude of W_grad:	17.43871045986	
    Magnitude of W:	171510.88143372	
    Magnitude of B_grad:	0.035197005147812	
    Magnitude of b:	9.9839663147205	

	
    Current index:	139501	
    Magnitude of W_grad:	25.367505216033	
    Magnitude of W:	171480.38876893	
    Magnitude of B_grad:	0.12264787687841	
    Magnitude of b:	9.9812814224463	

	
    Current index:	149501	
    Magnitude of W_grad:	19.161567281059	
    Magnitude of W:	171450.27763708	
    Magnitude of B_grad:	0.062726731434579	
    Magnitude of b:	10.09102379071	

	
SGD: Loss is	
	LOSS:Calculated softmax res	
307770.11283025	
SGD: crossEntropyLoss is	
307770.11283034	
SGD: Validation Accuracy is:	
0.3433242506812	
SGD: Magnitude of W:	
171430.60917106	
SGD: Magnitude of b:	
9.2465871869419	
    Current index:	9501	
    Magnitude of W_grad:	15.376708832006	
    Magnitude of W:	171403.85416692	
    Magnitude of B_grad:	0.075297428077993	
    Magnitude of b:	9.2060045332283	

	
    Current index:	19501	
    Magnitude of W_grad:	17.481818195259	
    Magnitude of W:	171374.99925173	
    Magnitude of B_grad:	0.098977923275926	
    Magnitude of b:	9.204397337296	

	
    Current index:	29501	
    Magnitude of W_grad:	22.855779236522	
    Magnitude of W:	171347.37786726	
    Magnitude of B_grad:	0.022882117746392	
    Magnitude of b:	9.2129322220156	

	
    Current index:	39501	
    Magnitude of W_grad:	18.861882964448	
    Magnitude of W:	171318.74467843	
    Magnitude of B_grad:	0.068874745268912	
    Magnitude of b:	9.4805654384257	

	
    Current index:	49501	
    Magnitude of W_grad:	21.167172693443	
    Magnitude of W:	171291.43582661	
    Magnitude of B_grad:	0.1097917553788	
    Magnitude of b:	9.6522855090949	

	
    Current index:	59501	
    Magnitude of W_grad:	15.704186880331	
    Magnitude of W:	171263.29713663	
    Magnitude of B_grad:	0.080635589507204	
    Magnitude of b:	9.7096051265699	

	
    Current index:	69501	
    Magnitude of W_grad:	18.015115787241	
    Magnitude of W:	171233.60458753	
    Magnitude of B_grad:	0.078441003279028	
    Magnitude of b:	10.047383556539	

	
    Current index:	79501	
    Magnitude of W_grad:	18.529346961793	
    Magnitude of W:	171204.57146616	
    Magnitude of B_grad:	0.10129808721034	
    Magnitude of b:	9.9629356888707	

	
    Current index:	89501	
    Magnitude of W_grad:	23.037605500926	
    Magnitude of W:	171177.35582741	
    Magnitude of B_grad:	0.099456318712377	
    Magnitude of b:	9.7928538308214	

	
    Current index:	99501	
    Magnitude of W_grad:	20.231048961856	
    Magnitude of W:	171146.16998844	
    Magnitude of B_grad:	0.080125250186852	
    Magnitude of b:	9.735964703853	

	
    Current index:	109501	
    Magnitude of W_grad:	17.955314199258	
    Magnitude of W:	171116.52599289	
    Magnitude of B_grad:	0.025566075887963	
    Magnitude of b:	10.011348494602	

	
    Current index:	119501	
    Magnitude of W_grad:	20.345153253389	
    Magnitude of W:	171086.6696085	
    Magnitude of B_grad:	0.18704427653668	
    Magnitude of b:	9.870717119832	

	
    Current index:	129501	
    Magnitude of W_grad:	17.185834899786	
    Magnitude of W:	171057.50291154	
    Magnitude of B_grad:	0.035364207751894	
    Magnitude of b:	9.9568376500229	

	
    Current index:	139501	
    Magnitude of W_grad:	24.891834868127	
    Magnitude of W:	171027.38805088	
    Magnitude of B_grad:	0.11893579226075	
    Magnitude of b:	9.9481205472691	

	
    Current index:	149501	
    Magnitude of W_grad:	18.966022169387	
    Magnitude of W:	170997.6019362	
    Magnitude of B_grad:	0.06234473989676	
    Magnitude of b:	10.057606736567	

	
SGD: Loss is	
	LOSS:Calculated softmax res	
304170.29086923	
SGD: crossEntropyLoss is	
304170.29086923	
SGD: Validation Accuracy is:	
0.34786557674841	
SGD: Magnitude of W:	
170978.2371024	
SGD: Magnitude of b:	
9.2205402534129	
    Current index:	9501	
    Magnitude of W_grad:	15.313464617441	
    Magnitude of W:	170951.89035149	
    Magnitude of B_grad:	0.074296576000226	
    Magnitude of b:	9.1760404524725	

	
    Current index:	19501	
    Magnitude of W_grad:	17.181404699886	
    Magnitude of W:	170923.45413527	
    Magnitude of B_grad:	0.09727023720332	
    Magnitude of b:	9.172144857503	

	
    Current index:	29501	
    Magnitude of W_grad:	22.448347873364	
    Magnitude of W:	170896.12888651	
    Magnitude of B_grad:	0.025273623228051	
    Magnitude of b:	9.1829050697195	

	
    Current index:	39501	
    Magnitude of W_grad:	18.512629783896	
    Magnitude of W:	170867.89167077	
    Magnitude of B_grad:	0.068258937692671	
    Magnitude of b:	9.4458848327321	

	
    Current index:	49501	
    Magnitude of W_grad:	20.731935497317	
    Magnitude of W:	170840.86401645	
    Magnitude of B_grad:	0.1086062108044	
    Magnitude of b:	9.6156514503467	

	
    Current index:	59501	
    Magnitude of W_grad:	15.412306356242	
    Magnitude of W:	170813.09189818	
    Magnitude of B_grad:	0.077937181813161	
    Magnitude of b:	9.6725414456821	

	
    Current index:	69501	
    Magnitude of W_grad:	17.772863848249	
    Magnitude of W:	170783.64443004	
    Magnitude of B_grad:	0.07662137557969	
    Magnitude of b:	10.007416246432	

	
    Current index:	79501	
    Magnitude of W_grad:	18.28085193909	
    Magnitude of W:	170754.98801521	
    Magnitude of B_grad:	0.10137083154537	
    Magnitude of b:	9.9284711869823	

	
    Current index:	89501	
    Magnitude of W_grad:	22.56746038036	
    Magnitude of W:	170728.18956522	
    Magnitude of B_grad:	0.097758758609226	
    Magnitude of b:	9.7578814175746	

	
    Current index:	99501	
    Magnitude of W_grad:	19.916427220621	
    Magnitude of W:	170697.46457081	
    Magnitude of B_grad:	0.076178767538693	
    Magnitude of b:	9.7039756979168	

	
    Current index:	109501	
    Magnitude of W_grad:	17.709443320856	
    Magnitude of W:	170667.94967523	
    Magnitude of B_grad:	0.024907317366464	
    Magnitude of b:	9.9789327990388	

	
    Current index:	119501	
    Magnitude of W_grad:	20.133029234504	
    Magnitude of W:	170638.61516631	
    Magnitude of B_grad:	0.18502006005294	
    Magnitude of b:	9.8386435766671	

	
    Current index:	129501	
    Magnitude of W_grad:	16.950634799152	
    Magnitude of W:	170609.80707836	
    Magnitude of B_grad:	0.035647145886015	
    Magnitude of b:	9.9306288238726	

	
    Current index:	139501	
    Magnitude of W_grad:	24.445581635471	
    Magnitude of W:	170580.11267619	
    Magnitude of B_grad:	0.1155866434289	
    Magnitude of b:	9.9170158212536	

	
    Current index:	149501	
    Magnitude of W_grad:	18.783366300936	
    Magnitude of W:	170550.6443756	
    Magnitude of B_grad:	0.061926108111613	
    Magnitude of b:	10.026103946397	

	
SGD: Loss is	
	LOSS:Calculated softmax res	
300777.77343407	
SGD: crossEntropyLoss is	
300777.77343407	
SGD: Validation Accuracy is:	
0.3496821071753	
SGD: Magnitude of W:	
170531.5425153	
SGD: Magnitude of b:	
9.1962108716862	
    Current index:	9501	
    Magnitude of W_grad:	15.249506048084	
    Magnitude of W:	170505.59823406	
    Magnitude of B_grad:	0.07342458143485	
    Magnitude of b:	9.1479464964969	

	
    Current index:	19501	
    Magnitude of W_grad:	16.901332721718	
    Magnitude of W:	170477.50855332	
    Magnitude of B_grad:	0.095649106938532	
    Magnitude of b:	9.1419449371075	

	
    Current index:	29501	
    Magnitude of W_grad:	22.057403362698	
    Magnitude of W:	170450.41317781	
    Magnitude of B_grad:	0.027378331957478	
    Magnitude of b:	9.1548018968075	

	
    Current index:	39501	
    Magnitude of W_grad:	18.180932604843	
    Magnitude of W:	170422.45559987	
    Magnitude of B_grad:	0.067789710886736	
    Magnitude of b:	9.4130939517542	

	
    Current index:	49501	
    Magnitude of W_grad:	20.313908371947	
    Magnitude of W:	170395.76698512	
    Magnitude of B_grad:	0.10745130392898	
    Magnitude of b:	9.5806922079056	

	
    Current index:	59501	
    Magnitude of W_grad:	15.136119241307	
    Magnitude of W:	170368.34116118	
    Magnitude of B_grad:	0.075412078347583	
    Magnitude of b:	9.637214345794	

	
    Current index:	69501	
    Magnitude of W_grad:	17.540950948522	
    Magnitude of W:	170339.22681139	
    Magnitude of B_grad:	0.074968226064408	
    Magnitude of b:	9.9693076999881	

	
    Current index:	79501	
    Magnitude of W_grad:	18.033033054662	
    Magnitude of W:	170310.90155562	
    Magnitude of B_grad:	0.10109518988912	
    Magnitude of b:	9.8956974600253	

	
    Current index:	89501	
    Magnitude of W_grad:	22.128294249261	
    Magnitude of W:	170284.52256591	
    Magnitude of B_grad:	0.09629713241672	
    Magnitude of b:	9.7250066167039	

	
    Current index:	99501	
    Magnitude of W_grad:	19.614020709649	
    Magnitude of W:	170254.21782737	
    Magnitude of B_grad:	0.072427682153652	
    Magnitude of b:	9.6735012341984	

	
    Current index:	109501	
    Magnitude of W_grad:	17.480976291092	
    Magnitude of W:	170224.92818891	
    Magnitude of B_grad:	0.024360375019256	
    Magnitude of b:	9.9478334384649	

	
    Current index:	119501	
    Magnitude of W_grad:	19.913020628657	
    Magnitude of W:	170196.00241401	
    Magnitude of B_grad:	0.18280108314926	
    Magnitude of b:	9.8081032052421	

	
    Current index:	129501	
    Magnitude of W_grad:	16.737297120685	
    Magnitude of W:	170167.56341722	
    Magnitude of B_grad:	0.036032418927483	
    Magnitude of b:	9.9052948755268	

	
    Current index:	139501	
    Magnitude of W_grad:	24.034235987388	
    Magnitude of W:	170138.15186254	
    Magnitude of B_grad:	0.11249534806075	
    Magnitude of b:	9.8877774677051	

	
    Current index:	149501	
    Magnitude of W_grad:	18.602809439725	
    Magnitude of W:	170109.11484798	
    Magnitude of B_grad:	0.061485559272681	
    Magnitude of b:	9.9963274338954	

	
SGD: Loss is	
	LOSS:Calculated softmax res	
297571.01723984	
SGD: crossEntropyLoss is	
297571.01731623	
SGD: Validation Accuracy is:	
0.34877384196185	
SGD: Magnitude of W:	
170090.34083346	
SGD: Magnitude of b:	
9.173426200743	
    Current index:	9501	
    Magnitude of W_grad:	15.182405179409	
    Magnitude of W:	170064.67969643	
    Magnitude of B_grad:	0.07268034095073	
    Magnitude of b:	9.1215129324002	

	
    Current index:	19501	
    Magnitude of W_grad:	16.631468437646	
    Magnitude of W:	170036.95085217	
    Magnitude of B_grad:	0.094162757717417	
    Magnitude of b:	9.113621098868	

	
    Current index:	29501	
    Magnitude of W_grad:	21.691517629702	
    Magnitude of W:	170010.14474001	
    Magnitude of B_grad:	0.029206510375034	
    Magnitude of b:	9.1284310605459	

	
    Current index:	39501	
    Magnitude of W_grad:	17.863599785136	
    Magnitude of W:	169982.50203279	
    Magnitude of B_grad:	0.067456741049313	
    Magnitude of b:	9.3820160784177	

	
    Current index:	49501	
    Magnitude of W_grad:	19.904755679563	
    Magnitude of W:	169956.08169604	
    Magnitude of B_grad:	0.10631092679065	
    Magnitude of b:	9.5473225726079	

	
    Current index:	59501	
    Magnitude of W_grad:	14.887028358803	
    Magnitude of W:	169928.94731317	
    Magnitude of B_grad:	0.073052028783269	
    Magnitude of b:	9.6035138818257	

	
    Current index:	69501	
    Magnitude of W_grad:	17.333980757856	
    Magnitude of W:	169900.16643073	
    Magnitude of B_grad:	0.073538222854889	
    Magnitude of b:	9.9329690172925	

	
    Current index:	79501	
    Magnitude of W_grad:	17.781478673254	
    Magnitude of W:	169872.22864794	
    Magnitude of B_grad:	0.10041352880448	
    Magnitude of b:	9.8645697055565	

	
    Current index:	89501	
    Magnitude of W_grad:	21.72319632311	
    Magnitude of W:	169846.05594421	
    Magnitude of B_grad:	0.09502123388702	
    Magnitude of b:	9.694026778877	

	
    Current index:	99501	
    Magnitude of W_grad:	19.3353015767	
    Magnitude of W:	169816.14124716	
    Magnitude of B_grad:	0.068875096673404	
    Magnitude of b:	9.6443874628465	

	
    Current index:	109501	
    Magnitude of W_grad:	17.255164161535	
    Magnitude of W:	169787.21121854	
    Magnitude of B_grad:	0.023902214744841	
    Magnitude of b:	9.9179641220061	

	
    Current index:	119501	
    Magnitude of W_grad:	19.696119683807	
    Magnitude of W:	169758.5012601	
    Magnitude of B_grad:	0.18044129919868	
    Magnitude of b:	9.778979495157	

	
    Current index:	129501	
    Magnitude of W_grad:	16.536885238054	
    Magnitude of W:	169730.45733368	
    Magnitude of B_grad:	0.036505763675729	
    Magnitude of b:	9.8807822404724	

	
    Current index:	139501	
    Magnitude of W_grad:	23.677892958945	
    Magnitude of W:	169701.44138727	
    Magnitude of B_grad:	0.10957071851209	
    Magnitude of b:	9.8602144840465	

	
    Current index:	149501	
    Magnitude of W_grad:	18.43141488337	
    Magnitude of W:	169672.72312514	
    Magnitude of B_grad:	0.061030808172064	
    Magnitude of b:	9.9681089554288	

	
SGD: Loss is	
	LOSS:Calculated softmax res	
294531.66751106	
SGD: crossEntropyLoss is	
294531.66754879	
SGD: Validation Accuracy is:	
0.3496821071753	
SGD: Magnitude of W:	
169654.13097583	
SGD: Magnitude of b:	
9.1520358150955	
    Current index:	9501	
    Magnitude of W_grad:	15.112674349027	
    Magnitude of W:	169628.74887129	
    Magnitude of B_grad:	0.072022703172051	
    Magnitude of b:	9.0966583182778	

	
    Current index:	19501	
    Magnitude of W_grad:	16.382874004572	
    Magnitude of W:	169601.34478396	
    Magnitude of B_grad:	0.092840995971491	
    Magnitude of b:	9.0871275989609	

	
    Current index:	29501	
    Magnitude of W_grad:	21.344782597261	
    Magnitude of W:	169574.82738184	
    Magnitude of B_grad:	0.030778657550082	
    Magnitude of b:	9.1036888506816	

	
    Current index:	39501	
    Magnitude of W_grad:	17.559433655775	
    Magnitude of W:	169547.54810083	
    Magnitude of B_grad:	0.067238225251909	
    Magnitude of b:	9.3525344105659	

	
    Current index:	49501	
    Magnitude of W_grad:	19.516860366488	
    Magnitude of W:	169521.49755005	
    Magnitude of B_grad:	0.10516735892263	
    Magnitude of b:	9.515518186055	

	
    Current index:	59501	
    Magnitude of W_grad:	14.653525928371	
    Magnitude of W:	169494.70956878	
    Magnitude of B_grad:	0.070844392710026	
    Magnitude of b:	9.5713899231638	

	
    Current index:	69501	
    Magnitude of W_grad:	17.148177219062	
    Magnitude of W:	169466.22142632	
    Magnitude of B_grad:	0.072343266733038	
    Magnitude of b:	9.898332701622	

	
    Current index:	79501	
    Magnitude of W_grad:	17.526442247256	
    Magnitude of W:	169438.58739625	
    Magnitude of B_grad:	0.099349939271309	
    Magnitude of b:	9.8350565096733	

	
    Current index:	89501	
    Magnitude of W_grad:	21.345222198202	
    Magnitude of W:	169412.69735588	
    Magnitude of B_grad:	0.093878953430344	
    Magnitude of b:	9.6647757658212	

	
    Current index:	99501	
    Magnitude of W_grad:	19.06505693121	
    Magnitude of W:	169383.14100191	
    Magnitude of B_grad:	0.065526928971626	
    Magnitude of b:	9.6165123507253	

	
