[?1034hDatafile:	/n/home09/ankitgupta/CS287/HW1/MPQA-uni.hdf5	Classifier:	hinge	Alpha:	0	Eta:	0.5	Lambda:	1	Minibatch size:	500	Num Epochs:	50	Minimum Sentence Length:	5	
Note that not all parameters may apply to all classifiers	
Loading datafiles...	
Number of training samples before removing small sentences	10606	
Number of training samples after removing small sentences	1999	
Done.	
Training classifier...	
Parameters are:	
Eta:	
0.5	
Lambda:	
1	
Minibatch size:	
500	
Number of Epochs	
50	
SGD: Hinge Loss is	
16406.834700559	
SGD: Validation Accuracy is:	
0.45226130653266	
SGD: Magnitude of W:	
10140.434986706	
SGD: Magnitude of b:	
1.1538627529098	
SGD: Hinge Loss is	
15421.975385012	
SGD: Validation Accuracy is:	
0.31658291457286	
SGD: Magnitude of W:	
10127.228873523	
SGD: Magnitude of b:	
1.1525805052182	
SGD: Hinge Loss is	
15002.736525328	
SGD: Validation Accuracy is:	
0.26633165829146	
SGD: Magnitude of W:	
10114.152068723	
SGD: Magnitude of b:	
1.151299682444	
SGD: Hinge Loss is	
14816.57642491	
SGD: Validation Accuracy is:	
0.21608040201005	
SGD: Magnitude of W:	
10101.235233364	
SGD: Magnitude of b:	
1.1946380032226	
SGD: Hinge Loss is	
14702.827869207	
SGD: Validation Accuracy is:	
0.21608040201005	
SGD: Magnitude of W:	
10088.487410473	
SGD: Magnitude of b:	
1.3140389931915	
SGD: Hinge Loss is	
14612.995042269	
SGD: Validation Accuracy is:	
0.20100502512563	
SGD: Magnitude of W:	
10075.784079414	
SGD: Magnitude of b:	
1.3913361952825	
SGD: Hinge Loss is	
14539.345773184	
SGD: Validation Accuracy is:	
0.20100502512563	
SGD: Magnitude of W:	
10063.117322842	
SGD: Magnitude of b:	
1.4405647280682	
SGD: Hinge Loss is	
14480.263279426	
SGD: Validation Accuracy is:	
0.20100502512563	
SGD: Magnitude of W:	
10050.533716287	
SGD: Magnitude of b:	
1.4604107455096	
SGD: Hinge Loss is	
14420.298926269	
SGD: Validation Accuracy is:	
0.20603015075377	
SGD: Magnitude of W:	
10038.002121431	
SGD: Magnitude of b:	
1.4848868921225	
SGD: Hinge Loss is	
14362.759219115	
SGD: Validation Accuracy is:	
0.21608040201005	
SGD: Magnitude of W:	
10025.505419025	
SGD: Magnitude of b:	
1.5053380622359	
SGD: Hinge Loss is	
14308.763092565	
SGD: Validation Accuracy is:	
0.21608040201005	
SGD: Magnitude of W:	
10013.020098953	
SGD: Magnitude of b:	
1.5177720629261	
SGD: Hinge Loss is	
14256.463568804	
SGD: Validation Accuracy is:	
0.20603015075377	
SGD: Magnitude of W:	
10000.566139386	
SGD: Magnitude of b:	
1.5268460975616	
SGD: Hinge Loss is	
14202.262894099	
SGD: Validation Accuracy is:	
0.20603015075377	
SGD: Magnitude of W:	
9988.1295761422	
SGD: Magnitude of b:	
1.5432523069938	
SGD: Hinge Loss is	
14153.73318359	
SGD: Validation Accuracy is:	
0.21105527638191	
SGD: Magnitude of W:	
9975.7199875589	
SGD: Magnitude of b:	
1.5463030278605	
SGD: Hinge Loss is	
14106.825343979	
SGD: Validation Accuracy is:	
0.21608040201005	
SGD: Magnitude of W:	
9963.3287109127	
SGD: Magnitude of b:	
1.5453531372708	
SGD: Hinge Loss is	
14058.422660618	
SGD: Validation Accuracy is:	
0.21608040201005	
SGD: Magnitude of W:	
9950.9722862446	
SGD: Magnitude of b:	
1.5510949322931	
SGD: Hinge Loss is	
14011.081650941	
SGD: Validation Accuracy is:	
0.21608040201005	
SGD: Magnitude of W:	
9938.6595985353	
SGD: Magnitude of b:	
1.554832569497	
SGD: Hinge Loss is	
13964.316395301	
SGD: Validation Accuracy is:	
0.21608040201005	
SGD: Magnitude of W:	
9926.3683787695	
SGD: Magnitude of b:	
1.5585660531943	
SGD: Hinge Loss is	
13918.833462292	
SGD: Validation Accuracy is:	
0.21608040201005	
SGD: Magnitude of W:	
9914.1034740228	
SGD: Magnitude of b:	
1.5602987219509	
SGD: Hinge Loss is	
13873.086568119	
SGD: Validation Accuracy is:	
0.21608040201005	
SGD: Magnitude of W:	
9901.9037046427	
SGD: Magnitude of b:	
1.563376725253	
SGD: Hinge Loss is	
13828.174576969	
SGD: Validation Accuracy is:	
0.21608040201005	
SGD: Magnitude of W:	
9889.7571554357	
SGD: Magnitude of b:	
1.5657980128307	
SGD: Hinge Loss is	
13785.715002178	
SGD: Validation Accuracy is:	
0.21608040201005	
SGD: Magnitude of W:	
9877.6477365425	
SGD: Magnitude of b:	
1.5622210555489	
SGD: Hinge Loss is	
13745.796567442	
SGD: Validation Accuracy is:	
0.21608040201005	
SGD: Magnitude of W:	
9865.5658542369	
SGD: Magnitude of b:	
1.5533041477837	
SGD: Hinge Loss is	
13708.281426916	
SGD: Validation Accuracy is:	
0.21608040201005	
SGD: Magnitude of W:	
9853.5249539887	
SGD: Magnitude of b:	
1.538397149687	
SGD: Hinge Loss is	
13663.960713344	
SGD: Validation Accuracy is:	
0.22110552763819	
SGD: Magnitude of W:	
9841.4849545114	
SGD: Magnitude of b:	
1.5428813090739	
SGD: Hinge Loss is	
13623.286777811	
SGD: Validation Accuracy is:	
0.22110552763819	
SGD: Magnitude of W:	
9829.4825733471	
SGD: Magnitude of b:	
1.5393660427776	
SGD: Hinge Loss is	
13581.222697806	
SGD: Validation Accuracy is:	
0.22110552763819	
SGD: Magnitude of W:	
9817.5081475557	
SGD: Magnitude of b:	
1.5411969417953	
SGD: Hinge Loss is	
13537.656693861	
SGD: Validation Accuracy is:	
0.22613065326633	
SGD: Magnitude of W:	
9805.5535227613	
SGD: Magnitude of b:	
1.5457153254278	
SGD: Hinge Loss is	
13493.049223116	
SGD: Validation Accuracy is:	
0.22613065326633	
SGD: Magnitude of W:	
9793.6146918383	
SGD: Magnitude of b:	
1.5535726141416	
SGD: Hinge Loss is	
13451.616976409	
SGD: Validation Accuracy is:	
0.22613065326633	
SGD: Magnitude of W:	
9781.7212112762	
SGD: Magnitude of b:	
1.5540805795322	
SGD: Hinge Loss is	
13413.534116002	
SGD: Validation Accuracy is:	
0.22613065326633	
SGD: Magnitude of W:	
9769.8511039842	
SGD: Magnitude of b:	
1.5465913151612	
SGD: Hinge Loss is	
13370.585585791	
SGD: Validation Accuracy is:	
0.22613065326633	
SGD: Magnitude of W:	
9757.9843437213	
SGD: Magnitude of b:	
1.5531399283514	
SGD: Hinge Loss is	
13331.762966501	
SGD: Validation Accuracy is:	
0.23115577889447	
SGD: Magnitude of W:	
9746.1510038337	
SGD: Magnitude of b:	
1.5489961908988	
SGD: Hinge Loss is	
13291.271584235	
SGD: Validation Accuracy is:	
0.23115577889447	
SGD: Magnitude of W:	
9734.3359117406	
SGD: Magnitude of b:	
1.5495460219121	
SGD: Hinge Loss is	
13250.86012117	
SGD: Validation Accuracy is:	
0.23115577889447	
SGD: Magnitude of W:	
9722.5305822624	
SGD: Magnitude of b:	
1.5514413906523	
SGD: Hinge Loss is	
13211.38631229	
SGD: Validation Accuracy is:	
0.23115577889447	
SGD: Magnitude of W:	
9710.7515458991	
SGD: Magnitude of b:	
1.5513379870853	
SGD: Hinge Loss is	
13171.905359968	
SGD: Validation Accuracy is:	
0.23115577889447	
SGD: Magnitude of W:	
9698.9944859193	
SGD: Magnitude of b:	
1.5525791804959	
SGD: Hinge Loss is	
13131.917313784	
SGD: Validation Accuracy is:	
0.22613065326633	
SGD: Magnitude of W:	
9687.2669226268	
SGD: Magnitude of b:	
1.5545118479456	
SGD: Hinge Loss is	
13094.84634804	
SGD: Validation Accuracy is:	
0.22613065326633	
SGD: Magnitude of W:	
9675.6026042607	
SGD: Magnitude of b:	
1.5497539600337	
SGD: Hinge Loss is	
13054.103942235	
SGD: Validation Accuracy is:	
0.22613065326633	
SGD: Magnitude of W:	
9663.953665849	
SGD: Magnitude of b:	
1.5543391729478	
SGD: Hinge Loss is	
13017.128231686	
SGD: Validation Accuracy is:	
0.23115577889447	
SGD: Magnitude of W:	
9652.3390897151	
SGD: Magnitude of b:	
1.5482353281886	
SGD: Hinge Loss is	
12978.225170625	
SGD: Validation Accuracy is:	
0.23115577889447	
SGD: Magnitude of W:	
9640.7271407227	
SGD: Magnitude of b:	
1.5468255634284	
SGD: Hinge Loss is	
12940.717108869	
SGD: Validation Accuracy is:	
0.23115577889447	
SGD: Magnitude of W:	
9629.1303435764	
SGD: Magnitude of b:	
1.543419587976	
SGD: Hinge Loss is	
12905.165415549	
SGD: Validation Accuracy is:	
0.23618090452261	
SGD: Magnitude of W:	
9617.5655389762	
SGD: Magnitude of b:	
1.5346695823738	
SGD: Hinge Loss is	
12868.513088933	
SGD: Validation Accuracy is:	
0.24120603015075	
SGD: Magnitude of W:	
9606.046238701	
SGD: Magnitude of b:	
1.5305820395769	
SGD: Hinge Loss is	
12830.921355542	
SGD: Validation Accuracy is:	
0.24120603015075	
SGD: Magnitude of W:	
9594.5423546258	
SGD: Magnitude of b:	
1.529189669774	
SGD: Hinge Loss is	
12795.171224098	
SGD: Validation Accuracy is:	
0.24120603015075	
SGD: Magnitude of W:	
9583.0711695285	
SGD: Magnitude of b:	
1.524457143744	
SGD: Hinge Loss is	
12754.219151945	
SGD: Validation Accuracy is:	
0.24120603015075	
SGD: Magnitude of W:	
9571.5805959588	
SGD: Magnitude of b:	
1.5311055808515	
SGD: Hinge Loss is	
12719.530612911	
SGD: Validation Accuracy is:	
0.24623115577889	
SGD: Magnitude of W:	
9560.1061699489	
SGD: Magnitude of b:	
1.5237204085759	
SGD: Hinge Loss is	
12678.256940529	
SGD: Validation Accuracy is:	
0.23618090452261	
SGD: Magnitude of W:	
9548.6170513653	
SGD: Magnitude of b:	
1.5297180359663	
Done.	
Testing on validation set...	
Done	
Datafile:	/n/home09/ankitgupta/CS287/HW1/MPQA-uni.hdf5	Classifier:	hinge	Alpha:	0	Eta:	0.5	Lambda:	1	Minibatch size:	500	Num Epochs:	50	Minimum Sentence Length:	5	
Accuracy:	0.23618090452261	
