[?1034hDatafile:	/n/home09/ankitgupta/CS287/HW1/SST1-uni-sent-syns.hdf5	Classifier:	lr	Alpha:	0	Eta:	1	Lambda:	1	Minibatch size:	500	Num Epochs:	50	Minimum Sentence Length:	0	
Note that not all parameters may apply to all classifiers	
Loading datafiles...	
Number of training samples before removing small sentences	156817	
Number of training samples after removing small sentences	156817	
Done.	
Training classifier...	
SGD: Loss is	
	LOSS:Calculated softmax res	
1355378.4772392	
SGD: crossEntropyLoss is	
1355378.4772392	
SGD: Validation Accuracy is:	
0.16712079927339	
SGD: Magnitude of W:	
185005.06571219	
SGD: Magnitude of b:	
2.545594583917	
    Current index:	9501	
    Magnitude of W_grad:	27.027484598544	
    Magnitude of W:	184913.98071142	
    Magnitude of B_grad:	0.1368729235389	
    Magnitude of b:	7.0404583558517	

	
    Current index:	19501	
    Magnitude of W_grad:	40.107204018192	
    Magnitude of W:	184831.01953446	
    Magnitude of B_grad:	0.18998701177073	
    Magnitude of b:	8.3924615742974	

	
    Current index:	29501	
    Magnitude of W_grad:	37.462421020298	
    Magnitude of W:	184753.72030914	
    Magnitude of B_grad:	0.16611885145717	
    Magnitude of b:	9.0592932710598	

	
    Current index:	39501	
    Magnitude of W_grad:	30.121457066374	
    Magnitude of W:	184674.80415589	
    Magnitude of B_grad:	0.12295193737467	
    Magnitude of b:	9.8350975672875	

	
    Current index:	49501	
    Magnitude of W_grad:	38.359704319077	
    Magnitude of W:	184593.65278589	
    Magnitude of B_grad:	0.09306712183672	
    Magnitude of b:	10.223474331616	

	
    Current index:	59501	
    Magnitude of W_grad:	29.6736520298	
    Magnitude of W:	184518.62262681	
    Magnitude of B_grad:	0.11785521942138	
    Magnitude of b:	10.569263580714	

	
    Current index:	69501	
    Magnitude of W_grad:	46.404908283078	
    Magnitude of W:	184443.85361497	
    Magnitude of B_grad:	0.21198938163774	
    Magnitude of b:	11.176896877319	

	
    Current index:	79501	
    Magnitude of W_grad:	39.676560116222	
    Magnitude of W:	184370.6488671	
    Magnitude of B_grad:	0.049229584495627	
    Magnitude of b:	11.431198965203	

	
    Current index:	89501	
    Magnitude of W_grad:	46.254796190345	
    Magnitude of W:	184288.00180636	
    Magnitude of B_grad:	0.15334660456714	
    Magnitude of b:	10.987973015774	

	
    Current index:	99501	
    Magnitude of W_grad:	40.865537131825	
    Magnitude of W:	184212.18577022	
    Magnitude of B_grad:	0.24496634011726	
    Magnitude of b:	10.638673403493	

	
    Current index:	109501	
    Magnitude of W_grad:	37.050178368725	
    Magnitude of W:	184136.47176148	
    Magnitude of B_grad:	0.12881410495249	
    Magnitude of b:	11.209806632429	

	
    Current index:	119501	
    Magnitude of W_grad:	44.515027735	
    Magnitude of W:	184062.98380594	
    Magnitude of B_grad:	0.14672208569218	
    Magnitude of b:	11.261839778465	

	
    Current index:	129501	
    Magnitude of W_grad:	42.998972223661	
    Magnitude of W:	183989.08608591	
    Magnitude of B_grad:	0.12317197695881	
    Magnitude of b:	11.543906089033	

	
    Current index:	139501	
    Magnitude of W_grad:	42.641275433684	
    Magnitude of W:	183920.91912962	
    Magnitude of B_grad:	0.090997401348605	
    Magnitude of b:	11.578452842017	

	
    Current index:	149501	
    Magnitude of W_grad:	34.237339995828	
    Magnitude of W:	183853.98348122	
    Magnitude of B_grad:	0.15551799472426	
    Magnitude of b:	11.70890530891	

	
SGD: Loss is	
	LOSS:Calculated softmax res	
651558.71980473	
SGD: crossEntropyLoss is	
651558.71980473	
SGD: Validation Accuracy is:	
0.26430517711172	
SGD: Magnitude of W:	
183808.19682861	
SGD: Magnitude of b:	
10.727623505285	
    Current index:	9501	
    Magnitude of W_grad:	28.229812623383	
    Magnitude of W:	183752.26327102	
    Magnitude of B_grad:	0.1226196883201	
    Magnitude of b:	10.395698291886	

	
    Current index:	19501	
    Magnitude of W_grad:	31.525167656903	
    Magnitude of W:	183693.75670684	
    Magnitude of B_grad:	0.20088405480608	
    Magnitude of b:	10.379786992928	

	
    Current index:	29501	
    Magnitude of W_grad:	35.753046652419	
    Magnitude of W:	183634.49846462	
    Magnitude of B_grad:	0.17433894431394	
    Magnitude of b:	10.612727579459	

	
    Current index:	39501	
    Magnitude of W_grad:	28.978887630856	
    Magnitude of W:	183574.27475674	
    Magnitude of B_grad:	0.12549337652047	
    Magnitude of b:	10.835746149027	

	
    Current index:	49501	
    Magnitude of W_grad:	35.137446444063	
    Magnitude of W:	183511.63558826	
    Magnitude of B_grad:	0.04790151454677	
    Magnitude of b:	11.086217245158	

	
    Current index:	59501	
    Magnitude of W_grad:	28.677463562092	
    Magnitude of W:	183453.79187563	
    Magnitude of B_grad:	0.13014180787259	
    Magnitude of b:	11.029681474827	

	
    Current index:	69501	
    Magnitude of W_grad:	39.527009968384	
    Magnitude of W:	183394.43960244	
    Magnitude of B_grad:	0.13527998832016	
    Magnitude of b:	11.609965046863	

	
    Current index:	79501	
    Magnitude of W_grad:	33.66405973297	
    Magnitude of W:	183336.2882361	
    Magnitude of B_grad:	0.066756252336405	
    Magnitude of b:	11.726201513399	

	
    Current index:	89501	
    Magnitude of W_grad:	43.969010246918	
    Magnitude of W:	183275.70483644	
    Magnitude of B_grad:	0.099841465932076	
    Magnitude of b:	11.179538870999	

	
    Current index:	99501	
    Magnitude of W_grad:	39.760705386	
    Magnitude of W:	183216.42825012	
    Magnitude of B_grad:	0.22470752045537	
    Magnitude of b:	10.951073350778	

	
    Current index:	109501	
    Magnitude of W_grad:	37.938201116027	
    Magnitude of W:	183155.88152918	
    Magnitude of B_grad:	0.18137047802551	
    Magnitude of b:	11.321545619187	

	
    Current index:	119501	
    Magnitude of W_grad:	41.772571752676	
    Magnitude of W:	183098.91479334	
    Magnitude of B_grad:	0.12346691499109	
    Magnitude of b:	11.180091877561	

	
    Current index:	129501	
    Magnitude of W_grad:	40.544612083795	
    Magnitude of W:	183038.38847504	
    Magnitude of B_grad:	0.11234539704956	
    Magnitude of b:	11.403573064684	

	
    Current index:	139501	
    Magnitude of W_grad:	38.948699593117	
    Magnitude of W:	182981.12589563	
    Magnitude of B_grad:	0.1103652177414	
    Magnitude of b:	11.404789148397	

	
    Current index:	149501	
    Magnitude of W_grad:	35.174022400565	
    Magnitude of W:	182925.84005014	
    Magnitude of B_grad:	0.1601277238891	
    Magnitude of b:	11.620178395018	

	
SGD: Loss is	
	LOSS:Calculated softmax res	
554999.14288169	
SGD: crossEntropyLoss is	
554999.14288169	
SGD: Validation Accuracy is:	
0.27611262488647	
SGD: Magnitude of W:	
182887.73656787	
SGD: Magnitude of b:	
10.651410775564	
    Current index:	9501	
    Magnitude of W_grad:	26.385239726264	
    Magnitude of W:	182838.31945851	
    Magnitude of B_grad:	0.1547732806993	
    Magnitude of b:	10.380035879223	

	
    Current index:	19501	
    Magnitude of W_grad:	29.526326809381	
    Magnitude of W:	182787.95590124	
    Magnitude of B_grad:	0.18409494527343	
    Magnitude of b:	10.328294174211	

	
    Current index:	29501	
    Magnitude of W_grad:	33.186570562403	
    Magnitude of W:	182735.8059918	
    Magnitude of B_grad:	0.15010881702975	
    Magnitude of b:	10.532836641895	

	
    Current index:	39501	
    Magnitude of W_grad:	27.463915660241	
    Magnitude of W:	182682.29753598	
    Magnitude of B_grad:	0.12343876537422	
    Magnitude of b:	10.670251784433	

	
    Current index:	49501	
    Magnitude of W_grad:	30.460670382248	
    Magnitude of W:	182628.62685499	
    Magnitude of B_grad:	0.032411460892459	
    Magnitude of b:	10.920059890395	

	
    Current index:	59501	
    Magnitude of W_grad:	27.051880662078	
    Magnitude of W:	182578.22456135	
    Magnitude of B_grad:	0.11405975917307	
    Magnitude of b:	10.83717428868	

	
    Current index:	69501	
    Magnitude of W_grad:	37.224565916117	
    Magnitude of W:	182525.10080052	
    Magnitude of B_grad:	0.070336121594429	
    Magnitude of b:	11.370295315131	

	
    Current index:	79501	
    Magnitude of W_grad:	30.910879785419	
    Magnitude of W:	182474.08699971	
    Magnitude of B_grad:	0.058014706903354	
    Magnitude of b:	11.473541783739	

	
    Current index:	89501	
    Magnitude of W_grad:	39.075950845662	
    Magnitude of W:	182419.6151874	
    Magnitude of B_grad:	0.068841615990968	
    Magnitude of b:	10.967638899583	

	
    Current index:	99501	
    Magnitude of W_grad:	38.045918600183	
    Magnitude of W:	182367.16507367	
    Magnitude of B_grad:	0.19126301944095	
    Magnitude of b:	10.75361177096	

	
    Current index:	109501	
    Magnitude of W_grad:	35.678602422405	
    Magnitude of W:	182313.56873747	
    Magnitude of B_grad:	0.18186763697747	
    Magnitude of b:	11.116029898122	

	
    Current index:	119501	
    Magnitude of W_grad:	37.729240771698	
    Magnitude of W:	182262.89086227	
    Magnitude of B_grad:	0.14496872271047	
    Magnitude of b:	10.979246018851	

	
    Current index:	129501	
    Magnitude of W_grad:	38.723041444881	
    Magnitude of W:	182207.304916	
    Magnitude of B_grad:	0.14324564344058	
    Magnitude of b:	11.204059689254	

	
    Current index:	139501	
    Magnitude of W_grad:	36.966791299516	
    Magnitude of W:	182155.36364399	
    Magnitude of B_grad:	0.11941541960665	
    Magnitude of b:	11.19215254733	

	
    Current index:	149501	
    Magnitude of W_grad:	34.868249599489	
    Magnitude of W:	182105.79418251	
    Magnitude of B_grad:	0.15185087035873	
    Magnitude of b:	11.430017363338	

	
SGD: Loss is	
	LOSS:Calculated softmax res	
503372.30218143	
SGD: crossEntropyLoss is	
503372.30218143	
SGD: Validation Accuracy is:	
0.2897366030881	
SGD: Magnitude of W:	
182071.351033	
SGD: Magnitude of b:	
10.491925113314	
    Current index:	9501	
    Magnitude of W_grad:	25.267320002136	
    Magnitude of W:	182025.56808069	
    Magnitude of B_grad:	0.15641962272576	
    Magnitude of b:	10.27793361732	

	
    Current index:	19501	
    Magnitude of W_grad:	28.358042513896	
    Magnitude of W:	181979.93645648	
    Magnitude of B_grad:	0.15424146555881	
    Magnitude of b:	10.213694516515	

	
    Current index:	29501	
    Magnitude of W_grad:	33.177573589864	
    Magnitude of W:	181931.95757046	
    Magnitude of B_grad:	0.15027670331738	
    Magnitude of b:	10.398165904632	

	
    Current index:	39501	
    Magnitude of W_grad:	26.385326981363	
    Magnitude of W:	181883.02477218	
    Magnitude of B_grad:	0.12831711728815	
    Magnitude of b:	10.52679030599	

	
    Current index:	49501	
    Magnitude of W_grad:	28.66442364555	
    Magnitude of W:	181835.24573675	
    Magnitude of B_grad:	0.032026519774745	
    Magnitude of b:	10.760463211706	

	
    Current index:	59501	
    Magnitude of W_grad:	25.710342556705	
    Magnitude of W:	181789.68935686	
    Magnitude of B_grad:	0.10291774399698	
    Magnitude of b:	10.659348212921	

	
    Current index:	69501	
    Magnitude of W_grad:	36.524168086773	
    Magnitude of W:	181740.1744345	
    Magnitude of B_grad:	0.059039479786546	
    Magnitude of b:	11.16656307061	

	
    Current index:	79501	
    Magnitude of W_grad:	28.650232459635	
    Magnitude of W:	181692.98187134	
    Magnitude of B_grad:	0.070898245631938	
    Magnitude of b:	11.267581584112	

	
    Current index:	89501	
    Magnitude of W_grad:	36.013682612192	
    Magnitude of W:	181643.18075549	
    Magnitude of B_grad:	0.058661812751349	
    Magnitude of b:	10.790918188525	

	
    Current index:	99501	
    Magnitude of W_grad:	36.17359935671	
    Magnitude of W:	181594.93616984	
    Magnitude of B_grad:	0.17889270419752	
    Magnitude of b:	10.599166524365	

	
    Current index:	109501	
    Magnitude of W_grad:	33.568582019859	
    Magnitude of W:	181545.66449246	
    Magnitude of B_grad:	0.17911009387681	
    Magnitude of b:	10.938351001286	

	
    Current index:	119501	
    Magnitude of W_grad:	34.24446997467	
    Magnitude of W:	181498.40017823	
    Magnitude of B_grad:	0.16539305389298	
    Magnitude of b:	10.812575312322	

	
    Current index:	129501	
    Magnitude of W_grad:	36.991536385008	
    Magnitude of W:	181446.52504166	
    Magnitude of B_grad:	0.15261906939589	
    Magnitude of b:	11.007182253831	

	
    Current index:	139501	
    Magnitude of W_grad:	35.2938444568	
    Magnitude of W:	181398.14940929	
    Magnitude of B_grad:	0.11371012934902	
    Magnitude of b:	11.018100807234	

	
    Current index:	149501	
    Magnitude of W_grad:	34.123243427136	
    Magnitude of W:	181351.62552191	
    Magnitude of B_grad:	0.15063846073721	
    Magnitude of b:	11.235823549371	

	
SGD: Loss is	
	LOSS:Calculated softmax res	
468441.55256516	
SGD: crossEntropyLoss is	
468441.55256516	
SGD: Validation Accuracy is:	
0.29246139872843	
SGD: Magnitude of W:	
181319.2729141	
SGD: Magnitude of b:	
10.329991960575	
    Current index:	9501	
    Magnitude of W_grad:	24.697658248665	
    Magnitude of W:	181275.97384958	
    Magnitude of B_grad:	0.14949721891901	
    Magnitude of b:	10.149085363408	

	
    Current index:	19501	
    Magnitude of W_grad:	26.777342245375	
    Magnitude of W:	181233.92310234	
    Magnitude of B_grad:	0.14282431644076	
    Magnitude of b:	10.086441836311	

	
    Current index:	29501	
    Magnitude of W_grad:	33.368165164951	
    Magnitude of W:	181188.98311691	
    Magnitude of B_grad:	0.14765670824278	
    Magnitude of b:	10.25311734683	

	
    Current index:	39501	
    Magnitude of W_grad:	25.332881167833	
    Magnitude of W:	181143.82811968	
    Magnitude of B_grad:	0.1321321747914	
    Magnitude of b:	10.389224509325	

	
    Current index:	49501	
    Magnitude of W_grad:	27.452434874597	
    Magnitude of W:	181099.78808642	
    Magnitude of B_grad:	0.043571488191298	
    Magnitude of b:	10.607886064823	

	
    Current index:	59501	
    Magnitude of W_grad:	24.870335646989	
    Magnitude of W:	181056.55987889	
    Magnitude of B_grad:	0.094056632405931	
    Magnitude of b:	10.503844773753	

	
    Current index:	69501	
    Magnitude of W_grad:	35.857173794262	
    Magnitude of W:	181009.52154038	
    Magnitude of B_grad:	0.057136270070535	
    Magnitude of b:	10.984871644003	

	
    Current index:	79501	
    Magnitude of W_grad:	26.347385526312	
    Magnitude of W:	180965.29494567	
    Magnitude of B_grad:	0.083715053946112	
    Magnitude of b:	11.087835644376	

	
    Current index:	89501	
    Magnitude of W_grad:	33.570372215979	
    Magnitude of W:	180919.05640429	
    Magnitude of B_grad:	0.062927983360168	
    Magnitude of b:	10.63641232915	

	
    Current index:	99501	
    Magnitude of W_grad:	34.143389871339	
    Magnitude of W:	180874.01623508	
    Magnitude of B_grad:	0.17306797743815	
    Magnitude of b:	10.444366429415	

	
    Current index:	109501	
    Magnitude of W_grad:	31.611391288003	
    Magnitude of W:	180828.8341624	
    Magnitude of B_grad:	0.17616716988487	
    Magnitude of b:	10.765057650904	

	
    Current index:	119501	
    Magnitude of W_grad:	31.388950884066	
    Magnitude of W:	180784.86458402	
    Magnitude of B_grad:	0.16908796667401	
    Magnitude of b:	10.653411811	

	
    Current index:	129501	
    Magnitude of W_grad:	35.463332113526	
    Magnitude of W:	180736.1079476	
    Magnitude of B_grad:	0.14906845423732	
    Magnitude of b:	10.825255089661	

	
    Current index:	139501	
    Magnitude of W_grad:	33.149833072641	
    Magnitude of W:	180690.86033711	
    Magnitude of B_grad:	0.10309858694879	
    Magnitude of b:	10.852430483863	

	
    Current index:	149501	
    Magnitude of W_grad:	32.977561953807	
    Magnitude of W:	180646.85158589	
    Magnitude of B_grad:	0.14700576511618	
    Magnitude of b:	11.041820929156	

	
SGD: Loss is	
	LOSS:Calculated softmax res	
442702.93432272	
SGD: crossEntropyLoss is	
442702.93432272	
SGD: Validation Accuracy is:	
0.2960944595822	
SGD: Magnitude of W:	
180616.63316073	
SGD: Magnitude of b:	
10.138741575023	
    Current index:	9501	
    Magnitude of W_grad:	24.452893029998	
    Magnitude of W:	180575.64033079	
    Magnitude of B_grad:	0.14553711406029	
    Magnitude of b:	10.007405534914	

	
    Current index:	19501	
    Magnitude of W_grad:	25.503981789139	
    Magnitude of W:	180535.32311572	
    Magnitude of B_grad:	0.13374673622815	
    Magnitude of b:	9.9599570849	

	
    Current index:	29501	
    Magnitude of W_grad:	33.843365205403	
    Magnitude of W:	180493.149012	
    Magnitude of B_grad:	0.14760001647571	
    Magnitude of b:	10.114081794007	

	
    Current index:	39501	
    Magnitude of W_grad:	24.589913719451	
    Magnitude of W:	180450.3029696	
    Magnitude of B_grad:	0.1325602984999	
    Magnitude of b:	10.23374839938	

	
    Current index:	49501	
    Magnitude of W_grad:	26.501664301601	
    Magnitude of W:	180408.69958506	
    Magnitude of B_grad:	0.049567187915881	
    Magnitude of b:	10.453148403048	

	
    Current index:	59501	
    Magnitude of W_grad:	24.071603811695	
    Magnitude of W:	180367.52612827	
    Magnitude of B_grad:	0.085446382096124	
    Magnitude of b:	10.362428981124	

	
    Current index:	69501	
    Magnitude of W_grad:	35.142664972677	
    Magnitude of W:	180323.51408706	
    Magnitude of B_grad:	0.056507407039531	
    Magnitude of b:	10.816154994015	

	
    Current index:	79501	
    Magnitude of W_grad:	24.636808916834	
    Magnitude of W:	180281.33004312	
    Magnitude of B_grad:	0.095268759217876	
    Magnitude of b:	10.922697602951	

	
    Current index:	89501	
    Magnitude of W_grad:	31.98309642554	
    Magnitude of W:	180237.74985082	
    Magnitude of B_grad:	0.078036672645943	
    Magnitude of b:	10.491386118744	

	
    Current index:	99501	
    Magnitude of W_grad:	32.50951291455	
    Magnitude of W:	180194.84444118	
    Magnitude of B_grad:	0.16890260307374	
    Magnitude of b:	10.296646478534	

	
    Current index:	109501	
    Magnitude of W_grad:	29.271572188054	
    Magnitude of W:	180152.04313168	
    Magnitude of B_grad:	0.16826270950457	
    Magnitude of b:	10.604940806139	

	
    Current index:	119501	
    Magnitude of W_grad:	29.538314478147	
    Magnitude of W:	180110.2052524	
    Magnitude of B_grad:	0.17098149233303	
    Magnitude of b:	10.51486935155	

	
    Current index:	129501	
    Magnitude of W_grad:	33.887591403921	
    Magnitude of W:	180064.28041164	
    Magnitude of B_grad:	0.13999637002924	
    Magnitude of b:	10.662261585697	

	
    Current index:	139501	
    Magnitude of W_grad:	30.923988967539	
    Magnitude of W:	180021.15933575	
    Magnitude of B_grad:	0.093698179523323	
    Magnitude of b:	10.705609199892	

	
    Current index:	149501	
    Magnitude of W_grad:	31.753913999452	
    Magnitude of W:	179978.70113947	
    Magnitude of B_grad:	0.14359218856906	
    Magnitude of b:	10.866482074708	

	
SGD: Loss is	
	LOSS:Calculated softmax res	
422327.1265317	
SGD: crossEntropyLoss is	
422327.1265317	
SGD: Validation Accuracy is:	
0.29518619436876	
SGD: Magnitude of W:	
179950.14173407	
SGD: Magnitude of b:	
9.9786546267463	
    Current index:	9501	
    Magnitude of W_grad:	24.114661252913	
    Magnitude of W:	179911.28660864	
    Magnitude of B_grad:	0.14223392745166	
    Magnitude of b:	9.8735319463996	

	
    Current index:	19501	
    Magnitude of W_grad:	24.726345968804	
    Magnitude of W:	179872.92387434	
    Magnitude of B_grad:	0.13794119195237	
    Magnitude of b:	9.8400361170127	

	
    Current index:	29501	
    Magnitude of W_grad:	33.885886874669	
    Magnitude of W:	179833.33359462	
    Magnitude of B_grad:	0.14573835233732	
    Magnitude of b:	9.9839462874099	

	
    Current index:	39501	
    Magnitude of W_grad:	23.868484130744	
    Magnitude of W:	179792.18519734	
    Magnitude of B_grad:	0.12930335114381	
    Magnitude of b:	10.089562722729	

	
    Current index:	49501	
    Magnitude of W_grad:	25.688112625184	
    Magnitude of W:	179752.36376573	
    Magnitude of B_grad:	0.052954611096627	
    Magnitude of b:	10.307811932945	

	
    Current index:	59501	
    Magnitude of W_grad:	23.308847459668	
    Magnitude of W:	179712.63272225	
    Magnitude of B_grad:	0.078751223173449	
    Magnitude of b:	10.228177653772	

	
    Current index:	69501	
    Magnitude of W_grad:	34.261409943696	
    Magnitude of W:	179670.68380279	
    Magnitude of B_grad:	0.056694868664244	
    Magnitude of b:	10.662967754365	

	
    Current index:	79501	
    Magnitude of W_grad:	23.334464767417	
    Magnitude of W:	179629.71998624	
    Magnitude of B_grad:	0.10276556823948	
    Magnitude of b:	10.768580223934	

	
    Current index:	89501	
    Magnitude of W_grad:	30.891980778288	
    Magnitude of W:	179588.20330149	
    Magnitude of B_grad:	0.095009863625546	
    Magnitude of b:	10.357126282428	

	
    Current index:	99501	
    Magnitude of W_grad:	31.326152054637	
    Magnitude of W:	179547.39472668	
    Magnitude of B_grad:	0.16661463317918	
    Magnitude of b:	10.158476029571	

	
    Current index:	109501	
    Magnitude of W_grad:	26.927782659051	
    Magnitude of W:	179506.72281516	
    Magnitude of B_grad:	0.1563065230921	
    Magnitude of b:	10.462076384522	

	
    Current index:	119501	
    Magnitude of W_grad:	27.881040453411	
    Magnitude of W:	179466.70248926	
    Magnitude of B_grad:	0.16668531342521	
    Magnitude of b:	10.388393699473	

	
    Current index:	129501	
    Magnitude of W_grad:	32.56362985892	
    Magnitude of W:	179423.32619833	
    Magnitude of B_grad:	0.13168772896164	
    Magnitude of b:	10.516545521765	

	
    Current index:	139501	
    Magnitude of W_grad:	29.036191602742	
    Magnitude of W:	179382.37167203	
    Magnitude of B_grad:	0.087231443022878	
    Magnitude of b:	10.578476484271	

	
    Current index:	149501	
    Magnitude of W_grad:	30.626839948307	
    Magnitude of W:	179341.67538109	
    Magnitude of B_grad:	0.14042839249813	
    Magnitude of b:	10.719362455392	

	
SGD: Loss is	
	LOSS:Calculated softmax res	
405559.30304875	
SGD: crossEntropyLoss is	
405559.30304875	
SGD: Validation Accuracy is:	
0.30063578564941	
SGD: Magnitude of W:	
179314.16321421	
SGD: Magnitude of b:	
9.8512505835205	
    Current index:	9501	
    Magnitude of W_grad:	23.61151328437	
    Magnitude of W:	179276.64972945	
    Magnitude of B_grad:	0.14109357443534	
    Magnitude of b:	9.7488685278935	

	
    Current index:	19501	
    Magnitude of W_grad:	23.994960562923	
    Magnitude of W:	179239.59258714	
    Magnitude of B_grad:	0.14046648401047	
    Magnitude of b:	9.7309668615963	

	
    Current index:	29501	
    Magnitude of W_grad:	33.381154438617	
    Magnitude of W:	179201.69695463	
    Magnitude of B_grad:	0.14172368309804	
    Magnitude of b:	9.8694638232394	

	
    Current index:	39501	
    Magnitude of W_grad:	23.295215547514	
    Magnitude of W:	179162.05439883	
    Magnitude of B_grad:	0.1236374823616	
    Magnitude of b:	9.971464799658	

	
    Current index:	49501	
    Magnitude of W_grad:	25.113731569914	
    Magnitude of W:	179123.74976258	
    Magnitude of B_grad:	0.055986658251467	
    Magnitude of b:	10.178659214177	

	
    Current index:	59501	
    Magnitude of W_grad:	22.635117824893	
    Magnitude of W:	179085.65727894	
    Magnitude of B_grad:	0.073180189703878	
    Magnitude of b:	10.1083225664	

	
    Current index:	69501	
    Magnitude of W_grad:	33.026929410625	
    Magnitude of W:	179045.43693643	
    Magnitude of B_grad:	0.057952544070405	
    Magnitude of b:	10.530531172499	

	
    Current index:	79501	
    Magnitude of W_grad:	22.264564574432	
    Magnitude of W:	179006.18112879	
    Magnitude of B_grad:	0.10725228173668	
    Magnitude of b:	10.63236433678	

	
    Current index:	89501	
    Magnitude of W_grad:	29.972417665646	
    Magnitude of W:	178966.56641781	
    Magnitude of B_grad:	0.11051881698412	
    Magnitude of b:	10.23865103337	

	
    Current index:	99501	
    Magnitude of W_grad:	30.385020853912	
    Magnitude of W:	178927.32692803	
    Magnitude of B_grad:	0.16556792076386	
    Magnitude of b:	10.036570548954	

	
    Current index:	109501	
    Magnitude of W_grad:	25.269747267723	
    Magnitude of W:	178888.60539089	
    Magnitude of B_grad:	0.14647288355361	
    Magnitude of b:	10.342546311088	

	
    Current index:	119501	
    Magnitude of W_grad:	26.779331272704	
    Magnitude of W:	178850.19621413	
    Magnitude of B_grad:	0.16104821703254	
    Magnitude of b:	10.278141621282	

	
    Current index:	129501	
    Magnitude of W_grad:	31.264289118481	
    Magnitude of W:	178808.75250442	
    Magnitude of B_grad:	0.12438718944216	
    Magnitude of b:	10.390016505561	

	
    Current index:	139501	
    Magnitude of W_grad:	27.663665186087	
    Magnitude of W:	178769.26276841	
    Magnitude of B_grad:	0.083098391542718	
    Magnitude of b:	10.472011048834	

	
    Current index:	149501	
    Magnitude of W_grad:	29.569160349599	
    Magnitude of W:	178729.89825926	
    Magnitude of B_grad:	0.13627413523632	
    Magnitude of b:	10.598750816598	

	
SGD: Loss is	
	LOSS:Calculated softmax res	
391588.73531385	
SGD: crossEntropyLoss is	
391588.73531385	
SGD: Validation Accuracy is:	
0.30971843778383	
SGD: Magnitude of W:	
178703.13411226	
SGD: Magnitude of b:	
9.7507170022169	
    Current index:	9501	
    Magnitude of W_grad:	22.97974640028	
    Magnitude of W:	178666.74945908	
    Magnitude of B_grad:	0.14059923445018	
    Magnitude of b:	9.6410624713589	

	
    Current index:	19501	
    Magnitude of W_grad:	23.302618784118	
    Magnitude of W:	178631.22551798	
    Magnitude of B_grad:	0.1415110290497	
    Magnitude of b:	9.6358365053652	

	
    Current index:	29501	
    Magnitude of W_grad:	32.583420652382	
    Magnitude of W:	178594.46566527	
    Magnitude of B_grad:	0.1374914809013	
    Magnitude of b:	9.7711139394547	

	
    Current index:	39501	
    Magnitude of W_grad:	22.901017794777	
    Magnitude of W:	178556.06616257	
    Magnitude of B_grad:	0.11740236017904	
    Magnitude of b:	9.876373442394	

	
    Current index:	49501	
    Magnitude of W_grad:	24.685917254769	
    Magnitude of W:	178518.91941476	
    Magnitude of B_grad:	0.058701131719932	
    Magnitude of b:	10.066634848736	

	
    Current index:	59501	
    Magnitude of W_grad:	21.988991193244	
    Magnitude of W:	178481.96813888	
    Magnitude of B_grad:	0.068054190091534	
    Magnitude of b:	10.004536670319	

	
    Current index:	69501	
    Magnitude of W_grad:	31.41053780428	
    Magnitude of W:	178443.35984646	
    Magnitude of B_grad:	0.060267283413385	
    Magnitude of b:	10.41770646171	

	
    Current index:	79501	
    Magnitude of W_grad:	21.480407725862	
    Magnitude of W:	178405.43207961	
    Magnitude of B_grad:	0.10962737475369	
    Magnitude of b:	10.515045828072	

	
    Current index:	89501	
    Magnitude of W_grad:	29.296887410018	
    Magnitude of W:	178367.29057085	
    Magnitude of B_grad:	0.1219578383195	
    Magnitude of b:	10.13635768084	

	
    Current index:	99501	
    Magnitude of W_grad:	29.602714623069	
    Magnitude of W:	178329.0025442	
    Magnitude of B_grad:	0.16518355337704	
    Magnitude of b:	9.9323825912552	

	
    Current index:	109501	
    Magnitude of W_grad:	24.467616379497	
    Magnitude of W:	178291.61891484	
    Magnitude of B_grad:	0.13793544042407	
    Magnitude of b:	10.243928505249	

	
    Current index:	119501	
    Magnitude of W_grad:	26.001354257862	
    Magnitude of W:	178254.19607319	
    Magnitude of B_grad:	0.15388208328182	
    Magnitude of b:	10.182644102363	

	
    Current index:	129501	
    Magnitude of W_grad:	29.904140466996	
    Magnitude of W:	178213.74099597	
    Magnitude of B_grad:	0.1174392064619	
    Magnitude of b:	10.28185091198	

	
    Current index:	139501	
    Magnitude of W_grad:	26.641078774816	
    Magnitude of W:	178175.48908598	
    Magnitude of B_grad:	0.079847438776753	
    Magnitude of b:	10.381901144217	

	
    Current index:	149501	
    Magnitude of W_grad:	28.532297445207	
    Magnitude of W:	178137.11760107	
    Magnitude of B_grad:	0.13107271293596	
    Magnitude of b:	10.499160992455	

	
SGD: Loss is	
	LOSS:Calculated softmax res	
379696.40529633	
SGD: crossEntropyLoss is	
379696.40529633	
SGD: Validation Accuracy is:	
0.3133514986376	
SGD: Magnitude of W:	
178111.29287181	
SGD: Magnitude of b:	
9.670633748376	
    Current index:	9501	
    Magnitude of W_grad:	22.280430407301	
    Magnitude of W:	178075.88325043	
    Magnitude of B_grad:	0.13780266092222	
    Magnitude of b:	9.5540144121104	

	
    Current index:	19501	
    Magnitude of W_grad:	22.642489991254	
    Magnitude of W:	178041.30264598	
    Magnitude of B_grad:	0.14137709268658	
    Magnitude of b:	9.5563971056279	

	
    Current index:	29501	
    Magnitude of W_grad:	31.677973471205	
    Magnitude of W:	178005.80656723	
    Magnitude of B_grad:	0.1329793288854	
    Magnitude of b:	9.6887680898266	

	
    Current index:	39501	
    Magnitude of W_grad:	22.58739807088	
    Magnitude of W:	177968.37450306	
    Magnitude of B_grad:	0.11273173958169	
    Magnitude of b:	9.7990108944818	

	
    Current index:	49501	
    Magnitude of W_grad:	24.236922346973	
    Magnitude of W:	177932.14891153	
    Magnitude of B_grad:	0.06059858550991	
    Magnitude of b:	9.9710362581265	

	
    Current index:	59501	
    Magnitude of W_grad:	21.421679525528	
    Magnitude of W:	177896.41677693	
    Magnitude of B_grad:	0.067679472444912	
    Magnitude of b:	9.9156822448858	

	
    Current index:	69501	
    Magnitude of W_grad:	29.722761664739	
    Magnitude of W:	177859.0733519	
    Magnitude of B_grad:	0.062115366328058	
    Magnitude of b:	10.321208265149	

	
    Current index:	79501	
    Magnitude of W_grad:	20.823541088868	
    Magnitude of W:	177822.31941102	
    Magnitude of B_grad:	0.11052688230662	
    Magnitude of b:	10.415074964506	

	
    Current index:	89501	
    Magnitude of W_grad:	28.723290239385	
    Magnitude of W:	177785.5072113	
    Magnitude of B_grad:	0.12868986242088	
    Magnitude of b:	10.048450672428	

	
    Current index:	99501	
    Magnitude of W_grad:	28.919512893325	
    Magnitude of W:	177748.06014833	
    Magnitude of B_grad:	0.16530636455749	
    Magnitude of b:	9.8430956545416	

	
    Current index:	109501	
    Magnitude of W_grad:	23.982297362967	
    Magnitude of W:	177711.88814747	
    Magnitude of B_grad:	0.13105057813911	
    Magnitude of b:	10.157089230101	

	
    Current index:	119501	
    Magnitude of W_grad:	25.297131730082	
    Magnitude of W:	177675.39815638	
    Magnitude of B_grad:	0.14505668776374	
    Magnitude of b:	10.097715579372	

	
    Current index:	129501	
    Magnitude of W_grad:	28.667751639636	
    Magnitude of W:	177636.09060175	
    Magnitude of B_grad:	0.11005125085431	
    Magnitude of b:	10.187581818836	

	
    Current index:	139501	
    Magnitude of W_grad:	25.9805001005	
    Magnitude of W:	177598.74615937	
    Magnitude of B_grad:	0.077056021755411	
    Magnitude of b:	10.302541458794	

	
    Current index:	149501	
    Magnitude of W_grad:	27.571761892883	
    Magnitude of W:	177561.46197625	
    Magnitude of B_grad:	0.12509212234173	
    Magnitude of b:	10.413457279621	

	
SGD: Loss is	
	LOSS:Calculated softmax res	
369362.66675929	
SGD: crossEntropyLoss is	
369362.66675929	
SGD: Validation Accuracy is:	
0.31789282470481	
SGD: Magnitude of W:	
177536.4213503	
SGD: Magnitude of b:	
9.6039061934686	
    Current index:	9501	
    Magnitude of W_grad:	21.558748069936	
    Magnitude of W:	177502.10608595	
    Magnitude of B_grad:	0.13275041468502	
    Magnitude of b:	9.4790730613583	

	
    Current index:	19501	
    Magnitude of W_grad:	22.019861051933	
    Magnitude of W:	177468.68954461	
    Magnitude of B_grad:	0.13985030265402	
    Magnitude of b:	9.4858427342944	

	
    Current index:	29501	
    Magnitude of W_grad:	30.737381866297	
    Magnitude of W:	177434.61732974	
    Magnitude of B_grad:	0.12790092443494	
    Magnitude of b:	9.6168830158852	

	
    Current index:	39501	
    Magnitude of W_grad:	22.256251508455	
    Magnitude of W:	177398.39381007	
    Magnitude of B_grad:	0.10751795657263	
    Magnitude of b:	9.7320866106351	

	
    Current index:	49501	
    Magnitude of W_grad:	23.703412250209	
    Magnitude of W:	177362.97003686	
    Magnitude of B_grad:	0.060863590051768	
    Magnitude of b:	9.8869417445679	

	
    Current index:	59501	
    Magnitude of W_grad:	20.907732548547	
    Magnitude of W:	177328.11468358	
    Magnitude of B_grad:	0.074466520692374	
    Magnitude of b:	9.8368304511896	

	
    Current index:	69501	
    Magnitude of W_grad:	28.165176103448	
    Magnitude of W:	177291.78835123	
    Magnitude of B_grad:	0.063174484026548	
    Magnitude of b:	10.235405298916	

	
    Current index:	79501	
    Magnitude of W_grad:	20.239452655771	
    Magnitude of W:	177255.98872546	
    Magnitude of B_grad:	0.11024036316519	
    Magnitude of b:	10.327901900652	

	
    Current index:	89501	
    Magnitude of W_grad:	28.21886753617	
    Magnitude of W:	177220.29244263	
    Magnitude of B_grad:	0.13191690809365	
    Magnitude of b:	9.969762066831	

	
    Current index:	99501	
    Magnitude of W_grad:	28.281177824149	
    Magnitude of W:	177183.85488473	
    Magnitude of B_grad:	0.16579562087988	
    Magnitude of b:	9.7634915644854	

	
    Current index:	109501	
    Magnitude of W_grad:	23.625683628182	
    Magnitude of W:	177148.65895579	
    Magnitude of B_grad:	0.12566112883793	
    Magnitude of b:	10.076756598984	

	
    Current index:	119501	
    Magnitude of W_grad:	24.581771380259	
    Magnitude of W:	177113.00359242	
    Magnitude of B_grad:	0.13531998533251	
    Magnitude of b:	10.019546273784	

	
    Current index:	129501	
    Magnitude of W_grad:	27.613570796364	
    Magnitude of W:	177074.86956386	
    Magnitude of B_grad:	0.10236806117578	
    Magnitude of b:	10.102472844422	

	
    Current index:	139501	
    Magnitude of W_grad:	25.660241414904	
    Magnitude of W:	177038.58981037	
    Magnitude of B_grad:	0.074896298367066	
    Magnitude of b:	10.229668263882	

	
    Current index:	149501	
    Magnitude of W_grad:	26.624375413906	
    Magnitude of W:	177002.22487209	
    Magnitude of B_grad:	0.11847436149144	
    Magnitude of b:	10.335618568237	

	
SGD: Loss is	
	LOSS:Calculated softmax res	
360262.92906697	
SGD: crossEntropyLoss is	
360262.92906697	
SGD: Validation Accuracy is:	
0.32515894641235	
SGD: Magnitude of W:	
176977.70420258	
SGD: Magnitude of b:	
9.544167012133	
    Current index:	9501	
    Magnitude of W_grad:	20.843016682095	
    Magnitude of W:	176944.24597176	
    Magnitude of B_grad:	0.12592297615919	
    Magnitude of b:	9.4103356332517	

	
    Current index:	19501	
    Magnitude of W_grad:	21.425145699833	
    Magnitude of W:	176911.65387399	
    Magnitude of B_grad:	0.13710677065884	
    Magnitude of b:	9.4194621828454	

	
    Current index:	29501	
    Magnitude of W_grad:	29.864474813694	
    Magnitude of W:	176878.46740249	
    Magnitude of B_grad:	0.12300724185003	
    Magnitude of b:	9.5504345614316	

	
    Current index:	39501	
    Magnitude of W_grad:	21.88979261681	
    Magnitude of W:	176843.02251852	
    Magnitude of B_grad:	0.10229577675419	
    Magnitude of b:	9.6706158803707	

	
    Current index:	49501	
    Magnitude of W_grad:	23.070382925243	
    Magnitude of W:	176808.47405129	
    Magnitude of B_grad:	0.059552807080171	
    Magnitude of b:	9.8112748381181	

	
    Current index:	59501	
    Magnitude of W_grad:	20.427051401766	
    Magnitude of W:	176774.2307896	
    Magnitude of B_grad:	0.079336204974234	
    Magnitude of b:	9.7648963575108	

	
    Current index:	69501	
    Magnitude of W_grad:	26.820729912758	
    Magnitude of W:	176738.85542007	
    Magnitude of B_grad:	0.064169430686713	
    Magnitude of b:	10.157266488726	

	
    Current index:	79501	
    Magnitude of W_grad:	19.756255799563	
    Magnitude of W:	176704.00914942	
    Magnitude of B_grad:	0.10903896002311	
    Magnitude of b:	10.249793023109	

	
    Current index:	89501	
    Magnitude of W_grad:	27.709206941208	
    Magnitude of W:	176669.24892124	
    Magnitude of B_grad:	0.13283311345997	
    Magnitude of b:	9.8978676445429	

	
    Current index:	99501	
    Magnitude of W_grad:	27.680537348326	
    Magnitude of W:	176633.69623781	
    Magnitude of B_grad:	0.16639492679043	
    Magnitude of b:	9.6903259408979	

	
    Current index:	109501	
    Magnitude of W_grad:	23.277974615331	
    Magnitude of W:	176599.44150591	
    Magnitude of B_grad:	0.12149582992594	
    Magnitude of b:	10.001228296076	

	
    Current index:	119501	
    Magnitude of W_grad:	23.882429510677	
    Magnitude of W:	176564.73040258	
    Magnitude of B_grad:	0.12567333609158	
    Magnitude of b:	9.9469820262421	

	
    Current index:	129501	
    Magnitude of W_grad:	26.717329048298	
    Magnitude of W:	176527.58114185	
    Magnitude of B_grad:	0.094845377368467	
    Magnitude of b:	10.024747784931	

	
    Current index:	139501	
    Magnitude of W_grad:	25.456092670965	
    Magnitude of W:	176492.43158507	
    Magnitude of B_grad:	0.075596426039061	
    Magnitude of b:	10.161740893726	

	
    Current index:	149501	
    Magnitude of W_grad:	25.679465587947	
    Magnitude of W:	176456.94344709	
    Magnitude of B_grad:	0.11101990060747	
    Magnitude of b:	10.263261322487	

	
SGD: Loss is	
	LOSS:Calculated softmax res	
352165.83296364	
SGD: crossEntropyLoss is	
352165.83296364	
SGD: Validation Accuracy is:	
0.32788374205268	
SGD: Magnitude of W:	
176432.99432982	
SGD: Magnitude of b:	
9.4891107374233	
    Current index:	9501	
    Magnitude of W_grad:	20.170287684579	
    Magnitude of W:	176400.39501544	
    Magnitude of B_grad:	0.1184876307797	
    Magnitude of b:	9.3457022317692	

	
    Current index:	19501	
    Magnitude of W_grad:	20.820001998321	
    Magnitude of W:	176368.47404204	
    Magnitude of B_grad:	0.13324292299243	
    Magnitude of b:	9.3562783242861	

	
    Current index:	29501	
    Magnitude of W_grad:	29.086511724044	
    Magnitude of W:	176336.09238712	
    Magnitude of B_grad:	0.11862920584891	
    Magnitude of b:	9.4883311921759	

	
    Current index:	39501	
    Magnitude of W_grad:	21.490300054296	
    Magnitude of W:	176301.49905574	
    Magnitude of B_grad:	0.097450512601522	
    Magnitude of b:	9.6119677545313	

	
    Current index:	49501	
    Magnitude of W_grad:	22.402029064625	
    Magnitude of W:	176267.67099516	
    Magnitude of B_grad:	0.057336362081477	
    Magnitude of b:	9.7412774181697	

	
    Current index:	59501	
    Magnitude of W_grad:	20.022765193176	
    Magnitude of W:	176233.93905157	
    Magnitude of B_grad:	0.082632956802824	
    Magnitude of b:	9.6974169638643	

	
    Current index:	69501	
    Magnitude of W_grad:	25.731234187323	
    Magnitude of W:	176199.7179703	
    Magnitude of B_grad:	0.06531634132908	
    Magnitude of b:	10.084409911475	

	
    Current index:	79501	
    Magnitude of W_grad:	19.32309427797	
    Magnitude of W:	176165.81719886	
    Magnitude of B_grad:	0.10722998865658	
    Magnitude of b:	10.177385991122	

	
    Current index:	89501	
    Magnitude of W_grad:	27.201895498054	
    Magnitude of W:	176131.92596136	
    Magnitude of B_grad:	0.13220849383283	
    Magnitude of b:	9.830799240485	

	
    Current index:	99501	
    Magnitude of W_grad:	27.111662908222	
    Magnitude of W:	176097.18660313	
    Magnitude of B_grad:	0.16697908050604	
    Magnitude of b:	9.6229118257344	

	
    Current index:	109501	
    Magnitude of W_grad:	22.91378361915	
    Magnitude of W:	176063.83957008	
    Magnitude of B_grad:	0.11840476690346	
    Magnitude of b:	9.9300276177452	

	
    Current index:	119501	
    Magnitude of W_grad:	23.30442130547	
    Magnitude of W:	176029.98599115	
    Magnitude of B_grad:	0.12168917237893	
    Magnitude of b:	9.8793586465338	

	
    Current index:	129501	
    Magnitude of W_grad:	25.949768035331	
    Magnitude of W:	175993.73341075	
    Magnitude of B_grad:	0.088625758218934	
    Magnitude of b:	9.952751339698	

	
    Current index:	139501	
    Magnitude of W_grad:	25.24225763095	
    Magnitude of W:	175959.14921906	
    Magnitude of B_grad:	0.078273819320459	
    Magnitude of b:	10.097108326817	

	
    Current index:	149501	
    Magnitude of W_grad:	24.72477682367	
    Magnitude of W:	175924.51902384	
    Magnitude of B_grad:	0.10272034775033	
    Magnitude of b:	10.194783925573	

	
SGD: Loss is	
	LOSS:Calculated softmax res	
344882.94493385	
SGD: crossEntropyLoss is	
344882.94493385	
SGD: Validation Accuracy is:	
0.33514986376022	
SGD: Magnitude of W:	
175901.17211828	
SGD: Magnitude of b:	
9.4372725672201	
    Current index:	9501	
    Magnitude of W_grad:	19.561921223622	
    Magnitude of W:	175869.33079206	
    Magnitude of B_grad:	0.11126876381879	
    Magnitude of b:	9.2847732055846	

	
    Current index:	19501	
    Magnitude of W_grad:	20.189983820973	
    Magnitude of W:	175838.27905022	
    Magnitude of B_grad:	0.12841770363281	
    Magnitude of b:	9.295945594346	

	
    Current index:	29501	
    Magnitude of W_grad:	28.398204110408	
    Magnitude of W:	175806.40342839	
    Magnitude of B_grad:	0.11487981474517	
    Magnitude of b:	9.4297768032063	

	
    Current index:	39501	
    Magnitude of W_grad:	21.111382342688	
    Magnitude of W:	175772.4106013	
    Magnitude of B_grad:	0.093239484478957	
    Magnitude of b:	9.5550064993335	

	
    Current index:	49501	
    Magnitude of W_grad:	21.708124608139	
    Magnitude of W:	175739.45034811	
    Magnitude of B_grad:	0.054688489808967	
    Magnitude of b:	9.6750665481226	

	
    Current index:	59501	
    Magnitude of W_grad:	19.65931429971	
    Magnitude of W:	175706.54920565	
    Magnitude of B_grad:	0.084696086798587	
    Magnitude of b:	9.6330191265694	

	
    Current index:	69501	
    Magnitude of W_grad:	24.856564756006	
    Magnitude of W:	175673.11137449	
    Magnitude of B_grad:	0.066497471887538	
    Magnitude of b:	10.015556804636	

	
    Current index:	79501	
    Magnitude of W_grad:	18.924319076567	
    Magnitude of W:	175639.91277102	
    Magnitude of B_grad:	0.10505086709686	
    Magnitude of b:	10.108825825239	

	
    Current index:	89501	
    Magnitude of W_grad:	26.686267913886	
    Magnitude of W:	175606.90772298	
    Magnitude of B_grad:	0.13050805894573	
    Magnitude of b:	9.7673337375426	

	
    Current index:	99501	
    Magnitude of W_grad:	26.584972793903	
    Magnitude of W:	175572.94846843	
    Magnitude of B_grad:	0.16754124575636	
    Magnitude of b:	9.5613869442502	

	
    Current index:	109501	
    Magnitude of W_grad:	22.585067080368	
    Magnitude of W:	175540.44007181	
    Magnitude of B_grad:	0.1162811585962	
    Magnitude of b:	9.863145560846	

	
    Current index:	119501	
    Magnitude of W_grad:	22.742315027586	
    Magnitude of W:	175507.39396963	
    Magnitude of B_grad:	0.12140798885204	
    Magnitude of b:	9.8162106029171	

	
    Current index:	129501	
    Magnitude of W_grad:	25.245607389429	
    Magnitude of W:	175471.99159991	
    Magnitude of B_grad:	0.083497899877127	
    Magnitude of b:	9.8855386876835	

	
    Current index:	139501	
    Magnitude of W_grad:	25.04270680343	
    Magnitude of W:	175437.999125	
    Magnitude of B_grad:	0.080313665604409	
    Magnitude of b:	10.034734011497	

	
    Current index:	149501	
    Magnitude of W_grad:	23.819495603909	
    Magnitude of W:	175404.02148526	
    Magnitude of B_grad:	0.094087762244122	
    Magnitude of b:	10.129597825454	

	
SGD: Loss is	
	LOSS:Calculated softmax res	
338267.60233756	
SGD: crossEntropyLoss is	
338267.60233756	
SGD: Validation Accuracy is:	
0.33424159854678	
SGD: Magnitude of W:	
175381.0108034	
SGD: Magnitude of b:	
9.387499532368	
    Current index:	9501	
    Magnitude of W_grad:	19.015104553579	
    Magnitude of W:	175349.8288954	
    Magnitude of B_grad:	0.10449872889508	
    Magnitude of b:	9.2275101069747	

	
    Current index:	19501	
    Magnitude of W_grad:	19.571149324851	
    Magnitude of W:	175319.53106129	
    Magnitude of B_grad:	0.12291500984683	
    Magnitude of b:	9.238246861295	

	
    Current index:	29501	
    Magnitude of W_grad:	27.78709509589	
    Magnitude of W:	175288.21558282	
    Magnitude of B_grad:	0.11175598604891	
    Magnitude of b:	9.374158326941	

	
    Current index:	39501	
    Magnitude of W_grad:	20.7425180172	
    Magnitude of W:	175254.9145573	
    Magnitude of B_grad:	0.089743027488878	
    Magnitude of b:	9.499549214779	

	
    Current index:	49501	
    Magnitude of W_grad:	21.02770983077	
    Magnitude of W:	175222.76535934	
    Magnitude of B_grad:	0.051869993673012	
    Magnitude of b:	9.6118183602567	

	
    Current index:	59501	
    Magnitude of W_grad:	19.331579426629	
    Magnitude of W:	175190.27280074	
    Magnitude of B_grad:	0.085747612535585	
    Magnitude of b:	9.5712292382222	

	
    Current index:	69501	
    Magnitude of W_grad:	24.127043970194	
    Magnitude of W:	175157.56414161	
    Magnitude of B_grad:	0.067480993238449	
    Magnitude of b:	9.9501531969121	

	
    Current index:	79501	
    Magnitude of W_grad:	18.558954235208	
    Magnitude of W:	175125.11497065	
    Magnitude of B_grad:	0.10269386497777	
    Magnitude of b:	10.043369743542	

	
    Current index:	89501	
    Magnitude of W_grad:	26.142585631243	
    Magnitude of W:	175092.946076	
    Magnitude of B_grad:	0.12801477205178	
    Magnitude of b:	9.7068530424232	

	
    Current index:	99501	
    Magnitude of W_grad:	26.091490959205	
    Magnitude of W:	175059.61299858	
    Magnitude of B_grad:	0.16794125823023	
    Magnitude of b:	9.5037454778207	

	
    Current index:	109501	
    Magnitude of W_grad:	22.239666738731	
    Magnitude of W:	175027.71647513	
    Magnitude of B_grad:	0.11492470818392	
    Magnitude of b:	9.7995647929577	

	
    Current index:	119501	
    Magnitude of W_grad:	22.236887564469	
    Magnitude of W:	174995.39453361	
    Magnitude of B_grad:	0.12096337530794	
    Magnitude of b:	9.7564844781702	

	
    Current index:	129501	
    Magnitude of W_grad:	24.588815665146	
    Magnitude of W:	174960.57642838	
    Magnitude of B_grad:	0.078807018228615	
    Magnitude of b:	9.8223403083903	

	
    Current index:	139501	
    Magnitude of W_grad:	24.844570819469	
    Magnitude of W:	174927.12766159	
    Magnitude of B_grad:	0.081781054877483	
    Magnitude of b:	9.9745679680384	

	
    Current index:	149501	
    Magnitude of W_grad:	23.028763166261	
    Magnitude of W:	174893.73023659	
    Magnitude of B_grad:	0.085641475050255	
    Magnitude of b:	10.068087793033	

	
SGD: Loss is	
	LOSS:Calculated softmax res	
332215.17680485	
SGD: crossEntropyLoss is	
332215.17680485	
SGD: Validation Accuracy is:	
0.3369663941871	
SGD: Magnitude of W:	
174871.21016151	
SGD: Magnitude of b:	
9.3395421558303	
    Current index:	9501	
    Magnitude of W_grad:	18.524421620879	
    Magnitude of W:	174840.69450706	
    Magnitude of B_grad:	0.098237285731133	
    Magnitude of b:	9.1737241746432	

	
    Current index:	19501	
    Magnitude of W_grad:	18.966034343439	
    Magnitude of W:	174810.91678482	
    Magnitude of B_grad:	0.11720610462974	
    Magnitude of b:	9.1833410140678	

	
    Current index:	29501	
    Magnitude of W_grad:	27.231171005022	
    Magnitude of W:	174780.24700737	
    Magnitude of B_grad:	0.10913085310607	
    Magnitude of b:	9.321313383757	

	
    Current index:	39501	
    Magnitude of W_grad:	20.392629941602	
    Magnitude of W:	174747.61422026	
    Magnitude of B_grad:	0.086858631376504	
    Magnitude of b:	9.445929729561	

	
    Current index:	49501	
    Magnitude of W_grad:	20.377684396797	
    Magnitude of W:	174716.05648213	
    Magnitude of B_grad:	0.049008690814139	
    Magnitude of b:	9.5514089615405	

	
    Current index:	59501	
    Magnitude of W_grad:	19.015913970179	
    Magnitude of W:	174684.29522604	
    Magnitude of B_grad:	0.08591739372092	
    Magnitude of b:	9.5120000636991	

	
    Current index:	69501	
    Magnitude of W_grad:	23.509484167365	
    Magnitude of W:	174651.89731787	
    Magnitude of B_grad:	0.068068588917207	
    Magnitude of b:	9.8878920829793	

	
    Current index:	79501	
    Magnitude of W_grad:	18.216054001174	
    Magnitude of W:	174620.11693895	
    Magnitude of B_grad:	0.10029507556862	
    Magnitude of b:	9.9807162419754	

	
    Current index:	89501	
    Magnitude of W_grad:	25.608921991095	
    Magnitude of W:	174588.79329523	
    Magnitude of B_grad:	0.12494537931923	
    Magnitude of b:	9.6491396501307	

	
    Current index:	99501	
    Magnitude of W_grad:	25.622089994585	
    Magnitude of W:	174555.84622272	
    Magnitude of B_grad:	0.16805884529923	
    Magnitude of b:	9.4489765897709	

	
    Current index:	109501	
    Magnitude of W_grad:	21.888652317955	
    Magnitude of W:	174524.58749464	
    Magnitude of B_grad:	0.11400954064803	
    Magnitude of b:	9.7388753870109	

	
    Current index:	119501	
    Magnitude of W_grad:	21.764254654469	
    Magnitude of W:	174492.77579377	
    Magnitude of B_grad:	0.12040441217252	
    Magnitude of b:	9.6996469387321	

	
    Current index:	129501	
    Magnitude of W_grad:	24.000388411095	
    Magnitude of W:	174458.64207019	
    Magnitude of B_grad:	0.07446877440526	
    Magnitude of b:	9.7627942520246	

	
    Current index:	139501	
    Magnitude of W_grad:	24.65208295789	
    Magnitude of W:	174425.77127248	
    Magnitude of B_grad:	0.082742343416332	
    Magnitude of b:	9.9169545527176	

	
    Current index:	149501	
    Magnitude of W_grad:	22.344521331762	
    Magnitude of W:	174393.03213747	
    Magnitude of B_grad:	0.077547973033222	
    Magnitude of b:	10.010646525026	

	
SGD: Loss is	
	LOSS:Calculated softmax res	
326650.62813316	
SGD: crossEntropyLoss is	
326650.62813316	
SGD: Validation Accuracy is:	
0.33424159854678	
SGD: Magnitude of W:	
174370.95409262	
SGD: Magnitude of b:	
9.2936056817626	
    Current index:	9501	
    Magnitude of W_grad:	18.148215069542	
    Magnitude of W:	174341.00969213	
    Magnitude of B_grad:	0.092531211976204	
    Magnitude of b:	9.1231623035425	

	
    Current index:	19501	
    Magnitude of W_grad:	18.424028833696	
    Magnitude of W:	174311.75342602	
    Magnitude of B_grad:	0.11176961092278	
    Magnitude of b:	9.1314754937022	

	
    Current index:	29501	
    Magnitude of W_grad:	26.712258746019	
    Magnitude of W:	174281.75635665	
    Magnitude of B_grad:	0.10685347038843	
    Magnitude of b:	9.2711831237973	

	
    Current index:	39501	
    Magnitude of W_grad:	20.053092491666	
    Magnitude of W:	174249.51884115	
    Magnitude of B_grad:	0.084429529265461	
    Magnitude of b:	9.3945615079651	

	
    Current index:	49501	
    Magnitude of W_grad:	19.764520786623	
    Magnitude of W:	174218.48278172	
    Magnitude of B_grad:	0.046171321277962	
    Magnitude of b:	9.4939819723443	

	
    Current index:	59501	
    Magnitude of W_grad:	18.709503397263	
    Magnitude of W:	174187.52460291	
    Magnitude of B_grad:	0.085331683488243	
    Magnitude of b:	9.4553712274351	

	
    Current index:	69501	
    Magnitude of W_grad:	22.977377297495	
    Magnitude of W:	174155.52614861	
    Magnitude of B_grad:	0.068192124558432	
    Magnitude of b:	9.828536333191	

	
    Current index:	79501	
    Magnitude of W_grad:	17.886854323234	
    Magnitude of W:	174124.18433752	
    Magnitude of B_grad:	0.09792793008667	
    Magnitude of b:	9.9207212702593	

	
    Current index:	89501	
    Magnitude of W_grad:	25.08323659921	
    Magnitude of W:	174093.42703041	
    Magnitude of B_grad:	0.12151142417368	
    Magnitude of b:	9.594251933126	

	
    Current index:	99501	
    Magnitude of W_grad:	25.162972499957	
    Magnitude of W:	174060.93257028	
    Magnitude of B_grad:	0.16789716285531	
    Magnitude of b:	9.3969895102978	

	
    Current index:	109501	
    Magnitude of W_grad:	21.543605365009	
    Magnitude of W:	174030.02010719	
    Magnitude of B_grad:	0.11324189850432	
    Magnitude of b:	9.6811503185909	

	
    Current index:	119501	
    Magnitude of W_grad:	21.318662235345	
    Magnitude of W:	173998.83648139	
    Magnitude of B_grad:	0.11975891678083	
    Magnitude of b:	9.6455253891416	

	
    Current index:	129501	
    Magnitude of W_grad:	23.466300533208	
    Magnitude of W:	173965.37769574	
    Magnitude of B_grad:	0.070361319074394	
    Magnitude of b:	9.7066591152919	

	
    Current index:	139501	
    Magnitude of W_grad:	24.472337868762	
    Magnitude of W:	173933.25355444	
    Magnitude of B_grad:	0.08338846266726	
    Magnitude of b:	9.8617400102283	

	
    Current index:	149501	
    Magnitude of W_grad:	21.754976970498	
    Magnitude of W:	173900.86264007	
    Magnitude of B_grad:	0.070708525598228	
    Magnitude of b:	9.9569641170184	

	
SGD: Loss is	
	LOSS:Calculated softmax res	
321517.22045592	
SGD: crossEntropyLoss is	
321517.22045592	
SGD: Validation Accuracy is:	
0.33787465940054	
SGD: Magnitude of W:	
173879.32475499	
SGD: Magnitude of b:	
9.2495973536519	
    Current index:	9501	
    Magnitude of W_grad:	17.833686647906	
    Magnitude of W:	173850.02378266	
    Magnitude of B_grad:	0.087391893175523	
    Magnitude of b:	9.0753930436086	

	
    Current index:	19501	
    Magnitude of W_grad:	17.973823981927	
    Magnitude of W:	173821.29757982	
    Magnitude of B_grad:	0.10687190053585	
    Magnitude of b:	9.0824879986097	

	
    Current index:	29501	
    Magnitude of W_grad:	26.218996955104	
    Magnitude of W:	173791.89667533	
    Magnitude of B_grad:	0.10481960758782	
    Magnitude of b:	9.2235044716286	

	
    Current index:	39501	
    Magnitude of W_grad:	19.743580824921	
    Magnitude of W:	173760.15603044	
    Magnitude of B_grad:	0.082327266651099	
    Magnitude of b:	9.3455595840323	

	
    Current index:	49501	
    Magnitude of W_grad:	19.195427625615	
    Magnitude of W:	173729.58740857	
    Magnitude of B_grad:	0.043394218767765	
    Magnitude of b:	9.4395245659405	

	
    Current index:	59501	
    Magnitude of W_grad:	18.416470993445	
    Magnitude of W:	173699.31935595	
    Magnitude of B_grad:	0.084144549428998	
    Magnitude of b:	9.4012355121474	

	
    Current index:	69501	
    Magnitude of W_grad:	22.512190425753	
    Magnitude of W:	173667.94593137	
    Magnitude of B_grad:	0.067893913226842	
    Magnitude of b:	9.7718078320377	

	
    Current index:	79501	
    Magnitude of W_grad:	17.576566543843	
    Magnitude of W:	173637.12789379	
    Magnitude of B_grad:	0.095616665156939	
    Magnitude of b:	9.8632095028419	

	
    Current index:	89501	
    Magnitude of W_grad:	24.569929154283	
    Magnitude of W:	173606.71943841	
    Magnitude of B_grad:	0.11791302996732	
    Magnitude of b:	9.5423032193677	

	
    Current index:	99501	
    Magnitude of W_grad:	24.715963839715	
    Magnitude of W:	173574.65480822	
    Magnitude of B_grad:	0.16754916022717	
    Magnitude of b:	9.3477852884343	

	
    Current index:	109501	
    Magnitude of W_grad:	21.219516109509	
    Magnitude of W:	173544.15740195	
    Magnitude of B_grad:	0.11245493946565	
    Magnitude of b:	9.626500976378	

	
    Current index:	119501	
    Magnitude of W_grad:	20.91468516126	
    Magnitude of W:	173513.48450293	
    Magnitude of B_grad:	0.11904707385975	
    Magnitude of b:	9.5940772533032	

	
    Current index:	129501	
    Magnitude of W_grad:	22.951519664743	
    Magnitude of W:	173480.50097944	
    Magnitude of B_grad:	0.06637581396239	
    Magnitude of b:	9.6537030539764	

	
    Current index:	139501	
    Magnitude of W_grad:	24.239539170694	
    Magnitude of W:	173449.01084212	
    Magnitude of B_grad:	0.084077030118027	
    Magnitude of b:	9.8086183276732	

	
    Current index:	149501	
    Magnitude of W_grad:	21.23902133148	
    Magnitude of W:	173417.15042966	
    Magnitude of B_grad:	0.068151075417	
    Magnitude of b:	9.9064579396112	

	
SGD: Loss is	
	LOSS:Calculated softmax res	
316768.95288324	
SGD: crossEntropyLoss is	
316768.95288324	
SGD: Validation Accuracy is:	
0.33878292461399	
SGD: Magnitude of W:	
173395.94234141	
SGD: Magnitude of b:	
9.2072082281493	
    Current index:	9501	
    Magnitude of W_grad:	17.558617352172	
    Magnitude of W:	173367.3166431	
    Magnitude of B_grad:	0.082804005655354	
    Magnitude of b:	9.0299695046373	

	
    Current index:	19501	
    Magnitude of W_grad:	17.595416795857	
    Magnitude of W:	173339.15640074	
    Magnitude of B_grad:	0.10254801748689	
    Magnitude of b:	9.0359956290843	

	
    Current index:	29501	
    Magnitude of W_grad:	25.737531393759	
    Magnitude of W:	173310.3150728	
    Magnitude of B_grad:	0.10295922610751	
    Magnitude of b:	9.177971920302	

	
    Current index:	39501	
    Magnitude of W_grad:	19.448639300542	
    Magnitude of W:	173279.00362038	
    Magnitude of B_grad:	0.080469485405998	
    Magnitude of b:	9.2988311574729	

	
    Current index:	49501	
    Magnitude of W_grad:	18.68531676451	
    Magnitude of W:	173248.98762116	
    Magnitude of B_grad:	0.040702228494392	
    Magnitude of b:	9.3879006210134	

	
    Current index:	59501	
    Magnitude of W_grad:	18.143755969283	
    Magnitude of W:	173219.18707765	
    Magnitude of B_grad:	0.082502148205064	
    Magnitude of b:	9.3494655381503	

	
    Current index:	69501	
    Magnitude of W_grad:	22.10949766114	
    Magnitude of W:	173188.41190876	
    Magnitude of B_grad:	0.067266032699366	
    Magnitude of b:	9.7174893514845	

	
    Current index:	79501	
    Magnitude of W_grad:	17.284417925445	
    Magnitude of W:	173158.01815869	
    Magnitude of B_grad:	0.093367451838262	
    Magnitude of b:	9.8080037316554	

	
    Current index:	89501	
    Magnitude of W_grad:	24.076416554162	
    Magnitude of W:	173128.07664848	
    Magnitude of B_grad:	0.11431254900261	
    Magnitude of b:	9.4932896556371	

	
    Current index:	99501	
    Magnitude of W_grad:	24.278733187244	
    Magnitude of W:	173096.28473283	
    Magnitude of B_grad:	0.16709795719936	
    Magnitude of b:	9.3011599231136	

	
    Current index:	109501	
    Magnitude of W_grad:	20.898335328334	
    Magnitude of W:	173066.31979227	
    Magnitude of B_grad:	0.11157484670662	
    Magnitude of b:	9.5748227171381	

	
    Current index:	119501	
    Magnitude of W_grad:	20.561213492377	
    Magnitude of W:	173035.99004976	
    Magnitude of B_grad:	0.11828296376739	
    Magnitude of b:	9.545184524946	

	
    Current index:	129501	
    Magnitude of W_grad:	22.458282133405	
    Magnitude of W:	173003.37700241	
    Magnitude of B_grad:	0.062444245377823	
    Magnitude of b:	9.6036514431882	

	
    Current index:	139501	
    Magnitude of W_grad:	23.96981470064	
    Magnitude of W:	172972.3986616	
    Magnitude of B_grad:	0.086192185309601	
    Magnitude of b:	9.7573629997853	

	
    Current index:	149501	
    Magnitude of W_grad:	20.773069923207	
    Magnitude of W:	172941.10781333	
    Magnitude of B_grad:	0.065917288662124	
    Magnitude of b:	9.8586133641004	

	
SGD: Loss is	
	LOSS:Calculated softmax res	
312364.45611781	
SGD: crossEntropyLoss is	
312364.45611781	
SGD: Validation Accuracy is:	
0.33605812897366	
SGD: Magnitude of W:	
172920.2455996	
SGD: Magnitude of b:	
9.1661697299862	
    Current index:	9501	
    Magnitude of W_grad:	17.324820173112	
    Magnitude of W:	172892.09964075	
    Magnitude of B_grad:	0.078743071872922	
    Magnitude of b:	8.9865870479092	

	
    Current index:	19501	
    Magnitude of W_grad:	17.282115804689	
    Magnitude of W:	172864.43437858	
    Magnitude of B_grad:	0.098720376914078	
    Magnitude of b:	8.9916569763487	

	
    Current index:	29501	
    Magnitude of W_grad:	25.256190295828	
    Magnitude of W:	172835.90203274	
    Magnitude of B_grad:	0.10122965201545	
    Magnitude of b:	9.1343982991461	

	
    Current index:	39501	
    Magnitude of W_grad:	19.161493873265	
    Magnitude of W:	172805.1027023	
    Magnitude of B_grad:	0.080257900551811	
    Magnitude of b:	9.2542320793426	

	
    Current index:	49501	
    Magnitude of W_grad:	18.21218840583	
    Magnitude of W:	172775.48508114	
    Magnitude of B_grad:	0.038117280065604	
    Magnitude of b:	9.3389471314186	

	
    Current index:	59501	
    Magnitude of W_grad:	17.886679164307	
    Magnitude of W:	172746.04480908	
    Magnitude of B_grad:	0.080520604878802	
    Magnitude of b:	9.2999701669805	

	
    Current index:	69501	
    Magnitude of W_grad:	21.778435162016	
    Magnitude of W:	172715.63632713	
    Magnitude of B_grad:	0.066497141513423	
    Magnitude of b:	9.6654556905843	

	
    Current index:	79501	
    Magnitude of W_grad:	17.007436795313	
    Magnitude of W:	172685.56573942	
    Magnitude of B_grad:	0.091186291987937	
    Magnitude of b:	9.75495566712	

	
    Current index:	89501	
    Magnitude of W_grad:	23.614618999595	
    Magnitude of W:	172656.07277109	
    Magnitude of B_grad:	0.110816479398	
    Magnitude of b:	9.4470593930035	

	
    Current index:	99501	
    Magnitude of W_grad:	23.862402157748	
    Magnitude of W:	172624.63111238	
    Magnitude of B_grad:	0.16657125986642	
    Magnitude of b:	9.2568302243454	

	
    Current index:	109501	
    Magnitude of W_grad:	20.605725457025	
    Magnitude of W:	172595.16377441	
    Magnitude of B_grad:	0.11056692965123	
    Magnitude of b:	9.5258623330968	

	
    Current index:	119501	
    Magnitude of W_grad:	20.25222912698	
    Magnitude of W:	172565.2516807	
    Magnitude of B_grad:	0.11747418691207	
    Magnitude of b:	9.4986499328741	

	
    Current index:	129501	
    Magnitude of W_grad:	21.984725559135	
    Magnitude of W:	172533.15316107	
    Magnitude of B_grad:	0.05856321620499	
    Magnitude of b:	9.556251987621	

	
    Current index:	139501	
    Magnitude of W_grad:	23.661821617535	
    Magnitude of W:	172502.69359494	
    Magnitude of B_grad:	0.090583515379319	
    Magnitude of b:	9.7078041197892	

	
    Current index:	149501	
    Magnitude of W_grad:	20.334390764593	
    Magnitude of W:	172471.97011451	
    Magnitude of B_grad:	0.063969239461887	
    Magnitude of b:	9.8130540242606	

	
SGD: Loss is	
	LOSS:Calculated softmax res	
308263.29722914	
SGD: crossEntropyLoss is	
308263.29722914	
SGD: Validation Accuracy is:	
0.33514986376022	
SGD: Magnitude of W:	
172451.51453061	
SGD: Magnitude of b:	
9.1263777923178	
    Current index:	9501	
    Magnitude of W_grad:	17.125067209511	
    Magnitude of W:	172423.74169434	
    Magnitude of B_grad:	0.075173443258102	
    Magnitude of b:	8.9451138818169	

	
    Current index:	19501	
    Magnitude of W_grad:	17.017990883012	
    Magnitude of W:	172396.49522787	
    Magnitude of B_grad:	0.095302441645918	
    Magnitude of b:	8.9492686605802	

	
    Current index:	29501	
    Magnitude of W_grad:	24.769908841227	
    Magnitude of W:	172368.29436834	
    Magnitude of B_grad:	0.099621044873094	
    Magnitude of b:	9.0927361965238	

	
    Current index:	39501	
    Magnitude of W_grad:	18.896574614531	
    Magnitude of W:	172337.95980098	
    Magnitude of B_grad:	0.080113721919436	
    Magnitude of b:	9.2116453638708	

	
    Current index:	49501	
    Magnitude of W_grad:	17.772653391795	
    Magnitude of W:	172308.72285142	
    Magnitude of B_grad:	0.035876526301849	
    Magnitude of b:	9.292513371623	

	
    Current index:	59501	
    Magnitude of W_grad:	17.640689665024	
    Magnitude of W:	172279.64527523	
    Magnitude of B_grad:	0.078288611387311	
    Magnitude of b:	9.2526597673894	

	
    Current index:	69501	
    Magnitude of W_grad:	21.468951347043	
    Magnitude of W:	172249.73838727	
    Magnitude of B_grad:	0.066299077657653	
    Magnitude of b:	9.6156251957232	

	
    Current index:	79501	
    Magnitude of W_grad:	16.749765727472	
    Magnitude of W:	172220.15444915	
    Magnitude of B_grad:	0.08908077342613	
    Magnitude of b:	9.7039591991001	

	
    Current index:	89501	
    Magnitude of W_grad:	23.179418347053	
    Magnitude of W:	172191.05331019	
    Magnitude of B_grad:	0.10749026602436	
    Magnitude of b:	9.4033952075164	

	
    Current index:	99501	
    Magnitude of W_grad:	23.4474433753	
    Magnitude of W:	172159.98386368	
    Magnitude of B_grad:	0.16596047285366	
    Magnitude of b:	9.2145651645581	

	
    Current index:	109501	
    Magnitude of W_grad:	20.340858989254	
    Magnitude of W:	172130.87069323	
    Magnitude of B_grad:	0.10942212990806	
    Magnitude of b:	9.4793394162653	

	
    Current index:	119501	
    Magnitude of W_grad:	19.942749480562	
    Magnitude of W:	172101.42930978	
    Magnitude of B_grad:	0.1166237870161	
    Magnitude of b:	9.454262921446	

	
    Current index:	129501	
    Magnitude of W_grad:	21.531670313446	
    Magnitude of W:	172069.89181177	
    Magnitude of B_grad:	0.054763739375329	
    Magnitude of b:	9.5113022607453	

	
    Current index:	139501	
    Magnitude of W_grad:	23.32771279488	
    Magnitude of W:	172039.8359209	
    Magnitude of B_grad:	0.095024901226716	
    Magnitude of b:	9.6598309701937	

	
    Current index:	149501	
    Magnitude of W_grad:	19.922000671918	
    Magnitude of W:	172009.56657445	
    Magnitude of B_grad:	0.062244256107933	
    Magnitude of b:	9.7695004918287	

	
SGD: Loss is	
	LOSS:Calculated softmax res	
304428.10047928	
SGD: crossEntropyLoss is	
304428.10047928	
SGD: Validation Accuracy is:	
0.33333333333333	
SGD: Magnitude of W:	
171989.45011808	
SGD: Magnitude of b:	
9.087832075074	
    Current index:	9501	
    Magnitude of W_grad:	16.942576153396	
    Magnitude of W:	171962.08715609	
    Magnitude of B_grad:	0.072053307635239	
    Magnitude of b:	8.9054924400629	

	
    Current index:	19501	
    Magnitude of W_grad:	16.808312722933	
    Magnitude of W:	171935.25721179	
    Magnitude of B_grad:	0.092229833392819	
    Magnitude of b:	8.9087106975957	

	
    Current index:	29501	
    Magnitude of W_grad:	24.270584890258	
    Magnitude of W:	171907.35490862	
    Magnitude of B_grad:	0.098152733934987	
    Magnitude of b:	9.052952634156	

	
    Current index:	39501	
    Magnitude of W_grad:	18.635534998439	
    Magnitude of W:	171877.49451017	
    Magnitude of B_grad:	0.079888553713773	
    Magnitude of b:	9.1709613953904	

	
    Current index:	49501	
    Magnitude of W_grad:	17.375410397167	
    Magnitude of W:	171848.54238993	
    Magnitude of B_grad:	0.034071273890203	
    Magnitude of b:	9.2484413715334	

	
    Current index:	59501	
    Magnitude of W_grad:	17.40595687279	
    Magnitude of W:	171819.91661843	
    Magnitude of B_grad:	0.075876102285418	
    Magnitude of b:	9.2074076065971	

	
    Current index:	69501	
    Magnitude of W_grad:	21.176600283689	
    Magnitude of W:	171790.40287072	
    Magnitude of B_grad:	0.065992706974176	
    Magnitude of b:	9.5679017057228	

	
    Current index:	79501	
    Magnitude of W_grad:	16.517709212203	
    Magnitude of W:	171761.1478323	
    Magnitude of B_grad:	0.087057731440006	
    Magnitude of b:	9.6549368103653	

	
    Current index:	89501	
    Magnitude of W_grad:	22.775635015422	
    Magnitude of W:	171732.45390281	
    Magnitude of B_grad:	0.10437212030006	
    Magnitude of b:	9.3620706770799	

	
    Current index:	99501	
    Magnitude of W_grad:	23.037143783367	
    Magnitude of W:	171701.88676386	
    Magnitude of B_grad:	0.16525694522656	
    Magnitude of b:	9.1742043442013	

	
    Current index:	109501	
    Magnitude of W_grad:	20.084568146675	
    Magnitude of W:	171673.21492924	
    Magnitude of B_grad:	0.10815348978693	
    Magnitude of b:	9.4350021797667	

	
    Current index:	119501	
    Magnitude of W_grad:	19.637098724578	
    Magnitude of W:	171644.10785562	
    Magnitude of B_grad:	0.11573334401747	
    Magnitude of b:	9.4118330396721	

	
    Current index:	129501	
    Magnitude of W_grad:	21.0952835323	
    Magnitude of W:	171612.93384802	
    Magnitude of B_grad:	0.051466526180698	
    Magnitude of b:	9.468625728983	

	
    Current index:	139501	
    Magnitude of W_grad:	22.970526308078	
    Magnitude of W:	171583.38188519	
    Magnitude of B_grad:	0.099228343024784	
    Magnitude of b:	9.6134097795586	

	
    Current index:	149501	
    Magnitude of W_grad:	19.535518232328	
    Magnitude of W:	171553.57339475	
    Magnitude of B_grad:	0.060663199954792	
    Magnitude of b:	9.7277283636239	

	
SGD: Loss is	
	LOSS:Calculated softmax res	
300827.24637154	
SGD: crossEntropyLoss is	
300827.24637154	
SGD: Validation Accuracy is:	
0.33333333333333	
SGD: Magnitude of W:	
171533.70028787	
SGD: Magnitude of b:	
9.0505396519884	
    Current index:	9501	
    Magnitude of W_grad:	16.774442059526	
    Magnitude of W:	171506.58669559	
    Magnitude of B_grad:	0.069345947118944	
    Magnitude of b:	8.8676302401446	

	
    Current index:	19501	
    Magnitude of W_grad:	16.654465899437	
    Magnitude of W:	171480.08353678	
    Magnitude of B_grad:	0.089455851152386	
    Magnitude of b:	8.8698640655978	

	
    Current index:	29501	
    Magnitude of W_grad:	23.781098739173	
    Magnitude of W:	171452.51493764	
    Magnitude of B_grad:	0.096852395621215	
    Magnitude of b:	9.0148944034299	

	
    Current index:	39501	
    Magnitude of W_grad:	18.372334449916	
    Magnitude of W:	171423.01771199	
    Magnitude of B_grad:	0.079586920103779	
    Magnitude of b:	9.1320392008985	

	
    Current index:	49501	
    Magnitude of W_grad:	17.014796069136	
    Magnitude of W:	171394.50351513	
    Magnitude of B_grad:	0.032347409459779	
    Magnitude of b:	9.2065402736344	

	
    Current index:	59501	
    Magnitude of W_grad:	17.179227388163	
    Magnitude of W:	171366.26448234	
    Magnitude of B_grad:	0.073342971874605	
    Magnitude of b:	9.1640475083896	

	
    Current index:	69501	
    Magnitude of W_grad:	20.900148300393	
    Magnitude of W:	171337.09193899	
    Magnitude of B_grad:	0.065590005182624	
    Magnitude of b:	9.5221586636813	

	
    Current index:	79501	
    Magnitude of W_grad:	16.303338673726	
    Magnitude of W:	171308.26225888	
    Magnitude of B_grad:	0.085122169565237	
    Magnitude of b:	9.6078158268823	

	
    Current index:	89501	
    Magnitude of W_grad:	22.397780998895	
    Magnitude of W:	171279.8995303	
    Magnitude of B_grad:	0.10148303658076	
    Magnitude of b:	9.3228697590068	

	
    Current index:	99501	
    Magnitude of W_grad:	22.636079749954	
    Magnitude of W:	171249.75826378	
    Magnitude of B_grad:	0.16446901838514	
    Magnitude of b:	9.1356300452099	

	
    Current index:	109501	
    Magnitude of W_grad:	19.838854900779	
    Magnitude of W:	171221.53935303	
    Magnitude of B_grad:	0.10678595513141	
    Magnitude of b:	9.3926428401396	

	
    Current index:	119501	
    Magnitude of W_grad:	19.340690296358	
    Magnitude of W:	171192.67370452	
    Magnitude of B_grad:	0.11480478664558	
    Magnitude of b:	9.3712015685112	

	
    Current index:	129501	
    Magnitude of W_grad:	20.679380411747	
    Magnitude of W:	171161.99604034	
    Magnitude of B_grad:	0.048773350390849	
    Magnitude of b:	9.4280574633007	

	
    Current index:	139501	
    Magnitude of W_grad:	22.621142247196	
    Magnitude of W:	171132.92826771	
    Magnitude of B_grad:	0.1029413162488	
    Magnitude of b:	9.5685688319471	

	
    Current index:	149501	
    Magnitude of W_grad:	19.183420507121	
    Magnitude of W:	171103.60349528	
    Magnitude of B_grad:	0.059148515053241	
    Magnitude of b:	9.6875673191109	

	
SGD: Loss is	
	LOSS:Calculated softmax res	
297435.07266318	
SGD: crossEntropyLoss is	
297435.07266318	
SGD: Validation Accuracy is:	
0.33333333333333	
SGD: Magnitude of W:	
171083.97602988	
SGD: Magnitude of b:	
9.0144861213989	
    Current index:	9501	
    Magnitude of W_grad:	16.614429672333	
    Magnitude of W:	171057.03008722	
    Magnitude of B_grad:	0.067026336113648	
    Magnitude of b:	8.8313743887767	

	
    Current index:	19501	
    Magnitude of W_grad:	16.503729197694	
    Magnitude of W:	171030.75835323	
    Magnitude of B_grad:	0.086944091367001	
    Magnitude of b:	8.8325905898958	

	
    Current index:	29501	
    Magnitude of W_grad:	23.326389003005	
    Magnitude of W:	171003.60800315	
    Magnitude of B_grad:	0.095730782892842	
    Magnitude of b:	8.9783136430158	

	
    Current index:	39501	
    Magnitude of W_grad:	18.109039356265	
    Magnitude of W:	170974.41190457	
    Magnitude of B_grad:	0.079214209194969	
    Magnitude of b:	9.0947245664531	

	
    Current index:	49501	
    Magnitude of W_grad:	16.695171389759	
    Magnitude of W:	170946.27209732	
    Magnitude of B_grad:	0.030724466025603	
    Magnitude of b:	9.1666107894066	

	
    Current index:	59501	
    Magnitude of W_grad:	16.96116003974	
    Magnitude of W:	170918.47260045	
    Magnitude of B_grad:	0.070743773880547	
    Magnitude of b:	9.1224216937252	

	
    Current index:	69501	
    Magnitude of W_grad:	20.644553047779	
    Magnitude of W:	170889.70721471	
    Magnitude of B_grad:	0.065091188514076	
    Magnitude of b:	9.4782727538085	

	
    Current index:	79501	
    Magnitude of W_grad:	16.105542324208	
    Magnitude of W:	170861.17029904	
    Magnitude of B_grad:	0.083277443199271	
    Magnitude of b:	9.5625291360035	

	
