[?1034hDatafile:	/n/home09/ankitgupta/CS287/HW1/MPQA-uni-sent-syns.hdf5	Classifier:	lr	Alpha:	0	Eta:	1	Lambda:	0.5	Minibatch size:	500	Num Epochs:	50	Minimum Sentence Length:	0	
Note that not all parameters may apply to all classifiers	
Loading datafiles...	
Number of training samples before removing small sentences	10606	
Number of training samples after removing small sentences	10606	
Done.	
Training classifier...	
SGD: Loss is	
	LOSS:Calculated softmax res	
34362.065670098	
SGD: crossEntropyLoss is	
34362.065670098	
SGD: Validation Accuracy is:	
0.36792452830189	
SGD: Magnitude of W:	
39939.475829975	
SGD: Magnitude of b:	
2.9718788612379	
    Current index:	9501	
    Magnitude of W_grad:	17.145158721298	
    Magnitude of W:	39875.925965158	
    Magnitude of B_grad:	0.7335242385619	
    Magnitude of b:	3.2033612578576	

	
SGD: Loss is	
	LOSS:Calculated softmax res	
46307.303223542	
SGD: crossEntropyLoss is	
46307.303223542	
SGD: Validation Accuracy is:	
0.80849056603774	
SGD: Magnitude of W:	
39875.925965158	
SGD: Magnitude of b:	
3.2033612578576	
    Current index:	9501	
    Magnitude of W_grad:	8.3418874087055	
    Magnitude of W:	39816.865249969	
    Magnitude of B_grad:	0.50461563287077	
    Magnitude of b:	2.9718788612379	

	
SGD: Loss is	
	LOSS:Calculated softmax res	
42680.596714789	
SGD: crossEntropyLoss is	
42680.596714789	
SGD: Validation Accuracy is:	
0.80377358490566	
SGD: Magnitude of W:	
39816.865249969	
SGD: Magnitude of b:	
2.9718788612379	
    Current index:	9501	
    Magnitude of W_grad:	6.6464260138161	
    Magnitude of W:	39760.15983754	
    Magnitude of B_grad:	0.44795574968528	
    Magnitude of b:	2.9718788612379	

	
SGD: Loss is	
	LOSS:Calculated softmax res	
40150.086528802	
SGD: crossEntropyLoss is	
40150.086528802	
SGD: Validation Accuracy is:	
0.82075471698113	
SGD: Magnitude of W:	
39760.15983754	
SGD: Magnitude of b:	
2.9718788612379	
    Current index:	9501	
    Magnitude of W_grad:	5.9208707420873	
    Magnitude of W:	39705.118101278	
    Magnitude of B_grad:	0.41504079416182	
    Magnitude of b:	2.9718788612379	

	
SGD: Loss is	
	LOSS:Calculated softmax res	
38206.143328717	
SGD: crossEntropyLoss is	
38206.143328717	
SGD: Validation Accuracy is:	
0.83490566037736	
SGD: Magnitude of W:	
39705.118101278	
SGD: Magnitude of b:	
2.9718788612379	
    Current index:	9501	
    Magnitude of W_grad:	5.3430695248403	
    Magnitude of W:	39651.714634932	
    Magnitude of B_grad:	0.38403404109621	
    Magnitude of b:	2.9718788612379	

	
SGD: Loss is	
	LOSS:Calculated softmax res	
36593.499251699	
SGD: crossEntropyLoss is	
36593.499251699	
SGD: Validation Accuracy is:	
0.83396226415094	
SGD: Magnitude of W:	
39651.714634932	
SGD: Magnitude of b:	
2.9718788612379	
    Current index:	9501	
    Magnitude of W_grad:	4.8779067895722	
    Magnitude of W:	39599.744898297	
    Magnitude of B_grad:	0.35619440738451	
    Magnitude of b:	2.9718788612379	

	
SGD: Loss is	
	LOSS:Calculated softmax res	
35224.748065031	
SGD: crossEntropyLoss is	
35224.748065031	
SGD: Validation Accuracy is:	
0.83301886792453	
SGD: Magnitude of W:	
39599.744898297	
SGD: Magnitude of b:	
2.9718788612379	
    Current index:	9501	
    Magnitude of W_grad:	4.5008472229418	
    Magnitude of W:	39548.335341439	
    Magnitude of B_grad:	0.33314352198198	
    Magnitude of b:	2.9718788612379	

	
SGD: Loss is	
	LOSS:Calculated softmax res	
34010.169659374	
SGD: crossEntropyLoss is	
34010.169659374	
SGD: Validation Accuracy is:	
0.83490566037736	
SGD: Magnitude of W:	
39548.335341439	
SGD: Magnitude of b:	
2.9718788612379	
    Current index:	9501	
    Magnitude of W_grad:	4.146826330261	
    Magnitude of W:	39497.414047933	
    Magnitude of B_grad:	0.31164512243732	
    Magnitude of b:	2.9718788612379	

	
SGD: Loss is	
	LOSS:Calculated softmax res	
32950.471283685	
SGD: crossEntropyLoss is	
32950.471283685	
SGD: Validation Accuracy is:	
0.83301886792453	
SGD: Magnitude of W:	
39497.414047933	
SGD: Magnitude of b:	
2.9718788612379	
    Current index:	9501	
    Magnitude of W_grad:	3.8069060043378	
    Magnitude of W:	39447.072306125	
    Magnitude of B_grad:	0.29096915626856	
    Magnitude of b:	2.9718788612379	

	
SGD: Loss is	
	LOSS:Calculated softmax res	
32033.94855913	
SGD: crossEntropyLoss is	
32033.94855913	
SGD: Validation Accuracy is:	
0.83301886792453	
SGD: Magnitude of W:	
39447.072306125	
SGD: Magnitude of b:	
2.9718788612379	
    Current index:	9501	
    Magnitude of W_grad:	3.5079087901237	
    Magnitude of W:	39397.129977299	
    Magnitude of B_grad:	0.27249200631595	
    Magnitude of b:	2.9718788612379	

	
SGD: Loss is	
	LOSS:Calculated softmax res	
31222.440301743	
SGD: crossEntropyLoss is	
31222.440301743	
SGD: Validation Accuracy is:	
0.83207547169811	
SGD: Magnitude of W:	
39397.129977299	
SGD: Magnitude of b:	
2.9718788612379	
    Current index:	9501	
    Magnitude of W_grad:	3.2537764453014	
    Magnitude of W:	39347.712542444	
    Magnitude of B_grad:	0.25636874157945	
    Magnitude of b:	2.9718788612379	

	
SGD: Loss is	
	LOSS:Calculated softmax res	
30493.370181178	
SGD: crossEntropyLoss is	
30493.370181178	
SGD: Validation Accuracy is:	
0.83490566037736	
SGD: Magnitude of W:	
39347.712542444	
SGD: Magnitude of b:	
2.9718788612379	
    Current index:	9501	
    Magnitude of W_grad:	3.0362805331686	
    Magnitude of W:	39298.751692934	
    Magnitude of B_grad:	0.2422370209017	
    Magnitude of b:	2.9718788612379	

	
SGD: Loss is	
	LOSS:Calculated softmax res	
29837.549131586	
SGD: crossEntropyLoss is	
29837.549131586	
SGD: Validation Accuracy is:	
0.82735849056604	
SGD: Magnitude of W:	
39298.751692934	
SGD: Magnitude of b:	
2.9718788612379	
    Current index:	9501	
    Magnitude of W_grad:	2.8485655801703	
    Magnitude of W:	39250.247048767	
    Magnitude of B_grad:	0.22977864353184	
    Magnitude of b:	2.9718788612379	

	
SGD: Loss is	
	LOSS:Calculated softmax res	
29246.464317955	
SGD: crossEntropyLoss is	
29246.464317955	
SGD: Validation Accuracy is:	
0.82547169811321	
SGD: Magnitude of W:	
39250.247048767	
SGD: Magnitude of b:	
2.9718788612379	
    Current index:	9501	
    Magnitude of W_grad:	2.6873006238695	
    Magnitude of W:	39202.148221321	
    Magnitude of B_grad:	0.21881772668658	
    Magnitude of b:	2.9718788612379	

	
SGD: Loss is	
	LOSS:Calculated softmax res	
28707.903318338	
SGD: crossEntropyLoss is	
28707.903318338	
SGD: Validation Accuracy is:	
0.82547169811321	
SGD: Magnitude of W:	
39202.148221321	
SGD: Magnitude of b:	
2.9718788612379	
    Current index:	9501	
    Magnitude of W_grad:	2.5490982209227	
    Magnitude of W:	39154.441514223	
    Magnitude of B_grad:	0.20918098211948	
    Magnitude of b:	2.9718788612379	

	
SGD: Loss is	
	LOSS:Calculated softmax res	
28210.938146628	
SGD: crossEntropyLoss is	
28210.938146628	
SGD: Validation Accuracy is:	
0.82264150943396	
SGD: Magnitude of W:	
39154.441514223	
SGD: Magnitude of b:	
2.9718788612379	
    Current index:	9501	
    Magnitude of W_grad:	2.4300177798276	
    Magnitude of W:	39107.040247096	
    Magnitude of B_grad:	0.20066226909665	
    Magnitude of b:	2.9718788612379	

	
SGD: Loss is	
	LOSS:Calculated softmax res	
27747.943202163	
SGD: crossEntropyLoss is	
27747.943202163	
SGD: Validation Accuracy is:	
0.82452830188679	
SGD: Magnitude of W:	
39107.040247096	
SGD: Magnitude of b:	
2.9718788612379	
    Current index:	9501	
    Magnitude of W_grad:	2.3261921292294	
    Magnitude of W:	39059.898779082	
    Magnitude of B_grad:	0.19304796803872	
    Magnitude of b:	2.9718788612379	

	
SGD: Loss is	
	LOSS:Calculated softmax res	
27314.263465841	
SGD: crossEntropyLoss is	
27314.263465841	
SGD: Validation Accuracy is:	
0.82452830188679	
SGD: Magnitude of W:	
39059.898779082	
SGD: Magnitude of b:	
2.9718788612379	
    Current index:	9501	
    Magnitude of W_grad:	2.2345051765022	
    Magnitude of W:	39013.031093651	
    Magnitude of B_grad:	0.18616230705372	
    Magnitude of b:	2.9718788612379	

	
SGD: Loss is	
	LOSS:Calculated softmax res	
26906.712764793	
SGD: crossEntropyLoss is	
26906.712764793	
SGD: Validation Accuracy is:	
0.82264150943396	
SGD: Magnitude of W:	
39013.031093651	
SGD: Magnitude of b:	
2.9718788612379	
    Current index:	9501	
    Magnitude of W_grad:	2.1527156770873	
    Magnitude of W:	38966.365317628	
    Magnitude of B_grad:	0.17988105630556	
    Magnitude of b:	2.9718788612379	

	
SGD: Loss is	
	LOSS:Calculated softmax res	
26522.648660201	
SGD: crossEntropyLoss is	
26522.648660201	
SGD: Validation Accuracy is:	
0.82547169811321	
SGD: Magnitude of W:	
38966.365317628	
SGD: Magnitude of b:	
2.9718788612379	
    Current index:	9501	
    Magnitude of W_grad:	2.0792122195258	
    Magnitude of W:	38919.91793379	
    Magnitude of B_grad:	0.17411707289566	
    Magnitude of b:	2.9718788612379	

	
SGD: Loss is	
	LOSS:Calculated softmax res	
26159.847340033	
SGD: crossEntropyLoss is	
26159.847340033	
SGD: Validation Accuracy is:	
0.82641509433962	
SGD: Magnitude of W:	
38919.91793379	
SGD: Magnitude of b:	
2.9718788612379	
    Current index:	9501	
    Magnitude of W_grad:	2.012806249893	
    Magnitude of W:	38873.69776304	
    Magnitude of B_grad:	0.1688059778934	
    Magnitude of b:	2.9718788612379	

	
SGD: Loss is	
	LOSS:Calculated softmax res	
25816.4515731	
SGD: crossEntropyLoss is	
25816.4515731	
SGD: Validation Accuracy is:	
0.82452830188679	
SGD: Magnitude of W:	
38873.69776304	
SGD: Magnitude of b:	
2.9718788612379	
    Current index:	9501	
    Magnitude of W_grad:	1.9526120470701	
    Magnitude of W:	38827.660448897	
    Magnitude of B_grad:	0.16389833746542	
    Magnitude of b:	2.9718788612379	

	
SGD: Loss is	
	LOSS:Calculated softmax res	
25490.834841879	
SGD: crossEntropyLoss is	
25490.834841879	
SGD: Validation Accuracy is:	
0.82547169811321	
SGD: Magnitude of W:	
38827.660448897	
SGD: Magnitude of b:	
2.9718788612379	
    Current index:	9501	
    Magnitude of W_grad:	1.8979523616853	
    Magnitude of W:	38781.822195586	
    Magnitude of B_grad:	0.15935509352236	
    Magnitude of b:	2.9718788612379	

	
SGD: Loss is	
	LOSS:Calculated softmax res	
25181.496328503	
SGD: crossEntropyLoss is	
25181.496328503	
SGD: Validation Accuracy is:	
0.82452830188679	
SGD: Magnitude of W:	
38781.822195586	
SGD: Magnitude of b:	
2.9718788612379	
    Current index:	9501	
    Magnitude of W_grad:	1.8482728028887	
    Magnitude of W:	38736.236647547	
    Magnitude of B_grad:	0.15514396836536	
    Magnitude of b:	2.9718788612379	

	
SGD: Loss is	
	LOSS:Calculated softmax res	
24887.032301734	
SGD: crossEntropyLoss is	
24887.032301734	
SGD: Validation Accuracy is:	
0.82547169811321	
SGD: Magnitude of W:	
38736.236647547	
SGD: Magnitude of b:	
2.9718788612379	
    Current index:	9501	
    Magnitude of W_grad:	1.8030797126859	
    Magnitude of W:	38690.77042587	
    Magnitude of B_grad:	0.15123658524844	
    Magnitude of b:	2.9718788612379	

	
SGD: Loss is	
	LOSS:Calculated softmax res	
24606.151609075	
SGD: crossEntropyLoss is	
24606.151609075	
SGD: Validation Accuracy is:	
0.82547169811321	
SGD: Magnitude of W:	
38690.77042587	
SGD: Magnitude of b:	
2.9718788612379	
    Current index:	9501	
    Magnitude of W_grad:	1.7619117257177	
    Magnitude of W:	38645.480453525	
    Magnitude of B_grad:	0.14760676743245	
    Magnitude of b:	2.9718788612379	

	
SGD: Loss is	
	LOSS:Calculated softmax res	
24337.694252141	
SGD: crossEntropyLoss is	
24337.694252141	
SGD: Validation Accuracy is:	
0.82452830188679	
SGD: Magnitude of W:	
38645.480453525	
SGD: Magnitude of b:	
2.9718788612379	
    Current index:	9501	
    Magnitude of W_grad:	1.7243379220369	
    Magnitude of W:	38600.452163178	
    Magnitude of B_grad:	0.14423005292121	
    Magnitude of b:	2.9718788612379	

	
SGD: Loss is	
	LOSS:Calculated softmax res	
24080.637113731	
SGD: crossEntropyLoss is	
24080.637113731	
SGD: Validation Accuracy is:	
0.82452830188679	
SGD: Magnitude of W:	
38600.452163178	
SGD: Magnitude of b:	
2.9718788612379	
    Current index:	9501	
    Magnitude of W_grad:	1.6899663188975	
    Magnitude of W:	38555.616811969	
    Magnitude of B_grad:	0.14108386351413	
    Magnitude of b:	2.9718788612379	

	
SGD: Loss is	
	LOSS:Calculated softmax res	
23834.090006403	
SGD: crossEntropyLoss is	
23834.090006403	
SGD: Validation Accuracy is:	
0.82358490566038	
SGD: Magnitude of W:	
38555.616811969	
SGD: Magnitude of b:	
2.9718788612379	
    Current index:	9501	
    Magnitude of W_grad:	1.6584510167689	
    Magnitude of W:	38510.933886687	
    Magnitude of B_grad:	0.13814778469342	
    Magnitude of b:	2.9718788612379	

	
SGD: Loss is	
	LOSS:Calculated softmax res	
23597.286807094	
SGD: crossEntropyLoss is	
23597.286807094	
SGD: Validation Accuracy is:	
0.82358490566038	
SGD: Magnitude of W:	
38510.933886687	
SGD: Magnitude of b:	
2.9718788612379	
    Current index:	9501	
    Magnitude of W_grad:	1.6294949810591	
    Magnitude of W:	38466.405123849	
    Magnitude of B_grad:	0.13540376130773	
    Magnitude of b:	2.9718788612379	

	
SGD: Loss is	
	LOSS:Calculated softmax res	
23369.571382831	
SGD: crossEntropyLoss is	
23369.571382831	
SGD: Validation Accuracy is:	
0.82075471698113	
SGD: Magnitude of W:	
38466.405123849	
SGD: Magnitude of b:	
2.9718788612379	
    Current index:	9501	
    Magnitude of W_grad:	1.6028489738278	
    Magnitude of W:	38422.010282864	
    Magnitude of B_grad:	0.13283614980355	
    Magnitude of b:	2.9718788612379	

	
SGD: Loss is	
	LOSS:Calculated softmax res	
23150.376750163	
SGD: crossEntropyLoss is	
23150.376750163	
SGD: Validation Accuracy is:	
0.81981132075472	
SGD: Magnitude of W:	
38422.010282864	
SGD: Magnitude of b:	
2.9718788612379	
    Current index:	9501	
    Magnitude of W_grad:	1.578306574241	
    Magnitude of W:	38377.815167618	
    Magnitude of B_grad:	0.13043153506057	
    Magnitude of b:	2.9718788612379	

	
SGD: Loss is	
	LOSS:Calculated softmax res	
22939.198749138	
SGD: crossEntropyLoss is	
22939.198749138	
SGD: Validation Accuracy is:	
0.81981132075472	
SGD: Magnitude of W:	
38377.815167618	
SGD: Magnitude of b:	
2.9718788612379	
    Current index:	9501	
    Magnitude of W_grad:	1.5556949757802	
    Magnitude of W:	38333.824921221	
    Magnitude of B_grad:	0.12817825874434	
    Magnitude of b:	2.9718788612379	

	
SGD: Loss is	
	LOSS:Calculated softmax res	
22735.56942953	
SGD: crossEntropyLoss is	
22735.56942953	
SGD: Validation Accuracy is:	
0.82075471698113	
SGD: Magnitude of W:	
38333.824921221	
SGD: Magnitude of b:	
2.9718788612379	
    Current index:	9501	
    Magnitude of W_grad:	1.5348631290926	
    Magnitude of W:	38290.080639925	
    Magnitude of B_grad:	0.12606577767352	
    Magnitude of b:	2.9718788612379	

	
SGD: Loss is	
	LOSS:Calculated softmax res	
22539.037477067	
SGD: crossEntropyLoss is	
22539.037477067	
SGD: Validation Accuracy is:	
0.82075471698113	
SGD: Magnitude of W:	
38290.080639925	
SGD: Magnitude of b:	
2.9718788612379	
    Current index:	9501	
    Magnitude of W_grad:	1.5156714169082	
    Magnitude of W:	38246.505491455	
    Magnitude of B_grad:	0.12408414756203	
    Magnitude of b:	2.9718788612379	

	
SGD: Loss is	
	LOSS:Calculated softmax res	
22349.161071793	
SGD: crossEntropyLoss is	
22349.161071793	
SGD: Validation Accuracy is:	
0.82075471698113	
SGD: Magnitude of W:	
38246.505491455	
SGD: Magnitude of b:	
2.9718788612379	
    Current index:	9501	
    Magnitude of W_grad:	1.4979868642289	
    Magnitude of W:	38203.10691174	
    Magnitude of B_grad:	0.12222386993282	
    Magnitude of b:	2.9718788612379	

	
SGD: Loss is	
	LOSS:Calculated softmax res	
22165.51248503	
SGD: crossEntropyLoss is	
22165.51248503	
SGD: Validation Accuracy is:	
0.81981132075472	
SGD: Magnitude of W:	
38203.10691174	
SGD: Magnitude of b:	
2.9718788612379	
    Current index:	9501	
    Magnitude of W_grad:	1.4816837112184	
    Magnitude of W:	38159.970781175	
    Magnitude of B_grad:	0.12047602222849	
    Magnitude of b:	2.9718788612379	

	
SGD: Loss is	
	LOSS:Calculated softmax res	
21987.687684553	
SGD: crossEntropyLoss is	
21987.687684553	
SGD: Validation Accuracy is:	
0.82264150943396	
SGD: Magnitude of W:	
38159.970781175	
SGD: Magnitude of b:	
2.9718788612379	
    Current index:	9501	
    Magnitude of W_grad:	1.4666455215934	
    Magnitude of W:	38116.963481187	
    Magnitude of B_grad:	0.11883238287563	
    Magnitude of b:	2.9718788612379	

	
SGD: Loss is	
	LOSS:Calculated softmax res	
21815.3140018	
SGD: crossEntropyLoss is	
21815.3140018	
SGD: Validation Accuracy is:	
0.82169811320755	
SGD: Magnitude of W:	
38116.963481187	
SGD: Magnitude of b:	
2.9718788612379	
    Current index:	9501	
    Magnitude of W_grad:	1.4527657701949	
    Magnitude of W:	38074.125058251	
    Magnitude of B_grad:	0.11728538872303	
    Magnitude of b:	2.9718788612379	

	
SGD: Loss is	
	LOSS:Calculated softmax res	
21648.053540025	
SGD: crossEntropyLoss is	
21648.053540025	
SGD: Validation Accuracy is:	
0.8188679245283	
SGD: Magnitude of W:	
38074.125058251	
SGD: Magnitude of b:	
2.9718788612379	
    Current index:	9501	
    Magnitude of W_grad:	1.4399467587536	
    Magnitude of W:	38031.405344309	
    Magnitude of B_grad:	0.11582798024766	
    Magnitude of b:	2.9718788612379	

	
SGD: Loss is	
	LOSS:Calculated softmax res	
21485.603370008	
SGD: crossEntropyLoss is	
21485.603370008	
SGD: Validation Accuracy is:	
0.82075471698113	
SGD: Magnitude of W:	
38031.405344309	
SGD: Magnitude of b:	
2.9718788612379	
    Current index:	9501	
    Magnitude of W_grad:	1.4280981883193	
    Magnitude of W:	37988.823768259	
    Magnitude of B_grad:	0.11445345939301	
    Magnitude of b:	2.9718788612379	

	
SGD: Loss is	
	LOSS:Calculated softmax res	
21327.693718624	
SGD: crossEntropyLoss is	
21327.693718624	
SGD: Validation Accuracy is:	
0.82075471698113	
SGD: Magnitude of W:	
37988.823768259	
SGD: Magnitude of b:	
2.9718788612379	
    Current index:	9501	
    Magnitude of W_grad:	1.4171364001507	
    Magnitude of W:	37946.332855618	
    Magnitude of B_grad:	0.11315543072727	
    Magnitude of b:	2.9718788612379	

	
SGD: Loss is	
	LOSS:Calculated softmax res	
21174.084578581	
SGD: crossEntropyLoss is	
21174.084578581	
SGD: Validation Accuracy is:	
0.82075471698113	
SGD: Magnitude of W:	
37946.332855618	
SGD: Magnitude of b:	
2.9718788612379	
    Current index:	9501	
    Magnitude of W_grad:	1.4069844507648	
    Magnitude of W:	37903.955673698	
    Magnitude of B_grad:	0.11192782526373	
    Magnitude of b:	2.9718788612379	

	
SGD: Loss is	
	LOSS:Calculated softmax res	
21024.561061115	
SGD: crossEntropyLoss is	
21024.561061115	
SGD: Validation Accuracy is:	
0.8188679245283	
SGD: Magnitude of W:	
37903.955673698	
SGD: Magnitude of b:	
2.9718788612379	
    Current index:	9501	
    Magnitude of W_grad:	1.3975726446726	
    Magnitude of W:	37861.668460376	
    Magnitude of B_grad:	0.11076496838867	
    Magnitude of b:	2.9718788612379	

	
SGD: Loss is	
	LOSS:Calculated softmax res	
20878.92820619	
SGD: crossEntropyLoss is	
20878.92820619	
SGD: Validation Accuracy is:	
0.81981132075472	
SGD: Magnitude of W:	
37861.668460376	
SGD: Magnitude of b:	
2.9718788612379	
    Current index:	9501	
    Magnitude of W_grad:	1.3888390477383	
    Magnitude of W:	37819.502618684	
    Magnitude of B_grad:	0.10966165009825	
    Magnitude of b:	2.9718788612379	

	
SGD: Loss is	
	LOSS:Calculated softmax res	
20737.006185363	
SGD: crossEntropyLoss is	
20737.006185363	
SGD: Validation Accuracy is:	
0.8188679245283	
SGD: Magnitude of W:	
37819.502618684	
SGD: Magnitude of b:	
2.9718788612379	
    Current index:	9501	
    Magnitude of W_grad:	1.3807296660351	
    Magnitude of W:	37777.449560664	
    Magnitude of B_grad:	0.10861317093054	
    Magnitude of b:	2.9718788612379	

	
SGD: Loss is	
	LOSS:Calculated softmax res	
20598.626611264	
SGD: crossEntropyLoss is	
20598.626611264	
SGD: Validation Accuracy is:	
0.81792452830189	
SGD: Magnitude of W:	
37777.449560664	
SGD: Magnitude of b:	
2.9718788612379	
    Current index:	9501	
    Magnitude of W_grad:	1.3731981869966	
    Magnitude of W:	37735.539261104	
    Magnitude of B_grad:	0.10761535440209	
    Magnitude of b:	2.9718788612379	

	
SGD: Loss is	
	LOSS:Calculated softmax res	
20463.630200743	
SGD: crossEntropyLoss is	
20463.630200743	
SGD: Validation Accuracy is:	
0.8188679245283	
SGD: Magnitude of W:	
37735.539261104	
SGD: Magnitude of b:	
2.9718788612379	
    Current index:	9501	
    Magnitude of W_grad:	1.3662053217973	
    Magnitude of W:	37693.723550173	
    Magnitude of B_grad:	0.10666452783836	
    Magnitude of b:	2.9718788612379	

	
SGD: Loss is	
	LOSS:Calculated softmax res	
20331.865636441	
SGD: crossEntropyLoss is	
20331.865636441	
SGD: Validation Accuracy is:	
0.81792452830189	
SGD: Magnitude of W:	
37693.723550173	
SGD: Magnitude of b:	
2.9718788612379	
    Current index:	9501	
    Magnitude of W_grad:	1.3597178447735	
    Magnitude of W:	37651.998303194	
    Magnitude of B_grad:	0.10575747770787	
    Magnitude of b:	2.9718788612379	

	
SGD: Loss is	
	LOSS:Calculated softmax res	
20203.189280332	
SGD: crossEntropyLoss is	
20203.189280332	
SGD: Validation Accuracy is:	
0.81792452830189	
SGD: Magnitude of W:	
37651.998303194	
SGD: Magnitude of b:	
2.9718788612379	
    Current index:	9501	
    Magnitude of W_grad:	1.3537074351077	
    Magnitude of W:	37610.388201707	
    Magnitude of B_grad:	0.10489138637122	
    Magnitude of b:	2.9718788612379	

	
Done.	
Testing on validation set...	
Done	
Datafile:	/n/home09/ankitgupta/CS287/HW1/MPQA-uni-sent-syns.hdf5	Classifier:	lr	Alpha:	0	Eta:	1	Lambda:	0.5	Minibatch size:	500	Num Epochs:	50	Minimum Sentence Length:	0	
Accuracy:	0.8188679245283	
