[?1034hDatafile:	/n/home09/ankitgupta/CS287/HW1/SUBJ-uni-sent-syns.hdf5	Classifier:	hinge	Alpha:	0	Eta:	1	Lambda:	1	Minibatch size:	500	Num Epochs:	50	Minimum Sentence Length:	0	
Note that not all parameters may apply to all classifiers	
Loading datafiles...	
Number of training samples before removing small sentences	10000	
Number of training samples after removing small sentences	10000	
Done.	
Training classifier...	
Parameters are:	
Eta:	
1	
Lambda:	
1	
Minibatch size:	
500	
Number of Epochs	
50	
SGD: Hinge Loss is	
174826.24015878	
SGD: Validation Accuracy is:	
0.479	
SGD: Magnitude of W:	
91190.17462243	
SGD: Magnitude of b:	
0.4151580197979	
SGD: Hinge Loss is	
234059.39654686	
SGD: Validation Accuracy is:	
0.96	
SGD: Magnitude of W:	
90983.634434625	
SGD: Magnitude of b:	
1.8536032881557	
SGD: Hinge Loss is	
208536.94578876	
SGD: Validation Accuracy is:	
0.961	
SGD: Magnitude of W:	
90776.477954282	
SGD: Magnitude of b:	
1.2869280537477	
SGD: Hinge Loss is	
191330.07357956	
SGD: Validation Accuracy is:	
0.959	
SGD: Magnitude of W:	
90576.238394509	
SGD: Magnitude of b:	
0.90866936164717	
SGD: Hinge Loss is	
179663.0126213	
SGD: Validation Accuracy is:	
0.951	
SGD: Magnitude of W:	
90380.975785135	
SGD: Magnitude of b:	
0.63073889742102	
SGD: Hinge Loss is	
172498.57667197	
SGD: Validation Accuracy is:	
0.953	
SGD: Magnitude of W:	
90189.013336719	
SGD: Magnitude of b:	
0.46903430592669	
SGD: Hinge Loss is	
167219.86781489	
SGD: Validation Accuracy is:	
0.951	
SGD: Magnitude of W:	
89998.520865712	
SGD: Magnitude of b:	
0.41020562223931	
SGD: Hinge Loss is	
162259.7543469	
SGD: Validation Accuracy is:	
0.95	
SGD: Magnitude of W:	
89809.063737863	
SGD: Magnitude of b:	
0.40938598536871	
SGD: Hinge Loss is	
158141.03389574	
SGD: Validation Accuracy is:	
0.949	
SGD: Magnitude of W:	
89620.953700234	
SGD: Magnitude of b:	
0.40856798622456	
SGD: Hinge Loss is	
155186.47529763	
SGD: Validation Accuracy is:	
0.946	
SGD: Magnitude of W:	
89433.847438221	
SGD: Magnitude of b:	
0.4077516215345	
SGD: Hinge Loss is	
151767.20029761	
SGD: Validation Accuracy is:	
0.945	
SGD: Magnitude of W:	
89247.074924595	
SGD: Magnitude of b:	
0.40693688803272	
SGD: Hinge Loss is	
150141.19061457	
SGD: Validation Accuracy is:	
0.948	
SGD: Magnitude of W:	
89061.004760106	
SGD: Magnitude of b:	
0.4061237824599	
SGD: Hinge Loss is	
147670.41784145	
SGD: Validation Accuracy is:	
0.949	
SGD: Magnitude of W:	
88875.515955768	
SGD: Magnitude of b:	
0.40531230156328	
SGD: Hinge Loss is	
145311.60744127	
SGD: Validation Accuracy is:	
0.949	
SGD: Magnitude of W:	
88690.293705974	
SGD: Magnitude of b:	
0.40450244209657	
SGD: Hinge Loss is	
143536.7993266	
SGD: Validation Accuracy is:	
0.947	
SGD: Magnitude of W:	
88505.626550667	
SGD: Magnitude of b:	
0.40369420081995	
SGD: Hinge Loss is	
141381.55835567	
SGD: Validation Accuracy is:	
0.945	
SGD: Magnitude of W:	
88321.686642145	
SGD: Magnitude of b:	
0.40288757450012	
SGD: Hinge Loss is	
140253.16618512	
SGD: Validation Accuracy is:	
0.945	
SGD: Magnitude of W:	
88138.267963492	
SGD: Magnitude of b:	
0.4020825599102	
SGD: Hinge Loss is	
138775.22583794	
SGD: Validation Accuracy is:	
0.944	
SGD: Magnitude of W:	
87955.416226914	
SGD: Magnitude of b:	
0.40127915382978	
SGD: Hinge Loss is	
137062.47858495	
SGD: Validation Accuracy is:	
0.943	
SGD: Magnitude of W:	
87773.221365482	
SGD: Magnitude of b:	
0.40047735304487	
SGD: Hinge Loss is	
136545.78938512	
SGD: Validation Accuracy is:	
0.948	
SGD: Magnitude of W:	
87592.110432369	
SGD: Magnitude of b:	
0.39967715434792	
SGD: Hinge Loss is	
134787.77839093	
SGD: Validation Accuracy is:	
0.944	
SGD: Magnitude of W:	
87411.258930347	
SGD: Magnitude of b:	
0.39887855453777	
SGD: Hinge Loss is	
133482.75888802	
SGD: Validation Accuracy is:	
0.945	
SGD: Magnitude of W:	
87231.032422015	
SGD: Magnitude of b:	
0.39808155041967	
SGD: Hinge Loss is	
132651.753569	
SGD: Validation Accuracy is:	
0.945	
SGD: Magnitude of W:	
87051.366694787	
SGD: Magnitude of b:	
0.39728613880525	
SGD: Hinge Loss is	
131761.54220972	
SGD: Validation Accuracy is:	
0.945	
SGD: Magnitude of W:	
86872.289090896	
SGD: Magnitude of b:	
0.3964923165125	
SGD: Hinge Loss is	
130299.4179259	
SGD: Validation Accuracy is:	
0.945	
SGD: Magnitude of W:	
86693.73706323	
SGD: Magnitude of b:	
0.39570008036578	
SGD: Hinge Loss is	
129490.45523773	
SGD: Validation Accuracy is:	
0.947	
SGD: Magnitude of W:	
86515.778912488	
SGD: Magnitude of b:	
0.39490942719579	
SGD: Hinge Loss is	
128602.00776934	
SGD: Validation Accuracy is:	
0.949	
SGD: Magnitude of W:	
86338.295253436	
SGD: Magnitude of b:	
0.39412035383958	
SGD: Hinge Loss is	
127358.98649644	
SGD: Validation Accuracy is:	
0.948	
SGD: Magnitude of W:	
86161.252406148	
SGD: Magnitude of b:	
0.39333285714048	
SGD: Hinge Loss is	
126473.35179412	
SGD: Validation Accuracy is:	
0.949	
SGD: Magnitude of W:	
85985.086162984	
SGD: Magnitude of b:	
0.39254693394818	
SGD: Hinge Loss is	
125576.24252077	
SGD: Validation Accuracy is:	
0.949	
SGD: Magnitude of W:	
85809.024136465	
SGD: Magnitude of b:	
0.39176258111861	
SGD: Hinge Loss is	
124437.04898089	
SGD: Validation Accuracy is:	
0.948	
SGD: Magnitude of W:	
85633.954452124	
SGD: Magnitude of b:	
0.39097979551403	
SGD: Hinge Loss is	
123612.39678179	
SGD: Validation Accuracy is:	
0.949	
SGD: Magnitude of W:	
85459.178431536	
SGD: Magnitude of b:	
0.39019857400293	
SGD: Hinge Loss is	
122583.898106	
SGD: Validation Accuracy is:	
0.948	
SGD: Magnitude of W:	
85284.922995114	
SGD: Magnitude of b:	
0.38941891346009	
SGD: Hinge Loss is	
121515.83425169	
SGD: Validation Accuracy is:	
0.948	
SGD: Magnitude of W:	
85110.90862694	
SGD: Magnitude of b:	
0.38864081076652	
SGD: Hinge Loss is	
120699.40315436	
SGD: Validation Accuracy is:	
0.948	
SGD: Magnitude of W:	
84937.548846411	
SGD: Magnitude of b:	
0.38786426280946	
SGD: Hinge Loss is	
120148.20503972	
SGD: Validation Accuracy is:	
0.948	
SGD: Magnitude of W:	
84764.714285336	
SGD: Magnitude of b:	
0.38708926648236	
SGD: Hinge Loss is	
119582.89119065	
SGD: Validation Accuracy is:	
0.948	
SGD: Magnitude of W:	
84592.621574762	
SGD: Magnitude of b:	
0.38631581868491	
SGD: Hinge Loss is	
118457.04777786	
SGD: Validation Accuracy is:	
0.947	
SGD: Magnitude of W:	
84420.852147657	
SGD: Magnitude of b:	
0.38554391632296	
SGD: Hinge Loss is	
117888.61062429	
SGD: Validation Accuracy is:	
0.946	
SGD: Magnitude of W:	
84249.582128757	
SGD: Magnitude of b:	
0.38477355630855	
SGD: Hinge Loss is	
116827.51495988	
SGD: Validation Accuracy is:	
0.946	
SGD: Magnitude of W:	
84078.819936597	
SGD: Magnitude of b:	
0.38400473555992	
SGD: Hinge Loss is	
115961.81747476	
SGD: Validation Accuracy is:	
0.946	
SGD: Magnitude of W:	
83908.169100578	
SGD: Magnitude of b:	
0.38323745100142	
SGD: Hinge Loss is	
115220.43992702	
SGD: Validation Accuracy is:	
0.947	
SGD: Magnitude of W:	
83737.95797586	
SGD: Magnitude of b:	
0.38247169956359	
SGD: Hinge Loss is	
115250.55752099	
SGD: Validation Accuracy is:	
0.947	
SGD: Magnitude of W:	
83567.994866777	
SGD: Magnitude of b:	
0.38170747818307	
SGD: Hinge Loss is	
114315.45025293	
SGD: Validation Accuracy is:	
0.946	
SGD: Magnitude of W:	
83398.849501235	
SGD: Magnitude of b:	
0.38094478380263	
SGD: Hinge Loss is	
113816.00122193	
SGD: Validation Accuracy is:	
0.948	
SGD: Magnitude of W:	
83230.112653761	
SGD: Magnitude of b:	
0.38018361337117	
SGD: Hinge Loss is	
112947.77797152	
SGD: Validation Accuracy is:	
0.947	
SGD: Magnitude of W:	
83061.847303999	
SGD: Magnitude of b:	
0.37942396384365	
SGD: Hinge Loss is	
112031.30849865	
SGD: Validation Accuracy is:	
0.946	
SGD: Magnitude of W:	
82893.753538419	
SGD: Magnitude of b:	
0.37866583218114	
SGD: Hinge Loss is	
111305.35110997	
SGD: Validation Accuracy is:	
0.948	
SGD: Magnitude of W:	
82726.146584002	
SGD: Magnitude of b:	
0.37790921535078	
SGD: Hinge Loss is	
110972.68423617	
SGD: Validation Accuracy is:	
0.948	
SGD: Magnitude of W:	
82558.922319803	
SGD: Magnitude of b:	
0.37715411032577	
SGD: Hinge Loss is	
110632.46933848	
SGD: Validation Accuracy is:	
0.948	
SGD: Magnitude of W:	
82392.271448624	
SGD: Magnitude of b:	
0.37640051408534	
Done.	
Testing on validation set...	
Done	
Datafile:	/n/home09/ankitgupta/CS287/HW1/SUBJ-uni-sent-syns.hdf5	Classifier:	hinge	Alpha:	0	Eta:	1	Lambda:	1	Minibatch size:	500	Num Epochs:	50	Minimum Sentence Length:	0	
Accuracy:	0.944	
