[?1034hDatafile:	/n/home09/ankitgupta/CS287/HW1/TREC-uni-sent.hdf5	Classifier:	lr	Alpha:	0	Eta:	0.5	Lambda:	1	Minibatch size:	500	Num Epochs:	50	Minimum Sentence Length:	5	
Note that not all parameters may apply to all classifiers	
Loading datafiles...	
Number of training samples before removing small sentences	5452	
Number of training samples after removing small sentences	5442	
Done.	
Training classifier...	
SGD: Loss is	
	LOSS:Calculated softmax res	
47551.82002133	
SGD: crossEntropyLoss is	
47551.82002133	
SGD: Validation Accuracy is:	
0.15992647058824	
SGD: Magnitude of W:	
40596.485085791	
SGD: Magnitude of b:	
2.381608941922	
SGD: Loss is	
	LOSS:Calculated softmax res	
42282.854344795	
SGD: crossEntropyLoss is	
42282.854344795	
SGD: Validation Accuracy is:	
0.22426470588235	
SGD: Magnitude of W:	
40544.231371275	
SGD: Magnitude of b:	
2.1525552553446	
SGD: Loss is	
	LOSS:Calculated softmax res	
40576.587814877	
SGD: crossEntropyLoss is	
40576.587814877	
SGD: Validation Accuracy is:	
0.25919117647059	
SGD: Magnitude of W:	
40492.25961204	
SGD: Magnitude of b:	
2.6072472429168	
SGD: Loss is	
	LOSS:Calculated softmax res	
39350.641299163	
SGD: crossEntropyLoss is	
39350.641299163	
SGD: Validation Accuracy is:	
0.29595588235294	
SGD: Magnitude of W:	
40441.137021116	
SGD: Magnitude of b:	
2.8896748954008	
SGD: Loss is	
	LOSS:Calculated softmax res	
38391.964427461	
SGD: crossEntropyLoss is	
38391.964427461	
SGD: Validation Accuracy is:	
0.31066176470588	
SGD: Magnitude of W:	
40390.711784974	
SGD: Magnitude of b:	
3.0770831934853	
SGD: Loss is	
	LOSS:Calculated softmax res	
37632.668797954	
SGD: crossEntropyLoss is	
37632.668797954	
SGD: Validation Accuracy is:	
0.32904411764706	
SGD: Magnitude of W:	
40341.111493501	
SGD: Magnitude of b:	
3.2045487307387	
SGD: Loss is	
	LOSS:Calculated softmax res	
37019.502456536	
SGD: crossEntropyLoss is	
37019.502456536	
SGD: Validation Accuracy is:	
0.35294117647059	
SGD: Magnitude of W:	
40291.942776237	
SGD: Magnitude of b:	
3.2917885169133	
SGD: Loss is	
	LOSS:Calculated softmax res	
36510.77106352	
SGD: crossEntropyLoss is	
36510.77106352	
SGD: Validation Accuracy is:	
0.38051470588235	
SGD: Magnitude of W:	
40243.440485435	
SGD: Magnitude of b:	
3.3513113536959	
SGD: Loss is	
	LOSS:Calculated softmax res	
36076.714905062	
SGD: crossEntropyLoss is	
36076.714905062	
SGD: Validation Accuracy is:	
0.38602941176471	
SGD: Magnitude of W:	
40195.544563793	
SGD: Magnitude of b:	
3.3913809466867	
SGD: Loss is	
	LOSS:Calculated softmax res	
35696.937646658	
SGD: crossEntropyLoss is	
35696.937646658	
SGD: Validation Accuracy is:	
0.40073529411765	
SGD: Magnitude of W:	
40147.880139768	
SGD: Magnitude of b:	
3.4175999413148	
SGD: Loss is	
	LOSS:Calculated softmax res	
35357.564717842	
SGD: crossEntropyLoss is	
35357.564717842	
SGD: Validation Accuracy is:	
0.41360294117647	
SGD: Magnitude of W:	
40100.454701651	
SGD: Magnitude of b:	
3.4338548778434	
SGD: Loss is	
	LOSS:Calculated softmax res	
35049.072220138	
SGD: crossEntropyLoss is	
35049.072220138	
SGD: Validation Accuracy is:	
0.42463235294118	
SGD: Magnitude of W:	
40053.331555352	
SGD: Magnitude of b:	
3.4428971286827	
SGD: Loss is	
	LOSS:Calculated softmax res	
34764.812857094	
SGD: crossEntropyLoss is	
34764.812857094	
SGD: Validation Accuracy is:	
0.43566176470588	
SGD: Magnitude of W:	
40006.504084307	
SGD: Magnitude of b:	
3.4683111017505	
SGD: Loss is	
	LOSS:Calculated softmax res	
34500.053805762	
SGD: crossEntropyLoss is	
34500.053805762	
SGD: Validation Accuracy is:	
0.43933823529412	
SGD: Magnitude of W:	
39959.889198859	
SGD: Magnitude of b:	
3.5013727277333	
SGD: Loss is	
	LOSS:Calculated softmax res	
34251.353010595	
SGD: crossEntropyLoss is	
34251.353010595	
SGD: Validation Accuracy is:	
0.44852941176471	
SGD: Magnitude of W:	
39913.530878915	
SGD: Magnitude of b:	
3.5302534975707	
SGD: Loss is	
	LOSS:Calculated softmax res	
34016.152084124	
SGD: crossEntropyLoss is	
34016.152084124	
SGD: Validation Accuracy is:	
0.45404411764706	
SGD: Magnitude of W:	
39867.299156258	
SGD: Magnitude of b:	
3.5558257737832	
SGD: Loss is	
	LOSS:Calculated softmax res	
33792.507410663	
SGD: crossEntropyLoss is	
33792.507410663	
SGD: Validation Accuracy is:	
0.46691176470588	
SGD: Magnitude of W:	
39821.221091204	
SGD: Magnitude of b:	
3.5787782508024	
SGD: Loss is	
	LOSS:Calculated softmax res	
33578.910215282	
SGD: crossEntropyLoss is	
33578.910215282	
SGD: Validation Accuracy is:	
0.47242647058824	
SGD: Magnitude of W:	
39775.335989608	
SGD: Magnitude of b:	
3.5996603023298	
SGD: Loss is	
	LOSS:Calculated softmax res	
33374.164640334	
SGD: crossEntropyLoss is	
33374.164640334	
SGD: Validation Accuracy is:	
0.48345588235294	
SGD: Magnitude of W:	
39729.547919693	
SGD: Magnitude of b:	
3.6189129543787	
SGD: Loss is	
	LOSS:Calculated softmax res	
33177.304123035	
SGD: crossEntropyLoss is	
33177.304123035	
SGD: Validation Accuracy is:	
0.49264705882353	
SGD: Magnitude of W:	
39683.937639578	
SGD: Magnitude of b:	
3.6368913810629	
SGD: Loss is	
	LOSS:Calculated softmax res	
32987.533332968	
SGD: crossEntropyLoss is	
32987.533332968	
SGD: Validation Accuracy is:	
0.49816176470588	
SGD: Magnitude of W:	
39638.411699959	
SGD: Magnitude of b:	
3.6538818366241	
SGD: Loss is	
	LOSS:Calculated softmax res	
32804.187317478	
SGD: crossEntropyLoss is	
32804.187317478	
SGD: Validation Accuracy is:	
0.50367647058824	
SGD: Magnitude of W:	
39593.022011894	
SGD: Magnitude of b:	
3.6701147933383	
SGD: Loss is	
	LOSS:Calculated softmax res	
32626.702327045	
SGD: crossEntropyLoss is	
32626.702327045	
SGD: Validation Accuracy is:	
0.51286764705882	
SGD: Magnitude of W:	
39547.740720921	
SGD: Magnitude of b:	
3.68577539431	
SGD: Loss is	
	LOSS:Calculated softmax res	
32454.594640587	
SGD: crossEntropyLoss is	
32454.594640587	
SGD: Validation Accuracy is:	
0.51838235294118	
SGD: Magnitude of W:	
39502.582694399	
SGD: Magnitude of b:	
3.7010119355297	
SGD: Loss is	
	LOSS:Calculated softmax res	
32287.444930284	
SGD: crossEntropyLoss is	
32287.444930284	
SGD: Validation Accuracy is:	
0.52941176470588	
SGD: Magnitude of W:	
39457.563192046	
SGD: Magnitude of b:	
3.715942845131	
SGD: Loss is	
	LOSS:Calculated softmax res	
32124.886511638	
SGD: crossEntropyLoss is	
32124.886511638	
SGD: Validation Accuracy is:	
0.53492647058824	
SGD: Magnitude of W:	
39412.700732464	
SGD: Magnitude of b:	
3.7306624686522	
SGD: Loss is	
	LOSS:Calculated softmax res	
31966.596356365	
SGD: crossEntropyLoss is	
31966.596356365	
SGD: Validation Accuracy is:	
0.53676470588235	
SGD: Magnitude of W:	
39368.048847548	
SGD: Magnitude of b:	
3.7452458653292	
SGD: Loss is	
	LOSS:Calculated softmax res	
31812.288096593	
SGD: crossEntropyLoss is	
31812.288096593	
SGD: Validation Accuracy is:	
0.54411764705882	
SGD: Magnitude of W:	
39323.514265546	
SGD: Magnitude of b:	
3.7597527541473	
SGD: Loss is	
	LOSS:Calculated softmax res	
31661.706481727	
SGD: crossEntropyLoss is	
31661.706481727	
SGD: Validation Accuracy is:	
0.54411764705882	
SGD: Magnitude of W:	
39279.126951504	
SGD: Magnitude of b:	
3.7742307086024	
SGD: Loss is	
	LOSS:Calculated softmax res	
31514.622906097	
SGD: crossEntropyLoss is	
31514.622906097	
SGD: Validation Accuracy is:	
0.54411764705882	
SGD: Magnitude of W:	
39234.839842443	
SGD: Magnitude of b:	
3.7887176784745	
SGD: Loss is	
	LOSS:Calculated softmax res	
31370.831733824	
SGD: crossEntropyLoss is	
31370.831733824	
SGD: Validation Accuracy is:	
0.54779411764706	
SGD: Magnitude of W:	
39190.663001719	
SGD: Magnitude of b:	
3.8032439099697	
SGD: Loss is	
	LOSS:Calculated softmax res	
31230.14722447	
SGD: crossEntropyLoss is	
31230.14722447	
SGD: Validation Accuracy is:	
0.55147058823529	
SGD: Magnitude of W:	
39146.617276339	
SGD: Magnitude of b:	
3.8178333380172	
SGD: Loss is	
	LOSS:Calculated softmax res	
31092.400919895	
SGD: crossEntropyLoss is	
31092.400919895	
SGD: Validation Accuracy is:	
0.55698529411765	
SGD: Magnitude of W:	
39102.685061439	
SGD: Magnitude of b:	
3.8325045324962	
SGD: Loss is	
	LOSS:Calculated softmax res	
30957.439395352	
SGD: crossEntropyLoss is	
30957.439395352	
SGD: Validation Accuracy is:	
0.55882352941176	
SGD: Magnitude of W:	
39058.882271219	
SGD: Magnitude of b:	
3.8472712899393	
SGD: Loss is	
	LOSS:Calculated softmax res	
30825.122309651	
SGD: crossEntropyLoss is	
30825.122309651	
SGD: Validation Accuracy is:	
0.5625	
SGD: Magnitude of W:	
39015.192722834	
SGD: Magnitude of b:	
3.8621429699548	
SGD: Loss is	
	LOSS:Calculated softmax res	
30695.320711823	
SGD: crossEntropyLoss is	
30695.320711823	
SGD: Validation Accuracy is:	
0.56801470588235	
SGD: Magnitude of W:	
38971.628173695	
SGD: Magnitude of b:	
3.8771246775171	
SGD: Loss is	
	LOSS:Calculated softmax res	
30567.915576297	
SGD: crossEntropyLoss is	
30567.915576297	
SGD: Validation Accuracy is:	
0.56985294117647	
SGD: Magnitude of W:	
38928.136004715	
SGD: Magnitude of b:	
3.8922173856821	
SGD: Loss is	
	LOSS:Calculated softmax res	
30442.796546378	
SGD: crossEntropyLoss is	
30442.796546378	
SGD: Validation Accuracy is:	
0.56985294117647	
SGD: Magnitude of W:	
38884.711981173	
SGD: Magnitude of b:	
3.9074180773794	
SGD: Loss is	
	LOSS:Calculated softmax res	
30319.860868389	
SGD: crossEntropyLoss is	
30319.860868389	
SGD: Validation Accuracy is:	
0.57536764705882	
SGD: Magnitude of W:	
38841.385965043	
SGD: Magnitude of b:	
3.9227199614121	
SGD: Loss is	
	LOSS:Calculated softmax res	
30199.012498283	
SGD: crossEntropyLoss is	
30199.012498283	
SGD: Validation Accuracy is:	
0.57904411764706	
SGD: Magnitude of W:	
38798.151990378	
SGD: Magnitude of b:	
3.9381127905551	
SGD: Loss is	
	LOSS:Calculated softmax res	
30080.161360808	
SGD: crossEntropyLoss is	
30080.161360808	
SGD: Validation Accuracy is:	
0.58088235294118	
SGD: Magnitude of W:	
38755.010022687	
SGD: Magnitude of b:	
3.9535832835993	
SGD: Loss is	
	LOSS:Calculated softmax res	
29963.22273986	
SGD: crossEntropyLoss is	
29963.22273986	
SGD: Validation Accuracy is:	
0.58272058823529	
SGD: Magnitude of W:	
38711.954234111	
SGD: Magnitude of b:	
3.9691156326512	
SGD: Loss is	
	LOSS:Calculated softmax res	
29848.116778502	
SGD: crossEntropyLoss is	
29848.116778502	
SGD: Validation Accuracy is:	
0.58455882352941	
SGD: Magnitude of W:	
38668.99136769	
SGD: Magnitude of b:	
3.9846920644458	
SGD: Loss is	
	LOSS:Calculated softmax res	
29734.768068196	
SGD: crossEntropyLoss is	
29734.768068196	
SGD: Validation Accuracy is:	
0.59191176470588	
SGD: Magnitude of W:	
38626.182842477	
SGD: Magnitude of b:	
4.0002934200781	
SGD: Loss is	
	LOSS:Calculated softmax res	
29623.105308943	
SGD: crossEntropyLoss is	
29623.105308943	
SGD: Validation Accuracy is:	
0.59558823529412	
SGD: Magnitude of W:	
38583.487507434	
SGD: Magnitude of b:	
4.015899719822	
SGD: Loss is	
	LOSS:Calculated softmax res	
29513.061024692	
SGD: crossEntropyLoss is	
29513.061024692	
SGD: Validation Accuracy is:	
0.59742647058824	
SGD: Magnitude of W:	
38540.897653394	
SGD: Magnitude of b:	
4.0314906861532	
SGD: Loss is	
	LOSS:Calculated softmax res	
29404.571321162	
SGD: crossEntropyLoss is	
29404.571321162	
SGD: Validation Accuracy is:	
0.60294117647059	
SGD: Magnitude of W:	
38498.393077694	
SGD: Magnitude of b:	
4.0470462062817	
SGD: Loss is	
	LOSS:Calculated softmax res	
29297.575675747	
SGD: crossEntropyLoss is	
29297.575675747	
SGD: Validation Accuracy is:	
0.60477941176471	
SGD: Magnitude of W:	
38455.972940444	
SGD: Magnitude of b:	
4.0625467236021	
SGD: Loss is	
	LOSS:Calculated softmax res	
29192.016751463	
SGD: crossEntropyLoss is	
29192.016751463	
SGD: Validation Accuracy is:	
0.60845588235294	
SGD: Magnitude of W:	
38413.627655767	
SGD: Magnitude of b:	
4.0779735543843	
SGD: Loss is	
	LOSS:Calculated softmax res	
29087.840228696	
SGD: crossEntropyLoss is	
29087.840228696	
SGD: Validation Accuracy is:	
0.61029411764706	
SGD: Magnitude of W:	
38371.348374989	
SGD: Magnitude of b:	
4.0933091312949	
Done.	
Testing on validation set...	
Done	
Datafile:	/n/home09/ankitgupta/CS287/HW1/TREC-uni-sent.hdf5	Classifier:	lr	Alpha:	0	Eta:	0.5	Lambda:	1	Minibatch size:	500	Num Epochs:	50	Minimum Sentence Length:	5	
Accuracy:	0.61213235294118	
