[?1034hDatafile:	/n/home09/ankitgupta/CS287/HW1/SST2-uni-sent-syns.hdf5	Classifier:	lr	Alpha:	0	Eta:	1	Lambda:	0.5	Minibatch size:	500	Num Epochs:	50	Minimum Sentence Length:	5	
Note that not all parameters may apply to all classifiers	
Loading datafiles...	
Number of training samples before removing small sentences	76961	
Number of training samples after removing small sentences	74586	
Done.	
Training classifier...	
SGD: Loss is	
	LOSS:Calculated softmax res	
356240.72124604	
SGD: crossEntropyLoss is	
356240.72124604	
SGD: Validation Accuracy is:	
0.55913113435237	
SGD: Magnitude of W:	
73056.3390074	
SGD: Magnitude of b:	
5.5080516520282	
    Current index:	9501	
    Magnitude of W_grad:	19.517937510901	
    Magnitude of W:	73021.416701736	
    Magnitude of B_grad:	0.029813329640569	
    Magnitude of b:	0.62666811844875	

	
    Current index:	19501	
    Magnitude of W_grad:	25.236862803658	
    Magnitude of W:	72983.08094299	
    Magnitude of B_grad:	0.049003330664753	
    Magnitude of b:	0.62666811844875	

	
    Current index:	29501	
    Magnitude of W_grad:	24.118854321922	
    Magnitude of W:	72953.458531706	
    Magnitude of B_grad:	0.043927788961417	
    Magnitude of b:	1.2796348104955	

	
    Current index:	39501	
    Magnitude of W_grad:	51.702284119814	
    Magnitude of W:	72912.604596982	
    Magnitude of B_grad:	0.49297587481667	
    Magnitude of b:	0.95639780376867	

	
    Current index:	49501	
    Magnitude of W_grad:	27.566158274555	
    Magnitude of W:	72868.68891373	
    Magnitude of B_grad:	0.058481089357941	
    Magnitude of b:	2.4564288317201	

	
    Current index:	59501	
    Magnitude of W_grad:	18.195988341032	
    Magnitude of W:	72832.085946076	
    Magnitude of B_grad:	0.05891816952912	
    Magnitude of b:	2.36314588399	

	
SGD: Loss is	
	LOSS:Calculated softmax res	
223047.91622994	
SGD: crossEntropyLoss is	
223047.91622994	
SGD: Validation Accuracy is:	
0.70581925449182	
SGD: Magnitude of W:	
72808.376474195	
SGD: Magnitude of b:	
2.2304433628299	
    Current index:	9501	
    Magnitude of W_grad:	20.827366250884	
    Magnitude of W:	72784.204997395	
    Magnitude of B_grad:	0.020986151428751	
    Magnitude of b:	1.0996549379196	

	
    Current index:	19501	
    Magnitude of W_grad:	26.679183089264	
    Magnitude of W:	72755.33100301	
    Magnitude of B_grad:	0.090867901016965	
    Magnitude of b:	1.1464340249404	

	
    Current index:	29501	
    Magnitude of W_grad:	16.47757059914	
    Magnitude of W:	72731.252788393	
    Magnitude of B_grad:	0.094711210100016	
    Magnitude of b:	1.5543322077157	

	
    Current index:	39501	
    Magnitude of W_grad:	36.21609236203	
    Magnitude of W:	72701.327294635	
    Magnitude of B_grad:	0.32662876784267	
    Magnitude of b:	0.62666811844875	

	
    Current index:	49501	
    Magnitude of W_grad:	22.027201760438	
    Magnitude of W:	72667.333506271	
    Magnitude of B_grad:	0.053361392253662	
    Magnitude of b:	1.4741539213113	

	
    Current index:	59501	
    Magnitude of W_grad:	14.089245490333	
    Magnitude of W:	72637.383340204	
    Magnitude of B_grad:	0.065991267108172	
    Magnitude of b:	1.5952965741733	

	
SGD: Loss is	
	LOSS:Calculated softmax res	
176672.44683889	
SGD: crossEntropyLoss is	
176672.44683889	
SGD: Validation Accuracy is:	
0.73142933762403	
SGD: Magnitude of W:	
72616.697922468	
SGD: Magnitude of b:	
1.5953549193687	
    Current index:	9501	
    Magnitude of W_grad:	20.66898413797	
    Magnitude of W:	72594.429658548	
    Magnitude of B_grad:	0.05254433698481	
    Magnitude of b:	1.3044961955306	

	
    Current index:	19501	
    Magnitude of W_grad:	22.847062793799	
    Magnitude of W:	72569.634534104	
    Magnitude of B_grad:	0.064257315687918	
    Magnitude of b:	1.2744129237776	

	
    Current index:	29501	
    Magnitude of W_grad:	17.597761237438	
    Magnitude of W:	72548.442225458	
    Magnitude of B_grad:	0.10473505357116	
    Magnitude of b:	1.5820703055179	

	
    Current index:	39501	
    Magnitude of W_grad:	29.600139019275	
    Magnitude of W:	72522.704655203	
    Magnitude of B_grad:	0.2606390799172	
    Magnitude of b:	0.62666811844876	

	
    Current index:	49501	
    Magnitude of W_grad:	18.199967951925	
    Magnitude of W:	72493.46380578	
    Magnitude of B_grad:	0.054937602242049	
    Magnitude of b:	1.0627593516613	

	
    Current index:	59501	
    Magnitude of W_grad:	12.848617739171	
    Magnitude of W:	72467.015941921	
    Magnitude of B_grad:	0.06327631850022	
    Magnitude of b:	1.2556568638261	

	
SGD: Loss is	
	LOSS:Calculated softmax res	
153268.96331832	
SGD: crossEntropyLoss is	
153268.96331832	
SGD: Validation Accuracy is:	
0.74416733708769	
SGD: Magnitude of W:	
72448.516430032	
SGD: Magnitude of b:	
1.2695986191679	
    Current index:	9501	
    Magnitude of W_grad:	18.599019499247	
    Magnitude of W:	72428.20889645	
    Magnitude of B_grad:	0.04280230011313	
    Magnitude of b:	1.3543816263446	

	
    Current index:	19501	
    Magnitude of W_grad:	20.812514494057	
    Magnitude of W:	72405.822771715	
    Magnitude of B_grad:	0.052679903873821	
    Magnitude of b:	1.3052753655348	

	
    Current index:	29501	
    Magnitude of W_grad:	17.129588748962	
    Magnitude of W:	72386.187708053	
    Magnitude of B_grad:	0.11006951469429	
    Magnitude of b:	1.5739775778539	

	
    Current index:	39501	
    Magnitude of W_grad:	25.617277288852	
    Magnitude of W:	72362.887576796	
    Magnitude of B_grad:	0.22297258105189	
    Magnitude of b:	0.62666811844876	

	
    Current index:	49501	
    Magnitude of W_grad:	16.18906394899	
    Magnitude of W:	72336.814564229	
    Magnitude of B_grad:	0.057885489033314	
    Magnitude of b:	0.83688979968023	

	
    Current index:	59501	
    Magnitude of W_grad:	12.126385885403	
    Magnitude of W:	72312.756033731	
    Magnitude of B_grad:	0.048147630480201	
    Magnitude of b:	1.0607203386667	

	
SGD: Loss is	
	LOSS:Calculated softmax res	
137340.32446281	
SGD: crossEntropyLoss is	
137340.32446281	
SGD: Validation Accuracy is:	
0.75274872620005	
SGD: Magnitude of W:	
72296.109933686	
SGD: Magnitude of b:	
1.0582609900388	
    Current index:	9501	
    Magnitude of W_grad:	16.916124493764	
    Magnitude of W:	72276.758479452	
    Magnitude of B_grad:	0.029046864247063	
    Magnitude of b:	1.380607590821	

	
    Current index:	19501	
    Magnitude of W_grad:	19.04704355821	
    Magnitude of W:	72255.942813508	
    Magnitude of B_grad:	0.040735906791726	
    Magnitude of b:	1.3157375456021	

	
    Current index:	29501	
    Magnitude of W_grad:	16.677842626319	
    Magnitude of W:	72237.513182146	
    Magnitude of B_grad:	0.11074015868581	
    Magnitude of b:	1.5693713662255	

	
    Current index:	39501	
    Magnitude of W_grad:	24.513208655723	
    Magnitude of W:	72215.899805406	
    Magnitude of B_grad:	0.20035201981175	
    Magnitude of b:	0.62666811844876	

	
    Current index:	49501	
    Magnitude of W_grad:	14.990337550687	
    Magnitude of W:	72192.385036441	
    Magnitude of B_grad:	0.061689089882773	
    Magnitude of b:	0.69192902273042	

	
    Current index:	59501	
    Magnitude of W_grad:	11.749247964206	
    Magnitude of W:	72169.964769273	
    Magnitude of B_grad:	0.029189086727363	
    Magnitude of b:	0.92261258231476	

	
SGD: Loss is	
	LOSS:Calculated softmax res	
126252.33648115	
SGD: crossEntropyLoss is	
126252.33648115	
SGD: Validation Accuracy is:	
0.75945293644409	
SGD: Magnitude of W:	
72154.599656019	
SGD: Magnitude of b:	
0.91217988345208	
    Current index:	9501	
    Magnitude of W_grad:	15.556354327516	
    Magnitude of W:	72135.855300103	
    Magnitude of B_grad:	0.01733330503503	
    Magnitude of b:	1.3877406134083	

	
    Current index:	19501	
    Magnitude of W_grad:	17.768460441694	
    Magnitude of W:	72116.049831654	
    Magnitude of B_grad:	0.033498484982848	
    Magnitude of b:	1.3246251284342	

	
    Current index:	29501	
    Magnitude of W_grad:	16.10773966979	
    Magnitude of W:	72098.447081242	
    Magnitude of B_grad:	0.1079274059479	
    Magnitude of b:	1.5663560151733	

	
    Current index:	39501	
    Magnitude of W_grad:	23.645019067407	
    Magnitude of W:	72077.911791325	
    Magnitude of B_grad:	0.18980470822895	
    Magnitude of b:	0.62666811844876	

	
    Current index:	49501	
    Magnitude of W_grad:	14.131717073808	
    Magnitude of W:	72056.228546584	
    Magnitude of B_grad:	0.06203888542429	
    Magnitude of b:	0.62666811844876	

	
    Current index:	59501	
    Magnitude of W_grad:	11.544861997108	
    Magnitude of W:	72034.883874541	
    Magnitude of B_grad:	0.018854691890682	
    Magnitude of b:	0.8244804715343	

	
SGD: Loss is	
	LOSS:Calculated softmax res	
118712.84126505	
SGD: crossEntropyLoss is	
118712.84126505	
SGD: Validation Accuracy is:	
0.76401179941003	
SGD: Magnitude of W:	
72020.501302942	
SGD: Magnitude of b:	
0.81679864382201	
    Current index:	9501	
    Magnitude of W_grad:	14.572691330604	
    Magnitude of W:	72002.290772686	
    Magnitude of B_grad:	0.0083961139768323	
    Magnitude of b:	1.3754921842446	

	
    Current index:	19501	
    Magnitude of W_grad:	16.759826887254	
    Magnitude of W:	71983.423845997	
    Magnitude of B_grad:	0.028187316049073	
    Magnitude of b:	1.3244089250314	

	
    Current index:	29501	
    Magnitude of W_grad:	15.471002691233	
    Magnitude of W:	71966.727604154	
    Magnitude of B_grad:	0.10503201217311	
    Magnitude of b:	1.5585854998132	

	
    Current index:	39501	
    Magnitude of W_grad:	22.47714442846	
    Magnitude of W:	71947.274305837	
    Magnitude of B_grad:	0.18138668655713	
    Magnitude of b:	0.62666811844876	

	
    Current index:	49501	
    Magnitude of W_grad:	13.380851446844	
    Magnitude of W:	71927.116682518	
    Magnitude of B_grad:	0.059218566615095	
    Magnitude of b:	0.62666811844876	

	
    Current index:	59501	
    Magnitude of W_grad:	11.268734055507	
    Magnitude of W:	71906.779691457	
    Magnitude of B_grad:	0.015658306687371	
    Magnitude of b:	0.75450988609257	

	
SGD: Loss is	
	LOSS:Calculated softmax res	
112886.36810033	
SGD: crossEntropyLoss is	
112886.36810033	
SGD: Validation Accuracy is:	
0.76830249396621	
SGD: Magnitude of W:	
71893.073147655	
SGD: Magnitude of b:	
0.7521225481084	
    Current index:	9501	
    Magnitude of W_grad:	13.871213771687	
    Magnitude of W:	71875.420279334	
    Magnitude of B_grad:	0.0022078700299426	
    Magnitude of b:	1.355780041127	

	
    Current index:	19501	
    Magnitude of W_grad:	15.933264162819	
    Magnitude of W:	71857.399943119	
    Magnitude of B_grad:	0.025064971921055	
    Magnitude of b:	1.3151158645866	

	
    Current index:	29501	
    Magnitude of W_grad:	14.89399838085	
    Magnitude of W:	71841.642343152	
    Magnitude of B_grad:	0.10128814145651	
    Magnitude of b:	1.5460423726745	

	
    Current index:	39501	
    Magnitude of W_grad:	21.55070738855	
    Magnitude of W:	71823.158973779	
    Magnitude of B_grad:	0.17740845544165	
    Magnitude of b:	0.62666811844876	

	
    Current index:	49501	
    Magnitude of W_grad:	12.600038496516	
    Magnitude of W:	71804.111037008	
    Magnitude of B_grad:	0.055228800299671	
    Magnitude of b:	0.62666811844876	

	
    Current index:	59501	
    Magnitude of W_grad:	10.945545947529	
    Magnitude of W:	71784.624881016	
    Magnitude of B_grad:	0.013407588471941	
    Magnitude of b:	0.69822679479074	

	
SGD: Loss is	
	LOSS:Calculated softmax res	
108023.01078369	
SGD: crossEntropyLoss is	
108023.01078369	
SGD: Validation Accuracy is:	
0.7711182622687	
SGD: Magnitude of W:	
71771.57509537	
SGD: Magnitude of b:	
0.70175510350714	
    Current index:	9501	
    Magnitude of W_grad:	13.261718758264	
    Magnitude of W:	71754.643196724	
    Magnitude of B_grad:	0.0011580068512212	
    Magnitude of b:	1.336414714642	

	
    Current index:	19501	
    Magnitude of W_grad:	15.290722449597	
    Magnitude of W:	71737.417054987	
    Magnitude of B_grad:	0.024464962927633	
    Magnitude of b:	1.3032442038258	

	
    Current index:	29501	
    Magnitude of W_grad:	14.396437498095	
    Magnitude of W:	71722.371317673	
    Magnitude of B_grad:	0.096308512463874	
    Magnitude of b:	1.5342717062813	

	
    Current index:	39501	
    Magnitude of W_grad:	21.023234724257	
    Magnitude of W:	71704.253077754	
    Magnitude of B_grad:	0.17617762932508	
    Magnitude of b:	0.62666811844876	

	
    Current index:	49501	
    Magnitude of W_grad:	11.996198825714	
    Magnitude of W:	71685.885507459	
    Magnitude of B_grad:	0.051756883352555	
    Magnitude of b:	0.62666811844876	

	
    Current index:	59501	
    Magnitude of W_grad:	10.737561375919	
    Magnitude of W:	71667.131985253	
    Magnitude of B_grad:	0.0096165492715694	
    Magnitude of b:	0.64905135540463	

	
SGD: Loss is	
	LOSS:Calculated softmax res	
103776.67049281	
SGD: crossEntropyLoss is	
103776.67049281	
SGD: Validation Accuracy is:	
0.77607937784929	
SGD: Magnitude of W:	
71654.537797161	
SGD: Magnitude of b:	
0.65803693343196	
    Current index:	9501	
    Magnitude of W_grad:	12.724747047668	
    Magnitude of W:	71638.048231846	
    Magnitude of B_grad:	0.0026144022045217	
    Magnitude of b:	1.3186167723543	

	
    Current index:	19501	
    Magnitude of W_grad:	14.806552686519	
    Magnitude of W:	71621.515538536	
    Magnitude of B_grad:	0.024973311924788	
    Magnitude of b:	1.2927593269165	

	
    Current index:	29501	
    Magnitude of W_grad:	13.963650676661	
    Magnitude of W:	71606.902121617	
    Magnitude of B_grad:	0.090861154210748	
    Magnitude of b:	1.5250802531606	

	
    Current index:	39501	
    Magnitude of W_grad:	20.649817238127	
    Magnitude of W:	71589.207059304	
    Magnitude of B_grad:	0.17495548443352	
    Magnitude of b:	0.62666811844876	

	
    Current index:	49501	
    Magnitude of W_grad:	11.482340824531	
    Magnitude of W:	71571.497905143	
    Magnitude of B_grad:	0.049165545148606	
    Magnitude of b:	0.62666811844876	

	
    Current index:	59501	
    Magnitude of W_grad:	10.706015214565	
    Magnitude of W:	71553.457533023	
    Magnitude of B_grad:	0.0052443495926222	
    Magnitude of b:	0.62666811844876	

	
SGD: Loss is	
	LOSS:Calculated softmax res	
100028.86348705	
SGD: crossEntropyLoss is	
100028.86348705	
SGD: Validation Accuracy is:	
0.78023598820059	
SGD: Magnitude of W:	
71541.163667906	
SGD: Magnitude of b:	
0.62666811844876	
    Current index:	9501	
    Magnitude of W_grad:	12.247546272254	
    Magnitude of W:	71525.154689206	
    Magnitude of B_grad:	0.0032295814395366	
    Magnitude of b:	1.3020799887046	

	
    Current index:	19501	
    Magnitude of W_grad:	14.38371203529	
    Magnitude of W:	71509.231731399	
    Magnitude of B_grad:	0.02544798241391	
    Magnitude of b:	1.2836600158459	

	
    Current index:	29501	
    Magnitude of W_grad:	13.565438450854	
    Magnitude of W:	71494.981253195	
    Magnitude of B_grad:	0.085525707649928	
    Magnitude of b:	1.5170742417299	

	
    Current index:	39501	
    Magnitude of W_grad:	20.320609394375	
    Magnitude of W:	71477.649928296	
    Magnitude of B_grad:	0.17307787356933	
    Magnitude of b:	0.62666811844876	

	
    Current index:	49501	
    Magnitude of W_grad:	11.011821868473	
    Magnitude of W:	71460.66217207	
    Magnitude of B_grad:	0.047356145390726	
    Magnitude of b:	0.62666811844876	

	
    Current index:	59501	
    Magnitude of W_grad:	10.710898720332	
    Magnitude of W:	71443.136173718	
    Magnitude of B_grad:	0.0014351888045368	
    Magnitude of b:	0.62666811844876	

	
SGD: Loss is	
	LOSS:Calculated softmax res	
96709.254372578	
SGD: crossEntropyLoss is	
96709.254372578	
SGD: Validation Accuracy is:	
0.78197908286404	
SGD: Magnitude of W:	
71431.177775991	
SGD: Magnitude of b:	
0.62666811844876	
    Current index:	9501	
    Magnitude of W_grad:	11.807410967363	
    Magnitude of W:	71415.52394019	
    Magnitude of B_grad:	0.0036764788827073	
    Magnitude of b:	1.2860233086186	

	
    Current index:	19501	
    Magnitude of W_grad:	13.973557024567	
    Magnitude of W:	71400.054251305	
    Magnitude of B_grad:	0.025828717052137	
    Magnitude of b:	1.2747485873137	

	
    Current index:	29501	
    Magnitude of W_grad:	13.186578816013	
    Magnitude of W:	71386.119929489	
    Magnitude of B_grad:	0.080527867559508	
    Magnitude of b:	1.5087249415747	

	
    Current index:	39501	
    Magnitude of W_grad:	20.015625740952	
    Magnitude of W:	71369.189580937	
    Magnitude of B_grad:	0.17093683835706	
    Magnitude of b:	0.62666811844876	

	
    Current index:	49501	
    Magnitude of W_grad:	10.601278032594	
    Magnitude of W:	71352.742791603	
    Magnitude of B_grad:	0.046036431225654	
    Magnitude of b:	0.62666811844876	

	
    Current index:	59501	
    Magnitude of W_grad:	10.731649796233	
    Magnitude of W:	71335.889554081	
    Magnitude of B_grad:	0.0014036763415412	
    Magnitude of b:	0.62666811844876	

	
SGD: Loss is	
	LOSS:Calculated softmax res	
93759.592012303	
SGD: crossEntropyLoss is	
93759.592012303	
SGD: Validation Accuracy is:	
0.78466076696165	
SGD: Magnitude of W:	
71324.173461375	
SGD: Magnitude of b:	
0.62666811844876	
    Current index:	9501	
    Magnitude of W_grad:	11.394556321509	
    Magnitude of W:	71308.91404028	
    Magnitude of B_grad:	0.0042284640326606	
    Magnitude of b:	1.2697348171545	

	
    Current index:	19501	
    Magnitude of W_grad:	13.587405529144	
    Magnitude of W:	71293.905458733	
    Magnitude of B_grad:	0.02631595236019	
    Magnitude of b:	1.2654281462727	

	
    Current index:	29501	
    Magnitude of W_grad:	12.822334928749	
    Magnitude of W:	71280.238617794	
    Magnitude of B_grad:	0.075792558115194	
    Magnitude of b:	1.4995669584148	

	
    Current index:	39501	
    Magnitude of W_grad:	19.708604551642	
    Magnitude of W:	71263.656872631	
    Magnitude of B_grad:	0.16875443399511	
    Magnitude of b:	0.62666811844876	

	
    Current index:	49501	
    Magnitude of W_grad:	10.219141409488	
    Magnitude of W:	71247.487952318	
    Magnitude of B_grad:	0.044762973693067	
    Magnitude of b:	0.62666811844876	

	
    Current index:	59501	
    Magnitude of W_grad:	10.724836028349	
    Magnitude of W:	71231.037030381	
    Magnitude of B_grad:	0.0035605874448922	
    Magnitude of b:	0.62666811844876	

	
SGD: Loss is	
	LOSS:Calculated softmax res	
91117.109033036	
SGD: crossEntropyLoss is	
91117.109033036	
SGD: Validation Accuracy is:	
0.78412443014213	
SGD: Magnitude of W:	
71219.456053132	
SGD: Magnitude of b:	
0.62666811844876	
    Current index:	9501	
    Magnitude of W_grad:	11.002476861268	
    Magnitude of W:	71204.540733526	
    Magnitude of B_grad:	0.0049740754385604	
    Magnitude of b:	1.2530194169477	

	
    Current index:	19501	
    Magnitude of W_grad:	13.234133627771	
    Magnitude of W:	71189.759855648	
    Magnitude of B_grad:	0.026923914514817	
    Magnitude of b:	1.255647983153	

	
    Current index:	29501	
    Magnitude of W_grad:	12.475051038397	
    Magnitude of W:	71176.366392686	
    Magnitude of B_grad:	0.071313128975951	
    Magnitude of b:	1.4895946736083	

	
    Current index:	39501	
    Magnitude of W_grad:	19.396461569551	
    Magnitude of W:	71160.066300749	
    Magnitude of B_grad:	0.16654682524416	
    Magnitude of b:	0.62666811844876	

	
    Current index:	49501	
    Magnitude of W_grad:	9.8730836342389	
    Magnitude of W:	71144.377100491	
    Magnitude of B_grad:	0.043234851041644	
    Magnitude of b:	0.62666811844876	

	
    Current index:	59501	
    Magnitude of W_grad:	10.708191614679	
    Magnitude of W:	71128.305034071	
    Magnitude of B_grad:	0.005426596182459	
    Magnitude of b:	0.62666811844876	

	
SGD: Loss is	
	LOSS:Calculated softmax res	
88727.879539467	
SGD: crossEntropyLoss is	
88727.879539467	
SGD: Validation Accuracy is:	
0.78452668275677	
SGD: Magnitude of W:	
71116.875076423	
SGD: Magnitude of b:	
0.62666811844876	
    Current index:	9501	
    Magnitude of W_grad:	10.626346086397	
    Magnitude of W:	71102.264718436	
    Magnitude of B_grad:	0.0059791313843181	
    Magnitude of b:	1.2362592765536	

	
    Current index:	19501	
    Magnitude of W_grad:	12.909731866081	
    Magnitude of W:	71087.737650295	
    Magnitude of B_grad:	0.02757102326596	
    Magnitude of b:	1.2455633250791	

	
    Current index:	29501	
    Magnitude of W_grad:	12.182200792162	
    Magnitude of W:	71074.619037976	
    Magnitude of B_grad:	0.067237600566844	
    Magnitude of b:	1.4787334918603	

	
    Current index:	39501	
    Magnitude of W_grad:	19.081881555715	
    Magnitude of W:	71058.616733485	
    Magnitude of B_grad:	0.16434556462383	
    Magnitude of b:	0.62666811844876	

	
    Current index:	49501	
    Magnitude of W_grad:	9.5644157904879	
    Magnitude of W:	71043.274917589	
    Magnitude of B_grad:	0.041483128619816	
    Magnitude of b:	0.62666811844876	

	
    Current index:	59501	
    Magnitude of W_grad:	10.692044680216	
    Magnitude of W:	71027.663689346	
    Magnitude of B_grad:	0.007217089820599	
    Magnitude of b:	0.62666811844876	

	
SGD: Loss is	
	LOSS:Calculated softmax res	
86550.555365779	
SGD: crossEntropyLoss is	
86550.555365779	
SGD: Validation Accuracy is:	
0.78546527219094	
SGD: Magnitude of W:	
71016.452071823	
SGD: Magnitude of b:	
0.62666811844876	
    Current index:	9501	
    Magnitude of W_grad:	10.265359775653	
    Magnitude of W:	71002.023406664	
    Magnitude of B_grad:	0.0072530434938132	
    Magnitude of b:	1.2197937576963	

	
    Current index:	19501	
    Magnitude of W_grad:	12.607784881098	
    Magnitude of W:	70987.821775197	
    Magnitude of B_grad:	0.028169087108557	
    Magnitude of b:	1.2352860713854	

	
    Current index:	29501	
    Magnitude of W_grad:	11.942444161901	
    Magnitude of W:	70975.019677664	
    Magnitude of B_grad:	0.063687495525601	
    Magnitude of b:	1.4669868710762	

	
    Current index:	39501	
    Magnitude of W_grad:	18.774114566057	
    Magnitude of W:	70959.288870937	
    Magnitude of B_grad:	0.162172348977	
    Magnitude of b:	0.62666811844876	

	
    Current index:	49501	
    Magnitude of W_grad:	9.2908653636555	
    Magnitude of W:	70944.229944112	
    Magnitude of B_grad:	0.039648923753409	
    Magnitude of b:	0.62666811844876	

	
    Current index:	59501	
    Magnitude of W_grad:	10.673312811239	
    Magnitude of W:	70928.95869691	
    Magnitude of B_grad:	0.0089853145571455	
    Magnitude of b:	0.62666811844876	

	
SGD: Loss is	
	LOSS:Calculated softmax res	
84553.336962197	
SGD: crossEntropyLoss is	
84553.336962197	
SGD: Validation Accuracy is:	
0.7870742826495	
SGD: Magnitude of W:	
70917.844157193	
SGD: Magnitude of b:	
0.62666811844876	
    Current index:	9501	
    Magnitude of W_grad:	9.9193690075096	
    Magnitude of W:	70903.7334746	
    Magnitude of B_grad:	0.0086921200847135	
    Magnitude of b:	1.2037715078329	

	
    Current index:	19501	
    Magnitude of W_grad:	12.326497814091	
    Magnitude of W:	70889.746188677	
    Magnitude of B_grad:	0.028653310318038	
    Magnitude of b:	1.224827445144	

	
    Current index:	29501	
    Magnitude of W_grad:	11.725491376243	
    Magnitude of W:	70877.169203985	
    Magnitude of B_grad:	0.060675909008178	
    Magnitude of b:	1.4545947714158	

	
    Current index:	39501	
    Magnitude of W_grad:	18.4748500804	
    Magnitude of W:	70861.718202636	
    Magnitude of B_grad:	0.16003033218215	
    Magnitude of b:	0.62666811844876	

	
    Current index:	49501	
    Magnitude of W_grad:	9.0455877692339	
    Magnitude of W:	70846.920604749	
    Magnitude of B_grad:	0.03783082399177	
    Magnitude of b:	0.62666811844876	

	
    Current index:	59501	
    Magnitude of W_grad:	10.653051044624	
    Magnitude of W:	70831.918029039	
    Magnitude of B_grad:	0.010702522026155	
    Magnitude of b:	0.62666811844876	

	
SGD: Loss is	
	LOSS:Calculated softmax res	
82713.743205679	
SGD: crossEntropyLoss is	
82713.743205679	
SGD: Validation Accuracy is:	
0.78814695628855	
SGD: Magnitude of W:	
70820.982928853	
SGD: Magnitude of b:	
0.62666811844876	
    Current index:	9501	
    Magnitude of W_grad:	9.5935262789873	
    Magnitude of W:	70807.098939128	
    Magnitude of B_grad:	0.010131109006814	
    Magnitude of b:	1.1883731117767	

	
    Current index:	19501	
    Magnitude of W_grad:	12.066272537436	
    Magnitude of W:	70793.292727525	
    Magnitude of B_grad:	0.028988457375216	
    Magnitude of b:	1.2142328604746	

	
    Current index:	29501	
    Magnitude of W_grad:	11.524453418017	
    Magnitude of W:	70780.912144561	
    Magnitude of B_grad:	0.058150148558739	
    Magnitude of b:	1.4419326916162	

	
    Current index:	39501	
    Magnitude of W_grad:	18.184683488989	
    Magnitude of W:	70765.775584375	
    Magnitude of B_grad:	0.15793690612489	
    Magnitude of b:	0.62666811844876	

	
    Current index:	49501	
    Magnitude of W_grad:	8.819889448326	
    Magnitude of W:	70751.134842424	
    Magnitude of B_grad:	0.036088223647967	
    Magnitude of b:	0.62666811844876	

	
    Current index:	59501	
    Magnitude of W_grad:	10.629821427267	
    Magnitude of W:	70736.408486832	
    Magnitude of B_grad:	0.01232296433234	
    Magnitude of b:	0.62666811844876	

	
SGD: Loss is	
	LOSS:Calculated softmax res	
81016.44537353	
SGD: crossEntropyLoss is	
81016.44537353	
SGD: Validation Accuracy is:	
0.79082864038616	
SGD: Magnitude of W:	
70725.736733709	
SGD: Magnitude of b:	
0.62666811844876	
    Current index:	9501	
    Magnitude of W_grad:	9.287316356399	
    Magnitude of W:	70711.994354685	
    Magnitude of B_grad:	0.011424608542907	
    Magnitude of b:	1.1738027476155	

	
    Current index:	19501	
    Magnitude of W_grad:	11.821349163147	
    Magnitude of W:	70698.333907743	
    Magnitude of B_grad:	0.029157877926507	
    Magnitude of b:	1.2036623501274	

	
    Current index:	29501	
    Magnitude of W_grad:	11.349578162129	
    Magnitude of W:	70686.123734805	
    Magnitude of B_grad:	0.056029423235181	
    Magnitude of b:	1.4293912033627	

	
    Current index:	39501	
    Magnitude of W_grad:	17.904746535715	
    Magnitude of W:	70671.272963786	
    Magnitude of B_grad:	0.15591276767072	
    Magnitude of b:	0.62666811844876	

	
    Current index:	49501	
    Magnitude of W_grad:	8.6128946375786	
    Magnitude of W:	70656.832471079	
    Magnitude of B_grad:	0.034465698246573	
    Magnitude of b:	0.62666811844876	

	
    Current index:	59501	
    Magnitude of W_grad:	10.618985982855	
    Magnitude of W:	70642.292129969	
    Magnitude of B_grad:	0.013809556984307	
    Magnitude of b:	0.62666811844876	

	
SGD: Loss is	
	LOSS:Calculated softmax res	
79448.388399403	
SGD: crossEntropyLoss is	
79448.388399403	
SGD: Validation Accuracy is:	
0.7912308930008	
SGD: Magnitude of W:	
70631.850219166	
SGD: Magnitude of b:	
0.62666811844876	
    Current index:	9501	
    Magnitude of W_grad:	9.0035086294474	
    Magnitude of W:	70618.199053808	
    Magnitude of B_grad:	0.012486574679431	
    Magnitude of b:	1.1602038842489	

	
    Current index:	19501	
    Magnitude of W_grad:	11.589197113794	
    Magnitude of W:	70604.7448127	
    Magnitude of B_grad:	0.029161575765866	
    Magnitude of b:	1.1933365961444	

	
    Current index:	29501	
    Magnitude of W_grad:	11.194085197506	
    Magnitude of W:	70592.647350294	
    Magnitude of B_grad:	0.054225632675581	
    Magnitude of b:	1.4172770845106	

	
    Current index:	39501	
    Magnitude of W_grad:	17.636605377358	
    Magnitude of W:	70577.949579549	
    Magnitude of B_grad:	0.1539820954848	
    Magnitude of b:	0.62666811844876	

	
    Current index:	49501	
    Magnitude of W_grad:	8.4222848069202	
    Magnitude of W:	70563.728194116	
    Magnitude of B_grad:	0.032997294093625	
    Magnitude of b:	0.62666811844876	

	
    Current index:	59501	
    Magnitude of W_grad:	10.630437498305	
    Magnitude of W:	70549.291787378	
    Magnitude of B_grad:	0.015141406890506	
    Magnitude of b:	0.62666811844876	

	
SGD: Loss is	
	LOSS:Calculated softmax res	
77996.016542604	
SGD: crossEntropyLoss is	
77996.016542604	
SGD: Validation Accuracy is:	
0.79243765084473	
SGD: Magnitude of W:	
70539.010253718	
SGD: Magnitude of b:	
0.62666811844876	
    Current index:	9501	
    Magnitude of W_grad:	8.7462955497103	
    Magnitude of W:	70525.545446823	
    Magnitude of B_grad:	0.013287836725104	
    Magnitude of b:	1.1476214042112	

	
    Current index:	19501	
    Magnitude of W_grad:	11.367926385579	
    Magnitude of W:	70512.275815011	
    Magnitude of B_grad:	0.029013060583298	
    Magnitude of b:	1.1834549953463	

	
    Current index:	29501	
    Magnitude of W_grad:	11.033277613461	
    Magnitude of W:	70500.322096364	
    Magnitude of B_grad:	0.052656520947564	
    Magnitude of b:	1.4057548146058	

	
    Current index:	39501	
    Magnitude of W_grad:	17.385217075202	
    Magnitude of W:	70485.847535929	
    Magnitude of B_grad:	0.15218614911894	
    Magnitude of b:	0.62666811844876	

	
    Current index:	49501	
    Magnitude of W_grad:	8.2534816015931	
    Magnitude of W:	70471.828869979	
    Magnitude of B_grad:	0.031697517806001	
    Magnitude of b:	0.62666811844876	

	
    Current index:	59501	
    Magnitude of W_grad:	10.638803967039	
    Magnitude of W:	70457.582438869	
    Magnitude of B_grad:	0.016313841160304	
    Magnitude of b:	0.62666811844876	

	
SGD: Loss is	
	LOSS:Calculated softmax res	
76645.375828897	
SGD: crossEntropyLoss is	
76645.375828897	
SGD: Validation Accuracy is:	
0.7933762402789	
SGD: Magnitude of W:	
70447.407393644	
SGD: Magnitude of b:	
0.62666811844876	
    Current index:	9501	
    Magnitude of W_grad:	8.5140828833019	
    Magnitude of W:	70434.229639401	
    Magnitude of B_grad:	0.013842760856795	
    Magnitude of b:	1.1360186760473	

	
    Current index:	19501	
    Magnitude of W_grad:	11.156651005107	
    Magnitude of W:	70421.14089473	
    Magnitude of B_grad:	0.028734573476886	
    Magnitude of b:	1.1741801559769	

	
    Current index:	29501	
    Magnitude of W_grad:	10.869587166356	
    Magnitude of W:	70409.240315856	
    Magnitude of B_grad:	0.051252357949597	
    Magnitude of b:	1.3948801679791	

	
    Current index:	39501	
    Magnitude of W_grad:	17.156460126515	
    Magnitude of W:	70394.990779718	
    Magnitude of B_grad:	0.15058694845504	
    Magnitude of b:	0.62666811844876	

	
    Current index:	49501	
    Magnitude of W_grad:	8.1039835854849	
    Magnitude of W:	70381.221727345	
    Magnitude of B_grad:	0.030556332744735	
    Magnitude of b:	0.62666811844876	

	
    Current index:	59501	
    Magnitude of W_grad:	10.648997018122	
    Magnitude of W:	70367.141462963	
    Magnitude of B_grad:	0.017331489377448	
    Magnitude of b:	0.62666811844876	

	
SGD: Loss is	
	LOSS:Calculated softmax res	
75383.064389502	
SGD: crossEntropyLoss is	
75383.064389502	
SGD: Validation Accuracy is:	
0.7940466613033	
SGD: Magnitude of W:	
70357.11840052	
SGD: Magnitude of b:	
0.62666811844876	
    Current index:	9501	
    Magnitude of W_grad:	8.3094281174561	
    Magnitude of W:	70344.051421938	
    Magnitude of B_grad:	0.014195232980234	
    Magnitude of b:	1.1253176202841	

	
    Current index:	19501	
    Magnitude of W_grad:	10.956951622284	
    Magnitude of W:	70331.071541437	
    Magnitude of B_grad:	0.028357049471346	
    Magnitude of b:	1.1656213837453	

	
    Current index:	29501	
    Magnitude of W_grad:	10.707578571356	
    Magnitude of W:	70319.256009853	
    Magnitude of B_grad:	0.049960739405202	
    Magnitude of b:	1.3846617579638	

	
    Current index:	39501	
    Magnitude of W_grad:	16.953759598506	
    Magnitude of W:	70305.18679	
    Magnitude of B_grad:	0.14925906238348	
    Magnitude of b:	0.62666811844876	

	
    Current index:	49501	
    Magnitude of W_grad:	7.9691415905221	
    Magnitude of W:	70291.514232396	
    Magnitude of B_grad:	0.029552182771438	
    Magnitude of b:	0.62666811844876	

	
    Current index:	59501	
    Magnitude of W_grad:	10.653815349125	
    Magnitude of W:	70277.56172844	
    Magnitude of B_grad:	0.018202663582614	
    Magnitude of b:	0.62666811844876	

	
SGD: Loss is	
	LOSS:Calculated softmax res	
74197.752278857	
SGD: crossEntropyLoss is	
74197.752278857	
SGD: Validation Accuracy is:	
0.7947170823277	
SGD: Magnitude of W:	
70267.703472089	
SGD: Magnitude of b:	
0.62666811844876	
    Current index:	9501	
    Magnitude of W_grad:	8.1289497575207	
    Magnitude of W:	70254.715016383	
    Magnitude of B_grad:	0.014403627415522	
    Magnitude of b:	1.1154419597395	

	
    Current index:	19501	
    Magnitude of W_grad:	10.765804545298	
    Magnitude of W:	70241.885176856	
    Magnitude of B_grad:	0.027914956165623	
    Magnitude of b:	1.157805622654	

	
    Current index:	29501	
    Magnitude of W_grad:	10.542167412634	
    Magnitude of W:	70230.119752473	
    Magnitude of B_grad:	0.048749517571257	
    Magnitude of b:	1.3750936223103	

	
    Current index:	39501	
    Magnitude of W_grad:	16.7751498286	
    Magnitude of W:	70216.241709978	
    Magnitude of B_grad:	0.14825619774658	
    Magnitude of b:	0.62867914597226	

	
    Current index:	49501	
    Magnitude of W_grad:	7.8446730924937	
    Magnitude of W:	70202.647610293	
    Magnitude of B_grad:	0.028669886780409	
    Magnitude of b:	0.62666811844876	

	
    Current index:	59501	
    Magnitude of W_grad:	10.649524942333	
    Magnitude of W:	70188.940595593	
    Magnitude of B_grad:	0.018938431426956	
    Magnitude of b:	0.62666811844876	

	
SGD: Loss is	
	LOSS:Calculated softmax res	
73081.32016946	
SGD: crossEntropyLoss is	
73081.32016946	
SGD: Validation Accuracy is:	
0.79525341914722	
SGD: Magnitude of W:	
70179.202441977	
SGD: Magnitude of b:	
0.62666811844876	
    Current index:	9501	
    Magnitude of W_grad:	7.9643133023927	
    Magnitude of W:	70166.335194797	
    Magnitude of B_grad:	0.014525291380518	
    Magnitude of b:	1.106343568237	

	
    Current index:	19501	
    Magnitude of W_grad:	10.580514897928	
    Magnitude of W:	70153.567457622	
    Magnitude of B_grad:	0.027434923803081	
    Magnitude of b:	1.1507028548847	

	
    Current index:	29501	
    Magnitude of W_grad:	10.374857596294	
    Magnitude of W:	70141.892599225	
    Magnitude of B_grad:	0.047603432966186	
    Magnitude of b:	1.3661661491275	

	
    Current index:	39501	
    Magnitude of W_grad:	16.616779279436	
    Magnitude of W:	70128.197582287	
    Magnitude of B_grad:	0.14754844707932	
    Magnitude of b:	0.63100883032156	

	
    Current index:	49501	
    Magnitude of W_grad:	7.7292888986317	
    Magnitude of W:	70114.780095268	
    Magnitude of B_grad:	0.027904438155958	
    Magnitude of b:	0.62666811844876	

	
    Current index:	59501	
    Magnitude of W_grad:	10.637209753827	
    Magnitude of W:	70101.286943736	
    Magnitude of B_grad:	0.019552812410341	
    Magnitude of b:	0.62666811844876	

	
SGD: Loss is	
	LOSS:Calculated softmax res	
72028.28837159	
SGD: crossEntropyLoss is	
72028.28837159	
SGD: Validation Accuracy is:	
0.79552158755699	
SGD: Magnitude of W:	
70091.615768977	
SGD: Magnitude of b:	
0.62666811844876	
    Current index:	9501	
    Magnitude of W_grad:	7.8149069962786	
    Magnitude of W:	70078.927389797	
    Magnitude of B_grad:	0.014605345538931	
    Magnitude of b:	1.0980163713291	

	
    Current index:	19501	
    Magnitude of W_grad:	10.406216201135	
    Magnitude of W:	70066.215578228	
    Magnitude of B_grad:	0.026932167150217	
    Magnitude of b:	1.1442788883332	

	
    Current index:	29501	
    Magnitude of W_grad:	10.206908286454	
    Magnitude of W:	70054.589475376	
    Magnitude of B_grad:	0.046516063621296	
    Magnitude of b:	1.3578773003393	

	
    Current index:	39501	
    Magnitude of W_grad:	16.469024155749	
    Magnitude of W:	70041.015509227	
    Magnitude of B_grad:	0.14699565422324	
    Magnitude of b:	0.6335397530722	

	
    Current index:	49501	
    Magnitude of W_grad:	7.6290102307441	
    Magnitude of W:	70027.780337899	
    Magnitude of B_grad:	0.027259014142505	
    Magnitude of b:	0.62666811844876	

	
    Current index:	59501	
    Magnitude of W_grad:	10.617549878252	
    Magnitude of W:	70014.411284274	
    Magnitude of B_grad:	0.020061948698436	
    Magnitude of b:	0.62666811844876	

	
SGD: Loss is	
	LOSS:Calculated softmax res	
71034.538913921	
SGD: crossEntropyLoss is	
71034.538913921	
SGD: Validation Accuracy is:	
0.79578975596675	
SGD: Magnitude of W:	
70004.807142943	
SGD: Magnitude of b:	
0.62666811844876	
    Current index:	9501	
    Magnitude of W_grad:	7.6792984695999	
    Magnitude of W:	69992.337117004	
    Magnitude of B_grad:	0.014673174878731	
    Magnitude of b:	1.0905185537087	

	
    Current index:	19501	
    Magnitude of W_grad:	10.235644585291	
    Magnitude of W:	69979.675858067	
    Magnitude of B_grad:	0.026413876549431	
    Magnitude of b:	1.1385370124317	

	
    Current index:	29501	
    Magnitude of W_grad:	10.043519388562	
    Magnitude of W:	69968.106725245	
    Magnitude of B_grad:	0.045483082601088	
    Magnitude of b:	1.3502533861312	

	
    Current index:	39501	
    Magnitude of W_grad:	16.322338992288	
    Magnitude of W:	69954.622904697	
    Magnitude of B_grad:	0.14643464762963	
    Magnitude of b:	0.63635735707855	

	
    Current index:	49501	
    Magnitude of W_grad:	7.5444717030285	
    Magnitude of W:	69941.502755067	
    Magnitude of B_grad:	0.026740417908038	
    Magnitude of b:	0.62666811844876	

	
    Current index:	59501	
    Magnitude of W_grad:	10.591722721919	
    Magnitude of W:	69928.264977074	
    Magnitude of B_grad:	0.020481450498982	
    Magnitude of b:	0.62666811844876	

	
SGD: Loss is	
	LOSS:Calculated softmax res	
70096.326418138	
SGD: crossEntropyLoss is	
70096.326418138	
SGD: Validation Accuracy is:	
0.79699651381067	
SGD: Magnitude of W:	
69918.751420492	
SGD: Magnitude of b:	
0.62666811844876	
    Current index:	9501	
    Magnitude of W_grad:	7.5548045935917	
    Magnitude of W:	69906.526222536	
    Magnitude of B_grad:	0.014746093027023	
    Magnitude of b:	1.0839880000446	

	
    Current index:	19501	
    Magnitude of W_grad:	10.070542251634	
    Magnitude of W:	69893.895799172	
    Magnitude of B_grad:	0.025883254396124	
    Magnitude of b:	1.1335391605686	

	
    Current index:	29501	
    Magnitude of W_grad:	9.8840328544861	
    Magnitude of W:	69882.407551975	
    Magnitude of B_grad:	0.044500802240017	
    Magnitude of b:	1.3433652238921	

	
    Current index:	39501	
    Magnitude of W_grad:	16.171848996926	
    Magnitude of W:	69868.969171855	
    Magnitude of B_grad:	0.14577759231217	
    Magnitude of b:	0.63953878529327	

	
    Current index:	49501	
    Magnitude of W_grad:	7.469084173318	
    Magnitude of W:	69855.970033171	
    Magnitude of B_grad:	0.026352776149744	
    Magnitude of b:	0.62666811844876	

	
    Current index:	59501	
    Magnitude of W_grad:	10.56079571861	
    Magnitude of W:	69842.851067587	
    Magnitude of B_grad:	0.02082429983865	
    Magnitude of b:	0.62666811844876	

	
SGD: Loss is	
	LOSS:Calculated softmax res	
69209.783526355	
SGD: crossEntropyLoss is	
69209.783526355	
SGD: Validation Accuracy is:	
0.79793510324484	
SGD: Magnitude of W:	
69833.468106791	
SGD: Magnitude of b:	
0.62666811844876	
    Current index:	9501	
    Magnitude of W_grad:	7.4398241036355	
    Magnitude of W:	69821.424139022	
    Magnitude of B_grad:	0.014832632355219	
    Magnitude of b:	1.0785785285171	

	
    Current index:	19501	
    Magnitude of W_grad:	9.9130881961407	
    Magnitude of W:	69808.864874077	
    Magnitude of B_grad:	0.02534249744804	
    Magnitude of b:	1.1293673813052	

	
    Current index:	29501	
    Magnitude of W_grad:	9.7265132458931	
    Magnitude of W:	69797.509793056	
    Magnitude of B_grad:	0.043567776102438	
    Magnitude of b:	1.3372991035895	

	
    Current index:	39501	
    Magnitude of W_grad:	16.01708560607	
    Magnitude of W:	69784.150225166	
    Magnitude of B_grad:	0.14500891937172	
    Magnitude of b:	0.64314678052677	

	
    Current index:	49501	
    Magnitude of W_grad:	7.399970522298	
    Magnitude of W:	69771.284884629	
    Magnitude of B_grad:	0.026094165029494	
    Magnitude of b:	0.62666811844876	

	
    Current index:	59501	
    Magnitude of W_grad:	10.525677520078	
    Magnitude of W:	69758.273428572	
    Magnitude of B_grad:	0.021100213590582	
    Magnitude of b:	0.62666811844876	

	
SGD: Loss is	
	LOSS:Calculated softmax res	
68370.888566068	
SGD: crossEntropyLoss is	
68370.888566068	
SGD: Validation Accuracy is:	
0.798873692679	
SGD: Magnitude of W:	
69748.982089015	
SGD: Magnitude of b:	
0.62666811844876	
    Current index:	9501	
    Magnitude of W_grad:	7.3334194457765	
    Magnitude of W:	69737.071509993	
    Magnitude of B_grad:	0.01492850077648	
    Magnitude of b:	1.0742672065689	

	
    Current index:	19501	
    Magnitude of W_grad:	9.762588641099	
    Magnitude of W:	69724.57966252	
    Magnitude of B_grad:	0.024794754090083	
    Magnitude of b:	1.1259930533987	

	
    Current index:	29501	
    Magnitude of W_grad:	9.5720792496839	
    Magnitude of W:	69713.316554537	
    Magnitude of B_grad:	0.042684973245379	
    Magnitude of b:	1.3320519694663	

	
    Current index:	39501	
    Magnitude of W_grad:	15.863986495659	
    Magnitude of W:	69700.045816797	
    Magnitude of B_grad:	0.14414194242259	
    Magnitude of b:	0.6471704351214	

	
    Current index:	49501	
    Magnitude of W_grad:	7.3352026096643	
    Magnitude of W:	69687.284706791	
    Magnitude of B_grad:	0.025956542781244	
    Magnitude of b:	0.62666811844876	

	
    Current index:	59501	
    Magnitude of W_grad:	10.486927652527	
    Magnitude of W:	69674.362398395	
    Magnitude of B_grad:	0.021315374632045	
    Magnitude of b:	0.62666811844876	

	
SGD: Loss is	
	LOSS:Calculated softmax res	
67575.632073316	
SGD: crossEntropyLoss is	
67575.632073316	
SGD: Validation Accuracy is:	
0.798873692679	
SGD: Magnitude of W:	
69665.163935253	
SGD: Magnitude of b:	
0.62666811844876	
    Current index:	9501	
    Magnitude of W_grad:	7.2373668582963	
    Magnitude of W:	69653.404757468	
    Magnitude of B_grad:	0.015016542782777	
    Magnitude of b:	1.0707679777531	

	
    Current index:	19501	
    Magnitude of W_grad:	9.6196263655458	
    Magnitude of W:	69640.974449706	
    Magnitude of B_grad:	0.024244077837225	
    Magnitude of b:	1.1232089182621	

	
    Current index:	29501	
    Magnitude of W_grad:	9.4225841070424	
    Magnitude of W:	69629.799758831	
    Magnitude of B_grad:	0.041854129800954	
    Magnitude of b:	1.3274688235247	

	
    Current index:	39501	
    Magnitude of W_grad:	15.710397620554	
    Magnitude of W:	69616.60735113	
    Magnitude of B_grad:	0.14319463826994	
    Magnitude of b:	0.65148529052322	

	
    Current index:	49501	
    Magnitude of W_grad:	7.274200839013	
    Magnitude of W:	69603.960476225	
    Magnitude of B_grad:	0.025927050147488	
    Magnitude of b:	0.62666811844876	

	
    Current index:	59501	
    Magnitude of W_grad:	10.4449528522	
    Magnitude of W:	69591.197571106	
    Magnitude of B_grad:	0.021473033764168	
    Magnitude of b:	0.62666811844876	

	
SGD: Loss is	
	LOSS:Calculated softmax res	
66820.288353288	
SGD: crossEntropyLoss is	
66820.288353288	
SGD: Validation Accuracy is:	
0.80008045052293	
SGD: Magnitude of W:	
69582.042304285	
SGD: Magnitude of b:	
0.62666811844876	
    Current index:	9501	
    Magnitude of W_grad:	7.1493349144228	
    Magnitude of W:	69570.423660226	
    Magnitude of B_grad:	0.015081390786528	
    Magnitude of b:	1.067763030403	

	
    Current index:	19501	
    Magnitude of W_grad:	9.4884154827245	
    Magnitude of W:	69558.070546167	
    Magnitude of B_grad:	0.023693616974739	
    Magnitude of b:	1.1207786277628	

	
    Current index:	29501	
    Magnitude of W_grad:	9.2789480263817	
    Magnitude of W:	69546.948804443	
    Magnitude of B_grad:	0.041076126331847	
    Magnitude of b:	1.3233522318511	

	
    Current index:	39501	
    Magnitude of W_grad:	15.556729691259	
    Magnitude of W:	69533.865624984	
    Magnitude of B_grad:	0.14218176293565	
    Magnitude of b:	0.65593874045974	

	
    Current index:	49501	
    Magnitude of W_grad:	7.2185355414965	
    Magnitude of W:	69521.335830954	
    Magnitude of B_grad:	0.02598961274602	
    Magnitude of b:	0.62666811844876	

	
    Current index:	59501	
    Magnitude of W_grad:	10.40031391016	
    Magnitude of W:	69508.675191207	
    Magnitude of B_grad:	0.02157536302426	
    Magnitude of b:	0.62666811844876	

	
SGD: Loss is	
	LOSS:Calculated softmax res	
66101.784962843	
SGD: crossEntropyLoss is	
66101.784962843	
SGD: Validation Accuracy is:	
0.80008045052293	
SGD: Magnitude of W:	
69499.60004775	
SGD: Magnitude of b:	
0.62666811844876	
    Current index:	9501	
    Magnitude of W_grad:	7.0638923528016	
    Magnitude of W:	69488.132857386	
    Magnitude of B_grad:	0.01511787369544	
    Magnitude of b:	1.0650865124792	

	
    Current index:	19501	
    Magnitude of W_grad:	9.3710861481564	
    Magnitude of W:	69475.807514796	
    Magnitude of B_grad:	0.023146060535071	
    Magnitude of b:	1.1185713916789	

	
    Current index:	29501	
    Magnitude of W_grad:	9.141364863384	
    Magnitude of W:	69464.783180526	
    Magnitude of B_grad:	0.040350277044284	
    Magnitude of b:	1.3195740568812	

	
    Current index:	39501	
    Magnitude of W_grad:	15.399951754274	
    Magnitude of W:	69451.772248604	
    Magnitude of B_grad:	0.14111321091696	
    Magnitude of b:	0.66043593602106	

	
    Current index:	49501	
    Magnitude of W_grad:	7.1677126204785	
    Magnitude of W:	69439.355552655	
    Magnitude of B_grad:	0.026126483012964	
    Magnitude of b:	0.62666811844876	

	
    Current index:	59501	
    Magnitude of W_grad:	10.353197590875	
    Magnitude of W:	69426.782042741	
    Magnitude of B_grad:	0.021625129235852	
    Magnitude of b:	0.62666811844876	

	
SGD: Loss is	
	LOSS:Calculated softmax res	
65417.740991418	
SGD: crossEntropyLoss is	
65417.740991418	
SGD: Validation Accuracy is:	
0.80075087154733	
SGD: Magnitude of W:	
69417.819721291	
SGD: Magnitude of b:	
0.62666811844876	
    Current index:	9501	
    Magnitude of W_grad:	6.9812892866386	
    Magnitude of W:	69406.450352831	
    Magnitude of B_grad:	0.015126797985587	
    Magnitude of b:	1.0626901392925	

	
    Current index:	19501	
    Magnitude of W_grad:	9.2597736727068	
    Magnitude of W:	69394.181106768	
    Magnitude of B_grad:	0.022605305464218	
    Magnitude of b:	1.1165487830173	

	
    Current index:	29501	
    Magnitude of W_grad:	9.009948623979	
    Magnitude of W:	69383.214491528	
    Magnitude of B_grad:	0.039674202074729	
    Magnitude of b:	1.3160765234621	

	
    Current index:	39501	
    Magnitude of W_grad:	15.240795797841	
    Magnitude of W:	69370.269747672	
    Magnitude of B_grad:	0.13999561422337	
    Magnitude of b:	0.66493911775013	

	
    Current index:	49501	
    Magnitude of W_grad:	7.1188588391732	
    Magnitude of W:	69357.919820172	
    Magnitude of B_grad:	0.026319586023596	
    Magnitude of b:	0.62666811844876	

	
    Current index:	59501	
    Magnitude of W_grad:	10.304001845654	
    Magnitude of W:	69345.472436955	
    Magnitude of B_grad:	0.021626080504923	
    Magnitude of b:	0.62666811844876	

	
SGD: Loss is	
	LOSS:Calculated softmax res	
64766.194694426	
SGD: crossEntropyLoss is	
64766.194694426	
SGD: Validation Accuracy is:	
0.80101903995709	
SGD: Magnitude of W:	
69336.589662303	
SGD: Magnitude of b:	
0.62666811844876	
    Current index:	9501	
    Magnitude of W_grad:	6.9004381386102	
    Magnitude of W:	69325.306423872	
    Magnitude of B_grad:	0.015110501918195	
    Magnitude of b:	1.060569807142	

	
    Current index:	19501	
    Magnitude of W_grad:	9.153748621267	
    Magnitude of W:	69313.079258124	
    Magnitude of B_grad:	0.02207610146438	
    Magnitude of b:	1.1147129137772	

	
    Current index:	29501	
    Magnitude of W_grad:	8.8854248547116	
    Magnitude of W:	69302.153026402	
    Magnitude of B_grad:	0.039044101957009	
    Magnitude of b:	1.3128373857869	

	
    Current index:	39501	
    Magnitude of W_grad:	15.080039409265	
    Magnitude of W:	69289.278691394	
    Magnitude of B_grad:	0.1388346919621	
    Magnitude of b:	0.66943832503454	

	
    Current index:	49501	
    Magnitude of W_grad:	7.0721796544726	
    Magnitude of W:	69277.001731141	
    Magnitude of B_grad:	0.026551594422377	
    Magnitude of b:	0.62666811844876	

	
    Current index:	59501	
    Magnitude of W_grad:	10.253468272134	
    Magnitude of W:	69264.659892462	
    Magnitude of B_grad:	0.02158250894168	
    Magnitude of b:	0.62666811844876	

	
SGD: Loss is	
	LOSS:Calculated softmax res	
64145.394253016	
SGD: crossEntropyLoss is	
64145.394253016	
SGD: Validation Accuracy is:	
0.80182354518638	
SGD: Magnitude of W:	
69255.827877597	
SGD: Magnitude of b:	
0.62666811844876	
    Current index:	9501	
    Magnitude of W_grad:	6.8209211189133	
    Magnitude of W:	69244.684121997	
    Magnitude of B_grad:	0.015071272898767	
    Magnitude of b:	1.0587274587034	

	
    Current index:	19501	
    Magnitude of W_grad:	9.0604928003611	
    Magnitude of W:	69232.557354047	
    Magnitude of B_grad:	0.02156243100723	
    Magnitude of b:	1.1130745500042	

	
    Current index:	29501	
    Magnitude of W_grad:	8.7681650137038	
    Magnitude of W:	69221.695471986	
    Magnitude of B_grad:	0.038455365412161	
    Magnitude of b:	1.3098461257872	

	
    Current index:	39501	
    Magnitude of W_grad:	14.919317814595	
    Magnitude of W:	69208.922620687	
    Magnitude of B_grad:	0.13763673021048	
    Magnitude of b:	0.6739316065795	

	
    Current index:	49501	
    Magnitude of W_grad:	7.029961957808	
    Magnitude of W:	69196.777368479	
    Magnitude of B_grad:	0.026806743741135	
    Magnitude of b:	0.62666811844876	

	
    Current index:	59501	
    Magnitude of W_grad:	10.204055883125	
    Magnitude of W:	69184.50637988	
    Magnitude of B_grad:	0.021498866563432	
    Magnitude of b:	0.62666811844876	

	
SGD: Loss is	
	LOSS:Calculated softmax res	
63553.68888748	
SGD: crossEntropyLoss is	
63553.68888748	
SGD: Validation Accuracy is:	
0.8016894609815	
SGD: Magnitude of W:	
69175.736159849	
SGD: Magnitude of b:	
0.62666811844876	
    Current index:	9501	
    Magnitude of W_grad:	6.742085941496	
    Magnitude of W:	69164.706693956	
    Magnitude of B_grad:	0.015010961534205	
    Magnitude of b:	1.0571584674824	

	
    Current index:	19501	
    Magnitude of W_grad:	8.9777097843564	
    Magnitude of W:	69152.651961709	
    Magnitude of B_grad:	0.021066446689459	
    Magnitude of b:	1.1116404679677	

	
    Current index:	29501	
    Magnitude of W_grad:	8.6573001883328	
    Magnitude of W:	69141.851652017	
    Magnitude of B_grad:	0.037903210451002	
    Magnitude of b:	1.3070936411057	

	
    Current index:	39501	
    Magnitude of W_grad:	14.76038223972	
    Magnitude of W:	69129.130310498	
    Magnitude of B_grad:	0.13640901181911	
    Magnitude of b:	0.67841696492953	

	
    Current index:	49501	
    Magnitude of W_grad:	6.9928991897703	
    Magnitude of W:	69117.120103938	
    Magnitude of B_grad:	0.027071362102113	
    Magnitude of b:	0.62666811844876	

	
    Current index:	59501	
    Magnitude of W_grad:	10.155528693723	
    Magnitude of W:	69104.87025262	
    Magnitude of B_grad:	0.021379670845652	
    Magnitude of b:	0.62666811844876	

	
SGD: Loss is	
	LOSS:Calculated softmax res	
62989.441642879	
SGD: crossEntropyLoss is	
62989.441642879	
SGD: Validation Accuracy is:	
0.8023598820059	
SGD: Magnitude of W:	
69096.158324765	
SGD: Magnitude of b:	
0.62666811844876	
    Current index:	9501	
    Magnitude of W_grad:	6.6644068979677	
    Magnitude of W:	69085.201271028	
    Magnitude of B_grad:	0.014930905795266	
    Magnitude of b:	1.0558504891583	

	
    Current index:	19501	
    Magnitude of W_grad:	8.9086726723453	
    Magnitude of W:	69073.218968774	
    Magnitude of B_grad:	0.020588477376377	
    Magnitude of b:	1.1104108957514	

	
    Current index:	29501	
    Magnitude of W_grad:	8.5509406173157	
    Magnitude of W:	69062.496218973	
    Magnitude of B_grad:	0.03738314409676	
    Magnitude of b:	1.3045694279277	

	
    Current index:	39501	
    Magnitude of W_grad:	14.601991348666	
    Magnitude of W:	69049.820495108	
    Magnitude of B_grad:	0.13515965282915	
    Magnitude of b:	0.68289069202593	

	
    Current index:	49501	
    Magnitude of W_grad:	6.956703914824	
    Magnitude of W:	69037.893510528	
    Magnitude of B_grad:	0.027334108448884	
    Magnitude of b:	0.62666811844876	

	
    Current index:	59501	
    Magnitude of W_grad:	10.105144811633	
    Magnitude of W:	69025.664020098	
    Magnitude of B_grad:	0.021229537709993	
    Magnitude of b:	0.62666811844876	

	
SGD: Loss is	
	LOSS:Calculated softmax res	
62450.959578488	
SGD: crossEntropyLoss is	
62450.959578488	
SGD: Validation Accuracy is:	
0.80316438723518	
SGD: Magnitude of W:	
69017.008432333	
SGD: Magnitude of b:	
0.62666811844876	
    Current index:	9501	
    Magnitude of W_grad:	6.5874733311242	
    Magnitude of W:	69006.186600088	
    Magnitude of B_grad:	0.014831976832371	
    Magnitude of b:	1.0547859944262	

	
    Current index:	19501	
    Magnitude of W_grad:	8.8423433488331	
    Magnitude of W:	68994.247624502	
    Magnitude of B_grad:	0.02012766181871	
    Magnitude of b:	1.1093807194565	

	
    Current index:	29501	
    Magnitude of W_grad:	8.4485657482292	
    Magnitude of W:	68983.608912616	
    Magnitude of B_grad:	0.036891234349127	
    Magnitude of b:	1.3022616597617	

	
    Current index:	39501	
    Magnitude of W_grad:	14.445193113329	
    Magnitude of W:	68970.96924633	
    Magnitude of B_grad:	0.13389726175638	
    Magnitude of b:	0.68734792548825	

	
    Current index:	49501	
    Magnitude of W_grad:	6.9209040853637	
    Magnitude of W:	68959.107038359	
    Magnitude of B_grad:	0.027585971627061	
    Magnitude of b:	0.62666811844876	

	
    Current index:	59501	
    Magnitude of W_grad:	10.052987874314	
    Magnitude of W:	68946.939426959	
    Magnitude of B_grad:	0.021053191509785	
    Magnitude of b:	0.62666811844876	

	
SGD: Loss is	
	LOSS:Calculated softmax res	
61936.477485767	
SGD: crossEntropyLoss is	
61936.477485767	
SGD: Validation Accuracy is:	
0.80356663984983	
SGD: Magnitude of W:	
68938.345350675	
SGD: Magnitude of b:	
0.62666811844876	
    Current index:	9501	
    Magnitude of W_grad:	6.5104644013927	
    Magnitude of W:	68927.650839467	
    Magnitude of B_grad:	0.014714725731549	
    Magnitude of b:	1.0539449451734	

	
    Current index:	19501	
    Magnitude of W_grad:	8.7784743296722	
    Magnitude of W:	68915.766535084	
    Magnitude of B_grad:	0.019682648429212	
    Magnitude of b:	1.1085412228139	

	
    Current index:	29501	
    Magnitude of W_grad:	8.3497595536327	
    Magnitude of W:	68905.167957108	
    Magnitude of B_grad:	0.036424268805402	
    Magnitude of b:	1.3001577833315	

	
    Current index:	39501	
    Magnitude of W_grad:	14.291515445952	
    Magnitude of W:	68892.630588932	
    Magnitude of B_grad:	0.13263060410421	
    Magnitude of b:	0.69178335439373	

	
    Current index:	49501	
    Magnitude of W_grad:	6.8855686614639	
    Magnitude of W:	68880.838492954	
    Magnitude of B_grad:	0.027820103462771	
    Magnitude of b:	0.62666811844876	

	
    Current index:	59501	
    Magnitude of W_grad:	9.9993474956539	
    Magnitude of W:	68868.725829597	
    Magnitude of B_grad:	0.020855413413821	
    Magnitude of b:	0.62666811844876	

	
SGD: Loss is	
	LOSS:Calculated softmax res	
61444.206042724	
SGD: crossEntropyLoss is	
61444.206042724	
SGD: Validation Accuracy is:	
0.80423706087423	
SGD: Magnitude of W:	
68860.20501937	
SGD: Magnitude of b:	
0.62666811844876	
    Current index:	9501	
    Magnitude of W_grad:	6.4333694209661	
    Magnitude of W:	68849.598377129	
    Magnitude of B_grad:	0.014579600443915	
    Magnitude of b:	1.0533065769358	

	
    Current index:	19501	
    Magnitude of W_grad:	8.7170357350871	
    Magnitude of W:	68837.7852692	
    Magnitude of B_grad:	0.019252066932634	
    Magnitude of b:	1.1078812758465	

	
    Current index:	29501	
    Magnitude of W_grad:	8.2542019962569	
    Magnitude of W:	68827.284093798	
    Magnitude of B_grad:	0.035979831913907	
    Magnitude of b:	1.2982448474638	

	
    Current index:	39501	
    Magnitude of W_grad:	14.140197565572	
    Magnitude of W:	68814.833494244	
    Magnitude of B_grad:	0.13136827925962	
    Magnitude of b:	0.69619152245799	

	
    Current index:	49501	
    Magnitude of W_grad:	6.8512738880562	
    Magnitude of W:	68803.142514405	
    Magnitude of B_grad:	0.028031553634761	
    Magnitude of b:	0.62666811844876	

	
    Current index:	59501	
    Magnitude of W_grad:	9.9442399017822	
    Magnitude of W:	68791.082600187	
    Magnitude of B_grad:	0.02064095234204	
    Magnitude of b:	0.62666811844876	

	
SGD: Loss is	
	LOSS:Calculated softmax res	
60972.412752642	
SGD: crossEntropyLoss is	
60972.412752642	
SGD: Validation Accuracy is:	
0.80571198712792	
SGD: Magnitude of W:	
68782.661481991	
SGD: Magnitude of b:	
0.62666811844876	
    Current index:	9501	
    Magnitude of W_grad:	6.3562661684646	
    Magnitude of W:	68772.097218464	
    Magnitude of B_grad:	0.014427169609112	
    Magnitude of b:	1.0528503382878	

	
    Current index:	19501	
    Magnitude of W_grad:	8.6580272629064	
    Magnitude of W:	68760.357567103	
    Magnitude of B_grad:	0.018834747317878	
    Magnitude of b:	1.107387968421	

	
    Current index:	29501	
    Magnitude of W_grad:	8.1618652749583	
    Magnitude of W:	68749.903901244	
    Magnitude of B_grad:	0.03555628705758	
    Magnitude of b:	1.2965095611795	

	
    Current index:	39501	
    Magnitude of W_grad:	13.991691945396	
    Magnitude of W:	68737.483435283	
    Magnitude of B_grad:	0.13011835329797	
    Magnitude of b:	0.70056686124184	

	
    Current index:	49501	
    Magnitude of W_grad:	6.817042840956	
    Magnitude of W:	68725.894267461	
    Magnitude of B_grad:	0.028216963988995	
    Magnitude of b:	0.62666811844876	

	
    Current index:	59501	
    Magnitude of W_grad:	9.8877373154251	
    Magnitude of W:	68713.92102217	
    Magnitude of B_grad:	0.020414432252393	
    Magnitude of b:	0.62666811844876	

	
SGD: Loss is	
	LOSS:Calculated softmax res	
60519.491041425	
SGD: crossEntropyLoss is	
60519.491041425	
SGD: Validation Accuracy is:	
0.80557790292304	
SGD: Magnitude of W:	
68705.527183501	
SGD: Magnitude of b:	
0.62666811844876	
    Current index:	9501	
    Magnitude of W_grad:	6.2792992344847	
    Magnitude of W:	68695.002553409	
    Magnitude of B_grad:	0.014258290460031	
    Magnitude of b:	1.0525562777802	

	
    Current index:	19501	
    Magnitude of W_grad:	8.6012490124952	
    Magnitude of W:	68683.325634947	
    Magnitude of B_grad:	0.018429780809621	
    Magnitude of b:	1.1070469733395	

	
    Current index:	29501	
    Magnitude of W_grad:	8.0731273025126	
    Magnitude of W:	68672.931632957	
    Magnitude of B_grad:	0.035152662710981	
    Magnitude of b:	1.294938260702	

	
    Current index:	39501	
    Magnitude of W_grad:	13.846362643957	
    Magnitude of W:	68660.548589974	
    Magnitude of B_grad:	0.12888792120819	
    Magnitude of b:	0.70490366442531	

	
    Current index:	49501	
    Magnitude of W_grad:	6.7827605172284	
    Magnitude of W:	68649.016601705	
    Magnitude of B_grad:	0.028374266102276	
    Magnitude of b:	0.62666811844876	

	
    Current index:	59501	
    Magnitude of W_grad:	9.8299953452855	
    Magnitude of W:	68637.137681692	
    Magnitude of B_grad:	0.020180276270927	
    Magnitude of b:	0.62666811844876	

	
SGD: Loss is	
	LOSS:Calculated softmax res	
60083.993291952	
SGD: crossEntropyLoss is	
60083.993291952	
SGD: Validation Accuracy is:	
0.80624832394744	
SGD: Magnitude of W:	
68628.794986387	
SGD: Magnitude of b:	
0.62666811844876	
    Current index:	9501	
    Magnitude of W_grad:	6.2026604291773	
    Magnitude of W:	68618.329210945	
    Magnitude of B_grad:	0.014074190278498	
    Magnitude of b:	1.052405150012	

	
    Current index:	19501	
    Magnitude of W_grad:	8.5472443525159	
    Magnitude of W:	68606.699645109	
    Magnitude of B_grad:	0.018036511172032	
    Magnitude of b:	1.1068428655867	

	
    Current index:	29501	
    Magnitude of W_grad:	7.9871463003842	
    Magnitude of W:	68596.371766967	
    Magnitude of B_grad:	0.034768479391559	
    Magnitude of b:	1.2935169106311	

	
    Current index:	39501	
    Magnitude of W_grad:	13.704549065631	
    Magnitude of W:	68584.041000024	
    Magnitude of B_grad:	0.1276826391107	
    Magnitude of b:	0.70919608929972	

	
    Current index:	49501	
    Magnitude of W_grad:	6.7483938721834	
    Magnitude of W:	68572.609345991	
    Magnitude of B_grad:	0.02850240782349	
    Magnitude of b:	0.62666811844876	

	
    Current index:	59501	
    Magnitude of W_grad:	9.7711722549424	
    Magnitude of W:	68560.803565089	
    Magnitude of B_grad:	0.019942652209541	
    Magnitude of b:	0.62666811844876	

	
SGD: Loss is	
	LOSS:Calculated softmax res	
59664.63039969	
SGD: crossEntropyLoss is	
59664.63039969	
SGD: Validation Accuracy is:	
0.80638240815232	
SGD: Magnitude of W:	
68552.513429354	
SGD: Magnitude of b:	
0.62666811844876	
    Current index:	9501	
    Magnitude of W_grad:	6.1266865577012	
    Magnitude of W:	68542.088218978	
    Magnitude of B_grad:	0.013876465850025	
    Magnitude of b:	1.0523784537144	

	
    Current index:	19501	
    Magnitude of W_grad:	8.4955245901976	
    Magnitude of W:	68530.553155925	
    Magnitude of B_grad:	0.017654499647339	
    Magnitude of b:	1.1067595061469	

	
    Current index:	29501	
    Magnitude of W_grad:	7.9038685267111	
    Magnitude of W:	68520.276296718	
    Magnitude of B_grad:	0.034403567692287	
    Magnitude of b:	1.2922311935791	

	
    Current index:	39501	
    Magnitude of W_grad:	13.566412586317	
    Magnitude of W:	68508.014587091	
    Magnitude of B_grad:	0.12650631779495	
    Magnitude of b:	0.71343818689024	

	
    Current index:	49501	
    Magnitude of W_grad:	6.7139252255018	
    Magnitude of W:	68496.640331219	
    Magnitude of B_grad:	0.028601118559701	
    Magnitude of b:	0.62666811844876	

	
    Current index:	59501	
    Magnitude of W_grad:	9.7114233528364	
    Magnitude of W:	68484.922459001	
    Magnitude of B_grad:	0.019705433768872	
    Magnitude of b:	0.62666811844876	

	
SGD: Loss is	
	LOSS:Calculated softmax res	
59260.253373883	
SGD: crossEntropyLoss is	
59260.253373883	
SGD: Validation Accuracy is:	
0.80691874497184	
SGD: Magnitude of W:	
68476.659786294	
SGD: Magnitude of b:	
0.62666811844876	
    Current index:	9501	
    Magnitude of W_grad:	6.0517578934215	
    Magnitude of W:	68466.298424072	
    Magnitude of B_grad:	0.013667022889257	
    Magnitude of b:	1.0524585270595	

	
    Current index:	19501	
    Magnitude of W_grad:	8.4456517510401	
    Magnitude of W:	68454.837456674	
    Magnitude of B_grad:	0.017283477225103	
    Magnitude of b:	1.1067805112631	

	
    Current index:	29501	
    Magnitude of W_grad:	7.8231704988513	
    Magnitude of W:	68444.590105069	
    Magnitude of B_grad:	0.034057912477263	
    Magnitude of b:	1.2910667024125	

	
    Current index:	39501	
    Magnitude of W_grad:	13.432216714272	
    Magnitude of W:	68432.390388935	
    Magnitude of B_grad:	0.12536068489509	
    Magnitude of b:	0.71762395057255	

	
    Current index:	49501	
    Magnitude of W_grad:	6.6798939722507	
    Magnitude of W:	68421.119215655	
    Magnitude of B_grad:	0.028670714080844	
    Magnitude of b:	0.62666811844876	

	
    Current index:	59501	
    Magnitude of W_grad:	9.650896508045	
    Magnitude of W:	68409.463391424	
    Magnitude of B_grad:	0.019472169033249	
    Magnitude of b:	0.62666811844876	

	
SGD: Loss is	
	LOSS:Calculated softmax res	
58869.831280906	
SGD: crossEntropyLoss is	
58869.831280906	
SGD: Validation Accuracy is:	
0.80812550281577	
SGD: Magnitude of W:	
68401.227659856	
SGD: Magnitude of b:	
0.62666811844876	
    Current index:	9501	
    Magnitude of W_grad:	5.9787065032226	
    Magnitude of W:	68390.906736239	
    Magnitude of B_grad:	0.013447978676107	
    Magnitude of b:	1.0526287282734	

	
    Current index:	19501	
    Magnitude of W_grad:	8.3989459656701	
    Magnitude of W:	68379.499069652	
    Magnitude of B_grad:	0.01692328976148	
    Magnitude of b:	1.1068897772482	

	
    Current index:	29501	
    Magnitude of W_grad:	7.745009424629	
    Magnitude of W:	68369.288947141	
    Magnitude of B_grad:	0.033731536165241	
    Magnitude of b:	1.2900092225486	

	
    Current index:	39501	
    Magnitude of W_grad:	13.301587411086	
    Magnitude of W:	68357.166836439	
    Magnitude of B_grad:	0.12424540498678	
    Magnitude of b:	0.72174738746649	

	
    Current index:	49501	
    Magnitude of W_grad:	6.6459454235679	
    Magnitude of W:	68345.993004249	
    Magnitude of B_grad:	0.028711938506192	
    Magnitude of b:	0.62666811844876	

	
    Current index:	59501	
    Magnitude of W_grad:	9.5897472437872	
    Magnitude of W:	68334.385498549	
    Magnitude of B_grad:	0.019246051209979	
    Magnitude of b:	0.62666811844876	

	
SGD: Loss is	
	LOSS:Calculated softmax res	
58492.43299052	
SGD: crossEntropyLoss is	
58492.43299052	
SGD: Validation Accuracy is:	
0.80866183963529	
SGD: Magnitude of W:	
68326.175398156	
SGD: Magnitude of b:	
0.62666811844876	
    Current index:	9501	
    Magnitude of W_grad:	5.907507403429	
    Magnitude of W:	68315.894153086	
    Magnitude of B_grad:	0.013221546641918	
    Magnitude of b:	1.052873663669	

	
    Current index:	19501	
    Magnitude of W_grad:	8.3536052795169	
    Magnitude of W:	68304.534008614	
    Magnitude of B_grad:	0.016573842437248	
    Magnitude of b:	1.1070720080602	

	
    Current index:	29501	
    Magnitude of W_grad:	7.6694169738883	
    Magnitude of W:	68294.381368974	
    Magnitude of B_grad:	0.033424420435797	
    Magnitude of b:	1.289045068962	

	
    Current index:	39501	
    Magnitude of W_grad:	13.175751080358	
    Magnitude of W:	68282.300281606	
    Magnitude of B_grad:	0.12315839431757	
    Magnitude of b:	0.7258026238235	

	
    Current index:	49501	
    Magnitude of W_grad:	6.6121943985571	
    Magnitude of W:	68271.222635893	
    Magnitude of B_grad:	0.028725840537104	
    Magnitude of b:	0.62666811844876	

	
    Current index:	59501	
    Magnitude of W_grad:	9.5281399699535	
    Magnitude of W:	68259.670705824	
    Magnitude of B_grad:	0.019029892608704	
    Magnitude of b:	0.62666811844876	

	
SGD: Loss is	
	LOSS:Calculated softmax res	
58127.214218547	
SGD: crossEntropyLoss is	
58127.214218547	
SGD: Validation Accuracy is:	
0.80919817645481	
SGD: Magnitude of W:	
68251.500431686	
SGD: Magnitude of b:	
0.62666811844876	
    Current index:	9501	
    Magnitude of W_grad:	5.8378000272422	
    Magnitude of W:	68241.232243389	
    Magnitude of B_grad:	0.012989918225942	
    Magnitude of b:	1.0531794060102	

	
    Current index:	19501	
    Magnitude of W_grad:	8.3095268232895	
    Magnitude of W:	68229.946583173	
    Magnitude of B_grad:	0.016235050935234	
    Magnitude of b:	1.1073131896706	

	
    Current index:	29501	
    Magnitude of W_grad:	7.6004974621524	
    Magnitude of W:	68219.870335938	
    Magnitude of B_grad:	0.033136461409335	
    Magnitude of b:	1.2881614287116	

	
    Current index:	39501	
    Magnitude of W_grad:	13.054669097925	
    Magnitude of W:	68207.812143506	
    Magnitude of B_grad:	0.12209638654967	
    Magnitude of b:	0.72978404938831	

	
    Current index:	49501	
    Magnitude of W_grad:	6.5787078480937	
    Magnitude of W:	68196.80637007	
    Magnitude of B_grad:	0.028713680741463	
    Magnitude of b:	0.62666811844876	

	
    Current index:	59501	
    Magnitude of W_grad:	9.4661166364042	
    Magnitude of W:	68185.338877982	
    Magnitude of B_grad:	0.018826107680761	
    Magnitude of b:	0.62666811844876	

	
SGD: Loss is	
	LOSS:Calculated softmax res	
57773.408350777	
SGD: crossEntropyLoss is	
57773.408350777	
SGD: Validation Accuracy is:	
0.80919817645481	
SGD: Magnitude of W:	
68177.203408578	
SGD: Magnitude of b:	
0.62666811844876	
    Current index:	9501	
    Magnitude of W_grad:	5.7700862826559	
    Magnitude of W:	68167.010676486	
    Magnitude of B_grad:	0.01275515558947	
    Magnitude of b:	1.0535336588719	

	
    Current index:	19501	
    Magnitude of W_grad:	8.26660048739	
    Magnitude of W:	68155.765569576	
    Magnitude of B_grad:	0.015906804959452	
    Magnitude of b:	1.1076009640576	

	
    Current index:	29501	
    Magnitude of W_grad:	7.53981996508	
    Magnitude of W:	68145.733127209	
    Magnitude of B_grad:	0.032867452699464	
    Magnitude of b:	1.2873466599444	

	
    Current index:	39501	
    Magnitude of W_grad:	12.936118594835	
    Magnitude of W:	68133.700592938	
    Magnitude of B_grad:	0.12105562674209	
    Magnitude of b:	0.73368649231448	

	
    Current index:	49501	
    Magnitude of W_grad:	6.5451931830889	
    Magnitude of W:	68122.795220365	
    Magnitude of B_grad:	0.028676865996428	
    Magnitude of b:	0.62666811844876	

	
    Current index:	59501	
    Magnitude of W_grad:	9.4037696456451	
    Magnitude of W:	68111.398947674	
    Magnitude of B_grad:	0.018636711415173	
    Magnitude of b:	0.62666811844876	

	
Done.	
Testing on validation set...	
Done	
Datafile:	/n/home09/ankitgupta/CS287/HW1/SST2-uni-sent-syns.hdf5	Classifier:	lr	Alpha:	0	Eta:	1	Lambda:	0.5	Minibatch size:	500	Num Epochs:	50	Minimum Sentence Length:	5	
Accuracy:	0.81027085009386	
