[?1034hDatafile:	/n/home09/ankitgupta/CS287/HW1/SUBJ-uni.hdf5	Classifier:	lr	Alpha:	0	Eta:	1	Lambda:	1	Minibatch size:	500	Num Epochs:	50	Minimum Sentence Length:	0	
Note that not all parameters may apply to all classifiers	
Loading datafiles...	
Number of training samples before removing small sentences	10000	
Number of training samples after removing small sentences	10000	
Done.	
Training classifier...	
SGD: Loss is	
	LOSS:Calculated softmax res	
42896.165378553	
SGD: crossEntropyLoss is	
42896.165378553	
SGD: Validation Accuracy is:	
0.651	
SGD: Magnitude of W:	
35483.588019825	
SGD: Magnitude of b:	
2.0514385234256	
SGD: Loss is	
	LOSS:Calculated softmax res	
57370.676995194	
SGD: crossEntropyLoss is	
57370.676995194	
SGD: Validation Accuracy is:	
0.941	
SGD: Magnitude of W:	
35402.106563169	
SGD: Magnitude of b:	
2.0514385234256	
SGD: Loss is	
	LOSS:Calculated softmax res	
52762.723061555	
SGD: crossEntropyLoss is	
52762.723061555	
SGD: Validation Accuracy is:	
0.946	
SGD: Magnitude of W:	
35319.165208682	
SGD: Magnitude of b:	
2.0514385234256	
SGD: Loss is	
	LOSS:Calculated softmax res	
49448.418570624	
SGD: crossEntropyLoss is	
49448.418570624	
SGD: Validation Accuracy is:	
0.949	
SGD: Magnitude of W:	
35237.431178279	
SGD: Magnitude of b:	
2.0514385234256	
SGD: Loss is	
	LOSS:Calculated softmax res	
47001.139145209	
SGD: crossEntropyLoss is	
47001.139145209	
SGD: Validation Accuracy is:	
0.947	
SGD: Magnitude of W:	
35156.813634615	
SGD: Magnitude of b:	
2.0514385234256	
SGD: Loss is	
	LOSS:Calculated softmax res	
45091.653929264	
SGD: crossEntropyLoss is	
45091.653929264	
SGD: Validation Accuracy is:	
0.948	
SGD: Magnitude of W:	
35076.81074874	
SGD: Magnitude of b:	
2.0514385234256	
SGD: Loss is	
	LOSS:Calculated softmax res	
43544.447798768	
SGD: crossEntropyLoss is	
43544.447798768	
SGD: Validation Accuracy is:	
0.946	
SGD: Magnitude of W:	
34997.46533646	
SGD: Magnitude of b:	
2.0514385234256	
SGD: Loss is	
	LOSS:Calculated softmax res	
42244.969016113	
SGD: crossEntropyLoss is	
42244.969016113	
SGD: Validation Accuracy is:	
0.946	
SGD: Magnitude of W:	
34918.791342562	
SGD: Magnitude of b:	
2.0514385234256	
SGD: Loss is	
	LOSS:Calculated softmax res	
41123.392477058	
SGD: crossEntropyLoss is	
41123.392477058	
SGD: Validation Accuracy is:	
0.947	
SGD: Magnitude of W:	
34840.950412908	
SGD: Magnitude of b:	
2.0514385234256	
SGD: Loss is	
	LOSS:Calculated softmax res	
40139.91631334	
SGD: crossEntropyLoss is	
40139.91631334	
SGD: Validation Accuracy is:	
0.944	
SGD: Magnitude of W:	
34763.627602476	
SGD: Magnitude of b:	
2.0514385234256	
SGD: Loss is	
	LOSS:Calculated softmax res	
39266.748959813	
SGD: crossEntropyLoss is	
39266.748959813	
SGD: Validation Accuracy is:	
0.942	
SGD: Magnitude of W:	
34686.54559544	
SGD: Magnitude of b:	
2.0514385234256	
SGD: Loss is	
	LOSS:Calculated softmax res	
38482.507726917	
SGD: crossEntropyLoss is	
38482.507726917	
SGD: Validation Accuracy is:	
0.94	
SGD: Magnitude of W:	
34609.895847536	
SGD: Magnitude of b:	
2.0514385234256	
SGD: Loss is	
	LOSS:Calculated softmax res	
37770.722036393	
SGD: crossEntropyLoss is	
37770.722036393	
SGD: Validation Accuracy is:	
0.94	
SGD: Magnitude of W:	
34533.568742987	
SGD: Magnitude of b:	
2.0514385234256	
SGD: Loss is	
	LOSS:Calculated softmax res	
37118.724279525	
SGD: crossEntropyLoss is	
37118.724279525	
SGD: Validation Accuracy is:	
0.937	
SGD: Magnitude of W:	
34457.661303743	
SGD: Magnitude of b:	
2.0514385234256	
SGD: Loss is	
	LOSS:Calculated softmax res	
36516.783831972	
SGD: crossEntropyLoss is	
36516.783831972	
SGD: Validation Accuracy is:	
0.937	
SGD: Magnitude of W:	
34382.115874884	
SGD: Magnitude of b:	
2.0514385234256	
SGD: Loss is	
	LOSS:Calculated softmax res	
35957.379806649	
SGD: crossEntropyLoss is	
35957.379806649	
SGD: Validation Accuracy is:	
0.933	
SGD: Magnitude of W:	
34306.857223795	
SGD: Magnitude of b:	
2.0514385234256	
SGD: Loss is	
	LOSS:Calculated softmax res	
35434.581649849	
SGD: crossEntropyLoss is	
35434.581649849	
SGD: Validation Accuracy is:	
0.931	
SGD: Magnitude of W:	
34232.090840329	
SGD: Magnitude of b:	
2.0514385234256	
SGD: Loss is	
	LOSS:Calculated softmax res	
34943.561470078	
SGD: crossEntropyLoss is	
34943.561470078	
SGD: Validation Accuracy is:	
0.93	
SGD: Magnitude of W:	
34157.694150927	
SGD: Magnitude of b:	
2.0514385234256	
SGD: Loss is	
	LOSS:Calculated softmax res	
34480.262804039	
SGD: crossEntropyLoss is	
34480.262804039	
SGD: Validation Accuracy is:	
0.929	
SGD: Magnitude of W:	
34083.698034694	
SGD: Magnitude of b:	
2.0514385234256	
SGD: Loss is	
	LOSS:Calculated softmax res	
34041.268540854	
SGD: crossEntropyLoss is	
34041.268540854	
SGD: Validation Accuracy is:	
0.929	
SGD: Magnitude of W:	
34010.08328773	
SGD: Magnitude of b:	
2.0514385234256	
SGD: Loss is	
	LOSS:Calculated softmax res	
33623.756326479	
SGD: crossEntropyLoss is	
33623.756326479	
SGD: Validation Accuracy is:	
0.929	
SGD: Magnitude of W:	
33936.885926164	
SGD: Magnitude of b:	
2.0514385234256	
SGD: Loss is	
	LOSS:Calculated softmax res	
33225.423026631	
SGD: crossEntropyLoss is	
33225.423026631	
SGD: Validation Accuracy is:	
0.926	
SGD: Magnitude of W:	
33863.988056394	
SGD: Magnitude of b:	
2.0514385234256	
SGD: Loss is	
	LOSS:Calculated softmax res	
32844.381048723	
SGD: crossEntropyLoss is	
32844.381048723	
SGD: Validation Accuracy is:	
0.927	
SGD: Magnitude of W:	
33791.290513986	
SGD: Magnitude of b:	
2.0514385234256	
SGD: Loss is	
	LOSS:Calculated softmax res	
32479.061099336	
SGD: crossEntropyLoss is	
32479.061099336	
SGD: Validation Accuracy is:	
0.928	
SGD: Magnitude of W:	
33718.860622143	
SGD: Magnitude of b:	
2.0514385234256	
SGD: Loss is	
	LOSS:Calculated softmax res	
32128.131561495	
SGD: crossEntropyLoss is	
32128.131561494	
SGD: Validation Accuracy is:	
0.928	
SGD: Magnitude of W:	
33646.748737206	
SGD: Magnitude of b:	
2.0514385234256	
SGD: Loss is	
	LOSS:Calculated softmax res	
31790.43399428	
SGD: crossEntropyLoss is	
31790.43399428	
SGD: Validation Accuracy is:	
0.927	
SGD: Magnitude of W:	
33574.87588609	
SGD: Magnitude of b:	
2.0514385234256	
SGD: Loss is	
	LOSS:Calculated softmax res	
31464.938962487	
SGD: crossEntropyLoss is	
31464.938962487	
SGD: Validation Accuracy is:	
0.927	
SGD: Magnitude of W:	
33503.293412522	
SGD: Magnitude of b:	
2.0514385234256	
SGD: Loss is	
	LOSS:Calculated softmax res	
31150.723114706	
SGD: crossEntropyLoss is	
31150.723114706	
SGD: Validation Accuracy is:	
0.927	
SGD: Magnitude of W:	
33431.91620087	
SGD: Magnitude of b:	
2.0514385234256	
SGD: Loss is	
	LOSS:Calculated softmax res	
30846.958908093	
SGD: crossEntropyLoss is	
30846.958908093	
SGD: Validation Accuracy is:	
0.926	
SGD: Magnitude of W:	
33360.853836428	
SGD: Magnitude of b:	
2.0514385234256	
SGD: Loss is	
	LOSS:Calculated softmax res	
30552.906909937	
SGD: crossEntropyLoss is	
30552.906909937	
SGD: Validation Accuracy is:	
0.927	
SGD: Magnitude of W:	
33290.074408111	
SGD: Magnitude of b:	
2.0514385234256	
SGD: Loss is	
	LOSS:Calculated softmax res	
30267.906250877	
SGD: crossEntropyLoss is	
30267.906250877	
SGD: Validation Accuracy is:	
0.927	
SGD: Magnitude of W:	
33219.585859017	
SGD: Magnitude of b:	
2.0514385234256	
SGD: Loss is	
	LOSS:Calculated softmax res	
29991.363595923	
SGD: crossEntropyLoss is	
29991.363595923	
SGD: Validation Accuracy is:	
0.927	
SGD: Magnitude of W:	
33149.356361176	
SGD: Magnitude of b:	
2.0514385234256	
SGD: Loss is	
	LOSS:Calculated softmax res	
29722.742436598	
SGD: crossEntropyLoss is	
29722.742436598	
SGD: Validation Accuracy is:	
0.928	
SGD: Magnitude of W:	
33079.39231036	
SGD: Magnitude of b:	
2.0514385234256	
SGD: Loss is	
	LOSS:Calculated softmax res	
29461.554039271	
SGD: crossEntropyLoss is	
29461.554039271	
SGD: Validation Accuracy is:	
0.927	
SGD: Magnitude of W:	
33009.656329881	
SGD: Magnitude of b:	
2.0514385234256	
SGD: Loss is	
	LOSS:Calculated softmax res	
29207.350511321	
SGD: crossEntropyLoss is	
29207.350511321	
SGD: Validation Accuracy is:	
0.927	
SGD: Magnitude of W:	
32940.141827449	
SGD: Magnitude of b:	
2.0514385234256	
SGD: Loss is	
	LOSS:Calculated softmax res	
28959.719795947	
SGD: crossEntropyLoss is	
28959.719795947	
SGD: Validation Accuracy is:	
0.927	
SGD: Magnitude of W:	
32870.885533575	
SGD: Magnitude of b:	
2.0514385234256	
SGD: Loss is	
	LOSS:Calculated softmax res	
28718.28209129	
SGD: crossEntropyLoss is	
28718.28209129	
SGD: Validation Accuracy is:	
0.926	
SGD: Magnitude of W:	
32801.808558302	
SGD: Magnitude of b:	
2.0514385234256	
SGD: Loss is	
	LOSS:Calculated softmax res	
28482.687141946	
SGD: crossEntropyLoss is	
28482.687141946	
SGD: Validation Accuracy is:	
0.926	
SGD: Magnitude of W:	
32732.943821395	
SGD: Magnitude of b:	
2.0514385234256	
SGD: Loss is	
	LOSS:Calculated softmax res	
28252.611963121	
SGD: crossEntropyLoss is	
28252.611963121	
SGD: Validation Accuracy is:	
0.926	
SGD: Magnitude of W:	
32664.316452205	
SGD: Magnitude of b:	
2.0514385234256	
SGD: Loss is	
	LOSS:Calculated softmax res	
28027.758732192	
SGD: crossEntropyLoss is	
28027.758732192	
SGD: Validation Accuracy is:	
0.926	
SGD: Magnitude of W:	
32595.93716368	
SGD: Magnitude of b:	
2.0514385234256	
SGD: Loss is	
	LOSS:Calculated softmax res	
27807.852749076	
SGD: crossEntropyLoss is	
27807.852749076	
SGD: Validation Accuracy is:	
0.926	
SGD: Magnitude of W:	
32527.792935008	
SGD: Magnitude of b:	
2.0514385234256	
SGD: Loss is	
	LOSS:Calculated softmax res	
27592.640482052	
SGD: crossEntropyLoss is	
27592.640482052	
SGD: Validation Accuracy is:	
0.928	
SGD: Magnitude of W:	
32459.869225938	
SGD: Magnitude of b:	
2.0514385234256	
SGD: Loss is	
	LOSS:Calculated softmax res	
27381.887762346	
SGD: crossEntropyLoss is	
27381.887762346	
SGD: Validation Accuracy is:	
0.929	
SGD: Magnitude of W:	
32392.19395871	
SGD: Magnitude of b:	
2.0514385234256	
SGD: Loss is	
	LOSS:Calculated softmax res	
27175.378176682	
SGD: crossEntropyLoss is	
27175.378176682	
SGD: Validation Accuracy is:	
0.929	
SGD: Magnitude of W:	
32324.734903288	
SGD: Magnitude of b:	
2.0514385234256	
SGD: Loss is	
	LOSS:Calculated softmax res	
26972.911659786	
SGD: crossEntropyLoss is	
26972.911659786	
SGD: Validation Accuracy is:	
0.929	
SGD: Magnitude of W:	
32257.484545951	
SGD: Magnitude of b:	
2.0514385234256	
SGD: Loss is	
	LOSS:Calculated softmax res	
26774.303241663	
SGD: crossEntropyLoss is	
26774.303241663	
SGD: Validation Accuracy is:	
0.928	
SGD: Magnitude of W:	
32190.48471212	
SGD: Magnitude of b:	
2.0514385234256	
SGD: Loss is	
	LOSS:Calculated softmax res	
26579.381880475	
SGD: crossEntropyLoss is	
26579.381880475	
SGD: Validation Accuracy is:	
0.928	
SGD: Magnitude of W:	
32123.676350256	
SGD: Magnitude of b:	
2.0514385234256	
SGD: Loss is	
	LOSS:Calculated softmax res	
26387.989317385	
SGD: crossEntropyLoss is	
26387.989317385	
SGD: Validation Accuracy is:	
0.927	
SGD: Magnitude of W:	
32057.142654427	
SGD: Magnitude of b:	
2.0514385234256	
SGD: Loss is	
	LOSS:Calculated softmax res	
26199.978917644	
SGD: crossEntropyLoss is	
26199.978917644	
SGD: Validation Accuracy is:	
0.928	
SGD: Magnitude of W:	
31990.83739612	
SGD: Magnitude of b:	
2.0514385234256	
SGD: Loss is	
	LOSS:Calculated softmax res	
26015.21449909	
SGD: crossEntropyLoss is	
26015.21449909	
SGD: Validation Accuracy is:	
0.928	
SGD: Magnitude of W:	
31924.736617293	
SGD: Magnitude of b:	
2.0514385234256	
Done.	
Testing on validation set...	
Done	
Datafile:	/n/home09/ankitgupta/CS287/HW1/SUBJ-uni.hdf5	Classifier:	lr	Alpha:	0	Eta:	1	Lambda:	1	Minibatch size:	500	Num Epochs:	50	Minimum Sentence Length:	0	
Accuracy:	0.928	
