[?1034hDatafile:	/n/home09/ankitgupta/CS287/HW1/SST2-uni-sent.hdf5	Classifier:	hinge	Alpha:	0	Eta:	1	Lambda:	1	Minibatch size:	500	Num Epochs:	50	Minimum Sentence Length:	5	
Note that not all parameters may apply to all classifiers	
Loading datafiles...	
Number of training samples before removing small sentences	76961	
Number of training samples after removing small sentences	55915	
Done.	
Training classifier...	
Parameters are:	
Eta:	
1	
Lambda:	
1	
Minibatch size:	
500	
Number of Epochs	
50	
SGD: Hinge Loss is	
166986.60534203	
SGD: Validation Accuracy is:	
0.49830084063674	
SGD: Magnitude of W:	
24246.059560627	
SGD: Magnitude of b:	
0.7940313074083	
    Current index:	9501	
    Magnitude of W_grad:	3.148	
    Magnitude of W:	24221.494805749	
    Magnitude of B_grad:	0.076	
    Magnitude of b:	2.0533294900061	

	
    Current index:	19501	
    Magnitude of W_grad:	2.656	
    Magnitude of W:	24200.163991482	
    Magnitude of B_grad:	0.036	
    Magnitude of b:	1.9685959164488	

	
    Current index:	29501	
    Magnitude of W_grad:	8.5959999999999	
    Magnitude of W:	24173.040822252	
    Magnitude of B_grad:	0.316	
    Magnitude of b:	1.1920084422144	

	
    Current index:	39501	
    Magnitude of W_grad:	5.0679999999999	
    Magnitude of W:	24144.939973521	
    Magnitude of B_grad:	0.072	
    Magnitude of b:	2.4072001988945	

	
    Current index:	49501	
    Magnitude of W_grad:	5.3119999999999	
    Magnitude of W:	24119.496936164	
    Magnitude of B_grad:	0.008	
    Magnitude of b:	2.098305749992	

	
SGD: Hinge Loss is	
176676.12770053	
SGD: Validation Accuracy is:	
0.72545161867287	
SGD: Magnitude of W:	
24118.194019601	
SGD: Magnitude of b:	
2.2468708643835	
    Current index:	9501	
    Magnitude of W_grad:	2.936	
    Magnitude of W:	24098.570074073	
    Magnitude of B_grad:	0.096	
    Magnitude of b:	1.4807119066797	

	
    Current index:	19501	
    Magnitude of W_grad:	2.456	
    Magnitude of W:	24080.497663571	
    Magnitude of B_grad:	0.072	
    Magnitude of b:	1.5081478508354	

	
    Current index:	29501	
    Magnitude of W_grad:	7.2239999999999	
    Magnitude of W:	24058.032001759	
    Magnitude of B_grad:	0.204	
    Magnitude of b:	1.056328862718	

	
    Current index:	39501	
    Magnitude of W_grad:	4.5439999999999	
    Magnitude of W:	24033.721612209	
    Magnitude of B_grad:	0.028	
    Magnitude of b:	2.0036699821063	

	
    Current index:	49501	
    Magnitude of W_grad:	5.1079999999999	
    Magnitude of W:	24010.887175047	
    Magnitude of B_grad:	0.016	
    Magnitude of b:	1.8229044077785	

	
SGD: Hinge Loss is	
156005.21613184	
SGD: Validation Accuracy is:	
0.73779288141656	
SGD: Magnitude of W:	
24009.796641667	
SGD: Magnitude of b:	
1.934323292057	
    Current index:	9501	
    Magnitude of W_grad:	2.752	
    Magnitude of W:	23989.790861899	
    Magnitude of B_grad:	0.112	
    Magnitude of b:	1.497242416129	

	
    Current index:	19501	
    Magnitude of W_grad:	2.576	
    Magnitude of W:	23972.512828822	
    Magnitude of B_grad:	0.036	
    Magnitude of b:	1.500682044859	

	
    Current index:	29501	
    Magnitude of W_grad:	7.0479999999999	
    Magnitude of W:	23952.3701055	
    Magnitude of B_grad:	0.22	
    Magnitude of b:	0.8318172139553	

	
    Current index:	39501	
    Magnitude of W_grad:	4.4479999999999	
    Magnitude of W:	23930.922199495	
    Magnitude of B_grad:	0.04	
    Magnitude of b:	1.795251676723	

	
    Current index:	49501	
    Magnitude of W_grad:	4.9919999999999	
    Magnitude of W:	23909.889052773	
    Magnitude of B_grad:	0.02	
    Magnitude of b:	1.614579727047	

	
SGD: Hinge Loss is	
145496.06142841	
SGD: Validation Accuracy is:	
0.74602038991236	
SGD: Magnitude of W:	
23908.861655432	
SGD: Magnitude of b:	
1.7321947015408	
    Current index:	9501	
    Magnitude of W_grad:	2.728	
    Magnitude of W:	23890.073775268	
    Magnitude of B_grad:	0.104	
    Magnitude of b:	1.4713732624454	

	
    Current index:	19501	
    Magnitude of W_grad:	2.808	
    Magnitude of W:	23873.305561562	
    Magnitude of B_grad:	0.028	
    Magnitude of b:	1.4908219783727	

	
    Current index:	29501	
    Magnitude of W_grad:	6.5559999999999	
    Magnitude of W:	23853.797311823	
    Magnitude of B_grad:	0.22	
    Magnitude of b:	0.6736829791157	

	
    Current index:	39501	
    Magnitude of W_grad:	4.4559999999999	
    Magnitude of W:	23834.165209827	
    Magnitude of B_grad:	0.012	
    Magnitude of b:	1.6651694698672	

	
    Current index:	49501	
    Magnitude of W_grad:	4.8879999999999	
    Magnitude of W:	23814.207270224	
    Magnitude of B_grad:	0.012	
    Magnitude of b:	1.5245477780414	

	
SGD: Hinge Loss is	
135554.3075927	
SGD: Validation Accuracy is:	
0.7449472366303	
SGD: Magnitude of W:	
23813.199915115	
SGD: Magnitude of b:	
1.5740530865083	
    Current index:	9501	
    Magnitude of W_grad:	2.748	
    Magnitude of W:	23794.76169556	
    Magnitude of B_grad:	0.08	
    Magnitude of b:	1.4095204655415	

	
    Current index:	19501	
    Magnitude of W_grad:	2.72	
    Magnitude of W:	23778.295742765	
    Magnitude of B_grad:	0.032	
    Magnitude of b:	1.4529868450995	

	
    Current index:	29501	
    Magnitude of W_grad:	6.2919999999999	
    Magnitude of W:	23759.130271231	
    Magnitude of B_grad:	0.196	
    Magnitude of b:	0.58350125135286	

	
    Current index:	39501	
    Magnitude of W_grad:	4.4239999999999	
    Magnitude of W:	23740.444179097	
    Magnitude of B_grad:	0.036	
    Magnitude of b:	1.5430276294748	

	
    Current index:	49501	
    Magnitude of W_grad:	4.9559999999999	
    Magnitude of W:	23721.417239121	
    Magnitude of B_grad:	0.024	
    Magnitude of b:	1.4144461261463	

	
SGD: Hinge Loss is	
128037.24445996	
SGD: Validation Accuracy is:	
0.74888213199785	
SGD: Magnitude of W:	
23720.472563153	
SGD: Magnitude of b:	
1.4639536225124	
    Current index:	9501	
    Magnitude of W_grad:	2.6	
    Magnitude of W:	23702.628981515	
    Magnitude of B_grad:	0.064	
    Magnitude of b:	1.3596318121819	

	
    Current index:	19501	
    Magnitude of W_grad:	2.744	
    Magnitude of W:	23686.908164556	
    Magnitude of B_grad:	0.032	
    Magnitude of b:	1.4151165848029	

	
    Current index:	29501	
    Magnitude of W_grad:	6.2519999999999	
    Magnitude of W:	23668.036940191	
    Magnitude of B_grad:	0.196	
    Magnitude of b:	0.52935813288712	

	
    Current index:	39501	
    Magnitude of W_grad:	4.252	
    Magnitude of W:	23650.392715811	
    Magnitude of B_grad:	0.048	
    Magnitude of b:	1.412923589207	

	
    Current index:	49501	
    Magnitude of W_grad:	4.7799999999999	
    Magnitude of W:	23632.255314289	
    Magnitude of B_grad:	0.032	
    Magnitude of b:	1.3163843255786	

	
SGD: Hinge Loss is	
122534.608544	
SGD: Validation Accuracy is:	
0.7531747451261	
SGD: Magnitude of W:	
23631.352266341	
SGD: Magnitude of b:	
1.3597018201281	
    Current index:	9501	
    Magnitude of W_grad:	2.556	
    Magnitude of W:	23614.00089686	
    Magnitude of B_grad:	0.068	
    Magnitude of b:	1.359881767118	

	
    Current index:	19501	
    Magnitude of W_grad:	2.736	
    Magnitude of W:	23598.526527216	
    Magnitude of B_grad:	0.02	
    Magnitude of b:	1.4353705735426	

	
    Current index:	29501	
    Magnitude of W_grad:	5.8999999999999	
    Magnitude of W:	23580.495759595	
    Magnitude of B_grad:	0.18	
    Magnitude of b:	0.4571101257948	

	
    Current index:	39501	
    Magnitude of W_grad:	3.992	
    Magnitude of W:	23563.607163204	
    Magnitude of B_grad:	0.08	
    Magnitude of b:	1.324703336782	

	
    Current index:	49501	
    Magnitude of W_grad:	4.6039999999999	
    Magnitude of W:	23546.145291512	
    Magnitude of B_grad:	0.028	
    Magnitude of b:	1.2641965046712	

	
SGD: Hinge Loss is	
118537.94406693	
SGD: Validation Accuracy is:	
0.75728849937399	
SGD: Magnitude of W:	
23545.286298473	
SGD: Magnitude of b:	
1.3260908876709	
    Current index:	9501	
    Magnitude of W_grad:	2.616	
    Magnitude of W:	23528.756437906	
    Magnitude of B_grad:	0.056	
    Magnitude of b:	1.3415016760829	

	
    Current index:	19501	
    Magnitude of W_grad:	2.832	
    Magnitude of W:	23513.720809618	
    Magnitude of B_grad:	0.008	
    Magnitude of b:	1.4130013624947	

	
    Current index:	29501	
    Magnitude of W_grad:	5.8079999999999	
    Magnitude of W:	23496.780624306	
    Magnitude of B_grad:	0.16	
    Magnitude of b:	0.45146321618833	

	
    Current index:	39501	
    Magnitude of W_grad:	4	
    Magnitude of W:	23480.222569752	
    Magnitude of B_grad:	0.06	
    Magnitude of b:	1.2670735328801	

	
    Current index:	49501	
    Magnitude of W_grad:	4.4919999999999	
    Magnitude of W:	23463.378490171	
    Magnitude of B_grad:	0.02	
    Magnitude of b:	1.206589203146	

	
SGD: Hinge Loss is	
113194.91736542	
SGD: Validation Accuracy is:	
0.75961366481846	
SGD: Magnitude of W:	
23462.528333684	
SGD: Magnitude of b:	
1.2437169290391	
    Current index:	9501	
    Magnitude of W_grad:	2.676	
    Magnitude of W:	23446.293959324	
    Magnitude of B_grad:	0.032	
    Magnitude of b:	1.3278777118714	

	
    Current index:	19501	
    Magnitude of W_grad:	2.896	
    Magnitude of W:	23431.629516054	
    Magnitude of B_grad:	0	
    Magnitude of b:	1.4433715267873	

	
    Current index:	29501	
    Magnitude of W_grad:	5.6599999999999	
    Magnitude of W:	23415.39058657	
    Magnitude of B_grad:	0.156	
    Magnitude of b:	0.42109582121879	

	
    Current index:	39501	
    Magnitude of W_grad:	3.928	
    Magnitude of W:	23399.390975857	
    Magnitude of B_grad:	0.056	
    Magnitude of b:	1.1967283772754	

	
    Current index:	49501	
    Magnitude of W_grad:	4.4199999999999	
    Magnitude of W:	23383.178244434	
    Magnitude of B_grad:	0.032	
    Magnitude of b:	1.1322684231359	

	
SGD: Hinge Loss is	
109384.20199985	
SGD: Validation Accuracy is:	
0.76247540690395	
SGD: Magnitude of W:	
23382.383685758	
SGD: Magnitude of b:	
1.1817815268327	
    Current index:	9501	
    Magnitude of W_grad:	2.728	
    Magnitude of W:	23366.65143114	
    Magnitude of B_grad:	0.02	
    Magnitude of b:	1.3138156830762	

	
    Current index:	19501	
    Magnitude of W_grad:	3.084	
    Magnitude of W:	23352.533615274	
    Magnitude of B_grad:	0.008	
    Magnitude of b:	1.4373155625237	

	
    Current index:	29501	
    Magnitude of W_grad:	5.4839999999999	
    Magnitude of W:	23336.865401222	
    Magnitude of B_grad:	0.144	
    Magnitude of b:	0.37114993575434	

	
    Current index:	39501	
    Magnitude of W_grad:	3.736	
    Magnitude of W:	23321.107745482	
    Magnitude of B_grad:	0.024	
    Magnitude of b:	1.1508017026528	

	
    Current index:	49501	
    Magnitude of W_grad:	4.3519999999999	
    Magnitude of W:	23305.162849109	
    Magnitude of B_grad:	0.028	
    Magnitude of b:	1.0743624616544	

	
SGD: Hinge Loss is	
106345.41349417	
SGD: Validation Accuracy is:	
0.76408513682704	
SGD: Magnitude of W:	
23304.395777738	
SGD: Magnitude of b:	
1.1362606169658	
    Current index:	9501	
    Magnitude of W_grad:	2.88	
    Magnitude of W:	23289.041816605	
    Magnitude of B_grad:	0.008	
    Magnitude of b:	1.3153405188226	

	
    Current index:	19501	
    Magnitude of W_grad:	2.948	
    Magnitude of W:	23274.993879344	
    Magnitude of B_grad:	0.02	
    Magnitude of b:	1.4148446407551	

	
    Current index:	29501	
    Magnitude of W_grad:	5.6839999999999	
    Magnitude of W:	23259.88510233	
    Magnitude of B_grad:	0.16	
    Magnitude of b:	0.36161232596943	

	
    Current index:	39501	
    Magnitude of W_grad:	3.66	
    Magnitude of W:	23244.425979952	
    Magnitude of B_grad:	0.02	
    Magnitude of b:	1.1172802803649	

	
    Current index:	49501	
    Magnitude of W_grad:	4.2799999999999	
    Magnitude of W:	23228.865222994	
    Magnitude of B_grad:	0.024	
    Magnitude of b:	1.0208569822243	

	
SGD: Hinge Loss is	
103632.57404151	
SGD: Validation Accuracy is:	
0.76784117331426	
SGD: Magnitude of W:	
23228.106413974	
SGD: Magnitude of b:	
1.0951401017056	
    Current index:	9501	
    Magnitude of W_grad:	2.884	
    Magnitude of W:	23213.164592347	
    Magnitude of B_grad:	0.004	
    Magnitude of b:	1.2724645631997	

	
    Current index:	19501	
    Magnitude of W_grad:	2.912	
    Magnitude of W:	23199.331507619	
    Magnitude of B_grad:	0.02	
    Magnitude of b:	1.4039766625077	

	
    Current index:	29501	
    Magnitude of W_grad:	5.7959999999999	
    Magnitude of W:	23184.566633248	
    Magnitude of B_grad:	0.18	
    Magnitude of b:	0.34847844980336	

	
    Current index:	39501	
    Magnitude of W_grad:	3.656	
    Magnitude of W:	23169.618578824	
    Magnitude of B_grad:	0.016	
    Magnitude of b:	1.0641634646145	

	
    Current index:	49501	
    Magnitude of W_grad:	4.2519999999999	
    Magnitude of W:	23154.412395018	
    Magnitude of B_grad:	0.008	
    Magnitude of b:	0.99175817330116	

	
SGD: Hinge Loss is	
101440.19300062	
SGD: Validation Accuracy is:	
0.76712573779288	
SGD: Magnitude of W:	
23153.677317564	
SGD: Magnitude of b:	
1.0660418710232	
    Current index:	9501	
    Magnitude of W_grad:	2.884	
    Magnitude of W:	23139.139424485	
    Magnitude of B_grad:	0.004	
    Magnitude of b:	1.2495701463413	

	
    Current index:	19501	
    Magnitude of W_grad:	2.688	
    Magnitude of W:	23125.560388616	
    Magnitude of B_grad:	0.012	
    Magnitude of b:	1.3570938861576	

	
    Current index:	29501	
    Magnitude of W_grad:	5.5439999999999	
    Magnitude of W:	23111.284814179	
    Magnitude of B_grad:	0.164	
    Magnitude of b:	0.32735292861121	

	
    Current index:	39501	
    Magnitude of W_grad:	3.696	
    Magnitude of W:	23096.417977596	
    Magnitude of B_grad:	0	
    Magnitude of b:	1.0510494375058	

	
    Current index:	49501	
    Magnitude of W_grad:	4.0039999999999	
    Magnitude of W:	23081.242967287	
    Magnitude of B_grad:	0.016	
    Magnitude of b:	0.95065841697394	

	
SGD: Hinge Loss is	
98794.456936876	
SGD: Validation Accuracy is:	
0.76712573779288	
SGD: Magnitude of W:	
23080.542819316	
SGD: Magnitude of b:	
1.0249429314151	
    Current index:	9501	
    Magnitude of W_grad:	2.844	
    Magnitude of W:	23066.52506311	
    Magnitude of B_grad:	0.008	
    Magnitude of b:	1.2266730208353	

	
    Current index:	19501	
    Magnitude of W_grad:	2.74	
    Magnitude of W:	23053.231839502	
    Magnitude of B_grad:	0.012	
    Magnitude of b:	1.3502053026883	

	
    Current index:	29501	
    Magnitude of W_grad:	5.4159999999999	
    Magnitude of W:	23038.994577867	
    Magnitude of B_grad:	0.148	
    Magnitude of b:	0.30223599347385	

	
    Current index:	39501	
    Magnitude of W_grad:	3.716	
    Magnitude of W:	23024.474549077	
    Magnitude of B_grad:	0.008	
    Magnitude of b:	1.0179443902406	

	
    Current index:	49501	
    Magnitude of W_grad:	3.9519999999999	
    Magnitude of W:	23009.602869079	
    Magnitude of B_grad:	0.008	
    Magnitude of b:	0.92956358370666	

	
SGD: Hinge Loss is	
96515.326066532	
SGD: Validation Accuracy is:	
0.76909318547666	
SGD: Magnitude of W:	
23008.881383066	
SGD: Magnitude of b:	
0.9976565668721	
    Current index:	9501	
    Magnitude of W_grad:	2.716	
    Magnitude of W:	22995.073218121	
    Magnitude of B_grad:	0	
    Magnitude of b:	1.2059671395485	

	
    Current index:	19501	
    Magnitude of W_grad:	2.7	
    Magnitude of W:	22981.897343696	
    Magnitude of B_grad:	0.02	
    Magnitude of b:	1.3415060597567	

	
    Current index:	29501	
    Magnitude of W_grad:	5.4479999999999	
    Magnitude of W:	22967.910301656	
    Magnitude of B_grad:	0.148	
    Magnitude of b:	0.29093519723345	

	
    Current index:	39501	
    Magnitude of W_grad:	3.732	
    Magnitude of W:	22953.820441573	
    Magnitude of B_grad:	0.016	
    Magnitude of b:	0.99065372697322	

	
    Current index:	49501	
    Magnitude of W_grad:	3.9159999999999	
    Magnitude of W:	22939.088128734	
    Magnitude of B_grad:	0.028	
    Magnitude of b:	0.90228074439856	

	
SGD: Hinge Loss is	
94179.317162597	
SGD: Validation Accuracy is:	
0.76962976211769	
SGD: Magnitude of W:	
22938.366037809	
SGD: Magnitude of b:	
0.97656622018286	
    Current index:	9501	
    Magnitude of W_grad:	2.728	
    Magnitude of W:	22924.786141004	
    Magnitude of B_grad:	0.004	
    Magnitude of b:	1.1750690537685	

	
    Current index:	19501	
    Magnitude of W_grad:	2.612	
    Magnitude of W:	22911.686926312	
    Magnitude of B_grad:	0.004	
    Magnitude of b:	1.3226145293144	

	
    Current index:	29501	
    Magnitude of W_grad:	5.6359999999999	
    Magnitude of W:	22897.881891814	
    Magnitude of B_grad:	0.18	
    Magnitude of b:	0.29781524770445	

	
    Current index:	39501	
    Magnitude of W_grad:	3.664	
    Magnitude of W:	22884.076887985	
    Magnitude of B_grad:	0.024	
    Magnitude of b:	0.97354161355146	

	
    Current index:	49501	
    Magnitude of W_grad:	3.9759999999999	
    Magnitude of W:	22869.510877172	
    Magnitude of B_grad:	0.004	
    Magnitude of b:	0.88918107325176	

	
SGD: Hinge Loss is	
92451.01780348	
SGD: Validation Accuracy is:	
0.77231264532284	
SGD: Magnitude of W:	
22868.798436472	
SGD: Magnitude of b:	
0.95727485888348	
    Current index:	9501	
    Magnitude of W_grad:	2.668	
    Magnitude of W:	22855.471306362	
    Magnitude of B_grad:	0.008	
    Magnitude of b:	1.1543631607313	

	
    Current index:	19501	
    Magnitude of W_grad:	2.62	
    Magnitude of W:	22842.700488021	
    Magnitude of B_grad:	0.016	
    Magnitude of b:	1.3199134864123	

	
    Current index:	29501	
    Magnitude of W_grad:	5.4959999999999	
    Magnitude of W:	22829.175645039	
    Magnitude of B_grad:	0.172	
    Magnitude of b:	0.27651680657851	

	
    Current index:	39501	
    Magnitude of W_grad:	3.452	
    Magnitude of W:	22815.798266548	
    Magnitude of B_grad:	0.012	
    Magnitude of b:	0.94025330425585	

	
    Current index:	49501	
    Magnitude of W_grad:	3.7399999999999	
    Magnitude of W:	22801.365065182	
    Magnitude of B_grad:	0	
    Magnitude of b:	0.86790781915543	

	
SGD: Hinge Loss is	
90826.262243002	
SGD: Validation Accuracy is:	
0.77249150420318	
SGD: Magnitude of W:	
22800.682448842	
SGD: Magnitude of b:	
0.92361812659257	
    Current index:	9501	
    Magnitude of W_grad:	2.732	
    Magnitude of W:	22787.615635187	
    Magnitude of B_grad:	0.004	
    Magnitude of b:	1.1280222553289	

	
    Current index:	19501	
    Magnitude of W_grad:	2.684	
    Magnitude of W:	22775.04679777	
    Magnitude of B_grad:	0.02	
    Magnitude of b:	1.2935763721815	

	
    Current index:	29501	
    Magnitude of W_grad:	5.5439999999999	
    Magnitude of W:	22761.657975788	
    Magnitude of B_grad:	0.18	
    Magnitude of b:	0.25484997255033	

	
    Current index:	39501	
    Magnitude of W_grad:	3.46	
    Magnitude of W:	22748.498031292	
    Magnitude of B_grad:	0.028	
    Magnitude of b:	0.92659404681928	

	
    Current index:	49501	
    Magnitude of W_grad:	3.4479999999999	
    Magnitude of W:	22734.446473853	
    Magnitude of B_grad:	0.032	
    Magnitude of b:	0.82225605577069	

	
SGD: Hinge Loss is	
88959.466060701	
SGD: Validation Accuracy is:	
0.77123949204078	
SGD: Magnitude of W:	
22733.78541514	
SGD: Magnitude of b:	
0.90273507224033	
    Current index:	9501	
    Magnitude of W_grad:	2.704	
    Magnitude of W:	22720.965413573	
    Magnitude of B_grad:	0	
    Magnitude of b:	1.1169065482515	

	
    Current index:	19501	
    Magnitude of W_grad:	2.624	
    Magnitude of W:	22708.554701151	
    Magnitude of B_grad:	0.024	
    Magnitude of b:	1.2704671482042	

	
    Current index:	29501	
    Magnitude of W_grad:	5.3799999999999	
    Magnitude of W:	22695.591714852	
    Magnitude of B_grad:	0.164	
    Magnitude of b:	0.23395247736706	

	
    Current index:	39501	
    Magnitude of W_grad:	3.336	
    Magnitude of W:	22682.631514287	
    Magnitude of B_grad:	0.028	
    Magnitude of b:	0.92570374277001	

	
    Current index:	49501	
    Magnitude of W_grad:	3.288	
    Magnitude of W:	22668.695232467	
    Magnitude of B_grad:	0.02	
    Magnitude of b:	0.80937778811324	

	
SGD: Hinge Loss is	
88180.337062888	
SGD: Validation Accuracy is:	
0.77284922196387	
SGD: Magnitude of W:	
22668.071393946	
SGD: Magnitude of b:	
0.88985706049505	
    Current index:	9501	
    Magnitude of W_grad:	2.704	
    Magnitude of W:	22655.448018452	
    Magnitude of B_grad:	0	
    Magnitude of b:	1.1017869929713	

	
    Current index:	19501	
    Magnitude of W_grad:	2.532	
    Magnitude of W:	22643.142800589	
    Magnitude of B_grad:	0.008	
    Magnitude of b:	1.2313555876408	

	
    Current index:	29501	
    Magnitude of W_grad:	5.6039999999999	
    Magnitude of W:	22630.284403566	
    Magnitude of B_grad:	0.192	
    Magnitude of b:	0.24504873545984	

	
    Current index:	39501	
    Magnitude of W_grad:	3.372	
    Magnitude of W:	22617.487559977	
    Magnitude of B_grad:	0.044	
    Magnitude of b:	0.91679932729899	

	
    Current index:	49501	
    Magnitude of W_grad:	3.3	
    Magnitude of W:	22603.837430918	
    Magnitude of B_grad:	0.024	
    Magnitude of b:	0.80847420887923	

	
SGD: Hinge Loss is	
86644.908363953	
SGD: Validation Accuracy is:	
0.77356465748524	
SGD: Magnitude of W:	
22603.229224952	
SGD: Magnitude of b:	
0.88276154875223	
    Current index:	9501	
    Magnitude of W_grad:	2.792	
    Magnitude of W:	22590.796871035	
    Magnitude of B_grad:	0.012	
    Magnitude of b:	1.0968906524809	

	
    Current index:	19501	
    Magnitude of W_grad:	2.252	
    Magnitude of W:	22578.688587343	
    Magnitude of B_grad:	0.012	
    Magnitude of b:	1.198465881551	

	
    Current index:	29501	
    Magnitude of W_grad:	5.6399999999999	
    Magnitude of W:	22566.073674814	
    Magnitude of B_grad:	0.196	
    Magnitude of b:	0.23393498865207	

	
    Current index:	39501	
    Magnitude of W_grad:	3.388	
    Magnitude of W:	22553.342896831	
    Magnitude of B_grad:	0.048	
    Magnitude of b:	0.89769095031868	

	
    Current index:	49501	
    Magnitude of W_grad:	3.248	
    Magnitude of W:	22540.033437969	
    Magnitude of B_grad:	0	
    Magnitude of b:	0.79337986229001	

	
SGD: Hinge Loss is	
85797.126839982	
SGD: Validation Accuracy is:	
0.77535324628868	
SGD: Magnitude of W:	
22539.424540069	
SGD: Magnitude of b:	
0.86147555164787	
    Current index:	9501	
    Magnitude of W_grad:	2.74	
    Magnitude of W:	22527.089698815	
    Magnitude of B_grad:	0.008	
    Magnitude of b:	1.0701754239055	

	
    Current index:	19501	
    Magnitude of W_grad:	2.376	
    Magnitude of W:	22515.138263422	
    Magnitude of B_grad:	0	
    Magnitude of b:	1.2037557054805	

	
    Current index:	29501	
    Magnitude of W_grad:	5.2599999999999	
    Magnitude of W:	22502.755027191	
    Magnitude of B_grad:	0.164	
    Magnitude of b:	0.2046421015508	

	
    Current index:	39501	
    Magnitude of W_grad:	3.408	
    Magnitude of W:	22490.155088433	
    Magnitude of B_grad:	0.048	
    Magnitude of b:	0.88840223236124	

	
    Current index:	49501	
    Magnitude of W_grad:	3.244	
    Magnitude of W:	22477.257595645	
    Magnitude of B_grad:	0	
    Magnitude of b:	0.78809499420532	

	
SGD: Hinge Loss is	
84044.431115089	
SGD: Validation Accuracy is:	
0.7733857986049	
SGD: Magnitude of W:	
22476.633653218	
SGD: Magnitude of b:	
0.83761493718893	
    Current index:	9501	
    Magnitude of W_grad:	2.74	
    Magnitude of W:	22464.403630786	
    Magnitude of B_grad:	0.008	
    Magnitude of b:	1.0540438026048	

	
    Current index:	19501	
    Magnitude of W_grad:	2.292	
    Magnitude of W:	22452.710185317	
    Magnitude of B_grad:	0.024	
    Magnitude of b:	1.1796300964532	

	
    Current index:	29501	
    Magnitude of W_grad:	5.6319999999999	
    Magnitude of W:	22440.572478283	
    Magnitude of B_grad:	0.208	
    Magnitude of b:	0.23276408466079	

	
    Current index:	39501	
    Magnitude of W_grad:	3.404	
    Magnitude of W:	22428.193587134	
    Magnitude of B_grad:	0.048	
    Magnitude of b:	0.86452909417099	

	
    Current index:	49501	
    Magnitude of W_grad:	3.168	
    Magnitude of W:	22415.527642699	
    Magnitude of B_grad:	0.008	
    Magnitude of b:	0.74023118349209	

	
SGD: Hinge Loss is	
82868.539011337	
SGD: Validation Accuracy is:	
0.77356465748524	
SGD: Magnitude of W:	
22414.970741078	
SGD: Magnitude of b:	
0.82071182992959	
    Current index:	9501	
    Magnitude of W_grad:	2.744	
    Magnitude of W:	22403.030575017	
    Magnitude of B_grad:	0.012	
    Magnitude of b:	1.0469479817159	

	
    Current index:	19501	
    Magnitude of W_grad:	2.36	
    Magnitude of W:	22391.39087369	
    Magnitude of B_grad:	0.008	
    Magnitude of b:	1.1745395985958	

	
    Current index:	29501	
    Magnitude of W_grad:	5.5199999999999	
    Magnitude of W:	22379.36707605	
    Magnitude of B_grad:	0.204	
    Magnitude of b:	0.21784747374348	

	
    Current index:	39501	
    Magnitude of W_grad:	3.264	
    Magnitude of W:	22367.11297894	
    Magnitude of B_grad:	0.032	
    Magnitude of b:	0.85761213235946	

	
    Current index:	49501	
    Magnitude of W_grad:	3.096	
    Magnitude of W:	22354.757201879	
    Magnitude of B_grad:	0.048	
    Magnitude of b:	0.71731418832227	

	
SGD: Hinge Loss is	
80874.108711817	
SGD: Validation Accuracy is:	
0.77374351636559	
SGD: Magnitude of W:	
22354.213905224	
SGD: Magnitude of b:	
0.7977952901578	
    Current index:	9501	
    Magnitude of W_grad:	2.644	
    Magnitude of W:	22342.524375747	
    Magnitude of B_grad:	0.024	
    Magnitude of b:	1.0498704354461	

	
    Current index:	19501	
    Magnitude of W_grad:	2.336	
    Magnitude of W:	22331.047814246	
    Magnitude of B_grad:	0.024	
    Magnitude of b:	1.1534662158407	

	
    Current index:	29501	
    Magnitude of W_grad:	5.2239999999999	
    Magnitude of W:	22319.009668946	
    Magnitude of B_grad:	0.204	
    Magnitude of b:	0.2029188405721	

	
    Current index:	39501	
    Magnitude of W_grad:	3.248	
    Magnitude of W:	22306.70009501	
    Magnitude of B_grad:	0.028	
    Magnitude of b:	0.8466881594155	

	
    Current index:	49501	
    Magnitude of W_grad:	3.064	
    Magnitude of W:	22294.803798025	
    Magnitude of B_grad:	0.036	
    Magnitude of b:	0.70639574818617	

	
SGD: Hinge Loss is	
80120.398676415	
SGD: Validation Accuracy is:	
0.77445895188696	
SGD: Magnitude of W:	
22294.280268593	
SGD: Magnitude of b:	
0.79306901745329	
    Current index:	9501	
    Magnitude of W_grad:	2.604	
    Magnitude of W:	22282.601729475	
    Magnitude of B_grad:	0.044	
    Magnitude of b:	1.0466037309462	

	
    Current index:	19501	
    Magnitude of W_grad:	2.404	
    Magnitude of W:	22271.206054042	
    Magnitude of B_grad:	0.008	
    Magnitude of b:	1.1702012066068	

	
    Current index:	29501	
    Magnitude of W_grad:	5.3319999999999	
    Magnitude of W:	22259.456765394	
    Magnitude of B_grad:	0.204	
    Magnitude of b:	0.2061841417212	

	
    Current index:	39501	
    Magnitude of W_grad:	3.24	
    Magnitude of W:	22247.498577074	
    Magnitude of B_grad:	0.044	
    Magnitude of b:	0.83396090501475	

	
    Current index:	49501	
    Magnitude of W_grad:	2.912	
    Magnitude of W:	22235.706624939	
    Magnitude of B_grad:	0.012	
    Magnitude of b:	0.70967458436361	

	
SGD: Hinge Loss is	
78691.952826495	
SGD: Validation Accuracy is:	
0.7733857986049	
SGD: Magnitude of W:	
22235.171885963	
SGD: Magnitude of b:	
0.76538803615293	
    Current index:	9501	
    Magnitude of W_grad:	2.528	
    Magnitude of W:	22223.660224393	
    Magnitude of B_grad:	0.008	
    Magnitude of b:	1.0022885746862	

	
    Current index:	19501	
    Magnitude of W_grad:	2.348	
    Magnitude of W:	22212.459242827	
    Magnitude of B_grad:	0.02	
    Magnitude of b:	1.1378966657847	

	
    Current index:	29501	
    Magnitude of W_grad:	5.1799999999999	
    Magnitude of W:	22200.782642949	
    Magnitude of B_grad:	0.196	
    Magnitude of b:	0.20247942238424	

	
    Current index:	39501	
    Magnitude of W_grad:	3.216	
    Magnitude of W:	22189.100951086	
    Magnitude of B_grad:	0.004	
    Magnitude of b:	0.79826051888002	

	
    Current index:	49501	
    Magnitude of W_grad:	2.9	
    Magnitude of W:	22177.545823285	
    Magnitude of B_grad:	0.012	
    Magnitude of b:	0.68998305919785	

	
SGD: Hinge Loss is	
78339.760699264	
SGD: Validation Accuracy is:	
0.77642639957074	
SGD: Magnitude of W:	
22177.029742531	
SGD: Magnitude of b:	
0.76427275368304	
    Current index:	9501	
    Magnitude of W_grad:	2.524	
    Magnitude of W:	22165.660227227	
    Magnitude of B_grad:	0.024	
    Magnitude of b:	0.99940635472597	

	
    Current index:	19501	
    Magnitude of W_grad:	2.28	
    Magnitude of W:	22154.593848501	
    Magnitude of B_grad:	0.024	
    Magnitude of b:	1.1390154320728	

	
    Current index:	29501	
    Magnitude of W_grad:	5.5919999999999	
    Magnitude of W:	22142.910885753	
    Magnitude of B_grad:	0.232	
    Magnitude of b:	0.19736197483069	

	
    Current index:	39501	
    Magnitude of W_grad:	3.112	
    Magnitude of W:	22131.408884376	
    Magnitude of B_grad:	0.036	
    Magnitude of b:	0.80514550214924	

	
    Current index:	49501	
    Magnitude of W_grad:	2.784	
    Magnitude of W:	22120.033619313	
    Magnitude of B_grad:	0.024	
    Magnitude of b:	0.66087102891589	

	
SGD: Hinge Loss is	
76948.903548572	
SGD: Validation Accuracy is:	
0.77410123412627	
SGD: Magnitude of W:	
22119.550714553	
SGD: Magnitude of b:	
0.73516130190456	
    Current index:	9501	
    Magnitude of W_grad:	2.456	
    Magnitude of W:	22108.329351958	
    Magnitude of B_grad:	0.016	
    Magnitude of b:	1.0045194312337	

	
    Current index:	19501	
    Magnitude of W_grad:	2.288	
    Magnitude of W:	22097.452963108	
    Magnitude of B_grad:	0.008	
    Magnitude of b:	1.1401312453854	

	
    Current index:	29501	
    Magnitude of W_grad:	5.1519999999999	
    Magnitude of W:	22085.920395897	
    Magnitude of B_grad:	0.196	
    Magnitude of b:	0.17624175700389	

	
    Current index:	39501	
    Magnitude of W_grad:	3	
    Magnitude of W:	22074.595423475	
    Magnitude of B_grad:	0.032	
    Magnitude of b:	0.78802914679799	

	
    Current index:	49501	
    Magnitude of W_grad:	2.928	
    Magnitude of W:	22063.357292652	
    Magnitude of B_grad:	0	
    Magnitude of b:	0.67175877255118	

	
SGD: Hinge Loss is	
75790.512632557	
SGD: Validation Accuracy is:	
0.77445895188696	
SGD: Magnitude of W:	
22062.875514142	
SGD: Magnitude of b:	
0.72747297778945	
    Current index:	9501	
    Magnitude of W_grad:	2.44	
    Magnitude of W:	22051.731567038	
    Magnitude of B_grad:	0.024	
    Magnitude of b:	0.98420930974917	

	
    Current index:	19501	
    Magnitude of W_grad:	2.368	
    Magnitude of W:	22041.00549619	
    Magnitude of B_grad:	0.004	
    Magnitude of b:	1.1278277641605	

	
    Current index:	29501	
    Magnitude of W_grad:	5.1959999999999	
    Magnitude of W:	22029.71060995	
    Magnitude of B_grad:	0.212	
    Magnitude of b:	0.19653820369636	

	
    Current index:	39501	
    Magnitude of W_grad:	2.912	
    Magnitude of W:	22018.54807498	
    Magnitude of B_grad:	0.004	
    Magnitude of b:	0.77632062803465	

	
    Current index:	49501	
    Magnitude of W_grad:	2.716	
    Magnitude of W:	22007.450094693	
    Magnitude of B_grad:	0.016	
    Magnitude of b:	0.64805196589329	

	
SGD: Hinge Loss is	
75863.703402973	
SGD: Validation Accuracy is:	
0.77714183509211	
SGD: Magnitude of W:	
22006.984611677	
SGD: Magnitude of b:	
0.74091834501082	
    Current index:	9501	
    Magnitude of W_grad:	2.4	
    Magnitude of W:	21996.12963638	
    Magnitude of B_grad:	0.016	
    Magnitude of b:	0.96676872892536	

	
    Current index:	19501	
    Magnitude of W_grad:	2.32	
    Magnitude of W:	21985.473427569	
    Magnitude of B_grad:	0.004	
    Magnitude of b:	1.102394908257	

	
    Current index:	29501	
    Magnitude of W_grad:	5.7159999999999	
    Magnitude of W:	21974.146460631	
    Magnitude of B_grad:	0.256	
    Magnitude of b:	0.21796421238186	

	
    Current index:	39501	
    Magnitude of W_grad:	2.848	
    Magnitude of W:	21963.332584067	
    Magnitude of B_grad:	0.024	
    Magnitude of b:	0.80174805707873	

	
    Current index:	49501	
    Magnitude of W_grad:	2.948	
    Magnitude of W:	21952.359309646	
    Magnitude of B_grad:	0	
    Magnitude of b:	0.65747874840273	

	
SGD: Hinge Loss is	
73842.160238074	
SGD: Validation Accuracy is:	
0.77571096404937	
SGD: Magnitude of W:	
21951.895189943	
SGD: Magnitude of b:	
0.70700128694396	
    Current index:	9501	
    Magnitude of W_grad:	2.468	
    Magnitude of W:	21941.054895286	
    Magnitude of B_grad:	0.016	
    Magnitude of b:	0.96868876047556	

	
    Current index:	19501	
    Magnitude of W_grad:	2.26	
    Magnitude of W:	21930.579405354	
    Magnitude of B_grad:	0.008	
    Magnitude of b:	1.0843214089677	

	
    Current index:	29501	
    Magnitude of W_grad:	4.4279999999999	
    Magnitude of W:	21919.575335982	
    Magnitude of B_grad:	0.144	
    Magnitude of b:	0.18403307292992	

	
    Current index:	39501	
    Magnitude of W_grad:	2.804	
    Magnitude of W:	21908.777533432	
    Magnitude of B_grad:	0.028	
    Magnitude of b:	0.79981816130339	

	
    Current index:	49501	
    Magnitude of W_grad:	2.676	
    Magnitude of W:	21897.845373115	
    Magnitude of B_grad:	0.02	
    Magnitude of b:	0.63954834781553	

	
SGD: Hinge Loss is	
74193.253026602	
SGD: Validation Accuracy is:	
0.77660525845108	
SGD: Magnitude of W:	
21897.402778536	
SGD: Magnitude of b:	
0.73241489591381	
    Current index:	9501	
    Magnitude of W_grad:	2.424	
    Magnitude of W:	21886.596149844	
    Magnitude of B_grad:	0.012	
    Magnitude of b:	0.94328326313483	

	
    Current index:	19501	
    Magnitude of W_grad:	2.136	
    Magnitude of W:	21876.229349108	
    Magnitude of B_grad:	0.032	
    Magnitude of b:	1.054918377223	

	
    Current index:	29501	
    Magnitude of W_grad:	4.9239999999999	
    Magnitude of W:	21865.251606802	
    Magnitude of B_grad:	0.2	
    Magnitude of b:	0.20943419625073	

	
    Current index:	39501	
    Magnitude of W_grad:	2.776	
    Magnitude of W:	21854.529996693	
    Magnitude of B_grad:	0.004	
    Magnitude of b:	0.78921968171384	

	
    Current index:	49501	
    Magnitude of W_grad:	2.552	
    Magnitude of W:	21843.689693111	
    Magnitude of B_grad:	0.024	
    Magnitude of b:	0.62095495383896	

	
SGD: Hinge Loss is	
72725.142329171	
SGD: Validation Accuracy is:	
0.7762475406904	
SGD: Magnitude of W:	
21843.233299726	
SGD: Magnitude of b:	
0.70143797048947	
    Current index:	9501	
    Magnitude of W_grad:	2.42	
    Magnitude of W:	21832.49779472	
    Magnitude of B_grad:	0.02	
    Magnitude of b:	0.93026337701099	

	
    Current index:	19501	
    Magnitude of W_grad:	2.184	
    Magnitude of W:	21822.172319234	
    Magnitude of B_grad:	0.004	
    Magnitude of b:	1.0499072411921	

	
    Current index:	29501	
    Magnitude of W_grad:	5.1199999999999	
    Magnitude of W:	21811.402028737	
    Magnitude of B_grad:	0.216	
    Magnitude of b:	0.2144389703338	

	
    Current index:	39501	
    Magnitude of W_grad:	2.704	
    Magnitude of W:	21800.959104183	
    Magnitude of B_grad:	0	
    Magnitude of b:	0.79422381828335	

	
    Current index:	49501	
    Magnitude of W_grad:	2.576	
    Magnitude of W:	21790.270707534	
    Magnitude of B_grad:	0.028	
    Magnitude of b:	0.62995964491849	

	
SGD: Hinge Loss is	
72358.968156194	
SGD: Validation Accuracy is:	
0.77714183509211	
SGD: Magnitude of W:	
21789.825315452	
SGD: Magnitude of b:	
0.70425053216672	
    Current index:	9501	
    Magnitude of W_grad:	2.32	
    Magnitude of W:	21779.222979089	
    Magnitude of B_grad:	0.008	
    Magnitude of b:	0.92345050248497	

	
    Current index:	19501	
    Magnitude of W_grad:	2.272	
    Magnitude of W:	21768.970737875	
    Magnitude of B_grad:	0.016	
    Magnitude of b:	1.0590946897816	

	
    Current index:	29501	
    Magnitude of W_grad:	4.9999999999999	
    Magnitude of W:	21758.217596762	
    Magnitude of B_grad:	0.212	
    Magnitude of b:	0.2212473047564	

	
    Current index:	39501	
    Magnitude of W_grad:	2.672	
    Magnitude of W:	21747.828310185	
    Magnitude of B_grad:	0.024	
    Magnitude of b:	0.7970348515741	

	
    Current index:	49501	
    Magnitude of W_grad:	2.512	
    Magnitude of W:	21737.164807129	
    Magnitude of B_grad:	0.004	
    Magnitude of b:	0.63277472691253	

	
SGD: Hinge Loss is	
71577.51745339	
SGD: Validation Accuracy is:	
0.77857270613486	
SGD: Magnitude of W:	
21736.745093608	
SGD: Magnitude of b:	
0.69468165729171	
    Current index:	9501	
    Magnitude of W_grad:	2.308	
    Magnitude of W:	21726.134953063	
    Magnitude of B_grad:	0.004	
    Magnitude of b:	0.91702121748651	

	
    Current index:	19501	
    Magnitude of W_grad:	2.268	
    Magnitude of W:	21715.92328781	
    Magnitude of B_grad:	0	
    Magnitude of b:	1.028668595225	

	
    Current index:	29501	
    Magnitude of W_grad:	4.3279999999999	
    Magnitude of W:	21705.321280851	
    Magnitude of B_grad:	0.144	
    Magnitude of b:	0.18367283272799	

	
    Current index:	39501	
    Magnitude of W_grad:	2.644	
    Magnitude of W:	21695.003580802	
    Magnitude of B_grad:	0.028	
    Magnitude of b:	0.81946164068875	

	
    Current index:	49501	
    Magnitude of W_grad:	2.332	
    Magnitude of W:	21684.351308388	
    Magnitude of B_grad:	0.008	
    Magnitude of b:	0.64319856477445	

	
SGD: Hinge Loss is	
71072.385453196	
SGD: Validation Accuracy is:	
0.7787515650152	
SGD: Magnitude of W:	
21683.929540941	
SGD: Magnitude of b:	
0.70510528801498	
    Current index:	9501	
    Magnitude of W_grad:	2.332	
    Magnitude of W:	21673.363762024	
    Magnitude of B_grad:	0.004	
    Magnitude of b:	0.92260268232046	

	
    Current index:	19501	
    Magnitude of W_grad:	2.084	
    Magnitude of W:	21663.262529183	
    Magnitude of B_grad:	0.012	
    Magnitude of b:	1.0142506239071	

	
    Current index:	29501	
    Magnitude of W_grad:	4.8639999999999	
    Magnitude of W:	21652.880851464	
    Magnitude of B_grad:	0.196	
    Magnitude of b:	0.23008451861668	

	
    Current index:	39501	
    Magnitude of W_grad:	2.656	
    Magnitude of W:	21642.795267259	
    Magnitude of B_grad:	0.02	
    Magnitude of b:	0.78987856755604	

	
    Current index:	49501	
    Magnitude of W_grad:	2.512	
    Magnitude of W:	21632.253420998	
    Magnitude of B_grad:	0.024	
    Magnitude of b:	0.62162430629556	

	
SGD: Hinge Loss is	
70699.126376005	
SGD: Validation Accuracy is:	
0.77964585941692	
SGD: Magnitude of W:	
21631.816085384	
SGD: Magnitude of b:	
0.70210730964495	
    Current index:	9501	
    Magnitude of W_grad:	2.3	
    Magnitude of W:	21621.281322474	
    Magnitude of B_grad:	0.004	
    Magnitude of b:	0.88960701962153	

	
    Current index:	19501	
    Magnitude of W_grad:	2.124	
    Magnitude of W:	21611.188178074	
    Magnitude of B_grad:	0.028	
    Magnitude of b:	0.9932586148782	

	
    Current index:	29501	
    Magnitude of W_grad:	4.4359999999999	
    Magnitude of W:	21600.825741632	
    Magnitude of B_grad:	0.156	
    Magnitude of b:	0.2030758949721	

	
    Current index:	39501	
    Magnitude of W_grad:	2.464	
    Magnitude of W:	21590.687457141	
    Magnitude of B_grad:	0.004	
    Magnitude of b:	0.77487360308381	

	
    Current index:	49501	
    Magnitude of W_grad:	2.336	
    Magnitude of W:	21580.278332447	
    Magnitude of B_grad:	0.008	
    Magnitude of b:	0.61462331711661	

	
SGD: Hinge Loss is	
69952.17680651	
SGD: Validation Accuracy is:	
0.77982471829726	
SGD: Magnitude of W:	
21579.858654671	
SGD: Magnitude of b:	
0.68272255865827	
    Current index:	9501	
    Magnitude of W_grad:	2.308	
    Magnitude of W:	21569.424643263	
    Magnitude of B_grad:	0.004	
    Magnitude of b:	0.88499074352363	

	
    Current index:	19501	
    Magnitude of W_grad:	1.976	
    Magnitude of W:	21559.385962442	
    Magnitude of B_grad:	0.004	
    Magnitude of b:	1.0006434581024	

	
    Current index:	29501	
    Magnitude of W_grad:	5.1959999999999	
    Magnitude of W:	21549.06079202	
    Magnitude of B_grad:	0.24	
    Magnitude of b:	0.21968929790708	

	
    Current index:	39501	
    Magnitude of W_grad:	2.536	
    Magnitude of W:	21538.874496909	
    Magnitude of B_grad:	0.008	
    Magnitude of b:	0.76348970278528	

	
    Current index:	49501	
    Magnitude of W_grad:	2.244	
    Magnitude of W:	21528.566505513	
    Magnitude of B_grad:	0.016	
    Magnitude of b:	0.62724481464394	

	
SGD: Hinge Loss is	
68838.332762039	
SGD: Validation Accuracy is:	
0.77803612949383	
SGD: Magnitude of W:	
21528.138101842	
SGD: Magnitude of b:	
0.6643840530539	
    Current index:	9501	
    Magnitude of W_grad:	2.18	
    Magnitude of W:	21517.814225456	
    Magnitude of B_grad:	0.016	
    Magnitude of b:	0.87133284989269	

	
    Current index:	19501	
    Magnitude of W_grad:	2.192	
    Magnitude of W:	21507.867376614	
    Magnitude of B_grad:	0.028	
    Magnitude of b:	1.0109899584257	

	
    Current index:	29501	
    Magnitude of W_grad:	4.4399999999999	
    Magnitude of W:	21497.675624803	
    Magnitude of B_grad:	0.164	
    Magnitude of b:	0.19733864353332	

	
    Current index:	39501	
    Magnitude of W_grad:	2.424	
    Magnitude of W:	21487.682726006	
    Magnitude of B_grad:	0.008	
    Magnitude of b:	0.76513855180718	

	
    Current index:	49501	
    Magnitude of W_grad:	2.304	
    Magnitude of W:	21477.41030416	
    Magnitude of B_grad:	0.012	
    Magnitude of b:	0.59689412117599	

	
SGD: Hinge Loss is	
68449.143361992	
SGD: Validation Accuracy is:	
0.77964585941692	
SGD: Magnitude of W:	
21477.008280827	
SGD: Magnitude of b:	
0.66499371502566	
    Current index:	9501	
    Magnitude of W_grad:	2.264	
    Magnitude of W:	21466.603924168	
    Magnitude of B_grad:	0.016	
    Magnitude of b:	0.88272629108761	

	
    Current index:	19501	
    Magnitude of W_grad:	2.036	
    Magnitude of W:	21456.671724663	
    Magnitude of B_grad:	0.012	
    Magnitude of b:	0.97038300489614	

	
    Current index:	29501	
    Magnitude of W_grad:	4.2839999999999	
    Magnitude of W:	21446.479723158	
    Magnitude of B_grad:	0.148	
    Magnitude of b:	0.18994527645094	

	
    Current index:	39501	
    Magnitude of W_grad:	2.376	
    Magnitude of W:	21436.570297099	
    Magnitude of B_grad:	0.004	
    Magnitude of b:	0.7737458973612	

	
    Current index:	49501	
    Magnitude of W_grad:	2.132	
    Magnitude of W:	21426.479397496	
    Magnitude of B_grad:	0.008	
    Magnitude of b:	0.59750273540673	

	
SGD: Hinge Loss is	
67799.015430052	
SGD: Validation Accuracy is:	
0.77910928277589	
SGD: Magnitude of W:	
21426.044872963	
SGD: Magnitude of b:	
0.64702646576905	
    Current index:	9501	
    Magnitude of W_grad:	2.38	
    Magnitude of W:	21415.779763588	
    Magnitude of B_grad:	0.004	
    Magnitude of b:	0.8526953020187	

	
    Current index:	19501	
    Magnitude of W_grad:	2.084	
    Magnitude of W:	21405.92406932	
    Magnitude of B_grad:	0.012	
    Magnitude of b:	0.96435504792582	

	
    Current index:	29501	
    Magnitude of W_grad:	4.7999999999999	
    Magnitude of W:	21395.827609387	
    Magnitude of B_grad:	0.192	
    Magnitude of b:	0.20397012322576	

	
    Current index:	39501	
    Magnitude of W_grad:	2.444	
    Magnitude of W:	21386.024233172	
    Magnitude of B_grad:	0	
    Magnitude of b:	0.74777971463952	

	
    Current index:	49501	
    Magnitude of W_grad:	2.096	
    Magnitude of W:	21376.113670118	
    Magnitude of B_grad:	0.008	
    Magnitude of b:	0.59554345345789	

	
SGD: Hinge Loss is	
66086.464622344	
SGD: Validation Accuracy is:	
0.77767841173314	
SGD: Magnitude of W:	
21375.659218274	
SGD: Magnitude of b:	
0.60791551996796	
    Current index:	9501	
    Magnitude of W_grad:	2.212	
    Magnitude of W:	21365.491276472	
    Magnitude of B_grad:	0.02	
    Magnitude of b:	0.84780683976809	

	
    Current index:	19501	
    Magnitude of W_grad:	1.996	
    Magnitude of W:	21355.704718343	
    Magnitude of B_grad:	0.004	
    Magnitude of b:	0.955472819696	

	
    Current index:	29501	
    Magnitude of W_grad:	5.0239999999999	
    Magnitude of W:	21345.63410784	
    Magnitude of B_grad:	0.224	
    Magnitude of b:	0.19285120637147	

	
    Current index:	39501	
    Magnitude of W_grad:	2.536	
    Magnitude of W:	21335.807060215	
    Magnitude of B_grad:	0.012	
    Magnitude of b:	0.76866203730154	

	
    Current index:	49501	
    Magnitude of W_grad:	2.144	
    Magnitude of W:	21325.987084469	
    Magnitude of B_grad:	0.008	
    Magnitude of b:	0.58042375666396	

	
SGD: Hinge Loss is	
67036.392362058	
SGD: Validation Accuracy is:	
0.78018243605795	
SGD: Magnitude of W:	
21325.597191034	
SGD: Magnitude of b:	
0.64233172734221	
    Current index:	9501	
    Magnitude of W_grad:	2.348	
    Magnitude of W:	21315.589071173	
    Magnitude of B_grad:	0.016	
    Magnitude of b:	0.84939159247319	

	
    Current index:	19501	
    Magnitude of W_grad:	2.092	
    Magnitude of W:	21305.912196217	
    Magnitude of B_grad:	0.012	
    Magnitude of b:	0.94905479683595	

	
    Current index:	29501	
    Magnitude of W_grad:	4.0839999999999	
    Magnitude of W:	21296.015495657	
    Magnitude of B_grad:	0.148	
    Magnitude of b:	0.15526850674503	

	
    Current index:	39501	
    Magnitude of W_grad:	2.444	
    Magnitude of W:	21286.207825053	
    Magnitude of B_grad:	0	
    Magnitude of b:	0.73508099953111	

	
    Current index:	49501	
    Magnitude of W_grad:	2.116	
    Magnitude of W:	21276.373261569	
    Magnitude of B_grad:	0.004	
    Magnitude of b:	0.57884819475026	

	
SGD: Hinge Loss is	
66413.12339406	
SGD: Validation Accuracy is:	
0.78143444822035	
SGD: Magnitude of W:	
21275.974552404	
SGD: Magnitude of b:	
0.64075619673749	
    Current index:	9501	
    Magnitude of W_grad:	2.544	
    Magnitude of W:	21266.098812405	
    Magnitude of B_grad:	0.008	
    Magnitude of b:	0.83497166269385	

	
    Current index:	19501	
    Magnitude of W_grad:	2.096	
    Magnitude of W:	21256.373156884	
    Magnitude of B_grad:	0.008	
    Magnitude of b:	0.93863773593297	

	
    Current index:	29501	
    Magnitude of W_grad:	4.1639999999999	
    Magnitude of W:	21246.510010645	
    Magnitude of B_grad:	0.14	
    Magnitude of b:	0.16568254092281	

	
    Current index:	39501	
    Magnitude of W_grad:	2.484	
    Magnitude of W:	21236.837944347	
    Magnitude of B_grad:	0.024	
    Magnitude of b:	0.74549820727078	

	
    Current index:	49501	
    Magnitude of W_grad:	2.148	
    Magnitude of W:	21227.037053446	
    Magnitude of B_grad:	0.028	
    Magnitude of b:	0.58126778006143	

	
SGD: Hinge Loss is	
64507.571803374	
SGD: Validation Accuracy is:	
0.77910928277589	
SGD: Magnitude of W:	
21226.596661783	
SGD: Magnitude of b:	
0.587448179788	
    Current index:	9501	
    Magnitude of W_grad:	2.38	
    Magnitude of W:	21216.904377766	
    Magnitude of B_grad:	0.008	
    Magnitude of b:	0.82828082897549	

	
    Current index:	19501	
    Magnitude of W_grad:	1.964	
    Magnitude of W:	21207.308101933	
    Magnitude of B_grad:	0.028	
    Magnitude of b:	0.92394789205229	

	
    Current index:	29501	
    Magnitude of W_grad:	3.7399999999999	
    Magnitude of W:	21197.4529968	
    Magnitude of B_grad:	0.12	
    Magnitude of b:	0.14036996511192	

	
    Current index:	39501	
    Magnitude of W_grad:	2.504	
    Magnitude of W:	21187.825493297	
    Magnitude of B_grad:	0.004	
    Magnitude of b:	0.7241864707468	

	
    Current index:	49501	
    Magnitude of W_grad:	1.94	
    Magnitude of W:	21177.947565549	
    Magnitude of B_grad:	0.02	
    Magnitude of b:	0.54395640563336	

	
SGD: Hinge Loss is	
65113.389827429	
SGD: Validation Accuracy is:	
0.78143444822035	
SGD: Magnitude of W:	
21177.573402283	
SGD: Magnitude of b:	
0.61824900190608	
    Current index:	9501	
    Magnitude of W_grad:	2.184	
    Magnitude of W:	21167.780757533	
    Magnitude of B_grad:	0.02	
    Magnitude of b:	0.80948366293529	

	
    Current index:	19501	
    Magnitude of W_grad:	1.96	
    Magnitude of W:	21158.241423223	
    Magnitude of B_grad:	0.032	
    Magnitude of b:	0.90915541369029	

	
    Current index:	29501	
    Magnitude of W_grad:	5.1159999999999	
    Magnitude of W:	21148.40083695	
    Magnitude of B_grad:	0.26	
    Magnitude of b:	0.20315743997925	

	
    Current index:	39501	
    Magnitude of W_grad:	2.468	
    Magnitude of W:	21138.906265469	
    Magnitude of B_grad:	0.004	
    Magnitude of b:	0.71497196420832	

	
    Current index:	49501	
    Magnitude of W_grad:	1.956	
    Magnitude of W:	21129.202450334	
    Magnitude of B_grad:	0	
    Magnitude of b:	0.55074246089207	

	
SGD: Hinge Loss is	
65123.678419336	
SGD: Validation Accuracy is:	
0.78340189590413	
SGD: Magnitude of W:	
21128.826104005	
SGD: Magnitude of b:	
0.63122687277921	
    Current index:	9501	
    Magnitude of W_grad:	2.52	
    Magnitude of W:	21119.104997637	
    Magnitude of B_grad:	0.008	
    Magnitude of b:	0.81650713422154	

	
    Current index:	19501	
    Magnitude of W_grad:	1.96	
    Magnitude of W:	21109.54623262	
    Magnitude of B_grad:	0.032	
    Magnitude of b:	0.92417466341981	

	
    Current index:	29501	
    Magnitude of W_grad:	4.2519999999999	
    Magnitude of W:	21099.75792009	
    Magnitude of B_grad:	0.184	
    Magnitude of b:	0.16814129738412	

	
    Current index:	39501	
    Magnitude of W_grad:	2.46	
    Magnitude of W:	21090.207971479	
    Magnitude of B_grad:	0.012	
    Magnitude of b:	0.74395845018639	

	
    Current index:	49501	
    Magnitude of W_grad:	2.112	
    Magnitude of W:	21080.389225282	
    Magnitude of B_grad:	0.04	
    Magnitude of b:	0.52372656842232	

	
SGD: Hinge Loss is	
63804.163149109	
SGD: Validation Accuracy is:	
0.78232874262207	
SGD: Magnitude of W:	
21080.030695561	
SGD: Magnitude of b:	
0.61040346762366	
    Current index:	9501	
    Magnitude of W_grad:	2.4	
    Magnitude of W:	21070.560997562	
    Magnitude of B_grad:	0	
    Magnitude of b:	0.81333402675397	

	
    Current index:	19501	
    Magnitude of W_grad:	1.988	
    Magnitude of W:	21061.284903575	
    Magnitude of B_grad:	0.032	
    Magnitude of b:	0.90500575755259	

	
    Current index:	29501	
    Magnitude of W_grad:	4.6479999999999	
    Magnitude of W:	21051.596785579	
    Magnitude of B_grad:	0.232	
    Magnitude of b:	0.18730560647698	

	
    Current index:	39501	
    Magnitude of W_grad:	2.34	
    Magnitude of W:	21042.06020468	
    Magnitude of B_grad:	0.02	
    Magnitude of b:	0.72312642952046	

	
    Current index:	49501	
    Magnitude of W_grad:	1.964	
    Magnitude of W:	21032.398272296	
    Magnitude of B_grad:	0.004	
    Magnitude of b:	0.54689948771073	

	
SGD: Hinge Loss is	
61853.869642162	
SGD: Validation Accuracy is:	
0.77964585941692	
SGD: Magnitude of W:	
21031.949364522	
SGD: Magnitude of b:	
0.55308057039125	
    Current index:	9501	
    Magnitude of W_grad:	2.08	
    Magnitude of W:	21022.312445668	
    Magnitude of B_grad:	0.04	
    Magnitude of b:	0.79865663701483	

	
    Current index:	19501	
    Magnitude of W_grad:	2.036	
    Magnitude of W:	21012.937921626	
    Magnitude of B_grad:	0.004	
    Magnitude of b:	0.91433340518807	

	
    Current index:	29501	
    Magnitude of W_grad:	3.4839999999999	
    Magnitude of W:	21003.357743771	
    Magnitude of B_grad:	0.116	
    Magnitude of b:	0.13397085692017	

	
    Current index:	39501	
    Magnitude of W_grad:	2.444	
    Magnitude of W:	20993.939440672	
    Magnitude of B_grad:	0.028	
    Magnitude of b:	0.7297883954875	

	
    Current index:	49501	
    Magnitude of W_grad:	1.968	
    Magnitude of W:	20984.331220142	
    Magnitude of B_grad:	0.008	
    Magnitude of b:	0.52956317752396	

	
Done.	
Testing on validation set...	
Done	
Datafile:	/n/home09/ankitgupta/CS287/HW1/SST2-uni-sent.hdf5	Classifier:	hinge	Alpha:	0	Eta:	1	Lambda:	1	Minibatch size:	500	Num Epochs:	50	Minimum Sentence Length:	5	
Accuracy:	0.78000357717761	
