[?1034hDatafile:	/n/home09/ankitgupta/CS287/HW1/SST2-uni-syns.hdf5	Classifier:	hinge	Alpha:	0	Eta:	1	Lambda:	1	Minibatch size:	500	Num Epochs:	50	Minimum Sentence Length:	0	
Note that not all parameters may apply to all classifiers	
Loading datafiles...	
Number of training samples before removing small sentences	76961	
Number of training samples after removing small sentences	76961	
Done.	
Training classifier...	
Parameters are:	
Eta:	
1	
Lambda:	
1	
Minibatch size:	
500	
Number of Epochs	
50	
SGD: Hinge Loss is	
356727.51129235	
SGD: Validation Accuracy is:	
0.4899948024948	
SGD: Magnitude of W:	
73020.166581209	
SGD: Magnitude of b:	
0.91165292133145	
    Current index:	9501	
    Magnitude of W_grad:	22.168	
    Magnitude of W:	72970.909190286	
    Magnitude of B_grad:	0.08	
    Magnitude of b:	3.3348761464098	

	
    Current index:	19501	
    Magnitude of W_grad:	35.044	
    Magnitude of W:	72926.336310227	
    Magnitude of B_grad:	0.1	
    Magnitude of b:	2.370066761064	

	
    Current index:	29501	
    Magnitude of W_grad:	22.384	
    Magnitude of W:	72886.430139035	
    Magnitude of B_grad:	0.024	
    Magnitude of b:	2.7133301215725	

	
    Current index:	39501	
    Magnitude of W_grad:	19.416	
    Magnitude of W:	72841.064952529	
    Magnitude of B_grad:	0.1	
    Magnitude of b:	2.2046397227237	

	
    Current index:	49501	
    Magnitude of W_grad:	29.008	
    Magnitude of W:	72793.257337604	
    Magnitude of B_grad:	0.256	
    Magnitude of b:	1.5031689692269	

	
    Current index:	59501	
    Magnitude of W_grad:	23.535999999999	
    Magnitude of W:	72749.468361315	
    Magnitude of B_grad:	0.044	
    Magnitude of b:	1.8585798922532	

	
SGD: Hinge Loss is	
338118.16412426	
SGD: Validation Accuracy is:	
0.69789501039501	
SGD: Magnitude of W:	
72708.783324442	
SGD: Magnitude of b:	
1.6652064240376	
    Current index:	9501	
    Magnitude of W_grad:	18.032	
    Magnitude of W:	72668.447004507	
    Magnitude of B_grad:	0.012	
    Magnitude of b:	2.4663549460536	

	
    Current index:	19501	
    Magnitude of W_grad:	24.904	
    Magnitude of W:	72630.935428597	
    Magnitude of B_grad:	0.064	
    Magnitude of b:	1.8616931245401	

	
    Current index:	29501	
    Magnitude of W_grad:	18.528	
    Magnitude of W:	72595.975058787	
    Magnitude of B_grad:	0.052	
    Magnitude of b:	2.2930625495445	

	
    Current index:	39501	
    Magnitude of W_grad:	18.544	
    Magnitude of W:	72557.104815623	
    Magnitude of B_grad:	0.124	
    Magnitude of b:	1.9124644406944	

	
    Current index:	49501	
    Magnitude of W_grad:	25.792	
    Magnitude of W:	72516.238529184	
    Magnitude of B_grad:	0.252	
    Magnitude of b:	1.1034066240048	

	
    Current index:	59501	
    Magnitude of W_grad:	19.424	
    Magnitude of W:	72478.270779044	
    Magnitude of B_grad:	0.044	
    Magnitude of b:	1.6149121740887	

	
SGD: Hinge Loss is	
284204.62768798	
SGD: Validation Accuracy is:	
0.71283783783784	
SGD: Magnitude of W:	
72442.488075305	
SGD: Magnitude of b:	
1.3555306700532	
    Current index:	9501	
    Magnitude of W_grad:	18.064	
    Magnitude of W:	72405.705090315	
    Magnitude of B_grad:	0.044	
    Magnitude of b:	2.2040914260711	

	
    Current index:	19501	
    Magnitude of W_grad:	18.284	
    Magnitude of W:	72371.199339799	
    Magnitude of B_grad:	0.012	
    Magnitude of b:	1.5675217202047	

	
    Current index:	29501	
    Magnitude of W_grad:	13.776	
    Magnitude of W:	72339.517965165	
    Magnitude of B_grad:	0.068	
    Magnitude of b:	2.054965739537	

	
    Current index:	39501	
    Magnitude of W_grad:	19.004	
    Magnitude of W:	72304.285585093	
    Magnitude of B_grad:	0.112	
    Magnitude of b:	1.7024295576242	

	
    Current index:	49501	
    Magnitude of W_grad:	22.096	
    Magnitude of W:	72267.003055272	
    Magnitude of B_grad:	0.264	
    Magnitude of b:	0.95746170885796	

	
    Current index:	59501	
    Magnitude of W_grad:	18.22	
    Magnitude of W:	72231.913404649	
    Magnitude of B_grad:	0.004	
    Magnitude of b:	1.3450305864938	

	
SGD: Hinge Loss is	
252903.46275299	
SGD: Validation Accuracy is:	
0.72739085239085	
SGD: Magnitude of W:	
72198.101346912	
SGD: Magnitude of b:	
1.2355809314328	
    Current index:	9501	
    Magnitude of W_grad:	17.432	
    Magnitude of W:	72164.453669483	
    Magnitude of B_grad:	0.032	
    Magnitude of b:	1.9560906082655	

	
    Current index:	19501	
    Magnitude of W_grad:	18.868	
    Magnitude of W:	72131.918209077	
    Magnitude of B_grad:	0.028	
    Magnitude of b:	1.4275726387293	

	
    Current index:	29501	
    Magnitude of W_grad:	13.624	
    Magnitude of W:	72102.329278494	
    Magnitude of B_grad:	0.056	
    Magnitude of b:	1.8190695362686	

	
    Current index:	39501	
    Magnitude of W_grad:	19.168	
    Magnitude of W:	72069.633347855	
    Magnitude of B_grad:	0.112	
    Magnitude of b:	1.5265956279996	

	
    Current index:	49501	
    Magnitude of W_grad:	20.9	
    Magnitude of W:	72035.198703152	
    Magnitude of B_grad:	0.268	
    Magnitude of b:	0.86005094741063	

	
    Current index:	59501	
    Magnitude of W_grad:	18.82	
    Magnitude of W:	72002.616879999	
    Magnitude of B_grad:	0.024	
    Magnitude of b:	1.2249175008751	

	
SGD: Hinge Loss is	
225624.30486684	
SGD: Validation Accuracy is:	
0.73726611226611	
SGD: Magnitude of W:	
71970.518294491	
SGD: Magnitude of b:	
1.0304714686426	
    Current index:	9501	
    Magnitude of W_grad:	18.596	
    Magnitude of W:	71938.623990607	
    Magnitude of B_grad:	0.076	
    Magnitude of b:	1.8412198467516	

	
    Current index:	19501	
    Magnitude of W_grad:	16.964	
    Magnitude of W:	71907.832074839	
    Magnitude of B_grad:	0.012	
    Magnitude of b:	1.2567456084836	

	
    Current index:	29501	
    Magnitude of W_grad:	12.276	
    Magnitude of W:	71879.1837349	
    Magnitude of B_grad:	0.044	
    Magnitude of b:	1.6762933267979	

	
    Current index:	39501	
    Magnitude of W_grad:	19.272	
    Magnitude of W:	71847.573413079	
    Magnitude of B_grad:	0.076	
    Magnitude of b:	1.4278527860549	

	
    Current index:	49501	
    Magnitude of W_grad:	20.376	
    Magnitude of W:	71814.9652802	
    Magnitude of B_grad:	0.264	
    Magnitude of b:	0.85832670294392	

	
    Current index:	59501	
    Magnitude of W_grad:	16.548	
    Magnitude of W:	71783.682258383	
    Magnitude of B_grad:	0.004	
    Magnitude of b:	1.0837112997727	

	
SGD: Hinge Loss is	
212932.96525801	
SGD: Validation Accuracy is:	
0.74974012474012	
SGD: Magnitude of W:	
71752.298980543	
SGD: Magnitude of b:	
0.93244864054046	
    Current index:	9501	
    Magnitude of W_grad:	18.356	
    Magnitude of W:	71722.433160397	
    Magnitude of B_grad:	0.104	
    Magnitude of b:	1.7272697507848	

	
    Current index:	19501	
    Magnitude of W_grad:	16.124	
    Magnitude of W:	71693.158941984	
    Magnitude of B_grad:	0.004	
    Magnitude of b:	1.154820327129	

	
    Current index:	29501	
    Magnitude of W_grad:	11.976	
    Magnitude of W:	71665.192556744	
    Magnitude of B_grad:	0.036	
    Magnitude of b:	1.5424003019809	

	
    Current index:	39501	
    Magnitude of W_grad:	19.188	
    Magnitude of W:	71635.053290921	
    Magnitude of B_grad:	0.064	
    Magnitude of b:	1.3219868691877	

	
    Current index:	49501	
    Magnitude of W_grad:	22.092	
    Magnitude of W:	71603.200478875	
    Magnitude of B_grad:	0.288	
    Magnitude of b:	0.85660591527123	

	
    Current index:	59501	
    Magnitude of W_grad:	17.844	
    Magnitude of W:	71573.175917496	
    Magnitude of B_grad:	0.024	
    Magnitude of b:	1.0575863607057	

	
SGD: Hinge Loss is	
196100.24191566	
SGD: Validation Accuracy is:	
0.74714137214137	
SGD: Magnitude of W:	
71542.938536652	
SGD: Magnitude of b:	
0.87645306052812	
    Current index:	9501	
    Magnitude of W_grad:	16.8	
    Magnitude of W:	71514.567180644	
    Magnitude of B_grad:	0.08	
    Magnitude of b:	1.5912856001584	

	
    Current index:	19501	
    Magnitude of W_grad:	15	
    Magnitude of W:	71485.78010656	
    Magnitude of B_grad:	0.004	
    Magnitude of b:	1.1428595568868	

	
    Current index:	29501	
    Magnitude of W_grad:	11.832	
    Magnitude of W:	71458.641997419	
    Magnitude of B_grad:	0.028	
    Magnitude of b:	1.4824615205359	

	
    Current index:	39501	
    Magnitude of W_grad:	15.4	
    Magnitude of W:	71429.432077165	
    Magnitude of B_grad:	0.02	
    Magnitude of b:	1.3060656811347	

	
    Current index:	49501	
    Magnitude of W_grad:	22.308	
    Magnitude of W:	71398.462487582	
    Magnitude of B_grad:	0.296	
    Magnitude of b:	0.85488857746234	

	
    Current index:	59501	
    Magnitude of W_grad:	14.256	
    Magnitude of W:	71369.456023178	
    Magnitude of B_grad:	0.024	
    Magnitude of b:	0.96154304495141	

	
SGD: Hinge Loss is	
188242.90745686	
SGD: Validation Accuracy is:	
0.75116943866944	
SGD: Magnitude of W:	
71340.47522383	
SGD: Magnitude of b:	
0.85440735329998	
    Current index:	9501	
    Magnitude of W_grad:	17.612	
    Magnitude of W:	71312.665195866	
    Magnitude of B_grad:	0.1	
    Magnitude of b:	1.5464658765359	

	
    Current index:	19501	
    Magnitude of W_grad:	14.272	
    Magnitude of W:	71284.773758291	
    Magnitude of B_grad:	0	
    Magnitude of b:	1.0980528307301	

	
    Current index:	29501	
    Magnitude of W_grad:	10.928	
    Magnitude of W:	71258.034447733	
    Magnitude of B_grad:	0.028	
    Magnitude of b:	1.4096790480889	

	
    Current index:	39501	
    Magnitude of W_grad:	15.548	
    Magnitude of W:	71229.603371073	
    Magnitude of B_grad:	0.016	
    Magnitude of b:	1.2533022584686	

	
    Current index:	49501	
    Magnitude of W_grad:	21.88	
    Magnitude of W:	71199.89935777	
    Magnitude of B_grad:	0.288	
    Magnitude of b:	0.8531746826009	

	
    Current index:	59501	
    Magnitude of W_grad:	13.708	
    Magnitude of W:	71171.523728906	
    Magnitude of B_grad:	0.028	
    Magnitude of b:	0.91433027812228	

	
SGD: Hinge Loss is	
176896.41701541	
SGD: Validation Accuracy is:	
0.74714137214137	
SGD: Magnitude of W:	
71143.441530047	
SGD: Magnitude of b:	
0.85269442320475	
    Current index:	9501	
    Magnitude of W_grad:	16.98	
    Magnitude of W:	71116.761279771	
    Magnitude of B_grad:	0.092	
    Magnitude of b:	1.4679777053422	

	
    Current index:	19501	
    Magnitude of W_grad:	12.616	
    Magnitude of W:	71089.280826614	
    Magnitude of B_grad:	0.008	
    Magnitude of b:	1.0955846057735	

	
    Current index:	29501	
    Magnitude of W_grad:	10.932	
    Magnitude of W:	71063.370719564	
    Magnitude of B_grad:	0.028	
    Magnitude of b:	1.3512249899113	

	
    Current index:	39501	
    Magnitude of W_grad:	15.42	
    Magnitude of W:	71035.925606283	
    Magnitude of B_grad:	0.032	
    Magnitude of b:	1.2228574542175	

	
    Current index:	49501	
    Magnitude of W_grad:	23.216	
    Magnitude of W:	71006.480444521	
    Magnitude of B_grad:	0.324	
    Magnitude of b:	0.85146422378442	

	
    Current index:	59501	
    Magnitude of W_grad:	14.676	
    Magnitude of W:	70979.122733494	
    Magnitude of B_grad:	0.016	
    Magnitude of b:	0.85121839696237	

	
SGD: Hinge Loss is	
171207.40957508	
SGD: Validation Accuracy is:	
0.74935031185031	
SGD: Magnitude of W:	
70951.6668112	
SGD: Magnitude of b:	
0.85098492722031	
    Current index:	9501	
    Magnitude of W_grad:	17.16	
    Magnitude of W:	70925.668598605	
    Magnitude of B_grad:	0.096	
    Magnitude of b:	1.429065975478	

	
    Current index:	19501	
    Magnitude of W_grad:	11.788	
    Magnitude of W:	70898.401211582	
    Magnitude of B_grad:	0.032	
    Magnitude of b:	1.0646827243927	

	
    Current index:	29501	
    Magnitude of W_grad:	10.128	
    Magnitude of W:	70873.335863153	
    Magnitude of B_grad:	0.028	
    Magnitude of b:	1.3163345132064	

	
    Current index:	39501	
    Magnitude of W_grad:	15.692	
    Magnitude of W:	70846.550656396	
    Magnitude of B_grad:	0.052	
    Magnitude of b:	1.1879733552451	

	
    Current index:	49501	
    Magnitude of W_grad:	22.44	
    Magnitude of W:	70818.644421857	
    Magnitude of B_grad:	0.292	
    Magnitude of b:	0.84975719412428	

	
    Current index:	59501	
    Magnitude of W_grad:	13.376	
    Magnitude of W:	70791.862236286	
    Magnitude of B_grad:	0.036	
    Magnitude of b:	0.84951186013993	

	
SGD: Hinge Loss is	
166753.92413196	
SGD: Validation Accuracy is:	
0.75259875259875	
SGD: Magnitude of W:	
70764.797753998	
SGD: Magnitude of b:	
0.8492788584619	
    Current index:	9501	
    Magnitude of W_grad:	15.976	
    Magnitude of W:	70739.255048102	
    Magnitude of B_grad:	0.072	
    Magnitude of b:	1.3905892574171	

	
    Current index:	19501	
    Magnitude of W_grad:	11.596	
    Magnitude of W:	70712.180549253	
    Magnitude of B_grad:	0.016	
    Magnitude of b:	1.0422183272443	

	
    Current index:	29501	
    Magnitude of W_grad:	10.336	
    Magnitude of W:	70687.610222645	
    Magnitude of B_grad:	0.024	
    Magnitude of b:	1.2978735990849	

	
    Current index:	39501	
    Magnitude of W_grad:	14.644	
    Magnitude of W:	70661.725636784	
    Magnitude of B_grad:	0.028	
    Magnitude of b:	1.1735231989304	

	
    Current index:	49501	
    Magnitude of W_grad:	21.768	
    Magnitude of W:	70634.581768262	
    Magnitude of B_grad:	0.304	
    Magnitude of b:	0.84805358674563	

	
    Current index:	59501	
    Magnitude of W_grad:	14.088	
    Magnitude of W:	70608.176254689	
    Magnitude of B_grad:	0.008	
    Magnitude of b:	0.84780874461094	

	
SGD: Hinge Loss is	
164503.58105335	
SGD: Validation Accuracy is:	
0.75922557172557	
SGD: Magnitude of W:	
70582.16049855	
SGD: Magnitude of b:	
0.84957600794211	
    Current index:	9501	
    Magnitude of W_grad:	15.852	
    Magnitude of W:	70557.21064264	
    Magnitude of B_grad:	0.084	
    Magnitude of b:	1.3518061446746	

	
    Current index:	19501	
    Magnitude of W_grad:	11.06	
    Magnitude of W:	70530.435701796	
    Magnitude of B_grad:	0.008	
    Magnitude of b:	0.99544242716211	

	
    Current index:	29501	
    Magnitude of W_grad:	10.008	
    Magnitude of W:	70506.050901381	
    Magnitude of B_grad:	0.036	
    Magnitude of b:	1.2551123006711	

	
    Current index:	39501	
    Magnitude of W_grad:	15.6	
    Magnitude of W:	70480.604813422	
    Magnitude of B_grad:	0.052	
    Magnitude of b:	1.1187765559385	

	
    Current index:	49501	
    Magnitude of W_grad:	22.88	
    Magnitude of W:	70454.166497434	
    Magnitude of B_grad:	0.34	
    Magnitude of b:	0.8483503075223	

	
    Current index:	59501	
    Magnitude of W_grad:	13.924	
    Magnitude of W:	70428.138835918	
    Magnitude of B_grad:	0.016	
    Magnitude of b:	0.84810537972115	

	
SGD: Hinge Loss is	
159481.29881681	
SGD: Validation Accuracy is:	
0.76247401247401	
SGD: Magnitude of W:	
70402.036843937	
SGD: Magnitude of b:	
0.8498725616921	
    Current index:	9501	
    Magnitude of W_grad:	15.216	
    Magnitude of W:	70377.622894061	
    Magnitude of B_grad:	0.064	
    Magnitude of b:	1.3073676572445	

	
    Current index:	19501	
    Magnitude of W_grad:	9.8359999999998	
    Magnitude of W:	70351.2068599	
    Magnitude of B_grad:	0.036	
    Magnitude of b:	0.97901619161506	

	
    Current index:	29501	
    Magnitude of W_grad:	10.028	
    Magnitude of W:	70327.310633182	
    Magnitude of B_grad:	0.036	
    Magnitude of b:	1.2386871120728	

	
    Current index:	39501	
    Magnitude of W_grad:	15.704	
    Magnitude of W:	70302.057357301	
    Magnitude of B_grad:	0.016	
    Magnitude of b:	1.110361363971	

	
    Current index:	49501	
    Magnitude of W_grad:	19.896	
    Magnitude of W:	70276.092067487	
    Magnitude of B_grad:	0.296	
    Magnitude of b:	0.84864643342821	

	
    Current index:	59501	
    Magnitude of W_grad:	13.748	
    Magnitude of W:	70250.598298156	
    Magnitude of B_grad:	0.004	
    Magnitude of b:	0.84840142013235	

	
SGD: Hinge Loss is	
153408.03979826	
SGD: Validation Accuracy is:	
0.76091476091476	
SGD: Magnitude of W:	
70224.899308571	
SGD: Magnitude of b:	
0.85016852090618	
    Current index:	9501	
    Magnitude of W_grad:	15.592	
    Magnitude of W:	70201.253232697	
    Magnitude of B_grad:	0.08	
    Magnitude of b:	1.3047933832908	

	
    Current index:	19501	
    Magnitude of W_grad:	10.016	
    Magnitude of W:	70175.448420748	
    Magnitude of B_grad:	0.008	
    Magnitude of b:	0.98044797363937	

	
    Current index:	29501	
    Magnitude of W_grad:	9.4599999999998	
    Magnitude of W:	70151.7923655	
    Magnitude of B_grad:	0.024	
    Magnitude of b:	1.2201274310824	

	
    Current index:	39501	
    Magnitude of W_grad:	15.528	
    Magnitude of W:	70127.045224158	
    Magnitude of B_grad:	0.008	
    Magnitude of b:	1.0998066951528	

	
    Current index:	49501	
    Magnitude of W_grad:	19.868	
    Magnitude of W:	70101.544521807	
    Magnitude of B_grad:	0.304	
    Magnitude of b:	0.84894196565598	

	
    Current index:	59501	
    Magnitude of W_grad:	13.164	
    Magnitude of W:	70076.00297072	
    Magnitude of B_grad:	0.02	
    Magnitude of b:	0.8486968670368	

	
SGD: Hinge Loss is	
152026.24705454	
SGD: Validation Accuracy is:	
0.76481288981289	
SGD: Magnitude of W:	
70050.745877086	
SGD: Magnitude of b:	
0.84846408889275	
    Current index:	9501	
    Magnitude of W_grad:	15.24	
    Magnitude of W:	70027.369268371	
    Magnitude of B_grad:	0.064	
    Magnitude of b:	1.2810763347327	

	
    Current index:	19501	
    Magnitude of W_grad:	6.8399999999997	
    Magnitude of W:	70001.789153759	
    Magnitude of B_grad:	0.028	
    Magnitude of b:	0.98473436540347	

	
    Current index:	29501	
    Magnitude of W_grad:	9.5879999999998	
    Magnitude of W:	69978.433854881	
    Magnitude of B_grad:	0.008	
    Magnitude of b:	1.1964211890234	

	
    Current index:	39501	
    Magnitude of W_grad:	14.016	
    Magnitude of W:	69953.658869351	
    Magnitude of B_grad:	0.028	
    Magnitude of b:	1.0601099533241	

	
    Current index:	49501	
    Magnitude of W_grad:	22.092	
    Magnitude of W:	69929.130032862	
    Magnitude of B_grad:	0.332	
    Magnitude of b:	0.84723999266095	

	
    Current index:	59501	
    Magnitude of W_grad:	13.156	
    Magnitude of W:	69904.028572394	
    Magnitude of B_grad:	0.004	
    Magnitude of b:	0.84699538541957	

	
SGD: Hinge Loss is	
149352.90142452	
SGD: Validation Accuracy is:	
0.76533264033264	
SGD: Magnitude of W:	
69879.00073202	
SGD: Magnitude of b:	
0.84676307395301	
    Current index:	9501	
    Magnitude of W_grad:	14.184	
    Magnitude of W:	69855.981940039	
    Magnitude of B_grad:	0.048	
    Magnitude of b:	1.1960923483401	

	
    Current index:	19501	
    Magnitude of W_grad:	8.4999999999997	
    Magnitude of W:	69830.931662699	
    Magnitude of B_grad:	0.024	
    Magnitude of b:	0.92776151861178	

	
    Current index:	29501	
    Magnitude of W_grad:	9.3359999999997	
    Magnitude of W:	69808.030354101	
    Magnitude of B_grad:	0.012	
    Magnitude of b:	1.2034512792254	

	
    Current index:	39501	
    Magnitude of W_grad:	12.516	
    Magnitude of W:	69783.491005955	
    Magnitude of B_grad:	0.004	
    Magnitude of b:	1.0671421137304	

	
    Current index:	49501	
    Magnitude of W_grad:	20.9	
    Magnitude of W:	69759.054338065	
    Magnitude of B_grad:	0.304	
    Magnitude of b:	0.84554143180973	

	
    Current index:	59501	
    Magnitude of W_grad:	12.452	
    Magnitude of W:	69734.926810312	
    Magnitude of B_grad:	0.004	
    Magnitude of b:	0.84529731496102	

	
SGD: Hinge Loss is	
149570.65867174	
SGD: Validation Accuracy is:	
0.77390852390852	
SGD: Magnitude of W:	
69710.291285566	
SGD: Magnitude of b:	
0.84506546923637	
    Current index:	9501	
    Magnitude of W_grad:	14.208	
    Magnitude of W:	69687.541821043	
    Magnitude of B_grad:	0.024	
    Magnitude of b:	1.1949289558698	

	
    Current index:	19501	
    Magnitude of W_grad:	9.1119999999998	
    Magnitude of W:	69662.871177772	
    Magnitude of B_grad:	0.064	
    Magnitude of b:	0.91060585278964	

	
    Current index:	29501	
    Magnitude of W_grad:	8.6519999999997	
    Magnitude of W:	69639.988929232	
    Magnitude of B_grad:	0.016	
    Magnitude of b:	1.1623063405853	

	
    Current index:	39501	
    Magnitude of W_grad:	12.428	
    Magnitude of W:	69616.160835735	
    Magnitude of B_grad:	0.024	
    Magnitude of b:	1.0579988334091	

	
    Current index:	49501	
    Magnitude of W_grad:	20.48	
    Magnitude of W:	69592.149562367	
    Magnitude of B_grad:	0.328	
    Magnitude of b:	0.8438462762616	

	
    Current index:	59501	
    Magnitude of W_grad:	13.684	
    Magnitude of W:	69568.021142775	
    Magnitude of B_grad:	0.012	
    Magnitude of b:	0.84360264882241	

	
SGD: Hinge Loss is	
147365.63192959	
SGD: Validation Accuracy is:	
0.77442827442827	
SGD: Magnitude of W:	
69544.138437762	
SGD: Magnitude of b:	
0.84337126790593	
    Current index:	9501	
    Magnitude of W_grad:	14.168	
    Magnitude of W:	69521.837670729	
    Magnitude of B_grad:	0.036	
    Magnitude of b:	1.1777707068378	

	
    Current index:	19501	
    Magnitude of W_grad:	7.1879999999997	
    Magnitude of W:	69497.289710516	
    Magnitude of B_grad:	0.008	
    Magnitude of b:	0.9654466098319	

	
    Current index:	29501	
    Magnitude of W_grad:	9.1439999999997	
    Magnitude of W:	69474.430083964	
    Magnitude of B_grad:	0.024	
    Magnitude of b:	1.1531469130372	

	
    Current index:	39501	
    Magnitude of W_grad:	11.792	
    Magnitude of W:	69450.874310652	
    Magnitude of B_grad:	0.032	
    Magnitude of b:	1.0408426277504	

	
    Current index:	49501	
    Magnitude of W_grad:	18.708	
    Magnitude of W:	69427.095779241	
    Magnitude of B_grad:	0.304	
    Magnitude of b:	0.84215451918955	

	
    Current index:	59501	
    Magnitude of W_grad:	12.552	
    Magnitude of W:	69402.915384306	
    Magnitude of B_grad:	0.004	
    Magnitude of b:	0.84191138017872	

	
SGD: Hinge Loss is	
142641.95322087	
SGD: Validation Accuracy is:	
0.76858108108108	
SGD: Magnitude of W:	
69379.255758707	
SGD: Magnitude of b:	
0.84168046313855	
    Current index:	9501	
    Magnitude of W_grad:	13.84	
    Magnitude of W:	69357.166591656	
    Magnitude of B_grad:	0.04	
    Magnitude of b:	1.1784837946475	

	
    Current index:	19501	
    Magnitude of W_grad:	8.0399999999997	
    Magnitude of W:	69332.860574965	
    Magnitude of B_grad:	0.024	
    Magnitude of b:	0.93816405341641	

	
    Current index:	29501	
    Magnitude of W_grad:	9.1319999999997	
    Magnitude of W:	69309.743198332	
    Magnitude of B_grad:	0.016	
    Magnitude of b:	1.1338738503706	

	
    Current index:	39501	
    Magnitude of W_grad:	12.876	
    Magnitude of W:	69286.646637952	
    Magnitude of B_grad:	0.016	
    Magnitude of b:	1.0135772084192	

	
    Current index:	49501	
    Magnitude of W_grad:	18.936	
    Magnitude of W:	69263.409599329	
    Magnitude of B_grad:	0.288	
    Magnitude of b:	0.84046615378027	

	
    Current index:	59501	
    Magnitude of W_grad:	12.376	
    Magnitude of W:	69239.79623055	
    Magnitude of B_grad:	0.02	
    Magnitude of b:	0.84022350221857	

	
SGD: Hinge Loss is	
141751.16358175	
SGD: Validation Accuracy is:	
0.77079002079002	
SGD: Magnitude of W:	
69217.094415534	
SGD: Magnitude of b:	
0.83999304812473	
    Current index:	9501	
    Magnitude of W_grad:	13.816	
    Magnitude of W:	69195.195651442	
    Magnitude of B_grad:	0.02	
    Magnitude of b:	1.122788513524	

	
    Current index:	19501	
    Magnitude of W_grad:	7.6519999999997	
    Magnitude of W:	69171.128825152	
    Magnitude of B_grad:	0.016	
    Magnitude of b:	0.93448098344564	

	
    Current index:	29501	
    Magnitude of W_grad:	8.8679999999997	
    Magnitude of W:	69148.616495036	
    Magnitude of B_grad:	0.02	
    Magnitude of b:	1.0981969252372	

	
    Current index:	39501	
    Magnitude of W_grad:	11.92	
    Magnitude of W:	69125.446678528	
    Magnitude of B_grad:	0.028	
    Magnitude of b:	1.0219000739086	

	
    Current index:	49501	
    Magnitude of W_grad:	18.224	
    Magnitude of W:	69102.121900335	
    Magnitude of B_grad:	0.296	
    Magnitude of b:	0.83878117323408	

	
    Current index:	59501	
    Magnitude of W_grad:	13.312	
    Magnitude of W:	69078.526356639	
    Magnitude of B_grad:	0.056	
    Magnitude of b:	0.83853900814428	

	
SGD: Hinge Loss is	
140695.46757118	
SGD: Validation Accuracy is:	
0.77403846153846	
SGD: Magnitude of W:	
69055.570619096	
SGD: Magnitude of b:	
0.83830901606865	
    Current index:	9501	
    Magnitude of W_grad:	13.808	
    Magnitude of W:	69033.984334469	
    Magnitude of B_grad:	0.032	
    Magnitude of b:	1.1607814639514	

	
    Current index:	19501	
    Magnitude of W_grad:	7.0879999999997	
    Magnitude of W:	69010.642186592	
    Magnitude of B_grad:	0.004	
    Magnitude of b:	0.8924764189565	

	
    Current index:	29501	
    Magnitude of W_grad:	9.0239999999997	
    Magnitude of W:	68987.86052386	
    Magnitude of B_grad:	0	
    Magnitude of b:	1.1001953644828	

	
    Current index:	39501	
    Magnitude of W_grad:	11.744	
    Magnitude of W:	68964.856583004	
    Magnitude of B_grad:	0.024	
    Magnitude of b:	1.0239011122857	

	
    Current index:	49501	
    Magnitude of W_grad:	17.012	
    Magnitude of W:	68942.164654777	
    Magnitude of B_grad:	0.248	
    Magnitude of b:	0.83709957076496	

	
    Current index:	59501	
    Magnitude of W_grad:	11.972	
    Magnitude of W:	68918.741864642	
    Magnitude of B_grad:	0.012	
    Magnitude of b:	0.83685789117176	

	
SGD: Hinge Loss is	
136925.6300452	
SGD: Validation Accuracy is:	
0.76897089397089	
SGD: Magnitude of W:	
68896.060327356	
SGD: Magnitude of b:	
0.83662836018808	
    Current index:	9501	
    Magnitude of W_grad:	13.032	
    Magnitude of W:	68874.536443489	
    Magnitude of B_grad:	0.016	
    Magnitude of b:	1.1147665443858	

	
    Current index:	19501	
    Magnitude of W_grad:	6.7519999999997	
    Magnitude of W:	68851.228553707	
    Magnitude of B_grad:	0.016	
    Magnitude of b:	0.8624686637726	

	
    Current index:	29501	
    Magnitude of W_grad:	8.7759999999997	
    Magnitude of W:	68828.399312368	
    Magnitude of B_grad:	0.012	
    Magnitude of b:	1.0901925772467	

	
    Current index:	39501	
    Magnitude of W_grad:	12.084	
    Magnitude of W:	68805.439602449	
    Magnitude of B_grad:	0.016	
    Magnitude of b:	1.0019008665175	

	
    Current index:	49501	
    Magnitude of W_grad:	15.612	
    Magnitude of W:	68783.208690411	
    Magnitude of B_grad:	0.24	
    Magnitude of b:	0.83542133960048	

	
    Current index:	59501	
    Magnitude of W_grad:	12.14	
    Magnitude of W:	68759.839846289	
    Magnitude of B_grad:	0.048	
    Magnitude of b:	0.83518014453056	

	
SGD: Hinge Loss is	
134113.98070821	
SGD: Validation Accuracy is:	
0.76858108108108	
SGD: Magnitude of W:	
68737.766650553	
SGD: Magnitude of b:	
0.83495107371442	
    Current index:	9501	
    Magnitude of W_grad:	12.824	
    Magnitude of W:	68716.38051024	
    Magnitude of B_grad:	0.004	
    Magnitude of b:	1.0910674226463	

	
    Current index:	19501	
    Magnitude of W_grad:	6.8039999999997	
    Magnitude of W:	68693.061874275	
    Magnitude of B_grad:	0	
    Magnitude of b:	0.88277424753407	

	
    Current index:	29501	
    Magnitude of W_grad:	8.8359999999997	
    Magnitude of W:	68670.813376207	
    Magnitude of B_grad:	0	
    Magnitude of b:	1.0745062724573	

	
    Current index:	39501	
    Magnitude of W_grad:	11.352	
    Magnitude of W:	68648.110381096	
    Magnitude of B_grad:	0.008	
    Magnitude of b:	0.99421683846072	

	
    Current index:	49501	
    Magnitude of W_grad:	14.244	
    Magnitude of W:	68625.139310798	
    Magnitude of B_grad:	0.184	
    Magnitude of b:	0.8337464729818	

	
    Current index:	59501	
    Magnitude of W_grad:	11.1	
    Magnitude of W:	68602.139307049	
    Magnitude of B_grad:	0.032	
    Magnitude of b:	0.83350576146378	

	
SGD: Hinge Loss is	
135058.69951061	
SGD: Validation Accuracy is:	
0.77403846153846	
SGD: Magnitude of W:	
68579.63074884	
SGD: Magnitude of b:	
0.83327714989262	
    Current index:	9501	
    Magnitude of W_grad:	12.712	
    Magnitude of W:	68558.54345903	
    Magnitude of B_grad:	0	
    Magnitude of b:	1.085919446307	

	
    Current index:	19501	
    Magnitude of W_grad:	7.2159999999997	
    Magnitude of W:	68535.382909566	
    Magnitude of B_grad:	0.012	
    Magnitude of b:	0.84563151090336	

	
    Current index:	29501	
    Magnitude of W_grad:	8.7039999999997	
    Magnitude of W:	68513.392616438	
    Magnitude of B_grad:	0	
    Magnitude of b:	1.0493657134436	

	
    Current index:	39501	
    Magnitude of W_grad:	11.508	
    Magnitude of W:	68490.554534104	
    Magnitude of B_grad:	0.024	
    Magnitude of b:	0.98908117049793	

	
    Current index:	49501	
    Magnitude of W_grad:	16.328	
    Magnitude of W:	68468.964043963	
    Magnitude of B_grad:	0.26	
    Magnitude of b:	0.83207496416362	

	
    Current index:	59501	
    Magnitude of W_grad:	10.628	
    Magnitude of W:	68446.036373379	
    Magnitude of B_grad:	0.024	
    Magnitude of b:	0.83183473522806	

	
SGD: Hinge Loss is	
131527.69376706	
SGD: Validation Accuracy is:	
0.77156964656965	
SGD: Magnitude of W:	
68424.122714249	
SGD: Magnitude of b:	
0.83160658198119	
    Current index:	9501	
    Magnitude of W_grad:	12.472	
    Magnitude of W:	68403.041784765	
    Magnitude of B_grad:	0.008	
    Magnitude of b:	1.0769485434936	

	
    Current index:	19501	
    Magnitude of W_grad:	6.8239999999997	
    Magnitude of W:	68380.123467241	
    Magnitude of B_grad:	0.004	
    Magnitude of b:	0.86066290920428	

	
    Current index:	29501	
    Magnitude of W_grad:	8.1759999999996	
    Magnitude of W:	68358.252895079	
    Magnitude of B_grad:	0.032	
    Magnitude of b:	1.0323965829744	

	
    Current index:	39501	
    Magnitude of W_grad:	11.464	
    Magnitude of W:	68335.601351208	
    Magnitude of B_grad:	0.008	
    Magnitude of b:	0.98411341676053	

	
    Current index:	49501	
    Magnitude of W_grad:	15.676	
    Magnitude of W:	68313.38928775	
    Magnitude of B_grad:	0.244	
    Magnitude of b:	0.83040680641417	

	
    Current index:	59501	
    Magnitude of W_grad:	12.6	
    Magnitude of W:	68290.246055541	
    Magnitude of B_grad:	0.036	
    Magnitude of b:	0.83016705909357	

	
SGD: Hinge Loss is	
134203.21652014	
SGD: Validation Accuracy is:	
0.78118503118503	
SGD: Magnitude of W:	
68268.741737344	
SGD: Magnitude of b:	
0.82993936325213	
    Current index:	9501	
    Magnitude of W_grad:	13.8	
    Magnitude of W:	68248.022854346	
    Magnitude of B_grad:	0.012	
    Magnitude of b:	1.0530611204191	

	
    Current index:	19501	
    Magnitude of W_grad:	7.1359999999997	
    Magnitude of W:	68224.957994174	
    Magnitude of B_grad:	0.008	
    Magnitude of b:	0.82946020770127	

	
    Current index:	29501	
    Magnitude of W_grad:	8.2879999999996	
    Magnitude of W:	68202.999804734	
    Magnitude of B_grad:	0.004	
    Magnitude of b:	1.0365284352274	

	
    Current index:	39501	
    Magnitude of W_grad:	11.164	
    Magnitude of W:	68180.650038396	
    Magnitude of B_grad:	0.004	
    Magnitude of b:	0.96024938853452	

	
    Current index:	49501	
    Magnitude of W_grad:	14.12	
    Magnitude of W:	68159.35121374	
    Magnitude of B_grad:	0.22	
    Magnitude of b:	0.82874199301515	

	
    Current index:	59501	
    Magnitude of W_grad:	12.784	
    Magnitude of W:	68136.87966069	
    Magnitude of B_grad:	0.04	
    Magnitude of b:	0.82850272634398	

	
SGD: Hinge Loss is	
131472.91659754	
SGD: Validation Accuracy is:	
0.77858627858628	
SGD: Magnitude of W:	
68114.58459558	
SGD: Magnitude of b:	
0.82827548699096	
    Current index:	9501	
    Magnitude of W_grad:	12.672	
    Magnitude of W:	68093.901907714	
    Magnitude of B_grad:	0.012	
    Magnitude of b:	1.0514905915285	

	
    Current index:	19501	
    Magnitude of W_grad:	7.7399999999997	
    Magnitude of W:	68071.412484968	
    Magnitude of B_grad:	0.028	
    Magnitude of b:	0.82779729205912	

	
    Current index:	29501	
    Magnitude of W_grad:	8.6799999999997	
    Magnitude of W:	68049.815138358	
    Magnitude of B_grad:	0.012	
    Magnitude of b:	1.0149596210593	

	
    Current index:	39501	
    Magnitude of W_grad:	10.892	
    Magnitude of W:	68027.326059528	
    Magnitude of B_grad:	0.004	
    Magnitude of b:	0.95867773570414	

	
    Current index:	49501	
    Magnitude of W_grad:	16.74	
    Magnitude of W:	68005.366082076	
    Magnitude of B_grad:	0.268	
    Magnitude of b:	0.82708051726178	

	
    Current index:	59501	
    Magnitude of W_grad:	10.56	
    Magnitude of W:	67982.581092211	
    Magnitude of B_grad:	0.004	
    Magnitude of b:	0.82684173027641	

	
SGD: Hinge Loss is	
127270.71348236	
SGD: Validation Accuracy is:	
0.77481808731809	
SGD: Magnitude of W:	
67960.892072222	
SGD: Magnitude of b:	
0.82661494649663	
    Current index:	9501	
    Magnitude of W_grad:	13.46	
    Magnitude of W:	67940.497340235	
    Magnitude of B_grad:	0.012	
    Magnitude of b:	1.0450584653126	

	
    Current index:	19501	
    Magnitude of W_grad:	7.3959999999997	
    Magnitude of W:	67918.345126728	
    Magnitude of B_grad:	0.012	
    Magnitude of b:	0.82613771025796	

	
    Current index:	29501	
    Magnitude of W_grad:	7.1719999999996	
    Magnitude of W:	67896.698273035	
    Magnitude of B_grad:	0.024	
    Magnitude of b:	1.0085393492128	

	
    Current index:	39501	
    Magnitude of W_grad:	10.452	
    Magnitude of W:	67874.167227902	
    Magnitude of B_grad:	0.032	
    Magnitude of b:	0.93226295532211	

	
    Current index:	49501	
    Magnitude of W_grad:	15.14	
    Magnitude of W:	67852.81733584	
    Magnitude of B_grad:	0.236	
    Magnitude of b:	0.82542237246267	

	
    Current index:	59501	
    Magnitude of W_grad:	12.196	
    Magnitude of W:	67830.347137557	
    Magnitude of B_grad:	0.04	
    Magnitude of b:	0.82518406420143	

	
SGD: Hinge Loss is	
127233.33037905	
SGD: Validation Accuracy is:	
0.77611746361746	
SGD: Magnitude of W:	
67809.059292477	
SGD: Magnitude of b:	
0.82495773508155	
    Current index:	9501	
    Magnitude of W_grad:	12.192	
    Magnitude of W:	67788.632643909	
    Magnitude of B_grad:	0.02	
    Magnitude of b:	1.0226361086411	

	
    Current index:	19501	
    Magnitude of W_grad:	8.1639999999998	
    Magnitude of W:	67766.343785254	
    Magnitude of B_grad:	0.004	
    Magnitude of b:	0.82448145561404	

	
    Current index:	29501	
    Magnitude of W_grad:	7.4519999999996	
    Magnitude of W:	67744.848775579	
    Magnitude of B_grad:	0.004	
    Magnitude of b:	0.99012047017117	

	
    Current index:	39501	
    Magnitude of W_grad:	10.628	
    Magnitude of W:	67722.372488644	
    Magnitude of B_grad:	0.04	
    Magnitude of b:	0.92184812354736	

	
    Current index:	49501	
    Magnitude of W_grad:	13.94	
    Magnitude of W:	67701.005635708	
    Magnitude of B_grad:	0.216	
    Magnitude of b:	0.82376755193988	

	
    Current index:	59501	
    Magnitude of W_grad:	11.812	
    Magnitude of W:	67678.542226338	
    Magnitude of B_grad:	0.06	
    Magnitude of b:	0.82352972144301	

	
SGD: Hinge Loss is	
128842.34791206	
SGD: Validation Accuracy is:	
0.78014553014553	
SGD: Magnitude of W:	
67657.054474602	
SGD: Magnitude of b:	
0.82330384607152	
    Current index:	9501	
    Magnitude of W_grad:	12.524	
    Magnitude of W:	67636.749954748	
    Magnitude of B_grad:	0.004	
    Magnitude of b:	1.0170584191792	

	
    Current index:	19501	
    Magnitude of W_grad:	8.3639999999998	
    Magnitude of W:	67614.454424129	
    Magnitude of B_grad:	0.036	
    Magnitude of b:	0.82282852145702	

	
    Current index:	29501	
    Magnitude of W_grad:	7.7999999999996	
    Magnitude of W:	67592.998304942	
    Magnitude of B_grad:	0.004	
    Magnitude of b:	1.0085425360831	

	
    Current index:	39501	
    Magnitude of W_grad:	11.32	
    Magnitude of W:	67570.842681774	
    Magnitude of B_grad:	0.028	
    Magnitude of b:	0.93626770029054	

	
    Current index:	49501	
    Magnitude of W_grad:	17.016	
    Magnitude of W:	67549.803746928	
    Magnitude of B_grad:	0.264	
    Magnitude of b:	0.82211604902884	

	
    Current index:	59501	
    Magnitude of W_grad:	10.152	
    Magnitude of W:	67527.600959916	
    Magnitude of B_grad:	0.008	
    Magnitude of b:	0.82187869533851	

	
SGD: Hinge Loss is	
128218.76651168	
SGD: Validation Accuracy is:	
0.78300415800416	
SGD: Magnitude of W:	
67506.372485176	
SGD: Magnitude of b:	
0.82165327280573	
    Current index:	9501	
    Magnitude of W_grad:	11.152	
    Magnitude of W:	67486.174984994	
    Magnitude of B_grad:	0.02	
    Magnitude of b:	0.9830422313229	

	
    Current index:	19501	
    Magnitude of W_grad:	6.7279999999997	
    Magnitude of W:	67464.266830336	
    Magnitude of B_grad:	0.008	
    Magnitude of b:	0.82117890112994	

	
    Current index:	29501	
    Magnitude of W_grad:	7.3959999999996	
    Magnitude of W:	67442.822627993	
    Magnitude of B_grad:	0.012	
    Magnitude of b:	0.97453900174507	

	
    Current index:	39501	
    Magnitude of W_grad:	10.548	
    Magnitude of W:	67420.293109941	
    Magnitude of B_grad:	0.028	
    Magnitude of b:	0.92626936362604	

	
    Current index:	49501	
    Magnitude of W_grad:	13.02	
    Magnitude of W:	67399.934723558	
    Magnitude of B_grad:	0.156	
    Magnitude of b:	0.82046785707834	

	
    Current index:	59501	
    Magnitude of W_grad:	10.812	
    Magnitude of W:	67377.786244735	
    Magnitude of B_grad:	0.032	
    Magnitude of b:	0.82023097923865	

	
SGD: Hinge Loss is	
124188.39440507	
SGD: Validation Accuracy is:	
0.77715696465696	
SGD: Magnitude of W:	
67356.730829469	
SGD: Magnitude of b:	
0.82000600863671	
    Current index:	9501	
    Magnitude of W_grad:	11.404	
    Magnitude of W:	67336.555524484	
    Magnitude of B_grad:	0.016	
    Magnitude of b:	1.0254568433915	

	
    Current index:	19501	
    Magnitude of W_grad:	6.8519999999997	
    Magnitude of W:	67314.803322617	
    Magnitude of B_grad:	0.016	
    Magnitude of b:	0.81953258798916	

	
    Current index:	29501	
    Magnitude of W_grad:	7.2919999999996	
    Magnitude of W:	67293.149346134	
    Magnitude of B_grad:	0.008	
    Magnitude of b:	0.98895118132889	

	
    Current index:	39501	
    Magnitude of W_grad:	10.868	
    Magnitude of W:	67271.465521657	
    Magnitude of B_grad:	0.008	
    Magnitude of b:	0.94068315667758	

	
    Current index:	49501	
    Magnitude of W_grad:	16.156	
    Magnitude of W:	67250.646353487	
    Magnitude of B_grad:	0.268	
    Magnitude of b:	0.81882296945053	

	
    Current index:	59501	
    Magnitude of W_grad:	12.252	
    Magnitude of W:	67229.019829394	
    Magnitude of B_grad:	0.028	
    Magnitude of b:	0.81858656650748	

	
SGD: Hinge Loss is	
124153.64577721	
SGD: Validation Accuracy is:	
0.77715696465696	
SGD: Magnitude of W:	
67208.225017987	
SGD: Magnitude of b:	
0.81836204693035	
    Current index:	9501	
    Magnitude of W_grad:	11.96	
    Magnitude of W:	67187.941155301	
    Magnitude of B_grad:	0.02	
    Magnitude of b:	0.99544128791569	

	
    Current index:	19501	
    Magnitude of W_grad:	7.1719999999997	
    Magnitude of W:	67166.304964057	
    Magnitude of B_grad:	0.004	
    Magnitude of b:	0.8178895754044	

	
    Current index:	29501	
    Magnitude of W_grad:	7.1159999999996	
    Magnitude of W:	67145.425140477	
    Magnitude of B_grad:	0.016	
    Magnitude of b:	0.95894186866082	

	
    Current index:	39501	
    Magnitude of W_grad:	11.12	
    Magnitude of W:	67123.543719684	
    Magnitude of B_grad:	0.004	
    Magnitude of b:	0.91867552110471	

	
    Current index:	49501	
    Magnitude of W_grad:	13.652	
    Magnitude of W:	67103.078284857	
    Magnitude of B_grad:	0.208	
    Magnitude of b:	0.81718137952084	

	
    Current index:	59501	
    Magnitude of W_grad:	11.508	
    Magnitude of W:	67081.689681587	
    Magnitude of B_grad:	0.028	
    Magnitude of b:	0.81694545052234	

	
SGD: Hinge Loss is	
125725.67159458	
SGD: Validation Accuracy is:	
0.78391372141372	
SGD: Magnitude of W:	
67060.518798078	
SGD: Magnitude of b:	
0.8167213810658	
    Current index:	9501	
    Magnitude of W_grad:	12.144	
    Magnitude of W:	67040.752561305	
    Magnitude of B_grad:	0.036	
    Magnitude of b:	0.96396698386791	

	
    Current index:	19501	
    Magnitude of W_grad:	7.1839999999997	
    Magnitude of W:	67019.13074402	
    Magnitude of B_grad:	0.008	
    Magnitude of b:	0.81624985675864	

	
    Current index:	29501	
    Magnitude of W_grad:	7.2599999999996	
    Magnitude of W:	66997.9999128	
    Magnitude of B_grad:	0.012	
    Magnitude of b:	0.97147320906461	

	
    Current index:	39501	
    Magnitude of W_grad:	10.74	
    Magnitude of W:	66976.343544562	
    Magnitude of B_grad:	0	
    Magnitude of b:	0.9032104614009	

	
    Current index:	49501	
    Magnitude of W_grad:	10.9	
    Magnitude of W:	66956.117856961	
    Magnitude of B_grad:	0.14	
    Magnitude of b:	0.81554308067798	

	
    Current index:	59501	
    Magnitude of W_grad:	11.932	
    Magnitude of W:	66934.645764052	
    Magnitude of B_grad:	0.052	
    Magnitude of b:	0.81530762467387	

	
SGD: Hinge Loss is	
120640.45294606	
SGD: Validation Accuracy is:	
0.77689708939709	
SGD: Magnitude of W:	
66913.917542525	
SGD: Magnitude of b:	
0.81508400443551	
    Current index:	9501	
    Magnitude of W_grad:	11.84	
    Magnitude of W:	66894.128141053	
    Magnitude of B_grad:	0.008	
    Magnitude of b:	0.97878965433505	

	
    Current index:	19501	
    Magnitude of W_grad:	7.5919999999997	
    Magnitude of W:	66872.866910713	
    Magnitude of B_grad:	0.004	
    Magnitude of b:	0.81461342544813	

	
    Current index:	29501	
    Magnitude of W_grad:	7.1079999999996	
    Magnitude of W:	66851.937768509	
    Magnitude of B_grad:	0	
    Magnitude of b:	0.95029927293212	

	
    Current index:	39501	
    Magnitude of W_grad:	9.7879999999999	
    Magnitude of W:	66830.056705146	
    Magnitude of B_grad:	0.044	
    Magnitude of b:	0.88203876954473	

	
    Current index:	49501	
    Magnitude of W_grad:	16.724	
    Magnitude of W:	66809.613276632	
    Magnitude of B_grad:	0.244	
    Magnitude of b:	0.81390806632393	

	
    Current index:	59501	
    Magnitude of W_grad:	10.884	
    Magnitude of W:	66788.416487855	
    Magnitude of B_grad:	0.04	
    Magnitude of b:	0.81367308236594	

	
SGD: Hinge Loss is	
121718.09837211	
SGD: Validation Accuracy is:	
0.78066528066528	
SGD: Magnitude of W:	
66767.927214622	
SGD: Magnitude of b:	
0.81344991044516	
    Current index:	9501	
    Magnitude of W_grad:	11.116	
    Magnitude of W:	66748.068828027	
    Magnitude of B_grad:	0.004	
    Magnitude of b:	0.97360960216473	

	
    Current index:	19501	
    Magnitude of W_grad:	8.6319999999998	
    Magnitude of W:	66726.612721305	
    Magnitude of B_grad:	0.056	
    Magnitude of b:	0.81298027488238	

	
    Current index:	29501	
    Magnitude of W_grad:	7.1439999999996	
    Magnitude of W:	66705.987492133	
    Magnitude of B_grad:	0.024	
    Magnitude of b:	0.96112134509202	

	
    Current index:	39501	
    Magnitude of W_grad:	9.6039999999998	
    Magnitude of W:	66684.34029831	
    Magnitude of B_grad:	0.004	
    Magnitude of b:	0.90086112429502	

	
    Current index:	49501	
    Magnitude of W_grad:	12.852	
    Magnitude of W:	66664.168776072	
    Magnitude of B_grad:	0.188	
    Magnitude of b:	0.8122763298739	

	
    Current index:	59501	
    Magnitude of W_grad:	11.148	
    Magnitude of W:	66643.233587592	
    Magnitude of B_grad:	0.048	
    Magnitude of b:	0.81204181701567	

	
SGD: Hinge Loss is	
118125.80384078	
SGD: Validation Accuracy is:	
0.77585758835759	
SGD: Magnitude of W:	
66623.001465702	
SGD: Magnitude of b:	
0.81181909251367	
    Current index:	9501	
    Magnitude of W_grad:	11.764	
    Magnitude of W:	66603.223005964	
    Magnitude of B_grad:	0.004	
    Magnitude of b:	0.95514801248487	

	
    Current index:	19501	
    Magnitude of W_grad:	8.9999999999998	
    Magnitude of W:	66582.11190777	
    Magnitude of B_grad:	0.028	
    Magnitude of b:	0.81135039848408	

	
    Current index:	29501	
    Magnitude of W_grad:	6.8679999999996	
    Magnitude of W:	66561.359512627	
    Magnitude of B_grad:	0.016	
    Magnitude of b:	0.942661233363	

	
    Current index:	39501	
    Magnitude of W_grad:	9.1159999999997	
    Magnitude of W:	66540.269320932	
    Magnitude of B_grad:	0.012	
    Magnitude of b:	0.88640056784709	

	
    Current index:	49501	
    Magnitude of W_grad:	13.788	
    Magnitude of W:	66520.21467045	
    Magnitude of B_grad:	0.188	
    Magnitude of b:	0.81064786475629	

	
    Current index:	59501	
    Magnitude of W_grad:	11.14	
    Magnitude of W:	66499.201205817	
    Magnitude of B_grad:	0.044	
    Magnitude of b:	0.81041382205334	

	
SGD: Hinge Loss is	
118768.32856373	
SGD: Validation Accuracy is:	
0.77975571725572	
SGD: Magnitude of W:	
66478.61686493	
SGD: Magnitude of b:	
0.81019154407313	
    Current index:	9501	
    Magnitude of W_grad:	11.976	
    Magnitude of W:	66459.269972013	
    Magnitude of B_grad:	0.012	
    Magnitude of b:	0.97352522688433	

	
    Current index:	19501	
    Magnitude of W_grad:	7.5839999999997	
    Magnitude of W:	66438.215345043	
    Magnitude of B_grad:	0.008	
    Magnitude of b:	0.80972378968914	

	
    Current index:	29501	
    Magnitude of W_grad:	6.3959999999996	
    Magnitude of W:	66417.943975978	
    Magnitude of B_grad:	0.012	
    Magnitude of b:	0.92905260695718	

	
    Current index:	39501	
    Magnitude of W_grad:	9.7239999999999	
    Magnitude of W:	66396.044213949	
    Magnitude of B_grad:	0.036	
    Magnitude of b:	0.86879887308502	

	
    Current index:	49501	
    Magnitude of W_grad:	15.14	
    Magnitude of W:	66376.413871038	
    Magnitude of B_grad:	0.232	
    Magnitude of b:	0.80902266441267	

	
    Current index:	59501	
    Magnitude of W_grad:	11.884	
    Magnitude of W:	66355.377326163	
    Magnitude of B_grad:	0.004	
    Magnitude of b:	0.80878909092243	

	
SGD: Hinge Loss is	
116642.78134807	
SGD: Validation Accuracy is:	
0.77741683991684	
SGD: Magnitude of W:	
66335.006498103	
SGD: Magnitude of b:	
0.80856725856882	
    Current index:	9501	
    Magnitude of W_grad:	11.74	
    Magnitude of W:	66315.545649032	
    Magnitude of B_grad:	0.016	
    Magnitude of b:	0.95507648346376	

	
    Current index:	19501	
    Magnitude of W_grad:	8.8319999999998	
    Magnitude of W:	66294.544752448	
    Magnitude of B_grad:	0.02	
    Magnitude of b:	0.80810044194661	

	
    Current index:	29501	
    Magnitude of W_grad:	6.9239999999996	
    Magnitude of W:	66274.288685509	
    Magnitude of B_grad:	0.008	
    Magnitude of b:	0.93859719389102	

	
    Current index:	39501	
    Magnitude of W_grad:	9.5239999999998	
    Magnitude of W:	66252.908294426	
    Magnitude of B_grad:	0.036	
    Magnitude of b:	0.86234058865189	

	
    Current index:	49501	
    Magnitude of W_grad:	13.576	
    Magnitude of W:	66232.91849314	
    Magnitude of B_grad:	0.196	
    Magnitude of b:	0.80740072229777	

	
    Current index:	59501	
    Magnitude of W_grad:	10.808	
    Magnitude of W:	66212.135560074	
    Magnitude of B_grad:	0.04	
    Magnitude of b:	0.80716761707956	

	
SGD: Hinge Loss is	
119139.70961364	
SGD: Validation Accuracy is:	
0.78586278586279	
SGD: Magnitude of W:	
66192.068661198	
SGD: Magnitude of b:	
0.80694622945915	
    Current index:	9501	
    Magnitude of W_grad:	10.852	
    Magnitude of W:	66172.802229984	
    Magnitude of B_grad:	0.004	
    Magnitude of b:	0.93430974767231	

	
    Current index:	19501	
    Magnitude of W_grad:	7.4279999999997	
    Magnitude of W:	66151.703409229	
    Magnitude of B_grad:	0.016	
    Magnitude of b:	0.80648034871868	

	
    Current index:	29501	
    Magnitude of W_grad:	5.9999999999996	
    Magnitude of W:	66131.069031596	
    Magnitude of B_grad:	0.004	
    Magnitude of b:	0.91783297922062	

	
    Current index:	39501	
    Magnitude of W_grad:	9.7759999999999	
    Magnitude of W:	66109.945854804	
    Magnitude of B_grad:	0.008	
    Magnitude of b:	0.86957774927445	

	
    Current index:	49501	
    Magnitude of W_grad:	14.476	
    Magnitude of W:	66090.051761732	
    Magnitude of B_grad:	0.224	
    Magnitude of b:	0.80578203187945	

	
    Current index:	59501	
    Magnitude of W_grad:	11.488	
    Magnitude of W:	66069.448794339	
    Magnitude of B_grad:	0.044	
    Magnitude of b:	0.80554939399446	

	
SGD: Hinge Loss is	
115219.59613227	
SGD: Validation Accuracy is:	
0.77806652806653	
SGD: Magnitude of W:	
66049.663738834	
SGD: Magnitude of b:	
0.80532845021564	
    Current index:	9501	
    Magnitude of W_grad:	10.892	
    Magnitude of W:	66030.195368444	
    Magnitude of B_grad:	0.028	
    Magnitude of b:	0.91836669884164	

	
    Current index:	19501	
    Magnitude of W_grad:	8.1239999999997	
    Magnitude of W:	66009.650278013	
    Magnitude of B_grad:	0.012	
    Magnitude of b:	0.80486350348064	

	
    Current index:	29501	
    Magnitude of W_grad:	6.9359999999995	
    Magnitude of W:	65989.42567795	
    Magnitude of B_grad:	0.02	
    Magnitude of b:	0.93389220778049	

	
    Current index:	39501	
    Magnitude of W_grad:	9.3479999999998	
    Magnitude of W:	65968.415706229	
    Magnitude of B_grad:	0.008	
    Magnitude of b:	0.84564181138325	

	
    Current index:	49501	
    Magnitude of W_grad:	10.932	
    Magnitude of W:	65948.57828215	
    Magnitude of B_grad:	0.16	
    Magnitude of b:	0.80416658663864	

	
    Current index:	59501	
    Magnitude of W_grad:	10.196	
    Magnitude of W:	65928.133635109	
    Magnitude of B_grad:	0.036	
    Magnitude of b:	0.80393441514996	

	
SGD: Hinge Loss is	
114602.26811842	
SGD: Validation Accuracy is:	
0.78001559251559	
SGD: Magnitude of W:	
65908.355176527	
SGD: Magnitude of b:	
0.80371391432291	
    Current index:	9501	
    Magnitude of W_grad:	9.7439999999998	
    Magnitude of W:	65889.057641407	
    Magnitude of B_grad:	0.04	
    Magnitude of b:	0.91631464630199	

	
    Current index:	19501	
    Magnitude of W_grad:	8.5839999999998	
    Magnitude of W:	65868.519254296	
    Magnitude of B_grad:	0.036	
    Magnitude of b:	0.80324989972087	

	
    Current index:	29501	
    Magnitude of W_grad:	5.9639999999996	
    Magnitude of W:	65848.523097032	
    Magnitude of B_grad:	0.008	
    Magnitude of b:	0.91184370705596	

	
    Current index:	39501	
    Magnitude of W_grad:	9.7279999999998	
    Magnitude of W:	65827.523421275	
    Magnitude of B_grad:	0.012	
    Magnitude of b:	0.86359678896541	

	
    Current index:	49501	
    Magnitude of W_grad:	14.044	
    Magnitude of W:	65807.791251281	
    Magnitude of B_grad:	0.188	
    Magnitude of b:	0.80255438006936	

	
    Current index:	59501	
    Magnitude of W_grad:	10.252	
    Magnitude of W:	65787.546947188	
    Magnitude of B_grad:	0.036	
    Magnitude of b:	0.80232267404195	

	
SGD: Hinge Loss is	
113726.25756724	
SGD: Validation Accuracy is:	
0.78235446985447	
SGD: Magnitude of W:	
65767.600355378	
SGD: Magnitude of b:	
0.80210261527863	
    Current index:	9501	
    Magnitude of W_grad:	9.7039999999999	
    Magnitude of W:	65748.606441311	
    Magnitude of B_grad:	0.024	
    Magnitude of b:	0.92269440432701	

	
    Current index:	19501	
    Magnitude of W_grad:	7.5359999999997	
    Magnitude of W:	65728.35053319	
    Magnitude of B_grad:	0.012	
    Magnitude of b:	0.80163953094079	

	
    Current index:	29501	
    Magnitude of W_grad:	6.7679999999996	
    Magnitude of W:	65708.183852121	
    Magnitude of B_grad:	0.004	
    Magnitude of b:	0.87422659410107	

	
    Current index:	39501	
    Magnitude of W_grad:	10.052	
    Magnitude of W:	65687.063798447	
    Magnitude of B_grad:	0.04	
    Magnitude of b:	0.80598736071179	

	
    Current index:	49501	
    Magnitude of W_grad:	9.4479999999998	
    Magnitude of W:	65667.863598917	
    Magnitude of B_grad:	0.156	
    Magnitude of b:	0.80094540567867	

	
    Current index:	59501	
    Magnitude of W_grad:	13.132	
    Magnitude of W:	65647.504612909	
    Magnitude of B_grad:	0.004	
    Magnitude of b:	0.80071416417936	

	
SGD: Hinge Loss is	
112772.51438786	
SGD: Validation Accuracy is:	
0.77975571725572	
SGD: Magnitude of W:	
65627.606050285	
SGD: Magnitude of b:	
0.80049454659352	
    Current index:	9501	
    Magnitude of W_grad:	11.16	
    Magnitude of W:	65608.534993754	
    Magnitude of B_grad:	0.016	
    Magnitude of b:	0.90380371452121	

	
    Current index:	19501	
    Magnitude of W_grad:	7.8919999999997	
    Magnitude of W:	65587.899287254	
    Magnitude of B_grad:	0.016	
    Magnitude of b:	0.80003239065488	

	
    Current index:	29501	
    Magnitude of W_grad:	6.5799999999996	
    Magnitude of W:	65567.91825754	
    Magnitude of B_grad:	0.024	
    Magnitude of b:	0.90733474421112	

	
    Current index:	39501	
    Magnitude of W_grad:	9.1639999999998	
    Magnitude of W:	65547.01759485	
    Magnitude of B_grad:	0.036	
    Magnitude of b:	0.81909449808977	

	
    Current index:	49501	
    Magnitude of W_grad:	14.004	
    Magnitude of W:	65527.427012055	
    Magnitude of B_grad:	0.252	
    Magnitude of b:	0.79933965698664	

	
    Current index:	59501	
    Magnitude of W_grad:	11.02	
    Magnitude of W:	65506.900048062	
    Magnitude of B_grad:	0.012	
    Magnitude of b:	0.79910887908414	

	
SGD: Hinge Loss is	
115806.43500292	
SGD: Validation Accuracy is:	
0.79106029106029	
SGD: Magnitude of W:	
65487.468820646	
SGD: Magnitude of b:	
0.79888970179129	
    Current index:	9501	
    Magnitude of W_grad:	9.6039999999999	
    Magnitude of W:	65468.459092724	
    Magnitude of B_grad:	0.04	
    Magnitude of b:	0.88829100675267	

	
    Current index:	19501	
    Magnitude of W_grad:	8.2319999999998	
    Magnitude of W:	65448.123187323	
    Magnitude of B_grad:	0.02	
    Magnitude of b:	0.79842847239058	

	
    Current index:	29501	
    Magnitude of W_grad:	5.9399999999996	
    Magnitude of W:	65428.330269632	
    Magnitude of B_grad:	0.008	
    Magnitude of b:	0.89182435271591	

	
    Current index:	39501	
    Magnitude of W_grad:	9.1279999999998	
    Magnitude of W:	65407.705084954	
    Magnitude of B_grad:	0.016	
    Magnitude of b:	0.82358598631963	

	
    Current index:	49501	
    Magnitude of W_grad:	9.5319999999998	
    Magnitude of W:	65388.908327199	
    Magnitude of B_grad:	0.116	
    Magnitude of b:	0.79773712752634	

	
    Current index:	59501	
    Magnitude of W_grad:	10.236	
    Magnitude of W:	65368.445641703	
    Magnitude of B_grad:	0.06	
    Magnitude of b:	0.79750681229123	

	
SGD: Hinge Loss is	
112924.2246438	
SGD: Validation Accuracy is:	
0.78664241164241	
SGD: Magnitude of W:	
65348.742249956	
SGD: Magnitude of b:	
0.79728807440866	
    Current index:	9501	
    Magnitude of W_grad:	11.268	
    Magnitude of W:	65329.739000198	
    Magnitude of B_grad:	0.016	
    Magnitude of b:	0.92665694774707	

	
    Current index:	19501	
    Magnitude of W_grad:	7.9399999999997	
    Magnitude of W:	65309.777287625	
    Magnitude of B_grad:	0.036	
    Magnitude of b:	0.79682776968834	

	
    Current index:	29501	
    Magnitude of W_grad:	6.4119999999996	
    Magnitude of W:	65289.979717506	
    Magnitude of B_grad:	0.032	
    Magnitude of b:	0.87819464367198	

	
    Current index:	39501	
    Magnitude of W_grad:	9.5479999999998	
    Magnitude of W:	65269.280515137	
    Magnitude of B_grad:	0	
    Magnitude of b:	0.83795443777449	

	
    Current index:	49501	
    Magnitude of W_grad:	13.2	
    Magnitude of W:	65249.931715311	
    Magnitude of B_grad:	0.208	
    Magnitude of b:	0.7961378108438	

	
    Current index:	59501	
    Magnitude of W_grad:	11.732	
    Magnitude of W:	65229.728649993	
    Magnitude of B_grad:	0.044	
    Magnitude of b:	0.7959079573485	

	
SGD: Hinge Loss is	
112652.52950941	
SGD: Validation Accuracy is:	
0.7872920997921	
SGD: Magnitude of W:	
65210.820741886	
SGD: Magnitude of b:	
0.79568965799529	
    Current index:	9501	
    Magnitude of W_grad:	10.336	
    Magnitude of W:	65191.837174804	
    Magnitude of B_grad:	0.016	
    Magnitude of b:	0.91514883828133	

	
    Current index:	19501	
    Magnitude of W_grad:	7.7679999999996	
    Magnitude of W:	65171.834684793	
    Magnitude of B_grad:	0.008	
    Magnitude of b:	0.79523027610153	

	
    Current index:	29501	
    Magnitude of W_grad:	6.1279999999997	
    Magnitude of W:	65152.07714832	
    Magnitude of B_grad:	0.016	
    Magnitude of b:	0.86268682738545	

	
    Current index:	39501	
    Magnitude of W_grad:	9.8159999999998	
    Magnitude of W:	65131.332475851	
    Magnitude of B_grad:	0.012	
    Magnitude of b:	0.80245311970716	

	
    Current index:	49501	
    Magnitude of W_grad:	9.1199999999998	
    Magnitude of W:	65112.499075231	
    Magnitude of B_grad:	0.152	
    Magnitude of b:	0.79454170049799	

	
    Current index:	59501	
    Magnitude of W_grad:	10.368	
    Magnitude of W:	65092.439845963	
    Magnitude of B_grad:	0.008	
    Magnitude of b:	0.7943123078168	

	
SGD: Hinge Loss is	
110352.5876555	
SGD: Validation Accuracy is:	
0.7831340956341	
SGD: Magnitude of W:	
65072.721010553	
SGD: Magnitude of b:	
0.79409444611377	
    Current index:	9501	
    Magnitude of W_grad:	10.216	
    Magnitude of W:	65054.014989944	
    Magnitude of B_grad:	0.008	
    Magnitude of b:	0.90023904725459	

	
    Current index:	19501	
    Magnitude of W_grad:	7.6199999999997	
    Magnitude of W:	65034.069774621	
    Magnitude of B_grad:	0.004	
    Magnitude of b:	0.79363598519649	

	
    Current index:	29501	
    Magnitude of W_grad:	6.5559999999996	
    Magnitude of W:	65014.290646722	
    Magnitude of B_grad:	0.02	
    Magnitude of b:	0.8797764646988	

	
    Current index:	39501	
    Magnitude of W_grad:	10.068	
    Magnitude of W:	64993.950970978	
    Magnitude of B_grad:	0.032	
    Magnitude of b:	0.82754244275486	

	
    Current index:	49501	
    Magnitude of W_grad:	14.036	
    Magnitude of W:	64974.286030113	
    Magnitude of B_grad:	0.212	
    Magnitude of b:	0.79294879006078	

	
    Current index:	59501	
    Magnitude of W_grad:	10.284	
    Magnitude of W:	64954.026011267	
    Magnitude of B_grad:	0.04	
    Magnitude of b:	0.79271985726987	

	
SGD: Hinge Loss is	
108729.6997947	
SGD: Validation Accuracy is:	
0.78222453222453	
SGD: Magnitude of W:	
64934.75752755	
SGD: Magnitude of b:	
0.79250243233961	
    Current index:	9501	
    Magnitude of W_grad:	10.36	
    Magnitude of W:	64915.988673774	
    Magnitude of B_grad:	0.016	
    Magnitude of b:	0.89248027308326	

	
    Current index:	19501	
    Magnitude of W_grad:	8.1359999999997	
    Magnitude of W:	64896.470170473	
    Magnitude of B_grad:	0.008	
    Magnitude of b:	0.79204489055241	

	
    Current index:	29501	
    Magnitude of W_grad:	6.9159999999995	
    Magnitude of W:	64877.120215444	
    Magnitude of B_grad:	0.012	
    Magnitude of b:	0.85202447942159	

	
    Current index:	39501	
    Magnitude of W_grad:	9.5279999999998	
    Magnitude of W:	64856.770760338	
    Magnitude of B_grad:	0.012	
    Magnitude of b:	0.80379356136518	

	
    Current index:	49501	
    Magnitude of W_grad:	9.0119999999997	
    Magnitude of W:	64837.878895946	
    Magnitude of B_grad:	0.128	
    Magnitude of b:	0.79135907311696	

	
    Current index:	59501	
    Magnitude of W_grad:	9.4959999999998	
    Magnitude of W:	64817.839795669	
    Magnitude of B_grad:	0.028	
    Magnitude of b:	0.79113059929432	

	
SGD: Hinge Loss is	
109581.04219778	
SGD: Validation Accuracy is:	
0.78768191268191	
SGD: Magnitude of W:	
64798.55416532	
SGD: Magnitude of b:	
0.79091361026118	
    Current index:	9501	
    Magnitude of W_grad:	9.7119999999999	
    Magnitude of W:	64780.237891929	
    Magnitude of B_grad:	0.02	
    Magnitude of b:	0.90642175219766	

	
    Current index:	19501	
    Magnitude of W_grad:	9.5559999999999	
    Magnitude of W:	64760.665625554	
    Magnitude of B_grad:	0.028	
    Magnitude of b:	0.79045698576138	

	
    Current index:	29501	
    Magnitude of W_grad:	5.7559999999997	
    Magnitude of W:	64741.235706434	
    Magnitude of B_grad:	0.008	
    Magnitude of b:	0.87796114245372	

	
    Current index:	39501	
    Magnitude of W_grad:	9.0039999999998	
    Magnitude of W:	64720.763394881	
    Magnitude of B_grad:	0.036	
    Magnitude of b:	0.79000062488826	

	
    Current index:	49501	
    Magnitude of W_grad:	11.004	
    Magnitude of W:	64701.746671806	
    Magnitude of B_grad:	0.184	
    Magnitude of b:	0.78977254326414	

	
    Current index:	59501	
    Magnitude of W_grad:	12.344	
    Magnitude of W:	64681.755122343	
    Magnitude of B_grad:	0.076	
    Magnitude of b:	0.78954452748963	

	
Done.	
Testing on validation set...	
Done	
Datafile:	/n/home09/ankitgupta/CS287/HW1/SST2-uni-syns.hdf5	Classifier:	hinge	Alpha:	0	Eta:	1	Lambda:	1	Minibatch size:	500	Num Epochs:	50	Minimum Sentence Length:	0	
Accuracy:	0.79209979209979	
