[?1034hDatafile:	/n/home09/ankitgupta/CS287/HW1/SST2-uni-sent.hdf5	Classifier:	lr	Alpha:	0	Eta:	1	Lambda:	1	Minibatch size:	500	Num Epochs:	50	Minimum Sentence Length:	0	
Note that not all parameters may apply to all classifiers	
Loading datafiles...	
Number of training samples before removing small sentences	76961	
Number of training samples after removing small sentences	76961	
Done.	
Training classifier...	
SGD: Loss is	
	LOSS:Calculated softmax res	
117219.54812298	
SGD: crossEntropyLoss is	
117219.54812298	
SGD: Validation Accuracy is:	
0.53404365904366	
SGD: Magnitude of W:	
24170.233907356	
SGD: Magnitude of b:	
1.0730037905965	
    Current index:	9501	
    Magnitude of W_grad:	2.5340354666793	
    Magnitude of W:	24153.464592655	
    Magnitude of B_grad:	0.071991975368614	
    Magnitude of b:	1.8337828033405	

	
    Current index:	19501	
    Magnitude of W_grad:	2.3696246860869	
    Magnitude of W:	24136.462060567	
    Magnitude of B_grad:	0.11999638111598	
    Magnitude of b:	1.7158483339506	

	
    Current index:	29501	
    Magnitude of W_grad:	3.5423929600974	
    Magnitude of W:	24120.048324043	
    Magnitude of B_grad:	0.067762414504462	
    Magnitude of b:	2.3163557930074	

	
    Current index:	39501	
    Magnitude of W_grad:	3.2032538657457	
    Magnitude of W:	24103.78368104	
    Magnitude of B_grad:	0.03855825597983	
    Magnitude of b:	2.1719757001008	

	
    Current index:	49501	
    Magnitude of W_grad:	4.0369728256996	
    Magnitude of W:	24083.726960402	
    Magnitude of B_grad:	0.23990974284052	
    Magnitude of b:	1.0730037905965	

	
    Current index:	59501	
    Magnitude of W_grad:	2.9858028228737	
    Magnitude of W:	24065.162464534	
    Magnitude of B_grad:	0.070029387334351	
    Magnitude of b:	1.0730037905965	

	
SGD: Loss is	
	LOSS:Calculated softmax res	
133056.25651532	
SGD: crossEntropyLoss is	
133056.25651532	
SGD: Validation Accuracy is:	
0.69828482328482	
SGD: Magnitude of W:	
24048.737609023	
SGD: Magnitude of b:	
1.0730037905965	
    Current index:	9501	
    Magnitude of W_grad:	2.5092116357413	
    Magnitude of W:	24033.554647242	
    Magnitude of B_grad:	0.060163741016652	
    Magnitude of b:	1.9052909774246	

	
    Current index:	19501	
    Magnitude of W_grad:	2.3231735238547	
    Magnitude of W:	24018.665546058	
    Magnitude of B_grad:	0.10170103621682	
    Magnitude of b:	1.667878335913	

	
    Current index:	29501	
    Magnitude of W_grad:	3.0640184429763	
    Magnitude of W:	24004.001952899	
    Magnitude of B_grad:	0.084614680278401	
    Magnitude of b:	2.1827743050644	

	
    Current index:	39501	
    Magnitude of W_grad:	2.9838282458717	
    Magnitude of W:	23988.914358663	
    Magnitude of B_grad:	0.027845346509001	
    Magnitude of b:	2.023445625246	

	
    Current index:	49501	
    Magnitude of W_grad:	3.8021431170148	
    Magnitude of W:	23971.591416008	
    Magnitude of B_grad:	0.23807100957649	
    Magnitude of b:	1.0730037905965	

	
    Current index:	59501	
    Magnitude of W_grad:	2.8665187237832	
    Magnitude of W:	23954.984413421	
    Magnitude of B_grad:	0.076389476238352	
    Magnitude of b:	1.0730037905965	

	
SGD: Loss is	
	LOSS:Calculated softmax res	
122364.49248496	
SGD: crossEntropyLoss is	
122364.49248496	
SGD: Validation Accuracy is:	
0.71127858627859	
SGD: Magnitude of W:	
23939.415264686	
SGD: Magnitude of b:	
1.0730037905965	
    Current index:	9501	
    Magnitude of W_grad:	2.2458267976774	
    Magnitude of W:	23925.243861695	
    Magnitude of B_grad:	0.036957461483042	
    Magnitude of b:	1.8236380277733	

	
    Current index:	19501	
    Magnitude of W_grad:	2.3017569766467	
    Magnitude of W:	23911.263116527	
    Magnitude of B_grad:	0.091206466161592	
    Magnitude of b:	1.5769690673485	

	
    Current index:	29501	
    Magnitude of W_grad:	2.5893672717434	
    Magnitude of W:	23897.342842855	
    Magnitude of B_grad:	0.099079996281243	
    Magnitude of b:	2.0619241694818	

	
    Current index:	39501	
    Magnitude of W_grad:	2.8331976607478	
    Magnitude of W:	23883.145048418	
    Magnitude of B_grad:	0.019218887166832	
    Magnitude of b:	1.9262034141443	

	
    Current index:	49501	
    Magnitude of W_grad:	3.7470487178897	
    Magnitude of W:	23867.146407891	
    Magnitude of B_grad:	0.23798458913903	
    Magnitude of b:	1.0730037905965	

	
    Current index:	59501	
    Magnitude of W_grad:	2.7660650479359	
    Magnitude of W:	23851.824065501	
    Magnitude of B_grad:	0.080071613062934	
    Magnitude of b:	1.0730037905965	

	
SGD: Loss is	
	LOSS:Calculated softmax res	
115087.71453108	
SGD: crossEntropyLoss is	
115087.71453108	
SGD: Validation Accuracy is:	
0.71985446985447	
SGD: Magnitude of W:	
23837.211991737	
SGD: Magnitude of b:	
1.0730037905965	
    Current index:	9501	
    Magnitude of W_grad:	2.0649163461414	
    Magnitude of W:	23823.697671924	
    Magnitude of B_grad:	0.01912801784484	
    Magnitude of b:	1.7780470545715	

	
    Current index:	19501	
    Magnitude of W_grad:	2.2706315560332	
    Magnitude of W:	23810.483141347	
    Magnitude of B_grad:	0.08597006555066	
    Magnitude of b:	1.5183038216375	

	
    Current index:	29501	
    Magnitude of W_grad:	2.3399851206992	
    Magnitude of W:	23797.106102175	
    Magnitude of B_grad:	0.10475999856145	
    Magnitude of b:	1.9813376264257	

	
    Current index:	39501	
    Magnitude of W_grad:	2.6939875024226	
    Magnitude of W:	23783.64507826	
    Magnitude of B_grad:	0.010704014852832	
    Magnitude of b:	1.8556408361182	

	
    Current index:	49501	
    Magnitude of W_grad:	3.7133297368099	
    Magnitude of W:	23768.815279551	
    Magnitude of B_grad:	0.23774213242476	
    Magnitude of b:	1.0730037905965	

	
    Current index:	59501	
    Magnitude of W_grad:	2.6784853740297	
    Magnitude of W:	23754.443057414	
    Magnitude of B_grad:	0.079956476760926	
    Magnitude of b:	1.0730037905965	

	
SGD: Loss is	
	LOSS:Calculated softmax res	
109317.88954901	
SGD: crossEntropyLoss is	
109317.88954901	
SGD: Validation Accuracy is:	
0.72648128898129	
SGD: Magnitude of W:	
23740.371306926	
SGD: Magnitude of b:	
1.0730037905965	
    Current index:	9501	
    Magnitude of W_grad:	1.9410011960137	
    Magnitude of W:	23727.481699477	
    Magnitude of B_grad:	0.0073256833641806	
    Magnitude of b:	1.7385235703163	

	
    Current index:	19501	
    Magnitude of W_grad:	2.2383142366257	
    Magnitude of W:	23714.857762952	
    Magnitude of B_grad:	0.08270668217931	
    Magnitude of b:	1.4690604955682	

	
    Current index:	29501	
    Magnitude of W_grad:	2.2011489154982	
    Magnitude of W:	23702.334141665	
    Magnitude of B_grad:	0.10538627506156	
    Magnitude of b:	1.9159734017602	

	
    Current index:	39501	
    Magnitude of W_grad:	2.5714094350445	
    Magnitude of W:	23689.471036327	
    Magnitude of B_grad:	0.0033405146822588	
    Magnitude of b:	1.7942553194868	

	
    Current index:	49501	
    Magnitude of W_grad:	3.6733442517357	
    Magnitude of W:	23675.363195785	
    Magnitude of B_grad:	0.23650920411158	
    Magnitude of b:	1.0730037905965	

	
    Current index:	59501	
    Magnitude of W_grad:	2.5917092565292	
    Magnitude of W:	23661.519932344	
    Magnitude of B_grad:	0.07752911733489	
    Magnitude of b:	1.0730037905965	

	
SGD: Loss is	
	LOSS:Calculated softmax res	
104462.19193641	
SGD: crossEntropyLoss is	
104462.19193641	
SGD: Validation Accuracy is:	
0.72933991683992	
SGD: Magnitude of W:	
23647.862030518	
SGD: Magnitude of b:	
1.0730037905965	
    Current index:	9501	
    Magnitude of W_grad:	1.8599352967786	
    Magnitude of W:	23635.673889366	
    Magnitude of B_grad:	0.00012617561358081	
    Magnitude of b:	1.7004672567806	

	
    Current index:	19501	
    Magnitude of W_grad:	2.2069133915928	
    Magnitude of W:	23623.629791322	
    Magnitude of B_grad:	0.080251137850765	
    Magnitude of b:	1.4246866904755	

	
    Current index:	29501	
    Magnitude of W_grad:	2.1115150918107	
    Magnitude of W:	23611.665305337	
    Magnitude of B_grad:	0.10418920937289	
    Magnitude of b:	1.8587217559075	

	
    Current index:	39501	
    Magnitude of W_grad:	2.4802826339596	
    Magnitude of W:	23599.224365135	
    Magnitude of B_grad:	0.0026118981279265	
    Magnitude of b:	1.7386729167633	

	
    Current index:	49501	
    Magnitude of W_grad:	3.6224589792324	
    Magnitude of W:	23585.762012404	
    Magnitude of B_grad:	0.23438306713151	
    Magnitude of b:	1.0730037905965	

	
    Current index:	59501	
    Magnitude of W_grad:	2.5049458180803	
    Magnitude of W:	23572.36848821	
    Magnitude of B_grad:	0.07379551679028	
    Magnitude of b:	1.0730037905965	

	
SGD: Loss is	
	LOSS:Calculated softmax res	
100256.57786093	
SGD: crossEntropyLoss is	
100256.57786093	
SGD: Validation Accuracy is:	
0.73544698544699	
SGD: Magnitude of W:	
23559.240549377	
SGD: Magnitude of b:	
1.0730037905965	
    Current index:	9501	
    Magnitude of W_grad:	1.809311797655	
    Magnitude of W:	23547.586796785	
    Magnitude of B_grad:	0.0049106568245486	
    Magnitude of b:	1.6634633193662	

	
    Current index:	19501	
    Magnitude of W_grad:	2.1764202339381	
    Magnitude of W:	23536.086691056	
    Magnitude of B_grad:	0.078150003453432	
    Magnitude of b:	1.384400906473	

	
    Current index:	29501	
    Magnitude of W_grad:	2.0476310920199	
    Magnitude of W:	23524.578190526	
    Magnitude of B_grad:	0.10242890312925	
    Magnitude of b:	1.8074012502464	

	
    Current index:	39501	
    Magnitude of W_grad:	2.4043326588717	
    Magnitude of W:	23512.709377983	
    Magnitude of B_grad:	0.0072752074141806	
    Magnitude of b:	1.6878582079003	

	
    Current index:	49501	
    Magnitude of W_grad:	3.5615978467006	
    Magnitude of W:	23499.773511246	
    Magnitude of B_grad:	0.23158621592627	
    Magnitude of b:	1.0730037905965	

	
    Current index:	59501	
    Magnitude of W_grad:	2.4205095059201	
    Magnitude of W:	23486.813679375	
    Magnitude of B_grad:	0.069421841240095	
    Magnitude of b:	1.0730037905965	

	
SGD: Loss is	
	LOSS:Calculated softmax res	
96551.152013872	
SGD: crossEntropyLoss is	
96551.152013872	
SGD: Validation Accuracy is:	
0.73934511434511	
SGD: Magnitude of W:	
23474.032870716	
SGD: Magnitude of b:	
1.0730037905965	
    Current index:	9501	
    Magnitude of W_grad:	1.7736299542449	
    Magnitude of W:	23462.863177236	
    Magnitude of B_grad:	0.0080775226276721	
    Magnitude of b:	1.627855222751	

	
    Current index:	19501	
    Magnitude of W_grad:	2.1446701641001	
    Magnitude of W:	23451.784291113	
    Magnitude of B_grad:	0.076237813145371	
    Magnitude of b:	1.3480713845051	

	
    Current index:	29501	
    Magnitude of W_grad:	1.9922904746929	
    Magnitude of W:	23440.563409232	
    Magnitude of B_grad:	0.10053417369656	
    Magnitude of b:	1.7610447539893	

	
    Current index:	39501	
    Magnitude of W_grad:	2.3418231865877	
    Magnitude of W:	23429.103597835	
    Magnitude of B_grad:	0.010861095330141	
    Magnitude of b:	1.6413961904567	

	
    Current index:	49501	
    Magnitude of W_grad:	3.4929847798033	
    Magnitude of W:	23416.733110801	
    Magnitude of B_grad:	0.22831550759022	
    Magnitude of b:	1.0730037905965	

	
    Current index:	59501	
    Magnitude of W_grad:	2.3395520655969	
    Magnitude of W:	23404.273875508	
    Magnitude of B_grad:	0.064890468943908	
    Magnitude of b:	1.0730037905965	

	
SGD: Loss is	
	LOSS:Calculated softmax res	
93251.407843595	
SGD: crossEntropyLoss is	
93251.407843595	
SGD: Validation Accuracy is:	
0.74376299376299	
SGD: Magnitude of W:	
23392.145950957	
SGD: Magnitude of b:	
1.0730037905965	
    Current index:	9501	
    Magnitude of W_grad:	1.7462526972272	
    Magnitude of W:	23381.23776281	
    Magnitude of B_grad:	0.010243792544774	
    Magnitude of b:	1.5941098586671	

	
    Current index:	19501	
    Magnitude of W_grad:	2.1130966188138	
    Magnitude of W:	23370.626429387	
    Magnitude of B_grad:	0.074461879697532	
    Magnitude of b:	1.3157068679541	

	
    Current index:	29501	
    Magnitude of W_grad:	1.9417416708142	
    Magnitude of W:	23359.610943277	
    Magnitude of B_grad:	0.09861815280289	
    Magnitude of b:	1.7191097230946	

	
    Current index:	39501	
    Magnitude of W_grad:	2.2919642164364	
    Magnitude of W:	23348.635108841	
    Magnitude of B_grad:	0.013584167666143	
    Magnitude of b:	1.5991062179075	

	
    Current index:	49501	
    Magnitude of W_grad:	3.4189954465356	
    Magnitude of W:	23336.885381088	
    Magnitude of B_grad:	0.22472616719368	
    Magnitude of b:	1.0730037905965	

	
    Current index:	59501	
    Magnitude of W_grad:	2.2667945061156	
    Magnitude of W:	23324.923064576	
    Magnitude of B_grad:	0.060524555928121	
    Magnitude of b:	1.0730037905965	

	
SGD: Loss is	
	LOSS:Calculated softmax res	
90292.043058547	
SGD: crossEntropyLoss is	
90292.043058547	
SGD: Validation Accuracy is:	
0.74805093555094	
SGD: Magnitude of W:	
23313.128060783	
SGD: Magnitude of b:	
1.0730037905965	
    Current index:	9501	
    Magnitude of W_grad:	1.7236614104641	
    Magnitude of W:	23302.466358755	
    Magnitude of B_grad:	0.011788291252392	
    Magnitude of b:	1.5624766759005	

	
    Current index:	19501	
    Magnitude of W_grad:	2.0841759299043	
    Magnitude of W:	23292.206897694	
    Magnitude of B_grad:	0.072795421497142	
    Magnitude of b:	1.2871178661621	

	
    Current index:	29501	
    Magnitude of W_grad:	1.8964781104469	
    Magnitude of W:	23281.570003421	
    Magnitude of B_grad:	0.096689837419382	
    Magnitude of b:	1.6811400816514	

	
    Current index:	39501	
    Magnitude of W_grad:	2.249655690206	
    Magnitude of W:	23270.855917867	
    Magnitude of B_grad:	0.015631963368183	
    Magnitude of b:	1.5607294682105	

	
    Current index:	49501	
    Magnitude of W_grad:	3.3419688015295	
    Magnitude of W:	23259.428368647	
    Magnitude of B_grad:	0.22092962088201	
    Magnitude of b:	1.0730037905965	

	
    Current index:	59501	
    Magnitude of W_grad:	2.2040281017327	
    Magnitude of W:	23247.882650738	
    Magnitude of B_grad:	0.056490894251807	
    Magnitude of b:	1.0730037905965	

	
SGD: Loss is	
	LOSS:Calculated softmax res	
87623.122905521	
SGD: crossEntropyLoss is	
87623.122905521	
SGD: Validation Accuracy is:	
0.75051975051975	
SGD: Magnitude of W:	
23236.337953055	
SGD: Magnitude of b:	
1.0730037905965	
    Current index:	9501	
    Magnitude of W_grad:	1.7040236451622	
    Magnitude of W:	23225.937858965	
    Magnitude of B_grad:	0.012941831608131	
    Magnitude of b:	1.5329824730873	

	
    Current index:	19501	
    Magnitude of W_grad:	2.0554320957463	
    Magnitude of W:	23215.964806378	
    Magnitude of B_grad:	0.071206723692402	
    Magnitude of b:	1.2619137232711	

	
    Current index:	29501	
    Magnitude of W_grad:	1.8541871364648	
    Magnitude of W:	23205.641096382	
    Magnitude of B_grad:	0.094740790662888	
    Magnitude of b:	1.646695605418	

	
    Current index:	39501	
    Magnitude of W_grad:	2.2105849366753	
    Magnitude of W:	23195.165216651	
    Magnitude of B_grad:	0.017154738894269	
    Magnitude of b:	1.5258886752191	

	
    Current index:	49501	
    Magnitude of W_grad:	3.2630956653965	
    Magnitude of W:	23184.107384412	
    Magnitude of B_grad:	0.21700218880946	
    Magnitude of b:	1.0730037905965	

	
    Current index:	59501	
    Magnitude of W_grad:	2.1467418720993	
    Magnitude of W:	23172.854551772	
    Magnitude of B_grad:	0.052836830078068	
    Magnitude of b:	1.0730037905965	

	
SGD: Loss is	
	LOSS:Calculated softmax res	
85204.385843811	
SGD: crossEntropyLoss is	
85204.385843811	
SGD: Validation Accuracy is:	
0.75363825363825	
SGD: Magnitude of W:	
23161.658712239	
SGD: Magnitude of b:	
1.0730037905965	
    Current index:	9501	
    Magnitude of W_grad:	1.6863293939215	
    Magnitude of W:	23151.647763058	
    Magnitude of B_grad:	0.013842670902105	
    Magnitude of b:	1.5055605117638	

	
    Current index:	19501	
    Magnitude of W_grad:	2.025890380661	
    Magnitude of W:	23141.833184627	
    Magnitude of B_grad:	0.069661234415892	
    Magnitude of b:	1.2396536497218	

	
    Current index:	29501	
    Magnitude of W_grad:	1.8148705626262	
    Magnitude of W:	23131.665360461	
    Magnitude of B_grad:	0.092768677581997	
    Magnitude of b:	1.6153815474442	

	
    Current index:	39501	
    Magnitude of W_grad:	2.1738137056097	
    Magnitude of W:	23121.468867622	
    Magnitude of B_grad:	0.018267429140062	
    Magnitude of b:	1.4941810833647	

	
    Current index:	49501	
    Magnitude of W_grad:	3.1869601437464	
    Magnitude of W:	23110.789105525	
    Magnitude of B_grad:	0.21300075144277	
    Magnitude of b:	1.0730037905965	

	
    Current index:	59501	
    Magnitude of W_grad:	2.0937267449688	
    Magnitude of W:	23099.8366893	
    Magnitude of B_grad:	0.049547745723203	
    Magnitude of b:	1.0730037905965	

	
SGD: Loss is	
	LOSS:Calculated softmax res	
83002.856140553	
SGD: crossEntropyLoss is	
83002.856140553	
SGD: Validation Accuracy is:	
0.75662681912682	
SGD: Magnitude of W:	
23088.986831885	
SGD: Magnitude of b:	
1.0730037905965	
    Current index:	9501	
    Magnitude of W_grad:	1.6699863611681	
    Magnitude of W:	23079.333568727	
    Magnitude of B_grad:	0.014572395536382	
    Magnitude of b:	1.4801143230463	

	
    Current index:	19501	
    Magnitude of W_grad:	1.9953271439091	
    Magnitude of W:	23069.739485055	
    Magnitude of B_grad:	0.068130455185854	
    Magnitude of b:	1.2199307700009	

	
    Current index:	29501	
    Magnitude of W_grad:	1.7782607756378	
    Magnitude of W:	23059.799581498	
    Magnitude of B_grad:	0.090776298352936	
    Magnitude of b:	1.5868504887386	

	
    Current index:	39501	
    Magnitude of W_grad:	2.1384190656637	
    Magnitude of W:	23049.910484152	
    Magnitude of B_grad:	0.019055578400988	
    Magnitude of b:	1.4652390596013	

	
    Current index:	49501	
    Magnitude of W_grad:	3.1119579683613	
    Magnitude of W:	23039.480704524	
    Magnitude of B_grad:	0.20897413393264	
    Magnitude of b:	1.0730037905965	

	
    Current index:	59501	
    Magnitude of W_grad:	2.0447821275905	
    Magnitude of W:	23028.883850232	
    Magnitude of B_grad:	0.046589888955124	
    Magnitude of b:	1.0730037905965	

	
SGD: Loss is	
	LOSS:Calculated softmax res	
80991.16173258	
SGD: crossEntropyLoss is	
80991.16173258	
SGD: Validation Accuracy is:	
0.75987525987526	
SGD: Magnitude of W:	
23018.385464571	
SGD: Magnitude of b:	
1.0730037905965	
    Current index:	9501	
    Magnitude of W_grad:	1.6545984927945	
    Magnitude of W:	23009.057679441	
    Magnitude of B_grad:	0.015179038969972	
    Magnitude of b:	1.4565285973363	

	
    Current index:	19501	
    Magnitude of W_grad:	1.9637251229409	
    Magnitude of W:	22999.76030076	
    Magnitude of B_grad:	0.066596794515397	
    Magnitude of b:	1.2023893919325	

	
    Current index:	29501	
    Magnitude of W_grad:	1.7455487572015	
    Magnitude of W:	22989.960480334	
    Magnitude of B_grad:	0.088768624745516	
    Magnitude of b:	1.5607874939016	

	
    Current index:	39501	
    Magnitude of W_grad:	2.1044030242827	
    Magnitude of W:	22980.43341863	
    Magnitude of B_grad:	0.019581695125625	
    Magnitude of b:	1.4387424421579	

	
    Current index:	49501	
    Magnitude of W_grad:	3.0370411159405	
    Magnitude of W:	22970.228646173	
    Magnitude of B_grad:	0.20496712029328	
    Magnitude of b:	1.0730037905965	

	
    Current index:	59501	
    Magnitude of W_grad:	1.9996267507446	
    Magnitude of W:	22959.899669929	
    Magnitude of B_grad:	0.043930055191454	
    Magnitude of b:	1.0730037905965	

	
SGD: Loss is	
	LOSS:Calculated softmax res	
79146.174671086	
SGD: crossEntropyLoss is	
79146.174671086	
SGD: Validation Accuracy is:	
0.76156444906445	
SGD: Magnitude of W:	
22949.758451638	
SGD: Magnitude of b:	
1.0730037905965	
    Current index:	9501	
    Magnitude of W_grad:	1.6405898176349	
    Magnitude of W:	22940.614751435	
    Magnitude of B_grad:	0.015691671631864	
    Magnitude of b:	1.4346739397161	

	
    Current index:	19501	
    Magnitude of W_grad:	1.9311909715653	
    Magnitude of W:	22931.497244856	
    Magnitude of B_grad:	0.065053725500682	
    Magnitude of b:	1.1867238753915	

	
    Current index:	29501	
    Magnitude of W_grad:	1.7146801306818	
    Magnitude of W:	22921.897198521	
    Magnitude of B_grad:	0.086752341049232	
    Magnitude of b:	1.5369046597878	

	
    Current index:	39501	
    Magnitude of W_grad:	2.0717388300066	
    Magnitude of W:	22912.56014375	
    Magnitude of B_grad:	0.019891951719105	
    Magnitude of b:	1.4144163448763	

	
    Current index:	49501	
    Magnitude of W_grad:	2.9650011678226	
    Magnitude of W:	22902.609943952	
    Magnitude of B_grad:	0.20101991553971	
    Magnitude of b:	1.0730037905965	

	
    Current index:	59501	
    Magnitude of W_grad:	1.9619615190713	
    Magnitude of W:	22892.396341351	
    Magnitude of B_grad:	0.041540488863998	
    Magnitude of b:	1.0730037905965	

	
SGD: Loss is	
	LOSS:Calculated softmax res	
77448.047803397	
SGD: crossEntropyLoss is	
77448.047803397	
SGD: Validation Accuracy is:	
0.76442307692308	
SGD: Magnitude of W:	
22882.442460531	
SGD: Magnitude of b:	
1.0730037905965	
    Current index:	9501	
    Magnitude of W_grad:	1.6272454982214	
    Magnitude of W:	22873.504670624	
    Magnitude of B_grad:	0.016128927178901	
    Magnitude of b:	1.414415508896	

	
    Current index:	19501	
    Magnitude of W_grad:	1.8985820398641	
    Magnitude of W:	22864.494853707	
    Magnitude of B_grad:	0.06350345260897	
    Magnitude of b:	1.1726756501385	

	
    Current index:	29501	
    Magnitude of W_grad:	1.6859798683298	
    Magnitude of W:	22855.096741146	
    Magnitude of B_grad:	0.084735738936579	
    Magnitude of b:	1.5149439867984	

	
    Current index:	39501	
    Magnitude of W_grad:	2.0404665226012	
    Magnitude of W:	22845.943017461	
    Magnitude of B_grad:	0.020022109420418	
    Magnitude of b:	1.3920279003211	

	
    Current index:	49501	
    Magnitude of W_grad:	2.8950265495241	
    Magnitude of W:	22836.234311141	
    Magnitude of B_grad:	0.19716619441426	
    Magnitude of b:	1.0730037905965	

	
    Current index:	59501	
    Magnitude of W_grad:	1.9287063481714	
    Magnitude of W:	22826.255771466	
    Magnitude of B_grad:	0.039398054019571	
    Magnitude of b:	1.0730037905965	

	
SGD: Loss is	
	LOSS:Calculated softmax res	
75879.60018392	
SGD: crossEntropyLoss is	
75879.60018392	
SGD: Validation Accuracy is:	
0.76702182952183	
SGD: Magnitude of W:	
22816.50271123	
SGD: Magnitude of b:	
1.0730037905965	
    Current index:	9501	
    Magnitude of W_grad:	1.6141496809945	
    Magnitude of W:	22807.680084035	
    Magnitude of B_grad:	0.016503532871642	
    Magnitude of b:	1.3956213014798	

	
    Current index:	19501	
    Magnitude of W_grad:	1.8654217436509	
    Magnitude of W:	22798.966985992	
    Magnitude of B_grad:	0.06195387609192	
    Magnitude of b:	1.1600287029401	

	
    Current index:	29501	
    Magnitude of W_grad:	1.6602542327314	
    Magnitude of W:	22789.737320975	
    Magnitude of B_grad:	0.082727974143434	
    Magnitude of b:	1.4946803698758	

	
    Current index:	39501	
    Magnitude of W_grad:	2.0105109292909	
    Magnitude of W:	22780.778136533	
    Magnitude of B_grad:	0.020001040751937	
    Magnitude of b:	1.3713799857644	

	
    Current index:	49501	
    Magnitude of W_grad:	2.8273369557875	
    Magnitude of W:	22771.342863839	
    Magnitude of B_grad:	0.19343163049659	
    Magnitude of b:	1.0730037905965	

	
    Current index:	59501	
    Magnitude of W_grad:	1.8974892441763	
    Magnitude of W:	22761.546539655	
    Magnitude of B_grad:	0.037482420204656	
    Magnitude of b:	1.0730037905965	

	
SGD: Loss is	
	LOSS:Calculated softmax res	
74425.938414882	
SGD: crossEntropyLoss is	
74425.938414882	
SGD: Validation Accuracy is:	
0.76845114345114	
SGD: Magnitude of W:	
22751.925695322	
SGD: Magnitude of b:	
1.0730037905965	
    Current index:	9501	
    Magnitude of W_grad:	1.6011835339399	
    Magnitude of W:	22743.296962732	
    Magnitude of B_grad:	0.016824554020065	
    Magnitude of b:	1.3781673622691	

	
    Current index:	19501	
    Magnitude of W_grad:	1.83186790109	
    Magnitude of W:	22734.827638077	
    Magnitude of B_grad:	0.060415691748143	
    Magnitude of b:	1.1486035265113	

	
    Current index:	29501	
    Magnitude of W_grad:	1.6379957620525	
    Magnitude of W:	22725.777385114	
    Magnitude of B_grad:	0.08073805048005	
    Magnitude of b:	1.4759214291896	

	
    Current index:	39501	
    Magnitude of W_grad:	1.9816612092346	
    Magnitude of W:	22716.977453062	
    Magnitude of B_grad:	0.019851980728018	
    Magnitude of b:	1.3523022340634	

	
    Current index:	49501	
    Magnitude of W_grad:	2.7626615483148	
    Magnitude of W:	22707.710662171	
    Magnitude of B_grad:	0.1898336131354	
    Magnitude of b:	1.0730037905965	

	
    Current index:	59501	
    Magnitude of W_grad:	1.8682490069151	
    Magnitude of W:	22698.113497618	
    Magnitude of B_grad:	0.035774769590413	
    Magnitude of b:	1.0730037905965	

	
SGD: Loss is	
	LOSS:Calculated softmax res	
73074.203951825	
SGD: crossEntropyLoss is	
73074.203951825	
SGD: Validation Accuracy is:	
0.77066008316008	
SGD: Magnitude of W:	
22688.679210104	
SGD: Magnitude of b:	
1.0730037905965	
    Current index:	9501	
    Magnitude of W_grad:	1.5885486634406	
    Magnitude of W:	22680.16875185	
    Magnitude of B_grad:	0.017098504578908	
    Magnitude of b:	1.3619401743534	

	
    Current index:	19501	
    Magnitude of W_grad:	1.7988317038642	
    Magnitude of W:	22671.84082711	
    Magnitude of B_grad:	0.058899973679717	
    Magnitude of b:	1.1382508335325	

	
    Current index:	29501	
    Magnitude of W_grad:	1.6174006151854	
    Magnitude of W:	22662.908054575	
    Magnitude of B_grad:	0.078773984003136	
    Magnitude of b:	1.4585048223052	

	
    Current index:	39501	
    Magnitude of W_grad:	1.9542584735457	
    Magnitude of W:	22654.263139897	
    Magnitude of B_grad:	0.019593002898403	
    Magnitude of b:	1.3346432389317	

	
    Current index:	49501	
    Magnitude of W_grad:	2.7006508489094	
    Magnitude of W:	22645.181645089	
    Magnitude of B_grad:	0.18638206616984	
    Magnitude of b:	1.0730037905965	

	
    Current index:	59501	
    Magnitude of W_grad:	1.8407659092401	
    Magnitude of W:	22635.739493493	
    Magnitude of B_grad:	0.034257155981473	
    Magnitude of b:	1.0730037905965	

	
SGD: Loss is	
	LOSS:Calculated softmax res	
71813.361065523	
SGD: crossEntropyLoss is	
71813.361065523	
SGD: Validation Accuracy is:	
0.77066008316008	
SGD: Magnitude of W:	
22626.503602769	
SGD: Magnitude of b:	
1.0730037905965	
    Current index:	9501	
    Magnitude of W_grad:	1.5761158720426	
    Magnitude of W:	22618.168435093	
    Magnitude of B_grad:	0.017329981013919	
    Magnitude of b:	1.3468373161535	

	
    Current index:	19501	
    Magnitude of W_grad:	1.766143233124	
    Magnitude of W:	22610.00657087	
    Magnitude of B_grad:	0.0574164077544	
    Magnitude of b:	1.1288459212315	

	
    Current index:	29501	
    Magnitude of W_grad:	1.5976548076262	
    Magnitude of W:	22601.148220711	
    Magnitude of B_grad:	0.076842309567384	
    Magnitude of b:	1.4422944144636	

	
    Current index:	39501	
    Magnitude of W_grad:	1.9278585124872	
    Magnitude of W:	22592.619890749	
    Magnitude of B_grad:	0.019237844425394	
    Magnitude of b:	1.3182663512812	

	
    Current index:	49501	
    Magnitude of W_grad:	2.641245401977	
    Magnitude of W:	22583.769032045	
    Magnitude of B_grad:	0.18308092020039	
    Magnitude of b:	1.0730037905965	

	
    Current index:	59501	
    Magnitude of W_grad:	1.8148288994517	
    Magnitude of W:	22574.418482198	
    Magnitude of B_grad:	0.032912299760315	
    Magnitude of b:	1.0730037905965	

	
SGD: Loss is	
	LOSS:Calculated softmax res	
70633.980128714	
SGD: crossEntropyLoss is	
70633.980128714	
SGD: Validation Accuracy is:	
0.77195945945946	
SGD: Magnitude of W:	
22565.378822472	
SGD: Magnitude of b:	
1.0730037905965	
    Current index:	9501	
    Magnitude of W_grad:	1.5641923484474	
    Magnitude of W:	22557.140592402	
    Magnitude of B_grad:	0.01752214092003	
    Magnitude of b:	1.3327671428516	

	
    Current index:	19501	
    Magnitude of W_grad:	1.7342751663644	
    Magnitude of W:	22549.092406172	
    Magnitude of B_grad:	0.055972234891338	
    Magnitude of b:	1.1202838726073	

	
    Current index:	29501	
    Magnitude of W_grad:	1.5794547320376	
    Magnitude of W:	22540.303730627	
    Magnitude of B_grad:	0.074947906171796	
    Magnitude of b:	1.4271761660154	

	
    Current index:	39501	
    Magnitude of W_grad:	1.9027481655197	
    Magnitude of W:	22531.856037561	
    Magnitude of B_grad:	0.018797166572112	
    Magnitude of b:	1.3030484263542	

	
    Current index:	49501	
    Magnitude of W_grad:	2.5851724418326	
    Magnitude of W:	22523.06304586	
    Magnitude of B_grad:	0.17992976772618	
    Magnitude of b:	1.0730037905965	

	
    Current index:	59501	
    Magnitude of W_grad:	1.7904175866742	
    Magnitude of W:	22513.820956689	
    Magnitude of B_grad:	0.031723611965511	
    Magnitude of b:	1.0730037905965	

	
SGD: Loss is	
	LOSS:Calculated softmax res	
69528.009781781	
SGD: crossEntropyLoss is	
69528.009781781	
SGD: Validation Accuracy is:	
0.77390852390852	
SGD: Magnitude of W:	
22504.870881298	
SGD: Magnitude of b:	
1.0730037905965	
    Current index:	9501	
    Magnitude of W_grad:	1.5523759761215	
    Magnitude of W:	22496.682053702	
    Magnitude of B_grad:	0.017677141836954	
    Magnitude of b:	1.3196478712126	

	
    Current index:	19501	
    Magnitude of W_grad:	1.7030857380743	
    Magnitude of W:	22488.680346545	
    Magnitude of B_grad:	0.054571865396892	
    Magnitude of b:	1.1124755273355	

	
    Current index:	29501	
    Magnitude of W_grad:	1.5626534435832	
    Magnitude of W:	22479.995724175	
    Magnitude of B_grad:	0.07309405907241	
    Magnitude of b:	1.4130541120265	

	
    Current index:	39501	
    Magnitude of W_grad:	1.878344756798	
    Magnitude of W:	22471.613388076	
    Magnitude of B_grad:	0.018279816086911	
    Magnitude of b:	1.2888796449488	

	
    Current index:	49501	
    Magnitude of W_grad:	2.531894357265	
    Magnitude of W:	22462.948597375	
    Magnitude of B_grad:	0.17692537463792	
    Magnitude of b:	1.0730037905965	

	
    Current index:	59501	
    Magnitude of W_grad:	1.7688116244136	
    Magnitude of W:	22453.849280993	
    Magnitude of B_grad:	0.030675312284515	
    Magnitude of b:	1.0730037905965	

	
SGD: Loss is	
	LOSS:Calculated softmax res	
68488.551626747	
SGD: crossEntropyLoss is	
68488.551626747	
SGD: Validation Accuracy is:	
0.77507796257796	
SGD: Magnitude of W:	
22445.001877561	
SGD: Magnitude of b:	
1.0730037905965	
    Current index:	9501	
    Magnitude of W_grad:	1.5404455788721	
    Magnitude of W:	22436.9338944	
    Magnitude of B_grad:	0.017796548058995	
    Magnitude of b:	1.3074063032193	

	
    Current index:	19501	
    Magnitude of W_grad:	1.6727965394574	
    Magnitude of W:	22428.950793806	
    Magnitude of B_grad:	0.053217040364226	
    Magnitude of b:	1.1053441662216	

	
    Current index:	29501	
    Magnitude of W_grad:	1.5462468745067	
    Magnitude of W:	22420.423859006	
    Magnitude of B_grad:	0.071282673287909	
    Magnitude of b:	1.3998466163907	

	
    Current index:	39501	
    Magnitude of W_grad:	1.8545893460037	
    Magnitude of W:	22412.099802258	
    Magnitude of B_grad:	0.01769374461998	
    Magnitude of b:	1.2756630726471	

	
    Current index:	49501	
    Magnitude of W_grad:	2.4811069396564	
    Magnitude of W:	22403.542585615	
    Magnitude of B_grad:	0.1740628856534	
    Magnitude of b:	1.0730037905965	

	
    Current index:	59501	
    Magnitude of W_grad:	1.7493404886009	
    Magnitude of W:	22394.618874204	
    Magnitude of B_grad:	0.029752562206448	
    Magnitude of b:	1.0730037905965	

	
SGD: Loss is	
	LOSS:Calculated softmax res	
67509.652800995	
SGD: crossEntropyLoss is	
67509.652800995	
SGD: Validation Accuracy is:	
0.77676715176715	
SGD: Magnitude of W:	
22385.894198584	
SGD: Magnitude of b:	
1.0730037905965	
    Current index:	9501	
    Magnitude of W_grad:	1.5284173084503	
    Magnitude of W:	22378.006009448	
    Magnitude of B_grad:	0.017881677703687	
    Magnitude of b:	1.2959764050559	

	
    Current index:	19501	
    Magnitude of W_grad:	1.6441778381587	
    Magnitude of W:	22370.094011835	
    Magnitude of B_grad:	0.051907356228442	
    Magnitude of b:	1.0988228777179	

	
    Current index:	29501	
    Magnitude of W_grad:	1.5301800350517	
    Magnitude of W:	22361.702260982	
    Magnitude of B_grad:	0.06951456460521	
    Magnitude of b:	1.3874830550987	

	
    Current index:	39501	
    Magnitude of W_grad:	1.8314993530395	
    Magnitude of W:	22353.480080231	
    Magnitude of B_grad:	0.017046512998839	
    Magnitude of b:	1.2633135853551	

	
    Current index:	49501	
    Magnitude of W_grad:	2.432509084515	
    Magnitude of W:	22345.066690275	
    Magnitude of B_grad:	0.17133668240224	
    Magnitude of b:	1.0730037905965	

	
    Current index:	59501	
    Magnitude of W_grad:	1.7307140086263	
    Magnitude of W:	22336.232846104	
    Magnitude of B_grad:	0.028941573766524	
    Magnitude of b:	1.0730037905965	

	
SGD: Loss is	
	LOSS:Calculated softmax res	
66586.125724281	
SGD: crossEntropyLoss is	
66586.125724281	
SGD: Validation Accuracy is:	
0.77754677754678	
SGD: Magnitude of W:	
22327.634610098	
SGD: Magnitude of b:	
1.0730037905965	
    Current index:	9501	
    Magnitude of W_grad:	1.5163124826192	
    Magnitude of W:	22319.891205719	
    Magnitude of B_grad:	0.017933867145915	
    Magnitude of b:	1.285297942741	

	
    Current index:	19501	
    Magnitude of W_grad:	1.6167946603555	
    Magnitude of W:	22312.099029814	
    Magnitude of B_grad:	0.05064095044345	
    Magnitude of b:	1.0928525488949	

	
    Current index:	29501	
    Magnitude of W_grad:	1.5144976737037	
    Magnitude of W:	22303.851535064	
    Magnitude of B_grad:	0.067789769689021	
    Magnitude of b:	1.3759010706663	

	
    Current index:	39501	
    Magnitude of W_grad:	1.8091408709983	
    Magnitude of W:	22295.738133385	
    Magnitude of B_grad:	0.016345476400548	
    Magnitude of b:	1.2517563730315	

	
    Current index:	49501	
    Magnitude of W_grad:	2.3869989073007	
    Magnitude of W:	22287.456114444	
    Magnitude of B_grad:	0.16874092558109	
    Magnitude of b:	1.0730037905965	

	
    Current index:	59501	
    Magnitude of W_grad:	1.7129849330018	
    Magnitude of W:	22278.783762878	
    Magnitude of B_grad:	0.028229680821119	
    Magnitude of b:	1.0730037905965	

	
SGD: Loss is	
	LOSS:Calculated softmax res	
65713.398287407	
SGD: crossEntropyLoss is	
65713.398287407	
SGD: Validation Accuracy is:	
0.77741683991684	
SGD: Magnitude of W:	
22270.311648122	
SGD: Magnitude of b:	
1.0730037905965	
    Current index:	9501	
    Magnitude of W_grad:	1.50415491517	
    Magnitude of W:	22262.725962202	
    Magnitude of B_grad:	0.017954647313881	
    Magnitude of b:	1.2753153242135	

	
    Current index:	19501	
    Magnitude of W_grad:	1.5905579696637	
    Magnitude of W:	22255.057458542	
    Magnitude of B_grad:	0.049415175414136	
    Magnitude of b:	1.0873803837807	

	
    Current index:	29501	
    Magnitude of W_grad:	1.4993484142468	
    Magnitude of W:	22246.919372064	
    Magnitude of B_grad:	0.06610783459426	
    Magnitude of b:	1.3650444774623	

	
    Current index:	39501	
    Magnitude of W_grad:	1.7873097036499	
    Magnitude of W:	22238.870601531	
    Magnitude of B_grad:	0.01559778526564	
    Magnitude of b:	1.240925368835	

	
    Current index:	49501	
    Magnitude of W_grad:	2.3437203273411	
    Magnitude of W:	22230.693111897	
    Magnitude of B_grad:	0.16626984831795	
    Magnitude of b:	1.0730037905965	

	
    Current index:	59501	
    Magnitude of W_grad:	1.6959668980663	
    Magnitude of W:	22222.109218638	
    Magnitude of B_grad:	0.02760537373692	
    Magnitude of b:	1.0730037905965	

	
SGD: Loss is	
	LOSS:Calculated softmax res	
64887.393926512	
SGD: crossEntropyLoss is	
64887.393926512	
SGD: Validation Accuracy is:	
0.77793659043659	
SGD: Magnitude of W:	
22213.73860011	
SGD: Magnitude of b:	
1.0730037905965	
    Current index:	9501	
    Magnitude of W_grad:	1.4920137243109	
    Magnitude of W:	22206.308828272	
    Magnitude of B_grad:	0.017945840712407	
    Magnitude of b:	1.2659767228374	

	
    Current index:	19501	
    Magnitude of W_grad:	1.5654908073708	
    Magnitude of W:	22198.717994023	
    Magnitude of B_grad:	0.048227149056692	
    Magnitude of b:	1.0823588337693	

	
    Current index:	29501	
    Magnitude of W_grad:	1.4848955195222	
    Magnitude of W:	22190.672005636	
    Magnitude of B_grad:	0.064468058499894	
    Magnitude of b:	1.3548618003915	

	
    Current index:	39501	
    Magnitude of W_grad:	1.7659760564582	
    Magnitude of W:	22182.724102192	
    Magnitude of B_grad:	0.014810307324485	
    Magnitude of b:	1.2307618479102	

	
    Current index:	49501	
    Magnitude of W_grad:	2.3024339447188	
    Magnitude of W:	22174.675334914	
    Magnitude of B_grad:	0.16391787745437	
    Magnitude of b:	1.0730037905965	

	
    Current index:	59501	
    Magnitude of W_grad:	1.6795797352827	
    Magnitude of W:	22166.137095025	
    Magnitude of B_grad:	0.027058302241382	
    Magnitude of b:	1.0730037905965	

	
SGD: Loss is	
	LOSS:Calculated softmax res	
64104.438916536	
SGD: crossEntropyLoss is	
64104.438916536	
SGD: Validation Accuracy is:	
0.77858627858628	
SGD: Magnitude of W:	
22157.938993086	
SGD: Magnitude of b:	
1.0730037905965	
    Current index:	9501	
    Magnitude of W_grad:	1.4800120942989	
    Magnitude of W:	22150.645838723	
    Magnitude of B_grad:	0.017909594833584	
    Magnitude of b:	1.2572334857995	

	
    Current index:	19501	
    Magnitude of W_grad:	1.5417217557116	
    Magnitude of W:	22143.147136074	
    Magnitude of B_grad:	0.047074137066838	
    Magnitude of b:	1.07774482979	

	
    Current index:	29501	
    Magnitude of W_grad:	1.4714798538288	
    Magnitude of W:	22135.254152541	
    Magnitude of B_grad:	0.062869683570135	
    Magnitude of b:	1.3453053422145	

	
    Current index:	39501	
    Magnitude of W_grad:	1.7451135945798	
    Magnitude of W:	22127.394046133	
    Magnitude of B_grad:	0.013989532394207	
    Magnitude of b:	1.2212132871444	

	
    Current index:	49501	
    Magnitude of W_grad:	2.2630768111197	
    Magnitude of W:	22119.493691487	
    Magnitude of B_grad:	0.16167965194953	
    Magnitude of b:	1.0730037905965	

	
    Current index:	59501	
    Magnitude of W_grad:	1.6637645402924	
    Magnitude of W:	22111.049115246	
    Magnitude of B_grad:	0.026579250491477	
    Magnitude of b:	1.0730037905965	

	
SGD: Loss is	
	LOSS:Calculated softmax res	
63361.193087544	
SGD: crossEntropyLoss is	
63361.193087544	
SGD: Validation Accuracy is:	
0.77988565488565	
SGD: Magnitude of W:	
22102.978116884	
SGD: Magnitude of b:	
1.0730037905965	
    Current index:	9501	
    Magnitude of W_grad:	1.4680852297375	
    Magnitude of W:	22095.77342471	
    Magnitude of B_grad:	0.017848368139454	
    Magnitude of b:	1.2490397812794	

	
    Current index:	19501	
    Magnitude of W_grad:	1.519445634886	
    Magnitude of W:	22088.401616663	
    Magnitude of B_grad:	0.045953772834417	
    Magnitude of b:	1.0734992220739	

	
    Current index:	29501	
    Magnitude of W_grad:	1.4584295385978	
    Magnitude of W:	22080.639355505	
    Magnitude of B_grad:	0.061312030763712	
    Magnitude of b:	1.3363306300142	

	
    Current index:	39501	
    Magnitude of W_grad:	1.7246985445693	
    Magnitude of W:	22072.863856219	
    Magnitude of B_grad:	0.013141488787835	
    Magnitude of b:	1.2122324683557	

	
    Current index:	49501	
    Magnitude of W_grad:	2.2254665887261	
    Magnitude of W:	22065.089402647	
    Magnitude of B_grad:	0.15954999137492	
    Magnitude of b:	1.0730037905965	

	
    Current index:	59501	
    Magnitude of W_grad:	1.6487131329751	
    Magnitude of W:	22056.709931421	
    Magnitude of B_grad:	0.026160087607351	
    Magnitude of b:	1.0730037905965	

	
SGD: Loss is	
	LOSS:Calculated softmax res	
62654.599652404	
SGD: crossEntropyLoss is	
62654.599652404	
SGD: Validation Accuracy is:	
0.78092515592516	
SGD: Magnitude of W:	
22048.727005544	
SGD: Magnitude of b:	
1.0730037905965	
    Current index:	9501	
    Magnitude of W_grad:	1.4562416589744	
    Magnitude of W:	22041.557615447	
    Magnitude of B_grad:	0.01776488213368	
    Magnitude of b:	1.2413524156005	

	
    Current index:	19501	
    Magnitude of W_grad:	1.4983018325601	
    Magnitude of W:	22034.242639571	
    Magnitude of B_grad:	0.044864148266317	
    Magnitude of b:	1.0730037905965	

	
    Current index:	29501	
    Magnitude of W_grad:	1.4455602425166	
    Magnitude of W:	22026.547144904	
    Magnitude of B_grad:	0.059794585810524	
    Magnitude of b:	1.3278960934483	

	
    Current index:	39501	
    Magnitude of W_grad:	1.704810306346	
    Magnitude of W:	22018.826585283	
    Magnitude of B_grad:	0.012271682579638	
    Magnitude of b:	1.2037767623549	

	
    Current index:	49501	
    Magnitude of W_grad:	2.1895723094341	
    Magnitude of W:	22011.173238771	
    Magnitude of B_grad:	0.15752384946493	
    Magnitude of b:	1.0730037905965	

	
    Current index:	59501	
    Magnitude of W_grad:	1.6343861676777	
    Magnitude of W:	22002.853042205	
    Magnitude of B_grad:	0.025793697343632	
    Magnitude of b:	1.0730037905965	

	
SGD: Loss is	
	LOSS:Calculated softmax res	
61981.84978123	
SGD: crossEntropyLoss is	
61981.84978123	
SGD: Validation Accuracy is:	
0.78131496881497	
SGD: Magnitude of W:	
21994.94801061	
SGD: Magnitude of b:	
1.0730037905965	
    Current index:	9501	
    Magnitude of W_grad:	1.4445426134263	
    Magnitude of W:	21987.824444243	
    Magnitude of B_grad:	0.017662049923362	
    Magnitude of b:	1.2341307514823	

	
    Current index:	19501	
    Magnitude of W_grad:	1.4783396007091	
    Magnitude of W:	21980.583428118	
    Magnitude of B_grad:	0.043803816098926	
    Magnitude of b:	1.0730037905965	

	
    Current index:	29501	
    Magnitude of W_grad:	1.4328724448818	
    Magnitude of W:	21972.928750989	
    Magnitude of B_grad:	0.058317041380109	
    Magnitude of b:	1.3199628613224	

	
    Current index:	39501	
    Magnitude of W_grad:	1.6855345690504	
    Magnitude of W:	21965.245068958	
    Magnitude of B_grad:	0.011385063503769	
    Magnitude of b:	1.1958075333652	

	
    Current index:	49501	
    Magnitude of W_grad:	2.1554787475885	
    Magnitude of W:	21957.684460609	
    Magnitude of B_grad:	0.15559627248076	
    Magnitude of b:	1.0730037905965	

	
    Current index:	59501	
    Magnitude of W_grad:	1.6207641693438	
    Magnitude of W:	21949.510351196	
    Magnitude of B_grad:	0.02547389158815	
    Magnitude of b:	1.0730037905965	

	
SGD: Loss is	
	LOSS:Calculated softmax res	
61340.357859225	
SGD: crossEntropyLoss is	
61340.357859225	
SGD: Validation Accuracy is:	
0.78222453222453	
SGD: Magnitude of W:	
21941.683256561	
SGD: Magnitude of b:	
1.0730037905965	
    Current index:	9501	
    Magnitude of W_grad:	1.4332088981716	
    Magnitude of W:	21934.609927296	
    Magnitude of B_grad:	0.017542889684386	
    Magnitude of b:	1.2273366729309	

	
    Current index:	19501	
    Magnitude of W_grad:	1.459634983193	
    Magnitude of W:	21927.458192856	
    Magnitude of B_grad:	0.042771739681315	
    Magnitude of b:	1.0730037905965	

	
    Current index:	29501	
    Magnitude of W_grad:	1.4203685845229	
    Magnitude of W:	21919.844581355	
    Magnitude of B_grad:	0.056879302356228	
    Magnitude of b:	1.3124946078915	

	
    Current index:	39501	
    Magnitude of W_grad:	1.666736058388	
    Magnitude of W:	21912.234273282	
    Magnitude of B_grad:	0.010486017753299	
    Magnitude of b:	1.1882896265762	

	
    Current index:	49501	
    Magnitude of W_grad:	2.1228845098829	
    Magnitude of W:	21904.737337767	
    Magnitude of B_grad:	0.15376237157867	
    Magnitude of b:	1.0730037905965	

	
    Current index:	59501	
    Magnitude of W_grad:	1.6076110742852	
    Magnitude of W:	21896.718380445	
    Magnitude of B_grad:	0.025195313064314	
    Magnitude of b:	1.0730037905965	

	
SGD: Loss is	
	LOSS:Calculated softmax res	
60727.743910213	
SGD: crossEntropyLoss is	
60727.743910213	
SGD: Validation Accuracy is:	
0.78248440748441	
SGD: Magnitude of W:	
21888.960582391	
SGD: Magnitude of b:	
1.0730037905965	
    Current index:	9501	
    Magnitude of W_grad:	1.4221100524077	
    Magnitude of W:	21881.965462255	
    Magnitude of B_grad:	0.017410430867899	
    Magnitude of b:	1.2209345628182	

	
    Current index:	19501	
    Magnitude of W_grad:	1.4419189260584	
    Magnitude of W:	21874.891914819	
    Magnitude of B_grad:	0.041767217084045	
    Magnitude of b:	1.0730037905965	

	
    Current index:	29501	
    Magnitude of W_grad:	1.4089043478855	
    Magnitude of W:	21867.310065231	
    Magnitude of B_grad:	0.055481461874591	
    Magnitude of b:	1.3054574193632	

	
    Current index:	39501	
    Magnitude of W_grad:	1.6482905713257	
    Magnitude of W:	21859.761237339	
    Magnitude of B_grad:	0.0095783850901645	
    Magnitude of b:	1.1811909255029	

	
    Current index:	49501	
    Magnitude of W_grad:	2.0919999456785	
    Magnitude of W:	21852.342234973	
    Magnitude of B_grad:	0.15201731208067	
    Magnitude of b:	1.0730037905965	

	
    Current index:	59501	
    Magnitude of W_grad:	1.5947924352807	
    Magnitude of W:	21844.449638546	
    Magnitude of B_grad:	0.024953332627018	
    Magnitude of b:	1.0730037905965	

	
SGD: Loss is	
	LOSS:Calculated softmax res	
60141.82035151	
SGD: crossEntropyLoss is	
60141.82035151	
SGD: Validation Accuracy is:	
0.7831340956341	
SGD: Magnitude of W:	
21836.782134944	
SGD: Magnitude of b:	
1.0730037905965	
    Current index:	9501	
    Magnitude of W_grad:	1.4110690028104	
    Magnitude of W:	21829.943218466	
    Magnitude of B_grad:	0.017267621181499	
    Magnitude of b:	1.2148912785676	

	
    Current index:	19501	
    Magnitude of W_grad:	1.4251854864565	
    Magnitude of W:	21822.939903954	
    Magnitude of B_grad:	0.040789797271707	
    Magnitude of b:	1.0730037905965	

	
    Current index:	29501	
    Magnitude of W_grad:	1.3983395500273	
    Magnitude of W:	21815.437430302	
    Magnitude of B_grad:	0.054123756407039	
    Magnitude of b:	1.2988196755824	

	
    Current index:	39501	
    Magnitude of W_grad:	1.630181423139	
    Magnitude of W:	21807.95129467	
    Magnitude of B_grad:	0.0086654951105139	
    Magnitude of b:	1.1744819794815	

	
    Current index:	49501	
    Magnitude of W_grad:	2.0625072583417	
    Magnitude of W:	21800.599220363	
    Magnitude of B_grad:	0.15035631905652	
    Magnitude of b:	1.0730037905965	

	
    Current index:	59501	
    Magnitude of W_grad:	1.5822743429818	
    Magnitude of W:	21792.798159459	
    Magnitude of B_grad:	0.024743946064786	
    Magnitude of b:	1.0730037905965	

	
SGD: Loss is	
	LOSS:Calculated softmax res	
59580.580972234	
SGD: crossEntropyLoss is	
59580.580972234	
SGD: Validation Accuracy is:	
0.78339397089397	
SGD: Magnitude of W:	
21785.224127171	
SGD: Magnitude of b:	
1.0730037905965	
    Current index:	9501	
    Magnitude of W_grad:	1.4000934253516	
    Magnitude of W:	21778.452960023	
    Magnitude of B_grad:	0.017117242412165	
    Magnitude of b:	1.2091761247596	

	
    Current index:	19501	
    Magnitude of W_grad:	1.4096907084754	
    Magnitude of W:	21771.50487942	
    Magnitude of B_grad:	0.039839198795796	
    Magnitude of b:	1.0730037905965	

	
    Current index:	29501	
    Magnitude of W_grad:	1.3883651410777	
    Magnitude of W:	21764.056304619	
    Magnitude of B_grad:	0.052806508433697	
    Magnitude of b:	1.292551951226	

	
    Current index:	39501	
    Magnitude of W_grad:	1.6124521280959	
    Magnitude of W:	21756.6380004	
    Magnitude of B_grad:	0.0077502160057199	
    Magnitude of b:	1.1681357036903	

	
    Current index:	49501	
    Magnitude of W_grad:	2.034330117926	
    Magnitude of W:	21749.345297511	
    Magnitude of B_grad:	0.14877469655434	
    Magnitude of b:	1.0730037905965	

	
    Current index:	59501	
    Magnitude of W_grad:	1.5700289858403	
    Magnitude of W:	21741.627580245	
    Magnitude of B_grad:	0.024563674658085	
    Magnitude of b:	1.0730037905965	

	
SGD: Loss is	
	LOSS:Calculated softmax res	
59042.190718933	
SGD: crossEntropyLoss is	
59042.190718933	
SGD: Validation Accuracy is:	
0.78339397089397	
SGD: Magnitude of W:	
21734.135206506	
SGD: Magnitude of b:	
1.0730037905965	
    Current index:	9501	
    Magnitude of W_grad:	1.3892941776878	
    Magnitude of W:	21727.407476638	
    Magnitude of B_grad:	0.016961842342028	
    Magnitude of b:	1.2037608271809	

	
    Current index:	19501	
    Magnitude of W_grad:	1.394983881612	
    Magnitude of W:	21720.499920095	
    Magnitude of B_grad:	0.038915236265231	
    Magnitude of b:	1.0730037905965	

	
    Current index:	29501	
    Magnitude of W_grad:	1.3785990680208	
    Magnitude of W:	21713.094801561	
    Magnitude of B_grad:	0.051530064920721	
    Magnitude of b:	1.286626939674	

	
    Current index:	39501	
    Magnitude of W_grad:	1.5951534686793	
    Magnitude of W:	21705.777891722	
    Magnitude of B_grad:	0.0068350091205276	
    Magnitude of b:	1.1621271488617	

	
    Current index:	49501	
    Magnitude of W_grad:	2.0079537518318	
    Magnitude of W:	21698.601599401	
    Magnitude of B_grad:	0.14726785648913	
    Magnitude of b:	1.0730037905965	

	
    Current index:	59501	
    Magnitude of W_grad:	1.5579946375994	
    Magnitude of W:	21690.967455268	
    Magnitude of B_grad:	0.024409473051882	
    Magnitude of b:	1.0730037905965	

	
SGD: Loss is	
	LOSS:Calculated softmax res	
58524.975471203	
SGD: crossEntropyLoss is	
58524.975471203	
SGD: Validation Accuracy is:	
0.78365384615385	
SGD: Magnitude of W:	
21683.560390418	
SGD: Magnitude of b:	
1.0730037905965	
    Current index:	9501	
    Magnitude of W_grad:	1.3785848697381	
    Magnitude of W:	21676.90227292	
    Magnitude of B_grad:	0.016803688102643	
    Magnitude of b:	1.1986195117291	

	
    Current index:	19501	
    Magnitude of W_grad:	1.3810308064403	
    Magnitude of W:	21670.051913484	
    Magnitude of B_grad:	0.038017756473116	
    Magnitude of b:	1.0730037905965	

	
    Current index:	29501	
    Magnitude of W_grad:	1.3689891268092	
    Magnitude of W:	21662.705501889	
    Magnitude of B_grad:	0.050294738835738	
    Magnitude of b:	1.2810193969738	

	
    Current index:	39501	
    Magnitude of W_grad:	1.5781425595007	
    Magnitude of W:	21655.483284931	
    Magnitude of B_grad:	0.005921983742708	
    Magnitude of b:	1.1564333308535	

	
    Current index:	49501	
    Magnitude of W_grad:	1.9826783852494	
    Magnitude of W:	21648.420433294	
    Magnitude of B_grad:	0.14583135253996	
    Magnitude of b:	1.0730037905965	

	
    Current index:	59501	
    Magnitude of W_grad:	1.546665606983	
    Magnitude of W:	21640.901351735	
    Magnitude of B_grad:	0.024278647283675	
    Magnitude of b:	1.0730037905965	

	
SGD: Loss is	
	LOSS:Calculated softmax res	
58027.411458354	
SGD: crossEntropyLoss is	
58027.411458354	
SGD: Validation Accuracy is:	
0.78365384615385	
SGD: Magnitude of W:	
21633.594903178	
SGD: Magnitude of b:	
1.0730037905965	
    Current index:	9501	
    Magnitude of W_grad:	1.3679508494789	
    Magnitude of W:	21627.035161649	
    Magnitude of B_grad:	0.016644743431948	
    Magnitude of b:	1.193728685788	

	
    Current index:	19501	
    Magnitude of W_grad:	1.3677275534923	
    Magnitude of W:	21620.271795987	
    Magnitude of B_grad:	0.037146584256942	
    Magnitude of b:	1.0730037905965	

	
    Current index:	29501	
    Magnitude of W_grad:	1.3600297200162	
    Magnitude of W:	21612.993600472	
    Magnitude of B_grad:	0.049100759317292	
    Magnitude of b:	1.2757060972608	

	
    Current index:	39501	
    Magnitude of W_grad:	1.5614078772411	
    Magnitude of W:	21605.863081999	
    Magnitude of B_grad:	0.0050129482746952	
    Magnitude of b:	1.1510331049462	

	
    Current index:	49501	
    Magnitude of W_grad:	1.9584379917957	
    Magnitude of W:	21598.901976611	
    Magnitude of B_grad:	0.14446091447657	
    Magnitude of b:	1.0730037905965	

	
    Current index:	59501	
    Magnitude of W_grad:	1.5355146665086	
    Magnitude of W:	21591.475934628	
    Magnitude of B_grad:	0.024168785042901	
    Magnitude of b:	1.0730037905965	

	
SGD: Loss is	
	LOSS:Calculated softmax res	
57548.114292865	
SGD: crossEntropyLoss is	
57548.114292865	
SGD: Validation Accuracy is:	
0.78443347193347	
SGD: Magnitude of W:	
21584.222201389	
SGD: Magnitude of b:	
1.0730037905965	
    Current index:	9501	
    Magnitude of W_grad:	1.3579317256779	
    Magnitude of W:	21577.707707193	
    Magnitude of B_grad:	0.016486668788262	
    Magnitude of b:	1.1890672118464	

	
    Current index:	19501	
    Magnitude of W_grad:	1.3553977342907	
    Magnitude of W:	21570.987220718	
    Magnitude of B_grad:	0.036301477733859	
    Magnitude of b:	1.0730037905965	

	
    Current index:	29501	
    Magnitude of W_grad:	1.3513591243233	
    Magnitude of W:	21563.759653823	
    Magnitude of B_grad:	0.047948233997196	
    Magnitude of b:	1.2706657867649	

	
    Current index:	39501	
    Magnitude of W_grad:	1.5449391763907	
    Magnitude of W:	21556.665597987	
    Magnitude of B_grad:	0.0041094557481647	
    Magnitude of b:	1.145907067178	

	
    Current index:	49501	
    Magnitude of W_grad:	1.9351679964569	
    Magnitude of W:	21549.793591111	
    Magnitude of B_grad:	0.14315247899216	
    Magnitude of b:	1.0730037905965	

	
    Current index:	59501	
    Magnitude of W_grad:	1.5244783825385	
    Magnitude of W:	21542.416223295	
    Magnitude of B_grad:	0.024077699424572	
    Magnitude of b:	1.0730037905965	

	
SGD: Loss is	
	LOSS:Calculated softmax res	
57085.827786209	
SGD: crossEntropyLoss is	
57085.827786209	
SGD: Validation Accuracy is:	
0.7852130977131	
SGD: Magnitude of W:	
21535.225032325	
SGD: Magnitude of b:	
1.0730037905965	
    Current index:	9501	
    Magnitude of W_grad:	1.348211687991	
    Magnitude of W:	21528.727237149	
    Magnitude of B_grad:	0.016330839737731	
    Magnitude of b:	1.1846162563855	

	
    Current index:	19501	
    Magnitude of W_grad:	1.343729574905	
    Magnitude of W:	21522.039605144	
    Magnitude of B_grad:	0.035482093101607	
    Magnitude of b:	1.0730037905965	

	
    Current index:	29501	
    Magnitude of W_grad:	1.342823448106	
    Magnitude of W:	21514.862419187	
    Magnitude of B_grad:	0.046837124622138	
    Magnitude of b:	1.2658791220444	

	
    Current index:	39501	
    Magnitude of W_grad:	1.52872742178	
    Magnitude of W:	21507.809852183	
    Magnitude of B_grad:	0.0032128432404131	
    Magnitude of b:	1.1410374650741	

	
    Current index:	49501	
    Magnitude of W_grad:	1.9128056720444	
    Magnitude of W:	21501.011083713	
    Magnitude of B_grad:	0.14190221403897	
    Magnitude of b:	1.0730037905965	

	
    Current index:	59501	
    Magnitude of W_grad:	1.5135507402185	
    Magnitude of W:	21493.691683471	
    Magnitude of B_grad:	0.024003386541812	
    Magnitude of b:	1.0730037905965	

	
SGD: Loss is	
	LOSS:Calculated softmax res	
56639.412794446	
SGD: crossEntropyLoss is	
56639.412794446	
SGD: Validation Accuracy is:	
0.78599272349272	
SGD: Magnitude of W:	
21486.577513736	
SGD: Magnitude of b:	
1.0730037905965	
    Current index:	9501	
    Magnitude of W_grad:	1.3386103615364	
    Magnitude of W:	21480.105280481	
    Magnitude of B_grad:	0.01617837635587	
    Magnitude of b:	1.1803591950927	

	
    Current index:	19501	
    Magnitude of W_grad:	1.3327013584555	
    Magnitude of W:	21473.446814935	
    Magnitude of B_grad:	0.034687960065478	
    Magnitude of b:	1.0730037905965	

	
    Current index:	29501	
    Magnitude of W_grad:	1.3350840556534	
    Magnitude of W:	21466.319639954	
    Magnitude of B_grad:	0.045767234959378	
    Magnitude of b:	1.2613285800739	

	
    Current index:	39501	
    Magnitude of W_grad:	1.5127647078126	
    Magnitude of W:	21459.327073942	
    Magnitude of B_grad:	0.002324265914329	
    Magnitude of b:	1.1364081027302	

	
    Current index:	49501	
    Magnitude of W_grad:	1.8912905935804	
    Magnitude of W:	21452.585373437	
    Magnitude of B_grad:	0.14070653460486	
    Magnitude of b:	1.0730037905965	

	
    Current index:	59501	
    Magnitude of W_grad:	1.5027274650712	
    Magnitude of W:	21445.366464824	
    Magnitude of B_grad:	0.02394399628291	
    Magnitude of b:	1.0730037905965	

	
SGD: Loss is	
	LOSS:Calculated softmax res	
56207.8363475	
SGD: crossEntropyLoss is	
56207.8363475	
SGD: Validation Accuracy is:	
0.78703222453222	
SGD: Magnitude of W:	
21438.324498221	
SGD: Magnitude of b:	
1.0730037905965	
    Current index:	9501	
    Magnitude of W_grad:	1.3290648028018	
    Magnitude of W:	21431.878437402	
    Magnitude of B_grad:	0.016030175528392	
    Magnitude of b:	1.1762814611619	

	
    Current index:	19501	
    Magnitude of W_grad:	1.3221539080384	
    Magnitude of W:	21425.261756307	
    Magnitude of B_grad:	0.033918469350795	
    Magnitude of b:	1.0730037905965	

	
    Current index:	29501	
    Magnitude of W_grad:	1.3274745293641	
    Magnitude of W:	21418.181407164	
    Magnitude of B_grad:	0.044738208484461	
    Magnitude of b:	1.2569983336694	

	
    Current index:	39501	
    Magnitude of W_grad:	1.4970441746055	
    Magnitude of W:	21411.242310348	
    Magnitude of B_grad:	0.0014447269518186	
    Magnitude of b:	1.1320042304944	

	
    Current index:	49501	
    Magnitude of W_grad:	1.8705651260359	
    Magnitude of W:	21404.543866623	
    Magnitude of B_grad:	0.1395621088357	
    Magnitude of b:	1.0730037905965	

	
    Current index:	59501	
    Magnitude of W_grad:	1.4921675111113	
    Magnitude of W:	21397.405898376	
    Magnitude of B_grad:	0.023897814242839	
    Magnitude of b:	1.0730037905965	

	
SGD: Loss is	
	LOSS:Calculated softmax res	
55790.161278283	
SGD: crossEntropyLoss is	
55790.161278283	
SGD: Validation Accuracy is:	
0.78690228690229	
SGD: Magnitude of W:	
21390.465123567	
SGD: Magnitude of b:	
1.0730037905965	
    Current index:	9501	
    Magnitude of W_grad:	1.319575725776	
    Magnitude of W:	21384.117692925	
    Magnitude of B_grad:	0.015886939481239	
    Magnitude of b:	1.172370336504	

	
    Current index:	19501	
    Magnitude of W_grad:	1.3120258177192	
    Magnitude of W:	21377.536385547	
    Magnitude of B_grad:	0.033172873153743	
    Magnitude of b:	1.0730037905965	

	
    Current index:	29501	
    Magnitude of W_grad:	1.3200095031029	
    Magnitude of W:	21370.507458522	
    Magnitude of B_grad:	0.043749532848468	
    Magnitude of b:	1.2528740945379	

	
    Current index:	39501	
    Magnitude of W_grad:	1.481559930429	
    Magnitude of W:	21363.622690506	
    Magnitude of B_grad:	0.00057510453370551	
    Magnitude of b:	1.1278124168868	

	
    Current index:	49501	
    Magnitude of W_grad:	1.8505844078513	
    Magnitude of W:	21357.059140197	
    Magnitude of B_grad:	0.13846585453269	
    Magnitude of b:	1.0730037905965	

	
    Current index:	59501	
    Magnitude of W_grad:	1.4821955800402	
    Magnitude of W:	21350.00183365	
    Magnitude of B_grad:	0.023863251724009	
    Magnitude of b:	1.0730037905965	

	
SGD: Loss is	
	LOSS:Calculated softmax res	
55385.536508956	
SGD: crossEntropyLoss is	
55385.536508956	
SGD: Validation Accuracy is:	
0.78703222453222	
SGD: Magnitude of W:	
21343.157695572	
SGD: Magnitude of b:	
1.0730037905965	
    Current index:	9501	
    Magnitude of W_grad:	1.310144035755	
    Magnitude of W:	21336.865942004	
    Magnitude of B_grad:	0.015749197116198	
    Magnitude of b:	1.1686147013852	

	
    Current index:	19501	
    Magnitude of W_grad:	1.3025661547403	
    Magnitude of W:	21330.307655434	
    Magnitude of B_grad:	0.03245029783757	
    Magnitude of b:	1.0730037905965	

	
    Current index:	29501	
    Magnitude of W_grad:	1.3126457748958	
    Magnitude of W:	21323.320086026	
    Magnitude of B_grad:	0.042800548547487	
    Magnitude of b:	1.2489429351614	

	
    Current index:	39501	
    Magnitude of W_grad:	1.466306985418	
    Magnitude of W:	21316.479193611	
    Magnitude of B_grad:	0.0002838235820416	
    Magnitude of b:	1.1238204078846	

	
    Current index:	49501	
    Magnitude of W_grad:	1.8312901391399	
    Magnitude of W:	21309.981720712	
    Magnitude of B_grad:	0.13741492730716	
    Magnitude of b:	1.0730037905965	

	
    Current index:	59501	
    Magnitude of W_grad:	1.472354180499	
    Magnitude of W:	21302.96486036	
    Magnitude of B_grad:	0.023838840190553	
    Magnitude of b:	1.0730037905965	

	
SGD: Loss is	
	LOSS:Calculated softmax res	
54993.188088016	
SGD: crossEntropyLoss is	
54993.188088016	
SGD: Validation Accuracy is:	
0.78768191268191	
SGD: Magnitude of W:	
21296.211831236	
SGD: Magnitude of b:	
1.0730037905965	
    Current index:	9501	
    Magnitude of W_grad:	1.3007708864516	
    Magnitude of W:	21289.992935627	
    Magnitude of B_grad:	0.015617318389778	
    Magnitude of b:	1.1650047691901	

	
    Current index:	19501	
    Magnitude of W_grad:	1.2937144064772	
    Magnitude of W:	21283.491700428	
    Magnitude of B_grad:	0.031749766352854	
    Magnitude of b:	1.0730037905965	

	
    Current index:	29501	
    Magnitude of W_grad:	1.3053598195466	
    Magnitude of W:	21276.548632678	
    Magnitude of B_grad:	0.041890460147687	
    Magnitude of b:	1.2451931060879	

	
    Current index:	39501	
    Magnitude of W_grad:	1.4512811958353	
    Magnitude of W:	21269.762860564	
    Magnitude of B_grad:	0.0011313580460079	
    Magnitude of b:	1.1200169835454	

	
    Current index:	49501	
    Magnitude of W_grad:	1.8126334107497	
    Magnitude of W:	21263.329302343	
    Magnitude of B_grad:	0.13640670276133	
    Magnitude of b:	1.0730037905965	

	
    Current index:	59501	
    Magnitude of W_grad:	1.4626130607071	
    Magnitude of W:	21256.373000332	
    Magnitude of B_grad:	0.023823226991565	
    Magnitude of b:	1.0730037905965	

	
SGD: Loss is	
	LOSS:Calculated softmax res	
54612.41101469	
SGD: crossEntropyLoss is	
54612.41101469	
SGD: Validation Accuracy is:	
0.78794178794179	
SGD: Magnitude of W:	
21249.698168774	
SGD: Magnitude of b:	
1.0730037905965	
    Current index:	9501	
    Magnitude of W_grad:	1.2915660966159	
    Magnitude of W:	21243.552056696	
    Magnitude of B_grad:	0.015491524544224	
    Magnitude of b:	1.1615318347047	

	
    Current index:	19501	
    Magnitude of W_grad:	1.2852803234581	
    Magnitude of W:	21237.125170019	
    Magnitude of B_grad:	0.031070226574181	
    Magnitude of b:	1.0730037905965	

	
    Current index:	29501	
    Magnitude of W_grad:	1.2981476994233	
    Magnitude of W:	21230.207701496	
    Magnitude of B_grad:	0.041018349323105	
    Magnitude of b:	1.2416138648635	

	
    Current index:	39501	
    Magnitude of W_grad:	1.4364792139908	
    Magnitude of W:	21223.452765954	
    Magnitude of B_grad:	0.001966859086432	
    Magnitude of b:	1.1163918224648	

	
    Current index:	49501	
    Magnitude of W_grad:	1.7945712854008	
    Magnitude of W:	21217.06981724	
    Magnitude of B_grad:	0.13543875560813	
    Magnitude of b:	1.0730037905965	

	
    Current index:	59501	
    Magnitude of W_grad:	1.4529730164703	
    Magnitude of W:	21210.160124884	
    Magnitude of B_grad:	0.023815170357196	
    Magnitude of b:	1.0730037905965	

	
SGD: Loss is	
	LOSS:Calculated softmax res	
54242.561843665	
SGD: crossEntropyLoss is	
54242.561843665	
SGD: Validation Accuracy is:	
0.78820166320166	
SGD: Magnitude of W:	
21203.558081614	
SGD: Magnitude of b:	
1.0730037905965	
    Current index:	9501	
    Magnitude of W_grad:	1.2832278176129	
    Magnitude of W:	21197.482982171	
    Magnitude of B_grad:	0.015371897726895	
    Magnitude of b:	1.1581880569239	

	
    Current index:	19501	
    Magnitude of W_grad:	1.2771491720461	
    Magnitude of W:	21191.086407686	
    Magnitude of B_grad:	0.030410581481475	
    Magnitude of b:	1.0730037905965	

	
    Current index:	29501	
    Magnitude of W_grad:	1.2910057312405	
    Magnitude of W:	21184.229641077	
    Magnitude of B_grad:	0.040183189485121	
    Magnitude of b:	1.2381953276097	

	
    Current index:	39501	
    Magnitude of W_grad:	1.4218984377252	
    Magnitude of W:	21177.508331482	
    Magnitude of B_grad:	0.0027897315102999	
    Magnitude of b:	1.1129353813428	

	
    Current index:	49501	
    Magnitude of W_grad:	1.7771626868653	
    Magnitude of W:	21171.15723557	
    Magnitude of B_grad:	0.13450883849105	
    Magnitude of b:	1.0730037905965	

	
    Current index:	59501	
    Magnitude of W_grad:	1.4434419625904	
    Magnitude of W:	21164.267890817	
    Magnitude of B_grad:	0.023813533043127	
    Magnitude of b:	1.0730037905965	

	
SGD: Loss is	
	LOSS:Calculated softmax res	
53883.052036085	
SGD: crossEntropyLoss is	
53883.052036085	
SGD: Validation Accuracy is:	
0.78872141372141	
SGD: Magnitude of W:	
21157.735823708	
SGD: Magnitude of b:	
1.0730037905965	
    Current index:	9501	
    Magnitude of W_grad:	1.2749417962245	
    Magnitude of W:	21151.755385802	
    Magnitude of B_grad:	0.015258392686883	
    Magnitude of b:	1.1549662857449	

	
    Current index:	19501	
    Magnitude of W_grad:	1.2693895231543	
    Magnitude of W:	21145.407060127	
    Magnitude of B_grad:	0.029769717798477	
    Magnitude of b:	1.0730037905965	

	
    Current index:	29501	
    Magnitude of W_grad:	1.2839304910348	
    Magnitude of W:	21138.589811658	
    Magnitude of B_grad:	0.039383861869603	
    Magnitude of b:	1.2349283472224	

	
    Current index:	39501	
    Magnitude of W_grad:	1.4075369547315	
    Magnitude of W:	21131.896963662	
    Magnitude of B_grad:	0.003599413862799	
    Magnitude of b:	1.1096387922745	

	
    Current index:	49501	
    Magnitude of W_grad:	1.7602754170619	
    Magnitude of W:	21125.618637106	
    Magnitude of B_grad:	0.13361486257331	
    Magnitude of b:	1.0730037905965	

	
    Current index:	59501	
    Magnitude of W_grad:	1.4340956411202	
    Magnitude of W:	21118.767327863	
    Magnitude of B_grad:	0.023817275000315	
    Magnitude of b:	1.0730037905965	

	
SGD: Loss is	
	LOSS:Calculated softmax res	
53533.342009777	
SGD: crossEntropyLoss is	
53533.342009777	
SGD: Validation Accuracy is:	
0.78963097713098	
SGD: Magnitude of W:	
21112.294996443	
SGD: Magnitude of b:	
1.0730037905965	
    Current index:	9501	
    Magnitude of W_grad:	1.2667087056793	
    Magnitude of W:	21106.377092285	
    Magnitude of B_grad:	0.015150851684698	
    Magnitude of b:	1.1518599314944	

	
    Current index:	19501	
    Magnitude of W_grad:	1.261900500887	
    Magnitude of W:	21100.117949839	
    Magnitude of B_grad:	0.029146530885444	
    Magnitude of b:	1.0730037905965	

	
    Current index:	29501	
    Magnitude of W_grad:	1.2769188175787	
    Magnitude of W:	21093.348800863	
    Magnitude of B_grad:	0.038619172764244	
    Magnitude of b:	1.2318044164235	

	
    Current index:	39501	
    Magnitude of W_grad:	1.3933934794538	
    Magnitude of W:	21086.68143794	
    Magnitude of B_grad:	0.0043953716144076	
    Magnitude of b:	1.1064937766265	

	
    Current index:	49501	
    Magnitude of W_grad:	1.7438751198663	
    Magnitude of W:	21080.483294299	
    Magnitude of B_grad:	0.13275488106309	
    Magnitude of b:	1.0730037905965	

	
    Current index:	59501	
    Magnitude of W_grad:	1.4248553881642	
    Magnitude of W:	21073.679820457	
    Magnitude of B_grad:	0.023825445853941	
    Magnitude of b:	1.0730037905965	

	
SGD: Loss is	
	LOSS:Calculated softmax res	
53192.935837889	
SGD: crossEntropyLoss is	
53192.935837889	
SGD: Validation Accuracy is:	
0.79002079002079	
SGD: Magnitude of W:	
21067.256092621	
SGD: Magnitude of b:	
1.0730037905965	
    Current index:	9501	
    Magnitude of W_grad:	1.2585296287831	
    Magnitude of W:	21061.394140699	
    Magnitude of B_grad:	0.015049022326169	
    Magnitude of b:	1.1488628700973	

	
    Current index:	19501	
    Magnitude of W_grad:	1.255141796258	
    Magnitude of W:	21055.188834438	
    Magnitude of B_grad:	0.028539944879593	
    Magnitude of b:	1.0730037905965	

	
    Current index:	29501	
    Magnitude of W_grad:	1.2700539722737	
    Magnitude of W:	21048.456173753	
    Magnitude of B_grad:	0.037887871319175	
    Magnitude of b:	1.2288155909547	

	
    Current index:	39501	
    Magnitude of W_grad:	1.3795365455606	
    Magnitude of W:	21041.849553252	
    Magnitude of B_grad:	0.0051770938569562	
    Magnitude of b:	1.1034925725914	

	
    Current index:	49501	
    Magnitude of W_grad:	1.7279419763935	
    Magnitude of W:	21035.698482345	
    Magnitude of B_grad:	0.13192707602447	
    Magnitude of b:	1.0730037905965	

	
    Current index:	59501	
    Magnitude of W_grad:	1.4157236384929	
    Magnitude of W:	21028.927622779	
    Magnitude of B_grad:	0.023837177897329	
    Magnitude of b:	1.0730037905965	

	
Done.	
Testing on validation set...	
Done	
Datafile:	/n/home09/ankitgupta/CS287/HW1/SST2-uni-sent.hdf5	Classifier:	lr	Alpha:	0	Eta:	1	Lambda:	1	Minibatch size:	500	Num Epochs:	50	Minimum Sentence Length:	0	
Accuracy:	0.79002079002079	
