[?1034hDatafile:	/n/home09/ankitgupta/CS287/HW1/MPQA-uni.hdf5	Classifier:	lr	Alpha:	0	Eta:	0.5	Lambda:	1	Minibatch size:	500	Num Epochs:	50	Minimum Sentence Length:	5	
Note that not all parameters may apply to all classifiers	
Loading datafiles...	
Number of training samples before removing small sentences	10606	
Number of training samples after removing small sentences	1999	
Done.	
Training classifier...	
SGD: Loss is	
	LOSS:Calculated softmax res	
8249.5320115723	
SGD: crossEntropyLoss is	
8249.5320115723	
SGD: Validation Accuracy is:	
0.37185929648241	
SGD: Magnitude of W:	
9929.8517198828	
SGD: Magnitude of b:	
2.2591614811838	
SGD: Loss is	
	LOSS:Calculated softmax res	
8021.1834236149	
SGD: crossEntropyLoss is	
8021.1834236149	
SGD: Validation Accuracy is:	
0.34170854271357	
SGD: Magnitude of W:	
9917.0490038986	
SGD: Magnitude of b:	
2.5703258646408	
SGD: Loss is	
	LOSS:Calculated softmax res	
7894.6533228024	
SGD: crossEntropyLoss is	
7894.6533228024	
SGD: Validation Accuracy is:	
0.32160804020101	
SGD: Magnitude of W:	
9904.4765917977	
SGD: Magnitude of b:	
2.7391148177615	
SGD: Loss is	
	LOSS:Calculated softmax res	
7813.0965591572	
SGD: crossEntropyLoss is	
7813.0965591572	
SGD: Validation Accuracy is:	
0.29145728643216	
SGD: Magnitude of W:	
9892.0331786497	
SGD: Magnitude of b:	
2.8277166471155	
SGD: Loss is	
	LOSS:Calculated softmax res	
7753.8825128017	
SGD: crossEntropyLoss is	
7753.8825128017	
SGD: Validation Accuracy is:	
0.27638190954774	
SGD: Magnitude of W:	
9879.6801299732	
SGD: Magnitude of b:	
2.8694151275639	
SGD: Loss is	
	LOSS:Calculated softmax res	
7706.8025903193	
SGD: crossEntropyLoss is	
7706.8025903193	
SGD: Validation Accuracy is:	
0.27638190954774	
SGD: Magnitude of W:	
9867.4460759955	
SGD: Magnitude of b:	
2.8831057625894	
SGD: Loss is	
	LOSS:Calculated softmax res	
7666.7724819638	
SGD: crossEntropyLoss is	
7666.7724819638	
SGD: Validation Accuracy is:	
0.2713567839196	
SGD: Magnitude of W:	
9855.3061904423	
SGD: Magnitude of b:	
2.8799468965547	
SGD: Loss is	
	LOSS:Calculated softmax res	
7631.0611904269	
SGD: crossEntropyLoss is	
7631.0611904269	
SGD: Validation Accuracy is:	
0.26633165829146	
SGD: Magnitude of W:	
9843.2051498871	
SGD: Magnitude of b:	
2.8666868149834	
SGD: Loss is	
	LOSS:Calculated softmax res	
7598.1172887825	
SGD: crossEntropyLoss is	
7598.1172887825	
SGD: Validation Accuracy is:	
0.26633165829146	
SGD: Magnitude of W:	
9831.1277407945	
SGD: Magnitude of b:	
2.8474611542847	
SGD: Loss is	
	LOSS:Calculated softmax res	
7567.0229002123	
SGD: crossEntropyLoss is	
7567.0229002123	
SGD: Validation Accuracy is:	
0.26633165829146	
SGD: Magnitude of W:	
9819.0757047999	
SGD: Magnitude of b:	
2.8248203188298	
SGD: Loss is	
	LOSS:Calculated softmax res	
7537.2186182485	
SGD: crossEntropyLoss is	
7537.2186182485	
SGD: Validation Accuracy is:	
0.2713567839196	
SGD: Magnitude of W:	
9807.0568019125	
SGD: Magnitude of b:	
2.8003394898822	
SGD: Loss is	
	LOSS:Calculated softmax res	
7508.3555735928	
SGD: crossEntropyLoss is	
7508.3555735928	
SGD: Validation Accuracy is:	
0.2713567839196	
SGD: Magnitude of W:	
9795.0528364732	
SGD: Magnitude of b:	
2.7749895639153	
SGD: Loss is	
	LOSS:Calculated softmax res	
7480.2117741568	
SGD: crossEntropyLoss is	
7480.2117741568	
SGD: Validation Accuracy is:	
0.2713567839196	
SGD: Magnitude of W:	
9783.064536245	
SGD: Magnitude of b:	
2.7493658921161	
SGD: Loss is	
	LOSS:Calculated softmax res	
7452.6430510862	
SGD: crossEntropyLoss is	
7452.6430510862	
SGD: Validation Accuracy is:	
0.2713567839196	
SGD: Magnitude of W:	
9771.0940363682	
SGD: Magnitude of b:	
2.7238303724256	
SGD: Loss is	
	LOSS:Calculated softmax res	
7425.5535866811	
SGD: crossEntropyLoss is	
7425.5535866811	
SGD: Validation Accuracy is:	
0.27638190954774	
SGD: Magnitude of W:	
9759.1378878118	
SGD: Magnitude of b:	
2.6985999851397	
SGD: Loss is	
	LOSS:Calculated softmax res	
7398.8779295114	
SGD: crossEntropyLoss is	
7398.8779295114	
SGD: Validation Accuracy is:	
0.27638190954774	
SGD: Magnitude of W:	
9747.2005064238	
SGD: Magnitude of b:	
2.6738019766584	
SGD: Loss is	
	LOSS:Calculated softmax res	
7372.5699124576	
SGD: crossEntropyLoss is	
7372.5699124576	
SGD: Validation Accuracy is:	
0.28140703517588	
SGD: Magnitude of W:	
9735.2874773456	
SGD: Magnitude of b:	
2.6495082108282	
SGD: Loss is	
	LOSS:Calculated softmax res	
7346.5957806784	
SGD: crossEntropyLoss is	
7346.5957806784	
SGD: Validation Accuracy is:	
0.27638190954774	
SGD: Magnitude of W:	
9723.4024885901	
SGD: Magnitude of b:	
2.6257565058076	
SGD: Loss is	
	LOSS:Calculated softmax res	
7320.9299083122	
SGD: crossEntropyLoss is	
7320.9299083122	
SGD: Validation Accuracy is:	
0.27638190954774	
SGD: Magnitude of W:	
9711.5438244174	
SGD: Magnitude of b:	
2.6025638536019	
SGD: Loss is	
	LOSS:Calculated softmax res	
7295.5521134211	
SGD: crossEntropyLoss is	
7295.5521134211	
SGD: Validation Accuracy is:	
0.28140703517588	
SGD: Magnitude of W:	
9699.7210887705	
SGD: Magnitude of b:	
2.5799345899249	
SGD: Loss is	
	LOSS:Calculated softmax res	
7270.4459613619	
SGD: crossEntropyLoss is	
7270.4459613619	
SGD: Validation Accuracy is:	
0.27638190954774	
SGD: Magnitude of W:	
9687.9288694455	
SGD: Magnitude of b:	
2.5578654322698	
SGD: Loss is	
	LOSS:Calculated softmax res	
7245.597680073	
SGD: crossEntropyLoss is	
7245.597680073	
SGD: Validation Accuracy is:	
0.27638190954774	
SGD: Magnitude of W:	
9676.1780410907	
SGD: Magnitude of b:	
2.536348581418	
SGD: Loss is	
	LOSS:Calculated softmax res	
7220.9954548664	
SGD: crossEntropyLoss is	
7220.9954548664	
SGD: Validation Accuracy is:	
0.27638190954774	
SGD: Magnitude of W:	
9664.4449954288	
SGD: Magnitude of b:	
2.515373628383	
SGD: Loss is	
	LOSS:Calculated softmax res	
7196.6289595306	
SGD: crossEntropyLoss is	
7196.6289595306	
SGD: Validation Accuracy is:	
0.27638190954774	
SGD: Magnitude of W:	
9652.7494796744	
SGD: Magnitude of b:	
2.4949287255672	
SGD: Loss is	
	LOSS:Calculated softmax res	
7172.4890357189	
SGD: crossEntropyLoss is	
7172.4890357189	
SGD: Validation Accuracy is:	
0.27638190954774	
SGD: Magnitude of W:	
9641.0757379231	
SGD: Magnitude of b:	
2.4750013047515	
SGD: Loss is	
	LOSS:Calculated softmax res	
7148.5674665874	
SGD: crossEntropyLoss is	
7148.5674665874	
SGD: Validation Accuracy is:	
0.27638190954774	
SGD: Magnitude of W:	
9629.4246321177	
SGD: Magnitude of b:	
2.4555785155321	
SGD: Loss is	
	LOSS:Calculated softmax res	
7124.8568114952	
SGD: crossEntropyLoss is	
7124.8568114952	
SGD: Validation Accuracy is:	
0.29145728643216	
SGD: Magnitude of W:	
9617.8053449706	
SGD: Magnitude of b:	
2.4366474907205	
SGD: Loss is	
	LOSS:Calculated softmax res	
7101.350281291	
SGD: crossEntropyLoss is	
7101.350281291	
SGD: Validation Accuracy is:	
0.29145728643216	
SGD: Magnitude of W:	
9606.2119903056	
SGD: Magnitude of b:	
2.4181955041222	
SGD: Loss is	
	LOSS:Calculated softmax res	
7078.0416414394	
SGD: crossEntropyLoss is	
7078.0416414394	
SGD: Validation Accuracy is:	
0.29145728643216	
SGD: Magnitude of W:	
9594.6325616487	
SGD: Magnitude of b:	
2.4002100610148	
SGD: Loss is	
	LOSS:Calculated softmax res	
7054.9251349144	
SGD: crossEntropyLoss is	
7054.9251349144	
SGD: Validation Accuracy is:	
0.28643216080402	
SGD: Magnitude of W:	
9583.0709107757	
SGD: Magnitude of b:	
2.3826789463651	
SGD: Loss is	
	LOSS:Calculated softmax res	
7031.9954196316	
SGD: crossEntropyLoss is	
7031.9954196316	
SGD: Validation Accuracy is:	
0.28643216080402	
SGD: Magnitude of W:	
9571.5295672853	
SGD: Magnitude of b:	
2.3655902464956	
SGD: Loss is	
	LOSS:Calculated softmax res	
7009.2475169184	
SGD: crossEntropyLoss is	
7009.2475169184	
SGD: Validation Accuracy is:	
0.28643216080402	
SGD: Magnitude of W:	
9560.0140160283	
SGD: Magnitude of b:	
2.3489323542007	
SGD: Loss is	
	LOSS:Calculated softmax res	
6986.6767685924	
SGD: crossEntropyLoss is	
6986.6767685924	
SGD: Validation Accuracy is:	
0.29145728643216	
SGD: Magnitude of W:	
9548.5227353907	
SGD: Magnitude of b:	
2.3326939637746	
SGD: Loss is	
	LOSS:Calculated softmax res	
6964.2788008959	
SGD: crossEntropyLoss is	
6964.2788008959	
SGD: Validation Accuracy is:	
0.29145728643216	
SGD: Magnitude of W:	
9537.0511850151	
SGD: Magnitude of b:	
2.3168640601925	
SGD: Loss is	
	LOSS:Calculated softmax res	
6942.0494939731	
SGD: crossEntropyLoss is	
6942.0494939731	
SGD: Validation Accuracy is:	
0.29145728643216	
SGD: Magnitude of W:	
9525.604800689	
SGD: Magnitude of b:	
2.3014319052618	
SGD: Loss is	
	LOSS:Calculated softmax res	
6919.9849558764	
SGD: crossEntropyLoss is	
6919.9849558764	
SGD: Validation Accuracy is:	
0.2964824120603	
SGD: Magnitude of W:	
9514.1779657192	
SGD: Magnitude of b:	
2.2863870226274	
SGD: Loss is	
	LOSS:Calculated softmax res	
6898.0815003012	
SGD: crossEntropyLoss is	
6898.0815003012	
SGD: Validation Accuracy is:	
0.30150753768844	
SGD: Magnitude of W:	
9502.7638632659	
SGD: Magnitude of b:	
2.271719182878	
SGD: Loss is	
	LOSS:Calculated softmax res	
6876.3356274018	
SGD: crossEntropyLoss is	
6876.3356274018	
SGD: Validation Accuracy is:	
0.30150753768844	
SGD: Magnitude of W:	
9491.3792069802	
SGD: Magnitude of b:	
2.2574183895647	
SGD: Loss is	
	LOSS:Calculated softmax res	
6854.7440071673	
SGD: crossEntropyLoss is	
6854.7440071673	
SGD: Validation Accuracy is:	
0.30150753768844	
SGD: Magnitude of W:	
9480.0153940408	
SGD: Magnitude of b:	
2.2434748666329	
SGD: Loss is	
	LOSS:Calculated softmax res	
6833.3034649255	
SGD: crossEntropyLoss is	
6833.3034649255	
SGD: Validation Accuracy is:	
0.30150753768844	
SGD: Magnitude of W:	
9468.6692789058	
SGD: Magnitude of b:	
2.2298790475389	
SGD: Loss is	
	LOSS:Calculated softmax res	
6812.0109686286	
SGD: crossEntropyLoss is	
6812.0109686286	
SGD: Validation Accuracy is:	
0.30150753768844	
SGD: Magnitude of W:	
9457.3423233825	
SGD: Magnitude of b:	
2.2166215661634	
SGD: Loss is	
	LOSS:Calculated softmax res	
6790.8636176284	
SGD: crossEntropyLoss is	
6790.8636176284	
SGD: Validation Accuracy is:	
0.30150753768844	
SGD: Magnitude of W:	
9446.0305822112	
SGD: Magnitude of b:	
2.2036932495141	
SGD: Loss is	
	LOSS:Calculated softmax res	
6769.8586327126	
SGD: crossEntropyLoss is	
6769.8586327126	
SGD: Validation Accuracy is:	
0.31155778894472	
SGD: Magnitude of W:	
9434.7405336865	
SGD: Magnitude of b:	
2.1910851121224	
SGD: Loss is	
	LOSS:Calculated softmax res	
6748.9933472077	
SGD: crossEntropyLoss is	
6748.9933472077	
SGD: Validation Accuracy is:	
0.30653266331658	
SGD: Magnitude of W:	
9423.4716129012	
SGD: Magnitude of b:	
2.1787883519858	
SGD: Loss is	
	LOSS:Calculated softmax res	
6728.2651989948	
SGD: crossEntropyLoss is	
6728.2651989948	
SGD: Validation Accuracy is:	
0.30653266331658	
SGD: Magnitude of W:	
9412.2293279622	
SGD: Magnitude of b:	
2.1667943478653	
SGD: Loss is	
	LOSS:Calculated softmax res	
6707.6717233156	
SGD: crossEntropyLoss is	
6707.6717233156	
SGD: Validation Accuracy is:	
0.30653266331658	
SGD: Magnitude of W:	
9401.0051751602	
SGD: Magnitude of b:	
2.1550946577312	
SGD: Loss is	
	LOSS:Calculated softmax res	
6687.2105462639	
SGD: crossEntropyLoss is	
6687.2105462639	
SGD: Validation Accuracy is:	
0.30653266331658	
SGD: Magnitude of W:	
9389.7986052145	
SGD: Magnitude of b:	
2.1436810181392	
SGD: Loss is	
	LOSS:Calculated softmax res	
6666.8793788832	
SGD: crossEntropyLoss is	
6666.8793788832	
SGD: Validation Accuracy is:	
0.30653266331658	
SGD: Magnitude of W:	
9378.6064531599	
SGD: Magnitude of b:	
2.1325453443256	
SGD: Loss is	
	LOSS:Calculated softmax res	
6646.6760118005	
SGD: crossEntropyLoss is	
6646.6760118005	
SGD: Validation Accuracy is:	
0.30653266331658	
SGD: Magnitude of W:	
9367.430116138	
SGD: Magnitude of b:	
2.1216797308183	
SGD: Loss is	
	LOSS:Calculated softmax res	
6626.5983103426	
SGD: crossEntropyLoss is	
6626.5983103426	
SGD: Validation Accuracy is:	
0.30653266331658	
SGD: Magnitude of W:	
9356.2692201872	
SGD: Magnitude of b:	
2.1110764523787	
Done.	
Testing on validation set...	
Done	
Datafile:	/n/home09/ankitgupta/CS287/HW1/MPQA-uni.hdf5	Classifier:	lr	Alpha:	0	Eta:	0.5	Lambda:	1	Minibatch size:	500	Num Epochs:	50	Minimum Sentence Length:	5	
Accuracy:	0.30653266331658	
