[?1034hDatafile:	/n/home09/ankitgupta/CS287/HW1/SST1-uni-sent-syns.hdf5	Classifier:	lr	Alpha:	0	Eta:	1	Lambda:	0.5	Minibatch size:	500	Num Epochs:	50	Minimum Sentence Length:	5	
Note that not all parameters may apply to all classifiers	
Loading datafiles...	
Number of training samples before removing small sentences	156817	
Number of training samples after removing small sentences	146614	
Done.	
Training classifier...	
SGD: Loss is	
	LOSS:Calculated softmax res	
1345063.9723286	
SGD: crossEntropyLoss is	
1345063.9723286	
SGD: Validation Accuracy is:	
0.18710263396912	
SGD: Magnitude of W:	
185635.5778457	
SGD: Magnitude of b:	
6.549156858257	
    Current index:	9501	
    Magnitude of W_grad:	38.418812419749	
    Magnitude of W:	185542.91348408	
    Magnitude of B_grad:	0.18623373964626	
    Magnitude of b:	8.9328275924024	

	
    Current index:	19501	
    Magnitude of W_grad:	36.188226941712	
    Magnitude of W:	185463.15775632	
    Magnitude of B_grad:	0.1522020776903	
    Magnitude of b:	9.6352076349505	

	
    Current index:	29501	
    Magnitude of W_grad:	46.592341697065	
    Magnitude of W:	185386.92911598	
    Magnitude of B_grad:	0.37720581454386	
    Magnitude of b:	9.6201550262819	

	
    Current index:	39501	
    Magnitude of W_grad:	40.127721819061	
    Magnitude of W:	185310.34499811	
    Magnitude of B_grad:	0.1301754228672	
    Magnitude of b:	9.8691788141132	

	
    Current index:	49501	
    Magnitude of W_grad:	42.231773971121	
    Magnitude of W:	185242.01658248	
    Magnitude of B_grad:	0.11751312605383	
    Magnitude of b:	10.249007083008	

	
    Current index:	59501	
    Magnitude of W_grad:	40.167737328524	
    Magnitude of W:	185177.42712506	
    Magnitude of B_grad:	0.15209954050978	
    Magnitude of b:	10.50067028907	

	
    Current index:	69501	
    Magnitude of W_grad:	37.947971425692	
    Magnitude of W:	185113.14176066	
    Magnitude of B_grad:	0.12137397029344	
    Magnitude of b:	10.293438341066	

	
    Current index:	79501	
    Magnitude of W_grad:	44.120818453438	
    Magnitude of W:	185041.35248714	
    Magnitude of B_grad:	0.34353549230228	
    Magnitude of b:	9.5431571238712	

	
    Current index:	89501	
    Magnitude of W_grad:	45.79017090939	
    Magnitude of W:	184970.49906	
    Magnitude of B_grad:	0.12230290353525	
    Magnitude of b:	9.4558395210928	

	
    Current index:	99501	
    Magnitude of W_grad:	38.949222014951	
    Magnitude of W:	184901.52080964	
    Magnitude of B_grad:	0.17217415685236	
    Magnitude of b:	9.9924325295771	

	
    Current index:	109501	
    Magnitude of W_grad:	37.971616774001	
    Magnitude of W:	184833.21099523	
    Magnitude of B_grad:	0.1678293105079	
    Magnitude of b:	9.7417027920611	

	
    Current index:	119501	
    Magnitude of W_grad:	42.562853259019	
    Magnitude of W:	184767.26954132	
    Magnitude of B_grad:	0.16071083458323	
    Magnitude of b:	10.188840567613	

	
    Current index:	129501	
    Magnitude of W_grad:	45.987475069711	
    Magnitude of W:	184703.48124472	
    Magnitude of B_grad:	0.081416168157336	
    Magnitude of b:	10.173660898263	

	
    Current index:	139501	
    Magnitude of W_grad:	38.990384962285	
    Magnitude of W:	184646.39742401	
    Magnitude of B_grad:	0.17318131244312	
    Magnitude of b:	10.402908856365	

	
SGD: Loss is	
	LOSS:Calculated softmax res	
601722.02335491	
SGD: crossEntropyLoss is	
601722.02335491	
SGD: Validation Accuracy is:	
0.26975476839237	
SGD: Magnitude of W:	
184606.21236323	
SGD: Magnitude of b:	
8.9607254362436	
    Current index:	9501	
    Magnitude of W_grad:	35.54146794859	
    Magnitude of W:	184556.08499077	
    Magnitude of B_grad:	0.097897374560371	
    Magnitude of b:	9.0668399885762	

	
    Current index:	19501	
    Magnitude of W_grad:	35.756890220808	
    Magnitude of W:	184505.48693344	
    Magnitude of B_grad:	0.096222745472845	
    Magnitude of b:	9.3363388899982	

	
    Current index:	29501	
    Magnitude of W_grad:	42.750326077715	
    Magnitude of W:	184453.05311692	
    Magnitude of B_grad:	0.37713879164339	
    Magnitude of b:	9.5485711353918	

	
    Current index:	39501	
    Magnitude of W_grad:	35.699267852524	
    Magnitude of W:	184399.93965433	
    Magnitude of B_grad:	0.10450404084741	
    Magnitude of b:	10.096005579412	

	
    Current index:	49501	
    Magnitude of W_grad:	37.39805132456	
    Magnitude of W:	184347.58158774	
    Magnitude of B_grad:	0.11929372205526	
    Magnitude of b:	10.264997467339	

	
    Current index:	59501	
    Magnitude of W_grad:	36.226713275379	
    Magnitude of W:	184300.22236359	
    Magnitude of B_grad:	0.1266462443927	
    Magnitude of b:	10.504872057108	

	
    Current index:	69501	
    Magnitude of W_grad:	36.732148768129	
    Magnitude of W:	184249.96809825	
    Magnitude of B_grad:	0.11436870041593	
    Magnitude of b:	11.039717984487	

	
    Current index:	79501	
    Magnitude of W_grad:	38.386424399159	
    Magnitude of W:	184195.05503383	
    Magnitude of B_grad:	0.26406343072202	
    Magnitude of b:	10.84271137251	

	
    Current index:	89501	
    Magnitude of W_grad:	41.78672536586	
    Magnitude of W:	184141.40888119	
    Magnitude of B_grad:	0.12713934787756	
    Magnitude of b:	10.689703147156	

	
    Current index:	99501	
    Magnitude of W_grad:	32.713231378534	
    Magnitude of W:	184088.03491461	
    Magnitude of B_grad:	0.10647218190099	
    Magnitude of b:	11.011379771157	

	
    Current index:	109501	
    Magnitude of W_grad:	33.433845199764	
    Magnitude of W:	184035.87185439	
    Magnitude of B_grad:	0.1349259385365	
    Magnitude of b:	10.749368901216	

	
    Current index:	119501	
    Magnitude of W_grad:	37.453616301826	
    Magnitude of W:	183985.49986516	
    Magnitude of B_grad:	0.11788123753512	
    Magnitude of b:	11.08706288352	

	
    Current index:	129501	
    Magnitude of W_grad:	42.732796391521	
    Magnitude of W:	183933.95567321	
    Magnitude of B_grad:	0.086236890008731	
    Magnitude of b:	11.029984664587	

	
    Current index:	139501	
    Magnitude of W_grad:	37.496542082208	
    Magnitude of W:	183887.04820972	
    Magnitude of B_grad:	0.16280559823808	
    Magnitude of b:	11.233699662344	

	
SGD: Loss is	
	LOSS:Calculated softmax res	
500165.30673658	
SGD: crossEntropyLoss is	
500165.30673658	
SGD: Validation Accuracy is:	
0.28065395095368	
SGD: Magnitude of W:	
183855.75424384	
SGD: Magnitude of b:	
9.9957441301267	
    Current index:	9501	
    Magnitude of W_grad:	33.101847913429	
    Magnitude of W:	183815.58566688	
    Magnitude of B_grad:	0.1008985289559	
    Magnitude of b:	9.9784565648693	

	
    Current index:	19501	
    Magnitude of W_grad:	31.897272075182	
    Magnitude of W:	183772.09287659	
    Magnitude of B_grad:	0.078966285134688	
    Magnitude of b:	10.123908921498	

	
    Current index:	29501	
    Magnitude of W_grad:	39.915103294206	
    Magnitude of W:	183727.70378661	
    Magnitude of B_grad:	0.32956891443843	
    Magnitude of b:	10.299377156357	

	
    Current index:	39501	
    Magnitude of W_grad:	34.222150337091	
    Magnitude of W:	183682.54795084	
    Magnitude of B_grad:	0.10267472558959	
    Magnitude of b:	10.83801781392	

	
    Current index:	49501	
    Magnitude of W_grad:	34.034758303557	
    Magnitude of W:	183637.92271111	
    Magnitude of B_grad:	0.11733600257746	
    Magnitude of b:	10.870295887336	

	
    Current index:	59501	
    Magnitude of W_grad:	33.232735772652	
    Magnitude of W:	183597.28592033	
    Magnitude of B_grad:	0.12170474478964	
    Magnitude of b:	11.073562019958	

	
    Current index:	69501	
    Magnitude of W_grad:	34.872757933588	
    Magnitude of W:	183554.64248957	
    Magnitude of B_grad:	0.08401551048577	
    Magnitude of b:	11.481875643913	

	
    Current index:	79501	
    Magnitude of W_grad:	37.560445891165	
    Magnitude of W:	183507.95894365	
    Magnitude of B_grad:	0.25946489677458	
    Magnitude of b:	11.265579329493	

	
    Current index:	89501	
    Magnitude of W_grad:	41.726499252029	
    Magnitude of W:	183461.29240353	
    Magnitude of B_grad:	0.16713030407598	
    Magnitude of b:	11.026797231289	

	
    Current index:	99501	
    Magnitude of W_grad:	30.608932195435	
    Magnitude of W:	183413.90885504	
    Magnitude of B_grad:	0.071044341134703	
    Magnitude of b:	11.298609394548	

	
    Current index:	109501	
    Magnitude of W_grad:	32.794273981375	
    Magnitude of W:	183368.71389923	
    Magnitude of B_grad:	0.14713488749255	
    Magnitude of b:	11.034762755988	

	
    Current index:	119501	
    Magnitude of W_grad:	34.271268095028	
    Magnitude of W:	183325.38140509	
    Magnitude of B_grad:	0.086440512444997	
    Magnitude of b:	11.346015933953	

	
    Current index:	129501	
    Magnitude of W_grad:	38.595340657432	
    Magnitude of W:	183280.42977204	
    Magnitude of B_grad:	0.091339737532227	
    Magnitude of b:	11.278662565445	

	
    Current index:	139501	
    Magnitude of W_grad:	35.035868263225	
    Magnitude of W:	183239.89533635	
    Magnitude of B_grad:	0.13709402566503	
    Magnitude of b:	11.493983105367	

	
SGD: Loss is	
	LOSS:Calculated softmax res	
448081.63783984	
SGD: crossEntropyLoss is	
448081.63783984	
SGD: Validation Accuracy is:	
0.29336966394187	
SGD: Magnitude of W:	
183212.25920782	
SGD: Magnitude of b:	
10.324946885245	
    Current index:	9501	
    Magnitude of W_grad:	32.285218844038	
    Magnitude of W:	183176.76652264	
    Magnitude of B_grad:	0.10289234105248	
    Magnitude of b:	10.314154574994	

	
    Current index:	19501	
    Magnitude of W_grad:	28.753542391285	
    Magnitude of W:	183138.54529138	
    Magnitude of B_grad:	0.082021966775308	
    Magnitude of b:	10.413306474421	

	
    Current index:	29501	
    Magnitude of W_grad:	36.570619584688	
    Magnitude of W:	183098.6452017	
    Magnitude of B_grad:	0.28816904066124	
    Magnitude of b:	10.574735890919	

	
    Current index:	39501	
    Magnitude of W_grad:	33.063849089321	
    Magnitude of W:	183058.21836963	
    Magnitude of B_grad:	0.082032442770145	
    Magnitude of b:	11.10088466733	

	
    Current index:	49501	
    Magnitude of W_grad:	31.97201887706	
    Magnitude of W:	183018.43511916	
    Magnitude of B_grad:	0.12977201949479	
    Magnitude of b:	11.052945028123	

	
    Current index:	59501	
    Magnitude of W_grad:	31.988286054058	
    Magnitude of W:	182982.77287464	
    Magnitude of B_grad:	0.10249244892714	
    Magnitude of b:	11.255016905466	

	
    Current index:	69501	
    Magnitude of W_grad:	31.758600707078	
    Magnitude of W:	182945.08689437	
    Magnitude of B_grad:	0.06739437368103	
    Magnitude of b:	11.580020049646	

	
    Current index:	79501	
    Magnitude of W_grad:	36.92686476513	
    Magnitude of W:	182903.75205997	
    Magnitude of B_grad:	0.25408137866722	
    Magnitude of b:	11.386548196434	

	
    Current index:	89501	
    Magnitude of W_grad:	40.450338294231	
    Magnitude of W:	182861.28530487	
    Magnitude of B_grad:	0.19033824098346	
    Magnitude of b:	11.144731165454	

	
    Current index:	99501	
    Magnitude of W_grad:	29.392451462145	
    Magnitude of W:	182818.74667441	
    Magnitude of B_grad:	0.058670739850472	
    Magnitude of b:	11.386775127712	

	
    Current index:	109501	
    Magnitude of W_grad:	32.024506463001	
    Magnitude of W:	182778.41104347	
    Magnitude of B_grad:	0.15988030830456	
    Magnitude of b:	11.117658394131	

	
    Current index:	119501	
    Magnitude of W_grad:	32.16011035411	
    Magnitude of W:	182739.20257416	
    Magnitude of B_grad:	0.064153832442741	
    Magnitude of b:	11.42322238494	

	
    Current index:	129501	
    Magnitude of W_grad:	36.044769260522	
    Magnitude of W:	182698.67705771	
    Magnitude of B_grad:	0.09865453591161	
    Magnitude of b:	11.34035936653	

	
    Current index:	139501	
    Magnitude of W_grad:	34.125712909716	
    Magnitude of W:	182662.16710468	
    Magnitude of B_grad:	0.12976896802852	
    Magnitude of b:	11.557036622401	

	
SGD: Loss is	
	LOSS:Calculated softmax res	
412999.30546056	
SGD: crossEntropyLoss is	
412999.30546056	
SGD: Validation Accuracy is:	
0.30336058128974	
SGD: Magnitude of W:	
182636.6377774	
SGD: Magnitude of b:	
10.449071550433	
    Current index:	9501	
    Magnitude of W_grad:	31.451775132941	
    Magnitude of W:	182604.39684974	
    Magnitude of B_grad:	0.10438216324232	
    Magnitude of b:	10.416360867773	

	
    Current index:	19501	
    Magnitude of W_grad:	27.283656937922	
    Magnitude of W:	182569.26203489	
    Magnitude of B_grad:	0.087110065972451	
    Magnitude of b:	10.504274967647	

	
    Current index:	29501	
    Magnitude of W_grad:	34.3930739025	
    Magnitude of W:	182533.50424412	
    Magnitude of B_grad:	0.25683099136883	
    Magnitude of b:	10.648635280297	

	
    Current index:	39501	
    Magnitude of W_grad:	32.125357491325	
    Magnitude of W:	182496.31967527	
    Magnitude of B_grad:	0.072464787297541	
    Magnitude of b:	11.154770861639	

	
    Current index:	49501	
    Magnitude of W_grad:	30.676931805396	
    Magnitude of W:	182459.56919473	
    Magnitude of B_grad:	0.13116811026302	
    Magnitude of b:	11.065652483304	

	
    Current index:	59501	
    Magnitude of W_grad:	30.991478932826	
    Magnitude of W:	182426.5010858	
    Magnitude of B_grad:	0.090437669675305	
    Magnitude of b:	11.277537200579	

	
    Current index:	69501	
    Magnitude of W_grad:	29.453793636537	
    Magnitude of W:	182391.74065754	
    Magnitude of B_grad:	0.078725516334862	
    Magnitude of b:	11.54711216619	

	
    Current index:	79501	
    Magnitude of W_grad:	36.435485319058	
    Magnitude of W:	182353.85561782	
    Magnitude of B_grad:	0.24586027441152	
    Magnitude of b:	11.38240155307	

	
    Current index:	89501	
    Magnitude of W_grad:	38.169780966921	
    Magnitude of W:	182314.34249973	
    Magnitude of B_grad:	0.19373686460623	
    Magnitude of b:	11.13445017839	

	
    Current index:	99501	
    Magnitude of W_grad:	28.50295860988	
    Magnitude of W:	182275.10979243	
    Magnitude of B_grad:	0.059072677856076	
    Magnitude of b:	11.352836084367	

	
    Current index:	109501	
    Magnitude of W_grad:	31.092421263923	
    Magnitude of W:	182238.10249344	
    Magnitude of B_grad:	0.17072025807998	
    Magnitude of b:	11.091345636083	

	
    Current index:	119501	
    Magnitude of W_grad:	30.662054130089	
    Magnitude of W:	182201.93564443	
    Magnitude of B_grad:	0.049726689017327	
    Magnitude of b:	11.387791770019	

	
    Current index:	129501	
    Magnitude of W_grad:	34.49397933516	
    Magnitude of W:	182164.65166401	
    Magnitude of B_grad:	0.100573649083	
    Magnitude of b:	11.299667033784	

	
    Current index:	139501	
    Magnitude of W_grad:	33.851347801882	
    Magnitude of W:	182130.72449588	
    Magnitude of B_grad:	0.13503454640801	
    Magnitude of b:	11.504793711158	

	
SGD: Loss is	
	LOSS:Calculated softmax res	
386937.73514078	
SGD: crossEntropyLoss is	
386937.73514078	
SGD: Validation Accuracy is:	
0.31698455949137	
SGD: Magnitude of W:	
182106.96788877	
SGD: Magnitude of b:	
10.455103582029	
    Current index:	9501	
    Magnitude of W_grad:	30.324102174452	
    Magnitude of W:	182076.94990384	
    Magnitude of B_grad:	0.10808950777424	
    Magnitude of b:	10.38785769639	

	
    Current index:	19501	
    Magnitude of W_grad:	26.379011150048	
    Magnitude of W:	182044.24167946	
    Magnitude of B_grad:	0.085499210119585	
    Magnitude of b:	10.481757253084	

	
    Current index:	29501	
    Magnitude of W_grad:	31.938888548745	
    Magnitude of W:	182010.99279418	
    Magnitude of B_grad:	0.22457459549011	
    Magnitude of b:	10.60526204272	

	
    Current index:	39501	
    Magnitude of W_grad:	31.107623716352	
    Magnitude of W:	181976.44413559	
    Magnitude of B_grad:	0.0690221534134	
    Magnitude of b:	11.096437181285	

	
    Current index:	49501	
    Magnitude of W_grad:	29.202086314771	
    Magnitude of W:	181942.40375757	
    Magnitude of B_grad:	0.12535422620376	
    Magnitude of b:	10.987337237314	

	
    Current index:	59501	
    Magnitude of W_grad:	29.653679437375	
    Magnitude of W:	181911.42543071	
    Magnitude of B_grad:	0.078807621897775	
    Magnitude of b:	11.215532552089	

	
    Current index:	69501	
    Magnitude of W_grad:	27.741413599763	
    Magnitude of W:	181878.99861662	
    Magnitude of B_grad:	0.087649927070588	
    Magnitude of b:	11.447591221244	

	
    Current index:	79501	
    Magnitude of W_grad:	35.449403991314	
    Magnitude of W:	181844.42588692	
    Magnitude of B_grad:	0.23330511777116	
    Magnitude of b:	11.304469554349	

	
    Current index:	89501	
    Magnitude of W_grad:	36.615956691852	
    Magnitude of W:	181807.40694549	
    Magnitude of B_grad:	0.18819296354669	
    Magnitude of b:	11.046440075608	

	
    Current index:	99501	
    Magnitude of W_grad:	27.974045468158	
    Magnitude of W:	181770.9096518	
    Magnitude of B_grad:	0.058918716298888	
    Magnitude of b:	11.248102396248	

	
    Current index:	109501	
    Magnitude of W_grad:	30.037131421141	
    Magnitude of W:	181736.66769765	
    Magnitude of B_grad:	0.17860584752634	
    Magnitude of b:	11.003530672141	

	
    Current index:	119501	
    Magnitude of W_grad:	28.929267696408	
    Magnitude of W:	181702.65010431	
    Magnitude of B_grad:	0.034560177722637	
    Magnitude of b:	11.291523047846	

	
    Current index:	129501	
    Magnitude of W_grad:	33.195959177839	
    Magnitude of W:	181667.61985877	
    Magnitude of B_grad:	0.097369830751551	
    Magnitude of b:	11.201912448768	

	
    Current index:	139501	
    Magnitude of W_grad:	33.415891266769	
    Magnitude of W:	181636.1588532	
    Magnitude of B_grad:	0.14001060365652	
    Magnitude of b:	11.390549668175	

	
SGD: Loss is	
	LOSS:Calculated softmax res	
366426.6209638	
SGD: crossEntropyLoss is	
366426.6209638	
SGD: Validation Accuracy is:	
0.3197093551317	
SGD: Magnitude of W:	
181614.14938861	
SGD: Magnitude of b:	
10.390639755199	
    Current index:	9501	
    Magnitude of W_grad:	29.15224020857	
    Magnitude of W:	181586.14813253	
    Magnitude of B_grad:	0.11178623934364	
    Magnitude of b:	10.298740682696	

	
    Current index:	19501	
    Magnitude of W_grad:	25.6941369492	
    Magnitude of W:	181555.07551707	
    Magnitude of B_grad:	0.081084906381179	
    Magnitude of b:	10.405601179061	

	
    Current index:	29501	
    Magnitude of W_grad:	28.852743142621	
    Magnitude of W:	181523.68974213	
    Magnitude of B_grad:	0.19368320365028	
    Magnitude of b:	10.511795736553	

	
    Current index:	39501	
    Magnitude of W_grad:	29.977948750305	
    Magnitude of W:	181491.92680537	
    Magnitude of B_grad:	0.069160641683939	
    Magnitude of b:	10.988309298108	

	
    Current index:	49501	
    Magnitude of W_grad:	27.564172879239	
    Magnitude of W:	181460.30492204	
    Magnitude of B_grad:	0.1168716846483	
    Magnitude of b:	10.868641614889	

	
    Current index:	59501	
    Magnitude of W_grad:	28.434991738818	
    Magnitude of W:	181430.65056672	
    Magnitude of B_grad:	0.072983926816293	
    Magnitude of b:	11.113622397692	

	
    Current index:	69501	
    Magnitude of W_grad:	26.203457741217	
    Magnitude of W:	181400.28819718	
    Magnitude of B_grad:	0.092872693826659	
    Magnitude of b:	11.317560660513	

	
    Current index:	79501	
    Magnitude of W_grad:	34.384916409175	
    Magnitude of W:	181367.8443595	
    Magnitude of B_grad:	0.2191945361218	
    Magnitude of b:	11.191447920656	

	
    Current index:	89501	
    Magnitude of W_grad:	35.201802793037	
    Magnitude of W:	181333.05830833	
    Magnitude of B_grad:	0.17736285596114	
    Magnitude of b:	10.929806078425	

	
    Current index:	99501	
    Magnitude of W_grad:	27.2915553241	
    Magnitude of W:	181298.86593692	
    Magnitude of B_grad:	0.048631993054774	
    Magnitude of b:	11.115542088815	

	
    Current index:	109501	
    Magnitude of W_grad:	28.892919272205	
    Magnitude of W:	181266.69448249	
    Magnitude of B_grad:	0.18059855606608	
    Magnitude of b:	10.892829740247	

	
    Current index:	119501	
    Magnitude of W_grad:	26.147452470722	
    Magnitude of W:	181234.65630306	
    Magnitude of B_grad:	0.024110043814554	
    Magnitude of b:	11.18691985579	

	
    Current index:	129501	
    Magnitude of W_grad:	32.005051070813	
    Magnitude of W:	181201.31299449	
    Magnitude of B_grad:	0.094030773748038	
    Magnitude of b:	11.088962442253	

	
    Current index:	139501	
    Magnitude of W_grad:	32.942366500417	
    Magnitude of W:	181171.53202288	
    Magnitude of B_grad:	0.14469547729796	
    Magnitude of b:	11.257319319171	

	
SGD: Loss is	
	LOSS:Calculated softmax res	
349659.98631162	
SGD: crossEntropyLoss is	
349659.98631162	
SGD: Validation Accuracy is:	
0.32606721162579	
SGD: Magnitude of W:	
181150.79138671	
SGD: Magnitude of b:	
10.296879810246	
    Current index:	9501	
    Magnitude of W_grad:	27.891965222965	
    Magnitude of W:	181124.40579658	
    Magnitude of B_grad:	0.11510575504133	
    Magnitude of b:	10.190298192484	

	
    Current index:	19501	
    Magnitude of W_grad:	25.031178147944	
    Magnitude of W:	181094.77543997	
    Magnitude of B_grad:	0.079032440872333	
    Magnitude of b:	10.308197661188	

	
    Current index:	29501	
    Magnitude of W_grad:	26.665585849633	
    Magnitude of W:	181064.81351848	
    Magnitude of B_grad:	0.17592039270883	
    Magnitude of b:	10.405068160393	

	
    Current index:	39501	
    Magnitude of W_grad:	28.662730141293	
    Magnitude of W:	181035.09214402	
    Magnitude of B_grad:	0.073581926894975	
    Magnitude of b:	10.868174087571	

	
    Current index:	49501	
    Magnitude of W_grad:	26.018340108004	
    Magnitude of W:	181005.23916193	
    Magnitude of B_grad:	0.10818778268971	
    Magnitude of b:	10.738611063226	

	
    Current index:	59501	
    Magnitude of W_grad:	27.492972589452	
    Magnitude of W:	180976.74979383	
    Magnitude of B_grad:	0.070658151963298	
    Magnitude of b:	10.998107567717	

	
    Current index:	69501	
    Magnitude of W_grad:	24.972731151567	
    Magnitude of W:	180948.2829942	
    Magnitude of B_grad:	0.097926428712298	
    Magnitude of b:	11.180160658085	

	
    Current index:	79501	
    Magnitude of W_grad:	32.985296851219	
    Magnitude of W:	180917.75721721	
    Magnitude of B_grad:	0.20510726006345	
    Magnitude of b:	11.070520407249	

	
    Current index:	89501	
    Magnitude of W_grad:	34.285468994982	
    Magnitude of W:	180884.67812412	
    Magnitude of B_grad:	0.16446041420227	
    Magnitude of b:	10.804423515551	

	
    Current index:	99501	
    Magnitude of W_grad:	26.432463180669	
    Magnitude of W:	180852.3886955	
    Magnitude of B_grad:	0.035879551558988	
    Magnitude of b:	10.983903505916	

	
    Current index:	109501	
    Magnitude of W_grad:	27.980435380614	
    Magnitude of W:	180822.12982451	
    Magnitude of B_grad:	0.17763361481024	
    Magnitude of b:	10.779401603269	

	
    Current index:	119501	
    Magnitude of W_grad:	25.119444149353	
    Magnitude of W:	180791.87299722	
    Magnitude of B_grad:	0.037614643307093	
    Magnitude of b:	11.08442530891	

	
    Current index:	129501	
    Magnitude of W_grad:	31.102434910019	
    Magnitude of W:	180760.01325632	
    Magnitude of B_grad:	0.091355408280359	
    Magnitude of b:	10.975891909856	

	
    Current index:	139501	
    Magnitude of W_grad:	32.428611983211	
    Magnitude of W:	180732.00302681	
    Magnitude of B_grad:	0.14799442081026	
    Magnitude of b:	11.124182581654	

	
SGD: Loss is	
	LOSS:Calculated softmax res	
335575.69524143	
SGD: crossEntropyLoss is	
335575.69524143	
SGD: Validation Accuracy is:	
0.32697547683924	
SGD: Magnitude of W:	
180712.06721741	
SGD: Magnitude of b:	
10.196718573696	
    Current index:	9501	
    Magnitude of W_grad:	26.788846465197	
    Magnitude of W:	180686.7462404	
    Magnitude of B_grad:	0.11331177689396	
    Magnitude of b:	10.07839704634	

	
    Current index:	19501	
    Magnitude of W_grad:	24.408070462202	
    Magnitude of W:	180658.75142224	
    Magnitude of B_grad:	0.077482577064832	
    Magnitude of b:	10.205173198013	

	
    Current index:	29501	
    Magnitude of W_grad:	25.008212996591	
    Magnitude of W:	180630.21883701	
    Magnitude of B_grad:	0.16351377432629	
    Magnitude of b:	10.299545858518	

	
    Current index:	39501	
    Magnitude of W_grad:	27.459970305154	
    Magnitude of W:	180601.78464773	
    Magnitude of B_grad:	0.07966979255017	
    Magnitude of b:	10.751786880124	

	
    Current index:	49501	
    Magnitude of W_grad:	24.771353749188	
    Magnitude of W:	180573.60926592	
    Magnitude of B_grad:	0.099741283466979	
    Magnitude of b:	10.610604023133	

	
    Current index:	59501	
    Magnitude of W_grad:	26.772060842419	
    Magnitude of W:	180546.41850075	
    Magnitude of B_grad:	0.069594287804017	
    Magnitude of b:	10.884495387819	

	
    Current index:	69501	
    Magnitude of W_grad:	24.098522406642	
    Magnitude of W:	180519.05864655	
    Magnitude of B_grad:	0.10029310054776	
    Magnitude of b:	11.048893454167	

	
    Current index:	79501	
    Magnitude of W_grad:	31.489425506909	
    Magnitude of W:	180489.95459527	
    Magnitude of B_grad:	0.19157491739619	
    Magnitude of b:	10.955444387803	

	
    Current index:	89501	
    Magnitude of W_grad:	33.646162131427	
    Magnitude of W:	180458.58912477	
    Magnitude of B_grad:	0.15227051357091	
    Magnitude of b:	10.683577071434	

	
    Current index:	99501	
    Magnitude of W_grad:	25.624327001632	
    Magnitude of W:	180428.01000708	
    Magnitude of B_grad:	0.031483317287114	
    Magnitude of b:	10.861843773501	

	
    Current index:	109501	
    Magnitude of W_grad:	27.352944476479	
    Magnitude of W:	180399.12779928	
    Magnitude of B_grad:	0.17233451422973	
    Magnitude of b:	10.672546120449	

	
    Current index:	119501	
    Magnitude of W_grad:	24.846589250093	
    Magnitude of W:	180370.03136863	
    Magnitude of B_grad:	0.046382531954888	
    Magnitude of b:	10.982513513948	

	
    Current index:	129501	
    Magnitude of W_grad:	30.327701737913	
    Magnitude of W:	180339.47980597	
    Magnitude of B_grad:	0.087573655021617	
    Magnitude of b:	10.872216817466	

	
    Current index:	139501	
    Magnitude of W_grad:	31.868279041457	
    Magnitude of W:	180312.68716208	
    Magnitude of B_grad:	0.14898076848912	
    Magnitude of b:	11.003254172381	

	
SGD: Loss is	
	LOSS:Calculated softmax res	
323465.5803028	
SGD: crossEntropyLoss is	
323465.5803028	
SGD: Validation Accuracy is:	
0.32879200726612	
SGD: Magnitude of W:	
180293.59381334	
SGD: Magnitude of b:	
10.10660954299	
    Current index:	9501	
    Magnitude of W_grad:	25.749733659788	
    Magnitude of W:	180269.18435992	
    Magnitude of B_grad:	0.10979611719406	
    Magnitude of b:	9.9777322052501	

	
    Current index:	19501	
    Magnitude of W_grad:	23.92083046544	
    Magnitude of W:	180242.55764821	
    Magnitude of B_grad:	0.075274222373251	
    Magnitude of b:	10.112497271581	

	
    Current index:	29501	
    Magnitude of W_grad:	23.524779652592	
    Magnitude of W:	180215.06575126	
    Magnitude of B_grad:	0.15351548804255	
    Magnitude of b:	10.204785758971	

	
    Current index:	39501	
    Magnitude of W_grad:	26.790423151255	
    Magnitude of W:	180187.69087485	
    Magnitude of B_grad:	0.085106075567145	
    Magnitude of b:	10.647405693491	

	
    Current index:	49501	
    Magnitude of W_grad:	23.712061744497	
    Magnitude of W:	180160.92560796	
    Magnitude of B_grad:	0.092630790244786	
    Magnitude of b:	10.495447985637	

	
    Current index:	59501	
    Magnitude of W_grad:	26.098608438944	
    Magnitude of W:	180135.12903457	
    Magnitude of B_grad:	0.068712582837936	
    Magnitude of b:	10.783305612451	

	
    Current index:	69501	
    Magnitude of W_grad:	23.442784412435	
    Magnitude of W:	180108.60159865	
    Magnitude of B_grad:	0.10151391023013	
    Magnitude of b:	10.934088930341	

	
    Current index:	79501	
    Magnitude of W_grad:	30.350981715307	
    Magnitude of W:	180080.6554925	
    Magnitude of B_grad:	0.17917112698988	
    Magnitude of b:	10.852803833199	

	
    Current index:	89501	
    Magnitude of W_grad:	32.988366499611	
    Magnitude of W:	180050.83088376	
    Magnitude of B_grad:	0.14136740928885	
    Magnitude of b:	10.576644701563	

	
    Current index:	99501	
    Magnitude of W_grad:	24.943179380819	
    Magnitude of W:	180021.70082455	
    Magnitude of B_grad:	0.030307023589299	
    Magnitude of b:	10.754852624221	

	
    Current index:	109501	
    Magnitude of W_grad:	26.789788000537	
    Magnitude of W:	179994.20005378	
    Magnitude of B_grad:	0.16660126109698	
    Magnitude of b:	10.579264946922	

	
    Current index:	119501	
    Magnitude of W_grad:	24.555808485996	
    Magnitude of W:	179966.08636657	
    Magnitude of B_grad:	0.053389978027338	
    Magnitude of b:	10.889172552573	

	
    Current index:	129501	
    Magnitude of W_grad:	29.640530805094	
    Magnitude of W:	179936.81647173	
    Magnitude of B_grad:	0.084616997681694	
    Magnitude of b:	10.779550167591	

	
    Current index:	139501	
    Magnitude of W_grad:	31.161324343933	
    Magnitude of W:	179911.08876796	
    Magnitude of B_grad:	0.14810326187654	
    Magnitude of b:	10.897649281717	

	
SGD: Loss is	
	LOSS:Calculated softmax res	
312881.60711002	
SGD: crossEntropyLoss is	
312881.60711002	
SGD: Validation Accuracy is:	
0.32606721162579	
SGD: Magnitude of W:	
179892.83746445	
SGD: Magnitude of b:	
10.03015004113	
    Current index:	9501	
    Magnitude of W_grad:	24.721188590055	
    Magnitude of W:	179869.40544364	
    Magnitude of B_grad:	0.1067386513767	
    Magnitude of b:	9.8906282484351	

	
    Current index:	19501	
    Magnitude of W_grad:	23.472465287024	
    Magnitude of W:	179843.9390794	
    Magnitude of B_grad:	0.072493743489045	
    Magnitude of b:	10.033044951408	

	
    Current index:	29501	
    Magnitude of W_grad:	22.251834152506	
    Magnitude of W:	179817.58551376	
    Magnitude of B_grad:	0.14476726734889	
    Magnitude of b:	10.122387212414	

	
    Current index:	39501	
    Magnitude of W_grad:	26.307265886821	
    Magnitude of W:	179791.42319602	
    Magnitude of B_grad:	0.089660046669691	
    Magnitude of b:	10.556529856513	

	
    Current index:	49501	
    Magnitude of W_grad:	22.828954032654	
    Magnitude of W:	179765.73611647	
    Magnitude of B_grad:	0.087466688201187	
    Magnitude of b:	10.395882554337	

	
    Current index:	59501	
    Magnitude of W_grad:	25.451850140145	
    Magnitude of W:	179740.87855389	
    Magnitude of B_grad:	0.067523717568821	
    Magnitude of b:	10.695455104131	

	
    Current index:	69501	
    Magnitude of W_grad:	22.932771465269	
    Magnitude of W:	179715.34088566	
    Magnitude of B_grad:	0.10263383273669	
    Magnitude of b:	10.835922891366	

	
    Current index:	79501	
    Magnitude of W_grad:	29.444769053161	
    Magnitude of W:	179688.43246538	
    Magnitude of B_grad:	0.16828890100889	
    Magnitude of b:	10.761978235509	

	
    Current index:	89501	
    Magnitude of W_grad:	32.215001604544	
    Magnitude of W:	179659.82956478	
    Magnitude of B_grad:	0.13134603504198	
    Magnitude of b:	10.483545279445	

	
    Current index:	99501	
    Magnitude of W_grad:	24.227888279397	
    Magnitude of W:	179631.7879708	
    Magnitude of B_grad:	0.030765029075788	
    Magnitude of b:	10.662826252389	

	
    Current index:	109501	
    Magnitude of W_grad:	26.31108976095	
    Magnitude of W:	179605.49577186	
    Magnitude of B_grad:	0.16099122140106	
    Magnitude of b:	10.498368912888	

	
    Current index:	119501	
    Magnitude of W_grad:	24.196192516898	
    Magnitude of W:	179578.33439381	
    Magnitude of B_grad:	0.058516079043403	
    Magnitude of b:	10.805458250168	

	
    Current index:	129501	
    Magnitude of W_grad:	28.984512813188	
    Magnitude of W:	179550.07585567	
    Magnitude of B_grad:	0.08594301621178	
    Magnitude of b:	10.696895180292	

	
    Current index:	139501	
    Magnitude of W_grad:	30.340646934169	
    Magnitude of W:	179525.29444931	
    Magnitude of B_grad:	0.14541293148893	
    Magnitude of b:	10.804652268911	

	
SGD: Loss is	
	LOSS:Calculated softmax res	
303554.69234288	
SGD: crossEntropyLoss is	
303554.69234288	
SGD: Validation Accuracy is:	
0.33151680290645	
SGD: Magnitude of W:	
179508.15623381	
SGD: Magnitude of b:	
9.9647890676522	
    Current index:	9501	
    Magnitude of W_grad:	23.729144976012	
    Magnitude of W:	179485.80204376	
    Magnitude of B_grad:	0.10414016291944	
    Magnitude of b:	9.8144681411823	

	
    Current index:	19501	
    Magnitude of W_grad:	23.051009349465	
    Magnitude of W:	179461.41286805	
    Magnitude of B_grad:	0.069493780014427	
    Magnitude of b:	9.9644914763518	

	
    Current index:	29501	
    Magnitude of W_grad:	21.156026649421	
    Magnitude of W:	179435.92699415	
    Magnitude of B_grad:	0.13709937179712	
    Magnitude of b:	10.050383722322	

	
    Current index:	39501	
    Magnitude of W_grad:	25.789599860713	
    Magnitude of W:	179410.63234854	
    Magnitude of B_grad:	0.093637256168197	
    Magnitude of b:	10.477000818991	

	
    Current index:	49501	
    Magnitude of W_grad:	22.043140200853	
    Magnitude of W:	179385.83857774	
    Magnitude of B_grad:	0.083469163894263	
    Magnitude of b:	10.309509578589	

	
    Current index:	59501	
    Magnitude of W_grad:	24.945744317826	
    Magnitude of W:	179362.01138443	
    Magnitude of B_grad:	0.06571011722616	
    Magnitude of b:	10.617666583847	

	
    Current index:	69501	
    Magnitude of W_grad:	22.500965799898	
    Magnitude of W:	179337.31023115	
    Magnitude of B_grad:	0.10392746328376	
    Magnitude of b:	10.750915807759	

	
    Current index:	79501	
    Magnitude of W_grad:	28.679140790205	
    Magnitude of W:	179311.24107571	
    Magnitude of B_grad:	0.1611297869564	
    Magnitude of b:	10.680605843123	

	
    Current index:	89501	
    Magnitude of W_grad:	31.421648790628	
    Magnitude of W:	179283.83333142	
    Magnitude of B_grad:	0.12275301237819	
    Magnitude of b:	10.402954932979	

	
    Current index:	99501	
    Magnitude of W_grad:	23.434851798026	
    Magnitude of W:	179256.94521375	
    Magnitude of B_grad:	0.030926611579203	
    Magnitude of b:	10.583570151214	

	
    Current index:	109501	
    Magnitude of W_grad:	25.923255466899	
    Magnitude of W:	179231.8195973	
    Magnitude of B_grad:	0.15588155458392	
    Magnitude of b:	10.427400296942	

	
    Current index:	119501	
    Magnitude of W_grad:	23.787697655625	
    Magnitude of W:	179205.449876	
    Magnitude of B_grad:	0.06226538549365	
    Magnitude of b:	10.730138378965	

	
    Current index:	129501	
    Magnitude of W_grad:	28.345677668811	
    Magnitude of W:	179178.21600664	
    Magnitude of B_grad:	0.092239374084295	
    Magnitude of b:	10.623274864453	

	
    Current index:	139501	
    Magnitude of W_grad:	29.450653826109	
    Magnitude of W:	179154.38949253	
    Magnitude of B_grad:	0.14080894485842	
    Magnitude of b:	10.721057929833	

	
SGD: Loss is	
	LOSS:Calculated softmax res	
295313.18164358	
SGD: crossEntropyLoss is	
295313.18164358	
SGD: Validation Accuracy is:	
0.33424159854678	
SGD: Magnitude of W:	
179137.97160718	
SGD: Magnitude of b:	
9.9069938916123	
    Current index:	9501	
    Magnitude of W_grad:	22.81998804465	
    Magnitude of W:	179116.44445456	
    Magnitude of B_grad:	0.10161786987207	
    Magnitude of b:	9.7471027241458	

	
    Current index:	19501	
    Magnitude of W_grad:	22.62811627207	
    Magnitude of W:	179092.95585228	
    Magnitude of B_grad:	0.066486357587407	
    Magnitude of b:	9.9045374559913	

	
    Current index:	29501	
    Magnitude of W_grad:	20.249023765857	
    Magnitude of W:	179068.52278983	
    Magnitude of B_grad:	0.13061306174732	
    Magnitude of b:	9.9867947288489	

	
    Current index:	39501	
    Magnitude of W_grad:	25.261666826451	
    Magnitude of W:	179044.03604503	
    Magnitude of B_grad:	0.097308257471236	
    Magnitude of b:	10.406935048321	

	
    Current index:	49501	
    Magnitude of W_grad:	21.392816465817	
    Magnitude of W:	179020.03012246	
    Magnitude of B_grad:	0.080156605066998	
    Magnitude of b:	10.23351536772	

	
    Current index:	59501	
    Magnitude of W_grad:	24.489388613248	
    Magnitude of W:	178996.87020459	
    Magnitude of B_grad:	0.063127021868817	
    Magnitude of b:	10.547370759547	

	
    Current index:	69501	
    Magnitude of W_grad:	22.109724348671	
    Magnitude of W:	178972.7599046	
    Magnitude of B_grad:	0.10518514833508	
    Magnitude of b:	10.676269138551	

	
    Current index:	79501	
    Magnitude of W_grad:	27.995829124235	
    Magnitude of W:	178947.46781154	
    Magnitude of B_grad:	0.15498194314109	
    Magnitude of b:	10.607450063567	

	
    Current index:	89501	
    Magnitude of W_grad:	30.629758445169	
    Magnitude of W:	178920.93834806	
    Magnitude of B_grad:	0.11880491949545	
    Magnitude of b:	10.331607786313	

	
    Current index:	99501	
    Magnitude of W_grad:	22.690114564886	
    Magnitude of W:	178894.95430818	
    Magnitude of B_grad:	0.030855733401828	
    Magnitude of b:	10.513530604707	

	
    Current index:	109501	
    Magnitude of W_grad:	25.61474605555	
    Magnitude of W:	178870.78956352	
    Magnitude of B_grad:	0.15130064504674	
    Magnitude of b:	10.364037209957	

	
    Current index:	119501	
    Magnitude of W_grad:	23.414719635309	
    Magnitude of W:	178845.22493211	
    Magnitude of B_grad:	0.064886569383298	
    Magnitude of b:	10.661412977735	

	
    Current index:	129501	
    Magnitude of W_grad:	27.713330284814	
    Magnitude of W:	178818.86622627	
    Magnitude of B_grad:	0.099049725742532	
    Magnitude of b:	10.55761285529	

	
    Current index:	139501	
    Magnitude of W_grad:	28.516026563312	
    Magnitude of W:	178795.81880856	
    Magnitude of B_grad:	0.13644063694164	
    Magnitude of b:	10.645404634557	

	
SGD: Loss is	
	LOSS:Calculated softmax res	
288008.94884477	
SGD: crossEntropyLoss is	
288008.94884477	
SGD: Validation Accuracy is:	
0.33242506811989	
SGD: Magnitude of W:	
178780.03864729	
SGD: Magnitude of b:	
9.8556885626006	
    Current index:	9501	
    Magnitude of W_grad:	22.038500958354	
    Magnitude of W:	178759.10258517	
    Magnitude of B_grad:	0.099139562474563	
    Magnitude of b:	9.6873304861763	

	
    Current index:	19501	
    Magnitude of W_grad:	22.219284988721	
    Magnitude of W:	178736.43800991	
    Magnitude of B_grad:	0.063541733357953	
    Magnitude of b:	9.8516805817337	

	
    Current index:	29501	
    Magnitude of W_grad:	19.492803105372	
    Magnitude of W:	178712.62605236	
    Magnitude of B_grad:	0.12516975415752	
    Magnitude of b:	9.9300367926402	

	
    Current index:	39501	
    Magnitude of W_grad:	24.766769631936	
    Magnitude of W:	178688.71848312	
    Magnitude of B_grad:	0.10080713964958	
    Magnitude of b:	10.345124393266	

	
    Current index:	49501	
    Magnitude of W_grad:	21.048866584649	
    Magnitude of W:	178665.5473201	
    Magnitude of B_grad:	0.077481939817821	
    Magnitude of b:	10.1657263166	

	
    Current index:	59501	
    Magnitude of W_grad:	24.037999009867	
    Magnitude of W:	178642.913304	
    Magnitude of B_grad:	0.062313487877084	
    Magnitude of b:	10.483310401982	

	
    Current index:	69501	
    Magnitude of W_grad:	21.76888987613	
    Magnitude of W:	178619.50495771	
    Magnitude of B_grad:	0.10615435650193	
    Magnitude of b:	10.60998700715	

	
    Current index:	79501	
    Magnitude of W_grad:	27.374045419265	
    Magnitude of W:	178594.8560561	
    Magnitude of B_grad:	0.14962012408779	
    Magnitude of b:	10.541599925288	

	
    Current index:	89501	
    Magnitude of W_grad:	29.813373973902	
    Magnitude of W:	178569.02846066	
    Magnitude of B_grad:	0.11500602358262	
    Magnitude of b:	10.267013869454	

	
    Current index:	99501	
    Magnitude of W_grad:	22.005636960608	
    Magnitude of W:	178543.89437403	
    Magnitude of B_grad:	0.030674108027533	
    Magnitude of b:	10.450074194654	

	
    Current index:	109501	
    Magnitude of W_grad:	25.324775971628	
    Magnitude of W:	178520.72396066	
    Magnitude of B_grad:	0.14698084951746	
    Magnitude of b:	10.306451778111	

	
    Current index:	119501	
    Magnitude of W_grad:	23.077616739033	
    Magnitude of W:	178495.85583111	
    Magnitude of B_grad:	0.066274587108312	
    Magnitude of b:	10.597870264004	

	
    Current index:	129501	
    Magnitude of W_grad:	27.124739349687	
    Magnitude of W:	178470.36643547	
    Magnitude of B_grad:	0.10573760431468	
    Magnitude of b:	10.498475087588	

	
    Current index:	139501	
    Magnitude of W_grad:	27.588743799517	
    Magnitude of W:	178447.9239396	
    Magnitude of B_grad:	0.13162737579454	
    Magnitude of b:	10.576792108227	

	
SGD: Loss is	
	LOSS:Calculated softmax res	
281509.07037555	
SGD: crossEntropyLoss is	
281509.07037555	
SGD: Validation Accuracy is:	
0.33333333333333	
SGD: Magnitude of W:	
178432.92390669	
SGD: Magnitude of b:	
9.8097793706419	
    Current index:	9501	
    Magnitude of W_grad:	21.380541702507	
    Magnitude of W:	178412.51675286	
    Magnitude of B_grad:	0.096755622249746	
    Magnitude of b:	9.6341644523412	

	
    Current index:	19501	
    Magnitude of W_grad:	21.79653124638	
    Magnitude of W:	178390.29789575	
    Magnitude of B_grad:	0.060661736736253	
    Magnitude of b:	9.8045537309072	

	
    Current index:	29501	
    Magnitude of W_grad:	18.819380615233	
    Magnitude of W:	178367.09304733	
    Magnitude of B_grad:	0.12048283529587	
    Magnitude of b:	9.8789941164827	

	
    Current index:	39501	
    Magnitude of W_grad:	24.328633488129	
    Magnitude of W:	178343.9895872	
    Magnitude of B_grad:	0.10399510324161	
    Magnitude of b:	10.290323991033	

	
    Current index:	49501	
    Magnitude of W_grad:	20.762793030706	
    Magnitude of W:	178321.60766131	
    Magnitude of B_grad:	0.075382655192531	
    Magnitude of b:	10.104647292904	

	
    Current index:	59501	
    Magnitude of W_grad:	23.627855947075	
    Magnitude of W:	178299.60844104	
    Magnitude of B_grad:	0.061372010639486	
    Magnitude of b:	10.424754132269	

	
    Current index:	69501	
    Magnitude of W_grad:	21.447044900415	
    Magnitude of W:	178276.88386345	
    Magnitude of B_grad:	0.10671226542123	
    Magnitude of b:	10.550631353257	

	
    Current index:	79501	
    Magnitude of W_grad:	26.794471838296	
    Magnitude of W:	178252.713075	
    Magnitude of B_grad:	0.14504472984264	
    Magnitude of b:	10.482098499092	

	
    Current index:	89501	
    Magnitude of W_grad:	28.995254735086	
    Magnitude of W:	178227.63584325	
    Magnitude of B_grad:	0.1112111296393	
    Magnitude of b:	10.208109677615	

	
    Current index:	99501	
    Magnitude of W_grad:	21.446305795515	
    Magnitude of W:	178202.98197032	
    Magnitude of B_grad:	0.030457547942518	
    Magnitude of b:	10.391880258114	

	
    Current index:	109501	
    Magnitude of W_grad:	25.046595981948	
    Magnitude of W:	178180.71220767	
    Magnitude of B_grad:	0.14263913730683	
    Magnitude of b:	10.253367452803	

	
    Current index:	119501	
    Magnitude of W_grad:	22.808199080308	
    Magnitude of W:	178156.54485972	
    Magnitude of B_grad:	0.066535166257803	
    Magnitude of b:	10.538533795363	

	
    Current index:	129501	
    Magnitude of W_grad:	26.603975138463	
    Magnitude of W:	178131.74238857	
    Magnitude of B_grad:	0.11183818023052	
    Magnitude of b:	10.444605972869	

	
    Current index:	139501	
    Magnitude of W_grad:	26.736812393875	
    Magnitude of W:	178109.8551449	
    Magnitude of B_grad:	0.12624625971799	
    Magnitude of b:	10.51472841296	

	
SGD: Loss is	
	LOSS:Calculated softmax res	
275693.40488687	
SGD: crossEntropyLoss is	
275693.40488687	
SGD: Validation Accuracy is:	
0.33242506811989	
SGD: Magnitude of W:	
178095.42890163	
SGD: Magnitude of b:	
9.7682768748868	
    Current index:	9501	
    Magnitude of W_grad:	20.835338199723	
    Magnitude of W:	178075.44855049	
    Magnitude of B_grad:	0.094480659340815	
    Magnitude of b:	9.5866616177237	

	
    Current index:	19501	
    Magnitude of W_grad:	21.373959658892	
    Magnitude of W:	178053.83580539	
    Magnitude of B_grad:	0.057859316687995	
    Magnitude of b:	9.7619608516	

	
    Current index:	29501	
    Magnitude of W_grad:	18.18934098318	
    Magnitude of W:	178031.14099014	
    Magnitude of B_grad:	0.11631614410811	
    Magnitude of b:	9.8329734834255	

	
    Current index:	39501	
    Magnitude of W_grad:	23.919237169429	
    Magnitude of W:	178008.85068837	
    Magnitude of B_grad:	0.10664865658621	
    Magnitude of b:	10.241096901286	

	
    Current index:	49501	
    Magnitude of W_grad:	20.490282199606	
    Magnitude of W:	177987.13479136	
    Magnitude of B_grad:	0.073759123356156	
    Magnitude of b:	10.049310706762	

	
    Current index:	59501	
    Magnitude of W_grad:	23.28048000351	
    Magnitude of W:	177965.65903452	
    Magnitude of B_grad:	0.060531415720587	
    Magnitude of b:	10.371238045361	

	
    Current index:	69501	
    Magnitude of W_grad:	21.139403970403	
    Magnitude of W:	177943.52268199	
    Magnitude of B_grad:	0.10685092982621	
    Magnitude of b:	10.497161669955	

	
    Current index:	79501	
    Magnitude of W_grad:	26.24414342618	
    Magnitude of W:	177919.83936085	
    Magnitude of B_grad:	0.1411527821269	
    Magnitude of b:	10.428059882598	

	
    Current index:	89501	
    Magnitude of W_grad:	28.235483242696	
    Magnitude of W:	177895.53505148	
    Magnitude of B_grad:	0.10740025644518	
    Magnitude of b:	10.15424898397	

	
    Current index:	99501	
    Magnitude of W_grad:	20.974630188046	
    Magnitude of W:	177871.70344757	
    Magnitude of B_grad:	0.030223228093255	
    Magnitude of b:	10.338305835803	

	
    Current index:	109501	
    Magnitude of W_grad:	24.779481467172	
    Magnitude of W:	177850.20216313	
    Magnitude of B_grad:	0.13805826567349	
    Magnitude of b:	10.203776223914	

	
    Current index:	119501	
    Magnitude of W_grad:	22.607523927325	
    Magnitude of W:	177826.56698114	
    Magnitude of B_grad:	0.06578695325613	
    Magnitude of b:	10.48256220161	

	
    Current index:	129501	
    Magnitude of W_grad:	26.100094374799	
    Magnitude of W:	177802.54779316	
    Magnitude of B_grad:	0.11715128893673	
    Magnitude of b:	10.395025748004	

	
    Current index:	139501	
    Magnitude of W_grad:	25.971747993113	
    Magnitude of W:	177781.24630058	
    Magnitude of B_grad:	0.12077762341942	
    Magnitude of b:	10.458586266321	

	
SGD: Loss is	
	LOSS:Calculated softmax res	
270454.61378407	
SGD: crossEntropyLoss is	
270454.61378407	
SGD: Validation Accuracy is:	
0.33514986376022	
SGD: Magnitude of W:	
177767.41544001	
SGD: Magnitude of b:	
9.7303553116439	
    Current index:	9501	
    Magnitude of W_grad:	20.356550058014	
    Magnitude of W:	177748.04302164	
    Magnitude of B_grad:	0.092306258845939	
    Magnitude of b:	9.5438444576014	

	
    Current index:	19501	
    Magnitude of W_grad:	20.939788923108	
    Magnitude of W:	177727.10489805	
    Magnitude of B_grad:	0.055143884843064	
    Magnitude of b:	9.722901969733	

	
    Current index:	29501	
    Magnitude of W_grad:	17.598686929653	
    Magnitude of W:	177705.08707277	
    Magnitude of B_grad:	0.11252959197733	
    Magnitude of b:	9.7913694971972	

	
    Current index:	39501	
    Magnitude of W_grad:	23.528803517935	
    Magnitude of W:	177683.41084564	
    Magnitude of B_grad:	0.10863368415404	
    Magnitude of b:	10.195968554424	

	
    Current index:	49501	
    Magnitude of W_grad:	20.20668272585	
    Magnitude of W:	177662.01419677	
    Magnitude of B_grad:	0.072519605795056	
    Magnitude of b:	9.9989686489578	

	
    Current index:	59501	
    Magnitude of W_grad:	22.983403193254	
    Magnitude of W:	177641.04547881	
    Magnitude of B_grad:	0.059910275570481	
    Magnitude of b:	10.322340699168	

	
    Current index:	69501	
    Magnitude of W_grad:	20.863740120322	
    Magnitude of W:	177619.52864882	
    Magnitude of B_grad:	0.106582973764	
    Magnitude of b:	10.448652178024	

	
    Current index:	79501	
    Magnitude of W_grad:	25.737496922427	
    Magnitude of W:	177596.27588317	
    Magnitude of B_grad:	0.13783446378689	
    Magnitude of b:	10.378693963801	

	
    Current index:	89501	
    Magnitude of W_grad:	27.503870104074	
    Magnitude of W:	177572.66877501	
    Magnitude of B_grad:	0.10349944307694	
    Magnitude of b:	10.104478504522	

	
    Current index:	99501	
    Magnitude of W_grad:	20.608741138623	
    Magnitude of W:	177549.73455979	
    Magnitude of B_grad:	0.029970660308859	
    Magnitude of b:	10.288732637123	

	
    Current index:	109501	
    Magnitude of W_grad:	24.517223442758	
    Magnitude of W:	177528.79725202	
    Magnitude of B_grad:	0.13311728439346	
    Magnitude of b:	10.156896149785	

	
    Current index:	119501	
    Magnitude of W_grad:	22.444165325262	
    Magnitude of W:	177505.70307778	
    Magnitude of B_grad:	0.064284101744023	
    Magnitude of b:	10.429425691659	

	
    Current index:	129501	
    Magnitude of W_grad:	25.612356928174	
    Magnitude of W:	177482.27660982	
    Magnitude of B_grad:	0.12163343234846	
    Magnitude of b:	10.348937588775	

	
    Current index:	139501	
    Magnitude of W_grad:	25.293898725452	
    Magnitude of W:	177461.43632357	
    Magnitude of B_grad:	0.11545715470017	
    Magnitude of b:	10.407447188831	

	
SGD: Loss is	
	LOSS:Calculated softmax res	
265701.89911114	
SGD: crossEntropyLoss is	
265701.89911114	
SGD: Validation Accuracy is:	
0.33151680290645	
SGD: Magnitude of W:	
177448.05837745	
SGD: Magnitude of b:	
9.6952100099073	
    Current index:	9501	
    Magnitude of W_grad:	19.93006424777	
    Magnitude of W:	177429.03491073	
    Magnitude of B_grad:	0.090232879516337	
    Magnitude of b:	9.5047377853251	

	
    Current index:	19501	
    Magnitude of W_grad:	20.491749669169	
    Magnitude of W:	177408.65233297	
    Magnitude of B_grad:	0.052502756334515	
    Magnitude of b:	9.6864893280831	

	
    Current index:	29501	
    Magnitude of W_grad:	17.054883873395	
    Magnitude of W:	177387.17870134	
    Magnitude of B_grad:	0.10916296448216	
    Magnitude of b:	9.7534272203896	

	
    Current index:	39501	
    Magnitude of W_grad:	23.153696047188	
    Magnitude of W:	177366.06832288	
    Magnitude of B_grad:	0.10994238523397	
    Magnitude of b:	10.153700166798	

	
    Current index:	49501	
    Magnitude of W_grad:	19.906727406549	
    Magnitude of W:	177345.03739195	
    Magnitude of B_grad:	0.071560713562485	
    Magnitude of b:	9.9528633881313	

	
    Current index:	59501	
    Magnitude of W_grad:	22.712438857562	
    Magnitude of W:	177324.52413128	
    Magnitude of B_grad:	0.059525221070434	
    Magnitude of b:	10.277462155694	

	
    Current index:	69501	
    Magnitude of W_grad:	20.653164499426	
    Magnitude of W:	177303.41826554	
    Magnitude of B_grad:	0.10589045965033	
    Magnitude of b:	10.404126026997	

	
    Current index:	79501	
    Magnitude of W_grad:	25.27402327457	
    Magnitude of W:	177280.72179926	
    Magnitude of B_grad:	0.1349766290739	
    Magnitude of b:	10.333132960353	

	
    Current index:	89501	
    Magnitude of W_grad:	26.80715554607	
    Magnitude of W:	177257.7938901	
    Magnitude of B_grad:	0.099515693059909	
    Magnitude of b:	10.058282048024	

	
    Current index:	99501	
    Magnitude of W_grad:	20.318117567569	
    Magnitude of W:	177235.48448964	
    Magnitude of B_grad:	0.029693896039686	
    Magnitude of b:	10.242660969055	

	
    Current index:	109501	
    Magnitude of W_grad:	24.258914073267	
    Magnitude of W:	177214.96516444	
    Magnitude of B_grad:	0.12797791224684	
    Magnitude of b:	10.112986631124	

	
    Current index:	119501	
    Magnitude of W_grad:	22.282566881126	
    Magnitude of W:	177192.4429907	
    Magnitude of B_grad:	0.062820109693137	
    Magnitude of b:	10.379969723515	

	
    Current index:	129501	
    Magnitude of W_grad:	25.153901298586	
    Magnitude of W:	177169.52454623	
    Magnitude of B_grad:	0.12534697580678	
    Magnitude of b:	10.306198443785	

	
    Current index:	139501	
    Magnitude of W_grad:	24.70027666963	
    Magnitude of W:	177149.10648326	
    Magnitude of B_grad:	0.11040508170207	
    Magnitude of b:	10.360651584799	

	
SGD: Loss is	
	LOSS:Calculated softmax res	
261365.0138383	
SGD: crossEntropyLoss is	
261365.0138383	
SGD: Validation Accuracy is:	
0.33424159854678	
SGD: Magnitude of W:	
177136.0602017	
SGD: Magnitude of b:	
9.6622186553369	
    Current index:	9501	
    Magnitude of W_grad:	19.530075491449	
    Magnitude of W:	177117.55156971	
    Magnitude of B_grad:	0.088287093245834	
    Magnitude of b:	9.4687241853195	

	
    Current index:	19501	
    Magnitude of W_grad:	20.040715891366	
    Magnitude of W:	177097.5813789	
    Magnitude of B_grad:	0.049930723834313	
    Magnitude of b:	9.652211196761	

	
    Current index:	29501	
    Magnitude of W_grad:	16.563584245309	
    Magnitude of W:	177076.60343224	
    Magnitude of B_grad:	0.10689639681547	
    Magnitude of b:	9.7185627387559	

	
    Current index:	39501	
    Magnitude of W_grad:	22.790581776275	
    Magnitude of W:	177055.8130084	
    Magnitude of B_grad:	0.11065225079111	
    Magnitude of b:	10.113715117609	

	
    Current index:	49501	
    Magnitude of W_grad:	19.587582151697	
    Magnitude of W:	177035.20476127	
    Magnitude of B_grad:	0.070785523640198	
    Magnitude of b:	9.9104770405072	

	
    Current index:	59501	
    Magnitude of W_grad:	22.479605783086	
    Magnitude of W:	177015.18743853	
    Magnitude of B_grad:	0.05934128063921	
    Magnitude of b:	10.236068941149	

	
    Current index:	69501	
    Magnitude of W_grad:	20.452426519703	
    Magnitude of W:	176994.60135741	
    Magnitude of B_grad:	0.10478880894523	
    Magnitude of b:	10.362846972016	

	
    Current index:	79501	
    Magnitude of W_grad:	24.846580877973	
    Magnitude of W:	176972.58028831	
    Magnitude of B_grad:	0.13239045137771	
    Magnitude of b:	10.290687915394	

	
    Current index:	89501	
    Magnitude of W_grad:	26.175282991871	
    Magnitude of W:	176950.05209512	
    Magnitude of B_grad:	0.095706615405907	
    Magnitude of b:	10.015624609179	

	
    Current index:	99501	
    Magnitude of W_grad:	20.059681020779	
    Magnitude of W:	176928.30923618	
    Magnitude of B_grad:	0.029389039328169	
    Magnitude of b:	10.199851098266	

	
    Current index:	109501	
    Magnitude of W_grad:	24.002958914201	
    Magnitude of W:	176908.19881203	
    Magnitude of B_grad:	0.12270386852537	
    Magnitude of b:	10.072134322467	

	
    Current index:	119501	
    Magnitude of W_grad:	22.103001078696	
    Magnitude of W:	176886.16375544	
    Magnitude of B_grad:	0.061734786277545	
    Magnitude of b:	10.334525317688	

	
    Current index:	129501	
    Magnitude of W_grad:	24.722215242753	
    Magnitude of W:	176863.77765619	
    Magnitude of B_grad:	0.12834832858986	
    Magnitude of b:	10.266607657915	

	
    Current index:	139501	
    Magnitude of W_grad:	24.180957098209	
    Magnitude of W:	176843.74490569	
    Magnitude of B_grad:	0.10572138224032	
    Magnitude of b:	10.31758388984	

	
SGD: Loss is	
	LOSS:Calculated softmax res	
257386.55213518	
SGD: crossEntropyLoss is	
257386.55213518	
SGD: Validation Accuracy is:	
0.33333333333333	
SGD: Magnitude of W:	
176830.92437007	
SGD: Magnitude of b:	
9.6309299001442	
    Current index:	9501	
    Magnitude of W_grad:	19.142451038192	
    Magnitude of W:	176812.82243611	
    Magnitude of B_grad:	0.086482040179276	
    Magnitude of b:	9.4353357075518	

	
    Current index:	19501	
    Magnitude of W_grad:	19.603420122899	
    Magnitude of W:	176793.34409024	
    Magnitude of B_grad:	0.047423680730795	
    Magnitude of b:	9.6197497223463	

	
    Current index:	29501	
    Magnitude of W_grad:	16.134552451809	
    Magnitude of W:	176772.81626599	
    Magnitude of B_grad:	0.10475798065946	
    Magnitude of b:	9.6862523656178	

	
    Current index:	39501	
    Magnitude of W_grad:	22.430085017181	
    Magnitude of W:	176752.46817071	
    Magnitude of B_grad:	0.11085862565741	
    Magnitude of b:	10.075707247876	

	
    Current index:	49501	
    Magnitude of W_grad:	19.259897195828	
    Magnitude of W:	176732.45477531	
    Magnitude of B_grad:	0.070113911293842	
    Magnitude of b:	9.8712814689818	

	
    Current index:	59501	
    Magnitude of W_grad:	22.275709400533	
    Magnitude of W:	176712.98570521	
    Magnitude of B_grad:	0.059308956824896	
    Magnitude of b:	10.197608477266	

	
    Current index:	69501	
    Magnitude of W_grad:	20.255215378448	
    Magnitude of W:	176692.90071652	
    Magnitude of B_grad:	0.10334808943419	
    Magnitude of b:	10.324232378636	

	
    Current index:	79501	
    Magnitude of W_grad:	24.429318686318	
    Magnitude of W:	176671.5243761	
    Magnitude of B_grad:	0.12990985001444	
    Magnitude of b:	10.250822793219	

	
    Current index:	89501	
    Magnitude of W_grad:	25.619419797142	
    Magnitude of W:	176649.41694835	
    Magnitude of B_grad:	0.09222289103122	
    Magnitude of b:	9.9760672907528	

	
    Current index:	99501	
    Magnitude of W_grad:	19.82613556501	
    Magnitude of W:	176628.26742919	
    Magnitude of B_grad:	0.031576718649906	
    Magnitude of b:	10.159978537472	

	
    Current index:	109501	
    Magnitude of W_grad:	23.73338703548	
    Magnitude of W:	176608.64401726	
    Magnitude of B_grad:	0.11729749110972	
    Magnitude of b:	10.033802324245	

	
    Current index:	119501	
    Magnitude of W_grad:	21.90611328179	
    Magnitude of W:	176587.00557091	
    Magnitude of B_grad:	0.060876816477445	
    Magnitude of b:	10.292428913815	

	
    Current index:	129501	
    Magnitude of W_grad:	24.313177322238	
    Magnitude of W:	176565.0512431	
    Magnitude of B_grad:	0.13068349836299	
    Magnitude of b:	10.229656444641	

	
    Current index:	139501	
    Magnitude of W_grad:	23.71990454856	
    Magnitude of W:	176545.42689992	
    Magnitude of B_grad:	0.10146673707165	
    Magnitude of b:	10.277579960639	

	
SGD: Loss is	
	LOSS:Calculated softmax res	
253717.3266762	
SGD: crossEntropyLoss is	
253717.3266762	
SGD: Validation Accuracy is:	
0.33424159854678	
SGD: Magnitude of W:	
176532.82549714	
SGD: Magnitude of b:	
9.6010179049754	
    Current index:	9501	
    Magnitude of W_grad:	18.768516397239	
    Magnitude of W:	176515.0740158	
    Magnitude of B_grad:	0.084809296420603	
    Magnitude of b:	9.4040533177498	

	
    Current index:	19501	
    Magnitude of W_grad:	19.199031746993	
    Magnitude of W:	176496.14688518	
    Magnitude of B_grad:	0.044962582678958	
    Magnitude of b:	9.5888221183385	

	
    Current index:	29501	
    Magnitude of W_grad:	15.757101495779	
    Magnitude of W:	176475.9289134	
    Magnitude of B_grad:	0.10269721751391	
    Magnitude of b:	9.6559351714293	

	
    Current index:	39501	
    Magnitude of W_grad:	22.072026336971	
    Magnitude of W:	176456.00242212	
    Magnitude of B_grad:	0.11065125101061	
    Magnitude of b:	10.039331208796	

	
    Current index:	49501	
    Magnitude of W_grad:	18.926265438028	
    Magnitude of W:	176436.35521807	
    Magnitude of B_grad:	0.069480285760962	
    Magnitude of b:	9.8346550411502	

	
    Current index:	59501	
    Magnitude of W_grad:	22.081052273535	
    Magnitude of W:	176417.42951741	
    Magnitude of B_grad:	0.059376893930106	
    Magnitude of b:	10.161510513108	

	
    Current index:	69501	
    Magnitude of W_grad:	20.075874227437	
    Magnitude of W:	176397.66375364	
    Magnitude of B_grad:	0.10165414277545	
    Magnitude of b:	10.287750362596	

	
    Current index:	79501	
    Magnitude of W_grad:	24.011128132096	
    Magnitude of W:	176376.71985298	
    Magnitude of B_grad:	0.12744823603422	
    Magnitude of b:	10.213070245202	

	
    Current index:	89501	
    Magnitude of W_grad:	25.131183614946	
    Magnitude of W:	176355.19986267	
    Magnitude of B_grad:	0.088999846319462	
    Magnitude of b:	9.9389173992274	

	
    Current index:	99501	
    Magnitude of W_grad:	19.606054257491	
    Magnitude of W:	176334.58808357	
    Magnitude of B_grad:	0.033774747240904	
    Magnitude of b:	10.122594362428	

	
    Current index:	109501	
    Magnitude of W_grad:	23.455104617001	
    Magnitude of W:	176315.44490343	
    Magnitude of B_grad:	0.11466478931603	
    Magnitude of b:	9.9975103317157	

	
    Current index:	119501	
    Magnitude of W_grad:	21.703946898523	
    Magnitude of W:	176294.08054772	
    Magnitude of B_grad:	0.060163043455979	
    Magnitude of b:	10.253020969272	

	
    Current index:	129501	
    Magnitude of W_grad:	23.914081563852	
    Magnitude of W:	176272.55267511	
    Magnitude of B_grad:	0.13243478819623	
    Magnitude of b:	10.194900939822	

	
    Current index:	139501	
    Magnitude of W_grad:	23.316611431399	
    Magnitude of W:	176253.22940696	
    Magnitude of B_grad:	0.097648342916682	
    Magnitude of b:	10.240099080989	

	
SGD: Loss is	
	LOSS:Calculated softmax res	
250316.89785753	
SGD: crossEntropyLoss is	
250316.89785753	
SGD: Validation Accuracy is:	
0.33969118982743	
SGD: Magnitude of W:	
176240.85297911	
SGD: Magnitude of b:	
9.572256921136	
    Current index:	9501	
    Magnitude of W_grad:	18.423620405116	
    Magnitude of W:	176223.47663493	
    Magnitude of B_grad:	0.08325952044192	
    Magnitude of b:	9.3743936150583	

	
    Current index:	19501	
    Magnitude of W_grad:	18.811120561093	
    Magnitude of W:	176205.01678905	
    Magnitude of B_grad:	0.042528222872536	
    Magnitude of b:	9.559207959741	

	
    Current index:	29501	
    Magnitude of W_grad:	15.413850107699	
    Magnitude of W:	176185.15395007	
    Magnitude of B_grad:	0.10069520113161	
    Magnitude of b:	9.627137296703	

	
    Current index:	39501	
    Magnitude of W_grad:	21.724969593139	
    Magnitude of W:	176165.74393022	
    Magnitude of B_grad:	0.11012217050385	
    Magnitude of b:	10.004285248538	

	
    Current index:	49501	
    Magnitude of W_grad:	18.594900585504	
    Magnitude of W:	176146.53511493	
    Magnitude of B_grad:	0.068834426244456	
    Magnitude of b:	9.8000790048188	

	
    Current index:	59501	
    Magnitude of W_grad:	21.902986586885	
    Magnitude of W:	176127.87319148	
    Magnitude of B_grad:	0.059500429429538	
    Magnitude of b:	10.127322999323	

	
    Current index:	69501	
    Magnitude of W_grad:	19.900348908852	
    Magnitude of W:	176108.52761108	
    Magnitude of B_grad:	0.099786592579844	
    Magnitude of b:	10.252980133393	

	
    Current index:	79501	
    Magnitude of W_grad:	23.592273082373	
    Magnitude of W:	176087.88893015	
    Magnitude of B_grad:	0.12495951464336	
    Magnitude of b:	10.177075515127	

	
    Current index:	89501	
    Magnitude of W_grad:	24.689059062172	
    Magnitude of W:	176066.7700948	
    Magnitude of B_grad:	0.085943932487569	
    Magnitude of b:	9.9036320958617	

	
    Current index:	99501	
    Magnitude of W_grad:	19.420331107509	
    Magnitude of W:	176046.70460568	
    Magnitude of B_grad:	0.035954492764391	
    Magnitude of b:	10.087229311607	

	
    Current index:	109501	
    Magnitude of W_grad:	23.176035710152	
    Magnitude of W:	176027.80485989	
    Magnitude of B_grad:	0.11186786556249	
    Magnitude of b:	9.9629470818518	

	
    Current index:	119501	
    Magnitude of W_grad:	21.503231111217	
    Magnitude of W:	176006.87313913	
    Magnitude of B_grad:	0.059581675350897	
    Magnitude of b:	10.215765980766	

	
    Current index:	129501	
    Magnitude of W_grad:	23.528922559652	
    Magnitude of W:	175985.69526521	
    Magnitude of B_grad:	0.13367323281486	
    Magnitude of b:	10.161989097025	

	
    Current index:	139501	
    Magnitude of W_grad:	22.950241708168	
    Magnitude of W:	175966.53818435	
    Magnitude of B_grad:	0.094237333555915	
    Magnitude of b:	10.204684858921	

	
SGD: Loss is	
	LOSS:Calculated softmax res	
247152.11451818	
SGD: crossEntropyLoss is	
247152.11451818	
SGD: Validation Accuracy is:	
0.34241598546776	
SGD: Magnitude of W:	
175954.45916796	
SGD: Magnitude of b:	
9.54447200266	
    Current index:	9501	
    Magnitude of W_grad:	18.120473241434	
    Magnitude of W:	175937.4426032	
    Magnitude of B_grad:	0.081826665119477	
    Magnitude of b:	9.3459879121068	

	
    Current index:	19501	
    Magnitude of W_grad:	18.441507086531	
    Magnitude of W:	175919.38101295	
    Magnitude of B_grad:	0.040111358302875	
    Magnitude of b:	9.5307167910902	

	
    Current index:	29501	
    Magnitude of W_grad:	15.095132103591	
    Magnitude of W:	175899.79546474	
    Magnitude of B_grad:	0.098755233394816	
    Magnitude of b:	9.5995015595668	

	
    Current index:	39501	
    Magnitude of W_grad:	21.380036603764	
    Magnitude of W:	175880.59225915	
    Magnitude of B_grad:	0.10936314359745	
    Magnitude of b:	9.9703394254415	

	
    Current index:	49501	
    Magnitude of W_grad:	18.26814997451	
    Magnitude of W:	175861.8390697	
    Magnitude of B_grad:	0.068140498125036	
    Magnitude of b:	9.7671668920635	

	
    Current index:	59501	
    Magnitude of W_grad:	21.735638623828	
    Magnitude of W:	175843.44085728	
    Magnitude of B_grad:	0.059642565679982	
    Magnitude of b:	10.094704359688	

	
    Current index:	69501	
    Magnitude of W_grad:	19.734523349046	
    Magnitude of W:	175824.42183406	
    Magnitude of B_grad:	0.097814903051456	
    Magnitude of b:	10.219595433804	

	
    Current index:	79501	
    Magnitude of W_grad:	23.171103823684	
    Magnitude of W:	175804.12486859	
    Magnitude of B_grad:	0.12242506469866	
    Magnitude of b:	10.142573953373	

	
    Current index:	89501	
    Magnitude of W_grad:	24.271652868701	
    Magnitude of W:	175783.47126626	
    Magnitude of B_grad:	0.082995509000435	
    Magnitude of b:	9.8698712728924	

	
    Current index:	99501	
    Magnitude of W_grad:	19.259422301105	
    Magnitude of W:	175763.8262451	
    Magnitude of B_grad:	0.038099032434781	
    Magnitude of b:	10.05344010111	

	
    Current index:	109501	
    Magnitude of W_grad:	22.899777284371	
    Magnitude of W:	175745.16648799	
    Magnitude of B_grad:	0.10921319582388	
    Magnitude of b:	9.9298989018539	

	
    Current index:	119501	
    Magnitude of W_grad:	21.305502258941	
    Magnitude of W:	175724.56762614	
    Magnitude of B_grad:	0.059138309787406	
    Magnitude of b:	10.18025567426	

	
    Current index:	129501	
    Magnitude of W_grad:	23.159681684283	
    Magnitude of W:	175703.87878947	
    Magnitude of B_grad:	0.13442461656423	
    Magnitude of b:	10.130635873981	

	
    Current index:	139501	
    Magnitude of W_grad:	22.614749836893	
    Magnitude of W:	175684.88406542	
    Magnitude of B_grad:	0.091182352142805	
    Magnitude of b:	10.170953345066	

	
SGD: Loss is	
	LOSS:Calculated softmax res	
244195.66893443	
SGD: crossEntropyLoss is	
244195.66893443	
SGD: Validation Accuracy is:	
0.3496821071753	
SGD: Magnitude of W:	
175673.00239994	
SGD: Magnitude of b:	
9.5175479895221	
    Current index:	9501	
    Magnitude of W_grad:	17.851978128467	
    Magnitude of W:	175656.28920588	
    Magnitude of B_grad:	0.080504780260396	
    Magnitude of b:	9.3186205390055	

	
    Current index:	19501	
    Magnitude of W_grad:	18.098336807656	
    Magnitude of W:	175638.58645353	
    Magnitude of B_grad:	0.037714123121589	
    Magnitude of b:	9.5031887783394	

	
    Current index:	29501	
    Magnitude of W_grad:	14.801788291384	
    Magnitude of W:	175619.31521023	
    Magnitude of B_grad:	0.09688876679913	
    Magnitude of b:	9.5727902856336	

	
    Current index:	39501	
    Magnitude of W_grad:	21.044335468149	
    Magnitude of W:	175600.54444767	
    Magnitude of B_grad:	0.10845259930429	
    Magnitude of b:	9.9373384842795	

	
    Current index:	49501	
    Magnitude of W_grad:	17.950959707983	
    Magnitude of W:	175582.12481176	
    Magnitude of B_grad:	0.06737405705297	
    Magnitude of b:	9.7356366230355	

	
    Current index:	59501	
    Magnitude of W_grad:	21.572281951027	
    Magnitude of W:	175564.08805854	
    Magnitude of B_grad:	0.059772180918339	
    Magnitude of b:	10.063390555431	

	
    Current index:	69501	
    Magnitude of W_grad:	19.571181884568	
    Magnitude of W:	175545.26204271	
    Magnitude of B_grad:	0.095800935952262	
    Magnitude of b:	10.187336169228	

	
    Current index:	79501	
    Magnitude of W_grad:	22.749415230533	
    Magnitude of W:	175525.25248194	
    Magnitude of B_grad:	0.11984817183682	
    Magnitude of b:	10.109363761427	

	
    Current index:	89501	
    Magnitude of W_grad:	23.880653321714	
    Magnitude of W:	175505.11359316	
    Magnitude of B_grad:	0.080132395790712	
    Magnitude of b:	9.8374443270333	

	
    Current index:	99501	
    Magnitude of W_grad:	19.139558592783	
    Magnitude of W:	175485.8020877	
    Magnitude of B_grad:	0.040199294163134	
    Magnitude of b:	10.020872434529	

	
    Current index:	109501	
    Magnitude of W_grad:	22.636323892077	
    Magnitude of W:	175467.43760545	
    Magnitude of B_grad:	0.10689561797779	
    Magnitude of b:	9.8982036623734	

	
    Current index:	119501	
    Magnitude of W_grad:	21.118899846823	
    Magnitude of W:	175447.14922201	
    Magnitude of B_grad:	0.058832882233878	
    Magnitude of b:	10.146224745369	

	
    Current index:	129501	
    Magnitude of W_grad:	22.791950420626	
    Magnitude of W:	175426.9803666	
    Magnitude of B_grad:	0.13469401035324	
    Magnitude of b:	10.100623733345	

	
    Current index:	139501	
    Magnitude of W_grad:	22.303027176732	
    Magnitude of W:	175408.2629208	
    Magnitude of B_grad:	0.088423983837709	
    Magnitude of b:	10.138617704436	

	
SGD: Loss is	
	LOSS:Calculated softmax res	
241424.91701134	
SGD: crossEntropyLoss is	
241424.91701134	
SGD: Validation Accuracy is:	
0.35422343324251	
SGD: Magnitude of W:	
175396.38723631	
SGD: Magnitude of b:	
9.4914396238974	
    Current index:	9501	
    Magnitude of W_grad:	17.60059114521	
    Magnitude of W:	175379.99826603	
    Magnitude of B_grad:	0.079283605461586	
    Magnitude of b:	9.2922051914651	

	
    Current index:	19501	
    Magnitude of W_grad:	17.785498493808	
    Magnitude of W:	175362.52086422	
    Magnitude of B_grad:	0.03534715781751	
    Magnitude of b:	9.4765141027019	

	
    Current index:	29501	
    Magnitude of W_grad:	14.535873063594	
    Magnitude of W:	175343.5556471	
    Magnitude of B_grad:	0.095107161534189	
    Magnitude of b:	9.5468735964108	

	
    Current index:	39501	
    Magnitude of W_grad:	20.715699068426	
    Magnitude of W:	175325.1761321	
    Magnitude of B_grad:	0.10744662970297	
    Magnitude of b:	9.9051927232218	

	
    Current index:	49501	
    Magnitude of W_grad:	17.644221257768	
    Magnitude of W:	175306.94258458	
    Magnitude of B_grad:	0.066516184838579	
    Magnitude of b:	9.7052837958831	

	
    Current index:	59501	
    Magnitude of W_grad:	21.411722079495	
    Magnitude of W:	175289.20666687	
    Magnitude of B_grad:	0.059863755076958	
    Magnitude of b:	10.033175184633	

	
    Current index:	69501	
    Magnitude of W_grad:	19.411164533532	
    Magnitude of W:	175270.59896486	
    Magnitude of B_grad:	0.093796953817526	
    Magnitude of b:	10.155994441036	

	
    Current index:	79501	
    Magnitude of W_grad:	22.330226766882	
    Magnitude of W:	175251.01334878	
    Magnitude of B_grad:	0.11724416735251	
    Magnitude of b:	10.077296490579	

	
    Current index:	89501	
    Magnitude of W_grad:	23.517678321056	
    Magnitude of W:	175231.30049904	
    Magnitude of B_grad:	0.077358303684498	
    Magnitude of b:	9.8062505521552	

	
    Current index:	99501	
    Magnitude of W_grad:	19.028963507846	
    Magnitude of W:	175212.2800236	
    Magnitude of B_grad:	0.042251384510114	
    Magnitude of b:	9.9892981442793	

	
    Current index:	109501	
    Magnitude of W_grad:	22.380815789592	
    Magnitude of W:	175194.25408893	
    Magnitude of B_grad:	0.10497444231861	
    Magnitude of b:	9.8677333571259	

	
    Current index:	119501	
    Magnitude of W_grad:	20.93987132127	
    Magnitude of W:	175174.24598665	
    Magnitude of B_grad:	0.058657262631111	
    Magnitude of b:	10.11351863813	

	
    Current index:	129501	
    Magnitude of W_grad:	22.430613876902	
    Magnitude of W:	175154.46156608	
    Magnitude of B_grad:	0.1345169081974	
    Magnitude of b:	10.071789551405	

	
    Current index:	139501	
    Magnitude of W_grad:	22.00295478173	
    Magnitude of W:	175135.98954953	
    Magnitude of B_grad:	0.085910076274175	
    Magnitude of b:	10.107490434508	

	
SGD: Loss is	
	LOSS:Calculated softmax res	
238820.78058339	
SGD: crossEntropyLoss is	
238820.78058339	
SGD: Validation Accuracy is:	
0.35331516802906	
SGD: Magnitude of W:	
175124.17285989	
SGD: Magnitude of b:	
9.4661371008255	
    Current index:	9501	
    Magnitude of W_grad:	17.383636907605	
    Magnitude of W:	175107.98894337	
    Magnitude of B_grad:	0.078147284371376	
    Magnitude of b:	9.2667166146431	

	
    Current index:	19501	
    Magnitude of W_grad:	17.493034610221	
    Magnitude of W:	175090.74598625	
    Magnitude of B_grad:	0.033025842918307	
    Magnitude of b:	9.450625893861	

	
    Current index:	29501	
    Magnitude of W_grad:	14.293812999179	
    Magnitude of W:	175072.18333817	
    Magnitude of B_grad:	0.093417236975478	
    Magnitude of b:	9.5216936148226	

	
    Current index:	39501	
    Magnitude of W_grad:	20.392261639107	
    Magnitude of W:	175054.11694244	
    Magnitude of B_grad:	0.10637936175368	
    Magnitude of b:	9.8738552581785	

	
    Current index:	49501	
    Magnitude of W_grad:	17.351846267156	
    Magnitude of W:	175036.14142442	
    Magnitude of B_grad:	0.065546634358938	
    Magnitude of b:	9.6759624706761	

	
    Current index:	59501	
    Magnitude of W_grad:	21.251691424898	
    Magnitude of W:	175018.60867481	
    Magnitude of B_grad:	0.059899305814815	
    Magnitude of b:	10.003894910173	

	
    Current index:	69501	
    Magnitude of W_grad:	19.250747095075	
    Magnitude of W:	175000.19350945	
    Magnitude of B_grad:	0.091839758078983	
    Magnitude of b:	10.125405292341	

	
    Current index:	79501	
    Magnitude of W_grad:	21.919025868749	
    Magnitude of W:	174980.97148229	
    Magnitude of B_grad:	0.11463053637631	
    Magnitude of b:	10.046268553268	

	
