[?1034hDatafile:	/n/home09/ankitgupta/CS287/HW1/MPQA-uni-syns.hdf5	Classifier:	hinge	Alpha:	0	Eta:	1	Lambda:	1	Minibatch size:	500	Num Epochs:	50	Minimum Sentence Length:	5	
Note that not all parameters may apply to all classifiers	
Loading datafiles...	
Number of training samples before removing small sentences	10606	
Number of training samples after removing small sentences	9014	
Done.	
Training classifier...	
Parameters are:	
Eta:	
1	
Lambda:	
1	
Minibatch size:	
500	
Number of Epochs	
50	
SGD: Hinge Loss is	
71966.457302348	
SGD: Validation Accuracy is:	
0.43285238623751	
SGD: Magnitude of W:	
39876.034273983	
SGD: Magnitude of b:	
1.2736778361678	
SGD: Hinge Loss is	
75637.756605491	
SGD: Validation Accuracy is:	
0.67036625971143	
SGD: Magnitude of W:	
39774.048394055	
SGD: Magnitude of b:	
1.0031897811559	
SGD: Hinge Loss is	
73621.274423811	
SGD: Validation Accuracy is:	
0.69145394006659	
SGD: Magnitude of W:	
39673.934021482	
SGD: Magnitude of b:	
1.0010895077488	
SGD: Hinge Loss is	
71676.813777916	
SGD: Validation Accuracy is:	
0.69811320754717	
SGD: Magnitude of W:	
39575.014604355	
SGD: Magnitude of b:	
0.99899363146425	
SGD: Hinge Loss is	
70039.83527373	
SGD: Validation Accuracy is:	
0.69589345172031	
SGD: Magnitude of W:	
39478.381101389	
SGD: Magnitude of b:	
0.99690214309644	
SGD: Hinge Loss is	
68810.539474999	
SGD: Validation Accuracy is:	
0.70477247502775	
SGD: Magnitude of W:	
39383.077161172	
SGD: Magnitude of b:	
0.99481503345883	
SGD: Hinge Loss is	
67638.621613325	
SGD: Validation Accuracy is:	
0.72807991120977	
SGD: Magnitude of W:	
39288.904034925	
SGD: Magnitude of b:	
0.99273229338414	
SGD: Hinge Loss is	
66855.582949644	
SGD: Validation Accuracy is:	
0.73140954495006	
SGD: Magnitude of W:	
39195.37999814	
SGD: Magnitude of b:	
0.99065391372427	
SGD: Hinge Loss is	
65961.563129311	
SGD: Validation Accuracy is:	
0.73806881243063	
SGD: Magnitude of W:	
39102.692763964	
SGD: Magnitude of b:	
0.98857988535029	
SGD: Hinge Loss is	
64820.718455341	
SGD: Validation Accuracy is:	
0.74250832408435	
SGD: Magnitude of W:	
39010.736497931	
SGD: Magnitude of b:	
0.98651019915235	
SGD: Hinge Loss is	
64045.11692196	
SGD: Validation Accuracy is:	
0.74139844617092	
SGD: Magnitude of W:	
38919.763837943	
SGD: Magnitude of b:	
0.98444484603971	
SGD: Hinge Loss is	
63144.442630454	
SGD: Validation Accuracy is:	
0.74139844617092	
SGD: Magnitude of W:	
38829.111008546	
SGD: Magnitude of b:	
0.98238381694062	
SGD: Hinge Loss is	
62721.068470579	
SGD: Validation Accuracy is:	
0.74916759156493	
SGD: Magnitude of W:	
38739.461875062	
SGD: Magnitude of b:	
0.98032710280236	
SGD: Hinge Loss is	
61869.137103959	
SGD: Validation Accuracy is:	
0.7480577136515	
SGD: Magnitude of W:	
38650.21581145	
SGD: Magnitude of b:	
0.97827469459115	
SGD: Hinge Loss is	
61364.094662155	
SGD: Validation Accuracy is:	
0.75027746947836	
SGD: Magnitude of W:	
38561.409852708	
SGD: Magnitude of b:	
0.97622658329211	
SGD: Hinge Loss is	
60558.165147229	
SGD: Validation Accuracy is:	
0.75027746947836	
SGD: Magnitude of W:	
38473.243240975	
SGD: Magnitude of b:	
0.97418275990925	
SGD: Hinge Loss is	
60188.689720782	
SGD: Validation Accuracy is:	
0.75471698113208	
SGD: Magnitude of W:	
38385.649241914	
SGD: Magnitude of b:	
0.97214321546542	
SGD: Hinge Loss is	
59519.948624349	
SGD: Validation Accuracy is:	
0.7558268590455	
SGD: Magnitude of W:	
38298.435933486	
SGD: Magnitude of b:	
0.97010794100224	
SGD: Hinge Loss is	
59075.901731102	
SGD: Validation Accuracy is:	
0.75804661487236	
SGD: Magnitude of W:	
38211.867573708	
SGD: Magnitude of b:	
0.9680769275801	
SGD: Hinge Loss is	
58321.817830359	
SGD: Validation Accuracy is:	
0.76026637069922	
SGD: Magnitude of W:	
38125.761348677	
SGD: Magnitude of b:	
0.96605016627811	
SGD: Hinge Loss is	
58117.678022374	
SGD: Validation Accuracy is:	
0.76914539400666	
SGD: Magnitude of W:	
38040.296474387	
SGD: Magnitude of b:	
0.96402764819405	
SGD: Hinge Loss is	
57525.41844111	
SGD: Validation Accuracy is:	
0.77025527192009	
SGD: Magnitude of W:	
37955.237790208	
SGD: Magnitude of b:	
0.96200936444434	
SGD: Hinge Loss is	
57196.089155019	
SGD: Validation Accuracy is:	
0.77691453940067	
SGD: Magnitude of W:	
37870.560117245	
SGD: Magnitude of b:	
0.95999530616399	
SGD: Hinge Loss is	
56602.680519293	
SGD: Validation Accuracy is:	
0.77247502774695	
SGD: Magnitude of W:	
37786.091684203	
SGD: Magnitude of b:	
0.95798546450658	
SGD: Hinge Loss is	
56181.49697126	
SGD: Validation Accuracy is:	
0.77580466148724	
SGD: Magnitude of W:	
37702.195215945	
SGD: Magnitude of b:	
0.95597983064422	
SGD: Hinge Loss is	
55397.670947657	
SGD: Validation Accuracy is:	
0.76803551609323	
SGD: Magnitude of W:	
37618.487110439	
SGD: Magnitude of b:	
0.95397839576747	
SGD: Hinge Loss is	
55121.024299188	
SGD: Validation Accuracy is:	
0.77247502774695	
SGD: Magnitude of W:	
37535.130171912	
SGD: Magnitude of b:	
0.95198115108537	
SGD: Hinge Loss is	
55096.626633282	
SGD: Validation Accuracy is:	
0.77913429522752	
SGD: Magnitude of W:	
37452.172612795	
SGD: Magnitude of b:	
0.94998808782534	
SGD: Hinge Loss is	
54399.493344764	
SGD: Validation Accuracy is:	
0.77358490566038	
SGD: Magnitude of W:	
37369.449868571	
SGD: Magnitude of b:	
0.94799919723317	
SGD: Hinge Loss is	
53996.086649729	
SGD: Validation Accuracy is:	
0.77691453940067	
SGD: Magnitude of W:	
37287.207307897	
SGD: Magnitude of b:	
0.946014470573	
SGD: Hinge Loss is	
53460.375790797	
SGD: Validation Accuracy is:	
0.78024417314095	
SGD: Magnitude of W:	
37205.181756891	
SGD: Magnitude of b:	
0.94403389912722	
SGD: Hinge Loss is	
53121.97465464	
SGD: Validation Accuracy is:	
0.78135405105438	
SGD: Magnitude of W:	
37123.381323189	
SGD: Magnitude of b:	
0.94205747419651	
SGD: Hinge Loss is	
53237.151128216	
SGD: Validation Accuracy is:	
0.78690344062153	
SGD: Magnitude of W:	
37041.984564959	
SGD: Magnitude of b:	
0.94008518709973	
SGD: Hinge Loss is	
52443.769490046	
SGD: Validation Accuracy is:	
0.78135405105438	
SGD: Magnitude of W:	
36960.754271866	
SGD: Magnitude of b:	
0.93811702917395	
SGD: Hinge Loss is	
52374.909995183	
SGD: Validation Accuracy is:	
0.78801331853496	
SGD: Magnitude of W:	
36879.883390848	
SGD: Magnitude of b:	
0.93615299177434	
SGD: Hinge Loss is	
52068.684988937	
SGD: Validation Accuracy is:	
0.79134295227525	
SGD: Magnitude of W:	
36799.252102862	
SGD: Magnitude of b:	
0.93419306627419	
SGD: Hinge Loss is	
52031.832415458	
SGD: Validation Accuracy is:	
0.78912319644839	
SGD: Magnitude of W:	
36719.00023862	
SGD: Magnitude of b:	
0.93423330293674	
SGD: Hinge Loss is	
51665.313957361	
SGD: Validation Accuracy is:	
0.78912319644839	
SGD: Magnitude of W:	
36639.177580493	
SGD: Magnitude of b:	
0.93427345536	
SGD: Hinge Loss is	
51223.8053162	
SGD: Validation Accuracy is:	
0.78801331853496	
SGD: Magnitude of W:	
36559.307755228	
SGD: Magnitude of b:	
0.93431352372034	
SGD: Hinge Loss is	
50823.584523552	
SGD: Validation Accuracy is:	
0.79134295227525	
SGD: Magnitude of W:	
36479.894601021	
SGD: Magnitude of b:	
0.93435350819375	
SGD: Hinge Loss is	
50553.61313271	
SGD: Validation Accuracy is:	
0.79023307436182	
SGD: Magnitude of W:	
36400.642127684	
SGD: Magnitude of b:	
0.93439340895585	
SGD: Hinge Loss is	
50432.780173817	
SGD: Validation Accuracy is:	
0.79023307436182	
SGD: Magnitude of W:	
36321.695870454	
SGD: Magnitude of b:	
0.93243716731001	
SGD: Hinge Loss is	
50057.08384329	
SGD: Validation Accuracy is:	
0.7968923418424	
SGD: Magnitude of W:	
36243.019778111	
SGD: Magnitude of b:	
0.93248108011438	
SGD: Hinge Loss is	
49926.02018216	
SGD: Validation Accuracy is:	
0.79134295227525	
SGD: Magnitude of W:	
36164.520090109	
SGD: Magnitude of b:	
0.93052884211121	
SGD: Hinge Loss is	
49738.354798639	
SGD: Validation Accuracy is:	
0.79800221975583	
SGD: Magnitude of W:	
36086.39207378	
SGD: Magnitude of b:	
0.93057675017623	
SGD: Hinge Loss is	
49014.943957838	
SGD: Validation Accuracy is:	
0.79467258601554	
SGD: Magnitude of W:	
36008.501082775	
SGD: Magnitude of b:	
0.92862849906926	
SGD: Hinge Loss is	
48943.841102861	
SGD: Validation Accuracy is:	
0.7968923418424	
SGD: Magnitude of W:	
35930.743263327	
SGD: Magnitude of b:	
0.92868038568354	
SGD: Hinge Loss is	
48652.106751906	
SGD: Validation Accuracy is:	
0.7968923418424	
SGD: Magnitude of W:	
35853.30434183	
SGD: Magnitude of b:	
0.92873216366824	
SGD: Hinge Loss is	
48285.984637041	
SGD: Validation Accuracy is:	
0.79245283018868	
SGD: Magnitude of W:	
35775.986144409	
SGD: Magnitude of b:	
0.9287838332508	
SGD: Hinge Loss is	
47864.142489345	
SGD: Validation Accuracy is:	
0.79023307436182	
SGD: Magnitude of W:	
35698.774233052	
SGD: Magnitude of b:	
0.92683933578628	
Done.	
Testing on validation set...	
Done	
Datafile:	/n/home09/ankitgupta/CS287/HW1/MPQA-uni-syns.hdf5	Classifier:	hinge	Alpha:	0	Eta:	1	Lambda:	1	Minibatch size:	500	Num Epochs:	50	Minimum Sentence Length:	5	
Accuracy:	0.79356270810211	
