[?1034hDatafile:	/n/home09/ankitgupta/CS287/HW1/SST1-uni-syns.hdf5	Classifier:	hinge	Alpha:	0	Eta:	0.5	Lambda:	0.5	Minibatch size:	500	Num Epochs:	50	Minimum Sentence Length:	0	
Note that not all parameters may apply to all classifiers	
Loading datafiles...	
Number of training samples before removing small sentences	156817	
Number of training samples after removing small sentences	156817	
Done.	
Training classifier...	
Parameters are:	
Eta:	
0.5	
Lambda:	
0.5	
Minibatch size:	
500	
Number of Epochs	
50	
SGD: Hinge Loss is	
1424920.5511866	
SGD: Validation Accuracy is:	
0.20890099909173	
SGD: Magnitude of W:	
184516.56198039	
SGD: Magnitude of b:	
3.7899047780395	
    Current index:	9501	
    Magnitude of W_grad:	35.308	
    Magnitude of W:	184465.59616908	
    Magnitude of B_grad:	0.284	
    Magnitude of b:	4.0760719430667	

	
    Current index:	19501	
    Magnitude of W_grad:	52.248000000001	
    Magnitude of W:	184420.4865394	
    Magnitude of B_grad:	0.376	
    Magnitude of b:	6.569902611991	

	
    Current index:	29501	
    Magnitude of W_grad:	44.348	
    Magnitude of W:	184375.86722726	
    Magnitude of B_grad:	0.288	
    Magnitude of b:	8.0076662411247	

	
    Current index:	39501	
    Magnitude of W_grad:	42.308000000001	
    Magnitude of W:	184334.34065897	
    Magnitude of B_grad:	0.18	
    Magnitude of b:	8.94939749663	

	
    Current index:	49501	
    Magnitude of W_grad:	41.984000000001	
    Magnitude of W:	184291.95081374	
    Magnitude of B_grad:	0.236	
    Magnitude of b:	9.7111021791785	

	
    Current index:	59501	
    Magnitude of W_grad:	37.168000000001	
    Magnitude of W:	184255.38939603	
    Magnitude of B_grad:	0.144	
    Magnitude of b:	10.316784358002	

	
    Current index:	69501	
    Magnitude of W_grad:	43.784000000001	
    Magnitude of W:	184217.88178084	
    Magnitude of B_grad:	0.064	
    Magnitude of b:	10.920445334655	

	
    Current index:	79501	
    Magnitude of W_grad:	34.336	
    Magnitude of W:	184180.67029323	
    Magnitude of B_grad:	0.144	
    Magnitude of b:	11.226092656739	

	
    Current index:	89501	
    Magnitude of W_grad:	48.180000000001	
    Magnitude of W:	184142.44505948	
    Magnitude of B_grad:	0.268	
    Magnitude of b:	9.5771107116454	

	
    Current index:	99501	
    Magnitude of W_grad:	38.976000000001	
    Magnitude of W:	184100.11475786	
    Magnitude of B_grad:	0.152	
    Magnitude of b:	9.6239232155307	

	
    Current index:	109501	
    Magnitude of W_grad:	43.360000000001	
    Magnitude of W:	184061.47997508	
    Magnitude of B_grad:	0.08	
    Magnitude of b:	10.345603758021	

	
    Current index:	119501	
    Magnitude of W_grad:	43.964	
    Magnitude of W:	184022.04084312	
    Magnitude of B_grad:	0.196	
    Magnitude of b:	10.979262734939	

	
    Current index:	129501	
    Magnitude of W_grad:	41.888000000001	
    Magnitude of W:	183984.46298376	
    Magnitude of B_grad:	0.3	
    Magnitude of b:	10.82891502718	

	
    Current index:	139501	
    Magnitude of W_grad:	55.684000000001	
    Magnitude of W:	183947.14592503	
    Magnitude of B_grad:	0.308	
    Magnitude of b:	10.884569383833	

	
    Current index:	149501	
    Magnitude of W_grad:	38.248000000001	
    Magnitude of W:	183909.69639738	
    Magnitude of B_grad:	0.168	
    Magnitude of b:	11.256215378778	

	
SGD: Hinge Loss is	
828847.30883005	
SGD: Validation Accuracy is:	
0.26158038147139	
SGD: Magnitude of W:	
183888.21913691	
SGD: Magnitude of b:	
10.715298914875	
    Current index:	9501	
    Magnitude of W_grad:	33.14	
    Magnitude of W:	183857.09934485	
    Magnitude of B_grad:	0.156	
    Magnitude of b:	10.480960857209	

	
    Current index:	19501	
    Magnitude of W_grad:	46.816000000001	
    Magnitude of W:	183827.83042683	
    Magnitude of B_grad:	0.248	
    Magnitude of b:	10.727650765202	

	
    Current index:	29501	
    Magnitude of W_grad:	42.124000000001	
    Magnitude of W:	183797.41182108	
    Magnitude of B_grad:	0.2	
    Magnitude of b:	11.04730144129	

	
    Current index:	39501	
    Magnitude of W_grad:	37.880000000001	
    Magnitude of W:	183766.83463656	
    Magnitude of B_grad:	0.112	
    Magnitude of b:	11.168947218412	

	
    Current index:	49501	
    Magnitude of W_grad:	44.612000000002	
    Magnitude of W:	183736.44971243	
    Magnitude of B_grad:	0.2	
    Magnitude of b:	11.496589241344	

	
    Current index:	59501	
    Magnitude of W_grad:	36.620000000001	
    Magnitude of W:	183709.37923949	
    Magnitude of B_grad:	0.212	
    Magnitude of b:	11.68022014825	

	
    Current index:	69501	
    Magnitude of W_grad:	39.772000000001	
    Magnitude of W:	183680.82007005	
    Magnitude of B_grad:	0.104	
    Magnitude of b:	12.005840832213	

	
    Current index:	79501	
    Magnitude of W_grad:	34.1	
    Magnitude of W:	183651.75896562	
    Magnitude of B_grad:	0.196	
    Magnitude of b:	12.059456009197	

	
    Current index:	89501	
    Magnitude of W_grad:	47.640000000002	
    Magnitude of W:	183621.68823379	
    Magnitude of B_grad:	0.192	
    Magnitude of b:	11.312198805127	

	
    Current index:	99501	
    Magnitude of W_grad:	38.108	
    Magnitude of W:	183588.29681646	
    Magnitude of B_grad:	0.124	
    Magnitude of b:	11.09784183079	

	
    Current index:	109501	
    Magnitude of W_grad:	39.372	
    Magnitude of W:	183558.14421522	
    Magnitude of B_grad:	0.12	
    Magnitude of b:	11.321483423473	

	
    Current index:	119501	
    Magnitude of W_grad:	43.668	
    Magnitude of W:	183525.57076681	
    Magnitude of B_grad:	0.228	
    Magnitude of b:	11.649119011106	

	
    Current index:	129501	
    Magnitude of W_grad:	41.008000000001	
    Magnitude of W:	183493.59473799	
    Magnitude of B_grad:	0.256	
    Magnitude of b:	11.576748887232	

	
    Current index:	139501	
    Magnitude of W_grad:	53.396000000002	
    Magnitude of W:	183463.83701808	
    Magnitude of B_grad:	0.292	
    Magnitude of b:	11.506379757195	

	
    Current index:	149501	
    Magnitude of W_grad:	36.540000000001	
    Magnitude of W:	183432.1277204	
    Magnitude of B_grad:	0.104	
    Magnitude of b:	11.794008458043	

	
SGD: Hinge Loss is	
715652.1812239	
SGD: Validation Accuracy is:	
0.27066303360581	
SGD: Magnitude of W:	
183414.14672783	
SGD: Magnitude of b:	
11.315915797195	
    Current index:	9501	
    Magnitude of W_grad:	31.944	
    Magnitude of W:	183387.87210192	
    Magnitude of B_grad:	0.212	
    Magnitude of b:	10.983560062613	

	
    Current index:	19501	
    Magnitude of W_grad:	42.368	
    Magnitude of W:	183363.15695598	
    Magnitude of B_grad:	0.232	
    Magnitude of b:	10.81121469841	

	
    Current index:	29501	
    Magnitude of W_grad:	39.844	
    Magnitude of W:	183336.38160506	
    Magnitude of B_grad:	0.116	
    Magnitude of b:	10.944380112366	

	
    Current index:	39501	
    Magnitude of W_grad:	36.020000000001	
    Magnitude of W:	183309.23639138	
    Magnitude of B_grad:	0.156	
    Magnitude of b:	11.014522364186	

	
    Current index:	49501	
    Magnitude of W_grad:	42.700000000001	
    Magnitude of W:	183282.1184557	
    Magnitude of B_grad:	0.16	
    Magnitude of b:	11.253677682857	

	
    Current index:	59501	
    Magnitude of W_grad:	36.940000000001	
    Magnitude of W:	183258.93625363	
    Magnitude of B_grad:	0.212	
    Magnitude of b:	11.409317294416	

	
    Current index:	69501	
    Magnitude of W_grad:	37.592000000001	
    Magnitude of W:	183233.26848069	
    Magnitude of B_grad:	0.116	
    Magnitude of b:	11.716947447962	

	
    Current index:	79501	
    Magnitude of W_grad:	33.988	
    Magnitude of W:	183208.09715552	
    Magnitude of B_grad:	0.184	
    Magnitude of b:	11.748572508722	

	
    Current index:	89501	
    Magnitude of W_grad:	45.724000000001	
    Magnitude of W:	183181.79247743	
    Magnitude of B_grad:	0.164	
    Magnitude of b:	11.444716154005	

	
    Current index:	99501	
    Magnitude of W_grad:	34.268	
    Magnitude of W:	183153.50042484	
    Magnitude of B_grad:	0.104	
    Magnitude of b:	11.204355161757	

	
    Current index:	109501	
    Magnitude of W_grad:	37.904000000001	
    Magnitude of W:	183126.64595481	
    Magnitude of B_grad:	0.1	
    Magnitude of b:	11.403993996068	

	
    Current index:	119501	
    Magnitude of W_grad:	40.448000000001	
    Magnitude of W:	183097.85928892	
    Magnitude of B_grad:	0.212	
    Magnitude of b:	11.619628438744	

	
    Current index:	129501	
    Magnitude of W_grad:	39.800000000001	
    Magnitude of W:	183069.40307238	
    Magnitude of B_grad:	0.26	
    Magnitude of b:	11.559258569638	

	
    Current index:	139501	
    Magnitude of W_grad:	54.840000000001	
    Magnitude of W:	183043.23555488	
    Magnitude of B_grad:	0.312	
    Magnitude of b:	11.494890663631	

	
    Current index:	149501	
    Magnitude of W_grad:	32.471999999999	
    Magnitude of W:	183014.42596021	
    Magnitude of B_grad:	0.088	
    Magnitude of b:	11.770520378043	

	
SGD: Hinge Loss is	
651155.77383498	
SGD: Validation Accuracy is:	
0.28065395095368	
SGD: Magnitude of W:	
182998.22851984	
SGD: Magnitude of b:	
11.264428480552	
    Current index:	9501	
    Magnitude of W_grad:	30.228	
    Magnitude of W:	182973.74482246	
    Magnitude of B_grad:	0.188	
    Magnitude of b:	10.960074368448	

	
    Current index:	19501	
    Magnitude of W_grad:	40.116000000001	
    Magnitude of W:	182950.55151353	
    Magnitude of B_grad:	0.256	
    Magnitude of b:	10.757729482048	

	
    Current index:	29501	
    Magnitude of W_grad:	38.124	
    Magnitude of W:	182926.0088592	
    Magnitude of B_grad:	0.096	
    Magnitude of b:	10.713385770397	

	
    Current index:	39501	
    Magnitude of W_grad:	35.764000000001	
    Magnitude of W:	182901.28582702	
    Magnitude of B_grad:	0.18	
    Magnitude of b:	10.929041314028	

	
    Current index:	49501	
    Magnitude of W_grad:	41.484000000002	
    Magnitude of W:	182876.84914752	
    Magnitude of B_grad:	0.148	
    Magnitude of b:	11.120692787524	

	
    Current index:	59501	
    Magnitude of W_grad:	36.492000000001	
    Magnitude of W:	182855.47613185	
    Magnitude of B_grad:	0.224	
    Magnitude of b:	11.083589732521	

	
    Current index:	69501	
    Magnitude of W_grad:	38.604000000001	
    Magnitude of W:	182831.68040506	
    Magnitude of B_grad:	0.132	
    Magnitude of b:	11.399230290634	

	
    Current index:	79501	
    Magnitude of W_grad:	32.796	
    Magnitude of W:	182808.63389102	
    Magnitude of B_grad:	0.168	
    Magnitude of b:	11.571619054764	

	
    Current index:	89501	
    Magnitude of W_grad:	42.424000000001	
    Magnitude of W:	182784.84931537	
    Magnitude of B_grad:	0.156	
    Magnitude of b:	11.259255801873	

	
    Current index:	99501	
    Magnitude of W_grad:	33.668	
    Magnitude of W:	182758.8687331	
    Magnitude of B_grad:	0.104	
    Magnitude of b:	11.094899877883	

	
    Current index:	109501	
    Magnitude of W_grad:	36.928000000001	
    Magnitude of W:	182733.84662786	
    Magnitude of B_grad:	0.1	
    Magnitude of b:	11.266541908716	

	
    Current index:	119501	
    Magnitude of W_grad:	40.312000000001	
    Magnitude of W:	182707.58901562	
    Magnitude of B_grad:	0.188	
    Magnitude of b:	11.420181578818	

	
    Current index:	129501	
    Magnitude of W_grad:	39.768000000001	
    Magnitude of W:	182681.42109347	
    Magnitude of B_grad:	0.248	
    Magnitude of b:	11.375817373772	

	
    Current index:	139501	
    Magnitude of W_grad:	51.580000000002	
    Magnitude of W:	182657.84130645	
    Magnitude of B_grad:	0.296	
    Magnitude of b:	11.291455192224	

	
    Current index:	149501	
    Magnitude of W_grad:	32.327999999999	
    Magnitude of W:	182630.91298596	
    Magnitude of B_grad:	0.06	
    Magnitude of b:	11.543091689456	

	
SGD: Hinge Loss is	
606082.29635298	
SGD: Validation Accuracy is:	
0.28247048138056	
SGD: Magnitude of W:	
182615.86194572	
SGD: Magnitude of b:	
11.039004804127	
    Current index:	9501	
    Magnitude of W_grad:	29.972	
    Magnitude of W:	182593.11798488	
    Magnitude of B_grad:	0.176	
    Magnitude of b:	10.816657095042	

	
    Current index:	19501	
    Magnitude of W_grad:	36.996	
    Magnitude of W:	182571.79166177	
    Magnitude of B_grad:	0.244	
    Magnitude of b:	10.560317368001	

	
    Current index:	29501	
    Magnitude of W_grad:	36.908	
    Magnitude of W:	182548.62126388	
    Magnitude of B_grad:	0.124	
    Magnitude of b:	10.483980310891	

	
    Current index:	39501	
    Magnitude of W_grad:	34.352	
    Magnitude of W:	182526.20923067	
    Magnitude of B_grad:	0.164	
    Magnitude of b:	10.691642818125	

	
    Current index:	49501	
    Magnitude of W_grad:	40.292000000002	
    Magnitude of W:	182503.44543889	
    Magnitude of B_grad:	0.136	
    Magnitude of b:	10.843301886299	

	
    Current index:	59501	
    Magnitude of W_grad:	35.58	
    Magnitude of W:	182483.56272247	
    Magnitude of B_grad:	0.2	
    Magnitude of b:	10.789984423655	

	
    Current index:	69501	
    Magnitude of W_grad:	36.056000000001	
    Magnitude of W:	182461.50981915	
    Magnitude of B_grad:	0.084	
    Magnitude of b:	11.08861017454	

	
    Current index:	79501	
    Magnitude of W_grad:	31.275999999999	
    Magnitude of W:	182439.84671135	
    Magnitude of B_grad:	0.176	
    Magnitude of b:	11.310252998941	

	
    Current index:	89501	
    Magnitude of W_grad:	42.052	
    Magnitude of W:	182417.5830523	
    Magnitude of B_grad:	0.176	
    Magnitude of b:	10.993898267515	

	
    Current index:	99501	
    Magnitude of W_grad:	32.6	
    Magnitude of W:	182392.85518235	
    Magnitude of B_grad:	0.076	
    Magnitude of b:	10.849550080372	

	
    Current index:	109501	
    Magnitude of W_grad:	36.692000000001	
    Magnitude of W:	182369.38750843	
    Magnitude of B_grad:	0.096	
    Magnitude of b:	10.991200402587	

	
    Current index:	119501	
    Magnitude of W_grad:	41.200000000001	
    Magnitude of W:	182344.81645669	
    Magnitude of B_grad:	0.212	
    Magnitude of b:	11.132849014234	

	
    Current index:	129501	
    Magnitude of W_grad:	38.300000000001	
    Magnitude of W:	182320.32634862	
    Magnitude of B_grad:	0.232	
    Magnitude of b:	11.118493514506	

	
    Current index:	139501	
    Magnitude of W_grad:	47.124000000002	
    Magnitude of W:	182298.37097172	
    Magnitude of B_grad:	0.248	
    Magnitude of b:	11.02413949279	

	
    Current index:	149501	
    Magnitude of W_grad:	32.428	
    Magnitude of W:	182272.98884958	
    Magnitude of B_grad:	0.088	
    Magnitude of b:	11.275784076259	

	
SGD: Hinge Loss is	
571403.13843076	
SGD: Validation Accuracy is:	
0.29700272479564	
SGD: Magnitude of W:	
182258.85149079	
SGD: Magnitude of b:	
10.7743217117	
    Current index:	9501	
    Magnitude of W_grad:	30.38	
    Magnitude of W:	182237.7264329	
    Magnitude of B_grad:	0.16	
    Magnitude of b:	10.565982489547	

	
    Current index:	19501	
    Magnitude of W_grad:	36.96	
    Magnitude of W:	182217.65101693	
    Magnitude of B_grad:	0.28	
    Magnitude of b:	10.311650579607	

	
    Current index:	29501	
    Magnitude of W_grad:	34.444000000001	
    Magnitude of W:	182195.37064006	
    Magnitude of B_grad:	0.136	
    Magnitude of b:	10.275320717613	

	
    Current index:	39501	
    Magnitude of W_grad:	33.248	
    Magnitude of W:	182174.34370976	
    Magnitude of B_grad:	0.164	
    Magnitude of b:	10.462989931917	

	
    Current index:	49501	
    Magnitude of W_grad:	39.900000000001	
    Magnitude of W:	182153.111249	
    Magnitude of B_grad:	0.14	
    Magnitude of b:	10.592657310701	

	
    Current index:	59501	
    Magnitude of W_grad:	35.468000000001	
    Magnitude of W:	182134.25187422	
    Magnitude of B_grad:	0.164	
    Magnitude of b:	10.528322363025	

	
    Current index:	69501	
    Magnitude of W_grad:	36.184000000001	
    Magnitude of W:	182113.55918907	
    Magnitude of B_grad:	0.092	
    Magnitude of b:	10.825982152413	

	
    Current index:	79501	
    Magnitude of W_grad:	30.36	
    Magnitude of W:	182092.93985385	
    Magnitude of B_grad:	0.18	
    Magnitude of b:	11.043633321703	

	
    Current index:	89501	
    Magnitude of W_grad:	41.564000000001	
    Magnitude of W:	182072.34106638	
    Magnitude of B_grad:	0.156	
    Magnitude of b:	10.717287161275	

	
    Current index:	99501	
    Magnitude of W_grad:	32.215999999999	
    Magnitude of W:	182049.46808851	
    Magnitude of B_grad:	0.084	
    Magnitude of b:	10.572947506595	

	
    Current index:	109501	
    Magnitude of W_grad:	36.168000000001	
    Magnitude of W:	182027.56734852	
    Magnitude of B_grad:	0.096	
    Magnitude of b:	10.702606858389	

	
    Current index:	119501	
    Magnitude of W_grad:	40.480000000001	
    Magnitude of W:	182004.53589108	
    Magnitude of B_grad:	0.212	
    Magnitude of b:	10.856264378168	

	
    Current index:	129501	
    Magnitude of W_grad:	39.080000000001	
    Magnitude of W:	181982.27811363	
    Magnitude of B_grad:	0.252	
    Magnitude of b:	10.847917585419	

	
    Current index:	139501	
    Magnitude of W_grad:	45.084000000002	
    Magnitude of W:	181962.09657503	
    Magnitude of B_grad:	0.208	
    Magnitude of b:	10.725572503159	

	
    Current index:	149501	
    Magnitude of W_grad:	33.024	
    Magnitude of W:	181938.04972197	
    Magnitude of B_grad:	0.06	
    Magnitude of b:	10.97522615971	

	
SGD: Hinge Loss is	
544727.08638338	
SGD: Validation Accuracy is:	
0.29791099000908	
SGD: Magnitude of W:	
181924.88823454	
SGD: Magnitude of b:	
10.464388920926	
    Current index:	9501	
    Magnitude of W_grad:	28.844	
    Magnitude of W:	181904.93562454	
    Magnitude of B_grad:	0.148	
    Magnitude of b:	10.266059207573	

	
    Current index:	19501	
    Magnitude of W_grad:	36.312	
    Magnitude of W:	181885.66571894	
    Magnitude of B_grad:	0.3	
    Magnitude of b:	10.02973664671	

	
    Current index:	29501	
    Magnitude of W_grad:	32.88	
    Magnitude of W:	181864.17812082	
    Magnitude of B_grad:	0.128	
    Magnitude of b:	10.035414998425	

	
    Current index:	39501	
    Magnitude of W_grad:	32.224	
    Magnitude of W:	181844.70487247	
    Magnitude of B_grad:	0.164	
    Magnitude of b:	10.221091699232	

	
    Current index:	49501	
    Magnitude of W_grad:	39.708000000001	
    Magnitude of W:	181824.43531951	
    Magnitude of B_grad:	0.148	
    Magnitude of b:	10.348766459064	

	
    Current index:	59501	
    Magnitude of W_grad:	33.984	
    Magnitude of W:	181806.77196945	
    Magnitude of B_grad:	0.144	
    Magnitude of b:	10.29243908988	

	
    Current index:	69501	
    Magnitude of W_grad:	36.448000000001	
    Magnitude of W:	181787.23306643	
    Magnitude of B_grad:	0.096	
    Magnitude of b:	10.584106632881	

	
    Current index:	79501	
    Magnitude of W_grad:	29.336	
    Magnitude of W:	181767.860863	
    Magnitude of B_grad:	0.172	
    Magnitude of b:	10.797765380174	

	
    Current index:	89501	
    Magnitude of W_grad:	39.620000000001	
    Magnitude of W:	181747.96593233	
    Magnitude of B_grad:	0.124	
    Magnitude of b:	10.423427549966	

	
    Current index:	99501	
    Magnitude of W_grad:	32.276	
    Magnitude of W:	181726.27443135	
    Magnitude of B_grad:	0.072	
    Magnitude of b:	10.341096269872	

	
    Current index:	109501	
    Magnitude of W_grad:	33.196000000001	
    Magnitude of W:	181705.31759399	
    Magnitude of B_grad:	0.08	
    Magnitude of b:	10.452762781217	

	
    Current index:	119501	
    Magnitude of W_grad:	39.804	
    Magnitude of W:	181683.44921899	
    Magnitude of B_grad:	0.24	
    Magnitude of b:	10.596428410455	

	
    Current index:	129501	
    Magnitude of W_grad:	38.020000000001	
    Magnitude of W:	181662.40572705	
    Magnitude of B_grad:	0.236	
    Magnitude of b:	10.596089436765	

	
    Current index:	139501	
    Magnitude of W_grad:	43.448000000002	
    Magnitude of W:	181643.07114932	
    Magnitude of B_grad:	0.212	
    Magnitude of b:	10.519751819401	

	
    Current index:	149501	
    Magnitude of W_grad:	31.931999999999	
    Magnitude of W:	181620.4357609	
    Magnitude of B_grad:	0.076	
    Magnitude of b:	10.741412943803	

	
SGD: Hinge Loss is	
522267.68464604	
SGD: Validation Accuracy is:	
0.29881925522253	
SGD: Magnitude of W:	
181607.56308158	
SGD: Magnitude of b:	
10.232890164174	
    Current index:	9501	
    Magnitude of W_grad:	27.148	
    Magnitude of W:	181588.74950883	
    Magnitude of B_grad:	0.14	
    Magnitude of b:	10.044567407829	

	
    Current index:	19501	
    Magnitude of W_grad:	35.192	
    Magnitude of W:	181570.47202653	
    Magnitude of B_grad:	0.304	
    Magnitude of b:	9.8182517176662	

	
    Current index:	29501	
    Magnitude of W_grad:	31.948	
    Magnitude of W:	181549.98714474	
    Magnitude of B_grad:	0.128	
    Magnitude of b:	9.8679363053722	

	
    Current index:	39501	
    Magnitude of W_grad:	31.124	
    Magnitude of W:	181531.8197062	
    Magnitude of B_grad:	0.164	
    Magnitude of b:	9.9856191782098	

	
    Current index:	49501	
    Magnitude of W_grad:	38.352000000001	
    Magnitude of W:	181512.51225081	
    Magnitude of B_grad:	0.136	
    Magnitude of b:	10.113301174793	

	
    Current index:	59501	
    Magnitude of W_grad:	33.684	
    Magnitude of W:	181495.47666344	
    Magnitude of B_grad:	0.148	
    Magnitude of b:	10.064980748795	

	
    Current index:	69501	
    Magnitude of W_grad:	36.116000000001	
    Magnitude of W:	181476.5884908	
    Magnitude of B_grad:	0.088	
    Magnitude of b:	10.356655767221	

	
    Current index:	79501	
    Magnitude of W_grad:	29.692	
    Magnitude of W:	181458.10495461	
    Magnitude of B_grad:	0.172	
    Magnitude of b:	10.578321552894	

	
    Current index:	89501	
    Magnitude of W_grad:	39.292000000001	
    Magnitude of W:	181439.27540413	
    Magnitude of B_grad:	0.12	
    Magnitude of b:	10.207990604609	

	
    Current index:	99501	
    Magnitude of W_grad:	31.247999999999	
    Magnitude of W:	181418.58970531	
    Magnitude of B_grad:	0.084	
    Magnitude of b:	10.151665683325	

	
    Current index:	109501	
    Magnitude of W_grad:	32.916000000001	
    Magnitude of W:	181398.10777798	
    Magnitude of B_grad:	0.076	
    Magnitude of b:	10.27133817386	

	
    Current index:	119501	
    Magnitude of W_grad:	39.932000000001	
    Magnitude of W:	181377.07294956	
    Magnitude of B_grad:	0.252	
    Magnitude of b:	10.38500980123	

	
    Current index:	129501	
    Magnitude of W_grad:	39.428000000001	
    Magnitude of W:	181357.2305147	
    Magnitude of B_grad:	0.256	
    Magnitude of b:	10.408677026344	

	
    Current index:	139501	
    Magnitude of W_grad:	42.000000000001	
    Magnitude of W:	181338.45224774	
    Magnitude of B_grad:	0.184	
    Magnitude of b:	10.342345081506	

	
    Current index:	149501	
    Magnitude of W_grad:	31.923999999999	
    Magnitude of W:	181316.65516395	
    Magnitude of B_grad:	0.088	
    Magnitude of b:	10.542011859125	

	
SGD: Hinge Loss is	
502609.76005855	
SGD: Validation Accuracy is:	
0.30063578564941	
SGD: Magnitude of W:	
181304.48322513	
SGD: Magnitude of b:	
10.057493220608	
    Current index:	9501	
    Magnitude of W_grad:	27.304	
    Magnitude of W:	181286.69045949	
    Magnitude of B_grad:	0.144	
    Magnitude of b:	9.865176212819	

	
    Current index:	19501	
    Magnitude of W_grad:	35.184	
    Magnitude of W:	181269.1684779	
    Magnitude of B_grad:	0.3	
    Magnitude of b:	9.6328664782742	

	
    Current index:	29501	
    Magnitude of W_grad:	33.38	
    Magnitude of W:	181249.3882242	
    Magnitude of B_grad:	0.168	
    Magnitude of b:	9.7085567440157	

	
    Current index:	39501	
    Magnitude of W_grad:	28.916	
    Magnitude of W:	181232.00547567	
    Magnitude of B_grad:	0.156	
    Magnitude of b:	9.8162450523938	

	
    Current index:	49501	
    Magnitude of W_grad:	37.772000000001	
    Magnitude of W:	181213.52993524	
    Magnitude of B_grad:	0.124	
    Magnitude of b:	9.9079327712998	

	
    Current index:	59501	
    Magnitude of W_grad:	32.511999999999	
    Magnitude of W:	181197.192138	
    Magnitude of B_grad:	0.132	
    Magnitude of b:	9.8676181662787	

	
    Current index:	69501	
    Magnitude of W_grad:	36.176000000001	
    Magnitude of W:	181179.18959755	
    Magnitude of B_grad:	0.084	
    Magnitude of b:	10.169299346654	

	
    Current index:	79501	
    Magnitude of W_grad:	29.676	
    Magnitude of W:	181161.50523369	
    Magnitude of B_grad:	0.172	
    Magnitude of b:	10.394971064516	

	
    Current index:	89501	
    Magnitude of W_grad:	38.436000000001	
    Magnitude of W:	181143.21747367	
    Magnitude of B_grad:	0.136	
    Magnitude of b:	10.020646076927	

	
    Current index:	99501	
    Magnitude of W_grad:	30.303999999999	
    Magnitude of W:	181123.67200403	
    Magnitude of B_grad:	0.08	
    Magnitude of b:	9.9923266920914	

	
    Current index:	109501	
    Magnitude of W_grad:	32.820000000001	
    Magnitude of W:	181103.80293759	
    Magnitude of B_grad:	0.104	
    Magnitude of b:	10.092004591366	

	
    Current index:	119501	
    Magnitude of W_grad:	39.992	
    Magnitude of W:	181084.08107287	
    Magnitude of B_grad:	0.248	
    Magnitude of b:	10.201681828168	

	
    Current index:	129501	
    Magnitude of W_grad:	38.080000000001	
    Magnitude of W:	181064.87706156	
    Magnitude of B_grad:	0.22	
    Magnitude of b:	10.213355022825	

	
    Current index:	139501	
    Magnitude of W_grad:	41.292000000002	
    Magnitude of W:	181046.95648546	
    Magnitude of B_grad:	0.172	
    Magnitude of b:	10.181028693424	

	
    Current index:	149501	
    Magnitude of W_grad:	31.184	
    Magnitude of W:	181026.06053003	
    Magnitude of B_grad:	0.096	
    Magnitude of b:	10.370701003407	

	
SGD: Hinge Loss is	
486809.36897463	
SGD: Validation Accuracy is:	
0.30245231607629	
SGD: Magnitude of W:	
181014.39257939	
SGD: Magnitude of b:	
9.875031598265	
    Current index:	9501	
    Magnitude of W_grad:	26.736	
    Magnitude of W:	180997.60652374	
    Magnitude of B_grad:	0.152	
    Magnitude of b:	9.6807200158771	

	
    Current index:	19501	
    Magnitude of W_grad:	34.584	
    Magnitude of W:	180980.77540823	
    Magnitude of B_grad:	0.284	
    Magnitude of b:	9.4684157288784	

	
    Current index:	29501	
    Magnitude of W_grad:	32.732	
    Magnitude of W:	180961.89118539	
    Magnitude of B_grad:	0.164	
    Magnitude of b:	9.5661106130107	

	
    Current index:	39501	
    Magnitude of W_grad:	26.648	
    Magnitude of W:	180945.12268954	
    Magnitude of B_grad:	0.14	
    Magnitude of b:	9.6638039636904	

	
    Current index:	49501	
    Magnitude of W_grad:	37.008000000001	
    Magnitude of W:	180927.65119864	
    Magnitude of B_grad:	0.128	
    Magnitude of b:	9.757496718359	

	
    Current index:	59501	
    Magnitude of W_grad:	32.331999999999	
    Magnitude of W:	180911.68287058	
    Magnitude of B_grad:	0.12	
    Magnitude of b:	9.7331866866259	

	
    Current index:	69501	
    Magnitude of W_grad:	36.812000000001	
    Magnitude of W:	180894.24772709	
    Magnitude of B_grad:	0.08	
    Magnitude of b:	10.032872274349	

	
    Current index:	79501	
    Magnitude of W_grad:	29.576	
    Magnitude of W:	180877.16816538	
    Magnitude of B_grad:	0.184	
    Magnitude of b:	10.258548230433	

	
    Current index:	89501	
    Magnitude of W_grad:	37.008000000002	
    Magnitude of W:	180859.55111103	
    Magnitude of B_grad:	0.108	
    Magnitude of b:	9.8902275989013	

	
    Current index:	99501	
    Magnitude of W_grad:	30.92	
    Magnitude of W:	180840.62664779	
    Magnitude of B_grad:	0.08	
    Magnitude of b:	9.8339130354888	

	
    Current index:	109501	
    Magnitude of W_grad:	31.931999999999	
    Magnitude of W:	180821.27270286	
    Magnitude of B_grad:	0.092	
    Magnitude of b:	9.949595705016	

	
    Current index:	119501	
    Magnitude of W_grad:	39.588	
    Magnitude of W:	180802.33726708	
    Magnitude of B_grad:	0.252	
    Magnitude of b:	10.033278161484	

	
    Current index:	129501	
    Magnitude of W_grad:	38.012000000001	
    Magnitude of W:	180783.88824118	
    Magnitude of B_grad:	0.236	
    Magnitude of b:	10.04695680839	

	
    Current index:	139501	
    Magnitude of W_grad:	37.38	
    Magnitude of W:	180766.35631138	
    Magnitude of B_grad:	0.132	
    Magnitude of b:	10.02263552295	

	
    Current index:	149501	
    Magnitude of W_grad:	29.852	
    Magnitude of W:	180746.46756994	
    Magnitude of B_grad:	0.1	
    Magnitude of b:	10.222312682243	

	
SGD: Hinge Loss is	
472550.52132502	
SGD: Validation Accuracy is:	
0.30245231607629	
SGD: Magnitude of W:	
180734.91925483	
SGD: Magnitude of b:	
9.7489556383713	
    Current index:	9501	
    Magnitude of W_grad:	26.72	
    Magnitude of W:	180718.85115769	
    Magnitude of B_grad:	0.132	
    Magnitude of b:	9.5446483690975	

	
    Current index:	19501	
    Magnitude of W_grad:	35.064	
    Magnitude of W:	180702.84958189	
    Magnitude of B_grad:	0.272	
    Magnitude of b:	9.3423481368156	

	
    Current index:	29501	
    Magnitude of W_grad:	32.292	
    Magnitude of W:	180684.86449819	
    Magnitude of B_grad:	0.144	
    Magnitude of b:	9.4260472253908	

	
    Current index:	39501	
    Magnitude of W_grad:	27.42	
    Magnitude of W:	180668.74919094	
    Magnitude of B_grad:	0.16	
    Magnitude of b:	9.5157453255924	

	
    Current index:	49501	
    Magnitude of W_grad:	36.636000000001	
    Magnitude of W:	180652.10793035	
    Magnitude of B_grad:	0.108	
    Magnitude of b:	9.5714431452834	

	
    Current index:	59501	
    Magnitude of W_grad:	31.911999999999	
    Magnitude of W:	180636.71572404	
    Magnitude of B_grad:	0.116	
    Magnitude of b:	9.5631390424586	

	
    Current index:	69501	
    Magnitude of W_grad:	35.404	
    Magnitude of W:	180619.47345326	
    Magnitude of B_grad:	0.06	
    Magnitude of b:	9.8968296119506	

	
    Current index:	79501	
    Magnitude of W_grad:	29.092	
    Magnitude of W:	180603.13248622	
    Magnitude of B_grad:	0.184	
    Magnitude of b:	10.106510390229	

	
    Current index:	89501	
    Magnitude of W_grad:	36.952000000001	
    Magnitude of W:	180586.36567566	
    Magnitude of B_grad:	0.1	
    Magnitude of b:	9.7441943862462	

	
    Current index:	99501	
    Magnitude of W_grad:	31.236	
    Magnitude of W:	180568.10603031	
    Magnitude of B_grad:	0.092	
    Magnitude of b:	9.7058844661768	

	
    Current index:	109501	
    Magnitude of W_grad:	32.131999999999	
    Magnitude of W:	180549.57473038	
    Magnitude of B_grad:	0.1	
    Magnitude of b:	9.8215714377414	

	
    Current index:	119501	
    Magnitude of W_grad:	39.556	
    Magnitude of W:	180531.32902326	
    Magnitude of B_grad:	0.276	
    Magnitude of b:	9.9012580239381	

	
    Current index:	129501	
    Magnitude of W_grad:	37.508000000001	
    Magnitude of W:	180513.41187468	
    Magnitude of B_grad:	0.224	
    Magnitude of b:	9.9189405708766	

	
    Current index:	139501	
    Magnitude of W_grad:	38.420000000001	
    Magnitude of W:	180496.26316974	
    Magnitude of B_grad:	0.06	
    Magnitude of b:	9.8886235551989	

	
    Current index:	149501	
    Magnitude of W_grad:	28.332	
    Magnitude of W:	180477.07635511	
    Magnitude of B_grad:	0.088	
    Magnitude of b:	10.064305497447	

	
SGD: Hinge Loss is	
459121.16610577	
SGD: Validation Accuracy is:	
0.30699364214351	
SGD: Magnitude of W:	
180466.12268413	
SGD: Magnitude of b:	
9.6169516835806	
    Current index:	9501	
    Magnitude of W_grad:	26.268	
    Magnitude of W:	180450.60565784	
    Magnitude of B_grad:	0.156	
    Magnitude of b:	9.3786492512094	

	
    Current index:	19501	
    Magnitude of W_grad:	32.62	
    Magnitude of W:	180434.97484268	
    Magnitude of B_grad:	0.244	
    Magnitude of b:	9.190353696255	

	
    Current index:	29501	
    Magnitude of W_grad:	32.408	
    Magnitude of W:	180417.58567791	
    Magnitude of B_grad:	0.144	
    Magnitude of b:	9.3080568721544	

	
    Current index:	39501	
    Magnitude of W_grad:	27.28	
    Magnitude of W:	180402.10895018	
    Magnitude of B_grad:	0.172	
    Magnitude of b:	9.4097587757864	

	
    Current index:	49501	
    Magnitude of W_grad:	35.596000000001	
    Magnitude of W:	180385.8921297	
    Magnitude of B_grad:	0.112	
    Magnitude of b:	9.4754596718359	

	
    Current index:	59501	
    Magnitude of W_grad:	31.231999999999	
    Magnitude of W:	180370.82834927	
    Magnitude of B_grad:	0.088	
    Magnitude of b:	9.425159318024	

	
    Current index:	69501	
    Magnitude of W_grad:	34.72	
    Magnitude of W:	180354.009111	
    Magnitude of B_grad:	0.064	
    Magnitude of b:	9.768854006257	

	
    Current index:	79501	
    Magnitude of W_grad:	28.424	
    Magnitude of W:	180338.18076199	
    Magnitude of B_grad:	0.16	
    Magnitude of b:	9.9765388648877	

	
    Current index:	89501	
    Magnitude of W_grad:	36.644000000001	
    Magnitude of W:	180322.1363154	
    Magnitude of B_grad:	0.092	
    Magnitude of b:	9.6022268646058	

	
    Current index:	99501	
    Magnitude of W_grad:	31.016	
    Magnitude of W:	180304.36988604	
    Magnitude of B_grad:	0.096	
    Magnitude of b:	9.6019207663649	

	
    Current index:	109501	
    Magnitude of W_grad:	31.147999999999	
    Magnitude of W:	180286.51990863	
    Magnitude of B_grad:	0.088	
    Magnitude of b:	9.7196108422545	

	
    Current index:	119501	
    Magnitude of W_grad:	39.576000000001	
    Magnitude of W:	180269.27747632	
    Magnitude of B_grad:	0.284	
    Magnitude of b:	9.78730096311	

	
    Current index:	129501	
    Magnitude of W_grad:	36.580000000001	
    Magnitude of W:	180251.81688221	
    Magnitude of B_grad:	0.22	
    Magnitude of b:	9.8109874080696	

	
    Current index:	139501	
    Magnitude of W_grad:	38.220000000001	
    Magnitude of W:	180235.39159861	
    Magnitude of B_grad:	0.056	
    Magnitude of b:	9.770674280724	

	
    Current index:	149501	
    Magnitude of W_grad:	28.236	
    Magnitude of W:	180216.81611612	
    Magnitude of B_grad:	0.08	
    Magnitude of b:	9.9443598592976	

	
SGD: Hinge Loss is	
448115.75368897	
SGD: Validation Accuracy is:	
0.31062670299728	
SGD: Magnitude of W:	
180206.14178793	
SGD: Magnitude of b:	
9.4850089902973	
    Current index:	9501	
    Magnitude of W_grad:	26.436	
    Magnitude of W:	180190.85428206	
    Magnitude of B_grad:	0.176	
    Magnitude of b:	9.2427107711407	

	
    Current index:	19501	
    Magnitude of W_grad:	32.052	
    Magnitude of W:	180175.71081561	
    Magnitude of B_grad:	0.24	
    Magnitude of b:	9.0584197640444	

	
    Current index:	29501	
    Magnitude of W_grad:	32.368	
    Magnitude of W:	180158.90516375	
    Magnitude of B_grad:	0.144	
    Magnitude of b:	9.1921265279537	

	
    Current index:	39501	
    Magnitude of W_grad:	26.7	
    Magnitude of W:	180143.99088033	
    Magnitude of B_grad:	0.156	
    Magnitude of b:	9.301831780353	

	
    Current index:	49501	
    Magnitude of W_grad:	34.576000000001	
    Magnitude of W:	180128.15428373	
    Magnitude of B_grad:	0.12	
    Magnitude of b:	9.3575363439032	

	
    Current index:	59501	
    Magnitude of W_grad:	31.627999999999	
    Magnitude of W:	180113.32529839	
    Magnitude of B_grad:	0.092	
    Magnitude of b:	9.3212395873286	

	
    Current index:	69501	
    Magnitude of W_grad:	34.868	
    Magnitude of W:	180096.78964707	
    Magnitude of B_grad:	0.064	
    Magnitude of b:	9.6529378503681	

	
    Current index:	79501	
    Magnitude of W_grad:	27.584	
    Magnitude of W:	180081.11591683	
    Magnitude of B_grad:	0.16	
    Magnitude of b:	9.8486265419492	

	
    Current index:	89501	
    Magnitude of W_grad:	37.008000000002	
    Magnitude of W:	180065.96868687	
    Magnitude of B_grad:	0.088	
    Magnitude of b:	9.5063183968121	

	
    Current index:	99501	
    Magnitude of W_grad:	30.632	
    Magnitude of W:	180049.04387461	
    Magnitude of B_grad:	0.084	
    Magnitude of b:	9.4920157391058	

	
    Current index:	109501	
    Magnitude of W_grad:	30.367999999999	
    Magnitude of W:	180031.94085259	
    Magnitude of B_grad:	0.076	
    Magnitude of b:	9.6177095710681	

	
    Current index:	119501	
    Magnitude of W_grad:	39.56	
    Magnitude of W:	180015.1326951	
    Magnitude of B_grad:	0.28	
    Magnitude of b:	9.6934027846926	

	
    Current index:	129501	
    Magnitude of W_grad:	36.176000000001	
    Magnitude of W:	179998.19218366	
    Magnitude of B_grad:	0.236	
    Magnitude of b:	9.7050921023269	

	
    Current index:	139501	
    Magnitude of W_grad:	38.472000000001	
    Magnitude of W:	179982.27664638	
    Magnitude of B_grad:	0.052	
    Magnitude of b:	9.6647821440817	

	
    Current index:	149501	
    Magnitude of W_grad:	26.404	
    Magnitude of W:	179964.47493699	
    Magnitude of B_grad:	0.092	
    Magnitude of b:	9.8264708278894	

	
SGD: Hinge Loss is	
437574.77102539	
SGD: Validation Accuracy is:	
0.31516802906449	
SGD: Magnitude of W:	
179954.31367213	
SGD: Magnitude of b:	
9.3751224433614	
    Current index:	9501	
    Magnitude of W_grad:	24.436	
    Magnitude of W:	179939.45259886	
    Magnitude of B_grad:	0.14	
    Magnitude of b:	9.1428278999795	

	
    Current index:	19501	
    Magnitude of W_grad:	29.708	
    Magnitude of W:	179924.59868601	
    Magnitude of B_grad:	0.216	
    Magnitude of b:	8.974539551447	

	
    Current index:	29501	
    Magnitude of W_grad:	31.604	
    Magnitude of W:	179908.22436231	
    Magnitude of B_grad:	0.156	
    Magnitude of b:	9.1202487889091	

	
    Current index:	39501	
    Magnitude of W_grad:	26.04	
    Magnitude of W:	179893.56769097	
    Magnitude of B_grad:	0.164	
    Magnitude of b:	9.239956138554	

	
    Current index:	49501	
    Magnitude of W_grad:	35.036000000001	
    Magnitude of W:	179878.27185282	
    Magnitude of B_grad:	0.14	
    Magnitude of b:	9.3136622317492	

	
    Current index:	59501	
    Magnitude of W_grad:	30.863999999999	
    Magnitude of W:	179863.64576147	
    Magnitude of B_grad:	0.092	
    Magnitude of b:	9.2573672949166	

	
    Current index:	69501	
    Magnitude of W_grad:	34.940000000001	
    Magnitude of W:	179847.76716313	
    Magnitude of B_grad:	0.056	
    Magnitude of b:	9.5730679069121	

	
    Current index:	79501	
    Magnitude of W_grad:	27.916	
    Magnitude of W:	179832.5168579	
    Magnitude of B_grad:	0.152	
    Magnitude of b:	9.7607594064999	

	
    Current index:	89501	
    Magnitude of W_grad:	36.464000000001	
    Magnitude of W:	179817.73182042	
    Magnitude of B_grad:	0.088	
    Magnitude of b:	9.3944545571013	

	
    Current index:	99501	
    Magnitude of W_grad:	30.396	
    Magnitude of W:	179801.22847117	
    Magnitude of B_grad:	0.076	
    Magnitude of b:	9.4181551663315	

	
    Current index:	109501	
    Magnitude of W_grad:	29.547999999999	
    Magnitude of W:	179784.56070321	
    Magnitude of B_grad:	0.064	
    Magnitude of b:	9.531851499918	

	
    Current index:	119501	
    Magnitude of W_grad:	39.208	
    Magnitude of W:	179768.30600887	
    Magnitude of B_grad:	0.276	
    Magnitude of b:	9.5975476231981	

	
    Current index:	129501	
    Magnitude of W_grad:	35.732000000001	
    Magnitude of W:	179751.72820129	
    Magnitude of B_grad:	0.236	
    Magnitude of b:	9.6132398057575	

	
    Current index:	139501	
    Magnitude of W_grad:	36.320000000001	
    Magnitude of W:	179736.39563112	
    Magnitude of B_grad:	0.072	
    Magnitude of b:	9.5969321735078	

	
    Current index:	149501	
    Magnitude of W_grad:	26.904	
    Magnitude of W:	179719.16685211	
    Magnitude of B_grad:	0.136	
    Magnitude of b:	9.730623467005	

	
SGD: Hinge Loss is	
428649.35105062	
SGD: Validation Accuracy is:	
0.31698455949137	
SGD: Magnitude of W:	
179709.52503451	
SGD: Magnitude of b:	
9.2964317798626	
    Current index:	9501	
    Magnitude of W_grad:	24.172	
    Magnitude of W:	179695.26207846	
    Magnitude of B_grad:	0.152	
    Magnitude of b:	9.0501396529757	

	
    Current index:	19501	
    Magnitude of W_grad:	31.088	
    Magnitude of W:	179680.76761157	
    Magnitude of B_grad:	0.24	
    Magnitude of b:	8.8818543425961	

	
    Current index:	29501	
    Magnitude of W_grad:	32.272	
    Magnitude of W:	179664.85196611	
    Magnitude of B_grad:	0.152	
    Magnitude of b:	9.0315664427529	

	
    Current index:	39501	
    Magnitude of W_grad:	25.9	
    Magnitude of W:	179650.60130509	
    Magnitude of B_grad:	0.156	
    Magnitude of b:	9.1632761193519	

	
    Current index:	49501	
    Magnitude of W_grad:	34.740000000001	
    Magnitude of W:	179635.64638007	
    Magnitude of B_grad:	0.128	
    Magnitude of b:	9.2089850750787	

	
    Current index:	59501	
    Magnitude of W_grad:	30.283999999999	
    Magnitude of W:	179621.07556698	
    Magnitude of B_grad:	0.092	
    Magnitude of b:	9.1726930772046	

	
    Current index:	69501	
    Magnitude of W_grad:	34.284	
    Magnitude of W:	179605.62644743	
    Magnitude of B_grad:	0.08	
    Magnitude of b:	9.5103959616921	

	
    Current index:	79501	
    Magnitude of W_grad:	27.712	
    Magnitude of W:	179590.77375598	
    Magnitude of B_grad:	0.164	
    Magnitude of b:	9.6560899568917	

	
    Current index:	89501	
    Magnitude of W_grad:	36.344000000001	
    Magnitude of W:	179576.27525755	
    Magnitude of B_grad:	0.076	
    Magnitude of b:	9.3397877783796	

	
    Current index:	99501	
    Magnitude of W_grad:	30.332	
    Magnitude of W:	179560.36403233	
    Magnitude of B_grad:	0.064	
    Magnitude of b:	9.3294907076952	

	
    Current index:	109501	
    Magnitude of W_grad:	29.307999999999	
    Magnitude of W:	179543.7910584	
    Magnitude of B_grad:	0.06	
    Magnitude of b:	9.4771896896913	

	
    Current index:	119501	
    Magnitude of W_grad:	38.12	
    Magnitude of W:	179528.05527723	
    Magnitude of B_grad:	0.272	
    Magnitude of b:	9.5348878650718	

	
    Current index:	129501	
    Magnitude of W_grad:	35.244000000001	
    Magnitude of W:	179511.67736878	
    Magnitude of B_grad:	0.248	
    Magnitude of b:	9.5525821283603	

	
    Current index:	139501	
    Magnitude of W_grad:	35.248000000001	
    Magnitude of W:	179496.6790805	
    Magnitude of B_grad:	0.06	
    Magnitude of b:	9.5262765640217	

	
    Current index:	149501	
    Magnitude of W_grad:	25.999999999999	
    Magnitude of W:	179480.1266725	
    Magnitude of B_grad:	0.104	
    Magnitude of b:	9.647970448258	

	
SGD: Hinge Loss is	
419769.0154179	
SGD: Validation Accuracy is:	
0.31789282470481	
SGD: Magnitude of W:	
179470.65390703	
SGD: Magnitude of b:	
9.218625942422	
    Current index:	9501	
    Magnitude of W_grad:	24.192	
    Magnitude of W:	179456.72703104	
    Magnitude of B_grad:	0.148	
    Magnitude of b:	8.9843365959892	

	
    Current index:	19501	
    Magnitude of W_grad:	29.672	
    Magnitude of W:	179442.7652392	
    Magnitude of B_grad:	0.228	
    Magnitude of b:	8.8400531030829	

	
    Current index:	29501	
    Magnitude of W_grad:	31.784	
    Magnitude of W:	179427.26326259	
    Magnitude of B_grad:	0.128	
    Magnitude of b:	8.9777667783415	

	
    Current index:	39501	
    Magnitude of W_grad:	26.092	
    Magnitude of W:	179413.44147994	
    Magnitude of B_grad:	0.16	
    Magnitude of b:	9.0994782499893	

	
    Current index:	49501	
    Magnitude of W_grad:	34.108000000001	
    Magnitude of W:	179398.61140412	
    Magnitude of B_grad:	0.108	
    Magnitude of b:	9.1611890102708	

	
    Current index:	59501	
    Magnitude of W_grad:	29.839999999999	
    Magnitude of W:	179384.29147353	
    Magnitude of B_grad:	0.092	
    Magnitude of b:	9.1228986989257	

	
    Current index:	69501	
    Magnitude of W_grad:	34.412	
    Magnitude of W:	179369.12306514	
    Magnitude of B_grad:	0.044	
    Magnitude of b:	9.4386033177149	

	
    Current index:	79501	
    Magnitude of W_grad:	27.432	
    Magnitude of W:	179354.75373026	
    Magnitude of B_grad:	0.148	
    Magnitude of b:	9.5942994871564	

	
    Current index:	89501	
    Magnitude of W_grad:	36.156000000001	
    Magnitude of W:	179340.41131859	
    Magnitude of B_grad:	0.08	
    Magnitude of b:	9.2919986793426	

	
    Current index:	99501	
    Magnitude of W_grad:	29.34	
    Magnitude of W:	179324.56985807	
    Magnitude of B_grad:	0.064	
    Magnitude of b:	9.2717033077211	

	
    Current index:	109501	
    Magnitude of W_grad:	27.487999999999	
    Magnitude of W:	179308.36184725	
    Magnitude of B_grad:	0.076	
    Magnitude of b:	9.3934046264003	

	
    Current index:	119501	
    Magnitude of W_grad:	38.124	
    Magnitude of W:	179292.85507007	
    Magnitude of B_grad:	0.276	
    Magnitude of b:	9.4611054157759	

	
    Current index:	129501	
    Magnitude of W_grad:	35.764000000001	
    Magnitude of W:	179277.00045396	
    Magnitude of B_grad:	0.26	
    Magnitude of b:	9.4688019868949	

	
    Current index:	139501	
    Magnitude of W_grad:	35.396000000001	
    Magnitude of W:	179262.35208815	
    Magnitude of B_grad:	0.068	
    Magnitude of b:	9.4144993456715	

	
    Current index:	149501	
    Magnitude of W_grad:	27.439999999999	
    Magnitude of W:	179245.9751553	
    Magnitude of B_grad:	0.112	
    Magnitude of b:	9.5321965897359	

	
SGD: Hinge Loss is	
411992.33060041	
SGD: Validation Accuracy is:	
0.31516802906449	
SGD: Magnitude of W:	
179237.01851142	
SGD: Magnitude of b:	
9.1120092355865	
    Current index:	9501	
    Magnitude of W_grad:	24.092	
    Magnitude of W:	179223.60245121	
    Magnitude of B_grad:	0.144	
    Magnitude of b:	8.8897230302416	

	
    Current index:	19501	
    Magnitude of W_grad:	31.496	
    Magnitude of W:	179209.86771713	
    Magnitude of B_grad:	0.212	
    Magnitude of b:	8.7734421554284	

	
    Current index:	29501	
    Magnitude of W_grad:	30.82	
    Magnitude of W:	179194.87629898	
    Magnitude of B_grad:	0.144	
    Magnitude of b:	8.9031583020323	

	
    Current index:	39501	
    Magnitude of W_grad:	25.012	
    Magnitude of W:	179181.41773541	
    Magnitude of B_grad:	0.168	
    Magnitude of b:	8.9988724426271	

	
    Current index:	49501	
    Magnitude of W_grad:	34.164000000001	
    Magnitude of W:	179166.95507881	
    Magnitude of B_grad:	0.116	
    Magnitude of b:	9.0365862416226	

	
    Current index:	59501	
    Magnitude of W_grad:	29.695999999999	
    Magnitude of W:	179152.85738555	
    Magnitude of B_grad:	0.1	
    Magnitude of b:	9.0002998807711	

	
    Current index:	69501	
    Magnitude of W_grad:	34.140000000001	
    Magnitude of W:	179137.92707621	
    Magnitude of B_grad:	0.044	
    Magnitude of b:	9.3460080354366	

	
    Current index:	79501	
    Magnitude of W_grad:	27.304	
    Magnitude of W:	179123.57432856	
    Magnitude of B_grad:	0.156	
    Magnitude of b:	9.4777074600667	

	
    Current index:	89501	
    Magnitude of W_grad:	35.900000000001	
    Magnitude of W:	179109.70109599	
    Magnitude of B_grad:	0.1	
    Magnitude of b:	9.1774101974781	

	
    Current index:	99501	
    Magnitude of W_grad:	30.452	
    Magnitude of W:	179094.22762108	
    Magnitude of B_grad:	0.072	
    Magnitude of b:	9.167118339084	

	
    Current index:	109501	
    Magnitude of W_grad:	27.68	
    Magnitude of W:	179078.42528344	
    Magnitude of B_grad:	0.116	
    Magnitude of b:	9.3208225140724	

	
    Current index:	119501	
    Magnitude of W_grad:	37.704	
    Magnitude of W:	179063.06081893	
    Magnitude of B_grad:	0.268	
    Magnitude of b:	9.3785257260484	

	
    Current index:	129501	
    Magnitude of W_grad:	34.896000000001	
    Magnitude of W:	179047.51884125	
    Magnitude of B_grad:	0.24	
    Magnitude of b:	9.3942244933129	

	
    Current index:	139501	
    Magnitude of W_grad:	36.392000000001	
    Magnitude of W:	179033.2498169	
    Magnitude of B_grad:	0.044	
    Magnitude of b:	9.3759240354109	

	
    Current index:	149501	
    Magnitude of W_grad:	26.179999999999	
    Magnitude of W:	179017.3451843	
    Magnitude of B_grad:	0.136	
    Magnitude of b:	9.4596230960669	

	
SGD: Hinge Loss is	
404472.28779289	
SGD: Validation Accuracy is:	
0.31789282470481	
SGD: Magnitude of W:	
179008.62947422	
SGD: Magnitude of b:	
9.0382826982614	
    Current index:	9501	
    Magnitude of W_grad:	24.376	
    Magnitude of W:	178995.45799837	
    Magnitude of B_grad:	0.148	
    Magnitude of b:	8.8119988499773	

	
    Current index:	19501	
    Magnitude of W_grad:	29.416	
    Magnitude of W:	178982.10244785	
    Magnitude of B_grad:	0.196	
    Magnitude of b:	8.7057203066414	

	
    Current index:	29501	
    Magnitude of W_grad:	29.688	
    Magnitude of W:	178967.21058638	
    Magnitude of B_grad:	0.148	
    Magnitude of b:	8.8374384562454	

	
    Current index:	39501	
    Magnitude of W_grad:	24.72	
    Magnitude of W:	178953.88946668	
    Magnitude of B_grad:	0.164	
    Magnitude of b:	8.9411546125296	

	
    Current index:	49501	
    Magnitude of W_grad:	32.488	
    Magnitude of W:	178939.74244956	
    Magnitude of B_grad:	0.112	
    Magnitude of b:	8.9868701338185	

	
    Current index:	59501	
    Magnitude of W_grad:	29.763999999999	
    Magnitude of W:	178925.80663649	
    Magnitude of B_grad:	0.092	
    Magnitude of b:	8.9445856578137	

	
    Current index:	69501	
    Magnitude of W_grad:	32.78	
    Magnitude of W:	178911.01224338	
    Magnitude of B_grad:	0.048	
    Magnitude of b:	9.2862952477054	

	
    Current index:	79501	
    Magnitude of W_grad:	26.78	
    Magnitude of W:	178896.79879779	
    Magnitude of B_grad:	0.164	
    Magnitude of b:	9.4159963562101	

	
    Current index:	89501	
    Magnitude of W_grad:	36.220000000001	
    Magnitude of W:	178883.15833822	
    Magnitude of B_grad:	0.084	
    Magnitude of b:	9.1237008316436	

	
    Current index:	99501	
    Magnitude of W_grad:	29.404	
    Magnitude of W:	178867.94880589	
    Magnitude of B_grad:	0.084	
    Magnitude of b:	9.0994106060004	

	
    Current index:	109501	
    Magnitude of W_grad:	27.132	
    Magnitude of W:	178852.48499997	
    Magnitude of B_grad:	0.08	
    Magnitude of b:	9.2551167867262	

	
    Current index:	119501	
    Magnitude of W_grad:	36.984	
    Magnitude of W:	178837.5140719	
    Magnitude of B_grad:	0.268	
    Magnitude of b:	9.3228221988672	

	
    Current index:	129501	
    Magnitude of W_grad:	35.292000000001	
    Magnitude of W:	178822.07980233	
    Magnitude of B_grad:	0.252	
    Magnitude of b:	9.3465230099969	

	
    Current index:	139501	
    Magnitude of W_grad:	35.336000000002	
    Magnitude of W:	178808.03990002	
    Magnitude of B_grad:	0.06	
    Magnitude of b:	9.3182242196662	

	
    Current index:	149501	
    Magnitude of W_grad:	27.095999999999	
    Magnitude of W:	178792.48849519	
    Magnitude of B_grad:	0.12	
    Magnitude of b:	9.3859254069673	

	
SGD: Hinge Loss is	
397649.62043175	
SGD: Validation Accuracy is:	
0.3197093551317	
SGD: Magnitude of W:	
178784.22724384	
SGD: Magnitude of b:	
8.9608959521245	
    Current index:	9501	
    Magnitude of W_grad:	23.304	
    Magnitude of W:	178771.40579148	
    Magnitude of B_grad:	0.156	
    Magnitude of b:	8.7506144149929	

	
    Current index:	19501	
    Magnitude of W_grad:	28.88	
    Magnitude of W:	178758.23807377	
    Magnitude of B_grad:	0.18	
    Magnitude of b:	8.6463376502769	

	
    Current index:	29501	
    Magnitude of W_grad:	32.116	
    Magnitude of W:	178743.75146824	
    Magnitude of B_grad:	0.176	
    Magnitude of b:	8.7600582161237	

	
    Current index:	39501	
    Magnitude of W_grad:	24.556	
    Magnitude of W:	178730.50374324	
    Magnitude of B_grad:	0.148	
    Magnitude of b:	8.8577771616126	

	
    Current index:	49501	
    Magnitude of W_grad:	31.34	
    Magnitude of W:	178716.66156381	
    Magnitude of B_grad:	0.1	
    Magnitude of b:	8.8894953986843	

	
    Current index:	59501	
    Magnitude of W_grad:	29.375999999999	
    Magnitude of W:	178703.00594783	
    Magnitude of B_grad:	0.092	
    Magnitude of b:	8.8472139253304	

	
    Current index:	69501	
    Magnitude of W_grad:	33.34	
    Magnitude of W:	178688.4319906	
    Magnitude of B_grad:	0.056	
    Magnitude of b:	9.1969266134261	

	
    Current index:	79501	
    Magnitude of W_grad:	27.044	
    Magnitude of W:	178674.5055069	
    Magnitude of B_grad:	0.168	
    Magnitude of b:	9.3206305872875	

	
    Current index:	89501	
    Magnitude of W_grad:	34.512000000001	
    Magnitude of W:	178661.0283235	
    Magnitude of B_grad:	0.088	
    Magnitude of b:	9.0343381352288	

	
    Current index:	99501	
    Magnitude of W_grad:	29.22	
    Magnitude of W:	178646.22816499	
    Magnitude of B_grad:	0.064	
    Magnitude of b:	8.9920511924304	

	
    Current index:	109501	
    Magnitude of W_grad:	26.648	
    Magnitude of W:	178630.9313863	
    Magnitude of B_grad:	0.08	
    Magnitude of b:	9.15976058575	

	
    Current index:	119501	
    Magnitude of W_grad:	35.956	
    Magnitude of W:	178616.39811416	
    Magnitude of B_grad:	0.264	
    Magnitude of b:	9.2314691274853	

	
    Current index:	129501	
    Magnitude of W_grad:	34.836000000001	
    Magnitude of W:	178601.35472166	
    Magnitude of B_grad:	0.252	
    Magnitude of b:	9.2571727110113	

	
    Current index:	139501	
    Magnitude of W_grad:	33.184000000001	
    Magnitude of W:	178587.80443831	
    Magnitude of B_grad:	0.04	
    Magnitude of b:	9.2228769321171	

	
    Current index:	149501	
    Magnitude of W_grad:	27.896	
    Magnitude of W:	178572.58198692	
    Magnitude of B_grad:	0.148	
    Magnitude of b:	9.2985808246736	

	
SGD: Hinge Loss is	
391078.47862869	
SGD: Validation Accuracy is:	
0.32152588555858	
SGD: Magnitude of W:	
178564.34030819	
SGD: Magnitude of b:	
8.8655534850522	
    Current index:	9501	
    Magnitude of W_grad:	23.88	
    Magnitude of W:	178551.75440809	
    Magnitude of B_grad:	0.132	
    Magnitude of b:	8.6472751854831	

	
    Current index:	19501	
    Magnitude of W_grad:	28.848	
    Magnitude of W:	178538.61212459	
    Magnitude of B_grad:	0.196	
    Magnitude of b:	8.5590014701099	

	
    Current index:	29501	
    Magnitude of W_grad:	29.032	
    Magnitude of W:	178524.45429445	
    Magnitude of B_grad:	0.148	
    Magnitude of b:	8.6887242498455	

	
    Current index:	39501	
    Magnitude of W_grad:	24.444	
    Magnitude of W:	178511.31031306	
    Magnitude of B_grad:	0.152	
    Magnitude of b:	8.7824454984293	

	
    Current index:	49501	
    Magnitude of W_grad:	30.64	
    Magnitude of W:	178497.62036157	
    Magnitude of B_grad:	0.1	
    Magnitude of b:	8.8241656463508	

	
    Current index:	59501	
    Magnitude of W_grad:	28.203999999999	
    Magnitude of W:	178483.98760369	
    Magnitude of B_grad:	0.088	
    Magnitude of b:	8.8078858510328	

	
    Current index:	69501	
    Magnitude of W_grad:	33.06	
    Magnitude of W:	178469.9804237	
    Magnitude of B_grad:	0.056	
    Magnitude of b:	9.1855995124773	

	
    Current index:	79501	
    Magnitude of W_grad:	26.268	
    Magnitude of W:	178456.22884486	
    Magnitude of B_grad:	0.168	
    Magnitude of b:	9.2853042619817	

	
    Current index:	89501	
    Magnitude of W_grad:	34.064	
    Magnitude of W:	178442.94842025	
    Magnitude of B_grad:	0.084	
    Magnitude of b:	9.00101291713	

	
    Current index:	99501	
    Magnitude of W_grad:	29.72	
    Magnitude of W:	178428.29591926	
    Magnitude of B_grad:	0.056	
    Magnitude of b:	8.938727451357	

	
    Current index:	109501	
    Magnitude of W_grad:	27.328	
    Magnitude of W:	178413.2962415	
    Magnitude of B_grad:	0.108	
    Magnitude of b:	9.1204384778844	

	
    Current index:	119501	
    Magnitude of W_grad:	34.048000000001	
    Magnitude of W:	178398.85262897	
    Magnitude of B_grad:	0.264	
    Magnitude of b:	9.1781484487207	

	
    Current index:	129501	
    Magnitude of W_grad:	34.608000000001	
    Magnitude of W:	178384.20503954	
    Magnitude of B_grad:	0.268	
    Magnitude of b:	9.1978540957891	

	
    Current index:	139501	
    Magnitude of W_grad:	32.736	
    Magnitude of W:	178370.89015251	
    Magnitude of B_grad:	0.044	
    Magnitude of b:	9.1715602464579	

	
    Current index:	149501	
    Magnitude of W_grad:	26.44	
    Magnitude of W:	178356.24603728	
    Magnitude of B_grad:	0.132	
    Magnitude of b:	9.2352659441703	

	
SGD: Hinge Loss is	
385814.95874996	
SGD: Validation Accuracy is:	
0.32152588555858	
SGD: Magnitude of W:	
178348.15499181	
SGD: Magnitude of b:	
8.8193944355601	
    Current index:	9501	
    Magnitude of W_grad:	22.848	
    Magnitude of W:	178335.87266227	
    Magnitude of B_grad:	0.144	
    Magnitude of b:	8.5951178404693	

	
    Current index:	19501	
    Magnitude of W_grad:	29.084	
    Magnitude of W:	178322.86130171	
    Magnitude of B_grad:	0.196	
    Magnitude of b:	8.5088458550264	

	
    Current index:	29501	
    Magnitude of W_grad:	29.284	
    Magnitude of W:	178308.741702	
    Magnitude of B_grad:	0.164	
    Magnitude of b:	8.6365703614492	

	
    Current index:	39501	
    Magnitude of W_grad:	24.516	
    Magnitude of W:	178295.72020608	
    Magnitude of B_grad:	0.152	
    Magnitude of b:	8.7262932697091	

	
    Current index:	49501	
    Magnitude of W_grad:	31.192	
    Magnitude of W:	178282.29923054	
    Magnitude of B_grad:	0.088	
    Magnitude of b:	8.7820149369645	

	
    Current index:	59501	
    Magnitude of W_grad:	29.371999999999	
    Magnitude of W:	178269.00548019	
    Magnitude of B_grad:	0.1	
    Magnitude of b:	8.7517371009299	

	
    Current index:	69501	
    Magnitude of W_grad:	32.36	
    Magnitude of W:	178255.16684132	
    Magnitude of B_grad:	0.092	
    Magnitude of b:	9.1114529192757	

	
    Current index:	79501	
    Magnitude of W_grad:	24.912	
    Magnitude of W:	178241.65975247	
    Magnitude of B_grad:	0.144	
    Magnitude of b:	9.1731608140122	

	
    Current index:	89501	
    Magnitude of W_grad:	34.832	
    Magnitude of W:	178228.7436065	
    Magnitude of B_grad:	0.076	
    Magnitude of b:	8.8968722858854	

	
    Current index:	99501	
    Magnitude of W_grad:	29.424	
    Magnitude of W:	178214.30147047	
    Magnitude of B_grad:	0.108	
    Magnitude of b:	8.81859018834	

	
    Current index:	109501	
    Magnitude of W_grad:	27.592	
    Magnitude of W:	178199.61612194	
    Magnitude of B_grad:	0.076	
    Magnitude of b:	9.0263045032748	

	
    Current index:	119501	
    Magnitude of W_grad:	33.908	
    Magnitude of W:	178185.41404896	
    Magnitude of B_grad:	0.236	
    Magnitude of b:	9.0820174308244	

	
    Current index:	129501	
    Magnitude of W_grad:	34.840000000001	
    Magnitude of W:	178171.05727654	
    Magnitude of B_grad:	0.3	
    Magnitude of b:	9.0997259579906	

	
    Current index:	139501	
    Magnitude of W_grad:	32.144	
    Magnitude of W:	178157.99540583	
    Magnitude of B_grad:	0.04	
    Magnitude of b:	9.0834351576479	

	
    Current index:	149501	
    Magnitude of W_grad:	25.452	
    Magnitude of W:	178143.90737253	
    Magnitude of B_grad:	0.124	
    Magnitude of b:	9.1331437097626	

	
SGD: Hinge Loss is	
380239.85895244	
SGD: Validation Accuracy is:	
0.32243415077203	
SGD: Magnitude of W:	
178136.13780113	
SGD: Magnitude of b:	
8.7038107866947	
    Current index:	9501	
    Magnitude of W_grad:	23.812	
    Magnitude of W:	178124.20821591	
    Magnitude of B_grad:	0.14	
    Magnitude of b:	8.4995373507673	

	
    Current index:	19501	
    Magnitude of W_grad:	28.832	
    Magnitude of W:	178111.35471915	
    Magnitude of B_grad:	0.208	
    Magnitude of b:	8.4332679855512	

	
    Current index:	29501	
    Magnitude of W_grad:	31.088	
    Magnitude of W:	178097.5838258	
    Magnitude of B_grad:	0.192	
    Magnitude of b:	8.5809950579129	

	
    Current index:	39501	
    Magnitude of W_grad:	22.252	
    Magnitude of W:	178084.68509182	
    Magnitude of B_grad:	0.132	
    Magnitude of b:	8.6647200027616	

	
    Current index:	49501	
    Magnitude of W_grad:	31.324	
    Magnitude of W:	178071.56859334	
    Magnitude of B_grad:	0.112	
    Magnitude of b:	8.7164438276993	

	
    Current index:	59501	
    Magnitude of W_grad:	28.891999999999	
    Magnitude of W:	178058.40558067	
    Magnitude of B_grad:	0.088	
    Magnitude of b:	8.6901678559457	

	
    Current index:	69501	
    Magnitude of W_grad:	31.256	
    Magnitude of W:	178044.65167701	
    Magnitude of B_grad:	0.072	
    Magnitude of b:	9.0558852770662	

	
    Current index:	79501	
    Magnitude of W_grad:	24.072	
    Magnitude of W:	178031.41965488	
    Magnitude of B_grad:	0.132	
    Magnitude of b:	9.1455944206148	

	
    Current index:	89501	
    Magnitude of W_grad:	33.008	
    Magnitude of W:	178018.88804969	
    Magnitude of B_grad:	0.088	
    Magnitude of b:	8.8213074473488	

	
    Current index:	99501	
    Magnitude of W_grad:	30.16	
    Magnitude of W:	178004.54601904	
    Magnitude of B_grad:	0.112	
    Magnitude of b:	8.7610273159136	

	
    Current index:	109501	
    Magnitude of W_grad:	28.212	
    Magnitude of W:	177990.14610781	
    Magnitude of B_grad:	0.084	
    Magnitude of b:	8.9687433928391	

	
    Current index:	119501	
    Magnitude of W_grad:	32.28	
    Magnitude of W:	177976.19625356	
    Magnitude of B_grad:	0.212	
    Magnitude of b:	9.0184580058009	

	
    Current index:	129501	
    Magnitude of W_grad:	33.452000000001	
    Magnitude of W:	177962.35352763	
    Magnitude of B_grad:	0.28	
    Magnitude of b:	9.0401684797745	

	
    Current index:	139501	
    Magnitude of W_grad:	31.96	
    Magnitude of W:	177949.66835143	
    Magnitude of B_grad:	0.068	
    Magnitude of b:	9.0278795464673	

	
    Current index:	149501	
    Magnitude of W_grad:	24.175999999999	
    Magnitude of W:	177935.64355771	
    Magnitude of B_grad:	0.136	
    Magnitude of b:	9.0855897997621	

	
SGD: Hinge Loss is	
375647.19648405	
SGD: Validation Accuracy is:	
0.32606721162579	
SGD: Magnitude of W:	
177927.91699979	
SGD: Magnitude of b:	
8.6662580209372	
    Current index:	9501	
    Magnitude of W_grad:	23.828	
    Magnitude of W:	177916.31797497	
    Magnitude of B_grad:	0.136	
    Magnitude of b:	8.4559859576957	

	
    Current index:	19501	
    Magnitude of W_grad:	28.428	
    Magnitude of W:	177903.58006045	
    Magnitude of B_grad:	0.216	
    Magnitude of b:	8.3937179778759	

	
    Current index:	29501	
    Magnitude of W_grad:	30.196	
    Magnitude of W:	177889.90209198	
    Magnitude of B_grad:	0.176	
    Magnitude of b:	8.5334460944337	

	
    Current index:	39501	
    Magnitude of W_grad:	24.196	
    Magnitude of W:	177877.31642892	
    Magnitude of B_grad:	0.156	
    Magnitude of b:	8.6251721472132	

	
    Current index:	49501	
    Magnitude of W_grad:	30.436	
    Magnitude of W:	177864.3328243	
    Magnitude of B_grad:	0.108	
    Magnitude of b:	8.6788972426519	

	
    Current index:	59501	
    Magnitude of W_grad:	28.191999999999	
    Magnitude of W:	177851.34568579	
    Magnitude of B_grad:	0.084	
    Magnitude of b:	8.6386225828101	

	
    Current index:	69501	
    Magnitude of W_grad:	31.316	
    Magnitude of W:	177837.94857448	
    Magnitude of B_grad:	0.096	
    Magnitude of b:	8.972342275505	

	
    Current index:	79501	
    Magnitude of W_grad:	23.672	
    Magnitude of W:	177824.76968932	
    Magnitude of B_grad:	0.124	
    Magnitude of b:	9.066053878667	

	
    Current index:	89501	
    Magnitude of W_grad:	34.856	
    Magnitude of W:	177812.63708164	
    Magnitude of B_grad:	0.076	
    Magnitude of b:	8.7677691353709	

	
    Current index:	99501	
    Magnitude of W_grad:	28.38	
    Magnitude of W:	177798.78582265	
    Magnitude of B_grad:	0.084	
    Magnitude of b:	8.709491068039	

	
    Current index:	109501	
    Magnitude of W_grad:	27.867999999999	
    Magnitude of W:	177784.59356569	
    Magnitude of B_grad:	0.068	
    Magnitude of b:	8.9072091898751	

	
    Current index:	119501	
    Magnitude of W_grad:	32.272	
    Magnitude of W:	177770.91927221	
    Magnitude of B_grad:	0.24	
    Magnitude of b:	8.9609261346354	

	
    Current index:	129501	
    Magnitude of W_grad:	32.644	
    Magnitude of W:	177756.93248438	
    Magnitude of B_grad:	0.276	
    Magnitude of b:	8.988638487582	

	
    Current index:	139501	
    Magnitude of W_grad:	33.792000000001	
    Magnitude of W:	177744.31823825	
    Magnitude of B_grad:	0.044	
    Magnitude of b:	8.9823514076808	

	
    Current index:	149501	
    Magnitude of W_grad:	23.256	
    Magnitude of W:	177730.54913218	
    Magnitude of B_grad:	0.124	
    Magnitude of b:	9.0160636928731	

	
SGD: Hinge Loss is	
370757.61691495	
SGD: Validation Accuracy is:	
0.33514986376022	
SGD: Magnitude of W:	
177723.12110782	
SGD: Magnitude of b:	
8.598197181807	
    Current index:	9501	
    Magnitude of W_grad:	23.752	
    Magnitude of W:	177711.5986213	
    Magnitude of B_grad:	0.136	
    Magnitude of b:	8.3919272344024	

	
    Current index:	19501	
    Magnitude of W_grad:	28.412	
    Magnitude of W:	177698.90992221	
    Magnitude of B_grad:	0.2	
    Magnitude of b:	8.3276610897742	

	
    Current index:	29501	
    Magnitude of W_grad:	29.696	
    Magnitude of W:	177685.69941766	
    Magnitude of B_grad:	0.168	
    Magnitude of b:	8.4873909266806	

	
    Current index:	39501	
    Magnitude of W_grad:	22.48	
    Magnitude of W:	177673.42302128	
    Magnitude of B_grad:	0.128	
    Magnitude of b:	8.5751187380179	

	
    Current index:	49501	
    Magnitude of W_grad:	30.148	
    Magnitude of W:	177660.65825818	
    Magnitude of B_grad:	0.088	
    Magnitude of b:	8.6388451965978	

	
    Current index:	59501	
    Magnitude of W_grad:	28.979999999999	
    Magnitude of W:	177647.90732029	
    Magnitude of B_grad:	0.084	
    Magnitude of b:	8.620571762752	

	
    Current index:	69501	
    Magnitude of W_grad:	30.604	
    Magnitude of W:	177634.6240788	
    Magnitude of B_grad:	0.1	
    Magnitude of b:	8.9382925283642	

	
    Current index:	79501	
    Magnitude of W_grad:	24.12	
    Magnitude of W:	177621.48122692	
    Magnitude of B_grad:	0.136	
    Magnitude of b:	9.0140058580274	

	
    Current index:	89501	
    Magnitude of W_grad:	34.22	
    Magnitude of W:	177609.39283959	
    Magnitude of B_grad:	0.128	
    Magnitude of b:	8.7137229336409	

	
    Current index:	99501	
    Magnitude of W_grad:	28.736	
    Magnitude of W:	177595.83831786	
    Magnitude of B_grad:	0.108	
    Magnitude of b:	8.6514464109597	

	
    Current index:	109501	
    Magnitude of W_grad:	28.811999999999	
    Magnitude of W:	177581.7647329	
    Magnitude of B_grad:	0.06	
    Magnitude of b:	8.8571660901476	

	
    Current index:	119501	
    Magnitude of W_grad:	31.423999999999	
    Magnitude of W:	177568.18452801	
    Magnitude of B_grad:	0.228	
    Magnitude of b:	8.910884423228	

	
    Current index:	129501	
    Magnitude of W_grad:	33.168000000001	
    Magnitude of W:	177554.87256237	
    Magnitude of B_grad:	0.272	
    Magnitude of b:	8.9165984482171	

	
    Current index:	139501	
    Magnitude of W_grad:	30.828	
    Magnitude of W:	177542.29606885	
    Magnitude of B_grad:	0.032	
    Magnitude of b:	8.9023134452287	

	
    Current index:	149501	
    Magnitude of W_grad:	24.18	
    Magnitude of W:	177528.6458334	
    Magnitude of B_grad:	0.144	
    Magnitude of b:	8.9580274724859	

	
SGD: Hinge Loss is	
366567.16314782	
SGD: Validation Accuracy is:	
0.33424159854678	
SGD: Magnitude of W:	
177521.35322938	
SGD: Magnitude of b:	
8.5421623459925	
    Current index:	9501	
    Magnitude of W_grad:	23.184	
    Magnitude of W:	177509.9983211	
    Magnitude of B_grad:	0.124	
    Magnitude of b:	8.3258943063513	

	
    Current index:	19501	
    Magnitude of W_grad:	27.512	
    Magnitude of W:	177497.35905791	
    Magnitude of B_grad:	0.188	
    Magnitude of b:	8.2636301363822	

	
    Current index:	29501	
    Magnitude of W_grad:	31.168	
    Magnitude of W:	177484.16232663	
    Magnitude of B_grad:	0.22	
    Magnitude of b:	8.4293618171587	

	
    Current index:	39501	
    Magnitude of W_grad:	22.692	
    Magnitude of W:	177472.12523349	
    Magnitude of B_grad:	0.136	
    Magnitude of b:	8.5130911853537	

	
    Current index:	49501	
    Magnitude of W_grad:	30.112	
    Magnitude of W:	177459.77537743	
    Magnitude of B_grad:	0.1	
    Magnitude of b:	8.5828191592932	

	
    Current index:	59501	
    Magnitude of W_grad:	28.131999999999	
    Magnitude of W:	177447.36885741	
    Magnitude of B_grad:	0.104	
    Magnitude of b:	8.5485475245269	

	
    Current index:	69501	
    Magnitude of W_grad:	29.808	
    Magnitude of W:	177434.14008473	
    Magnitude of B_grad:	0.068	
    Magnitude of b:	8.9062702039391	

	
    Current index:	79501	
    Magnitude of W_grad:	23.416	
    Magnitude of W:	177421.02632456	
    Magnitude of B_grad:	0.108	
    Magnitude of b:	8.975984611988	

	
    Current index:	89501	
    Magnitude of W_grad:	33.476	
    Magnitude of W:	177409.15934461	
    Magnitude of B_grad:	0.108	
    Magnitude of b:	8.6677031358035	

	
    Current index:	99501	
    Magnitude of W_grad:	28.42	
    Magnitude of W:	177395.84958903	
    Magnitude of B_grad:	0.116	
    Magnitude of b:	8.6134280262053	

	
    Current index:	109501	
    Magnitude of W_grad:	28.992	
    Magnitude of W:	177381.78413416	
    Magnitude of B_grad:	0.072	
    Magnitude of b:	8.831148805971	

	
    Current index:	119501	
    Magnitude of W_grad:	31.023999999999	
    Magnitude of W:	177368.84766779	
    Magnitude of B_grad:	0.192	
    Magnitude of b:	8.8708683639431	

	
    Current index:	129501	
    Magnitude of W_grad:	33.764000000001	
    Magnitude of W:	177355.5865096	
    Magnitude of B_grad:	0.288	
    Magnitude of b:	8.872583773203	

	
    Current index:	139501	
    Magnitude of W_grad:	31.568	
    Magnitude of W:	177343.39173292	
    Magnitude of B_grad:	0.044	
    Magnitude of b:	8.8563003457424	

	
    Current index:	149501	
    Magnitude of W_grad:	23.644	
    Magnitude of W:	177330.00504539	
    Magnitude of B_grad:	0.144	
    Magnitude of b:	8.912016244997	

	
SGD: Hinge Loss is	
361875.34343462	
SGD: Validation Accuracy is:	
0.34241598546776	
SGD: Magnitude of W:	
177322.80534966	
SGD: Magnitude of b:	
8.4829976095465	
    Current index:	9501	
    Magnitude of W_grad:	22.66	
    Magnitude of W:	177311.83821925	
    Magnitude of B_grad:	0.08	
    Magnitude of b:	8.2687313510869	

	
    Current index:	19501	
    Magnitude of W_grad:	28.332	
    Magnitude of W:	177299.55062185	
    Magnitude of B_grad:	0.196	
    Magnitude of b:	8.2144686434016	

	
    Current index:	29501	
    Magnitude of W_grad:	30.088	
    Magnitude of W:	177286.56402205	
    Magnitude of B_grad:	0.188	
    Magnitude of b:	8.3722019840985	

	
    Current index:	39501	
    Magnitude of W_grad:	22.628	
    Magnitude of W:	177274.82430467	
    Magnitude of B_grad:	0.108	
    Magnitude of b:	8.4659332799827	

	
    Current index:	49501	
    Magnitude of W_grad:	28.652	
    Magnitude of W:	177263.05115487	
    Magnitude of B_grad:	0.084	
    Magnitude of b:	8.5316626554667	

	
    Current index:	59501	
    Magnitude of W_grad:	27.687999999999	
    Magnitude of W:	177250.67451252	
    Magnitude of B_grad:	0.068	
    Magnitude of b:	8.5053924062578	

	
    Current index:	69501	
    Magnitude of W_grad:	29.172	
    Magnitude of W:	177237.94130351	
    Magnitude of B_grad:	0.068	
    Magnitude of b:	8.8431168410384	

	
    Current index:	79501	
    Magnitude of W_grad:	23.56	
    Magnitude of W:	177225.02670097	
    Magnitude of B_grad:	0.136	
    Magnitude of b:	8.9128330299054	

	
    Current index:	89501	
    Magnitude of W_grad:	35.104	
    Magnitude of W:	177213.44801382	
    Magnitude of B_grad:	0.128	
    Magnitude of b:	8.5965536852073	

	
    Current index:	99501	
    Magnitude of W_grad:	29.275999999999	
    Magnitude of W:	177200.4075202	
    Magnitude of B_grad:	0.1	
    Magnitude of b:	8.5402809429651	

	
    Current index:	109501	
    Magnitude of W_grad:	27.912	
    Magnitude of W:	177186.6521649	
    Magnitude of B_grad:	0.06	
    Magnitude of b:	8.780003726534	

	
    Current index:	119501	
    Magnitude of W_grad:	30.895999999999	
    Magnitude of W:	177173.61169993	
    Magnitude of B_grad:	0.208	
    Magnitude of b:	8.8217250299892	

	
    Current index:	129501	
    Magnitude of W_grad:	33.052	
    Magnitude of W:	177160.84075346	
    Magnitude of B_grad:	0.28	
    Magnitude of b:	8.825442047574	

	
    Current index:	139501	
    Magnitude of W_grad:	30.256	
    Magnitude of W:	177148.89923866	
    Magnitude of B_grad:	0.036	
    Magnitude of b:	8.815159970128	

	
    Current index:	149501	
    Magnitude of W_grad:	25.443999999999	
    Magnitude of W:	177135.58375636	
    Magnitude of B_grad:	0.148	
    Magnitude of b:	8.8528771555889	

	
SGD: Hinge Loss is	
358664.44167295	
SGD: Validation Accuracy is:	
0.34514078110808	
SGD: Magnitude of W:	
177128.53102459	
SGD: Magnitude of b:	
8.4381689946919	
    Current index:	9501	
    Magnitude of W_grad:	23.036	
    Magnitude of W:	177117.60644627	
    Magnitude of B_grad:	0.084	
    Magnitude of b:	8.2299041591628	

	
    Current index:	19501	
    Magnitude of W_grad:	28.4	
    Magnitude of W:	177105.29464949	
    Magnitude of B_grad:	0.212	
    Magnitude of b:	8.1856430529125	

	
    Current index:	29501	
    Magnitude of W_grad:	30.784	
    Magnitude of W:	177092.77637613	
    Magnitude of B_grad:	0.212	
    Magnitude of b:	8.3293777335457	

	
    Current index:	39501	
    Magnitude of W_grad:	22.768	
    Magnitude of W:	177081.1922717	
    Magnitude of B_grad:	0.104	
    Magnitude of b:	8.4071105957008	

	
    Current index:	49501	
    Magnitude of W_grad:	29.916	
    Magnitude of W:	177069.33182479	
    Magnitude of B_grad:	0.116	
    Magnitude of b:	8.476841827548	

	
    Current index:	59501	
    Magnitude of W_grad:	28.063999999999	
    Magnitude of W:	177057.26991384	
    Magnitude of B_grad:	0.092	
    Magnitude of b:	8.4765729818884	

	
    Current index:	69501	
    Magnitude of W_grad:	29.372	
    Magnitude of W:	177044.66850105	
    Magnitude of B_grad:	0.08	
    Magnitude of b:	8.7702990975686	

	
    Current index:	79501	
    Magnitude of W_grad:	24.016	
    Magnitude of W:	177031.91942647	
    Magnitude of B_grad:	0.136	
    Magnitude of b:	8.8540172191584	

	
    Current index:	89501	
    Magnitude of W_grad:	32.988	
    Magnitude of W:	177020.38423774	
    Magnitude of B_grad:	0.116	
    Magnitude of b:	8.5497395552395	

	
    Current index:	99501	
    Magnitude of W_grad:	28.483999999999	
    Magnitude of W:	177007.1947851	
    Magnitude of B_grad:	0.124	
    Magnitude of b:	8.4834684714061	

	
    Current index:	109501	
    Magnitude of W_grad:	28.028	
    Magnitude of W:	176993.74033311	
    Magnitude of B_grad:	0.052	
    Magnitude of b:	8.7311932927485	

	
    Current index:	119501	
    Magnitude of W_grad:	32.06	
    Magnitude of W:	176981.05771044	
    Magnitude of B_grad:	0.244	
    Magnitude of b:	8.76091632145	

	
    Current index:	129501	
    Magnitude of W_grad:	33.348	
    Magnitude of W:	176968.30377649	
    Magnitude of B_grad:	0.284	
    Magnitude of b:	8.782634946256	

	
    Current index:	139501	
    Magnitude of W_grad:	28.295999999999	
    Magnitude of W:	176956.50570426	
    Magnitude of B_grad:	0.04	
    Magnitude of b:	8.764354367577	

	
    Current index:	149501	
    Magnitude of W_grad:	22.612	
    Magnitude of W:	176943.61972095	
    Magnitude of B_grad:	0.116	
    Magnitude of b:	8.7860734885642	

	
SGD: Hinge Loss is	
354312.01915429	
SGD: Validation Accuracy is:	
0.35149863760218	
SGD: Magnitude of W:	
176936.51310633	
SGD: Magnitude of b:	
8.4033664551653	
    Current index:	9501	
    Magnitude of W_grad:	22.8	
    Magnitude of W:	176926.14802884	
    Magnitude of B_grad:	0.1	
    Magnitude of b:	8.1871027866657	

	
    Current index:	19501	
    Magnitude of W_grad:	27.032	
    Magnitude of W:	176913.87723697	
    Magnitude of B_grad:	0.204	
    Magnitude of b:	8.1388430578387	

	
    Current index:	29501	
    Magnitude of W_grad:	29.108	
    Magnitude of W:	176901.47089918	
    Magnitude of B_grad:	0.188	
    Magnitude of b:	8.2965790871562	

	
    Current index:	39501	
    Magnitude of W_grad:	22.227999999999	
    Magnitude of W:	176889.95195166	
    Magnitude of B_grad:	0.128	
    Magnitude of b:	8.3683131608541	

	
    Current index:	49501	
    Magnitude of W_grad:	29.892	
    Magnitude of W:	176878.11473345	
    Magnitude of B_grad:	0.116	
    Magnitude of b:	8.4460454894204	

	
    Current index:	59501	
    Magnitude of W_grad:	27.811999999999	
    Magnitude of W:	176866.10503331	
    Magnitude of B_grad:	0.084	
    Magnitude of b:	8.4377780911709	

	
    Current index:	69501	
    Magnitude of W_grad:	30.944	
    Magnitude of W:	176853.75479418	
    Magnitude of B_grad:	0.08	
    Magnitude of b:	8.7635050579844	

	
    Current index:	79501	
    Magnitude of W_grad:	24.06	
    Magnitude of W:	176841.04137261	
    Magnitude of B_grad:	0.088	
    Magnitude of b:	8.8272240848865	

	
    Current index:	89501	
    Magnitude of W_grad:	34.348	
    Magnitude of W:	176829.74942966	
    Magnitude of B_grad:	0.096	
    Magnitude of b:	8.5129473868291	

	
    Current index:	99501	
    Magnitude of W_grad:	28.22	
    Magnitude of W:	176817.05204448	
    Magnitude of B_grad:	0.116	
    Magnitude of b:	8.4286775366518	

	
    Current index:	109501	
    Magnitude of W_grad:	27.648	
    Magnitude of W:	176803.86284815	
    Magnitude of B_grad:	0.06	
    Magnitude of b:	8.6764039869684	

	
    Current index:	119501	
    Magnitude of W_grad:	31.28	
    Magnitude of W:	176791.1698878	
    Magnitude of B_grad:	0.228	
    Magnitude of b:	8.7201285903905	

	
    Current index:	129501	
    Magnitude of W_grad:	32.676	
    Magnitude of W:	176778.81257026	
    Magnitude of B_grad:	0.26	
    Magnitude of b:	8.7018488536375	

	
    Current index:	139501	
    Magnitude of W_grad:	28.74	
    Magnitude of W:	176766.99735825	
    Magnitude of B_grad:	0.072	
    Magnitude of b:	8.7295701652216	

	
    Current index:	149501	
    Magnitude of W_grad:	24.14	
    Magnitude of W:	176754.07972603	
    Magnitude of B_grad:	0.152	
    Magnitude of b:	8.7552906025063	

	
SGD: Hinge Loss is	
350279.76938117	
SGD: Validation Accuracy is:	
0.3496821071753	
SGD: Magnitude of W:	
176747.18358458	
SGD: Magnitude of b:	
8.330584782231	
    Current index:	9501	
    Magnitude of W_grad:	23.044	
    Magnitude of W:	176736.6696942	
    Magnitude of B_grad:	0.08	
    Magnitude of b:	8.1263230261753	

	
    Current index:	19501	
    Magnitude of W_grad:	27.776	
    Magnitude of W:	176724.85248763	
    Magnitude of B_grad:	0.224	
    Magnitude of b:	8.0760653085724	

	
    Current index:	29501	
    Magnitude of W_grad:	30.4	
    Magnitude of W:	176712.58781628	
    Magnitude of B_grad:	0.216	
    Magnitude of b:	8.2558029026751	

	
    Current index:	39501	
    Magnitude of W_grad:	22.4	
    Magnitude of W:	176701.38925104	
    Magnitude of B_grad:	0.104	
    Magnitude of b:	8.3375381138653	

	
    Current index:	49501	
    Magnitude of W_grad:	29.796	
    Magnitude of W:	176689.85986693	
    Magnitude of B_grad:	0.116	
    Magnitude of b:	8.4152715894537	

	
    Current index:	59501	
    Magnitude of W_grad:	27.527999999999	
    Magnitude of W:	176677.9879849	
    Magnitude of B_grad:	0.068	
    Magnitude of b:	8.3850052170319	

	
    Current index:	69501	
    Magnitude of W_grad:	27.368	
    Magnitude of W:	176665.78099169	
    Magnitude of B_grad:	0.064	
    Magnitude of b:	8.6847342203579	

	
    Current index:	79501	
    Magnitude of W_grad:	23.688	
    Magnitude of W:	176653.46925676	
    Magnitude of B_grad:	0.112	
    Magnitude of b:	8.7624551657356	

	
    Current index:	89501	
    Magnitude of W_grad:	33.768	
    Magnitude of W:	176642.35936629	
    Magnitude of B_grad:	0.108	
    Magnitude of b:	8.4681802043537	

	
    Current index:	99501	
    Magnitude of W_grad:	28.012	
    Magnitude of W:	176629.64120974	
    Magnitude of B_grad:	0.12	
    Magnitude of b:	8.3999116476116	

	
    Current index:	109501	
    Magnitude of W_grad:	29.068	
    Magnitude of W:	176616.42031169	
    Magnitude of B_grad:	0.092	
    Magnitude of b:	8.6536387663995	

	
    Current index:	119501	
    Magnitude of W_grad:	30.435999999999	
    Magnitude of W:	176603.98537623	
    Magnitude of B_grad:	0.228	
    Magnitude of b:	8.6933641307357	

	
    Current index:	129501	
    Magnitude of W_grad:	31.796	
    Magnitude of W:	176591.79317532	
    Magnitude of B_grad:	0.256	
    Magnitude of b:	8.6690855470439	

	
    Current index:	139501	
    Magnitude of W_grad:	28.868	
    Magnitude of W:	176580.27666142	
    Magnitude of B_grad:	0.076	
    Magnitude of b:	8.6948081423758	

	
    Current index:	149501	
    Magnitude of W_grad:	23.8	
    Magnitude of W:	176567.78495293	
    Magnitude of B_grad:	0.148	
    Magnitude of b:	8.7105299016294	

	
SGD: Hinge Loss is	
347274.87066581	
SGD: Validation Accuracy is:	
0.3496821071753	
SGD: Magnitude of W:	
176560.85051431	
SGD: Magnitude of b:	
8.2806706688334	
    Current index:	9501	
    Magnitude of W_grad:	22.332	
    Magnitude of W:	176550.42600939	
    Magnitude of B_grad:	0.104	
    Magnitude of b:	8.080410513793	

	
    Current index:	19501	
    Magnitude of W_grad:	26.596	
    Magnitude of W:	176538.75559476	
    Magnitude of B_grad:	0.208	
    Magnitude of b:	8.0421543939666	

	
    Current index:	29501	
    Magnitude of W_grad:	28.764	
    Magnitude of W:	176526.72392158	
    Magnitude of B_grad:	0.164	
    Magnitude of b:	8.2218930597121	

	
    Current index:	39501	
    Magnitude of W_grad:	22.4	
    Magnitude of W:	176515.64226831	
    Magnitude of B_grad:	0.128	
    Magnitude of b:	8.2956295593235	

	
    Current index:	49501	
    Magnitude of W_grad:	29.912	
    Magnitude of W:	176504.45199147	
    Magnitude of B_grad:	0.096	
    Magnitude of b:	8.3773640714096	

	
