[?1034hDatafile:	/n/home09/ankitgupta/CS287/HW1/SST1-uni-syns.hdf5	Classifier:	hinge	Alpha:	0	Eta:	0.5	Lambda:	0.5	Minibatch size:	500	Num Epochs:	50	Minimum Sentence Length:	5	
Note that not all parameters may apply to all classifiers	
Loading datafiles...	
Number of training samples before removing small sentences	156817	
Number of training samples after removing small sentences	142717	
Done.	
Training classifier...	
Parameters are:	
Eta:	
0.5	
Lambda:	
0.5	
Minibatch size:	
500	
Number of Epochs	
50	
SGD: Hinge Loss is	
1495558.8352725	
SGD: Validation Accuracy is:	
0.18256130790191	
SGD: Magnitude of W:	
184737.36405212	
SGD: Magnitude of b:	
6.2661705986693	
    Current index:	9501	
    Magnitude of W_grad:	50.268000000002	
    Magnitude of W:	184681.94219546	
    Magnitude of B_grad:	0.232	
    Magnitude of b:	6.59083727641	

	
    Current index:	19501	
    Magnitude of W_grad:	47.172000000001	
    Magnitude of W:	184632.62654224	
    Magnitude of B_grad:	0.172	
    Magnitude of b:	8.9161167694811	

	
    Current index:	29501	
    Magnitude of W_grad:	35.872	
    Magnitude of W:	184587.96416874	
    Magnitude of B_grad:	0.24	
    Magnitude of b:	10.201779855862	

	
    Current index:	39501	
    Magnitude of W_grad:	55.276000000001	
    Magnitude of W:	184542.63132492	
    Magnitude of B_grad:	0.292	
    Magnitude of b:	11.185403008557	

	
    Current index:	49501	
    Magnitude of W_grad:	50.120000000001	
    Magnitude of W:	184500.18963338	
    Magnitude of B_grad:	0.084	
    Magnitude of b:	11.823001797979	

	
    Current index:	59501	
    Magnitude of W_grad:	36.732	
    Magnitude of W:	184458.94283098	
    Magnitude of B_grad:	0.096	
    Magnitude of b:	12.536572672502	

	
    Current index:	69501	
    Magnitude of W_grad:	42.832000000002	
    Magnitude of W:	184416.89334179	
    Magnitude of B_grad:	0.116	
    Magnitude of b:	12.892126556699	

	
    Current index:	79501	
    Magnitude of W_grad:	42.304000000001	
    Magnitude of W:	184373.58970345	
    Magnitude of B_grad:	0.26	
    Magnitude of b:	11.399690728638	

	
    Current index:	89501	
    Magnitude of W_grad:	46.336000000002	
    Magnitude of W:	184330.48376869	
    Magnitude of B_grad:	0.084	
    Magnitude of b:	10.520450928888	

	
    Current index:	99501	
    Magnitude of W_grad:	46.652000000002	
    Magnitude of W:	184289.87699034	
    Magnitude of B_grad:	0.224	
    Magnitude of b:	10.834071721361	

	
    Current index:	109501	
    Magnitude of W_grad:	38.860000000001	
    Magnitude of W:	184252.87708533	
    Magnitude of B_grad:	0.14	
    Magnitude of b:	10.778459455616	

	
    Current index:	119501	
    Magnitude of W_grad:	50.588000000002	
    Magnitude of W:	184213.67724201	
    Magnitude of B_grad:	0.188	
    Magnitude of b:	10.940082682682	

	
    Current index:	129501	
    Magnitude of W_grad:	40.656000000002	
    Magnitude of W:	184175.44736699	
    Magnitude of B_grad:	0.12	
    Magnitude of b:	11.19969987961	

	
    Current index:	139501	
    Magnitude of W_grad:	48.004000000001	
    Magnitude of W:	184138.20003267	
    Magnitude of B_grad:	0.204	
    Magnitude of b:	11.355303135975	

	
SGD: Hinge Loss is	
808910.72060127	
SGD: Validation Accuracy is:	
0.23796548592189	
SGD: Magnitude of W:	
184129.02802694	
SGD: Magnitude of b:	
10.72362727812	
    Current index:	9501	
    Magnitude of W_grad:	49.276000000002	
    Magnitude of W:	184094.12544494	
    Magnitude of B_grad:	0.168	
    Magnitude of b:	10.889239131794	

	
    Current index:	19501	
    Magnitude of W_grad:	44.112000000001	
    Magnitude of W:	184061.06488944	
    Magnitude of B_grad:	0.14	
    Magnitude of b:	11.516846832532	

	
    Current index:	29501	
    Magnitude of W_grad:	33.04	
    Magnitude of W:	184028.60385208	
    Magnitude of B_grad:	0.116	
    Magnitude of b:	11.826436199876	

	
    Current index:	39501	
    Magnitude of W_grad:	52.544000000001	
    Magnitude of W:	183996.82550204	
    Magnitude of B_grad:	0.268	
    Magnitude of b:	12.13601632918	

	
    Current index:	49501	
    Magnitude of W_grad:	47.968000000002	
    Magnitude of W:	183966.51101236	
    Magnitude of B_grad:	0.064	
    Magnitude of b:	12.331587059613	

	
    Current index:	59501	
    Magnitude of W_grad:	34.032	
    Magnitude of W:	183933.81493077	
    Magnitude of B_grad:	0.136	
    Magnitude of b:	12.889143728474	

	
    Current index:	69501	
    Magnitude of W_grad:	46.732000000002	
    Magnitude of W:	183900.60247577	
    Magnitude of B_grad:	0.084	
    Magnitude of b:	13.00269045281	

	
    Current index:	79501	
    Magnitude of W_grad:	36.584	
    Magnitude of W:	183865.89739754	
    Magnitude of B_grad:	0.252	
    Magnitude of b:	11.602251126136	

	
    Current index:	89501	
    Magnitude of W_grad:	42.240000000001	
    Magnitude of W:	183831.23963081	
    Magnitude of B_grad:	0.116	
    Magnitude of b:	10.963105239301	

	
    Current index:	99501	
    Magnitude of W_grad:	46.724000000002	
    Magnitude of W:	183798.41235984	
    Magnitude of B_grad:	0.232	
    Magnitude of b:	11.574364375699	

	
    Current index:	109501	
    Magnitude of W_grad:	39.580000000002	
    Magnitude of W:	183767.60671892	
    Magnitude of B_grad:	0.124	
    Magnitude of b:	11.487960458424	

	
    Current index:	119501	
    Magnitude of W_grad:	49.960000000001	
    Magnitude of W:	183735.42492784	
    Magnitude of B_grad:	0.204	
    Magnitude of b:	11.497560619224	

	
    Current index:	129501	
    Magnitude of W_grad:	36.708000000001	
    Magnitude of W:	183703.06820661	
    Magnitude of B_grad:	0.072	
    Magnitude of b:	11.643159333111	

	
    Current index:	139501	
    Magnitude of W_grad:	48.848000000002	
    Magnitude of W:	183673.22312601	
    Magnitude of B_grad:	0.196	
    Magnitude of b:	11.608750227498	

	
SGD: Hinge Loss is	
696267.35419267	
SGD: Validation Accuracy is:	
0.25976385104451	
SGD: Magnitude of W:	
183665.79450753	
SGD: Magnitude of b:	
10.985246821055	
    Current index:	9501	
    Magnitude of W_grad:	48.764000000002	
    Magnitude of W:	183637.02495423	
    Magnitude of B_grad:	0.176	
    Magnitude of b:	11.069264971089	

	
    Current index:	19501	
    Magnitude of W_grad:	41.192000000001	
    Magnitude of W:	183608.07973028	
    Magnitude of B_grad:	0.128	
    Magnitude of b:	11.642867720649	

	
    Current index:	29501	
    Magnitude of W_grad:	30.408	
    Magnitude of W:	183580.2807819	
    Magnitude of B_grad:	0.092	
    Magnitude of b:	11.806456383093	

	
    Current index:	39501	
    Magnitude of W_grad:	49.952000000001	
    Magnitude of W:	183552.89099888	
    Magnitude of B_grad:	0.264	
    Magnitude of b:	12.008040267322	

	
    Current index:	49501	
    Magnitude of W_grad:	43.924000000001	
    Magnitude of W:	183526.50212018	
    Magnitude of B_grad:	0.048	
    Magnitude of b:	12.157616795018	

	
    Current index:	59501	
    Magnitude of W_grad:	32.856	
    Magnitude of W:	183497.54123437	
    Magnitude of B_grad:	0.148	
    Magnitude of b:	12.689179961603	

	
    Current index:	69501	
    Magnitude of W_grad:	47.788000000002	
    Magnitude of W:	183468.45534919	
    Magnitude of B_grad:	0.068	
    Magnitude of b:	12.742735239928	

	
    Current index:	79501	
    Magnitude of W_grad:	34.272	
    Magnitude of W:	183438.10387188	
    Magnitude of B_grad:	0.22	
    Magnitude of b:	11.396304326793	

	
    Current index:	89501	
    Magnitude of W_grad:	41.440000000001	
    Magnitude of W:	183407.69335812	
    Magnitude of B_grad:	0.18	
    Magnitude of b:	11.252119566293	

	
    Current index:	99501	
    Magnitude of W_grad:	44.000000000001	
    Magnitude of W:	183378.70534151	
    Magnitude of B_grad:	0.192	
    Magnitude of b:	11.577866616847	

	
    Current index:	109501	
    Magnitude of W_grad:	40.420000000002	
    Magnitude of W:	183352.13376317	
    Magnitude of B_grad:	0.112	
    Magnitude of b:	11.507462303612	

	
    Current index:	119501	
    Magnitude of W_grad:	48.684000000002	
    Magnitude of W:	183323.00577774	
    Magnitude of B_grad:	0.192	
    Magnitude of b:	11.489062706085	

	
    Current index:	129501	
    Magnitude of W_grad:	33.492	
    Magnitude of W:	183294.22095587	
    Magnitude of B_grad:	0.028	
    Magnitude of b:	11.568522026163	

	
    Current index:	139501	
    Magnitude of W_grad:	47.512000000001	
    Magnitude of W:	183267.3478672	
    Magnitude of B_grad:	0.212	
    Magnitude of b:	11.472257015721	

	
SGD: Hinge Loss is	
631526.04140847	
SGD: Validation Accuracy is:	
0.2661217075386	
SGD: Magnitude of W:	
183261.13872492	
SGD: Magnitude of b:	
10.840321878148	
    Current index:	9501	
    Magnitude of W_grad:	45.292000000002	
    Magnitude of W:	183235.95314966	
    Magnitude of B_grad:	0.144	
    Magnitude of b:	11.004976942526	

	
    Current index:	19501	
    Magnitude of W_grad:	38.168	
    Magnitude of W:	183209.95838576	
    Magnitude of B_grad:	0.1	
    Magnitude of b:	11.410585416205	

	
    Current index:	29501	
    Magnitude of W_grad:	27.064	
    Magnitude of W:	183185.17427726	
    Magnitude of B_grad:	0.104	
    Magnitude of b:	11.544182980117	

	
    Current index:	39501	
    Magnitude of W_grad:	44.796	
    Magnitude of W:	183160.72437339	
    Magnitude of B_grad:	0.208	
    Magnitude of b:	11.775774889652	

	
    Current index:	49501	
    Magnitude of W_grad:	42.528000000002	
    Magnitude of W:	183137.37532088	
    Magnitude of B_grad:	0.116	
    Magnitude of b:	11.931358892345	

	
    Current index:	59501	
    Magnitude of W_grad:	29.943999999999	
    Magnitude of W:	183111.23698586	
    Magnitude of B_grad:	0.104	
    Magnitude of b:	12.456929957574	

	
    Current index:	69501	
    Magnitude of W_grad:	46.180000000002	
    Magnitude of W:	183084.58266178	
    Magnitude of B_grad:	0.064	
    Magnitude of b:	12.432494241342	

	
    Current index:	79501	
    Magnitude of W_grad:	34.284000000001	
    Magnitude of W:	183056.43156248	
    Magnitude of B_grad:	0.24	
    Magnitude of b:	11.32346674723	

	
    Current index:	89501	
    Magnitude of W_grad:	38.940000000001	
    Magnitude of W:	183028.9155847	
    Magnitude of B_grad:	0.184	
    Magnitude of b:	11.183072460677	

	
    Current index:	99501	
    Magnitude of W_grad:	40.980000000001	
    Magnitude of W:	183003.14635085	
    Magnitude of B_grad:	0.156	
    Magnitude of b:	11.416676786542	

	
    Current index:	109501	
    Magnitude of W_grad:	40.228000000001	
    Magnitude of W:	182978.89619752	
    Magnitude of B_grad:	0.136	
    Magnitude of b:	11.384279360586	

	
    Current index:	119501	
    Magnitude of W_grad:	48.720000000001	
    Magnitude of W:	182951.75059753	
    Magnitude of B_grad:	0.196	
    Magnitude of b:	11.431882453033	

	
    Current index:	129501	
    Magnitude of W_grad:	33.104	
    Magnitude of W:	182925.74062576	
    Magnitude of B_grad:	0.056	
    Magnitude of b:	11.535484077451	

	
    Current index:	139501	
    Magnitude of W_grad:	45.256000000001	
    Magnitude of W:	182901.06786412	
    Magnitude of B_grad:	0.176	
    Magnitude of b:	11.40108268192	

	
SGD: Hinge Loss is	
587979.58252413	
SGD: Validation Accuracy is:	
0.27066303360581	
SGD: Magnitude of W:	
182895.40645045	
SGD: Magnitude of b:	
10.804724157605	
    Current index:	9501	
    Magnitude of W_grad:	42.636000000002	
    Magnitude of W:	182872.79293169	
    Magnitude of B_grad:	0.12	
    Magnitude of b:	10.851211121425	

	
    Current index:	19501	
    Magnitude of W_grad:	39.58	
    Magnitude of W:	182849.0475055	
    Magnitude of B_grad:	0.112	
    Magnitude of b:	11.148826737307	

	
    Current index:	29501	
    Magnitude of W_grad:	26.536	
    Magnitude of W:	182826.54254652	
    Magnitude of B_grad:	0.128	
    Magnitude of b:	11.288434154778	

	
    Current index:	39501	
    Magnitude of W_grad:	43.42	
    Magnitude of W:	182803.55811303	
    Magnitude of B_grad:	0.172	
    Magnitude of b:	11.480035220355	

	
    Current index:	49501	
    Magnitude of W_grad:	40.832000000001	
    Magnitude of W:	182782.1524861	
    Magnitude of B_grad:	0.1	
    Magnitude of b:	11.58563055087	

	
    Current index:	59501	
    Magnitude of W_grad:	29.52	
    Magnitude of W:	182758.04580887	
    Magnitude of B_grad:	0.068	
    Magnitude of b:	12.105213307863	

	
    Current index:	69501	
    Magnitude of W_grad:	46.008000000002	
    Magnitude of W:	182733.4023599	
    Magnitude of B_grad:	0.084	
    Magnitude of b:	12.062789391595	

	
    Current index:	79501	
    Magnitude of W_grad:	34.740000000001	
    Magnitude of W:	182706.95721065	
    Magnitude of B_grad:	0.22	
    Magnitude of b:	11.149686903178	

	
    Current index:	89501	
    Magnitude of W_grad:	38.296000000001	
    Magnitude of W:	182681.87404886	
    Magnitude of B_grad:	0.184	
    Magnitude of b:	10.961299542103	

	
    Current index:	99501	
    Magnitude of W_grad:	40.556	
    Magnitude of W:	182658.17330081	
    Magnitude of B_grad:	0.164	
    Magnitude of b:	11.240910772175	

	
    Current index:	109501	
    Magnitude of W_grad:	39.204000000002	
    Magnitude of W:	182636.0593127	
    Magnitude of B_grad:	0.112	
    Magnitude of b:	11.186520201143	

	
    Current index:	119501	
    Magnitude of W_grad:	46.660000000002	
    Magnitude of W:	182610.44207808	
    Magnitude of B_grad:	0.208	
    Magnitude of b:	11.304129244396	

	
    Current index:	129501	
    Magnitude of W_grad:	31.543999999999	
    Magnitude of W:	182586.57712167	
    Magnitude of B_grad:	0.048	
    Magnitude of b:	11.435734748916	

	
    Current index:	139501	
    Magnitude of W_grad:	43.524000000001	
    Magnitude of W:	182563.08914498	
    Magnitude of B_grad:	0.18	
    Magnitude of b:	11.29533702315	

	
SGD: Hinge Loss is	
555227.57034997	
SGD: Validation Accuracy is:	
0.28065395095368	
SGD: Magnitude of W:	
182557.81417413	
SGD: Magnitude of b:	
10.692804586131	
    Current index:	9501	
    Magnitude of W_grad:	41.944000000002	
    Magnitude of W:	182537.00278601	
    Magnitude of B_grad:	0.1	
    Magnitude of b:	10.692951978622	

	
    Current index:	19501	
    Magnitude of W_grad:	37.936	
    Magnitude of W:	182514.82072631	
    Magnitude of B_grad:	0.096	
    Magnitude of b:	10.926575002728	

	
    Current index:	29501	
    Magnitude of W_grad:	25.928	
    Magnitude of W:	182493.78985894	
    Magnitude of B_grad:	0.112	
    Magnitude of b:	11.028190879169	

	
    Current index:	39501	
    Magnitude of W_grad:	41.98	
    Magnitude of W:	182472.16579531	
    Magnitude of B_grad:	0.156	
    Magnitude of b:	11.203800767772	

	
    Current index:	49501	
    Magnitude of W_grad:	40.036000000001	
    Magnitude of W:	182451.9927687	
    Magnitude of B_grad:	0.076	
    Magnitude of b:	11.365405390449	

	
    Current index:	59501	
    Magnitude of W_grad:	28.62	
    Magnitude of W:	182429.38889296	
    Magnitude of B_grad:	0.088	
    Magnitude of b:	11.842996409294	

	
    Current index:	69501	
    Magnitude of W_grad:	44.096000000001	
    Magnitude of W:	182406.31649245	
    Magnitude of B_grad:	0.08	
    Magnitude of b:	11.804581297609	

	
    Current index:	79501	
    Magnitude of W_grad:	34.972000000001	
    Magnitude of W:	182380.99779938	
    Magnitude of B_grad:	0.192	
    Magnitude of b:	11.011807022453	

	
    Current index:	89501	
    Magnitude of W_grad:	37.94	
    Magnitude of W:	182357.38743732	
    Magnitude of B_grad:	0.18	
    Magnitude of b:	10.795424772104	

	
    Current index:	99501	
    Magnitude of W_grad:	38.928000000001	
    Magnitude of W:	182334.78098344	
    Magnitude of B_grad:	0.188	
    Magnitude of b:	11.085041484081	

	
    Current index:	109501	
    Magnitude of W_grad:	36.836	
    Magnitude of W:	182313.69083569	
    Magnitude of B_grad:	0.132	
    Magnitude of b:	11.042656282651	

	
    Current index:	119501	
    Magnitude of W_grad:	46.764000000003	
    Magnitude of W:	182289.29394274	
    Magnitude of B_grad:	0.204	
    Magnitude of b:	11.146270551681	

	
    Current index:	129501	
    Magnitude of W_grad:	31.935999999999	
    Magnitude of W:	182266.55564833	
    Magnitude of B_grad:	0.052	
    Magnitude of b:	11.301880938464	

	
    Current index:	139501	
    Magnitude of W_grad:	41.872000000002	
    Magnitude of W:	182244.25643939	
    Magnitude of B_grad:	0.2	
    Magnitude of b:	11.155488466148	

	
SGD: Hinge Loss is	
528619.68938977	
SGD: Validation Accuracy is:	
0.28792007266122	
SGD: Magnitude of W:	
182239.6289595	
SGD: Magnitude of b:	
10.544782471353	
    Current index:	9501	
    Magnitude of W_grad:	40.540000000001	
    Magnitude of W:	182220.39028462	
    Magnitude of B_grad:	0.104	
    Magnitude of b:	10.513573348961	

	
    Current index:	19501	
    Magnitude of W_grad:	37.444	
    Magnitude of W:	182199.5297639	
    Magnitude of B_grad:	0.112	
    Magnitude of b:	10.767202520747	

	
    Current index:	29501	
    Magnitude of W_grad:	26.332	
    Magnitude of W:	182179.89649124	
    Magnitude of B_grad:	0.144	
    Magnitude of b:	10.836824884482	

	
    Current index:	39501	
    Magnitude of W_grad:	38.112	
    Magnitude of W:	182159.25018818	
    Magnitude of B_grad:	0.108	
    Magnitude of b:	10.980441449336	

	
    Current index:	49501	
    Magnitude of W_grad:	37.928000000001	
    Magnitude of W:	182140.08064392	
    Magnitude of B_grad:	0.068	
    Magnitude of b:	11.184053133394	

	
    Current index:	59501	
    Magnitude of W_grad:	28.616	
    Magnitude of W:	182118.86513827	
    Magnitude of B_grad:	0.096	
    Magnitude of b:	11.621651647804	

	
    Current index:	69501	
    Magnitude of W_grad:	41.976000000001	
    Magnitude of W:	182097.17749963	
    Magnitude of B_grad:	0.068	
    Magnitude of b:	11.563244655017	

	
    Current index:	79501	
    Magnitude of W_grad:	34.224	
    Magnitude of W:	182072.94375999	
    Magnitude of B_grad:	0.196	
    Magnitude of b:	10.867823057844	

	
    Current index:	89501	
    Magnitude of W_grad:	36.832000000001	
    Magnitude of W:	182050.48876165	
    Magnitude of B_grad:	0.192	
    Magnitude of b:	10.633446079517	

	
    Current index:	99501	
    Magnitude of W_grad:	38.936	
    Magnitude of W:	182028.71158924	
    Magnitude of B_grad:	0.208	
    Magnitude of b:	10.915068658907	

	
    Current index:	109501	
    Magnitude of W_grad:	36.336000000001	
    Magnitude of W:	182008.77296466	
    Magnitude of B_grad:	0.136	
    Magnitude of b:	10.868689124991	

	
    Current index:	119501	
    Magnitude of W_grad:	46.676000000002	
    Magnitude of W:	181985.10525467	
    Magnitude of B_grad:	0.224	
    Magnitude of b:	10.96630913491	

	
    Current index:	129501	
    Magnitude of W_grad:	32.352	
    Magnitude of W:	181963.69558253	
    Magnitude of B_grad:	0.06	
    Magnitude of b:	11.133925553158	

	
    Current index:	139501	
    Magnitude of W_grad:	40.488000000002	
    Magnitude of W:	181942.64534563	
    Magnitude of B_grad:	0.2	
    Magnitude of b:	10.991538541047	

	
SGD: Hinge Loss is	
507167.31414922	
SGD: Validation Accuracy is:	
0.29246139872843	
SGD: Magnitude of W:	
181938.42080699	
SGD: Magnitude of b:	
10.388834202844	
    Current index:	9501	
    Magnitude of W_grad:	38.472000000001	
    Magnitude of W:	181920.27656825	
    Magnitude of B_grad:	0.076	
    Magnitude of b:	10.351500118606	

	
    Current index:	19501	
    Magnitude of W_grad:	35.756	
    Magnitude of W:	181900.4365595	
    Magnitude of B_grad:	0.1	
    Magnitude of b:	10.589135483429	

	
    Current index:	29501	
    Magnitude of W_grad:	25.94	
    Magnitude of W:	181881.57808338	
    Magnitude of B_grad:	0.12	
    Magnitude of b:	10.680764120558	

	
    Current index:	39501	
    Magnitude of W_grad:	37.88	
    Magnitude of W:	181861.56854957	
    Magnitude of B_grad:	0.116	
    Magnitude of b:	10.814386426076	

	
    Current index:	49501	
    Magnitude of W_grad:	37.912000000001	
    Magnitude of W:	181843.41494621	
    Magnitude of B_grad:	0.06	
    Magnitude of b:	11.018004060798	

	
    Current index:	59501	
    Magnitude of W_grad:	28.432	
    Magnitude of W:	181822.92265273	
    Magnitude of B_grad:	0.096	
    Magnitude of b:	11.435608385529	

	
    Current index:	69501	
    Magnitude of W_grad:	41.936000000001	
    Magnitude of W:	181802.22709465	
    Magnitude of B_grad:	0.088	
    Magnitude of b:	11.363208138263	

	
    Current index:	79501	
    Magnitude of W_grad:	34.32	
    Magnitude of W:	181779.3966523	
    Magnitude of B_grad:	0.184	
    Magnitude of b:	10.711915769782	

	
    Current index:	89501	
    Magnitude of W_grad:	36.892	
    Magnitude of W:	181758.09501001	
    Magnitude of B_grad:	0.188	
    Magnitude of b:	10.485544281502	

	
    Current index:	99501	
    Magnitude of W_grad:	37.956	
    Magnitude of W:	181737.23102843	
    Magnitude of B_grad:	0.2	
    Magnitude of b:	10.777171818234	

	
    Current index:	109501	
    Magnitude of W_grad:	35.328000000001	
    Magnitude of W:	181717.66745335	
    Magnitude of B_grad:	0.104	
    Magnitude of b:	10.712797360606	

	
    Current index:	119501	
    Magnitude of W_grad:	45.984000000002	
    Magnitude of W:	181695.50472771	
    Magnitude of B_grad:	0.204	
    Magnitude of b:	10.786423007175	

	
    Current index:	129501	
    Magnitude of W_grad:	31.831999999999	
    Magnitude of W:	181674.65220812	
    Magnitude of B_grad:	0.088	
    Magnitude of b:	10.96004531762	

	
    Current index:	139501	
    Magnitude of W_grad:	39.504000000001	
    Magnitude of W:	181654.35972374	
    Magnitude of B_grad:	0.208	
    Magnitude of b:	10.805664817599	

	
SGD: Hinge Loss is	
488503.20552744	
SGD: Validation Accuracy is:	
0.29336966394187	
SGD: Magnitude of W:	
181650.58579367	
SGD: Magnitude of b:	
10.224612272631	
    Current index:	9501	
    Magnitude of W_grad:	38.600000000001	
    Magnitude of W:	181633.25800322	
    Magnitude of B_grad:	0.1	
    Magnitude of b:	10.233326993402	

	
    Current index:	19501	
    Magnitude of W_grad:	34.34	
    Magnitude of W:	181614.07769465	
    Magnitude of B_grad:	0.076	
    Magnitude of b:	10.462966543824	

	
    Current index:	29501	
    Magnitude of W_grad:	25.888	
    Magnitude of W:	181596.29453622	
    Magnitude of B_grad:	0.136	
    Magnitude of b:	10.548599937453	

	
    Current index:	39501	
    Magnitude of W_grad:	36.708	
    Magnitude of W:	181577.31746813	
    Magnitude of B_grad:	0.116	
    Magnitude of b:	10.668227034339	

	
    Current index:	49501	
    Magnitude of W_grad:	36.152000000001	
    Magnitude of W:	181560.12034053	
    Magnitude of B_grad:	0.096	
    Magnitude of b:	10.857850437707	

	
    Current index:	59501	
    Magnitude of W_grad:	26.924	
    Magnitude of W:	181540.85290947	
    Magnitude of B_grad:	0.104	
    Magnitude of b:	11.265460569417	

	
    Current index:	69501	
    Magnitude of W_grad:	41.992000000002	
    Magnitude of W:	181520.86624949	
    Magnitude of B_grad:	0.096	
    Magnitude of b:	11.203066111407	

	
    Current index:	79501	
    Magnitude of W_grad:	33.44	
    Magnitude of W:	181498.98930574	
    Magnitude of B_grad:	0.16	
    Magnitude of b:	10.577726325032	

	
    Current index:	89501	
    Magnitude of W_grad:	37.3	
    Magnitude of W:	181478.46840513	
    Magnitude of B_grad:	0.184	
    Magnitude of b:	10.333359926792	

	
    Current index:	99501	
    Magnitude of W_grad:	37.048000000001	
    Magnitude of W:	181458.41480912	
    Magnitude of B_grad:	0.208	
    Magnitude of b:	10.614992458793	

	
    Current index:	109501	
    Magnitude of W_grad:	33.78	
    Magnitude of W:	181439.73485966	
    Magnitude of B_grad:	0.068	
    Magnitude of b:	10.542623798536	

	
    Current index:	119501	
    Magnitude of W_grad:	45.188000000002	
    Magnitude of W:	181418.62626456	
    Magnitude of B_grad:	0.204	
    Magnitude of b:	10.602255424446	

	
    Current index:	129501	
    Magnitude of W_grad:	30.179999999999	
    Magnitude of W:	181398.33373584	
    Magnitude of B_grad:	0.084	
    Magnitude of b:	10.805883426744	

	
    Current index:	139501	
    Magnitude of W_grad:	37.916000000002	
    Magnitude of W:	181379.01911226	
    Magnitude of B_grad:	0.2	
    Magnitude of b:	10.651508348618	

	
SGD: Hinge Loss is	
472145.52035889	
SGD: Validation Accuracy is:	
0.29972752043597	
SGD: Magnitude of W:	
181375.33037116	
SGD: Magnitude of b:	
10.089065669759	
    Current index:	9501	
    Magnitude of W_grad:	36.400000000001	
    Magnitude of W:	181358.66653498	
    Magnitude of B_grad:	0.084	
    Magnitude of b:	10.072270162689	

	
    Current index:	19501	
    Magnitude of W_grad:	36.34	
    Magnitude of W:	181339.95412573	
    Magnitude of B_grad:	0.084	
    Magnitude of b:	10.303914924626	

	
    Current index:	29501	
    Magnitude of W_grad:	26.624	
    Magnitude of W:	181322.74015246	
    Magnitude of B_grad:	0.124	
    Magnitude of b:	10.37355397802	

	
    Current index:	39501	
    Magnitude of W_grad:	37.300000000001	
    Magnitude of W:	181304.20618876	
    Magnitude of B_grad:	0.096	
    Magnitude of b:	10.461187767975	

	
    Current index:	49501	
    Magnitude of W_grad:	35.408000000001	
    Magnitude of W:	181287.31986703	
    Magnitude of B_grad:	0.088	
    Magnitude of b:	10.658818119916	

	
    Current index:	59501	
    Magnitude of W_grad:	26.688	
    Magnitude of W:	181268.96389483	
    Magnitude of B_grad:	0.104	
    Magnitude of b:	11.056435028296	

	
    Current index:	69501	
    Magnitude of W_grad:	42.856000000002	
    Magnitude of W:	181249.41734226	
    Magnitude of B_grad:	0.072	
    Magnitude of b:	11.042047280145	

	
    Current index:	79501	
    Magnitude of W_grad:	33.536	
    Magnitude of W:	181228.6482912	
    Magnitude of B_grad:	0.172	
    Magnitude of b:	10.430223879441	

	
    Current index:	89501	
    Magnitude of W_grad:	37.208	
    Magnitude of W:	181208.96636199	
    Magnitude of B_grad:	0.188	
    Magnitude of b:	10.179862939551	

	
    Current index:	99501	
    Magnitude of W_grad:	38.252000000001	
    Magnitude of W:	181189.5476821	
    Magnitude of B_grad:	0.2	
    Magnitude of b:	10.489500645934	

	
    Current index:	109501	
    Magnitude of W_grad:	32.912	
    Magnitude of W:	181171.27466786	
    Magnitude of B_grad:	0.072	
    Magnitude of b:	10.439136049306	

	
    Current index:	119501	
    Magnitude of W_grad:	45.048000000002	
    Magnitude of W:	181150.81635331	
    Magnitude of B_grad:	0.2	
    Magnitude of b:	10.472771486464	

	
    Current index:	129501	
    Magnitude of W_grad:	29.635999999999	
    Magnitude of W:	181131.12498852	
    Magnitude of B_grad:	0.06	
    Magnitude of b:	10.678403769328	

	
    Current index:	139501	
    Magnitude of W_grad:	38.380000000002	
    Magnitude of W:	181112.43862894	
    Magnitude of B_grad:	0.212	
    Magnitude of b:	10.53603299614	

	
SGD: Hinge Loss is	
458722.1474002	
SGD: Validation Accuracy is:	
0.29972752043597	
SGD: Magnitude of W:	
181108.92057544	
SGD: Magnitude of b:	
9.9741997943571	
    Current index:	9501	
    Magnitude of W_grad:	35.752000000001	
    Magnitude of W:	181092.71547634	
    Magnitude of B_grad:	0.108	
    Magnitude of b:	9.9398914063133	

	
    Current index:	19501	
    Magnitude of W_grad:	34.496	
    Magnitude of W:	181074.80195952	
    Magnitude of B_grad:	0.08	
    Magnitude of b:	10.177540823497	

	
    Current index:	29501	
    Magnitude of W_grad:	26.904	
    Magnitude of W:	181058.23650606	
    Magnitude of B_grad:	0.12	
    Magnitude of b:	10.239184847277	

	
    Current index:	39501	
    Magnitude of W_grad:	36.236	
    Magnitude of W:	181040.38688948	
    Magnitude of B_grad:	0.084	
    Magnitude of b:	10.33682310646	

	
    Current index:	49501	
    Magnitude of W_grad:	36.232000000001	
    Magnitude of W:	181023.81696256	
    Magnitude of B_grad:	0.128	
    Magnitude of b:	10.536458253287	

	
    Current index:	59501	
    Magnitude of W_grad:	26	
    Magnitude of W:	181005.8233944	
    Magnitude of B_grad:	0.108	
    Magnitude of b:	10.896080849749	

	
    Current index:	69501	
    Magnitude of W_grad:	41.976000000001	
    Magnitude of W:	180986.87423388	
    Magnitude of B_grad:	0.08	
    Magnitude of b:	10.905698411111	

	
    Current index:	79501	
    Magnitude of W_grad:	34.152	
    Magnitude of W:	180966.95830972	
    Magnitude of B_grad:	0.172	
    Magnitude of b:	10.315387909606	

	
    Current index:	89501	
    Magnitude of W_grad:	37.056000000001	
    Magnitude of W:	180947.96067477	
    Magnitude of B_grad:	0.172	
    Magnitude of b:	10.071031017375	

	
    Current index:	99501	
    Magnitude of W_grad:	38.656000000001	
    Magnitude of W:	180929.63893816	
    Magnitude of B_grad:	0.2	
    Magnitude of b:	10.364672606623	

	
    Current index:	109501	
    Magnitude of W_grad:	31.588	
    Magnitude of W:	180911.6600421	
    Magnitude of B_grad:	0.044	
    Magnitude of b:	10.342312211525	

	
    Current index:	119501	
    Magnitude of W_grad:	43.184000000002	
    Magnitude of W:	180892.03482491	
    Magnitude of B_grad:	0.156	
    Magnitude of b:	10.379950809565	

	
    Current index:	129501	
    Magnitude of W_grad:	29.635999999999	
    Magnitude of W:	180873.12073884	
    Magnitude of B_grad:	0.06	
    Magnitude of b:	10.581586400344	

	
    Current index:	139501	
    Magnitude of W_grad:	37.556000000001	
    Magnitude of W:	180855.02297178	
    Magnitude of B_grad:	0.192	
    Magnitude of b:	10.425219362366	

	
SGD: Hinge Loss is	
445440.52107624	
SGD: Validation Accuracy is:	
0.29791099000908	
SGD: Magnitude of W:	
180851.68512574	
SGD: Magnitude of b:	
9.8746039186295	
    Current index:	9501	
    Magnitude of W_grad:	33.384	
    Magnitude of W:	180835.70825178	
    Magnitude of B_grad:	0.116	
    Magnitude of b:	9.8112247978271	

	
    Current index:	19501	
    Magnitude of W_grad:	32.832	
    Magnitude of W:	180818.26154472	
    Magnitude of B_grad:	0.068	
    Magnitude of b:	10.028878925885	

	
    Current index:	29501	
    Magnitude of W_grad:	26.292	
    Magnitude of W:	180802.22534302	
    Magnitude of B_grad:	0.12	
    Magnitude of b:	10.134527702412	

	
    Current index:	39501	
    Magnitude of W_grad:	36.86	
    Magnitude of W:	180784.84974973	
    Magnitude of B_grad:	0.084	
    Magnitude of b:	10.224170136123	

	
    Current index:	49501	
    Magnitude of W_grad:	36.764000000001	
    Magnitude of W:	180768.75641471	
    Magnitude of B_grad:	0.144	
    Magnitude of b:	10.403809702568	

	
    Current index:	59501	
    Magnitude of W_grad:	26.632	
    Magnitude of W:	180751.54276823	
    Magnitude of B_grad:	0.108	
    Magnitude of b:	10.721437780022	

	
    Current index:	69501	
    Magnitude of W_grad:	41.892000000002	
    Magnitude of W:	180732.85686923	
    Magnitude of B_grad:	0.08	
    Magnitude of b:	10.749061109453	

	
    Current index:	79501	
    Magnitude of W_grad:	34.016000000001	
    Magnitude of W:	180713.60440955	
    Magnitude of B_grad:	0.176	
    Magnitude of b:	10.203822361457	

	
    Current index:	89501	
    Magnitude of W_grad:	36.544	
    Magnitude of W:	180695.18716218	
    Magnitude of B_grad:	0.176	
    Magnitude of b:	9.9374696230283	

	
    Current index:	99501	
    Magnitude of W_grad:	38.796000000001	
    Magnitude of W:	180677.21333453	
    Magnitude of B_grad:	0.184	
    Magnitude of b:	10.261115614667	

	
    Current index:	109501	
    Magnitude of W_grad:	32.452	
    Magnitude of W:	180659.39463572	
    Magnitude of B_grad:	0.044	
    Magnitude of b:	10.230758935147	

	
    Current index:	119501	
    Magnitude of W_grad:	42.348000000002	
    Magnitude of W:	180640.33271523	
    Magnitude of B_grad:	0.16	
    Magnitude of b:	10.270401423804	

	
    Current index:	129501	
    Magnitude of W_grad:	29.507999999999	
    Magnitude of W:	180622.08797381	
    Magnitude of B_grad:	0.064	
    Magnitude of b:	10.460040635303	

	
    Current index:	139501	
    Magnitude of W_grad:	36.628000000001	
    Magnitude of W:	180604.81364317	
    Magnitude of B_grad:	0.188	
    Magnitude of b:	10.305677999172	

	
SGD: Hinge Loss is	
434858.88427393	
SGD: Validation Accuracy is:	
0.30517711171662	
SGD: Magnitude of W:	
180601.54319279	
SGD: Magnitude of b:	
9.7538471554196	
    Current index:	9501	
    Magnitude of W_grad:	32.403999999999	
    Magnitude of W:	180585.77872266	
    Magnitude of B_grad:	0.12	
    Magnitude of b:	9.6706202129174	

	
    Current index:	19501	
    Magnitude of W_grad:	31.804	
    Magnitude of W:	180568.74683222	
    Magnitude of B_grad:	0.032	
    Magnitude of b:	9.9042786713085	

	
    Current index:	29501	
    Magnitude of W_grad:	26.444	
    Magnitude of W:	180553.15256641	
    Magnitude of B_grad:	0.14	
    Magnitude of b:	10.019931998731	

	
    Current index:	39501	
    Magnitude of W_grad:	38.064000000001	
    Magnitude of W:	180536.49543083	
    Magnitude of B_grad:	0.088	
    Magnitude of b:	10.079579025225	

	
    Current index:	49501	
    Magnitude of W_grad:	37.104000000001	
    Magnitude of W:	180520.65468763	
    Magnitude of B_grad:	0.144	
    Magnitude of b:	10.255223436529	

	
    Current index:	59501	
    Magnitude of W_grad:	25.848	
    Magnitude of W:	180503.76395985	
    Magnitude of B_grad:	0.104	
    Magnitude of b:	10.568856796598	

	
    Current index:	69501	
    Magnitude of W_grad:	41.884000000002	
    Magnitude of W:	180485.46907183	
    Magnitude of B_grad:	0.068	
    Magnitude of b:	10.600485527571	

	
    Current index:	79501	
    Magnitude of W_grad:	34.624000000001	
    Magnitude of W:	180466.7862548	
    Magnitude of B_grad:	0.2	
    Magnitude of b:	10.065099140816	

	
    Current index:	89501	
    Magnitude of W_grad:	36.828	
    Magnitude of W:	180449.19024711	
    Magnitude of B_grad:	0.176	
    Magnitude of b:	9.8327507053486	

	
    Current index:	99501	
    Magnitude of W_grad:	37.332	
    Magnitude of W:	180431.91996227	
    Magnitude of B_grad:	0.16	
    Magnitude of b:	10.118400964769	

	
    Current index:	109501	
    Magnitude of W_grad:	31.611999999999	
    Magnitude of W:	180414.82144329	
    Magnitude of B_grad:	0.056	
    Magnitude of b:	10.082049484777	

	
    Current index:	119501	
    Magnitude of W_grad:	42.600000000002	
    Magnitude of W:	180396.26734276	
    Magnitude of B_grad:	0.148	
    Magnitude of b:	10.13169676989	

	
    Current index:	129501	
    Magnitude of W_grad:	29.256	
    Magnitude of W:	180378.58775465	
    Magnitude of B_grad:	0.052	
    Magnitude of b:	10.321340924819	

	
    Current index:	139501	
    Magnitude of W_grad:	36.012000000001	
    Magnitude of W:	180361.68011089	
    Magnitude of B_grad:	0.18	
    Magnitude of b:	10.166983319529	

	
SGD: Hinge Loss is	
425114.51983134	
SGD: Validation Accuracy is:	
0.30154405086285	
SGD: Magnitude of W:	
180358.54185838	
SGD: Magnitude of b:	
9.6357621303297	
    Current index:	9501	
    Magnitude of W_grad:	32.42	
    Magnitude of W:	180342.8905614	
    Magnitude of B_grad:	0.14	
    Magnitude of b:	9.5500811096225	

	
    Current index:	19501	
    Magnitude of W_grad:	30.356	
    Magnitude of W:	180326.45829518	
    Magnitude of B_grad:	0.028	
    Magnitude of b:	9.7757442954431	

	
    Current index:	29501	
    Magnitude of W_grad:	25.92	
    Magnitude of W:	180311.188028	
    Magnitude of B_grad:	0.112	
    Magnitude of b:	9.8774021819668	

	
    Current index:	39501	
    Magnitude of W_grad:	39.288000000001	
    Magnitude of W:	180294.85961687	
    Magnitude of B_grad:	0.1	
    Magnitude of b:	9.9470535326737	

	
    Current index:	49501	
    Magnitude of W_grad:	36.544000000001	
    Magnitude of W:	180279.68245094	
    Magnitude of B_grad:	0.144	
    Magnitude of b:	10.126703192933	

	
    Current index:	59501	
    Magnitude of W_grad:	26.164	
    Magnitude of W:	180263.09085395	
    Magnitude of B_grad:	0.12	
    Magnitude of b:	10.412341584566	

	
    Current index:	69501	
    Magnitude of W_grad:	40.340000000002	
    Magnitude of W:	180245.43003008	
    Magnitude of B_grad:	0.06	
    Magnitude of b:	10.447975893454	

	
    Current index:	79501	
    Magnitude of W_grad:	34.352000000001	
    Magnitude of W:	180227.52149201	
    Magnitude of B_grad:	0.16	
    Magnitude of b:	9.9350496980719	

	
    Current index:	89501	
    Magnitude of W_grad:	36.148	
    Magnitude of W:	180210.51530209	
    Magnitude of B_grad:	0.172	
    Magnitude of b:	9.7127059063135	

	
    Current index:	99501	
    Magnitude of W_grad:	37.756	
    Magnitude of W:	180193.79913461	
    Magnitude of B_grad:	0.144	
    Magnitude of b:	10.014360227718	

	
    Current index:	109501	
    Magnitude of W_grad:	31.084	
    Magnitude of W:	180177.02990505	
    Magnitude of B_grad:	0.096	
    Magnitude of b:	9.9880124732441	

	
    Current index:	119501	
    Magnitude of W_grad:	44.136000000003	
    Magnitude of W:	180159.05222103	
    Magnitude of B_grad:	0.18	
    Magnitude of b:	10.041663049326	

	
    Current index:	129501	
    Magnitude of W_grad:	29.612	
    Magnitude of W:	180141.90804975	
    Magnitude of B_grad:	0.056	
    Magnitude of b:	10.213311017113	

	
    Current index:	139501	
    Magnitude of W_grad:	36.236	
    Magnitude of W:	180125.4550378	
    Magnitude of B_grad:	0.196	
    Magnitude of b:	10.05495731914	

	
SGD: Hinge Loss is	
415582.79026746	
SGD: Validation Accuracy is:	
0.30154405086285	
SGD: Magnitude of W:	
180122.47288884	
SGD: Magnitude of b:	
9.5297372513085	
    Current index:	9501	
    Magnitude of W_grad:	31.087999999999	
    Magnitude of W:	180106.98437067	
    Magnitude of B_grad:	0.112	
    Magnitude of b:	9.4216027432519	

	
    Current index:	19501	
    Magnitude of W_grad:	29.464	
    Magnitude of W:	180091.04313266	
    Magnitude of B_grad:	0.032	
    Magnitude of b:	9.6452703215538	

	
    Current index:	29501	
    Magnitude of W_grad:	25.784	
    Magnitude of W:	180075.95866349	
    Magnitude of B_grad:	0.128	
    Magnitude of b:	9.7909323866919	

	
    Current index:	39501	
    Magnitude of W_grad:	38.648000000001	
    Magnitude of W:	180060.17104893	
    Magnitude of B_grad:	0.08	
    Magnitude of b:	9.8245880630166	

	
    Current index:	49501	
    Magnitude of W_grad:	36.364000000001	
    Magnitude of W:	180045.13216852	
    Magnitude of B_grad:	0.172	
    Magnitude of b:	10.046241302515	

	
    Current index:	59501	
    Magnitude of W_grad:	25.48	
    Magnitude of W:	180028.84925997	
    Magnitude of B_grad:	0.144	
    Magnitude of b:	10.303882982489	

	
    Current index:	69501	
    Magnitude of W_grad:	40.636000000002	
    Magnitude of W:	180011.57224586	
    Magnitude of B_grad:	0.064	
    Magnitude of b:	10.325521325818	

	
    Current index:	79501	
    Magnitude of W_grad:	33.228	
    Magnitude of W:	179994.13752461	
    Magnitude of B_grad:	0.14	
    Magnitude of b:	9.8250549302589	

	
    Current index:	89501	
    Magnitude of W_grad:	35	
    Magnitude of W:	179977.56388995	
    Magnitude of B_grad:	0.164	
    Magnitude of b:	9.6147144455065	

	
    Current index:	99501	
    Magnitude of W_grad:	37.26	
    Magnitude of W:	179961.36484156	
    Magnitude of B_grad:	0.156	
    Magnitude of b:	9.9023722069309	

	
    Current index:	109501	
    Magnitude of W_grad:	31.036	
    Magnitude of W:	179945.02105059	
    Magnitude of B_grad:	0.088	
    Magnitude of b:	9.8840281691218	

	
    Current index:	119501	
    Magnitude of W_grad:	41.252000000002	
    Magnitude of W:	179927.59315944	
    Magnitude of B_grad:	0.172	
    Magnitude of b:	9.9396822760593	

	
    Current index:	129501	
    Magnitude of W_grad:	29.888	
    Magnitude of W:	179910.54014222	
    Magnitude of B_grad:	0.056	
    Magnitude of b:	10.077334005805	

	
    Current index:	139501	
    Magnitude of W_grad:	35.740000000001	
    Magnitude of W:	179894.47391329	
    Magnitude of B_grad:	0.196	
    Magnitude of b:	9.9129849349907	

	
SGD: Hinge Loss is	
407445.5316185	
SGD: Validation Accuracy is:	
0.30517711171662	
SGD: Magnitude of W:	
179891.40658784	
SGD: Magnitude of b:	
9.3917664013675	
    Current index:	9501	
    Magnitude of W_grad:	30.804	
    Magnitude of W:	179876.20824188	
    Magnitude of B_grad:	0.14	
    Magnitude of b:	9.3059624182999	

	
    Current index:	19501	
    Magnitude of W_grad:	29.492	
    Magnitude of W:	179860.64933439	
    Magnitude of B_grad:	0.024	
    Magnitude of b:	9.5216343387003	

	
    Current index:	29501	
    Magnitude of W_grad:	25.644	
    Magnitude of W:	179845.75191979	
    Magnitude of B_grad:	0.136	
    Magnitude of b:	9.6873003288819	

	
    Current index:	39501	
    Magnitude of W_grad:	38.728000000001	
    Magnitude of W:	179830.59902762	
    Magnitude of B_grad:	0.1	
    Magnitude of b:	9.718959733926	

	
    Current index:	49501	
    Magnitude of W_grad:	37.028000000001	
    Magnitude of W:	179816.18574622	
    Magnitude of B_grad:	0.192	
    Magnitude of b:	9.9386169297314	

	
    Current index:	59501	
    Magnitude of W_grad:	24.468	
    Magnitude of W:	179800.22655834	
    Magnitude of B_grad:	0.132	
    Magnitude of b:	10.186262947744	

	
    Current index:	69501	
    Magnitude of W_grad:	39.436000000001	
    Magnitude of W:	179783.55705902	
    Magnitude of B_grad:	0.048	
    Magnitude of b:	10.215905345185	

	
    Current index:	79501	
    Magnitude of W_grad:	33.504	
    Magnitude of W:	179766.68367025	
    Magnitude of B_grad:	0.156	
    Magnitude of b:	9.7211127014977	

	
    Current index:	89501	
    Magnitude of W_grad:	35.112	
    Magnitude of W:	179750.38960681	
    Magnitude of B_grad:	0.18	
    Magnitude of b:	9.5047757636433	

	
    Current index:	99501	
    Magnitude of W_grad:	36.204	
    Magnitude of W:	179734.44194717	
    Magnitude of B_grad:	0.152	
    Magnitude of b:	9.7764376814319	

	
    Current index:	109501	
    Magnitude of W_grad:	30.668	
    Magnitude of W:	179718.47466691	
    Magnitude of B_grad:	0.088	
    Magnitude of b:	9.7920971832426	

	
    Current index:	119501	
    Magnitude of W_grad:	41.900000000002	
    Magnitude of W:	179701.54926735	
    Magnitude of B_grad:	0.172	
    Magnitude of b:	9.8517545949514	

	
    Current index:	129501	
    Magnitude of W_grad:	27.472	
    Magnitude of W:	179685.11496064	
    Magnitude of B_grad:	0.04	
    Magnitude of b:	9.9754093490826	

	
    Current index:	139501	
    Magnitude of W_grad:	37.192000000001	
    Magnitude of W:	179669.44976429	
    Magnitude of B_grad:	0.192	
    Magnitude of b:	9.8390633410828	

	
SGD: Hinge Loss is	
399584.04647019	
SGD: Validation Accuracy is:	
0.31062670299728	
SGD: Magnitude of W:	
179666.32608062	
SGD: Magnitude of b:	
9.3226288789204	
    Current index:	9501	
    Magnitude of W_grad:	30.324	
    Magnitude of W:	179651.39527234	
    Magnitude of B_grad:	0.116	
    Magnitude of b:	9.1940245549148	

	
    Current index:	19501	
    Magnitude of W_grad:	28.344	
    Magnitude of W:	179636.32190817	
    Magnitude of B_grad:	0.028	
    Magnitude of b:	9.407700396921	

	
    Current index:	29501	
    Magnitude of W_grad:	25.52	
    Magnitude of W:	179621.63220917	
    Magnitude of B_grad:	0.148	
    Magnitude of b:	9.5973698881646	

	
    Current index:	39501	
    Magnitude of W_grad:	38.832000000001	
    Magnitude of W:	179606.54012433	
    Magnitude of B_grad:	0.108	
    Magnitude of b:	9.6090326855475	

	
    Current index:	49501	
    Magnitude of W_grad:	37.028000000001	
    Magnitude of W:	179592.4277557	
    Magnitude of B_grad:	0.2	
    Magnitude of b:	9.8126939041814	

	
    Current index:	59501	
    Magnitude of W_grad:	24.48	
    Magnitude of W:	179576.91471478	
    Magnitude of B_grad:	0.128	
    Magnitude of b:	10.052344487902	

	
    Current index:	69501	
    Magnitude of W_grad:	39.148000000001	
    Magnitude of W:	179560.44842104	
    Magnitude of B_grad:	0.048	
    Magnitude of b:	10.057991839767	

	
    Current index:	79501	
    Magnitude of W_grad:	34.06	
    Magnitude of W:	179543.66994618	
    Magnitude of B_grad:	0.128	
    Magnitude of b:	9.6140002044393	

	
    Current index:	89501	
    Magnitude of W_grad:	33.779999999999	
    Magnitude of W:	179527.67562243	
    Magnitude of B_grad:	0.156	
    Magnitude of b:	9.3836671873061	

	
    Current index:	99501	
    Magnitude of W_grad:	35.868	
    Magnitude of W:	179512.01483565	
    Magnitude of B_grad:	0.184	
    Magnitude of b:	9.6733332008429	

	
    Current index:	109501	
    Magnitude of W_grad:	30.728	
    Magnitude of W:	179496.29844214	
    Magnitude of B_grad:	0.112	
    Magnitude of b:	9.6929967632264	

	
    Current index:	119501	
    Magnitude of W_grad:	40.616000000002	
    Magnitude of W:	179479.43745345	
    Magnitude of B_grad:	0.184	
    Magnitude of b:	9.7406574576155	

	
    Current index:	129501	
    Magnitude of W_grad:	27.236	
    Magnitude of W:	179463.4906642	
    Magnitude of B_grad:	0.056	
    Magnitude of b:	9.8823157745831	

	
    Current index:	139501	
    Magnitude of W_grad:	36.044000000001	
    Magnitude of W:	179448.28823079	
    Magnitude of B_grad:	0.18	
    Magnitude of b:	9.7219732767448	

	
SGD: Hinge Loss is	
392401.51733774	
SGD: Validation Accuracy is:	
0.30790190735695	
SGD: Magnitude of W:	
179445.29084319	
SGD: Magnitude of b:	
9.2319731864158	
    Current index:	9501	
    Magnitude of W_grad:	28.267999999999	
    Magnitude of W:	179430.89804536	
    Magnitude of B_grad:	0.156	
    Magnitude of b:	9.0865732173912	

	
    Current index:	19501	
    Magnitude of W_grad:	30.236	
    Magnitude of W:	179415.68614464	
    Magnitude of B_grad:	0.028	
    Magnitude of b:	9.3462523858997	

	
    Current index:	29501	
    Magnitude of W_grad:	25.391999999999	
    Magnitude of W:	179401.34354591	
    Magnitude of B_grad:	0.156	
    Magnitude of b:	9.5259250704047	

	
    Current index:	39501	
    Magnitude of W_grad:	38.792	
    Magnitude of W:	179386.63286192	
    Magnitude of B_grad:	0.096	
    Magnitude of b:	9.5175907596452	

	
    Current index:	49501	
    Magnitude of W_grad:	36.008000000001	
    Magnitude of W:	179372.81958418	
    Magnitude of B_grad:	0.196	
    Magnitude of b:	9.7152551257816	

	
    Current index:	59501	
    Magnitude of W_grad:	24.672	
    Magnitude of W:	179357.67246866	
    Magnitude of B_grad:	0.124	
    Magnitude of b:	9.9689089584936	

	
    Current index:	69501	
    Magnitude of W_grad:	37.4	
    Magnitude of W:	179341.97639301	
    Magnitude of B_grad:	0.056	
    Magnitude of b:	9.9665600146769	

	
    Current index:	79501	
    Magnitude of W_grad:	34.116	
    Magnitude of W:	179325.68570359	
    Magnitude of B_grad:	0.172	
    Magnitude of b:	9.5193705823431	

	
    Current index:	89501	
    Magnitude of W_grad:	35.436	
    Magnitude of W:	179309.84356842	
    Magnitude of B_grad:	0.18	
    Magnitude of b:	9.3050408944553	

	
    Current index:	99501	
    Magnitude of W_grad:	36.876	
    Magnitude of W:	179294.88511775	
    Magnitude of B_grad:	0.156	
    Magnitude of b:	9.5847095889976	

	
    Current index:	109501	
    Magnitude of W_grad:	30.344	
    Magnitude of W:	179279.54747848	
    Magnitude of B_grad:	0.108	
    Magnitude of b:	9.5943763613038	

	
    Current index:	119501	
    Magnitude of W_grad:	42.704000000002	
    Magnitude of W:	179263.27273131	
    Magnitude of B_grad:	0.152	
    Magnitude of b:	9.6700398731221	

	
    Current index:	129501	
    Magnitude of W_grad:	26.588	
    Magnitude of W:	179247.23986821	
    Magnitude of B_grad:	0.06	
    Magnitude of b:	9.7777012246339	

	
    Current index:	139501	
    Magnitude of W_grad:	35.256000000001	
    Magnitude of W:	179232.38327109	
    Magnitude of B_grad:	0.184	
    Magnitude of b:	9.6173621536079	

	
SGD: Hinge Loss is	
385839.18767896	
SGD: Validation Accuracy is:	
0.30517711171662	
SGD: Magnitude of W:	
179229.32911674	
SGD: Magnitude of b:	
9.1493631242316	
    Current index:	9501	
    Magnitude of W_grad:	28.395999999999	
    Magnitude of W:	179214.91291693	
    Magnitude of B_grad:	0.128	
    Magnitude of b:	8.9830465322218	

	
    Current index:	19501	
    Magnitude of W_grad:	26.352	
    Magnitude of W:	179200.43422899	
    Magnitude of B_grad:	0.016	
    Magnitude of b:	9.2256295718588	

	
    Current index:	29501	
    Magnitude of W_grad:	26.188	
    Magnitude of W:	179186.52440272	
    Magnitude of B_grad:	0.156	
    Magnitude of b:	9.4153062475095	

	
    Current index:	39501	
    Magnitude of W_grad:	36.212000000001	
    Magnitude of W:	179171.98657147	
    Magnitude of B_grad:	0.092	
    Magnitude of b:	9.4209753602089	

	
    Current index:	49501	
    Magnitude of W_grad:	35.888	
    Magnitude of W:	179158.39117385	
    Magnitude of B_grad:	0.204	
    Magnitude of b:	9.6006432723064	

	
    Current index:	59501	
    Magnitude of W_grad:	24.164	
    Magnitude of W:	179143.52146287	
    Magnitude of B_grad:	0.112	
    Magnitude of b:	9.840301372549	

	
    Current index:	69501	
    Magnitude of W_grad:	39.496000000001	
    Magnitude of W:	179127.81860781	
    Magnitude of B_grad:	0.024	
    Magnitude of b:	9.8319570919965	

	
    Current index:	79501	
    Magnitude of W_grad:	33.828	
    Magnitude of W:	179111.98599143	
    Magnitude of B_grad:	0.124	
    Magnitude of b:	9.4147896886436	

	
    Current index:	89501	
    Magnitude of W_grad:	35.032	
    Magnitude of W:	179096.34842874	
    Magnitude of B_grad:	0.168	
    Magnitude of b:	9.1624642006404	

	
    Current index:	99501	
    Magnitude of W_grad:	36.972	
    Magnitude of W:	179081.88064816	
    Magnitude of B_grad:	0.148	
    Magnitude of b:	9.4421378691652	

	
    Current index:	109501	
    Magnitude of W_grad:	30.92	
    Magnitude of W:	179066.83932777	
    Magnitude of B_grad:	0.112	
    Magnitude of b:	9.4598096012651	

	
    Current index:	119501	
    Magnitude of W_grad:	39.876000000001	
    Magnitude of W:	179050.67189634	
    Magnitude of B_grad:	0.152	
    Magnitude of b:	9.5374777819212	

	
    Current index:	129501	
    Magnitude of W_grad:	26.432	
    Magnitude of W:	179034.99043032	
    Magnitude of B_grad:	0.056	
    Magnitude of b:	9.6551434762925	

	
    Current index:	139501	
    Magnitude of W_grad:	35.468000000001	
    Magnitude of W:	179020.45208314	
    Magnitude of B_grad:	0.18	
    Magnitude of b:	9.5168083626029	

	
SGD: Hinge Loss is	
379113.77415029	
SGD: Validation Accuracy is:	
0.30336058128974	
SGD: Magnitude of W:	
179017.52900678	
SGD: Magnitude of b:	
9.0443771297712	
    Current index:	9501	
    Magnitude of W_grad:	28.307999999999	
    Magnitude of W:	179003.56417683	
    Magnitude of B_grad:	0.108	
    Magnitude of b:	8.8700643559557	

	
    Current index:	19501	
    Magnitude of W_grad:	27.66	
    Magnitude of W:	178988.84506492	
    Magnitude of B_grad:	0.036	
    Magnitude of b:	9.1222784170485	

	
    Current index:	29501	
    Magnitude of W_grad:	26.652	
    Magnitude of W:	178975.06599786	
    Magnitude of B_grad:	0.148	
    Magnitude of b:	9.3339580443326	

	
    Current index:	39501	
    Magnitude of W_grad:	36.412000000001	
    Magnitude of W:	178960.69877223	
    Magnitude of B_grad:	0.084	
    Magnitude of b:	9.3456304869285	

	
    Current index:	49501	
    Magnitude of W_grad:	36.628000000001	
    Magnitude of W:	178947.5356015	
    Magnitude of B_grad:	0.224	
    Magnitude of b:	9.5213012593552	

	
    Current index:	59501	
    Magnitude of W_grad:	23.807999999999	
    Magnitude of W:	178933.15026507	
    Magnitude of B_grad:	0.088	
    Magnitude of b:	9.762962598192	

	
    Current index:	69501	
    Magnitude of W_grad:	37.164000000001	
    Magnitude of W:	178917.72252689	
    Magnitude of B_grad:	0.06	
    Magnitude of b:	9.7526210481292	

	
    Current index:	79501	
    Magnitude of W_grad:	32.54	
    Magnitude of W:	178902.00331199	
    Magnitude of B_grad:	0.136	
    Magnitude of b:	9.3478274363575	

	
    Current index:	89501	
    Magnitude of W_grad:	33.012	
    Magnitude of W:	178886.747463	
    Magnitude of B_grad:	0.14	
    Magnitude of b:	9.1235038003157	

	
    Current index:	99501	
    Magnitude of W_grad:	36.46	
    Magnitude of W:	178872.41694067	
    Magnitude of B_grad:	0.16	
    Magnitude of b:	9.4111785640102	

	
    Current index:	109501	
    Magnitude of W_grad:	30	
    Magnitude of W:	178857.75066492	
    Magnitude of B_grad:	0.124	
    Magnitude of b:	9.4248517345724	

	
    Current index:	119501	
    Magnitude of W_grad:	41.668000000002	
    Magnitude of W:	178842.04573179	
    Magnitude of B_grad:	0.152	
    Magnitude of b:	9.4965213045956	

	
    Current index:	129501	
    Magnitude of W_grad:	26.604	
    Magnitude of W:	178826.59715799	
    Magnitude of B_grad:	0.056	
    Magnitude of b:	9.5961890013761	

	
    Current index:	139501	
    Magnitude of W_grad:	34.888	
    Magnitude of W:	178812.3489166	
    Magnitude of B_grad:	0.184	
    Magnitude of b:	9.4618561002269	

	
SGD: Hinge Loss is	
373327.38093745	
SGD: Validation Accuracy is:	
0.30971843778383	
SGD: Magnitude of W:	
178809.61195095	
SGD: Magnitude of b:	
8.9978586737296	
    Current index:	9501	
    Magnitude of W_grad:	28.203999999999	
    Magnitude of W:	178795.92715429	
    Magnitude of B_grad:	0.12	
    Magnitude of b:	8.793548111195	

	
    Current index:	19501	
    Magnitude of W_grad:	26.52	
    Magnitude of W:	178781.45290118	
    Magnitude of B_grad:	0.04	
    Magnitude of b:	9.049568946513	

	
    Current index:	29501	
    Magnitude of W_grad:	26.484	
    Magnitude of W:	178768.16104539	
    Magnitude of B_grad:	0.124	
    Magnitude of b:	9.2512514083618	

	
    Current index:	39501	
    Magnitude of W_grad:	36.356000000001	
    Magnitude of W:	178754.07690052	
    Magnitude of B_grad:	0.092	
    Magnitude of b:	9.2549268325677	

	
    Current index:	49501	
    Magnitude of W_grad:	36.300000000001	
    Magnitude of W:	178741.09899207	
    Magnitude of B_grad:	0.224	
    Magnitude of b:	9.4206010139107	

	
    Current index:	59501	
    Magnitude of W_grad:	23.332	
    Magnitude of W:	178727.25438232	
    Magnitude of B_grad:	0.084	
    Magnitude of b:	9.6502660663375	

	
    Current index:	69501	
    Magnitude of W_grad:	37.180000000001	
    Magnitude of W:	178711.97640454	
    Magnitude of B_grad:	0.092	
    Magnitude of b:	9.6439285029992	

	
    Current index:	79501	
    Magnitude of W_grad:	32.272	
    Magnitude of W:	178696.74074353	
    Magnitude of B_grad:	0.124	
    Magnitude of b:	9.2533284131938	

	
    Current index:	89501	
    Magnitude of W_grad:	32.412	
    Magnitude of W:	178681.62289104	
    Magnitude of B_grad:	0.124	
    Magnitude of b:	9.0370078320651	

	
    Current index:	99501	
    Magnitude of W_grad:	36.86	
    Magnitude of W:	178667.63450219	
    Magnitude of B_grad:	0.136	
    Magnitude of b:	9.3266855875021	

	
    Current index:	109501	
    Magnitude of W_grad:	29.616	
    Magnitude of W:	178652.9517752	
    Magnitude of B_grad:	0.108	
    Magnitude of b:	9.3463614834468	

	
    Current index:	119501	
    Magnitude of W_grad:	39.376000000002	
    Magnitude of W:	178637.32772031	
    Magnitude of B_grad:	0.148	
    Magnitude of b:	9.3960340800498	

	
    Current index:	129501	
    Magnitude of W_grad:	26.599999999999	
    Magnitude of W:	178622.24972989	
    Magnitude of B_grad:	0.056	
    Magnitude of b:	9.5077049749668	

	
    Current index:	139501	
    Magnitude of W_grad:	34.956	
    Magnitude of W:	178608.35534619	
    Magnitude of B_grad:	0.188	
    Magnitude of b:	9.3593752613343	

	
SGD: Hinge Loss is	
367627.15393391	
SGD: Validation Accuracy is:	
0.3133514986376	
SGD: Magnitude of W:	
178605.66762188	
SGD: Magnitude of b:	
8.894162290545	
    Current index:	9501	
    Magnitude of W_grad:	28.423999999999	
    Magnitude of W:	178592.37232785	
    Magnitude of B_grad:	0.128	
    Magnitude of b:	8.7098547618061	

	
    Current index:	19501	
    Magnitude of W_grad:	29.092	
    Magnitude of W:	178577.98971211	
    Magnitude of B_grad:	0.056	
    Magnitude of b:	8.9581197217684	

	
    Current index:	29501	
    Magnitude of W_grad:	25.816	
    Magnitude of W:	178564.97807198	
    Magnitude of B_grad:	0.14	
    Magnitude of b:	9.207804616683	

	
    Current index:	39501	
    Magnitude of W_grad:	36.388000000001	
    Magnitude of W:	178551.258372	
    Magnitude of B_grad:	0.076	
    Magnitude of b:	9.2034819553729	

	
    Current index:	49501	
    Magnitude of W_grad:	35.468000000001	
    Magnitude of W:	178538.70704603	
    Magnitude of B_grad:	0.212	
    Magnitude of b:	9.3591584470158	

	
    Current index:	59501	
    Magnitude of W_grad:	23.3	
    Magnitude of W:	178524.98316379	
    Magnitude of B_grad:	0.08	
    Magnitude of b:	9.5708262510888	

	
    Current index:	69501	
    Magnitude of W_grad:	35.656000000001	
    Magnitude of W:	178509.95812035	
    Magnitude of B_grad:	0.056	
    Magnitude of b:	9.5484920944301	

	
    Current index:	79501	
    Magnitude of W_grad:	31.18	
    Magnitude of W:	178494.98070839	
    Magnitude of B_grad:	0.124	
    Magnitude of b:	9.175653929315	

	
    Current index:	89501	
    Magnitude of W_grad:	30.751999999999	
    Magnitude of W:	178480.12043203	
    Magnitude of B_grad:	0.148	
    Magnitude of b:	8.9733356034672	

	
    Current index:	99501	
    Magnitude of W_grad:	35.656	
    Magnitude of W:	178466.20267686	
    Magnitude of B_grad:	0.14	
    Magnitude of b:	9.2650152812853	

	
    Current index:	109501	
    Magnitude of W_grad:	28.492	
    Magnitude of W:	178451.84809593	
    Magnitude of B_grad:	0.096	
    Magnitude of b:	9.2766931836275	

	
    Current index:	119501	
    Magnitude of W_grad:	40.456000000001	
    Magnitude of W:	178436.66672124	
    Magnitude of B_grad:	0.148	
    Magnitude of b:	9.3383683085592	

	
    Current index:	129501	
    Magnitude of W_grad:	25.088	
    Magnitude of W:	178421.71364135	
    Magnitude of B_grad:	0.06	
    Magnitude of b:	9.4240418193016	

	
    Current index:	139501	
    Magnitude of W_grad:	34.5	
    Magnitude of W:	178408.36738589	
    Magnitude of B_grad:	0.192	
    Magnitude of b:	9.2857150367058	

	
SGD: Hinge Loss is	
362623.67327438	
SGD: Validation Accuracy is:	
0.31607629427793	
SGD: Magnitude of W:	
178405.67429061	
SGD: Magnitude of b:	
8.8345027630296	
    Current index:	9501	
    Magnitude of W_grad:	27.919999999999	
    Magnitude of W:	178392.38669811	
    Magnitude of B_grad:	0.144	
    Magnitude of b:	8.6321977447974	

	
    Current index:	19501	
    Magnitude of W_grad:	27.876	
    Magnitude of W:	178378.38501825	
    Magnitude of B_grad:	0.06	
    Magnitude of b:	8.8596661990519	

	
    Current index:	29501	
    Magnitude of W_grad:	27.676	
    Magnitude of W:	178365.52516908	
    Magnitude of B_grad:	0.132	
    Magnitude of b:	9.0933544170449	

	
    Current index:	39501	
    Magnitude of W_grad:	36.428000000001	
    Magnitude of W:	178351.82979322	
    Magnitude of B_grad:	0.076	
    Magnitude of b:	9.1010353799864	

	
    Current index:	49501	
    Magnitude of W_grad:	33.296	
    Magnitude of W:	178339.59330276	
    Magnitude of B_grad:	0.208	
    Magnitude of b:	9.2447153486118	

	
    Current index:	59501	
    Magnitude of W_grad:	23.708	
    Magnitude of W:	178326.01103915	
    Magnitude of B_grad:	0.076	
    Magnitude of b:	9.4763868292386	

	
    Current index:	69501	
    Magnitude of W_grad:	35.844000000001	
    Magnitude of W:	178311.43232899	
    Magnitude of B_grad:	0.076	
    Magnitude of b:	9.4540561177825	

	
    Current index:	79501	
    Magnitude of W_grad:	31.156	
    Magnitude of W:	178296.760828	
    Magnitude of B_grad:	0.168	
    Magnitude of b:	9.102015958183	

	
    Current index:	89501	
    Magnitude of W_grad:	30.523999999999	
    Magnitude of W:	178282.14696042	
    Magnitude of B_grad:	0.116	
    Magnitude of b:	8.8957007201406	

	
    Current index:	99501	
    Magnitude of W_grad:	36.832	
    Magnitude of W:	178268.27539697	
    Magnitude of B_grad:	0.148	
    Magnitude of b:	9.1633834856592	

	
    Current index:	109501	
    Magnitude of W_grad:	28.056	
    Magnitude of W:	178254.18235182	
    Magnitude of B_grad:	0.12	
    Magnitude of b:	9.1810649310297	

	
    Current index:	119501	
    Magnitude of W_grad:	39.144000000002	
    Magnitude of W:	178239.27477909	
    Magnitude of B_grad:	0.148	
    Magnitude of b:	9.2507431224058	

	
    Current index:	129501	
    Magnitude of W_grad:	26.36	
    Magnitude of W:	178224.26388421	
    Magnitude of B_grad:	0.068	
    Magnitude of b:	9.3644193526522	

	
    Current index:	139501	
    Magnitude of W_grad:	34.868	
    Magnitude of W:	178211.00179584	
    Magnitude of B_grad:	0.176	
    Magnitude of b:	9.2240945642658	

	
SGD: Hinge Loss is	
358098.77702738	
SGD: Validation Accuracy is:	
0.32061762034514	
SGD: Magnitude of W:	
178208.42331252	
SGD: Magnitude of b:	
8.779491208644	
    Current index:	9501	
    Magnitude of W_grad:	28.071999999999	
    Magnitude of W:	178195.36256629	
    Magnitude of B_grad:	0.132	
    Magnitude of b:	8.5711885345791	

	
    Current index:	19501	
    Magnitude of W_grad:	29.192	
    Magnitude of W:	178181.63111872	
    Magnitude of B_grad:	0.06	
    Magnitude of b:	8.801684064758	

	
    Current index:	29501	
    Magnitude of W_grad:	26.74	
    Magnitude of W:	178168.84536364	
    Magnitude of B_grad:	0.148	
    Magnitude of b:	9.043374730988	

	
    Current index:	39501	
    Magnitude of W_grad:	36.848000000001	
    Magnitude of W:	178155.58878601	
    Magnitude of B_grad:	0.076	
    Magnitude of b:	9.0410577777277	

	
    Current index:	49501	
    Magnitude of W_grad:	34.084	
    Magnitude of W:	178143.53328255	
    Magnitude of B_grad:	0.208	
    Magnitude of b:	9.1747401804182	

	
    Current index:	59501	
    Magnitude of W_grad:	23.439999999999	
    Magnitude of W:	178130.38880205	
    Magnitude of B_grad:	0.08	
    Magnitude of b:	9.4124138708071	

	
    Current index:	69501	
    Magnitude of W_grad:	36.804000000001	
    Magnitude of W:	178115.86401321	
    Magnitude of B_grad:	0.044	
    Magnitude of b:	9.3940849486283	

	
    Current index:	79501	
    Magnitude of W_grad:	30.856	
    Magnitude of W:	178101.55327853	
    Magnitude of B_grad:	0.176	
    Magnitude of b:	9.0290240761271	

	
    Current index:	89501	
    Magnitude of W_grad:	29.311999999999	
    Magnitude of W:	178087.05762498	
    Magnitude of B_grad:	0.108	
    Magnitude of b:	8.8387110589408	

	
    Current index:	99501	
    Magnitude of W_grad:	37.236000000001	
    Magnitude of W:	178073.56379372	
    Magnitude of B_grad:	0.18	
    Magnitude of b:	9.1383952044248	

	
    Current index:	109501	
    Magnitude of W_grad:	28.896	
    Magnitude of W:	178059.79095508	
    Magnitude of B_grad:	0.12	
    Magnitude of b:	9.1380781628478	

	
    Current index:	119501	
    Magnitude of W_grad:	39.532000000001	
    Magnitude of W:	178045.34064369	
    Magnitude of B_grad:	0.136	
    Magnitude of b:	9.1877583611989	

	
    Current index:	129501	
    Magnitude of W_grad:	25.532	
    Magnitude of W:	178030.66490911	
    Magnitude of B_grad:	0.052	
    Magnitude of b:	9.2934365247749	

	
    Current index:	139501	
    Magnitude of W_grad:	33.744	
    Magnitude of W:	178017.68299348	
    Magnitude of B_grad:	0.168	
    Magnitude of b:	9.1631139919622	

	
SGD: Hinge Loss is	
353457.68328764	
SGD: Validation Accuracy is:	
0.31880108991826	
SGD: Magnitude of W:	
178015.15371694	
SGD: Magnitude of b:	
8.7245112142007	
    Current index:	9501	
    Magnitude of W_grad:	27.603999999999	
    Magnitude of W:	178002.39604569	
    Magnitude of B_grad:	0.14	
    Magnitude of b:	8.5082105188444	

	
    Current index:	19501	
    Magnitude of W_grad:	26.276	
    Magnitude of W:	177988.87994399	
    Magnitude of B_grad:	0.044	
    Magnitude of b:	8.7217305899268	

	
    Current index:	29501	
    Magnitude of W_grad:	26.328	
    Magnitude of W:	177976.22345604	
    Magnitude of B_grad:	0.132	
    Magnitude of b:	8.987423079787	

	
    Current index:	39501	
    Magnitude of W_grad:	36.324000000001	
    Magnitude of W:	177963.05474628	
    Magnitude of B_grad:	0.092	
    Magnitude of b:	8.9491086402594	

	
    Current index:	49501	
    Magnitude of W_grad:	34.668000000001	
    Magnitude of W:	177951.2186676	
    Magnitude of B_grad:	0.22	
    Magnitude of b:	9.0927937562852	

	
    Current index:	59501	
    Magnitude of W_grad:	23.1	
    Magnitude of W:	177938.23627636	
    Magnitude of B_grad:	0.076	
    Magnitude of b:	9.3344704647078	

	
    Current index:	69501	
    Magnitude of W_grad:	37.244000000001	
    Magnitude of W:	177924.11489142	
    Magnitude of B_grad:	0.084	
    Magnitude of b:	9.3041441680809	

	
    Current index:	79501	
    Magnitude of W_grad:	30.604	
    Magnitude of W:	177910.17490719	
    Magnitude of B_grad:	0.156	
    Magnitude of b:	8.9720621723736	

	
    Current index:	89501	
    Magnitude of W_grad:	30.98	
    Magnitude of W:	177895.80790898	
    Magnitude of B_grad:	0.144	
    Magnitude of b:	8.7557517989066	

	
    Current index:	99501	
    Magnitude of W_grad:	35.66	
    Magnitude of W:	177882.3178979	
    Magnitude of B_grad:	0.112	
    Magnitude of b:	9.0514390224342	

	
    Current index:	109501	
    Magnitude of W_grad:	28.188	
    Magnitude of W:	177868.7861692	
    Magnitude of B_grad:	0.132	
    Magnitude of b:	9.0531247680113	

	
    Current index:	119501	
    Magnitude of W_grad:	38.604000000002	
    Magnitude of W:	177854.42533585	
    Magnitude of B_grad:	0.16	
    Magnitude of b:	9.1208075992674	

	
    Current index:	129501	
    Magnitude of W_grad:	25.86	
    Magnitude of W:	177839.820167	
    Magnitude of B_grad:	0.052	
    Magnitude of b:	9.1964886303882	

	
    Current index:	139501	
    Magnitude of W_grad:	35.404000000001	
    Magnitude of W:	177827.15777366	
    Magnitude of B_grad:	0.18	
    Magnitude of b:	9.0821689124662	

	
SGD: Hinge Loss is	
349392.53763143	
SGD: Validation Accuracy is:	
0.32243415077203	
SGD: Magnitude of W:	
177824.67679156	
SGD: Magnitude of b:	
8.6429587290656	
    Current index:	9501	
    Magnitude of W_grad:	27.779999999999	
    Magnitude of W:	177812.07339646	
    Magnitude of B_grad:	0.14	
    Magnitude of b:	8.4386606981141	

	
    Current index:	19501	
    Magnitude of W_grad:	29.108	
    Magnitude of W:	177798.40459852	
    Magnitude of B_grad:	0.04	
    Magnitude of b:	8.6725947682934	

	
    Current index:	29501	
    Magnitude of W_grad:	26.62	
    Magnitude of W:	177785.91190349	
    Magnitude of B_grad:	0.152	
    Magnitude of b:	8.9222895366068	

	
    Current index:	39501	
    Magnitude of W_grad:	36.012000000001	
    Magnitude of W:	177773.07695353	
    Magnitude of B_grad:	0.076	
    Magnitude of b:	8.8879774315038	

	
    Current index:	49501	
    Magnitude of W_grad:	34.084	
    Magnitude of W:	177761.44285703	
    Magnitude of B_grad:	0.224	
    Magnitude of b:	8.9956649764665	

	
    Current index:	59501	
    Magnitude of W_grad:	23.052	
    Magnitude of W:	177748.65578211	
    Magnitude of B_grad:	0.076	
    Magnitude of b:	9.2253451402327	

	
    Current index:	69501	
    Magnitude of W_grad:	35.1	
    Magnitude of W:	177735.05518205	
    Magnitude of B_grad:	0.076	
    Magnitude of b:	9.1990224739941	

	
    Current index:	79501	
    Magnitude of W_grad:	28.356	
    Magnitude of W:	177720.98371164	
    Magnitude of B_grad:	0.164	
    Magnitude of b:	8.8905333751388	

	
    Current index:	89501	
    Magnitude of W_grad:	30.956	
    Magnitude of W:	177706.74868514	
    Magnitude of B_grad:	0.124	
    Magnitude of b:	8.6802255146012	

	
    Current index:	99501	
    Magnitude of W_grad:	36.344	
    Magnitude of W:	177693.31012102	
    Magnitude of B_grad:	0.14	
    Magnitude of b:	8.9719154436583	

	
    Current index:	109501	
    Magnitude of W_grad:	27.88	
    Magnitude of W:	177679.76975242	
    Magnitude of B_grad:	0.14	
    Magnitude of b:	8.9516043536139	

	
    Current index:	119501	
    Magnitude of W_grad:	39.884000000001	
    Magnitude of W:	177665.65882279	
    Magnitude of B_grad:	0.172	
    Magnitude of b:	9.0352901354283	

	
    Current index:	129501	
    Magnitude of W_grad:	25.447999999999	
    Magnitude of W:	177651.07074383	
    Magnitude of B_grad:	0.056	
    Magnitude of b:	9.1349737911883	

	
    Current index:	139501	
    Magnitude of W_grad:	34.752	
    Magnitude of W:	177638.85985628	
    Magnitude of B_grad:	0.168	
    Magnitude of b:	9.0146564560819	

	
SGD: Hinge Loss is	
345543.64005545	
SGD: Validation Accuracy is:	
0.32697547683924	
SGD: Magnitude of W:	
177636.29292252	
SGD: Magnitude of b:	
8.5878802180334	
    Current index:	9501	
    Magnitude of W_grad:	26.875999999999	
    Magnitude of W:	177623.74059251	
    Magnitude of B_grad:	0.108	
    Magnitude of b:	8.3875842182881	

	
    Current index:	19501	
    Magnitude of W_grad:	26.424	
    Magnitude of W:	177610.49506034	
    Magnitude of B_grad:	0.036	
    Magnitude of b:	8.5981051505504	

	
    Current index:	29501	
    Magnitude of W_grad:	26.292	
    Magnitude of W:	177598.10814604	
    Magnitude of B_grad:	0.14	
    Magnitude of b:	8.8358026546383	

	
    Current index:	39501	
    Magnitude of W_grad:	35.504000000001	
    Magnitude of W:	177585.7088848	
    Magnitude of B_grad:	0.076	
    Magnitude of b:	8.815493236165	

	
    Current index:	49501	
    Magnitude of W_grad:	33.796	
    Magnitude of W:	177574.15765337	
    Magnitude of B_grad:	0.2	
    Magnitude of b:	8.9251830402541	

	
    Current index:	59501	
    Magnitude of W_grad:	22.799999999999	
    Magnitude of W:	177561.26534167	
    Magnitude of B_grad:	0.08	
    Magnitude of b:	9.1668655015999	

	
    Current index:	69501	
    Magnitude of W_grad:	37.656000000001	
    Magnitude of W:	177547.90524863	
    Magnitude of B_grad:	0.076	
    Magnitude of b:	9.1305449647045	

	
    Current index:	79501	
    Magnitude of W_grad:	29.624	
    Magnitude of W:	177534.29511107	
    Magnitude of B_grad:	0.192	
    Magnitude of b:	8.8114703586439	

	
    Current index:	89501	
    Magnitude of W_grad:	28.975999999999	
    Magnitude of W:	177520.30835507	
    Magnitude of B_grad:	0.108	
    Magnitude of b:	8.6091651523714	

	
    Current index:	99501	
    Magnitude of W_grad:	33.896	
    Magnitude of W:	177507.30841874	
    Magnitude of B_grad:	0.112	
    Magnitude of b:	8.9148571995823	

	
    Current index:	109501	
    Magnitude of W_grad:	27.22	
    Magnitude of W:	177494.15175424	
    Magnitude of B_grad:	0.124	
    Magnitude of b:	8.9025481225179	

	
    Current index:	119501	
    Magnitude of W_grad:	37.248000000001	
    Magnitude of W:	177480.25626898	
    Magnitude of B_grad:	0.188	
    Magnitude of b:	8.9882362255405	

	
    Current index:	129501	
    Magnitude of W_grad:	24.723999999999	
    Magnitude of W:	177465.93538837	
    Magnitude of B_grad:	0.06	
    Magnitude of b:	9.0799218731099	

	
    Current index:	139501	
    Magnitude of W_grad:	33.54	
    Magnitude of W:	177453.74663011	
    Magnitude of B_grad:	0.16	
    Magnitude of b:	8.9456069921879	

	
SGD: Hinge Loss is	
341605.96196107	
SGD: Validation Accuracy is:	
0.32788374205268	
SGD: Magnitude of W:	
177451.23730766	
SGD: Magnitude of b:	
8.5210064794618	
    Current index:	9501	
    Magnitude of W_grad:	26.687999999999	
    Magnitude of W:	177439.15364373	
    Magnitude of B_grad:	0.108	
    Magnitude of b:	8.3027129416724	

	
    Current index:	19501	
    Magnitude of W_grad:	28.348	
    Magnitude of W:	177426.08026701	
    Magnitude of B_grad:	0.052	
    Magnitude of b:	8.5102582047907	

	
    Current index:	29501	
    Magnitude of W_grad:	26.6	
    Magnitude of W:	177414.14923541	
    Magnitude of B_grad:	0.148	
    Magnitude of b:	8.7539590001959	

	
    Current index:	39501	
    Magnitude of W_grad:	35.740000000001	
    Magnitude of W:	177401.82103314	
    Magnitude of B_grad:	0.076	
    Magnitude of b:	8.759652095173	

	
    Current index:	49501	
    Magnitude of W_grad:	32.94	
    Magnitude of W:	177390.65739358	
    Magnitude of B_grad:	0.176	
    Magnitude of b:	8.8633442794969	

	
    Current index:	59501	
    Magnitude of W_grad:	23.056	
    Magnitude of W:	177378.092443	
    Magnitude of B_grad:	0.076	
    Magnitude of b:	9.0850291174925	

	
    Current index:	69501	
    Magnitude of W_grad:	34.432	
    Magnitude of W:	177364.7630742	
    Magnitude of B_grad:	0.06	
    Magnitude of b:	9.0467109781814	

	
    Current index:	79501	
    Magnitude of W_grad:	29.652	
    Magnitude of W:	177351.17239978	
    Magnitude of B_grad:	0.176	
    Magnitude of b:	8.7666169088206	

	
    Current index:	89501	
    Magnitude of W_grad:	30.835999999999	
    Magnitude of W:	177337.05119799	
    Magnitude of B_grad:	0.1	
    Magnitude of b:	8.5543137644089	

	
    Current index:	99501	
    Magnitude of W_grad:	33.884	
    Magnitude of W:	177323.96278558	
    Magnitude of B_grad:	0.088	
    Magnitude of b:	8.8640076772176	

	
    Current index:	109501	
    Magnitude of W_grad:	28.516	
    Magnitude of W:	177310.99172141	
    Magnitude of B_grad:	0.152	
    Magnitude of b:	8.8617000522878	

	
    Current index:	119501	
    Magnitude of W_grad:	36.452000000001	
    Magnitude of W:	177297.1207649	
    Magnitude of B_grad:	0.188	
    Magnitude of b:	8.9453895793645	

	
    Current index:	129501	
    Magnitude of W_grad:	24.231999999999	
    Magnitude of W:	177283.3226683	
    Magnitude of B_grad:	0.052	
    Magnitude of b:	9.0010770643421	

	
    Current index:	139501	
    Magnitude of W_grad:	33.132	
    Magnitude of W:	177271.16833691	
    Magnitude of B_grad:	0.12	
    Magnitude of b:	8.8907641503838	

	
SGD: Hinge Loss is	
337880.74465196	
SGD: Validation Accuracy is:	
0.33242506811989	
SGD: Magnitude of W:	
177268.64020838	
SGD: Magnitude of b:	
8.4535559962149	
    Current index:	9501	
    Magnitude of W_grad:	26.552	
    Magnitude of W:	177257.02920848	
    Magnitude of B_grad:	0.096	
    Magnitude of b:	8.2232649686142	

	
    Current index:	19501	
    Magnitude of W_grad:	24.892	
    Magnitude of W:	177244.08286965	
    Magnitude of B_grad:	0.032	
    Magnitude of b:	8.4676557766644	

	
    Current index:	29501	
    Magnitude of W_grad:	26.42	
    Magnitude of W:	177232.18719216	
    Magnitude of B_grad:	0.136	
    Magnitude of b:	8.7113578859235	

	
    Current index:	39501	
    Magnitude of W_grad:	35.300000000001	
    Magnitude of W:	177220.08889188	
    Magnitude of B_grad:	0.068	
    Magnitude of b:	8.6870530234107	

	
    Current index:	49501	
    Magnitude of W_grad:	33.416000000001	
    Magnitude of W:	177209.08023486	
    Magnitude of B_grad:	0.188	
    Magnitude of b:	8.7947475759851	

	
    Current index:	59501	
    Magnitude of W_grad:	22.796	
    Magnitude of W:	177196.57878767	
    Magnitude of B_grad:	0.06	
    Magnitude of b:	9.036434628001	

	
    Current index:	69501	
    Magnitude of W_grad:	35.412	
    Magnitude of W:	177183.52780622	
    Magnitude of B_grad:	0.1	
    Magnitude of b:	8.9861187061349	

	
    Current index:	79501	
    Magnitude of W_grad:	29.664	
    Magnitude of W:	177170.5316833	
    Magnitude of B_grad:	0.192	
    Magnitude of b:	8.6971810819414	

	
    Current index:	89501	
    Magnitude of W_grad:	30.24	
    Magnitude of W:	177156.87576119	
    Magnitude of B_grad:	0.128	
    Magnitude of b:	8.4928797850651	

	
    Current index:	99501	
    Magnitude of W_grad:	32.696	
    Magnitude of W:	177144.34200397	
    Magnitude of B_grad:	0.112	
    Magnitude of b:	8.7925763160885	

	
    Current index:	109501	
    Magnitude of W_grad:	28.352	
    Magnitude of W:	177131.40835725	
    Magnitude of B_grad:	0.14	
    Magnitude of b:	8.7962710920709	

	
    Current index:	119501	
    Magnitude of W_grad:	36.708000000001	
    Magnitude of W:	177117.81321496	
    Magnitude of B_grad:	0.172	
    Magnitude of b:	8.8779628518154	

	
    Current index:	129501	
    Magnitude of W_grad:	25.16	
    Magnitude of W:	177103.71869748	
    Magnitude of B_grad:	0.06	
    Magnitude of b:	8.957652411727	

	
    Current index:	139501	
    Magnitude of W_grad:	33.344	
    Magnitude of W:	177091.85259461	
    Magnitude of B_grad:	0.148	
    Magnitude of b:	8.8053418108664	

	
SGD: Hinge Loss is	
334012.33980942	
SGD: Validation Accuracy is:	
0.33333333333333	
SGD: Magnitude of W:	
177089.24387042	
SGD: Magnitude of b:	
8.3953510427713	
    Current index:	9501	
    Magnitude of W_grad:	27.052	
    Magnitude of W:	177077.8188837	
    Magnitude of B_grad:	0.112	
    Magnitude of b:	8.2010616198887	

	
    Current index:	19501	
    Magnitude of W_grad:	30.1	
    Magnitude of W:	177064.96355529	
    Magnitude of B_grad:	0.06	
    Magnitude of b:	8.4229064170063	

	
    Current index:	29501	
    Magnitude of W_grad:	26.324	
    Magnitude of W:	177053.27650393	
    Magnitude of B_grad:	0.132	
    Magnitude of b:	8.6586105494434	

	
    Current index:	39501	
    Magnitude of W_grad:	34.740000000001	
    Magnitude of W:	177041.34187092	
    Magnitude of B_grad:	0.08	
    Magnitude of b:	8.6503073386793	

	
    Current index:	49501	
    Magnitude of W_grad:	33.372000000001	
    Magnitude of W:	177030.58074577	
    Magnitude of B_grad:	0.22	
    Magnitude of b:	8.7440036865861	

	
    Current index:	59501	
    Magnitude of W_grad:	22.395999999999	
    Magnitude of W:	177018.44510126	
    Magnitude of B_grad:	0.064	
    Magnitude of b:	8.9516930874078	

	
    Current index:	69501	
    Magnitude of W_grad:	32.712	
    Magnitude of W:	177005.57809147	
    Magnitude of B_grad:	0.08	
    Magnitude of b:	8.9153794091579	

	
    Current index:	79501	
    Magnitude of W_grad:	28.004	
    Magnitude of W:	176992.52800095	
    Magnitude of B_grad:	0.172	
    Magnitude of b:	8.6549915220055	

	
    Current index:	89501	
    Magnitude of W_grad:	30.54	
    Magnitude of W:	176979.00070447	
    Magnitude of B_grad:	0.116	
    Magnitude of b:	8.4646915945815	

	
    Current index:	99501	
    Magnitude of W_grad:	32.264	
    Magnitude of W:	176966.2312234	
    Magnitude of B_grad:	0.084	
    Magnitude of b:	8.7663888959336	

	
    Current index:	109501	
    Magnitude of W_grad:	26.656	
    Magnitude of W:	176953.73484122	
    Magnitude of B_grad:	0.132	
    Magnitude of b:	8.7660846349059	

	
    Current index:	119501	
    Magnitude of W_grad:	35.800000000001	
    Magnitude of W:	176940.17460732	
    Magnitude of B_grad:	0.168	
    Magnitude of b:	8.8537773190672	

	
    Current index:	129501	
    Magnitude of W_grad:	23.572	
    Magnitude of W:	176926.41600782	
    Magnitude of B_grad:	0.044	
    Magnitude of b:	8.9014680941471	

	
    Current index:	139501	
    Magnitude of W_grad:	33.187999999999	
    Magnitude of W:	176914.8348448	
    Magnitude of B_grad:	0.084	
    Magnitude of b:	8.7631590482345	

	
SGD: Hinge Loss is	
331078.1283127	
SGD: Validation Accuracy is:	
0.33424159854678	
SGD: Magnitude of W:	
176912.42877956	
SGD: Magnitude of b:	
8.3473437230858	
    Current index:	9501	
    Magnitude of W_grad:	27.291999999999	
    Magnitude of W:	176901.04356926	
    Magnitude of B_grad:	0.112	
    Magnitude of b:	8.131056220312	

	
    Current index:	19501	
    Magnitude of W_grad:	26.816	
    Magnitude of W:	176888.42730313	
    Magnitude of B_grad:	0.032	
    Magnitude of b:	8.352530061684	

	
    Current index:	29501	
    Magnitude of W_grad:	26.62	
    Magnitude of W:	176876.9934329	
    Magnitude of B_grad:	0.16	
    Magnitude of b:	8.5822364144368	

	
    Current index:	39501	
    Magnitude of W_grad:	33.684	
    Magnitude of W:	176864.8594582	
    Magnitude of B_grad:	0.096	
    Magnitude of b:	8.5919354414243	

	
    Current index:	49501	
    Magnitude of W_grad:	31.536	
    Magnitude of W:	176854.0730957	
    Magnitude of B_grad:	0.176	
    Magnitude of b:	8.6676339043889	

	
    Current index:	59501	
    Magnitude of W_grad:	22.928	
    Magnitude of W:	176841.96708781	
    Magnitude of B_grad:	0.1	
    Magnitude of b:	8.8673262504948	

	
    Current index:	69501	
    Magnitude of W_grad:	33.483999999999	
    Magnitude of W:	176829.22891773	
    Magnitude of B_grad:	0.112	
    Magnitude of b:	8.8470151916098	

	
    Current index:	79501	
    Magnitude of W_grad:	28.488	
    Magnitude of W:	176816.34057728	
    Magnitude of B_grad:	0.16	
    Magnitude of b:	8.5750020099784	

	
    Current index:	89501	
    Magnitude of W_grad:	27.668	
    Magnitude of W:	176802.88476404	
    Magnitude of B_grad:	0.108	
    Magnitude of b:	8.3887049969979	

	
    Current index:	99501	
    Magnitude of W_grad:	33.252	
    Magnitude of W:	176790.50397315	
    Magnitude of B_grad:	0.132	
    Magnitude of b:	8.6884048413343	

	
    Current index:	109501	
    Magnitude of W_grad:	27.195999999999	
    Magnitude of W:	176778.18804097	
    Magnitude of B_grad:	0.144	
    Magnitude of b:	8.7101029129965	

	
    Current index:	119501	
    Magnitude of W_grad:	34.656000000001	
    Magnitude of W:	176764.74319621	
    Magnitude of B_grad:	0.16	
    Magnitude of b:	8.7757977055527	

	
    Current index:	129501	
    Magnitude of W_grad:	24.148	
    Magnitude of W:	176751.16639119	
    Magnitude of B_grad:	0.08	
    Magnitude of b:	8.8354907676241	

	
    Current index:	139501	
    Magnitude of W_grad:	32.423999999999	
    Magnitude of W:	176739.93567543	
    Magnitude of B_grad:	0.092	
    Magnitude of b:	8.6931841557662	

	
SGD: Hinge Loss is	
328673.30528261	
SGD: Validation Accuracy is:	
0.33787465940054	
SGD: Magnitude of W:	
176737.54115013	
SGD: Magnitude of b:	
8.2627613832508	
    Current index:	9501	
    Magnitude of W_grad:	27.416	
    Magnitude of W:	176726.27958201	
    Magnitude of B_grad:	0.112	
    Magnitude of b:	8.0704769207903	

	
    Current index:	19501	
    Magnitude of W_grad:	28.332	
    Magnitude of W:	176713.75138544	
    Magnitude of B_grad:	0.04	
    Magnitude of b:	8.3135784543519	

	
    Current index:	29501	
    Magnitude of W_grad:	26.44	
    Magnitude of W:	176702.48111902	
    Magnitude of B_grad:	0.156	
    Magnitude of b:	8.5312866096501	

	
    Current index:	39501	
    Magnitude of W_grad:	34.316	
    Magnitude of W:	176690.66862977	
    Magnitude of B_grad:	0.064	
    Magnitude of b:	8.5489871763639	

	
    Current index:	49501	
    Magnitude of W_grad:	31.691999999999	
    Magnitude of W:	176679.88795637	
    Magnitude of B_grad:	0.188	
    Magnitude of b:	8.6146872105335	

	
    Current index:	59501	
    Magnitude of W_grad:	22.343999999999	
    Magnitude of W:	176668.07840598	
    Magnitude of B_grad:	0.1	
    Magnitude of b:	8.8223809351024	

	
    Current index:	69501	
    Magnitude of W_grad:	30.103999999999	
    Magnitude of W:	176655.3720016	
    Magnitude of B_grad:	0.092	
    Magnitude of b:	8.8020715524213	

	
    Current index:	79501	
    Magnitude of W_grad:	29.636	
    Magnitude of W:	176642.89802178	
    Magnitude of B_grad:	0.208	
    Magnitude of b:	8.5524315644957	

	
    Current index:	89501	
    Magnitude of W_grad:	30.84	
    Magnitude of W:	176629.67656717	
    Magnitude of B_grad:	0.124	
    Magnitude of b:	8.342135829217	

	
    Current index:	99501	
    Magnitude of W_grad:	34.08	
    Magnitude of W:	176617.06779893	
    Magnitude of B_grad:	0.096	
    Magnitude of b:	8.6418376518823	

	
    Current index:	109501	
    Magnitude of W_grad:	26.451999999999	
    Magnitude of W:	176604.91766573	
    Magnitude of B_grad:	0.128	
    Magnitude of b:	8.6535377298323	

	
    Current index:	119501	
    Magnitude of W_grad:	34.16	
    Magnitude of W:	176591.43857984	
    Magnitude of B_grad:	0.124	
    Magnitude of b:	8.7192346687385	

	
    Current index:	129501	
    Magnitude of W_grad:	24.379999999999	
    Magnitude of W:	176578.49911564	
    Magnitude of B_grad:	0.044	
    Magnitude of b:	8.7569300907952	

	
    Current index:	139501	
    Magnitude of W_grad:	32.876	
    Magnitude of W:	176566.97466162	
    Magnitude of B_grad:	0.112	
    Magnitude of b:	8.6246262382198	

	
SGD: Hinge Loss is	
325044.1106652	
SGD: Validation Accuracy is:	
0.33514986376022	
SGD: Magnitude of W:	
176564.65964732	
SGD: Magnitude of b:	
8.2254206745286	
    Current index:	9501	
    Magnitude of W_grad:	26.487999999999	
    Magnitude of W:	176553.46292582	
    Magnitude of B_grad:	0.128	
    Magnitude of b:	8.0071376779059	

	
    Current index:	19501	
    Magnitude of W_grad:	25.172	
    Magnitude of W:	176541.00236096	
    Magnitude of B_grad:	0.048	
    Magnitude of b:	8.2490803885199	

	
    Current index:	29501	
    Magnitude of W_grad:	26.819999999999	
    Magnitude of W:	176529.82074829	
    Magnitude of B_grad:	0.172	
    Magnitude of b:	8.4747906597924	

	
    Current index:	39501	
    Magnitude of W_grad:	32.832	
    Magnitude of W:	176518.08612284	
    Magnitude of B_grad:	0.076	
    Magnitude of b:	8.4844937312803	

	
    Current index:	49501	
    Magnitude of W_grad:	30.64	
    Magnitude of W:	176507.46051271	
    Magnitude of B_grad:	0.172	
    Magnitude of b:	8.5701958497306	

	
    Current index:	59501	
    Magnitude of W_grad:	23.043999999999	
    Magnitude of W:	176495.6552338	
    Magnitude of B_grad:	0.072	
    Magnitude of b:	8.7678915709236	

	
    Current index:	69501	
    Magnitude of W_grad:	32.343999999999	
    Magnitude of W:	176483.19468356	
    Magnitude of B_grad:	0.104	
    Magnitude of b:	8.7395844195225	

	
    Current index:	79501	
    Magnitude of W_grad:	28.008	
    Magnitude of W:	176470.87155375	
    Magnitude of B_grad:	0.172	
    Magnitude of b:	8.4791079195673	

	
    Current index:	89501	
    Magnitude of W_grad:	31.672	
    Magnitude of W:	176457.97405993	
    Magnitude of B_grad:	0.152	
    Magnitude of b:	8.3068142345884	

	
    Current index:	99501	
    Magnitude of W_grad:	33.34	
    Magnitude of W:	176445.80503237	
    Magnitude of B_grad:	0.156	
    Magnitude of b:	8.5605180234098	

	
    Current index:	109501	
    Magnitude of W_grad:	27.107999999999	
    Magnitude of W:	176433.7985144	
    Magnitude of B_grad:	0.132	
    Magnitude of b:	8.5902202951612	

	
    Current index:	119501	
    Magnitude of W_grad:	33.444	
    Magnitude of W:	176420.57667792	
    Magnitude of B_grad:	0.152	
    Magnitude of b:	8.6399194418097	

	
    Current index:	129501	
    Magnitude of W_grad:	24.584	
    Magnitude of W:	176407.51876231	
    Magnitude of B_grad:	0.084	
    Magnitude of b:	8.7096170119681	

	
    Current index:	139501	
    Magnitude of W_grad:	33.187999999999	
    Magnitude of W:	176396.47157294	
    Magnitude of B_grad:	0.124	
    Magnitude of b:	8.5693149430716	

	
SGD: Hinge Loss is	
322200.21999384	
SGD: Validation Accuracy is:	
0.33514986376022	
SGD: Magnitude of W:	
176394.11421784	
SGD: Magnitude of b:	
8.1695016237448	
    Current index:	9501	
    Magnitude of W_grad:	28.383999999999	
    Magnitude of W:	176383.18297683	
    Magnitude of B_grad:	0.096	
    Magnitude of b:	7.9872202463488	

	
    Current index:	19501	
    Magnitude of W_grad:	27.444	
    Magnitude of W:	176370.64288199	
    Magnitude of B_grad:	0.028	
    Magnitude of b:	8.2101767073009	

	
    Current index:	29501	
    Magnitude of W_grad:	26.787999999999	
    Magnitude of W:	176359.65072335	
    Magnitude of B_grad:	0.152	
    Magnitude of b:	8.42588851318	

	
    Current index:	39501	
    Magnitude of W_grad:	34.348	
    Magnitude of W:	176348.038941	
    Magnitude of B_grad:	0.08	
    Magnitude of b:	8.4435926462656	

	
    Current index:	49501	
    Magnitude of W_grad:	30.292	
    Magnitude of W:	176337.46193802	
    Magnitude of B_grad:	0.18	
    Magnitude of b:	8.5072964709005	

	
    Current index:	59501	
    Magnitude of W_grad:	22.819999999999	
    Magnitude of W:	176325.77866282	
    Magnitude of B_grad:	0.092	
    Magnitude of b:	8.7089945603561	

	
    Current index:	69501	
    Magnitude of W_grad:	29.167999999999	
    Magnitude of W:	176313.41926031	
    Magnitude of B_grad:	0.08	
    Magnitude of b:	8.6746891605403	

	
    Current index:	79501	
    Magnitude of W_grad:	27.88	
    Magnitude of W:	176301.15636901	
    Magnitude of B_grad:	0.176	
    Magnitude of b:	8.4112018772157	

	
    Current index:	89501	
    Magnitude of W_grad:	28.148	
    Magnitude of W:	176288.22105782	
    Magnitude of B_grad:	0.112	
    Magnitude of b:	8.2229105537279	

	
    Current index:	99501	
    Magnitude of W_grad:	33.124	
    Magnitude of W:	176276.0949189	
    Magnitude of B_grad:	0.076	
    Magnitude of b:	8.496616378139	

	
    Current index:	109501	
    Magnitude of W_grad:	27.508	
    Magnitude of W:	176264.24724389	
    Magnitude of B_grad:	0.128	
    Magnitude of b:	8.5243206994222	

	
    Current index:	119501	
    Magnitude of W_grad:	33.188	
    Magnitude of W:	176251.10137574	
    Magnitude of B_grad:	0.14	
    Magnitude of b:	8.6000216362823	

	
    Current index:	129501	
    Magnitude of W_grad:	24.484	
    Magnitude of W:	176238.25204732	
    Magnitude of B_grad:	0.064	
    Magnitude of b:	8.6517210701622	

	
    Current index:	139501	
    Magnitude of W_grad:	32.071999999999	
    Magnitude of W:	176227.14827065	
    Magnitude of B_grad:	0.072	
    Magnitude of b:	8.5374203534275	

	
SGD: Hinge Loss is	
319625.52034053	
SGD: Validation Accuracy is:	
0.33787465940054	
SGD: Magnitude of W:	
176224.85968747	
SGD: Magnitude of b:	
8.1262157133003	
    Current index:	9501	
    Magnitude of W_grad:	26.592	
    Magnitude of W:	176214.22439135	
    Magnitude of B_grad:	0.108	
    Magnitude of b:	7.9359353969337	

	
    Current index:	19501	
    Magnitude of W_grad:	27.88	
    Magnitude of W:	176201.90307573	
    Magnitude of B_grad:	0.056	
    Magnitude of b:	8.1717296853883	

	
    Current index:	29501	
    Magnitude of W_grad:	26.272	
    Magnitude of W:	176191.10996333	
    Magnitude of B_grad:	0.184	
    Magnitude of b:	8.3854433462026	

	
    Current index:	39501	
    Magnitude of W_grad:	32.924	
    Magnitude of W:	176179.70784187	
    Magnitude of B_grad:	0.072	
    Magnitude of b:	8.3771497300436	

	
    Current index:	49501	
    Magnitude of W_grad:	27.756	
    Magnitude of W:	176169.33942694	
    Magnitude of B_grad:	0.148	
    Magnitude of b:	8.4588559419801	

	
    Current index:	59501	
    Magnitude of W_grad:	22.519999999999	
    Magnitude of W:	176157.64034467	
    Magnitude of B_grad:	0.08	
    Magnitude of b:	8.6585557074687	

	
    Current index:	69501	
    Magnitude of W_grad:	29.151999999999	
    Magnitude of W:	176145.37289535	
    Magnitude of B_grad:	0.108	
    Magnitude of b:	8.6402521342727	

	
    Current index:	79501	
    Magnitude of W_grad:	27.523999999999	
    Magnitude of W:	176133.0643753	
    Magnitude of B_grad:	0.172	
    Magnitude of b:	8.3779274770653	

	
    Current index:	89501	
    Magnitude of W_grad:	31.436	
    Magnitude of W:	176120.18552852	
    Magnitude of B_grad:	0.152	
    Magnitude of b:	8.2136368463462	

	
    Current index:	99501	
    Magnitude of W_grad:	31.86	
    Magnitude of W:	176108.30377247	
    Magnitude of B_grad:	0.096	
    Magnitude of b:	8.4893436472799	

	
    Current index:	109501	
    Magnitude of W_grad:	25.9	
    Magnitude of W:	176096.59553635	
    Magnitude of B_grad:	0.12	
    Magnitude of b:	8.4950489520602	

	
    Current index:	119501	
    Magnitude of W_grad:	33.092	
    Magnitude of W:	176083.71000754	
    Magnitude of B_grad:	0.112	
    Magnitude of b:	8.5347513418336	

	
    Current index:	129501	
    Magnitude of W_grad:	24.052	
    Magnitude of W:	176070.8031685	
    Magnitude of B_grad:	0.056	
    Magnitude of b:	8.566453241055	

	
    Current index:	139501	
    Magnitude of W_grad:	32.635999999999	
    Magnitude of W:	176059.79908157	
    Magnitude of B_grad:	0.124	
    Magnitude of b:	8.4541556727277	

	
SGD: Hinge Loss is	
316451.78937851	
SGD: Validation Accuracy is:	
0.33969118982743	
SGD: Magnitude of W:	
176057.57625993	
SGD: Magnitude of b:	
8.0607768135474	
