[?1034hDatafile:	/n/home09/ankitgupta/CS287/HW1/TREC-uni-syns.hdf5	Classifier:	lr	Alpha:	0	Eta:	1	Lambda:	0.5	Minibatch size:	500	Num Epochs:	50	Minimum Sentence Length:	0	
Note that not all parameters may apply to all classifiers	
Loading datafiles...	
Number of training samples before removing small sentences	5452	
Number of training samples after removing small sentences	5452	
Done.	
Training classifier...	
SGD: Loss is	
	LOSS:Calculated softmax res	
96279.010862222	
SGD: crossEntropyLoss is	
96279.010862222	
SGD: Validation Accuracy is:	
0.13577981651376	
SGD: Magnitude of W:	
147880.75229817	
SGD: Magnitude of b:	
5.457832321912	
SGD: Loss is	
	LOSS:Calculated softmax res	
76006.727995192	
SGD: crossEntropyLoss is	
76006.727995192	
SGD: Validation Accuracy is:	
0.25137614678899	
SGD: Magnitude of W:	
147673.82912042	
SGD: Magnitude of b:	
5.3182074389526	
SGD: Loss is	
	LOSS:Calculated softmax res	
70852.89035553	
SGD: crossEntropyLoss is	
70852.89035553	
SGD: Validation Accuracy is:	
0.31376146788991	
SGD: Magnitude of W:	
147479.6963197	
SGD: Magnitude of b:	
5.5643266126209	
SGD: Loss is	
	LOSS:Calculated softmax res	
67527.935625881	
SGD: crossEntropyLoss is	
67527.935625881	
SGD: Validation Accuracy is:	
0.35963302752294	
SGD: Magnitude of W:	
147291.42574875	
SGD: Magnitude of b:	
5.9435892016215	
SGD: Loss is	
	LOSS:Calculated softmax res	
65108.932249861	
SGD: crossEntropyLoss is	
65108.932249861	
SGD: Validation Accuracy is:	
0.40550458715596	
SGD: Magnitude of W:	
147108.25899877	
SGD: Magnitude of b:	
6.2255389934537	
SGD: Loss is	
	LOSS:Calculated softmax res	
63244.099245042	
SGD: crossEntropyLoss is	
63244.099245042	
SGD: Validation Accuracy is:	
0.4256880733945	
SGD: Magnitude of W:	
146928.79578364	
SGD: Magnitude of b:	
6.4454294938738	
SGD: Loss is	
	LOSS:Calculated softmax res	
61749.330848946	
SGD: crossEntropyLoss is	
61749.330848946	
SGD: Validation Accuracy is:	
0.47889908256881	
SGD: Magnitude of W:	
146752.26066042	
SGD: Magnitude of b:	
6.6228259814565	
SGD: Loss is	
	LOSS:Calculated softmax res	
60508.709873749	
SGD: crossEntropyLoss is	
60508.709873749	
SGD: Validation Accuracy is:	
0.49174311926606	
SGD: Magnitude of W:	
146578.21752203	
SGD: Magnitude of b:	
6.7692673968961	
SGD: Loss is	
	LOSS:Calculated softmax res	
59450.644124564	
SGD: crossEntropyLoss is	
59450.644124564	
SGD: Validation Accuracy is:	
0.51192660550459	
SGD: Magnitude of W:	
146406.46814674	
SGD: Magnitude of b:	
6.8953964997707	
SGD: Loss is	
	LOSS:Calculated softmax res	
58527.845001971	
SGD: crossEntropyLoss is	
58527.845001971	
SGD: Validation Accuracy is:	
0.51743119266055	
SGD: Magnitude of W:	
146236.38863	
SGD: Magnitude of b:	
7.0064036449967	
SGD: Loss is	
	LOSS:Calculated softmax res	
57707.160338762	
SGD: crossEntropyLoss is	
57707.160338762	
SGD: Validation Accuracy is:	
0.52660550458716	
SGD: Magnitude of W:	
146067.81781584	
SGD: Magnitude of b:	
7.1049973010757	
SGD: Loss is	
	LOSS:Calculated softmax res	
56965.409602652	
SGD: crossEntropyLoss is	
56965.409602652	
SGD: Validation Accuracy is:	
0.5394495412844	
SGD: Magnitude of W:	
145900.47316463	
SGD: Magnitude of b:	
7.1942620433963	
SGD: Loss is	
	LOSS:Calculated softmax res	
56287.304711169	
SGD: crossEntropyLoss is	
56287.304711169	
SGD: Validation Accuracy is:	
0.54862385321101	
SGD: Magnitude of W:	
145734.20851892	
SGD: Magnitude of b:	
7.2760658785354	
SGD: Loss is	
	LOSS:Calculated softmax res	
55662.42057148	
SGD: crossEntropyLoss is	
55662.42057148	
SGD: Validation Accuracy is:	
0.56330275229358	
SGD: Magnitude of W:	
145568.94262505	
SGD: Magnitude of b:	
7.3513015946897	
SGD: Loss is	
	LOSS:Calculated softmax res	
55083.171879416	
SGD: crossEntropyLoss is	
55083.171879416	
SGD: Validation Accuracy is:	
0.57614678899083	
SGD: Magnitude of W:	
145404.64797357	
SGD: Magnitude of b:	
7.4206050028946	
SGD: Loss is	
	LOSS:Calculated softmax res	
54543.669718715	
SGD: crossEntropyLoss is	
54543.669718715	
SGD: Validation Accuracy is:	
0.58165137614679	
SGD: Magnitude of W:	
145241.31343277	
SGD: Magnitude of b:	
7.4846772679979	
SGD: Loss is	
	LOSS:Calculated softmax res	
54039.052833693	
SGD: crossEntropyLoss is	
54039.052833693	
SGD: Validation Accuracy is:	
0.58165137614679	
SGD: Magnitude of W:	
145078.7706329	
SGD: Magnitude of b:	
7.5442661491947	
SGD: Loss is	
	LOSS:Calculated softmax res	
53565.151526477	
SGD: crossEntropyLoss is	
53565.151526477	
SGD: Validation Accuracy is:	
0.59449541284404	
SGD: Magnitude of W:	
144917.06762543	
SGD: Magnitude of b:	
7.6000896573355	
SGD: Loss is	
	LOSS:Calculated softmax res	
53118.290650095	
SGD: crossEntropyLoss is	
53118.290650095	
SGD: Validation Accuracy is:	
0.59633027522936	
SGD: Magnitude of W:	
144756.10608883	
SGD: Magnitude of b:	
7.6527888371696	
SGD: Loss is	
	LOSS:Calculated softmax res	
52695.265604422	
SGD: crossEntropyLoss is	
52695.265604422	
SGD: Validation Accuracy is:	
0.60183486238532	
SGD: Magnitude of W:	
144595.90223302	
SGD: Magnitude of b:	
7.7028621860646	
SGD: Loss is	
	LOSS:Calculated softmax res	
52293.391558576	
SGD: crossEntropyLoss is	
52293.391558576	
SGD: Validation Accuracy is:	
0.60550458715596	
SGD: Magnitude of W:	
144436.44661971	
SGD: Magnitude of b:	
7.7506472855917	
SGD: Loss is	
	LOSS:Calculated softmax res	
51910.448382131	
SGD: crossEntropyLoss is	
51910.448382131	
SGD: Validation Accuracy is:	
0.61100917431193	
SGD: Magnitude of W:	
144277.66588163	
SGD: Magnitude of b:	
7.7963719289008	
SGD: Loss is	
	LOSS:Calculated softmax res	
51544.595033939	
SGD: crossEntropyLoss is	
51544.595033939	
SGD: Validation Accuracy is:	
0.61651376146789	
SGD: Magnitude of W:	
144119.48588369	
SGD: Magnitude of b:	
7.8402014354895	
SGD: Loss is	
	LOSS:Calculated softmax res	
51194.297173022	
SGD: crossEntropyLoss is	
51194.297173022	
SGD: Validation Accuracy is:	
0.61834862385321	
SGD: Magnitude of W:	
143961.92101925	
SGD: Magnitude of b:	
7.88226930194	
SGD: Loss is	
	LOSS:Calculated softmax res	
50858.271418621	
SGD: crossEntropyLoss is	
50858.271418621	
SGD: Validation Accuracy is:	
0.62201834862385	
SGD: Magnitude of W:	
143804.97250443	
SGD: Magnitude of b:	
7.9226930898333	
SGD: Loss is	
	LOSS:Calculated softmax res	
50535.43722289	
SGD: crossEntropyLoss is	
50535.43722289	
SGD: Validation Accuracy is:	
0.6256880733945	
SGD: Magnitude of W:	
143648.5614782	
SGD: Magnitude of b:	
7.9615768528629	
SGD: Loss is	
	LOSS:Calculated softmax res	
50224.866075367	
SGD: crossEntropyLoss is	
50224.866075367	
SGD: Validation Accuracy is:	
0.6256880733945	
SGD: Magnitude of W:	
143492.74800312	
SGD: Magnitude of b:	
7.9990120702201	
SGD: Loss is	
	LOSS:Calculated softmax res	
49925.728774619	
SGD: crossEntropyLoss is	
49925.728774619	
SGD: Validation Accuracy is:	
0.62935779816514	
SGD: Magnitude of W:	
143337.61474235	
SGD: Magnitude of b:	
8.0350857978531	
SGD: Loss is	
	LOSS:Calculated softmax res	
49637.255475541	
SGD: crossEntropyLoss is	
49637.255475541	
SGD: Validation Accuracy is:	
0.63669724770642	
SGD: Magnitude of W:	
143182.93387665	
SGD: Magnitude of b:	
8.0698939662824	
SGD: Loss is	
	LOSS:Calculated softmax res	
49358.71899399	
SGD: crossEntropyLoss is	
49358.71899399	
SGD: Validation Accuracy is:	
0.64220183486239	
SGD: Magnitude of W:	
143028.73411719	
SGD: Magnitude of b:	
8.1035484499868	
SGD: Loss is	
	LOSS:Calculated softmax res	
49089.433241691	
SGD: crossEntropyLoss is	
49089.433241691	
SGD: Validation Accuracy is:	
0.64587155963303	
SGD: Magnitude of W:	
142874.92408225	
SGD: Magnitude of b:	
8.1361709472574	
SGD: Loss is	
	LOSS:Calculated softmax res	
48828.755043071	
SGD: crossEntropyLoss is	
48828.755043071	
SGD: Validation Accuracy is:	
0.64770642201835	
SGD: Magnitude of W:	
142721.53310849	
SGD: Magnitude of b:	
8.1678790757221	
SGD: Loss is	
	LOSS:Calculated softmax res	
48576.085752104	
SGD: crossEntropyLoss is	
48576.085752104	
SGD: Validation Accuracy is:	
0.65137614678899	
SGD: Magnitude of W:	
142568.56887221	
SGD: Magnitude of b:	
8.1987730641545	
SGD: Loss is	
	LOSS:Calculated softmax res	
48330.873102744	
SGD: crossEntropyLoss is	
48330.873102744	
SGD: Validation Accuracy is:	
0.65137614678899	
SGD: Magnitude of W:	
142416.09168551	
SGD: Magnitude of b:	
8.2289271175436	
SGD: Loss is	
	LOSS:Calculated softmax res	
48092.61318473	
SGD: crossEntropyLoss is	
48092.61318473	
SGD: Validation Accuracy is:	
0.65688073394495	
SGD: Magnitude of W:	
142264.14898897	
SGD: Magnitude of b:	
8.2583862382871	
SGD: Loss is	
	LOSS:Calculated softmax res	
47860.851284761	
SGD: crossEntropyLoss is	
47860.851284761	
SGD: Validation Accuracy is:	
0.65871559633028	
SGD: Magnitude of W:	
142112.62424189	
SGD: Magnitude of b:	
8.2871676490422	
SGD: Loss is	
	LOSS:Calculated softmax res	
47635.180609265	
SGD: crossEntropyLoss is	
47635.180609265	
SGD: Validation Accuracy is:	
0.6605504587156	
SGD: Magnitude of W:	
141961.44696555	
SGD: Magnitude of b:	
8.3152652021983	
SGD: Loss is	
	LOSS:Calculated softmax res	
47415.238711856	
SGD: crossEntropyLoss is	
47415.238711856	
SGD: Validation Accuracy is:	
0.6605504587156	
SGD: Magnitude of W:	
141810.63933756	
SGD: Magnitude of b:	
8.3426554107778	
SGD: Loss is	
	LOSS:Calculated softmax res	
47200.701823287	
SGD: crossEntropyLoss is	
47200.701823287	
SGD: Validation Accuracy is:	
0.66422018348624	
SGD: Magnitude of W:	
141660.19643397	
SGD: Magnitude of b:	
8.3693042722016	
SGD: Loss is	
	LOSS:Calculated softmax res	
46991.277694654	
SGD: crossEntropyLoss is	
46991.277694654	
SGD: Validation Accuracy is:	
0.66605504587156	
SGD: Magnitude of W:	
141510.18962684	
SGD: Magnitude of b:	
8.3951740808323	
SGD: Loss is	
	LOSS:Calculated softmax res	
46786.698428485	
SGD: crossEntropyLoss is	
46786.698428485	
SGD: Validation Accuracy is:	
0.6697247706422	
SGD: Magnitude of W:	
141360.56856959	
SGD: Magnitude of b:	
8.4202291924729	
SGD: Loss is	
	LOSS:Calculated softmax res	
46586.715240777	
SGD: crossEntropyLoss is	
46586.715240777	
SGD: Validation Accuracy is:	
0.6697247706422	
SGD: Magnitude of W:	
141211.26695557	
SGD: Magnitude of b:	
8.4444398256895	
SGD: Loss is	
	LOSS:Calculated softmax res	
46391.095988737	
SGD: crossEntropyLoss is	
46391.095988737	
SGD: Validation Accuracy is:	
0.67339449541284	
SGD: Magnitude of W:	
141062.32996962	
SGD: Magnitude of b:	
8.4677835665174	
SGD: Loss is	
	LOSS:Calculated softmax res	
46199.624561103	
SGD: crossEntropyLoss is	
46199.624561103	
SGD: Validation Accuracy is:	
0.67339449541284	
SGD: Magnitude of W:	
140913.81198766	
SGD: Magnitude of b:	
8.4902449992398	
SGD: Loss is	
	LOSS:Calculated softmax res	
46012.100845775	
SGD: crossEntropyLoss is	
46012.100845775	
SGD: Validation Accuracy is:	
0.67339449541284	
SGD: Magnitude of W:	
140765.66838339	
SGD: Magnitude of b:	
8.5118145002283	
SGD: Loss is	
	LOSS:Calculated softmax res	
45828.340657471	
SGD: crossEntropyLoss is	
45828.340657471	
SGD: Validation Accuracy is:	
0.67706422018349	
SGD: Magnitude of W:	
140617.79396962	
SGD: Magnitude of b:	
8.532487363025	
SGD: Loss is	
	LOSS:Calculated softmax res	
45648.175321302	
SGD: crossEntropyLoss is	
45648.175321302	
SGD: Validation Accuracy is:	
0.67889908256881	
SGD: Magnitude of W:	
140470.22455574	
SGD: Magnitude of b:	
8.5522638855698	
SGD: Loss is	
	LOSS:Calculated softmax res	
45471.450502991	
SGD: crossEntropyLoss is	
45471.450502991	
SGD: Validation Accuracy is:	
0.68073394495413	
SGD: Magnitude of W:	
140322.94157579	
SGD: Magnitude of b:	
8.57115019581	
SGD: Loss is	
	LOSS:Calculated softmax res	
45298.023999297	
SGD: crossEntropyLoss is	
45298.023999297	
SGD: Validation Accuracy is:	
0.68440366972477	
SGD: Magnitude of W:	
140175.94130888	
SGD: Magnitude of b:	
8.5891590459247	
SGD: Loss is	
	LOSS:Calculated softmax res	
45127.762806105	
SGD: crossEntropyLoss is	
45127.762806105	
SGD: Validation Accuracy is:	
0.68440366972477	
SGD: Magnitude of W:	
140029.2573621	
SGD: Magnitude of b:	
8.606309843856	
Done.	
Testing on validation set...	
Done	
Datafile:	/n/home09/ankitgupta/CS287/HW1/TREC-uni-syns.hdf5	Classifier:	lr	Alpha:	0	Eta:	1	Lambda:	0.5	Minibatch size:	500	Num Epochs:	50	Minimum Sentence Length:	0	
Accuracy:	0.68623853211009	
