[?1034hDatafile:	/n/home09/ankitgupta/CS287/HW1/SUBJ-uni-sent-syns.hdf5	Classifier:	lr	Alpha:	0	Eta:	0.5	Lambda:	0.5	Minibatch size:	500	Num Epochs:	50	Minimum Sentence Length:	0	
Note that not all parameters may apply to all classifiers	
Loading datafiles...	
Number of training samples before removing small sentences	10000	
Number of training samples after removing small sentences	10000	
Done.	
Training classifier...	
SGD: Loss is	
	LOSS:Calculated softmax res	
83728.846359862	
SGD: crossEntropyLoss is	
83728.846359862	
SGD: Validation Accuracy is:	
0.372	
SGD: Magnitude of W:	
91112.718637963	
SGD: Magnitude of b:	
0.36883887894672	
SGD: Loss is	
	LOSS:Calculated softmax res	
108864.88195691	
SGD: crossEntropyLoss is	
108864.88195691	
SGD: Validation Accuracy is:	
0.907	
SGD: Magnitude of W:	
91051.028846423	
SGD: Magnitude of b:	
1.5183212945246	
SGD: Loss is	
	LOSS:Calculated softmax res	
94493.271580704	
SGD: crossEntropyLoss is	
94493.271580704	
SGD: Validation Accuracy is:	
0.916	
SGD: Magnitude of W:	
90988.370212899	
SGD: Magnitude of b:	
1.1831560573504	
SGD: Loss is	
	LOSS:Calculated softmax res	
84242.79180099	
SGD: crossEntropyLoss is	
84242.79180099	
SGD: Validation Accuracy is:	
0.921	
SGD: Magnitude of W:	
90928.543926202	
SGD: Magnitude of b:	
0.87212328503279	
SGD: Loss is	
	LOSS:Calculated softmax res	
77379.712395439	
SGD: crossEntropyLoss is	
77379.712395439	
SGD: Validation Accuracy is:	
0.921	
SGD: Magnitude of W:	
90870.913142579	
SGD: Magnitude of b:	
0.60954393711035	
SGD: Loss is	
	LOSS:Calculated softmax res	
72211.597365655	
SGD: crossEntropyLoss is	
72211.597365655	
SGD: Validation Accuracy is:	
0.921	
SGD: Magnitude of W:	
90814.452340555	
SGD: Magnitude of b:	
0.38347244782398	
SGD: Loss is	
	LOSS:Calculated softmax res	
68316.586733751	
SGD: crossEntropyLoss is	
68316.586733751	
SGD: Validation Accuracy is:	
0.922	
SGD: Magnitude of W:	
90758.672260188	
SGD: Magnitude of b:	
0.36883887894672	
SGD: Loss is	
	LOSS:Calculated softmax res	
65323.327216235	
SGD: crossEntropyLoss is	
65323.327216235	
SGD: Validation Accuracy is:	
0.922	
SGD: Magnitude of W:	
90703.446108021	
SGD: Magnitude of b:	
0.36883887894672	
SGD: Loss is	
	LOSS:Calculated softmax res	
62877.264665335	
SGD: crossEntropyLoss is	
62877.264665335	
SGD: Validation Accuracy is:	
0.924	
SGD: Magnitude of W:	
90648.698469867	
SGD: Magnitude of b:	
0.36883887894672	
SGD: Loss is	
	LOSS:Calculated softmax res	
60758.798607911	
SGD: crossEntropyLoss is	
60758.798607911	
SGD: Validation Accuracy is:	
0.925	
SGD: Magnitude of W:	
90594.294750428	
SGD: Magnitude of b:	
0.36883887894672	
SGD: Loss is	
	LOSS:Calculated softmax res	
58913.826419362	
SGD: crossEntropyLoss is	
58913.826419362	
SGD: Validation Accuracy is:	
0.925	
SGD: Magnitude of W:	
90540.347288541	
SGD: Magnitude of b:	
0.39165891122962	
SGD: Loss is	
	LOSS:Calculated softmax res	
57316.542520679	
SGD: crossEntropyLoss is	
57316.542520679	
SGD: Validation Accuracy is:	
0.927	
SGD: Magnitude of W:	
90486.652312485	
SGD: Magnitude of b:	
0.50447162894713	
SGD: Loss is	
	LOSS:Calculated softmax res	
55909.638691013	
SGD: crossEntropyLoss is	
55909.638691013	
SGD: Validation Accuracy is:	
0.928	
SGD: Magnitude of W:	
90433.245913913	
SGD: Magnitude of b:	
0.60681075902631	
SGD: Loss is	
	LOSS:Calculated softmax res	
54659.352853117	
SGD: crossEntropyLoss is	
54659.352853117	
SGD: Validation Accuracy is:	
0.926	
SGD: Magnitude of W:	
90380.161732326	
SGD: Magnitude of b:	
0.70007264763573	
SGD: Loss is	
	LOSS:Calculated softmax res	
53545.608683348	
SGD: crossEntropyLoss is	
53545.608683348	
SGD: Validation Accuracy is:	
0.925	
SGD: Magnitude of W:	
90327.470828741	
SGD: Magnitude of b:	
0.78510422921296	
SGD: Loss is	
	LOSS:Calculated softmax res	
52536.623777531	
SGD: crossEntropyLoss is	
52536.623777531	
SGD: Validation Accuracy is:	
0.924	
SGD: Magnitude of W:	
90275.178712958	
SGD: Magnitude of b:	
0.86284214096458	
SGD: Loss is	
	LOSS:Calculated softmax res	
51604.367173775	
SGD: crossEntropyLoss is	
51604.367173775	
SGD: Validation Accuracy is:	
0.924	
SGD: Magnitude of W:	
90223.243945964	
SGD: Magnitude of b:	
0.93386055611182	
SGD: Loss is	
	LOSS:Calculated softmax res	
50734.954639569	
SGD: crossEntropyLoss is	
50734.954639569	
SGD: Validation Accuracy is:	
0.923	
SGD: Magnitude of W:	
90171.549860186	
SGD: Magnitude of b:	
0.9982564179552	
SGD: Loss is	
	LOSS:Calculated softmax res	
49924.922033401	
SGD: crossEntropyLoss is	
49924.922033401	
SGD: Validation Accuracy is:	
0.923	
SGD: Magnitude of W:	
90120.105288483	
SGD: Magnitude of b:	
1.055940376461	
SGD: Loss is	
	LOSS:Calculated softmax res	
49172.25296225	
SGD: crossEntropyLoss is	
49172.25296225	
SGD: Validation Accuracy is:	
0.923	
SGD: Magnitude of W:	
90068.939672526	
SGD: Magnitude of b:	
1.1070216844895	
SGD: Loss is	
	LOSS:Calculated softmax res	
48471.832154003	
SGD: crossEntropyLoss is	
48471.832154003	
SGD: Validation Accuracy is:	
0.924	
SGD: Magnitude of W:	
90017.963533	
SGD: Magnitude of b:	
1.151840718976	
SGD: Loss is	
	LOSS:Calculated softmax res	
47818.974285261	
SGD: crossEntropyLoss is	
47818.974285261	
SGD: Validation Accuracy is:	
0.925	
SGD: Magnitude of W:	
89967.180133924	
SGD: Magnitude of b:	
1.1907766755565	
SGD: Loss is	
	LOSS:Calculated softmax res	
47212.842296789	
SGD: crossEntropyLoss is	
47212.842296789	
SGD: Validation Accuracy is:	
0.927	
SGD: Magnitude of W:	
89916.539254716	
SGD: Magnitude of b:	
1.2241614084428	
SGD: Loss is	
	LOSS:Calculated softmax res	
46651.598890868	
SGD: crossEntropyLoss is	
46651.598890868	
SGD: Validation Accuracy is:	
0.928	
SGD: Magnitude of W:	
89866.026864531	
SGD: Magnitude of b:	
1.2523857306031	
SGD: Loss is	
	LOSS:Calculated softmax res	
46129.86311824	
SGD: crossEntropyLoss is	
46129.86311824	
SGD: Validation Accuracy is:	
0.928	
SGD: Magnitude of W:	
89815.644451617	
SGD: Magnitude of b:	
1.275964619286	
SGD: Loss is	
	LOSS:Calculated softmax res	
45641.4592656	
SGD: crossEntropyLoss is	
45641.4592656	
SGD: Validation Accuracy is:	
0.929	
SGD: Magnitude of W:	
89765.417022709	
SGD: Magnitude of b:	
1.2954910238391	
SGD: Loss is	
	LOSS:Calculated softmax res	
45181.162083269	
SGD: crossEntropyLoss is	
45181.162083269	
SGD: Validation Accuracy is:	
0.929	
SGD: Magnitude of W:	
89715.359806226	
SGD: Magnitude of b:	
1.3115627561039	
SGD: Loss is	
	LOSS:Calculated softmax res	
44745.149467621	
SGD: crossEntropyLoss is	
44745.149467621	
SGD: Validation Accuracy is:	
0.929	
SGD: Magnitude of W:	
89665.448965483	
SGD: Magnitude of b:	
1.324727915766	
SGD: Loss is	
	LOSS:Calculated softmax res	
44330.720691294	
SGD: crossEntropyLoss is	
44330.720691294	
SGD: Validation Accuracy is:	
0.926	
SGD: Magnitude of W:	
89615.669655557	
SGD: Magnitude of b:	
1.335464223591	
SGD: Loss is	
	LOSS:Calculated softmax res	
43935.954753206	
SGD: crossEntropyLoss is	
43935.954753206	
SGD: Validation Accuracy is:	
0.927	
SGD: Magnitude of W:	
89566.041921598	
SGD: Magnitude of b:	
1.344166472723	
SGD: Loss is	
	LOSS:Calculated softmax res	
43559.431259082	
SGD: crossEntropyLoss is	
43559.431259082	
SGD: Validation Accuracy is:	
0.927	
SGD: Magnitude of W:	
89516.585315669	
SGD: Magnitude of b:	
1.3511497521456	
SGD: Loss is	
	LOSS:Calculated softmax res	
43199.923629592	
SGD: crossEntropyLoss is	
43199.923629592	
SGD: Validation Accuracy is:	
0.927	
SGD: Magnitude of W:	
89467.345047254	
SGD: Magnitude of b:	
1.3566707198416	
SGD: Loss is	
	LOSS:Calculated softmax res	
42856.200063958	
SGD: crossEntropyLoss is	
42856.200063958	
SGD: Validation Accuracy is:	
0.925	
SGD: Magnitude of W:	
89418.234718011	
SGD: Magnitude of b:	
1.3609467328184	
SGD: Loss is	
	LOSS:Calculated softmax res	
42526.994637374	
SGD: crossEntropyLoss is	
42526.994637374	
SGD: Validation Accuracy is:	
0.923	
SGD: Magnitude of W:	
89369.253081302	
SGD: Magnitude of b:	
1.3641613258053	
SGD: Loss is	
	LOSS:Calculated softmax res	
42211.071028087	
SGD: crossEntropyLoss is	
42211.071028087	
SGD: Validation Accuracy is:	
0.924	
SGD: Magnitude of W:	
89320.389758032	
SGD: Magnitude of b:	
1.3664637480616	
SGD: Loss is	
	LOSS:Calculated softmax res	
41907.29763342	
SGD: crossEntropyLoss is	
41907.29763342	
SGD: Validation Accuracy is:	
0.924	
SGD: Magnitude of W:	
89271.703092267	
SGD: Magnitude of b:	
1.3679743092071	
SGD: Loss is	
	LOSS:Calculated softmax res	
41614.686085122	
SGD: crossEntropyLoss is	
41614.686085122	
SGD: Validation Accuracy is:	
0.924	
SGD: Magnitude of W:	
89223.136347299	
SGD: Magnitude of b:	
1.3687971343115	
SGD: Loss is	
	LOSS:Calculated softmax res	
41332.381657125	
SGD: crossEntropyLoss is	
41332.381657125	
SGD: Validation Accuracy is:	
0.925	
SGD: Magnitude of W:	
89174.674272387	
SGD: Magnitude of b:	
1.3690335460742	
SGD: Loss is	
	LOSS:Calculated softmax res	
41059.628734982	
SGD: crossEntropyLoss is	
41059.628734982	
SGD: Validation Accuracy is:	
0.923	
SGD: Magnitude of W:	
89126.305188695	
SGD: Magnitude of b:	
1.3687901674862	
SGD: Loss is	
	LOSS:Calculated softmax res	
40795.742700239	
SGD: crossEntropyLoss is	
40795.742700239	
SGD: Validation Accuracy is:	
0.922	
SGD: Magnitude of W:	
89078.024992963	
SGD: Magnitude of b:	
1.3681805697677	
SGD: Loss is	
	LOSS:Calculated softmax res	
40540.101761568	
SGD: crossEntropyLoss is	
40540.101761568	
SGD: Validation Accuracy is:	
0.922	
SGD: Magnitude of W:	
89029.866789827	
SGD: Magnitude of b:	
1.3673211385668	
SGD: Loss is	
	LOSS:Calculated softmax res	
40292.152254196	
SGD: crossEntropyLoss is	
40292.152254196	
SGD: Validation Accuracy is:	
0.922	
SGD: Magnitude of W:	
88981.784150846	
SGD: Magnitude of b:	
1.3663212225759	
SGD: Loss is	
	LOSS:Calculated softmax res	
40051.410196019	
SGD: crossEntropyLoss is	
40051.410196019	
SGD: Validation Accuracy is:	
0.921	
SGD: Magnitude of W:	
88933.768232975	
SGD: Magnitude of b:	
1.3652694300747	
SGD: Loss is	
	LOSS:Calculated softmax res	
39817.446440483	
SGD: crossEntropyLoss is	
39817.446440483	
SGD: Validation Accuracy is:	
0.921	
SGD: Magnitude of W:	
88885.875900524	
SGD: Magnitude of b:	
1.3642226204854	
SGD: Loss is	
	LOSS:Calculated softmax res	
39589.863665625	
SGD: crossEntropyLoss is	
39589.863665625	
SGD: Validation Accuracy is:	
0.922	
SGD: Magnitude of W:	
88838.130851003	
SGD: Magnitude of b:	
1.3632046442652	
SGD: Loss is	
	LOSS:Calculated softmax res	
39368.282245338	
SGD: crossEntropyLoss is	
39368.282245338	
SGD: Validation Accuracy is:	
0.922	
SGD: Magnitude of W:	
88790.504758486	
SGD: Magnitude of b:	
1.3622144681902	
SGD: Loss is	
	LOSS:Calculated softmax res	
39152.3372646	
SGD: crossEntropyLoss is	
39152.3372646	
SGD: Validation Accuracy is:	
0.922	
SGD: Magnitude of W:	
88742.975988328	
SGD: Magnitude of b:	
1.3612366942762	
SGD: Loss is	
	LOSS:Calculated softmax res	
38941.678627407	
SGD: crossEntropyLoss is	
38941.678627407	
SGD: Validation Accuracy is:	
0.921	
SGD: Magnitude of W:	
88695.572063382	
SGD: Magnitude of b:	
1.3602487531541	
SGD: Loss is	
	LOSS:Calculated softmax res	
38735.970780223	
SGD: crossEntropyLoss is	
38735.970780223	
SGD: Validation Accuracy is:	
0.923	
SGD: Magnitude of W:	
88648.257094073	
SGD: Magnitude of b:	
1.3592237657993	
SGD: Loss is	
	LOSS:Calculated softmax res	
38534.896325211	
SGD: crossEntropyLoss is	
38534.896325211	
SGD: Validation Accuracy is:	
0.923	
SGD: Magnitude of W:	
88601.050503163	
SGD: Magnitude of b:	
1.3581311234693	
Done.	
Testing on validation set...	
Done	
Datafile:	/n/home09/ankitgupta/CS287/HW1/SUBJ-uni-sent-syns.hdf5	Classifier:	lr	Alpha:	0	Eta:	0.5	Lambda:	0.5	Minibatch size:	500	Num Epochs:	50	Minimum Sentence Length:	0	
Accuracy:	0.924	
