[?1034hDatafile:	/n/home09/ankitgupta/CS287/HW1/TREC-uni-syns.hdf5	Classifier:	hinge	Alpha:	0	Eta:	1	Lambda:	0.5	Minibatch size:	500	Num Epochs:	50	Minimum Sentence Length:	5	
Note that not all parameters may apply to all classifiers	
Loading datafiles...	
Number of training samples before removing small sentences	5452	
Number of training samples after removing small sentences	5451	
Done.	
Training classifier...	
Parameters are:	
Eta:	
1	
Lambda:	
0.5	
Minibatch size:	
500	
Number of Epochs	
50	
SGD: Hinge Loss is	
139837.84078318	
SGD: Validation Accuracy is:	
0.19633027522936	
SGD: Magnitude of W:	
147768.03723766	
SGD: Magnitude of b:	
3.3324486930279	
SGD: Hinge Loss is	
124359.42561498	
SGD: Validation Accuracy is:	
0.24770642201835	
SGD: Magnitude of W:	
147562.64509746	
SGD: Magnitude of b:	
4.097331294339	
SGD: Hinge Loss is	
118524.87771703	
SGD: Validation Accuracy is:	
0.32110091743119	
SGD: Magnitude of W:	
147370.97649376	
SGD: Magnitude of b:	
4.5111169156735	
SGD: Hinge Loss is	
114874.05903258	
SGD: Validation Accuracy is:	
0.36146788990826	
SGD: Magnitude of W:	
147186.4717839	
SGD: Magnitude of b:	
4.7525510475156	
SGD: Hinge Loss is	
112304.13195869	
SGD: Validation Accuracy is:	
0.39633027522936	
SGD: Magnitude of W:	
147005.99737586	
SGD: Magnitude of b:	
4.896625738541	
SGD: Hinge Loss is	
110218.45252114	
SGD: Validation Accuracy is:	
0.43302752293578	
SGD: Magnitude of W:	
146828.46808299	
SGD: Magnitude of b:	
5.0222036405925	
SGD: Hinge Loss is	
108534.13288787	
SGD: Validation Accuracy is:	
0.46605504587156	
SGD: Magnitude of W:	
146653.60912069	
SGD: Magnitude of b:	
5.0771019969154	
SGD: Hinge Loss is	
107082.83059082	
SGD: Validation Accuracy is:	
0.49357798165138	
SGD: Magnitude of W:	
146481.06253474	
SGD: Magnitude of b:	
5.1389898417243	
SGD: Hinge Loss is	
105811.12808757	
SGD: Validation Accuracy is:	
0.51559633027523	
SGD: Magnitude of W:	
146310.36492783	
SGD: Magnitude of b:	
5.1519012236332	
SGD: Hinge Loss is	
104732.16838547	
SGD: Validation Accuracy is:	
0.52660550458716	
SGD: Magnitude of W:	
146141.08160191	
SGD: Magnitude of b:	
5.1424826875832	
SGD: Hinge Loss is	
103738.81952262	
SGD: Validation Accuracy is:	
0.53394495412844	
SGD: Magnitude of W:	
145972.85959752	
SGD: Magnitude of b:	
5.1718391568576	
SGD: Hinge Loss is	
102840.3933092	
SGD: Validation Accuracy is:	
0.55229357798165	
SGD: Magnitude of W:	
145805.82536641	
SGD: Magnitude of b:	
5.1854268928519	
SGD: Hinge Loss is	
102007.3001126	
SGD: Validation Accuracy is:	
0.56880733944954	
SGD: Magnitude of W:	
145639.69942666	
SGD: Magnitude of b:	
5.187943541036	
SGD: Hinge Loss is	
101216.55406243	
SGD: Validation Accuracy is:	
0.5743119266055	
SGD: Magnitude of W:	
145474.71272795	
SGD: Magnitude of b:	
5.1782310926766	
SGD: Hinge Loss is	
100484.34518708	
SGD: Validation Accuracy is:	
0.58715596330275	
SGD: Magnitude of W:	
145310.74661991	
SGD: Magnitude of b:	
5.1652349787322	
SGD: Hinge Loss is	
99811.867719975	
SGD: Validation Accuracy is:	
0.59633027522936	
SGD: Magnitude of W:	
145147.3557018	
SGD: Magnitude of b:	
5.1334511503876	
SGD: Hinge Loss is	
99184.190260639	
SGD: Validation Accuracy is:	
0.60917431192661	
SGD: Magnitude of W:	
144984.90230766	
SGD: Magnitude of b:	
5.1193207771974	
SGD: Hinge Loss is	
98585.845836884	
SGD: Validation Accuracy is:	
0.61100917431193	
SGD: Magnitude of W:	
144823.14411061	
SGD: Magnitude of b:	
5.076280388265	
SGD: Hinge Loss is	
98024.737026209	
SGD: Validation Accuracy is:	
0.61467889908257	
SGD: Magnitude of W:	
144661.97941159	
SGD: Magnitude of b:	
5.0412765166665	
SGD: Hinge Loss is	
97483.311931483	
SGD: Validation Accuracy is:	
0.61834862385321	
SGD: Magnitude of W:	
144501.49583119	
SGD: Magnitude of b:	
5.0081807785958	
SGD: Hinge Loss is	
96951.543853153	
SGD: Validation Accuracy is:	
0.62201834862385	
SGD: Magnitude of W:	
144341.75200971	
SGD: Magnitude of b:	
4.9603092468987	
SGD: Hinge Loss is	
96435.327105718	
SGD: Validation Accuracy is:	
0.6256880733945	
SGD: Magnitude of W:	
144182.602675	
SGD: Magnitude of b:	
4.9122387637853	
SGD: Hinge Loss is	
95982.215392168	
SGD: Validation Accuracy is:	
0.62935779816514	
SGD: Magnitude of W:	
144024.25633017	
SGD: Magnitude of b:	
4.8684576502932	
SGD: Hinge Loss is	
95494.408572727	
SGD: Validation Accuracy is:	
0.63302752293578	
SGD: Magnitude of W:	
143866.24436867	
SGD: Magnitude of b:	
4.8225875016202	
SGD: Hinge Loss is	
95040.68359542	
SGD: Validation Accuracy is:	
0.63669724770642	
SGD: Magnitude of W:	
143708.92706551	
SGD: Magnitude of b:	
4.7988749097263	
SGD: Hinge Loss is	
94585.244082866	
SGD: Validation Accuracy is:	
0.63669724770642	
SGD: Magnitude of W:	
143552.2779305	
SGD: Magnitude of b:	
4.7737641624476	
SGD: Hinge Loss is	
94181.432379158	
SGD: Validation Accuracy is:	
0.64036697247706	
SGD: Magnitude of W:	
143395.63171066	
SGD: Magnitude of b:	
4.7541005009358	
SGD: Hinge Loss is	
93722.106439339	
SGD: Validation Accuracy is:	
0.63853211009174	
SGD: Magnitude of W:	
143240.15980537	
SGD: Magnitude of b:	
4.7309106968283	
SGD: Hinge Loss is	
93305.651392358	
SGD: Validation Accuracy is:	
0.64220183486239	
SGD: Magnitude of W:	
143084.93650368	
SGD: Magnitude of b:	
4.7046966492684	
SGD: Hinge Loss is	
92936.046476805	
SGD: Validation Accuracy is:	
0.64403669724771	
SGD: Magnitude of W:	
142930.20691682	
SGD: Magnitude of b:	
4.7059518990261	
SGD: Hinge Loss is	
92527.306128604	
SGD: Validation Accuracy is:	
0.64220183486239	
SGD: Magnitude of W:	
142776.11263894	
SGD: Magnitude of b:	
4.7033024371853	
SGD: Hinge Loss is	
92139.3653371	
SGD: Validation Accuracy is:	
0.64770642201835	
SGD: Magnitude of W:	
142622.28742284	
SGD: Magnitude of b:	
4.7302629181483	
SGD: Hinge Loss is	
91768.200222962	
SGD: Validation Accuracy is:	
0.64954128440367	
SGD: Magnitude of W:	
142468.7720571	
SGD: Magnitude of b:	
4.723331206699	
SGD: Hinge Loss is	
91415.490404655	
SGD: Validation Accuracy is:	
0.65137614678899	
SGD: Magnitude of W:	
142315.32887347	
SGD: Magnitude of b:	
4.7363922911441	
SGD: Hinge Loss is	
91036.166951836	
SGD: Validation Accuracy is:	
0.65504587155963	
SGD: Magnitude of W:	
142162.65930129	
SGD: Magnitude of b:	
4.737445774899	
SGD: Hinge Loss is	
90707.292439267	
SGD: Validation Accuracy is:	
0.65321100917431	
SGD: Magnitude of W:	
142010.18964891	
SGD: Magnitude of b:	
4.7624981842614	
SGD: Hinge Loss is	
90347.666173302	
SGD: Validation Accuracy is:	
0.65321100917431	
SGD: Magnitude of W:	
141858.12375175	
SGD: Magnitude of b:	
4.7585847593646	
SGD: Hinge Loss is	
90019.18357323	
SGD: Validation Accuracy is:	
0.65688073394495	
SGD: Magnitude of W:	
141706.55502663	
SGD: Magnitude of b:	
4.7737276756833	
SGD: Hinge Loss is	
89714.362521693	
SGD: Validation Accuracy is:	
0.65504587155963	
SGD: Magnitude of W:	
141555.0785651	
SGD: Magnitude of b:	
4.7698072926504	
SGD: Hinge Loss is	
89402.290969201	
SGD: Validation Accuracy is:	
0.65504587155963	
SGD: Magnitude of W:	
141404.3241802	
SGD: Magnitude of b:	
4.7949323106837	
SGD: Hinge Loss is	
89041.447124741	
SGD: Validation Accuracy is:	
0.65871559633028	
SGD: Magnitude of W:	
141253.95410401	
SGD: Magnitude of b:	
4.7979267612785	
SGD: Hinge Loss is	
88770.656296661	
SGD: Validation Accuracy is:	
0.65688073394495	
SGD: Magnitude of W:	
141103.69634691	
SGD: Magnitude of b:	
4.8426472269043	
SGD: Hinge Loss is	
88463.10302355	
SGD: Validation Accuracy is:	
0.65871559633028	
SGD: Magnitude of W:	
140953.98016801	
SGD: Magnitude of b:	
4.8372722089165	
SGD: Hinge Loss is	
88131.835001929	
SGD: Validation Accuracy is:	
0.66422018348624	
SGD: Magnitude of W:	
140804.40461984	
SGD: Magnitude of b:	
4.8232322688275	
SGD: Hinge Loss is	
87845.798386142	
SGD: Validation Accuracy is:	
0.6697247706422	
SGD: Magnitude of W:	
140655.01747452	
SGD: Magnitude of b:	
4.8458734878755	
SGD: Hinge Loss is	
87608.498359761	
SGD: Validation Accuracy is:	
0.66238532110092	
SGD: Magnitude of W:	
140506.21240849	
SGD: Magnitude of b:	
4.9199475546747	
SGD: Hinge Loss is	
87270.067301716	
SGD: Validation Accuracy is:	
0.6697247706422	
SGD: Magnitude of W:	
140357.98844811	
SGD: Magnitude of b:	
4.8453943079707	
SGD: Hinge Loss is	
86989.306919883	
SGD: Validation Accuracy is:	
0.66788990825688	
SGD: Magnitude of W:	
140209.70883524	
SGD: Magnitude of b:	
4.8757635900335	
SGD: Hinge Loss is	
86764.734613981	
SGD: Validation Accuracy is:	
0.67339449541284	
SGD: Magnitude of W:	
140062.02315311	
SGD: Magnitude of b:	
4.9690787531089	
SGD: Hinge Loss is	
86421.132193613	
SGD: Validation Accuracy is:	
0.67155963302752	
SGD: Magnitude of W:	
139913.88426253	
SGD: Magnitude of b:	
4.9346542302783	
Done.	
Testing on validation set...	
Done	
Datafile:	/n/home09/ankitgupta/CS287/HW1/TREC-uni-syns.hdf5	Classifier:	hinge	Alpha:	0	Eta:	1	Lambda:	0.5	Minibatch size:	500	Num Epochs:	50	Minimum Sentence Length:	5	
Accuracy:	0.67155963302752	
