[?1034hDatafile:	/n/home09/ankitgupta/CS287/HW1/SST1-uni-sent.hdf5	Classifier:	lr	Alpha:	0	Eta:	1	Lambda:	1	Minibatch size:	500	Num Epochs:	50	Minimum Sentence Length:	5	
Note that not all parameters may apply to all classifiers	
Loading datafiles...	
Number of training samples before removing small sentences	156817	
Number of training samples after removing small sentences	93603	
Done.	
Training classifier...	
SGD: Loss is	
	LOSS:Calculated softmax res	
459626.0391662	
SGD: crossEntropyLoss is	
459626.0391662	
SGD: Validation Accuracy is:	
0.15531335149864	
SGD: Magnitude of W:	
61253.679403548	
SGD: Magnitude of b:	
4.8873839673458	
    Current index:	9501	
    Magnitude of W_grad:	9.6770134339321	
    Magnitude of W:	61199.44709624	
    Magnitude of B_grad:	0.2382920354947	
    Magnitude of b:	5.2195684946538	

	
    Current index:	19501	
    Magnitude of W_grad:	7.3740066612035	
    Magnitude of W:	61152.820735545	
    Magnitude of B_grad:	0.072987146779439	
    Magnitude of b:	5.6972470880928	

	
    Current index:	29501	
    Magnitude of W_grad:	7.7396642051368	
    Magnitude of W:	61107.311727405	
    Magnitude of B_grad:	0.1637595773643	
    Magnitude of b:	5.5295077356418	

	
    Current index:	39501	
    Magnitude of W_grad:	8.0017384451057	
    Magnitude of W:	61062.747606016	
    Magnitude of B_grad:	0.086238844971484	
    Magnitude of b:	6.3884208125271	

	
    Current index:	49501	
    Magnitude of W_grad:	8.4658593516379	
    Magnitude of W:	61017.934310198	
    Magnitude of B_grad:	0.33242511966624	
    Magnitude of b:	5.4009311641989	

	
    Current index:	59501	
    Magnitude of W_grad:	9.9185602389053	
    Magnitude of W:	60969.208666725	
    Magnitude of B_grad:	0.18885114076866	
    Magnitude of b:	5.3180097026651	

	
    Current index:	69501	
    Magnitude of W_grad:	8.6395942493577	
    Magnitude of W:	60923.282950795	
    Magnitude of B_grad:	0.18544552488509	
    Magnitude of b:	5.674941981496	

	
    Current index:	79501	
    Magnitude of W_grad:	8.8961795821515	
    Magnitude of W:	60877.603533457	
    Magnitude of B_grad:	0.38442146928154	
    Magnitude of b:	5.9190681419876	

	
    Current index:	89501	
    Magnitude of W_grad:	8.4691582354434	
    Magnitude of W:	60835.384958287	
    Magnitude of B_grad:	0.17950096989562	
    Magnitude of b:	5.9844112745696	

	
SGD: Loss is	
	LOSS:Calculated softmax res	
305850.0088532	
SGD: crossEntropyLoss is	
305850.0088532	
SGD: Validation Accuracy is:	
0.22979109900091	
SGD: Magnitude of W:	
60817.282282083	
SGD: Magnitude of b:	
5.3471215064585	
    Current index:	9501	
    Magnitude of W_grad:	9.1368496422701	
    Magnitude of W:	60776.575033269	
    Magnitude of B_grad:	0.26523834490613	
    Magnitude of b:	5.324899471802	

	
    Current index:	19501	
    Magnitude of W_grad:	7.145398767979	
    Magnitude of W:	60736.589448747	
    Magnitude of B_grad:	0.06859633833461	
    Magnitude of b:	5.8539464075405	

	
    Current index:	29501	
    Magnitude of W_grad:	7.2835179151569	
    Magnitude of W:	60697.538850334	
    Magnitude of B_grad:	0.15568485660553	
    Magnitude of b:	5.6274044392626	

	
    Current index:	39501	
    Magnitude of W_grad:	7.2353565148533	
    Magnitude of W:	60657.600220603	
    Magnitude of B_grad:	0.067322998149752	
    Magnitude of b:	6.5877700106416	

	
    Current index:	49501	
    Magnitude of W_grad:	7.9283014680317	
    Magnitude of W:	60617.942686422	
    Magnitude of B_grad:	0.26191174357233	
    Magnitude of b:	6.3145521065413	

	
    Current index:	59501	
    Magnitude of W_grad:	9.3812252929576	
    Magnitude of W:	60573.958871378	
    Magnitude of B_grad:	0.17386038920833	
    Magnitude of b:	6.1435787781666	

	
    Current index:	69501	
    Magnitude of W_grad:	8.1306957060272	
    Magnitude of W:	60533.878832783	
    Magnitude of B_grad:	0.17583480248235	
    Magnitude of b:	6.4175547604807	

	
    Current index:	79501	
    Magnitude of W_grad:	8.6053090061872	
    Magnitude of W:	60493.122889534	
    Magnitude of B_grad:	0.37211450612596	
    Magnitude of b:	6.6094974405657	

	
    Current index:	89501	
    Magnitude of W_grad:	8.1265808129675	
    Magnitude of W:	60455.970479608	
    Magnitude of B_grad:	0.16718054083869	
    Magnitude of b:	6.6225854748462	

	
SGD: Loss is	
	LOSS:Calculated softmax res	
283839.35942081	
SGD: crossEntropyLoss is	
283839.35942081	
SGD: Validation Accuracy is:	
0.25522252497729	
SGD: Magnitude of W:	
60439.652265409	
SGD: Magnitude of b:	
5.9458052941243	
    Current index:	9501	
    Magnitude of W_grad:	9.0313371809405	
    Magnitude of W:	60403.229242847	
    Magnitude of B_grad:	0.28176230195557	
    Magnitude of b:	5.7827257329479	

	
    Current index:	19501	
    Magnitude of W_grad:	6.9266656915924	
    Magnitude of W:	60366.825263676	
    Magnitude of B_grad:	0.06994326347672	
    Magnitude of b:	6.2145098738798	

	
    Current index:	29501	
    Magnitude of W_grad:	7.0546724157372	
    Magnitude of W:	60331.323865459	
    Magnitude of B_grad:	0.14458199677269	
    Magnitude of b:	5.9774775679031	

	
    Current index:	39501	
    Magnitude of W_grad:	6.8204388644673	
    Magnitude of W:	60294.306899431	
    Magnitude of B_grad:	0.057070640557346	
    Magnitude of b:	6.8634009518188	

	
    Current index:	49501	
    Magnitude of W_grad:	7.8030668720022	
    Magnitude of W:	60257.756206344	
    Magnitude of B_grad:	0.25086380560569	
    Magnitude of b:	6.6818714512067	

	
    Current index:	59501	
    Magnitude of W_grad:	8.9338021281733	
    Magnitude of W:	60217.396633562	
    Magnitude of B_grad:	0.17380821159395	
    Magnitude of b:	6.5278402724448	

	
    Current index:	69501	
    Magnitude of W_grad:	7.8167689810124	
    Magnitude of W:	60181.157470751	
    Magnitude of B_grad:	0.17057034113658	
    Magnitude of b:	6.7473508956461	

	
    Current index:	79501	
    Magnitude of W_grad:	8.3105140951918	
    Magnitude of W:	60143.612490906	
    Magnitude of B_grad:	0.35786883337895	
    Magnitude of b:	6.9452515221451	

	
    Current index:	89501	
    Magnitude of W_grad:	7.9398423197882	
    Magnitude of W:	60109.637791789	
    Magnitude of B_grad:	0.16032418082884	
    Magnitude of b:	6.9458804344286	

	
SGD: Loss is	
	LOSS:Calculated softmax res	
269949.47674592	
SGD: crossEntropyLoss is	
269949.47674592	
SGD: Validation Accuracy is:	
0.26248864668483	
SGD: Magnitude of W:	
60094.400049938	
SGD: Magnitude of b:	
6.2321097048665	
    Current index:	9501	
    Magnitude of W_grad:	8.8569248018255	
    Magnitude of W:	60059.332843944	
    Magnitude of B_grad:	0.27882441592014	
    Magnitude of b:	6.080141748923	

	
    Current index:	19501	
    Magnitude of W_grad:	6.7060151035335	
    Magnitude of W:	60024.72959908	
    Magnitude of B_grad:	0.071282015009898	
    Magnitude of b:	6.4840622790479	

	
    Current index:	29501	
    Magnitude of W_grad:	6.8996847883485	
    Magnitude of W:	59991.775624775	
    Magnitude of B_grad:	0.14677713427943	
    Magnitude of b:	6.1907007844741	

	
    Current index:	39501	
    Magnitude of W_grad:	6.6076270584849	
    Magnitude of W:	59956.447551767	
    Magnitude of B_grad:	0.047460289290695	
    Magnitude of b:	7.010597050064	

	
    Current index:	49501	
    Magnitude of W_grad:	7.631739102844	
    Magnitude of W:	59921.738865494	
    Magnitude of B_grad:	0.24293712009979	
    Magnitude of b:	6.8355337373121	

	
    Current index:	59501	
    Magnitude of W_grad:	8.4725315770908	
    Magnitude of W:	59884.571653226	
    Magnitude of B_grad:	0.17356045840464	
    Magnitude of b:	6.6916959706298	

	
    Current index:	69501	
    Magnitude of W_grad:	7.6172263314112	
    Magnitude of W:	59850.876585156	
    Magnitude of B_grad:	0.16486585932651	
    Magnitude of b:	6.8726636373361	

	
    Current index:	79501	
    Magnitude of W_grad:	8.088821820014	
    Magnitude of W:	59815.314336721	
    Magnitude of B_grad:	0.348990069567	
    Magnitude of b:	7.0811461705516	

	
    Current index:	89501	
    Magnitude of W_grad:	7.7741485824891	
    Magnitude of W:	59782.801987224	
    Magnitude of B_grad:	0.15254230942816	
    Magnitude of b:	7.0718915056678	

	
SGD: Loss is	
	LOSS:Calculated softmax res	
259386.26628031	
SGD: crossEntropyLoss is	
259386.26628031	
SGD: Validation Accuracy is:	
0.26521344232516	
SGD: Magnitude of W:	
59768.793219851	
SGD: Magnitude of b:	
6.3386840415589	
    Current index:	9501	
    Magnitude of W_grad:	8.6778471346979	
    Magnitude of W:	59735.373512899	
    Magnitude of B_grad:	0.27135983741738	
    Magnitude of b:	6.194911084998	

	
    Current index:	19501	
    Magnitude of W_grad:	6.5039840224624	
    Magnitude of W:	59702.367601253	
    Magnitude of B_grad:	0.074535771400895	
    Magnitude of b:	6.5803655199991	

	
    Current index:	29501	
    Magnitude of W_grad:	6.7750242711449	
    Magnitude of W:	59671.172249295	
    Magnitude of B_grad:	0.14951497652733	
    Magnitude of b:	6.2619806649965	

	
    Current index:	39501	
    Magnitude of W_grad:	6.4431252702553	
    Magnitude of W:	59637.561613082	
    Magnitude of B_grad:	0.041593321846953	
    Magnitude of b:	7.0498442395582	

	
    Current index:	49501	
    Magnitude of W_grad:	7.4380707036862	
    Magnitude of W:	59604.183751973	
    Magnitude of B_grad:	0.2342972672326	
    Magnitude of b:	6.8685398464515	

	
    Current index:	59501	
    Magnitude of W_grad:	8.058484281049	
    Magnitude of W:	59569.089685644	
    Magnitude of B_grad:	0.17248023181207	
    Magnitude of b:	6.7397067339091	

	
    Current index:	69501	
    Magnitude of W_grad:	7.4685178689005	
    Magnitude of W:	59536.854658337	
    Magnitude of B_grad:	0.15915259110454	
    Magnitude of b:	6.89596553041	

	
    Current index:	79501	
    Magnitude of W_grad:	7.8709119981755	
    Magnitude of W:	59502.701605044	
    Magnitude of B_grad:	0.33642451380249	
    Magnitude of b:	7.1123439336803	

	
    Current index:	89501	
    Magnitude of W_grad:	7.5827275471426	
    Magnitude of W:	59471.781820056	
    Magnitude of B_grad:	0.14283791842842	
    Magnitude of b:	7.1015855517664	

	
SGD: Loss is	
	LOSS:Calculated softmax res	
250674.46310392	
SGD: crossEntropyLoss is	
250674.46310392	
SGD: Validation Accuracy is:	
0.26702997275204	
SGD: Magnitude of W:	
59458.62866709	
SGD: Magnitude of b:	
6.3664425782158	
    Current index:	9501	
    Magnitude of W_grad:	8.4718691223522	
    Magnitude of W:	59426.816974507	
    Magnitude of B_grad:	0.26141302096072	
    Magnitude of b:	6.2222006154844	

	
    Current index:	19501	
    Magnitude of W_grad:	6.318222223019	
    Magnitude of W:	59395.061179429	
    Magnitude of B_grad:	0.077006367753555	
    Magnitude of b:	6.5946200954501	

	
    Current index:	29501	
    Magnitude of W_grad:	6.6548270062197	
    Magnitude of W:	59364.93357466	
    Magnitude of B_grad:	0.15216035706007	
    Magnitude of b:	6.2686486968081	

	
    Current index:	39501	
    Magnitude of W_grad:	6.2968519966461	
    Magnitude of W:	59332.882231671	
    Magnitude of B_grad:	0.04512478687245	
    Magnitude of b:	7.0287174372672	

	
    Current index:	49501	
    Magnitude of W_grad:	7.2745496098499	
    Magnitude of W:	59300.998774587	
    Magnitude of B_grad:	0.22696420760591	
    Magnitude of b:	6.849462799421	

	
    Current index:	59501	
    Magnitude of W_grad:	7.7280176080116	
    Magnitude of W:	59267.509250696	
    Magnitude of B_grad:	0.17119814382118	
    Magnitude of b:	6.7368385051395	

	
    Current index:	69501	
    Magnitude of W_grad:	7.3333116819211	
    Magnitude of W:	59236.331345307	
    Magnitude of B_grad:	0.15592444170021	
    Magnitude of b:	6.8756693098636	

	
    Current index:	79501	
    Magnitude of W_grad:	7.6202512191528	
    Magnitude of W:	59203.69078262	
    Magnitude of B_grad:	0.32266310149075	
    Magnitude of b:	7.0966368731981	

	
    Current index:	89501	
    Magnitude of W_grad:	7.3613112474213	
    Magnitude of W:	59173.995698783	
    Magnitude of B_grad:	0.13146491399865	
    Magnitude of b:	7.090153965541	

	
SGD: Loss is	
	LOSS:Calculated softmax res	
243314.41944118	
SGD: crossEntropyLoss is	
243314.41944118	
SGD: Validation Accuracy is:	
0.26975476839237	
SGD: Magnitude of W:	
59161.381231917	
SGD: Magnitude of b:	
6.3610149810077	
    Current index:	9501	
    Magnitude of W_grad:	8.2385319239226	
    Magnitude of W:	59131.119626704	
    Magnitude of B_grad:	0.24949298546912	
    Magnitude of b:	6.2130954447307	

	
    Current index:	19501	
    Magnitude of W_grad:	6.145939706061	
    Magnitude of W:	59100.58118321	
    Magnitude of B_grad:	0.07945254487377	
    Magnitude of b:	6.5757609460048	

	
    Current index:	29501	
    Magnitude of W_grad:	6.533644306856	
    Magnitude of W:	59071.287367688	
    Magnitude of B_grad:	0.15416341300579	
    Magnitude of b:	6.2492955729832	

	
    Current index:	39501	
    Magnitude of W_grad:	6.1609304021649	
    Magnitude of W:	59040.60287394	
    Magnitude of B_grad:	0.049392241078267	
    Magnitude of b:	6.9865571793042	

	
    Current index:	49501	
    Magnitude of W_grad:	7.1315393414667	
    Magnitude of W:	59009.98731036	
    Magnitude of B_grad:	0.22082624969804	
    Magnitude of b:	6.813079925638	

	
    Current index:	59501	
    Magnitude of W_grad:	7.4519883796526	
    Magnitude of W:	58978.110304802	
    Magnitude of B_grad:	0.17001267836999	
    Magnitude of b:	6.7135829719902	

	
    Current index:	69501	
    Magnitude of W_grad:	7.2114282394779	
    Magnitude of W:	58948.236404883	
    Magnitude of B_grad:	0.15387557901788	
    Magnitude of b:	6.8393124487135	

	
    Current index:	79501	
    Magnitude of W_grad:	7.3684522741317	
    Magnitude of W:	58917.164198566	
    Magnitude of B_grad:	0.30884868068026	
    Magnitude of b:	7.0621398218979	

	
    Current index:	89501	
    Magnitude of W_grad:	7.1161031546271	
    Magnitude of W:	58888.447677488	
    Magnitude of B_grad:	0.11910283939543	
    Magnitude of b:	7.0628816833867	

	
SGD: Loss is	
	LOSS:Calculated softmax res	
236968.32652843	
SGD: crossEntropyLoss is	
236968.32652843	
SGD: Validation Accuracy is:	
0.26884650317893	
SGD: Magnitude of W:	
58876.440517179	
SGD: Magnitude of b:	
6.3416904577399	
    Current index:	9501	
    Magnitude of W_grad:	7.9865814483023	
    Magnitude of W:	58847.193573795	
    Magnitude of B_grad:	0.23612369679586	
    Magnitude of b:	6.1907612568079	

	
    Current index:	19501	
    Magnitude of W_grad:	5.9914447683789	
    Magnitude of W:	58817.623761861	
    Magnitude of B_grad:	0.081882369484574	
    Magnitude of b:	6.5456359757214	

	
    Current index:	29501	
    Magnitude of W_grad:	6.4101167730972	
    Magnitude of W:	58789.475340052	
    Magnitude of B_grad:	0.15518469117898	
    Magnitude of b:	6.2211819594965	

	
    Current index:	39501	
    Magnitude of W_grad:	6.0299362561962	
    Magnitude of W:	58759.898206586	
    Magnitude of B_grad:	0.053733783678315	
    Magnitude of b:	6.9398044286632	

	
    Current index:	49501	
    Magnitude of W_grad:	7.012922561922	
    Magnitude of W:	58730.37358649	
    Magnitude of B_grad:	0.21565592992257	
    Magnitude of b:	6.7734600750174	

	
    Current index:	59501	
    Magnitude of W_grad:	7.216299151624	
    Magnitude of W:	58699.692522293	
    Magnitude of B_grad:	0.16880524388448	
    Magnitude of b:	6.6832234982347	

	
    Current index:	69501	
    Magnitude of W_grad:	7.0909006222617	
    Magnitude of W:	58670.648210356	
    Magnitude of B_grad:	0.150662382931	
    Magnitude of b:	6.799076544847	

	
    Current index:	79501	
    Magnitude of W_grad:	7.12811868367	
    Magnitude of W:	58640.616026526	
    Magnitude of B_grad:	0.29549687604003	
    Magnitude of b:	7.0217679988034	

	
    Current index:	89501	
    Magnitude of W_grad:	6.8567164241886	
    Magnitude of W:	58613.055327089	
    Magnitude of B_grad:	0.10658046285376	
    Magnitude of b:	7.030900965819	

	
SGD: Loss is	
	LOSS:Calculated softmax res	
231353.41197532	
SGD: crossEntropyLoss is	
231353.41197532	
SGD: Validation Accuracy is:	
0.27520435967302	
SGD: Magnitude of W:	
58601.492231707	
SGD: Magnitude of b:	
6.3187596639172	
    Current index:	9501	
    Magnitude of W_grad:	7.7209551513129	
    Magnitude of W:	58573.242116093	
    Magnitude of B_grad:	0.22205048850827	
    Magnitude of b:	6.1649894616733	

	
    Current index:	19501	
    Magnitude of W_grad:	5.8512229379519	
    Magnitude of W:	58544.610031782	
    Magnitude of B_grad:	0.084026044452551	
    Magnitude of b:	6.5137833457109	

	
    Current index:	29501	
    Magnitude of W_grad:	6.2824342580414	
    Magnitude of W:	58517.351980797	
    Magnitude of B_grad:	0.15523316252401	
    Magnitude of b:	6.1923397560899	

	
    Current index:	39501	
    Magnitude of W_grad:	5.9145180335722	
    Magnitude of W:	58488.675360538	
    Magnitude of B_grad:	0.057975488571534	
    Magnitude of b:	6.894695215816	

	
    Current index:	49501	
    Magnitude of W_grad:	6.9064301637636	
    Magnitude of W:	58460.301566478	
    Magnitude of B_grad:	0.21128105723242	
    Magnitude of b:	6.7357137400918	

	
    Current index:	59501	
    Magnitude of W_grad:	7.0125962311763	
    Magnitude of W:	58430.649072181	
    Magnitude of B_grad:	0.16734002588459	
    Magnitude of b:	6.6513984569699	

	
    Current index:	69501	
    Magnitude of W_grad:	6.9711374090082	
    Magnitude of W:	58402.665863076	
    Magnitude of B_grad:	0.14673696884377	
    Magnitude of b:	6.7599523949817	

	
    Current index:	79501	
    Magnitude of W_grad:	6.9025166170466	
    Magnitude of W:	58373.52360974	
    Magnitude of B_grad:	0.28282581772637	
    Magnitude of b:	6.9811592914399	

	
    Current index:	89501	
    Magnitude of W_grad:	6.6031127177467	
    Magnitude of W:	58346.856415114	
    Magnitude of B_grad:	0.094602031736899	
    Magnitude of b:	6.9989332251953	

	
SGD: Loss is	
	LOSS:Calculated softmax res	
226285.66118739	
SGD: crossEntropyLoss is	
226285.66118739	
SGD: Validation Accuracy is:	
0.28247048138056	
SGD: Magnitude of W:	
58335.731632463	
SGD: Magnitude of b:	
6.2970097592566	
    Current index:	9501	
    Magnitude of W_grad:	7.4459525580586	
    Magnitude of W:	58308.293750348	
    Magnitude of B_grad:	0.20807637011304	
    Magnitude of b:	6.1393304985939	

	
    Current index:	19501	
    Magnitude of W_grad:	5.7235266406192	
    Magnitude of W:	58280.642355463	
    Magnitude of B_grad:	0.085699256774098	
    Magnitude of b:	6.4840316822447	

	
    Current index:	29501	
    Magnitude of W_grad:	6.1535558527506	
    Magnitude of W:	58254.239136865	
    Magnitude of B_grad:	0.15447734962082	
    Magnitude of b:	6.1661709743015	

	
    Current index:	39501	
    Magnitude of W_grad:	5.8043625906351	
    Magnitude of W:	58226.579393769	
    Magnitude of B_grad:	0.062067224396427	
    Magnitude of b:	6.8533060974401	

	
    Current index:	49501	
    Magnitude of W_grad:	6.8070539237683	
    Magnitude of W:	58198.892134385	
    Magnitude of B_grad:	0.20752941725059	
    Magnitude of b:	6.7013686113556	

	
    Current index:	59501	
    Magnitude of W_grad:	6.8281700329119	
    Magnitude of W:	58170.201241962	
    Magnitude of B_grad:	0.16548270197077	
    Magnitude of b:	6.6204020572127	

	
    Current index:	69501	
    Magnitude of W_grad:	6.8550165102485	
    Magnitude of W:	58142.887435713	
    Magnitude of B_grad:	0.14246163928583	
    Magnitude of b:	6.7236344143631	

	
    Current index:	79501	
    Magnitude of W_grad:	6.6955114448017	
    Magnitude of W:	58114.553388423	
    Magnitude of B_grad:	0.27090092771583	
    Magnitude of b:	6.9425116392244	

	
    Current index:	89501	
    Magnitude of W_grad:	6.3656950894644	
    Magnitude of W:	58088.931977091	
    Magnitude of B_grad:	0.083574633666363	
    Magnitude of b:	6.9688222031131	

	
SGD: Loss is	
	LOSS:Calculated softmax res	
221655.73826035	
SGD: crossEntropyLoss is	
221655.73826035	
SGD: Validation Accuracy is:	
0.28519527702089	
SGD: Magnitude of W:	
58078.240455092	
SGD: Magnitude of b:	
6.2777359351972	
    Current index:	9501	
    Magnitude of W_grad:	7.1663893108639	
    Magnitude of W:	58051.66374864	
    Magnitude of B_grad:	0.19484839853748	
    Magnitude of b:	6.1147864138341	

	
    Current index:	19501	
    Magnitude of W_grad:	5.6059290685831	
    Magnitude of W:	58024.767529718	
    Magnitude of B_grad:	0.086860304872381	
    Magnitude of b:	6.45760819732	

	
    Current index:	29501	
    Magnitude of W_grad:	6.0251571129475	
    Magnitude of W:	57999.174076584	
    Magnitude of B_grad:	0.15316638645791	
    Magnitude of b:	6.1437171558447	

	
    Current index:	39501	
    Magnitude of W_grad:	5.7012314427006	
    Magnitude of W:	57972.259886125	
    Magnitude of B_grad:	0.065995063935136	
    Magnitude of b:	6.8161279029316	

	
    Current index:	49501	
    Magnitude of W_grad:	6.7152419614455	
    Magnitude of W:	57945.401225026	
    Magnitude of B_grad:	0.20425311643967	
    Magnitude of b:	6.6706360185206	

	
    Current index:	59501	
    Magnitude of W_grad:	6.6525763274813	
    Magnitude of W:	57917.665466676	
    Magnitude of B_grad:	0.16321361105516	
    Magnitude of b:	6.5912920109487	

	
    Current index:	69501	
    Magnitude of W_grad:	6.7421162622746	
    Magnitude of W:	57891.249738731	
    Magnitude of B_grad:	0.1400126922581	
    Magnitude of b:	6.6905803107091	

	
    Current index:	79501	
    Magnitude of W_grad:	6.511589924411	
    Magnitude of W:	57863.876322529	
    Magnitude of B_grad:	0.25971703842222	
    Magnitude of b:	6.9066481846039	

	
    Current index:	89501	
    Magnitude of W_grad:	6.1500671256823	
    Magnitude of W:	57839.00153921	
    Magnitude of B_grad:	0.0736365075681	
    Magnitude of b:	6.9412434075554	

	
SGD: Loss is	
	LOSS:Calculated softmax res	
217395.06891647	
SGD: crossEntropyLoss is	
217395.06891647	
SGD: Validation Accuracy is:	
0.28701180744777	
SGD: Magnitude of W:	
57828.72798944	
SGD: Magnitude of b:	
6.2607749443428	
    Current index:	9501	
    Magnitude of W_grad:	6.8908467536632	
    Magnitude of W:	57802.93708322	
    Magnitude of B_grad:	0.18275043881322	
    Magnitude of b:	6.0916669515585	

	
    Current index:	19501	
    Magnitude of W_grad:	5.5020123159875	
    Magnitude of W:	57776.727226445	
    Magnitude of B_grad:	0.087554478202779	
    Magnitude of b:	6.4347111729796	

	
    Current index:	29501	
    Magnitude of W_grad:	5.9019817320674	
    Magnitude of W:	57751.799513313	
    Magnitude of B_grad:	0.15157535084939	
    Magnitude of b:	6.1249699182751	

	
    Current index:	39501	
    Magnitude of W_grad:	5.6056455173875	
    Magnitude of W:	57725.632879092	
    Magnitude of B_grad:	0.069740024469308	
    Magnitude of b:	6.7831086248147	

	
    Current index:	49501	
    Magnitude of W_grad:	6.6288056445854	
    Magnitude of W:	57699.677629821	
    Magnitude of B_grad:	0.20134075860559	
    Magnitude of b:	6.6433495054007	

	
    Current index:	59501	
    Magnitude of W_grad:	6.4854942611616	
    Magnitude of W:	57672.746860869	
    Magnitude of B_grad:	0.16059111609536	
    Magnitude of b:	6.5646226252187	

	
    Current index:	69501	
    Magnitude of W_grad:	6.6357549325283	
    Magnitude of W:	57647.07601428	
    Magnitude of B_grad:	0.13822969047866	
    Magnitude of b:	6.6608283561776	

	
    Current index:	79501	
    Magnitude of W_grad:	6.3467782361394	
    Magnitude of W:	57620.586900293	
    Magnitude of B_grad:	0.24965202569462	
    Magnitude of b:	6.8739163583	

	
    Current index:	89501	
    Magnitude of W_grad:	5.9537556498631	
    Magnitude of W:	57596.358782268	
    Magnitude of B_grad:	0.064765661661497	
    Magnitude of b:	6.9164310489373	

	
SGD: Loss is	
	LOSS:Calculated softmax res	
213454.17168916	
SGD: crossEntropyLoss is	
213454.17168916	
SGD: Validation Accuracy is:	
0.29064486830154	
SGD: Magnitude of W:	
57586.284294889	
SGD: Magnitude of b:	
6.2459031861893	
    Current index:	9501	
    Magnitude of W_grad:	6.63621972372	
    Magnitude of W:	57561.180724978	
    Magnitude of B_grad:	0.17191673882223	
    Magnitude of b:	6.0702755796367	

	
    Current index:	19501	
    Magnitude of W_grad:	5.4069725121968	
    Magnitude of W:	57535.625343046	
    Magnitude of B_grad:	0.087857666950998	
    Magnitude of b:	6.4151258475933	

	
    Current index:	29501	
    Magnitude of W_grad:	5.7892461667714	
    Magnitude of W:	57511.288102146	
    Magnitude of B_grad:	0.1499327245585	
    Magnitude of b:	6.1094922763506	

	
    Current index:	39501	
    Magnitude of W_grad:	5.5182900701599	
    Magnitude of W:	57485.792217719	
    Magnitude of B_grad:	0.073279429331787	
    Magnitude of b:	6.7539762166857	

	
    Current index:	49501	
    Magnitude of W_grad:	6.5481912206622	
    Magnitude of W:	57460.546748622	
    Magnitude of B_grad:	0.19871410546249	
    Magnitude of b:	6.6192349424696	

	
    Current index:	59501	
    Magnitude of W_grad:	6.3285303480377	
    Magnitude of W:	57434.211196562	
    Magnitude of B_grad:	0.15771599100469	
    Magnitude of b:	6.5405682646824	

	
    Current index:	69501	
    Magnitude of W_grad:	6.5427789556255	
    Magnitude of W:	57409.285642261	
    Magnitude of B_grad:	0.13653893394607	
    Magnitude of b:	6.6342015648156	

	
    Current index:	79501	
    Magnitude of W_grad:	6.1948354781047	
    Magnitude of W:	57383.502119321	
    Magnitude of B_grad:	0.24205369248943	
    Magnitude of b:	6.8444150331105	

	
    Current index:	89501	
    Magnitude of W_grad:	5.7784651771372	
    Magnitude of W:	57359.955847496	
    Magnitude of B_grad:	0.056872512827845	
    Magnitude of b:	6.894393494401	

	
SGD: Loss is	
	LOSS:Calculated softmax res	
209794.65970387	
SGD: crossEntropyLoss is	
209794.65970387	
SGD: Validation Accuracy is:	
0.29791099000908	
SGD: Magnitude of W:	
57350.285602257	
SGD: Magnitude of b:	
6.2330730205297	
    Current index:	9501	
    Magnitude of W_grad:	6.3994593414869	
    Magnitude of W:	57325.898580646	
    Magnitude of B_grad:	0.16231033091151	
    Magnitude of b:	6.0509591164706	

	
    Current index:	19501	
    Magnitude of W_grad:	5.3210914992141	
    Magnitude of W:	57301.009286301	
    Magnitude of B_grad:	0.08784804796631	
    Magnitude of b:	6.3984417044864	

	
    Current index:	29501	
    Magnitude of W_grad:	5.6982586542275	
    Magnitude of W:	57277.398315581	
    Magnitude of B_grad:	0.14837982648235	
    Magnitude of b:	6.0967115197331	

	
    Current index:	39501	
    Magnitude of W_grad:	5.4372097700282	
    Magnitude of W:	57252.587924536	
    Magnitude of B_grad:	0.076595531853928	
    Magnitude of b:	6.7283418981764	

	
    Current index:	49501	
    Magnitude of W_grad:	6.4719067791921	
    Magnitude of W:	57228.010173516	
    Magnitude of B_grad:	0.19631845189273	
    Magnitude of b:	6.5979685890889	

	
    Current index:	59501	
    Magnitude of W_grad:	6.1790394363634	
    Magnitude of W:	57202.178417538	
    Magnitude of B_grad:	0.15470117663862	
    Magnitude of b:	6.5190532356276	

	
    Current index:	69501	
    Magnitude of W_grad:	6.4552037636655	
    Magnitude of W:	57177.759904133	
    Magnitude of B_grad:	0.13489496004577	
    Magnitude of b:	6.6104200300755	

	
    Current index:	79501	
    Magnitude of W_grad:	6.0521690815349	
    Magnitude of W:	57152.718713519	
    Magnitude of B_grad:	0.23470772957555	
    Magnitude of b:	6.8180576105092	

	
    Current index:	89501	
    Magnitude of W_grad:	5.6188198906953	
    Magnitude of W:	57129.800592476	
    Magnitude of B_grad:	0.049852300136179	
    Magnitude of b:	6.8749914932608	

	
SGD: Loss is	
	LOSS:Calculated softmax res	
206385.95690406	
SGD: crossEntropyLoss is	
206385.95690406	
SGD: Validation Accuracy is:	
0.30154405086285	
SGD: Magnitude of W:	
57120.496745467	
SGD: Magnitude of b:	
6.2222239518186	
    Current index:	9501	
    Magnitude of W_grad:	6.1916442713796	
    Magnitude of W:	57097.113982208	
    Magnitude of B_grad:	0.1538061248765	
    Magnitude of b:	6.0339392752056	

	
    Current index:	19501	
    Magnitude of W_grad:	5.2417899436288	
    Magnitude of W:	57072.81108953	
    Magnitude of B_grad:	0.087595465916661	
    Magnitude of b:	6.3841957884436	

	
    Current index:	29501	
    Magnitude of W_grad:	5.6278437370616	
    Magnitude of W:	57049.716327883	
    Magnitude of B_grad:	0.1469768132996	
    Magnitude of b:	6.0860885226292	

	
    Current index:	39501	
    Magnitude of W_grad:	5.3610100326834	
    Magnitude of W:	57025.570473651	
    Magnitude of B_grad:	0.079679286657321	
    Magnitude of b:	6.7057869430503	

	
    Current index:	49501	
    Magnitude of W_grad:	6.4001874847756	
    Magnitude of W:	57001.723849089	
    Magnitude of B_grad:	0.19411258336065	
    Magnitude of b:	6.5792247236974	

	
    Current index:	59501	
    Magnitude of W_grad:	6.0383235547276	
    Magnitude of W:	56976.486924368	
    Magnitude of B_grad:	0.15165301018823	
    Magnitude of b:	6.4998864180005	

	
    Current index:	69501	
    Magnitude of W_grad:	6.3734656378844	
    Magnitude of W:	56952.70566751	
    Magnitude of B_grad:	0.13327149178043	
    Magnitude of b:	6.5891855986282	

	
    Current index:	79501	
    Magnitude of W_grad:	5.9202976003685	
    Magnitude of W:	56928.275436505	
    Magnitude of B_grad:	0.22950072685903	
    Magnitude of b:	6.7946461990683	

	
    Current index:	89501	
    Magnitude of W_grad:	5.476057910668	
    Magnitude of W:	56905.771077511	
    Magnitude of B_grad:	0.043607045668945	
    Magnitude of b:	6.8580103900261	

	
SGD: Loss is	
	LOSS:Calculated softmax res	
203202.45052196	
SGD: crossEntropyLoss is	
203202.45052196	
SGD: Validation Accuracy is:	
0.30063578564941	
SGD: Magnitude of W:	
56896.722105537	
SGD: Magnitude of b:	
6.2132261218162	
    Current index:	9501	
    Magnitude of W_grad:	6.0167054795805	
    Magnitude of W:	56874.147004087	
    Magnitude of B_grad:	0.14625035290525	
    Magnitude of b:	6.0192142333129	

	
    Current index:	19501	
    Magnitude of W_grad:	5.1665475325477	
    Magnitude of W:	56850.559770951	
    Magnitude of B_grad:	0.088718933894587	
    Magnitude of b:	6.3719704814286	

	
    Current index:	29501	
    Magnitude of W_grad:	5.5676347055203	
    Magnitude of W:	56827.999247445	
    Magnitude of B_grad:	0.14573062179956	
    Magnitude of b:	6.0771978029603	

	
    Current index:	39501	
    Magnitude of W_grad:	5.2899268571654	
    Magnitude of W:	56804.374338447	
    Magnitude of B_grad:	0.082530663350017	
    Magnitude of b:	6.6859286889537	

	
    Current index:	49501	
    Magnitude of W_grad:	6.3300590101737	
    Magnitude of W:	56781.181355334	
    Magnitude of B_grad:	0.19206224808772	
    Magnitude of b:	6.5627172323726	

	
    Current index:	59501	
    Magnitude of W_grad:	5.9046596921096	
    Magnitude of W:	56756.613070306	
    Magnitude of B_grad:	0.14866232768025	
    Magnitude of b:	6.4828517771393	

	
    Current index:	69501	
    Magnitude of W_grad:	6.2939010304735	
    Magnitude of W:	56733.420389756	
    Magnitude of B_grad:	0.13165325862495	
    Magnitude of b:	6.5702242958049	

	
    Current index:	79501	
    Magnitude of W_grad:	5.7962055242136	
    Magnitude of W:	56709.53761435	
    Magnitude of B_grad:	0.22445065798535	
    Magnitude of b:	6.7739378105813	

	
    Current index:	89501	
    Magnitude of W_grad:	5.3447034837716	
    Magnitude of W:	56687.574581763	
    Magnitude of B_grad:	0.038051243579319	
    Magnitude of b:	6.8432133215034	

	
SGD: Loss is	
	LOSS:Calculated softmax res	
200221.71992321	
SGD: crossEntropyLoss is	
200221.71992321	
SGD: Validation Accuracy is:	
0.30608537693006	
SGD: Magnitude of W:	
56678.769465642	
SGD: Magnitude of b:	
6.2059123321933	
    Current index:	9501	
    Magnitude of W_grad:	5.8651952645482	
    Magnitude of W:	56656.878640906	
    Magnitude of B_grad:	0.13949365444995	
    Magnitude of b:	6.00660429351	

	
    Current index:	19501	
    Magnitude of W_grad:	5.0985323528853	
    Magnitude of W:	56633.856894585	
    Magnitude of B_grad:	0.089936439384202	
    Magnitude of b:	6.3614245073144	

	
    Current index:	29501	
    Magnitude of W_grad:	5.5113113626338	
    Magnitude of W:	56611.918282204	
    Magnitude of B_grad:	0.14462156579202	
    Magnitude of b:	6.0697333841832	

	
    Current index:	39501	
    Magnitude of W_grad:	5.2225897698	
    Magnitude of W:	56588.657297099	
    Magnitude of B_grad:	0.085157138940807	
    Magnitude of b:	6.6684422137169	

	
    Current index:	49501	
    Magnitude of W_grad:	6.2585120461244	
    Magnitude of W:	56565.824981851	
    Magnitude of B_grad:	0.19013705701913	
    Magnitude of b:	6.5482116517958	

	
    Current index:	59501	
    Magnitude of W_grad:	5.7774743735952	
    Magnitude of W:	56541.925448563	
    Magnitude of B_grad:	0.14580053101029	
    Magnitude of b:	6.4677480851562	

	
    Current index:	69501	
    Magnitude of W_grad:	6.21607713783	
    Magnitude of W:	56519.218592685	
    Magnitude of B_grad:	0.13003298875349	
    Magnitude of b:	6.5532941994289	

	
    Current index:	79501	
    Magnitude of W_grad:	5.6807680148311	
    Magnitude of W:	56495.903128447	
    Magnitude of B_grad:	0.21944798955705	
    Magnitude of b:	6.7556797959832	

	
    Current index:	89501	
    Magnitude of W_grad:	5.2303090129004	
    Magnitude of W:	56474.548277935	
    Magnitude of B_grad:	0.034828353640575	
    Magnitude of b:	6.8303637456403	

	
SGD: Loss is	
	LOSS:Calculated softmax res	
197423.84565568	
SGD: crossEntropyLoss is	
197423.84565568	
SGD: Validation Accuracy is:	
0.30608537693006	
SGD: Magnitude of W:	
56465.999143509	
SGD: Magnitude of b:	
6.2001029317277	
    Current index:	9501	
    Magnitude of W_grad:	5.732488864208	
    Magnitude of W:	56444.720793079	
    Magnitude of B_grad:	0.13340550653591	
    Magnitude of b:	5.9958478010766	

	
    Current index:	19501	
    Magnitude of W_grad:	5.0348478066552	
    Magnitude of W:	56422.236280519	
    Magnitude of B_grad:	0.091072919934639	
    Magnitude of b:	6.352282423495	

	
    Current index:	29501	
    Magnitude of W_grad:	5.4578055035074	
    Magnitude of W:	56400.982471306	
    Magnitude of B_grad:	0.1436205036353	
    Magnitude of b:	6.0634783665109	

	
    Current index:	39501	
    Magnitude of W_grad:	5.1596471349173	
    Magnitude of W:	56378.143357573	
    Magnitude of B_grad:	0.087571465136959	
    Magnitude of b:	6.6530520267081	

	
    Current index:	49501	
    Magnitude of W_grad:	6.1864379441218	
    Magnitude of W:	56355.8769182	
    Magnitude of B_grad:	0.18830946538845	
    Magnitude of b:	6.5355139555815	

	
    Current index:	59501	
    Magnitude of W_grad:	5.6566141014091	
    Magnitude of W:	56332.588933269	
    Magnitude of B_grad:	0.14311773664612	
    Magnitude of b:	6.4543929066191	

	
    Current index:	69501	
    Magnitude of W_grad:	6.142241902164	
    Magnitude of W:	56310.398939875	
    Magnitude of B_grad:	0.12841080544384	
    Magnitude of b:	6.5381774798853	

	
    Current index:	79501	
    Magnitude of W_grad:	5.5747284680458	
    Magnitude of W:	56287.620611482	
    Magnitude of B_grad:	0.21453839406464	
    Magnitude of b:	6.7396208601051	

	
    Current index:	89501	
    Magnitude of W_grad:	5.1281993166322	
    Magnitude of W:	56266.727605761	
    Magnitude of B_grad:	0.032937114227859	
    Magnitude of b:	6.8192288768104	

	
SGD: Loss is	
	LOSS:Calculated softmax res	
194791.16001055	
SGD: crossEntropyLoss is	
194791.16001055	
SGD: Validation Accuracy is:	
0.30517711171662	
SGD: Magnitude of W:	
56258.447415313	
SGD: Magnitude of b:	
6.1956118301317	
    Current index:	9501	
    Magnitude of W_grad:	5.6170060875361	
    Magnitude of W:	56237.817711417	
    Magnitude of B_grad:	0.12787815081119	
    Magnitude of b:	5.9866682792192	

	
    Current index:	19501	
    Magnitude of W_grad:	4.9765438285636	
    Magnitude of W:	56215.958910534	
    Magnitude of B_grad:	0.092135486843039	
    Magnitude of b:	6.34431432873	

	
    Current index:	29501	
    Magnitude of W_grad:	5.4043582180485	
    Magnitude of W:	56195.07383627	
    Magnitude of B_grad:	0.142697634862	
    Magnitude of b:	6.0582706698394	

	
    Current index:	39501	
    Magnitude of W_grad:	5.0992799158022	
    Magnitude of W:	56172.527388599	
    Magnitude of B_grad:	0.089789499727284	
    Magnitude of b:	6.6395165763011	

	
    Current index:	49501	
    Magnitude of W_grad:	6.1129552110316	
    Magnitude of W:	56150.803836649	
    Magnitude of B_grad:	0.18655501168118	
    Magnitude of b:	6.5244526392481	

	
    Current index:	59501	
    Magnitude of W_grad:	5.5430253371392	
    Magnitude of W:	56128.000930999	
    Magnitude of B_grad:	0.14064292817734	
    Magnitude of b:	6.4426113571369	

	
    Current index:	69501	
    Magnitude of W_grad:	6.0715044350187	
    Magnitude of W:	56106.319941999	
    Magnitude of B_grad:	0.12679324867987	
    Magnitude of b:	6.524669904021	

	
    Current index:	79501	
    Magnitude of W_grad:	5.4774137472517	
    Magnitude of W:	56083.995259833	
    Magnitude of B_grad:	0.2097596477357	
    Magnitude of b:	6.7255110610714	

	
    Current index:	89501	
    Magnitude of W_grad:	5.034847095638	
    Magnitude of W:	56063.343914402	
    Magnitude of B_grad:	0.031193379455038	
    Magnitude of b:	6.8095777624058	

	
SGD: Loss is	
	LOSS:Calculated softmax res	
192308.05249242	
SGD: crossEntropyLoss is	
192308.05249242	
SGD: Validation Accuracy is:	
0.30517711171662	
SGD: Magnitude of W:	
56055.278858481	
SGD: Magnitude of b:	
6.1922467427029	
    Current index:	9501	
    Magnitude of W_grad:	5.5181899415537	
    Magnitude of W:	56035.226728343	
    Magnitude of B_grad:	0.12282542332836	
    Magnitude of b:	5.9788036838251	

	
    Current index:	19501	
    Magnitude of W_grad:	4.9239167206013	
    Magnitude of W:	56013.738488726	
    Magnitude of B_grad:	0.093130511223327	
    Magnitude of b:	6.3373197465633	

	
    Current index:	29501	
    Magnitude of W_grad:	5.3499525163072	
    Magnitude of W:	55993.137530441	
    Magnitude of B_grad:	0.14182620371607	
    Magnitude of b:	6.0539780079199	

	
    Current index:	39501	
    Magnitude of W_grad:	5.0421015674852	
    Magnitude of W:	55970.999529487	
    Magnitude of B_grad:	0.091828397858433	
    Magnitude of b:	6.6276164656111	

	
    Current index:	49501	
    Magnitude of W_grad:	6.0392565329521	
    Magnitude of W:	55949.663480108	
    Magnitude of B_grad:	0.18485332058823	
    Magnitude of b:	6.5148638712846	

	
    Current index:	59501	
    Magnitude of W_grad:	5.4350430724856	
    Magnitude of W:	55927.232706993	
    Magnitude of B_grad:	0.13838668059893	
    Magnitude of b:	6.4322253711874	

	
    Current index:	69501	
    Magnitude of W_grad:	6.0008064259402	
    Magnitude of W:	55905.925770328	
    Magnitude of B_grad:	0.12519065753654	
    Magnitude of b:	6.5125747409199	

	
    Current index:	79501	
    Magnitude of W_grad:	5.3880592288176	
    Magnitude of W:	55884.026938589	
    Magnitude of B_grad:	0.20514156275948	
    Magnitude of b:	6.7131014711079	

	
    Current index:	89501	
    Magnitude of W_grad:	4.9493986581016	
    Magnitude of W:	55863.778812336	
    Magnitude of B_grad:	0.029577135423974	
    Magnitude of b:	6.8011822715109	

	
SGD: Loss is	
	LOSS:Calculated softmax res	
189960.74672167	
SGD: crossEntropyLoss is	
189960.74672167	
SGD: Validation Accuracy is:	
0.30881017257039	
SGD: Magnitude of W:	
55855.907508987	
SGD: Magnitude of b:	
6.1898125632935	
    Current index:	9501	
    Magnitude of W_grad:	5.4296174863443	
    Magnitude of W:	55836.312531206	
    Magnitude of B_grad:	0.11817947871912	
    Magnitude of b:	5.9720157715333	

	
    Current index:	19501	
    Magnitude of W_grad:	4.8725650100994	
    Magnitude of W:	55815.211179724	
    Magnitude of B_grad:	0.094062704616879	
    Magnitude of b:	6.3311188750041	

	
    Current index:	29501	
    Magnitude of W_grad:	5.2938374009078	
    Magnitude of W:	55794.932448503	
    Magnitude of B_grad:	0.14098374106569	
    Magnitude of b:	6.0504833073951	

	
    Current index:	39501	
    Magnitude of W_grad:	4.9899325345829	
    Magnitude of W:	55773.179055896	
    Magnitude of B_grad:	0.093705164717435	
    Magnitude of b:	6.6171486479578	

	
    Current index:	49501	
    Magnitude of W_grad:	5.9650185548171	
    Magnitude of W:	55752.260656121	
    Magnitude of B_grad:	0.18318929338651	
    Magnitude of b:	6.5065835075746	

	
    Current index:	59501	
    Magnitude of W_grad:	5.3344224593134	
    Magnitude of W:	55730.187226469	
    Magnitude of B_grad:	0.13634581782574	
    Magnitude of b:	6.4230528902274	

	
    Current index:	69501	
    Magnitude of W_grad:	5.9343679372442	
    Magnitude of W:	55709.277345483	
    Magnitude of B_grad:	0.12361350118577	
    Magnitude of b:	6.5017050310763	

	
    Current index:	79501	
    Magnitude of W_grad:	5.3053175760826	
    Magnitude of W:	55687.76062142	
    Magnitude of B_grad:	0.20070610917652	
    Magnitude of b:	6.7021502612396	

	
    Current index:	89501	
    Magnitude of W_grad:	4.8708351336005	
    Magnitude of W:	55667.889393636	
    Magnitude of B_grad:	0.028073492795179	
    Magnitude of b:	6.7938247186465	

	
SGD: Loss is	
	LOSS:Calculated softmax res	
187737.07089554	
SGD: crossEntropyLoss is	
187737.07089554	
SGD: Validation Accuracy is:	
0.31244323342416	
SGD: Magnitude of W:	
55660.229666026	
SGD: Magnitude of b:	
6.1881206981011	
    Current index:	9501	
    Magnitude of W_grad:	5.3492498043016	
    Magnitude of W:	55641.106044648	
    Magnitude of B_grad:	0.11388696602617	
    Magnitude of b:	5.9660944641738	

	
    Current index:	19501	
    Magnitude of W_grad:	4.8229900507165	
    Magnitude of W:	55620.270053139	
    Magnitude of B_grad:	0.094934512890038	
    Magnitude of b:	6.325551399596	

	
    Current index:	29501	
    Magnitude of W_grad:	5.2375174776906	
    Magnitude of W:	55600.324542842	
    Magnitude of B_grad:	0.140152306497	
    Magnitude of b:	6.0476788297037	

	
    Current index:	39501	
    Magnitude of W_grad:	4.9397394989901	
    Magnitude of W:	55578.907073976	
    Magnitude of B_grad:	0.095435569285904	
    Magnitude of b:	6.607926629778	

	
    Current index:	49501	
    Magnitude of W_grad:	5.8883995209293	
    Magnitude of W:	55558.347426098	
    Magnitude of B_grad:	0.18155383422164	
    Magnitude of b:	6.4994473917231	

	
    Current index:	59501	
    Magnitude of W_grad:	5.2410042267335	
    Magnitude of W:	55536.640042753	
    Magnitude of B_grad:	0.13450840660083	
    Magnitude of b:	6.4149174280129	

	
    Current index:	69501	
    Magnitude of W_grad:	5.872149997187	
    Magnitude of W:	55516.124689723	
    Magnitude of B_grad:	0.12206925366941	
    Magnitude of b:	6.491892271278	

	
    Current index:	79501	
    Magnitude of W_grad:	5.2299336037777	
    Magnitude of W:	55495.036528921	
    Magnitude of B_grad:	0.19646767024468	
    Magnitude of b:	6.6924345369171	

	
    Current index:	89501	
    Magnitude of W_grad:	4.797392093967	
    Magnitude of W:	55475.530739044	
    Magnitude of B_grad:	0.028088326650084	
    Magnitude of b:	6.7873098529597	

	
SGD: Loss is	
	LOSS:Calculated softmax res	
185626.24523146	
SGD: crossEntropyLoss is	
185626.24523146	
SGD: Validation Accuracy is:	
0.31153496821072	
SGD: Magnitude of W:	
55467.98386804	
SGD: Magnitude of b:	
6.1870014791042	
    Current index:	9501	
    Magnitude of W_grad:	5.2757171799129	
    Magnitude of W:	55449.316504599	
    Magnitude of B_grad:	0.10990543809802	
    Magnitude of b:	5.9608623432198	

	
    Current index:	19501	
    Magnitude of W_grad:	4.7763005740749	
    Magnitude of W:	55428.82696323	
    Magnitude of B_grad:	0.095745875203386	
    Magnitude of b:	6.3204803422525	

	
    Current index:	29501	
    Magnitude of W_grad:	5.1802649762043	
    Magnitude of W:	55409.29688891	
    Magnitude of B_grad:	0.13931830277143	
    Magnitude of b:	6.0454661401638	

	
    Current index:	39501	
    Magnitude of W_grad:	4.8913222426422	
    Magnitude of W:	55388.210788313	
    Magnitude of B_grad:	0.097033468741472	
    Magnitude of b:	6.5997847686892	

	
    Current index:	49501	
    Magnitude of W_grad:	5.8099552783184	
    Magnitude of W:	55367.90073357	
    Magnitude of B_grad:	0.17994371625538	
    Magnitude of b:	6.4932979844389	

	
    Current index:	59501	
    Magnitude of W_grad:	5.1555396418399	
    Magnitude of W:	55346.611865896	
    Magnitude of B_grad:	0.13285781294446	
    Magnitude of b:	6.4076603421604	

	
    Current index:	69501	
    Magnitude of W_grad:	5.8120374693558	
    Magnitude of W:	55326.551645852	
    Magnitude of B_grad:	0.12056098459955	
    Magnitude of b:	6.4829942461879	

	
    Current index:	79501	
    Magnitude of W_grad:	5.1582984420645	
    Magnitude of W:	55305.841451683	
    Magnitude of B_grad:	0.1924338467759	
    Magnitude of b:	6.6837611005523	

	
    Current index:	89501	
    Magnitude of W_grad:	4.7280649109689	
    Magnitude of W:	55286.553868617	
    Magnitude of B_grad:	0.029645581823266	
    Magnitude of b:	6.7814745784567	

	
SGD: Loss is	
	LOSS:Calculated softmax res	
183618.69731804	
SGD: crossEntropyLoss is	
183618.69731804	
SGD: Validation Accuracy is:	
0.31244323342416	
SGD: Magnitude of W:	
55279.172973267	
SGD: Magnitude of b:	
6.1863136007047	
    Current index:	9501	
    Magnitude of W_grad:	5.212053010633	
    Magnitude of W:	55260.87892549	
    Magnitude of B_grad:	0.10620034673306	
    Magnitude of b:	5.9561776072229	

	
    Current index:	19501	
    Magnitude of W_grad:	4.7325092673569	
    Magnitude of W:	55240.652217568	
    Magnitude of B_grad:	0.096494345139538	
    Magnitude of b:	6.315795991105	

	
    Current index:	29501	
    Magnitude of W_grad:	5.1240440894474	
    Magnitude of W:	55221.467922902	
    Magnitude of B_grad:	0.13847201403929	
    Magnitude of b:	6.0437579626648	

	
    Current index:	39501	
    Magnitude of W_grad:	4.8444606691445	
    Magnitude of W:	55200.707416061	
    Magnitude of B_grad:	0.09851054544928	
    Magnitude of b:	6.5925826594911	

	
    Current index:	49501	
    Magnitude of W_grad:	5.7305652538783	
    Magnitude of W:	55180.658547183	
    Magnitude of B_grad:	0.1783606164408	
    Magnitude of b:	6.4879921990042	

	
    Current index:	59501	
    Magnitude of W_grad:	5.0746138512885	
    Magnitude of W:	55159.752964672	
    Magnitude of B_grad:	0.13137546374838	
    Magnitude of b:	6.4011481456827	

	
    Current index:	69501	
    Magnitude of W_grad:	5.7527176150813	
    Magnitude of W:	55139.976278274	
    Magnitude of B_grad:	0.11908767464037	
    Magnitude of b:	6.474896778735	

	
    Current index:	79501	
    Magnitude of W_grad:	5.0902787007227	
    Magnitude of W:	55119.677381171	
    Magnitude of B_grad:	0.1886068221842	
    Magnitude of b:	6.6759709019421	

	
    Current index:	89501	
    Magnitude of W_grad:	4.6627076012421	
    Magnitude of W:	55100.621130753	
    Magnitude of B_grad:	0.031027166220451	
    Magnitude of b:	6.7761908629954	

	
SGD: Loss is	
	LOSS:Calculated softmax res	
181705.90848109	
SGD: crossEntropyLoss is	
181705.90848109	
SGD: Validation Accuracy is:	
0.31516802906449	
SGD: Magnitude of W:	
55093.424314974	
SGD: Magnitude of b:	
6.1859469604482	
    Current index:	9501	
    Magnitude of W_grad:	5.1531947655648	
    Magnitude of W:	55075.387456862	
    Magnitude of B_grad:	0.10274273827426	
    Magnitude of b:	5.9519330381837	

	
    Current index:	19501	
    Magnitude of W_grad:	4.6900457461273	
    Magnitude of W:	55055.451373516	
    Magnitude of B_grad:	0.097175584692483	
    Magnitude of b:	6.3114161879048	

	
    Current index:	29501	
    Magnitude of W_grad:	5.0676167658492	
    Magnitude of W:	55036.519359349	
    Magnitude of B_grad:	0.13760695019058	
    Magnitude of b:	6.0424789860149	

	
    Current index:	39501	
    Magnitude of W_grad:	4.7986503360561	
    Magnitude of W:	55016.060286568	
    Magnitude of B_grad:	0.099876383279189	
    Magnitude of b:	6.586206385246	

	
    Current index:	49501	
    Magnitude of W_grad:	5.6506135160374	
    Magnitude of W:	54996.359094165	
    Magnitude of B_grad:	0.17680960347574	
    Magnitude of b:	6.4834062435844	

	
    Current index:	59501	
    Magnitude of W_grad:	4.9983773893424	
    Magnitude of W:	54975.780621307	
    Magnitude of B_grad:	0.13004254884503	
    Magnitude of b:	6.395272973993	

	
    Current index:	69501	
    Magnitude of W_grad:	5.6940790137059	
    Magnitude of W:	54956.377961553	
    Magnitude of B_grad:	0.11767782015835	
    Magnitude of b:	6.4675097851423	

	
    Current index:	79501	
    Magnitude of W_grad:	5.0246755754853	
    Magnitude of W:	54936.46145857	
    Magnitude of B_grad:	0.18498485688092	
    Magnitude of b:	6.6689372746792	

	
    Current index:	89501	
    Magnitude of W_grad:	4.6015912369507	
    Magnitude of W:	54917.649525705	
    Magnitude of B_grad:	0.03225279779712	
    Magnitude of b:	6.7713623698017	

	
SGD: Loss is	
	LOSS:Calculated softmax res	
179880.28712034	
SGD: crossEntropyLoss is	
179880.28712034	
SGD: Validation Accuracy is:	
0.31698455949137	
SGD: Magnitude of W:	
54910.596726329	
SGD: Magnitude of b:	
6.1858197883851	
    Current index:	9501	
    Magnitude of W_grad:	5.0977244726546	
    Magnitude of W:	54892.856339059	
    Magnitude of B_grad:	0.09950763328662	
    Magnitude of b:	5.9480511085114	

	
    Current index:	19501	
    Magnitude of W_grad:	4.6507628905278	
    Magnitude of W:	54873.290005074	
    Magnitude of B_grad:	0.09778420275218	
    Magnitude of b:	6.3072826865723	

	
    Current index:	29501	
    Magnitude of W_grad:	5.0117586862931	
    Magnitude of W:	54854.702165049	
    Magnitude of B_grad:	0.13671912448027	
    Magnitude of b:	6.0415650704417	

	
    Current index:	39501	
    Magnitude of W_grad:	4.7555918601147	
    Magnitude of W:	54834.554905652	
    Magnitude of B_grad:	0.10113878822872	
    Magnitude of b:	6.5805660500492	

	
    Current index:	49501	
    Magnitude of W_grad:	5.5711423750034	
    Magnitude of W:	54815.177787206	
    Magnitude of B_grad:	0.17529742170361	
    Magnitude of b:	6.4794365800563	

	
    Current index:	59501	
    Magnitude of W_grad:	4.927597090533	
    Magnitude of W:	54794.841976234	
    Magnitude of B_grad:	0.12884101434652	
    Magnitude of b:	6.3899486494252	

	
    Current index:	69501	
    Magnitude of W_grad:	5.6369496608837	
    Magnitude of W:	54775.763543502	
    Magnitude of B_grad:	0.11656769400807	
    Magnitude of b:	6.4607609023124	

	
    Current index:	79501	
    Magnitude of W_grad:	4.9624896455436	
    Magnitude of W:	54756.140079429	
    Magnitude of B_grad:	0.18156352577564	
    Magnitude of b:	6.6625608145093	

	
    Current index:	89501	
    Magnitude of W_grad:	4.5426930782139	
    Magnitude of W:	54737.655427029	
    Magnitude of B_grad:	0.033339629668801	
    Magnitude of b:	6.766917944933	

	
SGD: Loss is	
	LOSS:Calculated softmax res	
178135.06155182	
SGD: crossEntropyLoss is	
178135.06155182	
SGD: Validation Accuracy is:	
0.31607629427793	
SGD: Magnitude of W:	
54730.747264124	
SGD: Magnitude of b:	
6.1858730085934	
    Current index:	9501	
    Magnitude of W_grad:	5.0460799366366	
    Magnitude of W:	54713.260356053	
    Magnitude of B_grad:	0.096472991234603	
    Magnitude of b:	5.944477211616	

	
    Current index:	19501	
    Magnitude of W_grad:	4.6127288715206	
    Magnitude of W:	54693.91159911	
    Magnitude of B_grad:	0.098314783461807	
    Magnitude of b:	6.3033554560379	

	
    Current index:	29501	
    Magnitude of W_grad:	4.9564435171489	
    Magnitude of W:	54675.625643403	
    Magnitude of B_grad:	0.13580639365377	
    Magnitude of b:	6.0409616819263	

	
    Current index:	39501	
    Magnitude of W_grad:	4.7146495584952	
    Magnitude of W:	54655.727632056	
    Magnitude of B_grad:	0.10230426601675	
    Magnitude of b:	6.5755906543552	

	
    Current index:	49501	
    Magnitude of W_grad:	5.4934469020828	
    Magnitude of W:	54636.647008556	
    Magnitude of B_grad:	0.1741859116995	
    Magnitude of b:	6.4759981380764	

	
    Current index:	59501	
    Magnitude of W_grad:	4.8607228668503	
    Magnitude of W:	54616.708445024	
    Magnitude of B_grad:	0.12775410793644	
    Magnitude of b:	6.3851054940795	

	
    Current index:	69501	
    Magnitude of W_grad:	5.582156823586	
    Magnitude of W:	54597.902251492	
    Magnitude of B_grad:	0.11546846022035	
    Magnitude of b:	6.4545895865586	

	
    Current index:	79501	
    Magnitude of W_grad:	4.9028573444081	
    Magnitude of W:	54578.633591518	
    Magnitude of B_grad:	0.17833658290144	
    Magnitude of b:	6.6567634803647	

	
    Current index:	89501	
    Magnitude of W_grad:	4.4863944947524	
    Magnitude of W:	54560.41835031	
    Magnitude of B_grad:	0.034302554997105	
    Magnitude of b:	6.7628047581955	

	
SGD: Loss is	
	LOSS:Calculated softmax res	
176464.18623102	
SGD: crossEntropyLoss is	
176464.18623102	
SGD: Validation Accuracy is:	
0.31153496821072	
SGD: Magnitude of W:	
54553.687757659	
SGD: Magnitude of b:	
6.1860643163992	
    Current index:	9501	
    Magnitude of W_grad:	4.9979900856378	
    Magnitude of W:	54536.456828328	
    Magnitude of B_grad:	0.093619113415059	
    Magnitude of b:	5.9411730233355	

	
    Current index:	19501	
    Magnitude of W_grad:	4.5755726767742	
    Magnitude of W:	54517.385788938	
    Magnitude of B_grad:	0.098762849973233	
    Magnitude of b:	6.2996069334321	

	
    Current index:	29501	
    Magnitude of W_grad:	4.9023012743282	
    Magnitude of W:	54499.346046393	
    Magnitude of B_grad:	0.13486793484042	
    Magnitude of b:	6.0406223697966	

	
    Current index:	39501	
    Magnitude of W_grad:	4.6753825481671	
    Magnitude of W:	54479.711823685	
    Magnitude of B_grad:	0.10337855714942	
    Magnitude of b:	6.5712216043304	

	
    Current index:	49501	
    Magnitude of W_grad:	5.4178934671347	
    Magnitude of W:	54460.846241756	
    Magnitude of B_grad:	0.17403130003398	
    Magnitude of b:	6.4730211604113	

	
    Current index:	59501	
    Magnitude of W_grad:	4.7969914579215	
    Magnitude of W:	54441.215454991	
    Magnitude of B_grad:	0.1267666389429	
    Magnitude of b:	6.3806858960407	

	
    Current index:	69501	
    Magnitude of W_grad:	5.5282176778663	
    Magnitude of W:	54422.577850271	
    Magnitude of B_grad:	0.11437615845834	
    Magnitude of b:	6.4489430921632	

	
    Current index:	79501	
    Magnitude of W_grad:	4.8464502915186	
    Magnitude of W:	54403.660873089	
    Magnitude of B_grad:	0.17529651551057	
    Magnitude of b:	6.651483353578	

	
    Current index:	89501	
    Magnitude of W_grad:	4.4330316475233	
    Magnitude of W:	54385.721949412	
    Magnitude of B_grad:	0.035154523672825	
    Magnitude of b:	6.7589826118075	

	
SGD: Loss is	
	LOSS:Calculated softmax res	
174862.25800841	
SGD: crossEntropyLoss is	
174862.25800841	
SGD: Validation Accuracy is:	
0.31244323342416	
SGD: Magnitude of W:	
54379.144833763	
SGD: Magnitude of b:	
6.1863632674053	
    Current index:	9501	
    Magnitude of W_grad:	4.9532609767375	
    Magnitude of W:	54362.181784622	
    Magnitude of B_grad:	0.090928330758925	
    Magnitude of b:	5.9381111612993	

	
    Current index:	19501	
    Magnitude of W_grad:	4.5389129176117	
    Magnitude of W:	54343.342948698	
    Magnitude of B_grad:	0.099125533332474	
    Magnitude of b:	6.2960174404203	

	
    Current index:	29501	
    Magnitude of W_grad:	4.8495959711061	
    Magnitude of W:	54325.622114221	
    Magnitude of B_grad:	0.13390387024285	
    Magnitude of b:	6.0405076199124	

	
    Current index:	39501	
    Magnitude of W_grad:	4.6377464629193	
    Magnitude of W:	54306.309263814	
    Magnitude of B_grad:	0.10436709543861	
    Magnitude of b:	6.5674060677818	

	
    Current index:	49501	
    Magnitude of W_grad:	5.3444652790564	
    Magnitude of W:	54287.643060047	
    Magnitude of B_grad:	0.17384136078148	
    Magnitude of b:	6.4704476912958	

	
    Current index:	59501	
    Magnitude of W_grad:	4.7375258919984	
    Magnitude of W:	54268.264749662	
    Magnitude of B_grad:	0.12586505639193	
    Magnitude of b:	6.3766413225221	

	
    Current index:	69501	
    Magnitude of W_grad:	5.476104043673	
    Magnitude of W:	54249.91441837	
    Magnitude of B_grad:	0.11328766863065	
    Magnitude of b:	6.4437744540828	

	
    Current index:	79501	
    Magnitude of W_grad:	4.7926662156081	
    Magnitude of W:	54231.217309279	
    Magnitude of B_grad:	0.17243488875312	
    Magnitude of b:	6.6466705932579	

	
    Current index:	89501	
    Magnitude of W_grad:	4.3821864942475	
    Magnitude of W:	54213.488423816	
    Magnitude of B_grad:	0.035906810442548	
    Magnitude of b:	6.755419885198	

	
SGD: Loss is	
	LOSS:Calculated softmax res	
173324.44083061	
SGD: crossEntropyLoss is	
173324.44083061	
SGD: Validation Accuracy is:	
0.31425976385104	
SGD: Magnitude of W:	
54207.003914243	
SGD: Magnitude of b:	
6.1867477441767	
    Current index:	9501	
    Magnitude of W_grad:	4.9100857823335	
    Magnitude of W:	54190.382391343	
    Magnitude of B_grad:	0.088384847844697	
    Magnitude of b:	5.9352714704145	

	
    Current index:	19501	
    Magnitude of W_grad:	4.502903928331	
    Magnitude of W:	54171.88707909	
    Magnitude of B_grad:	0.09940184740401	
    Magnitude of b:	6.2925721469054	

	
    Current index:	29501	
    Magnitude of W_grad:	4.7986708480064	
    Magnitude of W:	54154.400020889	
    Magnitude of B_grad:	0.13291501237493	
    Magnitude of b:	6.0405840762378	

	
    Current index:	39501	
    Magnitude of W_grad:	4.6005461188762	
    Magnitude of W:	54135.363674486	
    Magnitude of B_grad:	0.10527524576542	
    Magnitude of b:	6.5640915710275	

	
    Current index:	49501	
    Magnitude of W_grad:	5.2745105294154	
    Magnitude of W:	54116.937572401	
    Magnitude of B_grad:	0.17361974508022	
    Magnitude of b:	6.4682284129653	

	
    Current index:	59501	
    Magnitude of W_grad:	4.6815244171191	
    Magnitude of W:	54097.825831694	
    Magnitude of B_grad:	0.1250374139133	
    Magnitude of b:	6.3729306062336	

	
    Current index:	69501	
    Magnitude of W_grad:	5.425755895228	
    Magnitude of W:	54079.721368547	
    Magnitude of B_grad:	0.11220080852229	
    Magnitude of b:	6.4390418440247	

	
    Current index:	79501	
    Magnitude of W_grad:	4.7410260461063	
    Magnitude of W:	54061.35547516	
    Magnitude of B_grad:	0.16974255455265	
    Magnitude of b:	6.6422845489649	

	
    Current index:	89501	
    Magnitude of W_grad:	4.334024194101	
    Magnitude of W:	54043.824791441	
    Magnitude of B_grad:	0.036569232153559	
    Magnitude of b:	6.7520909655381	

	
SGD: Loss is	
	LOSS:Calculated softmax res	
171846.39777832	
SGD: crossEntropyLoss is	
171846.39777832	
SGD: Validation Accuracy is:	
0.31516802906449	
SGD: Magnitude of W:	
54037.413713967	
SGD: Magnitude of b:	
6.187201633989	
    Current index:	9501	
    Magnitude of W_grad:	4.8703017702602	
    Magnitude of W:	54021.126283001	
    Magnitude of B_grad:	0.08597464962995	
    Magnitude of b:	5.9326387059275	

	
    Current index:	19501	
    Magnitude of W_grad:	4.4679590844528	
    Magnitude of W:	54002.901258902	
    Magnitude of B_grad:	0.099592615519028	
    Magnitude of b:	6.2892593945592	

	
    Current index:	29501	
    Magnitude of W_grad:	4.7492492706044	
    Magnitude of W:	53985.61827623	
    Magnitude of B_grad:	0.13190269182991	
    Magnitude of b:	6.0408239886692	

	
    Current index:	39501	
    Magnitude of W_grad:	4.5640048516832	
    Magnitude of W:	53966.885326086	
    Magnitude of B_grad:	0.10610824978888	
    Magnitude of b:	6.5612232547132	

	
    Current index:	49501	
    Magnitude of W_grad:	5.2082804583115	
    Magnitude of W:	53948.684255165	
    Magnitude of B_grad:	0.17336965531843	
    Magnitude of b:	6.4663202789132	

	
    Current index:	59501	
    Magnitude of W_grad:	4.6282766183486	
    Magnitude of W:	53929.827994169	
    Magnitude of B_grad:	0.12427326747634	
    Magnitude of b:	6.3695189502847	

	
    Current index:	69501	
    Magnitude of W_grad:	5.3785223474936	
    Magnitude of W:	53912.086244729	
    Magnitude of B_grad:	0.11111424475733	
    Magnitude of b:	6.434708418524	

	
    Current index:	79501	
    Magnitude of W_grad:	4.691747347532	
    Magnitude of W:	53893.99349623	
    Magnitude of B_grad:	0.16720976201988	
    Magnitude of b:	6.6382916580499	

	
    Current index:	89501	
    Magnitude of W_grad:	4.2871465191092	
    Magnitude of W:	53876.649387326	
    Magnitude of B_grad:	0.037150327559254	
    Magnitude of b:	6.7489747346753	

	
SGD: Loss is	
	LOSS:Calculated softmax res	
170424.22934094	
SGD: crossEntropyLoss is	
170424.22934094	
SGD: Validation Accuracy is:	
0.31698455949137	
SGD: Magnitude of W:	
53870.324917151	
SGD: Magnitude of b:	
6.1877133333428	
    Current index:	9501	
    Magnitude of W_grad:	4.8327333279985	
    Magnitude of W:	53854.234917645	
    Magnitude of B_grad:	0.083685410018301	
    Magnitude of b:	5.9302011366208	

	
    Current index:	19501	
    Magnitude of W_grad:	4.433795818873	
    Magnitude of W:	53836.287959535	
    Magnitude of B_grad:	0.09970017526319	
    Magnitude of b:	6.2860699148036	

	
    Current index:	29501	
    Magnitude of W_grad:	4.7007850795652	
    Magnitude of W:	53819.250828573	
    Magnitude of B_grad:	0.13086863532467	
    Magnitude of b:	6.0412047173354	

	
    Current index:	39501	
    Magnitude of W_grad:	4.5284280634581	
    Magnitude of W:	53800.75263018	
    Magnitude of B_grad:	0.10687096254685	
    Magnitude of b:	6.5587444027566	

	
    Current index:	49501	
    Magnitude of W_grad:	5.14461717799	
    Magnitude of W:	53782.823841602	
    Magnitude of B_grad:	0.17309379742175	
    Magnitude of b:	6.464685073298	

	
    Current index:	59501	
    Magnitude of W_grad:	4.5774728654502	
    Magnitude of W:	53764.240648457	
    Magnitude of B_grad:	0.12356353651941	
    Magnitude of b:	6.3663771181557	

	
    Current index:	69501	
    Magnitude of W_grad:	5.3328158126894	
    Magnitude of W:	53746.757363947	
    Magnitude of B_grad:	0.11002729681497	
    Magnitude of b:	6.4307419740644	

	
    Current index:	79501	
    Magnitude of W_grad:	4.6447961107023	
    Magnitude of W:	53728.984876643	
    Magnitude of B_grad:	0.16482618004562	
    Magnitude of b:	6.634663709409	

	
    Current index:	89501	
    Magnitude of W_grad:	4.2425117755653	
    Magnitude of W:	53711.861409231	
    Magnitude of B_grad:	0.037657514323251	
    Magnitude of b:	6.746053684229	

	
SGD: Loss is	
	LOSS:Calculated softmax res	
169054.4172326	
SGD: crossEntropyLoss is	
169054.4172326	
SGD: Validation Accuracy is:	
0.32061762034514	
SGD: Magnitude of W:	
53705.650597501	
SGD: Magnitude of b:	
6.1882747303989	
    Current index:	9501	
    Magnitude of W_grad:	4.795952161098	
    Magnitude of W:	53689.787398412	
    Magnitude of B_grad:	0.08150637065725	
    Magnitude of b:	5.9279496263895	

	
    Current index:	19501	
    Magnitude of W_grad:	4.4002437211647	
    Magnitude of W:	53672.13414074	
    Magnitude of B_grad:	0.099727992285341	
    Magnitude of b:	6.282996474614	

	
    Current index:	29501	
    Magnitude of W_grad:	4.6536118907032	
    Magnitude of W:	53655.293587299	
    Magnitude of B_grad:	0.12981487339999	
    Magnitude of b:	6.0417081745079	

	
    Current index:	39501	
    Magnitude of W_grad:	4.4944788242239	
    Magnitude of W:	53637.058622856	
    Magnitude of B_grad:	0.10756759126724	
    Magnitude of b:	6.5565993816281	

	
    Current index:	49501	
    Magnitude of W_grad:	5.0842694994535	
    Magnitude of W:	53619.404777483	
    Magnitude of B_grad:	0.17279448096816	
    Magnitude of b:	6.4632887147909	

	
    Current index:	59501	
    Magnitude of W_grad:	4.5295686303328	
    Magnitude of W:	53600.961475678	
    Magnitude of B_grad:	0.12290035066015	
    Magnitude of b:	6.3634805563924	

	
    Current index:	69501	
    Magnitude of W_grad:	5.2887007829257	
    Magnitude of W:	53583.63459352	
    Magnitude of B_grad:	0.1089396960141	
    Magnitude of b:	6.4271142055375	

	
    Current index:	79501	
    Magnitude of W_grad:	4.5998932175454	
    Magnitude of W:	53566.097397618	
    Magnitude of B_grad:	0.16258083284397	
    Magnitude of b:	6.6313762740004	

	
    Current index:	89501	
    Magnitude of W_grad:	4.1994466557676	
    Magnitude of W:	53549.234898249	
    Magnitude of B_grad:	0.038097236055747	
    Magnitude of b:	6.7433134122963	

	
SGD: Loss is	
	LOSS:Calculated softmax res	
167733.77398598	
SGD: crossEntropyLoss is	
167733.77398598	
SGD: Validation Accuracy is:	
0.32425068119891	
SGD: Magnitude of W:	
53543.122115164	
SGD: Magnitude of b:	
6.1888805028894	
    Current index:	9501	
    Magnitude of W_grad:	4.7598385522172	
    Magnitude of W:	53527.4706219	
    Magnitude of B_grad:	0.079428185206956	
    Magnitude of b:	5.9258769708894	

	
    Current index:	19501	
    Magnitude of W_grad:	4.367557689289	
    Magnitude of W:	53510.043849805	
    Magnitude of B_grad:	0.099680276348612	
    Magnitude of b:	6.2800336712442	

	
    Current index:	29501	
    Magnitude of W_grad:	4.6078363400833	
    Magnitude of W:	53493.470521456	
    Magnitude of B_grad:	0.12874366764208	
    Magnitude of b:	6.0423202019677	

	
    Current index:	39501	
    Magnitude of W_grad:	4.4610761771565	
    Magnitude of W:	53475.480825382	
    Magnitude of B_grad:	0.10820162709988	
    Magnitude of b:	6.5547371029716	

	
    Current index:	49501	
    Magnitude of W_grad:	5.0261548461253	
    Magnitude of W:	53458.075876941	
    Magnitude of B_grad:	0.17247378756429	
    Magnitude of b:	6.46210098843	

	
    Current index:	59501	
    Magnitude of W_grad:	4.4857788921855	
    Magnitude of W:	53439.865328659	
    Magnitude of B_grad:	0.12227689974536	
    Magnitude of b:	6.360808500477	

	
    Current index:	69501	
    Magnitude of W_grad:	5.2451154558243	
    Magnitude of W:	53422.757589042	
    Magnitude of B_grad:	0.1078513571138	
    Magnitude of b:	6.423799797355	

	
    Current index:	79501	
    Magnitude of W_grad:	4.5569978069421	
    Magnitude of W:	53405.490098021	
    Magnitude of B_grad:	0.16046197195301	
    Magnitude of b:	6.6284073662323	

	
    Current index:	89501	
    Magnitude of W_grad:	4.1583351268134	
    Magnitude of W:	53388.895957388	
    Magnitude of B_grad:	0.038475107870959	
    Magnitude of b:	6.7407424167847	

	
SGD: Loss is	
	LOSS:Calculated softmax res	
166459.39925026	
SGD: crossEntropyLoss is	
166459.39925026	
SGD: Validation Accuracy is:	
0.32334241598547	
SGD: Magnitude of W:	
53382.92135956	
SGD: Magnitude of b:	
6.1895277139317	
    Current index:	9501	
    Magnitude of W_grad:	4.7243615106555	
    Magnitude of W:	53367.553177413	
    Magnitude of B_grad:	0.077442743525039	
    Magnitude of b:	5.9239774635831	

	
    Current index:	19501	
    Magnitude of W_grad:	4.3355753178394	
    Magnitude of W:	53350.376861098	
    Magnitude of B_grad:	0.099561650095779	
    Magnitude of b:	6.2771777955187	

	
    Current index:	29501	
    Magnitude of W_grad:	4.5629117129901	
    Magnitude of W:	53334.164435141	
    Magnitude of B_grad:	0.12765745291036	
    Magnitude of b:	6.0430299767491	

	
    Current index:	39501	
    Magnitude of W_grad:	4.4281833781894	
    Magnitude of W:	53316.433626382	
    Magnitude of B_grad:	0.10877600478597	
    Magnitude of b:	6.5531133835947	

	
    Current index:	49501	
    Magnitude of W_grad:	4.9711879016739	
    Magnitude of W:	53299.205976929	
    Magnitude of B_grad:	0.17213372600774	
    Magnitude of b:	6.4610954562001	

	
    Current index:	59501	
    Magnitude of W_grad:	4.4437530558978	
    Magnitude of W:	53281.244711863	
    Magnitude of B_grad:	0.12168729980469	
    Magnitude of b:	6.3583432265873	

	
    Current index:	69501	
    Magnitude of W_grad:	5.2019264464607	
    Magnitude of W:	53264.377068094	
    Magnitude of B_grad:	0.10676220828654	
    Magnitude of b:	6.4207756836267	

	
    Current index:	79501	
    Magnitude of W_grad:	4.5156996999372	
    Magnitude of W:	53247.32302972	
    Magnitude of B_grad:	0.15845696856371	
    Magnitude of b:	6.6257364791861	

	
    Current index:	89501	
    Magnitude of W_grad:	4.1181078163068	
    Magnitude of W:	53230.919088773	
    Magnitude of B_grad:	0.038796060890906	
    Magnitude of b:	6.738332082966	

	
SGD: Loss is	
	LOSS:Calculated softmax res	
165228.64338883	
SGD: crossEntropyLoss is	
165228.64338884	
SGD: Validation Accuracy is:	
0.32243415077203	
SGD: Magnitude of W:	
53225.02080784	
SGD: Magnitude of b:	
6.1902156479198	
    Current index:	9501	
    Magnitude of W_grad:	4.6904899857541	
    Magnitude of W:	53209.925943575	
    Magnitude of B_grad:	0.075542995938341	
    Magnitude of b:	5.9222466804781	

	
    Current index:	19501	
    Magnitude of W_grad:	4.304279093961	
    Magnitude of W:	53192.987238764	
    Magnitude of B_grad:	0.099376890366391	
    Magnitude of b:	6.2744267409613	

	
    Current index:	29501	
    Magnitude of W_grad:	4.5192454713518	
    Magnitude of W:	53177.005377234	
    Magnitude of B_grad:	0.12655879071027	
    Magnitude of b:	6.0438295154925	

	
    Current index:	39501	
    Magnitude of W_grad:	4.3957929677425	
    Magnitude of W:	53159.507197213	
    Magnitude of B_grad:	0.10929337732926	
    Magnitude of b:	6.5516916728161	

	
    Current index:	49501	
    Magnitude of W_grad:	4.9193232007186	
    Magnitude of W:	53142.419641648	
    Magnitude of B_grad:	0.17177632775055	
    Magnitude of b:	6.4602494087189	

	
    Current index:	59501	
    Magnitude of W_grad:	4.4034701331703	
    Magnitude of W:	53124.67096194	
    Magnitude of B_grad:	0.12112648003292	
    Magnitude of b:	6.356069518853	

	
    Current index:	69501	
    Magnitude of W_grad:	5.159591193714	
    Magnitude of W:	53108.05695793	
    Magnitude of B_grad:	0.10567209992784	
    Magnitude of b:	6.4180206266317	

	
    Current index:	79501	
    Magnitude of W_grad:	4.4756207201171	
    Magnitude of W:	53091.150509164	
    Magnitude of B_grad:	0.15655236946606	
    Magnitude of b:	6.6233440224363	

	
    Current index:	89501	
    Magnitude of W_grad:	4.0791135193016	
    Magnitude of W:	53074.90766396	
    Magnitude of B_grad:	0.039064477572309	
    Magnitude of b:	6.7360766222662	

	
SGD: Loss is	
	LOSS:Calculated softmax res	
164039.07778895	
SGD: crossEntropyLoss is	
164039.07778895	
SGD: Validation Accuracy is:	
0.32243415077203	
SGD: Magnitude of W:	
53069.083699235	
SGD: Magnitude of b:	
6.1909456690843	
    Current index:	9501	
    Magnitude of W_grad:	4.6574595190885	
    Magnitude of W:	53054.254830182	
    Magnitude of B_grad:	0.073722792046835	
    Magnitude of b:	5.9206813443307	

	
    Current index:	19501	
    Magnitude of W_grad:	4.2733600213066	
    Magnitude of W:	53037.466604345	
    Magnitude of B_grad:	0.099130744107145	
    Magnitude of b:	6.2717798663127	

	
    Current index:	29501	
    Magnitude of W_grad:	4.4778425366748	
    Magnitude of W:	53021.727668873	
    Magnitude of B_grad:	0.12545032850428	
    Magnitude of b:	6.0447132307682	

	
    Current index:	39501	
    Magnitude of W_grad:	4.3638491376022	
    Magnitude of W:	53004.363524822	
    Magnitude of B_grad:	0.10975635826049	
    Magnitude of b:	6.5504425152478	

	
    Current index:	49501	
    Magnitude of W_grad:	4.8693536765941	
    Magnitude of W:	52987.422039711	
    Magnitude of B_grad:	0.17140367467692	
    Magnitude of b:	6.4595437518719	

	
    Current index:	59501	
    Magnitude of W_grad:	4.3648834105436	
    Magnitude of W:	52969.886914524	
    Magnitude of B_grad:	0.12059008890473	
    Magnitude of b:	6.3539742765284	

	
    Current index:	69501	
    Magnitude of W_grad:	5.1180097037551	
    Magnitude of W:	52953.529527153	
    Magnitude of B_grad:	0.10458078620765	
    Magnitude of b:	6.4155150314487	

	
    Current index:	79501	
    Magnitude of W_grad:	4.4366372379558	
    Magnitude of W:	52936.810004437	
    Magnitude of B_grad:	0.15473424761346	
    Magnitude of b:	6.6212110513756	

	
    Current index:	89501	
    Magnitude of W_grad:	4.041062136516	
    Magnitude of W:	52920.812043124	
    Magnitude of B_grad:	0.039284306448632	
    Magnitude of b:	6.7339726662939	

	
SGD: Loss is	
	LOSS:Calculated softmax res	
162888.47020073	
SGD: crossEntropyLoss is	
162888.47020073	
SGD: Validation Accuracy is:	
0.32243415077203	
SGD: Magnitude of W:	
52915.041055244	
SGD: Magnitude of b:	
6.1917208163352	
    Current index:	9501	
    Magnitude of W_grad:	4.6249973215041	
    Magnitude of W:	52900.420314476	
    Magnitude of B_grad:	0.071976739422435	
    Magnitude of b:	5.919279046096	

	
    Current index:	19501	
    Magnitude of W_grad:	4.2431277579198	
    Magnitude of W:	52883.798449186	
    Magnitude of B_grad:	0.098827811380978	
    Magnitude of b:	6.2692376680185	

	
    Current index:	29501	
    Magnitude of W_grad:	4.4377940186916	
    Magnitude of W:	52868.225032516	
    Magnitude of B_grad:	0.12433475969446	
    Magnitude of b:	6.0456774118994	

	
    Current index:	39501	
    Magnitude of W_grad:	4.3327402692184	
    Magnitude of W:	52851.047395432	
    Magnitude of B_grad:	0.11016764522002	
    Magnitude of b:	6.5493423687575	

	
    Current index:	49501	
    Magnitude of W_grad:	4.820979259021	
    Magnitude of W:	52834.301580485	
    Magnitude of B_grad:	0.17101787279763	
    Magnitude of b:	6.4589627154647	

	
    Current index:	59501	
    Magnitude of W_grad:	4.3278149763888	
    Magnitude of W:	52816.911837524	
    Magnitude of B_grad:	0.12007441397718	
    Magnitude of b:	6.3520461301797	

	
    Current index:	69501	
    Magnitude of W_grad:	5.0769944378322	
    Magnitude of W:	52800.700934135	
    Magnitude of B_grad:	0.10348795731144	
    Magnitude of b:	6.4132408255591	

	
    Current index:	79501	
    Magnitude of W_grad:	4.3990223588486	
    Magnitude of W:	52784.19181458	
    Magnitude of B_grad:	0.15298885976121	
    Magnitude of b:	6.6193191396034	

	
    Current index:	89501	
    Magnitude of W_grad:	4.0039147832351	
    Magnitude of W:	52768.410511507	
    Magnitude of B_grad:	0.039459149426948	
    Magnitude of b:	6.7320183862384	

	
SGD: Loss is	
	LOSS:Calculated softmax res	
161774.76319915	
SGD: crossEntropyLoss is	
161774.76319915	
SGD: Validation Accuracy is:	
0.32152588555858	
SGD: Magnitude of W:	
52762.728605997	
SGD: Magnitude of b:	
6.192544996302	
    Current index:	9501	
    Magnitude of W_grad:	4.5932661600916	
    Magnitude of W:	52748.334710184	
    Magnitude of B_grad:	0.070300081397071	
    Magnitude of b:	5.9180376952049	

	
    Current index:	19501	
    Magnitude of W_grad:	4.2132075972452	
    Magnitude of W:	52731.897839855	
    Magnitude of B_grad:	0.098472482953999	
    Magnitude of b:	6.2668011959883	

	
    Current index:	29501	
    Magnitude of W_grad:	4.398777409477	
    Magnitude of W:	52716.601363711	
    Magnitude of B_grad:	0.12321478130539	
    Magnitude of b:	6.0467195520686	

	
    Current index:	39501	
    Magnitude of W_grad:	4.3023582013713	
    Magnitude of W:	52699.55343754	
    Magnitude of B_grad:	0.11053001933749	
    Magnitude of b:	6.5483722493355	

	
    Current index:	49501	
    Magnitude of W_grad:	4.7743118539973	
    Magnitude of W:	52682.997629147	
    Magnitude of B_grad:	0.17062099258006	
    Magnitude of b:	6.458493325508	

	
    Current index:	59501	
    Magnitude of W_grad:	4.2920539329688	
    Magnitude of W:	52665.804981005	
    Magnitude of B_grad:	0.11957631031055	
    Magnitude of b:	6.3502749945733	

	
    Current index:	69501	
    Magnitude of W_grad:	5.0365959407278	
    Magnitude of W:	52649.75816739	
    Magnitude of B_grad:	0.1023932968099	
    Magnitude of b:	6.4111812908378	

	
    Current index:	79501	
    Magnitude of W_grad:	4.3630010505651	
    Magnitude of W:	52633.509889692	
    Magnitude of B_grad:	0.15130345835426	
    Magnitude of b:	6.6176503050002	

	
    Current index:	89501	
    Magnitude of W_grad:	3.9677643911702	
    Magnitude of W:	52617.900525771	
    Magnitude of B_grad:	0.039592323786474	
    Magnitude of b:	6.7302123039411	

	
SGD: Loss is	
	LOSS:Calculated softmax res	
160696.05454441	
SGD: crossEntropyLoss is	
160696.05454441	
SGD: Validation Accuracy is:	
0.32243415077203	
SGD: Magnitude of W:	
52612.313277737	
SGD: Magnitude of b:	
6.1934219143663	
    Current index:	9501	
    Magnitude of W_grad:	4.5619363333152	
    Magnitude of W:	52598.113023877	
    Magnitude of B_grad:	0.068688591079499	
    Magnitude of b:	5.9169547853845	

	
    Current index:	19501	
    Magnitude of W_grad:	4.1835063513082	
    Magnitude of W:	52581.916446971	
    Magnitude of B_grad:	0.098068917573301	
    Magnitude of b:	6.2644713120229	

	
    Current index:	29501	
    Magnitude of W_grad:	4.3603791979181	
    Magnitude of W:	52566.792230021	
    Magnitude of B_grad:	0.1220930498246	
    Magnitude of b:	6.0478375849156	

	
    Current index:	39501	
    Magnitude of W_grad:	4.2724629636599	
    Magnitude of W:	52549.930681984	
    Magnitude of B_grad:	0.11084626443917	
    Magnitude of b:	6.5475164804849	

	
    Current index:	49501	
    Magnitude of W_grad:	4.7290517007703	
    Magnitude of W:	52533.568542937	
    Magnitude of B_grad:	0.17021499781954	
    Magnitude of b:	6.4581247044864	

	
    Current index:	59501	
    Magnitude of W_grad:	4.2575274215467	
    Magnitude of W:	52516.56132783	
    Magnitude of B_grad:	0.11909313487527	
    Magnitude of b:	6.348651589756	

	
    Current index:	69501	
    Magnitude of W_grad:	4.9972402125854	
    Magnitude of W:	52500.649430841	
    Magnitude of B_grad:	0.10129654304103	
    Magnitude of b:	6.4093208443468	

	
    Current index:	79501	
    Magnitude of W_grad:	4.3281139384719	
    Magnitude of W:	52484.596887345	
    Magnitude of B_grad:	0.14966701127699	
    Magnitude of b:	6.6161869779451	

	
    Current index:	89501	
    Magnitude of W_grad:	3.9327228607536	
    Magnitude of W:	52469.139453981	
    Magnitude of B_grad:	0.039686907860832	
    Magnitude of b:	6.7285521645726	

	
SGD: Loss is	
	LOSS:Calculated softmax res	
159650.5792122	
SGD: crossEntropyLoss is	
159650.5792122	
SGD: Validation Accuracy is:	
0.32515894641235	
SGD: Magnitude of W:	
52463.603954525	
SGD: Magnitude of b:	
6.1943540771612	
    Current index:	9501	
    Magnitude of W_grad:	4.5318839099253	
    Magnitude of W:	52449.662792441	
    Magnitude of B_grad:	0.067310375048894	
    Magnitude of b:	5.9160267238666	

	
    Current index:	19501	
    Magnitude of W_grad:	4.1541996784909	
    Magnitude of W:	52433.691547012	
    Magnitude of B_grad:	0.097621043905471	
    Magnitude of b:	6.2622480105959	

	
    Current index:	29501	
    Magnitude of W_grad:	4.3225503147229	
    Magnitude of W:	52418.788949082	
    Magnitude of B_grad:	0.12097213830135	
    Magnitude of b:	6.0490292033009	

	
    Current index:	39501	
    Magnitude of W_grad:	4.2443130195337	
    Magnitude of W:	52402.155263757	
    Magnitude of B_grad:	0.11111906073826	
    Magnitude of b:	6.5467617031054	

	
    Current index:	49501	
    Magnitude of W_grad:	4.6850272383698	
    Magnitude of W:	52385.930582288	
    Magnitude of B_grad:	0.16980168299458	
    Magnitude of b:	6.4578473654044	

	
    Current index:	59501	
    Magnitude of W_grad:	4.224039854245	
    Magnitude of W:	52369.068523534	
    Magnitude of B_grad:	0.11862268653914	
    Magnitude of b:	6.3471670268174	

	
    Current index:	69501	
    Magnitude of W_grad:	4.9586411219623	
    Magnitude of W:	52353.28094234	
    Magnitude of B_grad:	0.1001975407616	
    Magnitude of b:	6.4076448333302	

	
    Current index:	79501	
    Magnitude of W_grad:	4.2939639014509	
    Magnitude of W:	52337.368007949	
    Magnitude of B_grad:	0.14807062847653	
    Magnitude of b:	6.6149120362476	

	
    Current index:	89501	
    Magnitude of W_grad:	3.8989616579633	
    Magnitude of W:	52322.150899772	
    Magnitude of B_grad:	0.039745779779409	
    Magnitude of b:	6.7270342101506	

	
SGD: Loss is	
	LOSS:Calculated softmax res	
158636.6935021	
SGD: crossEntropyLoss is	
158636.6935021	
SGD: Validation Accuracy is:	
0.32515894641235	
SGD: Magnitude of W:	
52316.682605558	
SGD: Magnitude of b:	
6.1953421743822	
    Current index:	9501	
    Magnitude of W_grad:	4.5026891267794	
    Magnitude of W:	52302.928062146	
    Magnitude of B_grad:	0.067356807288861	
    Magnitude of b:	5.9152484594214	

	
    Current index:	19501	
    Magnitude of W_grad:	4.1255153748527	
    Magnitude of W:	52287.191711742	
    Magnitude of B_grad:	0.097132574197574	
    Magnitude of b:	6.2601300037119	

	
    Current index:	29501	
    Magnitude of W_grad:	4.2853796184555	
    Magnitude of W:	52272.518769888	
    Magnitude of B_grad:	0.11985449856412	
    Magnitude of b:	6.0502914241512	

	
    Current index:	39501	
    Magnitude of W_grad:	4.2168673407151	
    Magnitude of W:	52256.084960319	
    Magnitude of B_grad:	0.11135089396446	
    Magnitude of b:	6.5460962124056	

	
    Current index:	49501	
    Magnitude of W_grad:	4.6424706058157	
    Magnitude of W:	52240.008873968	
    Magnitude of B_grad:	0.1693826330407	
    Magnitude of b:	6.4576526675569	

	
    Current index:	59501	
    Magnitude of W_grad:	4.1915649421535	
    Magnitude of W:	52223.279238672	
    Magnitude of B_grad:	0.11816315203277	
    Magnitude of b:	6.3458125441409	

	
    Current index:	69501	
    Magnitude of W_grad:	4.9212697866004	
    Magnitude of W:	52207.602047443	
    Magnitude of B_grad:	0.099096276376064	
    Magnitude of b:	6.4061394084968	

	
    Current index:	79501	
    Magnitude of W_grad:	4.2606968384576	
    Magnitude of W:	52191.827752525	
    Magnitude of B_grad:	0.14650763370179	
    Magnitude of b:	6.6138089181559	

	
    Current index:	89501	
    Magnitude of W_grad:	3.8662331735536	
    Magnitude of W:	52176.845689271	
    Magnitude of B_grad:	0.039771653845065	
    Magnitude of b:	6.7256529840677	

	
SGD: Loss is	
	LOSS:Calculated softmax res	
157652.86165573	
SGD: crossEntropyLoss is	
157652.86165573	
SGD: Validation Accuracy is:	
0.32606721162579	
SGD: Magnitude of W:	
52171.45148396	
SGD: Magnitude of b:	
6.1963849550844	
    Current index:	9501	
    Magnitude of W_grad:	4.4738462614772	
    Magnitude of W:	52157.900581065	
    Magnitude of B_grad:	0.068347386771259	
    Magnitude of b:	5.9146134942088	

	
    Current index:	19501	
    Magnitude of W_grad:	4.0974676015391	
    Magnitude of W:	52142.405316598	
    Magnitude of B_grad:	0.096607020493311	
    Magnitude of b:	6.2581146447235	

	
    Current index:	29501	
    Magnitude of W_grad:	4.249027411308	
    Magnitude of W:	52127.963384216	
    Magnitude of B_grad:	0.11874243149387	
    Magnitude of b:	6.0516204582767	

	
    Current index:	39501	
    Magnitude of W_grad:	4.1898178781482	
    Magnitude of W:	52111.693695594	
    Magnitude of B_grad:	0.11154399985744	
    Magnitude of b:	6.5455095998425	

	
    Current index:	49501	
    Magnitude of W_grad:	4.6016090651455	
    Magnitude of W:	52095.80602973	
    Magnitude of B_grad:	0.16895921041005	
    Magnitude of b:	6.457532515183	

	
    Current index:	59501	
    Magnitude of W_grad:	4.1603699999724	
    Magnitude of W:	52079.257778799	
    Magnitude of B_grad:	0.11771305784981	
    Magnitude of b:	6.3445794183087	

	
    Current index:	69501	
    Magnitude of W_grad:	4.8853568406538	
    Magnitude of W:	52063.727607764	
    Magnitude of B_grad:	0.097992895326562	
    Magnitude of b:	6.4047914940857	

	
    Current index:	79501	
    Magnitude of W_grad:	4.2280875851609	
    Magnitude of W:	52048.105031316	
    Magnitude of B_grad:	0.14497335103536	
    Magnitude of b:	6.6128617916224	

	
    Current index:	89501	
    Magnitude of W_grad:	3.8347615664205	
    Magnitude of W:	52033.253579374	
    Magnitude of B_grad:	0.039767113702769	
    Magnitude of b:	6.7244015772042	

	
SGD: Loss is	
	LOSS:Calculated softmax res	
156697.64504334	
SGD: crossEntropyLoss is	
156697.64504334	
SGD: Validation Accuracy is:	
0.32606721162579	
SGD: Magnitude of W:	
52027.913401316	
SGD: Magnitude of b:	
6.1974795111112	
    Current index:	9501	
    Magnitude of W_grad:	4.4451253260843	
    Magnitude of W:	52014.551754255	
    Magnitude of B_grad:	0.069249406339705	
    Magnitude of b:	5.9141142028194	

	
    Current index:	19501	
    Magnitude of W_grad:	4.0701105830708	
    Magnitude of W:	51999.192192681	
    Magnitude of B_grad:	0.096047708415966	
    Magnitude of b:	6.256198131461	

	
    Current index:	29501	
    Magnitude of W_grad:	4.2138343846922	
    Magnitude of W:	51984.946275993	
    Magnitude of B_grad:	0.11763806664649	
    Magnitude of b:	6.0530118298436	

	
    Current index:	39501	
    Magnitude of W_grad:	4.16330622464	
    Magnitude of W:	51968.845278462	
    Magnitude of B_grad:	0.11170034643541	
    Magnitude of b:	6.5449926114739	

	
    Current index:	49501	
    Magnitude of W_grad:	4.5621844368077	
    Magnitude of W:	51953.122417588	
    Magnitude of B_grad:	0.16853256574259	
    Magnitude of b:	6.4574792766767	

	
    Current index:	59501	
    Magnitude of W_grad:	4.1303426829918	
    Magnitude of W:	51936.765495599	
    Magnitude of B_grad:	0.11727122724835	
    Magnitude of b:	6.3434590125743	

	
    Current index:	69501	
    Magnitude of W_grad:	4.8501543621106	
    Magnitude of W:	51921.371340424	
    Magnitude of B_grad:	0.096887703482576	
    Magnitude of b:	6.4035888278397	

	
    Current index:	79501	
    Magnitude of W_grad:	4.1961037508367	
    Magnitude of W:	51905.881371819	
    Magnitude of B_grad:	0.14346473504453	
    Magnitude of b:	6.6120557361546	

	
    Current index:	89501	
    Magnitude of W_grad:	3.8042768749981	
    Magnitude of W:	51891.216611598	
    Magnitude of B_grad:	0.039734638846866	
    Magnitude of b:	6.7232721158361	

	
SGD: Loss is	
	LOSS:Calculated softmax res	
155769.69358326	
SGD: crossEntropyLoss is	
155769.69358326	
SGD: Validation Accuracy is:	
0.32515894641235	
SGD: Magnitude of W:	
51885.939247333	
SGD: Magnitude of b:	
6.1986217794689	
    Current index:	9501	
    Magnitude of W_grad:	4.416701106154	
    Magnitude of W:	51872.754324705	
    Magnitude of B_grad:	0.070068973691699	
    Magnitude of b:	5.9137423020054	

	
    Current index:	19501	
    Magnitude of W_grad:	4.0430412987544	
    Magnitude of W:	51857.526106675	
    Magnitude of B_grad:	0.095457786884708	
    Magnitude of b:	6.2543758609424	

	
    Current index:	29501	
    Magnitude of W_grad:	4.179372857475	
    Magnitude of W:	51843.469723923	
    Magnitude of B_grad:	0.11654335102854	
    Magnitude of b:	6.0544606321599	

	
    Current index:	39501	
    Magnitude of W_grad:	4.1370001414283	
    Magnitude of W:	51827.573145965	
    Magnitude of B_grad:	0.11182164634216	
    Magnitude of b:	6.5445371144966	

	
    Current index:	49501	
    Magnitude of W_grad:	4.5238407861418	
    Magnitude of W:	51811.986385201	
    Magnitude of B_grad:	0.16810366362321	
    Magnitude of b:	6.4574858417474	

	
    Current index:	59501	
    Magnitude of W_grad:	4.1011917494123	
    Magnitude of W:	51795.810618843	
    Magnitude of B_grad:	0.11683674111433	
    Magnitude of b:	6.3424428980001	

	
    Current index:	69501	
    Magnitude of W_grad:	4.8160929391106	
    Magnitude of W:	51780.647285822	
    Magnitude of B_grad:	0.095781155939192	
    Magnitude of b:	6.402520025224	

	
    Current index:	79501	
    Magnitude of W_grad:	4.1650289410875	
    Magnitude of W:	51765.31764432	
    Magnitude of B_grad:	0.14197996314437	
    Magnitude of b:	6.6113768943371	

	
    Current index:	89501	
    Magnitude of W_grad:	3.7747125003788	
    Magnitude of W:	51750.811423544	
    Magnitude of B_grad:	0.039676621565522	
    Magnitude of b:	6.7222562985374	

	
SGD: Loss is	
	LOSS:Calculated softmax res	
154867.73885828	
SGD: crossEntropyLoss is	
154867.73885828	
SGD: Validation Accuracy is:	
0.32697547683924	
SGD: Magnitude of W:	
51745.620370908	
SGD: Magnitude of b:	
6.1998070834199	
    Current index:	9501	
    Magnitude of W_grad:	4.3890125232178	
    Magnitude of W:	51732.632591895	
    Magnitude of B_grad:	0.070811840819074	
    Magnitude of b:	5.9134893238101	

	
    Current index:	19501	
    Magnitude of W_grad:	4.0162228172612	
    Magnitude of W:	51717.558717313	
    Magnitude of B_grad:	0.094840234137098	
    Magnitude of b:	6.2526428124111	

	
    Current index:	29501	
    Magnitude of W_grad:	4.145579440913	
    Magnitude of W:	51703.627051703	
    Magnitude of B_grad:	0.11546004586164	
    Magnitude of b:	6.0559618110512	

	
    Current index:	39501	
    Magnitude of W_grad:	4.1111181167881	
    Magnitude of W:	51687.961530928	
    Magnitude of B_grad:	0.11190938818273	
    Magnitude of b:	6.5441360858573	

	
    Current index:	49501	
    Magnitude of W_grad:	4.486429857264	
    Magnitude of W:	51672.547410483	
    Magnitude of B_grad:	0.16767331433436	
    Magnitude of b:	6.4575457277975	

	
    Current index:	59501	
    Magnitude of W_grad:	4.0730410158311	
    Magnitude of W:	51656.536568453	
    Magnitude of B_grad:	0.11640890160313	
    Magnitude of b:	6.3415229882378	

	
    Current index:	69501	
    Magnitude of W_grad:	4.7825235550016	
    Magnitude of W:	51641.61213919	
    Magnitude of B_grad:	0.094673837018051	
    Magnitude of b:	6.401574629262	

	
    Current index:	79501	
    Magnitude of W_grad:	4.1350285174023	
    Magnitude of W:	51626.434626456	
    Magnitude of B_grad:	0.14051806619734	
    Magnitude of b:	6.6108125663169	

	
    Current index:	89501	
    Magnitude of W_grad:	3.7459502669361	
    Magnitude of W:	51612.03227662	
    Magnitude of B_grad:	0.039595373547735	
    Magnitude of b:	6.7213458567922	

	
SGD: Loss is	
	LOSS:Calculated softmax res	
153990.58839832	
SGD: crossEntropyLoss is	
153990.58839832	
SGD: Validation Accuracy is:	
0.32425068119891	
SGD: Magnitude of W:	
51606.900139404	
SGD: Magnitude of b:	
6.2010305956073	
    Current index:	9501	
    Magnitude of W_grad:	4.3617568141194	
    Magnitude of W:	51594.086580675	
    Magnitude of B_grad:	0.071483411786365	
    Magnitude of b:	5.9133469996868	

	
    Current index:	19501	
    Magnitude of W_grad:	3.9896880927721	
    Magnitude of W:	51579.193329881	
    Magnitude of B_grad:	0.094197861259548	
    Magnitude of b:	6.2509938779425	

	
    Current index:	29501	
    Magnitude of W_grad:	4.1123630522677	
    Magnitude of W:	51565.395954125	
    Magnitude of B_grad:	0.1143897296846	
    Magnitude of b:	6.0575104048251	

	
    Current index:	39501	
    Magnitude of W_grad:	4.085889902519	
    Magnitude of W:	51549.907285848	
    Magnitude of B_grad:	0.11196487659351	
    Magnitude of b:	6.5437835755138	

	
    Current index:	49501	
    Magnitude of W_grad:	4.4504111379442	
    Magnitude of W:	51534.612022783	
    Magnitude of B_grad:	0.16724220473234	
    Magnitude of b:	6.4576531725548	

	
    Current index:	59501	
    Magnitude of W_grad:	4.0456126447118	
    Magnitude of W:	51518.791417315	
    Magnitude of B_grad:	0.1159871979639	
    Magnitude of b:	6.3406916510197	

	
    Current index:	69501	
    Magnitude of W_grad:	4.7500127449705	
    Magnitude of W:	51504.024271998	
    Magnitude of B_grad:	0.093566434952868	
    Magnitude of b:	6.4007431257866	

	
    Current index:	79501	
    Magnitude of W_grad:	4.1062584204504	
    Magnitude of W:	51489.016567402	
    Magnitude of B_grad:	0.13907863075602	
    Magnitude of b:	6.6103512398122	

	
    Current index:	89501	
    Magnitude of W_grad:	3.7180394493519	
    Magnitude of W:	51474.755678852	
    Magnitude of B_grad:	0.039493123468842	
    Magnitude of b:	6.7205328862676	

	
SGD: Loss is	
	LOSS:Calculated softmax res	
153137.12071523	
SGD: crossEntropyLoss is	
153137.12071523	
SGD: Validation Accuracy is:	
0.32697547683924	
SGD: Magnitude of W:	
51469.657047336	
SGD: Magnitude of b:	
6.2022876739303	
    Current index:	9501	
    Magnitude of W_grad:	4.3349047374734	
    Magnitude of W:	51457.003193947	
    Magnitude of B_grad:	0.072088748582204	
    Magnitude of b:	5.9133075206804	

	
    Current index:	19501	
    Magnitude of W_grad:	3.9635705075463	
    Magnitude of W:	51442.275793651	
    Magnitude of B_grad:	0.09353331453538	
    Magnitude of b:	6.249424105723	

	
    Current index:	29501	
    Magnitude of W_grad:	4.0796221471112	
    Magnitude of W:	51428.623592389	
    Magnitude of B_grad:	0.1133338059729	
    Magnitude of b:	6.0591017104202	

	
    Current index:	39501	
    Magnitude of W_grad:	4.0613274813033	
    Magnitude of W:	51413.319942774	
    Magnitude of B_grad:	0.11198927345269	
    Magnitude of b:	6.5434746304404	

	
    Current index:	49501	
    Magnitude of W_grad:	4.4162845342374	
    Magnitude of W:	51398.186159786	
    Magnitude of B_grad:	0.16681092441525	
    Magnitude of b:	6.4578031820399	

	
    Current index:	59501	
    Magnitude of W_grad:	4.0189913882112	
    Magnitude of W:	51382.514215546	
    Magnitude of B_grad:	0.11557127446441	
    Magnitude of b:	6.3399417814614	

	
    Current index:	69501	
    Magnitude of W_grad:	4.718405063085	
    Magnitude of W:	51367.911439624	
    Magnitude of B_grad:	0.092459714137232	
    Magnitude of b:	6.4000169208816	

	
    Current index:	79501	
    Magnitude of W_grad:	4.0783170923677	
    Magnitude of W:	51353.115725279	
    Magnitude of B_grad:	0.13766157761118	
    Magnitude of b:	6.6099825625043	

	
    Current index:	89501	
    Magnitude of W_grad:	3.6909023280608	
    Magnitude of W:	51339.036522094	
    Magnitude of B_grad:	0.039372008147753	
    Magnitude of b:	6.7198100458743	

	
SGD: Loss is	
	LOSS:Calculated softmax res	
152306.28081529	
SGD: crossEntropyLoss is	
152306.28081529	
SGD: Validation Accuracy is:	
0.32879200726612	
SGD: Magnitude of W:	
51333.945203594	
SGD: Magnitude of b:	
6.203574067623	
    Current index:	9501	
    Magnitude of W_grad:	4.3085080995582	
    Magnitude of W:	51321.42644909	
    Magnitude of B_grad:	0.07263257685292	
    Magnitude of b:	5.9133636781473	

	
    Current index:	19501	
    Magnitude of W_grad:	3.9380097916787	
    Magnitude of W:	51306.846229972	
    Magnitude of B_grad:	0.092849077709751	
    Magnitude of b:	6.2479288533738	

	
    Current index:	29501	
    Magnitude of W_grad:	4.0474341583174	
    Magnitude of W:	51293.295341857	
    Magnitude of B_grad:	0.11229351347261	
    Magnitude of b:	6.0607313738994	

	
    Current index:	39501	
    Magnitude of W_grad:	4.0372745029291	
    Magnitude of W:	51278.138565076	
    Magnitude of B_grad:	0.11198363553325	
    Magnitude of b:	6.5432051852724	

	
    Current index:	49501	
    Magnitude of W_grad:	4.3834183537502	
    Magnitude of W:	51263.143682151	
    Magnitude of B_grad:	0.16637998590679	
    Magnitude of b:	6.4579915272836	

	
    Current index:	59501	
    Magnitude of W_grad:	3.9935641636801	
    Magnitude of W:	51247.575624971	
    Magnitude of B_grad:	0.11516090068121	
    Magnitude of b:	6.3392668368798	

	
    Current index:	69501	
    Magnitude of W_grad:	4.6874593853218	
    Magnitude of W:	51233.09547665	
    Magnitude of B_grad:	0.091354487183328	
    Magnitude of b:	6.3993882873934	

	
    Current index:	79501	
    Magnitude of W_grad:	4.0511245365721	
    Magnitude of W:	51218.420552394	
    Magnitude of B_grad:	0.1362670068899	
    Magnitude of b:	6.6096972709978	

	
    Current index:	89501	
    Magnitude of W_grad:	3.664334099786	
    Magnitude of W:	51204.495265099	
    Magnitude of B_grad:	0.039234060272515	
    Magnitude of b:	6.7191706470448	

	
SGD: Loss is	
	LOSS:Calculated softmax res	
151497.07602957	
SGD: crossEntropyLoss is	
151497.07602957	
SGD: Validation Accuracy is:	
0.33151680290645	
SGD: Magnitude of W:	
51199.427424732	
SGD: Magnitude of b:	
6.2048860147471	
    Current index:	9501	
    Magnitude of W_grad:	4.2822171924306	
    Magnitude of W:	51187.020433757	
    Magnitude of B_grad:	0.0731192929814	
    Magnitude of b:	5.913508908829	

	
    Current index:	19501	
    Magnitude of W_grad:	3.9129547840457	
    Magnitude of W:	51172.592224789	
    Magnitude of B_grad:	0.092147474977162	
    Magnitude of b:	6.2465038653708	

	
    Current index:	29501	
    Magnitude of W_grad:	4.0158392420043	
    Magnitude of W:	51159.169190523	
    Magnitude of B_grad:	0.11126993758714	
    Magnitude of b:	6.0623954181698	

	
    Current index:	39501	
    Magnitude of W_grad:	4.0145181572687	
    Magnitude of W:	51144.213082613	
    Magnitude of B_grad:	0.11194894627366	
    Magnitude of b:	6.5429719330193	

	
    Current index:	49501	
    Magnitude of W_grad:	4.3516447915689	
    Magnitude of W:	51129.376145849	
    Magnitude of B_grad:	0.16594983919225	
    Magnitude of b:	6.4582146969377	

	
    Current index:	59501	
    Magnitude of W_grad:	3.9691543479074	
    Magnitude of W:	51113.891385619	
    Magnitude of B_grad:	0.11475594455273	
    Magnitude of b:	6.3386608397357	

	
    Current index:	69501	
    Magnitude of W_grad:	4.6570519470671	
    Magnitude of W:	51099.587094882	
    Magnitude of B_grad:	0.090251588498013	
    Magnitude of b:	6.3988502908937	

	
    Current index:	79501	
    Magnitude of W_grad:	4.0244017243077	
    Magnitude of W:	51085.083367246	
    Magnitude of B_grad:	0.13489509525205	
    Magnitude of b:	6.6094870923146	

	
    Current index:	89501	
    Magnitude of W_grad:	3.6385461287778	
    Magnitude of W:	51071.30414171	
    Magnitude of B_grad:	0.039081195466439	
    Magnitude of b:	6.7186086634316	

	
Done.	
Testing on validation set...	
Done	
Datafile:	/n/home09/ankitgupta/CS287/HW1/SST1-uni-sent.hdf5	Classifier:	lr	Alpha:	0	Eta:	1	Lambda:	1	Minibatch size:	500	Num Epochs:	50	Minimum Sentence Length:	5	
Accuracy:	0.33060853769301	
