[?1034hDatafile:	/n/home09/ankitgupta/CS287/HW1/TREC-uni-sent-syns.hdf5	Classifier:	hinge	Alpha:	0	Eta:	1	Lambda:	0.5	Minibatch size:	500	Num Epochs:	50	Minimum Sentence Length:	5	
Note that not all parameters may apply to all classifiers	
Loading datafiles...	
Number of training samples before removing small sentences	5452	
Number of training samples after removing small sentences	5452	
Done.	
Training classifier...	
Parameters are:	
Eta:	
1	
Lambda:	
0.5	
Minibatch size:	
500	
Number of Epochs	
50	
SGD: Hinge Loss is	
140414.21834382	
SGD: Validation Accuracy is:	
0.18532110091743	
SGD: Magnitude of W:	
147764.62150845	
SGD: Magnitude of b:	
3.941870561985	
SGD: Hinge Loss is	
124949.44948583	
SGD: Validation Accuracy is:	
0.29357798165138	
SGD: Magnitude of W:	
147562.56385845	
SGD: Magnitude of b:	
4.5737341867443	
SGD: Hinge Loss is	
119490.45015185	
SGD: Validation Accuracy is:	
0.34678899082569	
SGD: Magnitude of W:	
147372.69260575	
SGD: Magnitude of b:	
4.9308537552278	
SGD: Hinge Loss is	
115815.44968095	
SGD: Validation Accuracy is:	
0.39082568807339	
SGD: Magnitude of W:	
147188.14948798	
SGD: Magnitude of b:	
5.1636889988107	
SGD: Hinge Loss is	
113152.13117141	
SGD: Validation Accuracy is:	
0.42018348623853	
SGD: Magnitude of W:	
147006.62974035	
SGD: Magnitude of b:	
5.3157117886808	
SGD: Hinge Loss is	
111030.93096467	
SGD: Validation Accuracy is:	
0.44587155963303	
SGD: Magnitude of W:	
146828.0946649	
SGD: Magnitude of b:	
5.4514617312021	
SGD: Hinge Loss is	
109264.28910775	
SGD: Validation Accuracy is:	
0.4697247706422	
SGD: Magnitude of W:	
146651.94246152	
SGD: Magnitude of b:	
5.5440276140666	
SGD: Hinge Loss is	
107800.07950213	
SGD: Validation Accuracy is:	
0.48807339449541	
SGD: Magnitude of W:	
146478.10867344	
SGD: Magnitude of b:	
5.585750216861	
SGD: Hinge Loss is	
106501.72125186	
SGD: Validation Accuracy is:	
0.50091743119266	
SGD: Magnitude of W:	
146305.54847494	
SGD: Magnitude of b:	
5.6394250219874	
SGD: Hinge Loss is	
105342.21598225	
SGD: Validation Accuracy is:	
0.51009174311927	
SGD: Magnitude of W:	
146134.07431987	
SGD: Magnitude of b:	
5.6871904873991	
SGD: Hinge Loss is	
104297.82157585	
SGD: Validation Accuracy is:	
0.52110091743119	
SGD: Magnitude of W:	
145964.56111121	
SGD: Magnitude of b:	
5.7364782080566	
SGD: Hinge Loss is	
103364.34086519	
SGD: Validation Accuracy is:	
0.5302752293578	
SGD: Magnitude of W:	
145795.96089741	
SGD: Magnitude of b:	
5.761718574141	
SGD: Hinge Loss is	
102475.19571635	
SGD: Validation Accuracy is:	
0.5394495412844	
SGD: Magnitude of W:	
145628.63772851	
SGD: Magnitude of b:	
5.7869311901795	
SGD: Hinge Loss is	
101658.73792473	
SGD: Validation Accuracy is:	
0.54678899082569	
SGD: Magnitude of W:	
145462.62352532	
SGD: Magnitude of b:	
5.8182581634683	
SGD: Hinge Loss is	
100911.31583974	
SGD: Validation Accuracy is:	
0.55412844036697	
SGD: Magnitude of W:	
145297.65974166	
SGD: Magnitude of b:	
5.8495536300278	
SGD: Hinge Loss is	
100204.76633798	
SGD: Validation Accuracy is:	
0.55596330275229	
SGD: Magnitude of W:	
145133.63227463	
SGD: Magnitude of b:	
5.8900234056566	
SGD: Hinge Loss is	
99546.45347794	
SGD: Validation Accuracy is:	
0.56330275229358	
SGD: Magnitude of W:	
144970.87161003	
SGD: Magnitude of b:	
5.9193792867932	
SGD: Hinge Loss is	
98916.872235714	
SGD: Validation Accuracy is:	
0.56880733944954	
SGD: Magnitude of W:	
144808.83201295	
SGD: Magnitude of b:	
5.9643978804384	
SGD: Hinge Loss is	
98345.905804653	
SGD: Validation Accuracy is:	
0.5743119266055	
SGD: Magnitude of W:	
144647.8629553	
SGD: Magnitude of b:	
5.9866012534598	
SGD: Hinge Loss is	
97764.788192056	
SGD: Validation Accuracy is:	
0.57614678899083	
SGD: Magnitude of W:	
144487.46460944	
SGD: Magnitude of b:	
6.0167657103876	
SGD: Hinge Loss is	
97227.872598341	
SGD: Validation Accuracy is:	
0.5743119266055	
SGD: Magnitude of W:	
144327.87636086	
SGD: Magnitude of b:	
6.0598259527091	
SGD: Hinge Loss is	
96686.384591627	
SGD: Validation Accuracy is:	
0.57798165137615	
SGD: Magnitude of W:	
144168.9729817	
SGD: Magnitude of b:	
6.0767112549025	
SGD: Hinge Loss is	
96188.522450552	
SGD: Validation Accuracy is:	
0.57614678899083	
SGD: Magnitude of W:	
144010.58331381	
SGD: Magnitude of b:	
6.1006516166288	
SGD: Hinge Loss is	
95698.000160578	
SGD: Validation Accuracy is:	
0.58165137614679	
SGD: Magnitude of W:	
143852.79515123	
SGD: Magnitude of b:	
6.1344226603768	
SGD: Hinge Loss is	
95224.648295353	
SGD: Validation Accuracy is:	
0.58348623853211	
SGD: Magnitude of W:	
143695.81640239	
SGD: Magnitude of b:	
6.1392393081802	
SGD: Hinge Loss is	
94803.619014178	
SGD: Validation Accuracy is:	
0.59082568807339	
SGD: Magnitude of W:	
143538.97604684	
SGD: Magnitude of b:	
6.1523266487758	
SGD: Hinge Loss is	
94343.49304833	
SGD: Validation Accuracy is:	
0.59266055045872	
SGD: Magnitude of W:	
143383.00902557	
SGD: Magnitude of b:	
6.1952422776146	
SGD: Hinge Loss is	
93907.279753137	
SGD: Validation Accuracy is:	
0.59449541284404	
SGD: Magnitude of W:	
143227.582167	
SGD: Magnitude of b:	
6.2129145192819	
SGD: Hinge Loss is	
93487.02586707	
SGD: Validation Accuracy is:	
0.6	
SGD: Magnitude of W:	
143072.64425285	
SGD: Magnitude of b:	
6.2317875792161	
SGD: Hinge Loss is	
93092.69867284	
SGD: Validation Accuracy is:	
0.60366972477064	
SGD: Magnitude of W:	
142917.85644089	
SGD: Magnitude of b:	
6.2457206051788	
SGD: Hinge Loss is	
92708.902339668	
SGD: Validation Accuracy is:	
0.60550458715596	
SGD: Magnitude of W:	
142763.61432631	
SGD: Magnitude of b:	
6.2694749452558	
SGD: Hinge Loss is	
92298.387540183	
SGD: Validation Accuracy is:	
0.61467889908257	
SGD: Magnitude of W:	
142609.7305142	
SGD: Magnitude of b:	
6.2744357284056	
SGD: Hinge Loss is	
91953.571674863	
SGD: Validation Accuracy is:	
0.62018348623853	
SGD: Magnitude of W:	
142456.47848647	
SGD: Magnitude of b:	
6.3061616328314	
SGD: Hinge Loss is	
91570.33109306	
SGD: Validation Accuracy is:	
0.62018348623853	
SGD: Magnitude of W:	
142303.50674379	
SGD: Magnitude of b:	
6.2969335939009	
SGD: Hinge Loss is	
91200.253453798	
SGD: Validation Accuracy is:	
0.62385321100917	
SGD: Magnitude of W:	
142150.9572883	
SGD: Magnitude of b:	
6.3117059910937	
SGD: Hinge Loss is	
90885.274521356	
SGD: Validation Accuracy is:	
0.62018348623853	
SGD: Magnitude of W:	
141998.78034252	
SGD: Magnitude of b:	
6.3033947459299	
SGD: Hinge Loss is	
90523.871590511	
SGD: Validation Accuracy is:	
0.62935779816514	
SGD: Magnitude of W:	
141847.13405201	
SGD: Magnitude of b:	
6.3304914619155	
SGD: Hinge Loss is	
90189.542402708	
SGD: Validation Accuracy is:	
0.62385321100917	
SGD: Magnitude of W:	
141696.08249675	
SGD: Magnitude of b:	
6.3104709090968	
SGD: Hinge Loss is	
89898.077431623	
SGD: Validation Accuracy is:	
0.62752293577982	
SGD: Magnitude of W:	
141544.92332525	
SGD: Magnitude of b:	
6.3233605919659	
SGD: Hinge Loss is	
89541.286314322	
SGD: Validation Accuracy is:	
0.63302752293578	
SGD: Magnitude of W:	
141394.42131952	
SGD: Magnitude of b:	
6.3288766521127	
SGD: Hinge Loss is	
89233.965962251	
SGD: Validation Accuracy is:	
0.63119266055046	
SGD: Magnitude of W:	
141244.32479314	
SGD: Magnitude of b:	
6.3186818438886	
SGD: Hinge Loss is	
88937.706566931	
SGD: Validation Accuracy is:	
0.6348623853211	
SGD: Magnitude of W:	
141094.44696637	
SGD: Magnitude of b:	
6.3364827503703	
SGD: Hinge Loss is	
88593.560871627	
SGD: Validation Accuracy is:	
0.64220183486239	
SGD: Magnitude of W:	
140945.02040784	
SGD: Magnitude of b:	
6.3374008304448	
SGD: Hinge Loss is	
88304.834996319	
SGD: Validation Accuracy is:	
0.64220183486239	
SGD: Magnitude of W:	
140796.06269281	
SGD: Magnitude of b:	
6.3250617800967	
SGD: Hinge Loss is	
88022.371071901	
SGD: Validation Accuracy is:	
0.63669724770642	
SGD: Magnitude of W:	
140647.31772602	
SGD: Magnitude of b:	
6.3474969161214	
SGD: Hinge Loss is	
87723.681252169	
SGD: Validation Accuracy is:	
0.64587155963303	
SGD: Magnitude of W:	
140498.93604497	
SGD: Magnitude of b:	
6.3296331940621	
SGD: Hinge Loss is	
87439.389863267	
SGD: Validation Accuracy is:	
0.64403669724771	
SGD: Magnitude of W:	
140350.70047268	
SGD: Magnitude of b:	
6.3129869327636	
SGD: Hinge Loss is	
87175.525034539	
SGD: Validation Accuracy is:	
0.64587155963303	
SGD: Magnitude of W:	
140202.59873806	
SGD: Magnitude of b:	
6.3237177115789	
SGD: Hinge Loss is	
86878.868811527	
SGD: Validation Accuracy is:	
0.64403669724771	
SGD: Magnitude of W:	
140055.14390369	
SGD: Magnitude of b:	
6.3184489709613	
SGD: Hinge Loss is	
86613.177423624	
SGD: Validation Accuracy is:	
0.64770642201835	
SGD: Magnitude of W:	
139908.05554803	
SGD: Magnitude of b:	
6.3384430141259	
Done.	
Testing on validation set...	
Done	
Datafile:	/n/home09/ankitgupta/CS287/HW1/TREC-uni-sent-syns.hdf5	Classifier:	hinge	Alpha:	0	Eta:	1	Lambda:	0.5	Minibatch size:	500	Num Epochs:	50	Minimum Sentence Length:	5	
Accuracy:	0.64587155963303	
