[?1034hDatafile:	/n/home09/ankitgupta/CS287/HW1/TREC-uni-sent-syns.hdf5	Classifier:	hinge	Alpha:	0	Eta:	0.5	Lambda:	0.5	Minibatch size:	500	Num Epochs:	50	Minimum Sentence Length:	0	
Note that not all parameters may apply to all classifiers	
Loading datafiles...	
Number of training samples before removing small sentences	5452	
Number of training samples after removing small sentences	5452	
Done.	
Training classifier...	
Parameters are:	
Eta:	
0.5	
Lambda:	
0.5	
Minibatch size:	
500	
Number of Epochs	
50	
SGD: Hinge Loss is	
143482.00053824	
SGD: Validation Accuracy is:	
0.19082568807339	
SGD: Magnitude of W:	
147477.4725021	
SGD: Magnitude of b:	
5.6401370486522	
SGD: Hinge Loss is	
129187.79832355	
SGD: Validation Accuracy is:	
0.20917431192661	
SGD: Magnitude of W:	
147368.46122956	
SGD: Magnitude of b:	
4.9176402560726	
SGD: Hinge Loss is	
124559.95419325	
SGD: Validation Accuracy is:	
0.26788990825688	
SGD: Magnitude of W:	
147267.88121487	
SGD: Magnitude of b:	
5.0732412472864	
SGD: Hinge Loss is	
121307.9011056	
SGD: Validation Accuracy is:	
0.28807339449541	
SGD: Magnitude of W:	
147170.66585964	
SGD: Magnitude of b:	
5.2356537791042	
SGD: Hinge Loss is	
118719.22152104	
SGD: Validation Accuracy is:	
0.31743119266055	
SGD: Magnitude of W:	
147075.74474624	
SGD: Magnitude of b:	
5.3352518488231	
SGD: Hinge Loss is	
116626.90068428	
SGD: Validation Accuracy is:	
0.33211009174312	
SGD: Magnitude of W:	
146982.59581274	
SGD: Magnitude of b:	
5.3992811841184	
SGD: Hinge Loss is	
114868.04330604	
SGD: Validation Accuracy is:	
0.36146788990826	
SGD: Magnitude of W:	
146890.86046011	
SGD: Magnitude of b:	
5.4423574967086	
SGD: Hinge Loss is	
113348.24311151	
SGD: Validation Accuracy is:	
0.38532110091743	
SGD: Magnitude of W:	
146800.1716819	
SGD: Magnitude of b:	
5.4883414364633	
SGD: Hinge Loss is	
112013.71636706	
SGD: Validation Accuracy is:	
0.39266055045872	
SGD: Magnitude of W:	
146710.52178597	
SGD: Magnitude of b:	
5.5429969379114	
SGD: Hinge Loss is	
110850.21485457	
SGD: Validation Accuracy is:	
0.40733944954128	
SGD: Magnitude of W:	
146622.30965144	
SGD: Magnitude of b:	
5.5939928602267	
SGD: Hinge Loss is	
109812.60172401	
SGD: Validation Accuracy is:	
0.42018348623853	
SGD: Magnitude of W:	
146534.7715519	
SGD: Magnitude of b:	
5.6315751679429	
SGD: Hinge Loss is	
108892.80667789	
SGD: Validation Accuracy is:	
0.4348623853211	
SGD: Magnitude of W:	
146447.50800833	
SGD: Magnitude of b:	
5.6580654565338	
SGD: Hinge Loss is	
108042.24597447	
SGD: Validation Accuracy is:	
0.43853211009174	
SGD: Magnitude of W:	
146360.48657869	
SGD: Magnitude of b:	
5.6945411282557	
SGD: Hinge Loss is	
107282.6895046	
SGD: Validation Accuracy is:	
0.44954128440367	
SGD: Magnitude of W:	
146274.08307246	
SGD: Magnitude of b:	
5.7119316619871	
SGD: Hinge Loss is	
106577.45010658	
SGD: Validation Accuracy is:	
0.46238532110092	
SGD: Magnitude of W:	
146188.02886931	
SGD: Magnitude of b:	
5.7183886541901	
SGD: Hinge Loss is	
105927.6257531	
SGD: Validation Accuracy is:	
0.47155963302752	
SGD: Magnitude of W:	
146102.60735634	
SGD: Magnitude of b:	
5.7048482669561	
SGD: Hinge Loss is	
105318.82710587	
SGD: Validation Accuracy is:	
0.47339449541284	
SGD: Magnitude of W:	
146017.52362845	
SGD: Magnitude of b:	
5.6854587911686	
SGD: Hinge Loss is	
104733.00287292	
SGD: Validation Accuracy is:	
0.47889908256881	
SGD: Magnitude of W:	
145932.76943752	
SGD: Magnitude of b:	
5.6889983730368	
SGD: Hinge Loss is	
104189.62071171	
SGD: Validation Accuracy is:	
0.48807339449541	
SGD: Magnitude of W:	
145848.58867903	
SGD: Magnitude of b:	
5.6780781922297	
SGD: Hinge Loss is	
103670.05972072	
SGD: Validation Accuracy is:	
0.49908256880734	
SGD: Magnitude of W:	
145764.77970804	
SGD: Magnitude of b:	
5.6774800685377	
SGD: Hinge Loss is	
103173.66008537	
SGD: Validation Accuracy is:	
0.50642201834862	
SGD: Magnitude of W:	
145681.23881745	
SGD: Magnitude of b:	
5.6728865292721	
SGD: Hinge Loss is	
102713.05850286	
SGD: Validation Accuracy is:	
0.51559633027523	
SGD: Magnitude of W:	
145597.88438387	
SGD: Magnitude of b:	
5.647373603679	
SGD: Hinge Loss is	
102265.47000813	
SGD: Validation Accuracy is:	
0.52844036697248	
SGD: Magnitude of W:	
145514.88926108	
SGD: Magnitude of b:	
5.6374034889842	
SGD: Hinge Loss is	
101842.66864085	
SGD: Validation Accuracy is:	
0.5394495412844	
SGD: Magnitude of W:	
145432.07395756	
SGD: Magnitude of b:	
5.631360387655	
SGD: Hinge Loss is	
101431.84024856	
SGD: Validation Accuracy is:	
0.54128440366972	
SGD: Magnitude of W:	
145349.45506449	
SGD: Magnitude of b:	
5.6403485235088	
SGD: Hinge Loss is	
101047.67756245	
SGD: Validation Accuracy is:	
0.55045871559633	
SGD: Magnitude of W:	
145267.14750876	
SGD: Magnitude of b:	
5.649937211594	
SGD: Hinge Loss is	
100670.93586126	
SGD: Validation Accuracy is:	
0.55779816513761	
SGD: Magnitude of W:	
145185.09316724	
SGD: Magnitude of b:	
5.6704444736043	
SGD: Hinge Loss is	
100323.13284604	
SGD: Validation Accuracy is:	
0.57064220183486	
SGD: Magnitude of W:	
145103.31802613	
SGD: Magnitude of b:	
5.67848129077	
SGD: Hinge Loss is	
99968.117810289	
SGD: Validation Accuracy is:	
0.57247706422018	
SGD: Magnitude of W:	
145021.69669413	
SGD: Magnitude of b:	
5.6840495328868	
SGD: Hinge Loss is	
99633.565380619	
SGD: Validation Accuracy is:	
0.57614678899083	
SGD: Magnitude of W:	
144940.35905738	
SGD: Magnitude of b:	
5.7019275597808	
SGD: Hinge Loss is	
99310.043886358	
SGD: Validation Accuracy is:	
0.57798165137615	
SGD: Magnitude of W:	
144859.34261278	
SGD: Magnitude of b:	
5.7119427333148	
SGD: Hinge Loss is	
98988.019027723	
SGD: Validation Accuracy is:	
0.57798165137615	
SGD: Magnitude of W:	
144778.497431	
SGD: Magnitude of b:	
5.7407301105993	
SGD: Hinge Loss is	
98688.547197591	
SGD: Validation Accuracy is:	
0.57798165137615	
SGD: Magnitude of W:	
144697.876482	
SGD: Magnitude of b:	
5.7501173275229	
SGD: Hinge Loss is	
98399.44793391	
SGD: Validation Accuracy is:	
0.58165137614679	
SGD: Magnitude of W:	
144617.43648675	
SGD: Magnitude of b:	
5.7610353833502	
SGD: Hinge Loss is	
98098.808026135	
SGD: Validation Accuracy is:	
0.58348623853211	
SGD: Magnitude of W:	
144537.06441425	
SGD: Magnitude of b:	
5.7764095041193	
SGD: Hinge Loss is	
97823.341951951	
SGD: Validation Accuracy is:	
0.58532110091743	
SGD: Magnitude of W:	
144457.02918074	
SGD: Magnitude of b:	
5.7873149800442	
SGD: Hinge Loss is	
97544.252182398	
SGD: Validation Accuracy is:	
0.58715596330275	
SGD: Magnitude of W:	
144377.01483012	
SGD: Magnitude of b:	
5.8036045719273	
SGD: Hinge Loss is	
97276.445533555	
SGD: Validation Accuracy is:	
0.57981651376147	
SGD: Magnitude of W:	
144297.25396256	
SGD: Magnitude of b:	
5.8154225050459	
SGD: Hinge Loss is	
97018.502236625	
SGD: Validation Accuracy is:	
0.58348623853211	
SGD: Magnitude of W:	
144217.71432209	
SGD: Magnitude of b:	
5.826770853615	
SGD: Hinge Loss is	
96746.017930061	
SGD: Validation Accuracy is:	
0.58348623853211	
SGD: Magnitude of W:	
144138.18225763	
SGD: Magnitude of b:	
5.8431874139358	
SGD: Hinge Loss is	
96496.128915869	
SGD: Validation Accuracy is:	
0.58715596330275	
SGD: Magnitude of W:	
144059.04544529	
SGD: Magnitude of b:	
5.8525228400259	
SGD: Hinge Loss is	
96244.20447805	
SGD: Validation Accuracy is:	
0.59082568807339	
SGD: Magnitude of W:	
143980.00010472	
SGD: Magnitude of b:	
5.8500030253897	
SGD: Hinge Loss is	
95995.160936673	
SGD: Validation Accuracy is:	
0.59082568807339	
SGD: Magnitude of W:	
143901.01170254	
SGD: Magnitude of b:	
5.8808644863086	
SGD: Hinge Loss is	
95755.39508172	
SGD: Validation Accuracy is:	
0.59449541284404	
SGD: Magnitude of W:	
143822.32867753	
SGD: Magnitude of b:	
5.8767934906274	
SGD: Hinge Loss is	
95519.118237148	
SGD: Validation Accuracy is:	
0.59449541284404	
SGD: Magnitude of W:	
143743.73354836	
SGD: Magnitude of b:	
5.8916469072088	
SGD: Hinge Loss is	
95285.529805442	
SGD: Validation Accuracy is:	
0.59449541284404	
SGD: Magnitude of W:	
143665.34500185	
SGD: Magnitude of b:	
5.8920341858588	
SGD: Hinge Loss is	
95056.663556113	
SGD: Validation Accuracy is:	
0.59449541284404	
SGD: Magnitude of W:	
143586.91638947	
SGD: Magnitude of b:	
5.899807576616	
SGD: Hinge Loss is	
94837.919235753	
SGD: Validation Accuracy is:	
0.59816513761468	
SGD: Magnitude of W:	
143508.81852949	
SGD: Magnitude of b:	
5.9077220390918	
SGD: Hinge Loss is	
94612.789155867	
SGD: Validation Accuracy is:	
0.6	
SGD: Magnitude of W:	
143430.71885013	
SGD: Magnitude of b:	
5.9156321638474	
SGD: Hinge Loss is	
94389.609667327	
SGD: Validation Accuracy is:	
0.59633027522936	
SGD: Magnitude of W:	
143352.64855323	
SGD: Magnitude of b:	
5.9330731666292	
Done.	
Testing on validation set...	
Done	
Datafile:	/n/home09/ankitgupta/CS287/HW1/TREC-uni-sent-syns.hdf5	Classifier:	hinge	Alpha:	0	Eta:	0.5	Lambda:	0.5	Minibatch size:	500	Num Epochs:	50	Minimum Sentence Length:	0	
Accuracy:	0.6	
