[?1034hDatafile:	/n/home09/ankitgupta/CS287/HW1/MPQA-uni-syns.hdf5	Classifier:	hinge	Alpha:	0	Eta:	0.5	Lambda:	1	Minibatch size:	500	Num Epochs:	50	Minimum Sentence Length:	5	
Note that not all parameters may apply to all classifiers	
Loading datafiles...	
Number of training samples before removing small sentences	10606	
Number of training samples after removing small sentences	9014	
Done.	
Training classifier...	
Parameters are:	
Eta:	
0.5	
Lambda:	
1	
Minibatch size:	
500	
Number of Epochs	
50	
SGD: Hinge Loss is	
69510.694118046	
SGD: Validation Accuracy is:	
0.25083240843507	
SGD: Magnitude of W:	
40094.973937676	
SGD: Magnitude of b:	
2.9313942443603	
SGD: Hinge Loss is	
69622.533779192	
SGD: Validation Accuracy is:	
0.41953385127636	
SGD: Magnitude of W:	
40042.60293097	
SGD: Magnitude of b:	
1.5772669147707	
SGD: Hinge Loss is	
68973.482818992	
SGD: Validation Accuracy is:	
0.48279689234184	
SGD: Magnitude of W:	
39989.853321909	
SGD: Magnitude of b:	
1.1962275147709	
SGD: Hinge Loss is	
68094.528883077	
SGD: Validation Accuracy is:	
0.503884572697	
SGD: Magnitude of W:	
39937.488194059	
SGD: Magnitude of b:	
1.0807904547353	
SGD: Hinge Loss is	
67303.701679559	
SGD: Validation Accuracy is:	
0.53274139844617	
SGD: Magnitude of W:	
39885.667642375	
SGD: Magnitude of b:	
1.0192094027874	
SGD: Hinge Loss is	
66582.301329897	
SGD: Validation Accuracy is:	
0.54384017758047	
SGD: Magnitude of W:	
39834.421216941	
SGD: Magnitude of b:	
1.0002144117909	
SGD: Hinge Loss is	
65943.343839772	
SGD: Validation Accuracy is:	
0.54716981132075	
SGD: Magnitude of W:	
39783.661841452	
SGD: Magnitude of b:	
0.98613441019237	
SGD: Hinge Loss is	
65314.883165303	
SGD: Validation Accuracy is:	
0.55937846836848	
SGD: Magnitude of W:	
39733.395520344	
SGD: Magnitude of b:	
0.98116436586205	
SGD: Hinge Loss is	
64660.367345272	
SGD: Validation Accuracy is:	
0.55937846836848	
SGD: Magnitude of W:	
39683.607449407	
SGD: Magnitude of b:	
1.0008722057498	
SGD: Hinge Loss is	
64053.521600093	
SGD: Validation Accuracy is:	
0.56492785793563	
SGD: Magnitude of W:	
39634.213579776	
SGD: Magnitude of b:	
1.0363144769618	
SGD: Hinge Loss is	
63462.880821854	
SGD: Validation Accuracy is:	
0.56270810210877	
SGD: Magnitude of W:	
39585.141370822	
SGD: Magnitude of b:	
1.066537382474	
SGD: Hinge Loss is	
62994.048178419	
SGD: Validation Accuracy is:	
0.56492785793563	
SGD: Magnitude of W:	
39536.514984781	
SGD: Magnitude of b:	
1.0806301388681	
SGD: Hinge Loss is	
62556.419970079	
SGD: Validation Accuracy is:	
0.5715871254162	
SGD: Magnitude of W:	
39488.1874302	
SGD: Magnitude of b:	
1.0876630776735	
SGD: Hinge Loss is	
62101.043135783	
SGD: Validation Accuracy is:	
0.59045504994451	
SGD: Magnitude of W:	
39440.178297054	
SGD: Magnitude of b:	
1.0777128048552	
SGD: Hinge Loss is	
61687.335038193	
SGD: Validation Accuracy is:	
0.59600443951165	
SGD: Magnitude of W:	
39392.471707292	
SGD: Magnitude of b:	
1.0587191464695	
SGD: Hinge Loss is	
61342.862431568	
SGD: Validation Accuracy is:	
0.6015538290788	
SGD: Magnitude of W:	
39344.910710692	
SGD: Magnitude of b:	
1.0666847941945	
SGD: Hinge Loss is	
60905.812173807	
SGD: Validation Accuracy is:	
0.61043285238624	
SGD: Magnitude of W:	
39297.553580306	
SGD: Magnitude of b:	
1.0685270911284	
SGD: Hinge Loss is	
60592.000743619	
SGD: Validation Accuracy is:	
0.61709211986681	
SGD: Magnitude of W:	
39250.495047006	
SGD: Magnitude of b:	
1.0563912414118	
SGD: Hinge Loss is	
60256.735369222	
SGD: Validation Accuracy is:	
0.62153163152053	
SGD: Magnitude of W:	
39203.703758738	
SGD: Magnitude of b:	
1.0342782063002	
SGD: Hinge Loss is	
59908.663855244	
SGD: Validation Accuracy is:	
0.62708102108768	
SGD: Magnitude of W:	
39157.164757141	
SGD: Magnitude of b:	
1.0281927658927	
SGD: Hinge Loss is	
59555.322063744	
SGD: Validation Accuracy is:	
0.6315205327414	
SGD: Magnitude of W:	
39110.842816875	
SGD: Magnitude of b:	
1.0350586572129	
SGD: Hinge Loss is	
59256.141419931	
SGD: Validation Accuracy is:	
0.64261931187569	
SGD: Magnitude of W:	
39064.788183441	
SGD: Magnitude of b:	
1.0080862157231	
SGD: Hinge Loss is	
58830.187848342	
SGD: Validation Accuracy is:	
0.63817980022198	
SGD: Magnitude of W:	
39018.908263289	
SGD: Magnitude of b:	
1.0348512574706	
SGD: Hinge Loss is	
58433.33001132	
SGD: Validation Accuracy is:	
0.64039955604883	
SGD: Magnitude of W:	
38973.168295325	
SGD: Magnitude of b:	
1.0554849633225	
SGD: Hinge Loss is	
58327.63555637	
SGD: Validation Accuracy is:	
0.64927857935627	
SGD: Magnitude of W:	
38927.782106229	
SGD: Magnitude of b:	
0.9934879666669	
SGD: Hinge Loss is	
57908.376394733	
SGD: Validation Accuracy is:	
0.64705882352941	
SGD: Magnitude of W:	
38882.318006114	
SGD: Magnitude of b:	
1.0161638875607	
SGD: Hinge Loss is	
57657.977243485	
SGD: Validation Accuracy is:	
0.64816870144284	
SGD: Magnitude of W:	
38837.0717503	
SGD: Magnitude of b:	
1.0188553660119	
SGD: Hinge Loss is	
57467.701442688	
SGD: Validation Accuracy is:	
0.65149833518313	
SGD: Magnitude of W:	
38791.925416889	
SGD: Magnitude of b:	
0.98477186646835	
SGD: Hinge Loss is	
57042.413844772	
SGD: Validation Accuracy is:	
0.64705882352941	
SGD: Magnitude of W:	
38746.8218468	
SGD: Magnitude of b:	
1.0154979462103	
SGD: Hinge Loss is	
56849.782731732	
SGD: Validation Accuracy is:	
0.64705882352941	
SGD: Magnitude of W:	
38701.936786583	
SGD: Magnitude of b:	
1.006235960751	
SGD: Hinge Loss is	
56511.197190784	
SGD: Validation Accuracy is:	
0.64705882352941	
SGD: Magnitude of W:	
38657.102217329	
SGD: Magnitude of b:	
1.0168499375203	
SGD: Hinge Loss is	
56407.858232254	
SGD: Validation Accuracy is:	
0.65149833518313	
SGD: Magnitude of W:	
38612.492051906	
SGD: Magnitude of b:	
0.98468827769692	
SGD: Hinge Loss is	
56060.279820944	
SGD: Validation Accuracy is:	
0.6503884572697	
SGD: Magnitude of W:	
38567.859869665	
SGD: Magnitude of b:	
0.99240068663563	
SGD: Hinge Loss is	
55859.570596616	
SGD: Validation Accuracy is:	
0.65371809100999	
SGD: Magnitude of W:	
38523.530611014	
SGD: Magnitude of b:	
0.9921297830295	
SGD: Hinge Loss is	
55460.625566218	
SGD: Validation Accuracy is:	
0.64927857935627	
SGD: Magnitude of W:	
38479.267272426	
SGD: Magnitude of b:	
1.0195884822901	
SGD: Hinge Loss is	
55309.282846174	
SGD: Validation Accuracy is:	
0.65371809100999	
SGD: Magnitude of W:	
38435.228764035	
SGD: Magnitude of b:	
1.0030625368337	
SGD: Hinge Loss is	
55039.355847548	
SGD: Validation Accuracy is:	
0.65371809100999	
SGD: Magnitude of W:	
38391.21380376	
SGD: Magnitude of b:	
1.0084037735136	
SGD: Hinge Loss is	
54763.343020827	
SGD: Validation Accuracy is:	
0.65593784683685	
SGD: Magnitude of W:	
38347.350021135	
SGD: Magnitude of b:	
1.0216141788349	
SGD: Hinge Loss is	
54731.674948365	
SGD: Validation Accuracy is:	
0.66037735849057	
SGD: Magnitude of W:	
38303.695922851	
SGD: Magnitude of b:	
0.95926260960212	
SGD: Hinge Loss is	
54395.747177592	
SGD: Validation Accuracy is:	
0.65815760266371	
SGD: Magnitude of W:	
38260.150799072	
SGD: Magnitude of b:	
0.99157447047211	
SGD: Hinge Loss is	
54221.267077391	
SGD: Validation Accuracy is:	
0.66037735849057	
SGD: Magnitude of W:	
38216.750774516	
SGD: Magnitude of b:	
0.98096088468472	
SGD: Hinge Loss is	
54143.661184734	
SGD: Validation Accuracy is:	
0.669256381798	
SGD: Magnitude of W:	
38173.535528918	
SGD: Magnitude of b:	
0.95450435149999	
SGD: Hinge Loss is	
53833.019866397	
SGD: Validation Accuracy is:	
0.66592674805771	
SGD: Magnitude of W:	
38130.312146519	
SGD: Magnitude of b:	
0.95606110982901	
SGD: Hinge Loss is	
53569.490856424	
SGD: Validation Accuracy is:	
0.66370699223085	
SGD: Magnitude of W:	
38087.23444306	
SGD: Magnitude of b:	
0.99527868572463	
SGD: Hinge Loss is	
53433.365006495	
SGD: Validation Accuracy is:	
0.66481687014428	
SGD: Magnitude of W:	
38044.305564792	
SGD: Magnitude of b:	
0.97077700643099	
SGD: Hinge Loss is	
53137.910021024	
SGD: Validation Accuracy is:	
0.66481687014428	
SGD: Magnitude of W:	
38001.39981042	
SGD: Magnitude of b:	
1.0010067711413	
SGD: Hinge Loss is	
53119.182193474	
SGD: Validation Accuracy is:	
0.6803551609323	
SGD: Magnitude of W:	
37958.728414471	
SGD: Magnitude of b:	
0.94867127582901	
SGD: Hinge Loss is	
52792.668631519	
SGD: Validation Accuracy is:	
0.67702552719201	
SGD: Magnitude of W:	
37916.047415747	
SGD: Magnitude of b:	
0.97813293240749	
SGD: Hinge Loss is	
52565.518811836	
SGD: Validation Accuracy is:	
0.67480577136515	
SGD: Magnitude of W:	
37873.371294122	
SGD: Magnitude of b:	
0.99546104517539	
SGD: Hinge Loss is	
52476.679986552	
SGD: Validation Accuracy is:	
0.67813540510544	
SGD: Magnitude of W:	
37830.961883743	
SGD: Magnitude of b:	
0.97793358302606	
Done.	
Testing on validation set...	
Done	
Datafile:	/n/home09/ankitgupta/CS287/HW1/MPQA-uni-syns.hdf5	Classifier:	hinge	Alpha:	0	Eta:	0.5	Lambda:	1	Minibatch size:	500	Num Epochs:	50	Minimum Sentence Length:	5	
Accuracy:	0.67591564927858	
