[?1034hDatafile:	/n/home09/ankitgupta/CS287/HW1/SST2-uni.hdf5	Classifier:	hinge	Alpha:	0	Eta:	0.5	Lambda:	1	Minibatch size:	500	Num Epochs:	50	Minimum Sentence Length:	5	
Note that not all parameters may apply to all classifiers	
Loading datafiles...	
Number of training samples before removing small sentences	76961	
Number of training samples after removing small sentences	49106	
Done.	
Training classifier...	
Parameters are:	
Eta:	
0.5	
Lambda:	
1	
Minibatch size:	
500	
Number of Epochs	
50	
SGD: Hinge Loss is	
134144.18350764	
SGD: Validation Accuracy is:	
0.45437881873727	
SGD: Magnitude of W:	
24127.029308381	
SGD: Magnitude of b:	
0.62589623053206	
    Current index:	9501	
    Magnitude of W_grad:	4.3879999999999	
    Magnitude of W:	24110.333842622	
    Magnitude of B_grad:	0.076	
    Magnitude of b:	2.8333877131641	

	
    Current index:	19501	
    Magnitude of W_grad:	4.0719999999999	
    Magnitude of W:	24098.045742208	
    Magnitude of B_grad:	0.044	
    Magnitude of b:	3.0907122804597	

	
    Current index:	29501	
    Magnitude of W_grad:	8.8279999999999	
    Magnitude of W:	24084.428131282	
    Magnitude of B_grad:	0.528	
    Magnitude of b:	0.84569467435158	

	
    Current index:	39501	
    Magnitude of W_grad:	5.5879999999999	
    Magnitude of W:	24070.361403497	
    Magnitude of B_grad:	0.06	
    Magnitude of b:	1.7753395109201	

	
SGD: Hinge Loss is	
172958.86007793	
SGD: Validation Accuracy is:	
0.70285132382892	
SGD: Magnitude of W:	
24064.688909748	
SGD: Magnitude of b:	
1.6702851239136	
    Current index:	9501	
    Magnitude of W_grad:	4.112	
    Magnitude of W:	24048.471288144	
    Magnitude of B_grad:	0.072	
    Magnitude of b:	2.3494075936231	

	
    Current index:	19501	
    Magnitude of W_grad:	3.928	
    Magnitude of W:	24037.333095733	
    Magnitude of B_grad:	0.068	
    Magnitude of b:	2.6188353695024	

	
    Current index:	29501	
    Magnitude of W_grad:	7.6159999999999	
    Magnitude of W:	24024.673629028	
    Magnitude of B_grad:	0.432	
    Magnitude of b:	0.96348604830347	

	
    Current index:	39501	
    Magnitude of W_grad:	5.5159999999999	
    Magnitude of W:	24012.604621473	
    Magnitude of B_grad:	0.104	
    Magnitude of b:	1.6651433766273	

	
SGD: Hinge Loss is	
158207.88115899	
SGD: Validation Accuracy is:	
0.70570264765784	
SGD: Magnitude of W:	
24007.533633268	
SGD: Magnitude of b:	
1.5075896968226	
    Current index:	9501	
    Magnitude of W_grad:	4.336	
    Magnitude of W:	23993.058601498	
    Magnitude of B_grad:	0.088	
    Magnitude of b:	2.2001122993001	

	
    Current index:	19501	
    Magnitude of W_grad:	3.66	
    Magnitude of W:	23982.211238803	
    Magnitude of B_grad:	0.08	
    Magnitude of b:	2.4295818165222	

	
    Current index:	29501	
    Magnitude of W_grad:	6.6159999999999	
    Magnitude of W:	23970.466486678	
    Magnitude of B_grad:	0.336	
    Magnitude of b:	0.93671250834706	

	
    Current index:	39501	
    Magnitude of W_grad:	5.5479999999999	
    Magnitude of W:	23958.828381461	
    Magnitude of B_grad:	0.112	
    Magnitude of b:	1.558389378662	

	
SGD: Hinge Loss is	
149355.48114136	
SGD: Validation Accuracy is:	
0.70896130346232	
SGD: Magnitude of W:	
23953.960387949	
SGD: Magnitude of b:	
1.4159745018387	
    Current index:	9501	
    Magnitude of W_grad:	4.5999999999999	
    Magnitude of W:	23940.836949496	
    Magnitude of B_grad:	0.104	
    Magnitude of b:	2.161729731174	

	
    Current index:	19501	
    Magnitude of W_grad:	3.444	
    Magnitude of W:	23930.433119348	
    Magnitude of B_grad:	0.08	
    Magnitude of b:	2.3092199689521	

	
    Current index:	29501	
    Magnitude of W_grad:	6.1799999999999	
    Magnitude of W:	23918.981396369	
    Magnitude of B_grad:	0.284	
    Magnitude of b:	0.89706049619746	

	
    Current index:	39501	
    Magnitude of W_grad:	5.2919999999999	
    Magnitude of W:	23907.767262576	
    Magnitude of B_grad:	0.1	
    Magnitude of b:	1.4427531930713	

	
SGD: Hinge Loss is	
141168.36457523	
SGD: Validation Accuracy is:	
0.70468431771894	
SGD: Magnitude of W:	
23903.043643877	
SGD: Magnitude of b:	
1.2820937928499	
    Current index:	9501	
    Magnitude of W_grad:	4.7479999999999	
    Magnitude of W:	23890.796951536	
    Magnitude of B_grad:	0.108	
    Magnitude of b:	2.1176103094955	

	
    Current index:	19501	
    Magnitude of W_grad:	3.32	
    Magnitude of W:	23880.831869686	
    Magnitude of B_grad:	0.088	
    Magnitude of b:	2.2451127463973	

	
    Current index:	29501	
    Magnitude of W_grad:	5.8279999999999	
    Magnitude of W:	23869.688543325	
    Magnitude of B_grad:	0.236	
    Magnitude of b:	0.84516174461118	

	
    Current index:	39501	
    Magnitude of W_grad:	5.2199999999999	
    Magnitude of W:	23858.71581958	
    Magnitude of B_grad:	0.1	
    Magnitude of b:	1.3688705726705	

	
SGD: Hinge Loss is	
135625.05905736	
SGD: Validation Accuracy is:	
0.70835030549898	
SGD: Magnitude of W:	
23854.116665814	
SGD: Magnitude of b:	
1.2222176315136	
    Current index:	9501	
    Magnitude of W_grad:	4.8759999999999	
    Magnitude of W:	23842.814927535	
    Magnitude of B_grad:	0.112	
    Magnitude of b:	2.0834886033337	

	
    Current index:	19501	
    Magnitude of W_grad:	3.284	
    Magnitude of W:	23833.069459339	
    Magnitude of B_grad:	0.06	
    Magnitude of b:	2.2110022444046	

	
    Current index:	29501	
    Magnitude of W_grad:	5.8239999999999	
    Magnitude of W:	23821.963321783	
    Magnitude of B_grad:	0.232	
    Magnitude of b:	0.80126532145726	

	
    Current index:	39501	
    Magnitude of W_grad:	5.0319999999999	
    Magnitude of W:	23811.287164101	
    Magnitude of B_grad:	0.084	
    Magnitude of b:	1.2969911624072	

	
SGD: Hinge Loss is	
130730.73154299	
SGD: Validation Accuracy is:	
0.71242362525458	
SGD: Magnitude of W:	
23806.778672152	
SGD: Magnitude of b:	
1.1686014296385	
    Current index:	9501	
    Magnitude of W_grad:	4.9239999999999	
    Magnitude of W:	23796.211248925	
    Magnitude of B_grad:	0.116	
    Magnitude of b:	2.0311102091733	

	
    Current index:	19501	
    Magnitude of W_grad:	3.076	
    Magnitude of W:	23786.601432966	
    Magnitude of B_grad:	0.068	
    Magnitude of b:	2.1686379177825	

	
    Current index:	29501	
    Magnitude of W_grad:	5.4119999999999	
    Magnitude of W:	23775.911275651	
    Magnitude of B_grad:	0.2	
    Magnitude of b:	0.76362547093321	

	
    Current index:	39501	
    Magnitude of W_grad:	5.0279999999999	
    Magnitude of W:	23765.569785029	
    Magnitude of B_grad:	0.084	
    Magnitude of b:	1.2473631761813	

	
SGD: Hinge Loss is	
127054.75333841	
SGD: Validation Accuracy is:	
0.71608961303462	
SGD: Magnitude of W:	
23761.124535142	
SGD: Magnitude of b:	
1.1332355854087	
    Current index:	9501	
    Magnitude of W_grad:	4.7999999999999	
    Magnitude of W:	23750.905717962	
    Magnitude of B_grad:	0.108	
    Magnitude of b:	1.9684837538776	

	
    Current index:	19501	
    Magnitude of W_grad:	3.14	
    Magnitude of W:	23741.466483059	
    Magnitude of B_grad:	0.048	
    Magnitude of b:	2.1240259933992	

	
    Current index:	29501	
    Magnitude of W_grad:	5.4079999999999	
    Magnitude of W:	23731.220835138	
    Magnitude of B_grad:	0.196	
    Magnitude of b:	0.76223089955994	

	
    Current index:	39501	
    Magnitude of W_grad:	5.0199999999999	
    Magnitude of W:	23721.033888878	
    Magnitude of B_grad:	0.088	
    Magnitude of b:	1.227973467921	

	
SGD: Hinge Loss is	
123667.97093358	
SGD: Validation Accuracy is:	
0.72016293279022	
SGD: Magnitude of W:	
23716.595986874	
SGD: Magnitude of b:	
1.1241043294851	
    Current index:	9501	
    Magnitude of W_grad:	4.6439999999999	
    Magnitude of W:	23706.643636891	
    Magnitude of B_grad:	0.1	
    Magnitude of b:	1.9016236455524	

	
    Current index:	19501	
    Magnitude of W_grad:	3.152	
    Magnitude of W:	23697.296351011	
    Magnitude of B_grad:	0.044	
    Magnitude of b:	2.0511827992575	

	
    Current index:	29501	
    Magnitude of W_grad:	5.3479999999999	
    Magnitude of W:	23687.377784105	
    Magnitude of B_grad:	0.196	
    Magnitude of b:	0.74306202546223	

	
    Current index:	39501	
    Magnitude of W_grad:	4.9679999999999	
    Magnitude of W:	23677.456442593	
    Magnitude of B_grad:	0.08	
    Magnitude of b:	1.1968076410839	

	
SGD: Hinge Loss is	
119786.7538208	
SGD: Validation Accuracy is:	
0.72321792260692	
SGD: Magnitude of W:	
23673.023053189	
SGD: Magnitude of b:	
1.0732999714319	
    Current index:	9501	
    Magnitude of W_grad:	4.364	
    Magnitude of W:	23663.249908816	
    Magnitude of B_grad:	0.076	
    Magnitude of b:	1.8644294961065	

	
    Current index:	19501	
    Magnitude of W_grad:	3.204	
    Magnitude of W:	23654.153051924	
    Magnitude of B_grad:	0.04	
    Magnitude of b:	2.0239969517182	

	
    Current index:	29501	
    Magnitude of W_grad:	5.0839999999999	
    Magnitude of W:	23644.528078121	
    Magnitude of B_grad:	0.176	
    Magnitude of b:	0.71824427913468	

	
    Current index:	39501	
    Magnitude of W_grad:	5.1319999999999	
    Magnitude of W:	23634.829640979	
    Magnitude of B_grad:	0.08	
    Magnitude of b:	1.1919950797282	

	
SGD: Hinge Loss is	
116348.01072431	
SGD: Validation Accuracy is:	
0.72464358452138	
SGD: Magnitude of W:	
23630.48422904	
SGD: Magnitude of b:	
1.0404895517908	
    Current index:	9501	
    Magnitude of W_grad:	4.336	
    Magnitude of W:	23620.984414369	
    Magnitude of B_grad:	0.072	
    Magnitude of b:	1.8092467915501	

	
    Current index:	19501	
    Magnitude of W_grad:	3.18	
    Magnitude of W:	23612.036583822	
    Magnitude of B_grad:	0.044	
    Magnitude of b:	1.9868243790115	

	
    Current index:	29501	
    Magnitude of W_grad:	4.8559999999999	
    Magnitude of W:	23602.518599946	
    Magnitude of B_grad:	0.156	
    Magnitude of b:	0.69941181310063	

	
    Current index:	39501	
    Magnitude of W_grad:	4.7759999999999	
    Magnitude of W:	23592.980447416	
    Magnitude of B_grad:	0.048	
    Magnitude of b:	1.1651663766579	

	
SGD: Hinge Loss is	
113617.23499424	
SGD: Validation Accuracy is:	
0.72769857433809	
SGD: Magnitude of W:	
23588.732009592	
SGD: Magnitude of b:	
1.0096642591202	
    Current index:	9501	
    Magnitude of W_grad:	4.22	
    Magnitude of W:	23579.288889267	
    Magnitude of B_grad:	0.064	
    Magnitude of b:	1.7860759700894	

	
    Current index:	19501	
    Magnitude of W_grad:	3.164	
    Magnitude of W:	23570.292871249	
    Magnitude of B_grad:	0.044	
    Magnitude of b:	1.9496622389005	

	
    Current index:	29501	
    Magnitude of W_grad:	4.9079999999999	
    Magnitude of W:	23560.897509486	
    Magnitude of B_grad:	0.156	
    Magnitude of b:	0.68656936928665	

	
    Current index:	39501	
    Magnitude of W_grad:	4.7879999999999	
    Magnitude of W:	23551.474380836	
    Magnitude of B_grad:	0.04	
    Magnitude of b:	1.1403295760004	

	
SGD: Hinge Loss is	
110478.73930226	
SGD: Validation Accuracy is:	
0.72953156822811	
SGD: Magnitude of W:	
23547.289075795	
SGD: Magnitude of b:	
0.97082994202596	
    Current index:	9501	
    Magnitude of W_grad:	4.228	
    Magnitude of W:	23538.060235397	
    Magnitude of B_grad:	0.056	
    Magnitude of b:	1.7369171575909	

	
    Current index:	19501	
    Magnitude of W_grad:	3.204	
    Magnitude of W:	23529.161561242	
    Magnitude of B_grad:	0.04	
    Magnitude of b:	1.9165116749887	

	
    Current index:	29501	
    Magnitude of W_grad:	4.8119999999999	
    Magnitude of W:	23519.78897639	
    Magnitude of B_grad:	0.152	
    Magnitude of b:	0.68371390386556	

	
    Current index:	39501	
    Magnitude of W_grad:	4.7879999999999	
    Magnitude of W:	23510.667554892	
    Magnitude of B_grad:	0.04	
    Magnitude of b:	1.1194781730355	

	
SGD: Hinge Loss is	
108115.27585339	
SGD: Validation Accuracy is:	
0.73054989816701	
SGD: Magnitude of W:	
23506.566443874	
SGD: Magnitude of b:	
0.95198077521382	
    Current index:	9501	
    Magnitude of W_grad:	4.228	
    Magnitude of W:	23497.648004119	
    Magnitude of B_grad:	0.056	
    Magnitude of b:	1.6897716077214	

	
    Current index:	19501	
    Magnitude of W_grad:	3.256	
    Magnitude of W:	23488.897589658	
    Magnitude of B_grad:	0.036	
    Magnitude of b:	1.8753749816098	

	
    Current index:	29501	
    Magnitude of W_grad:	4.9519999999999	
    Magnitude of W:	23479.762856423	
    Magnitude of B_grad:	0.168	
    Magnitude of b:	0.67684595121126	

	
    Current index:	39501	
    Magnitude of W_grad:	4.9959999999999	
    Magnitude of W:	23470.879145259	
    Magnitude of B_grad:	0.04	
    Magnitude of b:	1.1066127697305	

	
SGD: Hinge Loss is	
106817.35406142	
SGD: Validation Accuracy is:	
0.73462321792261	
SGD: Magnitude of W:	
23466.794847219	
SGD: Magnitude of b:	
0.94650240588175	
    Current index:	9501	
    Magnitude of W_grad:	3.984	
    Magnitude of W:	23457.894613971	
    Magnitude of B_grad:	0.036	
    Magnitude of b:	1.6632539865931	

	
    Current index:	19501	
    Magnitude of W_grad:	3.284	
    Magnitude of W:	23449.246265833	
    Magnitude of B_grad:	0.032	
    Magnitude of b:	1.8348653057372	

	
    Current index:	29501	
    Magnitude of W_grad:	5.0199999999999	
    Magnitude of W:	23440.235123042	
    Magnitude of B_grad:	0.168	
    Magnitude of b:	0.66135132651882	

	
    Current index:	39501	
    Magnitude of W_grad:	4.8439999999999	
    Magnitude of W:	23431.378521956	
    Magnitude of B_grad:	0.036	
    Magnitude of b:	1.087122940263	

	
SGD: Hinge Loss is	
104582.94448968	
SGD: Validation Accuracy is:	
0.73543788187373	
SGD: Magnitude of W:	
23427.370055965	
SGD: Magnitude of b:	
0.92588565426821	
    Current index:	9501	
    Magnitude of W_grad:	3.984	
    Magnitude of W:	23418.66209746	
    Magnitude of B_grad:	0.036	
    Magnitude of b:	1.6398738567414	

	
    Current index:	19501	
    Magnitude of W_grad:	3.276	
    Magnitude of W:	23410.091684718	
    Magnitude of B_grad:	0.032	
    Magnitude of b:	1.8074894022409	

	
    Current index:	29501	
    Magnitude of W_grad:	4.7159999999999	
    Magnitude of W:	23401.134249424	
    Magnitude of B_grad:	0.148	
    Magnitude of b:	0.64472400037683	

	
    Current index:	39501	
    Magnitude of W_grad:	4.8359999999999	
    Magnitude of W:	23392.361058821	
    Magnitude of B_grad:	0.032	
    Magnitude of b:	1.0784988103256	

	
SGD: Hinge Loss is	
102332.81534228	
SGD: Validation Accuracy is:	
0.73401221995927	
SGD: Magnitude of W:	
23388.345975292	
SGD: Magnitude of b:	
0.89875014754043	
    Current index:	9501	
    Magnitude of W_grad:	3.924	
    Magnitude of W:	23379.713253901	
    Magnitude of B_grad:	0.048	
    Magnitude of b:	1.6350122740792	

	
    Current index:	19501	
    Magnitude of W_grad:	3.196	
    Magnitude of W:	23371.236689992	
    Magnitude of B_grad:	0.04	
    Magnitude of b:	1.7946310009727	

	
    Current index:	29501	
    Magnitude of W_grad:	4.7719999999999	
    Magnitude of W:	23362.42990086	
    Magnitude of B_grad:	0.156	
    Magnitude of b:	0.63558130263853	

	
    Current index:	39501	
    Magnitude of W_grad:	4.8679999999999	
    Magnitude of W:	23353.746318451	
    Magnitude of B_grad:	0.028	
    Magnitude of b:	1.0513609413287	

	
SGD: Hinge Loss is	
100694.62013166	
SGD: Validation Accuracy is:	
0.73523421588595	
SGD: Magnitude of W:	
23349.846638519	
SGD: Magnitude of b:	
0.88561391032083	
    Current index:	9501	
    Magnitude of W_grad:	3.772	
    Magnitude of W:	23341.316302014	
    Magnitude of B_grad:	0.048	
    Magnitude of b:	1.6121513765623	

	
    Current index:	19501	
    Magnitude of W_grad:	3.284	
    Magnitude of W:	23332.923797491	
    Magnitude of B_grad:	0.028	
    Magnitude of b:	1.7657760449388	

	
    Current index:	29501	
    Magnitude of W_grad:	4.7359999999999	
    Magnitude of W:	23324.206574128	
    Magnitude of B_grad:	0.16	
    Magnitude of b:	0.60643335048512	

	
    Current index:	39501	
    Magnitude of W_grad:	4.8679999999999	
    Magnitude of W:	23315.617452915	
    Magnitude of B_grad:	0.028	
    Magnitude of b:	1.0382168914278	

	
SGD: Hinge Loss is	
99477.029442534	
SGD: Validation Accuracy is:	
0.73808553971487	
SGD: Magnitude of W:	
23311.750331325	
SGD: Magnitude of b:	
0.87447097244112	
    Current index:	9501	
    Magnitude of W_grad:	3.744	
    Magnitude of W:	23303.343201378	
    Magnitude of B_grad:	0.04	
    Magnitude of b:	1.6052953454967	

	
    Current index:	19501	
    Magnitude of W_grad:	3.256	
    Magnitude of W:	23295.02779474	
    Magnitude of B_grad:	0.032	
    Magnitude of b:	1.7609222664004	

	
    Current index:	29501	
    Magnitude of W_grad:	4.4119999999999	
    Magnitude of W:	23286.360431209	
    Magnitude of B_grad:	0.136	
    Magnitude of b:	0.60528532956828	

	
    Current index:	39501	
    Magnitude of W_grad:	4.8679999999999	
    Magnitude of W:	23277.770288363	
    Magnitude of B_grad:	0.028	
    Magnitude of b:	1.0290702388855	

	
SGD: Hinge Loss is	
97469.255724636	
SGD: Validation Accuracy is:	
0.73706720977597	
SGD: Magnitude of W:	
23273.979660589	
SGD: Magnitude of b:	
0.85106852416712	
    Current index:	9501	
    Magnitude of W_grad:	3.7	
    Magnitude of W:	23265.720159375	
    Magnitude of B_grad:	0.052	
    Magnitude of b:	1.5867007119669	

	
    Current index:	19501	
    Magnitude of W_grad:	3.152	
    Magnitude of W:	23257.456751653	
    Magnitude of B_grad:	0.036	
    Magnitude of b:	1.7463327447435	

	
    Current index:	29501	
    Magnitude of W_grad:	4.3799999999999	
    Magnitude of W:	23248.979451141	
    Magnitude of B_grad:	0.14	
    Magnitude of b:	0.57787358683787	

	
    Current index:	39501	
    Magnitude of W_grad:	4.8679999999999	
    Magnitude of W:	23240.575570202	
    Magnitude of B_grad:	0.028	
    Magnitude of b:	1.0016633631374	

	
SGD: Hinge Loss is	
95780.878101799	
SGD: Validation Accuracy is:	
0.73706720977597	
SGD: Magnitude of W:	
23236.80698242	
SGD: Magnitude of b:	
0.83166450677193	
    Current index:	9501	
    Magnitude of W_grad:	3.592	
    Magnitude of W:	23228.607252282	
    Magnitude of B_grad:	0.04	
    Magnitude of b:	1.5781068778781	

	
    Current index:	19501	
    Magnitude of W_grad:	3.128	
    Magnitude of W:	23220.433918078	
    Magnitude of B_grad:	0.036	
    Magnitude of b:	1.7317429590926	

	
    Current index:	29501	
    Magnitude of W_grad:	4.1719999999999	
    Magnitude of W:	23212.099838138	
    Magnitude of B_grad:	0.124	
    Magnitude of b:	0.56046181386151	

	
    Current index:	39501	
    Magnitude of W_grad:	4.8639999999999	
    Magnitude of W:	23203.751606722	
    Magnitude of B_grad:	0.024	
    Magnitude of b:	0.98825417200266	

	
SGD: Hinge Loss is	
94392.212105201	
SGD: Validation Accuracy is:	
0.73625254582485	
SGD: Magnitude of W:	
23200.022562799	
SGD: Magnitude of b:	
0.82512836264972	
    Current index:	9501	
    Magnitude of W_grad:	3.592	
    Magnitude of W:	23191.94382943	
    Magnitude of B_grad:	0.04	
    Magnitude of b:	1.5506464980998	

	
    Current index:	19501	
    Magnitude of W_grad:	3.104	
    Magnitude of W:	23183.784539994	
    Magnitude of B_grad:	0.032	
    Magnitude of b:	1.7162880002209	

	
    Current index:	29501	
    Magnitude of W_grad:	3.992	
    Magnitude of W:	23175.535853169	
    Magnitude of B_grad:	0.108	
    Magnitude of b:	0.55791404544142	

	
    Current index:	39501	
    Magnitude of W_grad:	4.8719999999999	
    Magnitude of W:	23167.330354256	
    Magnitude of B_grad:	0.028	
    Magnitude of b:	0.98570860903982	

	
SGD: Hinge Loss is	
92483.876448796	
SGD: Validation Accuracy is:	
0.73441955193483	
SGD: Magnitude of W:	
23163.691893306	
SGD: Magnitude of b:	
0.79432775729295	
    Current index:	9501	
    Magnitude of W_grad:	3.54	
    Magnitude of W:	23155.642319902	
    Magnitude of B_grad:	0.036	
    Magnitude of b:	1.5254497279093	

	
    Current index:	19501	
    Magnitude of W_grad:	3.044	
    Magnitude of W:	23147.551059777	
    Magnitude of B_grad:	0.036	
    Magnitude of b:	1.6970970664406	

	
    Current index:	29501	
    Magnitude of W_grad:	3.992	
    Magnitude of W:	23139.46669551	
    Magnitude of B_grad:	0.108	
    Magnitude of b:	0.54110167820761	

	
    Current index:	39501	
    Magnitude of W_grad:	4.8079999999999	
    Magnitude of W:	23131.341897052	
    Magnitude of B_grad:	0.012	
    Magnitude of b:	0.96689760210236	

	
SGD: Hinge Loss is	
91217.898781926	
SGD: Validation Accuracy is:	
0.73523421588595	
SGD: Magnitude of W:	
23127.763728094	
SGD: Magnitude of b:	
0.79064607884968	
    Current index:	9501	
    Magnitude of W_grad:	3.468	
    Magnitude of W:	23119.78428968	
    Magnitude of B_grad:	0.036	
    Magnitude of b:	1.497136297508	

	
    Current index:	19501	
    Magnitude of W_grad:	3.044	
    Magnitude of W:	23111.787576735	
    Magnitude of B_grad:	0.036	
    Magnitude of b:	1.6727890915405	

	
    Current index:	29501	
    Magnitude of W_grad:	3.872	
    Magnitude of W:	23103.836784283	
    Magnitude of B_grad:	0.096	
    Magnitude of b:	0.53140822610671	

	
    Current index:	39501	
    Magnitude of W_grad:	4.8719999999999	
    Magnitude of W:	23095.929779249	
    Magnitude of B_grad:	0.028	
    Magnitude of b:	0.96120638839136	

	
SGD: Hinge Loss is	
90428.925773262	
SGD: Validation Accuracy is:	
0.73584521384929	
SGD: Magnitude of W:	
23092.356823741	
SGD: Magnitude of b:	
0.79095580660781	
    Current index:	9501	
    Magnitude of W_grad:	3.488	
    Magnitude of W:	23084.463147707	
    Magnitude of B_grad:	0.036	
    Magnitude of b:	1.480829581101	

	
    Current index:	19501	
    Magnitude of W_grad:	3.064	
    Magnitude of W:	23076.624745271	
    Magnitude of B_grad:	0.04	
    Magnitude of b:	1.6544858834722	

	
    Current index:	29501	
    Magnitude of W_grad:	3.944	
    Magnitude of W:	23068.775790522	
    Magnitude of B_grad:	0.116	
    Magnitude of b:	0.5297084471433	

	
    Current index:	39501	
    Magnitude of W_grad:	4.8719999999999	
    Magnitude of W:	23060.929644561	
    Magnitude of B_grad:	0.028	
    Magnitude of b:	0.95150837409878	

	
SGD: Hinge Loss is	
89615.458061927	
SGD: Validation Accuracy is:	
0.73747454175153	
SGD: Magnitude of W:	
23057.434602903	
SGD: Magnitude of b:	
0.7912579199398	
    Current index:	9501	
    Magnitude of W_grad:	3.488	
    Magnitude of W:	23049.636293455	
    Magnitude of B_grad:	0.036	
    Magnitude of b:	1.4705297306914	

	
    Current index:	19501	
    Magnitude of W_grad:	3.048	
    Magnitude of W:	23041.852759591	
    Magnitude of B_grad:	0.04	
    Magnitude of b:	1.6361895850984	

	
    Current index:	29501	
    Magnitude of W_grad:	3.904	
    Magnitude of W:	23034.179816226	
    Magnitude of B_grad:	0.116	
    Magnitude of b:	0.5260028460261	

	
    Current index:	39501	
    Magnitude of W_grad:	4.8519999999999	
    Magnitude of W:	23026.436051698	
    Magnitude of B_grad:	0.024	
    Magnitude of b:	0.94780510455185	

	
SGD: Hinge Loss is	
88430.425582153	
SGD: Validation Accuracy is:	
0.73849287169043	
SGD: Magnitude of W:	
23022.960510379	
SGD: Magnitude of b:	
0.77755611349985	
    Current index:	9501	
    Magnitude of W_grad:	3.564	
    Magnitude of W:	23015.287978829	
    Magnitude of B_grad:	0.056	
    Magnitude of b:	1.4722330299895	

	
    Current index:	19501	
    Magnitude of W_grad:	2.972	
    Magnitude of W:	23007.516631298	
    Magnitude of B_grad:	0.04	
    Magnitude of b:	1.6318929968033	

	
    Current index:	29501	
    Magnitude of W_grad:	3.912	
    Magnitude of W:	22999.927355658	
    Magnitude of B_grad:	0.12	
    Magnitude of b:	0.51429959357563	

	
    Current index:	39501	
    Magnitude of W_grad:	4.8799999999999	
    Magnitude of W:	22992.178581414	
    Magnitude of B_grad:	0.02	
    Magnitude of b:	0.92810470358724	

	
SGD: Hinge Loss is	
87551.66218659	
SGD: Validation Accuracy is:	
0.73890020366599	
SGD: Magnitude of W:	
22988.752298086	
SGD: Magnitude of b:	
0.77411313307973	
    Current index:	9501	
    Magnitude of W_grad:	3.564	
    Magnitude of W:	22981.189459548	
    Magnitude of B_grad:	0.056	
    Magnitude of b:	1.4536789419139	

	
    Current index:	19501	
    Magnitude of W_grad:	3.012	
    Magnitude of W:	22973.469332522	
    Magnitude of B_grad:	0.04	
    Magnitude of b:	1.6233417489945	

	
    Current index:	29501	
    Magnitude of W_grad:	3.824	
    Magnitude of W:	22966.006244628	
    Magnitude of B_grad:	0.112	
    Magnitude of b:	0.49685046788837	

	
    Current index:	39501	
    Magnitude of W_grad:	4.6879999999999	
    Magnitude of W:	22958.327782495	
    Magnitude of B_grad:	0	
    Magnitude of b:	0.91265880168514	

	
SGD: Hinge Loss is	
86506.479692873	
SGD: Validation Accuracy is:	
0.73951120162933	
SGD: Magnitude of W:	
22954.937714398	
SGD: Magnitude of b:	
0.76154057606423	
    Current index:	9501	
    Magnitude of W_grad:	3.392	
    Magnitude of W:	22947.384257319	
    Magnitude of B_grad:	0.044	
    Magnitude of b:	1.4322536545606	

	
    Current index:	19501	
    Magnitude of W_grad:	3.092	
    Magnitude of W:	22939.724692392	
    Magnitude of B_grad:	0.028	
    Magnitude of b:	1.6079200872951	

	
    Current index:	29501	
    Magnitude of W_grad:	3.656	
    Magnitude of W:	22932.370970902	
    Magnitude of B_grad:	0.096	
    Magnitude of b:	0.49627106142625	

	
    Current index:	39501	
    Magnitude of W_grad:	4.6559999999999	
    Magnitude of W:	22924.761445354	
    Magnitude of B_grad:	0.008	
    Magnitude of b:	0.90808221867902	

	
SGD: Hinge Loss is	
85428.122346325	
SGD: Validation Accuracy is:	
0.73991853360489	
SGD: Magnitude of W:	
22921.383749055	
SGD: Magnitude of b:	
0.73983736258345	
    Current index:	9501	
    Magnitude of W_grad:	3.412	
    Magnitude of W:	22913.828636446	
    Magnitude of B_grad:	0.048	
    Magnitude of b:	1.4279586999827	

	
    Current index:	19501	
    Magnitude of W_grad:	3.084	
    Magnitude of W:	22906.285786795	
    Magnitude of B_grad:	0.032	
    Magnitude of b:	1.5956272809071	

	
    Current index:	29501	
    Magnitude of W_grad:	3.744	
    Magnitude of W:	22898.970450227	
    Magnitude of B_grad:	0.108	
    Magnitude of b:	0.47256384701227	

	
    Current index:	39501	
    Magnitude of W_grad:	4.5839999999999	
    Magnitude of W:	22891.449934366	
    Magnitude of B_grad:	0.004	
    Magnitude of b:	0.89037801495254	

	
SGD: Hinge Loss is	
84583.981524251	
SGD: Validation Accuracy is:	
0.74073319755601	
SGD: Magnitude of W:	
22888.059715823	
SGD: Magnitude of b:	
0.72926298556369	
    Current index:	9501	
    Magnitude of W_grad:	3.44	
    Magnitude of W:	22880.560267225	
    Magnitude of B_grad:	0.052	
    Magnitude of b:	1.4145349833739	

	
    Current index:	19501	
    Magnitude of W_grad:	3.188	
    Magnitude of W:	22873.103919012	
    Magnitude of B_grad:	0.02	
    Magnitude of b:	1.5782076194987	

	
    Current index:	29501	
    Magnitude of W_grad:	3.652	
    Magnitude of W:	22865.842889904	
    Magnitude of B_grad:	0.1	
    Magnitude of b:	0.46798164885219	

	
    Current index:	39501	
    Magnitude of W_grad:	4.5839999999999	
    Magnitude of W:	22858.280818088	
    Magnitude of B_grad:	0.004	
    Magnitude of b:	0.87779823364564	

	
SGD: Hinge Loss is	
83878.135410401	
SGD: Validation Accuracy is:	
0.74032586558045	
SGD: Magnitude of W:	
22854.911253789	
SGD: Magnitude of b:	
0.72155555592683	
    Current index:	9501	
    Magnitude of W_grad:	3.512	
    Magnitude of W:	22847.450743889	
    Magnitude of B_grad:	0.068	
    Magnitude of b:	1.4002431353989	

	
    Current index:	19501	
    Magnitude of W_grad:	3.076	
    Magnitude of W:	22840.109170881	
    Magnitude of B_grad:	0.028	
    Magnitude of b:	1.5639188465961	

	
    Current index:	29501	
    Magnitude of W_grad:	3.624	
    Magnitude of W:	22832.867364043	
    Magnitude of B_grad:	0.096	
    Magnitude of b:	0.46226888595197	

	
    Current index:	39501	
    Magnitude of W_grad:	4.5839999999999	
    Magnitude of W:	22825.38269705	
    Magnitude of B_grad:	0.004	
    Magnitude of b:	0.87008714783278	

	
SGD: Hinge Loss is	
83463.181095539	
SGD: Validation Accuracy is:	
0.74073319755601	
SGD: Magnitude of W:	
22822.041171912	
SGD: Magnitude of b:	
0.72897330196847	
    Current index:	9501	
    Magnitude of W_grad:	3.408	
    Magnitude of W:	22814.68706397	
    Magnitude of B_grad:	0.068	
    Magnitude of b:	1.3808283572468	

	
    Current index:	19501	
    Magnitude of W_grad:	3.112	
    Magnitude of W:	22807.351272353	
    Magnitude of B_grad:	0.02	
    Magnitude of b:	1.5585088682234	

	
    Current index:	29501	
    Magnitude of W_grad:	3.624	
    Magnitude of W:	22800.184104373	
    Magnitude of B_grad:	0.096	
    Magnitude of b:	0.44767680328942	

	
    Current index:	39501	
    Magnitude of W_grad:	4.4759999999999	
    Magnitude of W:	22792.863442912	
    Magnitude of B_grad:	0.008	
    Magnitude of b:	0.86349626247603	

	
SGD: Hinge Loss is	
82839.927920734	
SGD: Validation Accuracy is:	
0.74215885947047	
SGD: Magnitude of W:	
22789.516658642	
SGD: Magnitude of b:	
0.72838270302482	
    Current index:	9501	
    Magnitude of W_grad:	3.408	
    Magnitude of W:	22782.235481633	
    Magnitude of B_grad:	0.068	
    Magnitude of b:	1.3754211076863	

	
    Current index:	19501	
    Magnitude of W_grad:	3.044	
    Magnitude of W:	22774.955522897	
    Magnitude of B_grad:	0.032	
    Magnitude of b:	1.5331041769125	

	
    Current index:	29501	
    Magnitude of W_grad:	3.588	
    Magnitude of W:	22767.921390489	
    Magnitude of B_grad:	0.092	
    Magnitude of b:	0.4430797289682	

	
    Current index:	39501	
    Magnitude of W_grad:	4.5679999999999	
    Magnitude of W:	22760.721022928	
    Magnitude of B_grad:	0.004	
    Magnitude of b:	0.85890138207838	

	
SGD: Hinge Loss is	
82173.017683334	
SGD: Validation Accuracy is:	
0.74276985743381	
SGD: Magnitude of W:	
22757.385487938	
SGD: Magnitude of b:	
0.72691667660483	
    Current index:	9501	
    Magnitude of W_grad:	3.408	
    Magnitude of W:	22750.172654949	
    Magnitude of B_grad:	0.068	
    Magnitude of b:	1.3688884766431	

	
    Current index:	19501	
    Magnitude of W_grad:	3.08	
    Magnitude of W:	22742.959951621	
    Magnitude of B_grad:	0.028	
    Magnitude of b:	1.5185739062283	

	
    Current index:	29501	
    Magnitude of W_grad:	3.552	
    Magnitude of W:	22735.935076961	
    Magnitude of B_grad:	0.088	
    Magnitude of b:	0.44560868067247	

	
    Current index:	39501	
    Magnitude of W_grad:	4.4439999999999	
    Magnitude of W:	22728.82257544	
    Magnitude of B_grad:	0	
    Magnitude of b:	0.85343234085356	

	
SGD: Hinge Loss is	
81419.126147955	
SGD: Validation Accuracy is:	
0.74439918533605	
SGD: Magnitude of W:	
22725.579694513	
SGD: Magnitude of b:	
0.72032007758633	
    Current index:	9501	
    Magnitude of W_grad:	3.408	
    Magnitude of W:	22718.364692201	
    Magnitude of B_grad:	0.068	
    Magnitude of b:	1.3574864113257	

	
    Current index:	19501	
    Magnitude of W_grad:	2.916	
    Magnitude of W:	22711.17714617	
    Magnitude of B_grad:	0.056	
    Magnitude of b:	1.4971738775862	

	
    Current index:	29501	
    Magnitude of W_grad:	3.584	
    Magnitude of W:	22704.189222516	
    Magnitude of B_grad:	0.092	
    Magnitude of b:	0.42900746508249	

	
    Current index:	39501	
    Magnitude of W_grad:	4.4599999999999	
    Magnitude of W:	22697.134757926	
    Magnitude of B_grad:	0.012	
    Magnitude of b:	0.84283372738566	

	
SGD: Hinge Loss is	
80582.698817363	
SGD: Validation Accuracy is:	
0.74419551934827	
SGD: Magnitude of W:	
22693.892323944	
SGD: Magnitude of b:	
0.70459449649576	
    Current index:	9501	
    Magnitude of W_grad:	3.408	
    Magnitude of W:	22686.705457054	
    Magnitude of B_grad:	0.068	
    Magnitude of b:	1.3432131405755	

	
    Current index:	19501	
    Magnitude of W_grad:	2.984	
    Magnitude of W:	22679.524340737	
    Magnitude of B_grad:	0.048	
    Magnitude of b:	1.4929033836101	

	
    Current index:	29501	
    Magnitude of W_grad:	3.584	
    Magnitude of W:	22672.585764814	
    Magnitude of B_grad:	0.092	
    Magnitude of b:	0.43127721920329	

	
    Current index:	39501	
    Magnitude of W_grad:	4.4159999999999	
    Magnitude of W:	22665.616240216	
    Magnitude of B_grad:	0.012	
    Magnitude of b:	0.84110305848737	

	
SGD: Hinge Loss is	
80006.991403189	
SGD: Validation Accuracy is:	
0.74521384928717	
SGD: Magnitude of W:	
22662.4156071	
SGD: Magnitude of b:	
0.71199198267573	
    Current index:	9501	
    Magnitude of W_grad:	3.408	
    Magnitude of W:	22655.283887276	
    Magnitude of B_grad:	0.068	
    Magnitude of b:	1.3318183687691	

	
    Current index:	19501	
    Magnitude of W_grad:	3	
    Magnitude of W:	22648.197897283	
    Magnitude of B_grad:	0.056	
    Magnitude of b:	1.4795103979801	

	
    Current index:	29501	
    Magnitude of W_grad:	3.648	
    Magnitude of W:	22641.357767878	
    Magnitude of B_grad:	0.1	
    Magnitude of b:	0.44066875849202	

	
    Current index:	39501	
    Magnitude of W_grad:	4.1959999999999	
    Magnitude of W:	22634.455632562	
    Magnitude of B_grad:	0.012	
    Magnitude of b:	0.82449670382131	

	
SGD: Hinge Loss is	
79538.284470861	
SGD: Validation Accuracy is:	
0.74623217922607	
SGD: Magnitude of W:	
22631.248270514	
SGD: Magnitude of b:	
0.71138664002704	
    Current index:	9501	
    Magnitude of W_grad:	3.564	
    Magnitude of W:	22624.116078763	
    Magnitude of B_grad:	0.08	
    Magnitude of b:	1.3344251808408	

	
    Current index:	19501	
    Magnitude of W_grad:	2.856	
    Magnitude of W:	22617.102169629	
    Magnitude of B_grad:	0.06	
    Magnitude of b:	1.4681185434113	

	
    Current index:	29501	
    Magnitude of W_grad:	3.484	
    Magnitude of W:	22610.298615608	
    Magnitude of B_grad:	0.08	
    Magnitude of b:	0.42406011727566	

	
    Current index:	39501	
    Magnitude of W_grad:	4.0999999999999	
    Magnitude of W:	22603.401400236	
    Magnitude of B_grad:	0.016	
    Magnitude of b:	0.81988944461234	

	
SGD: Hinge Loss is	
78722.511234521	
SGD: Validation Accuracy is:	
0.74623217922607	
SGD: Magnitude of W:	
22600.212615115	
SGD: Magnitude of b:	
0.70190873382335	
    Current index:	9501	
    Magnitude of W_grad:	3.388	
    Magnitude of W:	22593.098528448	
    Magnitude of B_grad:	0.072	
    Magnitude of b:	1.3239044947999	

	
    Current index:	19501	
    Magnitude of W_grad:	2.988	
    Magnitude of W:	22586.122186786	
    Magnitude of B_grad:	0.044	
    Magnitude of b:	1.4576011652925	

	
    Current index:	29501	
    Magnitude of W_grad:	3.612	
    Magnitude of W:	22579.425256011	
    Magnitude of B_grad:	0.096	
    Magnitude of b:	0.41057629248633	

	
    Current index:	39501	
    Magnitude of W_grad:	4.1439999999999	
    Magnitude of W:	22572.561563115	
    Magnitude of B_grad:	0.016	
    Magnitude of b:	0.80840796915592	

	
SGD: Hinge Loss is	
78429.491610656	
SGD: Validation Accuracy is:	
0.74806517311609	
SGD: Magnitude of W:	
22569.344468076	
SGD: Magnitude of b:	
0.70242788434663	
    Current index:	9501	
    Magnitude of W_grad:	3.32	
    Magnitude of W:	22562.32561742	
    Magnitude of B_grad:	0.072	
    Magnitude of b:	1.3173864120055	

	
    Current index:	19501	
    Magnitude of W_grad:	2.916	
    Magnitude of W:	22555.406373115	
    Magnitude of B_grad:	0.056	
    Magnitude of b:	1.4490831544937	

	
    Current index:	29501	
    Magnitude of W_grad:	3.592	
    Magnitude of W:	22548.724332289	
    Magnitude of B_grad:	0.092	
    Magnitude of b:	0.40109457078634	

	
    Current index:	39501	
    Magnitude of W_grad:	4.0079999999999	
    Magnitude of W:	22541.871909441	
    Magnitude of B_grad:	0.024	
    Magnitude of b:	0.79692809850995	

	
SGD: Hinge Loss is	
77957.117272231	
SGD: Validation Accuracy is:	
0.74806517311609	
SGD: Magnitude of W:	
22538.702924505	
SGD: Magnitude of b:	
0.70320523077959	
    Current index:	9501	
    Magnitude of W_grad:	3.308	
    Magnitude of W:	22531.72645032	
    Magnitude of B_grad:	0.076	
    Magnitude of b:	1.304611006242	

	
    Current index:	19501	
    Magnitude of W_grad:	2.936	
    Magnitude of W:	22524.779521863	
    Magnitude of B_grad:	0.052	
    Magnitude of b:	1.4343115441213	

	
    Current index:	29501	
    Magnitude of W_grad:	3.6	
    Magnitude of W:	22518.185836345	
    Magnitude of B_grad:	0.092	
    Magnitude of b:	0.39986363108341	

	
    Current index:	39501	
    Magnitude of W_grad:	3.9519999999999	
    Magnitude of W:	22511.404248316	
    Magnitude of B_grad:	0.032	
    Magnitude of b:	0.79369786716625	

	
SGD: Hinge Loss is	
77070.78846221	
SGD: Validation Accuracy is:	
0.74826883910387	
SGD: Magnitude of W:	
22508.270978797	
SGD: Magnitude of b:	
0.69259053193375	
    Current index:	9501	
    Magnitude of W_grad:	3.388	
    Magnitude of W:	22501.376429193	
    Magnitude of B_grad:	0.088	
    Magnitude of b:	1.2992276701244	

	
    Current index:	19501	
    Magnitude of W_grad:	2.876	
    Magnitude of W:	22494.4846525	
    Magnitude of B_grad:	0.056	
    Magnitude of b:	1.4249295617058	

	
    Current index:	29501	
    Magnitude of W_grad:	3.516	
    Magnitude of W:	22487.976857387	
    Magnitude of B_grad:	0.084	
    Magnitude of b:	0.39724575338695	

	
    Current index:	39501	
    Magnitude of W_grad:	4.1839999999999	
    Magnitude of W:	22481.221718379	
    Magnitude of B_grad:	0.008	
    Magnitude of b:	0.79108230124036	

	
SGD: Hinge Loss is	
76659.361639273	
SGD: Validation Accuracy is:	
0.75010183299389	
SGD: Magnitude of W:	
22478.138781648	
SGD: Magnitude of b:	
0.69623195933453	
    Current index:	9501	
    Magnitude of W_grad:	3.22	
    Magnitude of W:	22471.312505475	
    Magnitude of B_grad:	0.1	
    Magnitude of b:	1.2935885146074	

	
    Current index:	19501	
    Magnitude of W_grad:	2.956	
    Magnitude of W:	22464.400577686	
    Magnitude of B_grad:	0.044	
    Magnitude of b:	1.4112937409077	

	
    Current index:	29501	
    Magnitude of W_grad:	3.5239999999999	
    Magnitude of W:	22457.90662014	
    Magnitude of B_grad:	0.088	
    Magnitude of b:	0.40487894172415	

	
    Current index:	39501	
    Magnitude of W_grad:	4.0599999999999	
    Magnitude of W:	22451.177487153	
    Magnitude of B_grad:	0.02	
    Magnitude of b:	0.78271507487357	

	
SGD: Hinge Loss is	
75903.424315858	
SGD: Validation Accuracy is:	
0.74887983706721	
SGD: Magnitude of W:	
22448.111494259	
SGD: Magnitude of b:	
0.68473704037782	
    Current index:	9501	
    Magnitude of W_grad:	3.18	
    Magnitude of W:	22441.333261702	
    Magnitude of B_grad:	0.096	
    Magnitude of b:	1.2830841813742	

	
    Current index:	19501	
    Magnitude of W_grad:	2.956	
    Magnitude of W:	22434.503881033	
    Magnitude of B_grad:	0.044	
    Magnitude of b:	1.3967914675112	

	
    Current index:	29501	
    Magnitude of W_grad:	3.5839999999999	
    Magnitude of W:	22427.997333528	
    Magnitude of B_grad:	0.104	
    Magnitude of b:	0.40337990246703	

	
    Current index:	39501	
    Magnitude of W_grad:	3.9559999999999	
    Magnitude of W:	22421.329670795	
    Magnitude of B_grad:	0.012	
    Magnitude of b:	0.78121648790479	

	
SGD: Hinge Loss is	
75466.419701123	
SGD: Validation Accuracy is:	
0.74949083503055	
SGD: Magnitude of W:	
22418.349358889	
SGD: Magnitude of b:	
0.68636737676843	
    Current index:	9501	
    Magnitude of W_grad:	3.176	
    Magnitude of W:	22411.602660265	
    Magnitude of B_grad:	0.096	
    Magnitude of b:	1.2794550283527	

	
    Current index:	19501	
    Magnitude of W_grad:	2.988	
    Magnitude of W:	22404.775596603	
    Magnitude of B_grad:	0.044	
    Magnitude of b:	1.3951623663536	

	
    Current index:	29501	
    Magnitude of W_grad:	3.636	
    Magnitude of W:	22398.37765245	
    Magnitude of B_grad:	0.1	
    Magnitude of b:	0.40100834096308	

	
    Current index:	39501	
    Magnitude of W_grad:	3.9439999999999	
    Magnitude of W:	22391.727518427	
    Magnitude of B_grad:	0.016	
    Magnitude of b:	0.76484727295476	

	
SGD: Hinge Loss is	
75084.367345123	
SGD: Validation Accuracy is:	
0.75030549898167	
SGD: Magnitude of W:	
22388.733076266	
SGD: Magnitude of b:	
0.68174278468546	
    Current index:	9501	
    Magnitude of W_grad:	3.176	
    Magnitude of W:	22381.936903069	
    Magnitude of B_grad:	0.096	
    Magnitude of b:	1.2760799994844	

	
    Current index:	19501	
    Magnitude of W_grad:	2.988	
    Magnitude of W:	22375.175186735	
    Magnitude of B_grad:	0.044	
    Magnitude of b:	1.3877880558109	

	
    Current index:	29501	
    Magnitude of W_grad:	3.524	
    Magnitude of W:	22368.738453542	
    Magnitude of B_grad:	0.088	
    Magnitude of b:	0.38638331351556	

	
    Current index:	39501	
    Magnitude of W_grad:	3.8319999999999	
    Magnitude of W:	22362.16988252	
    Magnitude of B_grad:	0.032	
    Magnitude of b:	0.75422421948309	

	
SGD: Hinge Loss is	
74636.018097164	
SGD: Validation Accuracy is:	
0.75050916496945	
SGD: Magnitude of W:	
22359.234284076	
SGD: Magnitude of b:	
0.67937720045331	
    Current index:	9501	
    Magnitude of W_grad:	3.16	
    Magnitude of W:	22352.424293785	
    Magnitude of B_grad:	0.092	
    Magnitude of b:	1.2724467227485	

	
    Current index:	19501	
    Magnitude of W_grad:	2.988	
    Magnitude of W:	22345.679866886	
    Magnitude of B_grad:	0.044	
    Magnitude of b:	1.3741566418792	

	
    Current index:	29501	
    Magnitude of W_grad:	3.6959999999999	
    Magnitude of W:	22339.263270231	
    Magnitude of B_grad:	0.112	
    Magnitude of b:	0.3920131593428	

	
    Current index:	39501	
    Magnitude of W_grad:	3.8319999999999	
    Magnitude of W:	22332.696774454	
    Magnitude of B_grad:	0.032	
    Magnitude of b:	0.75585423956126	

	
SGD: Hinge Loss is	
74008.361972971	
SGD: Validation Accuracy is:	
0.75173116089613	
SGD: Magnitude of W:	
22329.767766166	
SGD: Magnitude of b:	
0.67500734870709	
    Current index:	9501	
    Magnitude of W_grad:	3.16	
    Magnitude of W:	22323.031661417	
    Magnitude of B_grad:	0.092	
    Magnitude of b:	1.2668180519407	

	
    Current index:	19501	
    Magnitude of W_grad:	3.136	
    Magnitude of W:	22316.344941886	
    Magnitude of B_grad:	0.028	
    Magnitude of b:	1.3725294481489	

	
    Current index:	29501	
    Magnitude of W_grad:	3.4	
    Magnitude of W:	22309.965396744	
    Magnitude of B_grad:	0.088	
    Magnitude of b:	0.37164084467437	

	
    Current index:	39501	
    Magnitude of W_grad:	3.8719999999999	
    Magnitude of W:	22303.383473575	
    Magnitude of B_grad:	0.032	
    Magnitude of b:	0.74348375118451	

	
SGD: Hinge Loss is	
73639.093225965	
SGD: Validation Accuracy is:	
0.75173116089613	
SGD: Magnitude of W:	
22300.497367762	
SGD: Magnitude of b:	
0.67289457536458	
    Current index:	9501	
    Magnitude of W_grad:	3.16	
    Magnitude of W:	22293.879302186	
    Magnitude of B_grad:	0.092	
    Magnitude of b:	1.2669320667475	

	
    Current index:	19501	
    Magnitude of W_grad:	3.108	
    Magnitude of W:	22287.255414329	
    Magnitude of B_grad:	0.032	
    Magnitude of b:	1.3506456092123	

	
    Current index:	29501	
    Magnitude of W_grad:	3.552	
    Magnitude of W:	22280.841166476	
    Magnitude of B_grad:	0.108	
    Magnitude of b:	0.3915225606528	

	
    Current index:	39501	
    Magnitude of W_grad:	3.8439999999999	
    Magnitude of W:	22274.333178942	
    Magnitude of B_grad:	0.028	
    Magnitude of b:	0.75336499621529	

	
Done.	
Testing on validation set...	
Done	
Datafile:	/n/home09/ankitgupta/CS287/HW1/SST2-uni.hdf5	Classifier:	hinge	Alpha:	0	Eta:	0.5	Lambda:	1	Minibatch size:	500	Num Epochs:	50	Minimum Sentence Length:	5	
Accuracy:	0.75213849287169	
