[?1034hDatafile:	/n/home09/ankitgupta/CS287/HW1/MPQA-uni.hdf5	Classifier:	hinge	Alpha:	0	Eta:	0.5	Lambda:	0.5	Minibatch size:	500	Num Epochs:	50	Minimum Sentence Length:	0	
Note that not all parameters may apply to all classifiers	
Loading datafiles...	
Number of training samples before removing small sentences	10606	
Number of training samples after removing small sentences	10606	
Done.	
Training classifier...	
Parameters are:	
Eta:	
0.5	
Lambda:	
0.5	
Minibatch size:	
500	
Number of Epochs	
50	
SGD: Hinge Loss is	
25820.712084448	
SGD: Validation Accuracy is:	
0.70660377358491	
SGD: Magnitude of W:	
10051.385591739	
SGD: Magnitude of b:	
1.2465406574821	
    Current index:	9501	
    Magnitude of W_grad:	2.4888888888889	
    Magnitude of W:	10040.754913232	
    Magnitude of B_grad:	1.2444444444444	
    Magnitude of b:	1.1316908451791	

	
SGD: Hinge Loss is	
24774.402189053	
SGD: Validation Accuracy is:	
0.70094339622642	
SGD: Magnitude of W:	
10040.754913232	
SGD: Magnitude of b:	
1.1316908451791	
    Current index:	9501	
    Magnitude of W_grad:	2.6666666666667	
    Magnitude of W:	10030.444068392	
    Magnitude of B_grad:	1.2444444444444	
    Magnitude of b:	1.1868366555618	

	
SGD: Hinge Loss is	
24639.598039585	
SGD: Validation Accuracy is:	
0.72358490566038	
SGD: Magnitude of W:	
10030.444068392	
SGD: Magnitude of b:	
1.1868366555618	
    Current index:	9501	
    Magnitude of W_grad:	2.4888888888889	
    Magnitude of W:	10020.307757884	
    Magnitude of B_grad:	1.1555555555556	
    Magnitude of b:	1.1935120214122	

	
SGD: Hinge Loss is	
24350.582610907	
SGD: Validation Accuracy is:	
0.72547169811321	
SGD: Magnitude of W:	
10020.307757884	
SGD: Magnitude of b:	
1.1935120214122	
    Current index:	9501	
    Magnitude of W_grad:	2.1333333333333	
    Magnitude of W:	10010.423395164	
    Magnitude of B_grad:	1.0222222222222	
    Magnitude of b:	1.1735026643719	

	
SGD: Hinge Loss is	
23958.475541244	
SGD: Validation Accuracy is:	
0.72830188679245	
SGD: Magnitude of W:	
10010.423395164	
SGD: Magnitude of b:	
1.1735026643719	
    Current index:	9501	
    Magnitude of W_grad:	2.2222222222222	
    Magnitude of W:	10000.819889464	
    Magnitude of B_grad:	1.0222222222222	
    Magnitude of b:	1.1714885457527	

	
SGD: Hinge Loss is	
23696.843895725	
SGD: Validation Accuracy is:	
0.7311320754717	
SGD: Magnitude of W:	
10000.819889464	
SGD: Magnitude of b:	
1.1714885457527	
    Current index:	9501	
    Magnitude of W_grad:	2.1333333333333	
    Magnitude of W:	9991.3409748313	
    Magnitude of B_grad:	0.97777777777778	
    Magnitude of b:	1.1712432039135	

	
SGD: Hinge Loss is	
23465.157103186	
SGD: Validation Accuracy is:	
0.72924528301887	
SGD: Magnitude of W:	
9991.3409748313	
SGD: Magnitude of b:	
1.1712432039135	
    Current index:	9501	
    Magnitude of W_grad:	2.1333333333333	
    Magnitude of W:	9981.9090044645	
    Magnitude of B_grad:	0.97777777777778	
    Magnitude of b:	1.1989881441808	

	
SGD: Hinge Loss is	
23402.953448994	
SGD: Validation Accuracy is:	
0.74150943396226	
SGD: Magnitude of W:	
9981.9090044645	
SGD: Magnitude of b:	
1.1989881441808	
    Current index:	9501	
    Magnitude of W_grad:	1.7333333333333	
    Magnitude of W:	9972.520540798	
    Magnitude of B_grad:	0.84444444444444	
    Magnitude of b:	1.1460546108548	

	
SGD: Hinge Loss is	
22958.918708036	
SGD: Validation Accuracy is:	
0.7377358490566	
SGD: Magnitude of W:	
9972.520540798	
SGD: Magnitude of b:	
1.1460546108548	
    Current index:	9501	
    Magnitude of W_grad:	2	
    Magnitude of W:	9963.2355612836	
    Magnitude of B_grad:	0.88888888888889	
    Magnitude of b:	1.1653468249616	

	
SGD: Hinge Loss is	
22900.549027954	
SGD: Validation Accuracy is:	
0.75	
SGD: Magnitude of W:	
9963.2355612836	
SGD: Magnitude of b:	
1.1653468249616	
    Current index:	9501	
    Magnitude of W_grad:	2	
    Magnitude of W:	9953.9938460536	
    Magnitude of B_grad:	0.88888888888889	
    Magnitude of b:	1.1586307687309	

	
SGD: Hinge Loss is	
22723.164532046	
SGD: Validation Accuracy is:	
0.75754716981132	
SGD: Magnitude of W:	
9953.9938460536	
SGD: Magnitude of b:	
1.1586307687309	
    Current index:	9501	
    Magnitude of W_grad:	1.5555555555556	
    Magnitude of W:	9945.0748900386	
    Magnitude of B_grad:	0.8	
    Magnitude of b:	1.1134654579645	

	
SGD: Hinge Loss is	
22356.971152308	
SGD: Validation Accuracy is:	
0.75566037735849	
SGD: Magnitude of W:	
9945.0748900386	
SGD: Magnitude of b:	
1.1134654579645	
    Current index:	9501	
    Magnitude of W_grad:	1.6888888888889	
    Magnitude of W:	9936.2141993788	
    Magnitude of B_grad:	0.75555555555556	
    Magnitude of b:	1.1060767532842	

	
SGD: Hinge Loss is	
22211.107312986	
SGD: Validation Accuracy is:	
0.75283018867925	
SGD: Magnitude of W:	
9936.2141993788	
SGD: Magnitude of b:	
1.1060767532842	
    Current index:	9501	
    Magnitude of W_grad:	1.3777777777778	
    Magnitude of W:	9927.4027024739	
    Magnitude of B_grad:	0.66666666666667	
    Magnitude of b:	1.062241136447	

	
SGD: Hinge Loss is	
21879.05783054	
SGD: Validation Accuracy is:	
0.75	
SGD: Magnitude of W:	
9927.4027024739	
SGD: Magnitude of b:	
1.062241136447	
    Current index:	9501	
    Magnitude of W_grad:	1.7333333333333	
    Magnitude of W:	9918.7323225075	
    Magnitude of B_grad:	0.75555555555556	
    Magnitude of b:	1.1048519191703	

	
SGD: Hinge Loss is	
21993.694186804	
SGD: Validation Accuracy is:	
0.75566037735849	
SGD: Magnitude of W:	
9918.7323225075	
SGD: Magnitude of b:	
1.1048519191703	
    Current index:	9501	
    Magnitude of W_grad:	1.4222222222222	
    Magnitude of W:	9910.07781164	
    Magnitude of B_grad:	0.71111111111111	
    Magnitude of b:	1.0812310478792	

	
SGD: Hinge Loss is	
21770.358526431	
SGD: Validation Accuracy is:	
0.75283018867925	
SGD: Magnitude of W:	
9910.07781164	
SGD: Magnitude of b:	
1.0812310478792	
    Current index:	9501	
    Magnitude of W_grad:	1.3777777777778	
    Magnitude of W:	9901.4565282001	
    Magnitude of B_grad:	0.66666666666667	
    Magnitude of b:	1.0653839318862	

	
SGD: Hinge Loss is	
21595.156664427	
SGD: Validation Accuracy is:	
0.75	
SGD: Magnitude of W:	
9901.4565282001	
SGD: Magnitude of b:	
1.0653839318862	
    Current index:	9501	
    Magnitude of W_grad:	1.6444444444444	
    Magnitude of W:	9892.8816964276	
    Magnitude of B_grad:	0.71111111111111	
    Magnitude of b:	1.0857553441788	

	
SGD: Hinge Loss is	
21613.030355128	
SGD: Validation Accuracy is:	
0.76415094339623	
SGD: Magnitude of W:	
9892.8816964276	
SGD: Magnitude of b:	
1.0857553441788	
    Current index:	9501	
    Magnitude of W_grad:	1.4666666666667	
    Magnitude of W:	9884.269956236	
    Magnitude of B_grad:	0.71111111111111	
    Magnitude of b:	1.0681222156853	

	
SGD: Hinge Loss is	
21430.115139783	
SGD: Validation Accuracy is:	
0.76132075471698	
SGD: Magnitude of W:	
9884.269956236	
SGD: Magnitude of b:	
1.0681222156853	
    Current index:	9501	
    Magnitude of W_grad:	1.4222222222222	
    Magnitude of W:	9875.6900365291	
    Magnitude of B_grad:	0.71111111111111	
    Magnitude of b:	1.0684857523629	

	
SGD: Hinge Loss is	
21345.986248919	
SGD: Validation Accuracy is:	
0.76509433962264	
SGD: Magnitude of W:	
9875.6900365291	
SGD: Magnitude of b:	
1.0684857523629	
    Current index:	9501	
    Magnitude of W_grad:	1.5111111111111	
    Magnitude of W:	9867.3606660391	
    Magnitude of B_grad:	0.75555555555556	
    Magnitude of b:	1.0870696451185	

	
SGD: Hinge Loss is	
21363.75990633	
SGD: Validation Accuracy is:	
0.77452830188679	
SGD: Magnitude of W:	
9867.3606660391	
SGD: Magnitude of b:	
1.0870696451185	
    Current index:	9501	
    Magnitude of W_grad:	1.6444444444444	
    Magnitude of W:	9859.0973251457	
    Magnitude of B_grad:	0.71111111111111	
    Magnitude of b:	1.0634256159473	

	
SGD: Hinge Loss is	
21181.956121385	
SGD: Validation Accuracy is:	
0.77075471698113	
SGD: Magnitude of W:	
9859.0973251457	
SGD: Magnitude of b:	
1.0634256159473	
    Current index:	9501	
    Magnitude of W_grad:	1.4666666666667	
    Magnitude of W:	9850.8371571739	
    Magnitude of B_grad:	0.71111111111111	
    Magnitude of b:	1.0637837565571	

	
SGD: Hinge Loss is	
21107.697054342	
SGD: Validation Accuracy is:	
0.77641509433962	
SGD: Magnitude of W:	
9850.8371571739	
SGD: Magnitude of b:	
1.0637837565571	
    Current index:	9501	
    Magnitude of W_grad:	1.3777777777778	
    Magnitude of W:	9842.6457399954	
    Magnitude of B_grad:	0.66666666666667	
    Magnitude of b:	1.0459163450188	

	
SGD: Hinge Loss is	
20949.093598473	
SGD: Validation Accuracy is:	
0.77358490566038	
SGD: Magnitude of W:	
9842.6457399954	
SGD: Magnitude of b:	
1.0459163450188	
    Current index:	9501	
    Magnitude of W_grad:	1.3777777777778	
    Magnitude of W:	9834.5312824886	
    Magnitude of B_grad:	0.66666666666667	
    Magnitude of b:	1.0460479732615	

	
SGD: Hinge Loss is	
20884.127591565	
SGD: Validation Accuracy is:	
0.77547169811321	
SGD: Magnitude of W:	
9834.5312824886	
SGD: Magnitude of b:	
1.0460479732615	
    Current index:	9501	
    Magnitude of W_grad:	1.3777777777778	
    Magnitude of W:	9826.4841591999	
    Magnitude of B_grad:	0.66666666666667	
    Magnitude of b:	1.0401777518537	

	
SGD: Hinge Loss is	
20784.092500401	
SGD: Validation Accuracy is:	
0.77641509433962	
SGD: Magnitude of W:	
9826.4841591999	
SGD: Magnitude of b:	
1.0401777518537	
    Current index:	9501	
    Magnitude of W_grad:	1.2888888888889	
    Magnitude of W:	9818.5606042964	
    Magnitude of B_grad:	0.62222222222222	
    Magnitude of b:	1.0280831974711	

	
SGD: Hinge Loss is	
20654.968762578	
SGD: Validation Accuracy is:	
0.77641509433962	
SGD: Magnitude of W:	
9818.5606042964	
SGD: Magnitude of b:	
1.0280831974711	
    Current index:	9501	
    Magnitude of W_grad:	1.2888888888889	
    Magnitude of W:	9810.7156895543	
    Magnitude of B_grad:	0.62222222222222	
    Magnitude of b:	1.0279872259336	

	
SGD: Hinge Loss is	
20593.339832902	
SGD: Validation Accuracy is:	
0.78018867924528	
SGD: Magnitude of W:	
9810.7156895543	
SGD: Magnitude of b:	
1.0279872259336	
    Current index:	9501	
    Magnitude of W_grad:	1.3333333333333	
    Magnitude of W:	9802.954110356	
    Magnitude of B_grad:	0.66666666666667	
    Magnitude of b:	1.0401127935383	

	
SGD: Hinge Loss is	
20585.168022832	
SGD: Validation Accuracy is:	
0.78867924528302	
SGD: Magnitude of W:	
9802.954110356	
SGD: Magnitude of b:	
1.0401127935383	
    Current index:	9501	
    Magnitude of W_grad:	1.2444444444444	
    Magnitude of W:	9795.2797178879	
    Magnitude of B_grad:	0.62222222222222	
    Magnitude of b:	1.0180134026157	

	
SGD: Hinge Loss is	
20403.33059441	
SGD: Validation Accuracy is:	
0.78301886792453	
SGD: Magnitude of W:	
9795.2797178879	
SGD: Magnitude of b:	
1.0180134026157	
    Current index:	9501	
    Magnitude of W_grad:	1.0666666666667	
    Magnitude of W:	9787.6386331218	
    Magnitude of B_grad:	0.48888888888889	
    Magnitude of b:	0.94524734428289	

	
SGD: Hinge Loss is	
19981.200784909	
SGD: Validation Accuracy is:	
0.76981132075472	
SGD: Magnitude of W:	
9787.6386331218	
SGD: Magnitude of b:	
0.94524734428289	
    Current index:	9501	
    Magnitude of W_grad:	1.2	
    Magnitude of W:	9779.9912247698	
    Magnitude of B_grad:	0.57777777777778	
    Magnitude of b:	0.98293058188336	

	
SGD: Hinge Loss is	
20113.82355562	
SGD: Validation Accuracy is:	
0.77830188679245	
SGD: Magnitude of W:	
9779.9912247698	
SGD: Magnitude of b:	
0.98293058188336	
    Current index:	9501	
    Magnitude of W_grad:	1.0222222222222	
    Magnitude of W:	9772.3995818651	
    Magnitude of B_grad:	0.44444444444444	
    Magnitude of b:	0.91594255344842	

	
SGD: Hinge Loss is	
19725.73769846	
SGD: Validation Accuracy is:	
0.76792452830189	
SGD: Magnitude of W:	
9772.3995818651	
SGD: Magnitude of b:	
0.91594255344842	
    Current index:	9501	
    Magnitude of W_grad:	0.97777777777778	
    Magnitude of W:	9764.8067623958	
    Magnitude of B_grad:	0.4	
    Magnitude of b:	0.89073685177462	

	
SGD: Hinge Loss is	
19557.444731142	
SGD: Validation Accuracy is:	
0.76698113207547	
SGD: Magnitude of W:	
9764.8067623958	
SGD: Magnitude of b:	
0.89073685177462	
    Current index:	9501	
    Magnitude of W_grad:	1.0222222222222	
    Magnitude of W:	9757.2686611683	
    Magnitude of B_grad:	0.44444444444444	
    Magnitude of b:	0.91175494580561	

	
SGD: Hinge Loss is	
19616.990045988	
SGD: Validation Accuracy is:	
0.7688679245283	
SGD: Magnitude of W:	
9757.2686611683	
SGD: Magnitude of b:	
0.91175494580561	
    Current index:	9501	
    Magnitude of W_grad:	1.1111111111111	
    Magnitude of W:	9749.8429727536	
    Magnitude of B_grad:	0.48888888888889	
    Magnitude of b:	0.9209933153213	

	
SGD: Hinge Loss is	
19612.038452596	
SGD: Validation Accuracy is:	
0.77169811320755	
SGD: Magnitude of W:	
9749.8429727536	
SGD: Magnitude of b:	
0.9209933153213	
    Current index:	9501	
    Magnitude of W_grad:	0.97777777777778	
    Magnitude of W:	9742.4705889067	
    Magnitude of B_grad:	0.4	
    Magnitude of b:	0.86978428787603	

	
SGD: Hinge Loss is	
19314.929488382	
SGD: Validation Accuracy is:	
0.76792452830189	
SGD: Magnitude of W:	
9742.4705889067	
SGD: Magnitude of b:	
0.86978428787603	
    Current index:	9501	
    Magnitude of W_grad:	1.1111111111111	
    Magnitude of W:	9735.1055527546	
    Magnitude of B_grad:	0.48888888888889	
    Magnitude of b:	0.90902468369021	

	
SGD: Hinge Loss is	
19457.512406142	
SGD: Validation Accuracy is:	
0.77452830188679	
SGD: Magnitude of W:	
9735.1055527546	
SGD: Magnitude of b:	
0.90902468369021	
    Current index:	9501	
    Magnitude of W_grad:	1.0222222222222	
    Magnitude of W:	9727.7756668864	
    Magnitude of B_grad:	0.44444444444444	
    Magnitude of b:	0.88203770469707	

	
SGD: Hinge Loss is	
19273.039129279	
SGD: Validation Accuracy is:	
0.76981132075472	
SGD: Magnitude of W:	
9727.7756668864	
SGD: Magnitude of b:	
0.88203770469707	
    Current index:	9501	
    Magnitude of W_grad:	0.97777777777778	
    Magnitude of W:	9720.5329800899	
    Magnitude of B_grad:	0.4	
    Magnitude of b:	0.8548293340529	

	
SGD: Hinge Loss is	
19093.65389578	
SGD: Validation Accuracy is:	
0.76792452830189	
SGD: Magnitude of W:	
9720.5329800899	
SGD: Magnitude of b:	
0.8548293340529	
    Current index:	9501	
    Magnitude of W_grad:	0.93333333333333	
    Magnitude of W:	9713.3497831992	
    Magnitude of B_grad:	0.48888888888889	
    Magnitude of b:	0.89206766368674	

	
SGD: Hinge Loss is	
19234.173743254	
SGD: Validation Accuracy is:	
0.78018867924528	
SGD: Magnitude of W:	
9713.3497831992	
SGD: Magnitude of b:	
0.89206766368674	
    Current index:	9501	
    Magnitude of W_grad:	0.75555555555556	
    Magnitude of W:	9706.1844462391	
    Magnitude of B_grad:	0.35555555555556	
    Magnitude of b:	0.82463380846265	

	
SGD: Hinge Loss is	
18822.502481587	
SGD: Validation Accuracy is:	
0.76792452830189	
SGD: Magnitude of W:	
9706.1844462391	
SGD: Magnitude of b:	
0.82463380846265	
    Current index:	9501	
    Magnitude of W_grad:	1.0222222222222	
    Magnitude of W:	9699.0462627039	
    Magnitude of B_grad:	0.44444444444444	
    Magnitude of b:	0.86164844672599	

	
SGD: Hinge Loss is	
18967.41795478	
SGD: Validation Accuracy is:	
0.77264150943396	
SGD: Magnitude of W:	
9699.0462627039	
SGD: Magnitude of b:	
0.86164844672599	
    Current index:	9501	
    Magnitude of W_grad:	0.93333333333333	
    Magnitude of W:	9691.909751854	
    Magnitude of B_grad:	0.48888888888889	
    Magnitude of b:	0.87488105824756	

	
SGD: Hinge Loss is	
18971.295195025	
SGD: Validation Accuracy is:	
0.78018867924528	
SGD: Magnitude of W:	
9691.909751854	
SGD: Magnitude of b:	
0.87488105824756	
    Current index:	9501	
    Magnitude of W_grad:	1.0222222222222	
    Magnitude of W:	9684.8224561487	
    Magnitude of B_grad:	0.4	
    Magnitude of b:	0.82566700895732	

	
SGD: Hinge Loss is	
18695.039105447	
SGD: Validation Accuracy is:	
0.76981132075472	
SGD: Magnitude of W:	
9684.8224561487	
SGD: Magnitude of b:	
0.82566700895732	
    Current index:	9501	
    Magnitude of W_grad:	0.8	
    Magnitude of W:	9677.7655993145	
    Magnitude of B_grad:	0.4	
    Magnitude of b:	0.82045537518463	

	
SGD: Hinge Loss is	
18621.217975144	
SGD: Validation Accuracy is:	
0.77358490566038	
SGD: Magnitude of W:	
9677.7655993145	
SGD: Magnitude of b:	
0.82045537518463	
    Current index:	9501	
    Magnitude of W_grad:	0.84444444444444	
    Magnitude of W:	9670.7779042052	
    Magnitude of B_grad:	0.4	
    Magnitude of b:	0.82324212384686	

	
SGD: Hinge Loss is	
18590.940161387	
SGD: Validation Accuracy is:	
0.77358490566038	
SGD: Magnitude of W:	
9670.7779042052	
SGD: Magnitude of b:	
0.82324212384686	
    Current index:	9501	
    Magnitude of W_grad:	0.66666666666667	
    Magnitude of W:	9663.8166413872	
    Magnitude of B_grad:	0.31111111111111	
    Magnitude of b:	0.78158296866574	

	
SGD: Hinge Loss is	
18350.496397747	
SGD: Validation Accuracy is:	
0.76320754716981	
SGD: Magnitude of W:	
9663.8166413872	
SGD: Magnitude of b:	
0.78158296866574	
    Current index:	9501	
    Magnitude of W_grad:	0.71111111111111	
    Magnitude of W:	9656.8864974531	
    Magnitude of B_grad:	0.35555555555556	
    Magnitude of b:	0.79614852719432	

	
SGD: Hinge Loss is	
18380.14131939	
SGD: Validation Accuracy is:	
0.76792452830189	
SGD: Magnitude of W:	
9656.8864974531	
SGD: Magnitude of b:	
0.79614852719432	
    Current index:	9501	
    Magnitude of W_grad:	0.62222222222222	
    Magnitude of W:	9649.9901483291	
    Magnitude of B_grad:	0.26666666666667	
    Magnitude of b:	0.75426735533556	

	
SGD: Hinge Loss is	
18137.865223471	
SGD: Validation Accuracy is:	
0.7622641509434	
SGD: Magnitude of W:	
9649.9901483291	
SGD: Magnitude of b:	
0.75426735533556	
    Current index:	9501	
    Magnitude of W_grad:	0.8	
    Magnitude of W:	9643.1425825752	
    Magnitude of B_grad:	0.4	
    Magnitude of b:	0.81105640066685	

	
Done.	
Testing on validation set...	
Done	
Datafile:	/n/home09/ankitgupta/CS287/HW1/MPQA-uni.hdf5	Classifier:	hinge	Alpha:	0	Eta:	0.5	Lambda:	0.5	Minibatch size:	500	Num Epochs:	50	Minimum Sentence Length:	0	
Accuracy:	0.77830188679245	
