[?1034hDatafile:	/n/home09/ankitgupta/CS287/HW1/SST2-uni-sent.hdf5	Classifier:	hinge	Alpha:	0	Eta:	0.5	Lambda:	0.5	Minibatch size:	500	Num Epochs:	50	Minimum Sentence Length:	5	
Note that not all parameters may apply to all classifiers	
Loading datafiles...	
Number of training samples before removing small sentences	76961	
Number of training samples after removing small sentences	55915	
Done.	
Training classifier...	
Parameters are:	
Eta:	
0.5	
Lambda:	
0.5	
Minibatch size:	
500	
Number of Epochs	
50	
SGD: Hinge Loss is	
157126.61107824	
SGD: Validation Accuracy is:	
0.51779645859417	
SGD: Magnitude of W:	
24120.5679153	
SGD: Magnitude of b:	
1.4573784258598	
    Current index:	9501	
    Magnitude of W_grad:	3.628	
    Magnitude of W:	24105.939900464	
    Magnitude of B_grad:	0.012	
    Magnitude of b:	3.2538794166043	

	
    Current index:	19501	
    Magnitude of W_grad:	2.816	
    Magnitude of W:	24096.000473548	
    Magnitude of B_grad:	0.004	
    Magnitude of b:	3.3635597785906	

	
    Current index:	29501	
    Magnitude of W_grad:	12.996	
    Magnitude of W:	24085.937857458	
    Magnitude of B_grad:	0.884	
    Magnitude of b:	1.4569440822607	

	
    Current index:	39501	
    Magnitude of W_grad:	5.3959999999999	
    Magnitude of W:	24077.616103367	
    Magnitude of B_grad:	0.096	
    Magnitude of b:	1.456799329829	

	
    Current index:	49501	
    Magnitude of W_grad:	4.3879999999999	
    Magnitude of W:	24067.598023257	
    Magnitude of B_grad:	0.076	
    Magnitude of b:	1.456654591779	

	
SGD: Hinge Loss is	
167416.02260092	
SGD: Validation Accuracy is:	
0.70273654086925	
SGD: Magnitude of W:	
24067.292322345	
SGD: Magnitude of b:	
1.456647355254	
    Current index:	9501	
    Magnitude of W_grad:	3.812	
    Magnitude of W:	24054.817914285	
    Magnitude of B_grad:	0.008	
    Magnitude of b:	2.4673340663279	

	
    Current index:	19501	
    Magnitude of W_grad:	3.016	
    Magnitude of W:	24047.000898152	
    Magnitude of B_grad:	0.024	
    Magnitude of b:	2.7550811187313	

	
    Current index:	29501	
    Magnitude of W_grad:	11.028	
    Magnitude of W:	24038.715148339	
    Magnitude of B_grad:	0.716	
    Magnitude of b:	1.4562132295363	

	
    Current index:	39501	
    Magnitude of W_grad:	5.3119999999999	
    Magnitude of W:	24029.983271839	
    Magnitude of B_grad:	0.016	
    Magnitude of b:	1.4560685497174	

	
    Current index:	49501	
    Magnitude of W_grad:	4.1319999999999	
    Magnitude of W:	24020.69087976	
    Magnitude of B_grad:	0.048	
    Magnitude of b:	1.4559238842729	

	
SGD: Hinge Loss is	
147397.50648226	
SGD: Validation Accuracy is:	
0.72473618315149	
SGD: Magnitude of W:	
24020.391980631	
SGD: Magnitude of b:	
1.455916651378	
    Current index:	9501	
    Magnitude of W_grad:	3.576	
    Magnitude of W:	24011.153741175	
    Magnitude of B_grad:	0.032	
    Magnitude of b:	2.064830713233	

	
    Current index:	19501	
    Magnitude of W_grad:	2.656	
    Magnitude of W:	24003.550438503	
    Magnitude of B_grad:	0.008	
    Magnitude of b:	2.4166119633715	

	
    Current index:	29501	
    Magnitude of W_grad:	10.252	
    Magnitude of W:	23995.047306036	
    Magnitude of B_grad:	0.632	
    Magnitude of b:	1.4554827434326	

	
    Current index:	39501	
    Magnitude of W_grad:	5.3719999999999	
    Magnitude of W:	23986.592296534	
    Magnitude of B_grad:	0.008	
    Magnitude of b:	1.45533813619	

	
    Current index:	49501	
    Magnitude of W_grad:	3.8199999999999	
    Magnitude of W:	23977.771105957	
    Magnitude of B_grad:	0.04	
    Magnitude of b:	1.4551935433146	

	
SGD: Hinge Loss is	
137858.47124107	
SGD: Validation Accuracy is:	
0.73278483276695	
SGD: Magnitude of W:	
23977.398887932	
SGD: Magnitude of b:	
1.455186314048	
    Current index:	9501	
    Magnitude of W_grad:	3.704	
    Magnitude of W:	23969.748652947	
    Magnitude of B_grad:	0.012	
    Magnitude of b:	1.8570087639366	

	
    Current index:	19501	
    Magnitude of W_grad:	2.824	
    Magnitude of W:	23962.624529986	
    Magnitude of B_grad:	0.028	
    Magnitude of b:	2.2228110394514	

	
    Current index:	29501	
    Magnitude of W_grad:	9.8559999999999	
    Magnitude of W:	23954.282968118	
    Magnitude of B_grad:	0.588	
    Magnitude of b:	1.4547526237655	

	
    Current index:	39501	
    Magnitude of W_grad:	5.0159999999999	
    Magnitude of W:	23945.891578724	
    Magnitude of B_grad:	0.012	
    Magnitude of b:	1.4652973368841	

	
    Current index:	49501	
    Magnitude of W_grad:	3.7879999999999	
    Magnitude of W:	23937.496043671	
    Magnitude of B_grad:	0.036	
    Magnitude of b:	1.4544635687202	

	
SGD: Hinge Loss is	
130767.01332971	
SGD: Validation Accuracy is:	
0.73457342157038	
SGD: Magnitude of W:	
23937.090718959	
SGD: Magnitude of b:	
1.45445634308	
    Current index:	9501	
    Magnitude of W_grad:	3.752	
    Magnitude of W:	23930.168364804	
    Magnitude of B_grad:	0.004	
    Magnitude of b:	1.7756203197182	

	
    Current index:	19501	
    Magnitude of W_grad:	2.896	
    Magnitude of W:	23923.280184412	
    Magnitude of B_grad:	0.036	
    Magnitude of b:	2.1254318141006	

	
    Current index:	29501	
    Magnitude of W_grad:	9.8039999999999	
    Magnitude of W:	23915.143404569	
    Magnitude of B_grad:	0.584	
    Magnitude of b:	1.4540228703514	

	
    Current index:	39501	
    Magnitude of W_grad:	4.9119999999999	
    Magnitude of W:	23907.026941279	
    Magnitude of B_grad:	0.008	
    Magnitude of b:	1.4538784081522	

	
    Current index:	49501	
    Magnitude of W_grad:	3.784	
    Magnitude of W:	23898.860565321	
    Magnitude of B_grad:	0.032	
    Magnitude of b:	1.4537339603059	

	
SGD: Hinge Loss is	
125589.70786567	
SGD: Validation Accuracy is:	
0.73743516365588	
SGD: Magnitude of W:	
23898.484872052	
SGD: Magnitude of b:	
1.4537267382903	
    Current index:	9501	
    Magnitude of W_grad:	3.776	
    Magnitude of W:	23892.171494098	
    Magnitude of B_grad:	0	
    Magnitude of b:	1.7046334682321	

	
    Current index:	19501	
    Magnitude of W_grad:	2.684	
    Magnitude of W:	23885.561351793	
    Magnitude of B_grad:	0.016	
    Magnitude of b:	2.0364527506371	

	
    Current index:	29501	
    Magnitude of W_grad:	9.3119999999999	
    Magnitude of W:	23877.751232153	
    Magnitude of B_grad:	0.544	
    Magnitude of b:	1.4532934830063	

	
    Current index:	39501	
    Magnitude of W_grad:	4.8599999999999	
    Magnitude of W:	23869.781536532	
    Magnitude of B_grad:	0.02	
    Magnitude of b:	1.4531490932743	

	
    Current index:	49501	
    Magnitude of W_grad:	3.7759999999999	
    Magnitude of W:	23861.87019201	
    Magnitude of B_grad:	0.028	
    Magnitude of b:	1.4530047178879	

	
SGD: Hinge Loss is	
120509.47684206	
SGD: Validation Accuracy is:	
0.73868717581828	
SGD: Magnitude of W:	
23861.534930185	
SGD: Magnitude of b:	
1.4529974994952	
    Current index:	9501	
    Magnitude of W_grad:	3.664	
    Magnitude of W:	23855.522257157	
    Magnitude of B_grad:	0.024	
    Magnitude of b:	1.6787509420507	

	
    Current index:	19501	
    Magnitude of W_grad:	2.56	
    Magnitude of W:	23849.142772573	
    Magnitude of B_grad:	0.008	
    Magnitude of b:	1.996574485011	

	
    Current index:	29501	
    Magnitude of W_grad:	9.1839999999999	
    Magnitude of W:	23841.51055989	
    Magnitude of B_grad:	0.536	
    Magnitude of b:	1.4525644615468	

	
    Current index:	39501	
    Magnitude of W_grad:	4.7599999999999	
    Magnitude of W:	23833.634011487	
    Magnitude of B_grad:	0.02	
    Magnitude of b:	1.4524201442456	

	
    Current index:	49501	
    Magnitude of W_grad:	3.7759999999999	
    Magnitude of W:	23825.891067776	
    Magnitude of B_grad:	0.028	
    Magnitude of b:	1.4522758412828	

	
SGD: Hinge Loss is	
117415.35635612	
SGD: Validation Accuracy is:	
0.74154891790377	
SGD: Magnitude of W:	
23825.581390784	
SGD: Magnitude of b:	
1.452268626511	
    Current index:	9501	
    Magnitude of W_grad:	4.08	
    Magnitude of W:	23819.756841373	
    Magnitude of B_grad:	0.06	
    Magnitude of b:	1.6446812620589	

	
    Current index:	19501	
    Magnitude of W_grad:	2.772	
    Magnitude of W:	23813.432570337	
    Magnitude of B_grad:	0.04	
    Magnitude of b:	1.9425100876417	

	
    Current index:	29501	
    Magnitude of W_grad:	8.7599999999999	
    Magnitude of W:	23805.896738546	
    Magnitude of B_grad:	0.512	
    Magnitude of b:	1.4518358057892	

	
    Current index:	39501	
    Magnitude of W_grad:	4.7399999999999	
    Magnitude of W:	23798.164922881	
    Magnitude of B_grad:	0.02	
    Magnitude of b:	1.4516915608825	

	
    Current index:	49501	
    Magnitude of W_grad:	3.8239999999999	
    Magnitude of W:	23790.570430703	
    Magnitude of B_grad:	0.028	
    Magnitude of b:	1.451547330307	

	
SGD: Hinge Loss is	
113489.65907582	
SGD: Validation Accuracy is:	
0.74476837774996	
SGD: Magnitude of W:	
23790.283594846	
SGD: Magnitude of b:	
1.4515401191544	
    Current index:	9501	
    Magnitude of W_grad:	4.076	
    Magnitude of W:	23784.625682368	
    Magnitude of B_grad:	0.072	
    Magnitude of b:	1.6208074403099	

	
    Current index:	19501	
    Magnitude of W_grad:	2.724	
    Magnitude of W:	23778.427005567	
    Magnitude of B_grad:	0.04	
    Magnitude of b:	1.916639005451	

	
    Current index:	29501	
    Magnitude of W_grad:	8.6559999999999	
    Magnitude of W:	23770.980849826	
    Magnitude of B_grad:	0.512	
    Magnitude of b:	1.4511075155502	

	
    Current index:	39501	
    Magnitude of W_grad:	4.7359999999999	
    Magnitude of W:	23763.694941857	
    Magnitude of B_grad:	0.028	
    Magnitude of b:	1.4509633430016	

	
    Current index:	49501	
    Magnitude of W_grad:	3.8759999999999	
    Magnitude of W:	23756.393031426	
    Magnitude of B_grad:	0.008	
    Magnitude of b:	1.4508191847771	

	
SGD: Hinge Loss is	
110291.59364891	
SGD: Validation Accuracy is:	
0.74798783759614	
SGD: Magnitude of W:	
23756.10462025	
SGD: Magnitude of b:	
1.4508119772418	
    Current index:	9501	
    Magnitude of W_grad:	4.08	
    Magnitude of W:	23750.48928778	
    Magnitude of B_grad:	0.08	
    Magnitude of b:	1.6011262206151	

	
    Current index:	19501	
    Magnitude of W_grad:	2.868	
    Magnitude of W:	23744.447888406	
    Magnitude of B_grad:	0.056	
    Magnitude of b:	1.8989603770302	

	
    Current index:	29501	
    Magnitude of W_grad:	8.5199999999999	
    Magnitude of W:	23737.312998108	
    Magnitude of B_grad:	0.504	
    Magnitude of b:	1.4503795906463	

	
    Current index:	39501	
    Magnitude of W_grad:	4.5959999999999	
    Magnitude of W:	23730.242856773	
    Magnitude of B_grad:	0.028	
    Magnitude of b:	1.4502354904196	

	
    Current index:	49501	
    Magnitude of W_grad:	3.8399999999999	
    Magnitude of W:	23723.118323208	
    Magnitude of B_grad:	0.004	
    Magnitude of b:	1.4500914045097	

	
SGD: Hinge Loss is	
107923.16225135	
SGD: Validation Accuracy is:	
0.7490609908782	
SGD: Magnitude of W:	
23722.83185232	
SGD: Magnitude of b:	
1.45008420059	
    Current index:	9501	
    Magnitude of W_grad:	3.84	
    Magnitude of W:	23717.406265852	
    Magnitude of B_grad:	0.072	
    Magnitude of b:	1.5694439065605	

	
    Current index:	19501	
    Magnitude of W_grad:	2.832	
    Magnitude of W:	23711.477369111	
    Magnitude of B_grad:	0.064	
    Magnitude of b:	1.8732802768002	

	
    Current index:	29501	
    Magnitude of W_grad:	8.3879999999999	
    Magnitude of W:	23704.454482076	
    Magnitude of B_grad:	0.488	
    Magnitude of b:	1.4496520308943	

	
    Current index:	39501	
    Magnitude of W_grad:	4.5679999999999	
    Magnitude of W:	23697.732321969	
    Magnitude of B_grad:	0.028	
    Magnitude of b:	1.4495080029532	

	
    Current index:	49501	
    Magnitude of W_grad:	3.8119999999999	
    Magnitude of W:	23690.969829311	
    Magnitude of B_grad:	0.008	
    Magnitude of b:	1.4493639893217	

	
SGD: Hinge Loss is	
105476.13249897	
SGD: Validation Accuracy is:	
0.75174387408335	
SGD: Magnitude of W:	
23690.739124027	
SGD: Magnitude of b:	
1.4493567890157	
    Current index:	9501	
    Magnitude of W_grad:	3.88	
    Magnitude of W:	23685.441264109	
    Magnitude of B_grad:	0.084	
    Magnitude of b:	1.5399522511744	

	
    Current index:	19501	
    Magnitude of W_grad:	2.852	
    Magnitude of W:	23679.736419887	
    Magnitude of B_grad:	0.068	
    Magnitude of b:	1.8657909156397	

	
    Current index:	29501	
    Magnitude of W_grad:	8.1759999999999	
    Magnitude of W:	23672.962020238	
    Magnitude of B_grad:	0.476	
    Magnitude of b:	1.4489248361111	

	
    Current index:	39501	
    Magnitude of W_grad:	4.464	
    Magnitude of W:	23666.463267484	
    Magnitude of B_grad:	0.032	
    Magnitude of b:	1.4487808804192	

	
    Current index:	49501	
    Magnitude of W_grad:	3.7519999999999	
    Magnitude of W:	23659.868715528	
    Magnitude of B_grad:	0	
    Magnitude of b:	1.4486369390299	

	
SGD: Hinge Loss is	
102851.38351479	
SGD: Validation Accuracy is:	
0.7544267572885	
SGD: Magnitude of W:	
23659.652247454	
SGD: Magnitude of b:	
1.4486297423359	
    Current index:	9501	
    Magnitude of W_grad:	3.82	
    Magnitude of W:	23654.496796522	
    Magnitude of B_grad:	0.092	
    Magnitude of b:	1.5373579371171	

	
    Current index:	19501	
    Magnitude of W_grad:	2.816	
    Magnitude of W:	23648.933290437	
    Magnitude of B_grad:	0.064	
    Magnitude of b:	1.8491977734017	

	
    Current index:	29501	
    Magnitude of W_grad:	7.7039999999999	
    Magnitude of W:	23642.423992688	
    Magnitude of B_grad:	0.44	
    Magnitude of b:	1.4481980061135	

	
    Current index:	39501	
    Magnitude of W_grad:	4.4919999999999	
    Magnitude of W:	23636.129405277	
    Magnitude of B_grad:	0.02	
    Magnitude of b:	1.4480541226347	

	
    Current index:	49501	
    Magnitude of W_grad:	3.6719999999999	
    Magnitude of W:	23629.693831651	
    Magnitude of B_grad:	0.02	
    Magnitude of b:	1.4479102534513	

	
SGD: Hinge Loss is	
100590.84526508	
SGD: Validation Accuracy is:	
0.75192273296369	
SGD: Magnitude of W:	
23629.486658241	
SGD: Magnitude of b:	
1.4479030603673	
    Current index:	9501	
    Magnitude of W_grad:	3.828	
    Magnitude of W:	23624.436209453	
    Magnitude of B_grad:	0.096	
    Magnitude of b:	1.5245696849315	

	
    Current index:	19501	
    Magnitude of W_grad:	2.828	
    Magnitude of W:	23619.063928309	
    Magnitude of B_grad:	0.068	
    Magnitude of b:	1.8264112488107	

	
    Current index:	29501	
    Magnitude of W_grad:	7.4999999999999	
    Magnitude of W:	23612.730808999	
    Magnitude of B_grad:	0.44	
    Magnitude of b:	1.4474715407185	

	
    Current index:	39501	
    Magnitude of W_grad:	4.4519999999999	
    Magnitude of W:	23606.568648041	
    Magnitude of B_grad:	0.02	
    Magnitude of b:	1.4473277294166	

	
    Current index:	49501	
    Magnitude of W_grad:	3.7879999999999	
    Magnitude of W:	23600.271058536	
    Magnitude of B_grad:	0.004	
    Magnitude of b:	1.4471839324028	

	
SGD: Hinge Loss is	
98899.210925083	
SGD: Validation Accuracy is:	
0.75299588624575	
SGD: Magnitude of W:	
23600.076415196	
SGD: Magnitude of b:	
1.4471767429272	
    Current index:	9501	
    Magnitude of W_grad:	3.748	
    Magnitude of W:	23595.239110211	
    Magnitude of B_grad:	0.096	
    Magnitude of b:	1.50687804166	

	
    Current index:	19501	
    Magnitude of W_grad:	2.752	
    Magnitude of W:	23590.015855571	
    Magnitude of B_grad:	0.056	
    Magnitude of b:	1.8047212639229	

	
    Current index:	29501	
    Magnitude of W_grad:	7.2959999999999	
    Magnitude of W:	23583.866848795	
    Magnitude of B_grad:	0.42	
    Magnitude of b:	1.4467454397433	

	
    Current index:	39501	
    Magnitude of W_grad:	4.312	
    Magnitude of W:	23577.6706227	
    Magnitude of B_grad:	0.016	
    Magnitude of b:	1.4466017005821	

	
    Current index:	49501	
    Magnitude of W_grad:	3.8239999999999	
    Magnitude of W:	23571.553977934	
    Magnitude of B_grad:	0	
    Magnitude of b:	1.4464579757018	

	
SGD: Hinge Loss is	
96684.504356643	
SGD: Validation Accuracy is:	
0.75406903952781	
SGD: Magnitude of W:	
23571.316133604	
SGD: Magnitude of b:	
1.4464507898326	
    Current index:	9501	
    Magnitude of W_grad:	3.948	
    Magnitude of W:	23566.618116533	
    Magnitude of B_grad:	0.1	
    Magnitude of b:	1.4822833613123	

	
    Current index:	19501	
    Magnitude of W_grad:	2.756	
    Magnitude of W:	23561.413573776	
    Magnitude of B_grad:	0.056	
    Magnitude of b:	1.7841290271524	

	
    Current index:	29501	
    Magnitude of W_grad:	7.0079999999999	
    Magnitude of W:	23555.387789767	
    Magnitude of B_grad:	0.388	
    Magnitude of b:	1.4460197030051	

	
    Current index:	39501	
    Magnitude of W_grad:	4.256	
    Magnitude of W:	23549.316753872	
    Magnitude of B_grad:	0.02	
    Magnitude of b:	1.4458760359483	

	
    Current index:	49501	
    Magnitude of W_grad:	3.8199999999999	
    Magnitude of W:	23543.195160931	
    Magnitude of B_grad:	0.004	
    Magnitude of b:	1.4457323831653	

	
SGD: Hinge Loss is	
94634.482110257	
SGD: Validation Accuracy is:	
0.75335360400644	
SGD: Magnitude of W:	
23542.957457485	
SGD: Magnitude of b:	
1.4457252009008	
    Current index:	9501	
    Magnitude of W_grad:	3.9	
    Magnitude of W:	23538.367217944	
    Magnitude of B_grad:	0.1	
    Magnitude of b:	1.4738827676052	

	
    Current index:	19501	
    Magnitude of W_grad:	2.776	
    Magnitude of W:	23533.259045845	
    Magnitude of B_grad:	0.064	
    Magnitude of b:	1.7657301125851	

	
    Current index:	29501	
    Magnitude of W_grad:	6.8519999999999	
    Magnitude of W:	23527.341313381	
    Magnitude of B_grad:	0.38	
    Magnitude of b:	1.4452943303211	

	
    Current index:	39501	
    Magnitude of W_grad:	4.204	
    Magnitude of W:	23521.385975042	
    Magnitude of B_grad:	0.012	
    Magnitude of b:	1.4451507353326	

	
    Current index:	49501	
    Magnitude of W_grad:	3.852	
    Magnitude of W:	23515.309910854	
    Magnitude of B_grad:	0	
    Magnitude of b:	1.4450071546107	

	
SGD: Hinge Loss is	
92962.374543816	
SGD: Validation Accuracy is:	
0.75335360400644	
SGD: Magnitude of W:	
23515.076173672	
SGD: Magnitude of b:	
1.4449999759491	
    Current index:	9501	
    Magnitude of W_grad:	3.856	
    Magnitude of W:	23510.566528338	
    Magnitude of B_grad:	0.096	
    Magnitude of b:	1.4574822948269	

	
    Current index:	19501	
    Magnitude of W_grad:	2.84	
    Magnitude of W:	23505.452841066	
    Magnitude of B_grad:	0.072	
    Magnitude of b:	1.739331676614	

	
    Current index:	29501	
    Magnitude of W_grad:	6.2599999999999	
    Magnitude of W:	23499.64952872	
    Magnitude of B_grad:	0.328	
    Magnitude of b:	1.4445693215087	

	
    Current index:	39501	
    Magnitude of W_grad:	4.204	
    Magnitude of W:	23493.832733728	
    Magnitude of B_grad:	0.012	
    Magnitude of b:	1.4444257985523	

	
    Current index:	49501	
    Magnitude of W_grad:	3.776	
    Magnitude of W:	23487.846148561	
    Magnitude of B_grad:	0.008	
    Magnitude of b:	1.4442822898554	

	
SGD: Hinge Loss is	
90877.217365536	
SGD: Validation Accuracy is:	
0.75335360400644	
SGD: Magnitude of W:	
23487.617910075	
SGD: Magnitude of b:	
1.4442751147949	
    Current index:	9501	
    Magnitude of W_grad:	4.136	
    Magnitude of W:	23483.138353424	
    Magnitude of B_grad:	0.116	
    Magnitude of b:	1.4512769237513	

	
    Current index:	19501	
    Magnitude of W_grad:	2.728	
    Magnitude of W:	23478.095685654	
    Magnitude of B_grad:	0.064	
    Magnitude of b:	1.7031281342033	

	
    Current index:	29501	
    Magnitude of W_grad:	6.2159999999999	
    Magnitude of W:	23472.38621189	
    Magnitude of B_grad:	0.332	
    Magnitude of b:	1.4438446763854	

	
    Current index:	39501	
    Magnitude of W_grad:	4.3159999999999	
    Magnitude of W:	23466.693249058	
    Magnitude of B_grad:	0.008	
    Magnitude of b:	1.443701225425	

	
    Current index:	49501	
    Magnitude of W_grad:	3.792	
    Magnitude of W:	23460.789365582	
    Magnitude of B_grad:	0.016	
    Magnitude of b:	1.443557788717	

	
SGD: Hinge Loss is	
89465.791969347	
SGD: Validation Accuracy is:	
0.75460561616884	
SGD: Magnitude of W:	
23460.561359446	
SGD: Magnitude of b:	
1.4435506172557	
    Current index:	9501	
    Magnitude of W_grad:	3.836	
    Magnitude of W:	23456.034644496	
    Magnitude of B_grad:	0.096	
    Magnitude of b:	1.4434071955111	

	
    Current index:	19501	
    Magnitude of W_grad:	2.604	
    Magnitude of W:	23451.042667579	
    Magnitude of B_grad:	0.052	
    Magnitude of b:	1.6671217713493	

	
    Current index:	29501	
    Magnitude of W_grad:	6.2079999999999	
    Magnitude of W:	23445.446024234	
    Magnitude of B_grad:	0.344	
    Magnitude of b:	1.4431203947688	

	
    Current index:	39501	
    Magnitude of W_grad:	4.228	
    Magnitude of W:	23439.916448059	
    Magnitude of B_grad:	0.008	
    Magnitude of b:	1.4429770157683	

	
    Current index:	49501	
    Magnitude of W_grad:	3.792	
    Magnitude of W:	23434.142536072	
    Magnitude of B_grad:	0.016	
    Magnitude of b:	1.442833651013	

	
SGD: Hinge Loss is	
88122.866807027	
SGD: Validation Accuracy is:	
0.75389018064747	
SGD: Magnitude of W:	
23433.920854266	
SGD: Magnitude of b:	
1.4428264831491	
    Current index:	9501	
    Magnitude of W_grad:	4.072	
    Magnitude of W:	23429.461687195	
    Magnitude of B_grad:	0.116	
    Magnitude of b:	1.4426831333497	

	
    Current index:	19501	
    Magnitude of W_grad:	2.784	
    Magnitude of W:	23424.569407591	
    Magnitude of B_grad:	0.072	
    Magnitude of b:	1.6493118139911	

	
    Current index:	29501	
    Magnitude of W_grad:	6.1279999999999	
    Magnitude of W:	23419.057297262	
    Magnitude of B_grad:	0.332	
    Magnitude of b:	1.4423964764765	

	
    Current index:	39501	
    Magnitude of W_grad:	4.2719999999999	
    Magnitude of W:	23413.746538857	
    Magnitude of B_grad:	0.004	
    Magnitude of b:	1.4422531693997	

	
    Current index:	49501	
    Magnitude of W_grad:	3.88	
    Magnitude of W:	23408.095962009	
    Magnitude of B_grad:	0.012	
    Magnitude of b:	1.4421098765611	

	
SGD: Hinge Loss is	
87213.149437987	
SGD: Validation Accuracy is:	
0.75478447504919	
SGD: Magnitude of W:	
23407.871313625	
SGD: Magnitude of b:	
1.4421027122929	
    Current index:	9501	
    Magnitude of W_grad:	3.96	
    Magnitude of W:	23403.465988938	
    Magnitude of B_grad:	0.112	
    Magnitude of b:	1.4419594344026	

	
    Current index:	19501	
    Magnitude of W_grad:	2.68	
    Magnitude of W:	23398.698587447	
    Magnitude of B_grad:	0.068	
    Magnitude of b:	1.6324091531174	

	
    Current index:	29501	
    Magnitude of W_grad:	6.0879999999999	
    Magnitude of W:	23393.390226687	
    Magnitude of B_grad:	0.34	
    Magnitude of b:	1.4416729213262	

	
    Current index:	39501	
    Magnitude of W_grad:	4.168	
    Magnitude of W:	23388.1595432	
    Magnitude of B_grad:	0.008	
    Magnitude of b:	1.4415296861372	

	
    Current index:	49501	
    Magnitude of W_grad:	3.8	
    Magnitude of W:	23382.62722888	
    Magnitude of B_grad:	0.004	
    Magnitude of b:	1.441386465179	

	
SGD: Hinge Loss is	
86043.696688088	
SGD: Validation Accuracy is:	
0.7531747451261	
SGD: Magnitude of W:	
23382.402707022	
SGD: Magnitude of b:	
1.4413793045047	
    Current index:	9501	
    Magnitude of W_grad:	4.212	
    Magnitude of W:	23377.934286334	
    Magnitude of B_grad:	0.128	
    Magnitude of b:	1.4412360984875	

	
    Current index:	19501	
    Magnitude of W_grad:	2.736	
    Magnitude of W:	23373.248962973	
    Magnitude of B_grad:	0.072	
    Magnitude of b:	1.61331505256	

	
    Current index:	29501	
    Magnitude of W_grad:	6.0679999999999	
    Magnitude of W:	23368.100301505	
    Magnitude of B_grad:	0.352	
    Magnitude of b:	1.4409497291358	

	
    Current index:	39501	
    Magnitude of W_grad:	4.068	
    Magnitude of W:	23362.963193316	
    Magnitude of B_grad:	0.004	
    Magnitude of b:	1.4408065657984	

	
    Current index:	49501	
    Magnitude of W_grad:	3.72	
    Magnitude of W:	23357.55919394	
    Magnitude of B_grad:	0.004	
    Magnitude of b:	1.4406634166848	

	
SGD: Hinge Loss is	
84849.161487031	
SGD: Validation Accuracy is:	
0.75335360400644	
SGD: Magnitude of W:	
23357.343460755	
SGD: Magnitude of b:	
1.4406562596025	
    Current index:	9501	
    Magnitude of W_grad:	3.96	
    Magnitude of W:	23352.847978393	
    Magnitude of B_grad:	0.112	
    Magnitude of b:	1.4405131254223	

	
    Current index:	19501	
    Magnitude of W_grad:	2.7	
    Magnitude of W:	23348.196726144	
    Magnitude of B_grad:	0.068	
    Magnitude of b:	1.5955112370678	

	
    Current index:	29501	
    Magnitude of W_grad:	6.1039999999999	
    Magnitude of W:	23343.085752441	
    Magnitude of B_grad:	0.372	
    Magnitude of b:	1.4402268997232	

	
    Current index:	39501	
    Magnitude of W_grad:	4.004	
    Magnitude of W:	23338.130566687	
    Magnitude of B_grad:	0.004	
    Magnitude of b:	1.4400838082014	

	
    Current index:	49501	
    Magnitude of W_grad:	3.64	
    Magnitude of W:	23332.781119013	
    Magnitude of B_grad:	0.012	
    Magnitude of b:	1.4399407308963	

	
SGD: Hinge Loss is	
83379.935361222	
SGD: Validation Accuracy is:	
0.75371132176713	
SGD: Magnitude of W:	
23332.601080506	
SGD: Magnitude of b:	
1.4399335774042	
    Current index:	9501	
    Magnitude of W_grad:	3.96	
    Magnitude of W:	23328.135225574	
    Magnitude of B_grad:	0.112	
    Magnitude of b:	1.439790515025	

	
    Current index:	19501	
    Magnitude of W_grad:	2.784	
    Magnitude of W:	23323.509183697	
    Magnitude of B_grad:	0.076	
    Magnitude of b:	1.5749996517818	

	
    Current index:	29501	
    Magnitude of W_grad:	6.0919999999999	
    Magnitude of W:	23318.493279078	
    Magnitude of B_grad:	0.376	
    Magnitude of b:	1.4395044329064	

	
    Current index:	39501	
    Magnitude of W_grad:	3.944	
    Magnitude of W:	23313.691401658	
    Magnitude of B_grad:	0	
    Magnitude of b:	1.4393614131642	

	
    Current index:	49501	
    Magnitude of W_grad:	3.752	
    Magnitude of W:	23308.399471417	
    Magnitude of B_grad:	0.004	
    Magnitude of b:	1.4392184076315	

	
SGD: Hinge Loss is	
82178.349162896	
SGD: Validation Accuracy is:	
0.75496333392953	
SGD: Magnitude of W:	
23308.212470019	
SGD: Magnitude of b:	
1.4392112577279	
    Current index:	9501	
    Magnitude of W_grad:	3.92	
    Magnitude of W:	23303.692833891	
    Magnitude of B_grad:	0.108	
    Magnitude of b:	1.4390682671136	

	
    Current index:	19501	
    Magnitude of W_grad:	2.828	
    Magnitude of W:	23299.151998625	
    Magnitude of B_grad:	0.08	
    Magnitude of b:	1.552872505582	

	
    Current index:	29501	
    Magnitude of W_grad:	5.9319999999999	
    Magnitude of W:	23294.254751476	
    Magnitude of B_grad:	0.36	
    Magnitude of b:	1.4387823285036	

	
    Current index:	39501	
    Magnitude of W_grad:	3.772	
    Magnitude of W:	23289.427467072	
    Magnitude of B_grad:	0.004	
    Magnitude of b:	1.438639380505	

	
    Current index:	49501	
    Magnitude of W_grad:	3.66	
    Magnitude of W:	23284.20411978	
    Magnitude of B_grad:	0.008	
    Magnitude of b:	1.4384964467087	

	
SGD: Hinge Loss is	
81250.371453475	
SGD: Validation Accuracy is:	
0.75460561616884	
SGD: Magnitude of W:	
23284.017259123	
SGD: Magnitude of b:	
1.4384893003917	
    Current index:	9501	
    Magnitude of W_grad:	3.98	
    Magnitude of W:	23279.521301012	
    Magnitude of B_grad:	0.116	
    Magnitude of b:	1.4383463815064	

	
    Current index:	19501	
    Magnitude of W_grad:	2.604	
    Magnitude of W:	23275.070166851	
    Magnitude of B_grad:	0.06	
    Magnitude of b:	1.5287492774166	

	
    Current index:	29501	
    Magnitude of W_grad:	5.8799999999999	
    Magnitude of W:	23270.261048282	
    Magnitude of B_grad:	0.364	
    Magnitude of b:	1.4380605863329	

	
    Current index:	39501	
    Magnitude of W_grad:	3.468	
    Magnitude of W:	23265.467741366	
    Magnitude of B_grad:	0.02	
    Magnitude of b:	1.4379177100418	

	
    Current index:	49501	
    Magnitude of W_grad:	3.552	
    Magnitude of W:	23260.370764552	
    Magnitude of B_grad:	0.008	
    Magnitude of b:	1.437774847946	

	
SGD: Hinge Loss is	
80133.740393442	
SGD: Validation Accuracy is:	
0.75263816848507	
SGD: Magnitude of W:	
23260.189447955	
SGD: Magnitude of b:	
1.4377677052139	
    Current index:	9501	
    Magnitude of W_grad:	3.8	
    Magnitude of W:	23255.750397447	
    Magnitude of B_grad:	0.112	
    Magnitude of b:	1.4376248580216	

	
    Current index:	19501	
    Magnitude of W_grad:	2.432	
    Magnitude of W:	23251.356316023	
    Magnitude of B_grad:	0.048	
    Magnitude of b:	1.5099176849461	

	
    Current index:	29501	
    Magnitude of W_grad:	5.8359999999999	
    Magnitude of W:	23246.561931218	
    Magnitude of B_grad:	0.364	
    Magnitude of b:	1.4373392062126	

	
    Current index:	39501	
    Magnitude of W_grad:	3.612	
    Magnitude of W:	23241.817424222	
    Magnitude of B_grad:	0.008	
    Magnitude of b:	1.4371964015932	

	
    Current index:	49501	
    Magnitude of W_grad:	3.64	
    Magnitude of W:	23236.806779653	
    Magnitude of B_grad:	0.012	
    Magnitude of b:	1.4370536111619	

	
SGD: Hinge Loss is	
79309.542214869	
SGD: Validation Accuracy is:	
0.75192273296369	
SGD: Magnitude of W:	
23236.622167215	
SGD: Magnitude of b:	
1.4370464720127	
    Current index:	9501	
    Magnitude of W_grad:	3.644	
    Magnitude of W:	23232.233852839	
    Magnitude of B_grad:	0.1	
    Magnitude of b:	1.4369036964774	

	
    Current index:	19501	
    Magnitude of W_grad:	2.56	
    Magnitude of W:	23227.895076725	
    Magnitude of B_grad:	0.052	
    Magnitude of b:	1.506183419455	

	
    Current index:	29501	
    Magnitude of W_grad:	5.6639999999999	
    Magnitude of W:	23223.127536904	
    Magnitude of B_grad:	0.348	
    Magnitude of b:	1.4366181879612	

	
    Current index:	39501	
    Magnitude of W_grad:	3.584	
    Magnitude of W:	23218.383593409	
    Magnitude of B_grad:	0.012	
    Magnitude of b:	1.4364754549774	

	
    Current index:	49501	
    Magnitude of W_grad:	3.56	
    Magnitude of W:	23213.425250382	
    Magnitude of B_grad:	0.004	
    Magnitude of b:	1.4363327361746	

	
SGD: Hinge Loss is	
77642.337155394	
SGD: Validation Accuracy is:	
0.75138615632266	
SGD: Magnitude of W:	
23213.239344084	
SGD: Magnitude of b:	
1.4363256006067	
    Current index:	9501	
    Magnitude of W_grad:	3.98	
    Magnitude of W:	23208.95646272	
    Magnitude of B_grad:	0.12	
    Magnitude of b:	1.4361828966925	

	
    Current index:	19501	
    Magnitude of W_grad:	2.48	
    Magnitude of W:	23204.700893854	
    Magnitude of B_grad:	0.052	
    Magnitude of b:	1.4888345739847	

	
    Current index:	29501	
    Magnitude of W_grad:	5.6199999999999	
    Magnitude of W:	23199.941518901	
    Magnitude of B_grad:	0.348	
    Magnitude of b:	1.435897531397	

	
    Current index:	39501	
    Magnitude of W_grad:	3.44	
    Magnitude of W:	23195.230912393	
    Magnitude of B_grad:	0.012	
    Magnitude of b:	1.435754870013	

	
    Current index:	49501	
    Magnitude of W_grad:	3.496	
    Magnitude of W:	23190.339116716	
    Magnitude of B_grad:	0.008	
    Magnitude of b:	1.4356122228028	

	
SGD: Hinge Loss is	
76706.0431698	
SGD: Validation Accuracy is:	
0.75281702736541	
SGD: Magnitude of W:	
23190.155797805	
SGD: Magnitude of b:	
1.4356050908143	
    Current index:	9501	
    Magnitude of W_grad:	3.728	
    Magnitude of W:	23185.903751578	
    Magnitude of B_grad:	0.104	
    Magnitude of b:	1.4354624584853	

	
    Current index:	19501	
    Magnitude of W_grad:	2.608	
    Magnitude of W:	23181.63560067	
    Magnitude of B_grad:	0.06	
    Magnitude of b:	1.4796819630577	

	
    Current index:	29501	
    Magnitude of W_grad:	5.5959999999999	
    Magnitude of W:	23176.936617461	
    Magnitude of B_grad:	0.348	
    Magnitude of b:	1.4351772363387	

	
    Current index:	39501	
    Magnitude of W_grad:	3.332	
    Magnitude of W:	23172.237926791	
    Magnitude of B_grad:	0.008	
    Magnitude of b:	1.4350346465185	

	
    Current index:	49501	
    Magnitude of W_grad:	3.536	
    Magnitude of W:	23167.360549154	
    Magnitude of B_grad:	0.008	
    Magnitude of b:	1.434892070865	

	
SGD: Hinge Loss is	
75788.781797231	
SGD: Validation Accuracy is:	
0.75424789840816	
SGD: Magnitude of W:	
23167.174248424	
SGD: Magnitude of b:	
1.4348849424542	
    Current index:	9501	
    Magnitude of W_grad:	3.98	
    Magnitude of W:	23163.029779121	
    Magnitude of B_grad:	0.12	
    Magnitude of b:	1.4347423816743	

	
    Current index:	19501	
    Magnitude of W_grad:	2.444	
    Magnitude of W:	23158.904777926	
    Magnitude of B_grad:	0.048	
    Magnitude of b:	1.464530725124	

	
    Current index:	29501	
    Magnitude of W_grad:	5.3159999999999	
    Magnitude of W:	23154.198396052	
    Magnitude of B_grad:	0.316	
    Magnitude of b:	1.4344573026049	

	
    Current index:	39501	
    Magnitude of W_grad:	3.568	
    Magnitude of W:	23149.522329209	
    Magnitude of B_grad:	0.028	
    Magnitude of b:	1.4343147843126	

	
    Current index:	49501	
    Magnitude of W_grad:	3.564	
    Magnitude of W:	23144.690849209	
    Magnitude of B_grad:	0.004	
    Magnitude of b:	1.4341722801799	

	
SGD: Hinge Loss is	
74860.94392451	
SGD: Validation Accuracy is:	
0.75335360400644	
SGD: Magnitude of W:	
23144.495373174	
SGD: Magnitude of b:	
1.4341651553449	
    Current index:	9501	
    Magnitude of W_grad:	3.572	
    Magnitude of W:	23140.418868134	
    Magnitude of B_grad:	0.096	
    Magnitude of b:	1.4340226660784	

	
    Current index:	19501	
    Magnitude of W_grad:	2.5	
    Magnitude of W:	23136.351212125	
    Magnitude of B_grad:	0.056	
    Magnitude of b:	1.4473833628779	

	
    Current index:	29501	
    Magnitude of W_grad:	5.3159999999999	
    Magnitude of W:	23131.660680598	
    Magnitude of B_grad:	0.316	
    Magnitude of b:	1.4337377300144	

	
    Current index:	39501	
    Magnitude of W_grad:	3.36	
    Magnitude of W:	23126.993930606	
    Magnitude of B_grad:	0.02	
    Magnitude of b:	1.4335952832141	

	
    Current index:	49501	
    Magnitude of W_grad:	3.492	
    Magnitude of W:	23122.246121787	
    Magnitude of B_grad:	0.008	
    Magnitude of b:	1.4334528505663	

	
SGD: Hinge Loss is	
74229.074323563	
SGD: Validation Accuracy is:	
0.75353246288678	
SGD: Magnitude of W:	
23122.04146933	
SGD: Magnitude of b:	
1.4334457293054	
    Current index:	9501	
    Magnitude of W_grad:	3.556	
    Magnitude of W:	23118.053739973	
    Magnitude of B_grad:	0.096	
    Magnitude of b:	1.4333033115164	

	
    Current index:	19501	
    Magnitude of W_grad:	2.376	
    Magnitude of W:	23114.055727859	
    Magnitude of B_grad:	0.044	
    Magnitude of b:	1.433160907877	

	
    Current index:	29501	
    Magnitude of W_grad:	5.4639999999999	
    Magnitude of W:	23109.323597494	
    Magnitude of B_grad:	0.344	
    Magnitude of b:	1.4330185183859	

	
    Current index:	39501	
    Magnitude of W_grad:	3.308	
    Magnitude of W:	23104.706603009	
    Magnitude of B_grad:	0.02	
    Magnitude of b:	1.4328761430418	

	
    Current index:	49501	
    Magnitude of W_grad:	3.296	
    Magnitude of W:	23099.954547413	
    Magnitude of B_grad:	0.044	
    Magnitude of b:	1.4327337818431	

	
SGD: Hinge Loss is	
73544.956932896	
SGD: Validation Accuracy is:	
0.75406903952781	
SGD: Magnitude of W:	
23099.76858155	
SGD: Magnitude of b:	
1.4327266641544	
    Current index:	9501	
    Magnitude of W_grad:	3.572	
    Magnitude of W:	23095.922858999	
    Magnitude of B_grad:	0.092	
    Magnitude of b:	1.432584317807	

	
    Current index:	19501	
    Magnitude of W_grad:	2.412	
    Magnitude of W:	23091.914307937	
    Magnitude of B_grad:	0.048	
    Magnitude of b:	1.4324419856022	

	
    Current index:	29501	
    Magnitude of W_grad:	5.3639999999999	
    Magnitude of W:	23087.205391387	
    Magnitude of B_grad:	0.332	
    Magnitude of b:	1.4322996675385	

	
    Current index:	39501	
    Magnitude of W_grad:	3.444	
    Magnitude of W:	23082.651492806	
    Magnitude of B_grad:	0.028	
    Magnitude of b:	1.4321573636147	

	
    Current index:	49501	
    Magnitude of W_grad:	3.236	
    Magnitude of W:	23077.971530476	
    Magnitude of B_grad:	0.056	
    Magnitude of b:	1.4320150738292	

	
SGD: Hinge Loss is	
72732.754761529	
SGD: Validation Accuracy is:	
0.75371132176713	
SGD: Magnitude of W:	
23077.764001996	
SGD: Magnitude of b:	
1.432007959711	
    Current index:	9501	
    Magnitude of W_grad:	3.404	
    Magnitude of W:	23073.96136343	
    Magnitude of B_grad:	0.096	
    Magnitude of b:	1.4318656847694	

	
    Current index:	19501	
    Magnitude of W_grad:	2.376	
    Magnitude of W:	23070.000784275	
    Magnitude of B_grad:	0.044	
    Magnitude of b:	1.4317234239632	

	
    Current index:	29501	
    Magnitude of W_grad:	5.3279999999999	
    Magnitude of W:	23065.274092595	
    Magnitude of B_grad:	0.324	
    Magnitude of b:	1.4315811772911	

	
    Current index:	39501	
    Magnitude of W_grad:	3.288	
    Magnitude of W:	23060.721598652	
    Magnitude of B_grad:	0.02	
    Magnitude of b:	1.4314389447518	

	
    Current index:	49501	
    Magnitude of W_grad:	3.172	
    Magnitude of W:	23056.085196147	
    Magnitude of B_grad:	0.048	
    Magnitude of b:	1.4312967263437	

	
SGD: Hinge Loss is	
72042.912560987	
SGD: Validation Accuracy is:	
0.7544267572885	
SGD: Magnitude of W:	
23055.892247523	
SGD: Magnitude of b:	
1.4312896157942	
    Current index:	9501	
    Magnitude of W_grad:	3.784	
    Magnitude of W:	23052.177341359	
    Magnitude of B_grad:	0.116	
    Magnitude of b:	1.4311474122225	

	
    Current index:	19501	
    Magnitude of W_grad:	2.368	
    Magnitude of W:	23048.237033335	
    Magnitude of B_grad:	0.052	
    Magnitude of b:	1.4310052227792	

	
    Current index:	29501	
    Magnitude of W_grad:	5.3439999999999	
    Magnitude of W:	23043.58989611	
    Magnitude of B_grad:	0.328	
    Magnitude of b:	1.4308630474629	

	
    Current index:	39501	
    Magnitude of W_grad:	3.284	
    Magnitude of W:	23039.052767767	
    Magnitude of B_grad:	0.028	
    Magnitude of b:	1.4307208862722	

	
    Current index:	49501	
    Magnitude of W_grad:	3.072	
    Magnitude of W:	23034.489449184	
    Magnitude of B_grad:	0.052	
    Magnitude of b:	1.4305787392058	

	
SGD: Hinge Loss is	
71482.03532522	
SGD: Validation Accuracy is:	
0.75389018064747	
SGD: Magnitude of W:	
23034.294520618	
SGD: Magnitude of b:	
1.4305716322232	
    Current index:	9501	
    Magnitude of W_grad:	3.324	
    Magnitude of W:	23030.690147357	
    Magnitude of B_grad:	0.092	
    Magnitude of b:	1.4304294999856	

	
    Current index:	19501	
    Magnitude of W_grad:	2.44	
    Magnitude of W:	23026.797464348	
    Magnitude of B_grad:	0.06	
    Magnitude of b:	1.4302873818694	

	
    Current index:	29501	
    Magnitude of W_grad:	5.3479999999999	
    Magnitude of W:	23022.251372243	
    Magnitude of B_grad:	0.328	
    Magnitude of b:	1.4301452778731	

	
    Current index:	39501	
    Magnitude of W_grad:	3.244	
    Magnitude of W:	23017.792624669	
    Magnitude of B_grad:	0.004	
    Magnitude of b:	1.4300031879953	

	
    Current index:	49501	
    Magnitude of W_grad:	3.144	
    Magnitude of W:	23013.347347902	
    Magnitude of B_grad:	0.048	
    Magnitude of b:	1.4298611122346	

	
SGD: Hinge Loss is	
70796.279905031	
SGD: Validation Accuracy is:	
0.75299588624575	
SGD: Magnitude of W:	
23013.1579389	
SGD: Magnitude of b:	
1.4298540088171	
    Current index:	9501	
    Magnitude of W_grad:	3.312	
    Magnitude of W:	23009.654171922	
    Magnitude of B_grad:	0.088	
    Magnitude of b:	1.4297119478779	

	
    Current index:	19501	
    Magnitude of W_grad:	2.368	
    Magnitude of W:	23005.848552505	
    Magnitude of B_grad:	0.052	
    Magnitude of b:	1.429569901053	

	
    Current index:	29501	
    Magnitude of W_grad:	5.2639999999999	
    Magnitude of W:	23001.300275597	
    Magnitude of B_grad:	0.32	
    Magnitude of b:	1.4294278683408	

	
    Current index:	39501	
    Magnitude of W_grad:	3.244	
    Magnitude of W:	22996.939026044	
    Magnitude of B_grad:	0.012	
    Magnitude of b:	1.4292858497402	

	
    Current index:	49501	
    Magnitude of W_grad:	3.036	
    Magnitude of W:	22992.517233573	
    Magnitude of B_grad:	0.056	
    Magnitude of b:	1.4291438452495	

	
SGD: Hinge Loss is	
70321.459950562	
SGD: Validation Accuracy is:	
0.75406903952781	
SGD: Magnitude of W:	
22992.322513522	
SGD: Magnitude of b:	
1.4291367453954	
    Current index:	9501	
    Magnitude of W_grad:	3.212	
    Magnitude of W:	22988.849531842	
    Magnitude of B_grad:	0.088	
    Magnitude of b:	1.4289947557188	

	
    Current index:	19501	
    Magnitude of W_grad:	2.368	
    Magnitude of W:	22985.02758614	
    Magnitude of B_grad:	0.052	
    Magnitude of b:	1.4288527801493	

	
    Current index:	29501	
    Magnitude of W_grad:	5.3319999999999	
    Magnitude of W:	22980.509078828	
    Magnitude of B_grad:	0.328	
    Magnitude of b:	1.4287108186857	

	
    Current index:	39501	
    Magnitude of W_grad:	3.38	
    Magnitude of W:	22976.209873247	
    Magnitude of B_grad:	0.012	
    Magnitude of b:	1.4285688713263	

	
    Current index:	49501	
    Magnitude of W_grad:	3.056	
    Magnitude of W:	22971.818292986	
    Magnitude of B_grad:	0.052	
    Magnitude of b:	1.42842693807	

	
SGD: Hinge Loss is	
69730.269311765	
SGD: Validation Accuracy is:	
0.75496333392953	
SGD: Magnitude of W:	
22971.620932529	
SGD: Magnitude of b:	
1.4284198417774	
    Current index:	9501	
    Magnitude of W_grad:	3.252	
    Magnitude of W:	22968.229749752	
    Magnitude of B_grad:	0.096	
    Magnitude of b:	1.4282779233276	

	
    Current index:	19501	
    Magnitude of W_grad:	2.368	
    Magnitude of W:	22964.509821583	
    Magnitude of B_grad:	0.052	
    Magnitude of b:	1.4281360189779	

	
    Current index:	29501	
    Magnitude of W_grad:	5.3719999999999	
    Magnitude of W:	22960.008379199	
    Magnitude of B_grad:	0.336	
    Magnitude of b:	1.427994128727	

	
    Current index:	39501	
    Magnitude of W_grad:	3.468	
    Magnitude of W:	22955.725535481	
    Magnitude of B_grad:	0.02	
    Magnitude of b:	1.4278522525733	

	
    Current index:	49501	
    Magnitude of W_grad:	3.176	
    Magnitude of W:	22951.383346119	
    Magnitude of B_grad:	0.052	
    Magnitude of b:	1.4277103905155	

	
SGD: Hinge Loss is	
69150.569758349	
SGD: Validation Accuracy is:	
0.75424789840816	
SGD: Magnitude of W:	
22951.188830417	
SGD: Magnitude of b:	
1.4277032977826	
    Current index:	9501	
    Magnitude of W_grad:	3.284	
    Magnitude of W:	22947.83007513	
    Magnitude of B_grad:	0.104	
    Magnitude of b:	1.427561450524	

	
    Current index:	19501	
    Magnitude of W_grad:	2.412	
    Magnitude of W:	22944.10167753	
    Magnitude of B_grad:	0.056	
    Magnitude of b:	1.4274196173584	

	
    Current index:	29501	
    Magnitude of W_grad:	5.3119999999999	
    Magnitude of W:	22939.700215479	
    Magnitude of B_grad:	0.324	
    Magnitude of b:	1.4272777982844	

	
    Current index:	39501	
    Magnitude of W_grad:	3.412	
    Magnitude of W:	22935.466316029	
    Magnitude of B_grad:	0.012	
    Magnitude of b:	1.4271359933006	

	
    Current index:	49501	
    Magnitude of W_grad:	3.06	
    Magnitude of W:	22931.13329974	
    Magnitude of B_grad:	0.052	
    Magnitude of b:	1.4269942024056	

	
SGD: Hinge Loss is	
68827.445689643	
SGD: Validation Accuracy is:	
0.75496333392953	
SGD: Magnitude of W:	
22930.935788664	
SGD: Magnitude of b:	
1.4269871132307	
    Current index:	9501	
    Magnitude of W_grad:	3.272	
    Magnitude of W:	22927.690086682	
    Magnitude of B_grad:	0.104	
    Magnitude of b:	1.4268453371275	

	
    Current index:	19501	
    Magnitude of W_grad:	2.368	
    Magnitude of W:	22924.037179544	
    Magnitude of B_grad:	0.052	
    Magnitude of b:	1.4267035751102	

	
    Current index:	29501	
    Magnitude of W_grad:	5.3759999999999	
    Magnitude of W:	22919.687249805	
    Magnitude of B_grad:	0.336	
    Magnitude of b:	1.4265618271775	

	
    Current index:	39501	
    Magnitude of W_grad:	3.308	
    Magnitude of W:	22915.420014705	
    Magnitude of B_grad:	0	
    Magnitude of b:	1.4264200933279	

	
    Current index:	49501	
    Magnitude of W_grad:	2.96	
    Magnitude of W:	22911.158680536	
    Magnitude of B_grad:	0.064	
    Magnitude of b:	1.4262783735601	

	
SGD: Hinge Loss is	
68430.951722366	
SGD: Validation Accuracy is:	
0.75585762833125	
SGD: Magnitude of W:	
22910.961268692	
SGD: Magnitude of b:	
1.4262712879413	
    Current index:	9501	
    Magnitude of W_grad:	3.556	
    Magnitude of W:	22907.7999885	
    Magnitude of B_grad:	0.132	
    Magnitude of b:	1.4261295829578	

	
    Current index:	19501	
    Magnitude of W_grad:	2.456	
    Magnitude of W:	22904.142418883	
    Magnitude of B_grad:	0.068	
    Magnitude of b:	1.4259878920532	

	
    Current index:	29501	
    Magnitude of W_grad:	5.4479999999999	
    Magnitude of W:	22899.793994282	
    Magnitude of B_grad:	0.344	
    Magnitude of b:	1.425846215226	

	
    Current index:	39501	
    Magnitude of W_grad:	3.296	
    Magnitude of W:	22895.573749464	
    Magnitude of B_grad:	0	
    Magnitude of b:	1.425704552475	

	
    Current index:	49501	
    Magnitude of W_grad:	2.888	
    Magnitude of W:	22891.313185948	
    Magnitude of B_grad:	0.044	
    Magnitude of b:	1.4255629037986	

	
SGD: Hinge Loss is	
67520.621505587	
SGD: Validation Accuracy is:	
0.75549991057056	
SGD: Magnitude of W:	
22891.115872695	
SGD: Magnitude of b:	
1.4255558217342	
    Current index:	9501	
    Magnitude of W_grad:	3.172	
    Magnitude of W:	22887.960839485	
    Magnitude of B_grad:	0.108	
    Magnitude of b:	1.4254141878348	

	
    Current index:	19501	
    Magnitude of W_grad:	2.308	
    Magnitude of W:	22884.387291006	
    Magnitude of B_grad:	0.048	
    Magnitude of b:	1.4252725680071	

	
    Current index:	29501	
    Magnitude of W_grad:	5.3879999999999	
    Magnitude of W:	22880.119279422	
    Magnitude of B_grad:	0.34	
    Magnitude of b:	1.4251309622499	

	
    Current index:	39501	
    Magnitude of W_grad:	3.268	
    Magnitude of W:	22875.936252658	
    Magnitude of B_grad:	0	
    Magnitude of b:	1.4249893705617	

	
    Current index:	49501	
    Magnitude of W_grad:	2.792	
    Magnitude of W:	22871.680316332	
    Magnitude of B_grad:	0.032	
    Magnitude of b:	1.4248477929412	

	
SGD: Hinge Loss is	
67069.699922874	
SGD: Validation Accuracy is:	
0.75585762833125	
SGD: Magnitude of W:	
22871.484030795	
SGD: Magnitude of b:	
1.4248407144294	
    Current index:	9501	
    Magnitude of W_grad:	3.14	
    Magnitude of W:	22868.343261383	
    Magnitude of B_grad:	0.104	
    Magnitude of b:	1.4246991515783	

	
    Current index:	19501	
    Magnitude of W_grad:	2.376	
    Magnitude of W:	22864.794700026	
    Magnitude of B_grad:	0.06	
    Magnitude of b:	1.424557602792	

	
    Current index:	29501	
    Magnitude of W_grad:	5.3639999999999	
    Magnitude of W:	22860.598312882	
    Magnitude of B_grad:	0.34	
    Magnitude of b:	1.424416068069	

	
    Current index:	39501	
    Magnitude of W_grad:	3.484	
    Magnitude of W:	22856.489550735	
    Magnitude of B_grad:	0.032	
    Magnitude of b:	1.4242745474081	

	
    Current index:	49501	
    Magnitude of W_grad:	2.728	
    Magnitude of W:	22852.20764399	
    Magnitude of B_grad:	0.044	
    Magnitude of b:	1.4241330408076	

	
SGD: Hinge Loss is	
66893.874310605	
SGD: Validation Accuracy is:	
0.7556787694509	
SGD: Magnitude of W:	
22852.012992833	
SGD: Magnitude of b:	
1.4241259658467	
    Current index:	9501	
    Magnitude of W_grad:	3.208	
    Magnitude of W:	22848.898793844	
    Magnitude of B_grad:	0.112	
    Magnitude of b:	1.4239844740083	

	
    Current index:	19501	
    Magnitude of W_grad:	2.376	
    Magnitude of W:	22845.469285221	
    Magnitude of B_grad:	0.06	
    Magnitude of b:	1.4238429962277	

	
    Current index:	29501	
    Magnitude of W_grad:	5.3319999999999	
    Magnitude of W:	22841.315426533	
    Magnitude of B_grad:	0.332	
    Magnitude of b:	1.4237015325034	

	
    Current index:	39501	
    Magnitude of W_grad:	3.26	
    Magnitude of W:	22837.226796043	
    Magnitude of B_grad:	0.008	
    Magnitude of b:	1.423560082834	

	
    Current index:	49501	
    Magnitude of W_grad:	2.768	
    Magnitude of W:	22833.013423823	
    Magnitude of B_grad:	0.048	
    Magnitude of b:	1.4234186472181	

	
SGD: Hinge Loss is	
66415.835455829	
SGD: Validation Accuracy is:	
0.75549991057056	
SGD: Magnitude of W:	
22832.817964815	
SGD: Magnitude of b:	
1.4234115758062	
    Current index:	9501	
    Magnitude of W_grad:	3.04	
    Magnitude of W:	22829.697000455	
    Magnitude of B_grad:	0.088	
    Magnitude of b:	1.423270154945	

	
    Current index:	19501	
    Magnitude of W_grad:	2.308	
    Magnitude of W:	22826.244229796	
    Magnitude of B_grad:	0.056	
    Magnitude of b:	1.4231287481344	

	
    Current index:	29501	
    Magnitude of W_grad:	5.2919999999999	
    Magnitude of W:	22822.120550497	
    Magnitude of B_grad:	0.336	
    Magnitude of b:	1.4229873553731	

	
    Current index:	39501	
    Magnitude of W_grad:	3.488	
    Magnitude of W:	22818.065288437	
    Magnitude of B_grad:	0.024	
    Magnitude of b:	1.4228459766597	

	
    Current index:	49501	
    Magnitude of W_grad:	2.764	
    Magnitude of W:	22813.822252507	
    Magnitude of B_grad:	0.032	
    Magnitude of b:	1.4227046119927	

	
SGD: Hinge Loss is	
65536.987960901	
SGD: Validation Accuracy is:	
0.75496333392953	
SGD: Magnitude of W:	
22813.624889136	
SGD: Magnitude of b:	
1.422697544128	
    Current index:	9501	
    Magnitude of W_grad:	3.044	
    Magnitude of W:	22810.507157038	
    Magnitude of B_grad:	0.092	
    Magnitude of b:	1.4225561942083	

	
    Current index:	19501	
    Magnitude of W_grad:	2.428	
    Magnitude of W:	22807.10991939	
    Magnitude of B_grad:	0.064	
    Magnitude of b:	1.4224148583322	

	
    Current index:	29501	
    Magnitude of W_grad:	5.4639999999999	
    Magnitude of W:	22803.01521129	
    Magnitude of B_grad:	0.348	
    Magnitude of b:	1.4222735364984	

	
    Current index:	39501	
    Magnitude of W_grad:	3.26	
    Magnitude of W:	22798.947062515	
    Magnitude of B_grad:	0.008	
    Magnitude of b:	1.4221322287053	

	
    Current index:	49501	
    Magnitude of W_grad:	2.724	
    Magnitude of W:	22794.751389211	
    Magnitude of B_grad:	0.04	
    Magnitude of b:	1.4219909349516	

	
SGD: Hinge Loss is	
65394.621527082	
SGD: Validation Accuracy is:	
0.75460561616884	
SGD: Magnitude of W:	
22794.548363717	
SGD: Magnitude of b:	
1.4219838706325	
    Current index:	9501	
    Magnitude of W_grad:	3.096	
    Magnitude of W:	22791.422535024	
    Magnitude of B_grad:	0.096	
    Magnitude of b:	1.4218425916187	

	
    Current index:	19501	
    Magnitude of W_grad:	2.232	
    Magnitude of W:	22787.990494762	
    Magnitude of B_grad:	0.036	
    Magnitude of b:	1.4217013266415	

	
    Current index:	29501	
    Magnitude of W_grad:	5.4639999999999	
    Magnitude of W:	22783.954721868	
    Magnitude of B_grad:	0.356	
    Magnitude of b:	1.4215600756995	

	
    Current index:	39501	
    Magnitude of W_grad:	3.168	
    Magnitude of W:	22779.918474637	
    Magnitude of B_grad:	0.008	
    Magnitude of b:	1.4214188387912	

	
    Current index:	49501	
    Magnitude of W_grad:	2.692	
    Magnitude of W:	22775.743133476	
    Magnitude of B_grad:	0.04	
    Magnitude of b:	1.4212776159153	

	
Done.	
Testing on validation set...	
Done	
Datafile:	/n/home09/ankitgupta/CS287/HW1/SST2-uni-sent.hdf5	Classifier:	hinge	Alpha:	0	Eta:	0.5	Lambda:	0.5	Minibatch size:	500	Num Epochs:	50	Minimum Sentence Length:	5	
Accuracy:	0.75353246288678	
