[?1034hDatafile:	/n/home09/ankitgupta/CS287/HW1/MPQA-uni-sent-syns.hdf5	Classifier:	hinge	Alpha:	0	Eta:	0.5	Lambda:	1	Minibatch size:	500	Num Epochs:	50	Minimum Sentence Length:	5	
Note that not all parameters may apply to all classifiers	
Loading datafiles...	
Number of training samples before removing small sentences	10606	
Number of training samples after removing small sentences	9612	
Done.	
Training classifier...	
Parameters are:	
Eta:	
0.5	
Lambda:	
1	
Minibatch size:	
500	
Number of Epochs	
50	
SGD: Hinge Loss is	
71635.275218375	
SGD: Validation Accuracy is:	
0.29136316337149	
SGD: Magnitude of W:	
39778.643362835	
SGD: Magnitude of b:	
1.952944529141	
SGD: Hinge Loss is	
73507.406359952	
SGD: Validation Accuracy is:	
0.48803329864724	
SGD: Magnitude of W:	
39724.522162193	
SGD: Magnitude of b:	
1.9509135617917	
SGD: Hinge Loss is	
73150.577030339	
SGD: Validation Accuracy is:	
0.54214360041623	
SGD: Magnitude of W:	
39671.281228321	
SGD: Magnitude of b:	
1.9488847065498	
SGD: Hinge Loss is	
71766.398462288	
SGD: Validation Accuracy is:	
0.5681581685744	
SGD: Magnitude of W:	
39619.349768798	
SGD: Magnitude of b:	
1.9468579612186	
SGD: Hinge Loss is	
70584.63356984	
SGD: Validation Accuracy is:	
0.58792924037461	
SGD: Magnitude of W:	
39568.766893476	
SGD: Magnitude of b:	
1.944833323604	
SGD: Hinge Loss is	
69554.233843329	
SGD: Validation Accuracy is:	
0.61498439125911	
SGD: Magnitude of W:	
39518.874884182	
SGD: Magnitude of b:	
1.9428107915141	
SGD: Hinge Loss is	
68674.023442116	
SGD: Validation Accuracy is:	
0.62434963579605	
SGD: Magnitude of W:	
39469.360259852	
SGD: Magnitude of b:	
1.9407903627593	
SGD: Hinge Loss is	
67720.911667357	
SGD: Validation Accuracy is:	
0.63475546305931	
SGD: Magnitude of W:	
39420.387756332	
SGD: Magnitude of b:	
1.9387720351521	
SGD: Hinge Loss is	
67108.42445205	
SGD: Validation Accuracy is:	
0.63579604578564	
SGD: Magnitude of W:	
39372.19462724	
SGD: Magnitude of b:	
1.9367558065074	
SGD: Hinge Loss is	
66403.218431908	
SGD: Validation Accuracy is:	
0.63683662851197	
SGD: Magnitude of W:	
39324.394960454	
SGD: Magnitude of b:	
1.9347416746425	
SGD: Hinge Loss is	
65557.002223516	
SGD: Validation Accuracy is:	
0.64828303850156	
SGD: Magnitude of W:	
39277.084187735	
SGD: Magnitude of b:	
1.9327296373769	
SGD: Hinge Loss is	
65166.32815325	
SGD: Validation Accuracy is:	
0.64620187304891	
SGD: Magnitude of W:	
39230.08149502	
SGD: Magnitude of b:	
1.9307196925321	
SGD: Hinge Loss is	
64547.897327315	
SGD: Validation Accuracy is:	
0.64516129032258	
SGD: Magnitude of W:	
39183.38671813	
SGD: Magnitude of b:	
1.9287118379323	
SGD: Hinge Loss is	
64175.282205341	
SGD: Validation Accuracy is:	
0.65140478668054	
SGD: Magnitude of W:	
39136.856928105	
SGD: Magnitude of b:	
1.9267060714036	
SGD: Hinge Loss is	
63491.604738958	
SGD: Validation Accuracy is:	
0.65036420395421	
SGD: Magnitude of W:	
39090.615237848	
SGD: Magnitude of b:	
1.9247023907745	
SGD: Hinge Loss is	
63106.41505237	
SGD: Validation Accuracy is:	
0.65140478668054	
SGD: Magnitude of W:	
39044.563525277	
SGD: Magnitude of b:	
1.9227007938759	
SGD: Hinge Loss is	
62671.603032051	
SGD: Validation Accuracy is:	
0.66493236212279	
SGD: Magnitude of W:	
38998.731414641	
SGD: Magnitude of b:	
1.9207012785408	
SGD: Hinge Loss is	
62262.579750252	
SGD: Validation Accuracy is:	
0.66805411030177	
SGD: Magnitude of W:	
38953.109998378	
SGD: Magnitude of b:	
1.9187038426043	
SGD: Hinge Loss is	
61984.409913613	
SGD: Validation Accuracy is:	
0.67221644120708	
SGD: Magnitude of W:	
38907.649157709	
SGD: Magnitude of b:	
1.9167084839041	
SGD: Hinge Loss is	
61451.245445022	
SGD: Validation Accuracy is:	
0.66701352757544	
SGD: Magnitude of W:	
38862.257284327	
SGD: Magnitude of b:	
1.91471520028	
SGD: Hinge Loss is	
60982.099153986	
SGD: Validation Accuracy is:	
0.66701352757544	
SGD: Magnitude of W:	
38816.920488887	
SGD: Magnitude of b:	
1.9127239895738	
SGD: Hinge Loss is	
60748.095296605	
SGD: Validation Accuracy is:	
0.67637877211238	
SGD: Magnitude of W:	
38771.829950413	
SGD: Magnitude of b:	
1.91073484963	
SGD: Hinge Loss is	
60396.004441696	
SGD: Validation Accuracy is:	
0.67429760665973	
SGD: Magnitude of W:	
38726.864720961	
SGD: Magnitude of b:	
1.908747778295	
SGD: Hinge Loss is	
60025.382730878	
SGD: Validation Accuracy is:	
0.67533818938606	
SGD: Magnitude of W:	
38682.113894286	
SGD: Magnitude of b:	
1.9067627734176	
SGD: Hinge Loss is	
59570.59678481	
SGD: Validation Accuracy is:	
0.67221644120708	
SGD: Magnitude of W:	
38637.55394905	
SGD: Magnitude of b:	
1.9047798328488	
SGD: Hinge Loss is	
59184.507146815	
SGD: Validation Accuracy is:	
0.6732570239334	
SGD: Magnitude of W:	
38593.116445509	
SGD: Magnitude of b:	
1.9027989544417	
SGD: Hinge Loss is	
58847.475433336	
SGD: Validation Accuracy is:	
0.684703433923	
SGD: Magnitude of W:	
38548.824115844	
SGD: Magnitude of b:	
1.9008201360518	
SGD: Hinge Loss is	
58495.051755427	
SGD: Validation Accuracy is:	
0.68678459937565	
SGD: Magnitude of W:	
38504.619896031	
SGD: Magnitude of b:	
1.8988433755368	
SGD: Hinge Loss is	
58276.232912262	
SGD: Validation Accuracy is:	
0.69927159209157	
SGD: Magnitude of W:	
38460.539405111	
SGD: Magnitude of b:	
1.8968686707567	
SGD: Hinge Loss is	
57964.623467605	
SGD: Validation Accuracy is:	
0.7003121748179	
SGD: Magnitude of W:	
38416.64227067	
SGD: Magnitude of b:	
1.8948960195735	
SGD: Hinge Loss is	
57705.336050676	
SGD: Validation Accuracy is:	
0.70239334027055	
SGD: Magnitude of W:	
38372.926970061	
SGD: Magnitude of b:	
1.8929254198516	
SGD: Hinge Loss is	
57447.130511494	
SGD: Validation Accuracy is:	
0.70239334027055	
SGD: Magnitude of W:	
38329.311747363	
SGD: Magnitude of b:	
1.8909568694576	
SGD: Hinge Loss is	
57252.003385081	
SGD: Validation Accuracy is:	
0.70967741935484	
SGD: Magnitude of W:	
38285.853255408	
SGD: Magnitude of b:	
1.8889903662603	
SGD: Hinge Loss is	
56838.958944862	
SGD: Validation Accuracy is:	
0.70967741935484	
SGD: Magnitude of W:	
38242.358498449	
SGD: Magnitude of b:	
1.8870259081307	
SGD: Hinge Loss is	
56656.260341587	
SGD: Validation Accuracy is:	
0.70863683662851	
SGD: Magnitude of W:	
38198.934190931	
SGD: Magnitude of b:	
1.885063492942	
SGD: Hinge Loss is	
56360.917830239	
SGD: Validation Accuracy is:	
0.70759625390219	
SGD: Magnitude of W:	
38155.627615706	
SGD: Magnitude of b:	
1.8831031185698	
SGD: Hinge Loss is	
56161.94211124	
SGD: Validation Accuracy is:	
0.71279916753382	
SGD: Magnitude of W:	
38112.4881289	
SGD: Magnitude of b:	
1.8811447828915	
SGD: Hinge Loss is	
56046.869053836	
SGD: Validation Accuracy is:	
0.7159209157128	
SGD: Magnitude of W:	
38069.465313258	
SGD: Magnitude of b:	
1.8791884837871	
SGD: Hinge Loss is	
55680.378512383	
SGD: Validation Accuracy is:	
0.71383975026015	
SGD: Magnitude of W:	
38026.505837753	
SGD: Magnitude of b:	
1.8772342191387	
SGD: Hinge Loss is	
55504.039498508	
SGD: Validation Accuracy is:	
0.71904266389178	
SGD: Magnitude of W:	
37983.682056467	
SGD: Magnitude of b:	
1.8752819868304	
SGD: Hinge Loss is	
55312.265472531	
SGD: Validation Accuracy is:	
0.71800208116545	
SGD: Magnitude of W:	
37940.956363463	
SGD: Magnitude of b:	
1.8733317847489	
SGD: Hinge Loss is	
55020.305931914	
SGD: Validation Accuracy is:	
0.72112382934443	
SGD: Magnitude of W:	
37898.440579697	
SGD: Magnitude of b:	
1.8713836107827	
SGD: Hinge Loss is	
54790.617086697	
SGD: Validation Accuracy is:	
0.72320499479709	
SGD: Magnitude of W:	
37856.067129699	
SGD: Magnitude of b:	
1.8694374628226	
SGD: Hinge Loss is	
54634.231507557	
SGD: Validation Accuracy is:	
0.72320499479709	
SGD: Magnitude of W:	
37813.708337809	
SGD: Magnitude of b:	
1.8674933387619	
SGD: Hinge Loss is	
54396.961161443	
SGD: Validation Accuracy is:	
0.72424557752341	
SGD: Magnitude of W:	
37771.521586573	
SGD: Magnitude of b:	
1.8655512364956	
SGD: Hinge Loss is	
54115.06200778	
SGD: Validation Accuracy is:	
0.72424557752341	
SGD: Magnitude of W:	
37729.34090959	
SGD: Magnitude of b:	
1.8636111539212	
SGD: Hinge Loss is	
53928.393814549	
SGD: Validation Accuracy is:	
0.72944849115505	
SGD: Magnitude of W:	
37687.311066745	
SGD: Magnitude of b:	
1.8616730889384	
SGD: Hinge Loss is	
53689.08826836	
SGD: Validation Accuracy is:	
0.72944849115505	
SGD: Magnitude of W:	
37645.322137776	
SGD: Magnitude of b:	
1.8597370394489	
SGD: Hinge Loss is	
53472.137889842	
SGD: Validation Accuracy is:	
0.72944849115505	
SGD: Magnitude of W:	
37603.550052428	
SGD: Magnitude of b:	
1.8578030033568	
SGD: Hinge Loss is	
53275.039320888	
SGD: Validation Accuracy is:	
0.72840790842872	
SGD: Magnitude of W:	
37561.776996898	
SGD: Magnitude of b:	
1.8558709785681	
Done.	
Testing on validation set...	
Done	
Datafile:	/n/home09/ankitgupta/CS287/HW1/MPQA-uni-sent-syns.hdf5	Classifier:	hinge	Alpha:	0	Eta:	0.5	Lambda:	1	Minibatch size:	500	Num Epochs:	50	Minimum Sentence Length:	5	
Accuracy:	0.72736732570239	
