[?1034hDatafile:	/n/home09/ankitgupta/CS287/HW1/SUBJ-uni-sent.hdf5	Classifier:	hinge	Alpha:	0	Eta:	1	Lambda:	1	Minibatch size:	500	Num Epochs:	50	Minimum Sentence Length:	5	
Note that not all parameters may apply to all classifiers	
Loading datafiles...	
Number of training samples before removing small sentences	10000	
Number of training samples after removing small sentences	10000	
Done.	
Training classifier...	
Parameters are:	
Eta:	
1	
Lambda:	
1	
Minibatch size:	
500	
Number of Epochs	
50	
SGD: Hinge Loss is	
73498.15447329	
SGD: Validation Accuracy is:	
0.441	
SGD: Magnitude of W:	
35502.045291751	
SGD: Magnitude of b:	
1.9605670303948	
SGD: Hinge Loss is	
95085.730834174	
SGD: Validation Accuracy is:	
0.949	
SGD: Magnitude of W:	
35415.005867972	
SGD: Magnitude of b:	
4.115110811543	
SGD: Hinge Loss is	
87162.269929286	
SGD: Validation Accuracy is:	
0.952	
SGD: Magnitude of W:	
35331.637422537	
SGD: Magnitude of b:	
3.4334797102784	
SGD: Hinge Loss is	
81455.597710978	
SGD: Validation Accuracy is:	
0.952	
SGD: Magnitude of W:	
35251.526789433	
SGD: Magnitude of b:	
2.8726284938743	
SGD: Hinge Loss is	
77832.755978581	
SGD: Validation Accuracy is:	
0.958	
SGD: Magnitude of W:	
35172.868693529	
SGD: Magnitude of b:	
2.4724423514333	
SGD: Hinge Loss is	
74922.817357516	
SGD: Validation Accuracy is:	
0.958	
SGD: Magnitude of W:	
35094.681378121	
SGD: Magnitude of b:	
2.1248160838917	
SGD: Hinge Loss is	
72277.277396635	
SGD: Validation Accuracy is:	
0.959	
SGD: Magnitude of W:	
35017.355808225	
SGD: Magnitude of b:	
1.8056988391968	
SGD: Hinge Loss is	
70095.506177191	
SGD: Validation Accuracy is:	
0.959	
SGD: Magnitude of W:	
34940.456697892	
SGD: Magnitude of b:	
1.7137642358254	
SGD: Hinge Loss is	
68091.062511972	
SGD: Validation Accuracy is:	
0.958	
SGD: Magnitude of W:	
34863.701817228	
SGD: Magnitude of b:	
1.7103399425465	
SGD: Hinge Loss is	
66623.907332355	
SGD: Validation Accuracy is:	
0.955	
SGD: Magnitude of W:	
34787.281202511	
SGD: Magnitude of b:	
1.7069224913899	
SGD: Hinge Loss is	
65176.150295897	
SGD: Validation Accuracy is:	
0.954	
SGD: Magnitude of W:	
34711.463723723	
SGD: Magnitude of b:	
1.7035118686842	
SGD: Hinge Loss is	
63916.491358469	
SGD: Validation Accuracy is:	
0.954	
SGD: Magnitude of W:	
34635.866249493	
SGD: Magnitude of b:	
1.7001080607854	
SGD: Hinge Loss is	
62802.639431009	
SGD: Validation Accuracy is:	
0.954	
SGD: Magnitude of W:	
34560.343331672	
SGD: Magnitude of b:	
1.6967110540769	
SGD: Hinge Loss is	
61795.415718938	
SGD: Validation Accuracy is:	
0.952	
SGD: Magnitude of W:	
34485.123684349	
SGD: Magnitude of b:	
1.693320834969	
SGD: Hinge Loss is	
60876.91687135	
SGD: Validation Accuracy is:	
0.953	
SGD: Magnitude of W:	
34410.19272176	
SGD: Magnitude of b:	
1.6899373898993	
SGD: Hinge Loss is	
60151.685036845	
SGD: Validation Accuracy is:	
0.953	
SGD: Magnitude of W:	
34335.526103098	
SGD: Magnitude of b:	
1.6865607053327	
SGD: Hinge Loss is	
59347.542687918	
SGD: Validation Accuracy is:	
0.953	
SGD: Magnitude of W:	
34261.231784875	
SGD: Magnitude of b:	
1.6831907677607	
SGD: Hinge Loss is	
58734.112161083	
SGD: Validation Accuracy is:	
0.954	
SGD: Magnitude of W:	
34187.259888022	
SGD: Magnitude of b:	
1.6798275637023	
SGD: Hinge Loss is	
58054.197590085	
SGD: Validation Accuracy is:	
0.953	
SGD: Magnitude of W:	
34113.65582464	
SGD: Magnitude of b:	
1.676471079703	
SGD: Hinge Loss is	
57578.957173957	
SGD: Validation Accuracy is:	
0.954	
SGD: Magnitude of W:	
34040.310360857	
SGD: Magnitude of b:	
1.6731213023354	
SGD: Hinge Loss is	
56939.597241233	
SGD: Validation Accuracy is:	
0.953	
SGD: Magnitude of W:	
33967.147791662	
SGD: Magnitude of b:	
1.669778218199	
SGD: Hinge Loss is	
56376.795976481	
SGD: Validation Accuracy is:	
0.95	
SGD: Magnitude of W:	
33894.258609877	
SGD: Magnitude of b:	
1.6664418139198	
SGD: Hinge Loss is	
55831.603547877	
SGD: Validation Accuracy is:	
0.949	
SGD: Magnitude of W:	
33821.618609654	
SGD: Magnitude of b:	
1.6631120761509	
SGD: Hinge Loss is	
55372.386186919	
SGD: Validation Accuracy is:	
0.948	
SGD: Magnitude of W:	
33749.351234471	
SGD: Magnitude of b:	
1.6597889915717	
SGD: Hinge Loss is	
54970.645600733	
SGD: Validation Accuracy is:	
0.949	
SGD: Magnitude of W:	
33677.399630251	
SGD: Magnitude of b:	
1.6564725468884	
SGD: Hinge Loss is	
54475.674320969	
SGD: Validation Accuracy is:	
0.949	
SGD: Magnitude of W:	
33605.631178824	
SGD: Magnitude of b:	
1.6531627288338	
SGD: Hinge Loss is	
53984.116040276	
SGD: Validation Accuracy is:	
0.949	
SGD: Magnitude of W:	
33534.215688268	
SGD: Magnitude of b:	
1.6498595241672	
SGD: Hinge Loss is	
53598.975715443	
SGD: Validation Accuracy is:	
0.949	
SGD: Magnitude of W:	
33463.104216918	
SGD: Magnitude of b:	
1.6465629196742	
SGD: Hinge Loss is	
53219.418340916	
SGD: Validation Accuracy is:	
0.949	
SGD: Magnitude of W:	
33392.227305137	
SGD: Magnitude of b:	
1.6432729021669	
SGD: Hinge Loss is	
52896.162120641	
SGD: Validation Accuracy is:	
0.95	
SGD: Magnitude of W:	
33321.492250052	
SGD: Magnitude of b:	
1.6399894584839	
SGD: Hinge Loss is	
52484.183070314	
SGD: Validation Accuracy is:	
0.951	
SGD: Magnitude of W:	
33251.012534797	
SGD: Magnitude of b:	
1.6367125754899	
SGD: Hinge Loss is	
52112.622992462	
SGD: Validation Accuracy is:	
0.951	
SGD: Magnitude of W:	
33180.810108712	
SGD: Magnitude of b:	
1.6334422400758	
SGD: Hinge Loss is	
51767.527684581	
SGD: Validation Accuracy is:	
0.951	
SGD: Magnitude of W:	
33110.747525507	
SGD: Magnitude of b:	
1.6301784391589	
SGD: Hinge Loss is	
51284.856876952	
SGD: Validation Accuracy is:	
0.946	
SGD: Magnitude of W:	
33041.000683247	
SGD: Magnitude of b:	
1.6269211596826	
SGD: Hinge Loss is	
50881.089767253	
SGD: Validation Accuracy is:	
0.945	
SGD: Magnitude of W:	
32971.356268099	
SGD: Magnitude of b:	
1.6236703886162	
SGD: Hinge Loss is	
50467.419556365	
SGD: Validation Accuracy is:	
0.946	
SGD: Magnitude of W:	
32902.030159871	
SGD: Magnitude of b:	
1.6204261129553	
SGD: Hinge Loss is	
50137.694055195	
SGD: Validation Accuracy is:	
0.946	
SGD: Magnitude of W:	
32832.907133343	
SGD: Magnitude of b:	
1.6171883197212	
SGD: Hinge Loss is	
49874.239283191	
SGD: Validation Accuracy is:	
0.946	
SGD: Magnitude of W:	
32764.143224315	
SGD: Magnitude of b:	
1.6139569959613	
SGD: Hinge Loss is	
49512.603858702	
SGD: Validation Accuracy is:	
0.946	
SGD: Magnitude of W:	
32695.717402249	
SGD: Magnitude of b:	
1.610732128749	
SGD: Hinge Loss is	
49240.087042175	
SGD: Validation Accuracy is:	
0.946	
SGD: Magnitude of W:	
32627.396640151	
SGD: Magnitude of b:	
1.6075137051834	
SGD: Hinge Loss is	
48894.75523795	
SGD: Validation Accuracy is:	
0.946	
SGD: Magnitude of W:	
32559.305946451	
SGD: Magnitude of b:	
1.6043017123892	
SGD: Hinge Loss is	
48437.794716947	
SGD: Validation Accuracy is:	
0.944	
SGD: Magnitude of W:	
32491.260645102	
SGD: Magnitude of b:	
1.601096137517	
SGD: Hinge Loss is	
48137.129039453	
SGD: Validation Accuracy is:	
0.945	
SGD: Magnitude of W:	
32423.523626579	
SGD: Magnitude of b:	
1.5978969677433	
SGD: Hinge Loss is	
47950.590036041	
SGD: Validation Accuracy is:	
0.947	
SGD: Magnitude of W:	
32356.067386982	
SGD: Magnitude of b:	
1.5947041902698	
SGD: Hinge Loss is	
47587.851583399	
SGD: Validation Accuracy is:	
0.947	
SGD: Magnitude of W:	
32288.759294124	
SGD: Magnitude of b:	
1.591517792324	
SGD: Hinge Loss is	
47334.963163069	
SGD: Validation Accuracy is:	
0.948	
SGD: Magnitude of W:	
32221.62709511	
SGD: Magnitude of b:	
1.5883377611589	
SGD: Hinge Loss is	
46969.732188659	
SGD: Validation Accuracy is:	
0.946	
SGD: Magnitude of W:	
32154.707020211	
SGD: Magnitude of b:	
1.585164084053	
SGD: Hinge Loss is	
46745.410865369	
SGD: Validation Accuracy is:	
0.946	
SGD: Magnitude of W:	
32087.960248297	
SGD: Magnitude of b:	
1.5819967483101	
SGD: Hinge Loss is	
46424.159308765	
SGD: Validation Accuracy is:	
0.945	
SGD: Magnitude of W:	
32021.384295707	
SGD: Magnitude of b:	
1.5788357412595	
SGD: Hinge Loss is	
46189.706414593	
SGD: Validation Accuracy is:	
0.945	
SGD: Magnitude of W:	
31955.093036219	
SGD: Magnitude of b:	
1.5756810502558	
Done.	
Testing on validation set...	
Done	
Datafile:	/n/home09/ankitgupta/CS287/HW1/SUBJ-uni-sent.hdf5	Classifier:	hinge	Alpha:	0	Eta:	1	Lambda:	1	Minibatch size:	500	Num Epochs:	50	Minimum Sentence Length:	5	
Accuracy:	0.946	
