[?1034hDatafile:	/n/home09/ankitgupta/CS287/HW1/SUBJ-uni-syns.hdf5	Classifier:	lr	Alpha:	0	Eta:	1	Lambda:	0.5	Minibatch size:	500	Num Epochs:	50	Minimum Sentence Length:	0	
Note that not all parameters may apply to all classifiers	
Loading datafiles...	
Number of training samples before removing small sentences	10000	
Number of training samples after removing small sentences	10000	
Done.	
Training classifier...	
SGD: Loss is	
	LOSS:Calculated softmax res	
79537.468886452	
SGD: crossEntropyLoss is	
79537.468886452	
SGD: Validation Accuracy is:	
0.485	
SGD: Magnitude of W:	
91001.875548281	
SGD: Magnitude of b:	
1.8319738563059	
SGD: Loss is	
	LOSS:Calculated softmax res	
132152.25767665	
SGD: crossEntropyLoss is	
132152.25767665	
SGD: Validation Accuracy is:	
0.935	
SGD: Magnitude of W:	
90888.699379378	
SGD: Magnitude of b:	
1.8319738563059	
SGD: Loss is	
	LOSS:Calculated softmax res	
112973.3489185	
SGD: crossEntropyLoss is	
112973.3489185	
SGD: Validation Accuracy is:	
0.94	
SGD: Magnitude of W:	
90775.48059142	
SGD: Magnitude of b:	
1.8319738563059	
SGD: Loss is	
	LOSS:Calculated softmax res	
99460.640901838	
SGD: crossEntropyLoss is	
99460.640901838	
SGD: Validation Accuracy is:	
0.94	
SGD: Magnitude of W:	
90667.256983296	
SGD: Magnitude of b:	
1.8319738563059	
SGD: Loss is	
	LOSS:Calculated softmax res	
89969.943524768	
SGD: crossEntropyLoss is	
89969.943524768	
SGD: Validation Accuracy is:	
0.947	
SGD: Magnitude of W:	
90562.461740225	
SGD: Magnitude of b:	
1.8319738563059	
SGD: Loss is	
	LOSS:Calculated softmax res	
83128.182904648	
SGD: crossEntropyLoss is	
83128.182904648	
SGD: Validation Accuracy is:	
0.943	
SGD: Magnitude of W:	
90460.108507081	
SGD: Magnitude of b:	
1.8319738563059	
SGD: Loss is	
	LOSS:Calculated softmax res	
78037.046232481	
SGD: crossEntropyLoss is	
78037.046232481	
SGD: Validation Accuracy is:	
0.944	
SGD: Magnitude of W:	
90359.002318194	
SGD: Magnitude of b:	
1.8319738563059	
SGD: Loss is	
	LOSS:Calculated softmax res	
73965.207930295	
SGD: crossEntropyLoss is	
73965.207930295	
SGD: Validation Accuracy is:	
0.947	
SGD: Magnitude of W:	
90259.230790261	
SGD: Magnitude of b:	
1.8319738563059	
SGD: Loss is	
	LOSS:Calculated softmax res	
70640.819248998	
SGD: crossEntropyLoss is	
70640.819248998	
SGD: Validation Accuracy is:	
0.948	
SGD: Magnitude of W:	
90160.262663558	
SGD: Magnitude of b:	
1.8319738563059	
SGD: Loss is	
	LOSS:Calculated softmax res	
67885.028315461	
SGD: crossEntropyLoss is	
67885.028315461	
SGD: Validation Accuracy is:	
0.947	
SGD: Magnitude of W:	
90061.715119968	
SGD: Magnitude of b:	
1.8319738563059	
SGD: Loss is	
	LOSS:Calculated softmax res	
65538.305075352	
SGD: crossEntropyLoss is	
65538.305075352	
SGD: Validation Accuracy is:	
0.947	
SGD: Magnitude of W:	
89963.712960171	
SGD: Magnitude of b:	
1.8319738563059	
SGD: Loss is	
	LOSS:Calculated softmax res	
63504.94326766	
SGD: crossEntropyLoss is	
63504.94326766	
SGD: Validation Accuracy is:	
0.947	
SGD: Magnitude of W:	
89866.276211305	
SGD: Magnitude of b:	
1.8319738563059	
SGD: Loss is	
	LOSS:Calculated softmax res	
61708.316727638	
SGD: crossEntropyLoss is	
61708.316727638	
SGD: Validation Accuracy is:	
0.947	
SGD: Magnitude of W:	
89769.351949071	
SGD: Magnitude of b:	
1.8319738563059	
SGD: Loss is	
	LOSS:Calculated softmax res	
60085.951135674	
SGD: crossEntropyLoss is	
60085.951135674	
SGD: Validation Accuracy is:	
0.948	
SGD: Magnitude of W:	
89672.799292003	
SGD: Magnitude of b:	
1.8319738563059	
SGD: Loss is	
	LOSS:Calculated softmax res	
58607.889436411	
SGD: crossEntropyLoss is	
58607.889436411	
SGD: Validation Accuracy is:	
0.949	
SGD: Magnitude of W:	
89576.680839495	
SGD: Magnitude of b:	
1.8319738563059	
SGD: Loss is	
	LOSS:Calculated softmax res	
57260.190728763	
SGD: crossEntropyLoss is	
57260.190728763	
SGD: Validation Accuracy is:	
0.949	
SGD: Magnitude of W:	
89481.030276975	
SGD: Magnitude of b:	
1.8319738563059	
SGD: Loss is	
	LOSS:Calculated softmax res	
56037.26340167	
SGD: crossEntropyLoss is	
56037.26340167	
SGD: Validation Accuracy is:	
0.948	
SGD: Magnitude of W:	
89385.775776897	
SGD: Magnitude of b:	
1.8319738563059	
SGD: Loss is	
	LOSS:Calculated softmax res	
54926.423225359	
SGD: crossEntropyLoss is	
54926.423225359	
SGD: Validation Accuracy is:	
0.948	
SGD: Magnitude of W:	
89290.788018029	
SGD: Magnitude of b:	
1.8319738563059	
SGD: Loss is	
	LOSS:Calculated softmax res	
53911.39366679	
SGD: crossEntropyLoss is	
53911.39366679	
SGD: Validation Accuracy is:	
0.947	
SGD: Magnitude of W:	
89196.071488359	
SGD: Magnitude of b:	
1.8319738563059	
SGD: Loss is	
	LOSS:Calculated softmax res	
52974.56660955	
SGD: crossEntropyLoss is	
52974.56660955	
SGD: Validation Accuracy is:	
0.948	
SGD: Magnitude of W:	
89101.745152438	
SGD: Magnitude of b:	
1.8319738563059	
SGD: Loss is	
	LOSS:Calculated softmax res	
52099.416163477	
SGD: crossEntropyLoss is	
52099.416163477	
SGD: Validation Accuracy is:	
0.947	
SGD: Magnitude of W:	
89007.705665274	
SGD: Magnitude of b:	
1.8319738563059	
SGD: Loss is	
	LOSS:Calculated softmax res	
51274.764606469	
SGD: crossEntropyLoss is	
51274.764606469	
SGD: Validation Accuracy is:	
0.95	
SGD: Magnitude of W:	
88913.997362482	
SGD: Magnitude of b:	
1.8319738563059	
SGD: Loss is	
	LOSS:Calculated softmax res	
50495.108422407	
SGD: crossEntropyLoss is	
50495.108422407	
SGD: Validation Accuracy is:	
0.949	
SGD: Magnitude of W:	
88820.634358367	
SGD: Magnitude of b:	
1.8319738563059	
SGD: Loss is	
	LOSS:Calculated softmax res	
49757.643433519	
SGD: crossEntropyLoss is	
49757.643433519	
SGD: Validation Accuracy is:	
0.95	
SGD: Magnitude of W:	
88727.460823313	
SGD: Magnitude of b:	
1.8319738563059	
SGD: Loss is	
	LOSS:Calculated softmax res	
49059.674065939	
SGD: crossEntropyLoss is	
49059.674065939	
SGD: Validation Accuracy is:	
0.949	
SGD: Magnitude of W:	
88634.540826261	
SGD: Magnitude of b:	
1.8319738563059	
SGD: Loss is	
	LOSS:Calculated softmax res	
48397.923029982	
SGD: crossEntropyLoss is	
48397.923029982	
SGD: Validation Accuracy is:	
0.949	
SGD: Magnitude of W:	
88541.954956064	
SGD: Magnitude of b:	
1.8319738563059	
SGD: Loss is	
	LOSS:Calculated softmax res	
47768.745559625	
SGD: crossEntropyLoss is	
47768.745559625	
SGD: Validation Accuracy is:	
0.949	
SGD: Magnitude of W:	
88449.661095249	
SGD: Magnitude of b:	
1.8319738563059	
SGD: Loss is	
	LOSS:Calculated softmax res	
47169.222578336	
SGD: crossEntropyLoss is	
47169.222578336	
SGD: Validation Accuracy is:	
0.949	
SGD: Magnitude of W:	
88357.623558651	
SGD: Magnitude of b:	
1.8319738563059	
SGD: Loss is	
	LOSS:Calculated softmax res	
46597.402697851	
SGD: crossEntropyLoss is	
46597.402697851	
SGD: Validation Accuracy is:	
0.947	
SGD: Magnitude of W:	
88265.884788147	
SGD: Magnitude of b:	
1.8319738563059	
SGD: Loss is	
	LOSS:Calculated softmax res	
46051.814666382	
SGD: crossEntropyLoss is	
46051.814666382	
SGD: Validation Accuracy is:	
0.947	
SGD: Magnitude of W:	
88174.408588953	
SGD: Magnitude of b:	
1.8319738563059	
SGD: Loss is	
	LOSS:Calculated softmax res	
45530.922724857	
SGD: crossEntropyLoss is	
45530.922724857	
SGD: Validation Accuracy is:	
0.948	
SGD: Magnitude of W:	
88083.241988574	
SGD: Magnitude of b:	
1.8319738563059	
SGD: Loss is	
	LOSS:Calculated softmax res	
45032.998892208	
SGD: crossEntropyLoss is	
45032.998892208	
SGD: Validation Accuracy is:	
0.947	
SGD: Magnitude of W:	
87992.421048325	
SGD: Magnitude of b:	
1.8319738563059	
SGD: Loss is	
	LOSS:Calculated softmax res	
44556.305116977	
SGD: crossEntropyLoss is	
44556.305116977	
SGD: Validation Accuracy is:	
0.947	
SGD: Magnitude of W:	
87901.875065096	
SGD: Magnitude of b:	
1.8319738563059	
SGD: Loss is	
	LOSS:Calculated softmax res	
44099.410223775	
SGD: crossEntropyLoss is	
44099.410223775	
SGD: Validation Accuracy is:	
0.945	
SGD: Magnitude of W:	
87811.581951792	
SGD: Magnitude of b:	
1.8319738563059	
SGD: Loss is	
	LOSS:Calculated softmax res	
43661.379534256	
SGD: crossEntropyLoss is	
43661.379534256	
SGD: Validation Accuracy is:	
0.945	
SGD: Magnitude of W:	
87721.521838407	
SGD: Magnitude of b:	
1.8319738563059	
SGD: Loss is	
	LOSS:Calculated softmax res	
43241.538705346	
SGD: crossEntropyLoss is	
43241.538705346	
SGD: Validation Accuracy is:	
0.945	
SGD: Magnitude of W:	
87631.640996123	
SGD: Magnitude of b:	
1.8319738563059	
SGD: Loss is	
	LOSS:Calculated softmax res	
42838.739439094	
SGD: crossEntropyLoss is	
42838.739439094	
SGD: Validation Accuracy is:	
0.945	
SGD: Magnitude of W:	
87541.95058412	
SGD: Magnitude of b:	
1.8319738563059	
SGD: Loss is	
	LOSS:Calculated softmax res	
42450.963555956	
SGD: crossEntropyLoss is	
42450.963555956	
SGD: Validation Accuracy is:	
0.944	
SGD: Magnitude of W:	
87452.476952272	
SGD: Magnitude of b:	
1.8319738563059	
SGD: Loss is	
	LOSS:Calculated softmax res	
42076.591698045	
SGD: crossEntropyLoss is	
42076.591698045	
SGD: Validation Accuracy is:	
0.942	
SGD: Magnitude of W:	
87363.255363305	
SGD: Magnitude of b:	
1.8319738563059	
SGD: Loss is	
	LOSS:Calculated softmax res	
41714.766967543	
SGD: crossEntropyLoss is	
41714.766967543	
SGD: Validation Accuracy is:	
0.943	
SGD: Magnitude of W:	
87274.237360693	
SGD: Magnitude of b:	
1.8319738563059	
SGD: Loss is	
	LOSS:Calculated softmax res	
41364.778249873	
SGD: crossEntropyLoss is	
41364.778249873	
SGD: Validation Accuracy is:	
0.943	
SGD: Magnitude of W:	
87185.37910943	
SGD: Magnitude of b:	
1.8319738563059	
SGD: Loss is	
	LOSS:Calculated softmax res	
41025.921552396	
SGD: crossEntropyLoss is	
41025.921552396	
SGD: Validation Accuracy is:	
0.942	
SGD: Magnitude of W:	
87096.712389209	
SGD: Magnitude of b:	
1.8319738563059	
SGD: Loss is	
	LOSS:Calculated softmax res	
40697.550016062	
SGD: crossEntropyLoss is	
40697.550016062	
SGD: Validation Accuracy is:	
0.942	
SGD: Magnitude of W:	
87008.20634196	
SGD: Magnitude of b:	
1.8319738563059	
SGD: Loss is	
	LOSS:Calculated softmax res	
40379.096191334	
SGD: crossEntropyLoss is	
40379.096191334	
SGD: Validation Accuracy is:	
0.942	
SGD: Magnitude of W:	
86919.868454539	
SGD: Magnitude of b:	
1.8319738563059	
SGD: Loss is	
	LOSS:Calculated softmax res	
40070.061990689	
SGD: crossEntropyLoss is	
40070.061990689	
SGD: Validation Accuracy is:	
0.941	
SGD: Magnitude of W:	
86831.682229268	
SGD: Magnitude of b:	
1.8319738563059	
SGD: Loss is	
	LOSS:Calculated softmax res	
39770.003348099	
SGD: crossEntropyLoss is	
39770.003348099	
SGD: Validation Accuracy is:	
0.939	
SGD: Magnitude of W:	
86743.639716867	
SGD: Magnitude of b:	
1.8319738563059	
SGD: Loss is	
	LOSS:Calculated softmax res	
39478.513529435	
SGD: crossEntropyLoss is	
39478.513529435	
SGD: Validation Accuracy is:	
0.939	
SGD: Magnitude of W:	
86655.759462579	
SGD: Magnitude of b:	
1.8319738563059	
SGD: Loss is	
	LOSS:Calculated softmax res	
39195.202384406	
SGD: crossEntropyLoss is	
39195.202384406	
SGD: Validation Accuracy is:	
0.938	
SGD: Magnitude of W:	
86568.004974238	
SGD: Magnitude of b:	
1.8319738563059	
SGD: Loss is	
	LOSS:Calculated softmax res	
38919.675037898	
SGD: crossEntropyLoss is	
38919.675037898	
SGD: Validation Accuracy is:	
0.938	
SGD: Magnitude of W:	
86480.368988735	
SGD: Magnitude of b:	
1.8319738563059	
SGD: Loss is	
	LOSS:Calculated softmax res	
38651.518977968	
SGD: crossEntropyLoss is	
38651.518977968	
SGD: Validation Accuracy is:	
0.938	
SGD: Magnitude of W:	
86392.922653799	
SGD: Magnitude of b:	
1.8319738563059	
Done.	
Testing on validation set...	
Done	
Datafile:	/n/home09/ankitgupta/CS287/HW1/SUBJ-uni-syns.hdf5	Classifier:	lr	Alpha:	0	Eta:	1	Lambda:	0.5	Minibatch size:	500	Num Epochs:	50	Minimum Sentence Length:	0	
Accuracy:	0.938	
