[?1034hDatafile:	/n/home09/ankitgupta/CS287/HW1/TREC-uni.hdf5	Classifier:	hinge	Alpha:	0	Eta:	1	Lambda:	1	Minibatch size:	500	Num Epochs:	50	Minimum Sentence Length:	0	
Note that not all parameters may apply to all classifiers	
Loading datafiles...	
Number of training samples before removing small sentences	5452	
Number of training samples after removing small sentences	5452	
Done.	
Training classifier...	
Parameters are:	
Eta:	
1	
Lambda:	
1	
Minibatch size:	
500	
Number of Epochs	
50	
SGD: Hinge Loss is	
69695.589149366	
SGD: Validation Accuracy is:	
0.19449541284404	
SGD: Magnitude of W:	
40324.215780674	
SGD: Magnitude of b:	
4.0712366284638	
SGD: Hinge Loss is	
65428.909056359	
SGD: Validation Accuracy is:	
0.28256880733945	
SGD: Magnitude of W:	
40222.011755077	
SGD: Magnitude of b:	
4.0221402339495	
SGD: Hinge Loss is	
63635.755799649	
SGD: Validation Accuracy is:	
0.31559633027523	
SGD: Magnitude of W:	
40121.932969905	
SGD: Magnitude of b:	
4.0139493392211	
SGD: Hinge Loss is	
62327.658690466	
SGD: Validation Accuracy is:	
0.36330275229358	
SGD: Magnitude of W:	
40023.176769	
SGD: Magnitude of b:	
4.0057751248549	
SGD: Hinge Loss is	
61297.142849143	
SGD: Validation Accuracy is:	
0.38532110091743	
SGD: Magnitude of W:	
39925.597129823	
SGD: Magnitude of b:	
3.9976175568823	
SGD: Hinge Loss is	
60439.940947449	
SGD: Validation Accuracy is:	
0.40366972477064	
SGD: Magnitude of W:	
39829.200478897	
SGD: Magnitude of b:	
3.9894766014038	
SGD: Hinge Loss is	
59694.595851511	
SGD: Validation Accuracy is:	
0.42201834862385	
SGD: Magnitude of W:	
39734.055751725	
SGD: Magnitude of b:	
3.9813522245887	
SGD: Hinge Loss is	
59021.762894025	
SGD: Validation Accuracy is:	
0.4348623853211	
SGD: Magnitude of W:	
39639.965546384	
SGD: Magnitude of b:	
3.9732443926754	
SGD: Hinge Loss is	
58407.470084828	
SGD: Validation Accuracy is:	
0.44954128440367	
SGD: Magnitude of W:	
39546.552175395	
SGD: Magnitude of b:	
3.965153071971	
SGD: Hinge Loss is	
57834.885875153	
SGD: Validation Accuracy is:	
0.4697247706422	
SGD: Magnitude of W:	
39453.462028196	
SGD: Magnitude of b:	
3.9570782288512	
SGD: Hinge Loss is	
57293.952864286	
SGD: Validation Accuracy is:	
0.47522935779817	
SGD: Magnitude of W:	
39360.963823897	
SGD: Magnitude of b:	
3.9490198297603	
SGD: Hinge Loss is	
56789.656952354	
SGD: Validation Accuracy is:	
0.47889908256881	
SGD: Magnitude of W:	
39269.170886831	
SGD: Magnitude of b:	
3.9409778412107	
SGD: Hinge Loss is	
56309.348652211	
SGD: Validation Accuracy is:	
0.48807339449541	
SGD: Magnitude of W:	
39177.839014048	
SGD: Magnitude of b:	
3.9329522297832	
SGD: Hinge Loss is	
55850.645699029	
SGD: Validation Accuracy is:	
0.49357798165138	
SGD: Magnitude of W:	
39086.970304898	
SGD: Magnitude of b:	
3.9249429621266	
SGD: Hinge Loss is	
55409.097316131	
SGD: Validation Accuracy is:	
0.49908256880734	
SGD: Magnitude of W:	
38996.438176718	
SGD: Magnitude of b:	
3.9169500049575	
SGD: Hinge Loss is	
54983.18740059	
SGD: Validation Accuracy is:	
0.50825688073394	
SGD: Magnitude of W:	
38906.576601681	
SGD: Magnitude of b:	
3.9089733250604	
SGD: Hinge Loss is	
54571.88228163	
SGD: Validation Accuracy is:	
0.51926605504587	
SGD: Magnitude of W:	
38817.443564809	
SGD: Magnitude of b:	
3.9010128892875	
SGD: Hinge Loss is	
54173.740921544	
SGD: Validation Accuracy is:	
0.52660550458716	
SGD: Magnitude of W:	
38728.801412467	
SGD: Magnitude of b:	
3.8930686645584	
SGD: Hinge Loss is	
53786.683224468	
SGD: Validation Accuracy is:	
0.53577981651376	
SGD: Magnitude of W:	
38640.718240155	
SGD: Magnitude of b:	
3.88514061786	
SGD: Hinge Loss is	
53409.98461251	
SGD: Validation Accuracy is:	
0.5394495412844	
SGD: Magnitude of W:	
38553.241428208	
SGD: Magnitude of b:	
3.8772287162467	
SGD: Hinge Loss is	
53045.132464002	
SGD: Validation Accuracy is:	
0.55229357798165	
SGD: Magnitude of W:	
38466.117415486	
SGD: Magnitude of b:	
3.8693329268396	
SGD: Hinge Loss is	
52686.825283581	
SGD: Validation Accuracy is:	
0.55229357798165	
SGD: Magnitude of W:	
38379.259573786	
SGD: Magnitude of b:	
3.8614532168271	
SGD: Hinge Loss is	
52338.230775758	
SGD: Validation Accuracy is:	
0.55412844036697	
SGD: Magnitude of W:	
38292.695953122	
SGD: Magnitude of b:	
3.8535895534642	
SGD: Hinge Loss is	
51996.872907021	
SGD: Validation Accuracy is:	
0.56146788990826	
SGD: Magnitude of W:	
38206.537629311	
SGD: Magnitude of b:	
3.8457419040728	
SGD: Hinge Loss is	
51664.523604543	
SGD: Validation Accuracy is:	
0.5651376146789	
SGD: Magnitude of W:	
38120.616855599	
SGD: Magnitude of b:	
3.8379102360411	
SGD: Hinge Loss is	
51335.477121458	
SGD: Validation Accuracy is:	
0.57247706422018	
SGD: Magnitude of W:	
38034.998041095	
SGD: Magnitude of b:	
3.8300945168239	
SGD: Hinge Loss is	
51012.713170295	
SGD: Validation Accuracy is:	
0.56880733944954	
SGD: Magnitude of W:	
37949.574345885	
SGD: Magnitude of b:	
3.8222947139422	
SGD: Hinge Loss is	
50696.382264241	
SGD: Validation Accuracy is:	
0.57247706422018	
SGD: Magnitude of W:	
37864.437840131	
SGD: Magnitude of b:	
3.8145107949831	
SGD: Hinge Loss is	
50385.719443909	
SGD: Validation Accuracy is:	
0.57798165137615	
SGD: Magnitude of W:	
37779.596005011	
SGD: Magnitude of b:	
3.8067427275999	
SGD: Hinge Loss is	
50080.31604265	
SGD: Validation Accuracy is:	
0.57798165137615	
SGD: Magnitude of W:	
37695.161921765	
SGD: Magnitude of b:	
3.7989904795114	
SGD: Hinge Loss is	
49784.656149133	
SGD: Validation Accuracy is:	
0.57981651376147	
SGD: Magnitude of W:	
37611.195676724	
SGD: Magnitude of b:	
3.7912540185025	
SGD: Hinge Loss is	
49486.05853447	
SGD: Validation Accuracy is:	
0.58715596330275	
SGD: Magnitude of W:	
37527.517392795	
SGD: Magnitude of b:	
3.7835333124236	
SGD: Hinge Loss is	
49200.06852043	
SGD: Validation Accuracy is:	
0.59266055045872	
SGD: Magnitude of W:	
37444.308257828	
SGD: Magnitude of b:	
3.7758283291905	
SGD: Hinge Loss is	
48911.798029207	
SGD: Validation Accuracy is:	
0.59633027522936	
SGD: Magnitude of W:	
37361.34106351	
SGD: Magnitude of b:	
3.7681390367844	
SGD: Hinge Loss is	
48633.237857522	
SGD: Validation Accuracy is:	
0.59816513761468	
SGD: Magnitude of W:	
37278.684823305	
SGD: Magnitude of b:	
3.7604654032517	
SGD: Hinge Loss is	
48357.236790202	
SGD: Validation Accuracy is:	
0.6	
SGD: Magnitude of W:	
37196.361481965	
SGD: Magnitude of b:	
3.7528073967038	
SGD: Hinge Loss is	
48078.718247065	
SGD: Validation Accuracy is:	
0.60550458715596	
SGD: Magnitude of W:	
37114.324791325	
SGD: Magnitude of b:	
3.7451649853172	
SGD: Hinge Loss is	
47807.661528487	
SGD: Validation Accuracy is:	
0.60733944954128	
SGD: Magnitude of W:	
37032.484101897	
SGD: Magnitude of b:	
3.737538137333	
SGD: Hinge Loss is	
47539.982709313	
SGD: Validation Accuracy is:	
0.61100917431193	
SGD: Magnitude of W:	
36950.981436317	
SGD: Magnitude of b:	
3.7299268210571	
SGD: Hinge Loss is	
47276.429646691	
SGD: Validation Accuracy is:	
0.61284403669725	
SGD: Magnitude of W:	
36869.717594855	
SGD: Magnitude of b:	
3.72233100486	
SGD: Hinge Loss is	
47014.963900186	
SGD: Validation Accuracy is:	
0.61834862385321	
SGD: Magnitude of W:	
36788.659751819	
SGD: Magnitude of b:	
3.7147506571764	
SGD: Hinge Loss is	
46757.268012548	
SGD: Validation Accuracy is:	
0.61651376146789	
SGD: Magnitude of W:	
36707.911658829	
SGD: Magnitude of b:	
3.7071857465056	
SGD: Hinge Loss is	
46502.596003126	
SGD: Validation Accuracy is:	
0.62201834862385	
SGD: Magnitude of W:	
36627.487384778	
SGD: Magnitude of b:	
3.6996362414107	
SGD: Hinge Loss is	
46250.685825991	
SGD: Validation Accuracy is:	
0.62201834862385	
SGD: Magnitude of W:	
36547.387979338	
SGD: Magnitude of b:	
3.6921021105191	
SGD: Hinge Loss is	
46005.519464019	
SGD: Validation Accuracy is:	
0.62385321100917	
SGD: Magnitude of W:	
36467.487918334	
SGD: Magnitude of b:	
3.6845833225219	
SGD: Hinge Loss is	
45754.698141203	
SGD: Validation Accuracy is:	
0.62385321100917	
SGD: Magnitude of W:	
36387.866779278	
SGD: Magnitude of b:	
3.677079846174	
SGD: Hinge Loss is	
45510.903885811	
SGD: Validation Accuracy is:	
0.62752293577982	
SGD: Magnitude of W:	
36308.561216276	
SGD: Magnitude of b:	
3.6695916502941	
SGD: Hinge Loss is	
45268.181491472	
SGD: Validation Accuracy is:	
0.62752293577982	
SGD: Magnitude of W:	
36229.466840257	
SGD: Magnitude of b:	
3.6621187037643	
SGD: Hinge Loss is	
45028.696755709	
SGD: Validation Accuracy is:	
0.6348623853211	
SGD: Magnitude of W:	
36150.492710374	
SGD: Magnitude of b:	
3.6546609755298	
SGD: Hinge Loss is	
44794.096313131	
SGD: Validation Accuracy is:	
0.6348623853211	
SGD: Magnitude of W:	
36071.879696852	
SGD: Magnitude of b:	
3.6472184345994	
Done.	
Testing on validation set...	
Done	
Datafile:	/n/home09/ankitgupta/CS287/HW1/TREC-uni.hdf5	Classifier:	hinge	Alpha:	0	Eta:	1	Lambda:	1	Minibatch size:	500	Num Epochs:	50	Minimum Sentence Length:	0	
Accuracy:	0.6348623853211	
