[?1034hDatafile:	/n/home09/ankitgupta/CS287/HW1/TREC-uni.hdf5	Classifier:	lr	Alpha:	0	Eta:	0.5	Lambda:	1	Minibatch size:	500	Num Epochs:	50	Minimum Sentence Length:	5	
Note that not all parameters may apply to all classifiers	
Loading datafiles...	
Number of training samples before removing small sentences	5452	
Number of training samples after removing small sentences	5312	
Done.	
Training classifier...	
SGD: Loss is	
	LOSS:Calculated softmax res	
45706.586659833	
SGD: crossEntropyLoss is	
45706.586659833	
SGD: Validation Accuracy is:	
0.16760828625235	
SGD: Magnitude of W:	
40421.919322147	
SGD: Magnitude of b:	
2.8567190950604	
SGD: Loss is	
	LOSS:Calculated softmax res	
41763.169527191	
SGD: crossEntropyLoss is	
41763.169527191	
SGD: Validation Accuracy is:	
0.1939736346516	
SGD: Magnitude of W:	
40368.268669034	
SGD: Magnitude of b:	
2.3209660621144	
SGD: Loss is	
	LOSS:Calculated softmax res	
40264.216296957	
SGD: crossEntropyLoss is	
40264.216296957	
SGD: Validation Accuracy is:	
0.23352165725047	
SGD: Magnitude of W:	
40315.167568811	
SGD: Magnitude of b:	
2.3961504714462	
SGD: Loss is	
	LOSS:Calculated softmax res	
39132.692910346	
SGD: crossEntropyLoss is	
39132.692910346	
SGD: Validation Accuracy is:	
0.26177024482109	
SGD: Magnitude of W:	
40263.195673702	
SGD: Magnitude of b:	
2.506643353263	
SGD: Loss is	
	LOSS:Calculated softmax res	
38213.100813836	
SGD: crossEntropyLoss is	
38213.100813836	
SGD: Validation Accuracy is:	
0.29566854990584	
SGD: Magnitude of W:	
40212.628814449	
SGD: Magnitude of b:	
2.6008155331816	
SGD: Loss is	
	LOSS:Calculated softmax res	
37455.589595944	
SGD: crossEntropyLoss is	
37455.589595944	
SGD: Validation Accuracy is:	
0.32203389830508	
SGD: Magnitude of W:	
40162.833087576	
SGD: Magnitude of b:	
2.6713653618875	
SGD: Loss is	
	LOSS:Calculated softmax res	
36821.986481933	
SGD: crossEntropyLoss is	
36821.986481933	
SGD: Validation Accuracy is:	
0.33145009416196	
SGD: Magnitude of W:	
40113.575007295	
SGD: Magnitude of b:	
2.7258153327223	
SGD: Loss is	
	LOSS:Calculated softmax res	
36282.794631521	
SGD: crossEntropyLoss is	
36282.794631521	
SGD: Validation Accuracy is:	
0.34651600753296	
SGD: Magnitude of W:	
40064.648416048	
SGD: Magnitude of b:	
2.7685517835851	
SGD: Loss is	
	LOSS:Calculated softmax res	
35815.808584298	
SGD: crossEntropyLoss is	
35815.808584298	
SGD: Validation Accuracy is:	
0.36158192090395	
SGD: Magnitude of W:	
40016.013302667	
SGD: Magnitude of b:	
2.8025767022816	
SGD: Loss is	
	LOSS:Calculated softmax res	
35404.577766631	
SGD: crossEntropyLoss is	
35404.577766631	
SGD: Validation Accuracy is:	
0.37476459510358	
SGD: Magnitude of W:	
39967.58648732	
SGD: Magnitude of b:	
2.8300268442558	
SGD: Loss is	
	LOSS:Calculated softmax res	
35037.011789538	
SGD: crossEntropyLoss is	
35037.011789538	
SGD: Validation Accuracy is:	
0.38418079096045	
SGD: Magnitude of W:	
39919.313552604	
SGD: Magnitude of b:	
2.8524361007929	
SGD: Loss is	
	LOSS:Calculated softmax res	
34704.21104845	
SGD: crossEntropyLoss is	
34704.21104845	
SGD: Validation Accuracy is:	
0.39924670433145	
SGD: Magnitude of W:	
39871.182032136	
SGD: Magnitude of b:	
2.8709295185308	
SGD: Loss is	
	LOSS:Calculated softmax res	
34399.558483111	
SGD: crossEntropyLoss is	
34399.558483111	
SGD: Validation Accuracy is:	
0.41242937853107	
SGD: Magnitude of W:	
39823.228989116	
SGD: Magnitude of b:	
2.8863596089007	
SGD: Loss is	
	LOSS:Calculated softmax res	
34118.058394801	
SGD: crossEntropyLoss is	
34118.058394801	
SGD: Validation Accuracy is:	
0.42184557438795	
SGD: Magnitude of W:	
39775.487424682	
SGD: Magnitude of b:	
2.8993922342204	
SGD: Loss is	
	LOSS:Calculated softmax res	
33855.873644103	
SGD: crossEntropyLoss is	
33855.873644103	
SGD: Validation Accuracy is:	
0.43502824858757	
SGD: Magnitude of W:	
39728.055019861	
SGD: Magnitude of b:	
2.9105591035755	
SGD: Loss is	
	LOSS:Calculated softmax res	
33610.006696176	
SGD: crossEntropyLoss is	
33610.006696176	
SGD: Validation Accuracy is:	
0.43691148775895	
SGD: Magnitude of W:	
39680.875991897	
SGD: Magnitude of b:	
2.9202913198671	
SGD: Loss is	
	LOSS:Calculated softmax res	
33378.079465628	
SGD: crossEntropyLoss is	
33378.079465628	
SGD: Validation Accuracy is:	
0.45009416195857	
SGD: Magnitude of W:	
39634.020697336	
SGD: Magnitude of b:	
2.9289422370102	
SGD: Loss is	
	LOSS:Calculated softmax res	
33158.179588685	
SGD: crossEntropyLoss is	
33158.179588685	
SGD: Validation Accuracy is:	
0.45951035781544	
SGD: Magnitude of W:	
39587.289416077	
SGD: Magnitude of b:	
2.9368036999173	
SGD: Loss is	
	LOSS:Calculated softmax res	
32948.751229287	
SGD: crossEntropyLoss is	
32948.751229287	
SGD: Validation Accuracy is:	
0.46704331450094	
SGD: Magnitude of W:	
39540.650264582	
SGD: Magnitude of b:	
2.9441179244031	
SGD: Loss is	
	LOSS:Calculated softmax res	
32748.515925536	
SGD: crossEntropyLoss is	
32748.515925536	
SGD: Validation Accuracy is:	
0.47080979284369	
SGD: Magnitude of W:	
39494.163290301	
SGD: Magnitude of b:	
2.9510865125638	
SGD: Loss is	
	LOSS:Calculated softmax res	
32556.413970707	
SGD: crossEntropyLoss is	
32556.413970707	
SGD: Validation Accuracy is:	
0.47834274952919	
SGD: Magnitude of W:	
39447.750130009	
SGD: Magnitude of b:	
2.9578775631808	
SGD: Loss is	
	LOSS:Calculated softmax res	
32371.560126026	
SGD: crossEntropyLoss is	
32371.560126026	
SGD: Validation Accuracy is:	
0.48210922787194	
SGD: Magnitude of W:	
39401.451269214	
SGD: Magnitude of b:	
2.9646314069565	
SGD: Loss is	
	LOSS:Calculated softmax res	
32193.209595432	
SGD: crossEntropyLoss is	
32193.209595432	
SGD: Validation Accuracy is:	
0.48775894538606	
SGD: Magnitude of W:	
39355.310836927	
SGD: Magnitude of b:	
2.9714652445364	
SGD: Loss is	
	LOSS:Calculated softmax res	
32020.731534893	
SGD: crossEntropyLoss is	
32020.731534893	
SGD: Validation Accuracy is:	
0.49529190207156	
SGD: Magnitude of W:	
39309.357279861	
SGD: Magnitude of b:	
2.9784768697283	
SGD: Loss is	
	LOSS:Calculated softmax res	
31853.588208265	
SGD: crossEntropyLoss is	
31853.588208265	
SGD: Validation Accuracy is:	
0.49905838041431	
SGD: Magnitude of W:	
39263.595177895	
SGD: Magnitude of b:	
2.9857476366118	
SGD: Loss is	
	LOSS:Calculated softmax res	
31691.318438146	
SGD: crossEntropyLoss is	
31691.318438146	
SGD: Validation Accuracy is:	
0.49905838041431	
SGD: Magnitude of W:	
39217.938545826	
SGD: Magnitude of b:	
2.9933448155675	
SGD: Loss is	
	LOSS:Calculated softmax res	
31533.524358415	
SGD: crossEntropyLoss is	
31533.524358415	
SGD: Validation Accuracy is:	
0.50094161958569	
SGD: Magnitude of W:	
39172.42023328	
SGD: Magnitude of b:	
3.0013234611295	
SGD: Loss is	
	LOSS:Calculated softmax res	
31379.860726061	
SGD: crossEntropyLoss is	
31379.860726061	
SGD: Validation Accuracy is:	
0.50282485875706	
SGD: Magnitude of W:	
39127.030063866	
SGD: Magnitude of b:	
3.0097278887389	
SGD: Loss is	
	LOSS:Calculated softmax res	
31230.026232513	
SGD: crossEntropyLoss is	
31230.026232513	
SGD: Validation Accuracy is:	
0.50659133709981	
SGD: Magnitude of W:	
39081.786721131	
SGD: Magnitude of b:	
3.0185928361838	
SGD: Loss is	
	LOSS:Calculated softmax res	
31083.756390723	
SGD: crossEntropyLoss is	
31083.756390723	
SGD: Validation Accuracy is:	
0.50847457627119	
SGD: Magnitude of W:	
39036.687312729	
SGD: Magnitude of b:	
3.0279443725591	
SGD: Loss is	
	LOSS:Calculated softmax res	
30940.817676645	
SGD: crossEntropyLoss is	
30940.817676645	
SGD: Validation Accuracy is:	
0.50659133709981	
SGD: Magnitude of W:	
38991.730335986	
SGD: Magnitude of b:	
3.0378006120952	
SGD: Loss is	
	LOSS:Calculated softmax res	
30801.002680751	
SGD: crossEntropyLoss is	
30801.002680751	
SGD: Validation Accuracy is:	
0.50847457627119	
SGD: Magnitude of W:	
38946.862919405	
SGD: Magnitude of b:	
3.0481722887893	
SGD: Loss is	
	LOSS:Calculated softmax res	
30664.126082731	
SGD: crossEntropyLoss is	
30664.126082731	
SGD: Validation Accuracy is:	
0.51224105461394	
SGD: Magnitude of W:	
38902.115298002	
SGD: Magnitude of b:	
3.0590632465468	
SGD: Loss is	
	LOSS:Calculated softmax res	
30530.021304783	
SGD: crossEntropyLoss is	
30530.021304783	
SGD: Validation Accuracy is:	
0.51224105461394	
SGD: Magnitude of W:	
38857.438601797	
SGD: Magnitude of b:	
3.0704708955088	
SGD: Loss is	
	LOSS:Calculated softmax res	
30398.537729574	
SGD: crossEntropyLoss is	
30398.537729574	
SGD: Validation Accuracy is:	
0.51600753295669	
SGD: Magnitude of W:	
38812.879784339	
SGD: Magnitude of b:	
3.0823866769932	
SGD: Loss is	
	LOSS:Calculated softmax res	
30269.538390853	
SGD: crossEntropyLoss is	
30269.538390853	
SGD: Validation Accuracy is:	
0.51977401129944	
SGD: Magnitude of W:	
38768.387700536	
SGD: Magnitude of b:	
3.0947965673281	
SGD: Loss is	
	LOSS:Calculated softmax res	
30142.898060507	
SGD: crossEntropyLoss is	
30142.898060507	
SGD: Validation Accuracy is:	
0.52542372881356	
SGD: Magnitude of W:	
38724.053417077	
SGD: Magnitude of b:	
3.1076816364791	
SGD: Loss is	
	LOSS:Calculated softmax res	
30018.50166744	
SGD: crossEntropyLoss is	
30018.50166744	
SGD: Validation Accuracy is:	
0.52730696798493	
SGD: Magnitude of W:	
38679.827517514	
SGD: Magnitude of b:	
3.1210186630734	
SGD: Loss is	
	LOSS:Calculated softmax res	
29896.242992783	
SGD: crossEntropyLoss is	
29896.242992783	
SGD: Validation Accuracy is:	
0.52730696798493	
SGD: Magnitude of W:	
38635.70372148	
SGD: Magnitude of b:	
3.134780795416	
SGD: Loss is	
	LOSS:Calculated softmax res	
29776.023593534	
SGD: crossEntropyLoss is	
29776.023593534	
SGD: Validation Accuracy is:	
0.52730696798493	
SGD: Magnitude of W:	
38591.67929607	
SGD: Magnitude of b:	
3.1489382398243	
SGD: Loss is	
	LOSS:Calculated softmax res	
29657.751913455	
SGD: crossEntropyLoss is	
29657.751913455	
SGD: Validation Accuracy is:	
0.52919020715631	
SGD: Magnitude of W:	
38547.7321656	
SGD: Magnitude of b:	
3.1634589535858	
SGD: Loss is	
	LOSS:Calculated softmax res	
29541.342546189	
SGD: crossEntropyLoss is	
29541.342546189	
SGD: Validation Accuracy is:	
0.52919020715631	
SGD: Magnitude of W:	
38503.892974488	
SGD: Magnitude of b:	
3.1783093196595	
SGD: Loss is	
	LOSS:Calculated softmax res	
29426.715621182	
SGD: crossEntropyLoss is	
29426.715621182	
SGD: Validation Accuracy is:	
0.52919020715631	
SGD: Magnitude of W:	
38460.171508724	
SGD: Magnitude of b:	
3.1934547829354	
SGD: Loss is	
	LOSS:Calculated softmax res	
29313.796288047	
SGD: crossEntropyLoss is	
29313.796288047	
SGD: Validation Accuracy is:	
0.53107344632768	
SGD: Magnitude of W:	
38416.556990963	
SGD: Magnitude of b:	
3.2088604322686	
SGD: Loss is	
	LOSS:Calculated softmax res	
29202.514279485	
SGD: crossEntropyLoss is	
29202.514279485	
SGD: Validation Accuracy is:	
0.53483992467043	
SGD: Magnitude of W:	
38373.029465727	
SGD: Magnitude of b:	
3.2244915175459	
SGD: Loss is	
	LOSS:Calculated softmax res	
29092.803536743	
SGD: crossEntropyLoss is	
29092.803536743	
SGD: Validation Accuracy is:	
0.54237288135593	
SGD: Magnitude of W:	
38329.561485577	
SGD: Magnitude of b:	
3.2403138959172	
SGD: Loss is	
	LOSS:Calculated softmax res	
28984.601884831	
SGD: crossEntropyLoss is	
28984.601884831	
SGD: Validation Accuracy is:	
0.54237288135593	
SGD: Magnitude of W:	
38286.159907082	
SGD: Magnitude of b:	
3.2562944055316	
SGD: Loss is	
	LOSS:Calculated softmax res	
28877.85074745	
SGD: crossEntropyLoss is	
28877.85074745	
SGD: Validation Accuracy is:	
0.54237288135593	
SGD: Magnitude of W:	
38242.843937384	
SGD: Magnitude of b:	
3.2724011684413	
SGD: Loss is	
	LOSS:Calculated softmax res	
28772.494893756	
SGD: crossEntropyLoss is	
28772.494893756	
SGD: Validation Accuracy is:	
0.54425612052731	
SGD: Magnitude of W:	
38199.612302622	
SGD: Magnitude of b:	
3.2886038267397	
SGD: Loss is	
	LOSS:Calculated softmax res	
28668.482210887	
SGD: crossEntropyLoss is	
28668.482210887	
SGD: Validation Accuracy is:	
0.54425612052731	
SGD: Magnitude of W:	
38156.463701653	
SGD: Magnitude of b:	
3.3048737175735	
Done.	
Testing on validation set...	
Done	
Datafile:	/n/home09/ankitgupta/CS287/HW1/TREC-uni.hdf5	Classifier:	lr	Alpha:	0	Eta:	0.5	Lambda:	1	Minibatch size:	500	Num Epochs:	50	Minimum Sentence Length:	5	
Accuracy:	0.55178907721281	
