[?1034hDatafile:	/n/home09/ankitgupta/CS287/HW1/MPQA-uni-sent.hdf5	Classifier:	hinge	Alpha:	0	Eta:	1	Lambda:	0.5	Minibatch size:	500	Num Epochs:	50	Minimum Sentence Length:	0	
Note that not all parameters may apply to all classifiers	
Loading datafiles...	
Number of training samples before removing small sentences	10606	
Number of training samples after removing small sentences	10606	
Done.	
Training classifier...	
Parameters are:	
Eta:	
1	
Lambda:	
0.5	
Minibatch size:	
500	
Number of Epochs	
50	
SGD: Hinge Loss is	
19793.512430992	
SGD: Validation Accuracy is:	
0.33490566037736	
SGD: Magnitude of W:	
10091.177186129	
SGD: Magnitude of b:	
1.151569658355	
    Current index:	9501	
    Magnitude of W_grad:	0.93333333333333	
    Magnitude of W:	10071.969724071	
    Magnitude of B_grad:	0.22222222222222	
    Magnitude of b:	3.1227633514701	

	
SGD: Hinge Loss is	
39433.888757192	
SGD: Validation Accuracy is:	
0.96792452830189	
SGD: Magnitude of W:	
10071.969724071	
SGD: Magnitude of b:	
3.1227633514701	
    Current index:	9501	
    Magnitude of W_grad:	1.0666666666667	
    Magnitude of W:	10056.313584793	
    Magnitude of B_grad:	0.26666666666667	
    Magnitude of b:	2.7103848443432	

	
SGD: Hinge Loss is	
39100.542199182	
SGD: Validation Accuracy is:	
0.96037735849057	
SGD: Magnitude of W:	
10056.313584793	
SGD: Magnitude of b:	
2.7103848443432	
    Current index:	9501	
    Magnitude of W_grad:	1.0666666666667	
    Magnitude of W:	10040.625190418	
    Magnitude of B_grad:	0.26666666666667	
    Magnitude of b:	2.4023108053831	

	
SGD: Hinge Loss is	
38164.1919921	
SGD: Validation Accuracy is:	
0.95377358490566	
SGD: Magnitude of W:	
10040.625190418	
SGD: Magnitude of b:	
2.4023108053831	
    Current index:	9501	
    Magnitude of W_grad:	1.0666666666667	
    Magnitude of W:	10025.155156324	
    Magnitude of B_grad:	0.26666666666667	
    Magnitude of b:	2.2184215464867	

	
SGD: Hinge Loss is	
37664.482157246	
SGD: Validation Accuracy is:	
0.95377358490566	
SGD: Magnitude of W:	
10025.155156324	
SGD: Magnitude of b:	
2.2184215464867	
    Current index:	9501	
    Magnitude of W_grad:	1.0666666666667	
    Magnitude of W:	10009.769686671	
    Magnitude of B_grad:	0.26666666666667	
    Magnitude of b:	2.1026331085086	

	
SGD: Hinge Loss is	
37253.56273902	
SGD: Validation Accuracy is:	
0.95377358490566	
SGD: Magnitude of W:	
10009.769686671	
SGD: Magnitude of b:	
2.1026331085086	
    Current index:	9501	
    Magnitude of W_grad:	1.0666666666667	
    Magnitude of W:	9994.6762178658	
    Magnitude of B_grad:	0.26666666666667	
    Magnitude of b:	2.0149169084032	

	
SGD: Hinge Loss is	
36962.124598348	
SGD: Validation Accuracy is:	
0.95188679245283	
SGD: Magnitude of W:	
9994.6762178658	
SGD: Magnitude of b:	
2.0149169084032	
    Current index:	9501	
    Magnitude of W_grad:	0.93333333333333	
    Magnitude of W:	9979.7390879194	
    Magnitude of B_grad:	0.22222222222222	
    Magnitude of b:	1.8828242396418	

	
SGD: Hinge Loss is	
36064.980554162	
SGD: Validation Accuracy is:	
0.95	
SGD: Magnitude of W:	
9979.7390879194	
SGD: Magnitude of b:	
1.8828242396418	
    Current index:	9501	
    Magnitude of W_grad:	1.2444444444444	
    Magnitude of W:	9965.2141080988	
    Magnitude of B_grad:	0.26666666666667	
    Magnitude of b:	1.8472477313441	

	
SGD: Hinge Loss is	
36201.836531285	
SGD: Validation Accuracy is:	
0.95	
SGD: Magnitude of W:	
9965.2141080988	
SGD: Magnitude of b:	
1.8472477313441	
    Current index:	9501	
    Magnitude of W_grad:	0.71111111111111	
    Magnitude of W:	9950.9285771949	
    Magnitude of B_grad:	0.17777777777778	
    Magnitude of b:	1.6988181225872	

	
SGD: Hinge Loss is	
34899.207158468	
SGD: Validation Accuracy is:	
0.94811320754717	
SGD: Magnitude of W:	
9950.9285771949	
SGD: Magnitude of b:	
1.6988181225872	
    Current index:	9501	
    Magnitude of W_grad:	0.71111111111111	
    Magnitude of W:	9936.8473508175	
    Magnitude of B_grad:	0.17777777777778	
    Magnitude of b:	1.6464264444038	

	
SGD: Hinge Loss is	
34575.549876847	
SGD: Validation Accuracy is:	
0.94811320754717	
SGD: Magnitude of W:	
9936.8473508175	
SGD: Magnitude of b:	
1.6464264444038	
    Current index:	9501	
    Magnitude of W_grad:	1.0222222222222	
    Magnitude of W:	9922.9334933528	
    Magnitude of B_grad:	0.22222222222222	
    Magnitude of b:	1.6345099864874	

	
SGD: Hinge Loss is	
34676.022149021	
SGD: Validation Accuracy is:	
0.95094339622642	
SGD: Magnitude of W:	
9922.9334933528	
SGD: Magnitude of b:	
1.6345099864874	
    Current index:	9501	
    Magnitude of W_grad:	0.71111111111111	
    Magnitude of W:	9909.0056658409	
    Magnitude of B_grad:	0.17777777777778	
    Magnitude of b:	1.5621636578114	

	
SGD: Hinge Loss is	
34008.094754547	
SGD: Validation Accuracy is:	
0.94716981132075	
SGD: Magnitude of W:	
9909.0056658409	
SGD: Magnitude of b:	
1.5621636578114	
    Current index:	9501	
    Magnitude of W_grad:	0.71111111111111	
    Magnitude of W:	9895.2346862461	
    Magnitude of B_grad:	0.17777777777778	
    Magnitude of b:	1.5298352808692	

	
SGD: Hinge Loss is	
33742.257072474	
SGD: Validation Accuracy is:	
0.94528301886792	
SGD: Magnitude of W:	
9895.2346862461	
SGD: Magnitude of b:	
1.5298352808692	
    Current index:	9501	
    Magnitude of W_grad:	1.0222222222222	
    Magnitude of W:	9881.5453534105	
    Magnitude of B_grad:	0.22222222222222	
    Magnitude of b:	1.5459638388814	

	
SGD: Hinge Loss is	
33957.00920022	
SGD: Validation Accuracy is:	
0.94905660377358	
SGD: Magnitude of W:	
9881.5453534105	
SGD: Magnitude of b:	
1.5459638388814	
    Current index:	9501	
    Magnitude of W_grad:	0.71111111111111	
    Magnitude of W:	9867.8803543263	
    Magnitude of B_grad:	0.17777777777778	
    Magnitude of b:	1.4736488664535	

	
SGD: Hinge Loss is	
33131.732927587	
SGD: Validation Accuracy is:	
0.94716981132075	
SGD: Magnitude of W:	
9867.8803543263	
SGD: Magnitude of b:	
1.4736488664535	
    Current index:	9501	
    Magnitude of W_grad:	0.53333333333333	
    Magnitude of W:	9854.2619430607	
    Magnitude of B_grad:	0.13333333333333	
    Magnitude of b:	1.4208851695738	

	
SGD: Hinge Loss is	
32709.347463818	
SGD: Validation Accuracy is:	
0.94622641509434	
SGD: Magnitude of W:	
9854.2619430607	
SGD: Magnitude of b:	
1.4208851695738	
    Current index:	9501	
    Magnitude of W_grad:	0.53333333333333	
    Magnitude of W:	9840.7924943886	
    Magnitude of B_grad:	0.13333333333333	
    Magnitude of b:	1.3961323234366	

	
SGD: Hinge Loss is	
32509.562924555	
SGD: Validation Accuracy is:	
0.94622641509434	
SGD: Magnitude of W:	
9840.7924943886	
SGD: Magnitude of b:	
1.3961323234366	
    Current index:	9501	
    Magnitude of W_grad:	0.13333333333333	
    Magnitude of W:	9827.384944659	
    Magnitude of B_grad:	0.044444444444444	
    Magnitude of b:	1.3024909561813	

	
SGD: Hinge Loss is	
31611.937082489	
SGD: Validation Accuracy is:	
0.94339622641509	
SGD: Magnitude of W:	
9827.384944659	
SGD: Magnitude of b:	
1.3024909561813	
    Current index:	9501	
    Magnitude of W_grad:	0.66666666666667	
    Magnitude of W:	9813.9779823011	
    Magnitude of B_grad:	0.17777777777778	
    Magnitude of b:	1.4022030684556	

	
SGD: Hinge Loss is	
32395.190591709	
SGD: Validation Accuracy is:	
0.95	
SGD: Magnitude of W:	
9813.9779823011	
SGD: Magnitude of b:	
1.4022030684556	
    Current index:	9501	
    Magnitude of W_grad:	0.31111111111111	
    Magnitude of W:	9800.6475043101	
    Magnitude of B_grad:	0.088888888888889	
    Magnitude of b:	1.3050014680864	

	
SGD: Hinge Loss is	
31332.403090829	
SGD: Validation Accuracy is:	
0.94433962264151	
SGD: Magnitude of W:	
9800.6475043101	
SGD: Magnitude of b:	
1.3050014680864	
    Current index:	9501	
    Magnitude of W_grad:	0.13333333333333	
    Magnitude of W:	9787.3733620061	
    Magnitude of B_grad:	0.044444444444444	
    Magnitude of b:	1.2633497639721	

	
SGD: Hinge Loss is	
30969.859325885	
SGD: Validation Accuracy is:	
0.94339622641509	
SGD: Magnitude of W:	
9787.3733620061	
SGD: Magnitude of b:	
1.2633497639721	
    Current index:	9501	
    Magnitude of W_grad:	0.13333333333333	
    Magnitude of W:	9774.2514554489	
    Magnitude of B_grad:	0.044444444444444	
    Magnitude of b:	1.2696985295128	

	
SGD: Hinge Loss is	
30950.102881205	
SGD: Validation Accuracy is:	
0.94528301886792	
SGD: Magnitude of W:	
9774.2514554489	
SGD: Magnitude of b:	
1.2696985295128	
    Current index:	9501	
    Magnitude of W_grad:	0.26666666666667	
    Magnitude of W:	9761.2352310399	
    Magnitude of B_grad:	0.088888888888889	
    Magnitude of b:	1.3004917945854	

	
SGD: Hinge Loss is	
31028.197305785	
SGD: Validation Accuracy is:	
0.94622641509434	
SGD: Magnitude of W:	
9761.2352310399	
SGD: Magnitude of b:	
1.3004917945854	
    Current index:	9501	
    Magnitude of W_grad:	0.13333333333333	
    Magnitude of W:	9748.2858707991	
    Magnitude of B_grad:	0.044444444444444	
    Magnitude of b:	1.2628194715987	

	
SGD: Hinge Loss is	
30656.953076237	
SGD: Validation Accuracy is:	
0.94433962264151	
SGD: Magnitude of W:	
9748.2858707991	
SGD: Magnitude of b:	
1.2628194715987	
    Current index:	9501	
    Magnitude of W_grad:	0.71111111111111	
    Magnitude of W:	9735.422726619	
    Magnitude of B_grad:	0.13333333333333	
    Magnitude of b:	1.3380388343099	

	
SGD: Hinge Loss is	
31523.163109495	
SGD: Validation Accuracy is:	
0.94811320754717	
SGD: Magnitude of W:	
9735.422726619	
SGD: Magnitude of b:	
1.3380388343099	
    Current index:	9501	
    Magnitude of W_grad:	0	
    Magnitude of W:	9722.4873243708	
    Magnitude of B_grad:	0	
    Magnitude of b:	1.1999200311784	

	
SGD: Hinge Loss is	
30071.85256433	
SGD: Validation Accuracy is:	
0.93867924528302	
SGD: Magnitude of W:	
9722.4873243708	
SGD: Magnitude of b:	
1.1999200311784	
    Current index:	9501	
    Magnitude of W_grad:	0	
    Magnitude of W:	9709.7175736431	
    Magnitude of B_grad:	0	
    Magnitude of b:	1.1898157966239	

	
SGD: Hinge Loss is	
29955.144550815	
SGD: Validation Accuracy is:	
0.93867924528302	
SGD: Magnitude of W:	
9709.7175736431	
SGD: Magnitude of b:	
1.1898157966239	
    Current index:	9501	
    Magnitude of W_grad:	0.17777777777778	
    Magnitude of W:	9697.1132420418	
    Magnitude of B_grad:	0.044444444444444	
    Magnitude of b:	1.2201567430464	

	
SGD: Hinge Loss is	
29964.299948477	
SGD: Validation Accuracy is:	
0.94150943396226	
SGD: Magnitude of W:	
9697.1132420418	
SGD: Magnitude of b:	
1.2201567430464	
    Current index:	9501	
    Magnitude of W_grad:	0	
    Magnitude of W:	9684.582072762	
    Magnitude of B_grad:	0	
    Magnitude of b:	1.1780355083736	

	
SGD: Hinge Loss is	
29614.58908682	
SGD: Validation Accuracy is:	
0.93962264150943	
SGD: Magnitude of W:	
9684.582072762	
SGD: Magnitude of b:	
1.1780355083736	
    Current index:	9501	
    Magnitude of W_grad:	0.26666666666667	
    Magnitude of W:	9672.0907538804	
    Magnitude of B_grad:	0.044444444444444	
    Magnitude of b:	1.1923697340285	

	
SGD: Hinge Loss is	
29916.445193022	
SGD: Validation Accuracy is:	
0.94150943396226	
SGD: Magnitude of W:	
9672.0907538804	
SGD: Magnitude of b:	
1.1923697340285	
    Current index:	9501	
    Magnitude of W_grad:	0.31111111111111	
    Magnitude of W:	9659.6763532933	
    Magnitude of B_grad:	0.088888888888889	
    Magnitude of b:	1.2031610400377	

	
SGD: Hinge Loss is	
29585.903412906	
SGD: Validation Accuracy is:	
0.94150943396226	
SGD: Magnitude of W:	
9659.6763532933	
SGD: Magnitude of b:	
1.2031610400377	
    Current index:	9501	
    Magnitude of W_grad:	0.13333333333333	
    Magnitude of W:	9647.2805974067	
    Magnitude of B_grad:	0.044444444444444	
    Magnitude of b:	1.1534846670056	

	
SGD: Hinge Loss is	
29157.478015475	
SGD: Validation Accuracy is:	
0.93867924528302	
SGD: Magnitude of W:	
9647.2805974067	
SGD: Magnitude of b:	
1.1534846670056	
    Current index:	9501	
    Magnitude of W_grad:	0.26666666666667	
    Magnitude of W:	9634.9000982644	
    Magnitude of B_grad:	0.044444444444444	
    Magnitude of b:	1.143813187805	

	
SGD: Hinge Loss is	
29230.140134414	
SGD: Validation Accuracy is:	
0.93867924528302	
SGD: Magnitude of W:	
9634.9000982644	
SGD: Magnitude of b:	
1.143813187805	
    Current index:	9501	
    Magnitude of W_grad:	0	
    Magnitude of W:	9622.5872898824	
    Magnitude of B_grad:	0	
    Magnitude of b:	1.0817092760491	

	
SGD: Hinge Loss is	
28533.007132812	
SGD: Validation Accuracy is:	
0.93867924528302	
SGD: Magnitude of W:	
9622.5872898824	
SGD: Magnitude of b:	
1.0817092760491	
    Current index:	9501	
    Magnitude of W_grad:	0.17777777777778	
    Magnitude of W:	9610.4735754084	
    Magnitude of B_grad:	0.044444444444444	
    Magnitude of b:	1.1280591288617	

	
SGD: Hinge Loss is	
28802.203322549	
SGD: Validation Accuracy is:	
0.93867924528302	
SGD: Magnitude of W:	
9610.4735754084	
SGD: Magnitude of b:	
1.1280591288617	
    Current index:	9501	
    Magnitude of W_grad:	0	
    Magnitude of W:	9598.3253361692	
    Magnitude of B_grad:	0	
    Magnitude of b:	1.0779518182415	

	
SGD: Hinge Loss is	
28359.33984585	
SGD: Validation Accuracy is:	
0.93867924528302	
SGD: Magnitude of W:	
9598.3253361692	
SGD: Magnitude of b:	
1.0779518182415	
    Current index:	9501	
    Magnitude of W_grad:	0	
    Magnitude of W:	9586.2726779577	
    Magnitude of B_grad:	0	
    Magnitude of b:	1.0718446176441	

	
SGD: Hinge Loss is	
28233.217164965	
SGD: Validation Accuracy is:	
0.9377358490566	
SGD: Magnitude of W:	
9586.2726779577	
SGD: Magnitude of b:	
1.0718446176441	
    Current index:	9501	
    Magnitude of W_grad:	0.31111111111111	
    Magnitude of W:	9574.2498419488	
    Magnitude of B_grad:	0.044444444444444	
    Magnitude of b:	1.1141765283476	

	
SGD: Hinge Loss is	
28631.84701829	
SGD: Validation Accuracy is:	
0.93867924528302	
SGD: Magnitude of W:	
9574.2498419488	
SGD: Magnitude of b:	
1.1141765283476	
    Current index:	9501	
    Magnitude of W_grad:	0.13333333333333	
    Magnitude of W:	9562.3378061267	
    Magnitude of B_grad:	0.044444444444444	
    Magnitude of b:	1.100503486466	

	
SGD: Hinge Loss is	
28226.705678537	
SGD: Validation Accuracy is:	
0.93867924528302	
SGD: Magnitude of W:	
9562.3378061267	
SGD: Magnitude of b:	
1.100503486466	
    Current index:	9501	
    Magnitude of W_grad:	0.17777777777778	
    Magnitude of W:	9550.5469785051	
    Magnitude of B_grad:	0.044444444444444	
    Magnitude of b:	1.0988210978105	

	
SGD: Hinge Loss is	
28098.864148568	
SGD: Validation Accuracy is:	
0.9377358490566	
SGD: Magnitude of W:	
9550.5469785051	
SGD: Magnitude of b:	
1.0988210978105	
    Current index:	9501	
    Magnitude of W_grad:	0.26666666666667	
    Magnitude of W:	9538.7857644967	
    Magnitude of B_grad:	0.044444444444444	
    Magnitude of b:	1.1011239254095	

	
SGD: Hinge Loss is	
28206.920239242	
SGD: Validation Accuracy is:	
0.9377358490566	
SGD: Magnitude of W:	
9538.7857644967	
SGD: Magnitude of b:	
1.1011239254095	
    Current index:	9501	
    Magnitude of W_grad:	0	
    Magnitude of W:	9527.1203685846	
    Magnitude of B_grad:	0	
    Magnitude of b:	1.0509798961869	

	
SGD: Hinge Loss is	
27568.811003088	
SGD: Validation Accuracy is:	
0.93584905660377	
SGD: Magnitude of W:	
9527.1203685846	
SGD: Magnitude of b:	
1.0509798961869	
    Current index:	9501	
    Magnitude of W_grad:	0	
    Magnitude of W:	9515.4801385548	
    Magnitude of B_grad:	0	
    Magnitude of b:	1.0608263816888	

	
SGD: Hinge Loss is	
27488.473384859	
SGD: Validation Accuracy is:	
0.93584905660377	
SGD: Magnitude of W:	
9515.4801385548	
SGD: Magnitude of b:	
1.0608263816888	
    Current index:	9501	
    Magnitude of W_grad:	0	
    Magnitude of W:	9503.9358244461	
    Magnitude of B_grad:	0	
    Magnitude of b:	1.0506627671626	

	
SGD: Hinge Loss is	
27344.839106319	
SGD: Validation Accuracy is:	
0.93584905660377	
SGD: Magnitude of W:	
9503.9358244461	
SGD: Magnitude of b:	
1.0506627671626	
    Current index:	9501	
    Magnitude of W_grad:	0	
    Magnitude of W:	9492.5002045293	
    Magnitude of B_grad:	0	
    Magnitude of b:	1.0564911552309	

	
SGD: Hinge Loss is	
27227.40116639	
SGD: Validation Accuracy is:	
0.93490566037736	
SGD: Magnitude of W:	
9492.5002045293	
SGD: Magnitude of b:	
1.0564911552309	
    Current index:	9501	
    Magnitude of W_grad:	0.17777777777778	
    Magnitude of W:	9481.1170398418	
    Magnitude of B_grad:	0.044444444444444	
    Magnitude of b:	1.0907532786354	

	
SGD: Hinge Loss is	
27330.953399817	
SGD: Validation Accuracy is:	
0.93679245283019	
SGD: Magnitude of W:	
9481.1170398418	
SGD: Magnitude of b:	
1.0907532786354	
    Current index:	9501	
    Magnitude of W_grad:	0	
    Magnitude of W:	9469.7301304248	
    Magnitude of B_grad:	0	
    Magnitude of b:	1.0565535107135	

	
SGD: Hinge Loss is	
26954.817735241	
SGD: Validation Accuracy is:	
0.93584905660377	
SGD: Magnitude of W:	
9469.7301304248	
SGD: Magnitude of b:	
1.0565535107135	
    Current index:	9501	
    Magnitude of W_grad:	0.26666666666667	
    Magnitude of W:	9458.3478011416	
    Magnitude of B_grad:	0.044444444444444	
    Magnitude of b:	1.1067900182427	

	
SGD: Hinge Loss is	
27439.928060312	
SGD: Validation Accuracy is:	
0.93962264150943	
SGD: Magnitude of W:	
9458.3478011416	
SGD: Magnitude of b:	
1.1067900182427	
    Current index:	9501	
    Magnitude of W_grad:	0.13333333333333	
    Magnitude of W:	9447.0646869127	
    Magnitude of B_grad:	0.044444444444444	
    Magnitude of b:	1.0890210440589	

	
SGD: Hinge Loss is	
26940.39258964	
SGD: Validation Accuracy is:	
0.93584905660377	
SGD: Magnitude of W:	
9447.0646869127	
SGD: Magnitude of b:	
1.0890210440589	
    Current index:	9501	
    Magnitude of W_grad:	0	
    Magnitude of W:	9435.782277109	
    Magnitude of B_grad:	0	
    Magnitude of b:	1.0587876969158	

	
Done.	
Testing on validation set...	
Done	
Datafile:	/n/home09/ankitgupta/CS287/HW1/MPQA-uni-sent.hdf5	Classifier:	hinge	Alpha:	0	Eta:	1	Lambda:	0.5	Minibatch size:	500	Num Epochs:	50	Minimum Sentence Length:	0	
Accuracy:	0.93584905660377	
