[?1034hDatafile:	/n/home09/ankitgupta/CS287/HW1/SST1-uni.hdf5	Classifier:	hinge	Alpha:	0	Eta:	0.5	Lambda:	1	Minibatch size:	500	Num Epochs:	50	Minimum Sentence Length:	5	
Note that not all parameters may apply to all classifiers	
Loading datafiles...	
Number of training samples before removing small sentences	156817	
Number of training samples after removing small sentences	79635	
Done.	
Training classifier...	
Parameters are:	
Eta:	
0.5	
Lambda:	
1	
Minibatch size:	
500	
Number of Epochs	
50	
SGD: Hinge Loss is	
504582.65082125	
SGD: Validation Accuracy is:	
0.24159854677566	
SGD: Magnitude of W:	
61190.311558045	
SGD: Magnitude of b:	
6.3321003678007	
    Current index:	9501	
    Magnitude of W_grad:	10.808	
    Magnitude of W:	61160.353034581	
    Magnitude of B_grad:	0.252	
    Magnitude of b:	4.475450531122	

	
    Current index:	19501	
    Magnitude of W_grad:	9.9479999999999	
    Magnitude of W:	61130.907093222	
    Magnitude of B_grad:	0.108	
    Magnitude of b:	4.578555163153	

	
    Current index:	29501	
    Magnitude of W_grad:	10.396	
    Magnitude of W:	61102.329658365	
    Magnitude of B_grad:	0.22	
    Magnitude of b:	5.2699365822886	

	
    Current index:	39501	
    Magnitude of W_grad:	14.524	
    Magnitude of W:	61073.526309306	
    Magnitude of B_grad:	0.844	
    Magnitude of b:	5.4892438955133	

	
    Current index:	49501	
    Magnitude of W_grad:	10.392	
    Magnitude of W:	61041.152117105	
    Magnitude of B_grad:	0.168	
    Magnitude of b:	4.7447175095045	

	
    Current index:	59501	
    Magnitude of W_grad:	10.564	
    Magnitude of W:	61010.987130016	
    Magnitude of B_grad:	0.036	
    Magnitude of b:	5.3320645035881	

	
    Current index:	69501	
    Magnitude of W_grad:	9.7919999999999	
    Magnitude of W:	60982.557497095	
    Magnitude of B_grad:	0.112	
    Magnitude of b:	5.8753560420685	

	
    Current index:	79501	
    Magnitude of W_grad:	13.614814814815	
    Magnitude of W:	60954.697379058	
    Magnitude of B_grad:	0.82962962962963	
    Magnitude of b:	5.6939956344235	

	
SGD: Hinge Loss is	
365340.44600903	
SGD: Validation Accuracy is:	
0.24069028156222	
SGD: Magnitude of W:	
60954.697379058	
SGD: Magnitude of b:	
5.6939956344235	
    Current index:	9501	
    Magnitude of W_grad:	10.312	
    Magnitude of W:	60926.655553104	
    Magnitude of B_grad:	0.144	
    Magnitude of b:	5.3597863329223	

	
    Current index:	19501	
    Magnitude of W_grad:	9.8799999999999	
    Magnitude of W:	60899.851160367	
    Magnitude of B_grad:	0.184	
    Magnitude of b:	5.7370827784873	

	
    Current index:	29501	
    Magnitude of W_grad:	9.7759999999999	
    Magnitude of W:	60874.195606201	
    Magnitude of B_grad:	0.216	
    Magnitude of b:	6.2323331795571	

	
    Current index:	39501	
    Magnitude of W_grad:	14.472	
    Magnitude of W:	60847.923843942	
    Magnitude of B_grad:	0.796	
    Magnitude of b:	6.2495319673164	

	
    Current index:	49501	
    Magnitude of W_grad:	10.308	
    Magnitude of W:	60818.855413839	
    Magnitude of B_grad:	0.152	
    Magnitude of b:	6.1172432704106	

	
    Current index:	59501	
    Magnitude of W_grad:	10.58	
    Magnitude of W:	60792.265144973	
    Magnitude of B_grad:	0.072	
    Magnitude of b:	6.4424380637927	

	
    Current index:	69501	
    Magnitude of W_grad:	9.5159999999999	
    Magnitude of W:	60766.4387835	
    Magnitude of B_grad:	0.084	
    Magnitude of b:	6.6376078704485	

	
    Current index:	79501	
    Magnitude of W_grad:	13.392592592593	
    Magnitude of W:	60740.98064959	
    Magnitude of B_grad:	0.84444444444444	
    Magnitude of b:	6.2285360963586	

	
SGD: Hinge Loss is	
344866.32336098	
SGD: Validation Accuracy is:	
0.24704813805631	
SGD: Magnitude of W:	
60740.98064959	
SGD: Magnitude of b:	
6.2285360963586	
    Current index:	9501	
    Magnitude of W_grad:	10.468	
    Magnitude of W:	60713.955609314	
    Magnitude of B_grad:	0.12	
    Magnitude of b:	5.8667640002934	

	
    Current index:	19501	
    Magnitude of W_grad:	9.6839999999999	
    Magnitude of W:	60688.74812625	
    Magnitude of B_grad:	0.18	
    Magnitude of b:	6.1000052377374	

	
    Current index:	29501	
    Magnitude of W_grad:	10.004	
    Magnitude of W:	60664.60676308	
    Magnitude of B_grad:	0.212	
    Magnitude of b:	6.515215153796	

	
    Current index:	39501	
    Magnitude of W_grad:	14.26	
    Magnitude of W:	60639.782545214	
    Magnitude of B_grad:	0.76	
    Magnitude of b:	6.446384436046	

	
    Current index:	49501	
    Magnitude of W_grad:	10.112	
    Magnitude of W:	60613.000469292	
    Magnitude of B_grad:	0.144	
    Magnitude of b:	6.2435334588906	

	
    Current index:	59501	
    Magnitude of W_grad:	10.308	
    Magnitude of W:	60587.861876876	
    Magnitude of B_grad:	0.112	
    Magnitude of b:	6.5027163499543	

	
    Current index:	69501	
    Magnitude of W_grad:	9.7079999999999	
    Magnitude of W:	60563.687915417	
    Magnitude of B_grad:	0.124	
    Magnitude of b:	6.6378827565955	

	
    Current index:	79501	
    Magnitude of W_grad:	13.022222222222	
    Magnitude of W:	60539.683637532	
    Magnitude of B_grad:	0.82962962962963	
    Magnitude of b:	6.2082200003657	

	
SGD: Hinge Loss is	
331546.46060849	
SGD: Validation Accuracy is:	
0.25068119891008	
SGD: Magnitude of W:	
60539.683637532	
SGD: Magnitude of b:	
6.2082200003657	
    Current index:	9501	
    Magnitude of W_grad:	10.352	
    Magnitude of W:	60513.925891719	
    Magnitude of B_grad:	0.124	
    Magnitude of b:	5.9798126978282	

	
    Current index:	19501	
    Magnitude of W_grad:	9.4799999999999	
    Magnitude of W:	60489.692281261	
    Magnitude of B_grad:	0.164	
    Magnitude of b:	6.2030393133549	

	
    Current index:	29501	
    Magnitude of W_grad:	9.9959999999999	
    Magnitude of W:	60466.935570642	
    Magnitude of B_grad:	0.224	
    Magnitude of b:	6.5762387404704	

	
    Current index:	39501	
    Magnitude of W_grad:	13.836	
    Magnitude of W:	60443.206811542	
    Magnitude of B_grad:	0.76	
    Magnitude of b:	6.5274008374152	

	
    Current index:	49501	
    Magnitude of W_grad:	9.9159999999999	
    Magnitude of W:	60417.826723963	
    Magnitude of B_grad:	0.16	
    Magnitude of b:	6.1552075965744	

	
    Current index:	59501	
    Magnitude of W_grad:	10.348	
    Magnitude of W:	60394.005710514	
    Magnitude of B_grad:	0.108	
    Magnitude of b:	6.4163997199244	

	
    Current index:	69501	
    Magnitude of W_grad:	9.6079999999999	
    Magnitude of W:	60371.05860615	
    Magnitude of B_grad:	0.144	
    Magnitude of b:	6.497581071005	

	
    Current index:	79501	
    Magnitude of W_grad:	12.355555555556	
    Magnitude of W:	60347.762461908	
    Magnitude of B_grad:	0.74074074074074	
    Magnitude of b:	6.1383787187775	

	
SGD: Hinge Loss is	
321173.84598014	
SGD: Validation Accuracy is:	
0.24795640326975	
SGD: Magnitude of W:	
60347.762461908	
SGD: Magnitude of b:	
6.1383787187775	
    Current index:	9501	
    Magnitude of W_grad:	10.224	
    Magnitude of W:	60322.749139903	
    Magnitude of B_grad:	0.1	
    Magnitude of b:	5.951355805077	

	
    Current index:	19501	
    Magnitude of W_grad:	9.2519999999999	
    Magnitude of W:	60299.492490744	
    Magnitude of B_grad:	0.172	
    Magnitude of b:	6.1245884674742	

	
    Current index:	29501	
    Magnitude of W_grad:	9.8559999999999	
    Magnitude of W:	60277.661671917	
    Magnitude of B_grad:	0.2	
    Magnitude of b:	6.5117964142818	

	
    Current index:	39501	
    Magnitude of W_grad:	13.592	
    Magnitude of W:	60254.475081144	
    Magnitude of B_grad:	0.732	
    Magnitude of b:	6.4489652343095	

	
    Current index:	49501	
    Magnitude of W_grad:	9.4519999999999	
    Magnitude of W:	60229.857774192	
    Magnitude of B_grad:	0.16	
    Magnitude of b:	6.0274039769949	

	
    Current index:	59501	
    Magnitude of W_grad:	10.42	
    Magnitude of W:	60206.438762661	
    Magnitude of B_grad:	0.112	
    Magnitude of b:	6.3166110556476	

	
    Current index:	69501	
    Magnitude of W_grad:	9.6919999999999	
    Magnitude of W:	60184.229658563	
    Magnitude of B_grad:	0.164	
    Magnitude of b:	6.3718059789885	

	
    Current index:	79501	
    Magnitude of W_grad:	12.162962962963	
    Magnitude of W:	60161.387922838	
    Magnitude of B_grad:	0.6962962962963	
    Magnitude of b:	6.0068439649836	

	
SGD: Hinge Loss is	
312151.11730614	
SGD: Validation Accuracy is:	
0.24704813805631	
SGD: Magnitude of W:	
60161.387922838	
SGD: Magnitude of b:	
6.0068439649836	
    Current index:	9501	
    Magnitude of W_grad:	9.8999999999999	
    Magnitude of W:	60137.233722181	
    Magnitude of B_grad:	0.076	
    Magnitude of b:	5.9289091155372	

	
    Current index:	19501	
    Magnitude of W_grad:	9.2039999999999	
    Magnitude of W:	60114.950009831	
    Magnitude of B_grad:	0.156	
    Magnitude of b:	6.0501482002764	

	
    Current index:	29501	
    Magnitude of W_grad:	9.5879999999999	
    Magnitude of W:	60093.712748212	
    Magnitude of B_grad:	0.176	
    Magnitude of b:	6.4593634098292	

	
    Current index:	39501	
    Magnitude of W_grad:	13.636	
    Magnitude of W:	60071.098326318	
    Magnitude of B_grad:	0.74	
    Magnitude of b:	6.4045371310254	

	
    Current index:	49501	
    Magnitude of W_grad:	9.2759999999999	
    Magnitude of W:	60046.972295147	
    Magnitude of B_grad:	0.192	
    Magnitude of b:	5.9099143493528	

	
    Current index:	59501	
    Magnitude of W_grad:	10.424	
    Magnitude of W:	60024.538757254	
    Magnitude of B_grad:	0.116	
    Magnitude of b:	6.2131351635488	

	
    Current index:	69501	
    Magnitude of W_grad:	9.7279999999999	
    Magnitude of W:	60002.604054984	
    Magnitude of B_grad:	0.164	
    Magnitude of b:	6.2783420376352	

	
    Current index:	79501	
    Magnitude of W_grad:	11.674074074074	
    Magnitude of W:	59980.476118194	
    Magnitude of B_grad:	0.66666666666667	
    Magnitude of b:	5.9082078299964	

	
SGD: Hinge Loss is	
304415.11755291	
SGD: Validation Accuracy is:	
0.2488646684832	
SGD: Magnitude of W:	
59980.476118194	
SGD: Magnitude of b:	
5.9082078299964	
    Current index:	9501	
    Magnitude of W_grad:	9.4559999999999	
    Magnitude of W:	59957.247789301	
    Magnitude of B_grad:	0.056	
    Magnitude of b:	5.896466341875	

	
    Current index:	19501	
    Magnitude of W_grad:	9.1839999999999	
    Magnitude of W:	59935.667274036	
    Magnitude of B_grad:	0.164	
    Magnitude of b:	5.9997105927403	

	
    Current index:	29501	
    Magnitude of W_grad:	9.5119999999999	
    Magnitude of W:	59914.999162231	
    Magnitude of B_grad:	0.164	
    Magnitude of b:	6.3949320853029	

	
    Current index:	39501	
    Magnitude of W_grad:	13.588	
    Magnitude of W:	59893.224513953	
    Magnitude of B_grad:	0.736	
    Magnitude of b:	6.3701124151152	

	
    Current index:	49501	
    Magnitude of W_grad:	9.1479999999999	
    Magnitude of W:	59869.539421384	
    Magnitude of B_grad:	0.196	
    Magnitude of b:	5.835315759877	

	
    Current index:	59501	
    Magnitude of W_grad:	10.292	
    Magnitude of W:	59847.820741685	
    Magnitude of B_grad:	0.104	
    Magnitude of b:	6.1005480757398	

	
    Current index:	69501	
    Magnitude of W_grad:	9.6959999999999	
    Magnitude of W:	59826.512463123	
    Magnitude of B_grad:	0.172	
    Magnitude of b:	6.1837691119526	

	
    Current index:	79501	
    Magnitude of W_grad:	11.807407407407	
    Magnitude of W:	59805.01771935	
    Magnitude of B_grad:	0.62222222222222	
    Magnitude of b:	5.8078698429506	

	
SGD: Hinge Loss is	
297056.48790364	
SGD: Validation Accuracy is:	
0.24977293369664	
SGD: Magnitude of W:	
59805.01771935	
SGD: Magnitude of b:	
5.8078698429506	
    Current index:	9501	
    Magnitude of W_grad:	9.3559999999999	
    Magnitude of W:	59782.432201617	
    Magnitude of B_grad:	0.08	
    Magnitude of b:	5.8426381028828	

	
    Current index:	19501	
    Magnitude of W_grad:	9.0719999999999	
    Magnitude of W:	59761.651156367	
    Magnitude of B_grad:	0.18	
    Magnitude of b:	5.9078909837075	

	
    Current index:	29501	
    Magnitude of W_grad:	9.3999999999999	
    Magnitude of W:	59741.625051455	
    Magnitude of B_grad:	0.168	
    Magnitude of b:	6.3251225239142	

	
    Current index:	39501	
    Magnitude of W_grad:	13.404	
    Magnitude of W:	59720.216639773	
    Magnitude of B_grad:	0.716	
    Magnitude of b:	6.3143096856455	

	
    Current index:	49501	
    Magnitude of W_grad:	9.0479999999999	
    Magnitude of W:	59697.377215695	
    Magnitude of B_grad:	0.188	
    Magnitude of b:	5.7709962747662	

	
    Current index:	59501	
    Magnitude of W_grad:	10.168	
    Magnitude of W:	59676.157711441	
    Magnitude of B_grad:	0.112	
    Magnitude of b:	6.0402369054926	

	
    Current index:	69501	
    Magnitude of W_grad:	9.5879999999999	
    Magnitude of W:	59655.565475882	
    Magnitude of B_grad:	0.18	
    Magnitude of b:	6.1254658034799	

	
    Current index:	79501	
    Magnitude of W_grad:	11.407407407407	
    Magnitude of W:	59634.469633596	
    Magnitude of B_grad:	0.59259259259259	
    Magnitude of b:	5.7763881176872	

	
SGD: Hinge Loss is	
291524.06427466	
SGD: Validation Accuracy is:	
0.25703905540418	
SGD: Magnitude of W:	
59634.469633596	
SGD: Magnitude of b:	
5.7763881176872	
    Current index:	9501	
    Magnitude of W_grad:	9.2439999999999	
    Magnitude of W:	59612.707241866	
    Magnitude of B_grad:	0.092	
    Magnitude of b:	5.8014262991167	

	
    Current index:	19501	
    Magnitude of W_grad:	8.9879999999999	
    Magnitude of W:	59592.246581601	
    Magnitude of B_grad:	0.188	
    Magnitude of b:	5.874683412968	

	
    Current index:	29501	
    Magnitude of W_grad:	9.2999999999999	
    Magnitude of W:	59572.749694395	
    Magnitude of B_grad:	0.136	
    Magnitude of b:	6.2699193238377	

	
    Current index:	39501	
    Magnitude of W_grad:	13.24	
    Magnitude of W:	59552.014968194	
    Magnitude of B_grad:	0.712	
    Magnitude of b:	6.2651107175263	

	
    Current index:	49501	
    Magnitude of W_grad:	9.0119999999999	
    Magnitude of W:	59529.604069223	
    Magnitude of B_grad:	0.176	
    Magnitude of b:	5.6755396087046	

	
    Current index:	59501	
    Magnitude of W_grad:	10.06	
    Magnitude of W:	59509.004154222	
    Magnitude of B_grad:	0.12	
    Magnitude of b:	5.962791522313	

	
    Current index:	69501	
    Magnitude of W_grad:	9.5799999999999	
    Magnitude of W:	59488.808889338	
    Magnitude of B_grad:	0.168	
    Magnitude of b:	6.0600290899803	

	
    Current index:	79501	
    Magnitude of W_grad:	11.555555555556	
    Magnitude of W:	59468.247512459	
    Magnitude of B_grad:	0.59259259259259	
    Magnitude of b:	5.7089592817429	

	
SGD: Hinge Loss is	
285330.19827836	
SGD: Validation Accuracy is:	
0.25794732061762	
SGD: Magnitude of W:	
59468.247512459	
SGD: Magnitude of b:	
5.7089592817429	
    Current index:	9501	
    Magnitude of W_grad:	9.1119999999999	
    Magnitude of W:	59446.853337322	
    Magnitude of B_grad:	0.084	
    Magnitude of b:	5.7570525254648	

	
    Current index:	19501	
    Magnitude of W_grad:	8.9159999999999	
    Magnitude of W:	59426.718793013	
    Magnitude of B_grad:	0.188	
    Magnitude of b:	5.8723126369704	

	
    Current index:	29501	
    Magnitude of W_grad:	9.1599999999999	
    Magnitude of W:	59407.577904213	
    Magnitude of B_grad:	0.108	
    Magnitude of b:	6.2255521353943	

	
    Current index:	39501	
    Magnitude of W_grad:	13.084	
    Magnitude of W:	59387.087701852	
    Magnitude of B_grad:	0.696	
    Magnitude of b:	6.2267488489341	

	
    Current index:	49501	
    Magnitude of W_grad:	8.8079999999999	
    Magnitude of W:	59365.087311536	
    Magnitude of B_grad:	0.168	
    Magnitude of b:	5.598125127509	

	
    Current index:	59501	
    Magnitude of W_grad:	9.8919999999999	
    Magnitude of W:	59344.966055294	
    Magnitude of B_grad:	0.124	
    Magnitude of b:	5.9053844136087	

	
    Current index:	69501	
    Magnitude of W_grad:	9.5119999999999	
    Magnitude of W:	59324.975780605	
    Magnitude of B_grad:	0.168	
    Magnitude of b:	6.0146278711308	

	
    Current index:	79501	
    Magnitude of W_grad:	11.555555555556	
    Magnitude of W:	59304.90963061	
    Magnitude of B_grad:	0.59259259259259	
    Magnitude of b:	5.6555634749356	

	
SGD: Hinge Loss is	
280176.55129494	
SGD: Validation Accuracy is:	
0.26339691189827	
SGD: Magnitude of W:	
59304.90963061	
SGD: Magnitude of b:	
5.6555634749356	
    Current index:	9501	
    Magnitude of W_grad:	8.8839999999999	
    Magnitude of W:	59284.055057997	
    Magnitude of B_grad:	0.076	
    Magnitude of b:	5.7326882732573	

	
    Current index:	19501	
    Magnitude of W_grad:	8.9879999999999	
    Magnitude of W:	59264.267480256	
    Magnitude of B_grad:	0.212	
    Magnitude of b:	5.8499514691751	

	
    Current index:	29501	
    Magnitude of W_grad:	9.1319999999999	
    Magnitude of W:	59245.46633215	
    Magnitude of B_grad:	0.112	
    Magnitude of b:	6.1911934614825	

	
    Current index:	39501	
    Magnitude of W_grad:	12.836	
    Magnitude of W:	59225.38286259	
    Magnitude of B_grad:	0.68	
    Magnitude of b:	6.1683948157845	

	
    Current index:	49501	
    Magnitude of W_grad:	8.6359999999999	
    Magnitude of W:	59203.781014754	
    Magnitude of B_grad:	0.148	
    Magnitude of b:	5.5407462652076	

	
    Current index:	59501	
    Magnitude of W_grad:	9.8719999999999	
    Magnitude of W:	59184.247716607	
    Magnitude of B_grad:	0.124	
    Magnitude of b:	5.8440136099399	

	
    Current index:	69501	
    Magnitude of W_grad:	9.6199999999999	
    Magnitude of W:	59164.843166235	
    Magnitude of B_grad:	0.172	
    Magnitude of b:	5.9712636182802	

	
    Current index:	79501	
    Magnitude of W_grad:	11.288888888889	
    Magnitude of W:	59145.129325792	
    Magnitude of B_grad:	0.60740740740741	
    Magnitude of b:	5.6027961170714	

	
SGD: Hinge Loss is	
275196.55456735	
SGD: Validation Accuracy is:	
0.26248864668483	
SGD: Magnitude of W:	
59145.129325792	
SGD: Magnitude of b:	
5.6027961170714	
    Current index:	9501	
    Magnitude of W_grad:	8.7999999999999	
    Magnitude of W:	59124.8288052	
    Magnitude of B_grad:	0.08	
    Magnitude of b:	5.6851618158436	

	
    Current index:	19501	
    Magnitude of W_grad:	8.9039999999999	
    Magnitude of W:	59105.515410847	
    Magnitude of B_grad:	0.22	
    Magnitude of b:	5.8164298493256	

	
    Current index:	29501	
    Magnitude of W_grad:	9.1999999999999	
    Magnitude of W:	59087.285369105	
    Magnitude of B_grad:	0.128	
    Magnitude of b:	6.1396762768155	

	
    Current index:	39501	
    Magnitude of W_grad:	12.772	
    Magnitude of W:	59067.563835145	
    Magnitude of B_grad:	0.668	
    Magnitude of b:	6.1188834846301	

	
    Current index:	49501	
    Magnitude of W_grad:	8.2799999999999	
    Magnitude of W:	59046.430820632	
    Magnitude of B_grad:	0.124	
    Magnitude of b:	5.4799955463223	

	
    Current index:	59501	
    Magnitude of W_grad:	9.6879999999999	
    Magnitude of W:	59027.248500751	
    Magnitude of B_grad:	0.116	
    Magnitude of b:	5.7932698160562	

	
    Current index:	69501	
    Magnitude of W_grad:	9.5959999999999	
    Magnitude of W:	59008.079923922	
    Magnitude of B_grad:	0.164	
    Magnitude of b:	5.9345247645958	

	
    Current index:	79501	
    Magnitude of W_grad:	10.933333333333	
    Magnitude of W:	58988.73519924	
    Magnitude of B_grad:	0.57777777777778	
    Magnitude of b:	5.5528791775788	

	
SGD: Hinge Loss is	
270869.9096659	
SGD: Validation Accuracy is:	
0.26158038147139	
SGD: Magnitude of W:	
58988.73519924	
SGD: Magnitude of b:	
5.5528791775788	
    Current index:	9501	
    Magnitude of W_grad:	8.7799999999999	
    Magnitude of W:	58968.900516407	
    Magnitude of B_grad:	0.08	
    Magnitude of b:	5.6708491983662	

	
    Current index:	19501	
    Magnitude of W_grad:	8.8799999999999	
    Magnitude of W:	58949.987587559	
    Magnitude of B_grad:	0.216	
    Magnitude of b:	5.7781223816347	

	
    Current index:	29501	
    Magnitude of W_grad:	9.2039999999999	
    Magnitude of W:	58932.178668612	
    Magnitude of B_grad:	0.124	
    Magnitude of b:	6.1113724012009	

	
    Current index:	39501	
    Magnitude of W_grad:	12.38	
    Magnitude of W:	58912.697885429	
    Magnitude of B_grad:	0.636	
    Magnitude of b:	6.0885831755601	

	
    Current index:	49501	
    Magnitude of W_grad:	8.1119999999998	
    Magnitude of W:	58891.863483649	
    Magnitude of B_grad:	0.1	
    Magnitude of b:	5.4360981875533	

	
    Current index:	59501	
    Magnitude of W_grad:	9.6519999999999	
    Magnitude of W:	58873.061153178	
    Magnitude of B_grad:	0.144	
    Magnitude of b:	5.7153797900176	

	
    Current index:	69501	
    Magnitude of W_grad:	9.6039999999999	
    Magnitude of W:	58854.183898124	
    Magnitude of B_grad:	0.168	
    Magnitude of b:	5.896641643364	

	
    Current index:	79501	
    Magnitude of W_grad:	10.711111111111	
    Magnitude of W:	58835.326807539	
    Magnitude of B_grad:	0.57777777777778	
    Magnitude of b:	5.5130025208679	

	
SGD: Hinge Loss is	
266573.63307168	
SGD: Validation Accuracy is:	
0.26248864668483	
SGD: Magnitude of W:	
58835.326807539	
SGD: Magnitude of b:	
5.5130025208679	
    Current index:	9501	
    Magnitude of W_grad:	8.6039999999999	
    Magnitude of W:	58815.965293375	
    Magnitude of B_grad:	0.1	
    Magnitude of b:	5.645964041793	

	
    Current index:	19501	
    Magnitude of W_grad:	8.7759999999999	
    Magnitude of W:	58797.447857597	
    Magnitude of B_grad:	0.212	
    Magnitude of b:	5.7512417561158	

	
    Current index:	29501	
    Magnitude of W_grad:	9.2439999999999	
    Magnitude of W:	58779.967641031	
    Magnitude of B_grad:	0.136	
    Magnitude of b:	6.0644959797007	

	
    Current index:	39501	
    Magnitude of W_grad:	12.452	
    Magnitude of W:	58760.83267937	
    Magnitude of B_grad:	0.648	
    Magnitude of b:	6.0497110454398	

	
    Current index:	49501	
    Magnitude of W_grad:	8.1199999999998	
    Magnitude of W:	58740.336501219	
    Magnitude of B_grad:	0.092	
    Magnitude of b:	5.3782400701526	

	
    Current index:	59501	
    Magnitude of W_grad:	9.7279999999999	
    Magnitude of W:	58721.88511065	
    Magnitude of B_grad:	0.152	
    Magnitude of b:	5.6655286990125	

	
    Current index:	69501	
    Magnitude of W_grad:	9.6439999999999	
    Magnitude of W:	58703.517567907	
    Magnitude of B_grad:	0.16	
    Magnitude of b:	5.8567961213077	

	
    Current index:	79501	
    Magnitude of W_grad:	10.488888888889	
    Magnitude of W:	58684.977795631	
    Magnitude of B_grad:	0.59259259259259	
    Magnitude of b:	5.4677545318368	

	
SGD: Hinge Loss is	
262166.53357534	
SGD: Validation Accuracy is:	
0.26339691189827	
SGD: Magnitude of W:	
58684.977795631	
SGD: Magnitude of b:	
5.4677545318368	
    Current index:	9501	
    Magnitude of W_grad:	8.3119999999998	
    Magnitude of W:	58665.94784448	
    Magnitude of B_grad:	0.1	
    Magnitude of b:	5.6090985092428	

	
    Current index:	19501	
    Magnitude of W_grad:	8.7239999999999	
    Magnitude of W:	58647.583146103	
    Magnitude of B_grad:	0.208	
    Magnitude of b:	5.7183803126601	

	
    Current index:	29501	
    Magnitude of W_grad:	9.1439999999999	
    Magnitude of W:	58630.274365471	
    Magnitude of B_grad:	0.14	
    Magnitude of b:	6.0236386248465	

	
    Current index:	39501	
    Magnitude of W_grad:	12.404	
    Magnitude of W:	58611.621735229	
    Magnitude of B_grad:	0.648	
    Magnitude of b:	6.0108577912021	

	
    Current index:	49501	
    Magnitude of W_grad:	8.0799999999998	
    Magnitude of W:	58591.577842628	
    Magnitude of B_grad:	0.084	
    Magnitude of b:	5.3529975843658	

	
    Current index:	59501	
    Magnitude of W_grad:	9.4439999999999	
    Magnitude of W:	58573.344059557	
    Magnitude of B_grad:	0.144	
    Magnitude of b:	5.6422891819073	

	
    Current index:	69501	
    Magnitude of W_grad:	9.7199999999999	
    Magnitude of W:	58555.354215491	
    Magnitude of B_grad:	0.168	
    Magnitude of b:	5.8275609663069	

	
    Current index:	79501	
    Magnitude of W_grad:	10.4	
    Magnitude of W:	58537.171317855	
    Magnitude of B_grad:	0.57777777777778	
    Magnitude of b:	5.4339313090273	

	
SGD: Hinge Loss is	
258282.52007559	
SGD: Validation Accuracy is:	
0.26430517711172	
SGD: Magnitude of W:	
58537.171317855	
SGD: Magnitude of b:	
5.4339313090273	
    Current index:	9501	
    Magnitude of W_grad:	8.1239999999998	
    Magnitude of W:	58518.475762928	
    Magnitude of B_grad:	0.108	
    Magnitude of b:	5.5756624493322	

	
    Current index:	19501	
    Magnitude of W_grad:	8.7279999999999	
    Magnitude of W:	58500.406771497	
    Magnitude of B_grad:	0.216	
    Magnitude of b:	5.7029470322454	

	
    Current index:	29501	
    Magnitude of W_grad:	9.1439999999999	
    Magnitude of W:	58483.312442607	
    Magnitude of B_grad:	0.14	
    Magnitude of b:	5.9882086133431	

	
    Current index:	39501	
    Magnitude of W_grad:	12.1	
    Magnitude of W:	58465.057118904	
    Magnitude of B_grad:	0.624	
    Magnitude of b:	5.973432680554	

	
    Current index:	49501	
    Magnitude of W_grad:	7.9959999999998	
    Magnitude of W:	58445.358567949	
    Magnitude of B_grad:	0.076	
    Magnitude of b:	5.295188975721	

	
    Current index:	59501	
    Magnitude of W_grad:	9.7399999999999	
    Magnitude of W:	58427.441662713	
    Magnitude of B_grad:	0.164	
    Magnitude of b:	5.6084863628798	

	
    Current index:	69501	
    Magnitude of W_grad:	9.6519999999999	
    Magnitude of W:	58409.80927041	
    Magnitude of B_grad:	0.152	
    Magnitude of b:	5.7937629818943	

	
    Current index:	79501	
    Magnitude of W_grad:	10.162962962963	
    Magnitude of W:	58392.090917831	
    Magnitude of B_grad:	0.57777777777778	
    Magnitude of b:	5.396137719169	

	
SGD: Hinge Loss is	
254917.95620423	
SGD: Validation Accuracy is:	
0.26521344232516	
SGD: Magnitude of W:	
58392.090917831	
SGD: Magnitude of b:	
5.396137719169	
    Current index:	9501	
    Magnitude of W_grad:	8.1799999999998	
    Magnitude of W:	58373.719069301	
    Magnitude of B_grad:	0.128	
    Magnitude of b:	5.5410614443118	

	
    Current index:	19501	
    Magnitude of W_grad:	8.4639999999998	
    Magnitude of W:	58355.999243496	
    Magnitude of B_grad:	0.216	
    Magnitude of b:	5.6683508364994	

	
    Current index:	29501	
    Magnitude of W_grad:	9.0959999999999	
    Magnitude of W:	58339.255855933	
    Magnitude of B_grad:	0.14	
    Magnitude of b:	5.9516175653018	

	
    Current index:	39501	
    Magnitude of W_grad:	12.14	
    Magnitude of W:	58321.353220079	
    Magnitude of B_grad:	0.612	
    Magnitude of b:	5.9468448207377	

	
    Current index:	49501	
    Magnitude of W_grad:	7.9119999999998	
    Magnitude of W:	58301.962710906	
    Magnitude of B_grad:	0.092	
    Magnitude of b:	5.2574077729783	

	
    Current index:	59501	
    Magnitude of W_grad:	9.7519999999999	
    Magnitude of W:	58284.361750067	
    Magnitude of B_grad:	0.16	
    Magnitude of b:	5.5847078699788	

	
    Current index:	69501	
    Magnitude of W_grad:	9.5799999999999	
    Magnitude of W:	58267.123706342	
    Magnitude of B_grad:	0.136	
    Magnitude of b:	5.7659880147017	

	
    Current index:	79501	
    Magnitude of W_grad:	9.762962962963	
    Magnitude of W:	58249.790488017	
    Magnitude of B_grad:	0.56296296296296	
    Magnitude of b:	5.373773910665	

	
SGD: Hinge Loss is	
251894.03478866	
SGD: Validation Accuracy is:	
0.26702997275204	
SGD: Magnitude of W:	
58249.790488017	
SGD: Magnitude of b:	
5.373773910665	
    Current index:	9501	
    Magnitude of W_grad:	8.0679999999998	
    Magnitude of W:	58232.001299948	
    Magnitude of B_grad:	0.12	
    Magnitude of b:	5.5378799666703	

	
    Current index:	19501	
    Magnitude of W_grad:	8.5839999999998	
    Magnitude of W:	58214.495411684	
    Magnitude of B_grad:	0.232	
    Magnitude of b:	5.6351717423023	

	
    Current index:	29501	
    Magnitude of W_grad:	8.9399999999999	
    Magnitude of W:	58198.159212916	
    Magnitude of B_grad:	0.136	
    Magnitude of b:	5.9244413188198	

	
    Current index:	39501	
    Magnitude of W_grad:	11.984	
    Magnitude of W:	58180.624268558	
    Magnitude of B_grad:	0.6	
    Magnitude of b:	5.9096726145139	

	
    Current index:	49501	
    Magnitude of W_grad:	7.8799999999998	
    Magnitude of W:	58161.47901887	
    Magnitude of B_grad:	0.1	
    Magnitude of b:	5.2370502934936	

	
    Current index:	59501	
    Magnitude of W_grad:	9.5759999999999	
    Magnitude of W:	58144.182974498	
    Magnitude of B_grad:	0.156	
    Magnitude of b:	5.5503542525721	

	
    Current index:	69501	
    Magnitude of W_grad:	9.4359999999999	
    Magnitude of W:	58127.144688224	
    Magnitude of B_grad:	0.14	
    Magnitude of b:	5.7396373799242	

	
    Current index:	79501	
    Magnitude of W_grad:	9.6740740740741	
    Magnitude of W:	58109.959985784	
    Magnitude of B_grad:	0.56296296296296	
    Magnitude of b:	5.3314273882525	

	
SGD: Hinge Loss is	
248365.85605347	
SGD: Validation Accuracy is:	
0.27429609445958	
SGD: Magnitude of W:	
58109.959985784	
SGD: Magnitude of b:	
5.3314273882525	
    Current index:	9501	
    Magnitude of W_grad:	8.1399999999999	
    Magnitude of W:	58092.357434371	
    Magnitude of B_grad:	0.128	
    Magnitude of b:	5.5241201706134	

	
    Current index:	19501	
    Magnitude of W_grad:	8.4919999999998	
    Magnitude of W:	58074.933940143	
    Magnitude of B_grad:	0.216	
    Magnitude of b:	5.6274140004598	

	
    Current index:	29501	
    Magnitude of W_grad:	8.8799999999999	
    Magnitude of W:	58058.842890657	
    Magnitude of B_grad:	0.136	
    Magnitude of b:	5.902684124168	

	
    Current index:	39501	
    Magnitude of W_grad:	11.896	
    Magnitude of W:	58041.723911365	
    Magnitude of B_grad:	0.6	
    Magnitude of b:	5.8799182773772	

	
    Current index:	49501	
    Magnitude of W_grad:	7.9519999999998	
    Magnitude of W:	58022.833694595	
    Magnitude of B_grad:	0.092	
    Magnitude of b:	5.2027159521278	

	
    Current index:	59501	
    Magnitude of W_grad:	9.5279999999999	
    Magnitude of W:	58005.865339386	
    Magnitude of B_grad:	0.16	
    Magnitude of b:	5.5200231174318	

	
    Current index:	69501	
    Magnitude of W_grad:	9.3999999999999	
    Magnitude of W:	57988.918007386	
    Magnitude of B_grad:	0.132	
    Magnitude of b:	5.7233093878102	

	
    Current index:	79501	
    Magnitude of W_grad:	9.2592592592592	
    Magnitude of W:	57972.194024593	
    Magnitude of B_grad:	0.56296296296296	
    Magnitude of b:	5.3251012705629	

	
SGD: Hinge Loss is	
246304.38483041	
SGD: Validation Accuracy is:	
0.27520435967302	
SGD: Magnitude of W:	
57972.194024593	
SGD: Magnitude of b:	
5.3251012705629	
    Current index:	9501	
    Magnitude of W_grad:	8.2519999999999	
    Magnitude of W:	57955.021192382	
    Magnitude of B_grad:	0.116	
    Magnitude of b:	5.5081498374487	

	
    Current index:	19501	
    Magnitude of W_grad:	8.5079999999998	
    Magnitude of W:	57937.776654599	
    Magnitude of B_grad:	0.216	
    Magnitude of b:	5.5914466646094	

	
    Current index:	29501	
    Magnitude of W_grad:	8.6959999999999	
    Magnitude of W:	57922.019385966	
    Magnitude of B_grad:	0.136	
    Magnitude of b:	5.8747209529594	

	
    Current index:	39501	
    Magnitude of W_grad:	11.82	
    Magnitude of W:	57905.074750771	
    Magnitude of B_grad:	0.596	
    Magnitude of b:	5.8599588434057	

	
    Current index:	49501	
    Magnitude of W_grad:	7.9839999999998	
    Magnitude of W:	57886.257594844	
    Magnitude of B_grad:	0.088	
    Magnitude of b:	5.194401600335	

	
    Current index:	59501	
    Magnitude of W_grad:	9.1879999999999	
    Magnitude of W:	57869.642877186	
    Magnitude of B_grad:	0.156	
    Magnitude of b:	5.4997095710561	

	
    Current index:	69501	
    Magnitude of W_grad:	9.3999999999999	
    Magnitude of W:	57852.956935589	
    Magnitude of B_grad:	0.116	
    Magnitude of b:	5.6989976512663	

	
    Current index:	79501	
    Magnitude of W_grad:	9.2444444444444	
    Magnitude of W:	57836.498132716	
    Magnitude of B_grad:	0.56296296296296	
    Magnitude of b:	5.29279297599	

	
SGD: Hinge Loss is	
242977.6283382	
SGD: Validation Accuracy is:	
0.27792915531335	
SGD: Magnitude of W:	
57836.498132716	
SGD: Magnitude of b:	
5.29279297599	
    Current index:	9501	
    Magnitude of W_grad:	8.2679999999999	
    Magnitude of W:	57819.73582635	
    Magnitude of B_grad:	0.116	
    Magnitude of b:	5.4956021281414	

	
    Current index:	19501	
    Magnitude of W_grad:	8.3879999999998	
    Magnitude of W:	57802.579232401	
    Magnitude of B_grad:	0.22	
    Magnitude of b:	5.5869004304034	

	
    Current index:	29501	
    Magnitude of W_grad:	8.5559999999999	
    Magnitude of W:	57787.009119403	
    Magnitude of B_grad:	0.14	
    Magnitude of b:	5.8521769973258	

	
    Current index:	39501	
    Magnitude of W_grad:	11.472	
    Magnitude of W:	57770.430324657	
    Magnitude of B_grad:	0.58	
    Magnitude of b:	5.8314180449714	

	
    Current index:	49501	
    Magnitude of W_grad:	7.8959999999998	
    Magnitude of W:	57751.746160231	
    Magnitude of B_grad:	0.1	
    Magnitude of b:	5.1640906122456	

	
    Current index:	59501	
    Magnitude of W_grad:	9.1879999999999	
    Magnitude of W:	57735.301997022	
    Magnitude of B_grad:	0.156	
    Magnitude of b:	5.4794015853375	

	
    Current index:	69501	
    Magnitude of W_grad:	9.2519999999999	
    Magnitude of W:	57718.889029279	
    Magnitude of B_grad:	0.108	
    Magnitude of b:	5.662693659557	

	
    Current index:	79501	
    Magnitude of W_grad:	9.0666666666666	
    Magnitude of W:	57702.761168653	
    Magnitude of B_grad:	0.57777777777778	
    Magnitude of b:	5.2470857335855	

	
SGD: Hinge Loss is	
240416.0523578	
SGD: Validation Accuracy is:	
0.27883742052679	
SGD: Magnitude of W:	
57702.761168653	
SGD: Magnitude of b:	
5.2470857335855	
    Current index:	9501	
    Magnitude of W_grad:	8.2559999999999	
    Magnitude of W:	57686.231440971	
    Magnitude of B_grad:	0.116	
    Magnitude of b:	5.4548524434145	

	
    Current index:	19501	
    Magnitude of W_grad:	8.4119999999998	
    Magnitude of W:	57669.273831002	
    Magnitude of B_grad:	0.22	
    Magnitude of b:	5.5561547448878	

	
    Current index:	29501	
    Magnitude of W_grad:	8.5639999999999	
    Magnitude of W:	57653.977055227	
    Magnitude of B_grad:	0.14	
    Magnitude of b:	5.8174344441338	

	
    Current index:	39501	
    Magnitude of W_grad:	11.46	
    Magnitude of W:	57637.747697301	
    Magnitude of B_grad:	0.576	
    Magnitude of b:	5.8026791761832	

	
    Current index:	49501	
    Magnitude of W_grad:	7.9279999999998	
    Magnitude of W:	57619.247113665	
    Magnitude of B_grad:	0.096	
    Magnitude of b:	5.1343994297034	

	
    Current index:	59501	
    Magnitude of W_grad:	9.2439999999999	
    Magnitude of W:	57602.989079658	
    Magnitude of B_grad:	0.164	
    Magnitude of b:	5.4617134529119	

	
    Current index:	69501	
    Magnitude of W_grad:	9.2399999999999	
    Magnitude of W:	57586.656100576	
    Magnitude of B_grad:	0.112	
    Magnitude of b:	5.6350083759921	

	
    Current index:	79501	
    Magnitude of W_grad:	8.7851851851852	
    Magnitude of W:	57570.736343852	
    Magnitude of B_grad:	0.59259259259259	
    Magnitude of b:	5.2119964185035	

	
SGD: Hinge Loss is	
237655.47802748	
SGD: Validation Accuracy is:	
0.27974568574024	
SGD: Magnitude of W:	
57570.736343852	
SGD: Magnitude of b:	
5.2119964185035	
    Current index:	9501	
    Magnitude of W_grad:	8.0559999999998	
    Magnitude of W:	57554.664198053	
    Magnitude of B_grad:	0.104	
    Magnitude of b:	5.4263435892664	

	
    Current index:	19501	
    Magnitude of W_grad:	8.3879999999998	
    Magnitude of W:	57537.892968527	
    Magnitude of B_grad:	0.216	
    Magnitude of b:	5.5336501861911	

	
    Current index:	29501	
    Magnitude of W_grad:	8.4519999999999	
    Magnitude of W:	57522.735090454	
    Magnitude of B_grad:	0.132	
    Magnitude of b:	5.8029333516108	

	
    Current index:	39501	
    Magnitude of W_grad:	11.284	
    Magnitude of W:	57506.726835037	
    Magnitude of B_grad:	0.56	
    Magnitude of b:	5.7761813359533	

	
    Current index:	49501	
    Magnitude of W_grad:	7.8439999999998	
    Magnitude of W:	57488.355408859	
    Magnitude of B_grad:	0.1	
    Magnitude of b:	5.1033168491843	

	
    Current index:	59501	
    Magnitude of W_grad:	9.2119999999999	
    Magnitude of W:	57472.189545748	
    Magnitude of B_grad:	0.16	
    Magnitude of b:	5.4386347878505	

	
    Current index:	69501	
    Magnitude of W_grad:	9.1959999999999	
    Magnitude of W:	57456.066179512	
    Magnitude of B_grad:	0.132	
    Magnitude of b:	5.609932345127	

	
    Current index:	79501	
    Magnitude of W_grad:	8.1777777777777	
    Magnitude of W:	57440.23005218	
    Magnitude of B_grad:	0.53333333333333	
    Magnitude of b:	5.2125517847445	

	
SGD: Hinge Loss is	
235365.25336307	
SGD: Validation Accuracy is:	
0.27792915531335	
SGD: Magnitude of W:	
57440.23005218	
SGD: Magnitude of b:	
5.2125517847445	
    Current index:	9501	
    Magnitude of W_grad:	8.1959999999998	
    Magnitude of W:	57424.240326435	
    Magnitude of B_grad:	0.116	
    Magnitude of b:	5.4152568951192	

	
    Current index:	19501	
    Magnitude of W_grad:	8.1559999999998	
    Magnitude of W:	57407.511593882	
    Magnitude of B_grad:	0.212	
    Magnitude of b:	5.5245650473845	

	
    Current index:	29501	
    Magnitude of W_grad:	8.3879999999999	
    Magnitude of W:	57392.623534327	
    Magnitude of B_grad:	0.136	
    Magnitude of b:	5.7698518021224	

	
    Current index:	39501	
    Magnitude of W_grad:	11.204	
    Magnitude of W:	57376.747026553	
    Magnitude of B_grad:	0.56	
    Magnitude of b:	5.7391043170667	

	
    Current index:	49501	
    Magnitude of W_grad:	7.7879999999998	
    Magnitude of W:	57358.759308361	
    Magnitude of B_grad:	0.084	
    Magnitude of b:	5.083874716529	

	
    Current index:	59501	
    Magnitude of W_grad:	9.2599999999999	
    Magnitude of W:	57342.911893441	
    Magnitude of B_grad:	0.168	
    Magnitude of b:	5.4051955234082	

	
    Current index:	69501	
    Magnitude of W_grad:	9.1039999999999	
    Magnitude of W:	57327.076377782	
    Magnitude of B_grad:	0.112	
    Magnitude of b:	5.5724973673955	

	
    Current index:	79501	
    Magnitude of W_grad:	8.1629629629629	
    Magnitude of W:	57311.516284457	
    Magnitude of B_grad:	0.56296296296296	
    Magnitude of b:	5.1643059016717	

	
SGD: Hinge Loss is	
232890.61877806	
SGD: Validation Accuracy is:	
0.27792915531335	
SGD: Magnitude of W:	
57311.516284457	
SGD: Magnitude of b:	
5.1643059016717	
    Current index:	9501	
    Magnitude of W_grad:	8.1879999999998	
    Magnitude of W:	57295.556230173	
    Magnitude of B_grad:	0.132	
    Magnitude of b:	5.4050034115644	

	
    Current index:	19501	
    Magnitude of W_grad:	7.9399999999998	
    Magnitude of W:	57279.054999496	
    Magnitude of B_grad:	0.196	
    Magnitude of b:	5.5043140190886	

	
    Current index:	29501	
    Magnitude of W_grad:	8.2319999999999	
    Magnitude of W:	57264.340860445	
    Magnitude of B_grad:	0.136	
    Magnitude of b:	5.7576021739947	

	
    Current index:	39501	
    Magnitude of W_grad:	11.004	
    Magnitude of W:	57248.683827047	
    Magnitude of B_grad:	0.532	
    Magnitude of b:	5.7248565409852	

	
    Current index:	49501	
    Magnitude of W_grad:	7.7399999999998	
    Magnitude of W:	57230.909136231	
    Magnitude of B_grad:	0.08	
    Magnitude of b:	5.0536430094606	

	
    Current index:	59501	
    Magnitude of W_grad:	9.1959999999999	
    Magnitude of W:	57215.243588162	
    Magnitude of B_grad:	0.164	
    Magnitude of b:	5.3649671478141	

	
    Current index:	69501	
    Magnitude of W_grad:	8.9599999999999	
    Magnitude of W:	57199.696926158	
    Magnitude of B_grad:	0.132	
    Magnitude of b:	5.5342730008876	

	
    Current index:	79501	
    Magnitude of W_grad:	7.0666666666666	
    Magnitude of W:	57184.334091681	
    Magnitude of B_grad:	0.5037037037037	
    Magnitude of b:	5.1557151482723	

	
SGD: Hinge Loss is	
230859.77991397	
SGD: Validation Accuracy is:	
0.27792915531335	
SGD: Magnitude of W:	
57184.334091681	
SGD: Magnitude of b:	
5.1557151482723	
    Current index:	9501	
    Magnitude of W_grad:	8.0079999999998	
    Magnitude of W:	57168.431603031	
    Magnitude of B_grad:	0.116	
    Magnitude of b:	5.3755764044367	

	
    Current index:	19501	
    Magnitude of W_grad:	7.8439999999998	
    Magnitude of W:	57152.130780259	
    Magnitude of B_grad:	0.188	
    Magnitude of b:	5.4768901670449	

	
    Current index:	29501	
    Magnitude of W_grad:	8.1159999999998	
    Magnitude of W:	57137.571335989	
    Magnitude of B_grad:	0.144	
    Magnitude of b:	5.7381805851298	

	
    Current index:	39501	
    Magnitude of W_grad:	11.06	
    Magnitude of W:	57122.104298141	
    Magnitude of B_grad:	0.54	
    Magnitude of b:	5.7134373782405	

	
    Current index:	49501	
    Magnitude of W_grad:	7.7079999999998	
    Magnitude of W:	57104.484765617	
    Magnitude of B_grad:	0.084	
    Magnitude of b:	5.029059431631	

	
    Current index:	59501	
    Magnitude of W_grad:	8.9879999999999	
    Magnitude of W:	57089.013401167	
    Magnitude of B_grad:	0.16	
    Magnitude of b:	5.3423862926863	

	
    Current index:	69501	
    Magnitude of W_grad:	8.8679999999999	
    Magnitude of W:	57073.675416322	
    Magnitude of B_grad:	0.112	
    Magnitude of b:	5.5116956466446	

	
    Current index:	79501	
    Magnitude of W_grad:	6.9185185185185	
    Magnitude of W:	57058.521834145	
    Magnitude of B_grad:	0.51851851851852	
    Magnitude of b:	5.1257338242588	

	
SGD: Hinge Loss is	
228692.00570978	
SGD: Validation Accuracy is:	
0.27883742052679	
SGD: Magnitude of W:	
57058.521834145	
SGD: Magnitude of b:	
5.1257338242588	
    Current index:	9501	
    Magnitude of W_grad:	8.2599999999999	
    Magnitude of W:	57042.744692603	
    Magnitude of B_grad:	0.136	
    Magnitude of b:	5.3681605928349	

	
    Current index:	19501	
    Magnitude of W_grad:	7.8119999999998	
    Magnitude of W:	57026.714200147	
    Magnitude of B_grad:	0.192	
    Magnitude of b:	5.4594767306455	

	
    Current index:	29501	
    Magnitude of W_grad:	8.0599999999998	
    Magnitude of W:	57012.284156557	
    Magnitude of B_grad:	0.16	
    Magnitude of b:	5.7207695110346	

	
    Current index:	39501	
    Magnitude of W_grad:	10.956	
    Magnitude of W:	56996.978410479	
    Magnitude of B_grad:	0.52	
    Magnitude of b:	5.6940293442272	

	
    Current index:	49501	
    Magnitude of W_grad:	7.7079999999998	
    Magnitude of W:	56979.591991495	
    Magnitude of B_grad:	0.072	
    Magnitude of b:	5.0310849996366	

	
    Current index:	59501	
    Magnitude of W_grad:	9.0479999999999	
    Magnitude of W:	56964.377718331	
    Magnitude of B_grad:	0.192	
    Magnitude of b:	5.3404122467174	

	
    Current index:	69501	
    Magnitude of W_grad:	8.8039999999999	
    Magnitude of W:	56949.206451958	
    Magnitude of B_grad:	0.136	
    Magnitude of b:	5.5137223508019	

	
    Current index:	79501	
    Magnitude of W_grad:	6.7555555555555	
    Magnitude of W:	56934.239885994	
    Magnitude of B_grad:	0.54814814814815	
    Magnitude of b:	5.1089463380694	

	
SGD: Hinge Loss is	
226395.0277498	
SGD: Validation Accuracy is:	
0.28065395095368	
SGD: Magnitude of W:	
56934.239885994	
SGD: Magnitude of b:	
5.1089463380694	
    Current index:	9501	
    Magnitude of W_grad:	8.3039999999999	
    Magnitude of W:	56918.583508478	
    Magnitude of B_grad:	0.152	
    Magnitude of b:	5.3793470270849	

	
    Current index:	19501	
    Magnitude of W_grad:	7.6199999999998	
    Magnitude of W:	56902.757287892	
    Magnitude of B_grad:	0.184	
    Magnitude of b:	5.460663907432	

	
    Current index:	29501	
    Magnitude of W_grad:	7.9199999999998	
    Magnitude of W:	56888.485916596	
    Magnitude of B_grad:	0.144	
    Magnitude of b:	5.7179578195156	

	
    Current index:	39501	
    Magnitude of W_grad:	10.824	
    Magnitude of W:	56873.310447764	
    Magnitude of B_grad:	0.512	
    Magnitude of b:	5.6812194120935	

	
    Current index:	49501	
    Magnitude of W_grad:	7.5919999999998	
    Magnitude of W:	56856.19494321	
    Magnitude of B_grad:	0.072	
    Magnitude of b:	5.0262998158614	

	
    Current index:	59501	
    Magnitude of W_grad:	8.9999999999999	
    Magnitude of W:	56841.223663566	
    Magnitude of B_grad:	0.196	
    Magnitude of b:	5.3156285553402	

	
    Current index:	69501	
    Magnitude of W_grad:	8.7959999999999	
    Magnitude of W:	56826.182507057	
    Magnitude of B_grad:	0.116	
    Magnitude of b:	5.4869420350877	

	
    Current index:	79501	
    Magnitude of W_grad:	6.0148148148148	
    Magnitude of W:	56811.279973567	
    Magnitude of B_grad:	0.47407407407407	
    Magnitude of b:	5.1192063341958	

	
SGD: Hinge Loss is	
224780.48970055	
SGD: Validation Accuracy is:	
0.28247048138056	
SGD: Magnitude of W:	
56811.279973567	
SGD: Magnitude of b:	
5.1192063341958	
    Current index:	9501	
    Magnitude of W_grad:	8.0919999999998	
    Magnitude of W:	56795.857478734	
    Magnitude of B_grad:	0.136	
    Magnitude of b:	5.3609842516847	

	
    Current index:	19501	
    Magnitude of W_grad:	7.5439999999998	
    Magnitude of W:	56780.271763374	
    Magnitude of B_grad:	0.172	
    Magnitude of b:	5.4583013910462	

	
    Current index:	29501	
    Magnitude of W_grad:	7.7839999999998	
    Magnitude of W:	56766.183873628	
    Magnitude of B_grad:	0.148	
    Magnitude of b:	5.7055971568152	

	
    Current index:	39501	
    Magnitude of W_grad:	10.94	
    Magnitude of W:	56751.143210245	
    Magnitude of B_grad:	0.54	
    Magnitude of b:	5.6708613060008	

	
    Current index:	49501	
    Magnitude of W_grad:	7.5119999999998	
    Magnitude of W:	56734.254149499	
    Magnitude of B_grad:	0.072	
    Magnitude of b:	4.9945676832389	

	
    Current index:	59501	
    Magnitude of W_grad:	8.9439999999999	
    Magnitude of W:	56719.419431733	
    Magnitude of B_grad:	0.188	
    Magnitude of b:	5.3058990384927	

	
    Current index:	69501	
    Magnitude of W_grad:	8.5319999999999	
    Magnitude of W:	56704.465816565	
    Magnitude of B_grad:	0.132	
    Magnitude of b:	5.4732144305621	

	
    Current index:	79501	
    Magnitude of W_grad:	6.5185185185185	
    Magnitude of W:	56689.826724587	
    Magnitude of B_grad:	0.51851851851852	
    Magnitude of b:	5.0812589343288	

	
SGD: Hinge Loss is	
222310.48453076	
SGD: Validation Accuracy is:	
0.28701180744777	
SGD: Magnitude of W:	
56689.826724587	
SGD: Magnitude of b:	
5.0812589343288	
    Current index:	9501	
    Magnitude of W_grad:	8.2879999999999	
    Magnitude of W:	56674.475223023	
    Magnitude of B_grad:	0.148	
    Magnitude of b:	5.3460413338139	

	
    Current index:	19501	
    Magnitude of W_grad:	7.5799999999998	
    Magnitude of W:	56659.161749424	
    Magnitude of B_grad:	0.164	
    Magnitude of b:	5.4353613289042	

	
    Current index:	29501	
    Magnitude of W_grad:	7.6239999999998	
    Magnitude of W:	56645.257558216	
    Magnitude of B_grad:	0.148	
    Magnitude of b:	5.6986591338375	

	
    Current index:	39501	
    Magnitude of W_grad:	10.668	
    Magnitude of W:	56630.521195268	
    Magnitude of B_grad:	0.52	
    Magnitude of b:	5.6419258619213	

	
    Current index:	49501	
    Magnitude of W_grad:	7.4719999999998	
    Magnitude of W:	56613.789368361	
    Magnitude of B_grad:	0.068	
    Magnitude of b:	4.9786292513556	

	
    Current index:	59501	
    Magnitude of W_grad:	8.9239999999999	
    Magnitude of W:	56599.01461695	
    Magnitude of B_grad:	0.2	
    Magnitude of b:	5.2919625325702	

	
    Current index:	69501	
    Magnitude of W_grad:	8.5919999999999	
    Magnitude of W:	56584.285566743	
    Magnitude of B_grad:	0.132	
    Magnitude of b:	5.4552799006159	

	
    Current index:	79501	
    Magnitude of W_grad:	6.237037037037	
    Magnitude of W:	56569.863027469	
    Magnitude of B_grad:	0.5037037037037	
    Magnitude of b:	5.0687341516635	

	
SGD: Hinge Loss is	
220592.85097657	
SGD: Validation Accuracy is:	
0.28792007266122	
SGD: Magnitude of W:	
56569.863027469	
SGD: Magnitude of b:	
5.0687341516635	
    Current index:	9501	
    Magnitude of W_grad:	8.2559999999998	
    Magnitude of W:	56554.699961631	
    Magnitude of B_grad:	0.152	
    Magnitude of b:	5.3382995099422	

	
    Current index:	19501	
    Magnitude of W_grad:	7.3959999999998	
    Magnitude of W:	56539.605677362	
    Magnitude of B_grad:	0.16	
    Magnitude of b:	5.4256208412796	

	
    Current index:	29501	
    Magnitude of W_grad:	7.6039999999998	
    Magnitude of W:	56525.807819305	
    Magnitude of B_grad:	0.16	
    Magnitude of b:	5.6849211751635	

	
    Current index:	39501	
    Magnitude of W_grad:	10.44	
    Magnitude of W:	56511.26933013	
    Magnitude of B_grad:	0.492	
    Magnitude of b:	5.638188724185	

	
    Current index:	49501	
    Magnitude of W_grad:	7.4439999999998	
    Magnitude of W:	56494.706232622	
    Magnitude of B_grad:	0.08	
    Magnitude of b:	4.9581109114214	

	
    Current index:	59501	
    Magnitude of W_grad:	8.8919999999999	
    Magnitude of W:	56480.068488417	
    Magnitude of B_grad:	0.2	
    Magnitude of b:	5.2814460658532	

	
    Current index:	69501	
    Magnitude of W_grad:	8.5919999999999	
    Magnitude of W:	56465.484785819	
    Magnitude of B_grad:	0.148	
    Magnitude of b:	5.4167659096389	

	
    Current index:	79501	
    Magnitude of W_grad:	6.2962962962963	
    Magnitude of W:	56451.171163033	
    Magnitude of B_grad:	0.51851851851852	
    Magnitude of b:	5.0428160824934	

	
SGD: Hinge Loss is	
218597.73501761	
SGD: Validation Accuracy is:	
0.28519527702089	
SGD: Magnitude of W:	
56451.171163033	
SGD: Magnitude of b:	
5.0428160824934	
    Current index:	9501	
    Magnitude of W_grad:	8.2239999999998	
    Magnitude of W:	56436.141617312	
    Magnitude of B_grad:	0.148	
    Magnitude of b:	5.3185668650535	

	
    Current index:	19501	
    Magnitude of W_grad:	7.3559999999998	
    Magnitude of W:	56421.181493561	
    Magnitude of B_grad:	0.164	
    Magnitude of b:	5.4138908248008	

	
    Current index:	29501	
    Magnitude of W_grad:	7.5119999999998	
    Magnitude of W:	56407.474016801	
    Magnitude of B_grad:	0.148	
    Magnitude of b:	5.6551938118842	

	
    Current index:	39501	
    Magnitude of W_grad:	10.348	
    Magnitude of W:	56393.09338206	
    Magnitude of B_grad:	0.472	
    Magnitude of b:	5.6184636998526	

	
    Current index:	49501	
    Magnitude of W_grad:	7.3559999999998	
    Magnitude of W:	56376.722361949	
    Magnitude of B_grad:	0.064	
    Magnitude of b:	4.9481976734537	

	
    Current index:	59501	
    Magnitude of W_grad:	8.8759999999999	
    Magnitude of W:	56362.041644331	
    Magnitude of B_grad:	0.204	
    Magnitude of b:	5.2635360440261	

	
    Current index:	69501	
    Magnitude of W_grad:	8.5639999999999	
    Magnitude of W:	56347.642512603	
    Magnitude of B_grad:	0.116	
    Magnitude of b:	5.4308559015799	

	
    Current index:	79501	
    Magnitude of W_grad:	6.0888888888889	
    Magnitude of W:	56333.493606252	
    Magnitude of B_grad:	0.48888888888889	
    Magnitude of b:	5.0457204636144	

	
SGD: Hinge Loss is	
216846.60000072	
SGD: Validation Accuracy is:	
0.28792007266122	
SGD: Magnitude of W:	
56333.493606252	
SGD: Magnitude of b:	
5.0457204636144	
    Current index:	9501	
    Magnitude of W_grad:	8.2239999999998	
    Magnitude of W:	56318.720535297	
    Magnitude of B_grad:	0.16	
    Magnitude of b:	5.3142538192925	

	
    Current index:	19501	
    Magnitude of W_grad:	7.2759999999998	
    Magnitude of W:	56303.926871896	
    Magnitude of B_grad:	0.176	
    Magnitude of b:	5.3955783959469	

	
    Current index:	29501	
    Magnitude of W_grad:	7.4799999999998	
    Magnitude of W:	56290.266142463	
    Magnitude of B_grad:	0.152	
    Magnitude of b:	5.6328832555349	

	
    Current index:	39501	
    Magnitude of W_grad:	10.48	
    Magnitude of W:	56275.97043135	
    Magnitude of B_grad:	0.48	
    Magnitude of b:	5.5941565978757	

	
    Current index:	49501	
    Magnitude of W_grad:	7.2719999999998	
    Magnitude of W:	56259.698147544	
    Magnitude of B_grad:	0.072	
    Magnitude of b:	4.9271030316955	

	
    Current index:	59501	
    Magnitude of W_grad:	8.8439999999999	
    Magnitude of W:	56245.125670866	
    Magnitude of B_grad:	0.2	
    Magnitude of b:	5.2504431846333	

	
    Current index:	69501	
    Magnitude of W_grad:	8.5199999999999	
    Magnitude of W:	56230.946165973	
    Magnitude of B_grad:	0.108	
    Magnitude of b:	5.4097653893614	

	
    Current index:	79501	
    Magnitude of W_grad:	6.1185185185185	
    Magnitude of W:	56216.926666605	
    Magnitude of B_grad:	0.48888888888889	
    Magnitude of b:	5.0246328633223	

	
SGD: Hinge Loss is	
215428.55264798	
SGD: Validation Accuracy is:	
0.28882833787466	
SGD: Magnitude of W:	
56216.926666605	
SGD: Magnitude of b:	
5.0246328633223	
    Current index:	9501	
    Magnitude of W_grad:	8.0359999999998	
    Magnitude of W:	56202.260447811	
    Magnitude of B_grad:	0.156	
    Magnitude of b:	5.2859544923277	

	
    Current index:	19501	
    Magnitude of W_grad:	7.3439999999998	
    Magnitude of W:	56187.635616004	
    Magnitude of B_grad:	0.164	
    Magnitude of b:	5.3792812662832	

	
    Current index:	29501	
    Magnitude of W_grad:	7.4479999999998	
    Magnitude of W:	56174.234253295	
    Magnitude of B_grad:	0.144	
    Magnitude of b:	5.6305884484341	

	
    Current index:	39501	
    Magnitude of W_grad:	10.408	
    Magnitude of W:	56160.077457172	
    Magnitude of B_grad:	0.496	
    Magnitude of b:	5.5738631462566	

	
    Current index:	49501	
    Magnitude of W_grad:	7.1599999999998	
    Magnitude of W:	56143.884262732	
    Magnitude of B_grad:	0.064	
    Magnitude of b:	4.9200201932824	

	
    Current index:	59501	
    Magnitude of W_grad:	8.6439999999999	
    Magnitude of W:	56129.426802701	
    Magnitude of B_grad:	0.196	
    Magnitude of b:	5.2333620140935	

	
    Current index:	69501	
    Magnitude of W_grad:	8.4639999999999	
    Magnitude of W:	56115.455666875	
    Magnitude of B_grad:	0.108	
    Magnitude of b:	5.4006857357856	

	
    Current index:	79501	
    Magnitude of W_grad:	6.0888888888889	
    Magnitude of W:	56101.543702068	
    Magnitude of B_grad:	0.5037037037037	
    Magnitude of b:	4.9941479720713	

	
SGD: Hinge Loss is	
213378.35046083	
SGD: Validation Accuracy is:	
0.2897366030881	
SGD: Magnitude of W:	
56101.543702068	
SGD: Magnitude of b:	
4.9941479720713	
    Current index:	9501	
    Magnitude of W_grad:	7.9759999999998	
    Magnitude of W:	56087.045612386	
    Magnitude of B_grad:	0.176	
    Magnitude of b:	5.2844808841111	

	
    Current index:	19501	
    Magnitude of W_grad:	7.2679999999998	
    Magnitude of W:	56072.588933983	
    Magnitude of B_grad:	0.152	
    Magnitude of b:	5.3678098521534	

	
    Current index:	29501	
    Magnitude of W_grad:	7.3039999999998	
    Magnitude of W:	56059.301275304	
    Magnitude of B_grad:	0.152	
    Magnitude of b:	5.6071189267766	

	
    Current index:	39501	
    Magnitude of W_grad:	10.292	
    Magnitude of W:	56045.242199138	
    Magnitude of B_grad:	0.48	
    Magnitude of b:	5.5483970738148	

	
    Current index:	49501	
    Magnitude of W_grad:	7.0519999999998	
    Magnitude of W:	56029.391221652	
    Magnitude of B_grad:	0.08	
    Magnitude of b:	4.8955465151682	

	
    Current index:	59501	
    Magnitude of W_grad:	8.5959999999998	
    Magnitude of W:	56014.975903904	
    Magnitude of B_grad:	0.2	
    Magnitude of b:	5.2148908690695	

	
    Current index:	69501	
    Magnitude of W_grad:	8.3639999999999	
    Magnitude of W:	56001.127372864	
    Magnitude of B_grad:	0.112	
    Magnitude of b:	5.3842174374912	

	
    Current index:	79501	
    Magnitude of W_grad:	5.8962962962963	
    Magnitude of W:	55987.304145422	
    Magnitude of B_grad:	0.45925925925926	
    Magnitude of b:	4.9879040392074	

	
SGD: Hinge Loss is	
211967.02057579	
SGD: Validation Accuracy is:	
0.29155313351499	
SGD: Magnitude of W:	
55987.304145422	
SGD: Magnitude of b:	
4.9879040392074	
    Current index:	9501	
    Magnitude of W_grad:	7.8879999999998	
    Magnitude of W:	55973.058790439	
    Magnitude of B_grad:	0.156	
    Magnitude of b:	5.2673959474461	

	
    Current index:	19501	
    Magnitude of W_grad:	7.1399999999998	
    Magnitude of W:	55958.69870569	
    Magnitude of B_grad:	0.16	
    Magnitude of b:	5.3667266965995	

	
    Current index:	29501	
    Magnitude of W_grad:	7.3039999999998	
    Magnitude of W:	55945.60502906	
    Magnitude of B_grad:	0.136	
    Magnitude of b:	5.6020371126829	

	
    Current index:	39501	
    Magnitude of W_grad:	10.244	
    Magnitude of W:	55931.734600413	
    Magnitude of B_grad:	0.468	
    Magnitude of b:	5.5313164252044	

	
    Current index:	49501	
    Magnitude of W_grad:	7.0759999999998	
    Magnitude of W:	55916.094273103	
    Magnitude of B_grad:	0.072	
    Magnitude of b:	4.8893021585584	

	
    Current index:	59501	
    Magnitude of W_grad:	8.5799999999998	
    Magnitude of W:	55901.835506702	
    Magnitude of B_grad:	0.204	
    Magnitude of b:	5.2086478113594	

	
    Current index:	69501	
    Magnitude of W_grad:	8.3599999999998	
    Magnitude of W:	55888.097416516	
    Magnitude of B_grad:	0.096	
    Magnitude of b:	5.3979750632116	

	
    Current index:	79501	
    Magnitude of W_grad:	5.8962962962963	
    Magnitude of W:	55874.493652523	
    Magnitude of B_grad:	0.45925925925926	
    Magnitude of b:	4.9896623231971	

	
SGD: Hinge Loss is	
210510.70526783	
SGD: Validation Accuracy is:	
0.28792007266122	
SGD: Magnitude of W:	
55874.493652523	
SGD: Magnitude of b:	
4.9896623231971	
    Current index:	9501	
    Magnitude of W_grad:	7.9039999999998	
    Magnitude of W:	55860.434562906	
    Magnitude of B_grad:	0.172	
    Magnitude of b:	5.250322417398	

	
    Current index:	19501	
    Magnitude of W_grad:	7.1479999999998	
    Magnitude of W:	55846.230469046	
    Magnitude of B_grad:	0.18	
    Magnitude of b:	5.3576563400357	

	
    Current index:	29501	
    Magnitude of W_grad:	7.2359999999998	
    Magnitude of W:	55833.277440733	
    Magnitude of B_grad:	0.152	
    Magnitude of b:	5.5729699543231	

	
    Current index:	39501	
    Magnitude of W_grad:	10.156	
    Magnitude of W:	55819.459487498	
    Magnitude of B_grad:	0.476	
    Magnitude of b:	5.5242513847629	

	
    Current index:	49501	
    Magnitude of W_grad:	6.9639999999999	
    Magnitude of W:	55803.946083284	
    Magnitude of B_grad:	0.076	
    Magnitude of b:	4.8670650385044	

	
    Current index:	59501	
    Magnitude of W_grad:	8.5999999999999	
    Magnitude of W:	55789.882607884	
    Magnitude of B_grad:	0.208	
    Magnitude of b:	5.1824130440525	

	
    Current index:	69501	
    Magnitude of W_grad:	8.4319999999999	
    Magnitude of W:	55776.33947974	
    Magnitude of B_grad:	0.108	
    Magnitude of b:	5.3737433515163	

	
    Current index:	79501	
    Magnitude of W_grad:	5.5259259259259	
    Magnitude of W:	55762.83402105	
    Magnitude of B_grad:	0.44444444444444	
    Magnitude of b:	4.9828394040963	

	
SGD: Hinge Loss is	
208775.34493023	
SGD: Validation Accuracy is:	
0.28610354223433	
SGD: Magnitude of W:	
55762.83402105	
SGD: Magnitude of b:	
4.9828394040963	
    Current index:	9501	
    Magnitude of W_grad:	7.9759999999998	
    Magnitude of W:	55749.001252786	
    Magnitude of B_grad:	0.176	
    Magnitude of b:	5.2474813944042	

	
    Current index:	19501	
    Magnitude of W_grad:	7.0679999999998	
    Magnitude of W:	55734.982532627	
    Magnitude of B_grad:	0.164	
    Magnitude of b:	5.3448157365667	

	
    Current index:	29501	
    Magnitude of W_grad:	7.2399999999998	
    Magnitude of W:	55722.106584479	
    Magnitude of B_grad:	0.144	
    Magnitude of b:	5.5641298079944	

	
    Current index:	39501	
    Magnitude of W_grad:	10.228	
    Magnitude of W:	55708.408206458	
    Magnitude of B_grad:	0.496	
    Magnitude of b:	5.5154127879367	

	
    Current index:	49501	
    Magnitude of W_grad:	6.9439999999998	
    Magnitude of W:	55692.963783942	
    Magnitude of B_grad:	0.064	
    Magnitude of b:	4.8682484988364	

	
    Current index:	59501	
    Magnitude of W_grad:	8.6279999999998	
    Magnitude of W:	55678.950787359	
    Magnitude of B_grad:	0.216	
    Magnitude of b:	5.1615987164228	

	
    Current index:	69501	
    Magnitude of W_grad:	8.3599999999998	
    Magnitude of W:	55665.453415441	
    Magnitude of B_grad:	0.108	
    Magnitude of b:	5.3549312858464	

	
    Current index:	79501	
    Magnitude of W_grad:	5.8222222222222	
    Magnitude of W:	55652.04207381	
    Magnitude of B_grad:	0.45925925925926	
    Magnitude of b:	4.9646215648759	

	
SGD: Hinge Loss is	
206982.23159772	
SGD: Validation Accuracy is:	
0.28882833787466	
SGD: Magnitude of W:	
55652.04207381	
SGD: Magnitude of b:	
4.9646215648759	
    Current index:	9501	
    Magnitude of W_grad:	7.8279999999998	
    Magnitude of W:	55638.297281071	
    Magnitude of B_grad:	0.168	
    Magnitude of b:	5.2248713058978	

	
    Current index:	19501	
    Magnitude of W_grad:	7.2119999999998	
    Magnitude of W:	55624.432321	
    Magnitude of B_grad:	0.2	
    Magnitude of b:	5.3502071811972	

	
    Current index:	29501	
    Magnitude of W_grad:	7.1279999999998	
    Magnitude of W:	55611.613506385	
    Magnitude of B_grad:	0.136	
    Magnitude of b:	5.547523564118	

	
    Current index:	39501	
    Magnitude of W_grad:	10.244	
    Magnitude of W:	55598.03853352	
    Magnitude of B_grad:	0.496	
    Magnitude of b:	5.490809269616	

	
    Current index:	49501	
    Magnitude of W_grad:	6.9079999999998	
    Magnitude of W:	55582.822848051	
    Magnitude of B_grad:	0.072	
    Magnitude of b:	4.8540338344895	

	
    Current index:	59501	
    Magnitude of W_grad:	8.4359999999998	
    Magnitude of W:	55568.972617432	
    Magnitude of B_grad:	0.204	
    Magnitude of b:	5.1453860755142	

	
    Current index:	69501	
    Magnitude of W_grad:	8.2439999999998	
    Magnitude of W:	55555.547219908	
    Magnitude of B_grad:	0.096	
    Magnitude of b:	5.3447205425664	

	
    Current index:	79501	
    Magnitude of W_grad:	5.7333333333333	
    Magnitude of W:	55542.272080165	
    Magnitude of B_grad:	0.47407407407407	
    Magnitude of b:	4.9310065421295	

	
SGD: Hinge Loss is	
205912.40871632	
SGD: Validation Accuracy is:	
0.28701180744777	
SGD: Magnitude of W:	
55542.272080165	
SGD: Magnitude of b:	
4.9310065421295	
    Current index:	9501	
    Magnitude of W_grad:	7.6159999999998	
    Magnitude of W:	55528.798448855	
    Magnitude of B_grad:	0.176	
    Magnitude of b:	5.1938326155062	

	
    Current index:	19501	
    Magnitude of W_grad:	7.0279999999998	
    Magnitude of W:	55514.941856439	
    Magnitude of B_grad:	0.18	
    Magnitude of b:	5.3331716222224	

	
    Current index:	29501	
    Magnitude of W_grad:	7.1319999999998	
    Magnitude of W:	55502.274472831	
    Magnitude of B_grad:	0.152	
    Magnitude of b:	5.5184894912932	

	
    Current index:	39501	
    Magnitude of W_grad:	10.024	
    Magnitude of W:	55488.799973045	
    Magnitude of B_grad:	0.484	
    Magnitude of b:	5.4697775239975	

	
    Current index:	49501	
    Magnitude of W_grad:	6.9439999999998	
    Magnitude of W:	55473.754703291	
    Magnitude of B_grad:	0.052	
    Magnitude of b:	4.8584235031331	

	
    Current index:	59501	
    Magnitude of W_grad:	8.3799999999998	
    Magnitude of W:	55459.967274591	
    Magnitude of B_grad:	0.204	
    Magnitude of b:	5.1317766997665	

	
    Current index:	69501	
    Magnitude of W_grad:	8.2479999999998	
    Magnitude of W:	55446.738751427	
    Magnitude of B_grad:	0.1	
    Magnitude of b:	5.3311139430169	

	
    Current index:	79501	
    Magnitude of W_grad:	5.7037037037037	
    Magnitude of W:	55433.592368196	
    Magnitude of B_grad:	0.44444444444444	
    Magnitude of b:	4.944215687394	

	
SGD: Hinge Loss is	
204115.31466066	
SGD: Validation Accuracy is:	
0.28792007266122	
SGD: Magnitude of W:	
55433.592368196	
SGD: Magnitude of b:	
4.944215687394	
    Current index:	9501	
    Magnitude of W_grad:	7.8279999999998	
    Magnitude of W:	55420.151604129	
    Magnitude of B_grad:	0.192	
    Magnitude of b:	5.191837646033	

	
    Current index:	19501	
    Magnitude of W_grad:	7.1239999999998	
    Magnitude of W:	55406.462454137	
    Magnitude of B_grad:	0.196	
    Magnitude of b:	5.313178221725	

	
    Current index:	29501	
    Magnitude of W_grad:	7.1359999999998	
    Magnitude of W:	55393.90597534	
    Magnitude of B_grad:	0.144	
    Magnitude of b:	5.5024986138261	

	
    Current index:	39501	
    Magnitude of W_grad:	10.308	
    Magnitude of W:	55380.590522261	
    Magnitude of B_grad:	0.46	
    Magnitude of b:	5.4537889307007	

	
    Current index:	49501	
    Magnitude of W_grad:	6.6839999999999	
    Magnitude of W:	55365.687233085	
    Magnitude of B_grad:	0.068	
    Magnitude of b:	4.8476349148754	

	
    Current index:	59501	
    Magnitude of W_grad:	8.3039999999998	
    Magnitude of W:	55352.105435059	
    Magnitude of B_grad:	0.196	
    Magnitude of b:	5.1349890141347	

	
    Current index:	69501	
    Magnitude of W_grad:	8.1919999999998	
    Magnitude of W:	55339.004437514	
    Magnitude of B_grad:	0.116	
    Magnitude of b:	5.3123265572058	

	
    Current index:	79501	
    Magnitude of W_grad:	5.7185185185185	
    Magnitude of W:	55325.931023938	
    Magnitude of B_grad:	0.45925925925926	
    Magnitude of b:	4.9200237680474	

	
SGD: Hinge Loss is	
202552.61783779	
SGD: Validation Accuracy is:	
0.28882833787466	
SGD: Magnitude of W:	
55325.931023938	
SGD: Magnitude of b:	
4.9200237680474	
    Current index:	9501	
    Magnitude of W_grad:	7.7279999999998	
    Magnitude of W:	55312.666102925	
    Magnitude of B_grad:	0.212	
    Magnitude of b:	5.1824491332821	

	
    Current index:	19501	
    Magnitude of W_grad:	7.0879999999998	
    Magnitude of W:	55299.077002057	
    Magnitude of B_grad:	0.2	
    Magnitude of b:	5.301791327321	

	
    Current index:	29501	
    Magnitude of W_grad:	7.0959999999998	
    Magnitude of W:	55286.591774595	
    Magnitude of B_grad:	0.156	
    Magnitude of b:	5.485113325032	

	
    Current index:	39501	
    Magnitude of W_grad:	9.9959999999999	
    Magnitude of W:	55273.410780508	
    Magnitude of B_grad:	0.448	
    Magnitude of b:	5.4384058876567	

	
    Current index:	49501	
    Magnitude of W_grad:	6.5519999999999	
    Magnitude of W:	55258.625983931	
    Magnitude of B_grad:	0.068	
    Magnitude of b:	4.8274488527034	

	
    Current index:	59501	
    Magnitude of W_grad:	8.2599999999998	
    Magnitude of W:	55245.176959193	
    Magnitude of B_grad:	0.204	
    Magnitude of b:	5.1148047834707	

	
    Current index:	69501	
    Magnitude of W_grad:	8.1279999999998	
    Magnitude of W:	55232.154610206	
    Magnitude of B_grad:	0.104	
    Magnitude of b:	5.2821447605303	

	
    Current index:	79501	
    Magnitude of W_grad:	5.2592592592592	
    Magnitude of W:	55219.123139914	
    Magnitude of B_grad:	0.4	
    Magnitude of b:	4.9214740095758	

	
SGD: Hinge Loss is	
201744.23361678	
SGD: Validation Accuracy is:	
0.29155313351499	
SGD: Magnitude of W:	
55219.123139914	
SGD: Magnitude of b:	
4.9214740095758	
    Current index:	9501	
    Magnitude of W_grad:	7.5559999999998	
    Magnitude of W:	55206.016284411	
    Magnitude of B_grad:	0.196	
    Magnitude of b:	5.1556634934413	

	
    Current index:	19501	
    Magnitude of W_grad:	6.9719999999998	
    Magnitude of W:	55192.61416719	
    Magnitude of B_grad:	0.216	
    Magnitude of b:	5.2730078705078	

	
    Current index:	29501	
    Magnitude of W_grad:	6.9639999999998	
    Magnitude of W:	55180.368809183	
    Magnitude of B_grad:	0.132	
    Magnitude of b:	5.4683321263119	

	
    Current index:	39501	
    Magnitude of W_grad:	10.044	
    Magnitude of W:	55167.258819116	
    Magnitude of B_grad:	0.464	
    Magnitude of b:	5.4316269593218	

	
    Current index:	49501	
    Magnitude of W_grad:	6.6959999999999	
    Magnitude of W:	55152.632526003	
    Magnitude of B_grad:	0.068	
    Magnitude of b:	4.8129082138931	

	
    Current index:	59501	
    Magnitude of W_grad:	8.2319999999998	
    Magnitude of W:	55139.123600766	
    Magnitude of B_grad:	0.2	
    Magnitude of b:	5.1102643004138	

	
    Current index:	69501	
    Magnitude of W_grad:	8.2439999999998	
    Magnitude of W:	55126.217368862	
    Magnitude of B_grad:	0.116	
    Magnitude of b:	5.2836043453506	

	
    Current index:	79501	
    Magnitude of W_grad:	5.7925925925926	
    Magnitude of W:	55113.425867613	
    Magnitude of B_grad:	0.45925925925926	
    Magnitude of b:	4.8813043088911	

	
SGD: Hinge Loss is	
199579.91626499	
SGD: Validation Accuracy is:	
0.29336966394187	
SGD: Magnitude of W:	
55113.425867613	
SGD: Magnitude of b:	
4.8813043088911	
    Current index:	9501	
    Magnitude of W_grad:	7.5959999999998	
    Magnitude of W:	55100.327468609	
    Magnitude of B_grad:	0.2	
    Magnitude of b:	5.1342998803	

	
    Current index:	19501	
    Magnitude of W_grad:	6.6319999999998	
    Magnitude of W:	55087.014081714	
    Magnitude of B_grad:	0.148	
    Magnitude of b:	5.2656461236897	

	
    Current index:	29501	
    Magnitude of W_grad:	6.9519999999998	
    Magnitude of W:	55074.807453279	
    Magnitude of B_grad:	0.156	
    Magnitude of b:	5.4489722958285	

	
    Current index:	39501	
    Magnitude of W_grad:	9.9559999999998	
    Magnitude of W:	55061.749941452	
    Magnitude of B_grad:	0.448	
    Magnitude of b:	5.4202687561242	

	
    Current index:	49501	
    Magnitude of W_grad:	6.6399999999999	
    Magnitude of W:	55047.214126146	
    Magnitude of B_grad:	0.076	
    Magnitude of b:	4.8147404270199	

	
    Current index:	59501	
    Magnitude of W_grad:	8.1399999999998	
    Magnitude of W:	55033.90133157	
    Magnitude of B_grad:	0.204	
    Magnitude of b:	5.1000980414098	

	
    Current index:	69501	
    Magnitude of W_grad:	8.2399999999999	
    Magnitude of W:	55021.16289988	
    Magnitude of B_grad:	0.108	
    Magnitude of b:	5.2634395763368	

	
    Current index:	79501	
    Magnitude of W_grad:	5.2	
    Magnitude of W:	55008.408165273	
    Magnitude of B_grad:	0.45925925925926	
    Magnitude of b:	4.8611416072631	

	
SGD: Hinge Loss is	
198626.98093864	
SGD: Validation Accuracy is:	
0.29246139872843	
SGD: Magnitude of W:	
55008.408165273	
SGD: Magnitude of b:	
4.8611416072631	
    Current index:	9501	
    Magnitude of W_grad:	7.2999999999998	
    Magnitude of W:	54995.388551223	
    Magnitude of B_grad:	0.2	
    Magnitude of b:	5.137909300674	

	
    Current index:	19501	
    Magnitude of W_grad:	6.7479999999998	
    Magnitude of W:	54982.151215496	
    Magnitude of B_grad:	0.176	
    Magnitude of b:	5.2612555428936	

	
    Current index:	29501	
    Magnitude of W_grad:	6.8879999999998	
    Magnitude of W:	54969.984954195	
    Magnitude of B_grad:	0.152	
    Magnitude of b:	5.4345826305027	

	
    Current index:	39501	
    Magnitude of W_grad:	9.8479999999998	
    Magnitude of W:	54957.145912406	
    Magnitude of B_grad:	0.436	
    Magnitude of b:	5.4038806590726	

	
    Current index:	49501	
    Magnitude of W_grad:	6.3759999999999	
    Magnitude of W:	54942.753818676	
    Magnitude of B_grad:	0.096	
    Magnitude of b:	4.7965866648052	

	
    Current index:	59501	
    Magnitude of W_grad:	8.2119999999998	
    Magnitude of W:	54929.683486997	
    Magnitude of B_grad:	0.204	
    Magnitude of b:	5.06994729953	

	
    Current index:	69501	
    Magnitude of W_grad:	8.1839999999998	
    Magnitude of W:	54916.86635518	
    Magnitude of B_grad:	0.12	
    Magnitude of b:	5.2372917037179	

	
    Current index:	79501	
    Magnitude of W_grad:	5.6888888888889	
    Magnitude of W:	54904.227505687	
    Magnitude of B_grad:	0.45925925925926	
    Magnitude of b:	4.8544037095938	

	
SGD: Hinge Loss is	
197198.27077443	
SGD: Validation Accuracy is:	
0.2960944595822	
SGD: Magnitude of W:	
54904.227505687	
SGD: Magnitude of b:	
4.8544037095938	
    Current index:	9501	
    Magnitude of W_grad:	7.4279999999998	
    Magnitude of W:	54891.353298647	
    Magnitude of B_grad:	0.18	
    Magnitude of b:	5.116120669027	

	
    Current index:	19501	
    Magnitude of W_grad:	6.7119999999998	
    Magnitude of W:	54878.178896969	
    Magnitude of B_grad:	0.144	
    Magnitude of b:	5.2434693834481	

	
    Current index:	29501	
    Magnitude of W_grad:	6.8039999999998	
    Magnitude of W:	54866.17124246	
    Magnitude of B_grad:	0.156	
    Magnitude of b:	5.4167987797145	

	
    Current index:	39501	
    Magnitude of W_grad:	9.7959999999998	
    Magnitude of W:	54853.401248619	
    Magnitude of B_grad:	0.464	
    Magnitude of b:	5.3920990413302	

	
    Current index:	49501	
    Magnitude of W_grad:	6.7079999999999	
    Magnitude of W:	54839.130154916	
    Magnitude of B_grad:	0.096	
    Magnitude of b:	4.7918554702343	

	
    Current index:	59501	
    Magnitude of W_grad:	8.0319999999998	
    Magnitude of W:	54826.210360105	
    Magnitude of B_grad:	0.2	
    Magnitude of b:	5.0632160712115	

	
    Current index:	69501	
    Magnitude of W_grad:	8.2479999999998	
    Magnitude of W:	54813.564321095	
    Magnitude of B_grad:	0.148	
    Magnitude of b:	5.2225615340792	

	
    Current index:	79501	
    Magnitude of W_grad:	5.2	
    Magnitude of W:	54801.053614705	
    Magnitude of B_grad:	0.45925925925926	
    Magnitude of b:	4.846266713921	

	
SGD: Hinge Loss is	
195895.71235292	
SGD: Validation Accuracy is:	
0.29700272479564	
SGD: Magnitude of W:	
54801.053614705	
SGD: Magnitude of b:	
4.846266713921	
    Current index:	9501	
    Magnitude of W_grad:	7.2999999999998	
    Magnitude of W:	54788.364138713	
    Magnitude of B_grad:	0.18	
    Magnitude of b:	5.1179731217081	

	
    Current index:	19501	
    Magnitude of W_grad:	6.7239999999998	
    Magnitude of W:	54775.304937415	
    Magnitude of B_grad:	0.168	
    Magnitude of b:	5.2413212017079	

	
    Current index:	29501	
    Magnitude of W_grad:	6.8279999999998	
    Magnitude of W:	54763.425075432	
    Magnitude of B_grad:	0.16	
    Magnitude of b:	5.4046517717947	

	
    Current index:	39501	
    Magnitude of W_grad:	9.6119999999998	
    Magnitude of W:	54750.697394945	
    Magnitude of B_grad:	0.416	
    Magnitude of b:	5.3699537846591	

	
    Current index:	49501	
    Magnitude of W_grad:	6.6159999999999	
    Magnitude of W:	54736.672064707	
    Magnitude of B_grad:	0.096	
    Magnitude of b:	4.7757250883651	

	
    Current index:	59501	
    Magnitude of W_grad:	7.8639999999998	
    Magnitude of W:	54723.836147531	
    Magnitude of B_grad:	0.184	
    Magnitude of b:	5.0490885434952	

	
    Current index:	69501	
    Magnitude of W_grad:	8.0599999999998	
    Magnitude of W:	54711.184736667	
    Magnitude of B_grad:	0.1	
    Magnitude of b:	5.2004365336872	

	
    Current index:	79501	
    Magnitude of W_grad:	5.2444444444444	
    Magnitude of W:	54698.775740676	
    Magnitude of B_grad:	0.42962962962963	
    Magnitude of b:	4.8309596957284	

	
SGD: Hinge Loss is	
194687.37843789	
SGD: Validation Accuracy is:	
0.2960944595822	
SGD: Magnitude of W:	
54698.775740676	
SGD: Magnitude of b:	
4.8309596957284	
    Current index:	9501	
    Magnitude of W_grad:	7.2039999999998	
    Magnitude of W:	54686.096874558	
    Magnitude of B_grad:	0.164	
    Magnitude of b:	5.077466583159	

	
    Current index:	19501	
    Magnitude of W_grad:	6.5999999999998	
    Magnitude of W:	54673.170188226	
    Magnitude of B_grad:	0.16	
    Magnitude of b:	5.2288173385102	

	
    Current index:	29501	
    Magnitude of W_grad:	6.8759999999998	
    Magnitude of W:	54661.366190525	
    Magnitude of B_grad:	0.152	
    Magnitude of b:	5.3921498051126	

	
    Current index:	39501	
    Magnitude of W_grad:	9.6599999999999	
    Magnitude of W:	54648.722019059	
    Magnitude of B_grad:	0.432	
    Magnitude of b:	5.3534529734152	

	
    Current index:	49501	
    Magnitude of W_grad:	6.4559999999999	
    Magnitude of W:	54634.871660507	
    Magnitude of B_grad:	0.072	
    Magnitude of b:	4.7644199449727	

	
    Current index:	59501	
    Magnitude of W_grad:	7.8999999999998	
    Magnitude of W:	54622.090953569	
    Magnitude of B_grad:	0.18	
    Magnitude of b:	5.0477846438349	

	
    Current index:	69501	
    Magnitude of W_grad:	8.0839999999998	
    Magnitude of W:	54609.609397432	
    Magnitude of B_grad:	0.128	
    Magnitude of b:	5.2031330237676	

	
    Current index:	79501	
    Magnitude of W_grad:	5.7333333333333	
    Magnitude of W:	54597.328845247	
    Magnitude of B_grad:	0.41481481481481	
    Magnitude of b:	4.8350642466102	

	
SGD: Hinge Loss is	
193383.93922508	
SGD: Validation Accuracy is:	
0.29881925522253	
SGD: Magnitude of W:	
54597.328845247	
SGD: Magnitude of b:	
4.8350642466102	
    Current index:	9501	
    Magnitude of W_grad:	6.8079999999999	
    Magnitude of W:	54584.756664111	
    Magnitude of B_grad:	0.152	
    Magnitude of b:	5.054153885025	

	
    Current index:	19501	
    Magnitude of W_grad:	6.5439999999998	
    Magnitude of W:	54571.905396283	
    Magnitude of B_grad:	0.168	
    Magnitude of b:	5.2055069900281	

	
    Current index:	29501	
    Magnitude of W_grad:	6.8639999999998	
    Magnitude of W:	54560.142068513	
    Magnitude of B_grad:	0.164	
    Magnitude of b:	5.3708414167511	

	
    Current index:	39501	
    Magnitude of W_grad:	9.6039999999998	
    Magnitude of W:	54547.613591202	
    Magnitude of B_grad:	0.432	
    Magnitude of b:	5.3461472355344	

	
    Current index:	49501	
    Magnitude of W_grad:	6.7039999999999	
    Magnitude of W:	54533.886043742	
    Magnitude of B_grad:	0.1	
    Magnitude of b:	4.7445315231777	

	
    Current index:	59501	
    Magnitude of W_grad:	7.7319999999998	
    Magnitude of W:	54521.243753657	
    Magnitude of B_grad:	0.164	
    Magnitude of b:	5.0218993722896	

	
    Current index:	69501	
    Magnitude of W_grad:	8.0239999999998	
    Magnitude of W:	54508.903674163	
    Magnitude of B_grad:	0.104	
    Magnitude of b:	5.1752509397456	

	
    Current index:	79501	
    Magnitude of W_grad:	5.1851851851852	
    Magnitude of W:	54496.773907743	
    Magnitude of B_grad:	0.41481481481481	
    Magnitude of b:	4.8051855882561	

	
SGD: Hinge Loss is	
192584.97558566	
SGD: Validation Accuracy is:	
0.30154405086285	
SGD: Magnitude of W:	
54496.773907743	
SGD: Magnitude of b:	
4.8051855882561	
    Current index:	9501	
    Magnitude of W_grad:	6.9359999999999	
    Magnitude of W:	54484.325699301	
    Magnitude of B_grad:	0.164	
    Magnitude of b:	5.0258193162945	

	
    Current index:	19501	
    Magnitude of W_grad:	6.6479999999998	
    Magnitude of W:	54471.550329956	
    Magnitude of B_grad:	0.168	
    Magnitude of b:	5.1911748364908	

	
    Current index:	29501	
    Magnitude of W_grad:	6.7879999999998	
    Magnitude of W:	54459.867817814	
    Magnitude of B_grad:	0.148	
    Magnitude of b:	5.3625109498325	

	
    Current index:	39501	
    Magnitude of W_grad:	9.5439999999998	
    Magnitude of W:	54447.409589937	
    Magnitude of B_grad:	0.416	
    Magnitude of b:	5.3298189823987	

	
    Current index:	49501	
    Magnitude of W_grad:	6.5559999999999	
    Magnitude of W:	54433.763200696	
    Magnitude of B_grad:	0.092	
    Magnitude of b:	4.7386617268324	

	
    Current index:	59501	
    Magnitude of W_grad:	7.7839999999998	
    Magnitude of W:	54421.263698877	
    Magnitude of B_grad:	0.184	
    Magnitude of b:	5.0200303883148	

	
    Current index:	69501	
    Magnitude of W_grad:	7.9999999999998	
    Magnitude of W:	54409.039874767	
    Magnitude of B_grad:	0.112	
    Magnitude of b:	5.1733825294778	

	
    Current index:	79501	
    Magnitude of W_grad:	5.5703703703703	
    Magnitude of W:	54396.925659726	
    Magnitude of B_grad:	0.47407407407407	
    Magnitude of b:	4.7756879587628	

	
Done.	
Testing on validation set...	
Done	
Datafile:	/n/home09/ankitgupta/CS287/HW1/SST1-uni.hdf5	Classifier:	hinge	Alpha:	0	Eta:	0.5	Lambda:	1	Minibatch size:	500	Num Epochs:	50	Minimum Sentence Length:	5	
Accuracy:	0.29881925522253	
