[?1034hDatafile:	/n/home09/ankitgupta/CS287/HW1/SST1-uni-sent.hdf5	Classifier:	hinge	Alpha:	0	Eta:	0.5	Lambda:	0.1	Minibatch size:	500	Num Epochs:	50	Minimum Sentence Length:	5	
Note that not all parameters may apply to all classifiers	
Loading datafiles...	
Number of training samples before removing small sentences	156817	
Number of training samples after removing small sentences	93603	
Done.	
Training classifier...	
Parameters are:	
Eta:	
0.5	
Lambda:	
0.1	
Minibatch size:	
500	
Number of Epochs	
50	
SGD: Hinge Loss is	
425193.4341004	
SGD: Validation Accuracy is:	
0.20435967302452	
SGD: Magnitude of W:	
61476.846311268	
SGD: Magnitude of b:	
4.1432999890705	
    Current index:	9501	
    Magnitude of W_grad:	10.052	
    Magnitude of W:	61453.065074036	
    Magnitude of B_grad:	0.272	
    Magnitude of b:	4.5444326229687	

	
    Current index:	19501	
    Magnitude of W_grad:	9.1799999999999	
    Magnitude of W:	61431.149839342	
    Magnitude of B_grad:	0.06	
    Magnitude of b:	4.9323821202191	

	
    Current index:	29501	
    Magnitude of W_grad:	9.5559999999999	
    Magnitude of W:	61409.991901002	
    Magnitude of B_grad:	0.252	
    Magnitude of b:	5.1063278852415	

	
    Current index:	39501	
    Magnitude of W_grad:	9.2599999999999	
    Magnitude of W:	61389.716235691	
    Magnitude of B_grad:	0.148	
    Magnitude of b:	5.7722696082544	

	
    Current index:	49501	
    Magnitude of W_grad:	10.804	
    Magnitude of W:	61365.970752916	
    Magnitude of B_grad:	0.456	
    Magnitude of b:	5.8862066750169	

	
    Current index:	59501	
    Magnitude of W_grad:	9.5919999999999	
    Magnitude of W:	61341.530605714	
    Magnitude of B_grad:	0.212	
    Magnitude of b:	5.7021456526413	

	
    Current index:	69501	
    Magnitude of W_grad:	9.2359999999999	
    Magnitude of W:	61320.555659241	
    Magnitude of B_grad:	0.136	
    Magnitude of b:	6.1140825658179	

	
    Current index:	79501	
    Magnitude of W_grad:	9.9	
    Magnitude of W:	61299.437965356	
    Magnitude of B_grad:	0.164	
    Magnitude of b:	6.3020164819161	

	
    Current index:	89501	
    Magnitude of W_grad:	8.9759999999999	
    Magnitude of W:	61279.210034479	
    Magnitude of B_grad:	0.2	
    Magnitude of b:	6.6099469330359	

	
SGD: Hinge Loss is	
337822.91922171	
SGD: Validation Accuracy is:	
0.236148955495	
SGD: Magnitude of W:	
61271.612223351	
SGD: Magnitude of b:	
6.1509865706023	
    Current index:	9501	
    Magnitude of W_grad:	9.5999999999999	
    Magnitude of W:	61253.951017076	
    Magnitude of B_grad:	0.38	
    Magnitude of b:	6.0049208648533	

	
    Current index:	19501	
    Magnitude of W_grad:	9.1879999999999	
    Magnitude of W:	61237.442208495	
    Magnitude of B_grad:	0.096	
    Magnitude of b:	6.0368572900682	

	
    Current index:	29501	
    Magnitude of W_grad:	9.1319999999999	
    Magnitude of W:	61219.983646727	
    Magnitude of B_grad:	0.22	
    Magnitude of b:	6.0607916252263	

	
    Current index:	39501	
    Magnitude of W_grad:	8.9479999999999	
    Magnitude of W:	61202.008113596	
    Magnitude of B_grad:	0.128	
    Magnitude of b:	6.5987237058228	

	
    Current index:	49501	
    Magnitude of W_grad:	10.236	
    Magnitude of W:	61180.527929687	
    Magnitude of B_grad:	0.352	
    Magnitude of b:	6.5846527423924	

	
    Current index:	59501	
    Magnitude of W_grad:	9.3439999999999	
    Magnitude of W:	61160.64953237	
    Magnitude of B_grad:	0.184	
    Magnitude of b:	6.3285844174458	

	
    Current index:	69501	
    Magnitude of W_grad:	8.9839999999999	
    Magnitude of W:	61142.952983536	
    Magnitude of B_grad:	0.148	
    Magnitude of b:	6.6425154062841	

	
    Current index:	79501	
    Magnitude of W_grad:	9.332	
    Magnitude of W:	61124.721811611	
    Magnitude of B_grad:	0.088	
    Magnitude of b:	6.6944443788401	

	
    Current index:	89501	
    Magnitude of W_grad:	8.8199999999999	
    Magnitude of W:	61106.472557414	
    Magnitude of B_grad:	0.212	
    Magnitude of b:	6.8503714227389	

	
SGD: Hinge Loss is	
314139.74409361	
SGD: Validation Accuracy is:	
0.2488646684832	
SGD: Magnitude of W:	
61099.793433885	
SGD: Magnitude of b:	
6.4202450473734	
    Current index:	9501	
    Magnitude of W_grad:	9.2119999999999	
    Magnitude of W:	61083.132050606	
    Magnitude of B_grad:	0.344	
    Magnitude of b:	6.1821772086014	

	
    Current index:	19501	
    Magnitude of W_grad:	8.9479999999999	
    Magnitude of W:	61068.173350666	
    Magnitude of B_grad:	0.116	
    Magnitude of b:	6.2121118277263	

	
    Current index:	29501	
    Magnitude of W_grad:	9.2559999999999	
    Magnitude of W:	61052.516270506	
    Magnitude of B_grad:	0.224	
    Magnitude of b:	6.1860443589502	

	
    Current index:	39501	
    Magnitude of W_grad:	8.9439999999999	
    Magnitude of W:	61036.011044776	
    Magnitude of B_grad:	0.12	
    Magnitude of b:	6.6819751452283	

	
    Current index:	49501	
    Magnitude of W_grad:	9.8319999999999	
    Magnitude of W:	61016.415077874	
    Magnitude of B_grad:	0.3	
    Magnitude of b:	6.6239033532879	

	
    Current index:	59501	
    Magnitude of W_grad:	9.4839999999999	
    Magnitude of W:	60998.508977131	
    Magnitude of B_grad:	0.164	
    Magnitude of b:	6.4018344306003	

	
    Current index:	69501	
    Magnitude of W_grad:	8.6559999999999	
    Magnitude of W:	60982.470147934	
    Magnitude of B_grad:	0.116	
    Magnitude of b:	6.6757648377298	

	
    Current index:	79501	
    Magnitude of W_grad:	9.512	
    Magnitude of W:	60965.783640383	
    Magnitude of B_grad:	0.1	
    Magnitude of b:	6.735693445455	

	
    Current index:	89501	
    Magnitude of W_grad:	8.7119999999999	
    Magnitude of W:	60949.057530268	
    Magnitude of B_grad:	0.204	
    Magnitude of b:	6.8336205048553	

	
SGD: Hinge Loss is	
298316.68944477	
SGD: Validation Accuracy is:	
0.25158946412352	
SGD: Magnitude of W:	
60943.038990764	
SGD: Magnitude of b:	
6.3623680035054	
    Current index:	9501	
    Magnitude of W_grad:	8.8919999999999	
    Magnitude of W:	60927.495994221	
    Magnitude of B_grad:	0.312	
    Magnitude of b:	6.1763005896856	

	
    Current index:	19501	
    Magnitude of W_grad:	8.7359999999999	
    Magnitude of W:	60913.548054285	
    Magnitude of B_grad:	0.1	
    Magnitude of b:	6.176235456415	

	
    Current index:	29501	
    Magnitude of W_grad:	9.5159999999999	
    Magnitude of W:	60898.795438416	
    Magnitude of B_grad:	0.212	
    Magnitude of b:	6.1721682096003	

	
    Current index:	39501	
    Magnitude of W_grad:	8.9879999999999	
    Magnitude of W:	60883.110128354	
    Magnitude of B_grad:	0.12	
    Magnitude of b:	6.6700992691178	

	
    Current index:	49501	
    Magnitude of W_grad:	9.7279999999999	
    Magnitude of W:	60864.91603564	
    Magnitude of B_grad:	0.288	
    Magnitude of b:	6.6200277472086	

	
    Current index:	59501	
    Magnitude of W_grad:	9.6079999999999	
    Magnitude of W:	60847.898498603	
    Magnitude of B_grad:	0.172	
    Magnitude of b:	6.3579589845109	

	
    Current index:	69501	
    Magnitude of W_grad:	8.3959999999998	
    Magnitude of W:	60832.888924088	
    Magnitude of B_grad:	0.1	
    Magnitude of b:	6.6278899575966	

	
    Current index:	79501	
    Magnitude of W_grad:	9.448	
    Magnitude of W:	60817.066134465	
    Magnitude of B_grad:	0.108	
    Magnitude of b:	6.719818933629	

	
    Current index:	89501	
    Magnitude of W_grad:	8.5239999999999	
    Magnitude of W:	60800.95326868	
    Magnitude of B_grad:	0.184	
    Magnitude of b:	6.7997464596206	

	
SGD: Hinge Loss is	
284945.52418936	
SGD: Validation Accuracy is:	
0.25158946412352	
SGD: Magnitude of W:	
60795.122197873	
SGD: Magnitude of b:	
6.3322028494374	
    Current index:	9501	
    Magnitude of W_grad:	8.9719999999999	
    Magnitude of W:	60780.509501956	
    Magnitude of B_grad:	0.304	
    Magnitude of b:	6.1441356724163	

	
    Current index:	19501	
    Magnitude of W_grad:	8.6959999999999	
    Magnitude of W:	60767.343333436	
    Magnitude of B_grad:	0.096	
    Magnitude of b:	6.1340707951717	

	
    Current index:	29501	
    Magnitude of W_grad:	9.5919999999999	
    Magnitude of W:	60753.385151547	
    Magnitude of B_grad:	0.248	
    Magnitude of b:	6.1340038983935	

	
    Current index:	39501	
    Magnitude of W_grad:	8.9279999999999	
    Magnitude of W:	60738.564058971	
    Magnitude of B_grad:	0.12	
    Magnitude of b:	6.5999355216115	

	
    Current index:	49501	
    Magnitude of W_grad:	9.6799999999999	
    Magnitude of W:	60721.124485336	
    Magnitude of B_grad:	0.28	
    Magnitude of b:	6.5918647492869	

	
    Current index:	59501	
    Magnitude of W_grad:	9.6399999999999	
    Magnitude of W:	60705.306362932	
    Magnitude of B_grad:	0.172	
    Magnitude of b:	6.3237962928064	

	
    Current index:	69501	
    Magnitude of W_grad:	8.1359999999998	
    Magnitude of W:	60691.071868203	
    Magnitude of B_grad:	0.092	
    Magnitude of b:	6.5657277889788	

	
    Current index:	79501	
    Magnitude of W_grad:	9.212	
    Magnitude of W:	60675.639458236	
    Magnitude of B_grad:	0.088	
    Magnitude of b:	6.6696572442899	

	
    Current index:	89501	
    Magnitude of W_grad:	8.5159999999999	
    Magnitude of W:	60660.349129593	
    Magnitude of B_grad:	0.192	
    Magnitude of b:	6.7675852132316	

	
SGD: Hinge Loss is	
274851.70707567	
SGD: Validation Accuracy is:	
0.25794732061762	
SGD: Magnitude of W:	
60654.819611897	
SGD: Magnitude of b:	
6.3037504911692	
    Current index:	9501	
    Magnitude of W_grad:	9.0199999999999	
    Magnitude of W:	60641.575697091	
    Magnitude of B_grad:	0.308	
    Magnitude of b:	6.0716838339194	

	
    Current index:	19501	
    Magnitude of W_grad:	8.7999999999999	
    Magnitude of W:	60628.962984426	
    Magnitude of B_grad:	0.092	
    Magnitude of b:	6.0756195170368	

	
    Current index:	29501	
    Magnitude of W_grad:	9.5799999999999	
    Magnitude of W:	60615.726712915	
    Magnitude of B_grad:	0.256	
    Magnitude of b:	6.0895531282662	

	
    Current index:	39501	
    Magnitude of W_grad:	8.8519999999999	
    Magnitude of W:	60601.270513233	
    Magnitude of B_grad:	0.124	
    Magnitude of b:	6.5554852605549	

	
    Current index:	49501	
    Magnitude of W_grad:	9.2239999999999	
    Magnitude of W:	60584.784024612	
    Magnitude of B_grad:	0.252	
    Magnitude of b:	6.5494150464387	

	
    Current index:	59501	
    Magnitude of W_grad:	9.5319999999999	
    Magnitude of W:	60569.797260854	
    Magnitude of B_grad:	0.176	
    Magnitude of b:	6.2833470712405	

	
    Current index:	69501	
    Magnitude of W_grad:	7.9799999999998	
    Magnitude of W:	60556.226151619	
    Magnitude of B_grad:	0.104	
    Magnitude of b:	6.5012791181322	

	
    Current index:	79501	
    Magnitude of W_grad:	9.076	
    Magnitude of W:	60541.422519277	
    Magnitude of B_grad:	0.076	
    Magnitude of b:	6.6272091145413	

	
    Current index:	89501	
    Magnitude of W_grad:	8.2559999999999	
    Magnitude of W:	60526.780524485	
    Magnitude of B_grad:	0.176	
    Magnitude of b:	6.7391376149603	

	
SGD: Hinge Loss is	
267151.9312397	
SGD: Validation Accuracy is:	
0.26248864668483	
SGD: Magnitude of W:	
60521.450899677	
SGD: Magnitude of b:	
6.2747205404048	
    Current index:	9501	
    Magnitude of W_grad:	9.0319999999999	
    Magnitude of W:	60508.829215129	
    Magnitude of B_grad:	0.292	
    Magnitude of b:	6.0226543375184	

	
    Current index:	19501	
    Magnitude of W_grad:	8.5959999999999	
    Magnitude of W:	60496.838589889	
    Magnitude of B_grad:	0.096	
    Magnitude of b:	6.0505903275632	

	
    Current index:	29501	
    Magnitude of W_grad:	9.6079999999999	
    Magnitude of W:	60484.190910327	
    Magnitude of B_grad:	0.268	
    Magnitude of b:	6.0625242061887	

	
    Current index:	39501	
    Magnitude of W_grad:	8.9319999999999	
    Magnitude of W:	60470.207918453	
    Magnitude of B_grad:	0.124	
    Magnitude of b:	6.5164566015973	

	
    Current index:	49501	
    Magnitude of W_grad:	9.0239999999999	
    Magnitude of W:	60454.615185964	
    Magnitude of B_grad:	0.232	
    Magnitude of b:	6.500386856787	

	
    Current index:	59501	
    Magnitude of W_grad:	9.3839999999999	
    Magnitude of W:	60440.266874974	
    Magnitude of B_grad:	0.164	
    Magnitude of b:	6.2203194299465	

	
    Current index:	69501	
    Magnitude of W_grad:	7.7839999999998	
    Magnitude of W:	60427.319593881	
    Magnitude of B_grad:	0.08	
    Magnitude of b:	6.4462520957001	

	
    Current index:	79501	
    Magnitude of W_grad:	8.956	
    Magnitude of W:	60413.090017064	
    Magnitude of B_grad:	0.076	
    Magnitude of b:	6.6201825549872	

	
    Current index:	89501	
    Magnitude of W_grad:	8.0879999999998	
    Magnitude of W:	60398.916733248	
    Magnitude of B_grad:	0.156	
    Magnitude of b:	6.6921114616583	

	
SGD: Hinge Loss is	
260211.82817707	
SGD: Validation Accuracy is:	
0.26430517711172	
SGD: Magnitude of W:	
60393.676934808	
SGD: Magnitude of b:	
6.2431120702007	
    Current index:	9501	
    Magnitude of W_grad:	9.0839999999999	
    Magnitude of W:	60381.318048547	
    Magnitude of B_grad:	0.28	
    Magnitude of b:	5.9970461259423	

	
    Current index:	19501	
    Magnitude of W_grad:	8.7039999999999	
    Magnitude of W:	60369.747329377	
    Magnitude of B_grad:	0.104	
    Magnitude of b:	6.012982389569	

	
    Current index:	29501	
    Magnitude of W_grad:	9.4479999999999	
    Magnitude of W:	60357.339041375	
    Magnitude of B_grad:	0.26	
    Magnitude of b:	6.0229167030923	

	
    Current index:	39501	
    Magnitude of W_grad:	8.9279999999999	
    Magnitude of W:	60343.571446008	
    Magnitude of B_grad:	0.14	
    Magnitude of b:	6.4628496380912	

	
    Current index:	49501	
    Magnitude of W_grad:	8.8679999999999	
    Magnitude of W:	60328.463317308	
    Magnitude of B_grad:	0.22	
    Magnitude of b:	6.4587804467535	

	
    Current index:	59501	
    Magnitude of W_grad:	9.3719999999999	
    Magnitude of W:	60314.975514724	
    Magnitude of B_grad:	0.184	
    Magnitude of b:	6.1947134590678	

	
    Current index:	69501	
    Magnitude of W_grad:	7.6359999999998	
    Magnitude of W:	60302.415965242	
    Magnitude of B_grad:	0.08	
    Magnitude of b:	6.412646530853	

	
    Current index:	79501	
    Magnitude of W_grad:	8.972	
    Magnitude of W:	60288.55924172	
    Magnitude of B_grad:	0.088	
    Magnitude of b:	6.5945772284384	

	
    Current index:	89501	
    Magnitude of W_grad:	8.1079999999998	
    Magnitude of W:	60274.66666615	
    Magnitude of B_grad:	0.16	
    Magnitude of b:	6.658506378747	

	
SGD: Hinge Loss is	
253833.06477562	
SGD: Validation Accuracy is:	
0.26702997275204	
SGD: Magnitude of W:	
60269.695465619	
SGD: Magnitude of b:	
6.1803808884586	
    Current index:	9501	
    Magnitude of W_grad:	9.1319999999999	
    Magnitude of W:	60257.716888068	
    Magnitude of B_grad:	0.276	
    Magnitude of b:	5.960315464813	

	
    Current index:	19501	
    Magnitude of W_grad:	8.6679999999999	
    Magnitude of W:	60246.488624719	
    Magnitude of B_grad:	0.112	
    Magnitude of b:	5.9742521315302	

	
    Current index:	29501	
    Magnitude of W_grad:	9.2959999999999	
    Magnitude of W:	60234.578005892	
    Magnitude of B_grad:	0.276	
    Magnitude of b:	5.9901868588229	

	
    Current index:	39501	
    Magnitude of W_grad:	8.8439999999999	
    Magnitude of W:	60221.245813573	
    Magnitude of B_grad:	0.144	
    Magnitude of b:	6.4121202471153	

	
    Current index:	49501	
    Magnitude of W_grad:	8.8199999999999	
    Magnitude of W:	60206.739010196	
    Magnitude of B_grad:	0.22	
    Magnitude of b:	6.4220516094897	

	
    Current index:	59501	
    Magnitude of W_grad:	9.4159999999999	
    Magnitude of W:	60193.696987644	
    Magnitude of B_grad:	0.192	
    Magnitude of b:	6.1679850131231	

	
    Current index:	69501	
    Magnitude of W_grad:	7.6319999999998	
    Magnitude of W:	60181.573760377	
    Magnitude of B_grad:	0.088	
    Magnitude of b:	6.3799183544332	

	
    Current index:	79501	
    Magnitude of W_grad:	8.9159999999999	
    Magnitude of W:	60167.98263718	
    Magnitude of B_grad:	0.08	
    Magnitude of b:	6.5538494486725	

	
    Current index:	89501	
    Magnitude of W_grad:	8.1079999999998	
    Magnitude of W:	60154.439609829	
    Magnitude of B_grad:	0.148	
    Magnitude of b:	6.579779172975	

	
SGD: Hinge Loss is	
248596.92171984	
SGD: Validation Accuracy is:	
0.2661217075386	
SGD: Magnitude of W:	
60149.507520982	
SGD: Magnitude of b:	
6.1247802519386	
    Current index:	9501	
    Magnitude of W_grad:	8.9839999999999	
    Magnitude of W:	60138.108179342	
    Magnitude of B_grad:	0.264	
    Magnitude of b:	5.9387153208024	

	
    Current index:	19501	
    Magnitude of W_grad:	8.7119999999999	
    Magnitude of W:	60127.233983693	
    Magnitude of B_grad:	0.12	
    Magnitude of b:	5.9426522930653	

	
    Current index:	29501	
    Magnitude of W_grad:	9.3039999999999	
    Magnitude of W:	60115.737397852	
    Magnitude of B_grad:	0.272	
    Magnitude of b:	5.9725873365837	

	
    Current index:	39501	
    Magnitude of W_grad:	8.5279999999999	
    Magnitude of W:	60102.602006486	
    Magnitude of B_grad:	0.092	
    Magnitude of b:	6.3785209161033	

	
    Current index:	49501	
    Magnitude of W_grad:	8.5999999999999	
    Magnitude of W:	60088.411844038	
    Magnitude of B_grad:	0.216	
    Magnitude of b:	6.3944524718393	

	
    Current index:	59501	
    Magnitude of W_grad:	9.3919999999999	
    Magnitude of W:	60075.671260652	
    Magnitude of B_grad:	0.192	
    Magnitude of b:	6.1223861842129	

	
    Current index:	69501	
    Magnitude of W_grad:	7.4679999999998	
    Magnitude of W:	60063.960011112	
    Magnitude of B_grad:	0.072	
    Magnitude of b:	6.3343199325465	

	
    Current index:	79501	
    Magnitude of W_grad:	9.068	
    Magnitude of W:	60050.69554381	
    Magnitude of B_grad:	0.096	
    Magnitude of b:	6.5142514808119	

	
    Current index:	89501	
    Magnitude of W_grad:	8.0319999999998	
    Magnitude of W:	60037.575492353	
    Magnitude of B_grad:	0.128	
    Magnitude of b:	6.5401817787894	

	
SGD: Hinge Loss is	
243360.23999357	
SGD: Validation Accuracy is:	
0.26067211625795	
SGD: Magnitude of W:	
60032.840033833	
SGD: Magnitude of b:	
6.0811830248302	
    Current index:	9501	
    Magnitude of W_grad:	8.9799999999999	
    Magnitude of W:	60021.944516057	
    Magnitude of B_grad:	0.272	
    Magnitude of b:	5.9151185380922	

	
    Current index:	19501	
    Magnitude of W_grad:	8.7039999999999	
    Magnitude of W:	60011.355041288	
    Magnitude of B_grad:	0.124	
    Magnitude of b:	5.9090558094551	

	
    Current index:	29501	
    Magnitude of W_grad:	9.1039999999999	
    Magnitude of W:	60000.134859461	
    Magnitude of B_grad:	0.28	
    Magnitude of b:	5.9349913069789	

	
    Current index:	39501	
    Magnitude of W_grad:	8.4959999999999	
    Magnitude of W:	59987.304723388	
    Magnitude of B_grad:	0.076	
    Magnitude of b:	6.3449252518272	

	
    Current index:	49501	
    Magnitude of W_grad:	8.4359999999999	
    Magnitude of W:	59973.368924975	
    Magnitude of B_grad:	0.224	
    Magnitude of b:	6.3488572028016	

	
    Current index:	59501	
    Magnitude of W_grad:	9.3399999999999	
    Magnitude of W:	59961.165797015	
    Magnitude of B_grad:	0.22	
    Magnitude of b:	6.0747913969446	

	
    Current index:	69501	
    Magnitude of W_grad:	7.4319999999998	
    Magnitude of W:	59949.816029513	
    Magnitude of B_grad:	0.06	
    Magnitude of b:	6.296725680459	

	
    Current index:	79501	
    Magnitude of W_grad:	9.04	
    Magnitude of W:	59936.813197069	
    Magnitude of B_grad:	0.088	
    Magnitude of b:	6.4686576901844	

	
    Current index:	89501	
    Magnitude of W_grad:	8.0639999999998	
    Magnitude of W:	59924.126175174	
    Magnitude of B_grad:	0.132	
    Magnitude of b:	6.4745885703391	

	
SGD: Hinge Loss is	
238819.7652642	
SGD: Validation Accuracy is:	
0.26339691189827	
SGD: Magnitude of W:	
59919.525592044	
SGD: Magnitude of b:	
6.0315900357879	
    Current index:	9501	
    Magnitude of W_grad:	8.9359999999999	
    Magnitude of W:	59908.851564094	
    Magnitude of B_grad:	0.28	
    Magnitude of b:	5.8775260382729	

	
    Current index:	19501	
    Magnitude of W_grad:	8.6639999999999	
    Magnitude of W:	59898.430191221	
    Magnitude of B_grad:	0.132	
    Magnitude of b:	5.8834636610382	

	
    Current index:	29501	
    Magnitude of W_grad:	8.9159999999999	
    Magnitude of W:	59887.389577784	
    Magnitude of B_grad:	0.268	
    Magnitude of b:	5.893399633888	

	
    Current index:	39501	
    Magnitude of W_grad:	8.4039999999999	
    Magnitude of W:	59874.947799688	
    Magnitude of B_grad:	0.088	
    Magnitude of b:	6.315334005982	

	
    Current index:	49501	
    Magnitude of W_grad:	8.4319999999999	
    Magnitude of W:	59861.436652712	
    Magnitude of B_grad:	0.232	
    Magnitude of b:	6.3072663863342	

	
    Current index:	59501	
    Magnitude of W_grad:	9.3439999999999	
    Magnitude of W:	59849.71824839	
    Magnitude of B_grad:	0.24	
    Magnitude of b:	6.0272011401876	

	
    Current index:	69501	
    Magnitude of W_grad:	7.3399999999998	
    Magnitude of W:	59838.613515949	
    Magnitude of B_grad:	0.056	
    Magnitude of b:	6.2471359876795	

	
    Current index:	79501	
    Magnitude of W_grad:	8.944	
    Magnitude of W:	59826.048228074	
    Magnitude of B_grad:	0.088	
    Magnitude of b:	6.4210685741965	

	
    Current index:	89501	
    Magnitude of W_grad:	8.0399999999998	
    Magnitude of W:	59813.730215868	
    Magnitude of B_grad:	0.14	
    Magnitude of b:	6.4290000054964	

	
SGD: Hinge Loss is	
233707.6295135	
SGD: Validation Accuracy is:	
0.26793823796549	
SGD: Magnitude of W:	
59809.285713156	
SGD: Magnitude of b:	
5.9862929129406	
    Current index:	9501	
    Magnitude of W_grad:	8.8279999999999	
    Magnitude of W:	59798.751159785	
    Magnitude of B_grad:	0.28	
    Magnitude of b:	5.8302293908046	

	
    Current index:	19501	
    Magnitude of W_grad:	8.6119999999999	
    Magnitude of W:	59788.676444586	
    Magnitude of B_grad:	0.14	
    Magnitude of b:	5.8401675348821	

	
    Current index:	29501	
    Magnitude of W_grad:	8.7239999999999	
    Magnitude of W:	59777.963944794	
    Magnitude of B_grad:	0.272	
    Magnitude of b:	5.8321040653624	

	
    Current index:	39501	
    Magnitude of W_grad:	8.4679999999999	
    Magnitude of W:	59765.790081019	
    Magnitude of B_grad:	0.08	
    Magnitude of b:	6.2560391670829	

	
    Current index:	49501	
    Magnitude of W_grad:	8.4479999999999	
    Magnitude of W:	59752.597171687	
    Magnitude of B_grad:	0.248	
    Magnitude of b:	6.2519722193638	

	
    Current index:	59501	
    Magnitude of W_grad:	9.3359999999999	
    Magnitude of W:	59741.16125774	
    Magnitude of B_grad:	0.256	
    Magnitude of b:	5.9619075703548	

	
    Current index:	69501	
    Magnitude of W_grad:	7.2599999999998	
    Magnitude of W:	59730.302951274	
    Magnitude of B_grad:	0.048	
    Magnitude of b:	6.17584309724	

	
    Current index:	79501	
    Magnitude of W_grad:	8.7119999999999	
    Magnitude of W:	59718.034045309	
    Magnitude of B_grad:	0.096	
    Magnitude of b:	6.3457764368583	

	
    Current index:	89501	
    Magnitude of W_grad:	8.0319999999998	
    Magnitude of W:	59706.026258476	
    Magnitude of B_grad:	0.144	
    Magnitude of b:	6.3557086586433	

	
SGD: Hinge Loss is	
230185.17738746	
SGD: Validation Accuracy is:	
0.26793823796549	
SGD: Magnitude of W:	
59701.78247965	
SGD: Magnitude of b:	
5.9304193838611	
    Current index:	9501	
    Magnitude of W_grad:	8.7879999999999	
    Magnitude of W:	59691.658306454	
    Magnitude of B_grad:	0.276	
    Magnitude of b:	5.7723565206059	

	
    Current index:	19501	
    Magnitude of W_grad:	8.3239999999999	
    Magnitude of W:	59681.892616179	
    Magnitude of B_grad:	0.148	
    Magnitude of b:	5.8142950618143	

	
    Current index:	29501	
    Magnitude of W_grad:	8.6999999999999	
    Magnitude of W:	59671.58558965	
    Magnitude of B_grad:	0.276	
    Magnitude of b:	5.7862320471119	

	
    Current index:	39501	
    Magnitude of W_grad:	8.4839999999999	
    Magnitude of W:	59659.651299979	
    Magnitude of B_grad:	0.08	
    Magnitude of b:	6.214167563048	

	
    Current index:	49501	
    Magnitude of W_grad:	8.0919999999998	
    Magnitude of W:	59646.753179087	
    Magnitude of B_grad:	0.216	
    Magnitude of b:	6.1861011577406	

	
    Current index:	59501	
    Magnitude of W_grad:	9.3559999999999	
    Magnitude of W:	59635.522228319	
    Magnitude of B_grad:	0.256	
    Magnitude of b:	5.9140371205791	

	
    Current index:	69501	
    Magnitude of W_grad:	7.1839999999998	
    Magnitude of W:	59624.964161327	
    Magnitude of B_grad:	0.048	
    Magnitude of b:	6.1399731962734	

	
    Current index:	79501	
    Magnitude of W_grad:	8.6599999999999	
    Magnitude of W:	59612.970819087	
    Magnitude of B_grad:	0.096	
    Magnitude of b:	6.3039069693147	

	
    Current index:	89501	
    Magnitude of W_grad:	7.8199999999998	
    Magnitude of W:	59601.286818895	
    Magnitude of B_grad:	0.144	
    Magnitude of b:	6.3098396843448	

	
SGD: Hinge Loss is	
226410.89111332	
SGD: Validation Accuracy is:	
0.27702089009991	
SGD: Magnitude of W:	
59597.259627782	
SGD: Magnitude of b:	
5.8631331394642	
    Current index:	9501	
    Magnitude of W_grad:	8.6799999999999	
    Magnitude of W:	59587.372293355	
    Magnitude of B_grad:	0.264	
    Magnitude of b:	5.7210709587289	

	
    Current index:	19501	
    Magnitude of W_grad:	8.4359999999999	
    Magnitude of W:	59577.919362699	
    Magnitude of B_grad:	0.164	
    Magnitude of b:	5.7590100756165	

	
    Current index:	29501	
    Magnitude of W_grad:	8.6239999999999	
    Magnitude of W:	59567.779655782	
    Magnitude of B_grad:	0.28	
    Magnitude of b:	5.7249476857306	

	
    Current index:	39501	
    Magnitude of W_grad:	8.2159999999999	
    Magnitude of W:	59555.990699128	
    Magnitude of B_grad:	0.1	
    Magnitude of b:	6.1748837698544	

	
    Current index:	49501	
    Magnitude of W_grad:	7.9879999999998	
    Magnitude of W:	59543.413896644	
    Magnitude of B_grad:	0.224	
    Magnitude of b:	6.1328179775991	

	
    Current index:	59501	
    Magnitude of W_grad:	9.2959999999999	
    Magnitude of W:	59532.288877658	
    Magnitude of B_grad:	0.264	
    Magnitude of b:	5.8647545502781	

	
    Current index:	69501	
    Magnitude of W_grad:	7.0239999999998	
    Magnitude of W:	59522.096279453	
    Magnitude of B_grad:	0.04	
    Magnitude of b:	6.1006910883757	

	
    Current index:	79501	
    Magnitude of W_grad:	8.5399999999999	
    Magnitude of W:	59510.41394952	
    Magnitude of B_grad:	0.08	
    Magnitude of b:	6.2446253366358	

	
    Current index:	89501	
    Magnitude of W_grad:	7.7239999999998	
    Magnitude of W:	59499.036235797	
    Magnitude of B_grad:	0.132	
    Magnitude of b:	6.2585586465331	

	
SGD: Hinge Loss is	
222662.03504551	
SGD: Validation Accuracy is:	
0.28337874659401	
SGD: Magnitude of W:	
59495.099558509	
SGD: Magnitude of b:	
5.8138523239997	
    Current index:	9501	
    Magnitude of W_grad:	8.6359999999999	
    Magnitude of W:	59485.519806359	
    Magnitude of B_grad:	0.264	
    Magnitude of b:	5.6657907488063	

	
    Current index:	19501	
    Magnitude of W_grad:	8.3879999999999	
    Magnitude of W:	59476.15398209	
    Magnitude of B_grad:	0.18	
    Magnitude of b:	5.7157304370424	

	
    Current index:	29501	
    Magnitude of W_grad:	8.6679999999999	
    Magnitude of W:	59466.216090607	
    Magnitude of B_grad:	0.296	
    Magnitude of b:	5.6836686270455	

	
    Current index:	39501	
    Magnitude of W_grad:	8.1679999999999	
    Magnitude of W:	59454.738402284	
    Magnitude of B_grad:	0.088	
    Magnitude of b:	6.1076052472508	

	
    Current index:	49501	
    Magnitude of W_grad:	7.8479999999998	
    Magnitude of W:	59442.465202145	
    Magnitude of B_grad:	0.208	
    Magnitude of b:	6.0855399910707	

	
    Current index:	59501	
    Magnitude of W_grad:	9.4079999999999	
    Magnitude of W:	59431.800788778	
    Magnitude of B_grad:	0.3	
    Magnitude of b:	5.8094771500314	

	
    Current index:	69501	
    Magnitude of W_grad:	6.9759999999998	
    Magnitude of W:	59421.966408121	
    Magnitude of B_grad:	0.044	
    Magnitude of b:	6.0574142626525	

	
    Current index:	79501	
    Magnitude of W_grad:	8.4959999999999	
    Magnitude of W:	59410.65634246	
    Magnitude of B_grad:	0.084	
    Magnitude of b:	6.1993490384232	

	
    Current index:	89501	
    Magnitude of W_grad:	7.6359999999998	
    Magnitude of W:	59399.50665018	
    Magnitude of B_grad:	0.128	
    Magnitude of b:	6.2032829890693	

	
SGD: Hinge Loss is	
219068.46733302	
SGD: Validation Accuracy is:	
0.28519527702089	
SGD: Magnitude of W:	
59395.835298058	
SGD: Magnitude of b:	
5.7645768792452	
    Current index:	9501	
    Magnitude of W_grad:	8.5759999999999	
    Magnitude of W:	59386.440610787	
    Magnitude of B_grad:	0.264	
    Magnitude of b:	5.6265157247139	

	
    Current index:	19501	
    Magnitude of W_grad:	8.3159999999999	
    Magnitude of W:	59377.190317602	
    Magnitude of B_grad:	0.196	
    Magnitude of b:	5.6824558143776	

	
    Current index:	29501	
    Magnitude of W_grad:	8.6799999999999	
    Magnitude of W:	59367.515388535	
    Magnitude of B_grad:	0.292	
    Magnitude of b:	5.6483944474694	

	
    Current index:	39501	
    Magnitude of W_grad:	8.0239999999998	
    Magnitude of W:	59356.248509901	
    Magnitude of B_grad:	0.104	
    Magnitude of b:	6.0763314594782	

	
    Current index:	49501	
    Magnitude of W_grad:	7.8079999999998	
    Magnitude of W:	59344.240742922	
    Magnitude of B_grad:	0.208	
    Magnitude of b:	6.0502665747993	

	
    Current index:	59501	
    Magnitude of W_grad:	9.3519999999999	
    Magnitude of W:	59333.87538106	
    Magnitude of B_grad:	0.308	
    Magnitude of b:	5.7922040144482	

	
    Current index:	69501	
    Magnitude of W_grad:	6.8559999999998	
    Magnitude of W:	59324.191987746	
    Magnitude of B_grad:	0.048	
    Magnitude of b:	6.0461412656661	

	
    Current index:	79501	
    Magnitude of W_grad:	8.4239999999999	
    Magnitude of W:	59313.134873794	
    Magnitude of B_grad:	0.084	
    Magnitude of b:	6.1700762505424	

	
    Current index:	89501	
    Magnitude of W_grad:	7.4719999999998	
    Magnitude of W:	59302.316929547	
    Magnitude of B_grad:	0.104	
    Magnitude of b:	6.154010585499	

	
SGD: Hinge Loss is	
215552.4658291	
SGD: Validation Accuracy is:	
0.28519527702089	
SGD: Magnitude of W:	
59298.569900498	
SGD: Magnitude of b:	
5.721013434781	
    Current index:	9501	
    Magnitude of W_grad:	8.7039999999999	
    Magnitude of W:	59289.471149696	
    Magnitude of B_grad:	0.272	
    Magnitude of b:	5.5889527253554	

	
    Current index:	19501	
    Magnitude of W_grad:	8.3399999999999	
    Magnitude of W:	59280.445873942	
    Magnitude of B_grad:	0.184	
    Magnitude of b:	5.6508931190996	

	
    Current index:	29501	
    Magnitude of W_grad:	8.5359999999999	
    Magnitude of W:	59270.997065973	
    Magnitude of B_grad:	0.292	
    Magnitude of b:	5.6288320519952	

	
    Current index:	39501	
    Magnitude of W_grad:	8.0079999999998	
    Magnitude of W:	59259.928585456	
    Magnitude of B_grad:	0.1	
    Magnitude of b:	6.0567693178664	

	
    Current index:	49501	
    Magnitude of W_grad:	7.9279999999998	
    Magnitude of W:	59248.070836641	
    Magnitude of B_grad:	0.224	
    Magnitude of b:	6.0247046443138	

	
    Current index:	59501	
    Magnitude of W_grad:	9.3399999999999	
    Magnitude of W:	59237.917680992	
    Magnitude of B_grad:	0.304	
    Magnitude of b:	5.7686423047017	

	
    Current index:	69501	
    Magnitude of W_grad:	6.8919999999998	
    Magnitude of W:	59228.462370606	
    Magnitude of B_grad:	0.044	
    Magnitude of b:	6.0225797905445	

	
    Current index:	79501	
    Magnitude of W_grad:	8.1719999999999	
    Magnitude of W:	59217.643601109	
    Magnitude of B_grad:	0.084	
    Magnitude of b:	6.14251504423	

	
    Current index:	89501	
    Magnitude of W_grad:	7.5319999999998	
    Magnitude of W:	59207.213166972	
    Magnitude of B_grad:	0.116	
    Magnitude of b:	6.1344495486375	

	
SGD: Hinge Loss is	
212152.58452926	
SGD: Validation Accuracy is:	
0.29246139872843	
SGD: Magnitude of W:	
59203.571460751	
SGD: Magnitude of b:	
5.7091612108282	
    Current index:	9501	
    Magnitude of W_grad:	8.7359999999999	
    Magnitude of W:	59194.62163	
    Magnitude of B_grad:	0.28	
    Magnitude of b:	5.5731005970424	

	
    Current index:	19501	
    Magnitude of W_grad:	8.4559999999999	
    Magnitude of W:	59185.83134889	
    Magnitude of B_grad:	0.188	
    Magnitude of b:	5.6270412424027	

	
    Current index:	29501	
    Magnitude of W_grad:	8.5519999999999	
    Magnitude of W:	59176.624980644	
    Magnitude of B_grad:	0.304	
    Magnitude of b:	5.5989805123785	

	
    Current index:	39501	
    Magnitude of W_grad:	7.8919999999998	
    Magnitude of W:	59165.901921353	
    Magnitude of B_grad:	0.096	
    Magnitude of b:	6.0229181131897	

	
    Current index:	49501	
    Magnitude of W_grad:	7.7119999999998	
    Magnitude of W:	59154.273850793	
    Magnitude of B_grad:	0.228	
    Magnitude of b:	6.0028537596167	

	
    Current index:	59501	
    Magnitude of W_grad:	9.4599999999999	
    Magnitude of W:	59144.348189664	
    Magnitude of B_grad:	0.312	
    Magnitude of b:	5.7387917837828	

	
    Current index:	69501	
    Magnitude of W_grad:	6.8199999999998	
    Magnitude of W:	59135.18599382	
    Magnitude of B_grad:	0.04	
    Magnitude of b:	5.9907296355364	

	
    Current index:	79501	
    Magnitude of W_grad:	8.1279999999999	
    Magnitude of W:	59124.679656749	
    Magnitude of B_grad:	0.088	
    Magnitude of b:	6.1126652091904	

	
    Current index:	89501	
    Magnitude of W_grad:	7.4719999999998	
    Magnitude of W:	59114.326338332	
    Magnitude of B_grad:	0.128	
    Magnitude of b:	6.0926000709546	

	
SGD: Hinge Loss is	
208926.99506362	
SGD: Validation Accuracy is:	
0.29336966394187	
SGD: Magnitude of W:	
59110.807778747	
SGD: Magnitude of b:	
5.6598944009998	
    Current index:	9501	
    Magnitude of W_grad:	8.7239999999999	
    Magnitude of W:	59101.975886718	
    Magnitude of B_grad:	0.284	
    Magnitude of b:	5.5298343124808	

	
    Current index:	19501	
    Magnitude of W_grad:	8.3239999999999	
    Magnitude of W:	59093.560052164	
    Magnitude of B_grad:	0.196	
    Magnitude of b:	5.5957753078952	

	
    Current index:	29501	
    Magnitude of W_grad:	8.5959999999999	
    Magnitude of W:	59084.584368285	
    Magnitude of B_grad:	0.312	
    Magnitude of b:	5.5617149183064	

	
    Current index:	39501	
    Magnitude of W_grad:	7.9559999999998	
    Magnitude of W:	59074.044059334	
    Magnitude of B_grad:	0.104	
    Magnitude of b:	5.9976528349776	

	
    Current index:	49501	
    Magnitude of W_grad:	7.5559999999998	
    Magnitude of W:	59062.628034513	
    Magnitude of B_grad:	0.212	
    Magnitude of b:	5.9595887919196	

	
    Current index:	59501	
    Magnitude of W_grad:	9.2719999999999	
    Magnitude of W:	59052.894870945	
    Magnitude of B_grad:	0.304	
    Magnitude of b:	5.7095271041622	

	
    Current index:	69501	
    Magnitude of W_grad:	6.7039999999998	
    Magnitude of W:	59043.914464172	
    Magnitude of B_grad:	0.04	
    Magnitude of b:	5.9514653230463	

	
    Current index:	79501	
    Magnitude of W_grad:	8.0879999999999	
    Magnitude of W:	59033.644927789	
    Magnitude of B_grad:	0.092	
    Magnitude of b:	6.0754012595533	

	
    Current index:	89501	
    Magnitude of W_grad:	7.4439999999998	
    Magnitude of W:	59023.541982062	
    Magnitude of B_grad:	0.136	
    Magnitude of b:	6.0593364766884	

	
SGD: Hinge Loss is	
206129.76637793	
SGD: Validation Accuracy is:	
0.29336966394187	
SGD: Magnitude of W:	
59020.151589672	
SGD: Magnitude of b:	
5.6560484139256	
    Current index:	9501	
    Magnitude of W_grad:	8.6599999999999	
    Magnitude of W:	59011.588977336	
    Magnitude of B_grad:	0.28	
    Magnitude of b:	5.5319883494013	

	
    Current index:	19501	
    Magnitude of W_grad:	8.1239999999998	
    Magnitude of W:	59003.441981102	
    Magnitude of B_grad:	0.184	
    Magnitude of b:	5.5659294510723	

	
    Current index:	29501	
    Magnitude of W_grad:	8.4319999999999	
    Magnitude of W:	58994.584001398	
    Magnitude of B_grad:	0.312	
    Magnitude of b:	5.549869232907	

	
    Current index:	39501	
    Magnitude of W_grad:	7.8639999999998	
    Magnitude of W:	58984.178294445	
    Magnitude of B_grad:	0.104	
    Magnitude of b:	5.9778073615969	

	
    Current index:	49501	
    Magnitude of W_grad:	7.4799999999998	
    Magnitude of W:	58973.058225704	
    Magnitude of B_grad:	0.208	
    Magnitude of b:	5.9257435807674	

	
    Current index:	59501	
    Magnitude of W_grad:	9.2639999999999	
    Magnitude of W:	58963.473257525	
    Magnitude of B_grad:	0.308	
    Magnitude of b:	5.685682274889	

	
    Current index:	69501	
    Magnitude of W_grad:	6.6599999999998	
    Magnitude of W:	58954.671877295	
    Magnitude of B_grad:	0.04	
    Magnitude of b:	5.9216207453112	

	
    Current index:	79501	
    Magnitude of W_grad:	8.0039999999998	
    Magnitude of W:	58944.570544677	
    Magnitude of B_grad:	0.104	
    Magnitude of b:	6.0475569739503	

	
    Current index:	89501	
    Magnitude of W_grad:	7.4319999999998	
    Magnitude of W:	58934.700977335	
    Magnitude of B_grad:	0.156	
    Magnitude of b:	6.0374924223191	

	
SGD: Hinge Loss is	
203552.2850568	
SGD: Validation Accuracy is:	
0.29246139872843	
SGD: Magnitude of W:	
58931.497188719	
SGD: Magnitude of b:	
5.628204481749	
    Current index:	9501	
    Magnitude of W_grad:	8.6879999999999	
    Magnitude of W:	58923.060274412	
    Magnitude of B_grad:	0.284	
    Magnitude of b:	5.5041448022951	

	
    Current index:	19501	
    Magnitude of W_grad:	7.9919999999998	
    Magnitude of W:	58915.038976351	
    Magnitude of B_grad:	0.172	
    Magnitude of b:	5.546086101005	

	
    Current index:	29501	
    Magnitude of W_grad:	8.4999999999999	
    Magnitude of W:	58906.447232219	
    Magnitude of B_grad:	0.32	
    Magnitude of b:	5.5400260403483	

	
    Current index:	39501	
    Magnitude of W_grad:	7.8119999999998	
    Magnitude of W:	58896.172054383	
    Magnitude of B_grad:	0.092	
    Magnitude of b:	5.973964307315	

	
    Current index:	49501	
    Magnitude of W_grad:	7.4839999999998	
    Magnitude of W:	58885.352246399	
    Magnitude of B_grad:	0.204	
    Magnitude of b:	5.9039006818543	

	
    Current index:	59501	
    Magnitude of W_grad:	9.1999999999999	
    Magnitude of W:	58875.902099615	
    Magnitude of B_grad:	0.304	
    Magnitude of b:	5.6638395719398	

	
    Current index:	69501	
    Magnitude of W_grad:	6.5679999999998	
    Magnitude of W:	58867.282823658	
    Magnitude of B_grad:	0.04	
    Magnitude of b:	5.9137781870434	

	
    Current index:	79501	
    Magnitude of W_grad:	8.0039999999998	
    Magnitude of W:	58857.417005198	
    Magnitude of B_grad:	0.104	
    Magnitude of b:	6.0197145550211	

	
    Current index:	89501	
    Magnitude of W_grad:	7.4559999999998	
    Magnitude of W:	58847.806378902	
    Magnitude of B_grad:	0.152	
    Magnitude of b:	6.0156502933623	

	
SGD: Hinge Loss is	
201199.53355403	
SGD: Validation Accuracy is:	
0.29246139872843	
SGD: Magnitude of W:	
58844.62930439	
SGD: Magnitude of b:	
5.610071204294	
    Current index:	9501	
    Magnitude of W_grad:	8.6759999999999	
    Magnitude of W:	58836.474297852	
    Magnitude of B_grad:	0.28	
    Magnitude of b:	5.4840117506147	

	
    Current index:	19501	
    Magnitude of W_grad:	7.8999999999998	
    Magnitude of W:	58828.478458507	
    Magnitude of B_grad:	0.172	
    Magnitude of b:	5.5219532729601	

	
    Current index:	29501	
    Magnitude of W_grad:	8.5759999999999	
    Magnitude of W:	58820.150903725	
    Magnitude of B_grad:	0.324	
    Magnitude of b:	5.5138935320867	

	
    Current index:	39501	
    Magnitude of W_grad:	7.9119999999998	
    Magnitude of W:	58810.062857037	
    Magnitude of B_grad:	0.104	
    Magnitude of b:	5.949832080373	

	
    Current index:	49501	
    Magnitude of W_grad:	7.5799999999998	
    Magnitude of W:	58799.412218197	
    Magnitude of B_grad:	0.204	
    Magnitude of b:	5.8677687458443	

	
    Current index:	59501	
    Magnitude of W_grad:	9.1399999999999	
    Magnitude of W:	58790.192559933	
    Magnitude of B_grad:	0.308	
    Magnitude of b:	5.6377080625372	

	
    Current index:	69501	
    Magnitude of W_grad:	6.6279999999998	
    Magnitude of W:	58781.735396966	
    Magnitude of B_grad:	0.064	
    Magnitude of b:	5.8696471095855	

	
    Current index:	79501	
    Magnitude of W_grad:	8.0119999999998	
    Magnitude of W:	58772.03525944	
    Magnitude of B_grad:	0.088	
    Magnitude of b:	5.983583890273	

	
    Current index:	89501	
    Magnitude of W_grad:	7.3599999999998	
    Magnitude of W:	58762.58426324	
    Magnitude of B_grad:	0.148	
    Magnitude of b:	5.991519897094	

	
SGD: Hinge Loss is	
198476.758546	
SGD: Validation Accuracy is:	
0.29246139872843	
SGD: Magnitude of W:	
58759.439455035	
SGD: Magnitude of b:	
5.5956496479394	
    Current index:	9501	
    Magnitude of W_grad:	8.5799999999999	
    Magnitude of W:	58751.508339618	
    Magnitude of B_grad:	0.272	
    Magnitude of b:	5.4455905000347	

	
    Current index:	19501	
    Magnitude of W_grad:	7.8239999999999	
    Magnitude of W:	58743.585898179	
    Magnitude of B_grad:	0.164	
    Magnitude of b:	5.4895323612697	

	
    Current index:	29501	
    Magnitude of W_grad:	8.4199999999999	
    Magnitude of W:	58735.428790585	
    Magnitude of B_grad:	0.312	
    Magnitude of b:	5.5134728171932	

	
    Current index:	39501	
    Magnitude of W_grad:	7.8799999999998	
    Magnitude of W:	58725.565445522	
    Magnitude of B_grad:	0.1	
    Magnitude of b:	5.9474113849308	

	
    Current index:	49501	
    Magnitude of W_grad:	7.6119999999998	
    Magnitude of W:	58715.175713739	
    Magnitude of B_grad:	0.22	
    Magnitude of b:	5.8413481660037	

	
    Current index:	59501	
    Magnitude of W_grad:	9.1199999999999	
    Magnitude of W:	58706.241925508	
    Magnitude of B_grad:	0.316	
    Magnitude of b:	5.607287707267	

	
    Current index:	69501	
    Magnitude of W_grad:	6.5679999999998	
    Magnitude of W:	58697.901245812	
    Magnitude of B_grad:	0.068	
    Magnitude of b:	5.8452270141386	

	
    Current index:	79501	
    Magnitude of W_grad:	8.0079999999998	
    Magnitude of W:	58688.271289434	
    Magnitude of B_grad:	0.076	
    Magnitude of b:	5.9731640364846	

	
    Current index:	89501	
    Magnitude of W_grad:	7.2599999999998	
    Magnitude of W:	58679.125255421	
    Magnitude of B_grad:	0.144	
    Magnitude of b:	5.9731002304766	

	
SGD: Hinge Loss is	
196641.3862188	
SGD: Validation Accuracy is:	
0.29064486830154	
SGD: Magnitude of W:	
58675.959493431	
SGD: Magnitude of b:	
5.545812625973	
    Current index:	9501	
    Magnitude of W_grad:	8.5119999999999	
    Magnitude of W:	58668.253893554	
    Magnitude of B_grad:	0.276	
    Magnitude of b:	5.4157538812265	

	
    Current index:	19501	
    Magnitude of W_grad:	7.5719999999998	
    Magnitude of W:	58660.467004874	
    Magnitude of B_grad:	0.152	
    Magnitude of b:	5.4516960943352	

	
    Current index:	29501	
    Magnitude of W_grad:	7.9999999999998	
    Magnitude of W:	58652.486749902	
    Magnitude of B_grad:	0.3	
    Magnitude of b:	5.4736369341789	

	
    Current index:	39501	
    Magnitude of W_grad:	7.8679999999998	
    Magnitude of W:	58642.718995529	
    Magnitude of B_grad:	0.104	
    Magnitude of b:	5.917575938181	

	
    Current index:	49501	
    Magnitude of W_grad:	7.4519999999998	
    Magnitude of W:	58632.464220782	
    Magnitude of B_grad:	0.192	
    Magnitude of b:	5.8195130401336	

	
    Current index:	59501	
    Magnitude of W_grad:	9.1159999999999	
    Magnitude of W:	58623.807828797	
    Magnitude of B_grad:	0.312	
    Magnitude of b:	5.5894529353916	

	
    Current index:	69501	
    Magnitude of W_grad:	6.6079999999998	
    Magnitude of W:	58615.575991297	
    Magnitude of B_grad:	0.068	
    Magnitude of b:	5.8153925332221	

	
    Current index:	79501	
    Magnitude of W_grad:	7.9479999999998	
    Magnitude of W:	58606.193486496	
    Magnitude of B_grad:	0.1	
    Magnitude of b:	5.9413298625492	

	
    Current index:	89501	
    Magnitude of W_grad:	7.2679999999998	
    Magnitude of W:	58597.278417316	
    Magnitude of B_grad:	0.156	
    Magnitude of b:	5.943266313307	

	
SGD: Hinge Loss is	
194180.21173041	
SGD: Validation Accuracy is:	
0.29336966394187	
SGD: Magnitude of W:	
58594.223871873	
SGD: Magnitude of b:	
5.5353963184325	
    Current index:	9501	
    Magnitude of W_grad:	8.4839999999999	
    Magnitude of W:	58586.546730829	
    Magnitude of B_grad:	0.272	
    Magnitude of b:	5.3993377479991	

	
    Current index:	19501	
    Magnitude of W_grad:	7.4599999999999	
    Magnitude of W:	58579.025788769	
    Magnitude of B_grad:	0.148	
    Magnitude of b:	5.4372801290091	

	
    Current index:	29501	
    Magnitude of W_grad:	7.9479999999998	
    Magnitude of W:	58571.105099539	
    Magnitude of B_grad:	0.304	
    Magnitude of b:	5.4512211367521	

	
    Current index:	39501	
    Magnitude of W_grad:	7.8479999999998	
    Magnitude of W:	58561.604412226	
    Magnitude of B_grad:	0.104	
    Magnitude of b:	5.8931604069388	

	
    Current index:	49501	
    Magnitude of W_grad:	7.3999999999998	
    Magnitude of W:	58551.501986326	
    Magnitude of B_grad:	0.2	
    Magnitude of b:	5.7830978295583	

	
    Current index:	59501	
    Magnitude of W_grad:	9.1919999999999	
    Magnitude of W:	58543.078214933	
    Magnitude of B_grad:	0.32	
    Magnitude of b:	5.5530381085115	

	
    Current index:	69501	
    Magnitude of W_grad:	6.5799999999998	
    Magnitude of W:	58535.057814164	
    Magnitude of B_grad:	0.06	
    Magnitude of b:	5.7809780099079	

	
    Current index:	79501	
    Magnitude of W_grad:	7.9479999999998	
    Magnitude of W:	58525.796272936	
    Magnitude of B_grad:	0.084	
    Magnitude of b:	5.8869157945018	

	
    Current index:	89501	
    Magnitude of W_grad:	7.1759999999998	
    Magnitude of W:	58516.977206905	
    Magnitude of B_grad:	0.144	
    Magnitude of b:	5.9108527015893	

	
SGD: Hinge Loss is	
192030.53608865	
SGD: Validation Accuracy is:	
0.2960944595822	
SGD: Magnitude of W:	
58514.020021263	
SGD: Magnitude of b:	
5.4969828548449	
    Current index:	9501	
    Magnitude of W_grad:	8.4959999999999	
    Magnitude of W:	58506.455555555	
    Magnitude of B_grad:	0.284	
    Magnitude of b:	5.3649246552679	

	
    Current index:	19501	
    Magnitude of W_grad:	7.3439999999999	
    Magnitude of W:	58498.953521593	
    Magnitude of B_grad:	0.148	
    Magnitude of b:	5.4128673665337	

	
    Current index:	29501	
    Magnitude of W_grad:	8.0239999999998	
    Magnitude of W:	58491.108273581	
    Magnitude of B_grad:	0.3	
    Magnitude of b:	5.4328086329503	

	
    Current index:	39501	
    Magnitude of W_grad:	7.7639999999998	
    Magnitude of W:	58481.780689567	
    Magnitude of B_grad:	0.1	
    Magnitude of b:	5.8687481254846	

	
    Current index:	49501	
    Magnitude of W_grad:	7.5519999999998	
    Magnitude of W:	58471.804297747	
    Magnitude of B_grad:	0.212	
    Magnitude of b:	5.7586858548479	

	
    Current index:	59501	
    Magnitude of W_grad:	9.0119999999999	
    Magnitude of W:	58463.571716371	
    Magnitude of B_grad:	0.296	
    Magnitude of b:	5.5286264309266	

	
    Current index:	69501	
    Magnitude of W_grad:	6.4799999999998	
    Magnitude of W:	58455.757337644	
    Magnitude of B_grad:	0.064	
    Magnitude of b:	5.7605666561537	

	
    Current index:	79501	
    Magnitude of W_grad:	7.9799999999998	
    Magnitude of W:	58446.779832716	
    Magnitude of B_grad:	0.084	
    Magnitude of b:	5.8805046182127	

	
    Current index:	89501	
    Magnitude of W_grad:	7.0039999999998	
    Magnitude of W:	58438.141693591	
    Magnitude of B_grad:	0.132	
    Magnitude of b:	5.8984415788364	

	
SGD: Hinge Loss is	
189731.89831516	
SGD: Validation Accuracy is:	
0.29518619436876	
SGD: Magnitude of W:	
58435.161582604	
SGD: Magnitude of b:	
5.480863028035	
    Current index:	9501	
    Magnitude of W_grad:	8.3479999999999	
    Magnitude of W:	58427.605146437	
    Magnitude of B_grad:	0.264	
    Magnitude of b:	5.3588049269567	

	
    Current index:	19501	
    Magnitude of W_grad:	7.4999999999999	
    Magnitude of W:	58420.209344316	
    Magnitude of B_grad:	0.156	
    Magnitude of b:	5.4027477153535	

	
    Current index:	29501	
    Magnitude of W_grad:	8.0359999999998	
    Magnitude of W:	58412.474624287	
    Magnitude of B_grad:	0.288	
    Magnitude of b:	5.4266891037704	

	
    Current index:	39501	
    Magnitude of W_grad:	7.5599999999998	
    Magnitude of W:	58403.356299319	
    Magnitude of B_grad:	0.092	
    Magnitude of b:	5.8526287738572	

	
    Current index:	49501	
    Magnitude of W_grad:	7.3479999999998	
    Magnitude of W:	58393.605917433	
    Magnitude of B_grad:	0.212	
    Magnitude of b:	5.7345666946596	

	
    Current index:	59501	
    Magnitude of W_grad:	9.0079999999998	
    Magnitude of W:	58385.527938034	
    Magnitude of B_grad:	0.292	
    Magnitude of b:	5.5145074354667	

	
    Current index:	69501	
    Magnitude of W_grad:	6.4159999999998	
    Magnitude of W:	58377.872246317	
    Magnitude of B_grad:	0.064	
    Magnitude of b:	5.7464477335437	

	
    Current index:	79501	
    Magnitude of W_grad:	7.7399999999998	
    Magnitude of W:	58369.124011152	
    Magnitude of B_grad:	0.084	
    Magnitude of b:	5.8523858208003	

	
    Current index:	89501	
    Magnitude of W_grad:	7.0079999999998	
    Magnitude of W:	58360.639247345	
    Magnitude of B_grad:	0.14	
    Magnitude of b:	5.8843229963601	

	
SGD: Hinge Loss is	
188112.70218057	
SGD: Validation Accuracy is:	
0.29336966394187	
SGD: Magnitude of W:	
58357.809571903	
SGD: Magnitude of b:	
5.4550357744384	
    Current index:	9501	
    Magnitude of W_grad:	8.1879999999999	
    Magnitude of W:	58350.321962325	
    Magnitude of B_grad:	0.264	
    Magnitude of b:	5.3369779514188	

	
    Current index:	19501	
    Magnitude of W_grad:	7.4399999999998	
    Magnitude of W:	58343.141994923	
    Magnitude of B_grad:	0.152	
    Magnitude of b:	5.3969208138188	

	
    Current index:	29501	
    Magnitude of W_grad:	7.8679999999998	
    Magnitude of W:	58335.495561171	
    Magnitude of B_grad:	0.284	
    Magnitude of b:	5.4128623029467	

	
    Current index:	39501	
    Magnitude of W_grad:	7.6039999999998	
    Magnitude of W:	58326.607662681	
    Magnitude of B_grad:	0.1	
    Magnitude of b:	5.8528020758801	

	
    Current index:	49501	
    Magnitude of W_grad:	7.2359999999998	
    Magnitude of W:	58316.944808027	
    Magnitude of B_grad:	0.2	
    Magnitude of b:	5.7227400450429	

	
    Current index:	59501	
    Magnitude of W_grad:	9.0479999999999	
    Magnitude of W:	58309.148248606	
    Magnitude of B_grad:	0.288	
    Magnitude of b:	5.5046809634786	

	
    Current index:	69501	
    Magnitude of W_grad:	6.3959999999998	
    Magnitude of W:	58301.566693946	
    Magnitude of B_grad:	0.052	
    Magnitude of b:	5.7106214872575	

	
    Current index:	79501	
    Magnitude of W_grad:	7.6759999999998	
    Magnitude of W:	58292.994279664	
    Magnitude of B_grad:	0.096	
    Magnitude of b:	5.8325598482886	

	
    Current index:	89501	
    Magnitude of W_grad:	6.9199999999998	
    Magnitude of W:	58284.695136012	
    Magnitude of B_grad:	0.116	
    Magnitude of b:	5.8724972249731	

	
SGD: Hinge Loss is	
185413.53798972	
SGD: Validation Accuracy is:	
0.2960944595822	
SGD: Magnitude of W:	
58281.9415873	
SGD: Magnitude of b:	
5.4466275667073	
    Current index:	9501	
    Magnitude of W_grad:	8.1679999999998	
    Magnitude of W:	58274.632416649	
    Magnitude of B_grad:	0.256	
    Magnitude of b:	5.3245699072308	

	
    Current index:	19501	
    Magnitude of W_grad:	7.4439999999999	
    Magnitude of W:	58267.603288249	
    Magnitude of B_grad:	0.156	
    Magnitude of b:	5.3725129182156	

	
    Current index:	29501	
    Magnitude of W_grad:	7.9119999999998	
    Magnitude of W:	58260.131204896	
    Magnitude of B_grad:	0.292	
    Magnitude of b:	5.3864546264369	

	
    Current index:	39501	
    Magnitude of W_grad:	7.5879999999998	
    Magnitude of W:	58251.449301668	
    Magnitude of B_grad:	0.1	
    Magnitude of b:	5.8323946537164	

	
    Current index:	49501	
    Magnitude of W_grad:	7.3559999999998	
    Magnitude of W:	58242.071980926	
    Magnitude of B_grad:	0.204	
    Magnitude of b:	5.7003328857694	

	
    Current index:	59501	
    Magnitude of W_grad:	8.9839999999999	
    Magnitude of W:	58234.338789067	
    Magnitude of B_grad:	0.284	
    Magnitude of b:	5.4922739826937	

	
    Current index:	69501	
    Magnitude of W_grad:	6.4119999999998	
    Magnitude of W:	58226.940687331	
    Magnitude of B_grad:	0.072	
    Magnitude of b:	5.7022146507726	

	
    Current index:	79501	
    Magnitude of W_grad:	7.7039999999998	
    Magnitude of W:	58218.44931996	
    Magnitude of B_grad:	0.088	
    Magnitude of b:	5.8141531026855	

	
    Current index:	89501	
    Magnitude of W_grad:	6.6919999999999	
    Magnitude of W:	58210.311541256	
    Magnitude of B_grad:	0.12	
    Magnitude of b:	5.8480906984511	

	
SGD: Hinge Loss is	
183457.78897454	
SGD: Validation Accuracy is:	
0.29791099000908	
SGD: Magnitude of W:	
58207.581826362	
SGD: Magnitude of b:	
5.4185124087557	
    Current index:	9501	
    Magnitude of W_grad:	8.1159999999998	
    Magnitude of W:	58200.415789635	
    Magnitude of B_grad:	0.26	
    Magnitude of b:	5.3044550175937	

	
    Current index:	19501	
    Magnitude of W_grad:	7.3359999999998	
    Magnitude of W:	58193.514669377	
    Magnitude of B_grad:	0.144	
    Magnitude of b:	5.3503982253113	

	
    Current index:	29501	
    Magnitude of W_grad:	7.8879999999998	
    Magnitude of W:	58186.163236655	
    Magnitude of B_grad:	0.292	
    Magnitude of b:	5.3743401665868	

	
    Current index:	39501	
    Magnitude of W_grad:	7.5799999999998	
    Magnitude of W:	58177.608462326	
    Magnitude of B_grad:	0.104	
    Magnitude of b:	5.8202803724329	

	
    Current index:	49501	
    Magnitude of W_grad:	7.1519999999998	
    Magnitude of W:	58168.293512613	
    Magnitude of B_grad:	0.188	
    Magnitude of b:	5.6782187552738	

	
    Current index:	59501	
    Magnitude of W_grad:	9.0239999999999	
    Magnitude of W:	58160.631175127	
    Magnitude of B_grad:	0.276	
    Magnitude of b:	5.4701600809731	

	
    Current index:	69501	
    Magnitude of W_grad:	6.5639999999998	
    Magnitude of W:	58153.454368803	
    Magnitude of B_grad:	0.088	
    Magnitude of b:	5.6761010066695	

	
    Current index:	79501	
    Magnitude of W_grad:	7.6519999999998	
    Magnitude of W:	58145.147096261	
    Magnitude of B_grad:	0.092	
    Magnitude of b:	5.8080396328668	

	
    Current index:	89501	
    Magnitude of W_grad:	6.7159999999998	
    Magnitude of W:	58137.190385768	
    Magnitude of B_grad:	0.108	
    Magnitude of b:	5.8399773217217	

	
SGD: Hinge Loss is	
182029.15817262	
SGD: Validation Accuracy is:	
0.29518619436876	
SGD: Magnitude of W:	
58134.5867592	
SGD: Magnitude of b:	
5.394690336312	
    Current index:	9501	
    Magnitude of W_grad:	8.0999999999998	
    Magnitude of W:	58127.480203216	
    Magnitude of B_grad:	0.264	
    Magnitude of b:	5.2926331259346	

	
    Current index:	19501	
    Magnitude of W_grad:	7.2999999999998	
    Magnitude of W:	58120.651544875	
    Magnitude of B_grad:	0.136	
    Magnitude of b:	5.3445764129428	

	
    Current index:	29501	
    Magnitude of W_grad:	8.0039999999998	
    Magnitude of W:	58113.499092701	
    Magnitude of B_grad:	0.296	
    Magnitude of b:	5.3585185029502	

	
    Current index:	39501	
    Magnitude of W_grad:	7.5879999999998	
    Magnitude of W:	58105.177722812	
    Magnitude of B_grad:	0.1	
    Magnitude of b:	5.8064588628682	

	
    Current index:	49501	
    Magnitude of W_grad:	7.3599999999998	
    Magnitude of W:	58095.971420372	
    Magnitude of B_grad:	0.216	
    Magnitude of b:	5.676397366661	

	
    Current index:	59501	
    Magnitude of W_grad:	8.9439999999998	
    Magnitude of W:	58088.450571272	
    Magnitude of B_grad:	0.276	
    Magnitude of b:	5.4543387930125	

	
    Current index:	69501	
    Magnitude of W_grad:	6.4279999999998	
    Magnitude of W:	58081.347608313	
    Magnitude of B_grad:	0.06	
    Magnitude of b:	5.6642798236332	

	
    Current index:	79501	
    Magnitude of W_grad:	7.6639999999998	
    Magnitude of W:	58073.099203664	
    Magnitude of B_grad:	0.096	
    Magnitude of b:	5.788218606034	

	
    Current index:	89501	
    Magnitude of W_grad:	6.7039999999998	
    Magnitude of W:	58065.261083348	
    Magnitude of B_grad:	0.112	
    Magnitude of b:	5.826156405152	

	
SGD: Hinge Loss is	
180277.26699063	
SGD: Validation Accuracy is:	
0.29700272479564	
SGD: Magnitude of W:	
58062.633119449	
SGD: Magnitude of b:	
5.4022869748307	
    Current index:	9501	
    Magnitude of W_grad:	8.0399999999998	
    Magnitude of W:	58055.556906716	
    Magnitude of B_grad:	0.248	
    Magnitude of b:	5.2762298734595	

	
    Current index:	19501	
    Magnitude of W_grad:	7.3239999999998	
    Magnitude of W:	58048.840206557	
    Magnitude of B_grad:	0.14	
    Magnitude of b:	5.332173317548	

	
    Current index:	29501	
    Magnitude of W_grad:	7.8439999999998	
    Magnitude of W:	58041.759887499	
    Magnitude of B_grad:	0.288	
    Magnitude of b:	5.3501155475404	

	
    Current index:	39501	
    Magnitude of W_grad:	7.5119999999998	
    Magnitude of W:	58033.612581655	
    Magnitude of B_grad:	0.104	
    Magnitude of b:	5.7980560185971	

	
    Current index:	49501	
    Magnitude of W_grad:	7.2159999999998	
    Magnitude of W:	58024.503817243	
    Magnitude of B_grad:	0.184	
    Magnitude of b:	5.6679946378005	

	
    Current index:	59501	
    Magnitude of W_grad:	8.9679999999999	
    Magnitude of W:	58017.112488167	
    Magnitude of B_grad:	0.276	
    Magnitude of b:	5.4519361539214	

	
    Current index:	69501	
    Magnitude of W_grad:	6.5359999999998	
    Magnitude of W:	58010.110190438	
    Magnitude of B_grad:	0.08	
    Magnitude of b:	5.6478772849941	

	
    Current index:	79501	
    Magnitude of W_grad:	7.5239999999998	
    Magnitude of W:	58001.986692192	
    Magnitude of B_grad:	0.104	
    Magnitude of b:	5.7718162255358	

	
    Current index:	89501	
    Magnitude of W_grad:	6.5759999999998	
    Magnitude of W:	57994.364814232	
    Magnitude of B_grad:	0.12	
    Magnitude of b:	5.8137542255264	

	
SGD: Hinge Loss is	
178397.05343366	
SGD: Validation Accuracy is:	
0.29336966394187	
SGD: Magnitude of W:	
57991.78393623	
SGD: Magnitude of b:	
5.3781761049982	
    Current index:	9501	
    Magnitude of W_grad:	7.9119999999998	
    Magnitude of W:	57984.772802143	
    Magnitude of B_grad:	0.236	
    Magnitude of b:	5.2681191201918	

	
    Current index:	19501	
    Magnitude of W_grad:	7.2279999999998	
    Magnitude of W:	57978.238247011	
    Magnitude of B_grad:	0.132	
    Magnitude of b:	5.3260626124703	

	
    Current index:	29501	
    Magnitude of W_grad:	7.8199999999998	
    Magnitude of W:	57971.418184282	
    Magnitude of B_grad:	0.28	
    Magnitude of b:	5.3320049622309	

	
    Current index:	39501	
    Magnitude of W_grad:	7.3839999999998	
    Magnitude of W:	57963.390844768	
    Magnitude of B_grad:	0.1	
    Magnitude of b:	5.7839455786944	

	
    Current index:	49501	
    Magnitude of W_grad:	7.1759999999998	
    Magnitude of W:	57954.480359251	
    Magnitude of B_grad:	0.18	
    Magnitude of b:	5.655884317663	

	
    Current index:	59501	
    Magnitude of W_grad:	8.9239999999998	
    Magnitude of W:	57947.220064739	
    Magnitude of B_grad:	0.26	
    Magnitude of b:	5.4458258958576	

	
    Current index:	69501	
    Magnitude of W_grad:	6.4599999999998	
    Magnitude of W:	57940.462520374	
    Magnitude of B_grad:	0.06	
    Magnitude of b:	5.6257671263953	

	
    Current index:	79501	
    Magnitude of W_grad:	7.4159999999998	
    Magnitude of W:	57932.507448271	
    Magnitude of B_grad:	0.096	
    Magnitude of b:	5.7557061952457	

	
    Current index:	89501	
    Magnitude of W_grad:	6.5279999999998	
    Magnitude of W:	57925.018739095	
    Magnitude of B_grad:	0.108	
    Magnitude of b:	5.7916443032456	

	
SGD: Hinge Loss is	
177362.77842734	
SGD: Validation Accuracy is:	
0.2960944595822	
SGD: Magnitude of W:	
57922.581130589	
SGD: Magnitude of b:	
5.3657750097235	
    Current index:	9501	
    Magnitude of W_grad:	7.7999999999998	
    Magnitude of W:	57915.579694418	
    Magnitude of B_grad:	0.24	
    Magnitude of b:	5.2677182108192	

	
    Current index:	19501	
    Magnitude of W_grad:	7.1719999999998	
    Magnitude of W:	57909.082486271	
    Magnitude of B_grad:	0.136	
    Magnitude of b:	5.3116618056677	

	
    Current index:	29501	
    Magnitude of W_grad:	7.8159999999998	
    Magnitude of W:	57902.392401146	
    Magnitude of B_grad:	0.284	
    Magnitude of b:	5.3136043498742	

	
    Current index:	39501	
    Magnitude of W_grad:	7.2319999999998	
    Magnitude of W:	57894.42913583	
    Magnitude of B_grad:	0.096	
    Magnitude of b:	5.7635452387699	

	
    Current index:	49501	
    Magnitude of W_grad:	7.2639999999998	
    Magnitude of W:	57885.739269136	
    Magnitude of B_grad:	0.196	
    Magnitude of b:	5.6354842170496	

	
    Current index:	59501	
    Magnitude of W_grad:	8.9759999999998	
    Magnitude of W:	57878.506368586	
    Magnitude of B_grad:	0.272	
    Magnitude of b:	5.4374259351971	

	
    Current index:	69501	
    Magnitude of W_grad:	6.4639999999998	
    Magnitude of W:	57871.955429159	
    Magnitude of B_grad:	0.06	
    Magnitude of b:	5.6253672362445	

	
    Current index:	79501	
    Magnitude of W_grad:	7.3879999999998	
    Magnitude of W:	57864.169185258	
    Magnitude of B_grad:	0.1	
    Magnitude of b:	5.7513063809457	

	
    Current index:	89501	
    Magnitude of W_grad:	6.5439999999998	
    Magnitude of W:	57856.746027879	
    Magnitude of B_grad:	0.1	
    Magnitude of b:	5.7952445434285	

	
SGD: Hinge Loss is	
175716.21124937	
SGD: Validation Accuracy is:	
0.29518619436876	
SGD: Magnitude of W:	
57854.348077563	
SGD: Magnitude of b:	
5.3556665009305	
    Current index:	9501	
    Magnitude of W_grad:	7.6399999999998	
    Magnitude of W:	57847.517967091	
    Magnitude of B_grad:	0.22	
    Magnitude of b:	5.2556097437823	

	
    Current index:	19501	
    Magnitude of W_grad:	7.1839999999998	
    Magnitude of W:	57841.134435508	
    Magnitude of B_grad:	0.136	
    Magnitude of b:	5.2975534338032	

	
    Current index:	29501	
    Magnitude of W_grad:	7.6959999999998	
    Magnitude of W:	57834.539563543	
    Magnitude of B_grad:	0.256	
    Magnitude of b:	5.3054961330079	

	
    Current index:	39501	
    Magnitude of W_grad:	7.2399999999998	
    Magnitude of W:	57826.822896145	
    Magnitude of B_grad:	0.084	
    Magnitude of b:	5.7534371192101	

	
    Current index:	49501	
    Magnitude of W_grad:	7.1359999999998	
    Magnitude of W:	57818.2579714	
    Magnitude of B_grad:	0.184	
    Magnitude of b:	5.6253762182985	

	
    Current index:	59501	
    Magnitude of W_grad:	8.8959999999999	
    Magnitude of W:	57811.155991282	
    Magnitude of B_grad:	0.264	
    Magnitude of b:	5.4073180636636	

	
    Current index:	69501	
    Magnitude of W_grad:	6.3919999999998	
    Magnitude of W:	57804.834968469	
    Magnitude of B_grad:	0.048	
    Magnitude of b:	5.6072595976923	

	
    Current index:	79501	
    Magnitude of W_grad:	7.4199999999998	
    Magnitude of W:	57797.194514946	
    Magnitude of B_grad:	0.112	
    Magnitude of b:	5.7251989401175	

	
    Current index:	89501	
    Magnitude of W_grad:	6.4479999999998	
    Magnitude of W:	57789.794759934	
    Magnitude of B_grad:	0.096	
    Magnitude of b:	5.7631373676273	

	
SGD: Hinge Loss is	
174079.23654474	
SGD: Validation Accuracy is:	
0.29518619436876	
SGD: Magnitude of W:	
57787.430257959	
SGD: Magnitude of b:	
5.3529768985345	
    Current index:	9501	
    Magnitude of W_grad:	7.5839999999998	
    Magnitude of W:	57780.610919153	
    Magnitude of B_grad:	0.228	
    Magnitude of b:	5.2329203068673	

	
    Current index:	19501	
    Magnitude of W_grad:	7.2159999999998	
    Magnitude of W:	57774.289716494	
    Magnitude of B_grad:	0.136	
    Magnitude of b:	5.2768642510393	

	
    Current index:	29501	
    Magnitude of W_grad:	7.7319999999998	
    Magnitude of W:	57767.871452089	
    Magnitude of B_grad:	0.276	
    Magnitude of b:	5.2868071573857	

	
    Current index:	39501	
    Magnitude of W_grad:	7.2479999999998	
    Magnitude of W:	57760.293607654	
    Magnitude of B_grad:	0.076	
    Magnitude of b:	5.7307483774357	

	
    Current index:	49501	
    Magnitude of W_grad:	7.2199999999998	
    Magnitude of W:	57751.854732956	
    Magnitude of B_grad:	0.18	
    Magnitude of b:	5.6026877018228	

	
    Current index:	59501	
    Magnitude of W_grad:	8.9079999999998	
    Magnitude of W:	57744.788651103	
    Magnitude of B_grad:	0.264	
    Magnitude of b:	5.4006297724842	

	
    Current index:	69501	
    Magnitude of W_grad:	6.4319999999998	
    Magnitude of W:	57738.554212195	
    Magnitude of B_grad:	0.056	
    Magnitude of b:	5.5885714837318	

	
    Current index:	79501	
    Magnitude of W_grad:	7.3239999999998	
    Magnitude of W:	57731.040387873	
    Magnitude of B_grad:	0.104	
    Magnitude of b:	5.7045110226039	

	
    Current index:	89501	
    Magnitude of W_grad:	6.4199999999998	
    Magnitude of W:	57723.767370061	
    Magnitude of B_grad:	0.084	
    Magnitude of b:	5.7524495845949	

	
SGD: Hinge Loss is	
172634.47000171	
SGD: Validation Accuracy is:	
0.2960944595822	
SGD: Magnitude of W:	
57721.459818609	
SGD: Magnitude of b:	
5.3268716886516	
    Current index:	9501	
    Magnitude of W_grad:	7.5959999999999	
    Magnitude of W:	57714.674588269	
    Magnitude of B_grad:	0.216	
    Magnitude of b:	5.2168152690422	

	
    Current index:	19501	
    Magnitude of W_grad:	7.2759999999998	
    Magnitude of W:	57708.501803013	
    Magnitude of B_grad:	0.144	
    Magnitude of b:	5.2647593201018	

	
    Current index:	29501	
    Magnitude of W_grad:	7.5879999999998	
    Magnitude of W:	57702.126346107	
    Magnitude of B_grad:	0.272	
    Magnitude of b:	5.2747023696578	

	
    Current index:	39501	
    Magnitude of W_grad:	7.1879999999998	
    Magnitude of W:	57694.632942898	
    Magnitude of B_grad:	0.084	
    Magnitude of b:	5.7086438023581	

	
    Current index:	49501	
    Magnitude of W_grad:	7.3599999999998	
    Magnitude of W:	57686.342875084	
    Magnitude of B_grad:	0.2	
    Magnitude of b:	5.5865833180262	

	
    Current index:	59501	
    Magnitude of W_grad:	8.7959999999998	
    Magnitude of W:	57679.342073626	
    Magnitude of B_grad:	0.252	
    Magnitude of b:	5.3885255201396	

	
    Current index:	69501	
    Magnitude of W_grad:	6.4479999999998	
    Magnitude of W:	57673.1873187	
    Magnitude of B_grad:	0.06	
    Magnitude of b:	5.5764673104894	

	
    Current index:	79501	
    Magnitude of W_grad:	7.2959999999998	
    Magnitude of W:	57665.713869905	
    Magnitude of B_grad:	0.104	
    Magnitude of b:	5.7004069498297	

	
    Current index:	89501	
    Magnitude of W_grad:	6.4919999999999	
    Magnitude of W:	57658.587720315	
    Magnitude of B_grad:	0.1	
    Magnitude of b:	5.7383456849348	

	
SGD: Hinge Loss is	
171082.44590266	
SGD: Validation Accuracy is:	
0.29791099000908	
SGD: Magnitude of W:	
57656.224066316	
SGD: Magnitude of b:	
5.3458940436247	
    Current index:	9501	
    Magnitude of W_grad:	7.5239999999999	
    Magnitude of W:	57649.463668702	
    Magnitude of B_grad:	0.224	
    Magnitude of b:	5.2098376430067	

	
    Current index:	19501	
    Magnitude of W_grad:	7.2319999999998	
    Magnitude of W:	57643.38125765	
    Magnitude of B_grad:	0.152	
    Magnitude of b:	5.2597817632692	

	
    Current index:	29501	
    Magnitude of W_grad:	7.4999999999998	
    Magnitude of W:	57637.088417329	
    Magnitude of B_grad:	0.26	
    Magnitude of b:	5.2597249525377	

	
    Current index:	39501	
    Magnitude of W_grad:	6.9199999999998	
    Magnitude of W:	57629.711942364	
    Magnitude of B_grad:	0.056	
    Magnitude of b:	5.6856665516572	

	
    Current index:	49501	
    Magnitude of W_grad:	7.1479999999998	
    Magnitude of W:	57621.481021294	
    Magnitude of B_grad:	0.2	
    Magnitude of b:	5.589606168574	

	
    Current index:	59501	
    Magnitude of W_grad:	8.6799999999998	
    Magnitude of W:	57614.536776678	
    Magnitude of B_grad:	0.248	
    Magnitude of b:	5.3855484195869	

	
    Current index:	69501	
    Magnitude of W_grad:	6.4479999999998	
    Magnitude of W:	57608.599555876	
    Magnitude of B_grad:	0.056	
    Magnitude of b:	5.5654903165258	

	
    Current index:	79501	
    Magnitude of W_grad:	7.2199999999998	
    Magnitude of W:	57601.266034957	
    Magnitude of B_grad:	0.1	
    Magnitude of b:	5.6814300987775	

	
    Current index:	89501	
    Magnitude of W_grad:	6.4639999999999	
    Magnitude of W:	57594.351159109	
    Magnitude of B_grad:	0.092	
    Magnitude of b:	5.7173690526442	

	
SGD: Hinge Loss is	
169580.32906377	
SGD: Validation Accuracy is:	
0.30063578564941	
SGD: Magnitude of W:	
57591.890132593	
SGD: Magnitude of b:	
5.3406262484539	
    Current index:	9501	
    Magnitude of W_grad:	7.5359999999999	
    Magnitude of W:	57585.178375826	
    Magnitude of B_grad:	0.24	
    Magnitude of b:	5.2045699308221	

	
    Current index:	19501	
    Magnitude of W_grad:	7.2439999999998	
    Magnitude of W:	57579.213171331	
    Magnitude of B_grad:	0.164	
    Magnitude of b:	5.2525141725299	

	
    Current index:	29501	
    Magnitude of W_grad:	7.5479999999998	
    Magnitude of W:	57573.112633357	
    Magnitude of B_grad:	0.248	
    Magnitude of b:	5.2464574533291	

	
    Current index:	39501	
    Magnitude of W_grad:	6.9279999999998	
    Magnitude of W:	57565.811014927	
    Magnitude of B_grad:	0.068	
    Magnitude of b:	5.6703992497437	

	
    Current index:	49501	
    Magnitude of W_grad:	7.1959999999998	
    Magnitude of W:	57557.678762002	
    Magnitude of B_grad:	0.208	
    Magnitude of b:	5.5723390351084	

	
    Current index:	59501	
    Magnitude of W_grad:	8.6879999999998	
    Magnitude of W:	57550.886247023	
    Magnitude of B_grad:	0.252	
    Magnitude of b:	5.3682814353371	

	
    Current index:	69501	
    Magnitude of W_grad:	6.3239999999998	
    Magnitude of W:	57545.024864166	
    Magnitude of B_grad:	0.048	
    Magnitude of b:	5.5502235199505	

	
    Current index:	79501	
    Magnitude of W_grad:	7.1079999999998	
    Magnitude of W:	57537.918255267	
    Magnitude of B_grad:	0.108	
    Magnitude of b:	5.6821633830409	

	
    Current index:	89501	
    Magnitude of W_grad:	6.3959999999998	
    Magnitude of W:	57531.147873671	
    Magnitude of B_grad:	0.072	
    Magnitude of b:	5.7001024113357	

	
SGD: Hinge Loss is	
168618.69961603	
SGD: Validation Accuracy is:	
0.29791099000908	
SGD: Magnitude of W:	
57528.783590868	
SGD: Magnitude of b:	
5.3059421763586	
    Current index:	9501	
    Magnitude of W_grad:	7.4319999999999	
    Magnitude of W:	57522.141416672	
    Magnitude of B_grad:	0.232	
    Magnitude of b:	5.193886038037	

	
    Current index:	19501	
    Magnitude of W_grad:	7.2879999999998	
    Magnitude of W:	57516.333984745	
    Magnitude of B_grad:	0.16	
    Magnitude of b:	5.2278304398233	

	
    Current index:	29501	
    Magnitude of W_grad:	7.5479999999998	
    Magnitude of W:	57510.293137684	
    Magnitude of B_grad:	0.24	
    Magnitude of b:	5.2297740067628	

	
    Current index:	39501	
    Magnitude of W_grad:	6.8359999999998	
    Magnitude of W:	57503.106028502	
    Magnitude of B_grad:	0.056	
    Magnitude of b:	5.6577159579092	

	
    Current index:	49501	
    Magnitude of W_grad:	7.3439999999998	
    Magnitude of W:	57495.025141954	
    Magnitude of B_grad:	0.196	
    Magnitude of b:	5.5596558712958	

	
    Current index:	59501	
    Magnitude of W_grad:	8.6959999999999	
    Magnitude of W:	57488.403074154	
    Magnitude of B_grad:	0.248	
    Magnitude of b:	5.347598412365	

	
    Current index:	69501	
    Magnitude of W_grad:	6.4119999999998	
    Magnitude of W:	57482.6967319	
    Magnitude of B_grad:	0.056	
    Magnitude of b:	5.5195407008494	

	
    Current index:	79501	
    Magnitude of W_grad:	7.1399999999998	
    Magnitude of W:	57475.78442431	
    Magnitude of B_grad:	0.112	
    Magnitude of b:	5.6614808543437	

	
    Current index:	89501	
    Magnitude of W_grad:	6.1439999999999	
    Magnitude of W:	57469.162506481	
    Magnitude of B_grad:	0.052	
    Magnitude of b:	5.697420076889	

	
SGD: Hinge Loss is	
166677.18120603	
SGD: Validation Accuracy is:	
0.30063578564941	
SGD: Magnitude of W:	
57466.903957729	
SGD: Magnitude of b:	
5.2955511208521	
    Current index:	9501	
    Magnitude of W_grad:	7.1239999999998	
    Magnitude of W:	57460.242480937	
    Magnitude of B_grad:	0.18	
    Magnitude of b:	5.1774950914053	

	
    Current index:	19501	
    Magnitude of W_grad:	7.2239999999998	
    Magnitude of W:	57454.486156578	
    Magnitude of B_grad:	0.156	
    Magnitude of b:	5.2054396469354	

	
    Current index:	29501	
    Magnitude of W_grad:	7.5319999999998	
    Magnitude of W:	57448.491746902	
    Magnitude of B_grad:	0.26	
    Magnitude of b:	5.2113833836421	

	
    Current index:	39501	
    Magnitude of W_grad:	6.7079999999998	
    Magnitude of W:	57441.52361527	
    Magnitude of B_grad:	0.06	
    Magnitude of b:	5.6393255569023	

	
    Current index:	49501	
    Magnitude of W_grad:	7.4519999999998	
    Magnitude of W:	57433.645303372	
    Magnitude of B_grad:	0.208	
    Magnitude of b:	5.5452657287236	

	
    Current index:	59501	
    Magnitude of W_grad:	8.4079999999998	
    Magnitude of W:	57427.13928525	
    Magnitude of B_grad:	0.236	
    Magnitude of b:	5.3292085111316	

	
    Current index:	69501	
    Magnitude of W_grad:	6.2639999999998	
    Magnitude of W:	57421.452351741	
    Magnitude of B_grad:	0.04	
    Magnitude of b:	5.5131509618951	

	
    Current index:	79501	
    Magnitude of W_grad:	7.0359999999998	
    Magnitude of W:	57414.632184968	
    Magnitude of B_grad:	0.104	
    Magnitude of b:	5.6390913300156	

	
    Current index:	89501	
    Magnitude of W_grad:	6.1719999999999	
    Magnitude of W:	57408.063665354	
    Magnitude of B_grad:	0.076	
    Magnitude of b:	5.6710308451732	

	
SGD: Hinge Loss is	
165814.04237429	
SGD: Validation Accuracy is:	
0.30063578564941	
SGD: Magnitude of W:	
57405.769436657	
SGD: Magnitude of b:	
5.2905794509266	
    Current index:	9501	
    Magnitude of W_grad:	7.0439999999998	
    Magnitude of W:	57399.069708116	
    Magnitude of B_grad:	0.204	
    Magnitude of b:	5.1545235803594	

	
    Current index:	19501	
    Magnitude of W_grad:	7.2119999999998	
    Magnitude of W:	57393.437427756	
    Magnitude of B_grad:	0.152	
    Magnitude of b:	5.1844682605805	

	
    Current index:	29501	
    Magnitude of W_grad:	7.3479999999998	
    Magnitude of W:	57387.513814701	
    Magnitude of B_grad:	0.224	
    Magnitude of b:	5.1904122031703	

	
    Current index:	39501	
    Magnitude of W_grad:	6.7679999999998	
    Magnitude of W:	57380.65154509	
    Magnitude of B_grad:	0.056	
    Magnitude of b:	5.6163546282501	

	
    Current index:	49501	
    Magnitude of W_grad:	7.2719999999998	
    Magnitude of W:	57372.783981158	
    Magnitude of B_grad:	0.2	
    Magnitude of b:	5.5262950262482	

	
    Current index:	59501	
    Magnitude of W_grad:	8.5439999999998	
    Magnitude of W:	57366.396136923	
    Magnitude of B_grad:	0.228	
    Magnitude of b:	5.3162379397485	

	
    Current index:	69501	
    Magnitude of W_grad:	6.2919999999998	
    Magnitude of W:	57360.878336413	
    Magnitude of B_grad:	0.064	
    Magnitude of b:	5.5001805536532	

	
    Current index:	79501	
    Magnitude of W_grad:	6.8599999999998	
    Magnitude of W:	57354.183631035	
    Magnitude of B_grad:	0.092	
    Magnitude of b:	5.6001210934599	

	
    Current index:	89501	
    Magnitude of W_grad:	5.9799999999999	
    Magnitude of W:	57347.623433912	
    Magnitude of B_grad:	0.056	
    Magnitude of b:	5.6500607482513	

	
SGD: Hinge Loss is	
163928.05526277	
SGD: Validation Accuracy is:	
0.30426884650318	
SGD: Magnitude of W:	
57345.398143975	
SGD: Magnitude of b:	
5.2993181504996	
    Current index:	9501	
    Magnitude of W_grad:	7.0199999999998	
    Magnitude of W:	57338.801304741	
    Magnitude of B_grad:	0.188	
    Magnitude of b:	5.1412624269496	

	
    Current index:	19501	
    Magnitude of W_grad:	7.0519999999998	
    Magnitude of W:	57333.275759607	
    Magnitude of B_grad:	0.14	
    Magnitude of b:	5.1672072798262	

	
    Current index:	29501	
    Magnitude of W_grad:	7.3199999999998	
    Magnitude of W:	57327.430307894	
    Magnitude of B_grad:	0.232	
    Magnitude of b:	5.1831513352427	

	
    Current index:	39501	
    Magnitude of W_grad:	6.7639999999998	
    Magnitude of W:	57320.687263045	
    Magnitude of B_grad:	0.064	
    Magnitude of b:	5.6010938517814	

	
    Current index:	49501	
    Magnitude of W_grad:	7.2999999999998	
    Magnitude of W:	57313.045318282	
    Magnitude of B_grad:	0.22	
    Magnitude of b:	5.5010343690142	

	
    Current index:	59501	
    Magnitude of W_grad:	8.2999999999998	
    Magnitude of W:	57306.657457167	
    Magnitude of B_grad:	0.224	
    Magnitude of b:	5.2909775395633	

	
    Current index:	69501	
    Magnitude of W_grad:	6.1959999999998	
    Magnitude of W:	57301.211463828	
    Magnitude of B_grad:	0.064	
    Magnitude of b:	5.4729203410721	

	
    Current index:	79501	
    Magnitude of W_grad:	6.8839999999998	
    Magnitude of W:	57294.639007985	
    Magnitude of B_grad:	0.12	
    Magnitude of b:	5.5888611336492	

	
    Current index:	89501	
    Magnitude of W_grad:	5.9839999999999	
    Magnitude of W:	57288.289541118	
    Magnitude of B_grad:	0.088	
    Magnitude of b:	5.6328010016802	

	
SGD: Hinge Loss is	
163524.90419371	
SGD: Validation Accuracy is:	
0.30336058128974	
SGD: Magnitude of W:	
57286.1267828	
SGD: Magnitude of b:	
5.2566410179826	
    Current index:	9501	
    Magnitude of W_grad:	7.0719999999998	
    Magnitude of W:	57279.453991583	
    Magnitude of B_grad:	0.18	
    Magnitude of b:	5.1245855367005	

	
    Current index:	19501	
    Magnitude of W_grad:	6.8319999999998	
    Magnitude of W:	57274.008176748	
    Magnitude of B_grad:	0.14	
    Magnitude of b:	5.1525305891092	

	
    Current index:	29501	
    Magnitude of W_grad:	7.2999999999998	
    Magnitude of W:	57268.305460065	
    Magnitude of B_grad:	0.24	
    Magnitude of b:	5.1604748461923	

	
    Current index:	39501	
    Magnitude of W_grad:	6.6039999999998	
    Magnitude of W:	57261.587667906	
    Magnitude of B_grad:	0.056	
    Magnitude of b:	5.592417579352	

	
    Current index:	49501	
    Magnitude of W_grad:	7.1959999999998	
    Magnitude of W:	57254.082305665	
    Magnitude of B_grad:	0.196	
    Magnitude of b:	5.4843582245318	

	
    Current index:	59501	
    Magnitude of W_grad:	8.3479999999998	
    Magnitude of W:	57247.881988497	
    Magnitude of B_grad:	0.22	
    Magnitude of b:	5.2763015817849	

	
    Current index:	69501	
    Magnitude of W_grad:	6.1079999999998	
    Magnitude of W:	57242.487577022	
    Magnitude of B_grad:	0.064	
    Magnitude of b:	5.4662445165789	

	
    Current index:	79501	
    Magnitude of W_grad:	6.6959999999998	
    Magnitude of W:	57235.943013054	
    Magnitude of B_grad:	0.096	
    Magnitude of b:	5.5681854509866	

	
    Current index:	89501	
    Magnitude of W_grad:	6.0079999999999	
    Magnitude of W:	57229.653036411	
    Magnitude of B_grad:	0.064	
    Magnitude of b:	5.6161255356299	

	
SGD: Hinge Loss is	
161700.44523885	
SGD: Validation Accuracy is:	
0.30426884650318	
SGD: Magnitude of W:	
57227.549702986	
SGD: Magnitude of b:	
5.2516743696034	
    Current index:	9501	
    Magnitude of W_grad:	6.9999999999998	
    Magnitude of W:	57220.995375704	
    Magnitude of B_grad:	0.184	
    Magnitude of b:	5.1176189787735	

	
    Current index:	19501	
    Magnitude of W_grad:	7.1359999999998	
    Magnitude of W:	57215.644149445	
    Magnitude of B_grad:	0.152	
    Magnitude of b:	5.1435641056085	

	
    Current index:	29501	
    Magnitude of W_grad:	7.3159999999998	
    Magnitude of W:	57210.000468994	
    Magnitude of B_grad:	0.224	
    Magnitude of b:	5.1615084542105	

	
    Current index:	39501	
    Magnitude of W_grad:	6.5839999999998	
    Magnitude of W:	57203.460828259	
    Magnitude of B_grad:	0.076	
    Magnitude of b:	5.5674512949133	

	
    Current index:	49501	
    Magnitude of W_grad:	7.2399999999998	
    Magnitude of W:	57195.999471929	
    Magnitude of B_grad:	0.212	
    Magnitude of b:	5.4713921106666	

	
    Current index:	59501	
    Magnitude of W_grad:	8.2759999999998	
    Magnitude of W:	57189.739784948	
    Magnitude of B_grad:	0.22	
    Magnitude of b:	5.2753355466145	

	
    Current index:	69501	
    Magnitude of W_grad:	6.1119999999998	
    Magnitude of W:	57184.485289621	
    Magnitude of B_grad:	0.072	
    Magnitude of b:	5.4352786744147	

	
    Current index:	79501	
    Magnitude of W_grad:	6.7519999999998	
    Magnitude of W:	57178.063335716	
    Magnitude of B_grad:	0.112	
    Magnitude of b:	5.5532198424231	

	
    Current index:	89501	
    Magnitude of W_grad:	5.9479999999999	
    Magnitude of W:	57171.853358728	
    Magnitude of B_grad:	0.064	
    Magnitude of b:	5.5971601211363	

	
SGD: Hinge Loss is	
160869.41298216	
SGD: Validation Accuracy is:	
0.30245231607629	
SGD: Magnitude of W:	
57169.781824191	
SGD: Magnitude of b:	
5.2015828097435	
    Current index:	9501	
    Magnitude of W_grad:	6.7839999999998	
    Magnitude of W:	57163.301235427	
    Magnitude of B_grad:	0.18	
    Magnitude of b:	5.1015277489391	

	
    Current index:	19501	
    Magnitude of W_grad:	6.7559999999998	
    Magnitude of W:	57157.972977706	
    Magnitude of B_grad:	0.132	
    Magnitude of b:	5.1254730327258	

	
    Current index:	29501	
    Magnitude of W_grad:	7.2919999999998	
    Magnitude of W:	57152.313983927	
    Magnitude of B_grad:	0.228	
    Magnitude of b:	5.1334176312232	

	
    Current index:	39501	
    Magnitude of W_grad:	6.5239999999999	
    Magnitude of W:	57145.854629741	
    Magnitude of B_grad:	0.052	
    Magnitude of b:	5.5433607624153	

	
    Current index:	49501	
    Magnitude of W_grad:	7.3719999999998	
    Magnitude of W:	57138.467333733	
    Magnitude of B_grad:	0.224	
    Magnitude of b:	5.4433018611767	

	
    Current index:	59501	
    Magnitude of W_grad:	8.3159999999998	
    Magnitude of W:	57132.381021953	
    Magnitude of B_grad:	0.208	
    Magnitude of b:	5.2452456068379	

	
    Current index:	69501	
    Magnitude of W_grad:	6.1119999999998	
    Magnitude of W:	57127.322770454	
    Magnitude of B_grad:	0.06	
    Magnitude of b:	5.4171889588813	

	
    Current index:	79501	
    Magnitude of W_grad:	6.5719999999998	
    Magnitude of W:	57120.962799379	
    Magnitude of B_grad:	0.096	
    Magnitude of b:	5.5331302987819	

	
    Current index:	89501	
    Magnitude of W_grad:	6.0159999999999	
    Magnitude of W:	57114.718964076	
    Magnitude of B_grad:	0.072	
    Magnitude of b:	5.5810708124174	

	
SGD: Hinge Loss is	
159526.15154737	
SGD: Validation Accuracy is:	
0.30063578564941	
SGD: Magnitude of W:	
57112.674485878	
SGD: Magnitude of b:	
5.2166198122174	
    Current index:	9501	
    Magnitude of W_grad:	6.6959999999998	
    Magnitude of W:	57106.263498508	
    Magnitude of B_grad:	0.192	
    Magnitude of b:	5.0925648022979	

	
    Current index:	19501	
    Magnitude of W_grad:	6.9759999999998	
    Magnitude of W:	57101.117716419	
    Magnitude of B_grad:	0.16	
    Magnitude of b:	5.1205102074793	

	
    Current index:	29501	
    Magnitude of W_grad:	7.3679999999998	
    Magnitude of W:	57095.598284937	
    Magnitude of B_grad:	0.256	
    Magnitude of b:	5.1264548589963	

	
    Current index:	39501	
    Magnitude of W_grad:	6.6399999999998	
    Magnitude of W:	57089.212504499	
    Magnitude of B_grad:	0.072	
    Magnitude of b:	5.5443980239775	

	
    Current index:	49501	
    Magnitude of W_grad:	7.2919999999998	
    Magnitude of W:	57081.854926636	
    Magnitude of B_grad:	0.22	
    Magnitude of b:	5.446339110589	

	
    Current index:	59501	
    Magnitude of W_grad:	8.4119999999998	
    Magnitude of W:	57075.824031556	
    Magnitude of B_grad:	0.22	
    Magnitude of b:	5.2362828473057	

	
    Current index:	69501	
    Magnitude of W_grad:	6.0719999999998	
    Magnitude of W:	57070.865644074	
    Magnitude of B_grad:	0.068	
    Magnitude of b:	5.4082262523679	

	
    Current index:	79501	
    Magnitude of W_grad:	6.6359999999998	
    Magnitude of W:	57064.706582873	
    Magnitude of B_grad:	0.076	
    Magnitude of b:	5.5281677553256	

	
    Current index:	89501	
    Magnitude of W_grad:	5.8399999999999	
    Magnitude of W:	57058.644199354	
    Magnitude of B_grad:	0.064	
    Magnitude of b:	5.5601083764631	

	
SGD: Hinge Loss is	
158828.1411434	
SGD: Validation Accuracy is:	
0.30426884650318	
SGD: Magnitude of W:	
57056.621278074	
SGD: Magnitude of b:	
5.1922399441763	
    Current index:	9501	
    Magnitude of W_grad:	6.6919999999998	
    Magnitude of W:	57050.228854352	
    Magnitude of B_grad:	0.168	
    Magnitude of b:	5.0801851049755	

	
    Current index:	19501	
    Magnitude of W_grad:	6.9879999999998	
    Magnitude of W:	57045.082275955	
    Magnitude of B_grad:	0.164	
    Magnitude of b:	5.1121306552338	

	
    Current index:	29501	
    Magnitude of W_grad:	7.1799999999998	
    Magnitude of W:	57039.667513676	
    Magnitude of B_grad:	0.252	
    Magnitude of b:	5.1280754454161	

	
    Current index:	39501	
    Magnitude of W_grad:	6.5159999999998	
    Magnitude of W:	57033.392428136	
    Magnitude of B_grad:	0.068	
    Magnitude of b:	5.5260186967127	

	
    Current index:	49501	
    Magnitude of W_grad:	7.1039999999998	
    Magnitude of W:	57026.170185109	
    Magnitude of B_grad:	0.212	
    Magnitude of b:	5.4299599113037	

	
    Current index:	59501	
    Magnitude of W_grad:	8.0959999999998	
    Magnitude of W:	57020.239917925	
    Magnitude of B_grad:	0.192	
    Magnitude of b:	5.2299037706566	

	
    Current index:	69501	
    Magnitude of W_grad:	6.1039999999998	
    Magnitude of W:	57015.270666447	
    Magnitude of B_grad:	0.092	
    Magnitude of b:	5.3998473774109	

	
    Current index:	79501	
    Magnitude of W_grad:	6.5479999999998	
    Magnitude of W:	57009.275347622	
    Magnitude of B_grad:	0.092	
    Magnitude of b:	5.5037890553502	

	
    Current index:	89501	
    Magnitude of W_grad:	5.8559999999999	
    Magnitude of W:	57003.245762702	
    Magnitude of B_grad:	0.056	
    Magnitude of b:	5.5557298044603	

	
SGD: Hinge Loss is	
157742.19384883	
SGD: Validation Accuracy is:	
0.30154405086285	
SGD: Magnitude of W:	
57001.203690232	
SGD: Magnitude of b:	
5.1955701533206	
    Current index:	9501	
    Magnitude of W_grad:	6.8319999999998	
    Magnitude of W:	56994.803108674	
    Magnitude of B_grad:	0.212	
    Magnitude of b:	5.0675154142208	

	
    Current index:	19501	
    Magnitude of W_grad:	6.5319999999998	
    Magnitude of W:	56989.806241091	
    Magnitude of B_grad:	0.14	
    Magnitude of b:	5.0834610923556	

	
    Current index:	29501	
    Magnitude of W_grad:	7.0999999999998	
    Magnitude of W:	56984.457417974	
    Magnitude of B_grad:	0.22	
    Magnitude of b:	5.1094060403267	

	
    Current index:	39501	
    Magnitude of W_grad:	6.5399999999999	
    Magnitude of W:	56978.261405678	
    Magnitude of B_grad:	0.052	
    Magnitude of b:	5.5093494504784	

	
    Current index:	49501	
    Magnitude of W_grad:	7.5399999999998	
    Magnitude of W:	56971.156624911	
    Magnitude of B_grad:	0.244	
    Magnitude of b:	5.425290833538	

	
    Current index:	59501	
    Magnitude of W_grad:	8.0639999999998	
    Magnitude of W:	56965.356989188	
    Magnitude of B_grad:	0.196	
    Magnitude of b:	5.217234807941	

	
    Current index:	69501	
    Magnitude of W_grad:	6.0039999999998	
    Magnitude of W:	56960.420689146	
    Magnitude of B_grad:	0.072	
    Magnitude of b:	5.373178583161	

	
    Current index:	79501	
    Magnitude of W_grad:	6.8479999999998	
    Magnitude of W:	56954.575797388	
    Magnitude of B_grad:	0.072	
    Magnitude of b:	5.4851204167439	

	
    Current index:	89501	
    Magnitude of W_grad:	5.8839999999999	
    Magnitude of W:	56948.63023054	
    Magnitude of B_grad:	0.064	
    Magnitude of b:	5.5390613343161	

	
Done.	
Testing on validation set...	
Done	
Datafile:	/n/home09/ankitgupta/CS287/HW1/SST1-uni-sent.hdf5	Classifier:	hinge	Alpha:	0	Eta:	0.5	Lambda:	0.1	Minibatch size:	500	Num Epochs:	50	Minimum Sentence Length:	5	
Accuracy:	0.30517711171662	
