[?1034hDatafile:	/n/home09/ankitgupta/CS287/HW1/SST1-uni-syns.hdf5	Classifier:	hinge	Alpha:	0	Eta:	0.5	Lambda:	1	Minibatch size:	500	Num Epochs:	15	Minimum Sentence Length:	5	
Note that not all parameters may apply to all classifiers	
Loading datafiles...	
Number of training samples before removing small sentences	156817	
Number of training samples after removing small sentences	142717	
Done.	
Training classifier...	
Parameters are:	
Eta:	
0.5	
Lambda:	
1	
Minibatch size:	
500	
Number of Epochs	
15	
SGD: Hinge Loss is	
1426102.6446281	
SGD: Validation Accuracy is:	
0.22797456857402	
SGD: Magnitude of W:	
184852.49213874	
SGD: Magnitude of b:	
5.718386565447	
    Current index:	9501	
    Magnitude of W_grad:	48.324000000002	
    Magnitude of W:	184796.31926491	
    Magnitude of B_grad:	0.352	
    Magnitude of b:	7.8443035847202	

	
    Current index:	19501	
    Magnitude of W_grad:	42.116000000001	
    Magnitude of W:	184741.59316395	
    Magnitude of B_grad:	0.252	
    Magnitude of b:	9.5876856050881	

	
    Current index:	29501	
    Magnitude of W_grad:	34.912	
    Magnitude of W:	184686.94724048	
    Magnitude of B_grad:	0.164	
    Magnitude of b:	10.756974207395	

	
    Current index:	39501	
    Magnitude of W_grad:	50.104000000002	
    Magnitude of W:	184636.15346712	
    Magnitude of B_grad:	0.228	
    Magnitude of b:	11.578194005394	

	
    Current index:	49501	
    Magnitude of W_grad:	45.192000000003	
    Magnitude of W:	184585.09758767	
    Magnitude of B_grad:	0.1	
    Magnitude of b:	11.707380730998	

	
    Current index:	59501	
    Magnitude of W_grad:	39.752000000001	
    Magnitude of W:	184538.309077	
    Magnitude of B_grad:	0.212	
    Magnitude of b:	12.512533566099	

	
    Current index:	69501	
    Magnitude of W_grad:	52.672000000002	
    Magnitude of W:	184491.38521386	
    Magnitude of B_grad:	0.192	
    Magnitude of b:	12.771655239217	

	
    Current index:	79501	
    Magnitude of W_grad:	42.820000000001	
    Magnitude of W:	184439.93962146	
    Magnitude of B_grad:	0.308	
    Magnitude of b:	12.522764901531	

	
    Current index:	89501	
    Magnitude of W_grad:	53.100000000001	
    Magnitude of W:	184388.16058031	
    Magnitude of B_grad:	0.252	
    Magnitude of b:	12.317895492123	

	
    Current index:	99501	
    Magnitude of W_grad:	51.924000000001	
    Magnitude of W:	184341.34380501	
    Magnitude of B_grad:	0.168	
    Magnitude of b:	12.527014932804	

	
    Current index:	109501	
    Magnitude of W_grad:	44.776000000001	
    Magnitude of W:	184294.06701271	
    Magnitude of B_grad:	0.196	
    Magnitude of b:	12.736134526251	

	
    Current index:	119501	
    Magnitude of W_grad:	58.204000000002	
    Magnitude of W:	184248.45981669	
    Magnitude of B_grad:	0.276	
    Magnitude of b:	12.323264278172	

	
    Current index:	129501	
    Magnitude of W_grad:	40.452000000001	
    Magnitude of W:	184202.9263575	
    Magnitude of B_grad:	0.196	
    Magnitude of b:	12.636383412692	

	
    Current index:	139501	
    Magnitude of W_grad:	48.944000000001	
    Magnitude of W:	184159.02335976	
    Magnitude of B_grad:	0.212	
    Magnitude of b:	12.753498096714	

	
SGD: Hinge Loss is	
931990.07787881	
SGD: Validation Accuracy is:	
0.236148955495	
SGD: Magnitude of W:	
184145.62654813	
SGD: Magnitude of b:	
12.118308668937	
    Current index:	9501	
    Magnitude of W_grad:	38.392000000001	
    Magnitude of W:	184106.0379252	
    Magnitude of B_grad:	0.172	
    Magnitude of b:	12.23144929689	

	
    Current index:	19501	
    Magnitude of W_grad:	36.004	
    Magnitude of W:	184065.38348775	
    Magnitude of B_grad:	0.072	
    Magnitude of b:	12.05259546429	

	
    Current index:	29501	
    Magnitude of W_grad:	30.632	
    Magnitude of W:	184025.0061662	
    Magnitude of B_grad:	0.088	
    Magnitude of b:	12.443738244032	

	
    Current index:	39501	
    Magnitude of W_grad:	45.624000000001	
    Magnitude of W:	183984.96274417	
    Magnitude of B_grad:	0.136	
    Magnitude of b:	12.72485911802	

	
    Current index:	49501	
    Magnitude of W_grad:	42.520000000002	
    Magnitude of W:	183944.30469366	
    Magnitude of B_grad:	0.096	
    Magnitude of b:	12.847193077019	

	
    Current index:	59501	
    Magnitude of W_grad:	37.912000000001	
    Magnitude of W:	183906.71107305	
    Magnitude of B_grad:	0.232	
    Magnitude of b:	13.258274443739	

	
    Current index:	69501	
    Magnitude of W_grad:	50.380000000001	
    Magnitude of W:	183867.17714679	
    Magnitude of B_grad:	0.176	
    Magnitude of b:	13.423342267996	

	
    Current index:	79501	
    Magnitude of W_grad:	44.024000000001	
    Magnitude of W:	183824.67824118	
    Magnitude of B_grad:	0.292	
    Magnitude of b:	12.773265174571	

	
    Current index:	89501	
    Magnitude of W_grad:	45.872000000001	
    Magnitude of W:	183782.56972769	
    Magnitude of B_grad:	0.116	
    Magnitude of b:	12.324385325327	

	
    Current index:	99501	
    Magnitude of W_grad:	49.092000000002	
    Magnitude of W:	183744.87307474	
    Magnitude of B_grad:	0.204	
    Magnitude of b:	12.441508375166	

	
    Current index:	109501	
    Magnitude of W_grad:	43.244000000001	
    Magnitude of W:	183704.39369473	
    Magnitude of B_grad:	0.108	
    Magnitude of b:	12.670632719568	

	
    Current index:	119501	
    Magnitude of W_grad:	55.164000000001	
    Magnitude of W:	183665.43680685	
    Magnitude of B_grad:	0.24	
    Magnitude of b:	12.293765953868	

	
    Current index:	129501	
    Magnitude of W_grad:	37.752000000001	
    Magnitude of W:	183627.38637094	
    Magnitude of B_grad:	0.084	
    Magnitude of b:	12.524893279106	

	
    Current index:	139501	
    Magnitude of W_grad:	45.996000000002	
    Magnitude of W:	183588.78976185	
    Magnitude of B_grad:	0.164	
    Magnitude of b:	12.616013890079	

	
SGD: Hinge Loss is	
821254.28617074	
SGD: Validation Accuracy is:	
0.24069028156222	
SGD: Magnitude of W:	
183578.33272989	
SGD: Magnitude of b:	
11.919436452997	
    Current index:	9501	
    Magnitude of W_grad:	38.880000000001	
    Magnitude of W:	183543.93325788	
    Magnitude of B_grad:	0.164	
    Magnitude of b:	12.024595219206	

	
    Current index:	19501	
    Magnitude of W_grad:	35.664	
    Magnitude of W:	183508.47681641	
    Magnitude of B_grad:	0.076	
    Magnitude of b:	12.251732934059	

	
    Current index:	29501	
    Magnitude of W_grad:	29.624	
    Magnitude of W:	183473.06824419	
    Magnitude of B_grad:	0.12	
    Magnitude of b:	12.382868326285	

	
    Current index:	39501	
    Magnitude of W_grad:	45.552000000001	
    Magnitude of W:	183437.19284228	
    Magnitude of B_grad:	0.164	
    Magnitude of b:	12.747990375359	

	
    Current index:	49501	
    Magnitude of W_grad:	40.564000000002	
    Magnitude of W:	183401.32547671	
    Magnitude of B_grad:	0.084	
    Magnitude of b:	12.921087226999	

	
    Current index:	59501	
    Magnitude of W_grad:	37.840000000001	
    Magnitude of W:	183367.30002466	
    Magnitude of B_grad:	0.276	
    Magnitude of b:	13.268164390162	

	
    Current index:	69501	
    Magnitude of W_grad:	50.760000000001	
    Magnitude of W:	183330.82022773	
    Magnitude of B_grad:	0.208	
    Magnitude of b:	13.479230624604	

	
    Current index:	79501	
    Magnitude of W_grad:	44.884000000002	
    Magnitude of W:	183292.65037852	
    Magnitude of B_grad:	0.292	
    Magnitude of b:	12.490519165478	

	
    Current index:	89501	
    Magnitude of W_grad:	43.916000000001	
    Magnitude of W:	183254.9491662	
    Magnitude of B_grad:	0.096	
    Magnitude of b:	12.137654390705	

	
    Current index:	99501	
    Magnitude of W_grad:	45.200000000001	
    Magnitude of W:	183219.88401282	
    Magnitude of B_grad:	0.22	
    Magnitude of b:	12.248792198688	

	
    Current index:	109501	
    Magnitude of W_grad:	42.6	
    Magnitude of W:	183183.27236632	
    Magnitude of B_grad:	0.084	
    Magnitude of b:	12.449932582436	

	
    Current index:	119501	
    Magnitude of W_grad:	51.072000000001	
    Magnitude of W:	183147.85938521	
    Magnitude of B_grad:	0.228	
    Magnitude of b:	12.156286508727	

	
    Current index:	129501	
    Magnitude of W_grad:	36.528000000001	
    Magnitude of W:	183113.36366256	
    Magnitude of B_grad:	0.072	
    Magnitude of b:	12.32942909999	

	
    Current index:	139501	
    Magnitude of W_grad:	46.932000000002	
    Magnitude of W:	183077.8077272	
    Magnitude of B_grad:	0.152	
    Magnitude of b:	12.391355390686	

	
SGD: Hinge Loss is	
754880.12760581	
SGD: Validation Accuracy is:	
0.25068119891008	
SGD: Magnitude of W:	
183068.73664699	
SGD: Magnitude of b:	
11.703649245677	
    Current index:	9501	
    Magnitude of W_grad:	38.396000000001	
    Magnitude of W:	183037.82607046	
    Magnitude of B_grad:	0.2	
    Magnitude of b:	11.782827755708	

	
    Current index:	19501	
    Magnitude of W_grad:	35.9	
    Magnitude of W:	183005.25610408	
    Magnitude of B_grad:	0.108	
    Magnitude of b:	12.188549881346	

	
    Current index:	29501	
    Magnitude of W_grad:	29.552	
    Magnitude of W:	182973.38849305	
    Magnitude of B_grad:	0.132	
    Magnitude of b:	12.263691921715	

	
    Current index:	39501	
    Magnitude of W_grad:	46.836000000001	
    Magnitude of W:	182940.43156818	
    Magnitude of B_grad:	0.176	
    Magnitude of b:	12.558824535184	

	
    Current index:	49501	
    Magnitude of W_grad:	40.204000000002	
    Magnitude of W:	182907.6593661	
    Magnitude of B_grad:	0.064	
    Magnitude of b:	12.719936028333	

	
    Current index:	59501	
    Magnitude of W_grad:	35.728000000001	
    Magnitude of W:	182876.28983073	
    Magnitude of B_grad:	0.252	
    Magnitude of b:	13.043028245365	

	
    Current index:	69501	
    Magnitude of W_grad:	51.752000000001	
    Magnitude of W:	182841.54357721	
    Magnitude of B_grad:	0.236	
    Magnitude of b:	13.270110163201	

	
    Current index:	79501	
    Magnitude of W_grad:	44.232000000001	
    Magnitude of W:	182806.30168641	
    Magnitude of B_grad:	0.28	
    Magnitude of b:	12.254876077487	

	
    Current index:	89501	
    Magnitude of W_grad:	42.012000000001	
    Magnitude of W:	182771.27315375	
    Magnitude of B_grad:	0.076	
    Magnitude of b:	11.902027701279	

	
    Current index:	99501	
    Magnitude of W_grad:	43.076000000001	
    Magnitude of W:	182738.45611459	
    Magnitude of B_grad:	0.196	
    Magnitude of b:	12.091179678525	

	
    Current index:	109501	
    Magnitude of W_grad:	41.156000000001	
    Magnitude of W:	182704.48401797	
    Magnitude of B_grad:	0.1	
    Magnitude of b:	12.176334125517	

	
    Current index:	119501	
    Magnitude of W_grad:	47.892000000002	
    Magnitude of W:	182671.29627261	
    Magnitude of B_grad:	0.192	
    Magnitude of b:	11.936080123683	

	
    Current index:	129501	
    Magnitude of W_grad:	35.316000000001	
    Magnitude of W:	182638.70600925	
    Magnitude of B_grad:	0.06	
    Magnitude of b:	12.061241311036	

	
    Current index:	139501	
    Magnitude of W_grad:	46.568000000002	
    Magnitude of W:	182605.52195032	
    Magnitude of B_grad:	0.152	
    Magnitude of b:	12.175806004462	

	
SGD: Hinge Loss is	
709036.49645014	
SGD: Validation Accuracy is:	
0.26067211625795	
SGD: Magnitude of W:	
182597.38172484	
SGD: Magnitude of b:	
11.524187535894	
    Current index:	9501	
    Magnitude of W_grad:	37.904000000001	
    Magnitude of W:	182568.57989113	
    Magnitude of B_grad:	0.204	
    Magnitude of b:	11.557382866189	

	
    Current index:	19501	
    Magnitude of W_grad:	34.008	
    Magnitude of W:	182537.23652333	
    Magnitude of B_grad:	0.084	
    Magnitude of b:	12.002789040439	

	
    Current index:	29501	
    Magnitude of W_grad:	29.676	
    Magnitude of W:	182507.6599781	
    Magnitude of B_grad:	0.14	
    Magnitude of b:	12.05794521747	

	
    Current index:	39501	
    Magnitude of W_grad:	46.540000000001	
    Magnitude of W:	182476.4818578	
    Magnitude of B_grad:	0.152	
    Magnitude of b:	12.277094124675	

	
    Current index:	49501	
    Magnitude of W_grad:	39.352000000002	
    Magnitude of W:	182445.53704476	
    Magnitude of B_grad:	0.052	
    Magnitude of b:	12.490224523864	

	
    Current index:	59501	
    Magnitude of W_grad:	34.408	
    Magnitude of W:	182415.6174332	
    Magnitude of B_grad:	0.224	
    Magnitude of b:	12.795334776809	

	
    Current index:	69501	
    Magnitude of W_grad:	51.916000000001	
    Magnitude of W:	182382.32155343	
    Magnitude of B_grad:	0.244	
    Magnitude of b:	13.004434750307	

	
    Current index:	79501	
    Magnitude of W_grad:	44.376000000001	
    Magnitude of W:	182348.97201938	
    Magnitude of B_grad:	0.264	
    Magnitude of b:	12.011541913142	

	
    Current index:	89501	
    Magnitude of W_grad:	41.624	
    Magnitude of W:	182315.70485021	
    Magnitude of B_grad:	0.088	
    Magnitude of b:	11.692711329186	

	
    Current index:	99501	
    Magnitude of W_grad:	43.012000000001	
    Magnitude of W:	182284.55038324	
    Magnitude of B_grad:	0.16	
    Magnitude of b:	11.875878448947	

	
    Current index:	109501	
    Magnitude of W_grad:	41.472000000001	
    Magnitude of W:	182252.44438274	
    Magnitude of B_grad:	0.104	
    Magnitude of b:	11.963048962253	

	
    Current index:	119501	
    Magnitude of W_grad:	46.264000000001	
    Magnitude of W:	182220.82543633	
    Magnitude of B_grad:	0.188	
    Magnitude of b:	11.692225391322	

	
    Current index:	129501	
    Magnitude of W_grad:	35.296000000001	
    Magnitude of W:	182189.95866637	
    Magnitude of B_grad:	0.08	
    Magnitude of b:	11.77140121943	

	
    Current index:	139501	
    Magnitude of W_grad:	44.572000000002	
    Magnitude of W:	182159.03067882	
    Magnitude of B_grad:	0.152	
    Magnitude of b:	11.926568949497	

	
SGD: Hinge Loss is	
674248.86296016	
SGD: Validation Accuracy is:	
0.26884650317893	
SGD: Magnitude of W:	
182151.36294844	
SGD: Magnitude of b:	
11.301822107477	
    Current index:	9501	
    Magnitude of W_grad:	37.888000000001	
    Magnitude of W:	182123.69190563	
    Magnitude of B_grad:	0.204	
    Magnitude of b:	11.307034146189	

	
    Current index:	19501	
    Magnitude of W_grad:	31.744	
    Magnitude of W:	182093.36621087	
    Magnitude of B_grad:	0.092	
    Magnitude of b:	11.75409097118	

	
    Current index:	29501	
    Magnitude of W_grad:	27.06	
    Magnitude of W:	182065.83049984	
    Magnitude of B_grad:	0.088	
    Magnitude of b:	11.765266528461	

	
    Current index:	39501	
    Magnitude of W_grad:	45.608000000001	
    Magnitude of W:	182036.02204045	
    Magnitude of B_grad:	0.156	
    Magnitude of b:	12.006435704378	

	
    Current index:	49501	
    Magnitude of W_grad:	38.304000000002	
    Magnitude of W:	182006.90597618	
    Magnitude of B_grad:	0.068	
    Magnitude of b:	12.201586335861	

	
    Current index:	59501	
    Magnitude of W_grad:	33.736	
    Magnitude of W:	181978.3315925	
    Magnitude of B_grad:	0.216	
    Magnitude of b:	12.51471742222	

	
    Current index:	69501	
    Magnitude of W_grad:	52.572000000001	
    Magnitude of W:	181947.21102469	
    Magnitude of B_grad:	0.256	
    Magnitude of b:	12.715837435924	

	
    Current index:	79501	
    Magnitude of W_grad:	43.240000000001	
    Magnitude of W:	181915.58611778	
    Magnitude of B_grad:	0.252	
    Magnitude of b:	11.767307625194	

	
    Current index:	89501	
    Magnitude of W_grad:	39.872	
    Magnitude of W:	181883.57654741	
    Magnitude of B_grad:	0.092	
    Magnitude of b:	11.43649552016	

	
    Current index:	99501	
    Magnitude of W_grad:	43.256000000001	
    Magnitude of W:	181853.98182996	
    Magnitude of B_grad:	0.168	
    Magnitude of b:	11.673679183694	

	
    Current index:	109501	
    Magnitude of W_grad:	39.808	
    Magnitude of W:	181823.29946806	
    Magnitude of B_grad:	0.084	
    Magnitude of b:	11.768864144631	

	
    Current index:	119501	
    Magnitude of W_grad:	45.796000000001	
    Magnitude of W:	181793.09096985	
    Magnitude of B_grad:	0.196	
    Magnitude of b:	11.486053731102	

	
    Current index:	129501	
    Magnitude of W_grad:	33.98	
    Magnitude of W:	181763.12878329	
    Magnitude of B_grad:	0.1	
    Magnitude of b:	11.563243451403	

	
    Current index:	139501	
    Magnitude of W_grad:	43.992000000002	
    Magnitude of W:	181733.66137602	
    Magnitude of B_grad:	0.16	
    Magnitude of b:	11.706425794365	

	
SGD: Hinge Loss is	
646636.02426436	
SGD: Validation Accuracy is:	
0.27883742052679	
SGD: Magnitude of W:	
181726.62336384	
SGD: Magnitude of b:	
11.099508471649	
    Current index:	9501	
    Magnitude of W_grad:	36.996000000001	
    Magnitude of W:	181699.74547767	
    Magnitude of B_grad:	0.152	
    Magnitude of b:	11.102735092138	

	
    Current index:	19501	
    Magnitude of W_grad:	31.344	
    Magnitude of W:	181670.87079247	
    Magnitude of B_grad:	0.084	
    Magnitude of b:	11.528859442949	

	
    Current index:	29501	
    Magnitude of W_grad:	26.28	
    Magnitude of W:	181644.38795662	
    Magnitude of B_grad:	0.104	
    Magnitude of b:	11.534051566138	

	
    Current index:	39501	
    Magnitude of W_grad:	44.216000000001	
    Magnitude of W:	181615.87521543	
    Magnitude of B_grad:	0.164	
    Magnitude of b:	11.727238715163	

	
    Current index:	49501	
    Magnitude of W_grad:	37.388000000001	
    Magnitude of W:	181587.91910447	
    Magnitude of B_grad:	0.08	
    Magnitude of b:	11.906409427465	

	
    Current index:	59501	
    Magnitude of W_grad:	31.02	
    Magnitude of W:	181560.17354414	
    Magnitude of B_grad:	0.196	
    Magnitude of b:	12.209562071636	

	
    Current index:	69501	
    Magnitude of W_grad:	49.884	
    Magnitude of W:	181530.11817717	
    Magnitude of B_grad:	0.24	
    Magnitude of b:	12.382704342309	

	
    Current index:	79501	
    Magnitude of W_grad:	40.312000000001	
    Magnitude of W:	181499.58741769	
    Magnitude of B_grad:	0.26	
    Magnitude of b:	11.525114538998	

	
    Current index:	89501	
    Magnitude of W_grad:	40.812	
    Magnitude of W:	181469.1630695	
    Magnitude of B_grad:	0.124	
    Magnitude of b:	11.190320517623	

	
    Current index:	99501	
    Magnitude of W_grad:	41.680000000002	
    Magnitude of W:	181440.37868547	
    Magnitude of B_grad:	0.156	
    Magnitude of b:	11.491519895287	

	
    Current index:	109501	
    Magnitude of W_grad:	37.332	
    Magnitude of W:	181410.97672357	
    Magnitude of B_grad:	0.08	
    Magnitude of b:	11.570718151978	

	
    Current index:	119501	
    Magnitude of W_grad:	44.612000000001	
    Magnitude of W:	181382.43189328	
    Magnitude of B_grad:	0.164	
    Magnitude of b:	11.309921867057	

	
    Current index:	129501	
    Magnitude of W_grad:	34.472000000001	
    Magnitude of W:	181353.50737113	
    Magnitude of B_grad:	0.088	
    Magnitude of b:	11.38312476908	

	
    Current index:	139501	
    Magnitude of W_grad:	41.848000000001	
    Magnitude of W:	181324.99344929	
    Magnitude of B_grad:	0.152	
    Magnitude of b:	11.534320019581	

	
SGD: Hinge Loss is	
624347.90798176	
SGD: Validation Accuracy is:	
0.28065395095368	
SGD: Magnitude of W:	
181318.28106126	
SGD: Magnitude of b:	
10.903231801984	
    Current index:	9501	
    Magnitude of W_grad:	36.284000000001	
    Magnitude of W:	181292.35187556	
    Magnitude of B_grad:	0.136	
    Magnitude of b:	10.918471523241	

	
    Current index:	19501	
    Magnitude of W_grad:	31.28	
    Magnitude of W:	181264.45839365	
    Magnitude of B_grad:	0.116	
    Magnitude of b:	11.299255318087	

	
    Current index:	29501	
    Magnitude of W_grad:	25.612	
    Magnitude of W:	181238.97459728	
    Magnitude of B_grad:	0.096	
    Magnitude of b:	11.298464033299	

	
    Current index:	39501	
    Magnitude of W_grad:	43.988000000001	
    Magnitude of W:	181211.94394463	
    Magnitude of B_grad:	0.16	
    Magnitude of b:	11.471667780189	

	
    Current index:	49501	
    Magnitude of W_grad:	35.868000000001	
    Magnitude of W:	181185.24975188	
    Magnitude of B_grad:	0.08	
    Magnitude of b:	11.628858158098	

	
    Current index:	59501	
    Magnitude of W_grad:	30.224	
    Magnitude of W:	181158.33615008	
    Magnitude of B_grad:	0.192	
    Magnitude of b:	11.958030816813	

	
    Current index:	69501	
    Magnitude of W_grad:	48.9	
    Magnitude of W:	181129.59917113	
    Magnitude of B_grad:	0.256	
    Magnitude of b:	12.069192371979	

	
    Current index:	79501	
    Magnitude of W_grad:	38.180000000001	
    Magnitude of W:	181100.75125726	
    Magnitude of B_grad:	0.22	
    Magnitude of b:	11.342944184359	

	
    Current index:	89501	
    Magnitude of W_grad:	41.052	
    Magnitude of W:	181071.17893517	
    Magnitude of B_grad:	0.14	
    Magnitude of b:	11.024163333385	

	
    Current index:	99501	
    Magnitude of W_grad:	42.184000000001	
    Magnitude of W:	181043.2773531	
    Magnitude of B_grad:	0.172	
    Magnitude of b:	11.305376307946	

	
    Current index:	109501	
    Magnitude of W_grad:	38.368	
    Magnitude of W:	181015.02253143	
    Magnitude of B_grad:	0.116	
    Magnitude of b:	11.362588062487	

	
    Current index:	119501	
    Magnitude of W_grad:	43.020000000001	
    Magnitude of W:	180987.22673555	
    Magnitude of B_grad:	0.164	
    Magnitude of b:	11.117805197387	

	
    Current index:	129501	
    Magnitude of W_grad:	33.116	
    Magnitude of W:	180959.36561937	
    Magnitude of B_grad:	0.112	
    Magnitude of b:	11.209020789604	

	
    Current index:	139501	
    Magnitude of W_grad:	42.408000000002	
    Magnitude of W:	180932.28599131	
    Magnitude of B_grad:	0.156	
    Magnitude of b:	11.32422868038	

	
SGD: Hinge Loss is	
604329.98159353	
SGD: Validation Accuracy is:	
0.28428701180745	
SGD: Magnitude of W:	
180925.90974885	
SGD: Magnitude of b:	
10.734186087389	
    Current index:	9501	
    Magnitude of W_grad:	35.236	
    Magnitude of W:	180900.68039276	
    Magnitude of B_grad:	0.14	
    Magnitude of b:	10.769438507871	

	
    Current index:	19501	
    Magnitude of W_grad:	31.688	
    Magnitude of W:	180873.75594979	
    Magnitude of B_grad:	0.104	
    Magnitude of b:	11.112920545614	

	
    Current index:	29501	
    Magnitude of W_grad:	25.064	
    Magnitude of W:	180849.34109551	
    Magnitude of B_grad:	0.06	
    Magnitude of b:	11.07814352878	

	
    Current index:	39501	
    Magnitude of W_grad:	40.260000000001	
    Magnitude of W:	180823.68503605	
    Magnitude of B_grad:	0.136	
    Magnitude of b:	11.231363217215	

	
    Current index:	49501	
    Magnitude of W_grad:	36.408000000001	
    Magnitude of W:	180798.08822963	
    Magnitude of B_grad:	0.072	
    Magnitude of b:	11.388570579543	

	
    Current index:	59501	
    Magnitude of W_grad:	29.86	
    Magnitude of W:	180772.24291669	
    Magnitude of B_grad:	0.192	
    Magnitude of b:	11.725759962234	

	
    Current index:	69501	
    Magnitude of W_grad:	47.616	
    Magnitude of W:	180744.2972176	
    Magnitude of B_grad:	0.252	
    Magnitude of b:	11.818939095025	

	
    Current index:	79501	
    Magnitude of W_grad:	35.132000000001	
    Magnitude of W:	180716.68643646	
    Magnitude of B_grad:	0.188	
    Magnitude of b:	11.16598683425	

	
    Current index:	89501	
    Magnitude of W_grad:	40.664	
    Magnitude of W:	180687.81857181	
    Magnitude of B_grad:	0.152	
    Magnitude of b:	10.871217632319	

	
    Current index:	99501	
    Magnitude of W_grad:	41.140000000001	
    Magnitude of W:	180660.79577787	
    Magnitude of B_grad:	0.188	
    Magnitude of b:	11.140440902845	

	
    Current index:	109501	
    Magnitude of W_grad:	37.584	
    Magnitude of W:	180633.34586592	
    Magnitude of B_grad:	0.124	
    Magnitude of b:	11.203663891506	

	
    Current index:	119501	
    Magnitude of W_grad:	42.396000000001	
    Magnitude of W:	180606.35819062	
    Magnitude of B_grad:	0.132	
    Magnitude of b:	10.962892624098	

	
    Current index:	129501	
    Magnitude of W_grad:	33.204	
    Magnitude of W:	180579.59005223	
    Magnitude of B_grad:	0.104	
    Magnitude of b:	11.094119245627	

	
    Current index:	139501	
    Magnitude of W_grad:	39.892000000001	
    Magnitude of W:	180553.33158582	
    Magnitude of B_grad:	0.132	
    Magnitude of b:	11.193336875746	

	
SGD: Hinge Loss is	
586528.6709132	
SGD: Validation Accuracy is:	
0.29064486830154	
SGD: Magnitude of W:	
180547.30872568	
SGD: Magnitude of b:	
10.602514030415	
    Current index:	9501	
    Magnitude of W_grad:	34.608	
    Magnitude of W:	180522.6648579	
    Magnitude of B_grad:	0.136	
    Magnitude of b:	10.649776223187	

	
    Current index:	19501	
    Magnitude of W_grad:	29.964	
    Magnitude of W:	180496.67875178	
    Magnitude of B_grad:	0.104	
    Magnitude of b:	10.947826627888	

	
    Current index:	29501	
    Magnitude of W_grad:	25.068	
    Magnitude of W:	180472.96211999	
    Magnitude of B_grad:	0.068	
    Magnitude of b:	10.903061353763	

	
    Current index:	39501	
    Magnitude of W_grad:	40.876000000001	
    Magnitude of W:	180447.92050964	
    Magnitude of B_grad:	0.128	
    Magnitude of b:	11.016294886087	

	
    Current index:	49501	
    Magnitude of W_grad:	35.752000000001	
    Magnitude of W:	180423.09678631	
    Magnitude of B_grad:	0.08	
    Magnitude of b:	11.159517464623	

	
    Current index:	59501	
    Magnitude of W_grad:	29.924	
    Magnitude of W:	180397.61996178	
    Magnitude of B_grad:	0.156	
    Magnitude of b:	11.518721564976	

	
    Current index:	69501	
    Magnitude of W_grad:	45.468000000001	
    Magnitude of W:	180370.54074048	
    Magnitude of B_grad:	0.204	
    Magnitude of b:	11.603914160213	

	
    Current index:	79501	
    Magnitude of W_grad:	33.112	
    Magnitude of W:	180343.99945767	
    Magnitude of B_grad:	0.148	
    Magnitude of b:	11.000395248883	

	
    Current index:	89501	
    Magnitude of W_grad:	41.788000000001	
    Magnitude of W:	180315.79313222	
    Magnitude of B_grad:	0.188	
    Magnitude of b:	10.759636752501	

	
    Current index:	99501	
    Magnitude of W_grad:	41.760000000002	
    Magnitude of W:	180289.52187221	
    Magnitude of B_grad:	0.208	
    Magnitude of b:	10.98287045459	

	
    Current index:	109501	
    Magnitude of W_grad:	34.984	
    Magnitude of W:	180263.10070275	
    Magnitude of B_grad:	0.144	
    Magnitude of b:	11.044104280449	

	
    Current index:	119501	
    Magnitude of W_grad:	41.756000000001	
    Magnitude of W:	180237.3555003	
    Magnitude of B_grad:	0.116	
    Magnitude of b:	10.809343548198	

	
    Current index:	129501	
    Magnitude of W_grad:	31.739999999999	
    Magnitude of W:	180211.05547743	
    Magnitude of B_grad:	0.092	
    Magnitude of b:	10.934580788232	

	
    Current index:	139501	
    Magnitude of W_grad:	39.344000000001	
    Magnitude of W:	180185.38476212	
    Magnitude of B_grad:	0.112	
    Magnitude of b:	11.065807592723	

	
SGD: Hinge Loss is	
571174.67568008	
SGD: Validation Accuracy is:	
0.29246139872843	
SGD: Magnitude of W:	
180179.52124418	
SGD: Magnitude of b:	
10.487595596921	
    Current index:	9501	
    Magnitude of W_grad:	33.456	
    Magnitude of W:	180155.30093692	
    Magnitude of B_grad:	0.12	
    Magnitude of b:	10.526865911684	

	
    Current index:	19501	
    Magnitude of W_grad:	28.8	
    Magnitude of W:	180130.29063722	
    Magnitude of B_grad:	0.084	
    Magnitude of b:	10.769513844909	

	
    Current index:	29501	
    Magnitude of W_grad:	25.744	
    Magnitude of W:	180107.31411111	
    Magnitude of B_grad:	0.068	
    Magnitude of b:	10.758760770227	

	
    Current index:	39501	
    Magnitude of W_grad:	41.116000000001	
    Magnitude of W:	180083.18272481	
    Magnitude of B_grad:	0.124	
    Magnitude of b:	10.848005919609	

	
    Current index:	49501	
    Magnitude of W_grad:	35.544000000001	
    Magnitude of W:	180059.12987352	
    Magnitude of B_grad:	0.076	
    Magnitude of b:	10.953241319527	

	
    Current index:	59501	
    Magnitude of W_grad:	29.104	
    Magnitude of W:	180034.2497461	
    Magnitude of B_grad:	0.188	
    Magnitude of b:	11.352459928946	

	
    Current index:	69501	
    Magnitude of W_grad:	45.92	
    Magnitude of W:	180008.15674023	
    Magnitude of B_grad:	0.208	
    Magnitude of b:	11.393666857093	

	
    Current index:	79501	
    Magnitude of W_grad:	31.548	
    Magnitude of W:	179982.60793773	
    Magnitude of B_grad:	0.128	
    Magnitude of b:	10.873552192411	

	
    Current index:	89501	
    Magnitude of W_grad:	40.936	
    Magnitude of W:	179955.72026401	
    Magnitude of B_grad:	0.188	
    Magnitude of b:	10.610803368218	

	
    Current index:	99501	
    Magnitude of W_grad:	41.756000000002	
    Magnitude of W:	179930.21403451	
    Magnitude of B_grad:	0.192	
    Magnitude of b:	10.868046987034	

	
    Current index:	109501	
    Magnitude of W_grad:	33.756	
    Magnitude of W:	179904.31202821	
    Magnitude of B_grad:	0.108	
    Magnitude of b:	10.911289853107	

	
    Current index:	119501	
    Magnitude of W_grad:	41.872000000001	
    Magnitude of W:	179879.18970309	
    Magnitude of B_grad:	0.148	
    Magnitude of b:	10.670539477678	

	
    Current index:	129501	
    Magnitude of W_grad:	31.427999999999	
    Magnitude of W:	179853.37384898	
    Magnitude of B_grad:	0.088	
    Magnitude of b:	10.817785168004	

	
    Current index:	139501	
    Magnitude of W_grad:	38.916000000001	
    Magnitude of W:	179828.33908247	
    Magnitude of B_grad:	0.1	
    Magnitude of b:	10.921020471253	

	
SGD: Hinge Loss is	
557466.51314521	
SGD: Validation Accuracy is:	
0.29972752043597	
SGD: Magnitude of W:	
179822.48809014	
SGD: Magnitude of b:	
10.379852930532	
    Current index:	9501	
    Magnitude of W_grad:	33.408	
    Magnitude of W:	179798.77546303	
    Magnitude of B_grad:	0.132	
    Magnitude of b:	10.41513141103	

	
    Current index:	19501	
    Magnitude of W_grad:	29.672	
    Magnitude of W:	179774.7622591	
    Magnitude of B_grad:	0.092	
    Magnitude of b:	10.632393725071	

	
    Current index:	29501	
    Magnitude of W_grad:	25.824	
    Magnitude of W:	179752.25627358	
    Magnitude of B_grad:	0.096	
    Magnitude of b:	10.601667854377	

	
    Current index:	39501	
    Magnitude of W_grad:	39.648000000001	
    Magnitude of W:	179728.65150202	
    Magnitude of B_grad:	0.104	
    Magnitude of b:	10.66290771862	

	
    Current index:	49501	
    Magnitude of W_grad:	35.840000000001	
    Magnitude of W:	179705.27472166	
    Magnitude of B_grad:	0.056	
    Magnitude of b:	10.780154966634	

	
    Current index:	59501	
    Magnitude of W_grad:	29.24	
    Magnitude of W:	179681.27534442	
    Magnitude of B_grad:	0.144	
    Magnitude of b:	11.165385759646	

	
    Current index:	69501	
    Magnitude of W_grad:	42.556	
    Magnitude of W:	179656.14853943	
    Magnitude of B_grad:	0.164	
    Magnitude of b:	11.240603483199	

	
    Current index:	79501	
    Magnitude of W_grad:	30.848	
    Magnitude of W:	179631.12952132	
    Magnitude of B_grad:	0.128	
    Magnitude of b:	10.763874716556	

	
    Current index:	89501	
    Magnitude of W_grad:	41.956000000001	
    Magnitude of W:	179605.40520537	
    Magnitude of B_grad:	0.2	
    Magnitude of b:	10.495133037563	

	
    Current index:	99501	
    Magnitude of W_grad:	40.184000000001	
    Magnitude of W:	179580.72531778	
    Magnitude of B_grad:	0.184	
    Magnitude of b:	10.740384529758	

	
    Current index:	109501	
    Magnitude of W_grad:	34	
    Magnitude of W:	179555.60915467	
    Magnitude of B_grad:	0.144	
    Magnitude of b:	10.779635787162	

	
    Current index:	119501	
    Magnitude of W_grad:	40.332000000001	
    Magnitude of W:	179530.91346564	
    Magnitude of B_grad:	0.112	
    Magnitude of b:	10.542893571256	

	
    Current index:	129501	
    Magnitude of W_grad:	29.519999999999	
    Magnitude of W:	179505.83555627	
    Magnitude of B_grad:	0.092	
    Magnitude of b:	10.696148100171	

	
    Current index:	139501	
    Magnitude of W_grad:	38.928000000002	
    Magnitude of W:	179481.32854588	
    Magnitude of B_grad:	0.104	
    Magnitude of b:	10.789392598734	

	
SGD: Hinge Loss is	
545735.27722305	
SGD: Validation Accuracy is:	
0.30790190735695	
SGD: Magnitude of W:	
179475.52264616	
SGD: Magnitude of b:	
10.245619494924	
    Current index:	9501	
    Magnitude of W_grad:	33.736	
    Magnitude of W:	179452.48953961	
    Magnitude of B_grad:	0.104	
    Magnitude of b:	10.284906112468	

	
    Current index:	19501	
    Magnitude of W_grad:	29.412000000001	
    Magnitude of W:	179428.99527345	
    Magnitude of B_grad:	0.064	
    Magnitude of b:	10.494801348935	

	
    Current index:	29501	
    Magnitude of W_grad:	24.728	
    Magnitude of W:	179406.88732876	
    Magnitude of B_grad:	0.096	
    Magnitude of b:	10.48945777722	

	
    Current index:	39501	
    Magnitude of W_grad:	40.348000000001	
    Magnitude of W:	179383.75879506	
    Magnitude of B_grad:	0.128	
    Magnitude of b:	10.554718012057	

	
    Current index:	49501	
    Magnitude of W_grad:	34.916000000001	
    Magnitude of W:	179360.96142845	
    Magnitude of B_grad:	0.084	
    Magnitude of b:	10.654590690422	

	
    Current index:	59501	
    Magnitude of W_grad:	27.132	
    Magnitude of W:	179337.39269529	
    Magnitude of B_grad:	0.152	
    Magnitude of b:	11.045830008024	

	
    Current index:	69501	
    Magnitude of W_grad:	43.548000000001	
    Magnitude of W:	179313.14231676	
    Magnitude of B_grad:	0.176	
    Magnitude of b:	11.097057180448	

	
    Current index:	79501	
    Magnitude of W_grad:	30.243999999999	
    Magnitude of W:	179289.01002865	
    Magnitude of B_grad:	0.12	
    Magnitude of b:	10.687699839399	

	
    Current index:	89501	
    Magnitude of W_grad:	42.544000000001	
    Magnitude of W:	179263.30409356	
    Magnitude of B_grad:	0.196	
    Magnitude of b:	10.392964969104	

	
    Current index:	99501	
    Magnitude of W_grad:	41.192000000002	
    Magnitude of W:	179239.56606345	
    Magnitude of B_grad:	0.184	
    Magnitude of b:	10.646223143401	

	
    Current index:	109501	
    Magnitude of W_grad:	33.692	
    Magnitude of W:	179214.88095191	
    Magnitude of B_grad:	0.136	
    Magnitude of b:	10.70348154487	

	
    Current index:	119501	
    Magnitude of W_grad:	38.444000000001	
    Magnitude of W:	179190.82004361	
    Magnitude of B_grad:	0.116	
    Magnitude of b:	10.438746003099	

	
    Current index:	129501	
    Magnitude of W_grad:	30.499999999999	
    Magnitude of W:	179166.2883255	
    Magnitude of B_grad:	0.072	
    Magnitude of b:	10.576007822264	

	
    Current index:	139501	
    Magnitude of W_grad:	39.980000000002	
    Magnitude of W:	179142.74976514	
    Magnitude of B_grad:	0.132	
    Magnitude of b:	10.667260213132	

	
SGD: Hinge Loss is	
534840.03766221	
SGD: Validation Accuracy is:	
0.30971843778383	
SGD: Magnitude of W:	
179137.14735915	
SGD: Magnitude of b:	
10.140097859419	
    Current index:	9501	
    Magnitude of W_grad:	32.072	
    Magnitude of W:	179114.70191124	
    Magnitude of B_grad:	0.108	
    Magnitude of b:	10.19539168129	

	
    Current index:	19501	
    Magnitude of W_grad:	28.76	
    Magnitude of W:	179091.82660575	
    Magnitude of B_grad:	0.044	
    Magnitude of b:	10.366538660224	

	
    Current index:	29501	
    Magnitude of W_grad:	24.472	
    Magnitude of W:	179070.04548731	
    Magnitude of B_grad:	0.096	
    Magnitude of b:	10.391955882511	

	
    Current index:	39501	
    Magnitude of W_grad:	39.392000000001	
    Magnitude of W:	179047.45224337	
    Magnitude of B_grad:	0.124	
    Magnitude of b:	10.459222493529	

	
    Current index:	49501	
    Magnitude of W_grad:	34.196	
    Magnitude of W:	179024.91796245	
    Magnitude of B_grad:	0.096	
    Magnitude of b:	10.534353047918	

	
    Current index:	59501	
    Magnitude of W_grad:	26.66	
    Magnitude of W:	179001.55493194	
    Magnitude of B_grad:	0.152	
    Magnitude of b:	10.945600818149	

	
    Current index:	69501	
    Magnitude of W_grad:	41.520000000001	
    Magnitude of W:	178978.22275121	
    Magnitude of B_grad:	0.156	
    Magnitude of b:	10.944836912091	

	
    Current index:	79501	
    Magnitude of W_grad:	30.495999999999	
    Magnitude of W:	178954.41827906	
    Magnitude of B_grad:	0.108	
    Magnitude of b:	10.5702339267	

	
    Current index:	89501	
    Magnitude of W_grad:	41.16	
    Magnitude of W:	178929.39009825	
    Magnitude of B_grad:	0.192	
    Magnitude of b:	10.279505941549	

	
    Current index:	99501	
    Magnitude of W_grad:	40.996000000002	
    Magnitude of W:	178906.01377997	
    Magnitude of B_grad:	0.164	
    Magnitude of b:	10.562771476949	

	
    Current index:	109501	
    Magnitude of W_grad:	31.504	
    Magnitude of W:	178881.85856464	
    Magnitude of B_grad:	0.096	
    Magnitude of b:	10.612036258088	

	
    Current index:	119501	
    Magnitude of W_grad:	39.092000000001	
    Magnitude of W:	178858.56868741	
    Magnitude of B_grad:	0.136	
    Magnitude of b:	10.343307109539	

	
    Current index:	129501	
    Magnitude of W_grad:	30.019999999999	
    Magnitude of W:	178834.59605582	
    Magnitude of B_grad:	0.064	
    Magnitude of b:	10.458576505616	

	
    Current index:	139501	
    Magnitude of W_grad:	38.144000000002	
    Magnitude of W:	178811.66164165	
    Magnitude of B_grad:	0.128	
    Magnitude of b:	10.569836788143	

	
SGD: Hinge Loss is	
525621.94491962	
SGD: Validation Accuracy is:	
0.31244323342416	
SGD: Magnitude of W:	
178806.21257115	
SGD: Magnitude of b:	
10.050068201395	
    Current index:	9501	
    Magnitude of W_grad:	33.872	
    Magnitude of W:	178784.11298244	
    Magnitude of B_grad:	0.096	
    Magnitude of b:	10.095368912874	

	
    Current index:	19501	
    Magnitude of W_grad:	28.564	
    Magnitude of W:	178761.97770499	
    Magnitude of B_grad:	0.024	
    Magnitude of b:	10.276555882089	

	
    Current index:	29501	
    Magnitude of W_grad:	24.344	
    Magnitude of W:	178740.70074976	
    Magnitude of B_grad:	0.104	
    Magnitude of b:	10.315943430645	

	
    Current index:	39501	
    Magnitude of W_grad:	38.464000000001	
    Magnitude of W:	178718.35719975	
    Magnitude of B_grad:	0.104	
    Magnitude of b:	10.391214631884	

	
    Current index:	49501	
    Magnitude of W_grad:	34.324	
    Magnitude of W:	178696.32978163	
    Magnitude of B_grad:	0.064	
    Magnitude of b:	10.422389308906	

	
    Current index:	59501	
    Magnitude of W_grad:	25.948	
    Magnitude of W:	178673.34580395	
    Magnitude of B_grad:	0.14	
    Magnitude of b:	10.831644910021	

	
    Current index:	69501	
    Magnitude of W_grad:	41.276000000001	
    Magnitude of W:	178650.45030212	
    Magnitude of B_grad:	0.168	
    Magnitude of b:	10.844888490973	

	
    Current index:	79501	
    Magnitude of W_grad:	29.923999999999	
    Magnitude of W:	178627.16940958	
    Magnitude of B_grad:	0.088	
    Magnitude of b:	10.482251617953	

	
    Current index:	89501	
    Magnitude of W_grad:	40.468	
    Magnitude of W:	178602.63926592	
    Magnitude of B_grad:	0.18	
    Magnitude of b:	10.209529734335	

	
    Current index:	99501	
    Magnitude of W_grad:	40.852000000002	
    Magnitude of W:	178579.92694936	
    Magnitude of B_grad:	0.156	
    Magnitude of b:	10.488801097595	

	
    Current index:	109501	
    Magnitude of W_grad:	32.152	
    Magnitude of W:	178556.11873476	
    Magnitude of B_grad:	0.116	
    Magnitude of b:	10.528071460948	

	
    Current index:	119501	
    Magnitude of W_grad:	37.988000000001	
    Magnitude of W:	178533.17495774	
    Magnitude of B_grad:	0.14	
    Magnitude of b:	10.26934767702	

	
    Current index:	129501	
    Magnitude of W_grad:	28.779999999999	
    Magnitude of W:	178509.69181296	
    Magnitude of B_grad:	0.064	
    Magnitude of b:	10.352623600458	

	
    Current index:	139501	
    Magnitude of W_grad:	37.484000000002	
    Magnitude of W:	178487.25158743	
    Magnitude of B_grad:	0.112	
    Magnitude of b:	10.475890073557	

	
Done.	
Testing on validation set...	
Done	
Datafile:	/n/home09/ankitgupta/CS287/HW1/SST1-uni-syns.hdf5	Classifier:	hinge	Alpha:	0	Eta:	0.5	Lambda:	1	Minibatch size:	500	Num Epochs:	15	Minimum Sentence Length:	5	
Accuracy:	0.31880108991826	
