[?1034hDatafile:	/n/home09/ankitgupta/CS287/HW1/SST1-uni-sent-syns.hdf5	Classifier:	lr	Alpha:	0	Eta:	0.1	Lambda:	1	Minibatch size:	500	Num Epochs:	15	Minimum Sentence Length:	5	
Note that not all parameters may apply to all classifiers	
Loading datafiles...	
Number of training samples before removing small sentences	156817	
Number of training samples after removing small sentences	146614	
Done.	
Training classifier...	
SGD: Loss is	
	LOSS:Calculated softmax res	
1268076.4506797	
SGD: crossEntropyLoss is	
1268076.4506797	
SGD: Validation Accuracy is:	
0.19255222524977	
SGD: Magnitude of W:	
184604.97687807	
SGD: Magnitude of b:	
3.9353530435474	
    Current index:	9501	
    Magnitude of W_grad:	47.991826011235	
    Magnitude of W:	184593.23871063	
    Magnitude of B_grad:	0.67699608319585	
    Magnitude of b:	4.2429632476818	

	
    Current index:	19501	
    Magnitude of W_grad:	44.82191440505	
    Magnitude of W:	184581.60287004	
    Magnitude of B_grad:	0.53243477018277	
    Magnitude of b:	4.3308415687315	

	
    Current index:	29501	
    Magnitude of W_grad:	41.761216399983	
    Magnitude of W:	184569.90493699	
    Magnitude of B_grad:	0.38883594736656	
    Magnitude of b:	4.5395611039825	

	
    Current index:	39501	
    Magnitude of W_grad:	44.691278759549	
    Magnitude of W:	184559.21347932	
    Magnitude of B_grad:	0.26856144671362	
    Magnitude of b:	4.9222363450706	

	
    Current index:	49501	
    Magnitude of W_grad:	49.634603776014	
    Magnitude of W:	184548.6408035	
    Magnitude of B_grad:	0.35846063847421	
    Magnitude of b:	5.3019311873957	

	
    Current index:	59501	
    Magnitude of W_grad:	45.531273685815	
    Magnitude of W:	184538.18555123	
    Magnitude of B_grad:	0.36146112376773	
    Magnitude of b:	5.6916770709727	

	
    Current index:	69501	
    Magnitude of W_grad:	46.964652063075	
    Magnitude of W:	184527.88177921	
    Magnitude of B_grad:	0.1658194599801	
    Magnitude of b:	5.9467396284689	

	
    Current index:	79501	
    Magnitude of W_grad:	52.549412627266	
    Magnitude of W:	184516.54806619	
    Magnitude of B_grad:	0.58078324161698	
    Magnitude of b:	6.1861145508185	

	
    Current index:	89501	
    Magnitude of W_grad:	58.7228929607	
    Magnitude of W:	184504.25602679	
    Magnitude of B_grad:	0.50334533839869	
    Magnitude of b:	6.2829931711134	

	
    Current index:	99501	
    Magnitude of W_grad:	52.215881110135	
    Magnitude of W:	184491.93090361	
    Magnitude of B_grad:	0.39830639836815	
    Magnitude of b:	6.451515139714	

	
    Current index:	109501	
    Magnitude of W_grad:	47.002422317535	
    Magnitude of W:	184480.80880801	
    Magnitude of B_grad:	0.30938089261551	
    Magnitude of b:	6.6196996141715	

	
    Current index:	119501	
    Magnitude of W_grad:	52.726192074449	
    Magnitude of W:	184470.08828392	
    Magnitude of B_grad:	0.32180816668431	
    Magnitude of b:	7.0112504441286	

	
    Current index:	129501	
    Magnitude of W_grad:	47.302460548625	
    Magnitude of W:	184459.32608507	
    Magnitude of B_grad:	0.22433680061341	
    Magnitude of b:	7.2520225710042	

	
    Current index:	139501	
    Magnitude of W_grad:	41.663475934612	
    Magnitude of W:	184448.22894374	
    Magnitude of B_grad:	0.25375542062159	
    Magnitude of b:	7.5322950070658	

	
SGD: Loss is	
	LOSS:Calculated softmax res	
896929.73302314	
SGD: crossEntropyLoss is	
896929.73302314	
SGD: Validation Accuracy is:	
0.23978201634877	
SGD: Magnitude of W:	
184440.97490312	
SGD: Magnitude of b:	
7.53212299709	
    Current index:	9501	
    Magnitude of W_grad:	44.206210153595	
    Magnitude of W:	184431.78864002	
    Magnitude of B_grad:	0.34166955276263	
    Magnitude of b:	6.9991036775915	

	
    Current index:	19501	
    Magnitude of W_grad:	44.258917978895	
    Magnitude of W:	184422.48016227	
    Magnitude of B_grad:	0.33295379564786	
    Magnitude of b:	6.544032533792	

	
    Current index:	29501	
    Magnitude of W_grad:	42.340238023288	
    Magnitude of W:	184412.432195	
    Magnitude of B_grad:	0.33616996170881	
    Magnitude of b:	6.593544990996	

	
    Current index:	39501	
    Magnitude of W_grad:	42.371210798443	
    Magnitude of W:	184402.71832102	
    Magnitude of B_grad:	0.28115589061586	
    Magnitude of b:	6.6594608855809	

	
    Current index:	49501	
    Magnitude of W_grad:	45.901695164978	
    Magnitude of W:	184392.94912418	
    Magnitude of B_grad:	0.20831996924575	
    Magnitude of b:	6.7187258307835	

	
    Current index:	59501	
    Magnitude of W_grad:	43.863457354867	
    Magnitude of W:	184383.40546393	
    Magnitude of B_grad:	0.26409530711379	
    Magnitude of b:	6.8813850444591	

	
    Current index:	69501	
    Magnitude of W_grad:	45.907616155999	
    Magnitude of W:	184374.21326659	
    Magnitude of B_grad:	0.17243882848895	
    Magnitude of b:	6.9449984372089	

	
    Current index:	79501	
    Magnitude of W_grad:	50.371266772398	
    Magnitude of W:	184363.74211708	
    Magnitude of B_grad:	0.48999396194587	
    Magnitude of b:	7.0386676466523	

	
    Current index:	89501	
    Magnitude of W_grad:	55.476559564086	
    Magnitude of W:	184352.61253322	
    Magnitude of B_grad:	0.44412151482562	
    Magnitude of b:	6.9945293925588	

	
    Current index:	99501	
    Magnitude of W_grad:	44.393707807757	
    Magnitude of W:	184341.88150362	
    Magnitude of B_grad:	0.30757669387691	
    Magnitude of b:	7.1840433573285	

	
    Current index:	109501	
    Magnitude of W_grad:	43.9172215937	
    Magnitude of W:	184331.99512517	
    Magnitude of B_grad:	0.23205073816702	
    Magnitude of b:	7.5258719573901	

	
    Current index:	119501	
    Magnitude of W_grad:	50.461243988525	
    Magnitude of W:	184322.40343004	
    Magnitude of B_grad:	0.25587925334939	
    Magnitude of b:	7.7903463067746	

	
    Current index:	129501	
    Magnitude of W_grad:	46.767841921816	
    Magnitude of W:	184312.53267895	
    Magnitude of B_grad:	0.23157877600734	
    Magnitude of b:	7.9424967529412	

	
    Current index:	139501	
    Magnitude of W_grad:	38.572278169932	
    Magnitude of W:	184302.3692187	
    Magnitude of B_grad:	0.19691100322198	
    Magnitude of b:	8.149811220588	

	
SGD: Loss is	
	LOSS:Calculated softmax res	
826556.24073483	
SGD: crossEntropyLoss is	
826556.24073483	
SGD: Validation Accuracy is:	
0.25431425976385	
SGD: Magnitude of W:	
184295.81460534	
SGD: Magnitude of b:	
8.0949118593125	
    Current index:	9501	
    Magnitude of W_grad:	43.683284585398	
    Magnitude of W:	184287.11777214	
    Magnitude of B_grad:	0.32896535140548	
    Magnitude of b:	7.5560373396966	

	
    Current index:	19501	
    Magnitude of W_grad:	43.60865220161	
    Magnitude of W:	184278.35261336	
    Magnitude of B_grad:	0.33133130646082	
    Magnitude of b:	7.0477442628645	

	
    Current index:	29501	
    Magnitude of W_grad:	42.857004208505	
    Magnitude of W:	184268.8652485	
    Magnitude of B_grad:	0.33295554755097	
    Magnitude of b:	6.8794327896944	

	
    Current index:	39501	
    Magnitude of W_grad:	41.180778205603	
    Magnitude of W:	184259.93250084	
    Magnitude of B_grad:	0.24814440259028	
    Magnitude of b:	6.9349438399372	

	
    Current index:	49501	
    Magnitude of W_grad:	45.282722468817	
    Magnitude of W:	184250.85352002	
    Magnitude of B_grad:	0.20975592715849	
    Magnitude of b:	6.9857580584823	

	
    Current index:	59501	
    Magnitude of W_grad:	43.999795453234	
    Magnitude of W:	184241.80942888	
    Magnitude of B_grad:	0.24545946591446	
    Magnitude of b:	7.139159961737	

	
    Current index:	69501	
    Magnitude of W_grad:	45.139256454935	
    Magnitude of W:	184233.12101451	
    Magnitude of B_grad:	0.14990574511444	
    Magnitude of b:	7.1892761154141	

	
    Current index:	79501	
    Magnitude of W_grad:	49.551490817277	
    Magnitude of W:	184223.22308044	
    Magnitude of B_grad:	0.46350488725789	
    Magnitude of b:	7.2727429875112	

	
    Current index:	89501	
    Magnitude of W_grad:	51.883945336075	
    Magnitude of W:	184212.78898191	
    Magnitude of B_grad:	0.41363086213036	
    Magnitude of b:	7.2091461116985	

	
    Current index:	99501	
    Magnitude of W_grad:	42.363440388879	
    Magnitude of W:	184203.20585178	
    Magnitude of B_grad:	0.28256677073462	
    Magnitude of b:	7.5796841015538	

	
    Current index:	109501	
    Magnitude of W_grad:	42.351629227129	
    Magnitude of W:	184194.31583334	
    Magnitude of B_grad:	0.2098520860072	
    Magnitude of b:	7.8964258389476	

	
    Current index:	119501	
    Magnitude of W_grad:	49.297081443508	
    Magnitude of W:	184185.5190289	
    Magnitude of B_grad:	0.2452907040752	
    Magnitude of b:	8.1269314730396	

	
    Current index:	129501	
    Magnitude of W_grad:	46.277326946169	
    Magnitude of W:	184176.4101928	
    Magnitude of B_grad:	0.23850591818983	
    Magnitude of b:	8.2566717060496	

	
    Current index:	139501	
    Magnitude of W_grad:	38.060665547977	
    Magnitude of W:	184166.97254255	
    Magnitude of B_grad:	0.17873898646592	
    Magnitude of b:	8.4488756592106	

	
SGD: Loss is	
	LOSS:Calculated softmax res	
778216.69531842	
SGD: crossEntropyLoss is	
778216.69531842	
SGD: Validation Accuracy is:	
0.25613079019074	
SGD: Magnitude of W:	
184160.92564683	
SGD: Magnitude of b:	
8.3740679154878	
    Current index:	9501	
    Magnitude of W_grad:	43.112354382397	
    Magnitude of W:	184152.49760744	
    Magnitude of B_grad:	0.32061026747967	
    Magnitude of b:	7.8506464894099	

	
    Current index:	19501	
    Magnitude of W_grad:	42.698476086971	
    Magnitude of W:	184144.04813637	
    Magnitude of B_grad:	0.33112980176778	
    Magnitude of b:	7.357899083298	

	
    Current index:	29501	
    Magnitude of W_grad:	43.677237325259	
    Magnitude of W:	184135.22511944	
    Magnitude of B_grad:	0.32990731918363	
    Magnitude of b:	7.1004435164346	

	
    Current index:	39501	
    Magnitude of W_grad:	40.633228538565	
    Magnitude of W:	184126.79127101	
    Magnitude of B_grad:	0.22231946592257	
    Magnitude of b:	7.1160353766991	

	
    Current index:	49501	
    Magnitude of W_grad:	44.227476508323	
    Magnitude of W:	184118.10927815	
    Magnitude of B_grad:	0.20642972909949	
    Magnitude of b:	7.1702345797372	

	
    Current index:	59501	
    Magnitude of W_grad:	43.397195812034	
    Magnitude of W:	184109.38822235	
    Magnitude of B_grad:	0.23531400032901	
    Magnitude of b:	7.3216887614376	

	
    Current index:	69501	
    Magnitude of W_grad:	44.299216552886	
    Magnitude of W:	184101.01087182	
    Magnitude of B_grad:	0.13843927389849	
    Magnitude of b:	7.5220639356758	

	
    Current index:	79501	
    Magnitude of W_grad:	48.41073623154	
    Magnitude of W:	184091.75562272	
    Magnitude of B_grad:	0.4403415299763	
    Magnitude of b:	7.4664502099583	

	
    Current index:	89501	
    Magnitude of W_grad:	48.600266436679	
    Magnitude of W:	184081.83452549	
    Magnitude of B_grad:	0.38680872893025	
    Magnitude of b:	7.3789112544423	

	
    Current index:	99501	
    Magnitude of W_grad:	41.518411235636	
    Magnitude of W:	184072.78098787	
    Magnitude of B_grad:	0.2712420309629	
    Magnitude of b:	7.8458263094392	

	
    Current index:	109501	
    Magnitude of W_grad:	40.610453467285	
    Magnitude of W:	184064.42789839	
    Magnitude of B_grad:	0.19337567050927	
    Magnitude of b:	8.1504794992607	

	
    Current index:	119501	
    Magnitude of W_grad:	47.985834942158	
    Magnitude of W:	184056.00453455	
    Magnitude of B_grad:	0.2378148106928	
    Magnitude of b:	8.3627028891709	

	
    Current index:	129501	
    Magnitude of W_grad:	45.587274604222	
    Magnitude of W:	184047.1703833	
    Magnitude of B_grad:	0.24389812851447	
    Magnitude of b:	8.476398531788	

	
    Current index:	139501	
    Magnitude of W_grad:	38.033827249271	
    Magnitude of W:	184038.14801094	
    Magnitude of B_grad:	0.16630328897676	
    Magnitude of b:	8.6616110053228	

	
SGD: Loss is	
	LOSS:Calculated softmax res	
741081.85342882	
SGD: crossEntropyLoss is	
741081.85342882	
SGD: Validation Accuracy is:	
0.2661217075386	
SGD: Magnitude of W:	
184032.3461448	
SGD: Magnitude of b:	
8.5757723404206	
    Current index:	9501	
    Magnitude of W_grad:	42.676426760335	
    Magnitude of W:	184024.29591535	
    Magnitude of B_grad:	0.31544313516713	
    Magnitude of b:	8.0655943970348	

	
    Current index:	19501	
    Magnitude of W_grad:	42.117283876811	
    Magnitude of W:	184016.15999702	
    Magnitude of B_grad:	0.33170125477716	
    Magnitude of b:	7.5885682453379	

	
    Current index:	29501	
    Magnitude of W_grad:	43.567940321004	
    Magnitude of W:	184007.9118732	
    Magnitude of B_grad:	0.31948030298365	
    Magnitude of b:	7.33500123059	

	
    Current index:	39501	
    Magnitude of W_grad:	40.109211952865	
    Magnitude of W:	183999.82867374	
    Magnitude of B_grad:	0.20608438094811	
    Magnitude of b:	7.2834599140718	

	
    Current index:	49501	
    Magnitude of W_grad:	43.185424328084	
    Magnitude of W:	183991.53228857	
    Magnitude of B_grad:	0.20171980859822	
    Magnitude of b:	7.4729925252003	

	
    Current index:	59501	
    Magnitude of W_grad:	42.61698769973	
    Magnitude of W:	183983.16826674	
    Magnitude of B_grad:	0.22513428160298	
    Magnitude of b:	7.7151154993086	

	
    Current index:	69501	
    Magnitude of W_grad:	43.522394331396	
    Magnitude of W:	183975.24203689	
    Magnitude of B_grad:	0.13093665628662	
    Magnitude of b:	7.9045075062479	

	
    Current index:	79501	
    Magnitude of W_grad:	47.181794723522	
    Magnitude of W:	183966.3280578	
    Magnitude of B_grad:	0.41937680816277	
    Magnitude of b:	7.8392222221622	

	
    Current index:	89501	
    Magnitude of W_grad:	46.366507297282	
    Magnitude of W:	183956.74965404	
    Magnitude of B_grad:	0.36513269775514	
    Magnitude of b:	7.6028594851811	

	
    Current index:	99501	
    Magnitude of W_grad:	40.751868792147	
    Magnitude of W:	183948.28042168	
    Magnitude of B_grad:	0.25419732686967	
    Magnitude of b:	8.0472802012544	

	
    Current index:	109501	
    Magnitude of W_grad:	39.39647736134	
    Magnitude of W:	183940.41440581	
    Magnitude of B_grad:	0.18570717769105	
    Magnitude of b:	8.3419134741444	

	
    Current index:	119501	
    Magnitude of W_grad:	46.689710895109	
    Magnitude of W:	183932.43158843	
    Magnitude of B_grad:	0.23111660922812	
    Magnitude of b:	8.541037906242	

	
    Current index:	129501	
    Magnitude of W_grad:	44.756259620055	
    Magnitude of W:	183924.09608948	
    Magnitude of B_grad:	0.24831151091487	
    Magnitude of b:	8.6417414616972	

	
    Current index:	139501	
    Magnitude of W_grad:	37.74829061657	
    Magnitude of W:	183915.53849006	
    Magnitude of B_grad:	0.15868710652194	
    Magnitude of b:	8.8233660028647	

	
SGD: Loss is	
	LOSS:Calculated softmax res	
711261.68933002	
SGD: crossEntropyLoss is	
711261.68933002	
SGD: Validation Accuracy is:	
0.26884650317893	
SGD: Magnitude of W:	
183910.03567075	
SGD: Magnitude of b:	
8.7315428908369	
    Current index:	9501	
    Magnitude of W_grad:	42.252114168975	
    Magnitude of W:	183902.32541227	
    Magnitude of B_grad:	0.31008106553618	
    Magnitude of b:	8.2325418407309	

	
    Current index:	19501	
    Magnitude of W_grad:	41.939052514773	
    Magnitude of W:	183894.36087132	
    Magnitude of B_grad:	0.33103429248818	
    Magnitude of b:	7.7689177897493	

	
    Current index:	29501	
    Magnitude of W_grad:	43.180506307066	
    Magnitude of W:	183886.51812789	
    Magnitude of B_grad:	0.31013024520874	
    Magnitude of b:	7.5946991789347	

	
    Current index:	39501	
    Magnitude of W_grad:	39.717814027497	
    Magnitude of W:	183878.7737125	
    Magnitude of B_grad:	0.19857229875673	
    Magnitude of b:	7.5983234068206	

	
    Current index:	49501	
    Magnitude of W_grad:	42.240434677801	
    Magnitude of W:	183870.8998275	
    Magnitude of B_grad:	0.19742226757157	
    Magnitude of b:	7.7710124796593	

	
    Current index:	59501	
    Magnitude of W_grad:	42.041815553461	
    Magnitude of W:	183862.86165554	
    Magnitude of B_grad:	0.21757863852387	
    Magnitude of b:	8.0051885876184	

	
    Current index:	69501	
    Magnitude of W_grad:	42.945486503576	
    Magnitude of W:	183855.18909683	
    Magnitude of B_grad:	0.1291640333714	
    Magnitude of b:	8.1862288925907	

	
    Current index:	79501	
    Magnitude of W_grad:	46.1553725639	
    Magnitude of W:	183846.70637434	
    Magnitude of B_grad:	0.39816790562725	
    Magnitude of b:	8.1136855862631	

	
    Current index:	89501	
    Magnitude of W_grad:	44.700289295323	
    Magnitude of W:	183837.58140137	
    Magnitude of B_grad:	0.34696562928513	
    Magnitude of b:	7.8846822153751	

	
    Current index:	99501	
    Magnitude of W_grad:	40.691784404617	
    Magnitude of W:	183829.441518	
    Magnitude of B_grad:	0.2448310385872	
    Magnitude of b:	8.2040066993488	

	
    Current index:	109501	
    Magnitude of W_grad:	38.718128751615	
    Magnitude of W:	183821.85881182	
    Magnitude of B_grad:	0.1810390505224	
    Magnitude of b:	8.4904419963991	

	
    Current index:	119501	
    Magnitude of W_grad:	45.955953839452	
    Magnitude of W:	183814.0752653	
    Magnitude of B_grad:	0.22570064844994	
    Magnitude of b:	8.6790532111408	

	
    Current index:	129501	
    Magnitude of W_grad:	43.980145666205	
    Magnitude of W:	183806.00307328	
    Magnitude of B_grad:	0.25141996229661	
    Magnitude of b:	8.7686594701146	

	
    Current index:	139501	
    Magnitude of W_grad:	37.519837466123	
    Magnitude of W:	183797.63317562	
    Magnitude of B_grad:	0.15468400828256	
    Magnitude of b:	8.9468989187518	

	
SGD: Loss is	
	LOSS:Calculated softmax res	
686500.10240465	
SGD: crossEntropyLoss is	
686500.10240465	
SGD: Validation Accuracy is:	
0.27338782924614	
SGD: Magnitude of W:	
183792.32962128	
SGD: Magnitude of b:	
8.8517380767891	
    Current index:	9501	
    Magnitude of W_grad:	41.951165936886	
    Magnitude of W:	183784.91738296	
    Magnitude of B_grad:	0.30571127950366	
    Magnitude of b:	8.3614652387324	

	
    Current index:	19501	
    Magnitude of W_grad:	41.769296317911	
    Magnitude of W:	183777.26530315	
    Magnitude of B_grad:	0.32977263056059	
    Magnitude of b:	7.9501051039862	

	
    Current index:	29501	
    Magnitude of W_grad:	42.886679853596	
    Magnitude of W:	183769.78705317	
    Magnitude of B_grad:	0.30187017355067	
    Magnitude of b:	7.8965219424273	

	
    Current index:	39501	
    Magnitude of W_grad:	39.610078759079	
    Magnitude of W:	183762.20473489	
    Magnitude of B_grad:	0.19746780543545	
    Magnitude of b:	7.8961887135378	

	
    Current index:	49501	
    Magnitude of W_grad:	41.337610377053	
    Magnitude of W:	183754.50612309	
    Magnitude of B_grad:	0.19325916335471	
    Magnitude of b:	7.9949879453814	

	
    Current index:	59501	
    Magnitude of W_grad:	41.558131505246	
    Magnitude of W:	183746.67791282	
    Magnitude of B_grad:	0.21221463042525	
    Magnitude of b:	8.2238649344682	

	
    Current index:	69501	
    Magnitude of W_grad:	42.50867555133	
    Magnitude of W:	183739.20677302	
    Magnitude of B_grad:	0.12809906019098	
    Magnitude of b:	8.3999956150483	

	
    Current index:	79501	
    Magnitude of W_grad:	45.169009035918	
    Magnitude of W:	183731.10282808	
    Magnitude of B_grad:	0.37461425846394	
    Magnitude of b:	8.3219516049336	

	
    Current index:	89501	
    Magnitude of W_grad:	43.420256063652	
    Magnitude of W:	183722.28224846	
    Magnitude of B_grad:	0.33060684276965	
    Magnitude of b:	8.1585001113823	

	
    Current index:	99501	
    Magnitude of W_grad:	40.66993565937	
    Magnitude of W:	183714.37536947	
    Magnitude of B_grad:	0.24109415749965	
    Magnitude of b:	8.3249991411613	

	
    Current index:	109501	
    Magnitude of W_grad:	38.147893154266	
    Magnitude of W:	183706.94524905	
    Magnitude of B_grad:	0.17637838710725	
    Magnitude of b:	8.6050600117257	

	
    Current index:	119501	
    Magnitude of W_grad:	45.495147161941	
    Magnitude of W:	183699.43849294	
    Magnitude of B_grad:	0.22138894476633	
    Magnitude of b:	8.7850946301175	

	
    Current index:	129501	
    Magnitude of W_grad:	43.309690453827	
    Magnitude of W:	183691.58758604	
    Magnitude of B_grad:	0.25231308328603	
    Magnitude of b:	8.8651237841761	

	
    Current index:	139501	
    Magnitude of W_grad:	37.241234128262	
    Magnitude of W:	183683.46763504	
    Magnitude of B_grad:	0.15347665612548	
    Magnitude of b:	9.040177883413	

	
SGD: Loss is	
	LOSS:Calculated softmax res	
665483.32645322	
SGD: crossEntropyLoss is	
665483.32645322	
SGD: Validation Accuracy is:	
0.28156221616712	
SGD: Magnitude of W:	
183678.33374643	
SGD: Magnitude of b:	
8.9430802410694	
    Current index:	9501	
    Magnitude of W_grad:	41.699218717267	
    Magnitude of W:	183671.15461824	
    Magnitude of B_grad:	0.30211810571153	
    Magnitude of b:	8.4596942151081	

	
    Current index:	19501	
    Magnitude of W_grad:	41.537042215415	
    Magnitude of W:	183663.71161066	
    Magnitude of B_grad:	0.32916358049374	
    Magnitude of b:	8.1930044785245	

	
    Current index:	29501	
    Magnitude of W_grad:	42.815647370738	
    Magnitude of W:	183656.5375653	
    Magnitude of B_grad:	0.29480468104307	
    Magnitude of b:	8.1355199622345	

	
    Current index:	39501	
    Magnitude of W_grad:	39.673826480346	
    Magnitude of W:	183649.15026045	
    Magnitude of B_grad:	0.19955227829933	
    Magnitude of b:	8.1316676079105	

	
    Current index:	49501	
    Magnitude of W_grad:	40.43506752603	
    Magnitude of W:	183641.69794694	
    Magnitude of B_grad:	0.18899617243631	
    Magnitude of b:	8.1685490280544	

	
    Current index:	59501	
    Magnitude of W_grad:	41.095225789161	
    Magnitude of W:	183634.11683419	
    Magnitude of B_grad:	0.20785751571523	
    Magnitude of b:	8.3934489054792	

	
    Current index:	69501	
    Magnitude of W_grad:	42.062143101487	
    Magnitude of W:	183626.87996013	
    Magnitude of B_grad:	0.12710086743272	
    Magnitude of b:	8.5664630561827	

	
    Current index:	79501	
    Magnitude of W_grad:	44.348591136694	
    Magnitude of W:	183619.00296327	
    Magnitude of B_grad:	0.3552446231138	
    Magnitude of b:	8.4845265965677	

	
    Current index:	89501	
    Magnitude of W_grad:	42.31342885231	
    Magnitude of W:	183610.34727947	
    Magnitude of B_grad:	0.31548430306028	
    Magnitude of b:	8.376439872704	

	
    Current index:	99501	
    Magnitude of W_grad:	40.615051947422	
    Magnitude of W:	183602.67736244	
    Magnitude of B_grad:	0.23897658649012	
    Magnitude of b:	8.4165029302841	

	
    Current index:	109501	
    Magnitude of W_grad:	37.61467779585	
    Magnitude of W:	183595.51007014	
    Magnitude of B_grad:	0.17233161954266	
    Magnitude of b:	8.6914081348092	

	
    Current index:	119501	
    Magnitude of W_grad:	45.13491411023	
    Magnitude of W:	183588.27923853	
    Magnitude of B_grad:	0.21770365757673	
    Magnitude of b:	8.8643418235649	

	
    Current index:	129501	
    Magnitude of W_grad:	42.71684893752	
    Magnitude of W:	183580.66029953	
    Magnitude of B_grad:	0.25154733461805	
    Magnitude of b:	8.9362804786363	

	
    Current index:	139501	
    Magnitude of W_grad:	37.19484512717	
    Magnitude of W:	183572.80593112	
    Magnitude of B_grad:	0.1537803083459	
    Magnitude of b:	9.1085628592305	

	
SGD: Loss is	
	LOSS:Calculated softmax res	
647325.01976457	
SGD: crossEntropyLoss is	
647325.01976457	
SGD: Validation Accuracy is:	
0.28701180744777	
SGD: Magnitude of W:	
183567.85700829	
SGD: Magnitude of b:	
9.0102917567946	
    Current index:	9501	
    Magnitude of W_grad:	41.488504574597	
    Magnitude of W:	183560.90481704	
    Magnitude of B_grad:	0.29889878431861	
    Magnitude of b:	8.532672650048	

	
    Current index:	19501	
    Magnitude of W_grad:	41.163843105843	
    Magnitude of W:	183553.67009717	
    Magnitude of B_grad:	0.32828792108514	
    Magnitude of b:	8.3884221773552	

	
    Current index:	29501	
    Magnitude of W_grad:	42.821715798308	
    Magnitude of W:	183546.71870154	
    Magnitude of B_grad:	0.28951924269573	
    Magnitude of b:	8.3279188612458	

	
    Current index:	39501	
    Magnitude of W_grad:	39.606467453718	
    Magnitude of W:	183539.54790043	
    Magnitude of B_grad:	0.20179177209881	
    Magnitude of b:	8.3208504853172	

	
    Current index:	49501	
    Magnitude of W_grad:	39.494192751235	
    Magnitude of W:	183532.32232641	
    Magnitude of B_grad:	0.18440294502924	
    Magnitude of b:	8.3211293124597	

	
    Current index:	59501	
    Magnitude of W_grad:	40.698072677738	
    Magnitude of W:	183524.90621932	
    Magnitude of B_grad:	0.20379132463456	
    Magnitude of b:	8.5282998741719	

	
    Current index:	69501	
    Magnitude of W_grad:	41.581869229663	
    Magnitude of W:	183517.85708078	
    Magnitude of B_grad:	0.12615239389055	
    Magnitude of b:	8.6987822585574	

	
    Current index:	79501	
    Magnitude of W_grad:	43.858125031445	
    Magnitude of W:	183510.16953464	
    Magnitude of B_grad:	0.34117895678808	
    Magnitude of b:	8.6142181356099	

	
    Current index:	89501	
    Magnitude of W_grad:	41.424189346938	
    Magnitude of W:	183501.6991179	
    Magnitude of B_grad:	0.30186677338517	
    Magnitude of b:	8.5527028014467	

	
    Current index:	99501	
    Magnitude of W_grad:	40.484642302147	
    Magnitude of W:	183494.19233339	
    Magnitude of B_grad:	0.23750476125618	
    Magnitude of b:	8.5780900050308	

	
    Current index:	109501	
    Magnitude of W_grad:	37.074214860292	
    Magnitude of W:	183487.16129012	
    Magnitude of B_grad:	0.1684199792487	
    Magnitude of b:	8.7551330829426	

	
    Current index:	119501	
    Magnitude of W_grad:	44.724919978385	
    Magnitude of W:	183480.08573711	
    Magnitude of B_grad:	0.2148198952651	
    Magnitude of b:	8.9216348889749	

	
    Current index:	129501	
    Magnitude of W_grad:	42.255867518825	
    Magnitude of W:	183472.6415481	
    Magnitude of B_grad:	0.25019560927208	
    Magnitude of b:	8.9867985011771	

	
    Current index:	139501	
    Magnitude of W_grad:	37.206361275171	
    Magnitude of W:	183464.96087978	
    Magnitude of B_grad:	0.15501539232439	
    Magnitude of b:	9.1565202220294	

	
SGD: Loss is	
	LOSS:Calculated softmax res	
631342.5302677	
SGD: crossEntropyLoss is	
631342.5302677	
SGD: Validation Accuracy is:	
0.29155313351499	
SGD: Magnitude of W:	
183460.14258877	
SGD: Magnitude of b:	
9.0579366312104	
    Current index:	9501	
    Magnitude of W_grad:	41.261733512101	
    Magnitude of W:	183453.21724946	
    Magnitude of B_grad:	0.29588452143719	
    Magnitude of b:	8.5857098285652	

	
    Current index:	19501	
    Magnitude of W_grad:	40.623019991343	
    Magnitude of W:	183446.20291983	
    Magnitude of B_grad:	0.32647079341145	
    Magnitude of b:	8.5476309692885	

	
    Current index:	29501	
    Magnitude of W_grad:	42.766876406285	
    Magnitude of W:	183439.48778587	
    Magnitude of B_grad:	0.28577402619181	
    Magnitude of b:	8.4845386963594	

	
    Current index:	39501	
    Magnitude of W_grad:	39.389656824598	
    Magnitude of W:	183432.52984548	
    Magnitude of B_grad:	0.20395778445412	
    Magnitude of b:	8.4746293120734	

	
    Current index:	49501	
    Magnitude of W_grad:	38.577257606153	
    Magnitude of W:	183425.50891688	
    Magnitude of B_grad:	0.17987277809405	
    Magnitude of b:	8.4745179291557	

	
    Current index:	59501	
    Magnitude of W_grad:	40.350579721769	
    Magnitude of W:	183418.22556573	
    Magnitude of B_grad:	0.19990914930555	
    Magnitude of b:	8.6374922996341	

	
    Current index:	69501	
    Magnitude of W_grad:	41.10646709505	
    Magnitude of W:	183411.28973986	
    Magnitude of B_grad:	0.12512640729054	
    Magnitude of b:	8.8057582669458	

	
    Current index:	79501	
    Magnitude of W_grad:	43.440658601772	
    Magnitude of W:	183403.7686531	
    Magnitude of B_grad:	0.33009392866268	
    Magnitude of b:	8.7259461485524	

	
    Current index:	89501	
    Magnitude of W_grad:	40.647389390477	
    Magnitude of W:	183395.43892262	
    Magnitude of B_grad:	0.29024237213174	
    Magnitude of b:	8.6971996278214	

	
    Current index:	99501	
    Magnitude of W_grad:	40.291693062862	
    Magnitude of W:	183388.11772633	
    Magnitude of B_grad:	0.23652998146907	
    Magnitude of b:	8.7192756642178	

	
    Current index:	109501	
    Magnitude of W_grad:	36.578366789065	
    Magnitude of W:	183381.25038424	
    Magnitude of B_grad:	0.16399703615545	
    Magnitude of b:	8.8012089889204	

	
    Current index:	119501	
    Magnitude of W_grad:	44.320777291825	
    Magnitude of W:	183374.36919257	
    Magnitude of B_grad:	0.21270879650752	
    Magnitude of b:	8.9617299931975	

	
    Current index:	129501	
    Magnitude of W_grad:	41.902684513926	
    Magnitude of W:	183367.0772727	
    Magnitude of B_grad:	0.24910399945028	
    Magnitude of b:	9.0211309586789	

	
    Current index:	139501	
    Magnitude of W_grad:	37.149703887371	
    Magnitude of W:	183359.5486969	
    Magnitude of B_grad:	0.15690215424135	
    Magnitude of b:	9.1884938882227	

	
SGD: Loss is	
	LOSS:Calculated softmax res	
617066.2535193	
SGD: crossEntropyLoss is	
617066.2535193	
SGD: Validation Accuracy is:	
0.29518619436876	
SGD: Magnitude of W:	
183354.85436631	
SGD: Magnitude of b:	
9.090352859656	
    Current index:	9501	
    Magnitude of W_grad:	41.057394034402	
    Magnitude of W:	183348.16287795	
    Magnitude of B_grad:	0.29308458351785	
    Magnitude of b:	8.7069802356452	

	
    Current index:	19501	
    Magnitude of W_grad:	40.037110124088	
    Magnitude of W:	183341.25907922	
    Magnitude of B_grad:	0.3241766246165	
    Magnitude of b:	8.6788074330359	

	
    Current index:	29501	
    Magnitude of W_grad:	42.67326455774	
    Magnitude of W:	183334.73059641	
    Magnitude of B_grad:	0.28293171556204	
    Magnitude of b:	8.6134496119347	

	
    Current index:	39501	
    Magnitude of W_grad:	39.11405528673	
    Magnitude of W:	183327.99873085	
    Magnitude of B_grad:	0.20616856388333	
    Magnitude of b:	8.6012200285888	

	
    Current index:	49501	
    Magnitude of W_grad:	37.761016886319	
    Magnitude of W:	183321.14837922	
    Magnitude of B_grad:	0.17592716624032	
    Magnitude of b:	8.6013935230516	

	
    Current index:	59501	
    Magnitude of W_grad:	40.089578505154	
    Magnitude of W:	183314.07002508	
    Magnitude of B_grad:	0.19631936304731	
    Magnitude of b:	8.7277345296726	

	
    Current index:	69501	
    Magnitude of W_grad:	40.642593181462	
    Magnitude of W:	183307.28121911	
    Magnitude of B_grad:	0.12388880097394	
    Magnitude of b:	8.8940950019337	

	
    Current index:	79501	
    Magnitude of W_grad:	42.971546050917	
    Magnitude of W:	183299.91532732	
    Magnitude of B_grad:	0.32017040548308	
    Magnitude of b:	8.8478787762697	

	
    Current index:	89501	
    Magnitude of W_grad:	40.051744459354	
    Magnitude of W:	183291.79917062	
    Magnitude of B_grad:	0.28079600033314	
    Magnitude of b:	8.8173532523258	

	
    Current index:	99501	
    Magnitude of W_grad:	40.071149354155	
    Magnitude of W:	183284.66146649	
    Magnitude of B_grad:	0.23612396815784	
    Magnitude of b:	8.836392838823	

	
    Current index:	109501	
    Magnitude of W_grad:	36.164114493837	
    Magnitude of W:	183277.90905358	
    Magnitude of B_grad:	0.15874219067915	
    Magnitude of b:	8.8411494614566	

	
    Current index:	119501	
    Magnitude of W_grad:	43.929130204511	
    Magnitude of W:	183271.11855592	
    Magnitude of B_grad:	0.21078898939132	
    Magnitude of b:	8.9891503682066	

	
    Current index:	129501	
    Magnitude of W_grad:	41.589838324359	
    Magnitude of W:	183263.99498915	
    Magnitude of B_grad:	0.24857633312646	
    Magnitude of b:	9.043708027013	

	
    Current index:	139501	
    Magnitude of W_grad:	37.063892348688	
    Magnitude of W:	183256.64047622	
    Magnitude of B_grad:	0.15916818211058	
    Magnitude of b:	9.2091398478042	

	
SGD: Loss is	
	LOSS:Calculated softmax res	
604182.8396094	
SGD: crossEntropyLoss is	
604182.8396094	
SGD: Validation Accuracy is:	
0.29427792915531	
SGD: Magnitude of W:	
183252.08256281	
SGD: Magnitude of b:	
9.1119287805783	
    Current index:	9501	
    Magnitude of W_grad:	40.886088486425	
    Magnitude of W:	183245.48511317	
    Magnitude of B_grad:	0.29049852099801	
    Magnitude of b:	8.8160047316766	

	
    Current index:	19501	
    Magnitude of W_grad:	39.54649723723	
    Magnitude of W:	183238.72417052	
    Magnitude of B_grad:	0.3221134276109	
    Magnitude of b:	8.7886095114804	

	
    Current index:	29501	
    Magnitude of W_grad:	42.588359048313	
    Magnitude of W:	183232.35947367	
    Magnitude of B_grad:	0.28050550137014	
    Magnitude of b:	8.7212380287556	

	
    Current index:	39501	
    Magnitude of W_grad:	38.792877958631	
    Magnitude of W:	183225.79167495	
    Magnitude of B_grad:	0.20824126110871	
    Magnitude of b:	8.7071278767041	

	
    Current index:	49501	
    Magnitude of W_grad:	37.034009190601	
    Magnitude of W:	183219.10633635	
    Magnitude of B_grad:	0.17262650013876	
    Magnitude of b:	8.7079162290958	

	
    Current index:	59501	
    Magnitude of W_grad:	39.840709359531	
    Magnitude of W:	183212.15879158	
    Magnitude of B_grad:	0.19317097141479	
    Magnitude of b:	8.8037881079807	

	
    Current index:	69501	
    Magnitude of W_grad:	40.215212277491	
    Magnitude of W:	183205.42320694	
    Magnitude of B_grad:	0.12238375411088	
    Magnitude of b:	8.9685460415784	

	
    Current index:	79501	
    Magnitude of W_grad:	42.356895418908	
    Magnitude of W:	183198.18478799	
    Magnitude of B_grad:	0.3102090525292	
    Magnitude of b:	8.9508366639388	

	
    Current index:	89501	
    Magnitude of W_grad:	39.53091059725	
    Magnitude of W:	183190.27774672	
    Magnitude of B_grad:	0.27332418974122	
    Magnitude of b:	8.918985895649	

	
    Current index:	99501	
    Magnitude of W_grad:	39.850864869049	
    Magnitude of W:	183183.41901108	
    Magnitude of B_grad:	0.23636853930946	
    Magnitude of b:	8.9352345317778	

	
    Current index:	109501	
    Magnitude of W_grad:	35.805940325031	
    Magnitude of W:	183176.8650749	
    Magnitude of B_grad:	0.15265378937824	
    Magnitude of b:	8.9389600679416	

	
    Current index:	119501	
    Magnitude of W_grad:	43.600447100032	
    Magnitude of W:	183170.21952503	
    Magnitude of B_grad:	0.2086417511491	
    Magnitude of b:	9.0077162470941	

	
    Current index:	129501	
    Magnitude of W_grad:	41.313140357132	
    Magnitude of W:	183163.3091135	
    Magnitude of B_grad:	0.24851011248536	
    Magnitude of b:	9.0582856783789	

	
    Current index:	139501	
    Magnitude of W_grad:	36.983033252302	
    Magnitude of W:	183156.16720097	
    Magnitude of B_grad:	0.16159103028281	
    Magnitude of b:	9.2222088822688	

	
SGD: Loss is	
	LOSS:Calculated softmax res	
592453.68447011	
SGD: crossEntropyLoss is	
592453.68447011	
SGD: Validation Accuracy is:	
0.30063578564941	
SGD: Magnitude of W:	
183151.7191721	
SGD: Magnitude of b:	
9.1262020929615	
    Current index:	9501	
    Magnitude of W_grad:	40.700477459698	
    Magnitude of W:	183145.24933726	
    Magnitude of B_grad:	0.28795203456963	
    Magnitude of b:	8.9085168311646	

	
    Current index:	19501	
    Magnitude of W_grad:	39.199895256296	
    Magnitude of W:	183138.60017252	
    Magnitude of B_grad:	0.32045149791116	
    Magnitude of b:	8.8819686785257	

	
    Current index:	29501	
    Magnitude of W_grad:	42.469271794477	
    Magnitude of W:	183132.36584997	
    Magnitude of B_grad:	0.27824213923044	
    Magnitude of b:	8.8128086451274	

	
    Current index:	39501	
    Magnitude of W_grad:	38.482441245082	
    Magnitude of W:	183125.88309949	
    Magnitude of B_grad:	0.2099515865751	
    Magnitude of b:	8.7971117243024	

	
    Current index:	49501	
    Magnitude of W_grad:	36.499505617341	
    Magnitude of W:	183119.32227005	
    Magnitude of B_grad:	0.16979294134172	
    Magnitude of b:	8.7985733172876	

	
    Current index:	59501	
    Magnitude of W_grad:	39.656068595318	
    Magnitude of W:	183112.45896891	
    Magnitude of B_grad:	0.19047136687569	
    Magnitude of b:	8.876701620951	

	
    Current index:	69501	
    Magnitude of W_grad:	39.885287555986	
    Magnitude of W:	183105.84346042	
    Magnitude of B_grad:	0.12059268242439	
    Magnitude of b:	9.0321902771154	

	
    Current index:	79501	
    Magnitude of W_grad:	41.541083799934	
    Magnitude of W:	183098.78966773	
    Magnitude of B_grad:	0.29954234991963	
    Magnitude of b:	9.0391433914406	

	
    Current index:	89501	
    Magnitude of W_grad:	39.045305108478	
    Magnitude of W:	183091.09186985	
    Magnitude of B_grad:	0.26747530000584	
    Magnitude of b:	9.0063278654029	

	
    Current index:	99501	
    Magnitude of W_grad:	39.629564955086	
    Magnitude of W:	183084.3500326	
    Magnitude of B_grad:	0.237299719231	
    Magnitude of b:	9.0200446441579	

	
    Current index:	109501	
    Magnitude of W_grad:	35.481221110995	
    Magnitude of W:	183077.94649812	
    Magnitude of B_grad:	0.14589068148632	
    Magnitude of b:	9.02275421816	

	
    Current index:	119501	
    Magnitude of W_grad:	43.294006612657	
    Magnitude of W:	183071.43584499	
    Magnitude of B_grad:	0.20622087627909	
    Magnitude of b:	9.0634205921887	

	
    Current index:	129501	
    Magnitude of W_grad:	41.059098816648	
    Magnitude of W:	183064.65861753	
    Magnitude of B_grad:	0.24866151962078	
    Magnitude of b:	9.0675372949601	

	
    Current index:	139501	
    Magnitude of W_grad:	36.922219226371	
    Magnitude of W:	183057.6491407	
    Magnitude of B_grad:	0.16402490399293	
    Magnitude of b:	9.2301063217355	

	
SGD: Loss is	
	LOSS:Calculated softmax res	
581694.76593953	
SGD: crossEntropyLoss is	
581694.76593953	
SGD: Validation Accuracy is:	
0.29518619436876	
SGD: Magnitude of W:	
183053.3247417	
SGD: Magnitude of b:	
9.1353752282257	
    Current index:	9501	
    Magnitude of W_grad:	40.534712447393	
    Magnitude of W:	183046.98888497	
    Magnitude of B_grad:	0.28520301553733	
    Magnitude of b:	8.9878848585149	

	
    Current index:	19501	
    Magnitude of W_grad:	38.918959701259	
    Magnitude of W:	183040.51268381	
    Magnitude of B_grad:	0.31913242068208	
    Magnitude of b:	8.9621401437645	

	
    Current index:	29501	
    Magnitude of W_grad:	42.333680135537	
    Magnitude of W:	183034.4719125	
    Magnitude of B_grad:	0.27604581823924	
    Magnitude of b:	8.8914479977065	

	
    Current index:	39501	
    Magnitude of W_grad:	38.185987619227	
    Magnitude of W:	183028.09084591	
    Magnitude of B_grad:	0.211151457136	
    Magnitude of b:	8.8744476630224	

	
    Current index:	49501	
    Magnitude of W_grad:	36.014182031763	
    Magnitude of W:	183021.61567726	
    Magnitude of B_grad:	0.16728815233218	
    Magnitude of b:	8.8765111047374	

	
    Current index:	59501	
    Magnitude of W_grad:	39.467013574877	
    Magnitude of W:	183014.84610032	
    Magnitude of B_grad:	0.18808504211244	
    Magnitude of b:	8.9551454557442	

	
    Current index:	69501	
    Magnitude of W_grad:	39.610973135381	
    Magnitude of W:	183008.34823815	
    Magnitude of B_grad:	0.11852945804392	
    Magnitude of b:	9.0870739904382	

	
    Current index:	79501	
    Magnitude of W_grad:	40.557225992717	
    Magnitude of W:	183001.47320114	
    Magnitude of B_grad:	0.28810826383181	
    Magnitude of b:	9.1156944166948	

	
    Current index:	89501	
    Magnitude of W_grad:	38.633014208534	
    Magnitude of W:	182993.93712632	
    Magnitude of B_grad:	0.2628514196799	
    Magnitude of b:	9.0822397837068	

	
    Current index:	99501	
    Magnitude of W_grad:	39.430872800751	
    Magnitude of W:	182987.29040973	
    Magnitude of B_grad:	0.23884542480513	
    Magnitude of b:	9.0938928929675	

	
    Current index:	109501	
    Magnitude of W_grad:	35.165164162724	
    Magnitude of W:	182980.9537098	
    Magnitude of B_grad:	0.13862222243931	
    Magnitude of b:	9.0955706038461	

	
    Current index:	119501	
    Magnitude of W_grad:	42.981904614658	
    Magnitude of W:	182974.51789726	
    Magnitude of B_grad:	0.20361908672286	
    Magnitude of b:	9.1343720477974	

	
    Current index:	129501	
    Magnitude of W_grad:	40.81830476802	
    Magnitude of W:	182967.84913549	
    Magnitude of B_grad:	0.2487830966513	
    Magnitude of b:	9.1246270996837	

	
    Current index:	139501	
    Magnitude of W_grad:	36.862795633713	
    Magnitude of W:	182960.89990704	
    Magnitude of B_grad:	0.16637818245753	
    Magnitude of b:	9.2343400149615	

	
SGD: Loss is	
	LOSS:Calculated softmax res	
571761.16022045	
SGD: crossEntropyLoss is	
571761.16022045	
SGD: Validation Accuracy is:	
0.29881925522253	
SGD: Magnitude of W:	
182956.66949248	
SGD: Magnitude of b:	
9.1408160399754	
    Current index:	9501	
    Magnitude of W_grad:	40.364248447903	
    Magnitude of W:	182950.4789192	
    Magnitude of B_grad:	0.28213302814362	
    Magnitude of b:	9.0565522985548	

	
    Current index:	19501	
    Magnitude of W_grad:	38.65860073006	
    Magnitude of W:	182944.16011889	
    Magnitude of B_grad:	0.3180592932504	
    Magnitude of b:	9.0315897945671	

	
    Current index:	29501	
    Magnitude of W_grad:	42.174326025067	
    Magnitude of W:	182938.23466568	
    Magnitude of B_grad:	0.2738777498461	
    Magnitude of b:	8.959595358648	

	
    Current index:	39501	
    Magnitude of W_grad:	37.892335531897	
    Magnitude of W:	182931.95228043	
    Magnitude of B_grad:	0.21181557062458	
    Magnitude of b:	8.941597136658	

	
    Current index:	49501	
    Magnitude of W_grad:	35.569338936038	
    Magnitude of W:	182925.58201058	
    Magnitude of B_grad:	0.16504042970288	
    Magnitude of b:	8.9441240420964	

	
    Current index:	59501	
    Magnitude of W_grad:	39.268826937672	
    Magnitude of W:	182918.93565039	
    Magnitude of B_grad:	0.18586469196008	
    Magnitude of b:	9.023274411295	

	
    Current index:	69501	
    Magnitude of W_grad:	39.354526549549	
    Magnitude of W:	182912.49751156	
    Magnitude of B_grad:	0.11623956672009	
    Magnitude of b:	9.1350109051099	

	
    Current index:	79501	
    Magnitude of W_grad:	39.47707389521	
    Magnitude of W:	182905.74386664	
    Magnitude of B_grad:	0.27627833584772	
    Magnitude of b:	9.182532668055	

	
    Current index:	89501	
    Magnitude of W_grad:	38.249226822268	
    Magnitude of W:	182898.2811418	
    Magnitude of B_grad:	0.25900156775864	
    Magnitude of b:	9.148723456565	

	
    Current index:	99501	
    Magnitude of W_grad:	39.262051572334	
    Magnitude of W:	182891.70636511	
    Magnitude of B_grad:	0.24087591202922	
    Magnitude of b:	9.1587947552643	

	
    Current index:	109501	
    Magnitude of W_grad:	34.84388147052	
    Magnitude of W:	182885.4239086	
    Magnitude of B_grad:	0.13106747610749	
    Magnitude of b:	9.159458922773	

	
    Current index:	119501	
    Magnitude of W_grad:	42.670489151738	
    Magnitude of W:	182879.06475938	
    Magnitude of B_grad:	0.20100783831469	
    Magnitude of b:	9.1965991507791	

	
    Current index:	129501	
    Magnitude of W_grad:	40.595887215052	
    Magnitude of W:	182872.49311727	
    Magnitude of B_grad:	0.24870834216918	
    Magnitude of b:	9.1854632110251	

	
    Current index:	139501	
    Magnitude of W_grad:	36.806016826718	
    Magnitude of W:	182865.62904211	
    Magnitude of B_grad:	0.16860893020379	
    Magnitude of b:	9.2640798807856	

	
Done.	
Testing on validation set...	
Done	
Datafile:	/n/home09/ankitgupta/CS287/HW1/SST1-uni-sent-syns.hdf5	Classifier:	lr	Alpha:	0	Eta:	0.1	Lambda:	1	Minibatch size:	500	Num Epochs:	15	Minimum Sentence Length:	5	
Accuracy:	0.30063578564941	
