[?1034hDatafile:	/n/home09/ankitgupta/CS287/HW1/SST1-uni.hdf5	Classifier:	lr	Alpha:	0	Eta:	0.5	Lambda:	1	Minibatch size:	500	Num Epochs:	50	Minimum Sentence Length:	5	
Note that not all parameters may apply to all classifiers	
Loading datafiles...	
Number of training samples before removing small sentences	156817	
Number of training samples after removing small sentences	79635	
Done.	
Training classifier...	
SGD: Loss is	
	LOSS:Calculated softmax res	
429279.17639559	
SGD: crossEntropyLoss is	
429279.17639559	
SGD: Validation Accuracy is:	
0.17620345140781	
SGD: Magnitude of W:	
61062.685780687	
SGD: Magnitude of b:	
4.330303860841	
    Current index:	9501	
    Magnitude of W_grad:	10.89973963498	
    Magnitude of W:	61028.790784653	
    Magnitude of B_grad:	0.24631932098874	
    Magnitude of b:	5.8860777458731	

	
    Current index:	19501	
    Magnitude of W_grad:	8.0185749803356	
    Magnitude of W:	60999.684643547	
    Magnitude of B_grad:	0.056858729852005	
    Magnitude of b:	5.3596627258725	

	
    Current index:	29501	
    Magnitude of W_grad:	8.8772303964799	
    Magnitude of W:	60971.581820034	
    Magnitude of B_grad:	0.10753030329002	
    Magnitude of b:	5.8944134133032	

	
    Current index:	39501	
    Magnitude of W_grad:	14.859810781465	
    Magnitude of W:	60943.876467821	
    Magnitude of B_grad:	0.92874818264878	
    Magnitude of b:	6.1262202757724	

	
    Current index:	49501	
    Magnitude of W_grad:	8.9609847831795	
    Magnitude of W:	60914.371430784	
    Magnitude of B_grad:	0.20223472026336	
    Magnitude of b:	5.7128701126417	

	
    Current index:	59501	
    Magnitude of W_grad:	9.7002766037419	
    Magnitude of W:	60887.084559732	
    Magnitude of B_grad:	0.17620861996996	
    Magnitude of b:	6.1216078053146	

	
    Current index:	69501	
    Magnitude of W_grad:	8.5176755844157	
    Magnitude of W:	60860.443611065	
    Magnitude of B_grad:	0.19950630410925	
    Magnitude of b:	6.311687815451	

	
    Current index:	79501	
    Magnitude of W_grad:	14.633695072119	
    Magnitude of W:	60832.960253111	
    Magnitude of B_grad:	0.70743439634682	
    Magnitude of b:	6.2568673904897	

	
SGD: Loss is	
	LOSS:Calculated softmax res	
301098.43666574	
SGD: crossEntropyLoss is	
301098.43666574	
SGD: Validation Accuracy is:	
0.23160762942779	
SGD: Magnitude of W:	
60832.960253111	
SGD: Magnitude of b:	
6.2568673904897	
    Current index:	9501	
    Magnitude of W_grad:	9.5973098582577	
    Magnitude of W:	60807.46657376	
    Magnitude of B_grad:	0.1286366979406	
    Magnitude of b:	6.5335556202694	

	
    Current index:	19501	
    Magnitude of W_grad:	7.6082958623044	
    Magnitude of W:	60782.486790452	
    Magnitude of B_grad:	0.10126621549483	
    Magnitude of b:	6.838814010834	

	
    Current index:	29501	
    Magnitude of W_grad:	8.4806400942052	
    Magnitude of W:	60757.555188689	
    Magnitude of B_grad:	0.026826092801692	
    Magnitude of b:	7.3507606982472	

	
    Current index:	39501	
    Magnitude of W_grad:	14.764377969768	
    Magnitude of W:	60732.110886183	
    Magnitude of B_grad:	0.90319459461187	
    Magnitude of b:	7.2587722910185	

	
    Current index:	49501	
    Magnitude of W_grad:	8.6687548743114	
    Magnitude of W:	60706.247760768	
    Magnitude of B_grad:	0.16289557153203	
    Magnitude of b:	6.8365784230393	

	
    Current index:	59501	
    Magnitude of W_grad:	9.3308486457422	
    Magnitude of W:	60680.916493516	
    Magnitude of B_grad:	0.13704505418256	
    Magnitude of b:	7.0948045792545	

	
    Current index:	69501	
    Magnitude of W_grad:	8.2912082302882	
    Magnitude of W:	60656.778881405	
    Magnitude of B_grad:	0.18390064792041	
    Magnitude of b:	7.2665388872454	

	
    Current index:	79501	
    Magnitude of W_grad:	13.949446916864	
    Magnitude of W:	60632.016783498	
    Magnitude of B_grad:	0.71828703444181	
    Magnitude of b:	6.902814445669	

	
SGD: Loss is	
	LOSS:Calculated softmax res	
281955.32003521	
SGD: crossEntropyLoss is	
281955.32003521	
SGD: Validation Accuracy is:	
0.23887375113533	
SGD: Magnitude of W:	
60632.016783498	
SGD: Magnitude of b:	
6.902814445669	
    Current index:	9501	
    Magnitude of W_grad:	9.530486123348	
    Magnitude of W:	60609.072795085	
    Magnitude of B_grad:	0.13010201013289	
    Magnitude of b:	7.0734441905798	

	
    Current index:	19501	
    Magnitude of W_grad:	7.5873572204569	
    Magnitude of W:	60586.186975121	
    Magnitude of B_grad:	0.087603391046454	
    Magnitude of b:	7.2933016938814	

	
    Current index:	29501	
    Magnitude of W_grad:	8.1863642748941	
    Magnitude of W:	60562.78724664	
    Magnitude of B_grad:	0.024792685228251	
    Magnitude of b:	7.7025039393562	

	
    Current index:	39501	
    Magnitude of W_grad:	14.630662099419	
    Magnitude of W:	60538.895585555	
    Magnitude of B_grad:	0.89211401443032	
    Magnitude of b:	7.5477900244664	

	
    Current index:	49501	
    Magnitude of W_grad:	8.4798713083333	
    Magnitude of W:	60515.177109966	
    Magnitude of B_grad:	0.14697428820581	
    Magnitude of b:	7.1015224006709	

	
    Current index:	59501	
    Magnitude of W_grad:	9.1004489909252	
    Magnitude of W:	60491.328711538	
    Magnitude of B_grad:	0.096182626773368	
    Magnitude of b:	7.3414048853908	

	
    Current index:	69501	
    Magnitude of W_grad:	8.1012886678453	
    Magnitude of W:	60469.027019536	
    Magnitude of B_grad:	0.18141063588293	
    Magnitude of b:	7.4354243242619	

	
    Current index:	79501	
    Magnitude of W_grad:	13.405558243021	
    Magnitude of W:	60445.657795292	
    Magnitude of B_grad:	0.71618849460926	
    Magnitude of b:	7.0377409204722	

	
SGD: Loss is	
	LOSS:Calculated softmax res	
269896.76827905	
SGD: crossEntropyLoss is	
269896.76827905	
SGD: Validation Accuracy is:	
0.23524069028156	
SGD: Magnitude of W:	
60445.657795292	
SGD: Magnitude of b:	
7.0377409204722	
    Current index:	9501	
    Magnitude of W_grad:	9.4154962225711	
    Magnitude of W:	60423.742413316	
    Magnitude of B_grad:	0.13359349075424	
    Magnitude of b:	7.257599166793	

	
    Current index:	19501	
    Magnitude of W_grad:	7.5681807919291	
    Magnitude of W:	60401.727619677	
    Magnitude of B_grad:	0.08443807403109	
    Magnitude of b:	7.4497344446366	

	
    Current index:	29501	
    Magnitude of W_grad:	7.9524264674127	
    Magnitude of W:	60379.282020618	
    Magnitude of B_grad:	0.028393887968025	
    Magnitude of b:	7.8291717516468	

	
    Current index:	39501	
    Magnitude of W_grad:	14.407029684232	
    Magnitude of W:	60356.42076396	
    Magnitude of B_grad:	0.8781695492579	
    Magnitude of b:	7.6599410105498	

	
    Current index:	49501	
    Magnitude of W_grad:	8.3136512524459	
    Magnitude of W:	60334.005160573	
    Magnitude of B_grad:	0.13954024852362	
    Magnitude of b:	7.1995886496081	

	
    Current index:	59501	
    Magnitude of W_grad:	8.9596642985037	
    Magnitude of W:	60311.018302851	
    Magnitude of B_grad:	0.063894499747287	
    Magnitude of b:	7.3548162167608	

	
    Current index:	69501	
    Magnitude of W_grad:	7.9653764890633	
    Magnitude of W:	60290.187189602	
    Magnitude of B_grad:	0.17707463281213	
    Magnitude of b:	7.4223576322235	

	
    Current index:	79501	
    Magnitude of W_grad:	12.90493096678	
    Magnitude of W:	60267.753352297	
    Magnitude of B_grad:	0.70644021889421	
    Magnitude of b:	7.0721664641317	

	
SGD: Loss is	
	LOSS:Calculated softmax res	
260629.73600961	
SGD: crossEntropyLoss is	
260629.73600961	
SGD: Validation Accuracy is:	
0.23524069028156	
SGD: Magnitude of W:	
60267.753352297	
SGD: Magnitude of b:	
7.0721664641317	
    Current index:	9501	
    Magnitude of W_grad:	9.2790240360973	
    Magnitude of W:	60246.810745834	
    Magnitude of B_grad:	0.13441014682067	
    Magnitude of b:	7.327977943008	

	
    Current index:	19501	
    Magnitude of W_grad:	7.5163093256999	
    Magnitude of W:	60225.699131579	
    Magnitude of B_grad:	0.085000708858151	
    Magnitude of b:	7.5065893280751	

	
    Current index:	29501	
    Magnitude of W_grad:	7.7520274122941	
    Magnitude of W:	60203.96267903	
    Magnitude of B_grad:	0.034159965818851	
    Magnitude of b:	7.8781125299699	

	
    Current index:	39501	
    Magnitude of W_grad:	14.164660895078	
    Magnitude of W:	60182.232404037	
    Magnitude of B_grad:	0.86346157606188	
    Magnitude of b:	7.7055781079572	

	
    Current index:	49501	
    Magnitude of W_grad:	8.1594042480102	
    Magnitude of W:	60160.851814536	
    Magnitude of B_grad:	0.13392467032158	
    Magnitude of b:	7.2401141957958	

	
    Current index:	59501	
    Magnitude of W_grad:	8.8166920305245	
    Magnitude of W:	60138.853157921	
    Magnitude of B_grad:	0.038460601746628	
    Magnitude of b:	7.3823344343303	

	
    Current index:	69501	
    Magnitude of W_grad:	7.8611042618417	
    Magnitude of W:	60118.884651371	
    Magnitude of B_grad:	0.1717235362516	
    Magnitude of b:	7.3759528842065	

	
    Current index:	79501	
    Magnitude of W_grad:	12.442880038249	
    Magnitude of W:	60097.202782507	
    Magnitude of B_grad:	0.69405166024539	
    Magnitude of b:	7.0847595735363	

	
SGD: Loss is	
	LOSS:Calculated softmax res	
252972.18130285	
SGD: crossEntropyLoss is	
252972.18130285	
SGD: Validation Accuracy is:	
0.24069028156222	
SGD: Magnitude of W:	
60097.202782507	
SGD: Magnitude of b:	
7.0847595735363	
    Current index:	9501	
    Magnitude of W_grad:	9.1228317003817	
    Magnitude of W:	60076.879017849	
    Magnitude of B_grad:	0.13389636842424	
    Magnitude of b:	7.3513558360816	

	
    Current index:	19501	
    Magnitude of W_grad:	7.4461011942763	
    Magnitude of W:	60056.880612045	
    Magnitude of B_grad:	0.086615258811739	
    Magnitude of b:	7.5231435601535	

	
    Current index:	29501	
    Magnitude of W_grad:	7.5788981585142	
    Magnitude of W:	60036.095616318	
    Magnitude of B_grad:	0.04098460055007	
    Magnitude of b:	7.8938144941732	

	
    Current index:	39501	
    Magnitude of W_grad:	13.914115439496	
    Magnitude of W:	60014.892872483	
    Magnitude of B_grad:	0.84872525580659	
    Magnitude of b:	7.7216947442158	

	
    Current index:	49501	
    Magnitude of W_grad:	8.0140862094869	
    Magnitude of W:	59994.30420852	
    Magnitude of B_grad:	0.12829758436238	
    Magnitude of b:	7.2570574189332	

	
    Current index:	59501	
    Magnitude of W_grad:	8.6826624960047	
    Magnitude of W:	59973.066779593	
    Magnitude of B_grad:	0.032189128702696	
    Magnitude of b:	7.3924139454968	

	
    Current index:	69501	
    Magnitude of W_grad:	7.7869643407697	
    Magnitude of W:	59953.773635577	
    Magnitude of B_grad:	0.1666524705022	
    Magnitude of b:	7.332326066137	

	
    Current index:	79501	
    Magnitude of W_grad:	12.093911483356	
    Magnitude of W:	59932.746055732	
    Magnitude of B_grad:	0.68144587046528	
    Magnitude of b:	7.082340268118	

	
SGD: Loss is	
	LOSS:Calculated softmax res	
246426.34029741	
SGD: crossEntropyLoss is	
246426.34029741	
SGD: Validation Accuracy is:	
0.24704813805631	
SGD: Magnitude of W:	
59932.746055732	
SGD: Magnitude of b:	
7.082340268118	
    Current index:	9501	
    Magnitude of W_grad:	8.9530398318132	
    Magnitude of W:	59913.121621638	
    Magnitude of B_grad:	0.13305367297105	
    Magnitude of b:	7.3528963536948	

	
    Current index:	19501	
    Magnitude of W_grad:	7.3639630716631	
    Magnitude of W:	59893.87820762	
    Magnitude of B_grad:	0.088128591749616	
    Magnitude of b:	7.5216501544381	

	
    Current index:	29501	
    Magnitude of W_grad:	7.4216638808003	
    Magnitude of W:	59873.798198905	
    Magnitude of B_grad:	0.047031024258535	
    Magnitude of b:	7.8931841465989	

	
    Current index:	39501	
    Magnitude of W_grad:	13.668394521921	
    Magnitude of W:	59853.229040668	
    Magnitude of B_grad:	0.83422891059309	
    Magnitude of b:	7.7238271120615	

	
    Current index:	49501	
    Magnitude of W_grad:	7.8755981722732	
    Magnitude of W:	59833.270329428	
    Magnitude of B_grad:	0.12274234930269	
    Magnitude of b:	7.2632626117199	

	
    Current index:	59501	
    Magnitude of W_grad:	8.584926243468	
    Magnitude of W:	59812.691965196	
    Magnitude of B_grad:	0.031518955458964	
    Magnitude of b:	7.3931444312483	

	
    Current index:	69501	
    Magnitude of W_grad:	7.7185028101669	
    Magnitude of W:	59793.889307862	
    Magnitude of B_grad:	0.16225154706019	
    Magnitude of b:	7.3226713602478	

	
    Current index:	79501	
    Magnitude of W_grad:	11.86379058046	
    Magnitude of W:	59773.54715788	
    Magnitude of B_grad:	0.66942079558614	
    Magnitude of b:	7.0729451200424	

	
SGD: Loss is	
	LOSS:Calculated softmax res	
240710.66031836	
SGD: crossEntropyLoss is	
240710.66031836	
SGD: Validation Accuracy is:	
0.24795640326975	
SGD: Magnitude of W:	
59773.54715788	
SGD: Magnitude of b:	
7.0729451200424	
    Current index:	9501	
    Magnitude of W_grad:	8.7913906925811	
    Magnitude of W:	59754.558676712	
    Magnitude of B_grad:	0.13238705699023	
    Magnitude of b:	7.3443653210958	

	
    Current index:	19501	
    Magnitude of W_grad:	7.2804326851637	
    Magnitude of W:	59735.760912151	
    Magnitude of B_grad:	0.089063204004633	
    Magnitude of b:	7.5122913962001	

	
    Current index:	29501	
    Magnitude of W_grad:	7.2727292303586	
    Magnitude of W:	59716.077925812	
    Magnitude of B_grad:	0.052147090230757	
    Magnitude of b:	7.8845118270043	

	
    Current index:	39501	
    Magnitude of W_grad:	13.434542300404	
    Magnitude of W:	59695.930277609	
    Magnitude of B_grad:	0.81992847622558	
    Magnitude of b:	7.7193010059052	

	
    Current index:	49501	
    Magnitude of W_grad:	7.7451731656276	
    Magnitude of W:	59676.557012149	
    Magnitude of B_grad:	0.11756128011516	
    Magnitude of b:	7.2641951129113	

	
    Current index:	59501	
    Magnitude of W_grad:	8.5181463830625	
    Magnitude of W:	59656.701312771	
    Magnitude of B_grad:	0.038833129485272	
    Magnitude of b:	7.3888326610724	

	
    Current index:	69501	
    Magnitude of W_grad:	7.6479658975922	
    Magnitude of W:	59638.357845914	
    Magnitude of B_grad:	0.15838417327943	
    Magnitude of b:	7.3100824039717	

	
    Current index:	79501	
    Magnitude of W_grad:	11.669023865546	
    Magnitude of W:	59618.541125357	
    Magnitude of B_grad:	0.6580215528113	
    Magnitude of b:	7.0606595828104	

	
SGD: Loss is	
	LOSS:Calculated softmax res	
235634.0445387	
SGD: crossEntropyLoss is	
235634.0445387	
SGD: Validation Accuracy is:	
0.25703905540418	
SGD: Magnitude of W:	
59618.541125357	
SGD: Magnitude of b:	
7.0606595828104	
    Current index:	9501	
    Magnitude of W_grad:	8.6395639163023	
    Magnitude of W:	59599.847565319	
    Magnitude of B_grad:	0.13205932006803	
    Magnitude of b:	7.3312243240185	

	
    Current index:	19501	
    Magnitude of W_grad:	7.2010732739859	
    Magnitude of W:	59581.551528182	
    Magnitude of B_grad:	0.089299344201133	
    Magnitude of b:	7.4996997489903	

	
    Current index:	29501	
    Magnitude of W_grad:	7.1337472471875	
    Magnitude of W:	59562.373234042	
    Magnitude of B_grad:	0.056607903942528	
    Magnitude of b:	7.8719333164897	

	
    Current index:	39501	
    Magnitude of W_grad:	13.209674214809	
    Magnitude of W:	59542.699883384	
    Magnitude of B_grad:	0.80577793907903	
    Magnitude of b:	7.7115038751258	

	
    Current index:	49501	
    Magnitude of W_grad:	7.6269038055992	
    Magnitude of W:	59523.91225136	
    Magnitude of B_grad:	0.11292380997647	
    Magnitude of b:	7.262366837669	

	
    Current index:	59501	
    Magnitude of W_grad:	8.462088942477	
    Magnitude of W:	59504.810847146	
    Magnitude of B_grad:	0.044296932160233	
    Magnitude of b:	7.3817556102045	

	
    Current index:	69501	
    Magnitude of W_grad:	7.576107541899	
    Magnitude of W:	59486.832448823	
    Magnitude of B_grad:	0.15488063266405	
    Magnitude of b:	7.2966316256861	

	
    Current index:	79501	
    Magnitude of W_grad:	11.468800181635	
    Magnitude of W:	59467.634227698	
    Magnitude of B_grad:	0.64701913213163	
    Magnitude of b:	7.0475826507181	

	
SGD: Loss is	
	LOSS:Calculated softmax res	
231065.93216934	
SGD: crossEntropyLoss is	
231065.93216934	
SGD: Validation Accuracy is:	
0.25976385104451	
SGD: Magnitude of W:	
59467.634227698	
SGD: Magnitude of b:	
7.0475826507181	
    Current index:	9501	
    Magnitude of W_grad:	8.4967673623479	
    Magnitude of W:	59449.421270891	
    Magnitude of B_grad:	0.13200782335922	
    Magnitude of b:	7.3159346066808	

	
    Current index:	19501	
    Magnitude of W_grad:	7.1306620587944	
    Magnitude of W:	59431.474262211	
    Magnitude of B_grad:	0.088896322352388	
    Magnitude of b:	7.4859143275499	

	
    Current index:	29501	
    Magnitude of W_grad:	7.0064761004537	
    Magnitude of W:	59412.787611697	
    Magnitude of B_grad:	0.060618454087442	
    Magnitude of b:	7.8574934832999	

	
    Current index:	39501	
    Magnitude of W_grad:	12.993494973592	
    Magnitude of W:	59393.54019634	
    Magnitude of B_grad:	0.79181742295743	
    Magnitude of b:	7.701956944811	

	
    Current index:	49501	
    Magnitude of W_grad:	7.517726013675	
    Magnitude of W:	59375.381291289	
    Magnitude of B_grad:	0.10885825174329	
    Magnitude of b:	7.2590175481722	

	
    Current index:	59501	
    Magnitude of W_grad:	8.3987061380222	
    Magnitude of W:	59356.845630905	
    Magnitude of B_grad:	0.048424357116986	
    Magnitude of b:	7.3732980145339	

	
    Current index:	69501	
    Magnitude of W_grad:	7.5029016971766	
    Magnitude of W:	59339.314891374	
    Magnitude of B_grad:	0.15163613678647	
    Magnitude of b:	7.2832661387975	

	
    Current index:	79501	
    Magnitude of W_grad:	11.256218027379	
    Magnitude of W:	59320.425722203	
    Magnitude of B_grad:	0.63612647718064	
    Magnitude of b:	7.0347996283544	

	
SGD: Loss is	
	LOSS:Calculated softmax res	
226914.05842356	
SGD: crossEntropyLoss is	
226914.05842356	
SGD: Validation Accuracy is:	
0.26067211625795	
SGD: Magnitude of W:	
59320.425722203	
SGD: Magnitude of b:	
7.0347996283544	
    Current index:	9501	
    Magnitude of W_grad:	8.361618084569	
    Magnitude of W:	59302.745262874	
    Magnitude of B_grad:	0.13208551953236	
    Magnitude of b:	7.2996162806544	

	
    Current index:	19501	
    Magnitude of W_grad:	7.0649612108901	
    Magnitude of W:	59285.233291243	
    Magnitude of B_grad:	0.089106084637447	
    Magnitude of b:	7.4718512285399	

	
    Current index:	29501	
    Magnitude of W_grad:	6.8896171359295	
    Magnitude of W:	59266.938139637	
    Magnitude of B_grad:	0.064287786777225	
    Magnitude of b:	7.8422531064128	

	
    Current index:	39501	
    Magnitude of W_grad:	12.790850144425	
    Magnitude of W:	59248.288469872	
    Magnitude of B_grad:	0.77812379040695	
    Magnitude of b:	7.6914054709245	

	
    Current index:	49501	
    Magnitude of W_grad:	7.4210401439429	
    Magnitude of W:	59230.672895891	
    Magnitude of B_grad:	0.10531682081326	
    Magnitude of b:	7.2548111278792	

	
    Current index:	59501	
    Magnitude of W_grad:	8.3319696845871	
    Magnitude of W:	59212.474691263	
    Magnitude of B_grad:	0.051566865345418	
    Magnitude of b:	7.3642927989402	

	
    Current index:	69501	
    Magnitude of W_grad:	7.4292292829849	
    Magnitude of W:	59195.188906801	
    Magnitude of B_grad:	0.1485871162592	
    Magnitude of b:	7.2704446205521	

	
    Current index:	79501	
    Magnitude of W_grad:	11.031078363512	
    Magnitude of W:	59176.752315977	
    Magnitude of B_grad:	0.62509684829229	
    Magnitude of b:	7.0228921822613	

	
SGD: Loss is	
	LOSS:Calculated softmax res	
223109.05125788	
SGD: crossEntropyLoss is	
223109.05125788	
SGD: Validation Accuracy is:	
0.26339691189827	
SGD: Magnitude of W:	
59176.752315977	
SGD: Magnitude of b:	
7.0228921822613	
    Current index:	9501	
    Magnitude of W_grad:	8.2334415944192	
    Magnitude of W:	59159.440029808	
    Magnitude of B_grad:	0.13216196783343	
    Magnitude of b:	7.2828414899253	

	
    Current index:	19501	
    Magnitude of W_grad:	7.002214342751	
    Magnitude of W:	59142.226429289	
    Magnitude of B_grad:	0.089460546758023	
    Magnitude of b:	7.4579082689445	

	
    Current index:	29501	
    Magnitude of W_grad:	6.7787171887296	
    Magnitude of W:	59124.246836365	
    Magnitude of B_grad:	0.067658053113135	
    Magnitude of b:	7.8267606825008	

	
    Current index:	39501	
    Magnitude of W_grad:	12.602732227649	
    Magnitude of W:	59105.920337845	
    Magnitude of B_grad:	0.76475210766991	
    Magnitude of b:	7.6802479659727	

	
    Current index:	49501	
    Magnitude of W_grad:	7.3443444937448	
    Magnitude of W:	59088.752942048	
    Magnitude of B_grad:	0.10222923335283	
    Magnitude of b:	7.2500830274315	

	
    Current index:	59501	
    Magnitude of W_grad:	8.2619426004115	
    Magnitude of W:	59070.918388622	
    Magnitude of B_grad:	0.053943256494961	
    Magnitude of b:	7.3551976429453	

	
    Current index:	69501	
    Magnitude of W_grad:	7.3553871219688	
    Magnitude of W:	59054.00665842	
    Magnitude of B_grad:	0.14568717960958	
    Magnitude of b:	7.2583325325453	

	
    Current index:	79501	
    Magnitude of W_grad:	10.793182141021	
    Magnitude of W:	59036.02839433	
    Magnitude of B_grad:	0.61377908495765	
    Magnitude of b:	7.0121236820983	

	
SGD: Loss is	
	LOSS:Calculated softmax res	
219597.10008222	
SGD: crossEntropyLoss is	
219597.10008222	
SGD: Validation Accuracy is:	
0.26158038147139	
SGD: Magnitude of W:	
59036.02839433	
SGD: Magnitude of b:	
7.0121236820983	
    Current index:	9501	
    Magnitude of W_grad:	8.1124246359175	
    Magnitude of W:	59018.854717228	
    Magnitude of B_grad:	0.13215415560884	
    Magnitude of b:	7.2659352655019	

	
    Current index:	19501	
    Magnitude of W_grad:	6.9428228078923	
    Magnitude of W:	59001.86349839	
    Magnitude of B_grad:	0.089443254509545	
    Magnitude of b:	7.4442041538793	

	
    Current index:	29501	
    Magnitude of W_grad:	6.6746616900064	
    Magnitude of W:	58984.233281873	
    Magnitude of B_grad:	0.070739998165996	
    Magnitude of b:	7.8112592535495	

	
    Current index:	39501	
    Magnitude of W_grad:	12.421701407513	
    Magnitude of W:	58966.190974533	
    Magnitude of B_grad:	0.75172190922762	
    Magnitude of b:	7.668688068956	

	
    Current index:	49501	
    Magnitude of W_grad:	7.2736927943568	
    Magnitude of W:	58949.311681887	
    Magnitude of B_grad:	0.099528566423949	
    Magnitude of b:	7.2449700050024	

	
    Current index:	59501	
    Magnitude of W_grad:	8.1877234861532	
    Magnitude of W:	58931.922751596	
    Magnitude of B_grad:	0.055707671178074	
    Magnitude of b:	7.346220770926	

	
    Current index:	69501	
    Magnitude of W_grad:	7.2797176414834	
    Magnitude of W:	58915.263396539	
    Magnitude of B_grad:	0.14289743273913	
    Magnitude of b:	7.2469263140572	

	
    Current index:	79501	
    Magnitude of W_grad:	10.544556827949	
    Magnitude of W:	58897.635687464	
    Magnitude of B_grad:	0.6021478701146	
    Magnitude of b:	7.002541910714	

	
SGD: Loss is	
	LOSS:Calculated softmax res	
216336.25755938	
SGD: crossEntropyLoss is	
216336.25755938	
SGD: Validation Accuracy is:	
0.26158038147139	
SGD: Magnitude of W:	
58897.635687464	
SGD: Magnitude of b:	
7.002541910714	
    Current index:	9501	
    Magnitude of W_grad:	7.9998322107034	
    Magnitude of W:	58880.764127023	
    Magnitude of B_grad:	0.13202245213113	
    Magnitude of b:	7.2490880026392	

	
    Current index:	19501	
    Magnitude of W_grad:	6.8852862543933	
    Magnitude of W:	58864.137741149	
    Magnitude of B_grad:	0.089164075091494	
    Magnitude of b:	7.4307397383198	

	
    Current index:	29501	
    Magnitude of W_grad:	6.5761043037193	
    Magnitude of W:	58846.803275303	
    Magnitude of B_grad:	0.073536609382224	
    Magnitude of b:	7.795841424282	

	
    Current index:	39501	
    Magnitude of W_grad:	12.247366992617	
    Magnitude of W:	58829.193732179	
    Magnitude of B_grad:	0.73902844456529	
    Magnitude of b:	7.6568364237281	

	
    Current index:	49501	
    Magnitude of W_grad:	7.2118534371594	
    Magnitude of W:	58812.567715797	
    Magnitude of B_grad:	0.097157368507152	
    Magnitude of b:	7.2395274205437	

	
    Current index:	59501	
    Magnitude of W_grad:	8.1124201942768	
    Magnitude of W:	58795.639961844	
    Magnitude of B_grad:	0.056979206770856	
    Magnitude of b:	7.3374395771256	

	
    Current index:	69501	
    Magnitude of W_grad:	7.205196276044	
    Magnitude of W:	58779.256358425	
    Magnitude of B_grad:	0.14018566595251	
    Magnitude of b:	7.2361584609665	

	
    Current index:	79501	
    Magnitude of W_grad:	10.29332946426	
    Magnitude of W:	58762.041363437	
    Magnitude of B_grad:	0.59029120966496	
    Magnitude of b:	6.9940691580876	

	
SGD: Loss is	
	LOSS:Calculated softmax res	
213293.54664543	
SGD: crossEntropyLoss is	
213293.54664543	
SGD: Validation Accuracy is:	
0.25976385104451	
SGD: Magnitude of W:	
58762.041363437	
SGD: Magnitude of b:	
6.9940691580876	
    Current index:	9501	
    Magnitude of W_grad:	7.9042140979385	
    Magnitude of W:	58745.594129906	
    Magnitude of B_grad:	0.13176050565028	
    Magnitude of b:	7.2324338190654	

	
    Current index:	19501	
    Magnitude of W_grad:	6.8333019049525	
    Magnitude of W:	58729.271951774	
    Magnitude of B_grad:	0.088716163463431	
    Magnitude of b:	7.4175001124512	

	
    Current index:	29501	
    Magnitude of W_grad:	6.4817169992236	
    Magnitude of W:	58712.234099727	
    Magnitude of B_grad:	0.076053594854071	
    Magnitude of b:	7.7805518247899	

	
    Current index:	39501	
    Magnitude of W_grad:	12.078583233912	
    Magnitude of W:	58694.973798649	
    Magnitude of B_grad:	0.72665607392846	
    Magnitude of b:	7.6447772634674	

	
    Current index:	49501	
    Magnitude of W_grad:	7.1528519542234	
    Magnitude of W:	58678.6913291	
    Magnitude of B_grad:	0.095066909195764	
    Magnitude of b:	7.2337995392821	

	
    Current index:	59501	
    Magnitude of W_grad:	8.0374620835234	
    Magnitude of W:	58662.020916181	
    Magnitude of B_grad:	0.057851769355079	
    Magnitude of b:	7.3288807309229	

	
    Current index:	69501	
    Magnitude of W_grad:	7.1329619300293	
    Magnitude of W:	58645.937146356	
    Magnitude of B_grad:	0.13752715239504	
    Magnitude of b:	7.2259575933628	

	
    Current index:	79501	
    Magnitude of W_grad:	10.049279246321	
    Magnitude of W:	58629.071005379	
    Magnitude of B_grad:	0.57835689459276	
    Magnitude of b:	6.9865717327848	

	
SGD: Loss is	
	LOSS:Calculated softmax res	
210442.57517442	
SGD: crossEntropyLoss is	
210442.57517442	
SGD: Validation Accuracy is:	
0.25976385104451	
SGD: Magnitude of W:	
58629.071005379	
SGD: Magnitude of b:	
6.9865717327848	
    Current index:	9501	
    Magnitude of W_grad:	7.8207935227901	
    Magnitude of W:	58612.841841594	
    Magnitude of B_grad:	0.13138428913438	
    Magnitude of b:	7.2160967413793	

	
    Current index:	19501	
    Magnitude of W_grad:	6.7829874621655	
    Magnitude of W:	58596.7722108	
    Magnitude of B_grad:	0.088174310744772	
    Magnitude of b:	7.4044956646061	

	
    Current index:	29501	
    Magnitude of W_grad:	6.3943889944208	
    Magnitude of W:	58580.022535263	
    Magnitude of B_grad:	0.078301233782236	
    Magnitude of b:	7.7654351885932	

	
    Current index:	39501	
    Magnitude of W_grad:	11.914142569931	
    Magnitude of W:	58563.135070267	
    Magnitude of B_grad:	0.71458773404611	
    Magnitude of b:	7.6325976929459	

	
    Current index:	49501	
    Magnitude of W_grad:	7.0966344929514	
    Magnitude of W:	58547.036708566	
    Magnitude of B_grad:	0.093215472757065	
    Magnitude of b:	7.2278431637152	

	
    Current index:	59501	
    Magnitude of W_grad:	7.9636518149402	
    Magnitude of W:	58530.71933112	
    Magnitude of B_grad:	0.059027333326213	
    Magnitude of b:	7.3205584957892	

	
    Current index:	69501	
    Magnitude of W_grad:	7.0643961053381	
    Magnitude of W:	58514.848306339	
    Magnitude of B_grad:	0.13490454545043	
    Magnitude of b:	7.2162703052534	

	
    Current index:	79501	
    Magnitude of W_grad:	9.8090656395977	
    Magnitude of W:	58498.237125346	
    Magnitude of B_grad:	0.56648796008269	
    Magnitude of b:	6.9799062674954	

	
SGD: Loss is	
	LOSS:Calculated softmax res	
207761.73082855	
SGD: crossEntropyLoss is	
207761.73082855	
SGD: Validation Accuracy is:	
0.26158038147139	
SGD: Magnitude of W:	
58498.237125346	
SGD: Magnitude of b:	
6.9799062674954	
    Current index:	9501	
    Magnitude of W_grad:	7.7386257916609	
    Magnitude of W:	58482.258342054	
    Magnitude of B_grad:	0.13092076843521	
    Magnitude of b:	7.200191408666	

	
    Current index:	19501	
    Magnitude of W_grad:	6.7349861364703	
    Magnitude of W:	58466.405557532	
    Magnitude of B_grad:	0.087595109455439	
    Magnitude of b:	7.3917568820089	

	
    Current index:	29501	
    Magnitude of W_grad:	6.3192688356517	
    Magnitude of W:	58449.933866661	
    Magnitude of B_grad:	0.080292358648599	
    Magnitude of b:	7.7505429140735	

	
    Current index:	39501	
    Magnitude of W_grad:	11.75358021474	
    Magnitude of W:	58433.269929819	
    Magnitude of B_grad:	0.70281053632426	
    Magnitude of b:	7.6203877644699	

	
    Current index:	49501	
    Magnitude of W_grad:	7.0430597261322	
    Magnitude of W:	58417.499201529	
    Magnitude of B_grad:	0.091567012649385	
    Magnitude of b:	7.2217265110461	

	
    Current index:	59501	
    Magnitude of W_grad:	7.8912695893028	
    Magnitude of W:	58401.463179475	
    Magnitude of B_grad:	0.060476289444533	
    Magnitude of b:	7.312486895204	

	
    Current index:	69501	
    Magnitude of W_grad:	6.9972583120599	
    Magnitude of W:	58385.770493617	
    Magnitude of B_grad:	0.13230697492531	
    Magnitude of b:	7.2070629621964	

	
    Current index:	79501	
    Magnitude of W_grad:	9.5760762896706	
    Magnitude of W:	58369.424030862	
    Magnitude of B_grad:	0.55477880642785	
    Magnitude of b:	6.9739448568836	

	
SGD: Loss is	
	LOSS:Calculated softmax res	
205232.90557134	
SGD: crossEntropyLoss is	
205232.90557134	
SGD: Validation Accuracy is:	
0.26521344232516	
SGD: Magnitude of W:	
58369.424030862	
SGD: Magnitude of b:	
6.9739448568836	
    Current index:	9501	
    Magnitude of W_grad:	7.6583908148431	
    Magnitude of W:	58353.776694378	
    Magnitude of B_grad:	0.13039852225292	
    Magnitude of b:	7.1848007410928	

	
    Current index:	19501	
    Magnitude of W_grad:	6.6870336102102	
    Magnitude of W:	58338.164689286	
    Magnitude of B_grad:	0.087018746160211	
    Magnitude of b:	7.3793106778451	

	
    Current index:	29501	
    Magnitude of W_grad:	6.2485346961991	
    Magnitude of W:	58322.08758618	
    Magnitude of B_grad:	0.082039754123135	
    Magnitude of b:	7.7359203575291	

	
    Current index:	39501	
    Magnitude of W_grad:	11.596603648193	
    Magnitude of W:	58305.669071592	
    Magnitude of B_grad:	0.69131818968634	
    Magnitude of b:	7.6082279121054	

	
    Current index:	49501	
    Magnitude of W_grad:	6.9915141575724	
    Magnitude of W:	58290.085609503	
    Magnitude of B_grad:	0.09009022056832	
    Magnitude of b:	7.2155209520632	

	
    Current index:	59501	
    Magnitude of W_grad:	7.8204006397108	
    Magnitude of W:	58274.271653918	
    Magnitude of B_grad:	0.061644930968901	
    Magnitude of b:	7.3046806639437	

	
    Current index:	69501	
    Magnitude of W_grad:	6.9301733893329	
    Magnitude of W:	58258.769004255	
    Magnitude of B_grad:	0.12972900007866	
    Magnitude of b:	7.1983162580962	

	
    Current index:	79501	
    Magnitude of W_grad:	9.3473680583679	
    Magnitude of W:	58242.629292348	
    Magnitude of B_grad:	0.54326411086853	
    Magnitude of b:	6.9685837254098	

	
SGD: Loss is	
	LOSS:Calculated softmax res	
202840.65806128	
SGD: crossEntropyLoss is	
202840.65806128	
SGD: Validation Accuracy is:	
0.26339691189827	
SGD: Magnitude of W:	
58242.629292348	
SGD: Magnitude of b:	
6.9685837254098	
    Current index:	9501	
    Magnitude of W_grad:	7.58007697451	
    Magnitude of W:	58227.339135769	
    Magnitude of B_grad:	0.129842245968	
    Magnitude of b:	7.1699628614253	

	
    Current index:	19501	
    Magnitude of W_grad:	6.6406550922508	
    Magnitude of W:	58211.938760136	
    Magnitude of B_grad:	0.086471774735495	
    Magnitude of b:	7.3671653896619	

	
    Current index:	29501	
    Magnitude of W_grad:	6.1814546671557	
    Magnitude of W:	58196.218270234	
    Magnitude of B_grad:	0.083554746160868	
    Magnitude of b:	7.7215971456518	

	
    Current index:	39501	
    Magnitude of W_grad:	11.442937906749	
    Magnitude of W:	58180.011561492	
    Magnitude of B_grad:	0.68011090666035	
    Magnitude of b:	7.5961806555907	

	
    Current index:	49501	
    Magnitude of W_grad:	6.9409844663211	
    Magnitude of W:	58164.663112733	
    Magnitude of B_grad:	0.088811555801303	
    Magnitude of b:	7.2092945637645	

	
    Current index:	59501	
    Magnitude of W_grad:	7.7492460060511	
    Magnitude of W:	58149.078699968	
    Magnitude of B_grad:	0.062582560073042	
    Magnitude of b:	7.2971540897595	

	
    Current index:	69501	
    Magnitude of W_grad:	6.8637055352877	
    Magnitude of W:	58133.794407418	
    Magnitude of B_grad:	0.12716976913432	
    Magnitude of b:	7.1900191159106	

	
    Current index:	79501	
    Magnitude of W_grad:	9.1226284251258	
    Magnitude of W:	58117.894367622	
    Magnitude of B_grad:	0.53193447190853	
    Magnitude of b:	6.9637430578912	

	
SGD: Loss is	
	LOSS:Calculated softmax res	
200571.67997033	
SGD: crossEntropyLoss is	
200571.67997033	
SGD: Validation Accuracy is:	
0.26339691189827	
SGD: Magnitude of W:	
58117.894367622	
SGD: Magnitude of b:	
6.9637430578912	
    Current index:	9501	
    Magnitude of W_grad:	7.5044079733395	
    Magnitude of W:	58102.790601941	
    Magnitude of B_grad:	0.12927076454677	
    Magnitude of b:	7.1556779733541	

	
    Current index:	19501	
    Magnitude of W_grad:	6.5964491230861	
    Magnitude of W:	58087.645167131	
    Magnitude of B_grad:	0.085970215434907	
    Magnitude of b:	7.3553122399427	

	
    Current index:	29501	
    Magnitude of W_grad:	6.1171745659021	
    Magnitude of W:	58072.126216924	
    Magnitude of B_grad:	0.084847336418843	
    Magnitude of b:	7.707587912207	

	
    Current index:	39501	
    Magnitude of W_grad:	11.293800099953	
    Magnitude of W:	58056.223422557	
    Magnitude of B_grad:	0.66919359420918	
    Magnitude of b:	7.584291549938	

	
    Current index:	49501	
    Magnitude of W_grad:	6.8912123078885	
    Magnitude of W:	58041.12075366	
    Magnitude of B_grad:	0.088305908134607	
    Magnitude of b:	7.203108997525	

	
    Current index:	59501	
    Magnitude of W_grad:	7.6789309794006	
    Magnitude of W:	58025.807774174	
    Magnitude of B_grad:	0.063326440620055	
    Magnitude of b:	7.2899204318029	

	
    Current index:	69501	
    Magnitude of W_grad:	6.7982448062505	
    Magnitude of W:	58010.689846626	
    Magnitude of B_grad:	0.12463216047594	
    Magnitude of b:	7.1821640264087	

	
    Current index:	79501	
    Magnitude of W_grad:	8.9041048002204	
    Magnitude of W:	57995.029297199	
    Magnitude of B_grad:	0.52076388892494	
    Magnitude of b:	6.9593638944482	

	
SGD: Loss is	
	LOSS:Calculated softmax res	
198414.40531132	
SGD: crossEntropyLoss is	
198414.40531132	
SGD: Validation Accuracy is:	
0.26430517711172	
SGD: Magnitude of W:	
57995.029297199	
SGD: Magnitude of b:	
6.9593638944482	
    Current index:	9501	
    Magnitude of W_grad:	7.4300793576139	
    Magnitude of W:	57980.068969417	
    Magnitude of B_grad:	0.12869698478999	
    Magnitude of b:	7.1419254897489	

	
    Current index:	19501	
    Magnitude of W_grad:	6.5529579510136	
    Magnitude of W:	57965.095460086	
    Magnitude of B_grad:	0.085522512260588	
    Magnitude of b:	7.3437351403252	

	
    Current index:	29501	
    Magnitude of W_grad:	6.0563393043953	
    Magnitude of W:	57949.729144343	
    Magnitude of B_grad:	0.085927292617468	
    Magnitude of b:	7.693898415063	

	
    Current index:	39501	
    Magnitude of W_grad:	11.149923315657	
    Magnitude of W:	57934.047556076	
    Magnitude of B_grad:	0.65857322911795	
    Magnitude of b:	7.5725946422109	

	
    Current index:	49501	
    Magnitude of W_grad:	6.8432304268358	
    Magnitude of W:	57919.145011159	
    Magnitude of B_grad:	0.087925345778257	
    Magnitude of b:	7.1970178865765	

	
    Current index:	59501	
    Magnitude of W_grad:	7.6094329458246	
    Magnitude of W:	57904.08972866	
    Magnitude of B_grad:	0.063904793657151	
    Magnitude of b:	7.2829911402418	

	
    Current index:	69501	
    Magnitude of W_grad:	6.7327561934245	
    Magnitude of W:	57889.203070275	
    Magnitude of B_grad:	0.12212160083018	
    Magnitude of b:	7.1747437672619	

	
    Current index:	79501	
    Magnitude of W_grad:	8.6915064949297	
    Magnitude of W:	57873.860561795	
    Magnitude of B_grad:	0.5097334531083	
    Magnitude of b:	6.9554036682594	

	
SGD: Loss is	
	LOSS:Calculated softmax res	
196358.67325196	
SGD: crossEntropyLoss is	
196358.67325196	
SGD: Validation Accuracy is:	
0.26339691189827	
SGD: Magnitude of W:	
57873.860561795	
SGD: Magnitude of b:	
6.9554036682594	
    Current index:	9501	
    Magnitude of W_grad:	7.3561111028108	
    Magnitude of W:	57859.056472138	
    Magnitude of B_grad:	0.12812867604219	
    Magnitude of b:	7.1286789285267	

	
    Current index:	19501	
    Magnitude of W_grad:	6.5097185043111	
    Magnitude of W:	57844.328161004	
    Magnitude of B_grad:	0.085132051505014	
    Magnitude of b:	7.3324193456164	

	
    Current index:	29501	
    Magnitude of W_grad:	5.9985876669561	
    Magnitude of W:	57829.186058046	
    Magnitude of B_grad:	0.086805337265854	
    Magnitude of b:	7.6805308904883	

	
    Current index:	39501	
    Magnitude of W_grad:	11.010809290665	
    Magnitude of W:	57813.81183731	
    Magnitude of B_grad:	0.64825624909418	
    Magnitude of b:	7.5611172740746	

	
    Current index:	49501	
    Magnitude of W_grad:	6.7981118598721	
    Magnitude of W:	57799.086576543	
    Magnitude of B_grad:	0.087654787140498	
    Magnitude of b:	7.1910656316606	

	
    Current index:	59501	
    Magnitude of W_grad:	7.5417653248338	
    Magnitude of W:	57784.278412368	
    Magnitude of B_grad:	0.064339235331599	
    Magnitude of b:	7.2763742585438	

	
    Current index:	69501	
    Magnitude of W_grad:	6.6682327000376	
    Magnitude of W:	57769.538847468	
    Magnitude of B_grad:	0.11964471000129	
    Magnitude of b:	7.1677492079819	

	
    Current index:	79501	
    Magnitude of W_grad:	8.484650137731	
    Magnitude of W:	57754.463488854	
    Magnitude of B_grad:	0.49884311361192	
    Magnitude of b:	6.9518307702329	

	
SGD: Loss is	
	LOSS:Calculated softmax res	
194395.45817072	
SGD: crossEntropyLoss is	
194395.45817072	
SGD: Validation Accuracy is:	
0.26521344232516	
SGD: Magnitude of W:	
57754.463488854	
SGD: Magnitude of b:	
6.9518307702329	
    Current index:	9501	
    Magnitude of W_grad:	7.2827736525984	
    Magnitude of W:	57739.851803733	
    Magnitude of B_grad:	0.12756961433353	
    Magnitude of b:	7.1159137678024	

	
    Current index:	19501	
    Magnitude of W_grad:	6.4667061448387	
    Magnitude of W:	57725.301204788	
    Magnitude of B_grad:	0.084799103882479	
    Magnitude of b:	7.3213554409502	

	
    Current index:	29501	
    Magnitude of W_grad:	5.9425428261282	
    Magnitude of W:	57710.343373839	
    Magnitude of B_grad:	0.087493845188604	
    Magnitude of b:	7.6674865977756	

	
    Current index:	39501	
    Magnitude of W_grad:	10.877238292109	
    Magnitude of W:	57695.173043026	
    Magnitude of B_grad:	0.63824658102544	
    Magnitude of b:	7.549882515047	

	
    Current index:	49501	
    Magnitude of W_grad:	6.756059841195	
    Magnitude of W:	57680.636419669	
    Magnitude of B_grad:	0.087482256674509	
    Magnitude of b:	7.1852866850937	

	
    Current index:	59501	
    Magnitude of W_grad:	7.4756908233254	
    Magnitude of W:	57666.004111119	
    Magnitude of B_grad:	0.064646670753957	
    Magnitude of b:	7.2700726117593	

	
    Current index:	69501	
    Magnitude of W_grad:	6.6048376680697	
    Magnitude of W:	57651.416864867	
    Magnitude of B_grad:	0.11720817927882	
    Magnitude of b:	7.1611681090366	

	
    Current index:	79501	
    Magnitude of W_grad:	8.2798074795363	
    Magnitude of W:	57636.568196716	
    Magnitude of B_grad:	0.48811260189347	
    Magnitude of b:	6.9486195500868	

	
SGD: Loss is	
	LOSS:Calculated softmax res	
192516.69614424	
SGD: crossEntropyLoss is	
192516.69614424	
SGD: Validation Accuracy is:	
0.26430517711172	
SGD: Magnitude of W:	
57636.568196716	
SGD: Magnitude of b:	
6.9486195500868	
    Current index:	9501	
    Magnitude of W_grad:	7.2143174728679	
    Magnitude of W:	57622.173895964	
    Magnitude of B_grad:	0.1270207784906	
    Magnitude of b:	7.1036096685668	

	
    Current index:	19501	
    Magnitude of W_grad:	6.4236422674194	
    Magnitude of W:	57607.79982702	
    Magnitude of B_grad:	0.08452218861456	
    Magnitude of b:	7.3105395166319	

	
    Current index:	29501	
    Magnitude of W_grad:	5.8888364093944	
    Magnitude of W:	57593.027896235	
    Magnitude of B_grad:	0.088006917465309	
    Magnitude of b:	7.6547661197136	

	
    Current index:	39501	
    Magnitude of W_grad:	10.748470411044	
    Magnitude of W:	57578.038675216	
    Magnitude of B_grad:	0.62854460581589	
    Magnitude of b:	7.5389095820002	

	
    Current index:	49501	
    Magnitude of W_grad:	6.7148585166813	
    Magnitude of W:	57563.7292733	
    Magnitude of B_grad:	0.087397772880558	
    Magnitude of b:	7.1797055598118	

	
    Current index:	59501	
    Magnitude of W_grad:	7.4118791808142	
    Magnitude of W:	57549.39677891	
    Magnitude of B_grad:	0.064840674513707	
    Magnitude of b:	7.2640826352326	

	
    Current index:	69501	
    Magnitude of W_grad:	6.5420033080445	
    Magnitude of W:	57534.958487082	
    Magnitude of B_grad:	0.11481808565224	
    Magnitude of b:	7.154984753148	

	
    Current index:	79501	
    Magnitude of W_grad:	8.0784142068158	
    Magnitude of W:	57520.375099386	
    Magnitude of B_grad:	0.47757623572448	
    Magnitude of b:	6.9457468051603	

	
SGD: Loss is	
	LOSS:Calculated softmax res	
190715.19286532	
SGD: crossEntropyLoss is	
190715.19286532	
SGD: Validation Accuracy is:	
0.2661217075386	
SGD: Magnitude of W:	
57520.375099386	
SGD: Magnitude of b:	
6.9457468051603	
    Current index:	9501	
    Magnitude of W_grad:	7.1516750087929	
    Magnitude of W:	57506.226360928	
    Magnitude of B_grad:	0.12648136530036	
    Magnitude of b:	7.0917496962199	

	
    Current index:	19501	
    Magnitude of W_grad:	6.3805152496597	
    Magnitude of W:	57492.024207556	
    Magnitude of B_grad:	0.084298935161362	
    Magnitude of b:	7.2999713351087	

	
    Current index:	29501	
    Magnitude of W_grad:	5.8395298106259	
    Magnitude of W:	57477.466467352	
    Magnitude of B_grad:	0.088360008295595	
    Magnitude of b:	7.6423684862809	

	
    Current index:	39501	
    Magnitude of W_grad:	10.623565222677	
    Magnitude of W:	57462.676046157	
    Magnitude of B_grad:	0.61914700814344	
    Magnitude of b:	7.5282131397172	

	
    Current index:	49501	
    Magnitude of W_grad:	6.6751876484683	
    Magnitude of W:	57448.504854365	
    Magnitude of B_grad:	0.087392244629082	
    Magnitude of b:	7.1743374497731	

	
    Current index:	59501	
    Magnitude of W_grad:	7.3479407794623	
    Magnitude of W:	57434.285907504	
    Magnitude of B_grad:	0.064932449352778	
    Magnitude of b:	7.2583942317827	

	
    Current index:	69501	
    Magnitude of W_grad:	6.4802968882387	
    Magnitude of W:	57420.035099141	
    Magnitude of B_grad:	0.11247957780509	
    Magnitude of b:	7.1491801821458	

	
    Current index:	79501	
    Magnitude of W_grad:	7.880171333938	
    Magnitude of W:	57405.695526731	
    Magnitude of B_grad:	0.46727568290509	
    Magnitude of b:	6.943189695159	

	
SGD: Loss is	
	LOSS:Calculated softmax res	
188984.57073645	
SGD: crossEntropyLoss is	
188984.57073645	
SGD: Validation Accuracy is:	
0.26793823796549	
SGD: Magnitude of W:	
57405.695526731	
SGD: Magnitude of b:	
6.943189695159	
    Current index:	9501	
    Magnitude of W_grad:	7.0921382205596	
    Magnitude of W:	57391.705656844	
    Magnitude of B_grad:	0.12594956783836	
    Magnitude of b:	7.0803184103748	

	
    Current index:	19501	
    Magnitude of W_grad:	6.337867921061	
    Magnitude of W:	57377.622177038	
    Magnitude of B_grad:	0.08412655162542	
    Magnitude of b:	7.2896519221149	

	
    Current index:	29501	
    Magnitude of W_grad:	5.7937258095809	
    Magnitude of W:	57363.282414735	
    Magnitude of B_grad:	0.08856935031293	
    Magnitude of b:	7.6302900589743	

	
    Current index:	39501	
    Magnitude of W_grad:	10.502957194322	
    Magnitude of W:	57348.715631396	
    Magnitude of B_grad:	0.61004723207279	
    Magnitude of b:	7.517802423458	

	
    Current index:	49501	
    Magnitude of W_grad:	6.6366019661672	
    Magnitude of W:	57334.748545993	
    Magnitude of B_grad:	0.087456813176381	
    Magnitude of b:	7.1691892813717	

	
    Current index:	59501	
    Magnitude of W_grad:	7.2847685604823	
    Magnitude of W:	57320.725660771	
    Magnitude of B_grad:	0.064931475663974	
    Magnitude of b:	7.2529916281851	

	
    Current index:	69501	
    Magnitude of W_grad:	6.4195618343709	
    Magnitude of W:	57306.705397752	
    Magnitude of B_grad:	0.11087751629609	
    Magnitude of b:	7.1437328714922	

	
    Current index:	79501	
    Magnitude of W_grad:	7.6873450679885	
    Magnitude of W:	57292.620210758	
    Magnitude of B_grad:	0.45725328012274	
    Magnitude of b:	6.9409246500174	

	
SGD: Loss is	
	LOSS:Calculated softmax res	
187319.21838643	
SGD: crossEntropyLoss is	
187319.21838643	
SGD: Validation Accuracy is:	
0.27157129881926	
SGD: Magnitude of W:	
57292.620210758	
SGD: Magnitude of b:	
6.9409246500174	
    Current index:	9501	
    Magnitude of W_grad:	7.0372714058767	
    Magnitude of W:	57278.93435716	
    Magnitude of B_grad:	0.1254231580916	
    Magnitude of b:	7.0693000251492	

	
    Current index:	19501	
    Magnitude of W_grad:	6.2952764882646	
    Magnitude of W:	57265.125079381	
    Magnitude of B_grad:	0.084002021873989	
    Magnitude of b:	7.2795815453656	

	
    Current index:	29501	
    Magnitude of W_grad:	5.7507509626217	
    Magnitude of W:	57251.007885988	
    Magnitude of B_grad:	0.088651360100164	
    Magnitude of b:	7.6185238580833	

	
    Current index:	39501	
    Magnitude of W_grad:	10.386861311497	
    Magnitude of W:	57236.627807265	
    Magnitude of B_grad:	0.60123622295745	
    Magnitude of b:	7.507680890916	

	
    Current index:	49501	
    Magnitude of W_grad:	6.599584650993	
    Magnitude of W:	57222.866433851	
    Magnitude of B_grad:	0.087582682185515	
    Magnitude of b:	7.1642610706309	

	
    Current index:	59501	
    Magnitude of W_grad:	7.2222193759251	
    Magnitude of W:	57209.070253777	
    Magnitude of B_grad:	0.064845951738667	
    Magnitude of b:	7.2478549319932	

	
    Current index:	69501	
    Magnitude of W_grad:	6.3605077212439	
    Magnitude of W:	57195.222738058	
    Magnitude of B_grad:	0.10931141635705	
    Magnitude of b:	7.1386196828907	

	
    Current index:	79501	
    Magnitude of W_grad:	7.5035973302404	
    Magnitude of W:	57181.343233008	
    Magnitude of B_grad:	0.44754715761546	
    Magnitude of b:	6.9389269971454	

	
SGD: Loss is	
	LOSS:Calculated softmax res	
185714.22569344	
SGD: crossEntropyLoss is	
185714.22569344	
SGD: Validation Accuracy is:	
0.2724795640327	
SGD: Magnitude of W:	
57181.343233008	
SGD: Magnitude of b:	
6.9389269971454	
    Current index:	9501	
    Magnitude of W_grad:	6.9865751415433	
    Magnitude of W:	57167.795465963	
    Magnitude of B_grad:	0.12489991042216	
    Magnitude of b:	7.0586773124456	

	
    Current index:	19501	
    Magnitude of W_grad:	6.2530812916602	
    Magnitude of W:	57154.123924954	
    Magnitude of B_grad:	0.083922148980684	
    Magnitude of b:	7.269758557881	

	
    Current index:	29501	
    Magnitude of W_grad:	5.7090816360069	
    Magnitude of W:	57140.185196828	
    Magnitude of B_grad:	0.088622121511816	
    Magnitude of b:	7.6070596203706	

	
    Current index:	39501	
    Magnitude of W_grad:	10.276141115265	
    Magnitude of W:	57125.94463581	
    Magnitude of B_grad:	0.59270321435858	
    Magnitude of b:	7.4978466533199	

	
    Current index:	49501	
    Magnitude of W_grad:	6.5642572208295	
    Magnitude of W:	57112.379761161	
    Magnitude of B_grad:	0.087761262245373	
    Magnitude of b:	7.1595474534639	

	
    Current index:	59501	
    Magnitude of W_grad:	7.1610367216911	
    Magnitude of W:	57098.740659701	
    Magnitude of B_grad:	0.064683101353533	
    Magnitude of b:	7.2429619311672	

	
    Current index:	69501	
    Magnitude of W_grad:	6.3033612064301	
    Magnitude of W:	57085.076748048	
    Magnitude of B_grad:	0.1077661619568	
    Magnitude of b:	7.1338168805148	

	
    Current index:	79501	
    Magnitude of W_grad:	7.3257577413073	
    Magnitude of W:	57071.393497374	
    Magnitude of B_grad:	0.43818837673041	
    Magnitude of b:	6.9371711522609	

	
SGD: Loss is	
	LOSS:Calculated softmax res	
184165.30446859	
SGD: crossEntropyLoss is	
184165.30446859	
SGD: Validation Accuracy is:	
0.27429609445958	
SGD: Magnitude of W:	
57071.393497374	
SGD: Magnitude of b:	
6.9371711522609	
    Current index:	9501	
    Magnitude of W_grad:	6.9368671471769	
    Magnitude of W:	57057.99065423	
    Magnitude of B_grad:	0.12437788375816	
    Magnitude of b:	7.0484313916668	

	
    Current index:	19501	
    Magnitude of W_grad:	6.2121477833172	
    Magnitude of W:	57044.438133083	
    Magnitude of B_grad:	0.083883540372643	
    Magnitude of b:	7.2601791138786	

	
    Current index:	29501	
    Magnitude of W_grad:	5.6688033995322	
    Magnitude of W:	57030.621265996	
    Magnitude of B_grad:	0.088496984207917	
    Magnitude of b:	7.5958844790933	

	
    Current index:	39501	
    Magnitude of W_grad:	10.170048713428	
    Magnitude of W:	57016.564946293	
    Magnitude of B_grad:	0.58443642426853	
    Magnitude of b:	7.4882935097259	

	
    Current index:	49501	
    Magnitude of W_grad:	6.5295607255337	
    Magnitude of W:	57003.179642146	
    Magnitude of B_grad:	0.087984420379629	
    Magnitude of b:	7.1550392294069	

	
    Current index:	59501	
    Magnitude of W_grad:	7.0999777849201	
    Magnitude of W:	56989.621644059	
    Magnitude of B_grad:	0.064449400028454	
    Magnitude of b:	7.2382897178335	

	
    Current index:	69501	
    Magnitude of W_grad:	6.2484032395892	
    Magnitude of W:	56976.135519362	
    Magnitude of B_grad:	0.1062463305762	
    Magnitude of b:	7.1293010051083	

	
    Current index:	79501	
    Magnitude of W_grad:	7.1540383260388	
    Magnitude of W:	56962.544195796	
    Magnitude of B_grad:	0.42919971905459	
    Magnitude of b:	6.935631200092	

	
SGD: Loss is	
	LOSS:Calculated softmax res	
182668.70294102	
SGD: crossEntropyLoss is	
182668.70294102	
SGD: Validation Accuracy is:	
0.27520435967302	
SGD: Magnitude of W:	
56962.544195796	
SGD: Magnitude of b:	
6.935631200092	
    Current index:	9501	
    Magnitude of W_grad:	6.8884440424843	
    Magnitude of W:	56949.292800708	
    Magnitude of B_grad:	0.12385557931342	
    Magnitude of b:	7.0385421740352	

	
    Current index:	19501	
    Magnitude of W_grad:	6.1729317540499	
    Magnitude of W:	56935.837268061	
    Magnitude of B_grad:	0.083882596901901	
    Magnitude of b:	7.2508374828424	

	
    Current index:	29501	
    Magnitude of W_grad:	5.6298870573509	
    Magnitude of W:	56922.229836832	
    Magnitude of B_grad:	0.088290281405913	
    Magnitude of b:	7.5849839601111	

	
    Current index:	39501	
    Magnitude of W_grad:	10.067465072992	
    Magnitude of W:	56908.394702054	
    Magnitude of B_grad:	0.57642360919411	
    Magnitude of b:	7.4790122335105	

	
    Current index:	49501	
    Magnitude of W_grad:	6.4951019501659	
    Magnitude of W:	56895.150560418	
    Magnitude of B_grad:	0.088244693000611	
    Magnitude of b:	7.1507247767962	

	
    Current index:	59501	
    Magnitude of W_grad:	7.0385071617356	
    Magnitude of W:	56881.738457054	
    Magnitude of B_grad:	0.064150748734102	
    Magnitude of b:	7.233815913117	

	
    Current index:	69501	
    Magnitude of W_grad:	6.1942703162148	
    Magnitude of W:	56868.438541444	
    Magnitude of B_grad:	0.10475555069753	
    Magnitude of b:	7.1250494980603	

	
    Current index:	79501	
    Magnitude of W_grad:	6.9897420973326	
    Magnitude of W:	56854.980938937	
    Magnitude of B_grad:	0.42059562426118	
    Magnitude of b:	6.9342816599454	

	
SGD: Loss is	
	LOSS:Calculated softmax res	
181221.12267744	
SGD: crossEntropyLoss is	
181221.12267744	
SGD: Validation Accuracy is:	
0.27702089009991	
SGD: Magnitude of W:	
56854.980938937	
SGD: Magnitude of b:	
6.9342816599454	
    Current index:	9501	
    Magnitude of W_grad:	6.8416781630096	
    Magnitude of W:	56841.902591545	
    Magnitude of B_grad:	0.12358720861351	
    Magnitude of b:	7.0289891129887	

	
    Current index:	19501	
    Magnitude of W_grad:	6.1349777773111	
    Magnitude of W:	56828.622097877	
    Magnitude of B_grad:	0.083915535009369	
    Magnitude of b:	7.2417266405073	

	
    Current index:	29501	
    Magnitude of W_grad:	5.5918236599877	
    Magnitude of W:	56815.178128534	
    Magnitude of B_grad:	0.088015155300999	
    Magnitude of b:	7.5743430055528	

	
    Current index:	39501	
    Magnitude of W_grad:	9.9697003680254	
    Magnitude of W:	56801.476617072	
    Magnitude of B_grad:	0.56865247604175	
    Magnitude of b:	7.4699918162074	

	
    Current index:	49501	
    Magnitude of W_grad:	6.4617786207857	
    Magnitude of W:	56788.358940438	
    Magnitude of B_grad:	0.088535404971424	
    Magnitude of b:	7.1465912522025	

	
    Current index:	59501	
    Magnitude of W_grad:	6.9770112128507	
    Magnitude of W:	56775.09835539	
    Magnitude of B_grad:	0.063792608128764	
    Magnitude of b:	7.2295194695309	

	
    Current index:	69501	
    Magnitude of W_grad:	6.1417675095338	
    Magnitude of W:	56761.940209518	
    Magnitude of B_grad:	0.10329670173086	
    Magnitude of b:	7.1210410774359	

	
    Current index:	79501	
    Magnitude of W_grad:	6.8319455512303	
    Magnitude of W:	56748.650963573	
    Magnitude of B_grad:	0.41238284480419	
    Magnitude of b:	6.9330982506095	

	
SGD: Loss is	
	LOSS:Calculated softmax res	
179819.64365949	
SGD: crossEntropyLoss is	
179819.64365949	
SGD: Validation Accuracy is:	
0.27792915531335	
SGD: Magnitude of W:	
56748.650963573	
SGD: Magnitude of b:	
6.9330982506095	
    Current index:	9501	
    Magnitude of W_grad:	6.7958570724718	
    Magnitude of W:	56735.741794464	
    Magnitude of B_grad:	0.124458861599	
    Magnitude of b:	7.0197519806364	

	
    Current index:	19501	
    Magnitude of W_grad:	6.0984804419253	
    Magnitude of W:	56722.639325989	
    Magnitude of B_grad:	0.083978446484848	
    Magnitude of b:	7.232838903616	

	
    Current index:	29501	
    Magnitude of W_grad:	5.5548679692976	
    Magnitude of W:	56709.290076714	
    Magnitude of B_grad:	0.087683472399336	
    Magnitude of b:	7.5639468515493	

	
    Current index:	39501	
    Magnitude of W_grad:	9.8759766894232	
    Magnitude of W:	56695.73780669	
    Magnitude of B_grad:	0.56111097533801	
    Magnitude of b:	7.4612205119907	

	
    Current index:	49501	
    Magnitude of W_grad:	6.4305341684506	
    Magnitude of W:	56682.740476862	
    Magnitude of B_grad:	0.088850693169638	
    Magnitude of b:	7.1426255426479	

	
    Current index:	59501	
    Magnitude of W_grad:	6.9155200909549	
    Magnitude of W:	56669.595606468	
    Magnitude of B_grad:	0.06338009863846	
    Magnitude of b:	7.2253811363681	

	
    Current index:	69501	
    Magnitude of W_grad:	6.0907042464713	
    Magnitude of W:	56656.597497668	
    Magnitude of B_grad:	0.10187208806342	
    Magnitude of b:	7.117255929244	

	
    Current index:	79501	
    Magnitude of W_grad:	6.6808466203314	
    Magnitude of W:	56643.479069205	
    Magnitude of B_grad:	0.40456149845441	
    Magnitude of b:	6.9320585261915	

	
SGD: Loss is	
	LOSS:Calculated softmax res	
178461.66004193	
SGD: crossEntropyLoss is	
178461.66004193	
SGD: Validation Accuracy is:	
0.27792915531335	
SGD: Magnitude of W:	
56643.479069205	
SGD: Magnitude of b:	
6.9320585261915	
    Current index:	9501	
    Magnitude of W_grad:	6.7514949393909	
    Magnitude of W:	56630.750924203	
    Magnitude of B_grad:	0.12528214231416	
    Magnitude of b:	7.0108115142561	

	
    Current index:	19501	
    Magnitude of W_grad:	6.0634306175671	
    Magnitude of W:	56617.768947259	
    Magnitude of B_grad:	0.084067386269044	
    Magnitude of b:	7.2241664846914	

	
    Current index:	29501	
    Magnitude of W_grad:	5.5187607056202	
    Magnitude of W:	56604.527607425	
    Magnitude of B_grad:	0.087305809195597	
    Magnitude of b:	7.5537816942855	

	
    Current index:	39501	
    Magnitude of W_grad:	9.7855381864855	
    Magnitude of W:	56591.090704739	
    Magnitude of B_grad:	0.55378750482344	
    Magnitude of b:	7.4526866379941	

	
    Current index:	49501	
    Magnitude of W_grad:	6.3996025559647	
    Magnitude of W:	56578.154037017	
    Magnitude of B_grad:	0.089185457065565	
    Magnitude of b:	7.1388149746958	

	
    Current index:	59501	
    Magnitude of W_grad:	6.8549558859742	
    Magnitude of W:	56565.138916967	
    Magnitude of B_grad:	0.062918069750616	
    Magnitude of b:	7.2213836942021	

	
    Current index:	69501	
    Magnitude of W_grad:	6.0413209587951	
    Magnitude of W:	56552.354485169	
    Magnitude of B_grad:	0.10048357573347	
    Magnitude of b:	7.1140395456091	

	
    Current index:	79501	
    Magnitude of W_grad:	6.537041245494	
    Magnitude of W:	56539.443834182	
    Magnitude of B_grad:	0.39712629067454	
    Magnitude of b:	6.9311423178449	

	
SGD: Loss is	
	LOSS:Calculated softmax res	
177144.82688929	
SGD: crossEntropyLoss is	
177144.82688929	
SGD: Validation Accuracy is:	
0.27883742052679	
SGD: Magnitude of W:	
56539.443834182	
SGD: Magnitude of b:	
6.9311423178449	
    Current index:	9501	
    Magnitude of W_grad:	6.7084090636692	
    Magnitude of W:	56526.843968817	
    Magnitude of B_grad:	0.12605565189272	
    Magnitude of b:	7.0021498767498	

	
    Current index:	19501	
    Magnitude of W_grad:	6.0291904187051	
    Magnitude of W:	56513.92734806	
    Magnitude of B_grad:	0.084178473367394	
    Magnitude of b:	7.2157019199762	

	
    Current index:	29501	
    Magnitude of W_grad:	5.4836211124209	
    Magnitude of W:	56500.810512687	
    Magnitude of B_grad:	0.086891489062039	
    Magnitude of b:	7.543835142341	

	
    Current index:	39501	
    Magnitude of W_grad:	9.697150998863	
    Magnitude of W:	56487.528576276	
    Magnitude of B_grad:	0.54667104870988	
    Magnitude of b:	7.444379143684	

	
    Current index:	49501	
    Magnitude of W_grad:	6.3684739242622	
    Magnitude of W:	56474.70078187	
    Magnitude of B_grad:	0.08953526341425	
    Magnitude of b:	7.1351478002274	

	
    Current index:	59501	
    Magnitude of W_grad:	6.7946513561116	
    Magnitude of W:	56461.850913327	
    Magnitude of B_grad:	0.062411142709534	
    Magnitude of b:	7.2175120399477	

	
    Current index:	69501	
    Magnitude of W_grad:	5.9933026656229	
    Magnitude of W:	56449.224976666	
    Magnitude of B_grad:	0.099132685019285	
    Magnitude of b:	7.1109392112553	

	
    Current index:	79501	
    Magnitude of W_grad:	6.401098933586	
    Magnitude of W:	56436.500526568	
    Magnitude of B_grad:	0.39006774584822	
    Magnitude of b:	6.9303319668117	

	
SGD: Loss is	
	LOSS:Calculated softmax res	
175867.01699633	
SGD: crossEntropyLoss is	
175867.01699633	
SGD: Validation Accuracy is:	
0.27883742052679	
SGD: Magnitude of W:	
56436.500526568	
SGD: Magnitude of b:	
6.9303319668117	
    Current index:	9501	
    Magnitude of W_grad:	6.666586321789	
    Magnitude of W:	56424.075983127	
    Magnitude of B_grad:	0.12677878797211	
    Magnitude of b:	6.9937509314097	

	
    Current index:	19501	
    Magnitude of W_grad:	5.9958269259666	
    Magnitude of W:	56411.275596743	
    Magnitude of B_grad:	0.08430799015089	
    Magnitude of b:	7.2074383633499	

	
    Current index:	29501	
    Magnitude of W_grad:	5.4498383084745	
    Magnitude of W:	56398.308606402	
    Magnitude of B_grad:	0.086448653067576	
    Magnitude of b:	7.5340964791608	

	
    Current index:	39501	
    Magnitude of W_grad:	9.6114140645947	
    Magnitude of W:	56385.164787524	
    Magnitude of B_grad:	0.53975127096442	
    Magnitude of b:	7.4362879812188	

	
    Current index:	49501	
    Magnitude of W_grad:	6.3376133832835	
    Magnitude of W:	56372.436747689	
    Magnitude of B_grad:	0.08989622831721	
    Magnitude of b:	7.1316134839078	

	
    Current index:	59501	
    Magnitude of W_grad:	6.7354204937576	
    Magnitude of W:	56359.788797615	
    Magnitude of B_grad:	0.061863732103401	
    Magnitude of b:	7.2137531710274	

	
    Current index:	69501	
    Magnitude of W_grad:	5.9468229313866	
    Magnitude of W:	56347.296674479	
    Magnitude of B_grad:	0.097820639038248	
    Magnitude of b:	7.1079012885294	

	
    Current index:	79501	
    Magnitude of W_grad:	6.2719561030312	
    Magnitude of W:	56334.688542705	
    Magnitude of B_grad:	0.38337334034504	
    Magnitude of b:	6.9296123670645	

	
SGD: Loss is	
	LOSS:Calculated softmax res	
174626.28640186	
SGD: crossEntropyLoss is	
174626.28640186	
SGD: Validation Accuracy is:	
0.28065395095368	
SGD: Magnitude of W:	
56334.688542705	
SGD: Magnitude of b:	
6.9296123670645	
    Current index:	9501	
    Magnitude of W_grad:	6.6258948620725	
    Magnitude of W:	56322.418957949	
    Magnitude of B_grad:	0.12745161973589	
    Magnitude of b:	6.9856003547413	

	
    Current index:	19501	
    Magnitude of W_grad:	5.9631708102848	
    Magnitude of W:	56309.725748054	
    Magnitude of B_grad:	0.084452468441872	
    Magnitude of b:	7.1993697549454	

	
    Current index:	29501	
    Magnitude of W_grad:	5.4175194639153	
    Magnitude of W:	56296.943849338	
    Magnitude of B_grad:	0.085984350242372	
    Magnitude of b:	7.524556764793	

	
    Current index:	39501	
    Magnitude of W_grad:	9.5286033899958	
    Magnitude of W:	56283.924376791	
    Magnitude of B_grad:	0.53301857426754	
    Magnitude of b:	7.4284043090874	

	
    Current index:	49501	
    Magnitude of W_grad:	6.3065333665332	
    Magnitude of W:	56271.357863242	
    Magnitude of B_grad:	0.09026489396944	
    Magnitude of b:	7.1282028202253	

	
    Current index:	59501	
    Magnitude of W_grad:	6.6766378374582	
    Magnitude of W:	56258.849918203	
    Magnitude of B_grad:	0.061280052490851	
    Magnitude of b:	7.2100960940749	

	
    Current index:	69501	
    Magnitude of W_grad:	5.9013249538913	
    Magnitude of W:	56246.454754869	
    Magnitude of B_grad:	0.096548376169164	
    Magnitude of b:	7.1049186888158	

	
    Current index:	79501	
    Magnitude of W_grad:	6.1496173792665	
    Magnitude of W:	56233.938751047	
    Magnitude of B_grad:	0.37702847654572	
    Magnitude of b:	6.9289708538525	

	
SGD: Loss is	
	LOSS:Calculated softmax res	
173420.84709168	
SGD: crossEntropyLoss is	
173420.84709168	
SGD: Validation Accuracy is:	
0.28337874659401	
SGD: Magnitude of W:	
56233.938751047	
SGD: Magnitude of b:	
6.9289708538525	
    Current index:	9501	
    Magnitude of W_grad:	6.5858458432905	
    Magnitude of W:	56221.829785461	
    Magnitude of B_grad:	0.1280747671957	
    Magnitude of b:	6.9776856173607	

	
    Current index:	19501	
    Magnitude of W_grad:	5.9305954870695	
    Magnitude of W:	56209.208904277	
    Magnitude of B_grad:	0.084608754981171	
    Magnitude of b:	7.1914908788334	

	
    Current index:	29501	
    Magnitude of W_grad:	5.3860537877538	
    Magnitude of W:	56196.601721174	
    Magnitude of B_grad:	0.085504636096358	
    Magnitude of b:	7.5152088043921	

	
    Current index:	39501	
    Magnitude of W_grad:	9.4483970916834	
    Magnitude of W:	56183.698039825	
    Magnitude of B_grad:	0.52646413127215	
    Magnitude of b:	7.4207205573151	

	
    Current index:	49501	
    Magnitude of W_grad:	6.2752570358882	
    Magnitude of W:	56171.225519023	
    Magnitude of B_grad:	0.090638112032081	
    Magnitude of b:	7.1249079120659	

	
    Current index:	59501	
    Magnitude of W_grad:	6.6183065162104	
    Magnitude of W:	56158.858787871	
    Magnitude of B_grad:	0.060664115947466	
    Magnitude of b:	7.2065316736578	

	
    Current index:	69501	
    Magnitude of W_grad:	5.856983959341	
    Magnitude of W:	56146.59923252	
    Magnitude of B_grad:	0.0953165401875	
    Magnitude of b:	7.1019855073184	

	
    Current index:	79501	
    Magnitude of W_grad:	6.0335907724316	
    Magnitude of W:	56134.208710141	
    Magnitude of B_grad:	0.37101727473126	
    Magnitude of b:	6.9283969819079	

	
SGD: Loss is	
	LOSS:Calculated softmax res	
172249.04546282	
SGD: crossEntropyLoss is	
172249.04546282	
SGD: Validation Accuracy is:	
0.28519527702089	
SGD: Magnitude of W:	
56134.208710141	
SGD: Magnitude of b:	
6.9283969819079	
    Current index:	9501	
    Magnitude of W_grad:	6.5466550277655	
    Magnitude of W:	56122.345363006	
    Magnitude of B_grad:	0.12864928952999	
    Magnitude of b:	6.9699958632437	

	
    Current index:	19501	
    Magnitude of W_grad:	5.8988753636188	
    Magnitude of W:	56109.888074473	
    Magnitude of B_grad:	0.084774053019028	
    Magnitude of b:	7.1837973273441	

	
    Current index:	29501	
    Magnitude of W_grad:	5.3561157811594	
    Magnitude of W:	56097.447390467	
    Magnitude of B_grad:	0.085014671524773	
    Magnitude of b:	7.5060470094658	

	
    Current index:	39501	
    Magnitude of W_grad:	9.3706665774318	
    Magnitude of W:	56084.711512771	
    Magnitude of B_grad:	0.52007989180309	
    Magnitude of b:	7.4132303802944	

	
    Current index:	49501	
    Magnitude of W_grad:	6.2436651253	
    Magnitude of W:	56072.406181413	
    Magnitude of B_grad:	0.091012941460531	
    Magnitude of b:	7.1217220473532	

	
    Current index:	59501	
    Magnitude of W_grad:	6.5604567075989	
    Magnitude of W:	56060.148020735	
    Magnitude of B_grad:	0.060019725413146	
    Magnitude of b:	7.203052435747	

	
    Current index:	69501	
    Magnitude of W_grad:	5.8134976966415	
    Magnitude of W:	56047.997562502	
    Magnitude of B_grad:	0.094125464161634	
    Magnitude of b:	7.0990968974952	

	
    Current index:	79501	
    Magnitude of W_grad:	5.9238222441651	
    Magnitude of W:	56035.80153626	
    Magnitude of B_grad:	0.36532318725845	
    Magnitude of b:	6.9278822372533	

	
SGD: Loss is	
	LOSS:Calculated softmax res	
171109.3452898	
SGD: crossEntropyLoss is	
171109.3452898	
SGD: Validation Accuracy is:	
0.28882833787466	
SGD: Magnitude of W:	
56035.80153626	
SGD: Magnitude of b:	
6.9278822372533	
    Current index:	9501	
    Magnitude of W_grad:	6.5086039703577	
    Magnitude of W:	56024.093849929	
    Magnitude of B_grad:	0.12917658519363	
    Magnitude of b:	6.9625217168053	

	
    Current index:	19501	
    Magnitude of W_grad:	5.8681641959882	
    Magnitude of W:	56011.689173341	
    Magnitude of B_grad:	0.08494594024654	
    Magnitude of b:	7.1762853928522	

	
    Current index:	29501	
    Magnitude of W_grad:	5.3273205628765	
    Magnitude of W:	55999.43867684	
    Magnitude of B_grad:	0.084518817189679	
    Magnitude of b:	7.4970671783292	

	
    Current index:	39501	
    Magnitude of W_grad:	9.2963380800313	
    Magnitude of W:	55986.853411328	
    Magnitude of B_grad:	0.5138585684154	
    Magnitude of b:	7.4059285237073	

	
    Current index:	49501	
    Magnitude of W_grad:	6.2123386682472	
    Magnitude of W:	55974.702970441	
    Magnitude of B_grad:	0.091386565648733	
    Magnitude of b:	7.1186395127283	

	
    Current index:	59501	
    Magnitude of W_grad:	6.5037669363607	
    Magnitude of W:	55962.590300368	
    Magnitude of B_grad:	0.059350467387406	
    Magnitude of b:	7.19965234327	

	
    Current index:	69501	
    Magnitude of W_grad:	5.7710824493826	
    Magnitude of W:	55950.623851493	
    Magnitude of B_grad:	0.09297516181753	
    Magnitude of b:	7.0962489083879	

	
    Current index:	79501	
    Magnitude of W_grad:	5.8202806699688	
    Magnitude of W:	55938.510751019	
    Magnitude of B_grad:	0.35992945617598	
    Magnitude of b:	6.9274197216543	

	
SGD: Loss is	
	LOSS:Calculated softmax res	
170000.31413847	
SGD: crossEntropyLoss is	
170000.31413847	
SGD: Validation Accuracy is:	
0.29155313351499	
SGD: Magnitude of W:	
55938.510751019	
SGD: Magnitude of b:	
6.9274197216543	
    Current index:	9501	
    Magnitude of W_grad:	6.4707632419015	
    Magnitude of W:	55926.940177943	
    Magnitude of B_grad:	0.1299264685716	
    Magnitude of b:	6.9552550462378	

	
    Current index:	19501	
    Magnitude of W_grad:	5.8378534176629	
    Magnitude of W:	55914.655468124	
    Magnitude of B_grad:	0.085122365801341	
    Magnitude of b:	7.1689519106456	

	
    Current index:	29501	
    Magnitude of W_grad:	5.2993061125112	
    Magnitude of W:	55902.531320712	
    Magnitude of B_grad:	0.084042798918359	
    Magnitude of b:	7.4882662236485	

	
    Current index:	39501	
    Magnitude of W_grad:	9.2241170225914	
    Magnitude of W:	55890.108382675	
    Magnitude of B_grad:	0.5077936027353	
    Magnitude of b:	7.3988106334027	

	
    Current index:	49501	
    Magnitude of W_grad:	6.1811300903152	
    Magnitude of W:	55878.074389657	
    Magnitude of B_grad:	0.09175623156531	
    Magnitude of b:	7.1156553814075	

	
    Current index:	59501	
    Magnitude of W_grad:	6.4476402036266	
    Magnitude of W:	55866.096983167	
    Magnitude of B_grad:	0.058659706244037	
    Magnitude of b:	7.1963265625679	

	
    Current index:	69501	
    Magnitude of W_grad:	5.7292857741018	
    Magnitude of W:	55854.27653484	
    Magnitude of B_grad:	0.091865334601285	
    Magnitude of b:	7.0934383050641	

	
    Current index:	79501	
    Magnitude of W_grad:	5.7225634634609	
    Magnitude of W:	55842.272193217	
    Magnitude of B_grad:	0.35481944274452	
    Magnitude of b:	6.9270038406023	

	
SGD: Loss is	
	LOSS:Calculated softmax res	
168920.61238427	
SGD: crossEntropyLoss is	
168920.61238427	
SGD: Validation Accuracy is:	
0.29336966394187	
SGD: Magnitude of W:	
55842.272193217	
SGD: Magnitude of b:	
6.9270038406023	
    Current index:	9501	
    Magnitude of W_grad:	6.4348742641993	
    Magnitude of W:	55830.821274561	
    Magnitude of B_grad:	0.13125153367455	
    Magnitude of b:	6.9481887094207	

	
    Current index:	19501	
    Magnitude of W_grad:	5.8083866205417	
    Magnitude of W:	55818.63952317	
    Magnitude of B_grad:	0.085301630575757	
    Magnitude of b:	7.1617940774216	

	
    Current index:	29501	
    Magnitude of W_grad:	5.2728178281513	
    Magnitude of W:	55806.591222011	
    Magnitude of B_grad:	0.083605042762578	
    Magnitude of b:	7.4796418754287	

	
    Current index:	39501	
    Magnitude of W_grad:	9.1532105432961	
    Magnitude of W:	55794.278715276	
    Magnitude of B_grad:	0.50187911564841	
    Magnitude of b:	7.3918730343207	

	
    Current index:	49501	
    Magnitude of W_grad:	6.1498391828532	
    Magnitude of W:	55782.440369192	
    Magnitude of B_grad:	0.092119211818849	
    Magnitude of b:	7.1127653059278	

	
    Current index:	59501	
    Magnitude of W_grad:	6.3918174757034	
    Magnitude of W:	55770.632698525	
    Magnitude of B_grad:	0.057950581463691	
    Magnitude of b:	7.1930712379304	

	
    Current index:	69501	
    Magnitude of W_grad:	5.6887194878963	
    Magnitude of W:	55758.864919958	
    Magnitude of B_grad:	0.090795396422389	
    Magnitude of b:	7.0907156393617	

	
    Current index:	79501	
    Magnitude of W_grad:	5.6333537614193	
    Magnitude of W:	55747.000677533	
    Magnitude of B_grad:	0.34997685777753	
    Magnitude of b:	6.9266300161733	

	
SGD: Loss is	
	LOSS:Calculated softmax res	
167868.98418479	
SGD: crossEntropyLoss is	
167868.98418479	
SGD: Validation Accuracy is:	
0.29427792915531	
SGD: Magnitude of W:	
55747.000677533	
SGD: Magnitude of b:	
6.9266300161733	
    Current index:	9501	
    Magnitude of W_grad:	6.40016344777	
    Magnitude of W:	55735.670064562	
    Magnitude of B_grad:	0.13250706549322	
    Magnitude of b:	6.9413163049295	

	
    Current index:	19501	
    Magnitude of W_grad:	5.7790236175751	
    Magnitude of W:	55723.583612942	
    Magnitude of B_grad:	0.085482355619992	
    Magnitude of b:	7.1548092681861	

	
    Current index:	29501	
    Magnitude of W_grad:	5.2470017106032	
    Magnitude of W:	55711.64574761	
    Magnitude of B_grad:	0.083165348388881	
    Magnitude of b:	7.4711923859752	

	
    Current index:	39501	
    Magnitude of W_grad:	9.0835783926309	
    Magnitude of W:	55699.410931224	
    Magnitude of B_grad:	0.4961098451571	
    Magnitude of b:	7.3851125053247	

	
    Current index:	49501	
    Magnitude of W_grad:	6.1184793172641	
    Magnitude of W:	55687.721098908	
    Magnitude of B_grad:	0.092472789072568	
    Magnitude of b:	7.1099653370383	

	
    Current index:	59501	
    Magnitude of W_grad:	6.3370839498877	
    Magnitude of W:	55676.089902423	
    Magnitude of B_grad:	0.057226008458719	
    Magnitude of b:	7.189883286977	

	
    Current index:	69501	
    Magnitude of W_grad:	5.6493320247878	
    Magnitude of W:	55664.382985255	
    Magnitude of B_grad:	0.089764513117169	
    Magnitude of b:	7.0883963989422	

	
    Current index:	79501	
    Magnitude of W_grad:	5.5490487115258	
    Magnitude of W:	55652.659422701	
    Magnitude of B_grad:	0.34538591815932	
    Magnitude of b:	6.9262944369817	

	
SGD: Loss is	
	LOSS:Calculated softmax res	
166844.24992103	
SGD: crossEntropyLoss is	
166844.24992103	
SGD: Validation Accuracy is:	
0.29336966394187	
SGD: Magnitude of W:	
55652.659422701	
SGD: Magnitude of b:	
6.9262944369817	
    Current index:	9501	
    Magnitude of W_grad:	6.3660885848335	
    Magnitude of W:	55641.445802948	
    Magnitude of B_grad:	0.13369594403257	
    Magnitude of b:	6.9346319453893	

	
    Current index:	19501	
    Magnitude of W_grad:	5.7498868728427	
    Magnitude of W:	55629.449356396	
    Magnitude of B_grad:	0.085663443270742	
    Magnitude of b:	7.1479948700958	

	
    Current index:	29501	
    Magnitude of W_grad:	5.2216576650477	
    Magnitude of W:	55617.615537582	
    Magnitude of B_grad:	0.082725937574461	
    Magnitude of b:	7.4629162590197	

	
    Current index:	39501	
    Magnitude of W_grad:	9.0155261472217	
    Magnitude of W:	55605.442845948	
    Magnitude of B_grad:	0.49048107624578	
    Magnitude of b:	7.3785260710148	

	
    Current index:	49501	
    Magnitude of W_grad:	6.0870544593631	
    Magnitude of W:	55593.918360173	
    Magnitude of B_grad:	0.092814260838686	
    Magnitude of b:	7.1072517799459	

	
    Current index:	59501	
    Magnitude of W_grad:	6.2831986201765	
    Magnitude of W:	55582.406096341	
    Magnitude of B_grad:	0.056488683284717	
    Magnitude of b:	7.1867602240577	

	
    Current index:	69501	
    Magnitude of W_grad:	5.6111520261838	
    Magnitude of W:	55570.784567048	
    Magnitude of B_grad:	0.088771651009729	
    Magnitude of b:	7.0861730105117	

	
    Current index:	79501	
    Magnitude of W_grad:	5.4688785535235	
    Magnitude of W:	55559.153862285	
    Magnitude of B_grad:	0.34103144972186	
    Magnitude of b:	6.9259938500539	

	
SGD: Loss is	
	LOSS:Calculated softmax res	
165845.29975151	
SGD: crossEntropyLoss is	
165845.29975151	
SGD: Validation Accuracy is:	
0.29246139872843	
SGD: Magnitude of W:	
55559.153862285	
SGD: Magnitude of b:	
6.9259938500539	
    Current index:	9501	
    Magnitude of W_grad:	6.3325545301392	
    Magnitude of W:	55548.028811802	
    Magnitude of B_grad:	0.1348210250758	
    Magnitude of b:	6.9281300645324	

	
    Current index:	19501	
    Magnitude of W_grad:	5.7214110360301	
    Magnitude of W:	55536.110831724	
    Magnitude of B_grad:	0.085844035007814	
    Magnitude of b:	7.1413481460706	

	
    Current index:	29501	
    Magnitude of W_grad:	5.1966998175346	
    Magnitude of W:	55524.380583042	
    Magnitude of B_grad:	0.082288586774995	
    Magnitude of b:	7.4548120190814	

	
    Current index:	39501	
    Magnitude of W_grad:	8.9486482284838	
    Magnitude of W:	55512.271444009	
    Magnitude of B_grad:	0.48498856718737	
    Magnitude of b:	7.3721108251651	

	
    Current index:	49501	
    Magnitude of W_grad:	6.0555896281927	
    Magnitude of W:	55500.912820564	
    Magnitude of B_grad:	0.09314096144138	
    Magnitude of b:	7.1046210905965	

	
    Current index:	59501	
    Magnitude of W_grad:	6.2297209513463	
    Magnitude of W:	55489.490033865	
    Magnitude of B_grad:	0.055741091243724	
    Magnitude of b:	7.1837000137284	

	
    Current index:	69501	
    Magnitude of W_grad:	5.5735375989346	
    Magnitude of W:	55477.98262036	
    Magnitude of B_grad:	0.087815628447052	
    Magnitude of b:	7.0840392257859	

	
    Current index:	79501	
    Magnitude of W_grad:	5.3926424121164	
    Magnitude of W:	55466.44780711	
    Magnitude of B_grad:	0.33689895149621	
    Magnitude of b:	6.9257253943675	

	
SGD: Loss is	
	LOSS:Calculated softmax res	
164871.08802083	
SGD: crossEntropyLoss is	
164871.08802083	
SGD: Validation Accuracy is:	
0.29336966394187	
SGD: Magnitude of W:	
55466.44780711	
SGD: Magnitude of b:	
6.9257253943675	
    Current index:	9501	
    Magnitude of W_grad:	6.2996998051161	
    Magnitude of W:	55455.469906863	
    Magnitude of B_grad:	0.13588512972355	
    Magnitude of b:	6.921805263774	

	
    Current index:	19501	
    Magnitude of W_grad:	5.6934958990704	
    Magnitude of W:	55443.634297363	
    Magnitude of B_grad:	0.086023469202272	
    Magnitude of b:	7.1348661350541	

	
    Current index:	29501	
    Magnitude of W_grad:	5.1719895021586	
    Magnitude of W:	55431.971871784	
    Magnitude of B_grad:	0.081854674150791	
    Magnitude of b:	7.4468780303999	

	
    Current index:	39501	
    Magnitude of W_grad:	8.8831042217109	
    Magnitude of W:	55419.983723356	
    Magnitude of B_grad:	0.47962847638072	
    Magnitude of b:	7.3658637936344	

	
    Current index:	49501	
    Magnitude of W_grad:	6.0239843413457	
    Magnitude of W:	55408.771874525	
    Magnitude of B_grad:	0.09345029694183	
    Magnitude of b:	7.102069808793	

	
    Current index:	59501	
    Magnitude of W_grad:	6.176641024804	
    Magnitude of W:	55397.409441676	
    Magnitude of B_grad:	0.054985519074143	
    Magnitude of b:	7.1807009527358	

	
    Current index:	69501	
    Magnitude of W_grad:	5.5366308970301	
    Magnitude of W:	55386.015952488	
    Magnitude of B_grad:	0.086895165116286	
    Magnitude of b:	7.0819891433565	

	
    Current index:	79501	
    Magnitude of W_grad:	5.3198587023183	
    Magnitude of W:	55374.580116179	
    Magnitude of B_grad:	0.3329746320404	
    Magnitude of b:	6.9254864729257	

	
SGD: Loss is	
	LOSS:Calculated softmax res	
163920.62833474	
SGD: crossEntropyLoss is	
163920.62833474	
SGD: Validation Accuracy is:	
0.29336966394187	
SGD: Magnitude of W:	
55374.580116179	
SGD: Magnitude of b:	
6.9254864729257	
    Current index:	9501	
    Magnitude of W_grad:	6.2672661108991	
    Magnitude of W:	55363.719307092	
    Magnitude of B_grad:	0.13689103522351	
    Magnitude of b:	6.9156521996113	

	
    Current index:	19501	
    Magnitude of W_grad:	5.6660134872604	
    Magnitude of W:	55351.967664495	
    Magnitude of B_grad:	0.086201241066029	
    Magnitude of b:	7.128545590589	

	
    Current index:	29501	
    Magnitude of W_grad:	5.1475451231401	
    Magnitude of W:	55340.393400113	
    Magnitude of B_grad:	0.081425223543051	
    Magnitude of b:	7.4391123685242	

	
    Current index:	39501	
    Magnitude of W_grad:	8.8195061677415	
    Magnitude of W:	55328.469910964	
    Magnitude of B_grad:	0.47439729311881	
    Magnitude of b:	7.3597818385826	

	
    Current index:	49501	
    Magnitude of W_grad:	5.9922834145614	
    Magnitude of W:	55317.332134181	
    Magnitude of B_grad:	0.093739788190868	
    Magnitude of b:	7.0995945218008	

	
    Current index:	59501	
    Magnitude of W_grad:	6.124420003495	
    Magnitude of W:	55306.06368707	
    Magnitude of B_grad:	0.054224070068322	
    Magnitude of b:	7.1777615770363	

	
    Current index:	69501	
    Magnitude of W_grad:	5.5003438053202	
    Magnitude of W:	55294.77311126	
    Magnitude of B_grad:	0.086008925504974	
    Magnitude of b:	7.0800171431147	

	
    Current index:	79501	
    Magnitude of W_grad:	5.250741095204	
    Magnitude of W:	55283.444405453	
    Magnitude of B_grad:	0.3292454253384	
    Magnitude of b:	6.9252746589956	

	
SGD: Loss is	
	LOSS:Calculated softmax res	
162992.98916389	
SGD: crossEntropyLoss is	
162992.98916389	
SGD: Validation Accuracy is:	
0.29336966394187	
SGD: Magnitude of W:	
55283.444405453	
SGD: Magnitude of b:	
6.9252746589956	
    Current index:	9501	
    Magnitude of W_grad:	6.2355953917013	
    Magnitude of W:	55272.707841965	
    Magnitude of B_grad:	0.13784146703221	
    Magnitude of b:	6.9096655099077	

	
    Current index:	19501	
    Magnitude of W_grad:	5.6386666438872	
    Magnitude of W:	55261.045681521	
    Magnitude of B_grad:	0.086376966361046	
    Magnitude of b:	7.1223829554356	

	
    Current index:	29501	
    Magnitude of W_grad:	5.1235329901428	
    Magnitude of W:	55249.54669079	
    Magnitude of B_grad:	0.081000946209217	
    Magnitude of b:	7.4315127425868	

	
    Current index:	39501	
    Magnitude of W_grad:	8.7573626174275	
    Magnitude of W:	55237.697341854	
    Magnitude of B_grad:	0.469291774798	
    Magnitude of b:	7.3538616012848	

	
    Current index:	49501	
    Magnitude of W_grad:	5.9608414483388	
    Magnitude of W:	55226.677793574	
    Magnitude of B_grad:	0.09400711700596	
    Magnitude of b:	7.0971918511054	

	
    Current index:	59501	
    Magnitude of W_grad:	6.073237654158	
    Magnitude of W:	55215.495706526	
    Magnitude of B_grad:	0.053458681114163	
    Magnitude of b:	7.1748805898428	

	
    Current index:	69501	
    Magnitude of W_grad:	5.4651978662399	
    Magnitude of W:	55204.301377108	
    Magnitude of B_grad:	0.08515555445339	
    Magnitude of b:	7.0781178443693	

	
    Current index:	79501	
    Magnitude of W_grad:	5.1846878188777	
    Magnitude of W:	55193.082513704	
    Magnitude of B_grad:	0.32569899156982	
    Magnitude of b:	6.925087631862	

	
SGD: Loss is	
	LOSS:Calculated softmax res	
162087.28987472	
SGD: crossEntropyLoss is	
162087.28987472	
SGD: Validation Accuracy is:	
0.29972752043597	
SGD: Magnitude of W:	
55193.082513704	
SGD: Magnitude of b:	
6.925087631862	
    Current index:	9501	
    Magnitude of W_grad:	6.2043425108884	
    Magnitude of W:	55182.441718785	
    Magnitude of B_grad:	0.13873909181484	
    Magnitude of b:	6.9038397750227	

	
    Current index:	19501	
    Magnitude of W_grad:	5.6115932205405	
    Magnitude of W:	55170.869982971	
    Magnitude of B_grad:	0.086550349818039	
    Magnitude of b:	7.1163743673784	

	
    Current index:	29501	
    Magnitude of W_grad:	5.0996541522692	
    Magnitude of W:	55159.446944682	
    Magnitude of B_grad:	0.080582280865348	
    Magnitude of b:	7.4240764627287	

	
    Current index:	39501	
    Magnitude of W_grad:	8.696665218453	
    Magnitude of W:	55147.686105699	
    Magnitude of B_grad:	0.46430889213455	
    Magnitude of b:	7.3480994779614	

	
    Current index:	49501	
    Magnitude of W_grad:	5.9294695467186	
    Magnitude of W:	55136.742089526	
    Magnitude of B_grad:	0.09425017078446	
    Magnitude of b:	7.0948584553484	

	
    Current index:	59501	
    Magnitude of W_grad:	6.0228306596844	
    Magnitude of W:	55125.660221854	
    Magnitude of B_grad:	0.052691140411818	
    Magnitude of b:	7.1720568069859	

	
    Current index:	69501	
    Magnitude of W_grad:	5.4306892399467	
    Magnitude of W:	55114.527652252	
    Magnitude of B_grad:	0.084333704076219	
    Magnitude of b:	7.0762860851203	

	
    Current index:	79501	
    Magnitude of W_grad:	5.1213541261358	
    Magnitude of W:	55103.402420061	
    Magnitude of B_grad:	0.32232370663045	
    Magnitude of b:	6.9249231375346	

	
SGD: Loss is	
	LOSS:Calculated softmax res	
161202.69711297	
SGD: crossEntropyLoss is	
161202.69711297	
SGD: Validation Accuracy is:	
0.30336058128974	
SGD: Magnitude of W:	
55103.402420061	
SGD: Magnitude of b:	
6.9249231375346	
    Current index:	9501	
    Magnitude of W_grad:	6.1734242977966	
    Magnitude of W:	55092.83641233	
    Magnitude of B_grad:	0.13958651105001	
    Magnitude of b:	6.8981695085075	

	
    Current index:	19501	
    Magnitude of W_grad:	5.5847386116974	
    Magnitude of W:	55081.346266347	
    Magnitude of B_grad:	0.086721158741281	
    Magnitude of b:	7.1105156899697	

	
    Current index:	29501	
    Magnitude of W_grad:	5.0762103761462	
    Magnitude of W:	55070.022821077	
    Magnitude of B_grad:	0.080169432320108	
    Magnitude of b:	7.4168004450068	

	
    Current index:	39501	
    Magnitude of W_grad:	8.6368758085508	
    Magnitude of W:	55058.336112812	
    Magnitude of B_grad:	0.45944578307157	
    Magnitude of b:	7.3424916216881	

	
    Current index:	49501	
    Magnitude of W_grad:	5.8981102182862	
    Magnitude of W:	55047.44735988	
    Magnitude of B_grad:	0.09446708160823	
    Magnitude of b:	7.0925910434918	

	
    Current index:	59501	
    Magnitude of W_grad:	5.9735409876888	
    Magnitude of W:	55036.443145125	
    Magnitude of B_grad:	0.051923104548326	
    Magnitude of b:	7.1692891164749	

	
    Current index:	69501	
    Magnitude of W_grad:	5.3969644269203	
    Magnitude of W:	55025.360225989	
    Magnitude of B_grad:	0.083542052317183	
    Magnitude of b:	7.0745169190988	

	
    Current index:	79501	
    Magnitude of W_grad:	5.0605635820106	
    Magnitude of W:	55014.301227335	
    Magnitude of B_grad:	0.31910864338471	
    Magnitude of b:	6.9247789699581	

	
SGD: Loss is	
	LOSS:Calculated softmax res	
160338.42148681	
SGD: crossEntropyLoss is	
160338.42148681	
SGD: Validation Accuracy is:	
0.30154405086285	
SGD: Magnitude of W:	
55014.301227335	
SGD: Magnitude of b:	
6.9247789699581	
    Current index:	9501	
    Magnitude of W_grad:	6.1429495162961	
    Magnitude of W:	55003.86765724	
    Magnitude of B_grad:	0.14038625498526	
    Magnitude of b:	6.8926491714153	

	
    Current index:	19501	
    Magnitude of W_grad:	5.5582818057257	
    Magnitude of W:	54992.491537741	
    Magnitude of B_grad:	0.086889201907074	
    Magnitude of b:	7.1048025614349	

	
    Current index:	29501	
    Magnitude of W_grad:	5.0534636607588	
    Magnitude of W:	54981.248623406	
    Magnitude of B_grad:	0.079762408736005	
    Magnitude of b:	7.4096812451777	

	
    Current index:	39501	
    Magnitude of W_grad:	8.5784067162689	
    Magnitude of W:	54969.675593702	
    Magnitude of B_grad:	0.45469971531136	
    Magnitude of b:	7.3370339632525	

	
    Current index:	49501	
    Magnitude of W_grad:	5.8668920920886	
    Magnitude of W:	54958.843607108	
    Magnitude of B_grad:	0.094656256941693	
    Magnitude of b:	7.0903863934614	

	
    Current index:	59501	
    Magnitude of W_grad:	5.9258677401536	
    Magnitude of W:	54947.916959639	
    Magnitude of B_grad:	0.051156113753898	
    Magnitude of b:	7.166576449726	

	
    Current index:	69501	
    Magnitude of W_grad:	5.364116153434	
    Magnitude of W:	54936.872685089	
    Magnitude of B_grad:	0.082779314070816	
    Magnitude of b:	7.0728056264434	

	
    Current index:	79501	
    Magnitude of W_grad:	5.0021529009876	
    Magnitude of W:	54925.953493934	
    Magnitude of B_grad:	0.31604354704064	
    Magnitude of b:	6.9246529682879	

	
Done.	
Testing on validation set...	
Done	
Datafile:	/n/home09/ankitgupta/CS287/HW1/SST1-uni.hdf5	Classifier:	lr	Alpha:	0	Eta:	0.5	Lambda:	1	Minibatch size:	500	Num Epochs:	50	Minimum Sentence Length:	5	
Accuracy:	0.30336058128974	
