[?1034hDatafile:	/n/home09/ankitgupta/CS287/HW1/SST1-uni-syns.hdf5	Classifier:	hinge	Alpha:	0	Eta:	1	Lambda:	1	Minibatch size:	500	Num Epochs:	15	Minimum Sentence Length:	0	
Note that not all parameters may apply to all classifiers	
Loading datafiles...	
Number of training samples before removing small sentences	156817	
Number of training samples after removing small sentences	156817	
Done.	
Training classifier...	
Parameters are:	
Eta:	
1	
Lambda:	
1	
Minibatch size:	
500	
Number of Epochs	
15	
SGD: Hinge Loss is	
1483786.6575533	
SGD: Validation Accuracy is:	
0.21707538601272	
SGD: Magnitude of W:	
185018.24630918	
SGD: Magnitude of b:	
2.4068257650764	
    Current index:	9501	
    Magnitude of W_grad:	39.112	
    Magnitude of W:	184917.75751115	
    Magnitude of B_grad:	0.268	
    Magnitude of b:	8.6981734800343	

	
    Current index:	19501	
    Magnitude of W_grad:	36.308	
    Magnitude of W:	184832.11401776	
    Magnitude of B_grad:	0.18	
    Magnitude of b:	10.440936521984	

	
    Current index:	29501	
    Magnitude of W_grad:	45.120000000001	
    Magnitude of W:	184748.79580011	
    Magnitude of B_grad:	0.196	
    Magnitude of b:	11.019561634021	

	
    Current index:	39501	
    Magnitude of W_grad:	35.700000000001	
    Magnitude of W:	184669.08219658	
    Magnitude of B_grad:	0.296	
    Magnitude of b:	11.718083749259	

	
    Current index:	49501	
    Magnitude of W_grad:	35.784000000001	
    Magnitude of W:	184589.44141481	
    Magnitude of B_grad:	0.184	
    Magnitude of b:	12.220563994563	

	
    Current index:	59501	
    Magnitude of W_grad:	33.652	
    Magnitude of W:	184516.84124067	
    Magnitude of B_grad:	0.22	
    Magnitude of b:	12.602991942589	

	
    Current index:	69501	
    Magnitude of W_grad:	43.352000000001	
    Magnitude of W:	184441.70288902	
    Magnitude of B_grad:	0.156	
    Magnitude of b:	12.785356020831	

	
    Current index:	79501	
    Magnitude of W_grad:	33.556	
    Magnitude of W:	184366.95473445	
    Magnitude of B_grad:	0.156	
    Magnitude of b:	12.599716354902	

	
    Current index:	89501	
    Magnitude of W_grad:	51.476000000001	
    Magnitude of W:	184286.22799298	
    Magnitude of B_grad:	0.388	
    Magnitude of b:	10.610248096848	

	
    Current index:	99501	
    Magnitude of W_grad:	44.092000000001	
    Magnitude of W:	184209.74576524	
    Magnitude of B_grad:	0.196	
    Magnitude of b:	10.57100728479	

	
    Current index:	109501	
    Magnitude of W_grad:	40.776000000001	
    Magnitude of W:	184134.51768987	
    Magnitude of B_grad:	0.1	
    Magnitude of b:	11.825574411949	

	
    Current index:	119501	
    Magnitude of W_grad:	41.564000000001	
    Magnitude of W:	184059.20849537	
    Magnitude of B_grad:	0.128	
    Magnitude of b:	11.836059390632	

	
    Current index:	129501	
    Magnitude of W_grad:	40.512000000001	
    Magnitude of W:	183986.88669281	
    Magnitude of B_grad:	0.14	
    Magnitude of b:	11.510570987025	

	
    Current index:	139501	
    Magnitude of W_grad:	48.240000000001	
    Magnitude of W:	183919.77323302	
    Magnitude of B_grad:	0.208	
    Magnitude of b:	11.33589766117	

	
    Current index:	149501	
    Magnitude of W_grad:	36.340000000001	
    Magnitude of W:	183849.44530526	
    Magnitude of B_grad:	0.08	
    Magnitude of b:	11.607637517546	

	
SGD: Hinge Loss is	
842449.36986113	
SGD: Validation Accuracy is:	
0.27883742052679	
SGD: Magnitude of W:	
183802.18254778	
SGD: Magnitude of b:	
10.095306637074	
    Current index:	9501	
    Magnitude of W_grad:	29.839999999999	
    Magnitude of W:	183740.29560951	
    Magnitude of B_grad:	0.128	
    Magnitude of b:	11.639353126598	

	
    Current index:	19501	
    Magnitude of W_grad:	28.98	
    Magnitude of W:	183679.99461918	
    Magnitude of B_grad:	0.176	
    Magnitude of b:	11.821852059534	

	
    Current index:	29501	
    Magnitude of W_grad:	36.184	
    Magnitude of W:	183617.98557776	
    Magnitude of B_grad:	0.14	
    Magnitude of b:	11.548352153508	

	
    Current index:	39501	
    Magnitude of W_grad:	35.024000000001	
    Magnitude of W:	183557.5828527	
    Magnitude of B_grad:	0.276	
    Magnitude of b:	11.666845500407	

	
    Current index:	49501	
    Magnitude of W_grad:	36.608000000001	
    Magnitude of W:	183493.84546904	
    Magnitude of B_grad:	0.176	
    Magnitude of b:	12.053338401713	

	
    Current index:	59501	
    Magnitude of W_grad:	28.616	
    Magnitude of W:	183435.13139789	
    Magnitude of B_grad:	0.112	
    Magnitude of b:	12.195809305198	

	
    Current index:	69501	
    Magnitude of W_grad:	41.396000000002	
    Magnitude of W:	183373.21623065	
    Magnitude of B_grad:	0.088	
    Magnitude of b:	12.382215236078	

	
    Current index:	79501	
    Magnitude of W_grad:	35.683999999999	
    Magnitude of W:	183312.03432545	
    Magnitude of B_grad:	0.216	
    Magnitude of b:	12.180642337003	

	
    Current index:	89501	
    Magnitude of W_grad:	47.844000000001	
    Magnitude of W:	183250.0468527	
    Magnitude of B_grad:	0.396	
    Magnitude of b:	10.907134159022	

	
    Current index:	99501	
    Magnitude of W_grad:	40.12	
    Magnitude of W:	183188.16469061	
    Magnitude of B_grad:	0.096	
    Magnitude of b:	10.715143262777	

	
    Current index:	109501	
    Magnitude of W_grad:	38.412000000001	
    Magnitude of W:	183129.39936013	
    Magnitude of B_grad:	0.148	
    Magnitude of b:	11.785715601598	

	
    Current index:	119501	
    Magnitude of W_grad:	42.040000000001	
    Magnitude of W:	183067.73584021	
    Magnitude of B_grad:	0.12	
    Magnitude of b:	11.41624359135	

	
    Current index:	129501	
    Magnitude of W_grad:	39.924000000001	
    Magnitude of W:	183007.35096372	
    Magnitude of B_grad:	0.104	
    Magnitude of b:	11.181505646873	

	
    Current index:	139501	
    Magnitude of W_grad:	50.000000000002	
    Magnitude of W:	182948.61316978	
    Magnitude of B_grad:	0.172	
    Magnitude of b:	11.164084164899	

	
    Current index:	149501	
    Magnitude of W_grad:	40.008000000001	
    Magnitude of W:	182887.33005834	
    Magnitude of B_grad:	0.14	
    Magnitude of b:	11.2666550082	

	
SGD: Hinge Loss is	
733297.90648244	
SGD: Validation Accuracy is:	
0.29336966394187	
SGD: Magnitude of W:	
182846.6303072	
SGD: Magnitude of b:	
9.8750898765233	
    Current index:	9501	
    Magnitude of W_grad:	28.451999999999	
    Magnitude of W:	182793.60624191	
    Magnitude of B_grad:	0.072	
    Magnitude of b:	10.905480231383	

	
    Current index:	19501	
    Magnitude of W_grad:	29.228	
    Magnitude of W:	182739.71209036	
    Magnitude of B_grad:	0.188	
    Magnitude of b:	11.16806125157	

	
    Current index:	29501	
    Magnitude of W_grad:	35.616	
    Magnitude of W:	182685.40338925	
    Magnitude of B_grad:	0.152	
    Magnitude of b:	10.902636561208	

	
    Current index:	39501	
    Magnitude of W_grad:	33.756	
    Magnitude of W:	182631.27638196	
    Magnitude of B_grad:	0.24	
    Magnitude of b:	11.065206797725	

	
    Current index:	49501	
    Magnitude of W_grad:	33.404	
    Magnitude of W:	182576.30750416	
    Magnitude of B_grad:	0.168	
    Magnitude of b:	11.3477857101	

	
    Current index:	59501	
    Magnitude of W_grad:	28.384	
    Magnitude of W:	182524.23576609	
    Magnitude of B_grad:	0.056	
    Magnitude of b:	11.570338889344	

	
    Current index:	69501	
    Magnitude of W_grad:	38.248000000001	
    Magnitude of W:	182470.17781316	
    Magnitude of B_grad:	0.072	
    Magnitude of b:	11.668831625992	

	
    Current index:	79501	
    Magnitude of W_grad:	34.048	
    Magnitude of W:	182416.91676468	
    Magnitude of B_grad:	0.264	
    Magnitude of b:	11.483348990047	

	
    Current index:	89501	
    Magnitude of W_grad:	47.864000000001	
    Magnitude of W:	182362.14792827	
    Magnitude of B_grad:	0.404	
    Magnitude of b:	10.583275027644	

	
    Current index:	99501	
    Magnitude of W_grad:	38.472000000001	
    Magnitude of W:	182308.38337118	
    Magnitude of B_grad:	0.072	
    Magnitude of b:	10.269943585405	

	
    Current index:	109501	
    Magnitude of W_grad:	36.592000000001	
    Magnitude of W:	182256.0922214	
    Magnitude of B_grad:	0.136	
    Magnitude of b:	11.183708768015	

	
    Current index:	119501	
    Magnitude of W_grad:	37.836000000001	
    Magnitude of W:	182200.16201093	
    Magnitude of B_grad:	0.232	
    Magnitude of b:	10.790314628116	

	
    Current index:	129501	
    Magnitude of W_grad:	37.44	
    Magnitude of W:	182147.08670839	
    Magnitude of B_grad:	0.128	
    Magnitude of b:	10.705853210298	

	
    Current index:	139501	
    Magnitude of W_grad:	48.552000000002	
    Magnitude of W:	182094.79353691	
    Magnitude of B_grad:	0.18	
    Magnitude of b:	10.708489378309	

	
    Current index:	149501	
    Magnitude of W_grad:	37.752000000001	
    Magnitude of W:	182040.09122805	
    Magnitude of B_grad:	0.096	
    Magnitude of b:	10.847116435849	

	
SGD: Hinge Loss is	
675806.55512231	
SGD: Validation Accuracy is:	
0.29336966394187	
SGD: Magnitude of W:	
182003.73613771	
SGD: Magnitude of b:	
9.492369841961	
    Current index:	9501	
    Magnitude of W_grad:	25.032	
    Magnitude of W:	181955.26063495	
    Magnitude of B_grad:	0.068	
    Magnitude of b:	10.441403950972	

	
    Current index:	19501	
    Magnitude of W_grad:	27.444	
    Magnitude of W:	181906.03998899	
    Magnitude of B_grad:	0.232	
    Magnitude of b:	10.780045174795	

	
    Current index:	29501	
    Magnitude of W_grad:	32.884	
    Magnitude of W:	181856.87045593	
    Magnitude of B_grad:	0.144	
    Magnitude of b:	10.542671753367	

	
    Current index:	39501	
    Magnitude of W_grad:	33.38	
    Magnitude of W:	181806.92725357	
    Magnitude of B_grad:	0.244	
    Magnitude of b:	10.601292716682	

	
    Current index:	49501	
    Magnitude of W_grad:	32.608	
    Magnitude of W:	181758.28109846	
    Magnitude of B_grad:	0.132	
    Magnitude of b:	10.795933087475	

	
    Current index:	59501	
    Magnitude of W_grad:	28.728	
    Magnitude of W:	181710.27947364	
    Magnitude of B_grad:	0.044	
    Magnitude of b:	11.030551976617	

	
    Current index:	69501	
    Magnitude of W_grad:	34.796	
    Magnitude of W:	181660.42188412	
    Magnitude of B_grad:	0.076	
    Magnitude of b:	11.14911380714	

	
    Current index:	79501	
    Magnitude of W_grad:	33.48	
    Magnitude of W:	181611.88072451	
    Magnitude of B_grad:	0.256	
    Magnitude of b:	11.011694007094	

	
    Current index:	89501	
    Magnitude of W_grad:	46.696000000002	
    Magnitude of W:	181562.169089	
    Magnitude of B_grad:	0.376	
    Magnitude of b:	10.156984229219	

	
    Current index:	99501	
    Magnitude of W_grad:	38.644000000001	
    Magnitude of W:	181512.87173209	
    Magnitude of B_grad:	0.108	
    Magnitude of b:	9.8557092685785	

	
    Current index:	109501	
    Magnitude of W_grad:	36.612000000001	
    Magnitude of W:	181464.11629195	
    Magnitude of B_grad:	0.164	
    Magnitude of b:	10.718793210535	

	
    Current index:	119501	
    Magnitude of W_grad:	38.180000000001	
    Magnitude of W:	181412.56899094	
    Magnitude of B_grad:	0.204	
    Magnitude of b:	10.381453565846	

	
    Current index:	129501	
    Magnitude of W_grad:	36.364	
    Magnitude of W:	181362.69150355	
    Magnitude of B_grad:	0.144	
    Magnitude of b:	10.375778679188	

	
    Current index:	139501	
    Magnitude of W_grad:	46.432000000001	
    Magnitude of W:	181313.82734009	
    Magnitude of B_grad:	0.184	
    Magnitude of b:	10.306464950356	

	
    Current index:	149501	
    Magnitude of W_grad:	38.360000000001	
    Magnitude of W:	181262.55963216	
    Magnitude of B_grad:	0.088	
    Magnitude of b:	10.449144782688	

	
SGD: Hinge Loss is	
633699.65942779	
SGD: Validation Accuracy is:	
0.30336058128974	
SGD: Magnitude of W:	
181229.32501353	
SGD: Magnitude of b:	
9.1979733874503	
    Current index:	9501	
    Magnitude of W_grad:	24.016	
    Magnitude of W:	181184.46770743	
    Magnitude of B_grad:	0.084	
    Magnitude of b:	10.022948165631	

	
    Current index:	19501	
    Magnitude of W_grad:	26.692	
    Magnitude of W:	181138.36860353	
    Magnitude of B_grad:	0.26	
    Magnitude of b:	10.309651299397	

	
    Current index:	29501	
    Magnitude of W_grad:	32.624	
    Magnitude of W:	181092.44359952	
    Magnitude of B_grad:	0.176	
    Magnitude of b:	10.13633442361	

	
    Current index:	39501	
    Magnitude of W_grad:	31.619999999999	
    Magnitude of W:	181045.91754249	
    Magnitude of B_grad:	0.216	
    Magnitude of b:	10.23900508992	

	
    Current index:	49501	
    Magnitude of W_grad:	28.884	
    Magnitude of W:	181000.37408444	
    Magnitude of B_grad:	0.14	
    Magnitude of b:	10.337699416944	

	
    Current index:	59501	
    Magnitude of W_grad:	26.84	
    Magnitude of W:	180955.94353599	
    Magnitude of B_grad:	0.044	
    Magnitude of b:	10.620369755732	

	
    Current index:	69501	
    Magnitude of W_grad:	33.552	
    Magnitude of W:	180908.3915372	
    Magnitude of B_grad:	0.132	
    Magnitude of b:	10.758985860593	

	
    Current index:	79501	
    Magnitude of W_grad:	32.992	
    Magnitude of W:	180863.02726673	
    Magnitude of B_grad:	0.232	
    Magnitude of b:	10.613618134387	

	
    Current index:	89501	
    Magnitude of W_grad:	45.672000000001	
    Magnitude of W:	180816.30253393	
    Magnitude of B_grad:	0.372	
    Magnitude of b:	9.8749667192669	

	
    Current index:	99501	
    Magnitude of W_grad:	37.736000000001	
    Magnitude of W:	180769.36080242	
    Magnitude of B_grad:	0.08	
    Magnitude of b:	9.5417286679166	

	
    Current index:	109501	
    Magnitude of W_grad:	34.268	
    Magnitude of W:	180723.61781801	
    Magnitude of B_grad:	0.18	
    Magnitude of b:	10.397950557264	

	
    Current index:	119501	
    Magnitude of W_grad:	38.984000000001	
    Magnitude of W:	180674.81964336	
    Magnitude of B_grad:	0.204	
    Magnitude of b:	10.056650069567	

	
    Current index:	129501	
    Magnitude of W_grad:	37.308	
    Magnitude of W:	180626.70472197	
    Magnitude of B_grad:	0.184	
    Magnitude of b:	10.077902988666	

	
    Current index:	139501	
    Magnitude of W_grad:	44.344000000001	
    Magnitude of W:	180579.81691315	
    Magnitude of B_grad:	0.184	
    Magnitude of b:	10.004625946897	

	
    Current index:	149501	
    Magnitude of W_grad:	38.384000000002	
    Magnitude of W:	180531.25676708	
    Magnitude of B_grad:	0.08	
    Magnitude of b:	10.243335039278	

	
SGD: Hinge Loss is	
600773.11338717	
SGD: Validation Accuracy is:	
0.31516802906449	
SGD: Magnitude of W:	
180500.81895387	
SGD: Magnitude of b:	
8.957873430061	
    Current index:	9501	
    Magnitude of W_grad:	23.332	
    Magnitude of W:	180458.29287137	
    Magnitude of B_grad:	0.096	
    Magnitude of b:	9.7162492106202	

	
    Current index:	19501	
    Magnitude of W_grad:	29.42	
    Magnitude of W:	180414.64856545	
    Magnitude of B_grad:	0.3	
    Magnitude of b:	10.062990284305	

	
    Current index:	29501	
    Magnitude of W_grad:	31.204	
    Magnitude of W:	180371.6648154	
    Magnitude of B_grad:	0.216	
    Magnitude of b:	9.8337106804989	

	
    Current index:	39501	
    Magnitude of W_grad:	30.343999999999	
    Magnitude of W:	180327.59351564	
    Magnitude of B_grad:	0.196	
    Magnitude of b:	10.000415629666	

	
    Current index:	49501	
    Magnitude of W_grad:	29.18	
    Magnitude of W:	180285.03630651	
    Magnitude of B_grad:	0.148	
    Magnitude of b:	10.07114257745	

	
    Current index:	59501	
    Magnitude of W_grad:	27.48	
    Magnitude of W:	180242.69573444	
    Magnitude of B_grad:	0.084	
    Magnitude of b:	10.381845940859	

	
    Current index:	69501	
    Magnitude of W_grad:	33.296	
    Magnitude of W:	180198.16370444	
    Magnitude of B_grad:	0.16	
    Magnitude of b:	10.460498841072	

	
    Current index:	79501	
    Magnitude of W_grad:	31.568	
    Magnitude of W:	180154.66437076	
    Magnitude of B_grad:	0.22	
    Magnitude of b:	10.307168211557	

	
    Current index:	89501	
    Magnitude of W_grad:	41.920000000001	
    Magnitude of W:	180110.35519281	
    Magnitude of B_grad:	0.3	
    Magnitude of b:	9.6191000941617	

	
    Current index:	99501	
    Magnitude of W_grad:	35.372	
    Magnitude of W:	180066.1436572	
    Magnitude of B_grad:	0.076	
    Magnitude of b:	9.3378875316219	

	
    Current index:	109501	
    Magnitude of W_grad:	33.076	
    Magnitude of W:	180022.91457278	
    Magnitude of B_grad:	0.232	
    Magnitude of b:	10.106554502573	

	
    Current index:	119501	
    Magnitude of W_grad:	37.356	
    Magnitude of W:	179976.04825421	
    Magnitude of B_grad:	0.22	
    Magnitude of b:	9.8332890338666	

	
    Current index:	129501	
    Magnitude of W_grad:	36.776	
    Magnitude of W:	179930.51671973	
    Magnitude of B_grad:	0.188	
    Magnitude of b:	9.8221529381345	

	
    Current index:	139501	
    Magnitude of W_grad:	43.332000000001	
    Magnitude of W:	179886.19545716	
    Magnitude of B_grad:	0.216	
    Magnitude of b:	9.8009046095226	

	
    Current index:	149501	
    Magnitude of W_grad:	37.732000000001	
    Magnitude of W:	179840.44303837	
    Magnitude of B_grad:	0.096	
    Magnitude of b:	9.9476474871971	

	
SGD: Hinge Loss is	
576860.18437332	
SGD: Validation Accuracy is:	
0.31880108991826	
SGD: Magnitude of W:	
179811.14045383	
SGD: Magnitude of b:	
8.726208780269	
    Current index:	9501	
    Magnitude of W_grad:	22.764	
    Magnitude of W:	179769.83842524	
    Magnitude of B_grad:	0.12	
    Magnitude of b:	9.4431072615716	

	
    Current index:	19501	
    Magnitude of W_grad:	29.56	
    Magnitude of W:	179728.37478327	
    Magnitude of B_grad:	0.332	
    Magnitude of b:	9.717887275397	

	
    Current index:	29501	
    Magnitude of W_grad:	31.076	
    Magnitude of W:	179687.31081186	
    Magnitude of B_grad:	0.208	
    Magnitude of b:	9.5686431378116	

	
    Current index:	39501	
    Magnitude of W_grad:	29.047999999999	
    Magnitude of W:	179644.8419171	
    Magnitude of B_grad:	0.212	
    Magnitude of b:	9.7433827326136	

	
    Current index:	49501	
    Magnitude of W_grad:	28.328	
    Magnitude of W:	179603.90438681	
    Magnitude of B_grad:	0.16	
    Magnitude of b:	9.8261418475213	

	
    Current index:	59501	
    Magnitude of W_grad:	26.412	
    Magnitude of W:	179563.7076322	
    Magnitude of B_grad:	0.096	
    Magnitude of b:	10.088879516591	

	
    Current index:	69501	
    Magnitude of W_grad:	32.172	
    Magnitude of W:	179520.55652706	
    Magnitude of B_grad:	0.16	
    Magnitude of b:	10.191568528819	

	
    Current index:	79501	
    Magnitude of W_grad:	31.532	
    Magnitude of W:	179479.02853309	
    Magnitude of B_grad:	0.208	
    Magnitude of b:	10.018274899509	

	
    Current index:	89501	
    Magnitude of W_grad:	40.752000000001	
    Magnitude of W:	179436.69820585	
    Magnitude of B_grad:	0.28	
    Magnitude of b:	9.3476935631955	

	
    Current index:	99501	
    Magnitude of W_grad:	33.26	
    Magnitude of W:	179393.88414135	
    Magnitude of B_grad:	0.072	
    Magnitude of b:	9.0225174239932	

	
    Current index:	109501	
    Magnitude of W_grad:	32.308	
    Magnitude of W:	179352.56564834	
    Magnitude of B_grad:	0.204	
    Magnitude of b:	9.8595353609291	

	
    Current index:	119501	
    Magnitude of W_grad:	33.388	
    Magnitude of W:	179307.07684633	
    Magnitude of B_grad:	0.156	
    Magnitude of b:	9.5743035625054	

	
    Current index:	129501	
    Magnitude of W_grad:	36.928000000001	
    Magnitude of W:	179263.14781291	
    Magnitude of B_grad:	0.188	
    Magnitude of b:	9.5428846763659	

	
    Current index:	139501	
    Magnitude of W_grad:	41.864000000001	
    Magnitude of W:	179220.04934461	
    Magnitude of B_grad:	0.176	
    Magnitude of b:	9.5376683408133	

	
    Current index:	149501	
    Magnitude of W_grad:	35.408000000001	
    Magnitude of W:	179176.47361242	
    Magnitude of B_grad:	0.084	
    Magnitude of b:	9.7004404783267	

	
SGD: Hinge Loss is	
554917.5135724	
SGD: Validation Accuracy is:	
0.32606721162579	
SGD: Magnitude of W:	
179148.40665825	
SGD: Magnitude of b:	
8.5253308968746	
    Current index:	9501	
    Magnitude of W_grad:	22.708	
    Magnitude of W:	179109.00634638	
    Magnitude of B_grad:	0.1	
    Magnitude of b:	9.2190532365304	

	
    Current index:	19501	
    Magnitude of W_grad:	26.68	
    Magnitude of W:	179069.24970659	
    Magnitude of B_grad:	0.324	
    Magnitude of b:	9.4938579724473	

	
    Current index:	29501	
    Magnitude of W_grad:	31.252	
    Magnitude of W:	179029.36396365	
    Magnitude of B_grad:	0.208	
    Magnitude of b:	9.4086438335276	

	
    Current index:	39501	
    Magnitude of W_grad:	30.391999999999	
    Magnitude of W:	178989.19021724	
    Magnitude of B_grad:	0.252	
    Magnitude of b:	9.495410464586	

	
    Current index:	49501	
    Magnitude of W_grad:	28.708	
    Magnitude of W:	178948.72287449	
    Magnitude of B_grad:	0.16	
    Magnitude of b:	9.6062023510527	

	
    Current index:	59501	
    Magnitude of W_grad:	26.216	
    Magnitude of W:	178909.81060387	
    Magnitude of B_grad:	0.068	
    Magnitude of b:	9.9009651356449	

	
    Current index:	69501	
    Magnitude of W_grad:	31.288	
    Magnitude of W:	178868.27850055	
    Magnitude of B_grad:	0.132	
    Magnitude of b:	9.9436823466219	

	
    Current index:	79501	
    Magnitude of W_grad:	32.044	
    Magnitude of W:	178828.87418966	
    Magnitude of B_grad:	0.24	
    Magnitude of b:	9.8304172437092	

	
    Current index:	89501	
    Magnitude of W_grad:	39.260000000001	
    Magnitude of W:	178788.39860869	
    Magnitude of B_grad:	0.224	
    Magnitude of b:	9.2190324808586	

	
    Current index:	99501	
    Magnitude of W_grad:	32.544	
    Magnitude of W:	178748.04728904	
    Magnitude of B_grad:	0.068	
    Magnitude of b:	8.8418773408758	

	
    Current index:	109501	
    Magnitude of W_grad:	30.04	
    Magnitude of W:	178708.0857563	
    Magnitude of B_grad:	0.188	
    Magnitude of b:	9.65872803172	

	
    Current index:	119501	
    Magnitude of W_grad:	31.495999999999	
    Magnitude of W:	178664.68646364	
    Magnitude of B_grad:	0.152	
    Magnitude of b:	9.3495217911393	

	
    Current index:	129501	
    Magnitude of W_grad:	34.4	
    Magnitude of W:	178622.45181589	
    Magnitude of B_grad:	0.204	
    Magnitude of b:	9.4343212432772	

	
    Current index:	139501	
    Magnitude of W_grad:	38.268000000001	
    Magnitude of W:	178580.72808894	
    Magnitude of B_grad:	0.176	
    Magnitude of b:	9.4011230121827	

	
    Current index:	149501	
    Magnitude of W_grad:	33.8	
    Magnitude of W:	178538.96672201	
    Magnitude of B_grad:	0.06	
    Magnitude of b:	9.5159148333164	

	
SGD: Hinge Loss is	
535539.03275541	
SGD: Validation Accuracy is:	
0.32243415077203	
SGD: Magnitude of W:	
178511.84969789	
SGD: Magnitude of b:	
8.411746772087	
    Current index:	9501	
    Magnitude of W_grad:	22.176	
    Magnitude of W:	178473.65833518	
    Magnitude of B_grad:	0.148	
    Magnitude of b:	9.0412136983894	

	
    Current index:	19501	
    Magnitude of W_grad:	31.092	
    Magnitude of W:	178436.11344121	
    Magnitude of B_grad:	0.368	
    Magnitude of b:	9.336043460637	

	
    Current index:	29501	
    Magnitude of W_grad:	33.1	
    Magnitude of W:	178397.82466437	
    Magnitude of B_grad:	0.204	
    Magnitude of b:	9.2588463359956	

	
    Current index:	39501	
    Magnitude of W_grad:	28.435999999999	
    Magnitude of W:	178358.52285404	
    Magnitude of B_grad:	0.22	
    Magnitude of b:	9.3216364832604	

	
    Current index:	49501	
    Magnitude of W_grad:	28.224	
    Magnitude of W:	178319.53170996	
    Magnitude of B_grad:	0.168	
    Magnitude of b:	9.4204490006899	

	
    Current index:	59501	
    Magnitude of W_grad:	25.648	
    Magnitude of W:	178281.26785071	
    Magnitude of B_grad:	0.092	
    Magnitude of b:	9.6352391472925	

	
    Current index:	69501	
    Magnitude of W_grad:	32.48	
    Magnitude of W:	178241.3172888	
    Magnitude of B_grad:	0.168	
    Magnitude of b:	9.7379891493186	

	
    Current index:	79501	
    Magnitude of W_grad:	31.232	
    Magnitude of W:	178203.25506225	
    Magnitude of B_grad:	0.208	
    Magnitude of b:	9.6207498447396	

	
    Current index:	89501	
    Magnitude of W_grad:	38.184	
    Magnitude of W:	178163.6945679	
    Magnitude of B_grad:	0.192	
    Magnitude of b:	9.105605225672	

	
    Current index:	99501	
    Magnitude of W_grad:	32.488	
    Magnitude of W:	178124.89454662	
    Magnitude of B_grad:	0.04	
    Magnitude of b:	8.6964670506192	

	
    Current index:	109501	
    Magnitude of W_grad:	30.8	
    Magnitude of W:	178085.50455812	
    Magnitude of B_grad:	0.184	
    Magnitude of b:	9.4970870876251	

	
    Current index:	119501	
    Magnitude of W_grad:	30.224	
    Magnitude of W:	178044.16721866	
    Magnitude of B_grad:	0.136	
    Magnitude of b:	9.1199043687789	

	
    Current index:	129501	
    Magnitude of W_grad:	34.8	
    Magnitude of W:	178003.25428962	
    Magnitude of B_grad:	0.18	
    Magnitude of b:	9.2569771876396	

	
    Current index:	139501	
    Magnitude of W_grad:	36.964000000001	
    Magnitude of W:	177963.08517384	
    Magnitude of B_grad:	0.172	
    Magnitude of b:	9.2518000427636	

	
    Current index:	149501	
    Magnitude of W_grad:	32.7	
    Magnitude of W:	177923.97179669	
    Magnitude of B_grad:	0.052	
    Magnitude of b:	9.3506099377624	

	
SGD: Hinge Loss is	
520701.23740917	
SGD: Validation Accuracy is:	
0.32243415077203	
SGD: Magnitude of W:	
177897.88357284	
SGD: Magnitude of b:	
8.2664566591688	
    Current index:	9501	
    Magnitude of W_grad:	21.944	
    Magnitude of W:	177860.77439512	
    Magnitude of B_grad:	0.148	
    Magnitude of b:	8.8386205811101	

	
    Current index:	19501	
    Magnitude of W_grad:	28.572	
    Magnitude of W:	177824.40975001	
    Magnitude of B_grad:	0.32	
    Magnitude of b:	9.1214757462967	

	
    Current index:	29501	
    Magnitude of W_grad:	34.164	
    Magnitude of W:	177787.042153	
    Magnitude of B_grad:	0.184	
    Magnitude of b:	9.1163007055491	

	
    Current index:	39501	
    Magnitude of W_grad:	28.247999999999	
    Magnitude of W:	177748.85005418	
    Magnitude of B_grad:	0.22	
    Magnitude of b:	9.1591114545871	

	
    Current index:	49501	
    Magnitude of W_grad:	28.519999999999	
    Magnitude of W:	177710.79573675	
    Magnitude of B_grad:	0.204	
    Magnitude of b:	9.2859445456865	

	
    Current index:	59501	
    Magnitude of W_grad:	24.92	
    Magnitude of W:	177672.81470328	
    Magnitude of B_grad:	0.088	
    Magnitude of b:	9.4927537584982	

	
    Current index:	69501	
    Magnitude of W_grad:	31.936	
    Magnitude of W:	177634.07336678	
    Magnitude of B_grad:	0.196	
    Magnitude of b:	9.543525859595	

	
    Current index:	79501	
    Magnitude of W_grad:	29.504	
    Magnitude of W:	177596.78934139	
    Magnitude of B_grad:	0.232	
    Magnitude of b:	9.3943108446972	

	
    Current index:	89501	
    Magnitude of W_grad:	37.628	
    Magnitude of W:	177559.16180878	
    Magnitude of B_grad:	0.2	
    Magnitude of b:	8.9205192897225	

	
    Current index:	99501	
    Magnitude of W_grad:	31.704	
    Magnitude of W:	177521.44826513	
    Magnitude of B_grad:	0.036	
    Magnitude of b:	8.4794070906676	

	
    Current index:	109501	
    Magnitude of W_grad:	30.328	
    Magnitude of W:	177482.99296136	
    Magnitude of B_grad:	0.184	
    Magnitude of b:	9.2940616529588	

	
    Current index:	119501	
    Magnitude of W_grad:	30.503999999999	
    Magnitude of W:	177442.92133131	
    Magnitude of B_grad:	0.14	
    Magnitude of b:	8.9371528932958	

	
    Current index:	129501	
    Magnitude of W_grad:	34.396	
    Magnitude of W:	177403.32736072	
    Magnitude of B_grad:	0.164	
    Magnitude of b:	9.131986285029	

	
    Current index:	139501	
    Magnitude of W_grad:	36.216000000001	
    Magnitude of W:	177364.24137136	
    Magnitude of B_grad:	0.2	
    Magnitude of b:	9.0948255137535	

	
    Current index:	149501	
    Magnitude of W_grad:	32.023999999999	
    Magnitude of W:	177326.17016389	
    Magnitude of B_grad:	0.076	
    Magnitude of b:	9.221653259577	

	
SGD: Hinge Loss is	
508290.07310731	
SGD: Validation Accuracy is:	
0.32515894641235	
SGD: Magnitude of W:	
177300.8852274	
SGD: Magnitude of b:	
8.12505891804	
    Current index:	9501	
    Magnitude of W_grad:	21.792	
    Magnitude of W:	177264.73768862	
    Magnitude of B_grad:	0.148	
    Magnitude of b:	8.6655705643722	

	
    Current index:	19501	
    Magnitude of W_grad:	29.388	
    Magnitude of W:	177229.56859284	
    Magnitude of B_grad:	0.348	
    Magnitude of b:	8.9564492523825	

	
    Current index:	29501	
    Magnitude of W_grad:	32.616	
    Magnitude of W:	177193.24858109	
    Magnitude of B_grad:	0.184	
    Magnitude of b:	8.9832929873206	

	
    Current index:	39501	
    Magnitude of W_grad:	26.811999999999	
    Magnitude of W:	177156.62692417	
    Magnitude of B_grad:	0.196	
    Magnitude of b:	9.0821242185326	

	
    Current index:	49501	
    Magnitude of W_grad:	28.156	
    Magnitude of W:	177119.1368697	
    Magnitude of B_grad:	0.184	
    Magnitude of b:	9.1689744480188	

	
    Current index:	59501	
    Magnitude of W_grad:	23.216	
    Magnitude of W:	177082.73110171	
    Magnitude of B_grad:	0.084	
    Magnitude of b:	9.3677998022821	

	
    Current index:	69501	
    Magnitude of W_grad:	30.524	
    Magnitude of W:	177044.97158487	
    Magnitude of B_grad:	0.16	
    Magnitude of b:	9.4225895475766	

	
    Current index:	79501	
    Magnitude of W_grad:	29.992	
    Magnitude of W:	177009.32200634	
    Magnitude of B_grad:	0.2	
    Magnitude of b:	9.269389981154	

	
    Current index:	89501	
    Magnitude of W_grad:	36.504	
    Magnitude of W:	176972.71986939	
    Magnitude of B_grad:	0.188	
    Magnitude of b:	8.8312252165662	

	
    Current index:	99501	
    Magnitude of W_grad:	31.036	
    Magnitude of W:	176935.58000708	
    Magnitude of B_grad:	0.052	
    Magnitude of b:	8.382121369906	

	
    Current index:	109501	
    Magnitude of W_grad:	30.344	
    Magnitude of W:	176897.7594412	
    Magnitude of B_grad:	0.16	
    Magnitude of b:	9.1884627259614	

	
    Current index:	119501	
    Magnitude of W_grad:	28.704	
    Magnitude of W:	176859.23292175	
    Magnitude of B_grad:	0.136	
    Magnitude of b:	8.8118938719409	

	
    Current index:	129501	
    Magnitude of W_grad:	34.448	
    Magnitude of W:	176821.143291	
    Magnitude of B_grad:	0.152	
    Magnitude of b:	9.0027400751189	

	
    Current index:	139501	
    Magnitude of W_grad:	38.848000000002	
    Magnitude of W:	176783.17702324	
    Magnitude of B_grad:	0.22	
    Magnitude of b:	8.973595582522	

	
    Current index:	149501	
    Magnitude of W_grad:	31.303999999999	
    Magnitude of W:	176746.03459721	
    Magnitude of B_grad:	0.048	
    Magnitude of b:	9.0804369268498	

	
SGD: Hinge Loss is	
497863.26336023	
SGD: Validation Accuracy is:	
0.32697547683924	
SGD: Magnitude of W:	
176721.37979407	
SGD: Magnitude of b:	
7.9644739732006	
    Current index:	9501	
    Magnitude of W_grad:	21.744	
    Magnitude of W:	176686.53617193	
    Magnitude of B_grad:	0.152	
    Magnitude of b:	8.5076954016637	

	
    Current index:	19501	
    Magnitude of W_grad:	29.3	
    Magnitude of W:	176652.60884664	
    Magnitude of B_grad:	0.348	
    Magnitude of b:	8.8705922083085	

	
    Current index:	29501	
    Magnitude of W_grad:	34.892	
    Magnitude of W:	176617.09036354	
    Magnitude of B_grad:	0.18	
    Magnitude of b:	8.8214516877053	

	
    Current index:	39501	
    Magnitude of W_grad:	27.239999999999	
    Magnitude of W:	176581.20766145	
    Magnitude of B_grad:	0.192	
    Magnitude of b:	8.8763032524265	

	
    Current index:	49501	
    Magnitude of W_grad:	28.324	
    Magnitude of W:	176544.6415177	
    Magnitude of B_grad:	0.168	
    Magnitude of b:	8.9951718233711	

	
    Current index:	59501	
    Magnitude of W_grad:	23.984	
    Magnitude of W:	176508.8258525	
    Magnitude of B_grad:	0.096	
    Magnitude of b:	9.1580175572638	

	
    Current index:	69501	
    Magnitude of W_grad:	30.376	
    Magnitude of W:	176472.19681328	
    Magnitude of B_grad:	0.136	
    Magnitude of b:	9.2528306892124	

	
    Current index:	79501	
    Magnitude of W_grad:	28.86	
    Magnitude of W:	176437.1833274	
    Magnitude of B_grad:	0.22	
    Magnitude of b:	9.0916525679732	

	
    Current index:	89501	
    Magnitude of W_grad:	37.184	
    Magnitude of W:	176400.57677272	
    Magnitude of B_grad:	0.18	
    Magnitude of b:	8.6588287527145	

	
    Current index:	99501	
    Magnitude of W_grad:	29.552	
    Magnitude of W:	176364.05241285	
    Magnitude of B_grad:	0.068	
    Magnitude of b:	8.2457462540103	

	
    Current index:	109501	
    Magnitude of W_grad:	28.768	
    Magnitude of W:	176327.59708115	
    Magnitude of B_grad:	0.172	
    Magnitude of b:	9.0237214553056	

	
    Current index:	119501	
    Magnitude of W_grad:	28.912	
    Magnitude of W:	176289.84644531	
    Magnitude of B_grad:	0.136	
    Magnitude of b:	8.7025940287395	

	
    Current index:	129501	
    Magnitude of W_grad:	33.68	
    Magnitude of W:	176252.60444117	
    Magnitude of B_grad:	0.16	
    Magnitude of b:	8.8904222798996	

	
    Current index:	139501	
    Magnitude of W_grad:	34.528000000001	
    Magnitude of W:	176215.99643002	
    Magnitude of B_grad:	0.232	
    Magnitude of b:	8.8492905297246	

	
    Current index:	149501	
    Magnitude of W_grad:	31.287999999999	
    Magnitude of W:	176179.86853367	
    Magnitude of B_grad:	0.06	
    Magnitude of b:	8.9681480581724	

	
SGD: Hinge Loss is	
484385.27445569	
SGD: Validation Accuracy is:	
0.32515894641235	
SGD: Magnitude of W:	
176156.01020251	
SGD: Magnitude of b:	
7.8881946951804	
    Current index:	9501	
    Magnitude of W_grad:	18.808	
    Magnitude of W:	176121.64903302	
    Magnitude of B_grad:	0.096	
    Magnitude of b:	8.3616288704078	

	
    Current index:	19501	
    Magnitude of W_grad:	25.416	
    Magnitude of W:	176088.01272089	
    Magnitude of B_grad:	0.312	
    Magnitude of b:	8.7605411166263	

	
    Current index:	29501	
    Magnitude of W_grad:	31.252	
    Magnitude of W:	176053.66721679	
    Magnitude of B_grad:	0.16	
    Magnitude of b:	8.7354123352633	

	
    Current index:	39501	
    Magnitude of W_grad:	26.255999999999	
    Magnitude of W:	176018.20231731	
    Magnitude of B_grad:	0.188	
    Magnitude of b:	8.7902748980278	

	
    Current index:	49501	
    Magnitude of W_grad:	28.056	
    Magnitude of W:	175982.48395269	
    Magnitude of B_grad:	0.192	
    Magnitude of b:	8.8611598728841	

	
    Current index:	59501	
    Magnitude of W_grad:	23.164	
    Magnitude of W:	175947.22109531	
    Magnitude of B_grad:	0.092	
    Magnitude of b:	8.9920258089785	

	
    Current index:	69501	
    Magnitude of W_grad:	30.636	
    Magnitude of W:	175911.6880004	
    Magnitude of B_grad:	0.152	
    Magnitude of b:	9.1068595996288	

	
    Current index:	79501	
    Magnitude of W_grad:	29.632	
    Magnitude of W:	175877.50293277	
    Magnitude of B_grad:	0.216	
    Magnitude of b:	8.9936952988954	

	
    Current index:	89501	
    Magnitude of W_grad:	36.636	
    Magnitude of W:	175842.03340977	
    Magnitude of B_grad:	0.2	
    Magnitude of b:	8.5306624807967	

	
    Current index:	99501	
    Magnitude of W_grad:	29.788	
    Magnitude of W:	175806.65244478	
    Magnitude of B_grad:	0.032	
    Magnitude of b:	8.1095976278713	

	
    Current index:	109501	
    Magnitude of W_grad:	31.372	
    Magnitude of W:	175771.03378889	
    Magnitude of B_grad:	0.152	
    Magnitude of b:	8.9174869006394	

	
    Current index:	119501	
    Magnitude of W_grad:	27.832	
    Magnitude of W:	175734.93997489	
    Magnitude of B_grad:	0.152	
    Magnitude of b:	8.5274423639052	

	
    Current index:	129501	
    Magnitude of W_grad:	32.74	
    Magnitude of W:	175699.25597599	
    Magnitude of B_grad:	0.156	
    Magnitude of b:	8.718330199248	

	
    Current index:	139501	
    Magnitude of W_grad:	34.840000000001	
    Magnitude of W:	175662.72818585	
    Magnitude of B_grad:	0.172	
    Magnitude of b:	8.7132189674971	

	
    Current index:	149501	
    Magnitude of W_grad:	30.859999999999	
    Magnitude of W:	175626.79299428	
    Magnitude of B_grad:	0.092	
    Magnitude of b:	8.8520923186834	

	
SGD: Hinge Loss is	
474123.91668857	
SGD: Validation Accuracy is:	
0.32061762034514	
SGD: Magnitude of W:	
175603.2021074	
SGD: Magnitude of b:	
7.7641512037242	
    Current index:	9501	
    Magnitude of W_grad:	19.916	
    Magnitude of W:	175569.83743784	
    Magnitude of B_grad:	0.132	
    Magnitude of b:	8.2340991056195	

	
    Current index:	19501	
    Magnitude of W_grad:	29.868	
    Magnitude of W:	175537.18253216	
    Magnitude of B_grad:	0.376	
    Magnitude of b:	8.6770272074785	

	
    Current index:	29501	
    Magnitude of W_grad:	31.44	
    Magnitude of W:	175503.53982331	
    Magnitude of B_grad:	0.2	
    Magnitude of b:	8.5599144329207	

	
    Current index:	39501	
    Magnitude of W_grad:	25.739999999999	
    Magnitude of W:	175468.46075409	
    Magnitude of B_grad:	0.16	
    Magnitude of b:	8.6627968006845	

	
    Current index:	49501	
    Magnitude of W_grad:	28.767999999999	
    Magnitude of W:	175433.50390458	
    Magnitude of B_grad:	0.176	
    Magnitude of b:	8.793694002804	

	
    Current index:	59501	
    Magnitude of W_grad:	22.6	
    Magnitude of W:	175399.58095711	
    Magnitude of B_grad:	0.1	
    Magnitude of b:	8.8605722156894	

	
    Current index:	69501	
    Magnitude of W_grad:	29.98	
    Magnitude of W:	175364.18605777	
    Magnitude of B_grad:	0.18	
    Magnitude of b:	8.9914217247533	

	
    Current index:	79501	
    Magnitude of W_grad:	27.488	
    Magnitude of W:	175330.24114772	
    Magnitude of B_grad:	0.184	
    Magnitude of b:	8.9022730384335	

	
    Current index:	89501	
    Magnitude of W_grad:	35.292	
    Magnitude of W:	175295.3202617	
    Magnitude of B_grad:	0.188	
    Magnitude of b:	8.5027320673835	

	
    Current index:	99501	
    Magnitude of W_grad:	28.608	
    Magnitude of W:	175260.56272728	
    Magnitude of B_grad:	0.144	
    Magnitude of b:	8.0376724853689	

	
    Current index:	109501	
    Magnitude of W_grad:	30.408	
    Magnitude of W:	175226.01764288	
    Magnitude of B_grad:	0.148	
    Magnitude of b:	8.824049344161	

	
    Current index:	119501	
    Magnitude of W_grad:	29.483999999999	
    Magnitude of W:	175190.78971337	
    Magnitude of B_grad:	0.152	
    Magnitude of b:	8.4435367388945	

	
    Current index:	129501	
    Magnitude of W_grad:	31.888	
    Magnitude of W:	175155.65573623	
    Magnitude of B_grad:	0.148	
    Magnitude of b:	8.6264362438663	

	
    Current index:	139501	
    Magnitude of W_grad:	35.300000000001	
    Magnitude of W:	175119.68255201	
    Magnitude of B_grad:	0.212	
    Magnitude of b:	8.6333358895604	

	
    Current index:	149501	
    Magnitude of W_grad:	30.487999999999	
    Magnitude of W:	175085.19215266	
    Magnitude of B_grad:	0.124	
    Magnitude of b:	8.7442184844556	

	
SGD: Hinge Loss is	
464919.34804071	
SGD: Validation Accuracy is:	
0.32152588555858	
SGD: Magnitude of W:	
175062.09381006	
SGD: Magnitude of b:	
7.7089038167817	
    Current index:	9501	
    Magnitude of W_grad:	20.988	
    Magnitude of W:	175030.01612261	
    Magnitude of B_grad:	0.16	
    Magnitude of b:	8.1263092467909	

	
    Current index:	19501	
    Magnitude of W_grad:	28.288	
    Magnitude of W:	174998.35107792	
    Magnitude of B_grad:	0.332	
    Magnitude of b:	8.5012555331476	

	
    Current index:	29501	
    Magnitude of W_grad:	35.052000000001	
    Magnitude of W:	174965.05208077	
    Magnitude of B_grad:	0.204	
    Magnitude of b:	8.5041595886757	

	
    Current index:	39501	
    Magnitude of W_grad:	27.059999999999	
    Magnitude of W:	174931.71855546	
    Magnitude of B_grad:	0.2	
    Magnitude of b:	8.5230548311473	

	
    Current index:	49501	
    Magnitude of W_grad:	28.536	
    Magnitude of W:	174897.3988081	
    Magnitude of B_grad:	0.188	
    Magnitude of b:	8.6419675334612	

	
    Current index:	59501	
    Magnitude of W_grad:	21.796	
    Magnitude of W:	174864.21183122	
    Magnitude of B_grad:	0.084	
    Magnitude of b:	8.7408622392854	

	
    Current index:	69501	
    Magnitude of W_grad:	29.872	
    Magnitude of W:	174829.53965883	
    Magnitude of B_grad:	0.168	
    Magnitude of b:	8.891727218924	

	
    Current index:	79501	
    Magnitude of W_grad:	27.76	
    Magnitude of W:	174796.23417511	
    Magnitude of B_grad:	0.176	
    Magnitude of b:	8.8305896142066	

	
    Current index:	89501	
    Magnitude of W_grad:	34.544	
    Magnitude of W:	174761.63112406	
    Magnitude of B_grad:	0.148	
    Magnitude of b:	8.4075922920047	

	
    Current index:	99501	
    Magnitude of W_grad:	28.768	
    Magnitude of W:	174727.29136583	
    Magnitude of B_grad:	0.112	
    Magnitude of b:	7.9225459143577	

	
    Current index:	109501	
    Magnitude of W_grad:	30.703999999999	
    Magnitude of W:	174693.18971249	
    Magnitude of B_grad:	0.16	
    Magnitude of b:	8.7349312507983	

	
    Current index:	119501	
    Magnitude of W_grad:	27.823999999999	
    Magnitude of W:	174658.46387996	
    Magnitude of B_grad:	0.16	
    Magnitude of b:	8.3644374383696	

	
    Current index:	129501	
    Magnitude of W_grad:	32.856	
    Magnitude of W:	174623.98467134	
    Magnitude of B_grad:	0.144	
    Magnitude of b:	8.5273485101346	

	
    Current index:	139501	
    Magnitude of W_grad:	35.208000000001	
    Magnitude of W:	174589.4248515	
    Magnitude of B_grad:	0.312	
    Magnitude of b:	8.4542628075331	

	
    Current index:	149501	
    Magnitude of W_grad:	30.323999999999	
    Magnitude of W:	174555.32986665	
    Magnitude of B_grad:	0.084	
    Magnitude of b:	8.653160587669	

	
Done.	
Testing on validation set...	
Done	
Datafile:	/n/home09/ankitgupta/CS287/HW1/SST1-uni-syns.hdf5	Classifier:	hinge	Alpha:	0	Eta:	1	Lambda:	1	Minibatch size:	500	Num Epochs:	15	Minimum Sentence Length:	0	
Accuracy:	0.32425068119891	
