[?1034hDatafile:	/n/home09/ankitgupta/CS287/HW1/SST1-uni-syns.hdf5	Classifier:	hinge	Alpha:	0	Eta:	0.5	Lambda:	5	Minibatch size:	500	Num Epochs:	15	Minimum Sentence Length:	5	
Note that not all parameters may apply to all classifiers	
Loading datafiles...	
Number of training samples before removing small sentences	156817	
Number of training samples after removing small sentences	142717	
Done.	
Training classifier...	
Parameters are:	
Eta:	
0.5	
Lambda:	
5	
Minibatch size:	
500	
Number of Epochs	
15	
SGD: Hinge Loss is	
2295456.8376236	
SGD: Validation Accuracy is:	
0.23433242506812	
SGD: Magnitude of W:	
184936.46687714	
SGD: Magnitude of b:	
5.2979212301745	
    Current index:	9501	
    Magnitude of W_grad:	53.816000000003	
    Magnitude of W:	184822.73145016	
    Magnitude of B_grad:	0.228	
    Magnitude of b:	7.6919083913852	

	
    Current index:	19501	
    Magnitude of W_grad:	58.680000000001	
    Magnitude of W:	184717.53156924	
    Magnitude of B_grad:	0.372	
    Magnitude of b:	9.3949138881743	

	
    Current index:	29501	
    Magnitude of W_grad:	30.396	
    Magnitude of W:	184612.92712867	
    Magnitude of B_grad:	0.128	
    Magnitude of b:	10.44139382067	

	
    Current index:	39501	
    Magnitude of W_grad:	44.424000000001	
    Magnitude of W:	184509.67289039	
    Magnitude of B_grad:	0.18	
    Magnitude of b:	11.365534650442	

	
    Current index:	49501	
    Magnitude of W_grad:	47.832000000002	
    Magnitude of W:	184408.98325949	
    Magnitude of B_grad:	0.24	
    Magnitude of b:	11.869483478941	

	
    Current index:	59501	
    Magnitude of W_grad:	41.068000000001	
    Magnitude of W:	184310.67912252	
    Magnitude of B_grad:	0.26	
    Magnitude of b:	12.557206387843	

	
    Current index:	69501	
    Magnitude of W_grad:	45.208000000001	
    Magnitude of W:	184213.86040399	
    Magnitude of B_grad:	0.048	
    Magnitude of b:	12.602802422355	

	
    Current index:	79501	
    Magnitude of W_grad:	42.148000000001	
    Magnitude of W:	184112.0929675	
    Magnitude of B_grad:	0.352	
    Magnitude of b:	10.896582304955	

	
    Current index:	89501	
    Magnitude of W_grad:	46.320000000001	
    Magnitude of W:	184010.15760741	
    Magnitude of B_grad:	0.144	
    Magnitude of b:	9.9469138167446	

	
    Current index:	99501	
    Magnitude of W_grad:	51.396000000002	
    Magnitude of W:	183911.94494941	
    Magnitude of B_grad:	0.152	
    Magnitude of b:	9.8925053967943	

	
    Current index:	109501	
    Magnitude of W_grad:	45.144000000001	
    Magnitude of W:	183812.09093284	
    Magnitude of B_grad:	0.1	
    Magnitude of b:	10.239686714672	

	
    Current index:	119501	
    Magnitude of W_grad:	48.716000000001	
    Magnitude of W:	183713.12293729	
    Magnitude of B_grad:	0.236	
    Magnitude of b:	10.56804143582	

	
    Current index:	129501	
    Magnitude of W_grad:	41.580000000001	
    Magnitude of W:	183617.93502897	
    Magnitude of B_grad:	0.128	
    Magnitude of b:	10.712354806838	

	
    Current index:	139501	
    Magnitude of W_grad:	45.476000000002	
    Magnitude of W:	183524.43961733	
    Magnitude of B_grad:	0.2	
    Magnitude of b:	10.884542981348	

	
SGD: Hinge Loss is	
1832412.7091346	
SGD: Validation Accuracy is:	
0.25340599455041	
SGD: Magnitude of W:	
183496.69741249	
SGD: Magnitude of b:	
10.167860489736	
    Current index:	9501	
    Magnitude of W_grad:	49.100000000002	
    Magnitude of W:	183405.19015427	
    Magnitude of B_grad:	0.2	
    Magnitude of b:	10.520881621369	

	
    Current index:	19501	
    Magnitude of W_grad:	56.08	
    Magnitude of W:	183316.55293438	
    Magnitude of B_grad:	0.284	
    Magnitude of b:	11.171087821875	

	
    Current index:	29501	
    Magnitude of W_grad:	26.344	
    Magnitude of W:	183224.31531131	
    Magnitude of B_grad:	0.1	
    Magnitude of b:	11.681063567587	

	
    Current index:	39501	
    Magnitude of W_grad:	38.532000000001	
    Magnitude of W:	183133.27928166	
    Magnitude of B_grad:	0.112	
    Magnitude of b:	11.986877002903	

	
    Current index:	49501	
    Magnitude of W_grad:	46.208000000001	
    Magnitude of W:	183042.99862891	
    Magnitude of B_grad:	0.204	
    Magnitude of b:	12.280645421832	

	
    Current index:	59501	
    Magnitude of W_grad:	41.236000000001	
    Magnitude of W:	182953.57725367	
    Magnitude of B_grad:	0.264	
    Magnitude of b:	12.74027317349	

	
    Current index:	69501	
    Magnitude of W_grad:	45.008000000001	
    Magnitude of W:	182865.52054313	
    Magnitude of B_grad:	0.088	
    Magnitude of b:	12.655839130911	

	
    Current index:	79501	
    Magnitude of W_grad:	44.872000000001	
    Magnitude of W:	182771.97364646	
    Magnitude of B_grad:	0.316	
    Magnitude of b:	11.09559661587	

	
    Current index:	89501	
    Magnitude of W_grad:	42.492000000001	
    Magnitude of W:	182677.73963895	
    Magnitude of B_grad:	0.112	
    Magnitude of b:	10.754553909887	

	
    Current index:	99501	
    Magnitude of W_grad:	46.304000000002	
    Magnitude of W:	182587.57569179	
    Magnitude of B_grad:	0.076	
    Magnitude of b:	11.172699976541	

	
    Current index:	109501	
    Magnitude of W_grad:	42.708	
    Magnitude of W:	182496.18635706	
    Magnitude of B_grad:	0.072	
    Magnitude of b:	11.19479674639	

	
    Current index:	119501	
    Magnitude of W_grad:	47.392000000001	
    Magnitude of W:	182404.83148465	
    Magnitude of B_grad:	0.26	
    Magnitude of b:	11.272860729435	

	
    Current index:	129501	
    Magnitude of W_grad:	44.028000000002	
    Magnitude of W:	182316.08977936	
    Magnitude of B_grad:	0.14	
    Magnitude of b:	11.458924129401	

	
    Current index:	139501	
    Magnitude of W_grad:	47.840000000001	
    Magnitude of W:	182228.12702665	
    Magnitude of B_grad:	0.196	
    Magnitude of b:	11.432905297706	

	
SGD: Hinge Loss is	
1710876.1305481	
SGD: Validation Accuracy is:	
0.25976385104451	
SGD: Magnitude of W:	
182202.45746505	
SGD: Magnitude of b:	
10.786784507111	
    Current index:	9501	
    Magnitude of W_grad:	45.544000000002	
    Magnitude of W:	182117.0162043	
    Magnitude of B_grad:	0.188	
    Magnitude of b:	10.673222129165	

	
    Current index:	19501	
    Magnitude of W_grad:	46.8	
    Magnitude of W:	182033.68044029	
    Magnitude of B_grad:	0.224	
    Magnitude of b:	11.125399173529	

	
    Current index:	29501	
    Magnitude of W_grad:	26.476	
    Magnitude of W:	181945.75016361	
    Magnitude of B_grad:	0.112	
    Magnitude of b:	11.555410224883	

	
    Current index:	39501	
    Magnitude of W_grad:	35.396000000001	
    Magnitude of W:	181858.9145138	
    Magnitude of B_grad:	0.108	
    Magnitude of b:	11.765283579023	

	
    Current index:	49501	
    Magnitude of W_grad:	45.168000000001	
    Magnitude of W:	181773.33950894	
    Magnitude of B_grad:	0.216	
    Magnitude of b:	12.033128253377	

	
    Current index:	59501	
    Magnitude of W_grad:	39.240000000001	
    Magnitude of W:	181687.59260077	
    Magnitude of B_grad:	0.224	
    Magnitude of b:	12.472857629123	

	
    Current index:	69501	
    Magnitude of W_grad:	44.556000000002	
    Magnitude of W:	181602.89568444	
    Magnitude of B_grad:	0.068	
    Magnitude of b:	12.354518764693	

	
    Current index:	79501	
    Magnitude of W_grad:	44.644000000001	
    Magnitude of W:	181514.41576312	
    Magnitude of B_grad:	0.28	
    Magnitude of b:	11.272364987959	

	
    Current index:	89501	
    Magnitude of W_grad:	38.196	
    Magnitude of W:	181425.7251631	
    Magnitude of B_grad:	0.084	
    Magnitude of b:	10.998476379019	

	
    Current index:	99501	
    Magnitude of W_grad:	45.160000000001	
    Magnitude of W:	181340.32507015	
    Magnitude of B_grad:	0.072	
    Magnitude of b:	11.352549263684	

	
    Current index:	109501	
    Magnitude of W_grad:	42.472000000001	
    Magnitude of W:	181252.8958904	
    Magnitude of B_grad:	0.116	
    Magnitude of b:	11.326591476979	

	
    Current index:	119501	
    Magnitude of W_grad:	46.904000000002	
    Magnitude of W:	181165.95101034	
    Magnitude of B_grad:	0.252	
    Magnitude of b:	11.350622535441	

	
    Current index:	129501	
    Magnitude of W_grad:	44.552000000002	
    Magnitude of W:	181081.52291019	
    Magnitude of B_grad:	0.168	
    Magnitude of b:	11.492662165277	

	
    Current index:	139501	
    Magnitude of W_grad:	47.528000000001	
    Magnitude of W:	180997.90626104	
    Magnitude of B_grad:	0.2	
    Magnitude of b:	11.452643285342	

	
SGD: Hinge Loss is	
1630445.5450795	
SGD: Validation Accuracy is:	
0.26793823796549	
SGD: Magnitude of W:	
180973.32266542	
SGD: Magnitude of b:	
10.807128680214	
    Current index:	9501	
    Magnitude of W_grad:	43.876000000002	
    Magnitude of W:	180891.48022672	
    Magnitude of B_grad:	0.196	
    Magnitude of b:	10.431332073443	

	
    Current index:	19501	
    Magnitude of W_grad:	41.68	
    Magnitude of W:	180810.04153915	
    Magnitude of B_grad:	0.212	
    Magnitude of b:	10.853602325757	

	
    Current index:	29501	
    Magnitude of W_grad:	25.372	
    Magnitude of W:	180725.37290684	
    Magnitude of B_grad:	0.1	
    Magnitude of b:	11.273712997056	

	
    Current index:	39501	
    Magnitude of W_grad:	34.344	
    Magnitude of W:	180641.36118741	
    Magnitude of B_grad:	0.088	
    Magnitude of b:	11.409697916865	

	
    Current index:	49501	
    Magnitude of W_grad:	41.672000000001	
    Magnitude of W:	180558.93548509	
    Magnitude of B_grad:	0.208	
    Magnitude of b:	11.589680389505	

	
    Current index:	59501	
    Magnitude of W_grad:	38.380000000001	
    Magnitude of W:	180476.68933734	
    Magnitude of B_grad:	0.236	
    Magnitude of b:	12.095552592637	

	
    Current index:	69501	
    Magnitude of W_grad:	42.176000000001	
    Magnitude of W:	180395.17849748	
    Magnitude of B_grad:	0.092	
    Magnitude of b:	12.001348939709	

	
    Current index:	79501	
    Magnitude of W_grad:	42.076000000001	
    Magnitude of W:	180310.22973978	
    Magnitude of B_grad:	0.248	
    Magnitude of b:	11.166816036272	

	
    Current index:	89501	
    Magnitude of W_grad:	38.200000000001	
    Magnitude of W:	180225.74196131	
    Magnitude of B_grad:	0.076	
    Magnitude of b:	10.878963243834	

	
    Current index:	99501	
    Magnitude of W_grad:	44.296000000001	
    Magnitude of W:	180143.455419	
    Magnitude of B_grad:	0.112	
    Magnitude of b:	11.211081915722	

	
    Current index:	109501	
    Magnitude of W_grad:	40.476	
    Magnitude of W:	180059.42153096	
    Magnitude of B_grad:	0.12	
    Magnitude of b:	11.201168393607	

	
    Current index:	119501	
    Magnitude of W_grad:	47.032000000002	
    Magnitude of W:	179975.99900787	
    Magnitude of B_grad:	0.22	
    Magnitude of b:	11.169254735903	

	
    Current index:	129501	
    Magnitude of W_grad:	41.172000000001	
    Magnitude of W:	179894.07532105	
    Magnitude of B_grad:	0.112	
    Magnitude of b:	11.271360243278	

	
    Current index:	139501	
    Magnitude of W_grad:	46.636000000001	
    Magnitude of W:	179812.9206686	
    Magnitude of B_grad:	0.22	
    Magnitude of b:	11.259415799595	

	
SGD: Hinge Loss is	
1570301.3900803	
SGD: Validation Accuracy is:	
0.28156221616712	
SGD: Magnitude of W:	
179789.20445743	
SGD: Magnitude of b:	
10.634962731811	
    Current index:	9501	
    Magnitude of W_grad:	40.700000000001	
    Magnitude of W:	179710.01148426	
    Magnitude of B_grad:	0.14	
    Magnitude of b:	10.215305839205	

	
    Current index:	19501	
    Magnitude of W_grad:	40.132	
    Magnitude of W:	179630.76439361	
    Magnitude of B_grad:	0.168	
    Magnitude of b:	10.606397443533	

	
    Current index:	29501	
    Magnitude of W_grad:	25.704	
    Magnitude of W:	179548.88193612	
    Magnitude of B_grad:	0.1	
    Magnitude of b:	11.00060661707	

	
    Current index:	39501	
    Magnitude of W_grad:	34.572	
    Magnitude of W:	179467.29855096	
    Magnitude of B_grad:	0.072	
    Magnitude of b:	11.06669746611	

	
    Current index:	49501	
    Magnitude of W_grad:	39.728000000001	
    Magnitude of W:	179387.30723872	
    Magnitude of B_grad:	0.172	
    Magnitude of b:	11.306796268085	

	
    Current index:	59501	
    Magnitude of W_grad:	38.096	
    Magnitude of W:	179307.72304168	
    Magnitude of B_grad:	0.236	
    Magnitude of b:	11.778774637431	

	
    Current index:	69501	
    Magnitude of W_grad:	40.652000000001	
    Magnitude of W:	179228.36389251	
    Magnitude of B_grad:	0.08	
    Magnitude of b:	11.672682297564	

	
    Current index:	79501	
    Magnitude of W_grad:	41.424000000001	
    Magnitude of W:	179146.39529183	
    Magnitude of B_grad:	0.244	
    Magnitude of b:	10.963075780859	

	
    Current index:	89501	
    Magnitude of W_grad:	40.992000000001	
    Magnitude of W:	179064.44523969	
    Magnitude of B_grad:	0.112	
    Magnitude of b:	10.701288821141	

	
    Current index:	99501	
    Magnitude of W_grad:	42.568000000001	
    Magnitude of W:	178984.30264649	
    Magnitude of B_grad:	0.096	
    Magnitude of b:	10.987480869222	

	
    Current index:	109501	
    Magnitude of W_grad:	38.756000000001	
    Magnitude of W:	178902.23773899	
    Magnitude of B_grad:	0.128	
    Magnitude of b:	10.977645601296	

	
    Current index:	119501	
    Magnitude of W_grad:	46.192000000002	
    Magnitude of W:	178821.30477971	
    Magnitude of B_grad:	0.24	
    Magnitude of b:	10.935809434819	

	
    Current index:	129501	
    Magnitude of W_grad:	38.84	
    Magnitude of W:	178741.30108203	
    Magnitude of B_grad:	0.112	
    Magnitude of b:	11.03799797568	

	
    Current index:	139501	
    Magnitude of W_grad:	46.636000000001	
    Magnitude of W:	178661.56315979	
    Magnitude of B_grad:	0.22	
    Magnitude of b:	11.050136395886	

	
SGD: Hinge Loss is	
1521675.8160638	
SGD: Validation Accuracy is:	
0.2897366030881	
SGD: Magnitude of W:	
178638.59680119	
SGD: Magnitude of b:	
10.449529472146	
    Current index:	9501	
    Magnitude of W_grad:	39.660000000002	
    Magnitude of W:	178561.18814912	
    Magnitude of B_grad:	0.148	
    Magnitude of b:	10.015943594247	

	
    Current index:	19501	
    Magnitude of W_grad:	40.04	
    Magnitude of W:	178484.02908774	
    Magnitude of B_grad:	0.152	
    Magnitude of b:	10.330405039239	

	
    Current index:	29501	
    Magnitude of W_grad:	25.468	
    Magnitude of W:	178404.15030941	
    Magnitude of B_grad:	0.104	
    Magnitude of b:	10.704715267269	

	
    Current index:	39501	
    Magnitude of W_grad:	35.988	
    Magnitude of W:	178325.0038652	
    Magnitude of B_grad:	0.108	
    Magnitude of b:	10.764918485303	

	
    Current index:	49501	
    Magnitude of W_grad:	37.196000000001	
    Magnitude of W:	178247.09418342	
    Magnitude of B_grad:	0.18	
    Magnitude of b:	11.001118862697	

	
    Current index:	59501	
    Magnitude of W_grad:	36.696	
    Magnitude of W:	178169.11347761	
    Magnitude of B_grad:	0.188	
    Magnitude of b:	11.445206688622	

	
    Current index:	69501	
    Magnitude of W_grad:	40.272000000001	
    Magnitude of W:	178091.63644994	
    Magnitude of B_grad:	0.088	
    Magnitude of b:	11.351228635562	

	
    Current index:	79501	
    Magnitude of W_grad:	38.852	
    Magnitude of W:	178011.33967177	
    Magnitude of B_grad:	0.184	
    Magnitude of b:	10.794213633459	

	
    Current index:	89501	
    Magnitude of W_grad:	41.484000000001	
    Magnitude of W:	177931.71905688	
    Magnitude of B_grad:	0.096	
    Magnitude of b:	10.532480534113	

	
    Current index:	99501	
    Magnitude of W_grad:	41.840000000001	
    Magnitude of W:	177853.05390982	
    Magnitude of B_grad:	0.116	
    Magnitude of b:	10.806736897842	

	
    Current index:	109501	
    Magnitude of W_grad:	37.380000000001	
    Magnitude of W:	177772.43170959	
    Magnitude of B_grad:	0.112	
    Magnitude of b:	10.820963085	

	
    Current index:	119501	
    Magnitude of W_grad:	45.948000000001	
    Magnitude of W:	177694.13248361	
    Magnitude of B_grad:	0.256	
    Magnitude of b:	10.715193011908	

	
    Current index:	129501	
    Magnitude of W_grad:	37.940000000001	
    Magnitude of W:	177615.87419687	
    Magnitude of B_grad:	0.096	
    Magnitude of b:	10.793461423804	

	
    Current index:	139501	
    Magnitude of W_grad:	43.128000000001	
    Magnitude of W:	177537.95990769	
    Magnitude of B_grad:	0.188	
    Magnitude of b:	10.779690335794	

	
SGD: Hinge Loss is	
1479606.3412705	
SGD: Validation Accuracy is:	
0.30517711171662	
SGD: Magnitude of W:	
177515.52737512	
SGD: Magnitude of b:	
10.204935949592	
    Current index:	9501	
    Magnitude of W_grad:	39.292000000002	
    Magnitude of W:	177439.81011569	
    Magnitude of B_grad:	0.136	
    Magnitude of b:	9.8114329465085	

	
    Current index:	19501	
    Magnitude of W_grad:	41.084	
    Magnitude of W:	177363.75483923	
    Magnitude of B_grad:	0.18	
    Magnitude of b:	10.088522662749	

	
    Current index:	29501	
    Magnitude of W_grad:	26.032	
    Magnitude of W:	177285.85791437	
    Magnitude of B_grad:	0.108	
    Magnitude of b:	10.398928443169	

	
    Current index:	39501	
    Magnitude of W_grad:	35.148	
    Magnitude of W:	177208.12319795	
    Magnitude of B_grad:	0.092	
    Magnitude of b:	10.451239719623	

	
    Current index:	49501	
    Magnitude of W_grad:	35.924	
    Magnitude of W:	177131.66767092	
    Magnitude of B_grad:	0.196	
    Magnitude of b:	10.699550989753	

	
    Current index:	59501	
    Magnitude of W_grad:	37.588	
    Magnitude of W:	177055.11332676	
    Magnitude of B_grad:	0.2	
    Magnitude of b:	11.107746902647	

	
    Current index:	69501	
    Magnitude of W_grad:	38.616000000001	
    Magnitude of W:	176978.63852	
    Magnitude of B_grad:	0.116	
    Magnitude of b:	11.047878999946	

	
    Current index:	79501	
    Magnitude of W_grad:	37.700000000001	
    Magnitude of W:	176899.63133671	
    Magnitude of B_grad:	0.2	
    Magnitude of b:	10.558230068063	

	
    Current index:	89501	
    Magnitude of W_grad:	42.608000000001	
    Magnitude of W:	176821.94362776	
    Magnitude of B_grad:	0.12	
    Magnitude of b:	10.352570487379	

	
    Current index:	99501	
    Magnitude of W_grad:	41.372000000002	
    Magnitude of W:	176744.40415251	
    Magnitude of B_grad:	0.152	
    Magnitude of b:	10.574902797084	

	
    Current index:	109501	
    Magnitude of W_grad:	34.22	
    Magnitude of W:	176665.36472717	
    Magnitude of B_grad:	0.092	
    Magnitude of b:	10.59520672455	

	
    Current index:	119501	
    Magnitude of W_grad:	44.484000000001	
    Magnitude of W:	176589.16738774	
    Magnitude of B_grad:	0.216	
    Magnitude of b:	10.487513488865	

	
    Current index:	129501	
    Magnitude of W_grad:	38.136	
    Magnitude of W:	176512.70437152	
    Magnitude of B_grad:	0.1	
    Magnitude of b:	10.559861863742	

	
    Current index:	139501	
    Magnitude of W_grad:	43.696000000001	
    Magnitude of W:	176436.13837399	
    Magnitude of B_grad:	0.196	
    Magnitude of b:	10.542177226049	

	
SGD: Hinge Loss is	
1443062.7627926	
SGD: Validation Accuracy is:	
0.30154405086285	
SGD: Magnitude of W:	
176414.03072747	
SGD: Magnitude of b:	
9.9740559569196	
    Current index:	9501	
    Magnitude of W_grad:	38.100000000001	
    Magnitude of W:	176339.7198984	
    Magnitude of B_grad:	0.14	
    Magnitude of b:	9.6146301145338	

	
    Current index:	19501	
    Magnitude of W_grad:	45.000000000001	
    Magnitude of W:	176264.77710074	
    Magnitude of B_grad:	0.172	
    Magnitude of b:	9.8662920150967	

	
    Current index:	29501	
    Magnitude of W_grad:	27.16	
    Magnitude of W:	176188.52629989	
    Magnitude of B_grad:	0.128	
    Magnitude of b:	10.136782435701	

	
    Current index:	39501	
    Magnitude of W_grad:	36.928000000001	
    Magnitude of W:	176112.31642362	
    Magnitude of B_grad:	0.084	
    Magnitude of b:	10.17519016178	

	
    Current index:	49501	
    Magnitude of W_grad:	35.052	
    Magnitude of W:	176037.02677936	
    Magnitude of B_grad:	0.2	
    Magnitude of b:	10.445594239709	

	
    Current index:	59501	
    Magnitude of W_grad:	35.124	
    Magnitude of W:	175961.61961861	
    Magnitude of B_grad:	0.192	
    Magnitude of b:	10.801889303699	

	
    Current index:	69501	
    Magnitude of W_grad:	39.144000000001	
    Magnitude of W:	175886.68613946	
    Magnitude of B_grad:	0.104	
    Magnitude of b:	10.742128888496	

	
    Current index:	79501	
    Magnitude of W_grad:	36.964000000001	
    Magnitude of W:	175809.43071168	
    Magnitude of B_grad:	0.196	
    Magnitude of b:	10.319940844723	

	
    Current index:	89501	
    Magnitude of W_grad:	42.080000000001	
    Magnitude of W:	175733.18516237	
    Magnitude of B_grad:	0.104	
    Magnitude of b:	10.144359338555	

	
    Current index:	99501	
    Magnitude of W_grad:	40.884000000001	
    Magnitude of W:	175657.27841004	
    Magnitude of B_grad:	0.148	
    Magnitude of b:	10.360768434618	

	
    Current index:	109501	
    Magnitude of W_grad:	34.192	
    Magnitude of W:	175579.55934445	
    Magnitude of B_grad:	0.076	
    Magnitude of b:	10.345152904912	

	
    Current index:	119501	
    Magnitude of W_grad:	42.460000000001	
    Magnitude of W:	175504.72675308	
    Magnitude of B_grad:	0.216	
    Magnitude of b:	10.271544842298	

	
    Current index:	129501	
    Magnitude of W_grad:	39.184	
    Magnitude of W:	175429.77984431	
    Magnitude of B_grad:	0.128	
    Magnitude of b:	10.299973561967	

	
    Current index:	139501	
    Magnitude of W_grad:	44.548000000001	
    Magnitude of W:	175354.3666197	
    Magnitude of B_grad:	0.18	
    Magnitude of b:	10.306374914833	

	
SGD: Hinge Loss is	
1410387.4078801	
SGD: Validation Accuracy is:	
0.30699364214351	
SGD: Magnitude of W:	
175332.52924414	
SGD: Magnitude of b:	
9.752277061877	
    Current index:	9501	
    Magnitude of W_grad:	38.684000000001	
    Magnitude of W:	175259.23587763	
    Magnitude of B_grad:	0.152	
    Magnitude of b:	9.4309300964017	

	
    Current index:	19501	
    Magnitude of W_grad:	40.336000000001	
    Magnitude of W:	175185.12724414	
    Magnitude of B_grad:	0.148	
    Magnitude of b:	9.6844226392646	

	
    Current index:	29501	
    Magnitude of W_grad:	27.299999999999	
    Magnitude of W:	175110.57007699	
    Magnitude of B_grad:	0.124	
    Magnitude of b:	9.9489771165493	

	
    Current index:	39501	
    Magnitude of W_grad:	35.700000000001	
    Magnitude of W:	175035.43922163	
    Magnitude of B_grad:	0.068	
    Magnitude of b:	9.9434638692304	

	
    Current index:	49501	
    Magnitude of W_grad:	35.332	
    Magnitude of W:	174960.91321202	
    Magnitude of B_grad:	0.22	
    Magnitude of b:	10.225948311878	

	
    Current index:	59501	
    Magnitude of W_grad:	34.7	
    Magnitude of W:	174886.72788174	
    Magnitude of B_grad:	0.208	
    Magnitude of b:	10.552320069722	

	
    Current index:	69501	
    Magnitude of W_grad:	38.236	
    Magnitude of W:	174812.86346452	
    Magnitude of B_grad:	0.112	
    Magnitude of b:	10.524639473142	

	
    Current index:	79501	
    Magnitude of W_grad:	36.36	
    Magnitude of W:	174737.06133468	
    Magnitude of B_grad:	0.188	
    Magnitude of b:	10.142677561626	

	
    Current index:	89501	
    Magnitude of W_grad:	38.704000000001	
    Magnitude of W:	174661.91329471	
    Magnitude of B_grad:	0.088	
    Magnitude of b:	9.9911504417148	

	
    Current index:	99501	
    Magnitude of W_grad:	39.944000000001	
    Magnitude of W:	174587.38954121	
    Magnitude of B_grad:	0.16	
    Magnitude of b:	10.199619194663	

	
    Current index:	109501	
    Magnitude of W_grad:	33.876	
    Magnitude of W:	174510.90589882	
    Magnitude of B_grad:	0.072	
    Magnitude of b:	10.176062530243	

	
    Current index:	119501	
    Magnitude of W_grad:	41.684000000001	
    Magnitude of W:	174437.29643877	
    Magnitude of B_grad:	0.192	
    Magnitude of b:	10.100513031958	

	
    Current index:	129501	
    Magnitude of W_grad:	38.684	
    Magnitude of W:	174363.43484432	
    Magnitude of B_grad:	0.12	
    Magnitude of b:	10.118996407121	

	
    Current index:	139501	
    Magnitude of W_grad:	42.732000000001	
    Magnitude of W:	174289.42757567	
    Magnitude of B_grad:	0.168	
    Magnitude of b:	10.125462029242	

	
SGD: Hinge Loss is	
1381215.2015609	
SGD: Validation Accuracy is:	
0.31244323342416	
SGD: Magnitude of W:	
174267.84086309	
SGD: Magnitude of b:	
9.5918157741195	
    Current index:	9501	
    Magnitude of W_grad:	38.376000000001	
    Magnitude of W:	174195.65980354	
    Magnitude of B_grad:	0.132	
    Magnitude of b:	9.2805246303013	

	
    Current index:	19501	
    Magnitude of W_grad:	39.604	
    Magnitude of W:	174122.61391923	
    Magnitude of B_grad:	0.12	
    Magnitude of b:	9.4788766720411	

	
    Current index:	29501	
    Magnitude of W_grad:	24.719999999999	
    Magnitude of W:	174049.43156387	
    Magnitude of B_grad:	0.1	
    Magnitude of b:	9.7195074576475	

	
    Current index:	39501	
    Magnitude of W_grad:	36.852000000001	
    Magnitude of W:	173975.66011826	
    Magnitude of B_grad:	0.06	
    Magnitude of b:	9.7260701764411	

	
    Current index:	49501	
    Magnitude of W_grad:	35.344	
    Magnitude of W:	173902.13826776	
    Magnitude of B_grad:	0.204	
    Magnitude of b:	9.9986329406423	

	
    Current index:	59501	
    Magnitude of W_grad:	33.436	
    Magnitude of W:	173828.84572341	
    Magnitude of B_grad:	0.236	
    Magnitude of b:	10.293084253802	

	
    Current index:	69501	
    Magnitude of W_grad:	37.316	
    Magnitude of W:	173756.01510587	
    Magnitude of B_grad:	0.108	
    Magnitude of b:	10.26949264243	

	
    Current index:	79501	
    Magnitude of W_grad:	36.072	
    Magnitude of W:	173681.24149597	
    Magnitude of B_grad:	0.168	
    Magnitude of b:	9.9727260823566	

	
    Current index:	89501	
    Magnitude of W_grad:	38.156000000001	
    Magnitude of W:	173607.56478176	
    Magnitude of B_grad:	0.084	
    Magnitude of b:	9.8412527489792	

	
    Current index:	99501	
    Magnitude of W_grad:	39.020000000001	
    Magnitude of W:	173534.41545084	
    Magnitude of B_grad:	0.156	
    Magnitude of b:	10.031778037439	

	
    Current index:	109501	
    Magnitude of W_grad:	32.756	
    Magnitude of W:	173458.80570777	
    Magnitude of B_grad:	0.068	
    Magnitude of b:	9.9882817416881	

	
    Current index:	119501	
    Magnitude of W_grad:	40.536000000001	
    Magnitude of W:	173386.3837272	
    Magnitude of B_grad:	0.188	
    Magnitude of b:	9.950792555652	

	
    Current index:	129501	
    Magnitude of W_grad:	37.376	
    Magnitude of W:	173313.86163301	
    Magnitude of B_grad:	0.132	
    Magnitude of b:	9.9473319489345	

	
    Current index:	139501	
    Magnitude of W_grad:	41.908000000001	
    Magnitude of W:	173240.79444344	
    Magnitude of B_grad:	0.152	
    Magnitude of b:	9.9518551805702	

	
SGD: Hinge Loss is	
1353613.8206199	
SGD: Validation Accuracy is:	
0.32334241598547	
SGD: Magnitude of W:	
173219.46920284	
SGD: Magnitude of b:	
9.4128361668618	
    Current index:	9501	
    Magnitude of W_grad:	37.652000000001	
    Magnitude of W:	173147.99245594	
    Magnitude of B_grad:	0.152	
    Magnitude of b:	9.1576017968914	

	
    Current index:	19501	
    Magnitude of W_grad:	41.848000000001	
    Magnitude of W:	173076.28606654	
    Magnitude of B_grad:	0.108	
    Magnitude of b:	9.3096231905492	

	
    Current index:	29501	
    Magnitude of W_grad:	26.155999999999	
    Magnitude of W:	173003.95936732	
    Magnitude of B_grad:	0.108	
    Magnitude of b:	9.548315680098	

	
    Current index:	39501	
    Magnitude of W_grad:	36.636000000001	
    Magnitude of W:	172931.21329429	
    Magnitude of B_grad:	0.076	
    Magnitude of b:	9.5509417276249	

	
    Current index:	49501	
    Magnitude of W_grad:	35.204	
    Magnitude of W:	172858.78732936	
    Magnitude of B_grad:	0.236	
    Magnitude of b:	9.8195646809729	

	
    Current index:	59501	
    Magnitude of W_grad:	34.116	
    Magnitude of W:	172786.32473438	
    Magnitude of B_grad:	0.216	
    Magnitude of b:	10.110082082145	

	
    Current index:	69501	
    Magnitude of W_grad:	36.52	
    Magnitude of W:	172714.53977563	
    Magnitude of B_grad:	0.104	
    Magnitude of b:	10.096553837901	

	
    Current index:	79501	
    Magnitude of W_grad:	36.408000000001	
    Magnitude of W:	172640.79805176	
    Magnitude of B_grad:	0.188	
    Magnitude of b:	9.8101669523497	

	
    Current index:	89501	
    Magnitude of W_grad:	38.696000000001	
    Magnitude of W:	172568.39688576	
    Magnitude of B_grad:	0.084	
    Magnitude of b:	9.6847508412075	

	
    Current index:	99501	
    Magnitude of W_grad:	39.336000000001	
    Magnitude of W:	172496.18635569	
    Magnitude of B_grad:	0.164	
    Magnitude of b:	9.85333711526	

	
    Current index:	109501	
    Magnitude of W_grad:	31.636	
    Magnitude of W:	172422.14129864	
    Magnitude of B_grad:	0.068	
    Magnitude of b:	9.8399040950094	

	
    Current index:	119501	
    Magnitude of W_grad:	39.752000000001	
    Magnitude of W:	172350.86207113	
    Magnitude of B_grad:	0.168	
    Magnitude of b:	9.7624684251966	

	
    Current index:	129501	
    Magnitude of W_grad:	36.416	
    Magnitude of W:	172278.97252397	
    Magnitude of B_grad:	0.148	
    Magnitude of b:	9.7570695121927	

	
    Current index:	139501	
    Magnitude of W_grad:	41.316000000001	
    Magnitude of W:	172206.93426454	
    Magnitude of B_grad:	0.152	
    Magnitude of b:	9.7736569026294	

	
SGD: Hinge Loss is	
1327916.1028898	
SGD: Validation Accuracy is:	
0.32243415077203	
SGD: Magnitude of W:	
172185.92679834	
SGD: Magnitude of b:	
9.2524810116287	
    Current index:	9501	
    Magnitude of W_grad:	38.084000000001	
    Magnitude of W:	172115.19159048	
    Magnitude of B_grad:	0.144	
    Magnitude of b:	8.9953027416517	

	
    Current index:	19501	
    Magnitude of W_grad:	37.26	
    Magnitude of W:	172044.53661839	
    Magnitude of B_grad:	0.092	
    Magnitude of b:	9.1441448474913	

	
    Current index:	29501	
    Magnitude of W_grad:	24.455999999999	
    Magnitude of W:	171973.36712542	
    Magnitude of B_grad:	0.116	
    Magnitude of b:	9.3696188963911	

	
    Current index:	39501	
    Magnitude of W_grad:	37.216	
    Magnitude of W:	171901.40886892	
    Magnitude of B_grad:	0.08	
    Magnitude of b:	9.3503101308862	

	
    Current index:	49501	
    Magnitude of W_grad:	34.536000000001	
    Magnitude of W:	171829.8577581	
    Magnitude of B_grad:	0.236	
    Magnitude of b:	9.6210035376087	

	
    Current index:	59501	
    Magnitude of W_grad:	32.644	
    Magnitude of W:	171758.31376477	
    Magnitude of B_grad:	0.236	
    Magnitude of b:	9.9055863934052	

	
    Current index:	69501	
    Magnitude of W_grad:	36.388	
    Magnitude of W:	171687.49354559	
    Magnitude of B_grad:	0.108	
    Magnitude of b:	9.9061288702795	

	
    Current index:	79501	
    Magnitude of W_grad:	35.788	
    Magnitude of W:	171614.39710723	
    Magnitude of B_grad:	0.168	
    Magnitude of b:	9.6462919303578	

	
    Current index:	89501	
    Magnitude of W_grad:	36.336	
    Magnitude of W:	171542.80975579	
    Magnitude of B_grad:	0.1	
    Magnitude of b:	9.5629297890767	

	
    Current index:	99501	
    Magnitude of W_grad:	38.128000000001	
    Magnitude of W:	171471.33166133	
    Magnitude of B_grad:	0.136	
    Magnitude of b:	9.6955653209633	

	
    Current index:	109501	
    Magnitude of W_grad:	31.344	
    Magnitude of W:	171398.26388614	
    Magnitude of B_grad:	0.056	
    Magnitude of b:	9.67418847638	

	
    Current index:	119501	
    Magnitude of W_grad:	38.824000000001	
    Magnitude of W:	171328.12826115	
    Magnitude of B_grad:	0.192	
    Magnitude of b:	9.6268050393354	

	
    Current index:	129501	
    Magnitude of W_grad:	36.464	
    Magnitude of W:	171257.1521893	
    Magnitude of B_grad:	0.164	
    Magnitude of b:	9.6094529466709	

	
    Current index:	139501	
    Magnitude of W_grad:	40.064000000001	
    Magnitude of W:	171186.08340106	
    Magnitude of B_grad:	0.132	
    Magnitude of b:	9.6160919048917	

	
SGD: Hinge Loss is	
1303788.6728342	
SGD: Validation Accuracy is:	
0.3197093551317	
SGD: Magnitude of W:	
171165.2471778	
SGD: Magnitude of b:	
9.1307570030829	
    Current index:	9501	
    Magnitude of W_grad:	37.376000000001	
    Magnitude of W:	171095.08553225	
    Magnitude of B_grad:	0.14	
    Magnitude of b:	8.8776230173938	

	
    Current index:	19501	
    Magnitude of W_grad:	36.54	
    Magnitude of W:	171025.27895919	
    Magnitude of B_grad:	0.104	
    Magnitude of b:	8.9925111438355	

	
    Current index:	29501	
    Magnitude of W_grad:	23.967999999999	
    Magnitude of W:	170954.80194224	
    Magnitude of B_grad:	0.104	
    Magnitude of b:	9.2045697928677	

	
    Current index:	39501	
    Magnitude of W_grad:	36.764	
    Magnitude of W:	170883.93328112	
    Magnitude of B_grad:	0.088	
    Magnitude of b:	9.1893182459751	

	
    Current index:	49501	
    Magnitude of W_grad:	35.208000000001	
    Magnitude of W:	170812.74751402	
    Magnitude of B_grad:	0.212	
    Magnitude of b:	9.4480696221999	

	
    Current index:	59501	
    Magnitude of W_grad:	31.58	
    Magnitude of W:	170742.03667268	
    Magnitude of B_grad:	0.212	
    Magnitude of b:	9.7307113728139	

	
    Current index:	69501	
    Magnitude of W_grad:	35.62	
    Magnitude of W:	170671.93913259	
    Magnitude of B_grad:	0.124	
    Magnitude of b:	9.7333110422955	

	
    Current index:	79501	
    Magnitude of W_grad:	36.608000000001	
    Magnitude of W:	170599.8254389	
    Magnitude of B_grad:	0.168	
    Magnitude of b:	9.4969600827349	

	
    Current index:	89501	
    Magnitude of W_grad:	37.124000000001	
    Magnitude of W:	170529.38601662	
    Magnitude of B_grad:	0.104	
    Magnitude of b:	9.4216480082288	

	
    Current index:	99501	
    Magnitude of W_grad:	38.168000000001	
    Magnitude of W:	170459.03980534	
    Magnitude of B_grad:	0.152	
    Magnitude of b:	9.5323354110417	

	
    Current index:	109501	
    Magnitude of W_grad:	30.08	
    Magnitude of W:	170386.82735053	
    Magnitude of B_grad:	0.068	
    Magnitude of b:	9.5170115401492	

	
    Current index:	119501	
    Magnitude of W_grad:	37.684000000001	
    Magnitude of W:	170317.19907233	
    Magnitude of B_grad:	0.168	
    Magnitude of b:	9.4776783608845	

	
    Current index:	129501	
    Magnitude of W_grad:	35.824	
    Magnitude of W:	170247.09977663	
    Magnitude of B_grad:	0.192	
    Magnitude of b:	9.4723798360726	

	
    Current index:	139501	
    Magnitude of W_grad:	39.436	
    Magnitude of W:	170176.80303852	
    Magnitude of B_grad:	0.132	
    Magnitude of b:	9.4750675096079	

	
SGD: Hinge Loss is	
1282220.8981798	
SGD: Validation Accuracy is:	
0.32334241598547	
SGD: Magnitude of W:	
170156.26948988	
SGD: Magnitude of b:	
8.9871383986307	
    Current index:	9501	
    Magnitude of W_grad:	37.748000000001	
    Magnitude of W:	170086.82780075	
    Magnitude of B_grad:	0.132	
    Magnitude of b:	8.7480486953897	

	
    Current index:	19501	
    Magnitude of W_grad:	35.632	
    Magnitude of W:	170017.89399859	
    Magnitude of B_grad:	0.092	
    Magnitude of b:	8.8635317362083	

	
    Current index:	29501	
    Magnitude of W_grad:	23.379999999999	
    Magnitude of W:	169948.08168468	
    Magnitude of B_grad:	0.104	
    Magnitude of b:	9.0763882265793	

	
    Current index:	39501	
    Magnitude of W_grad:	36.372000000001	
    Magnitude of W:	169878.4197553	
    Magnitude of B_grad:	0.084	
    Magnitude of b:	9.0546900136516	

	
    Current index:	49501	
    Magnitude of W_grad:	35.276000000001	
    Magnitude of W:	169808.24717195	
    Magnitude of B_grad:	0.204	
    Magnitude of b:	9.3139817630157	

	
    Current index:	59501	
    Magnitude of W_grad:	31.596	
    Magnitude of W:	169738.66706079	
    Magnitude of B_grad:	0.208	
    Magnitude of b:	9.5666717437945	

	
    Current index:	69501	
    Magnitude of W_grad:	35.276	
    Magnitude of W:	169669.35507485	
    Magnitude of B_grad:	0.112	
    Magnitude of b:	9.5773322015591	

	
    Current index:	79501	
    Magnitude of W_grad:	35.204	
    Magnitude of W:	169598.33531493	
    Magnitude of B_grad:	0.172	
    Magnitude of b:	9.3477115140622	

	
    Current index:	89501	
    Magnitude of W_grad:	35.932	
    Magnitude of W:	169528.52602276	
    Magnitude of B_grad:	0.12	
    Magnitude of b:	9.2724543464454	

	
    Current index:	99501	
    Magnitude of W_grad:	38.604000000001	
    Magnitude of W:	169458.95199813	
    Magnitude of B_grad:	0.136	
    Magnitude of b:	9.3991922930038	

	
    Current index:	109501	
    Magnitude of W_grad:	29.812	
    Magnitude of W:	169387.88863433	
    Magnitude of B_grad:	0.052	
    Magnitude of b:	9.3979132735245	

	
    Current index:	119501	
    Magnitude of W_grad:	38.164000000001	
    Magnitude of W:	169319.2104857	
    Magnitude of B_grad:	0.16	
    Magnitude of b:	9.3666219176538	

	
    Current index:	129501	
    Magnitude of W_grad:	34.108	
    Magnitude of W:	169249.87391313	
    Magnitude of B_grad:	0.18	
    Magnitude of b:	9.3233691251424	

	
    Current index:	139501	
    Magnitude of W_grad:	38.12	
    Magnitude of W:	169180.69473396	
    Magnitude of B_grad:	0.104	
    Magnitude of b:	9.3201066831165	

	
SGD: Hinge Loss is	
1260838.2264468	
SGD: Validation Accuracy is:	
0.32515894641235	
SGD: Magnitude of W:	
169160.48490776	
SGD: Magnitude of b:	
8.8321937531976	
    Current index:	9501	
    Magnitude of W_grad:	36.280000000001	
    Magnitude of W:	169091.85141343	
    Magnitude of B_grad:	0.132	
    Magnitude of b:	8.6191515289927	

	
    Current index:	19501	
    Magnitude of W_grad:	34.1	
    Magnitude of W:	169023.81933552	
    Magnitude of B_grad:	0.056	
    Magnitude of b:	8.7256113988762	

	
    Current index:	29501	
    Magnitude of W_grad:	24.923999999999	
    Magnitude of W:	168954.63651886	
    Magnitude of B_grad:	0.116	
    Magnitude of b:	8.912515115114	

	
    Current index:	39501	
    Magnitude of W_grad:	37.104000000001	
    Magnitude of W:	168885.6241294	
    Magnitude of B_grad:	0.096	
    Magnitude of b:	8.9099378492972	

	
    Current index:	49501	
    Magnitude of W_grad:	34.892000000001	
    Magnitude of W:	168815.88469511	
    Magnitude of B_grad:	0.216	
    Magnitude of b:	9.1382282695593	

	
    Current index:	59501	
    Magnitude of W_grad:	31.432	
    Magnitude of W:	168747.07683545	
    Magnitude of B_grad:	0.24	
    Magnitude of b:	9.3969811101014	

	
    Current index:	69501	
    Magnitude of W_grad:	34.964	
    Magnitude of W:	168678.69165698	
    Magnitude of B_grad:	0.116	
    Magnitude of b:	9.4156919705947	

	
    Current index:	79501	
    Magnitude of W_grad:	32.472	
    Magnitude of W:	168608.65639629	
    Magnitude of B_grad:	0.156	
    Magnitude of b:	9.2011583121067	

	
    Current index:	89501	
    Magnitude of W_grad:	35.62	
    Magnitude of W:	168540.01125673	
    Magnitude of B_grad:	0.116	
    Magnitude of b:	9.1459485915552	

	
    Current index:	99501	
    Magnitude of W_grad:	38.536000000001	
    Magnitude of W:	168471.32802624	
    Magnitude of B_grad:	0.148	
    Magnitude of b:	9.2467335137551	

	
    Current index:	109501	
    Magnitude of W_grad:	29.664	
    Magnitude of W:	168401.19768129	
    Magnitude of B_grad:	0.052	
    Magnitude of b:	9.2555049556849	

	
    Current index:	119501	
    Magnitude of W_grad:	36.092000000001	
    Magnitude of W:	168333.03227018	
    Magnitude of B_grad:	0.14	
    Magnitude of b:	9.2422638684787	

	
    Current index:	129501	
    Magnitude of W_grad:	35.132	
    Magnitude of W:	168264.69467043	
    Magnitude of B_grad:	0.184	
    Magnitude of b:	9.1670574742602	

	
    Current index:	139501	
    Magnitude of W_grad:	37.92	
    Magnitude of W:	168196.28775384	
    Magnitude of B_grad:	0.132	
    Magnitude of b:	9.1818478241412	

	
Done.	
Testing on validation set...	
Done	
Datafile:	/n/home09/ankitgupta/CS287/HW1/SST1-uni-syns.hdf5	Classifier:	hinge	Alpha:	0	Eta:	0.5	Lambda:	5	Minibatch size:	500	Num Epochs:	15	Minimum Sentence Length:	5	
Accuracy:	0.32425068119891	
