[?1034hDatafile:	/n/home09/ankitgupta/CS287/HW1/SST1-uni-sent.hdf5	Classifier:	hinge	Alpha:	0	Eta:	0.5	Lambda:	0.5	Minibatch size:	500	Num Epochs:	50	Minimum Sentence Length:	5	
Note that not all parameters may apply to all classifiers	
Loading datafiles...	
Number of training samples before removing small sentences	156817	
Number of training samples after removing small sentences	93603	
Done.	
Training classifier...	
Parameters are:	
Eta:	
0.5	
Lambda:	
0.5	
Minibatch size:	
500	
Number of Epochs	
50	
SGD: Hinge Loss is	
445220.92155772	
SGD: Validation Accuracy is:	
0.2125340599455	
SGD: Magnitude of W:	
61202.838140489	
SGD: Magnitude of b:	
5.1334239238069	
    Current index:	9501	
    Magnitude of W_grad:	11.256	
    Magnitude of W:	61175.950666207	
    Magnitude of B_grad:	0.272	
    Magnitude of b:	5.3975208749917	

	
    Current index:	19501	
    Magnitude of W_grad:	8.1359999999998	
    Magnitude of W:	61152.414988727	
    Magnitude of B_grad:	0.192	
    Magnitude of b:	5.9272204049346	

	
    Current index:	29501	
    Magnitude of W_grad:	9.4199999999999	
    Magnitude of W:	61129.701242668	
    Magnitude of B_grad:	0.18	
    Magnitude of b:	6.0948944396172	

	
    Current index:	39501	
    Magnitude of W_grad:	9.0639999999999	
    Magnitude of W:	61106.818607696	
    Magnitude of B_grad:	0.128	
    Magnitude of b:	6.8625455227907	

	
    Current index:	49501	
    Magnitude of W_grad:	11.032	
    Magnitude of W:	61083.625352534	
    Magnitude of B_grad:	0.52	
    Magnitude of b:	5.7260768351253	

	
    Current index:	59501	
    Magnitude of W_grad:	11.424	
    Magnitude of W:	61059.226417341	
    Magnitude of B_grad:	0.376	
    Magnitude of b:	5.4897834077898	

	
    Current index:	69501	
    Magnitude of W_grad:	9.5559999999999	
    Magnitude of W:	61035.435310724	
    Magnitude of B_grad:	0.244	
    Magnitude of b:	5.6553465994927	

	
    Current index:	79501	
    Magnitude of W_grad:	10.128	
    Magnitude of W:	61012.507108927	
    Magnitude of B_grad:	0.124	
    Magnitude of b:	5.7850369619943	

	
    Current index:	89501	
    Magnitude of W_grad:	9.9039999999999	
    Magnitude of W:	60990.04953399	
    Magnitude of B_grad:	0.188	
    Magnitude of b:	5.8567279499571	

	
SGD: Hinge Loss is	
368021.44499691	
SGD: Validation Accuracy is:	
0.21798365122616	
SGD: Magnitude of W:	
60981.263319479	
SGD: Magnitude of b:	
5.4119606885786	
    Current index:	9501	
    Magnitude of W_grad:	10.6	
    Magnitude of W:	60958.788104025	
    Magnitude of B_grad:	0.228	
    Magnitude of b:	5.3755230123132	

	
    Current index:	19501	
    Magnitude of W_grad:	8.1079999999998	
    Magnitude of W:	60938.229586227	
    Magnitude of B_grad:	0.172	
    Magnitude of b:	5.757227755548	

	
    Current index:	29501	
    Magnitude of W_grad:	9.6759999999999	
    Magnitude of W:	60917.794840278	
    Magnitude of B_grad:	0.22	
    Magnitude of b:	5.7969135840558	

	
    Current index:	39501	
    Magnitude of W_grad:	8.9199999999999	
    Magnitude of W:	60896.335799975	
    Magnitude of B_grad:	0.12	
    Magnitude of b:	6.4165836128089	

	
    Current index:	49501	
    Magnitude of W_grad:	10.132	
    Magnitude of W:	60875.526448236	
    Magnitude of B_grad:	0.468	
    Magnitude of b:	5.4148518165773	

	
    Current index:	59501	
    Magnitude of W_grad:	11.044	
    Magnitude of W:	60852.713975782	
    Magnitude of B_grad:	0.328	
    Magnitude of b:	5.6026761486864	

	
    Current index:	69501	
    Magnitude of W_grad:	9.5839999999999	
    Magnitude of W:	60831.271404113	
    Magnitude of B_grad:	0.22	
    Magnitude of b:	5.8303695970144	

	
    Current index:	79501	
    Magnitude of W_grad:	10	
    Magnitude of W:	60810.69259492	
    Magnitude of B_grad:	0.084	
    Magnitude of b:	5.9500509470559	

	
    Current index:	89501	
    Magnitude of W_grad:	9.9399999999999	
    Magnitude of W:	60789.824293558	
    Magnitude of B_grad:	0.188	
    Magnitude of b:	6.0537303644103	

	
SGD: Hinge Loss is	
340452.82411441	
SGD: Validation Accuracy is:	
0.23342415985468	
SGD: Magnitude of W:	
60781.427893782	
SGD: Magnitude of b:	
5.6143765297304	
    Current index:	9501	
    Magnitude of W_grad:	10.716	
    Magnitude of W:	60760.881665533	
    Magnitude of B_grad:	0.248	
    Magnitude of b:	5.2913410518549	

	
    Current index:	19501	
    Magnitude of W_grad:	8.1079999999998	
    Magnitude of W:	60741.134444825	
    Magnitude of B_grad:	0.148	
    Magnitude of b:	5.5970520224196	

	
    Current index:	29501	
    Magnitude of W_grad:	9.5359999999999	
    Magnitude of W:	60721.902831401	
    Magnitude of B_grad:	0.212	
    Magnitude of b:	5.688746502971	

	
    Current index:	39501	
    Magnitude of W_grad:	8.8319999999999	
    Magnitude of W:	60702.19536447	
    Magnitude of B_grad:	0.136	
    Magnitude of b:	6.2504230573826	

	
    Current index:	49501	
    Magnitude of W_grad:	9.9319999999999	
    Magnitude of W:	60682.661572711	
    Magnitude of B_grad:	0.436	
    Magnitude of b:	5.3916596125408	

	
    Current index:	59501	
    Magnitude of W_grad:	10.748	
    Magnitude of W:	60661.317770488	
    Magnitude of B_grad:	0.348	
    Magnitude of b:	5.7449866811016	

	
    Current index:	69501	
    Magnitude of W_grad:	9.5799999999999	
    Magnitude of W:	60640.875023224	
    Magnitude of B_grad:	0.236	
    Magnitude of b:	5.9486729925314	

	
    Current index:	79501	
    Magnitude of W_grad:	9.7879999999999	
    Magnitude of W:	60621.873316201	
    Magnitude of B_grad:	0.064	
    Magnitude of b:	6.026350143916	

	
    Current index:	89501	
    Magnitude of W_grad:	10.004	
    Magnitude of W:	60602.931601023	
    Magnitude of B_grad:	0.184	
    Magnitude of b:	6.1360239633294	

	
SGD: Hinge Loss is	
323448.8825238	
SGD: Validation Accuracy is:	
0.2425068119891	
SGD: Magnitude of W:	
60595.522699369	
SGD: Magnitude of b:	
5.672377428677	
    Current index:	9501	
    Magnitude of W_grad:	10.892	
    Magnitude of W:	60576.977441973	
    Magnitude of B_grad:	0.252	
    Magnitude of b:	5.2608937839026	

	
    Current index:	19501	
    Magnitude of W_grad:	7.9439999999998	
    Magnitude of W:	60558.475624808	
    Magnitude of B_grad:	0.144	
    Magnitude of b:	5.5346076040629	

	
    Current index:	29501	
    Magnitude of W_grad:	9.2199999999999	
    Magnitude of W:	60540.409583247	
    Magnitude of B_grad:	0.2	
    Magnitude of b:	5.6263056925448	

	
    Current index:	39501	
    Magnitude of W_grad:	8.9919999999999	
    Magnitude of W:	60521.829222071	
    Magnitude of B_grad:	0.16	
    Magnitude of b:	6.1659850427949	

	
    Current index:	49501	
    Magnitude of W_grad:	9.6519999999999	
    Magnitude of W:	60503.711818812	
    Magnitude of B_grad:	0.424	
    Magnitude of b:	5.4021856231443	

	
    Current index:	59501	
    Magnitude of W_grad:	10.64	
    Magnitude of W:	60483.863217243	
    Magnitude of B_grad:	0.344	
    Magnitude of b:	5.7169552100316	

	
    Current index:	69501	
    Magnitude of W_grad:	9.4879999999999	
    Magnitude of W:	60464.957575366	
    Magnitude of B_grad:	0.224	
    Magnitude of b:	5.8906426822731	

	
    Current index:	79501	
    Magnitude of W_grad:	9.844	
    Magnitude of W:	60446.941977073	
    Magnitude of B_grad:	0.08	
    Magnitude of b:	5.9643220627118	

	
    Current index:	89501	
    Magnitude of W_grad:	9.7759999999999	
    Magnitude of W:	60429.048865361	
    Magnitude of B_grad:	0.176	
    Magnitude of b:	6.129997074775	

	
SGD: Hinge Loss is	
311322.01582785	
SGD: Validation Accuracy is:	
0.24523160762943	
SGD: Magnitude of W:	
60422.035457708	
SGD: Magnitude of b:	
5.6166423797346	
    Current index:	9501	
    Magnitude of W_grad:	10.844	
    Magnitude of W:	60403.896469647	
    Magnitude of B_grad:	0.268	
    Magnitude of b:	5.2886923254871	

	
    Current index:	19501	
    Magnitude of W_grad:	7.9119999999998	
    Magnitude of W:	60386.192551258	
    Magnitude of B_grad:	0.176	
    Magnitude of b:	5.5524053925689	

	
    Current index:	29501	
    Magnitude of W_grad:	8.8599999999999	
    Magnitude of W:	60368.666251581	
    Magnitude of B_grad:	0.192	
    Magnitude of b:	5.6401024181849	

	
    Current index:	39501	
    Magnitude of W_grad:	9.1359999999999	
    Magnitude of W:	60350.704615958	
    Magnitude of B_grad:	0.212	
    Magnitude of b:	6.1757813840265	

	
    Current index:	49501	
    Magnitude of W_grad:	9.4799999999999	
    Magnitude of W:	60333.074436239	
    Magnitude of B_grad:	0.408	
    Magnitude of b:	5.4124257974153	

	
    Current index:	59501	
    Magnitude of W_grad:	10.772	
    Magnitude of W:	60314.142217612	
    Magnitude of B_grad:	0.372	
    Magnitude of b:	5.6632171550273	

	
    Current index:	69501	
    Magnitude of W_grad:	9.2959999999998	
    Magnitude of W:	60296.052630451	
    Magnitude of B_grad:	0.236	
    Magnitude of b:	5.8189083790917	

	
    Current index:	79501	
    Magnitude of W_grad:	9.576	
    Magnitude of W:	60278.653400204	
    Magnitude of B_grad:	0.088	
    Magnitude of b:	5.898590731274	

	
    Current index:	89501	
    Magnitude of W_grad:	9.5519999999999	
    Magnitude of W:	60261.221813569	
    Magnitude of B_grad:	0.168	
    Magnitude of b:	6.0542690193944	

	
SGD: Hinge Loss is	
302051.82109428	
SGD: Validation Accuracy is:	
0.24977293369664	
SGD: Magnitude of W:	
60254.621812463	
SGD: Magnitude of b:	
5.5740420491667	
    Current index:	9501	
    Magnitude of W_grad:	10.596	
    Magnitude of W:	60237.40538723	
    Magnitude of B_grad:	0.264	
    Magnitude of b:	5.284473157398	

	
    Current index:	19501	
    Magnitude of W_grad:	7.9199999999998	
    Magnitude of W:	60220.497938598	
    Magnitude of B_grad:	0.192	
    Magnitude of b:	5.5361862789206	

	
    Current index:	29501	
    Magnitude of W_grad:	8.7479999999999	
    Magnitude of W:	60203.760796633	
    Magnitude of B_grad:	0.2	
    Magnitude of b:	5.6318846195847	

	
    Current index:	39501	
    Magnitude of W_grad:	9.0359999999999	
    Magnitude of W:	60186.442761882	
    Magnitude of B_grad:	0.192	
    Magnitude of b:	6.1675634795416	

	
    Current index:	49501	
    Magnitude of W_grad:	9.3679999999999	
    Magnitude of W:	60169.337547124	
    Magnitude of B_grad:	0.388	
    Magnitude of b:	5.3980899596648	

	
    Current index:	59501	
    Magnitude of W_grad:	10.712	
    Magnitude of W:	60150.806996361	
    Magnitude of B_grad:	0.368	
    Magnitude of b:	5.640617369316	

	
    Current index:	69501	
    Magnitude of W_grad:	9.2279999999999	
    Magnitude of W:	60133.361837068	
    Magnitude of B_grad:	0.228	
    Magnitude of b:	5.7483111092629	

	
    Current index:	79501	
    Magnitude of W_grad:	9.388	
    Magnitude of W:	60116.525289307	
    Magnitude of B_grad:	0.084	
    Magnitude of b:	5.7979979054909	

	
    Current index:	89501	
    Magnitude of W_grad:	9.0559999999999	
    Magnitude of W:	60099.658027473	
    Magnitude of B_grad:	0.144	
    Magnitude of b:	5.9796804771656	

	
SGD: Hinge Loss is	
294671.30556428	
SGD: Validation Accuracy is:	
0.25249772933697	
SGD: Magnitude of W:	
60093.648625169	
SGD: Magnitude of b:	
5.4914551487197	
    Current index:	9501	
    Magnitude of W_grad:	10.52	
    Magnitude of W:	60076.950157345	
    Magnitude of B_grad:	0.24	
    Magnitude of b:	5.3185316832938	

	
    Current index:	19501	
    Magnitude of W_grad:	7.7879999999998	
    Magnitude of W:	60060.680494541	
    Magnitude of B_grad:	0.184	
    Magnitude of b:	5.5602431618305	

	
    Current index:	29501	
    Magnitude of W_grad:	8.6159999999999	
    Magnitude of W:	60044.661581651	
    Magnitude of B_grad:	0.208	
    Magnitude of b:	5.6539407623193	

	
    Current index:	39501	
    Magnitude of W_grad:	8.9199999999999	
    Magnitude of W:	60027.983895549	
    Magnitude of B_grad:	0.18	
    Magnitude of b:	6.1796191919493	

	
    Current index:	49501	
    Magnitude of W_grad:	9.2519999999998	
    Magnitude of W:	60011.585689688	
    Magnitude of B_grad:	0.392	
    Magnitude of b:	5.3397693623126	

	
    Current index:	59501	
    Magnitude of W_grad:	10.636	
    Magnitude of W:	59993.660830227	
    Magnitude of B_grad:	0.348	
    Magnitude of b:	5.5560501085809	

	
    Current index:	69501	
    Magnitude of W_grad:	9.1559999999999	
    Magnitude of W:	59976.903212367	
    Magnitude of B_grad:	0.216	
    Magnitude of b:	5.6857479597887	

	
    Current index:	79501	
    Magnitude of W_grad:	9.224	
    Magnitude of W:	59960.671474145	
    Magnitude of B_grad:	0.08	
    Magnitude of b:	5.7134386694267	

	
    Current index:	89501	
    Magnitude of W_grad:	8.9479999999999	
    Magnitude of W:	59944.480583699	
    Magnitude of B_grad:	0.136	
    Magnitude of b:	5.9131248872131	

	
SGD: Hinge Loss is	
286799.33962483	
SGD: Validation Accuracy is:	
0.25431425976385	
SGD: Magnitude of W:	
59938.74383815	
SGD: Magnitude of b:	
5.4580272104536	
    Current index:	9501	
    Magnitude of W_grad:	10.016	
    Magnitude of W:	59922.356457146	
    Magnitude of B_grad:	0.2	
    Magnitude of b:	5.3094190150296	

	
    Current index:	19501	
    Magnitude of W_grad:	7.8199999999998	
    Magnitude of W:	59906.588131151	
    Magnitude of B_grad:	0.192	
    Magnitude of b:	5.5431307079044	

	
    Current index:	29501	
    Magnitude of W_grad:	8.3399999999999	
    Magnitude of W:	59890.893605966	
    Magnitude of B_grad:	0.204	
    Magnitude of b:	5.6208295536461	

	
    Current index:	39501	
    Magnitude of W_grad:	8.7679999999999	
    Magnitude of W:	59874.646690131	
    Magnitude of B_grad:	0.16	
    Magnitude of b:	6.1325096183986	

	
    Current index:	49501	
    Magnitude of W_grad:	9.2559999999999	
    Magnitude of W:	59858.797976232	
    Magnitude of B_grad:	0.384	
    Magnitude of b:	5.3048887353032	

	
    Current index:	59501	
    Magnitude of W_grad:	10.276	
    Magnitude of W:	59841.739717408	
    Magnitude of B_grad:	0.312	
    Magnitude of b:	5.4966353710948	

	
    Current index:	69501	
    Magnitude of W_grad:	9.1039999999999	
    Magnitude of W:	59825.361131611	
    Magnitude of B_grad:	0.204	
    Magnitude of b:	5.628336219715	

	
    Current index:	79501	
    Magnitude of W_grad:	8.8399999999999	
    Magnitude of W:	59809.598680057	
    Magnitude of B_grad:	0.064	
    Magnitude of b:	5.6700304340503	

	
    Current index:	89501	
    Magnitude of W_grad:	8.9039999999999	
    Magnitude of W:	59793.926622591	
    Magnitude of B_grad:	0.124	
    Magnitude of b:	5.8537192749943	

	
SGD: Hinge Loss is	
280919.95381909	
SGD: Validation Accuracy is:	
0.25340599455041	
SGD: Magnitude of W:	
59788.303032944	
SGD: Magnitude of b:	
5.4297490277087	
    Current index:	9501	
    Magnitude of W_grad:	10.028	
    Magnitude of W:	59772.473093962	
    Magnitude of B_grad:	0.22	
    Magnitude of b:	5.27260028218	

	
    Current index:	19501	
    Magnitude of W_grad:	7.8399999999998	
    Magnitude of W:	59757.228575613	
    Magnitude of B_grad:	0.184	
    Magnitude of b:	5.5263132633697	

	
    Current index:	29501	
    Magnitude of W_grad:	8.2879999999999	
    Magnitude of W:	59741.886557099	
    Magnitude of B_grad:	0.208	
    Magnitude of b:	5.6020140223299	

	
    Current index:	39501	
    Magnitude of W_grad:	8.5279999999999	
    Magnitude of W:	59726.147903328	
    Magnitude of B_grad:	0.16	
    Magnitude of b:	6.0776959734954	

	
    Current index:	49501	
    Magnitude of W_grad:	8.8239999999999	
    Magnitude of W:	59710.91445397	
    Magnitude of B_grad:	0.352	
    Magnitude of b:	5.2637305674736	

	
    Current index:	59501	
    Magnitude of W_grad:	10.26	
    Magnitude of W:	59694.293878301	
    Magnitude of B_grad:	0.312	
    Magnitude of b:	5.438363243443	

	
    Current index:	69501	
    Magnitude of W_grad:	8.9039999999999	
    Magnitude of W:	59678.173719744	
    Magnitude of B_grad:	0.188	
    Magnitude of b:	5.5680670391205	

	
    Current index:	79501	
    Magnitude of W_grad:	8.6759999999999	
    Magnitude of W:	59662.893417263	
    Magnitude of B_grad:	0.072	
    Magnitude of b:	5.5877653381168	

	
    Current index:	89501	
    Magnitude of W_grad:	8.8439999999999	
    Magnitude of W:	59647.799566528	
    Magnitude of B_grad:	0.12	
    Magnitude of b:	5.7694585839936	

	
SGD: Hinge Loss is	
275376.90974686	
SGD: Validation Accuracy is:	
0.26521344232516	
SGD: Magnitude of W:	
59642.344399995	
SGD: Magnitude of b:	
5.3531989016478	
    Current index:	9501	
    Magnitude of W_grad:	9.6839999999999	
    Magnitude of W:	59627.050770153	
    Magnitude of B_grad:	0.22	
    Magnitude of b:	5.2297963150758	

	
    Current index:	19501	
    Magnitude of W_grad:	7.6679999999998	
    Magnitude of W:	59612.18488134	
    Magnitude of B_grad:	0.192	
    Magnitude of b:	5.4915109737255	

	
    Current index:	29501	
    Magnitude of W_grad:	8.1599999999999	
    Magnitude of W:	59597.246044666	
    Magnitude of B_grad:	0.192	
    Magnitude of b:	5.5712137198739	

	
    Current index:	39501	
    Magnitude of W_grad:	8.5359999999999	
    Magnitude of W:	59581.978434752	
    Magnitude of B_grad:	0.176	
    Magnitude of b:	6.0428981442076	

	
    Current index:	49501	
    Magnitude of W_grad:	8.9799999999999	
    Magnitude of W:	59567.076976304	
    Magnitude of B_grad:	0.344	
    Magnitude of b:	5.2217233797681	

	
    Current index:	59501	
    Magnitude of W_grad:	10.244	
    Magnitude of W:	59550.743105887	
    Magnitude of B_grad:	0.304	
    Magnitude of b:	5.3958280983976	

	
    Current index:	69501	
    Magnitude of W_grad:	8.7679999999999	
    Magnitude of W:	59535.009163188	
    Magnitude of B_grad:	0.188	
    Magnitude of b:	5.5115348445002	

	
    Current index:	79501	
    Magnitude of W_grad:	8.4559999999999	
    Magnitude of W:	59520.229918341	
    Magnitude of B_grad:	0.064	
    Magnitude of b:	5.5292364302862	

	
    Current index:	89501	
    Magnitude of W_grad:	8.7519999999999	
    Magnitude of W:	59505.544940986	
    Magnitude of B_grad:	0.108	
    Magnitude of b:	5.706932861287	

	
SGD: Hinge Loss is	
270605.31421406	
SGD: Validation Accuracy is:	
0.26884650317893	
SGD: Magnitude of W:	
59500.286632637	
SGD: Magnitude of b:	
5.3258006697393	
    Current index:	9501	
    Magnitude of W_grad:	9.5599999999999	
    Magnitude of W:	59485.333482088	
    Magnitude of B_grad:	0.228	
    Magnitude of b:	5.178717258947	

	
    Current index:	19501	
    Magnitude of W_grad:	7.6119999999998	
    Magnitude of W:	59470.74796694	
    Magnitude of B_grad:	0.204	
    Magnitude of b:	5.4444348383188	

	
    Current index:	29501	
    Magnitude of W_grad:	8.0759999999999	
    Magnitude of W:	59456.062419326	
    Magnitude of B_grad:	0.188	
    Magnitude of b:	5.52414039286	

	
    Current index:	39501	
    Magnitude of W_grad:	8.5119999999999	
    Magnitude of W:	59441.195163132	
    Magnitude of B_grad:	0.18	
    Magnitude of b:	6.0058271553758	

	
    Current index:	49501	
    Magnitude of W_grad:	8.5199999999999	
    Magnitude of W:	59426.60128391	
    Magnitude of B_grad:	0.348	
    Magnitude of b:	5.1697387908483	

	
    Current index:	59501	
    Magnitude of W_grad:	10.06	
    Magnitude of W:	59410.611640479	
    Magnitude of B_grad:	0.284	
    Magnitude of b:	5.3644379359648	

	
    Current index:	69501	
    Magnitude of W_grad:	8.6679999999999	
    Magnitude of W:	59395.251610607	
    Magnitude of B_grad:	0.184	
    Magnitude of b:	5.470146422895	

	
    Current index:	79501	
    Magnitude of W_grad:	8.3079999999999	
    Magnitude of W:	59380.779452227	
    Magnitude of B_grad:	0.068	
    Magnitude of b:	5.4598504919024	

	
    Current index:	89501	
    Magnitude of W_grad:	8.5999999999999	
    Magnitude of W:	59366.342676644	
    Magnitude of B_grad:	0.112	
    Magnitude of b:	5.6635494754209	

	
SGD: Hinge Loss is	
265754.00885717	
SGD: Validation Accuracy is:	
0.27157129881926	
SGD: Magnitude of W:	
59361.215629043	
SGD: Magnitude of b:	
5.3072534400536	
    Current index:	9501	
    Magnitude of W_grad:	9.0639999999999	
    Magnitude of W:	59346.704334285	
    Magnitude of B_grad:	0.204	
    Magnitude of b:	5.1393629306897	

	
    Current index:	19501	
    Magnitude of W_grad:	7.5839999999998	
    Magnitude of W:	59332.459858905	
    Magnitude of B_grad:	0.196	
    Magnitude of b:	5.3770829326986	

	
    Current index:	29501	
    Magnitude of W_grad:	7.9239999999999	
    Magnitude of W:	59318.116188818	
    Magnitude of B_grad:	0.18	
    Magnitude of b:	5.4867913317263	

	
    Current index:	39501	
    Magnitude of W_grad:	8.5199999999999	
    Magnitude of W:	59303.572368844	
    Magnitude of B_grad:	0.184	
    Magnitude of b:	5.9544808584634	

	
    Current index:	49501	
    Magnitude of W_grad:	8.5079999999999	
    Magnitude of W:	59289.285202298	
    Magnitude of B_grad:	0.344	
    Magnitude of b:	5.15660166447	

	
    Current index:	59501	
    Magnitude of W_grad:	9.7799999999999	
    Magnitude of W:	59273.4298346	
    Magnitude of B_grad:	0.256	
    Magnitude of b:	5.3518923184692	

	
    Current index:	69501	
    Magnitude of W_grad:	8.6439999999999	
    Magnitude of W:	59258.370331144	
    Magnitude of B_grad:	0.184	
    Magnitude of b:	5.447601977642	

	
    Current index:	79501	
    Magnitude of W_grad:	8.1159999999999	
    Magnitude of W:	59244.201109316	
    Magnitude of B_grad:	0.072	
    Magnitude of b:	5.429307608765	

	
    Current index:	89501	
    Magnitude of W_grad:	8.5239999999999	
    Magnitude of W:	59230.062967256	
    Magnitude of B_grad:	0.116	
    Magnitude of b:	5.6370081436286	

	
SGD: Hinge Loss is	
261491.59647467	
SGD: Validation Accuracy is:	
0.27611262488647	
SGD: Magnitude of W:	
59225.177194608	
SGD: Magnitude of b:	
5.261295199632	
    Current index:	9501	
    Magnitude of W_grad:	8.8479999999999	
    Magnitude of W:	59211.117216119	
    Magnitude of B_grad:	0.2	
    Magnitude of b:	5.106024490781	

	
    Current index:	19501	
    Magnitude of W_grad:	7.4759999999998	
    Magnitude of W:	59197.271445439	
    Magnitude of B_grad:	0.2	
    Magnitude of b:	5.3497461133371	

	
    Current index:	29501	
    Magnitude of W_grad:	7.7639999999999	
    Magnitude of W:	59183.323972562	
    Magnitude of B_grad:	0.172	
    Magnitude of b:	5.4694563037557	

	
    Current index:	39501	
    Magnitude of W_grad:	8.4879999999999	
    Magnitude of W:	59169.148196677	
    Magnitude of B_grad:	0.2	
    Magnitude of b:	5.9271467137265	

	
    Current index:	49501	
    Magnitude of W_grad:	8.4359999999998	
    Magnitude of W:	59155.161131687	
    Magnitude of B_grad:	0.34	
    Magnitude of b:	5.1100586982119	

	
    Current index:	59501	
    Magnitude of W_grad:	9.6319999999999	
    Magnitude of W:	59139.472190424	
    Magnitude of B_grad:	0.244	
    Magnitude of b:	5.3279418729725	

	
    Current index:	69501	
    Magnitude of W_grad:	8.6519999999999	
    Magnitude of W:	59124.681458433	
    Magnitude of B_grad:	0.18	
    Magnitude of b:	5.4356525711047	

	
    Current index:	79501	
    Magnitude of W_grad:	8.1399999999999	
    Magnitude of W:	59110.865309203	
    Magnitude of B_grad:	0.048	
    Magnitude of b:	5.4033593693324	

	
    Current index:	89501	
    Magnitude of W_grad:	8.2199999999999	
    Magnitude of W:	59097.014664042	
    Magnitude of B_grad:	0.108	
    Magnitude of b:	5.601061434468	

	
SGD: Hinge Loss is	
257168.34934402	
SGD: Validation Accuracy is:	
0.27974568574024	
SGD: Magnitude of W:	
59092.349729385	
SGD: Magnitude of b:	
5.231058183354	
    Current index:	9501	
    Magnitude of W_grad:	8.7199999999999	
    Magnitude of W:	59078.639363485	
    Magnitude of B_grad:	0.2	
    Magnitude of b:	5.0866950531328	

	
    Current index:	19501	
    Magnitude of W_grad:	7.4039999999998	
    Magnitude of W:	59065.25179591	
    Magnitude of B_grad:	0.184	
    Magnitude of b:	5.3384174304189	

	
    Current index:	29501	
    Magnitude of W_grad:	7.8359999999999	
    Magnitude of W:	59051.689406891	
    Magnitude of B_grad:	0.18	
    Magnitude of b:	5.4561284503175	

	
    Current index:	39501	
    Magnitude of W_grad:	8.5239999999999	
    Magnitude of W:	59037.918407354	
    Magnitude of B_grad:	0.2	
    Magnitude of b:	5.9178199728254	

	
    Current index:	49501	
    Magnitude of W_grad:	8.4599999999998	
    Magnitude of W:	59024.116054485	
    Magnitude of B_grad:	0.344	
    Magnitude of b:	5.0832304002089	

	
    Current index:	59501	
    Magnitude of W_grad:	9.3079999999999	
    Magnitude of W:	59008.773449424	
    Magnitude of B_grad:	0.228	
    Magnitude of b:	5.3097048792974	

	
    Current index:	69501	
    Magnitude of W_grad:	8.6639999999999	
    Magnitude of W:	58994.36974079	
    Magnitude of B_grad:	0.184	
    Magnitude of b:	5.4134168293354	

	
    Current index:	79501	
    Magnitude of W_grad:	7.9639999999998	
    Magnitude of W:	58980.953547695	
    Magnitude of B_grad:	0.048	
    Magnitude of b:	5.3811244146838	

	
    Current index:	89501	
    Magnitude of W_grad:	8.0959999999999	
    Magnitude of W:	58967.413500008	
    Magnitude of B_grad:	0.124	
    Magnitude of b:	5.5768278704974	

	
SGD: Hinge Loss is	
253573.38940228	
SGD: Validation Accuracy is:	
0.28337874659401	
SGD: Magnitude of W:	
58962.87587334	
SGD: Magnitude of b:	
5.2065341528043	
    Current index:	9501	
    Magnitude of W_grad:	8.6559999999999	
    Magnitude of W:	58949.590429986	
    Magnitude of B_grad:	0.204	
    Magnitude of b:	5.0616652195414	

	
    Current index:	19501	
    Magnitude of W_grad:	7.3759999999998	
    Magnitude of W:	58936.493599695	
    Magnitude of B_grad:	0.196	
    Magnitude of b:	5.3213890513274	

	
    Current index:	29501	
    Magnitude of W_grad:	7.8199999999999	
    Magnitude of W:	58923.103247859	
    Magnitude of B_grad:	0.192	
    Magnitude of b:	5.4271017446534	

	
    Current index:	39501	
    Magnitude of W_grad:	8.4199999999999	
    Magnitude of W:	58909.537103399	
    Magnitude of B_grad:	0.204	
    Magnitude of b:	5.9067943368981	

	
    Current index:	49501	
    Magnitude of W_grad:	8.4559999999999	
    Magnitude of W:	58895.929857069	
    Magnitude of B_grad:	0.344	
    Magnitude of b:	5.0584112064295	

	
    Current index:	59501	
    Magnitude of W_grad:	9.2159999999999	
    Magnitude of W:	58881.152738992	
    Magnitude of B_grad:	0.228	
    Magnitude of b:	5.2891851718722	

	
    Current index:	69501	
    Magnitude of W_grad:	8.3679999999999	
    Magnitude of W:	58867.082365117	
    Magnitude of B_grad:	0.176	
    Magnitude of b:	5.39489806308	

	
    Current index:	79501	
    Magnitude of W_grad:	7.8279999999998	
    Magnitude of W:	58853.884844071	
    Magnitude of B_grad:	0.036	
    Magnitude of b:	5.3666064453259	

	
    Current index:	89501	
    Magnitude of W_grad:	8.1279999999999	
    Magnitude of W:	58840.740952692	
    Magnitude of B_grad:	0.12	
    Magnitude of b:	5.5503113977424	

	
SGD: Hinge Loss is	
249748.95329263	
SGD: Validation Accuracy is:	
0.28337874659401	
SGD: Magnitude of W:	
58836.332350637	
SGD: Magnitude of b:	
5.1914358558871	
    Current index:	9501	
    Magnitude of W_grad:	8.4999999999999	
    Magnitude of W:	58823.234472895	
    Magnitude of B_grad:	0.184	
    Magnitude of b:	5.0526421237163	

	
    Current index:	19501	
    Magnitude of W_grad:	7.3119999999998	
    Magnitude of W:	58810.580912103	
    Magnitude of B_grad:	0.196	
    Magnitude of b:	5.3103666457991	

	
    Current index:	29501	
    Magnitude of W_grad:	7.8719999999998	
    Magnitude of W:	58797.362054784	
    Magnitude of B_grad:	0.192	
    Magnitude of b:	5.4220797516234	

	
    Current index:	39501	
    Magnitude of W_grad:	8.4319999999999	
    Magnitude of W:	58784.066857179	
    Magnitude of B_grad:	0.208	
    Magnitude of b:	5.8857734721141	

	
    Current index:	49501	
    Magnitude of W_grad:	8.4919999999998	
    Magnitude of W:	58770.760769787	
    Magnitude of B_grad:	0.356	
    Magnitude of b:	5.0615960178321	

	
    Current index:	59501	
    Magnitude of W_grad:	9.1039999999999	
    Magnitude of W:	58756.339110192	
    Magnitude of B_grad:	0.22	
    Magnitude of b:	5.2820862334103	

	
    Current index:	69501	
    Magnitude of W_grad:	8.3799999999999	
    Magnitude of W:	58742.452666591	
    Magnitude of B_grad:	0.192	
    Magnitude of b:	5.3897994130107	

	
    Current index:	79501	
    Magnitude of W_grad:	7.8399999999998	
    Magnitude of W:	58729.542026367	
    Magnitude of B_grad:	0.036	
    Magnitude of b:	5.3395086605245	

	
    Current index:	89501	
    Magnitude of W_grad:	8.1279999999999	
    Magnitude of W:	58716.580012244	
    Magnitude of B_grad:	0.124	
    Magnitude of b:	5.5332144621341	

	
SGD: Hinge Loss is	
246460.54022844	
SGD: Validation Accuracy is:	
0.28337874659401	
SGD: Magnitude of W:	
58712.202926944	
SGD: Magnitude of b:	
5.1532130452821	
    Current index:	9501	
    Magnitude of W_grad:	8.3479999999999	
    Magnitude of W:	58699.340018507	
    Magnitude of B_grad:	0.196	
    Magnitude of b:	5.0427472164483	

	
    Current index:	19501	
    Magnitude of W_grad:	7.2479999999998	
    Magnitude of W:	58686.734335417	
    Magnitude of B_grad:	0.196	
    Magnitude of b:	5.2964724059568	

	
    Current index:	29501	
    Magnitude of W_grad:	7.7999999999998	
    Magnitude of W:	58673.778236354	
    Magnitude of B_grad:	0.204	
    Magnitude of b:	5.4101864195408	

	
    Current index:	39501	
    Magnitude of W_grad:	8.2199999999999	
    Magnitude of W:	58660.876910634	
    Magnitude of B_grad:	0.204	
    Magnitude of b:	5.8598813628994	

	
    Current index:	49501	
    Magnitude of W_grad:	8.4119999999998	
    Magnitude of W:	58647.793355021	
    Magnitude of B_grad:	0.348	
    Magnitude of b:	5.0424911756738	

	
    Current index:	59501	
    Magnitude of W_grad:	9.0079999999999	
    Magnitude of W:	58633.526937914	
    Magnitude of B_grad:	0.216	
    Magnitude of b:	5.2738647333333	

	
    Current index:	69501	
    Magnitude of W_grad:	8.2919999999999	
    Magnitude of W:	58619.876900517	
    Magnitude of B_grad:	0.176	
    Magnitude of b:	5.3835784055053	

	
    Current index:	79501	
    Magnitude of W_grad:	7.6999999999998	
    Magnitude of W:	58607.271135222	
    Magnitude of B_grad:	0.04	
    Magnitude of b:	5.3132879051978	

	
    Current index:	89501	
    Magnitude of W_grad:	8.1279999999999	
    Magnitude of W:	58594.542609223	
    Magnitude of B_grad:	0.124	
    Magnitude of b:	5.5029950166029	

	
SGD: Hinge Loss is	
242066.76371071	
SGD: Validation Accuracy is:	
0.28428701180745	
SGD: Magnitude of W:	
58590.202496109	
SGD: Magnitude of b:	
5.1481203842481	
    Current index:	9501	
    Magnitude of W_grad:	8.3959999999999	
    Magnitude of W:	58577.596244443	
    Magnitude of B_grad:	0.208	
    Magnitude of b:	5.0328566992427	

	
    Current index:	19501	
    Magnitude of W_grad:	7.1279999999998	
    Magnitude of W:	58565.34456106	
    Magnitude of B_grad:	0.176	
    Magnitude of b:	5.2725827268711	

	
    Current index:	29501	
    Magnitude of W_grad:	7.7999999999998	
    Magnitude of W:	58552.620912214	
    Magnitude of B_grad:	0.22	
    Magnitude of b:	5.380297637292	

	
    Current index:	39501	
    Magnitude of W_grad:	8.0719999999999	
    Magnitude of W:	58539.993139792	
    Magnitude of B_grad:	0.196	
    Magnitude of b:	5.8139945243886	

	
    Current index:	49501	
    Magnitude of W_grad:	8.5239999999999	
    Magnitude of W:	58527.086332782	
    Magnitude of B_grad:	0.364	
    Magnitude of b:	5.0068098710364	

	
    Current index:	59501	
    Magnitude of W_grad:	8.9399999999999	
    Magnitude of W:	58513.17933216	
    Magnitude of B_grad:	0.228	
    Magnitude of b:	5.2567743506522	

	
    Current index:	69501	
    Magnitude of W_grad:	8.1719999999998	
    Magnitude of W:	58499.789622353	
    Magnitude of B_grad:	0.168	
    Magnitude of b:	5.3524891493843	

	
    Current index:	79501	
    Magnitude of W_grad:	7.6959999999998	
    Magnitude of W:	58487.525005089	
    Magnitude of B_grad:	0.044	
    Magnitude of b:	5.3141993909744	

	
    Current index:	89501	
    Magnitude of W_grad:	7.9799999999998	
    Magnitude of W:	58475.094573622	
    Magnitude of B_grad:	0.112	
    Magnitude of b:	5.4839075700836	

	
SGD: Hinge Loss is	
238847.93552011	
SGD: Validation Accuracy is:	
0.28337874659401	
SGD: Magnitude of W:	
58470.896774019	
SGD: Magnitude of b:	
5.1310335432044	
    Current index:	9501	
    Magnitude of W_grad:	8.3119999999999	
    Magnitude of W:	58458.414179488	
    Magnitude of B_grad:	0.204	
    Magnitude of b:	5.0006846852859	

	
    Current index:	19501	
    Magnitude of W_grad:	7.1199999999998	
    Magnitude of W:	58446.397027147	
    Magnitude of B_grad:	0.184	
    Magnitude of b:	5.2364123619677	

	
    Current index:	29501	
    Magnitude of W_grad:	7.6839999999998	
    Magnitude of W:	58433.998964759	
    Magnitude of B_grad:	0.216	
    Magnitude of b:	5.3461291189928	

	
    Current index:	39501	
    Magnitude of W_grad:	8.0919999999999	
    Magnitude of W:	58421.698031774	
    Magnitude of B_grad:	0.2	
    Magnitude of b:	5.7758279540811	

	
    Current index:	49501	
    Magnitude of W_grad:	8.4639999999998	
    Magnitude of W:	58409.175711933	
    Magnitude of B_grad:	0.352	
    Magnitude of b:	4.9851369350483	

	
    Current index:	59501	
    Magnitude of W_grad:	8.9239999999999	
    Magnitude of W:	58395.380222958	
    Magnitude of B_grad:	0.22	
    Magnitude of b:	5.2476898872088	

	
    Current index:	69501	
    Magnitude of W_grad:	8.2119999999998	
    Magnitude of W:	58382.423170905	
    Magnitude of B_grad:	0.176	
    Magnitude of b:	5.327405117781	

	
    Current index:	79501	
    Magnitude of W_grad:	7.6479999999998	
    Magnitude of W:	58370.302832335	
    Magnitude of B_grad:	0.044	
    Magnitude of b:	5.3011162078253	

	
    Current index:	89501	
    Magnitude of W_grad:	7.9279999999998	
    Magnitude of W:	58358.128884816	
    Magnitude of B_grad:	0.104	
    Magnitude of b:	5.4768250644163	

	
SGD: Hinge Loss is	
235827.99034854	
SGD: Validation Accuracy is:	
0.28519527702089	
SGD: Magnitude of W:	
58353.959213102	
SGD: Magnitude of b:	
5.1370776268094	
    Current index:	9501	
    Magnitude of W_grad:	8.3519999999999	
    Magnitude of W:	58341.715726024	
    Magnitude of B_grad:	0.2	
    Magnitude of b:	4.9839439087696	

	
    Current index:	19501	
    Magnitude of W_grad:	7.0959999999998	
    Magnitude of W:	58329.731840619	
    Magnitude of B_grad:	0.204	
    Magnitude of b:	5.2116725384309	

	
    Current index:	29501	
    Magnitude of W_grad:	7.6879999999998	
    Magnitude of W:	58317.616093354	
    Magnitude of B_grad:	0.216	
    Magnitude of b:	5.3253904353383	

	
    Current index:	39501	
    Magnitude of W_grad:	8.0919999999998	
    Magnitude of W:	58305.487557188	
    Magnitude of B_grad:	0.196	
    Magnitude of b:	5.7590903568336	

	
    Current index:	49501	
    Magnitude of W_grad:	8.3359999999998	
    Magnitude of W:	58293.184793368	
    Magnitude of B_grad:	0.34	
    Magnitude of b:	4.9608908702093	

	
    Current index:	59501	
    Magnitude of W_grad:	9.1879999999998	
    Magnitude of W:	58279.488869111	
    Magnitude of B_grad:	0.232	
    Magnitude of b:	5.2317351479712	

	
    Current index:	69501	
    Magnitude of W_grad:	8.0599999999998	
    Magnitude of W:	58266.763560108	
    Magnitude of B_grad:	0.172	
    Magnitude of b:	5.311451652759	

	
    Current index:	79501	
    Magnitude of W_grad:	7.7199999999998	
    Magnitude of W:	58254.893929149	
    Magnitude of B_grad:	0.028	
    Magnitude of b:	5.283164198567	

	
    Current index:	89501	
    Magnitude of W_grad:	7.8799999999998	
    Magnitude of W:	58242.84111702	
    Magnitude of B_grad:	0.108	
    Magnitude of b:	5.4568743933311	

	
SGD: Hinge Loss is	
233490.25639214	
SGD: Validation Accuracy is:	
0.28519527702089	
SGD: Magnitude of W:	
58238.758735792	
SGD: Magnitude of b:	
5.0840012218273	
    Current index:	9501	
    Magnitude of W_grad:	8.2159999999999	
    Magnitude of W:	58226.634703065	
    Magnitude of B_grad:	0.184	
    Magnitude of b:	4.9540821672808	

	
    Current index:	19501	
    Magnitude of W_grad:	6.9839999999998	
    Magnitude of W:	58214.942298336	
    Magnitude of B_grad:	0.196	
    Magnitude of b:	5.1798124668126	

	
    Current index:	29501	
    Magnitude of W_grad:	7.5199999999998	
    Magnitude of W:	58202.898318246	
    Magnitude of B_grad:	0.204	
    Magnitude of b:	5.2955319266701	

	
    Current index:	39501	
    Magnitude of W_grad:	7.9119999999998	
    Magnitude of W:	58190.96115077	
    Magnitude of B_grad:	0.192	
    Magnitude of b:	5.7312333362467	

	
    Current index:	49501	
    Magnitude of W_grad:	8.4079999999998	
    Magnitude of W:	58178.876675208	
    Magnitude of B_grad:	0.356	
    Magnitude of b:	4.9375267170359	

	
    Current index:	59501	
    Magnitude of W_grad:	9.2479999999999	
    Magnitude of W:	58165.581692229	
    Magnitude of B_grad:	0.24	
    Magnitude of b:	5.2286604925108	

	
    Current index:	69501	
    Magnitude of W_grad:	8.0759999999998	
    Magnitude of W:	58153.18767276	
    Magnitude of B_grad:	0.168	
    Magnitude of b:	5.3003774125877	

	
    Current index:	79501	
    Magnitude of W_grad:	7.5879999999998	
    Magnitude of W:	58141.552403821	
    Magnitude of B_grad:	0.036	
    Magnitude of b:	5.2580905766459	

	
    Current index:	89501	
    Magnitude of W_grad:	7.6599999999999	
    Magnitude of W:	58129.626600793	
    Magnitude of B_grad:	0.104	
    Magnitude of b:	5.4378021801778	

	
SGD: Hinge Loss is	
229698.02834862	
SGD: Validation Accuracy is:	
0.28337874659401	
SGD: Magnitude of W:	
58125.725507298	
SGD: Magnitude of b:	
5.0295121541218	
    Current index:	9501	
    Magnitude of W_grad:	8.0959999999999	
    Magnitude of W:	58113.7262987	
    Magnitude of B_grad:	0.176	
    Magnitude of b:	4.9433562071937	

	
    Current index:	19501	
    Magnitude of W_grad:	6.9199999999998	
    Magnitude of W:	58102.154442362	
    Magnitude of B_grad:	0.184	
    Magnitude of b:	5.1750863532032	

	
    Current index:	29501	
    Magnitude of W_grad:	7.5759999999998	
    Magnitude of W:	58090.405181074	
    Magnitude of B_grad:	0.216	
    Magnitude of b:	5.2888066050123	

	
    Current index:	39501	
    Magnitude of W_grad:	7.8679999999998	
    Magnitude of W:	58078.689447416	
    Magnitude of B_grad:	0.176	
    Magnitude of b:	5.7045087744457	

	
    Current index:	49501	
    Magnitude of W_grad:	8.3919999999998	
    Magnitude of W:	58066.749208819	
    Magnitude of B_grad:	0.36	
    Magnitude of b:	4.9421679852177	

	
    Current index:	59501	
    Magnitude of W_grad:	9.0879999999999	
    Magnitude of W:	58053.854591804	
    Magnitude of B_grad:	0.24	
    Magnitude of b:	5.228172617521	

	
    Current index:	69501	
    Magnitude of W_grad:	7.9599999999998	
    Magnitude of W:	58041.729863837	
    Magnitude of B_grad:	0.168	
    Magnitude of b:	5.2878897719822	

	
    Current index:	79501	
    Magnitude of W_grad:	7.6199999999998	
    Magnitude of W:	58030.170015672	
    Magnitude of B_grad:	0.04	
    Magnitude of b:	5.2576033573632	

	
    Current index:	89501	
    Magnitude of W_grad:	7.5559999999999	
    Magnitude of W:	58018.578470674	
    Magnitude of B_grad:	0.1	
    Magnitude of b:	5.4213153181013	

	
SGD: Hinge Loss is	
228016.34316772	
SGD: Validation Accuracy is:	
0.28792007266122	
SGD: Magnitude of W:	
58014.745223831	
SGD: Magnitude of b:	
5.0789867612882	
    Current index:	9501	
    Magnitude of W_grad:	8.1039999999999	
    Magnitude of W:	58002.827544513	
    Magnitude of B_grad:	0.18	
    Magnitude of b:	4.928927182839	

	
    Current index:	19501	
    Magnitude of W_grad:	6.8959999999998	
    Magnitude of W:	57991.433432172	
    Magnitude of B_grad:	0.18	
    Magnitude of b:	5.1606584574708	

	
    Current index:	29501	
    Magnitude of W_grad:	7.3639999999998	
    Magnitude of W:	57979.952259224	
    Magnitude of B_grad:	0.216	
    Magnitude of b:	5.2663795387162	

	
    Current index:	39501	
    Magnitude of W_grad:	7.7319999999998	
    Magnitude of W:	57968.356107927	
    Magnitude of B_grad:	0.184	
    Magnitude of b:	5.7020827351747	

	
    Current index:	49501	
    Magnitude of W_grad:	8.3679999999998	
    Magnitude of W:	57956.555982654	
    Magnitude of B_grad:	0.36	
    Magnitude of b:	4.9336457322742	

	
    Current index:	59501	
    Magnitude of W_grad:	9.0879999999999	
    Magnitude of W:	57943.922481413	
    Magnitude of B_grad:	0.244	
    Magnitude of b:	5.2116441512906	

	
    Current index:	69501	
    Magnitude of W_grad:	8.0519999999998	
    Magnitude of W:	57932.059253143	
    Magnitude of B_grad:	0.176	
    Magnitude of b:	5.2793621619246	

	
    Current index:	79501	
    Magnitude of W_grad:	7.6679999999998	
    Magnitude of W:	57920.687200102	
    Magnitude of B_grad:	0.04	
    Magnitude of b:	5.23107679039	

	
    Current index:	89501	
    Magnitude of W_grad:	7.4479999999999	
    Magnitude of W:	57909.153785292	
    Magnitude of B_grad:	0.092	
    Magnitude of b:	5.4007904298013	

	
SGD: Hinge Loss is	
224891.15666707	
SGD: Validation Accuracy is:	
0.27974568574024	
SGD: Magnitude of W:	
57905.403011751	
SGD: Magnitude of b:	
5.0170450654998	
    Current index:	9501	
    Magnitude of W_grad:	8.1679999999999	
    Magnitude of W:	57893.665702518	
    Magnitude of B_grad:	0.176	
    Magnitude of b:	4.9199231274226	

	
    Current index:	19501	
    Magnitude of W_grad:	6.8879999999998	
    Magnitude of W:	57882.536776085	
    Magnitude of B_grad:	0.168	
    Magnitude of b:	5.1576543274878	

	
    Current index:	29501	
    Magnitude of W_grad:	7.2319999999998	
    Magnitude of W:	57871.157195685	
    Magnitude of B_grad:	0.204	
    Magnitude of b:	5.2553756119332	

	
    Current index:	39501	
    Magnitude of W_grad:	7.6279999999999	
    Magnitude of W:	57859.687416636	
    Magnitude of B_grad:	0.172	
    Magnitude of b:	5.6870791985371	

	
    Current index:	49501	
    Magnitude of W_grad:	8.2919999999998	
    Magnitude of W:	57847.996513674	
    Magnitude of B_grad:	0.356	
    Magnitude of b:	4.9194223382639	

	
    Current index:	59501	
    Magnitude of W_grad:	8.7479999999998	
    Magnitude of W:	57835.685845009	
    Magnitude of B_grad:	0.24	
    Magnitude of b:	5.1937076120292	

	
    Current index:	69501	
    Magnitude of W_grad:	8.0559999999998	
    Magnitude of W:	57824.022098186	
    Magnitude of B_grad:	0.176	
    Magnitude of b:	5.261426313678	

	
    Current index:	79501	
    Magnitude of W_grad:	7.6799999999998	
    Magnitude of W:	57812.860863763	
    Magnitude of B_grad:	0.032	
    Magnitude of b:	5.2171415316292	

	
    Current index:	89501	
    Magnitude of W_grad:	7.4119999999999	
    Magnitude of W:	57801.460724623	
    Magnitude of B_grad:	0.088	
    Magnitude of b:	5.3808562091933	

	
SGD: Hinge Loss is	
222052.52387895	
SGD: Validation Accuracy is:	
0.28337874659401	
SGD: Magnitude of W:	
57797.7781571	
SGD: Magnitude of b:	
4.9776936935993	
    Current index:	9501	
    Magnitude of W_grad:	8.1479999999999	
    Magnitude of W:	57786.213271876	
    Magnitude of B_grad:	0.172	
    Magnitude of b:	4.9126270315139	

	
    Current index:	19501	
    Magnitude of W_grad:	6.8799999999998	
    Magnitude of W:	57775.240272988	
    Magnitude of B_grad:	0.156	
    Magnitude of b:	5.1543581565859	

	
    Current index:	29501	
    Magnitude of W_grad:	7.2239999999998	
    Magnitude of W:	57764.070804394	
    Magnitude of B_grad:	0.208	
    Magnitude of b:	5.2380800337455	

	
    Current index:	39501	
    Magnitude of W_grad:	7.6279999999998	
    Magnitude of W:	57752.819419116	
    Magnitude of B_grad:	0.164	
    Magnitude of b:	5.6837843679308	

	
    Current index:	49501	
    Magnitude of W_grad:	8.2719999999999	
    Magnitude of W:	57741.399049524	
    Magnitude of B_grad:	0.36	
    Magnitude of b:	4.8817864511426	

	
    Current index:	59501	
    Magnitude of W_grad:	8.6279999999998	
    Magnitude of W:	57729.305022628	
    Magnitude of B_grad:	0.232	
    Magnitude of b:	5.1643641611238	

	
    Current index:	69501	
    Magnitude of W_grad:	8.1359999999998	
    Magnitude of W:	57717.788350779	
    Magnitude of B_grad:	0.176	
    Magnitude of b:	5.2280850017261	

	
    Current index:	79501	
    Magnitude of W_grad:	7.6359999999998	
    Magnitude of W:	57706.937296424	
    Magnitude of B_grad:	0.04	
    Magnitude of b:	5.169802427955	

	
    Current index:	89501	
    Magnitude of W_grad:	7.2479999999999	
    Magnitude of W:	57695.620991131	
    Magnitude of B_grad:	0.088	
    Magnitude of b:	5.3415194151666	

	
SGD: Hinge Loss is	
219786.93370613	
SGD: Validation Accuracy is:	
0.28610354223433	
SGD: Magnitude of W:	
57691.997108788	
SGD: Magnitude of b:	
4.95006644054	
    Current index:	9501	
    Magnitude of W_grad:	7.9959999999998	
    Magnitude of W:	57680.668056535	
    Magnitude of B_grad:	0.164	
    Magnitude of b:	4.8893344111689	

	
    Current index:	19501	
    Magnitude of W_grad:	6.8999999999998	
    Magnitude of W:	57669.846493036	
    Magnitude of B_grad:	0.164	
    Magnitude of b:	5.1370667216757	

	
    Current index:	29501	
    Magnitude of W_grad:	7.0439999999998	
    Magnitude of W:	57658.914487228	
    Magnitude of B_grad:	0.216	
    Magnitude of b:	5.2227893462016	

	
    Current index:	39501	
    Magnitude of W_grad:	7.6279999999999	
    Magnitude of W:	57647.806962776	
    Magnitude of B_grad:	0.164	
    Magnitude of b:	5.6584946360333	

	
    Current index:	49501	
    Magnitude of W_grad:	8.0519999999998	
    Magnitude of W:	57636.589223519	
    Magnitude of B_grad:	0.348	
    Magnitude of b:	4.858161793537	

	
    Current index:	59501	
    Magnitude of W_grad:	8.3399999999998	
    Magnitude of W:	57624.579243677	
    Magnitude of B_grad:	0.224	
    Magnitude of b:	5.1407411255724	

	
    Current index:	69501	
    Magnitude of W_grad:	8.1999999999998	
    Magnitude of W:	57613.27295523	
    Magnitude of B_grad:	0.176	
    Magnitude of b:	5.1864632654097	

	
    Current index:	79501	
    Magnitude of W_grad:	7.6439999999998	
    Magnitude of W:	57602.591313566	
    Magnitude of B_grad:	0.04	
    Magnitude of b:	5.1461820068226	

	
    Current index:	89501	
    Magnitude of W_grad:	7.2359999999999	
    Magnitude of W:	57591.52169443	
    Magnitude of B_grad:	0.096	
    Magnitude of b:	5.3079004106446	

	
SGD: Hinge Loss is	
216991.85260118	
SGD: Validation Accuracy is:	
0.2897366030881	
SGD: Magnitude of W:	
57588.049330657	
SGD: Magnitude of b:	
4.9161569776739	
    Current index:	9501	
    Magnitude of W_grad:	8.0199999999998	
    Magnitude of W:	57576.747437313	
    Magnitude of B_grad:	0.172	
    Magnitude of b:	4.8777558922828	

	
    Current index:	19501	
    Magnitude of W_grad:	6.8919999999998	
    Magnitude of W:	57566.145565167	
    Magnitude of B_grad:	0.152	
    Magnitude of b:	5.1494882069769	

	
    Current index:	29501	
    Magnitude of W_grad:	7.0239999999998	
    Magnitude of W:	57555.221885546	
    Magnitude of B_grad:	0.208	
    Magnitude of b:	5.217210814335	

	
    Current index:	39501	
    Magnitude of W_grad:	7.6359999999998	
    Magnitude of W:	57544.236077026	
    Magnitude of B_grad:	0.168	
    Magnitude of b:	5.650916530349	

	
    Current index:	49501	
    Magnitude of W_grad:	7.9879999999998	
    Magnitude of W:	57533.478360205	
    Magnitude of B_grad:	0.36	
    Magnitude of b:	4.8279615959041	

	
    Current index:	59501	
    Magnitude of W_grad:	8.6799999999998	
    Magnitude of W:	57521.614713256	
    Magnitude of B_grad:	0.244	
    Magnitude of b:	5.1288354898	

	
    Current index:	69501	
    Magnitude of W_grad:	8.2159999999998	
    Magnitude of W:	57510.407383547	
    Magnitude of B_grad:	0.168	
    Magnitude of b:	5.1785584204915	

	
    Current index:	79501	
    Magnitude of W_grad:	7.6919999999998	
    Magnitude of W:	57499.879412695	
    Magnitude of B_grad:	0.044	
    Magnitude of b:	5.1282783212846	

	
    Current index:	89501	
    Magnitude of W_grad:	7.3319999999999	
    Magnitude of W:	57488.906968035	
    Magnitude of B_grad:	0.104	
    Magnitude of b:	5.2799979218204	

	
SGD: Hinge Loss is	
214824.89404783	
SGD: Validation Accuracy is:	
0.28701180744777	
SGD: Magnitude of W:	
57485.467617448	
SGD: Magnitude of b:	
4.890546245676	
    Current index:	9501	
    Magnitude of W_grad:	8.0839999999998	
    Magnitude of W:	57474.245377174	
    Magnitude of B_grad:	0.156	
    Magnitude of b:	4.8541812262437	

	
    Current index:	19501	
    Magnitude of W_grad:	6.9199999999998	
    Magnitude of W:	57463.735327189	
    Magnitude of B_grad:	0.152	
    Magnitude of b:	5.1219151474002	

	
    Current index:	29501	
    Magnitude of W_grad:	6.9159999999998	
    Magnitude of W:	57453.026214376	
    Magnitude of B_grad:	0.2	
    Magnitude of b:	5.1876398258524	

	
    Current index:	39501	
    Magnitude of W_grad:	7.4919999999999	
    Magnitude of W:	57442.279025916	
    Magnitude of B_grad:	0.152	
    Magnitude of b:	5.6213473404253	

	
    Current index:	49501	
    Magnitude of W_grad:	8.0559999999998	
    Magnitude of W:	57431.595129295	
    Magnitude of B_grad:	0.36	
    Magnitude of b:	4.7880625204367	

	
    Current index:	59501	
    Magnitude of W_grad:	8.1439999999998	
    Magnitude of W:	57420.038818973	
    Magnitude of B_grad:	0.224	
    Magnitude of b:	5.0992300219575	

	
    Current index:	69501	
    Magnitude of W_grad:	8.1559999999998	
    Magnitude of W:	57408.999240244	
    Magnitude of B_grad:	0.168	
    Magnitude of b:	5.150954507339	

	
    Current index:	79501	
    Magnitude of W_grad:	7.7239999999998	
    Magnitude of W:	57398.609993513	
    Magnitude of B_grad:	0.064	
    Magnitude of b:	5.1066754659687	

	
    Current index:	89501	
    Magnitude of W_grad:	7.2519999999999	
    Magnitude of W:	57387.798998256	
    Magnitude of B_grad:	0.104	
    Magnitude of b:	5.252396482177	

	
SGD: Hinge Loss is	
212038.43951621	
SGD: Validation Accuracy is:	
0.28792007266122	
SGD: Magnitude of W:	
57384.361339065	
SGD: Magnitude of b:	
4.8646541656971	
    Current index:	9501	
    Magnitude of W_grad:	7.8599999999998	
    Magnitude of W:	57373.151448787	
    Magnitude of B_grad:	0.164	
    Magnitude of b:	4.8340375457434	

	
    Current index:	19501	
    Magnitude of W_grad:	6.9359999999998	
    Magnitude of W:	57362.877081667	
    Magnitude of B_grad:	0.14	
    Magnitude of b:	5.0857726710881	

	
    Current index:	29501	
    Magnitude of W_grad:	6.8519999999998	
    Magnitude of W:	57352.306873351	
    Magnitude of B_grad:	0.196	
    Magnitude of b:	5.1594986177617	

	
    Current index:	39501	
    Magnitude of W_grad:	7.5079999999999	
    Magnitude of W:	57341.68922261	
    Magnitude of B_grad:	0.16	
    Magnitude of b:	5.6032072455791	

	
    Current index:	49501	
    Magnitude of W_grad:	7.8519999999999	
    Magnitude of W:	57331.07035712	
    Magnitude of B_grad:	0.364	
    Magnitude of b:	4.7489182288268	

	
    Current index:	59501	
    Magnitude of W_grad:	8.4479999999998	
    Magnitude of W:	57319.619270906	
    Magnitude of B_grad:	0.236	
    Magnitude of b:	5.0913430401303	

	
    Current index:	69501	
    Magnitude of W_grad:	8.2199999999998	
    Magnitude of W:	57308.700559263	
    Magnitude of B_grad:	0.164	
    Magnitude of b:	5.1590676957456	

	
    Current index:	79501	
    Magnitude of W_grad:	7.7559999999998	
    Magnitude of W:	57298.482200188	
    Magnitude of B_grad:	0.076	
    Magnitude of b:	5.1047890062193	

	
    Current index:	89501	
    Magnitude of W_grad:	7.3199999999999	
    Magnitude of W:	57287.769156779	
    Magnitude of B_grad:	0.104	
    Magnitude of b:	5.2585098828239	

	
SGD: Hinge Loss is	
210319.37977077	
SGD: Validation Accuracy is:	
0.28701180744777	
SGD: Magnitude of W:	
57284.337743937	
SGD: Magnitude of b:	
4.8510588260572	
    Current index:	9501	
    Magnitude of W_grad:	7.9279999999998	
    Magnitude of W:	57273.308313741	
    Magnitude of B_grad:	0.16	
    Magnitude of b:	4.8299017713235	

	
    Current index:	19501	
    Magnitude of W_grad:	6.9079999999998	
    Magnitude of W:	57263.013340915	
    Magnitude of B_grad:	0.148	
    Magnitude of b:	5.0816371709986	

	
    Current index:	29501	
    Magnitude of W_grad:	6.7679999999998	
    Magnitude of W:	57252.686815136	
    Magnitude of B_grad:	0.2	
    Magnitude of b:	5.1313640543456	

	
    Current index:	39501	
    Magnitude of W_grad:	7.4439999999999	
    Magnitude of W:	57242.250492682	
    Magnitude of B_grad:	0.156	
    Magnitude of b:	5.5690745375364	

	
    Current index:	49501	
    Magnitude of W_grad:	7.9279999999998	
    Magnitude of W:	57231.687404977	
    Magnitude of B_grad:	0.372	
    Magnitude of b:	4.73678671904	

	
    Current index:	59501	
    Magnitude of W_grad:	8.3359999999998	
    Magnitude of W:	57220.443072257	
    Magnitude of B_grad:	0.232	
    Magnitude of b:	5.0757467271049	

	
    Current index:	69501	
    Magnitude of W_grad:	8.1719999999998	
    Magnitude of W:	57209.687509573	
    Magnitude of B_grad:	0.164	
    Magnitude of b:	5.139472413447	

	
    Current index:	79501	
    Magnitude of W_grad:	7.7039999999998	
    Magnitude of W:	57199.493306524	
    Magnitude of B_grad:	0.072	
    Magnitude of b:	5.0851950216662	

	
    Current index:	89501	
    Magnitude of W_grad:	7.0959999999998	
    Magnitude of W:	57188.913729141	
    Magnitude of B_grad:	0.088	
    Magnitude of b:	5.238916880796	

	
SGD: Hinge Loss is	
207824.0900271	
SGD: Validation Accuracy is:	
0.28701180744777	
SGD: Magnitude of W:	
57185.641368884	
SGD: Magnitude of b:	
4.7960489592383	
    Current index:	9501	
    Magnitude of W_grad:	7.8599999999998	
    Magnitude of W:	57174.681685311	
    Magnitude of B_grad:	0.144	
    Magnitude of b:	4.815189365918	

	
    Current index:	19501	
    Magnitude of W_grad:	6.9439999999998	
    Magnitude of W:	57164.533091899	
    Magnitude of B_grad:	0.144	
    Magnitude of b:	5.0689257544484	

	
    Current index:	29501	
    Magnitude of W_grad:	6.6999999999998	
    Magnitude of W:	57154.440769163	
    Magnitude of B_grad:	0.192	
    Magnitude of b:	5.1146536265975	

	
    Current index:	39501	
    Magnitude of W_grad:	7.3719999999999	
    Magnitude of W:	57144.155272342	
    Magnitude of B_grad:	0.148	
    Magnitude of b:	5.548364895558	

	
    Current index:	49501	
    Magnitude of W_grad:	7.9719999999998	
    Magnitude of W:	57133.680543277	
    Magnitude of B_grad:	0.384	
    Magnitude of b:	4.7152576967869	

	
    Current index:	59501	
    Magnitude of W_grad:	8.5439999999998	
    Magnitude of W:	57122.611972606	
    Magnitude of B_grad:	0.244	
    Magnitude of b:	5.0607425940045	

	
    Current index:	69501	
    Magnitude of W_grad:	8.1759999999998	
    Magnitude of W:	57111.871206591	
    Magnitude of B_grad:	0.152	
    Magnitude of b:	5.1264691993186	

	
    Current index:	79501	
    Magnitude of W_grad:	7.6519999999998	
    Magnitude of W:	57101.943258127	
    Magnitude of B_grad:	0.06	
    Magnitude of b:	5.0621929241036	

	
    Current index:	89501	
    Magnitude of W_grad:	7.2039999999999	
    Magnitude of W:	57091.455260914	
    Magnitude of B_grad:	0.1	
    Magnitude of b:	5.2219159104172	

	
SGD: Hinge Loss is	
206394.79455058	
SGD: Validation Accuracy is:	
0.28610354223433	
SGD: Magnitude of W:	
57088.113838523	
SGD: Magnitude of b:	
4.7907571060021	
    Current index:	9501	
    Magnitude of W_grad:	7.7359999999998	
    Magnitude of W:	57077.451413105	
    Magnitude of B_grad:	0.132	
    Magnitude of b:	4.8110650978571	

	
    Current index:	19501	
    Magnitude of W_grad:	6.9719999999998	
    Magnitude of W:	57067.390597244	
    Magnitude of B_grad:	0.16	
    Magnitude of b:	5.0588019791083	

	
    Current index:	29501	
    Magnitude of W_grad:	6.7839999999998	
    Magnitude of W:	57057.459146275	
    Magnitude of B_grad:	0.204	
    Magnitude of b:	5.0865307392329	

	
    Current index:	39501	
    Magnitude of W_grad:	7.4199999999999	
    Magnitude of W:	57047.259271684	
    Magnitude of B_grad:	0.156	
    Magnitude of b:	5.5322434249335	

	
    Current index:	49501	
    Magnitude of W_grad:	7.6519999999998	
    Magnitude of W:	57036.97537555	
    Magnitude of B_grad:	0.356	
    Magnitude of b:	4.7099572265965	

	
    Current index:	59501	
    Magnitude of W_grad:	8.4119999999998	
    Magnitude of W:	57026.066787637	
    Magnitude of B_grad:	0.24	
    Magnitude of b:	5.0374551072406	

	
    Current index:	69501	
    Magnitude of W_grad:	8.1879999999998	
    Magnitude of W:	57015.471854522	
    Magnitude of B_grad:	0.156	
    Magnitude of b:	5.1031826359797	

	
    Current index:	79501	
    Magnitude of W_grad:	7.7159999999998	
    Magnitude of W:	57005.816999973	
    Magnitude of B_grad:	0.068	
    Magnitude of b:	5.0469069583013	

	
    Current index:	89501	
    Magnitude of W_grad:	7.3239999999999	
    Magnitude of W:	56995.491450191	
    Magnitude of B_grad:	0.112	
    Magnitude of b:	5.2106305741699	

	
SGD: Hinge Loss is	
203904.45567662	
SGD: Validation Accuracy is:	
0.28701180744777	
SGD: Magnitude of W:	
56992.293929251	
SGD: Magnitude of b:	
4.760054556523	
    Current index:	9501	
    Magnitude of W_grad:	7.6079999999998	
    Magnitude of W:	56981.752047571	
    Magnitude of B_grad:	0.128	
    Magnitude of b:	4.8026556000244	

	
    Current index:	19501	
    Magnitude of W_grad:	6.9679999999998	
    Magnitude of W:	56971.856158686	
    Magnitude of B_grad:	0.16	
    Magnitude of b:	5.0383931761896	

	
    Current index:	29501	
    Magnitude of W_grad:	6.6839999999998	
    Magnitude of W:	56962.150204035	
    Magnitude of B_grad:	0.2	
    Magnitude of b:	5.0701228555337	

	
    Current index:	39501	
    Magnitude of W_grad:	7.4119999999999	
    Magnitude of W:	56952.252989722	
    Magnitude of B_grad:	0.124	
    Magnitude of b:	5.5038367221424	

	
    Current index:	49501	
    Magnitude of W_grad:	7.7479999999998	
    Magnitude of W:	56942.187666066	
    Magnitude of B_grad:	0.364	
    Magnitude of b:	4.6915519663841	

	
    Current index:	59501	
    Magnitude of W_grad:	8.6039999999998	
    Magnitude of W:	56931.412549361	
    Magnitude of B_grad:	0.248	
    Magnitude of b:	5.0267544331872	

	
    Current index:	69501	
    Magnitude of W_grad:	8.3039999999998	
    Magnitude of W:	56921.031573859	
    Magnitude of B_grad:	0.156	
    Magnitude of b:	5.0904823518965	

	
    Current index:	79501	
    Magnitude of W_grad:	7.6719999999998	
    Magnitude of W:	56911.413698201	
    Magnitude of B_grad:	0.076	
    Magnitude of b:	5.0222075983279	

	
    Current index:	89501	
    Magnitude of W_grad:	7.2119999999999	
    Magnitude of W:	56901.229189632	
    Magnitude of B_grad:	0.116	
    Magnitude of b:	5.1899323145268	

	
SGD: Hinge Loss is	
202215.04431135	
SGD: Validation Accuracy is:	
0.28701180744777	
SGD: Magnitude of W:	
56898.134645988	
SGD: Magnitude of b:	
4.7293568459655	
    Current index:	9501	
    Magnitude of W_grad:	7.5959999999998	
    Magnitude of W:	56887.860760594	
    Magnitude of B_grad:	0.132	
    Magnitude of b:	4.7979613624687	

	
    Current index:	19501	
    Magnitude of W_grad:	6.9799999999998	
    Magnitude of W:	56878.064968286	
    Magnitude of B_grad:	0.16	
    Magnitude of b:	5.0256997876366	

	
    Current index:	29501	
    Magnitude of W_grad:	6.6919999999998	
    Magnitude of W:	56868.452402139	
    Magnitude of B_grad:	0.212	
    Magnitude of b:	5.0434303800386	

	
    Current index:	39501	
    Magnitude of W_grad:	7.3919999999999	
    Magnitude of W:	56858.709885103	
    Magnitude of B_grad:	0.16	
    Magnitude of b:	5.4931451543126	

	
    Current index:	49501	
    Magnitude of W_grad:	7.7639999999998	
    Magnitude of W:	56848.875824436	
    Magnitude of B_grad:	0.36	
    Magnitude of b:	4.6748612207077	

	
    Current index:	59501	
    Magnitude of W_grad:	8.1479999999998	
    Magnitude of W:	56838.191004755	
    Magnitude of B_grad:	0.216	
    Magnitude of b:	5.0280613897575	

	
    Current index:	69501	
    Magnitude of W_grad:	8.3759999999998	
    Magnitude of W:	56827.862655006	
    Magnitude of B_grad:	0.188	
    Magnitude of b:	5.0997897407651	

	
    Current index:	79501	
    Magnitude of W_grad:	7.6719999999998	
    Magnitude of W:	56818.44345223	
    Magnitude of B_grad:	0.068	
    Magnitude of b:	5.019515157732	

	
    Current index:	89501	
    Magnitude of W_grad:	7.0919999999999	
    Magnitude of W:	56808.376677291	
    Magnitude of B_grad:	0.116	
    Magnitude of b:	5.1832403809781	

	
SGD: Hinge Loss is	
200556.82938626	
SGD: Validation Accuracy is:	
0.29064486830154	
SGD: Magnitude of W:	
56805.197672629	
SGD: Magnitude of b:	
4.7366649004923	
    Current index:	9501	
    Magnitude of W_grad:	7.6039999999998	
    Magnitude of W:	56795.194417356	
    Magnitude of B_grad:	0.124	
    Magnitude of b:	4.7892740472787	

	
    Current index:	19501	
    Magnitude of W_grad:	6.9399999999998	
    Magnitude of W:	56785.512445081	
    Magnitude of B_grad:	0.156	
    Magnitude of b:	5.0170127388455	

	
    Current index:	29501	
    Magnitude of W_grad:	6.7279999999998	
    Magnitude of W:	56776.042556233	
    Magnitude of B_grad:	0.208	
    Magnitude of b:	5.0247441905499	

	
    Current index:	39501	
    Magnitude of W_grad:	7.3479999999999	
    Magnitude of W:	56766.539972791	
    Magnitude of B_grad:	0.132	
    Magnitude of b:	5.4604600110376	

	
    Current index:	49501	
    Magnitude of W_grad:	7.6959999999999	
    Magnitude of W:	56756.809671414	
    Magnitude of B_grad:	0.368	
    Magnitude of b:	4.6601771449481	

	
    Current index:	59501	
    Magnitude of W_grad:	7.7839999999998	
    Magnitude of W:	56746.28829229	
    Magnitude of B_grad:	0.2	
    Magnitude of b:	5.011368971935	

	
    Current index:	69501	
    Magnitude of W_grad:	8.1679999999998	
    Magnitude of W:	56736.174161656	
    Magnitude of B_grad:	0.152	
    Magnitude of b:	5.0730976323496	

	
    Current index:	79501	
    Magnitude of W_grad:	7.6479999999998	
    Magnitude of W:	56726.82032431	
    Magnitude of B_grad:	0.06	
    Magnitude of b:	4.9988237165967	

	
    Current index:	89501	
    Magnitude of W_grad:	7.0239999999999	
    Magnitude of W:	56716.86056176	
    Magnitude of B_grad:	0.116	
    Magnitude of b:	5.1705496551532	

	
SGD: Hinge Loss is	
199165.71219074	
SGD: Validation Accuracy is:	
0.29246139872843	
SGD: Magnitude of W:	
56713.735243253	
SGD: Magnitude of b:	
4.7548095147986	
    Current index:	9501	
    Magnitude of W_grad:	7.5399999999998	
    Magnitude of W:	56703.844647906	
    Magnitude of B_grad:	0.14	
    Magnitude of b:	4.7825932505622	

	
    Current index:	19501	
    Magnitude of W_grad:	6.9799999999998	
    Magnitude of W:	56694.280698639	
    Magnitude of B_grad:	0.152	
    Magnitude of b:	5.0243323363792	

	
    Current index:	29501	
    Magnitude of W_grad:	6.4239999999998	
    Magnitude of W:	56684.860010199	
    Magnitude of B_grad:	0.204	
    Magnitude of b:	5.0260640380935	

	
    Current index:	39501	
    Magnitude of W_grad:	7.1279999999999	
    Magnitude of W:	56675.366994377	
    Magnitude of B_grad:	0.152	
    Magnitude of b:	5.4577802047239	

	
    Current index:	49501	
    Magnitude of W_grad:	7.6559999999999	
    Magnitude of W:	56665.755796761	
    Magnitude of B_grad:	0.356	
    Magnitude of b:	4.6694975138269	

	
    Current index:	59501	
    Magnitude of W_grad:	7.7359999999998	
    Magnitude of W:	56655.31802587	
    Magnitude of B_grad:	0.192	
    Magnitude of b:	4.9975127976609	

	
    Current index:	69501	
    Magnitude of W_grad:	8.0279999999998	
    Magnitude of W:	56645.224676244	
    Magnitude of B_grad:	0.168	
    Magnitude of b:	5.067242486658	

	
    Current index:	79501	
    Magnitude of W_grad:	7.6639999999998	
    Magnitude of W:	56635.924451405	
    Magnitude of B_grad:	0.08	
    Magnitude of b:	4.9889690065146	

	
    Current index:	89501	
    Magnitude of W_grad:	6.8879999999999	
    Magnitude of W:	56626.105819753	
    Magnitude of B_grad:	0.108	
    Magnitude of b:	5.1626955141997	

	
SGD: Hinge Loss is	
196963.7052943	
SGD: Validation Accuracy is:	
0.2897366030881	
SGD: Magnitude of W:	
56623.047518939	
SGD: Magnitude of b:	
4.6924119751999	
    Current index:	9501	
    Magnitude of W_grad:	7.4919999999998	
    Magnitude of W:	56613.408848452	
    Magnitude of B_grad:	0.132	
    Magnitude of b:	4.7576230763714	

	
    Current index:	19501	
    Magnitude of W_grad:	6.8599999999998	
    Magnitude of W:	56603.958719638	
    Magnitude of B_grad:	0.168	
    Magnitude of b:	4.9993631487853	

	
    Current index:	29501	
    Magnitude of W_grad:	6.5079999999998	
    Magnitude of W:	56594.565462628	
    Magnitude of B_grad:	0.22	
    Magnitude of b:	5.0050958477298	

	
    Current index:	39501	
    Magnitude of W_grad:	7.1279999999999	
    Magnitude of W:	56585.262438431	
    Magnitude of B_grad:	0.132	
    Magnitude of b:	5.4368126803567	

	
    Current index:	49501	
    Magnitude of W_grad:	7.5119999999998	
    Magnitude of W:	56575.807325825	
    Magnitude of B_grad:	0.344	
    Magnitude of b:	4.660530863741	

	
    Current index:	59501	
    Magnitude of W_grad:	7.7639999999998	
    Magnitude of W:	56565.4332443	
    Magnitude of B_grad:	0.196	
    Magnitude of b:	4.9871195299134	

	
    Current index:	69501	
    Magnitude of W_grad:	8.0679999999998	
    Magnitude of W:	56555.412664811	
    Magnitude of B_grad:	0.168	
    Magnitude of b:	5.0468501853768	

	
    Current index:	79501	
    Magnitude of W_grad:	7.4959999999998	
    Magnitude of W:	56546.197565888	
    Magnitude of B_grad:	0.056	
    Magnitude of b:	4.9725780081695	

	
    Current index:	89501	
    Magnitude of W_grad:	6.9839999999999	
    Magnitude of W:	56536.559272729	
    Magnitude of B_grad:	0.104	
    Magnitude of b:	5.1343057706439	

	
SGD: Hinge Loss is	
195592.64445397	
SGD: Validation Accuracy is:	
0.29336966394187	
SGD: Magnitude of W:	
56533.446527793	
SGD: Magnitude of b:	
4.7028577683271	
    Current index:	9501	
    Magnitude of W_grad:	7.4039999999998	
    Magnitude of W:	56523.982360728	
    Magnitude of B_grad:	0.124	
    Magnitude of b:	4.7483665106702	

	
    Current index:	19501	
    Magnitude of W_grad:	6.9759999999998	
    Magnitude of W:	56514.626936379	
    Magnitude of B_grad:	0.168	
    Magnitude of b:	5.0001069974067	

	
    Current index:	29501	
    Magnitude of W_grad:	6.7639999999998	
    Magnitude of W:	56505.342786975	
    Magnitude of B_grad:	0.232	
    Magnitude of b:	5.0078397207144	

	
    Current index:	39501	
    Magnitude of W_grad:	7.1279999999999	
    Magnitude of W:	56496.161165545	
    Magnitude of B_grad:	0.14	
    Magnitude of b:	5.4335571492527	

	
    Current index:	49501	
    Magnitude of W_grad:	7.6759999999998	
    Magnitude of W:	56486.920055531	
    Magnitude of B_grad:	0.36	
    Magnitude of b:	4.6532755919977	

	
    Current index:	59501	
    Magnitude of W_grad:	7.7599999999998	
    Magnitude of W:	56476.669807911	
    Magnitude of B_grad:	0.192	
    Magnitude of b:	4.9635662858572	

	
    Current index:	69501	
    Magnitude of W_grad:	8.1279999999998	
    Magnitude of W:	56466.718260788	
    Magnitude of B_grad:	0.192	
    Magnitude of b:	5.0372980926017	

	
    Current index:	79501	
    Magnitude of W_grad:	7.3999999999998	
    Magnitude of W:	56457.540780979	
    Magnitude of B_grad:	0.06	
    Magnitude of b:	4.9530263882355	

	
    Current index:	89501	
    Magnitude of W_grad:	6.8559999999999	
    Magnitude of W:	56448.024788926	
    Magnitude of B_grad:	0.088	
    Magnitude of b:	5.1187547410389	

	
SGD: Hinge Loss is	
194064.19226622	
SGD: Validation Accuracy is:	
0.29427792915531	
SGD: Magnitude of W:	
56444.934967425	
SGD: Magnitude of b:	
4.6795982850564	
    Current index:	9501	
    Magnitude of W_grad:	7.3719999999998	
    Magnitude of W:	56435.61342651	
    Magnitude of B_grad:	0.12	
    Magnitude of b:	4.7291140204636	

	
    Current index:	19501	
    Magnitude of W_grad:	6.9199999999998	
    Magnitude of W:	56426.344983478	
    Magnitude of B_grad:	0.168	
    Magnitude of b:	4.9888551136003	

	
    Current index:	29501	
    Magnitude of W_grad:	6.3879999999998	
    Magnitude of W:	56417.206055754	
    Magnitude of B_grad:	0.204	
    Magnitude of b:	4.9905885821564	

	
    Current index:	39501	
    Magnitude of W_grad:	7.0439999999999	
    Magnitude of W:	56408.158789633	
    Magnitude of B_grad:	0.148	
    Magnitude of b:	5.4143071992556	

	
    Current index:	49501	
    Magnitude of W_grad:	7.5759999999998	
    Magnitude of W:	56398.939821833	
    Magnitude of B_grad:	0.352	
    Magnitude of b:	4.6400265367108	

	
    Current index:	59501	
    Magnitude of W_grad:	7.7959999999998	
    Magnitude of W:	56388.696285255	
    Magnitude of B_grad:	0.208	
    Magnitude of b:	4.9663101115434	

	
    Current index:	69501	
    Magnitude of W_grad:	7.9439999999998	
    Magnitude of W:	56378.845013321	
    Magnitude of B_grad:	0.18	
    Magnitude of b:	5.0220416435303	

	
    Current index:	79501	
    Magnitude of W_grad:	7.2999999999998	
    Magnitude of W:	56369.735304801	
    Magnitude of B_grad:	0.052	
    Magnitude of b:	4.9537701825511	

	
    Current index:	89501	
    Magnitude of W_grad:	6.8479999999999	
    Magnitude of W:	56360.376171613	
    Magnitude of B_grad:	0.096	
    Magnitude of b:	5.1214991793475	

	
SGD: Hinge Loss is	
192996.58083734	
SGD: Validation Accuracy is:	
0.29427792915531	
SGD: Magnitude of W:	
56357.309641619	
SGD: Magnitude of b:	
4.6392167128752	
    Current index:	9501	
    Magnitude of W_grad:	7.2839999999998	
    Magnitude of W:	56348.162269617	
    Magnitude of B_grad:	0.124	
    Magnitude of b:	4.7304495864752	

	
    Current index:	19501	
    Magnitude of W_grad:	6.8839999999998	
    Magnitude of W:	56339.085705875	
    Magnitude of B_grad:	0.16	
    Magnitude of b:	4.9781905601954	

	
    Current index:	29501	
    Magnitude of W_grad:	6.3079999999998	
    Magnitude of W:	56330.043433638	
    Magnitude of B_grad:	0.2	
    Magnitude of b:	4.9859244381609	

	
    Current index:	39501	
    Magnitude of W_grad:	6.9199999999999	
    Magnitude of W:	56321.229341337	
    Magnitude of B_grad:	0.148	
    Magnitude of b:	5.4076431708607	

	
    Current index:	49501	
    Magnitude of W_grad:	7.5559999999998	
    Magnitude of W:	56312.158641978	
    Magnitude of B_grad:	0.348	
    Magnitude of b:	4.6413629337206	

	
    Current index:	59501	
    Magnitude of W_grad:	7.5479999999998	
    Magnitude of W:	56302.021382197	
    Magnitude of B_grad:	0.212	
    Magnitude of b:	4.9519293933866	

	
    Current index:	69501	
    Magnitude of W_grad:	7.9519999999998	
    Magnitude of W:	56292.3349178	
    Magnitude of B_grad:	0.156	
    Magnitude of b:	5.0076615172568	

	
    Current index:	79501	
    Magnitude of W_grad:	7.2399999999998	
    Magnitude of W:	56283.37737255	
    Magnitude of B_grad:	0.064	
    Magnitude of b:	4.935390466515	

	
    Current index:	89501	
    Magnitude of W_grad:	6.7119999999999	
    Magnitude of W:	56274.082594155	
    Magnitude of B_grad:	0.084	
    Magnitude of b:	5.1191200017232	

	
SGD: Hinge Loss is	
191192.63853751	
SGD: Validation Accuracy is:	
0.29427792915531	
SGD: Magnitude of W:	
56271.061964968	
SGD: Magnitude of b:	
4.6967987297679	
    Current index:	9501	
    Magnitude of W_grad:	7.1439999999998	
    Magnitude of W:	56262.002963848	
    Magnitude of B_grad:	0.116	
    Magnitude of b:	4.7312027950849	

	
    Current index:	19501	
    Magnitude of W_grad:	6.8679999999998	
    Magnitude of W:	56252.936401728	
    Magnitude of B_grad:	0.168	
    Magnitude of b:	4.9809440864564	

	
    Current index:	29501	
    Magnitude of W_grad:	6.4759999999998	
    Magnitude of W:	56244.015140123	
    Magnitude of B_grad:	0.204	
    Magnitude of b:	4.982677785292	

	
    Current index:	39501	
    Magnitude of W_grad:	6.8239999999999	
    Magnitude of W:	56235.232311754	
    Magnitude of B_grad:	0.14	
    Magnitude of b:	5.3843969852059	

	
    Current index:	49501	
    Magnitude of W_grad:	7.3999999999999	
    Magnitude of W:	56226.211847621	
    Magnitude of B_grad:	0.332	
    Magnitude of b:	4.6281175197164	

	
    Current index:	59501	
    Magnitude of W_grad:	7.3479999999998	
    Magnitude of W:	56216.199957852	
    Magnitude of B_grad:	0.196	
    Magnitude of b:	4.9395116780085	

	
    Current index:	69501	
    Magnitude of W_grad:	7.8079999999998	
    Magnitude of W:	56206.659736984	
    Magnitude of B_grad:	0.168	
    Magnitude of b:	4.9992444598391	

	
    Current index:	79501	
    Magnitude of W_grad:	7.2319999999998	
    Magnitude of W:	56197.775592096	
    Magnitude of B_grad:	0.056	
    Magnitude of b:	4.9409741845336	

	
    Current index:	89501	
    Magnitude of W_grad:	6.5519999999999	
    Magnitude of W:	56188.546908684	
    Magnitude of B_grad:	0.08	
    Magnitude of b:	5.1027039182526	

	
SGD: Hinge Loss is	
189462.59385223	
SGD: Validation Accuracy is:	
0.29336966394187	
SGD: Magnitude of W:	
56185.503055053	
SGD: Magnitude of b:	
4.6592566873118	
    Current index:	9501	
    Magnitude of W_grad:	7.0279999999998	
    Magnitude of W:	56176.554564593	
    Magnitude of B_grad:	0.124	
    Magnitude of b:	4.7290853464586	

	
    Current index:	19501	
    Magnitude of W_grad:	6.8279999999998	
    Magnitude of W:	56167.583005939	
    Magnitude of B_grad:	0.168	
    Magnitude of b:	4.9728269058444	

	
    Current index:	29501	
    Magnitude of W_grad:	6.2399999999998	
    Magnitude of W:	56158.75400789	
    Magnitude of B_grad:	0.2	
    Magnitude of b:	4.9765610863388	

	
    Current index:	39501	
    Magnitude of W_grad:	6.7119999999999	
    Magnitude of W:	56150.122509357	
    Magnitude of B_grad:	0.128	
    Magnitude of b:	5.3862806183176	

	
    Current index:	49501	
    Magnitude of W_grad:	7.5399999999998	
    Magnitude of W:	56141.128155162	
    Magnitude of B_grad:	0.344	
    Magnitude of b:	4.6200011537028	

	
    Current index:	59501	
    Magnitude of W_grad:	7.7159999999998	
    Magnitude of W:	56131.150938649	
    Magnitude of B_grad:	0.22	
    Magnitude of b:	4.9299719135088	

	
    Current index:	69501	
    Magnitude of W_grad:	7.7799999999998	
    Magnitude of W:	56121.710999159	
    Magnitude of B_grad:	0.172	
    Magnitude of b:	4.9937052743515	

	
    Current index:	79501	
    Magnitude of W_grad:	7.2159999999998	
    Magnitude of W:	56112.994415288	
    Magnitude of B_grad:	0.052	
    Magnitude of b:	4.9074361068522	

	
    Current index:	89501	
    Magnitude of W_grad:	6.4079999999999	
    Magnitude of W:	56103.823978691	
    Magnitude of B_grad:	0.084	
    Magnitude of b:	5.0811672634617	

	
SGD: Hinge Loss is	
188198.80384257	
SGD: Validation Accuracy is:	
0.29518619436876	
SGD: Magnitude of W:	
56100.811650905	
SGD: Magnitude of b:	
4.654846802429	
    Current index:	9501	
    Magnitude of W_grad:	6.9599999999998	
    Magnitude of W:	56092.068109869	
    Magnitude of B_grad:	0.124	
    Magnitude of b:	4.7172606825758	

	
    Current index:	19501	
    Magnitude of W_grad:	6.7039999999998	
    Magnitude of W:	56083.228862973	
    Magnitude of B_grad:	0.148	
    Magnitude of b:	4.9550024836504	

	
    Current index:	29501	
    Magnitude of W_grad:	6.4559999999998	
    Magnitude of W:	56074.437652167	
    Magnitude of B_grad:	0.212	
    Magnitude of b:	4.9567377017144	

	
    Current index:	39501	
    Magnitude of W_grad:	6.6359999999999	
    Magnitude of W:	56065.896824244	
    Magnitude of B_grad:	0.108	
    Magnitude of b:	5.3744579507115	

	
    Current index:	49501	
    Magnitude of W_grad:	7.4399999999999	
    Magnitude of W:	56057.042840594	
    Magnitude of B_grad:	0.336	
    Magnitude of b:	4.6101792564945	

	
    Current index:	59501	
    Magnitude of W_grad:	7.2959999999998	
    Magnitude of W:	56047.142308997	
    Magnitude of B_grad:	0.2	
    Magnitude of b:	4.903563746248	

	
    Current index:	69501	
    Magnitude of W_grad:	7.8919999999998	
    Magnitude of W:	56037.849811768	
    Magnitude of B_grad:	0.18	
    Magnitude of b:	4.9612987954687	

	
    Current index:	79501	
    Magnitude of W_grad:	7.2719999999998	
    Magnitude of W:	56029.248299533	
    Magnitude of B_grad:	0.048	
    Magnitude of b:	4.8890305417192	

	
    Current index:	89501	
    Magnitude of W_grad:	6.5079999999999	
    Magnitude of W:	56020.154569378	
    Magnitude of B_grad:	0.092	
    Magnitude of b:	5.0727621419739	

	
SGD: Hinge Loss is	
187278.69006198	
SGD: Validation Accuracy is:	
0.29700272479564	
SGD: Magnitude of W:	
56017.20220523	
SGD: Magnitude of b:	
4.6213156255717	
    Current index:	9501	
    Magnitude of W_grad:	7.0999999999998	
    Magnitude of W:	56008.606699538	
    Magnitude of B_grad:	0.124	
    Magnitude of b:	4.711440993142	

	
    Current index:	19501	
    Magnitude of W_grad:	6.6599999999999	
    Magnitude of W:	55999.821686956	
    Magnitude of B_grad:	0.16	
    Magnitude of b:	4.9571828486818	

	
    Current index:	29501	
    Magnitude of W_grad:	6.1559999999998	
    Magnitude of W:	55991.305372604	
    Magnitude of B_grad:	0.188	
    Magnitude of b:	4.9609180891622	

	
    Current index:	39501	
    Magnitude of W_grad:	6.5639999999999	
    Magnitude of W:	55982.839049715	
    Magnitude of B_grad:	0.128	
    Magnitude of b:	5.3746384834327	

	
    Current index:	49501	
    Magnitude of W_grad:	7.4959999999998	
    Magnitude of W:	55974.126104827	
    Magnitude of B_grad:	0.332	
    Magnitude of b:	4.6163599825511	

	
    Current index:	59501	
    Magnitude of W_grad:	7.0719999999998	
    Magnitude of W:	55964.339159364	
    Magnitude of B_grad:	0.188	
    Magnitude of b:	4.898032809026	

	
    Current index:	69501	
    Magnitude of W_grad:	7.5959999999998	
    Magnitude of W:	55955.210324298	
    Magnitude of B_grad:	0.156	
    Magnitude of b:	4.9617678225065	

	
    Current index:	79501	
    Magnitude of W_grad:	7.2519999999998	
    Magnitude of W:	55946.717336952	
    Magnitude of B_grad:	0.052	
    Magnitude of b:	4.8974995704087	

	
    Current index:	89501	
    Magnitude of W_grad:	6.3439999999999	
    Magnitude of W:	55937.711314717	
    Magnitude of B_grad:	0.088	
    Magnitude of b:	5.0672315355494	

	
SGD: Hinge Loss is	
185811.23646263	
SGD: Validation Accuracy is:	
0.29427792915531	
SGD: Magnitude of W:	
55934.828592337	
SGD: Magnitude of b:	
4.6272026985123	
    Current index:	9501	
    Magnitude of W_grad:	6.8319999999998	
    Magnitude of W:	55926.308706585	
    Magnitude of B_grad:	0.108	
    Magnitude of b:	4.7170382606983	

	
    Current index:	19501	
    Magnitude of W_grad:	6.6159999999998	
    Magnitude of W:	55917.722742677	
    Magnitude of B_grad:	0.144	
    Magnitude of b:	4.9567800416032	

	
    Current index:	29501	
    Magnitude of W_grad:	6.3319999999998	
    Magnitude of W:	55909.249443853	
    Magnitude of B_grad:	0.204	
    Magnitude of b:	4.95451564012	

	
    Current index:	39501	
    Magnitude of W_grad:	6.5479999999999	
    Magnitude of W:	55900.928946859	
    Magnitude of B_grad:	0.12	
    Magnitude of b:	5.3542365259486	

	
    Current index:	49501	
    Magnitude of W_grad:	7.5039999999998	
    Magnitude of W:	55892.219263703	
    Magnitude of B_grad:	0.332	
    Magnitude of b:	4.6039585059125	

	
    Current index:	59501	
    Magnitude of W_grad:	7.0559999999998	
    Magnitude of W:	55882.394102214	
    Magnitude of B_grad:	0.192	
    Magnitude of b:	4.8919238277344	

	
    Current index:	69501	
    Magnitude of W_grad:	7.8159999999998	
    Magnitude of W:	55873.338647927	
    Magnitude of B_grad:	0.188	
    Magnitude of b:	4.9656594346094	

	
    Current index:	79501	
    Magnitude of W_grad:	7.0959999999998	
    Magnitude of W:	55864.968538542	
    Magnitude of B_grad:	0.052	
    Magnitude of b:	4.8673921764957	

	
    Current index:	89501	
    Magnitude of W_grad:	6.2799999999999	
    Magnitude of W:	55856.019165999	
    Magnitude of B_grad:	0.088	
    Magnitude of b:	5.067124686866	

	
SGD: Hinge Loss is	
184043.36360465	
SGD: Validation Accuracy is:	
0.2897366030881	
SGD: Magnitude of W:	
55853.174067593	
SGD: Magnitude of b:	
4.5782610502225	
    Current index:	9501	
    Magnitude of W_grad:	7.0159999999998	
    Magnitude of W:	55844.794597987	
    Magnitude of B_grad:	0.14	
    Magnitude of b:	4.7020552506645	

	
    Current index:	19501	
    Magnitude of W_grad:	6.5159999999999	
    Magnitude of W:	55836.260985713	
    Magnitude of B_grad:	0.168	
    Magnitude of b:	4.9377977037005	

	
    Current index:	29501	
    Magnitude of W_grad:	6.4559999999998	
    Magnitude of W:	55827.923499519	
    Magnitude of B_grad:	0.216	
    Magnitude of b:	4.9335338407728	

	
    Current index:	39501	
    Magnitude of W_grad:	6.5839999999999	
    Magnitude of W:	55819.637605122	
    Magnitude of B_grad:	0.112	
    Magnitude of b:	5.3352555749376	

	
    Current index:	49501	
    Magnitude of W_grad:	7.2879999999999	
    Magnitude of W:	55811.04704577	
    Magnitude of B_grad:	0.312	
    Magnitude of b:	4.5989783551178	

	
    Current index:	59501	
    Magnitude of W_grad:	7.2199999999998	
    Magnitude of W:	55801.26604017	
    Magnitude of B_grad:	0.204	
    Magnitude of b:	4.888984905829	

	
    Current index:	69501	
    Magnitude of W_grad:	7.7079999999998	
    Magnitude of W:	55792.374618107	
    Magnitude of B_grad:	0.168	
    Magnitude of b:	4.9407210542829	

	
    Current index:	79501	
    Magnitude of W_grad:	7.0399999999998	
    Magnitude of W:	55784.085227258	
    Magnitude of B_grad:	0.052	
    Magnitude of b:	4.8704544018159	

	
    Current index:	89501	
    Magnitude of W_grad:	6.0879999999999	
    Magnitude of W:	55775.235814418	
    Magnitude of B_grad:	0.08	
    Magnitude of b:	5.0381879665008	

	
SGD: Hinge Loss is	
183015.89219733	
SGD: Validation Accuracy is:	
0.29246139872843	
SGD: Magnitude of W:	
55772.300642526	
SGD: Magnitude of b:	
4.5630336806602	
    Current index:	9501	
    Magnitude of W_grad:	6.8559999999998	
    Magnitude of W:	55764.056898192	
    Magnitude of B_grad:	0.136	
    Magnitude of b:	4.6833688616566	

	
    Current index:	19501	
    Magnitude of W_grad:	6.8039999999998	
    Magnitude of W:	55755.649890677	
    Magnitude of B_grad:	0.156	
    Magnitude of b:	4.945111495576	

	
    Current index:	29501	
    Magnitude of W_grad:	6.3559999999998	
    Magnitude of W:	55747.325144459	
    Magnitude of B_grad:	0.208	
    Magnitude of b:	4.9308481820937	

	
    Current index:	39501	
    Magnitude of W_grad:	6.5319999999999	
    Magnitude of W:	55739.156037254	
    Magnitude of B_grad:	0.112	
    Magnitude of b:	5.3225702146244	

	
    Current index:	49501	
    Magnitude of W_grad:	7.3959999999998	
    Magnitude of W:	55730.65248546	
    Magnitude of B_grad:	0.32	
    Magnitude of b:	4.5962936937672	

	
    Current index:	59501	
    Magnitude of W_grad:	6.8119999999998	
    Magnitude of W:	55721.017039936	
    Magnitude of B_grad:	0.176	
    Magnitude of b:	4.8777576731587	

	
    Current index:	69501	
    Magnitude of W_grad:	7.7439999999998	
    Magnitude of W:	55712.1946077	
    Magnitude of B_grad:	0.192	
    Magnitude of b:	4.937494410643	

	
    Current index:	79501	
    Magnitude of W_grad:	6.9839999999998	
    Magnitude of W:	55704.043681045	
    Magnitude of B_grad:	0.048	
    Magnitude of b:	4.8552284166117	

	
    Current index:	89501	
    Magnitude of W_grad:	6.0719999999999	
    Magnitude of W:	55695.1930173	
    Magnitude of B_grad:	0.08	
    Magnitude of b:	5.0249627305043	

	
SGD: Hinge Loss is	
181548.91538296	
SGD: Validation Accuracy is:	
0.29246139872843	
SGD: Magnitude of W:	
55692.315794039	
SGD: Magnitude of b:	
4.5789349622014	
    Current index:	9501	
    Magnitude of W_grad:	6.7119999999998	
    Magnitude of W:	55684.180412985	
    Magnitude of B_grad:	0.136	
    Magnitude of b:	4.6575207840775	

	
    Current index:	19501	
    Magnitude of W_grad:	6.7879999999998	
    Magnitude of W:	55675.842376099	
    Magnitude of B_grad:	0.156	
    Magnitude of b:	4.9412635273911	

	
    Current index:	29501	
    Magnitude of W_grad:	6.1759999999998	
    Magnitude of W:	55667.586206196	
    Magnitude of B_grad:	0.2	
    Magnitude of b:	4.9190005957227	

	
    Current index:	39501	
    Magnitude of W_grad:	6.4359999999999	
    Magnitude of W:	55659.389713077	
    Magnitude of B_grad:	0.1	
    Magnitude of b:	5.3227234480545	

	
    Current index:	49501	
    Magnitude of W_grad:	7.2759999999998	
    Magnitude of W:	55650.924088105	
    Magnitude of B_grad:	0.312	
    Magnitude of b:	4.596447330315	

	
    Current index:	59501	
    Magnitude of W_grad:	7.1759999999998	
    Magnitude of W:	55641.279627406	
    Magnitude of B_grad:	0.192	
    Magnitude of b:	4.8696618437959	

	
    Current index:	69501	
    Magnitude of W_grad:	7.4919999999998	
    Magnitude of W:	55632.572101982	
    Magnitude of B_grad:	0.152	
    Magnitude of b:	4.9093991846552	

	
    Current index:	79501	
    Magnitude of W_grad:	7.0279999999998	
    Magnitude of W:	55624.490663292	
    Magnitude of B_grad:	0.052	
    Magnitude of b:	4.8571339328476	

	
    Current index:	89501	
    Magnitude of W_grad:	6.0719999999999	
    Magnitude of W:	55615.830891467	
    Magnitude of B_grad:	0.084	
    Magnitude of b:	5.016868839361	

	
SGD: Hinge Loss is	
181651.8946482	
SGD: Validation Accuracy is:	
0.29881925522253	
SGD: Magnitude of W:	
55612.874894713	
SGD: Magnitude of b:	
4.5845499551528	
    Current index:	9501	
    Magnitude of W_grad:	6.7959999999998	
    Magnitude of W:	55604.979229059	
    Magnitude of B_grad:	0.148	
    Magnitude of b:	4.6537145658799	

	
    Current index:	19501	
    Magnitude of W_grad:	6.7119999999998	
    Magnitude of W:	55596.723748373	
    Magnitude of B_grad:	0.156	
    Magnitude of b:	4.9194581962272	

	
    Current index:	29501	
    Magnitude of W_grad:	5.8239999999999	
    Magnitude of W:	55588.535611189	
    Magnitude of B_grad:	0.172	
    Magnitude of b:	4.8951960607394	

	
    Current index:	39501	
    Magnitude of W_grad:	6.4079999999999	
    Magnitude of W:	55580.439997555	
    Magnitude of B_grad:	0.104	
    Magnitude of b:	5.2989198374068	

	
    Current index:	49501	
    Magnitude of W_grad:	6.9319999999999	
    Magnitude of W:	55572.176623865	
    Magnitude of B_grad:	0.292	
    Magnitude of b:	4.574644649292	

	
    Current index:	59501	
    Magnitude of W_grad:	7.1039999999998	
    Magnitude of W:	55562.592430333	
    Magnitude of B_grad:	0.192	
    Magnitude of b:	4.8452798017108	

	
    Current index:	69501	
    Magnitude of W_grad:	7.4319999999998	
    Magnitude of W:	55553.90463583	
    Magnitude of B_grad:	0.164	
    Magnitude of b:	4.8990178253327	

	
    Current index:	79501	
    Magnitude of W_grad:	6.9759999999998	
    Magnitude of W:	55545.983753526	
    Magnitude of B_grad:	0.052	
    Magnitude of b:	4.814753624824	

	
    Current index:	89501	
    Magnitude of W_grad:	6.0559999999999	
    Magnitude of W:	55537.440260963	
    Magnitude of B_grad:	0.088	
    Magnitude of b:	4.994489881702	

	
SGD: Hinge Loss is	
178923.92151748	
SGD: Validation Accuracy is:	
0.29427792915531	
SGD: Magnitude of W:	
55534.511461969	
SGD: Magnitude of b:	
4.5136278450949	
    Current index:	9501	
    Magnitude of W_grad:	6.8239999999998	
    Magnitude of W:	55526.659762701	
    Magnitude of B_grad:	0.136	
    Magnitude of b:	4.6401674729339	

	
    Current index:	19501	
    Magnitude of W_grad:	6.7119999999998	
    Magnitude of W:	55518.40569396	
    Magnitude of B_grad:	0.148	
    Magnitude of b:	4.8959120993307	

	
    Current index:	29501	
    Magnitude of W_grad:	6.0439999999999	
    Magnitude of W:	55510.327597977	
    Magnitude of B_grad:	0.184	
    Magnitude of b:	4.8756511948644	

	
    Current index:	39501	
    Magnitude of W_grad:	6.4719999999999	
    Magnitude of W:	55502.262546165	
    Magnitude of B_grad:	0.112	
    Magnitude of b:	5.2993760208768	

	
    Current index:	49501	
    Magnitude of W_grad:	7.1159999999999	
    Magnitude of W:	55493.98418873	
    Magnitude of B_grad:	0.3	
    Magnitude of b:	4.5691012944755	

	
    Current index:	59501	
    Magnitude of W_grad:	6.8799999999998	
    Magnitude of W:	55484.546277264	
    Magnitude of B_grad:	0.192	
    Magnitude of b:	4.820364743096	

	
    Current index:	69501	
    Magnitude of W_grad:	7.5159999999998	
    Magnitude of W:	55476.128825473	
    Magnitude of B_grad:	0.184	
    Magnitude of b:	4.8821041296241	

	
    Current index:	79501	
    Magnitude of W_grad:	7.0079999999998	
    Magnitude of W:	55468.323315431	
    Magnitude of B_grad:	0.052	
    Magnitude of b:	4.8118410515721	

	
    Current index:	89501	
    Magnitude of W_grad:	6.0359999999999	
    Magnitude of W:	55459.828456739	
    Magnitude of B_grad:	0.096	
    Magnitude of b:	4.9835780676276	

	
Done.	
Testing on validation set...	
Done	
Datafile:	/n/home09/ankitgupta/CS287/HW1/SST1-uni-sent.hdf5	Classifier:	hinge	Alpha:	0	Eta:	0.5	Lambda:	0.5	Minibatch size:	500	Num Epochs:	50	Minimum Sentence Length:	5	
Accuracy:	0.30154405086285	
