[?1034hDatafile:	/n/home09/ankitgupta/CS287/HW1/SST1-uni-syns.hdf5	Classifier:	hinge	Alpha:	0	Eta:	0.5	Lambda:	3	Minibatch size:	500	Num Epochs:	15	Minimum Sentence Length:	0	
Note that not all parameters may apply to all classifiers	
Loading datafiles...	
Number of training samples before removing small sentences	156817	
Number of training samples after removing small sentences	156817	
Done.	
Training classifier...	
Parameters are:	
Eta:	
0.5	
Lambda:	
3	
Minibatch size:	
500	
Number of Epochs	
15	
SGD: Hinge Loss is	
1909540.6272601	
SGD: Validation Accuracy is:	
0.2252497729337	
SGD: Magnitude of W:	
185004.32071091	
SGD: Magnitude of b:	
3.2168062266242	
    Current index:	9501	
    Magnitude of W_grad:	40.420000000001	
    Magnitude of W:	184926.63434397	
    Magnitude of B_grad:	0.336	
    Magnitude of b:	6.074632189451	

	
    Current index:	19501	
    Magnitude of W_grad:	35.956	
    Magnitude of W:	184855.49123627	
    Magnitude of B_grad:	0.16	
    Magnitude of b:	7.9970960337817	

	
    Current index:	29501	
    Magnitude of W_grad:	44.716000000001	
    Magnitude of W:	184786.48584345	
    Magnitude of B_grad:	0.172	
    Magnitude of b:	9.1054311333514	

	
    Current index:	39501	
    Magnitude of W_grad:	38.096000000001	
    Magnitude of W:	184715.54702635	
    Magnitude of B_grad:	0.268	
    Magnitude of b:	10.017616294326	

	
    Current index:	49501	
    Magnitude of W_grad:	43.976000000002	
    Magnitude of W:	184648.21152967	
    Magnitude of B_grad:	0.104	
    Magnitude of b:	10.353663292877	

	
    Current index:	59501	
    Magnitude of W_grad:	31.668	
    Magnitude of W:	184580.5690786	
    Magnitude of B_grad:	0.056	
    Magnitude of b:	10.903644229854	

	
    Current index:	69501	
    Magnitude of W_grad:	37.032000000001	
    Magnitude of W:	184515.86949079	
    Magnitude of B_grad:	0.172	
    Magnitude of b:	11.381493947031	

	
    Current index:	79501	
    Magnitude of W_grad:	37.292000000001	
    Magnitude of W:	184450.50893991	
    Magnitude of B_grad:	0.14	
    Magnitude of b:	11.675293212573	

	
    Current index:	89501	
    Magnitude of W_grad:	48.208000000002	
    Magnitude of W:	184380.40554806	
    Magnitude of B_grad:	0.324	
    Magnitude of b:	9.8912223313078	

	
    Current index:	99501	
    Magnitude of W_grad:	44.824	
    Magnitude of W:	184310.30659312	
    Magnitude of B_grad:	0.1	
    Magnitude of b:	9.6947989536045	

	
    Current index:	109501	
    Magnitude of W_grad:	43.672000000002	
    Magnitude of W:	184243.32955028	
    Magnitude of B_grad:	0.084	
    Magnitude of b:	10.693326171702	

	
    Current index:	119501	
    Magnitude of W_grad:	38.816000000001	
    Magnitude of W:	184176.11547958	
    Magnitude of B_grad:	0.124	
    Magnitude of b:	11.043255468657	

	
    Current index:	129501	
    Magnitude of W_grad:	43.660000000001	
    Magnitude of W:	184110.2514385	
    Magnitude of B_grad:	0.16	
    Magnitude of b:	11.087136269188	

	
    Current index:	139501	
    Magnitude of W_grad:	51.228000000002	
    Magnitude of W:	184044.34334039	
    Magnitude of B_grad:	0.104	
    Magnitude of b:	11.085013630612	

	
    Current index:	149501	
    Magnitude of W_grad:	41.312000000001	
    Magnitude of W:	183982.77708771	
    Magnitude of B_grad:	0.064	
    Magnitude of b:	11.300841030997	

	
SGD: Hinge Loss is	
1381905.8040243	
SGD: Validation Accuracy is:	
0.23342415985468	
SGD: Magnitude of W:	
183939.44473569	
SGD: Magnitude of b:	
10.653369786473	
    Current index:	9501	
    Magnitude of W_grad:	38.076	
    Magnitude of W:	183881.98614897	
    Magnitude of B_grad:	0.312	
    Magnitude of b:	10.360216226704	

	
    Current index:	19501	
    Magnitude of W_grad:	28.016	
    Magnitude of W:	183825.58187589	
    Magnitude of B_grad:	0.224	
    Magnitude of b:	10.946185848076	

	
    Current index:	29501	
    Magnitude of W_grad:	40.968000000001	
    Magnitude of W:	183769.92091736	
    Magnitude of B_grad:	0.212	
    Magnitude of b:	11.188061706997	

	
    Current index:	39501	
    Magnitude of W_grad:	41.528000000001	
    Magnitude of W:	183711.07695957	
    Magnitude of B_grad:	0.404	
    Magnitude of b:	11.467899713739	

	
    Current index:	49501	
    Magnitude of W_grad:	39.460000000001	
    Magnitude of W:	183653.04285205	
    Magnitude of B_grad:	0.124	
    Magnitude of b:	11.56569324	

	
    Current index:	59501	
    Magnitude of W_grad:	31.008	
    Magnitude of W:	183594.72715483	
    Magnitude of B_grad:	0.056	
    Magnitude of b:	11.765475729782	

	
    Current index:	69501	
    Magnitude of W_grad:	39.448000000001	
    Magnitude of W:	183536.53401159	
    Magnitude of B_grad:	0.184	
    Magnitude of b:	12.14916921591	

	
    Current index:	79501	
    Magnitude of W_grad:	34.88	
    Magnitude of W:	183478.02812766	
    Magnitude of B_grad:	0.064	
    Magnitude of b:	12.402815359774	

	
    Current index:	89501	
    Magnitude of W_grad:	43.840000000001	
    Magnitude of W:	183416.3132854	
    Magnitude of B_grad:	0.288	
    Magnitude of b:	10.850861923884	

	
    Current index:	99501	
    Magnitude of W_grad:	40.128000000001	
    Magnitude of W:	183353.85823497	
    Magnitude of B_grad:	0.076	
    Magnitude of b:	10.790801104888	

	
    Current index:	109501	
    Magnitude of W_grad:	40.148000000002	
    Magnitude of W:	183293.97022024	
    Magnitude of B_grad:	0.124	
    Magnitude of b:	11.298320008673	

	
    Current index:	119501	
    Magnitude of W_grad:	35.128	
    Magnitude of W:	183233.08490849	
    Magnitude of B_grad:	0.12	
    Magnitude of b:	11.51414541838	

	
    Current index:	129501	
    Magnitude of W_grad:	42.896000000001	
    Magnitude of W:	183173.75176045	
    Magnitude of B_grad:	0.192	
    Magnitude of b:	11.482378293187	

	
    Current index:	139501	
    Magnitude of W_grad:	47.996000000002	
    Magnitude of W:	183114.29043128	
    Magnitude of B_grad:	0.14	
    Magnitude of b:	11.322196615615	

	
    Current index:	149501	
    Magnitude of W_grad:	39.024000000001	
    Magnitude of W:	183058.15684071	
    Magnitude of B_grad:	0.064	
    Magnitude of b:	11.415596758321	

	
SGD: Hinge Loss is	
1269527.6298383	
SGD: Validation Accuracy is:	
0.25431425976385	
SGD: Magnitude of W:	
183018.75371878	
SGD: Magnitude of b:	
10.741834866437	
    Current index:	9501	
    Magnitude of W_grad:	34.664	
    Magnitude of W:	182965.50497106	
    Magnitude of B_grad:	0.284	
    Magnitude of b:	10.601791804196	

	
    Current index:	19501	
    Magnitude of W_grad:	27.56	
    Magnitude of W:	182912.57745745	
    Magnitude of B_grad:	0.236	
    Magnitude of b:	10.974240664632	

	
    Current index:	29501	
    Magnitude of W_grad:	39.636000000001	
    Magnitude of W:	182859.96577503	
    Magnitude of B_grad:	0.236	
    Magnitude of b:	11.172117890568	

	
    Current index:	39501	
    Magnitude of W_grad:	41.576000000001	
    Magnitude of W:	182804.79285024	
    Magnitude of B_grad:	0.428	
    Magnitude of b:	11.36396657983	

	
    Current index:	49501	
    Magnitude of W_grad:	37.160000000001	
    Magnitude of W:	182749.62838863	
    Magnitude of B_grad:	0.132	
    Magnitude of b:	11.405782875898	

	
    Current index:	59501	
    Magnitude of W_grad:	30.032	
    Magnitude of W:	182695.76797194	
    Magnitude of B_grad:	0.068	
    Magnitude of b:	11.587597389383	

	
    Current index:	69501	
    Magnitude of W_grad:	37.588000000001	
    Magnitude of W:	182641.62278113	
    Magnitude of B_grad:	0.14	
    Magnitude of b:	11.795341888533	

	
    Current index:	79501	
    Magnitude of W_grad:	35.256	
    Magnitude of W:	182586.73514664	
    Magnitude of B_grad:	0.1	
    Magnitude of b:	12.039055103186	

	
    Current index:	89501	
    Magnitude of W_grad:	44.892000000001	
    Magnitude of W:	182527.82014455	
    Magnitude of B_grad:	0.28	
    Magnitude of b:	10.879560753602	

	
    Current index:	99501	
    Magnitude of W_grad:	39.404000000001	
    Magnitude of W:	182468.91129621	
    Magnitude of B_grad:	0.08	
    Magnitude of b:	10.873488361781	

	
    Current index:	109501	
    Magnitude of W_grad:	38.576000000001	
    Magnitude of W:	182412.84485981	
    Magnitude of B_grad:	0.084	
    Magnitude of b:	11.163389030135	

	
    Current index:	119501	
    Magnitude of W_grad:	34.616	
    Magnitude of W:	182355.95454903	
    Magnitude of B_grad:	0.112	
    Magnitude of b:	11.307255152204	

	
    Current index:	129501	
    Magnitude of W_grad:	42.788000000001	
    Magnitude of W:	182300.22281119	
    Magnitude of B_grad:	0.252	
    Magnitude of b:	11.369080498337	

	
    Current index:	139501	
    Magnitude of W_grad:	44.316000000001	
    Magnitude of W:	182244.36575292	
    Magnitude of B_grad:	0.08	
    Magnitude of b:	11.196921736794	

	
    Current index:	149501	
    Magnitude of W_grad:	37.488000000001	
    Magnitude of W:	182190.69206123	
    Magnitude of B_grad:	0.06	
    Magnitude of b:	11.214773850457	

	
SGD: Hinge Loss is	
1202968.9073049	
SGD: Validation Accuracy is:	
0.2661217075386	
SGD: Magnitude of W:	
182153.53606257	
SGD: Magnitude of b:	
10.585453073135	
    Current index:	9501	
    Magnitude of W_grad:	33.968000000001	
    Magnitude of W:	182103.68229572	
    Magnitude of B_grad:	0.272	
    Magnitude of b:	10.403444018569	

	
    Current index:	19501	
    Magnitude of W_grad:	27.852	
    Magnitude of W:	182052.47019289	
    Magnitude of B_grad:	0.224	
    Magnitude of b:	10.649105637111	

	
    Current index:	29501	
    Magnitude of W_grad:	39.300000000001	
    Magnitude of W:	182001.28724246	
    Magnitude of B_grad:	0.24	
    Magnitude of b:	10.84104456033	

	
    Current index:	39501	
    Magnitude of W_grad:	40.128000000001	
    Magnitude of W:	181948.53118987	
    Magnitude of B_grad:	0.384	
    Magnitude of b:	11.030956981924	

	
    Current index:	49501	
    Magnitude of W_grad:	36.700000000001	
    Magnitude of W:	181896.09453994	
    Magnitude of B_grad:	0.144	
    Magnitude of b:	11.044842335025	

	
    Current index:	59501	
    Magnitude of W_grad:	29.488	
    Magnitude of W:	181844.69988527	
    Magnitude of B_grad:	0.088	
    Magnitude of b:	11.196729220623	

	
    Current index:	69501	
    Magnitude of W_grad:	37.872000000001	
    Magnitude of W:	181792.63603671	
    Magnitude of B_grad:	0.148	
    Magnitude of b:	11.376547933716	

	
    Current index:	79501	
    Magnitude of W_grad:	34.072	
    Magnitude of W:	181740.14721265	
    Magnitude of B_grad:	0.092	
    Magnitude of b:	11.636340206631	

	
    Current index:	89501	
    Magnitude of W_grad:	46.444000000001	
    Magnitude of W:	181683.97793329	
    Magnitude of B_grad:	0.288	
    Magnitude of b:	10.553553745522	

	
    Current index:	99501	
    Magnitude of W_grad:	35.576	
    Magnitude of W:	181627.8801311	
    Magnitude of B_grad:	0.068	
    Magnitude of b:	10.555543160248	

	
    Current index:	109501	
    Magnitude of W_grad:	38.696000000001	
    Magnitude of W:	181574.57005214	
    Magnitude of B_grad:	0.092	
    Magnitude of b:	10.813505087889	

	
    Current index:	119501	
    Magnitude of W_grad:	32.332	
    Magnitude of W:	181520.16829036	
    Magnitude of B_grad:	0.096	
    Magnitude of b:	10.963433413894	

	
    Current index:	129501	
    Magnitude of W_grad:	41.512000000001	
    Magnitude of W:	181466.81800662	
    Magnitude of B_grad:	0.272	
    Magnitude of b:	11.041324701201	

	
    Current index:	139501	
    Magnitude of W_grad:	44.748000000001	
    Magnitude of W:	181413.7054091	
    Magnitude of B_grad:	0.1	
    Magnitude of b:	10.87922840591	

	
    Current index:	149501	
    Magnitude of W_grad:	36.867999999999	
    Magnitude of W:	181362.47995504	
    Magnitude of B_grad:	0.052	
    Magnitude of b:	10.863148445024	

	
SGD: Hinge Loss is	
1154062.5600556	
SGD: Validation Accuracy is:	
0.2661217075386	
SGD: Magnitude of W:	
181327.40410977	
SGD: Magnitude of b:	
10.260798562573	
    Current index:	9501	
    Magnitude of W_grad:	32.216	
    Magnitude of W:	181278.36273019	
    Magnitude of B_grad:	0.26	
    Magnitude of b:	10.108851170605	

	
    Current index:	19501	
    Magnitude of W_grad:	27.284	
    Magnitude of W:	181227.97309417	
    Magnitude of B_grad:	0.224	
    Magnitude of b:	10.315853206224	

	
    Current index:	29501	
    Magnitude of W_grad:	36.924	
    Magnitude of W:	181178.59443016	
    Magnitude of B_grad:	0.212	
    Magnitude of b:	10.447862992937	

	
    Current index:	39501	
    Magnitude of W_grad:	39.824000000001	
    Magnitude of W:	181127.85968888	
    Magnitude of B_grad:	0.376	
    Magnitude of b:	10.643845040043	

	
    Current index:	49501	
    Magnitude of W_grad:	35.052000000001	
    Magnitude of W:	181077.22487052	
    Magnitude of B_grad:	0.156	
    Magnitude of b:	10.665805074315	

	
    Current index:	59501	
    Magnitude of W_grad:	29.264	
    Magnitude of W:	181027.58622877	
    Magnitude of B_grad:	0.084	
    Magnitude of b:	10.805764580103	

	
    Current index:	69501	
    Magnitude of W_grad:	36.960000000001	
    Magnitude of W:	180977.46641298	
    Magnitude of B_grad:	0.124	
    Magnitude of b:	10.947661676447	

	
    Current index:	79501	
    Magnitude of W_grad:	31.316	
    Magnitude of W:	180926.48514365	
    Magnitude of B_grad:	0.108	
    Magnitude of b:	11.219538629939	

	
    Current index:	89501	
    Magnitude of W_grad:	46.252	
    Magnitude of W:	180872.21989848	
    Magnitude of B_grad:	0.26	
    Magnitude of b:	10.217410658949	

	
    Current index:	99501	
    Magnitude of W_grad:	35.992	
    Magnitude of W:	180818.43066243	
    Magnitude of B_grad:	0.064	
    Magnitude of b:	10.253460720199	

	
    Current index:	109501	
    Magnitude of W_grad:	38.372000000001	
    Magnitude of W:	180767.33767488	
    Magnitude of B_grad:	0.072	
    Magnitude of b:	10.469483053583	

	
    Current index:	119501	
    Magnitude of W_grad:	32.14	
    Magnitude of W:	180714.28847799	
    Magnitude of B_grad:	0.08	
    Magnitude of b:	10.603477741751	

	
    Current index:	129501	
    Magnitude of W_grad:	42.060000000001	
    Magnitude of W:	180662.87846206	
    Magnitude of B_grad:	0.284	
    Magnitude of b:	10.695436047964	

	
    Current index:	139501	
    Magnitude of W_grad:	44.680000000001	
    Magnitude of W:	180611.64028644	
    Magnitude of B_grad:	0.12	
    Magnitude of b:	10.57340092436	

	
    Current index:	149501	
    Magnitude of W_grad:	36.804	
    Magnitude of W:	180562.17173959	
    Magnitude of B_grad:	0.072	
    Magnitude of b:	10.579378756888	

	
SGD: Hinge Loss is	
1116353.3817136	
SGD: Validation Accuracy is:	
0.28428701180745	
SGD: Magnitude of W:	
180528.20570327	
SGD: Magnitude of b:	
9.9762217339047	
    Current index:	9501	
    Magnitude of W_grad:	31.532	
    Magnitude of W:	180480.69382034	
    Magnitude of B_grad:	0.24	
    Magnitude of b:	9.8363300407331	

	
    Current index:	19501	
    Magnitude of W_grad:	26.9	
    Magnitude of W:	180431.53134726	
    Magnitude of B_grad:	0.22	
    Magnitude of b:	10.046222532435	

	
    Current index:	29501	
    Magnitude of W_grad:	35.556	
    Magnitude of W:	180383.304741	
    Magnitude of B_grad:	0.184	
    Magnitude of b:	10.142285618139	

	
    Current index:	39501	
    Magnitude of W_grad:	37.640000000002	
    Magnitude of W:	180334.27220702	
    Magnitude of B_grad:	0.372	
    Magnitude of b:	10.368325468237	

	
    Current index:	49501	
    Magnitude of W_grad:	34.088000000001	
    Magnitude of W:	180285.49086192	
    Magnitude of B_grad:	0.132	
    Magnitude of b:	10.388342471999	

	
    Current index:	59501	
    Magnitude of W_grad:	28.376	
    Magnitude of W:	180237.61349164	
    Magnitude of B_grad:	0.092	
    Magnitude of b:	10.534358343265	

	
    Current index:	69501	
    Magnitude of W_grad:	37.296000000001	
    Magnitude of W:	180189.18723432	
    Magnitude of B_grad:	0.104	
    Magnitude of b:	10.674309231079	

	
    Current index:	79501	
    Magnitude of W_grad:	31.012	
    Magnitude of W:	180139.77976132	
    Magnitude of B_grad:	0.112	
    Magnitude of b:	10.896241151906	

	
    Current index:	89501	
    Magnitude of W_grad:	45.524	
    Magnitude of W:	180087.39481451	
    Magnitude of B_grad:	0.244	
    Magnitude of b:	10.001218503801	

	
    Current index:	99501	
    Magnitude of W_grad:	35.796	
    Magnitude of W:	180035.03582581	
    Magnitude of B_grad:	0.104	
    Magnitude of b:	10.02530827499	

	
    Current index:	109501	
    Magnitude of W_grad:	37.668000000001	
    Magnitude of W:	179985.43722627	
    Magnitude of B_grad:	0.088	
    Magnitude of b:	10.263371783667	

	
    Current index:	119501	
    Magnitude of W_grad:	29.207999999999	
    Magnitude of W:	179934.11460143	
    Magnitude of B_grad:	0.072	
    Magnitude of b:	10.343410623535	

	
    Current index:	129501	
    Magnitude of W_grad:	38.948000000001	
    Magnitude of W:	179884.3226096	
    Magnitude of B_grad:	0.268	
    Magnitude of b:	10.43142007404	

	
    Current index:	139501	
    Magnitude of W_grad:	42.696000000001	
    Magnitude of W:	179834.57608237	
    Magnitude of B_grad:	0.116	
    Magnitude of b:	10.313436276176	

	
    Current index:	149501	
    Magnitude of W_grad:	36.032	
    Magnitude of W:	179786.59958667	
    Magnitude of B_grad:	0.088	
    Magnitude of b:	10.321463492621	

	
SGD: Hinge Loss is	
1083904.3421399	
SGD: Validation Accuracy is:	
0.29246139872843	
SGD: Magnitude of W:	
179753.67647145	
SGD: Magnitude of b:	
9.760957733817	
    Current index:	9501	
    Magnitude of W_grad:	30.468	
    Magnitude of W:	179707.59859644	
    Magnitude of B_grad:	0.224	
    Magnitude of b:	9.6171093989184	

	
    Current index:	19501	
    Magnitude of W_grad:	26.82	
    Magnitude of W:	179659.49603477	
    Magnitude of B_grad:	0.22	
    Magnitude of b:	9.798719658289	

	
    Current index:	29501	
    Magnitude of W_grad:	35.276	
    Magnitude of W:	179612.45442147	
    Magnitude of B_grad:	0.18	
    Magnitude of b:	9.8468338761369	

	
    Current index:	39501	
    Magnitude of W_grad:	37.148000000001	
    Magnitude of W:	179564.54125865	
    Magnitude of B_grad:	0.368	
    Magnitude of b:	10.112919894067	

	
    Current index:	49501	
    Magnitude of W_grad:	33.052	
    Magnitude of W:	179517.38901234	
    Magnitude of B_grad:	0.144	
    Magnitude of b:	10.142982196007	

	
    Current index:	59501	
    Magnitude of W_grad:	27.9	
    Magnitude of W:	179470.50368263	
    Magnitude of B_grad:	0.108	
    Magnitude of b:	10.315041195116	

	
    Current index:	69501	
    Magnitude of W_grad:	37.652	
    Magnitude of W:	179423.15495138	
    Magnitude of B_grad:	0.1	
    Magnitude of b:	10.419036446129	

	
    Current index:	79501	
    Magnitude of W_grad:	29.592	
    Magnitude of W:	179374.54137744	
    Magnitude of B_grad:	0.104	
    Magnitude of b:	10.593023988645	

	
    Current index:	89501	
    Magnitude of W_grad:	45.256000000001	
    Magnitude of W:	179323.78989511	
    Magnitude of B_grad:	0.24	
    Magnitude of b:	9.7942680829491	

	
    Current index:	99501	
    Magnitude of W_grad:	35.844	
    Magnitude of W:	179272.69366488	
    Magnitude of B_grad:	0.064	
    Magnitude of b:	9.8423954518969	

	
    Current index:	109501	
    Magnitude of W_grad:	36.08	
    Magnitude of W:	179224.40234379	
    Magnitude of B_grad:	0.072	
    Magnitude of b:	10.052496398283	

	
    Current index:	119501	
    Magnitude of W_grad:	28.408	
    Magnitude of W:	179174.08163606	
    Magnitude of B_grad:	0.08	
    Magnitude of b:	10.110579191573	

	
    Current index:	129501	
    Magnitude of W_grad:	37.952000000001	
    Magnitude of W:	179125.24441608	
    Magnitude of B_grad:	0.252	
    Magnitude of b:	10.196634461625	

	
    Current index:	139501	
    Magnitude of W_grad:	43.008000000001	
    Magnitude of W:	179076.55197403	
    Magnitude of B_grad:	0.096	
    Magnitude of b:	10.084694179095	

	
    Current index:	149501	
    Magnitude of W_grad:	35.996	
    Magnitude of W:	179029.50554327	
    Magnitude of B_grad:	0.092	
    Magnitude of b:	10.110762951462	

	
SGD: Hinge Loss is	
1055239.0291711	
SGD: Validation Accuracy is:	
0.29881925522253	
SGD: Magnitude of W:	
178997.25330889	
SGD: Magnitude of b:	
9.5843675977268	
    Current index:	9501	
    Magnitude of W_grad:	30.712	
    Magnitude of W:	178951.98772415	
    Magnitude of B_grad:	0.232	
    Magnitude of b:	9.4145569831374	

	
    Current index:	19501	
    Magnitude of W_grad:	26.196	
    Magnitude of W:	178904.59233808	
    Magnitude of B_grad:	0.224	
    Magnitude of b:	9.5904851401716	

	
    Current index:	29501	
    Magnitude of W_grad:	35.616000000001	
    Magnitude of W:	178858.43764862	
    Magnitude of B_grad:	0.136	
    Magnitude of b:	9.5726406446985	

	
    Current index:	39501	
    Magnitude of W_grad:	36.316000000001	
    Magnitude of W:	178811.12784198	
    Magnitude of B_grad:	0.356	
    Magnitude of b:	9.8787710401589	

	
    Current index:	49501	
    Magnitude of W_grad:	33.336000000001	
    Magnitude of W:	178765.1866523	
    Magnitude of B_grad:	0.144	
    Magnitude of b:	9.940873770592	

	
    Current index:	59501	
    Magnitude of W_grad:	27.26	
    Magnitude of W:	178719.13090222	
    Magnitude of B_grad:	0.112	
    Magnitude of b:	10.116966820607	

	
    Current index:	69501	
    Magnitude of W_grad:	35.900000000001	
    Magnitude of W:	178672.58107244	
    Magnitude of B_grad:	0.076	
    Magnitude of b:	10.233001586989	

	
    Current index:	79501	
    Magnitude of W_grad:	30.656	
    Magnitude of W:	178624.84829916	
    Magnitude of B_grad:	0.092	
    Magnitude of b:	10.423025481002	

	
    Current index:	89501	
    Magnitude of W_grad:	44.836000000001	
    Magnitude of W:	178575.36584602	
    Magnitude of B_grad:	0.236	
    Magnitude of b:	9.6239811870453	

	
    Current index:	99501	
    Magnitude of W_grad:	35.4	
    Magnitude of W:	178525.77877712	
    Magnitude of B_grad:	0.08	
    Magnitude of b:	9.6001454341031	

	
    Current index:	109501	
    Magnitude of W_grad:	35.856000000001	
    Magnitude of W:	178478.49906454	
    Magnitude of B_grad:	0.076	
    Magnitude of b:	9.838287650891	

	
    Current index:	119501	
    Magnitude of W_grad:	31.02	
    Magnitude of W:	178429.26339008	
    Magnitude of B_grad:	0.084	
    Magnitude of b:	9.8764145952632	

	
    Current index:	129501	
    Magnitude of W_grad:	38.100000000001	
    Magnitude of W:	178381.49482246	
    Magnitude of B_grad:	0.252	
    Magnitude of b:	9.9845131087454	

	
    Current index:	139501	
    Magnitude of W_grad:	41.884000000001	
    Magnitude of W:	178333.81544134	
    Magnitude of B_grad:	0.096	
    Magnitude of b:	9.8826141103426	

	
    Current index:	149501	
    Magnitude of W_grad:	34.296	
    Magnitude of W:	178287.56810686	
    Magnitude of B_grad:	0.112	
    Magnitude of b:	9.9127230302384	

	
SGD: Hinge Loss is	
1029638.0205198	
SGD: Validation Accuracy is:	
0.30426884650318	
SGD: Magnitude of W:	
178255.73462116	
SGD: Magnitude of b:	
9.363201687042	
    Current index:	9501	
    Magnitude of W_grad:	29.676	
    Magnitude of W:	178211.3116986	
    Magnitude of B_grad:	0.224	
    Magnitude of b:	9.2174311407483	

	
    Current index:	19501	
    Magnitude of W_grad:	26.412	
    Magnitude of W:	178164.66041453	
    Magnitude of B_grad:	0.196	
    Magnitude of b:	9.402257030963	

	
    Current index:	29501	
    Magnitude of W_grad:	35.716	
    Magnitude of W:	178119.1359323	
    Magnitude of B_grad:	0.12	
    Magnitude of b:	9.3804494404337	

	
    Current index:	39501	
    Magnitude of W_grad:	35.160000000001	
    Magnitude of W:	178072.42266841	
    Magnitude of B_grad:	0.36	
    Magnitude of b:	9.7046135965811	

	
    Current index:	49501	
    Magnitude of W_grad:	32.596	
    Magnitude of W:	178027.04298315	
    Magnitude of B_grad:	0.16	
    Magnitude of b:	9.7487512290379	

	
    Current index:	59501	
    Magnitude of W_grad:	26.52	
    Magnitude of W:	177981.76975748	
    Magnitude of B_grad:	0.132	
    Magnitude of b:	9.9228823879496	

	
    Current index:	69501	
    Magnitude of W_grad:	35.524000000001	
    Magnitude of W:	177935.92887657	
    Magnitude of B_grad:	0.08	
    Magnitude of b:	10.038955409037	

	
    Current index:	79501	
    Magnitude of W_grad:	30.812	
    Magnitude of W:	177889.48167597	
    Magnitude of B_grad:	0.092	
    Magnitude of b:	10.159023059677	

	
    Current index:	89501	
    Magnitude of W_grad:	43.628	
    Magnitude of W:	177841.19778163	
    Magnitude of B_grad:	0.224	
    Magnitude of b:	9.441119031494	

	
    Current index:	99501	
    Magnitude of W_grad:	34.784	
    Magnitude of W:	177792.43383345	
    Magnitude of B_grad:	0.076	
    Magnitude of b:	9.4053184111372	

	
    Current index:	109501	
    Magnitude of W_grad:	35.228	
    Magnitude of W:	177745.81626765	
    Magnitude of B_grad:	0.044	
    Magnitude of b:	9.6374975708305	

	
    Current index:	119501	
    Magnitude of W_grad:	30.92	
    Magnitude of W:	177697.89118119	
    Magnitude of B_grad:	0.068	
    Magnitude of b:	9.6751870103648	

	
    Current index:	129501	
    Magnitude of W_grad:	37.640000000001	
    Magnitude of W:	177650.71415353	
    Magnitude of B_grad:	0.212	
    Magnitude of b:	9.747805749848	

	
    Current index:	139501	
    Magnitude of W_grad:	41.176000000001	
    Magnitude of W:	177603.78787019	
    Magnitude of B_grad:	0.088	
    Magnitude of b:	9.6959464832549	

	
    Current index:	149501	
    Magnitude of W_grad:	35.012	
    Magnitude of W:	177558.38200626	
    Magnitude of B_grad:	0.108	
    Magnitude of b:	9.7380892549775	

	
SGD: Hinge Loss is	
1008115.3631024	
SGD: Validation Accuracy is:	
0.30790190735695	
SGD: Magnitude of W:	
177526.90377238	
SGD: Magnitude of b:	
9.2240530865402	
    Current index:	9501	
    Magnitude of W_grad:	30.144	
    Magnitude of W:	177483.18392707	
    Magnitude of B_grad:	0.228	
    Magnitude of b:	9.0563115489477	

	
    Current index:	19501	
    Magnitude of W_grad:	26.964	
    Magnitude of W:	177437.00079448	
    Magnitude of B_grad:	0.212	
    Magnitude of b:	9.2745592515658	

	
    Current index:	29501	
    Magnitude of W_grad:	35.768	
    Magnitude of W:	177392.20212942	
    Magnitude of B_grad:	0.104	
    Magnitude of b:	9.2327780966818	

	
    Current index:	39501	
    Magnitude of W_grad:	33.360000000001	
    Magnitude of W:	177346.5216896	
    Magnitude of B_grad:	0.336	
    Magnitude of b:	9.5589706154709	

	
    Current index:	49501	
    Magnitude of W_grad:	31.68	
    Magnitude of W:	177302.10524297	
    Magnitude of B_grad:	0.16	
    Magnitude of b:	9.5691386711362	

	
    Current index:	59501	
    Magnitude of W_grad:	26.783999999999	
    Magnitude of W:	177257.57041037	
    Magnitude of B_grad:	0.132	
    Magnitude of b:	9.751303116577	

	
    Current index:	69501	
    Magnitude of W_grad:	35.228	
    Magnitude of W:	177212.48034721	
    Magnitude of B_grad:	0.072	
    Magnitude of b:	9.909406031945	

	
    Current index:	79501	
    Magnitude of W_grad:	30.288	
    Magnitude of W:	177166.69487742	
    Magnitude of B_grad:	0.088	
    Magnitude of b:	9.9275074739153	

	
    Current index:	89501	
    Magnitude of W_grad:	43.4	
    Magnitude of W:	177119.60047152	
    Magnitude of B_grad:	0.212	
    Magnitude of b:	9.3042224994431	

	
    Current index:	99501	
    Magnitude of W_grad:	34.736	
    Magnitude of W:	177071.56192164	
    Magnitude of B_grad:	0.084	
    Magnitude of b:	9.2724481996633	

	
    Current index:	109501	
    Magnitude of W_grad:	33.324000000001	
    Magnitude of W:	177025.56631357	
    Magnitude of B_grad:	0.064	
    Magnitude of b:	9.4986533688623	

	
    Current index:	119501	
    Magnitude of W_grad:	31.144	
    Magnitude of W:	176978.55295517	
    Magnitude of B_grad:	0.072	
    Magnitude of b:	9.5091037211278	

	
    Current index:	129501	
    Magnitude of W_grad:	36.976000000001	
    Magnitude of W:	176932.3670098	
    Magnitude of B_grad:	0.176	
    Magnitude of b:	9.5850225995967	

	
    Current index:	139501	
    Magnitude of W_grad:	40.672000000001	
    Magnitude of W:	176886.4390341	
    Magnitude of B_grad:	0.084	
    Magnitude of b:	9.533196174011	

	
    Current index:	149501	
    Magnitude of W_grad:	35.68	
    Magnitude of W:	176841.65861331	
    Magnitude of B_grad:	0.124	
    Magnitude of b:	9.5873676103606	

	
SGD: Hinge Loss is	
988470.01314958	
SGD: Validation Accuracy is:	
0.31153496821072	
SGD: Magnitude of W:	
176810.59673468	
SGD: Magnitude of b:	
9.0773524661102	
    Current index:	9501	
    Magnitude of W_grad:	29.3	
    Magnitude of W:	176767.62104591	
    Magnitude of B_grad:	0.212	
    Magnitude of b:	8.9176409417611	

	
    Current index:	19501	
    Magnitude of W_grad:	26.312	
    Magnitude of W:	176721.99761435	
    Magnitude of B_grad:	0.22	
    Magnitude of b:	9.1547702827708	

	
    Current index:	29501	
    Magnitude of W_grad:	36.616000000001	
    Magnitude of W:	176677.97685373	
    Magnitude of B_grad:	0.104	
    Magnitude of b:	9.0730156384557	

	
    Current index:	39501	
    Magnitude of W_grad:	33.132	
    Magnitude of W:	176632.86666123	
    Magnitude of B_grad:	0.324	
    Magnitude of b:	9.4032362885945	

	
    Current index:	49501	
    Magnitude of W_grad:	32.036	
    Magnitude of W:	176589.44066195	
    Magnitude of B_grad:	0.176	
    Magnitude of b:	9.4034353203898	

	
    Current index:	59501	
    Magnitude of W_grad:	26.615999999999	
    Magnitude of W:	176545.52151475	
    Magnitude of B_grad:	0.148	
    Magnitude of b:	9.6236286509074	

	
    Current index:	69501	
    Magnitude of W_grad:	33.188	
    Magnitude of W:	176501.07137984	
    Magnitude of B_grad:	0.068	
    Magnitude of b:	9.7617615745791	

	
    Current index:	79501	
    Magnitude of W_grad:	30.052	
    Magnitude of W:	176455.80372089	
    Magnitude of B_grad:	0.12	
    Magnitude of b:	9.7698913548665	

	
    Current index:	89501	
    Magnitude of W_grad:	43.532000000001	
    Magnitude of W:	176409.48233015	
    Magnitude of B_grad:	0.22	
    Magnitude of b:	9.181744607338	

	
    Current index:	99501	
    Magnitude of W_grad:	32.859999999999	
    Magnitude of W:	176362.08898803	
    Magnitude of B_grad:	0.088	
    Magnitude of b:	9.1799917275584	

	
    Current index:	109501	
    Magnitude of W_grad:	32.536	
    Magnitude of W:	176316.95338767	
    Magnitude of B_grad:	0.072	
    Magnitude of b:	9.3962179876076	

	
    Current index:	119501	
    Magnitude of W_grad:	30.68	
    Magnitude of W:	176270.91936893	
    Magnitude of B_grad:	0.072	
    Magnitude of b:	9.3764328234621	

	
    Current index:	129501	
    Magnitude of W_grad:	36.668	
    Magnitude of W:	176225.57652219	
    Magnitude of B_grad:	0.2	
    Magnitude of b:	9.4646294644762	

	
    Current index:	139501	
    Magnitude of W_grad:	39.692000000001	
    Magnitude of W:	176180.43108956	
    Magnitude of B_grad:	0.056	
    Magnitude of b:	9.4168248635866	

	
    Current index:	149501	
    Magnitude of W_grad:	35.176	
    Magnitude of W:	176136.36694396	
    Magnitude of B_grad:	0.112	
    Magnitude of b:	9.45102083688	

	
SGD: Hinge Loss is	
970929.49602979	
SGD: Validation Accuracy is:	
0.31425976385104	
SGD: Magnitude of W:	
176105.81900999	
SGD: Magnitude of b:	
8.9404888013028	
    Current index:	9501	
    Magnitude of W_grad:	29.128	
    Magnitude of W:	176063.20632311	
    Magnitude of B_grad:	0.204	
    Magnitude of b:	8.7828056764244	

	
    Current index:	19501	
    Magnitude of W_grad:	25.84	
    Magnitude of W:	176018.27429469	
    Magnitude of B_grad:	0.236	
    Magnitude of b:	9.0205110263085	

	
    Current index:	29501	
    Magnitude of W_grad:	35.92	
    Magnitude of W:	175974.61805383	
    Magnitude of B_grad:	0.108	
    Magnitude of b:	8.9727800173485	

	
    Current index:	39501	
    Magnitude of W_grad:	32.82	
    Magnitude of W:	175930.35543794	
    Magnitude of B_grad:	0.34	
    Magnitude of b:	9.3070216969604	

	
    Current index:	49501	
    Magnitude of W_grad:	31.164	
    Magnitude of W:	175887.73741462	
    Magnitude of B_grad:	0.156	
    Magnitude of b:	9.2612450252726	

	
    Current index:	59501	
    Magnitude of W_grad:	26.299999999999	
    Magnitude of W:	175844.39933925	
    Magnitude of B_grad:	0.124	
    Magnitude of b:	9.4754649048147	

	
    Current index:	69501	
    Magnitude of W_grad:	33.004	
    Magnitude of W:	175800.67530375	
    Magnitude of B_grad:	0.072	
    Magnitude of b:	9.6176269738829	

	
    Current index:	79501	
    Magnitude of W_grad:	30.176	
    Magnitude of W:	175756.12938172	
    Magnitude of B_grad:	0.12	
    Magnitude of b:	9.5997870418339	

	
    Current index:	89501	
    Magnitude of W_grad:	44.212000000001	
    Magnitude of W:	175710.63507695	
    Magnitude of B_grad:	0.204	
    Magnitude of b:	9.0630944828631	

	
    Current index:	99501	
    Magnitude of W_grad:	32.607999999999	
    Magnitude of W:	175664.16550372	
    Magnitude of B_grad:	0.084	
    Magnitude of b:	9.0693627691554	

	
    Current index:	109501	
    Magnitude of W_grad:	31.951999999999	
    Magnitude of W:	175619.77365918	
    Magnitude of B_grad:	0.068	
    Magnitude of b:	9.2496143040923	

	
    Current index:	119501	
    Magnitude of W_grad:	31.792	
    Magnitude of W:	175574.68745364	
    Magnitude of B_grad:	0.08	
    Magnitude of b:	9.2138556150223	

	
    Current index:	129501	
    Magnitude of W_grad:	36.652000000001	
    Magnitude of W:	175530.1046993	
    Magnitude of B_grad:	0.192	
    Magnitude of b:	9.2900861671273	

	
    Current index:	139501	
    Magnitude of W_grad:	38.596000000001	
    Magnitude of W:	175485.55163906	
    Magnitude of B_grad:	0.048	
    Magnitude of b:	9.2663109755089	

	
    Current index:	149501	
    Magnitude of W_grad:	33.924	
    Magnitude of W:	175442.02612129	
    Magnitude of B_grad:	0.096	
    Magnitude of b:	9.328533636061	

	
SGD: Hinge Loss is	
953863.48248011	
SGD: Validation Accuracy is:	
0.31153496821072	
SGD: Magnitude of W:	
175411.77679256	
SGD: Magnitude of b:	
8.8434812846074	
    Current index:	9501	
    Magnitude of W_grad:	28.888	
    Magnitude of W:	175370.03470659	
    Magnitude of B_grad:	0.188	
    Magnitude of b:	8.669821268864	

	
    Current index:	19501	
    Magnitude of W_grad:	25.692	
    Magnitude of W:	175325.54117015	
    Magnitude of B_grad:	0.228	
    Magnitude of b:	8.9069174001499	

	
    Current index:	29501	
    Magnitude of W_grad:	35.508	
    Magnitude of W:	175282.27670322	
    Magnitude of B_grad:	0.096	
    Magnitude of b:	8.8432092681113	

	
    Current index:	39501	
    Magnitude of W_grad:	32.644	
    Magnitude of W:	175238.7437178	
    Magnitude of B_grad:	0.34	
    Magnitude of b:	9.1734773973402	

	
    Current index:	49501	
    Magnitude of W_grad:	31.064	
    Magnitude of W:	175196.94698561	
    Magnitude of B_grad:	0.164	
    Magnitude of b:	9.1377259458905	

	
    Current index:	59501	
    Magnitude of W_grad:	26.228	
    Magnitude of W:	175154.26410696	
    Magnitude of B_grad:	0.148	
    Magnitude of b:	9.3099737381332	

	
    Current index:	69501	
    Magnitude of W_grad:	32.388	
    Magnitude of W:	175111.03525422	
    Magnitude of B_grad:	0.064	
    Magnitude of b:	9.4461678271698	

	
    Current index:	79501	
    Magnitude of W_grad:	29.356	
    Magnitude of W:	175067.01576759	
    Magnitude of B_grad:	0.144	
    Magnitude of b:	9.4303621087013	

	
    Current index:	89501	
    Magnitude of W_grad:	43.396000000001	
    Magnitude of W:	175022.70584433	
    Magnitude of B_grad:	0.204	
    Magnitude of b:	8.9442891918644	

	
    Current index:	99501	
    Magnitude of W_grad:	32.695999999999	
    Magnitude of W:	174977.12520295	
    Magnitude of B_grad:	0.092	
    Magnitude of b:	8.9305806442221	

	
    Current index:	109501	
    Magnitude of W_grad:	32.828	
    Magnitude of W:	174933.23892261	
    Magnitude of B_grad:	0.056	
    Magnitude of b:	9.1008590517467	

	
    Current index:	119501	
    Magnitude of W_grad:	31.704	
    Magnitude of W:	174888.89288356	
    Magnitude of B_grad:	0.092	
    Magnitude of b:	9.0661183692684	

	
    Current index:	129501	
    Magnitude of W_grad:	36.412	
    Magnitude of W:	174844.94605228	
    Magnitude of B_grad:	0.168	
    Magnitude of b:	9.125386710529	

	
    Current index:	139501	
    Magnitude of W_grad:	39.504000000001	
    Magnitude of W:	174801.04610349	
    Magnitude of B_grad:	0.06	
    Magnitude of b:	9.1156426604618	

	
    Current index:	149501	
    Magnitude of W_grad:	33.267999999999	
    Magnitude of W:	174757.68841694	
    Magnitude of B_grad:	0.112	
    Magnitude of b:	9.1858930518131	

	
SGD: Hinge Loss is	
938754.63389077	
SGD: Validation Accuracy is:	
0.32152588555858	
SGD: Magnitude of W:	
174728.15396219	
SGD: Magnitude of b:	
8.7031693316287	
    Current index:	9501	
    Magnitude of W_grad:	27.636	
    Magnitude of W:	174686.72576753	
    Magnitude of B_grad:	0.168	
    Magnitude of b:	8.5195369976042	

	
    Current index:	19501	
    Magnitude of W_grad:	26.416	
    Magnitude of W:	174642.6347862	
    Magnitude of B_grad:	0.212	
    Magnitude of b:	8.8011788625711	

	
    Current index:	29501	
    Magnitude of W_grad:	34.768	
    Magnitude of W:	174599.83763321	
    Magnitude of B_grad:	0.084	
    Magnitude of b:	8.7134931760741	

	
    Current index:	39501	
    Magnitude of W_grad:	32.828	
    Magnitude of W:	174556.85786539	
    Magnitude of B_grad:	0.324	
    Magnitude of b:	9.0797823117543	

	
    Current index:	49501	
    Magnitude of W_grad:	29.884	
    Magnitude of W:	174515.38934549	
    Magnitude of B_grad:	0.152	
    Magnitude of b:	9.010052781143	

	
    Current index:	59501	
    Magnitude of W_grad:	26.848	
    Magnitude of W:	174473.09577521	
    Magnitude of B_grad:	0.116	
    Magnitude of b:	9.1923217629829	

	
    Current index:	69501	
    Magnitude of W_grad:	31.356	
    Magnitude of W:	174430.39198848	
    Magnitude of B_grad:	0.084	
    Magnitude of b:	9.3325403660003	

	
    Current index:	79501	
    Magnitude of W_grad:	29.496	
    Magnitude of W:	174386.94187389	
    Magnitude of B_grad:	0.12	
    Magnitude of b:	9.286760017802	

	
    Current index:	89501	
    Magnitude of W_grad:	43.088000000001	
    Magnitude of W:	174343.3327839	
    Magnitude of B_grad:	0.192	
    Magnitude of b:	8.8101946995564	

	
    Current index:	99501	
    Magnitude of W_grad:	31.412	
    Magnitude of W:	174298.2167383	
    Magnitude of B_grad:	0.084	
    Magnitude of b:	8.7965103297015	

	
    Current index:	109501	
    Magnitude of W_grad:	31.848	
    Magnitude of W:	174254.83215706	
    Magnitude of B_grad:	0.064	
    Magnitude of b:	8.9688137711544	

	
    Current index:	119501	
    Magnitude of W_grad:	30.408	
    Magnitude of W:	174211.21991942	
    Magnitude of B_grad:	0.084	
    Magnitude of b:	8.910060286672	

	
    Current index:	129501	
    Magnitude of W_grad:	34.368	
    Magnitude of W:	174167.90246372	
    Magnitude of B_grad:	0.132	
    Magnitude of b:	8.9833979870509	

	
    Current index:	139501	
    Magnitude of W_grad:	38.532000000001	
    Magnitude of W:	174124.7016167	
    Magnitude of B_grad:	0.068	
    Magnitude of b:	8.9836792996196	

	
    Current index:	149501	
    Magnitude of W_grad:	33.051999999999	
    Magnitude of W:	174082.04907639	
    Magnitude of B_grad:	0.128	
    Magnitude of b:	9.077952810673	

	
SGD: Hinge Loss is	
924035.95300554	
SGD: Validation Accuracy is:	
0.31607629427793	
SGD: Magnitude of W:	
174052.73448781	
SGD: Magnitude of b:	
8.6043987305611	
    Current index:	9501	
    Magnitude of W_grad:	27.304	
    Magnitude of W:	174011.68922363	
    Magnitude of B_grad:	0.164	
    Magnitude of b:	8.4407838936805	

	
    Current index:	19501	
    Magnitude of W_grad:	26.316	
    Magnitude of W:	173968.40895862	
    Magnitude of B_grad:	0.2	
    Magnitude of b:	8.6832356912644	

	
    Current index:	29501	
    Magnitude of W_grad:	34.448000000001	
    Magnitude of W:	173926.00965634	
    Magnitude of B_grad:	0.108	
    Magnitude of b:	8.6015729676229	

	
    Current index:	39501	
    Magnitude of W_grad:	31.727999999999	
    Magnitude of W:	173883.48131392	
    Magnitude of B_grad:	0.32	
    Magnitude of b:	8.9698845643955	

	
    Current index:	49501	
    Magnitude of W_grad:	30.368	
    Magnitude of W:	173842.73289734	
    Magnitude of B_grad:	0.128	
    Magnitude of b:	8.8841765725634	

	
    Current index:	59501	
    Magnitude of W_grad:	26.996	
    Magnitude of W:	173801.20055512	
    Magnitude of B_grad:	0.116	
    Magnitude of b:	9.058470379089	

	
    Current index:	69501	
    Magnitude of W_grad:	30.996	
    Magnitude of W:	173758.95125723	
    Magnitude of B_grad:	0.084	
    Magnitude of b:	9.1847165566386	

	
    Current index:	79501	
    Magnitude of W_grad:	30.068	
    Magnitude of W:	173716.01296763	
    Magnitude of B_grad:	0.108	
    Magnitude of b:	9.1389652314042	

	
    Current index:	89501	
    Magnitude of W_grad:	42.252000000001	
    Magnitude of W:	173672.86284945	
    Magnitude of B_grad:	0.176	
    Magnitude of b:	8.6936243192381	

	
    Current index:	99501	
    Magnitude of W_grad:	31.707999999999	
    Magnitude of W:	173628.46366844	
    Magnitude of B_grad:	0.096	
    Magnitude of b:	8.6719625158534	

	
    Current index:	109501	
    Magnitude of W_grad:	31.812	
    Magnitude of W:	173585.49493277	
    Magnitude of B_grad:	0.064	
    Magnitude of b:	8.8402910826851	

	
    Current index:	119501	
    Magnitude of W_grad:	31.052	
    Magnitude of W:	173542.25802309	
    Magnitude of B_grad:	0.128	
    Magnitude of b:	8.7951715417782	

	
    Current index:	129501	
    Magnitude of W_grad:	34.72	
    Magnitude of W:	173499.61497268	
    Magnitude of B_grad:	0.156	
    Magnitude of b:	8.8449233733879	

	
    Current index:	139501	
    Magnitude of W_grad:	38.096000000001	
    Magnitude of W:	173456.93410217	
    Magnitude of B_grad:	0.068	
    Magnitude of b:	8.8872280564324	

	
    Current index:	149501	
    Magnitude of W_grad:	31.983999999999	
    Magnitude of W:	173414.70390729	
    Magnitude of B_grad:	0.128	
    Magnitude of b:	8.9755204000959	

	
Done.	
Testing on validation set...	
Done	
Datafile:	/n/home09/ankitgupta/CS287/HW1/SST1-uni-syns.hdf5	Classifier:	hinge	Alpha:	0	Eta:	0.5	Lambda:	3	Minibatch size:	500	Num Epochs:	15	Minimum Sentence Length:	0	
Accuracy:	0.31516802906449	
