[?1034hDatafile:	/n/home09/ankitgupta/CS287/HW1/SST1-uni.hdf5	Classifier:	hinge	Alpha:	0	Eta:	0.5	Lambda:	1	Minibatch size:	500	Num Epochs:	50	Minimum Sentence Length:	5	
Note that not all parameters may apply to all classifiers	
Loading datafiles...	
Number of training samples before removing small sentences	156817	
Number of training samples after removing small sentences	79635	
Done.	
Training classifier...	
Parameters are:	
Eta:	
0.5	
Lambda:	
1	
Minibatch size:	
500	
Number of Epochs	
50	
SGD: Hinge Loss is	
473679.28453524	
SGD: Validation Accuracy is:	
0.18437783832879	
SGD: Magnitude of W:	
61209.852599554	
SGD: Magnitude of b:	
2.2508531420241	
    Current index:	9501	
    Magnitude of W_grad:	11.216	
    Magnitude of W:	61178.262862822	
    Magnitude of B_grad:	0.316	
    Magnitude of b:	3.826301876641	

	
    Current index:	19501	
    Magnitude of W_grad:	10.64	
    Magnitude of W:	61146.7982691	
    Magnitude of B_grad:	0.184	
    Magnitude of b:	4.5657775141578	

	
    Current index:	29501	
    Magnitude of W_grad:	10.268	
    Magnitude of W:	61116.083031854	
    Magnitude of B_grad:	0.232	
    Magnitude of b:	5.2651633378419	

	
    Current index:	39501	
    Magnitude of W_grad:	15.744	
    Magnitude of W:	61085.157292371	
    Magnitude of B_grad:	0.916	
    Magnitude of b:	5.5044668054271	

	
    Current index:	49501	
    Magnitude of W_grad:	10.748	
    Magnitude of W:	61050.264434736	
    Magnitude of B_grad:	0.288	
    Magnitude of b:	5.2537515449475	

	
    Current index:	59501	
    Magnitude of W_grad:	11.016	
    Magnitude of W:	61020.479762653	
    Magnitude of B_grad:	0.16	
    Magnitude of b:	5.4430857902507	

	
    Current index:	69501	
    Magnitude of W_grad:	10.32	
    Magnitude of W:	60991.744607903	
    Magnitude of B_grad:	0.216	
    Magnitude of b:	5.7843758321605	

	
    Current index:	79501	
    Magnitude of W_grad:	14.385185185185	
    Magnitude of W:	60961.80601614	
    Magnitude of B_grad:	0.81481481481481	
    Magnitude of b:	5.843179454345	

	
SGD: Hinge Loss is	
367436.85127353	
SGD: Validation Accuracy is:	
0.21980018165304	
SGD: Magnitude of W:	
60961.80601614	
SGD: Magnitude of b:	
5.843179454345	
    Current index:	9501	
    Magnitude of W_grad:	10.444	
    Magnitude of W:	60933.950624481	
    Magnitude of B_grad:	0.144	
    Magnitude of b:	5.7744573304038	

	
    Current index:	19501	
    Magnitude of W_grad:	10.452	
    Magnitude of W:	60906.307841579	
    Magnitude of B_grad:	0.192	
    Magnitude of b:	6.0287309639744	

	
    Current index:	29501	
    Magnitude of W_grad:	10.164	
    Magnitude of W:	60879.46290798	
    Magnitude of B_grad:	0.208	
    Magnitude of b:	6.351957325939	

	
    Current index:	39501	
    Magnitude of W_grad:	15.424	
    Magnitude of W:	60852.320159401	
    Magnitude of B_grad:	0.876	
    Magnitude of b:	6.3702041871995	

	
    Current index:	49501	
    Magnitude of W_grad:	10.036	
    Magnitude of W:	60823.338963385	
    Magnitude of B_grad:	0.164	
    Magnitude of b:	6.1694246268013	

	
    Current index:	59501	
    Magnitude of W_grad:	10.768	
    Magnitude of W:	60797.755520902	
    Magnitude of B_grad:	0.136	
    Magnitude of b:	6.2426480892102	

	
    Current index:	69501	
    Magnitude of W_grad:	9.852	
    Magnitude of W:	60771.656815358	
    Magnitude of B_grad:	0.148	
    Magnitude of b:	6.4538435852002	

	
    Current index:	79501	
    Magnitude of W_grad:	14.444444444444	
    Magnitude of W:	60743.847777538	
    Magnitude of B_grad:	0.8	
    Magnitude of b:	6.3397580997793	

	
SGD: Hinge Loss is	
347264.55683719	
SGD: Validation Accuracy is:	
0.22797456857402	
SGD: Magnitude of W:	
60743.847777538	
SGD: Magnitude of b:	
6.3397580997793	
    Current index:	9501	
    Magnitude of W_grad:	9.7919999999999	
    Magnitude of W:	60717.353890672	
    Magnitude of B_grad:	0.092	
    Magnitude of b:	6.1789784445131	

	
    Current index:	19501	
    Magnitude of W_grad:	9.4159999999999	
    Magnitude of W:	60691.443578764	
    Magnitude of B_grad:	0.128	
    Magnitude of b:	6.1662040224564	

	
    Current index:	29501	
    Magnitude of W_grad:	9.9119999999999	
    Magnitude of W:	60666.04252741	
    Magnitude of B_grad:	0.192	
    Magnitude of b:	6.4266092780302	

	
    Current index:	39501	
    Magnitude of W_grad:	14.832	
    Magnitude of W:	60639.999856	
    Magnitude of B_grad:	0.828	
    Magnitude of b:	6.5846064121119	

	
    Current index:	49501	
    Magnitude of W_grad:	9.6479999999999	
    Magnitude of W:	60613.040093711	
    Magnitude of B_grad:	0.168	
    Magnitude of b:	6.3078050156598	

	
    Current index:	59501	
    Magnitude of W_grad:	10.328	
    Magnitude of W:	60589.017517241	
    Magnitude of B_grad:	0.088	
    Magnitude of b:	6.3570127974315	

	
    Current index:	69501	
    Magnitude of W_grad:	9.3439999999999	
    Magnitude of W:	60564.019923931	
    Magnitude of B_grad:	0.128	
    Magnitude of b:	6.5221962059804	

	
    Current index:	79501	
    Magnitude of W_grad:	14.444444444444	
    Magnitude of W:	60537.668257845	
    Magnitude of B_grad:	0.8	
    Magnitude of b:	6.344104799911	

	
SGD: Hinge Loss is	
332179.5245813	
SGD: Validation Accuracy is:	
0.236148955495	
SGD: Magnitude of W:	
60537.668257845	
SGD: Magnitude of b:	
6.344104799911	
    Current index:	9501	
    Magnitude of W_grad:	9.9159999999999	
    Magnitude of W:	60512.193635911	
    Magnitude of B_grad:	0.104	
    Magnitude of b:	6.1893260177321	

	
    Current index:	19501	
    Magnitude of W_grad:	9.1839999999999	
    Magnitude of W:	60487.619267756	
    Magnitude of B_grad:	0.144	
    Magnitude of b:	6.2085493294583	

	
    Current index:	29501	
    Magnitude of W_grad:	9.9039999999999	
    Magnitude of W:	60463.54803006	
    Magnitude of B_grad:	0.184	
    Magnitude of b:	6.3392428697298	

	
    Current index:	39501	
    Magnitude of W_grad:	14.416	
    Magnitude of W:	60439.090166731	
    Magnitude of B_grad:	0.804	
    Magnitude of b:	6.5849451662492	

	
    Current index:	49501	
    Magnitude of W_grad:	9.3319999999999	
    Magnitude of W:	60413.168908231	
    Magnitude of B_grad:	0.176	
    Magnitude of b:	6.3141446689957	

	
    Current index:	59501	
    Magnitude of W_grad:	10.22	
    Magnitude of W:	60390.214065783	
    Magnitude of B_grad:	0.076	
    Magnitude of b:	6.3473525965031	

	
    Current index:	69501	
    Magnitude of W_grad:	9.2359999999999	
    Magnitude of W:	60366.151821906	
    Magnitude of B_grad:	0.12	
    Magnitude of b:	6.5385360753711	

	
    Current index:	79501	
    Magnitude of W_grad:	13.866666666667	
    Magnitude of W:	60341.080187208	
    Magnitude of B_grad:	0.75555555555556	
    Magnitude of b:	6.2970386507284	

	
SGD: Hinge Loss is	
321319.59008059	
SGD: Validation Accuracy is:	
0.236148955495	
SGD: Magnitude of W:	
60341.080187208	
SGD: Magnitude of b:	
6.2970386507284	
    Current index:	9501	
    Magnitude of W_grad:	9.8999999999999	
    Magnitude of W:	60316.85154404	
    Magnitude of B_grad:	0.084	
    Magnitude of b:	6.1262652887046	

	
    Current index:	19501	
    Magnitude of W_grad:	8.8919999999999	
    Magnitude of W:	60292.916441022	
    Magnitude of B_grad:	0.136	
    Magnitude of b:	6.135497246965	

	
    Current index:	29501	
    Magnitude of W_grad:	9.7759999999999	
    Magnitude of W:	60269.727969886	
    Magnitude of B_grad:	0.172	
    Magnitude of b:	6.2927193567312	

	
    Current index:	39501	
    Magnitude of W_grad:	14.168	
    Magnitude of W:	60246.173829907	
    Magnitude of B_grad:	0.784	
    Magnitude of b:	6.5479036935223	

	
    Current index:	49501	
    Magnitude of W_grad:	9.1919999999999	
    Magnitude of W:	60221.481524525	
    Magnitude of B_grad:	0.196	
    Magnitude of b:	6.2771093541793	

	
    Current index:	59501	
    Magnitude of W_grad:	10.12	
    Magnitude of W:	60199.546947337	
    Magnitude of B_grad:	0.06	
    Magnitude of b:	6.3163212414275	

	
    Current index:	69501	
    Magnitude of W_grad:	9.1199999999999	
    Magnitude of W:	60176.451749435	
    Magnitude of B_grad:	0.132	
    Magnitude of b:	6.5135085665402	

	
    Current index:	79501	
    Magnitude of W_grad:	13.155555555556	
    Magnitude of W:	60152.264950812	
    Magnitude of B_grad:	0.74074074074074	
    Magnitude of b:	6.2366092000768	

	
SGD: Hinge Loss is	
312703.02148778	
SGD: Validation Accuracy is:	
0.23978201634877	
SGD: Magnitude of W:	
60152.264950812	
SGD: Magnitude of b:	
6.2366092000768	
    Current index:	9501	
    Magnitude of W_grad:	10.104	
    Magnitude of W:	60128.332764154	
    Magnitude of B_grad:	0.104	
    Magnitude of b:	6.0998411907764	

	
    Current index:	19501	
    Magnitude of W_grad:	8.8999999999999	
    Magnitude of W:	60105.105626627	
    Magnitude of B_grad:	0.152	
    Magnitude of b:	6.095077245489	

	
    Current index:	29501	
    Magnitude of W_grad:	9.7239999999999	
    Magnitude of W:	60082.737525838	
    Magnitude of B_grad:	0.16	
    Magnitude of b:	6.2443033130617	

	
    Current index:	39501	
    Magnitude of W_grad:	14.112	
    Magnitude of W:	60059.60660318	
    Magnitude of B_grad:	0.772	
    Magnitude of b:	6.5274905021734	

	
    Current index:	49501	
    Magnitude of W_grad:	8.9879999999999	
    Magnitude of W:	60035.968246822	
    Magnitude of B_grad:	0.188	
    Magnitude of b:	6.2307010866816	

	
    Current index:	59501	
    Magnitude of W_grad:	9.7239999999999	
    Magnitude of W:	60014.695647218	
    Magnitude of B_grad:	0.1	
    Magnitude of b:	6.3019186379563	

	
    Current index:	69501	
    Magnitude of W_grad:	9.1479999999999	
    Magnitude of W:	59992.153223655	
    Magnitude of B_grad:	0.124	
    Magnitude of b:	6.4711109232693	

	
    Current index:	79501	
    Magnitude of W_grad:	13.081481481481	
    Magnitude of W:	59968.816670198	
    Magnitude of B_grad:	0.72592592592593	
    Magnitude of b:	6.178809272171	

	
SGD: Hinge Loss is	
304795.7958266	
SGD: Validation Accuracy is:	
0.25249772933697	
SGD: Magnitude of W:	
59968.816670198	
SGD: Magnitude of b:	
6.178809272171	
    Current index:	9501	
    Magnitude of W_grad:	9.8599999999999	
    Magnitude of W:	59945.688725018	
    Magnitude of B_grad:	0.104	
    Magnitude of b:	6.0500477922506	

	
    Current index:	19501	
    Magnitude of W_grad:	9.0359999999999	
    Magnitude of W:	59923.478812039	
    Magnitude of B_grad:	0.168	
    Magnitude of b:	6.0492901620626	

	
    Current index:	29501	
    Magnitude of W_grad:	9.5359999999999	
    Magnitude of W:	59901.592980776	
    Magnitude of B_grad:	0.144	
    Magnitude of b:	6.2265211375802	

	
    Current index:	39501	
    Magnitude of W_grad:	13.912	
    Magnitude of W:	59879.131553872	
    Magnitude of B_grad:	0.768	
    Magnitude of b:	6.4817125435033	

	
    Current index:	49501	
    Magnitude of W_grad:	8.8719999999998	
    Magnitude of W:	59856.136503194	
    Magnitude of B_grad:	0.204	
    Magnitude of b:	6.1989286877889	

	
    Current index:	59501	
    Magnitude of W_grad:	9.5519999999999	
    Magnitude of W:	59835.377212547	
    Magnitude of B_grad:	0.076	
    Magnitude of b:	6.2481512331027	

	
    Current index:	69501	
    Magnitude of W_grad:	9.1359999999999	
    Magnitude of W:	59813.477402877	
    Magnitude of B_grad:	0.12	
    Magnitude of b:	6.4253505962037	

	
    Current index:	79501	
    Magnitude of W_grad:	12.859259259259	
    Magnitude of W:	59790.909532034	
    Magnitude of B_grad:	0.71111111111111	
    Magnitude of b:	6.1170551556056	

	
SGD: Hinge Loss is	
298175.31462726	
SGD: Validation Accuracy is:	
0.25794732061762	
SGD: Magnitude of W:	
59790.909532034	
SGD: Magnitude of b:	
6.1170551556056	
    Current index:	9501	
    Magnitude of W_grad:	9.7039999999999	
    Magnitude of W:	59768.840701743	
    Magnitude of B_grad:	0.108	
    Magnitude of b:	6.0103000862995	

	
    Current index:	19501	
    Magnitude of W_grad:	9.0479999999999	
    Magnitude of W:	59747.048791855	
    Magnitude of B_grad:	0.18	
    Magnitude of b:	6.0175472084795	

	
    Current index:	29501	
    Magnitude of W_grad:	9.5479999999999	
    Magnitude of W:	59725.78517487	
    Magnitude of B_grad:	0.144	
    Magnitude of b:	6.2107824209365	

	
    Current index:	39501	
    Magnitude of W_grad:	13.656	
    Magnitude of W:	59703.909192023	
    Magnitude of B_grad:	0.72	
    Magnitude of b:	6.4559769080869	

	
    Current index:	49501	
    Magnitude of W_grad:	8.7559999999999	
    Magnitude of W:	59681.359156595	
    Magnitude of B_grad:	0.212	
    Magnitude of b:	6.1831961959526	

	
    Current index:	59501	
    Magnitude of W_grad:	9.5319999999999	
    Magnitude of W:	59661.052071712	
    Magnitude of B_grad:	0.08	
    Magnitude of b:	6.2484207292638	

	
    Current index:	69501	
    Magnitude of W_grad:	8.9879999999999	
    Magnitude of W:	59639.631124803	
    Magnitude of B_grad:	0.132	
    Magnitude of b:	6.421620849586	

	
    Current index:	79501	
    Magnitude of W_grad:	12.8	
    Magnitude of W:	59617.803421022	
    Magnitude of B_grad:	0.71111111111111	
    Magnitude of b:	6.0933255885498	

	
SGD: Hinge Loss is	
291791.52147799	
SGD: Validation Accuracy is:	
0.26430517711172	
SGD: Magnitude of W:	
59617.803421022	
SGD: Magnitude of b:	
6.0933255885498	
    Current index:	9501	
    Magnitude of W_grad:	9.5599999999999	
    Magnitude of W:	59596.062307315	
    Magnitude of B_grad:	0.112	
    Magnitude of b:	5.99257308446	

	
    Current index:	19501	
    Magnitude of W_grad:	9.1279999999999	
    Magnitude of W:	59574.906834097	
    Magnitude of B_grad:	0.22	
    Magnitude of b:	6.0198228217582	

	
    Current index:	29501	
    Magnitude of W_grad:	9.4839999999999	
    Magnitude of W:	59554.168396061	
    Magnitude of B_grad:	0.14	
    Magnitude of b:	6.2190567062748	

	
    Current index:	39501	
    Magnitude of W_grad:	13.708	
    Magnitude of W:	59532.855586968	
    Magnitude of B_grad:	0.724	
    Magnitude of b:	6.4662503930236	

	
    Current index:	49501	
    Magnitude of W_grad:	8.5159999999999	
    Magnitude of W:	59510.794876266	
    Magnitude of B_grad:	0.216	
    Magnitude of b:	6.2014685540963	

	
    Current index:	59501	
    Magnitude of W_grad:	9.4359999999999	
    Magnitude of W:	59490.974525987	
    Magnitude of B_grad:	0.088	
    Magnitude of b:	6.2526904414625	

	
    Current index:	69501	
    Magnitude of W_grad:	8.9799999999999	
    Magnitude of W:	59470.091983072	
    Magnitude of B_grad:	0.128	
    Magnitude of b:	6.3998897870823	

	
    Current index:	79501	
    Magnitude of W_grad:	12.222222222222	
    Magnitude of W:	59448.873167893	
    Magnitude of B_grad:	0.74074074074074	
    Magnitude of b:	6.0553737014817	

	
SGD: Hinge Loss is	
285820.91587851	
SGD: Validation Accuracy is:	
0.26702997275204	
SGD: Magnitude of W:	
59448.873167893	
SGD: Magnitude of b:	
6.0553737014817	
    Current index:	9501	
    Magnitude of W_grad:	9.4679999999999	
    Magnitude of W:	59427.475606277	
    Magnitude of B_grad:	0.108	
    Magnitude of b:	5.9666245439186	

	
    Current index:	19501	
    Magnitude of W_grad:	9.0959999999999	
    Magnitude of W:	59406.794442506	
    Magnitude of B_grad:	0.212	
    Magnitude of b:	5.9798790964866	

	
    Current index:	29501	
    Magnitude of W_grad:	9.5359999999999	
    Magnitude of W:	59386.752346799	
    Magnitude of B_grad:	0.156	
    Magnitude of b:	6.1731184611426	

	
    Current index:	39501	
    Magnitude of W_grad:	13.472	
    Magnitude of W:	59365.74735663	
    Magnitude of B_grad:	0.696	
    Magnitude of b:	6.4243167609371	

	
    Current index:	49501	
    Magnitude of W_grad:	8.5559999999999	
    Magnitude of W:	59344.188620182	
    Magnitude of B_grad:	0.224	
    Magnitude of b:	6.1715396097941	

	
    Current index:	59501	
    Magnitude of W_grad:	9.5479999999999	
    Magnitude of W:	59324.887597445	
    Magnitude of B_grad:	0.096	
    Magnitude of b:	6.2307644767046	

	
    Current index:	69501	
    Magnitude of W_grad:	8.6119999999998	
    Magnitude of W:	59304.320956681	
    Magnitude of B_grad:	0.112	
    Magnitude of b:	6.3919658848492	

	
    Current index:	79501	
    Magnitude of W_grad:	11.333333333333	
    Magnitude of W:	59283.3890376	
    Magnitude of B_grad:	0.74074074074074	
    Magnitude of b:	6.0570813530693	

	
SGD: Hinge Loss is	
280304.97013903	
SGD: Validation Accuracy is:	
0.2724795640327	
SGD: Magnitude of W:	
59283.3890376	
SGD: Magnitude of b:	
6.0570813530693	
    Current index:	9501	
    Magnitude of W_grad:	9.4519999999999	
    Magnitude of W:	59262.618524136	
    Magnitude of B_grad:	0.104	
    Magnitude of b:	5.9363350700272	

	
    Current index:	19501	
    Magnitude of W_grad:	9.0999999999999	
    Magnitude of W:	59242.361263315	
    Magnitude of B_grad:	0.228	
    Magnitude of b:	5.9275951712964	

	
    Current index:	29501	
    Magnitude of W_grad:	9.6119999999999	
    Magnitude of W:	59222.702488342	
    Magnitude of B_grad:	0.164	
    Magnitude of b:	6.1628381752821	

	
    Current index:	39501	
    Magnitude of W_grad:	13.416	
    Magnitude of W:	59202.273398368	
    Magnitude of B_grad:	0.7	
    Magnitude of b:	6.398038745355	

	
    Current index:	49501	
    Magnitude of W_grad:	8.4559999999998	
    Magnitude of W:	59181.183757506	
    Magnitude of B_grad:	0.228	
    Magnitude of b:	6.1612643413065	

	
    Current index:	59501	
    Magnitude of W_grad:	9.4959999999999	
    Magnitude of W:	59162.265680716	
    Magnitude of B_grad:	0.096	
    Magnitude of b:	6.2044919675915	

	
    Current index:	69501	
    Magnitude of W_grad:	8.6719999999999	
    Magnitude of W:	59142.013609853	
    Magnitude of B_grad:	0.128	
    Magnitude of b:	6.359698080994	

	
    Current index:	79501	
    Magnitude of W_grad:	11.748148148148	
    Magnitude of W:	59121.845667444	
    Magnitude of B_grad:	0.77037037037037	
    Magnitude of b:	5.9977798858306	

	
SGD: Hinge Loss is	
275819.36486652	
SGD: Validation Accuracy is:	
0.2724795640327	
SGD: Magnitude of W:	
59121.845667444	
SGD: Magnitude of b:	
5.9977798858306	
    Current index:	9501	
    Magnitude of W_grad:	9.3679999999999	
    Magnitude of W:	59101.485424993	
    Magnitude of B_grad:	0.12	
    Magnitude of b:	5.9070383995485	

	
    Current index:	19501	
    Magnitude of W_grad:	8.9079999999999	
    Magnitude of W:	59081.679052451	
    Magnitude of B_grad:	0.2	
    Magnitude of b:	5.8943026315	

	
    Current index:	29501	
    Magnitude of W_grad:	9.3319999999999	
    Magnitude of W:	59062.299798836	
    Magnitude of B_grad:	0.152	
    Magnitude of b:	6.1475495647329	

	
    Current index:	39501	
    Magnitude of W_grad:	13.308	
    Magnitude of W:	59042.229744817	
    Magnitude of B_grad:	0.68	
    Magnitude of b:	6.3667528707273	

	
    Current index:	49501	
    Magnitude of W_grad:	8.3959999999998	
    Magnitude of W:	59021.51112637	
    Magnitude of B_grad:	0.228	
    Magnitude of b:	6.1199819932904	

	
    Current index:	59501	
    Magnitude of W_grad:	9.4359999999999	
    Magnitude of W:	59002.986282247	
    Magnitude of B_grad:	0.108	
    Magnitude of b:	6.1592161216685	

	
    Current index:	69501	
    Magnitude of W_grad:	8.2599999999998	
    Magnitude of W:	58983.180868657	
    Magnitude of B_grad:	0.1	
    Magnitude of b:	6.3184275308797	

	
    Current index:	79501	
    Magnitude of W_grad:	11.407407407407	
    Magnitude of W:	58963.354915314	
    Magnitude of B_grad:	0.74074074074074	
    Magnitude of b:	6.0141429043603	

	
SGD: Hinge Loss is	
271041.82714277	
SGD: Validation Accuracy is:	
0.27611262488647	
SGD: Magnitude of W:	
58963.354915314	
SGD: Magnitude of b:	
6.0141429043603	
    Current index:	9501	
    Magnitude of W_grad:	9.1519999999999	
    Magnitude of W:	58943.369006556	
    Magnitude of B_grad:	0.092	
    Magnitude of b:	5.8774036829459	

	
    Current index:	19501	
    Magnitude of W_grad:	8.8639999999999	
    Magnitude of W:	58923.986769757	
    Magnitude of B_grad:	0.2	
    Magnitude of b:	5.8526715732419	

	
    Current index:	29501	
    Magnitude of W_grad:	9.2439999999999	
    Magnitude of W:	58904.896789215	
    Magnitude of B_grad:	0.148	
    Magnitude of b:	6.1099230307335	

	
    Current index:	39501	
    Magnitude of W_grad:	13.048	
    Magnitude of W:	58885.257051483	
    Magnitude of B_grad:	0.652	
    Magnitude of b:	6.3411310864147	

	
    Current index:	49501	
    Magnitude of W_grad:	8.5759999999998	
    Magnitude of W:	58864.937352963	
    Magnitude of B_grad:	0.228	
    Magnitude of b:	6.0903642172611	

	
    Current index:	59501	
    Magnitude of W_grad:	9.3479999999999	
    Magnitude of W:	58846.725868051	
    Magnitude of B_grad:	0.1	
    Magnitude of b:	6.1356012986552	

	
    Current index:	69501	
    Magnitude of W_grad:	8.4279999999998	
    Magnitude of W:	58827.208506947	
    Magnitude of B_grad:	0.128	
    Magnitude of b:	6.2988153716974	

	
    Current index:	79501	
    Magnitude of W_grad:	11.303703703704	
    Magnitude of W:	58807.916318773	
    Magnitude of B_grad:	0.77037037037037	
    Magnitude of b:	5.9837184934232	

	
SGD: Hinge Loss is	
266529.34767468	
SGD: Validation Accuracy is:	
0.27792915531335	
SGD: Magnitude of W:	
58807.916318773	
SGD: Magnitude of b:	
5.9837184934232	
    Current index:	9501	
    Magnitude of W_grad:	9.1839999999999	
    Magnitude of W:	58788.097954508	
    Magnitude of B_grad:	0.092	
    Magnitude of b:	5.8629818993756	

	
    Current index:	19501	
    Magnitude of W_grad:	8.8879999999999	
    Magnitude of W:	58769.132210812	
    Magnitude of B_grad:	0.208	
    Magnitude of b:	5.8542507843504	

	
    Current index:	29501	
    Magnitude of W_grad:	9.2079999999999	
    Magnitude of W:	58750.255569085	
    Magnitude of B_grad:	0.14	
    Magnitude of b:	6.0935025583984	

	
    Current index:	39501	
    Magnitude of W_grad:	12.98	
    Magnitude of W:	58730.994064538	
    Magnitude of B_grad:	0.636	
    Magnitude of b:	6.3207124624606	

	
    Current index:	49501	
    Magnitude of W_grad:	8.4559999999998	
    Magnitude of W:	58711.067125641	
    Magnitude of B_grad:	0.228	
    Magnitude of b:	6.0639483078532	

	
    Current index:	59501	
    Magnitude of W_grad:	9.2759999999999	
    Magnitude of W:	58693.253041879	
    Magnitude of B_grad:	0.116	
    Magnitude of b:	6.1151881913257	

	
    Current index:	69501	
    Magnitude of W_grad:	8.3519999999998	
    Magnitude of W:	58674.072768455	
    Magnitude of B_grad:	0.116	
    Magnitude of b:	6.2664049907893	

	
    Current index:	79501	
    Magnitude of W_grad:	11.007407407407	
    Magnitude of W:	58655.120969602	
    Magnitude of B_grad:	0.74074074074074	
    Magnitude of b:	5.976941372298	

	
SGD: Hinge Loss is	
262642.68433298	
SGD: Validation Accuracy is:	
0.28247048138056	
SGD: Magnitude of W:	
58655.120969602	
SGD: Magnitude of b:	
5.976941372298	
    Current index:	9501	
    Magnitude of W_grad:	9.2239999999999	
    Magnitude of W:	58635.564300048	
    Magnitude of B_grad:	0.1	
    Magnitude of b:	5.8402081405524	

	
    Current index:	19501	
    Magnitude of W_grad:	8.6519999999999	
    Magnitude of W:	58617.120561313	
    Magnitude of B_grad:	0.192	
    Magnitude of b:	5.813481027785	

	
    Current index:	29501	
    Magnitude of W_grad:	9.1399999999999	
    Magnitude of W:	58598.617301147	
    Magnitude of B_grad:	0.148	
    Magnitude of b:	6.0547367282358	

	
    Current index:	39501	
    Magnitude of W_grad:	13.028	
    Magnitude of W:	58579.677503311	
    Magnitude of B_grad:	0.64	
    Magnitude of b:	6.2759521654603	

	
    Current index:	49501	
    Magnitude of W_grad:	8.4839999999998	
    Magnitude of W:	58559.967051541	
    Magnitude of B_grad:	0.248	
    Magnitude of b:	6.0231930912592	

	
    Current index:	59501	
    Magnitude of W_grad:	9.1239999999999	
    Magnitude of W:	58542.733883352	
    Magnitude of B_grad:	0.112	
    Magnitude of b:	6.0724375145891	

	
    Current index:	69501	
    Magnitude of W_grad:	8.0559999999998	
    Magnitude of W:	58523.858839335	
    Magnitude of B_grad:	0.084	
    Magnitude of b:	6.2276590667814	

	
    Current index:	79501	
    Magnitude of W_grad:	11.214814814815	
    Magnitude of W:	58505.328702349	
    Magnitude of B_grad:	0.74074074074074	
    Magnitude of b:	5.9199774006001	

	
SGD: Hinge Loss is	
258815.7826233	
SGD: Validation Accuracy is:	
0.27974568574024	
SGD: Magnitude of W:	
58505.328702349	
SGD: Magnitude of b:	
5.9199774006001	
    Current index:	9501	
    Magnitude of W_grad:	9.0639999999999	
    Magnitude of W:	58485.877777924	
    Magnitude of B_grad:	0.108	
    Magnitude of b:	5.8172477680088	

	
    Current index:	19501	
    Magnitude of W_grad:	8.5679999999999	
    Magnitude of W:	58467.754932921	
    Magnitude of B_grad:	0.176	
    Magnitude of b:	5.8045223453549	

	
    Current index:	29501	
    Magnitude of W_grad:	9.1199999999999	
    Magnitude of W:	58449.574557084	
    Magnitude of B_grad:	0.148	
    Magnitude of b:	6.0237811170015	

	
    Current index:	39501	
    Magnitude of W_grad:	12.964	
    Magnitude of W:	58431.026776604	
    Magnitude of B_grad:	0.628	
    Magnitude of b:	6.2250014457197	

	
    Current index:	49501	
    Magnitude of W_grad:	8.5679999999998	
    Magnitude of W:	58411.828898568	
    Magnitude of B_grad:	0.256	
    Magnitude of b:	6.0022466219451	

	
    Current index:	59501	
    Magnitude of W_grad:	8.9959999999999	
    Magnitude of W:	58394.842170945	
    Magnitude of B_grad:	0.12	
    Magnitude of b:	6.047493851223	

	
    Current index:	69501	
    Magnitude of W_grad:	8.0559999999998	
    Magnitude of W:	58376.323245794	
    Magnitude of B_grad:	0.104	
    Magnitude of b:	6.2047196153511	

	
    Current index:	79501	
    Magnitude of W_grad:	10.711111111111	
    Magnitude of W:	58357.853713917	
    Magnitude of B_grad:	0.71111111111111	
    Magnitude of b:	5.9126724682592	

	
SGD: Hinge Loss is	
255409.83603775	
SGD: Validation Accuracy is:	
0.28156221616712	
SGD: Magnitude of W:	
58357.853713917	
SGD: Magnitude of b:	
5.9126724682592	
    Current index:	9501	
    Magnitude of W_grad:	9.1359999999999	
    Magnitude of W:	58338.825435879	
    Magnitude of B_grad:	0.12	
    Magnitude of b:	5.7819480347208	

	
    Current index:	19501	
    Magnitude of W_grad:	8.4079999999999	
    Magnitude of W:	58321.18061919	
    Magnitude of B_grad:	0.156	
    Magnitude of b:	5.7592278481092	

	
    Current index:	29501	
    Magnitude of W_grad:	9.1239999999999	
    Magnitude of W:	58303.350753626	
    Magnitude of B_grad:	0.144	
    Magnitude of b:	5.9824922694998	

	
    Current index:	39501	
    Magnitude of W_grad:	12.92	
    Magnitude of W:	58285.277676948	
    Magnitude of B_grad:	0.628	
    Magnitude of b:	6.1837179584548	

	
    Current index:	49501	
    Magnitude of W_grad:	8.4119999999998	
    Magnitude of W:	58266.130788906	
    Magnitude of B_grad:	0.248	
    Magnitude of b:	5.9749682807804	

	
    Current index:	59501	
    Magnitude of W_grad:	8.9399999999999	
    Magnitude of W:	58249.463766351	
    Magnitude of B_grad:	0.104	
    Magnitude of b:	6.0262181944486	

	
    Current index:	69501	
    Magnitude of W_grad:	8.0359999999998	
    Magnitude of W:	58231.32142468	
    Magnitude of B_grad:	0.132	
    Magnitude of b:	6.1874470067366	

	
    Current index:	79501	
    Magnitude of W_grad:	10.548148148148	
    Magnitude of W:	58213.261954989	
    Magnitude of B_grad:	0.72592592592593	
    Magnitude of b:	5.8685877661748	

	
SGD: Hinge Loss is	
252008.71091204	
SGD: Validation Accuracy is:	
0.28792007266122	
SGD: Magnitude of W:	
58213.261954989	
SGD: Magnitude of b:	
5.8685877661748	
    Current index:	9501	
    Magnitude of W_grad:	9.2799999999999	
    Magnitude of W:	58194.588400812	
    Magnitude of B_grad:	0.128	
    Magnitude of b:	5.7698660303528	

	
    Current index:	19501	
    Magnitude of W_grad:	8.5119999999999	
    Magnitude of W:	58177.264089992	
    Magnitude of B_grad:	0.168	
    Magnitude of b:	5.7251492192133	

	
    Current index:	29501	
    Magnitude of W_grad:	9.0679999999999	
    Magnitude of W:	58159.644206767	
    Magnitude of B_grad:	0.152	
    Magnitude of b:	5.9584176685529	

	
    Current index:	39501	
    Magnitude of W_grad:	12.708	
    Magnitude of W:	58141.802397038	
    Magnitude of B_grad:	0.62	
    Magnitude of b:	6.143647384989	

	
    Current index:	49501	
    Magnitude of W_grad:	8.1919999999998	
    Magnitude of W:	58122.885130012	
    Magnitude of B_grad:	0.24	
    Magnitude of b:	5.9449016463639	

	
    Current index:	59501	
    Magnitude of W_grad:	8.9399999999999	
    Magnitude of W:	58106.53104841	
    Magnitude of B_grad:	0.124	
    Magnitude of b:	6.0081555362678	

	
    Current index:	69501	
    Magnitude of W_grad:	7.7999999999998	
    Magnitude of W:	58088.652787008	
    Magnitude of B_grad:	0.12	
    Magnitude of b:	6.149387445347	

	
    Current index:	79501	
    Magnitude of W_grad:	9.9259259259259	
    Magnitude of W:	58070.938977227	
    Magnitude of B_grad:	0.6962962962963	
    Magnitude of b:	5.8499385829955	

	
SGD: Hinge Loss is	
248977.85128698	
SGD: Validation Accuracy is:	
0.28792007266122	
SGD: Magnitude of W:	
58070.938977227	
SGD: Magnitude of b:	
5.8499385829955	
    Current index:	9501	
    Magnitude of W_grad:	9.2799999999999	
    Magnitude of W:	58052.569300929	
    Magnitude of B_grad:	0.132	
    Magnitude of b:	5.7532189000503	

	
    Current index:	19501	
    Magnitude of W_grad:	8.2199999999999	
    Magnitude of W:	58035.516229704	
    Magnitude of B_grad:	0.152	
    Magnitude of b:	5.7085044931274	

	
    Current index:	29501	
    Magnitude of W_grad:	8.8239999999999	
    Magnitude of W:	58018.175632009	
    Magnitude of B_grad:	0.14	
    Magnitude of b:	5.9377745302182	

	
    Current index:	39501	
    Magnitude of W_grad:	12.688	
    Magnitude of W:	58000.524457907	
    Magnitude of B_grad:	0.608	
    Magnitude of b:	6.1210065248089	

	
    Current index:	49501	
    Magnitude of W_grad:	8.0679999999998	
    Magnitude of W:	57981.923074634	
    Magnitude of B_grad:	0.232	
    Magnitude of b:	5.9202640309069	

	
    Current index:	59501	
    Magnitude of W_grad:	8.8279999999999	
    Magnitude of W:	57965.811298769	
    Magnitude of B_grad:	0.124	
    Magnitude of b:	5.9975206377413	

	
    Current index:	69501	
    Magnitude of W_grad:	7.6279999999998	
    Magnitude of W:	57948.17096196	
    Magnitude of B_grad:	0.108	
    Magnitude of b:	6.1287536812903	

	
    Current index:	79501	
    Magnitude of W_grad:	9.8222222222222	
    Magnitude of W:	57930.693447209	
    Magnitude of B_grad:	0.65185185185185	
    Magnitude of b:	5.8595279243381	

	
SGD: Hinge Loss is	
245874.97280898	
SGD: Validation Accuracy is:	
0.29246139872843	
SGD: Magnitude of W:	
57930.693447209	
SGD: Magnitude of b:	
5.8595279243381	
    Current index:	9501	
    Magnitude of W_grad:	9.3159999999999	
    Magnitude of W:	57912.777364458	
    Magnitude of B_grad:	0.132	
    Magnitude of b:	5.7388089961392	

	
    Current index:	19501	
    Magnitude of W_grad:	8.3039999999999	
    Magnitude of W:	57895.985414173	
    Magnitude of B_grad:	0.148	
    Magnitude of b:	5.7080954568389	

	
    Current index:	29501	
    Magnitude of W_grad:	8.6199999999999	
    Magnitude of W:	57879.027809363	
    Magnitude of B_grad:	0.144	
    Magnitude of b:	5.9393664744671	

	
    Current index:	39501	
    Magnitude of W_grad:	12.632	
    Magnitude of W:	57861.425871441	
    Magnitude of B_grad:	0.608	
    Magnitude of b:	6.1166000145319	

	
    Current index:	49501	
    Magnitude of W_grad:	7.9599999999998	
    Magnitude of W:	57843.167315814	
    Magnitude of B_grad:	0.228	
    Magnitude of b:	5.9078585636441	

	
    Current index:	59501	
    Magnitude of W_grad:	8.7999999999999	
    Magnitude of W:	57827.436049847	
    Magnitude of B_grad:	0.124	
    Magnitude of b:	5.9831169918727	

	
    Current index:	69501	
    Magnitude of W_grad:	7.5239999999998	
    Magnitude of W:	57810.118601078	
    Magnitude of B_grad:	0.096	
    Magnitude of b:	6.1083517561334	

	
    Current index:	79501	
    Magnitude of W_grad:	9.6148148148148	
    Magnitude of W:	57792.759983495	
    Magnitude of B_grad:	0.66666666666667	
    Magnitude of b:	5.8263131810947	

	
SGD: Hinge Loss is	
243401.27639944	
SGD: Validation Accuracy is:	
0.29427792915531	
SGD: Magnitude of W:	
57792.759983495	
SGD: Magnitude of b:	
5.8263131810947	
    Current index:	9501	
    Magnitude of W_grad:	9.2079999999999	
    Magnitude of W:	57775.010143066	
    Magnitude of B_grad:	0.112	
    Magnitude of b:	5.7155969543927	

	
    Current index:	19501	
    Magnitude of W_grad:	8.1399999999999	
    Magnitude of W:	57758.381067345	
    Magnitude of B_grad:	0.14	
    Magnitude of b:	5.6828874974926	

	
    Current index:	29501	
    Magnitude of W_grad:	8.5159999999999	
    Magnitude of W:	57741.644004064	
    Magnitude of B_grad:	0.144	
    Magnitude of b:	5.8941621575369	

	
    Current index:	39501	
    Magnitude of W_grad:	12.292	
    Magnitude of W:	57724.189823023	
    Magnitude of B_grad:	0.592	
    Magnitude of b:	6.0834005826241	

	
    Current index:	49501	
    Magnitude of W_grad:	8.0039999999998	
    Magnitude of W:	57706.296180579	
    Magnitude of B_grad:	0.224	
    Magnitude of b:	5.8626637775991	

	
    Current index:	59501	
    Magnitude of W_grad:	8.7039999999999	
    Magnitude of W:	57690.728831354	
    Magnitude of B_grad:	0.124	
    Magnitude of b:	5.9419272403595	

	
    Current index:	69501	
    Magnitude of W_grad:	7.6359999999998	
    Magnitude of W:	57673.572710255	
    Magnitude of B_grad:	0.12	
    Magnitude of b:	6.071167553317	

	
    Current index:	79501	
    Magnitude of W_grad:	9.762962962963	
    Magnitude of W:	57656.357460917	
    Magnitude of B_grad:	0.66666666666667	
    Magnitude of b:	5.8005411802877	

	
SGD: Hinge Loss is	
240544.198314	
SGD: Validation Accuracy is:	
0.2960944595822	
SGD: Magnitude of W:	
57656.357460917	
SGD: Magnitude of b:	
5.8005411802877	
    Current index:	9501	
    Magnitude of W_grad:	8.9919999999999	
    Magnitude of W:	57638.861450129	
    Magnitude of B_grad:	0.108	
    Magnitude of b:	5.6858295959954	

	
    Current index:	19501	
    Magnitude of W_grad:	8.0479999999999	
    Magnitude of W:	57622.323029166	
    Magnitude of B_grad:	0.14	
    Magnitude of b:	5.6511240023947	

	
    Current index:	29501	
    Magnitude of W_grad:	8.4959999999999	
    Magnitude of W:	57605.774962402	
    Magnitude of B_grad:	0.14	
    Magnitude of b:	5.8704020857758	

	
    Current index:	39501	
    Magnitude of W_grad:	12.32	
    Magnitude of W:	57588.592744145	
    Magnitude of B_grad:	0.6	
    Magnitude of b:	6.0296456164083	

	
    Current index:	49501	
    Magnitude of W_grad:	8.0559999999998	
    Magnitude of W:	57570.894857592	
    Magnitude of B_grad:	0.228	
    Magnitude of b:	5.8229153476807	

	
    Current index:	59501	
    Magnitude of W_grad:	8.8119999999999	
    Magnitude of W:	57555.549050386	
    Magnitude of B_grad:	0.152	
    Magnitude of b:	5.908183274116	

	
    Current index:	69501	
    Magnitude of W_grad:	7.3919999999998	
    Magnitude of W:	57538.729807715	
    Magnitude of B_grad:	0.1	
    Magnitude of b:	6.0114304735832	

	
    Current index:	79501	
    Magnitude of W_grad:	9.5407407407407	
    Magnitude of W:	57521.79515401	
    Magnitude of B_grad:	0.65185185185185	
    Magnitude of b:	5.7662177280972	

	
SGD: Hinge Loss is	
237630.93667432	
SGD: Validation Accuracy is:	
0.29700272479564	
SGD: Magnitude of W:	
57521.79515401	
SGD: Magnitude of b:	
5.7662177280972	
    Current index:	9501	
    Magnitude of W_grad:	8.7159999999999	
    Magnitude of W:	57504.459491176	
    Magnitude of B_grad:	0.096	
    Magnitude of b:	5.6215120232444	

	
    Current index:	19501	
    Magnitude of W_grad:	7.9999999999998	
    Magnitude of W:	57488.164507504	
    Magnitude of B_grad:	0.152	
    Magnitude of b:	5.6268112535291	

	
    Current index:	29501	
    Magnitude of W_grad:	8.3879999999999	
    Magnitude of W:	57471.885083948	
    Magnitude of B_grad:	0.136	
    Magnitude of b:	5.8400937333016	

	
    Current index:	39501	
    Magnitude of W_grad:	11.768	
    Magnitude of W:	57454.972594197	
    Magnitude of B_grad:	0.568	
    Magnitude of b:	6.0013414211821	

	
    Current index:	49501	
    Magnitude of W_grad:	7.9119999999998	
    Magnitude of W:	57437.459238338	
    Magnitude of B_grad:	0.22	
    Magnitude of b:	5.7906155352327	

	
    Current index:	59501	
    Magnitude of W_grad:	8.6799999999999	
    Magnitude of W:	57422.355176212	
    Magnitude of B_grad:	0.148	
    Magnitude of b:	5.877886663552	

	
    Current index:	69501	
    Magnitude of W_grad:	7.4479999999998	
    Magnitude of W:	57405.738207343	
    Magnitude of B_grad:	0.096	
    Magnitude of b:	5.9771374663194	

	
    Current index:	79501	
    Magnitude of W_grad:	9.2444444444444	
    Magnitude of W:	57389.184822438	
    Magnitude of B_grad:	0.59259259259259	
    Magnitude of b:	5.7721502947426	

	
SGD: Hinge Loss is	
235377.48732473	
SGD: Validation Accuracy is:	
0.29791099000908	
SGD: Magnitude of W:	
57389.184822438	
SGD: Magnitude of b:	
5.7721502947426	
    Current index:	9501	
    Magnitude of W_grad:	8.7679999999999	
    Magnitude of W:	57372.076791755	
    Magnitude of B_grad:	0.12	
    Magnitude of b:	5.6314449248107	

	
    Current index:	19501	
    Magnitude of W_grad:	7.8199999999998	
    Magnitude of W:	57356.006307176	
    Magnitude of B_grad:	0.152	
    Magnitude of b:	5.6227455196482	

	
    Current index:	29501	
    Magnitude of W_grad:	8.3159999999999	
    Magnitude of W:	57339.851065954	
    Magnitude of B_grad:	0.152	
    Magnitude of b:	5.8320295144616	

	
    Current index:	39501	
    Magnitude of W_grad:	11.636	
    Magnitude of W:	57323.117589965	
    Magnitude of B_grad:	0.556	
    Magnitude of b:	5.9912785665173	

	
    Current index:	49501	
    Magnitude of W_grad:	7.9559999999998	
    Magnitude of W:	57305.819330498	
    Magnitude of B_grad:	0.228	
    Magnitude of b:	5.7565554007015	

	
    Current index:	59501	
    Magnitude of W_grad:	8.5519999999998	
    Magnitude of W:	57290.822377484	
    Magnitude of B_grad:	0.148	
    Magnitude of b:	5.8438303537513	

	
    Current index:	69501	
    Magnitude of W_grad:	7.4199999999998	
    Magnitude of W:	57274.353891564	
    Magnitude of B_grad:	0.104	
    Magnitude of b:	5.9490854453704	

	
    Current index:	79501	
    Magnitude of W_grad:	9.3481481481481	
    Magnitude of W:	57258.068574031	
    Magnitude of B_grad:	0.60740740740741	
    Magnitude of b:	5.7286955062955	

	
SGD: Hinge Loss is	
232757.31553127	
SGD: Validation Accuracy is:	
0.29972752043597	
SGD: Magnitude of W:	
57258.068574031	
SGD: Magnitude of b:	
5.7286955062955	
    Current index:	9501	
    Magnitude of W_grad:	8.6239999999999	
    Magnitude of W:	57241.163477822	
    Magnitude of B_grad:	0.108	
    Magnitude of b:	5.5839952914325	

	
    Current index:	19501	
    Magnitude of W_grad:	7.8519999999999	
    Magnitude of W:	57225.260877063	
    Magnitude of B_grad:	0.144	
    Magnitude of b:	5.5853011411382	

	
    Current index:	29501	
    Magnitude of W_grad:	8.3119999999999	
    Magnitude of W:	57209.217366695	
    Magnitude of B_grad:	0.144	
    Magnitude of b:	5.804589322838	

	
    Current index:	39501	
    Magnitude of W_grad:	11.42	
    Magnitude of W:	57192.806420994	
    Magnitude of B_grad:	0.552	
    Magnitude of b:	5.941843515604	

	
    Current index:	49501	
    Magnitude of W_grad:	7.9799999999998	
    Magnitude of W:	57175.835361144	
    Magnitude of B_grad:	0.232	
    Magnitude of b:	5.7231258162737	

	
    Current index:	59501	
    Magnitude of W_grad:	8.5239999999998	
    Magnitude of W:	57161.103799829	
    Magnitude of B_grad:	0.152	
    Magnitude of b:	5.8064057454347	

	
    Current index:	69501	
    Magnitude of W_grad:	7.5359999999998	
    Magnitude of W:	57144.824936421	
    Magnitude of B_grad:	0.108	
    Magnitude of b:	5.9296653228143	

	
    Current index:	79501	
    Magnitude of W_grad:	9.7185185185185	
    Magnitude of W:	57128.866485974	
    Magnitude of B_grad:	0.60740740740741	
    Magnitude of b:	5.6884632460064	

	
SGD: Hinge Loss is	
230667.81822347	
SGD: Validation Accuracy is:	
0.30426884650318	
SGD: Magnitude of W:	
57128.866485974	
SGD: Magnitude of b:	
5.6884632460064	
    Current index:	9501	
    Magnitude of W_grad:	8.6919999999999	
    Magnitude of W:	57112.157669877	
    Magnitude of B_grad:	0.108	
    Magnitude of b:	5.5677662998713	

	
    Current index:	19501	
    Magnitude of W_grad:	7.7999999999998	
    Magnitude of W:	57096.568139276	
    Magnitude of B_grad:	0.148	
    Magnitude of b:	5.5650750161104	

	
    Current index:	29501	
    Magnitude of W_grad:	8.2559999999999	
    Magnitude of W:	57080.713067158	
    Magnitude of B_grad:	0.14	
    Magnitude of b:	5.7723663527942	

	
    Current index:	39501	
    Magnitude of W_grad:	11.392	
    Magnitude of W:	57064.522946694	
    Magnitude of B_grad:	0.544	
    Magnitude of b:	5.927623524332	

	
    Current index:	49501	
    Magnitude of W_grad:	7.9839999999998	
    Magnitude of W:	57047.810188553	
    Magnitude of B_grad:	0.224	
    Magnitude of b:	5.696908803417	

	
    Current index:	59501	
    Magnitude of W_grad:	8.4479999999998	
    Magnitude of W:	57033.245219623	
    Magnitude of B_grad:	0.164	
    Magnitude of b:	5.7781914469484	

	
    Current index:	69501	
    Magnitude of W_grad:	7.4319999999998	
    Magnitude of W:	57017.157047741	
    Magnitude of B_grad:	0.108	
    Magnitude of b:	5.887454855877	

	
    Current index:	79501	
    Magnitude of W_grad:	9.1407407407407	
    Magnitude of W:	57001.485766735	
    Magnitude of B_grad:	0.56296296296296	
    Magnitude of b:	5.6964778529043	

	
SGD: Hinge Loss is	
228173.63203017	
SGD: Validation Accuracy is:	
0.30426884650318	
SGD: Magnitude of W:	
57001.485766735	
SGD: Magnitude of b:	
5.6964778529043	
    Current index:	9501	
    Magnitude of W_grad:	8.6079999999999	
    Magnitude of W:	56985.101563827	
    Magnitude of B_grad:	0.124	
    Magnitude of b:	5.5677811309502	

	
    Current index:	19501	
    Magnitude of W_grad:	7.6799999999998	
    Magnitude of W:	56969.766674531	
    Magnitude of B_grad:	0.156	
    Magnitude of b:	5.5590914776988	

	
    Current index:	29501	
    Magnitude of W_grad:	8.1239999999999	
    Magnitude of W:	56954.007424399	
    Magnitude of B_grad:	0.132	
    Magnitude of b:	5.7623839298511	

	
    Current index:	39501	
    Magnitude of W_grad:	11.272	
    Magnitude of W:	56937.926153995	
    Magnitude of B_grad:	0.536	
    Magnitude of b:	5.917643585391	

	
    Current index:	49501	
    Magnitude of W_grad:	7.9239999999998	
    Magnitude of W:	56921.442441788	
    Magnitude of B_grad:	0.228	
    Magnitude of b:	5.6829308584478	

	
    Current index:	59501	
    Magnitude of W_grad:	8.4319999999998	
    Magnitude of W:	56907.016250583	
    Magnitude of B_grad:	0.172	
    Magnitude of b:	5.7722155207976	

	
    Current index:	69501	
    Magnitude of W_grad:	7.2639999999998	
    Magnitude of W:	56891.108235522	
    Magnitude of B_grad:	0.108	
    Magnitude of b:	5.8814805213838	

	
    Current index:	79501	
    Magnitude of W_grad:	8.9037037037037	
    Magnitude of W:	56875.578294015	
    Magnitude of B_grad:	0.57777777777778	
    Magnitude of b:	5.6925048461726	

	
SGD: Hinge Loss is	
226417.54775364	
SGD: Validation Accuracy is:	
0.30336058128974	
SGD: Magnitude of W:	
56875.578294015	
SGD: Magnitude of b:	
5.6925048461726	
    Current index:	9501	
    Magnitude of W_grad:	8.5319999999999	
    Magnitude of W:	56859.281075533	
    Magnitude of B_grad:	0.116	
    Magnitude of b:	5.5478107577135	

	
    Current index:	19501	
    Magnitude of W_grad:	7.5759999999998	
    Magnitude of W:	56843.9864232	
    Magnitude of B_grad:	0.156	
    Magnitude of b:	5.5411232855666	

	
    Current index:	29501	
    Magnitude of W_grad:	8.0719999999999	
    Magnitude of W:	56828.522357937	
    Magnitude of B_grad:	0.136	
    Magnitude of b:	5.750418081804	

	
    Current index:	39501	
    Magnitude of W_grad:	11.192	
    Magnitude of W:	56812.713666693	
    Magnitude of B_grad:	0.532	
    Magnitude of b:	5.8916806084973	

	
    Current index:	49501	
    Magnitude of W_grad:	8.1079999999998	
    Magnitude of W:	56796.393324146	
    Magnitude of B_grad:	0.24	
    Magnitude of b:	5.6669698985056	

	
    Current index:	59501	
    Magnitude of W_grad:	8.3559999999998	
    Magnitude of W:	56782.265736756	
    Magnitude of B_grad:	0.16	
    Magnitude of b:	5.7282570170699	

	
    Current index:	69501	
    Magnitude of W_grad:	7.2319999999998	
    Magnitude of W:	56766.544178598	
    Magnitude of B_grad:	0.112	
    Magnitude of b:	5.8555251766729	

	
    Current index:	79501	
    Magnitude of W_grad:	8.074074074074	
    Magnitude of W:	56751.229657289	
    Magnitude of B_grad:	0.5037037037037	
    Magnitude of b:	5.7144038339112	

	
SGD: Hinge Loss is	
224401.99140965	
SGD: Validation Accuracy is:	
0.30336058128974	
SGD: Magnitude of W:	
56751.229657289	
SGD: Magnitude of b:	
5.7144038339112	
    Current index:	9501	
    Magnitude of W_grad:	8.4319999999999	
    Magnitude of W:	56735.30534647	
    Magnitude of B_grad:	0.12	
    Magnitude of b:	5.5177102102387	

	
    Current index:	19501	
    Magnitude of W_grad:	7.4919999999998	
    Magnitude of W:	56720.217494872	
    Magnitude of B_grad:	0.136	
    Magnitude of b:	5.5170268943728	

	
    Current index:	29501	
    Magnitude of W_grad:	8.0479999999999	
    Magnitude of W:	56704.873928459	
    Magnitude of B_grad:	0.116	
    Magnitude of b:	5.7183251180896	

	
    Current index:	39501	
    Magnitude of W_grad:	11.06	
    Magnitude of W:	56689.193817858	
    Magnitude of B_grad:	0.516	
    Magnitude of b:	5.8635913229744	

	
    Current index:	49501	
    Magnitude of W_grad:	7.9319999999998	
    Magnitude of W:	56673.043591299	
    Magnitude of B_grad:	0.236	
    Magnitude of b:	5.6408833740727	

	
    Current index:	59501	
    Magnitude of W_grad:	8.3639999999998	
    Magnitude of W:	56659.000981202	
    Magnitude of B_grad:	0.16	
    Magnitude of b:	5.7121734542816	

	
    Current index:	69501	
    Magnitude of W_grad:	7.1319999999998	
    Magnitude of W:	56643.4551503	
    Magnitude of B_grad:	0.104	
    Magnitude of b:	5.827445391343	

	
    Current index:	79501	
    Magnitude of W_grad:	8.4	
    Magnitude of W:	56628.326061893	
    Magnitude of B_grad:	0.51851851851852	
    Magnitude of b:	5.6766974425173	

	
SGD: Hinge Loss is	
221925.46671864	
SGD: Validation Accuracy is:	
0.31062670299728	
SGD: Magnitude of W:	
56628.326061893	
SGD: Magnitude of b:	
5.6766974425173	
    Current index:	9501	
    Magnitude of W_grad:	8.3999999999999	
    Magnitude of W:	56612.581708321	
    Magnitude of B_grad:	0.12	
    Magnitude of b:	5.5020067578385	

	
    Current index:	19501	
    Magnitude of W_grad:	7.4719999999998	
    Magnitude of W:	56597.626632762	
    Magnitude of B_grad:	0.124	
    Magnitude of b:	5.4893262927557	

	
    Current index:	29501	
    Magnitude of W_grad:	8.0399999999999	
    Magnitude of W:	56582.471025173	
    Magnitude of B_grad:	0.148	
    Magnitude of b:	5.6906289490023	

	
    Current index:	39501	
    Magnitude of W_grad:	10.912	
    Magnitude of W:	56567.008556684	
    Magnitude of B_grad:	0.516	
    Magnitude of b:	5.8418984808801	

	
    Current index:	49501	
    Magnitude of W_grad:	7.8639999999998	
    Magnitude of W:	56550.984441435	
    Magnitude of B_grad:	0.228	
    Magnitude of b:	5.6171938585565	

	
    Current index:	59501	
    Magnitude of W_grad:	8.2199999999998	
    Magnitude of W:	56537.156860327	
    Magnitude of B_grad:	0.16	
    Magnitude of b:	5.6884875160804	

	
    Current index:	69501	
    Magnitude of W_grad:	7.0799999999998	
    Magnitude of W:	56521.848385957	
    Magnitude of B_grad:	0.104	
    Magnitude of b:	5.7877631932424	

	
    Current index:	79501	
    Magnitude of W_grad:	7.4814814814814	
    Magnitude of W:	56506.931084208	
    Magnitude of B_grad:	0.5037037037037	
    Magnitude of b:	5.6666491786993	

	
SGD: Hinge Loss is	
220282.31567535	
SGD: Validation Accuracy is:	
0.30790190735695	
SGD: Magnitude of W:	
56506.931084208	
SGD: Magnitude of b:	
5.6666491786993	
    Current index:	9501	
    Magnitude of W_grad:	8.5959999999999	
    Magnitude of W:	56491.329043833	
    Magnitude of B_grad:	0.136	
    Magnitude of b:	5.4819614634593	

	
    Current index:	19501	
    Magnitude of W_grad:	7.4519999999998	
    Magnitude of W:	56476.664866618	
    Magnitude of B_grad:	0.112	
    Magnitude of b:	5.4532840678769	

	
    Current index:	29501	
    Magnitude of W_grad:	7.9119999999999	
    Magnitude of W:	56461.679262888	
    Magnitude of B_grad:	0.164	
    Magnitude of b:	5.6525910614291	

	
    Current index:	39501	
    Magnitude of W_grad:	10.96	
    Magnitude of W:	56446.332716843	
    Magnitude of B_grad:	0.52	
    Magnitude of b:	5.805864754277	

	
    Current index:	49501	
    Magnitude of W_grad:	7.9719999999998	
    Magnitude of W:	56430.455859055	
    Magnitude of B_grad:	0.228	
    Magnitude of b:	5.5971637524885	

	
    Current index:	59501	
    Magnitude of W_grad:	8.0279999999998	
    Magnitude of W:	56416.781614955	
    Magnitude of B_grad:	0.152	
    Magnitude of b:	5.6764599753245	

	
    Current index:	69501	
    Magnitude of W_grad:	7.1079999999998	
    Magnitude of W:	56401.729058728	
    Magnitude of B_grad:	0.112	
    Magnitude of b:	5.7837373385112	

	
    Current index:	79501	
    Magnitude of W_grad:	6.6666666666666	
    Magnitude of W:	56386.996910264	
    Magnitude of B_grad:	0.41481481481481	
    Magnitude of b:	5.6440333087347	

	
SGD: Hinge Loss is	
219318.44734365	
SGD: Validation Accuracy is:	
0.30699364214351	
SGD: Magnitude of W:	
56386.996910264	
SGD: Magnitude of b:	
5.6440333087347	
    Current index:	9501	
    Magnitude of W_grad:	8.5639999999999	
    Magnitude of W:	56371.507346444	
    Magnitude of B_grad:	0.144	
    Magnitude of b:	5.457348684395	

	
    Current index:	19501	
    Magnitude of W_grad:	7.4239999999998	
    Magnitude of W:	56356.90770177	
    Magnitude of B_grad:	0.096	
    Magnitude of b:	5.4206750825215	

	
    Current index:	29501	
    Magnitude of W_grad:	7.9119999999999	
    Magnitude of W:	56341.993896614	
    Magnitude of B_grad:	0.16	
    Magnitude of b:	5.6399848772931	

	
    Current index:	39501	
    Magnitude of W_grad:	10.792	
    Magnitude of W:	56326.845047364	
    Magnitude of B_grad:	0.512	
    Magnitude of b:	5.7832610947963	

	
    Current index:	49501	
    Magnitude of W_grad:	7.8239999999998	
    Magnitude of W:	56311.154681966	
    Magnitude of B_grad:	0.22	
    Magnitude of b:	5.554564274797	

	
    Current index:	59501	
    Magnitude of W_grad:	7.8759999999998	
    Magnitude of W:	56297.682637652	
    Magnitude of B_grad:	0.14	
    Magnitude of b:	5.6418643524209	

	
    Current index:	69501	
    Magnitude of W_grad:	7.2679999999998	
    Magnitude of W:	56282.931792578	
    Magnitude of B_grad:	0.084	
    Magnitude of b:	5.7371464865643	

	
    Current index:	79501	
    Magnitude of W_grad:	6.6666666666666	
    Magnitude of W:	56268.303343947	
    Magnitude of B_grad:	0.45925925925926	
    Magnitude of b:	5.606631822128	

	
SGD: Hinge Loss is	
217265.30446813	
SGD: Validation Accuracy is:	
0.30608537693006	
SGD: Magnitude of W:	
56268.303343947	
SGD: Magnitude of b:	
5.606631822128	
    Current index:	9501	
    Magnitude of W_grad:	8.2119999999999	
    Magnitude of W:	56252.902757433	
    Magnitude of B_grad:	0.112	
    Magnitude of b:	5.4279510779283	

	
    Current index:	19501	
    Magnitude of W_grad:	7.5319999999998	
    Magnitude of W:	56238.35544093	
    Magnitude of B_grad:	0.096	
    Magnitude of b:	5.3992803386447	

	
    Current index:	29501	
    Magnitude of W_grad:	7.9399999999999	
    Magnitude of W:	56223.523525889	
    Magnitude of B_grad:	0.172	
    Magnitude of b:	5.6125940880496	

	
    Current index:	39501	
    Magnitude of W_grad:	10.76	
    Magnitude of W:	56208.558264097	
    Magnitude of B_grad:	0.508	
    Magnitude of b:	5.7558743099288	

	
    Current index:	49501	
    Magnitude of W_grad:	7.5879999999998	
    Magnitude of W:	56192.965628676	
    Magnitude of B_grad:	0.216	
    Magnitude of b:	5.5391800497905	

	
    Current index:	59501	
    Magnitude of W_grad:	7.8999999999998	
    Magnitude of W:	56179.621840505	
    Magnitude of B_grad:	0.124	
    Magnitude of b:	5.6084833776007	

	
    Current index:	69501	
    Magnitude of W_grad:	7.0199999999998	
    Magnitude of W:	56165.047814822	
    Magnitude of B_grad:	0.084	
    Magnitude of b:	5.7177695148894	

	
    Current index:	79501	
    Magnitude of W_grad:	6.4888888888889	
    Magnitude of W:	56150.527809436	
    Magnitude of B_grad:	0.41481481481481	
    Magnitude of b:	5.5900731280068	

	
SGD: Hinge Loss is	
215723.28027895	
SGD: Validation Accuracy is:	
0.30881017257039	
SGD: Magnitude of W:	
56150.527809436	
SGD: Magnitude of b:	
5.5900731280068	
    Current index:	9501	
    Magnitude of W_grad:	8.3359999999999	
    Magnitude of W:	56135.186391302	
    Magnitude of B_grad:	0.136	
    Magnitude of b:	5.4013953043147	

	
    Current index:	19501	
    Magnitude of W_grad:	7.5359999999998	
    Magnitude of W:	56120.764065636	
    Magnitude of B_grad:	0.096	
    Magnitude of b:	5.3647286905814	

	
    Current index:	29501	
    Magnitude of W_grad:	7.8639999999999	
    Magnitude of W:	56106.117333626	
    Magnitude of B_grad:	0.168	
    Magnitude of b:	5.5920456358429	

	
    Current index:	39501	
    Magnitude of W_grad:	10.628	
    Magnitude of W:	56091.300462072	
    Magnitude of B_grad:	0.504	
    Magnitude of b:	5.7293288396985	

	
    Current index:	49501	
    Magnitude of W_grad:	7.7999999999998	
    Magnitude of W:	56075.816238487	
    Magnitude of B_grad:	0.228	
    Magnitude of b:	5.5246365189798	

	
    Current index:	59501	
    Magnitude of W_grad:	7.9319999999998	
    Magnitude of W:	56062.563393653	
    Magnitude of B_grad:	0.128	
    Magnitude of b:	5.587942489141	

	
    Current index:	69501	
    Magnitude of W_grad:	7.1279999999998	
    Magnitude of W:	56048.128130466	
    Magnitude of B_grad:	0.08	
    Magnitude of b:	5.70323057784	

	
    Current index:	79501	
    Magnitude of W_grad:	6.3111111111111	
    Magnitude of W:	56033.811619036	
    Magnitude of B_grad:	0.41481481481481	
    Magnitude of b:	5.5641297768898	

	
SGD: Hinge Loss is	
213812.46834517	
SGD: Validation Accuracy is:	
0.30881017257039	
SGD: Magnitude of W:	
56033.811619036	
SGD: Magnitude of b:	
5.5641297768898	
    Current index:	9501	
    Magnitude of W_grad:	8.1999999999999	
    Magnitude of W:	56018.739856267	
    Magnitude of B_grad:	0.128	
    Magnitude of b:	5.3794544950428	

	
    Current index:	19501	
    Magnitude of W_grad:	7.2999999999998	
    Magnitude of W:	56004.421677749	
    Magnitude of B_grad:	0.096	
    Magnitude of b:	5.3527894811124	

	
    Current index:	29501	
    Magnitude of W_grad:	7.7399999999999	
    Magnitude of W:	55989.952661598	
    Magnitude of B_grad:	0.152	
    Magnitude of b:	5.5721080762149	

	
    Current index:	39501	
    Magnitude of W_grad:	10.572	
    Magnitude of W:	55975.301557117	
    Magnitude of B_grad:	0.5	
    Magnitude of b:	5.7093945494896	

	
    Current index:	49501	
    Magnitude of W_grad:	7.6999999999998	
    Magnitude of W:	55959.951621099	
    Magnitude of B_grad:	0.216	
    Magnitude of b:	5.4887050080867	

	
    Current index:	59501	
    Magnitude of W_grad:	7.8319999999998	
    Magnitude of W:	55946.806862884	
    Magnitude of B_grad:	0.124	
    Magnitude of b:	5.5620139706418	

	
    Current index:	69501	
    Magnitude of W_grad:	7.2199999999998	
    Magnitude of W:	55932.566580717	
    Magnitude of B_grad:	0.084	
    Magnitude of b:	5.6813049383544	

	
    Current index:	79501	
    Magnitude of W_grad:	6.3703703703703	
    Magnitude of W:	55918.503408629	
    Magnitude of B_grad:	0.45925925925926	
    Magnitude of b:	5.5710214290656	

	
SGD: Hinge Loss is	
211904.48142556	
SGD: Validation Accuracy is:	
0.30881017257039	
SGD: Magnitude of W:	
55918.503408629	
SGD: Magnitude of b:	
5.5710214290656	
    Current index:	9501	
    Magnitude of W_grad:	8.1999999999998	
    Magnitude of W:	55903.607473357	
    Magnitude of B_grad:	0.132	
    Magnitude of b:	5.3403475044128	

	
    Current index:	19501	
    Magnitude of W_grad:	7.1439999999998	
    Magnitude of W:	55889.445581108	
    Magnitude of B_grad:	0.1	
    Magnitude of b:	5.3376858815968	

	
    Current index:	29501	
    Magnitude of W_grad:	7.5439999999999	
    Magnitude of W:	55875.172643192	
    Magnitude of B_grad:	0.132	
    Magnitude of b:	5.5510069005726	

	
    Current index:	39501	
    Magnitude of W_grad:	10.58	
    Magnitude of W:	55860.77714012	
    Magnitude of B_grad:	0.492	
    Magnitude of b:	5.6882967266002	

	
    Current index:	49501	
    Magnitude of W_grad:	7.5319999999998	
    Magnitude of W:	55845.656749735	
    Magnitude of B_grad:	0.224	
    Magnitude of b:	5.4636093195396	

	
    Current index:	59501	
    Magnitude of W_grad:	7.9079999999998	
    Magnitude of W:	55832.64954449	
    Magnitude of B_grad:	0.136	
    Magnitude of b:	5.5409214960482	

	
    Current index:	69501	
    Magnitude of W_grad:	6.9879999999998	
    Magnitude of W:	55818.547001935	
    Magnitude of B_grad:	0.096	
    Magnitude of b:	5.646216305122	

	
    Current index:	79501	
    Magnitude of W_grad:	6.5333333333333	
    Magnitude of W:	55804.493706781	
    Magnitude of B_grad:	0.41481481481481	
    Magnitude of b:	5.5197145023654	

	
SGD: Hinge Loss is	
210376.93640636	
SGD: Validation Accuracy is:	
0.30971843778383	
SGD: Magnitude of W:	
55804.493706781	
SGD: Magnitude of b:	
5.5197145023654	
    Current index:	9501	
    Magnitude of W_grad:	7.9319999999998	
    Magnitude of W:	55789.893631577	
    Magnitude of B_grad:	0.108	
    Magnitude of b:	5.3090452244565	

	
    Current index:	19501	
    Magnitude of W_grad:	7.1839999999998	
    Magnitude of W:	55775.961298328	
    Magnitude of B_grad:	0.104	
    Magnitude of b:	5.3023877958053	

	
    Current index:	29501	
    Magnitude of W_grad:	7.4959999999999	
    Magnitude of W:	55761.853145629	
    Magnitude of B_grad:	0.132	
    Magnitude of b:	5.5257112630473	

	
    Current index:	39501	
    Magnitude of W_grad:	10.664	
    Magnitude of W:	55747.78612007	
    Magnitude of B_grad:	0.5	
    Magnitude of b:	5.6690033487004	

	
    Current index:	49501	
    Magnitude of W_grad:	7.6839999999998	
    Magnitude of W:	55732.607405952	
    Magnitude of B_grad:	0.228	
    Magnitude of b:	5.4643169829822	

	
    Current index:	59501	
    Magnitude of W_grad:	7.9959999999998	
    Magnitude of W:	55719.745774467	
    Magnitude of B_grad:	0.104	
    Magnitude of b:	5.535629208747	

	
    Current index:	69501	
    Magnitude of W_grad:	6.9879999999998	
    Magnitude of W:	55705.795855445	
    Magnitude of B_grad:	0.108	
    Magnitude of b:	5.6489248204845	

	
    Current index:	79501	
    Magnitude of W_grad:	6.2518518518518	
    Magnitude of W:	55691.847151091	
    Magnitude of B_grad:	0.45925925925926	
    Magnitude of b:	5.5198310644741	

	
SGD: Hinge Loss is	
208749.89082446	
SGD: Validation Accuracy is:	
0.30971843778383	
SGD: Magnitude of W:	
55691.847151091	
SGD: Magnitude of b:	
5.5198310644741	
    Current index:	9501	
    Magnitude of W_grad:	8.3279999999999	
    Magnitude of W:	55677.349698461	
    Magnitude of B_grad:	0.136	
    Magnitude of b:	5.3011633792024	

	
    Current index:	19501	
    Magnitude of W_grad:	7.3399999999998	
    Magnitude of W:	55663.448616777	
    Magnitude of B_grad:	0.108	
    Magnitude of b:	5.2825089744037	

	
    Current index:	29501	
    Magnitude of W_grad:	7.5239999999999	
    Magnitude of W:	55649.565982532	
    Magnitude of B_grad:	0.132	
    Magnitude of b:	5.5218348247147	

	
    Current index:	39501	
    Magnitude of W_grad:	10.584	
    Magnitude of W:	55635.677511864	
    Magnitude of B_grad:	0.512	
    Magnitude of b:	5.6471285774286	

	
    Current index:	49501	
    Magnitude of W_grad:	7.5159999999998	
    Magnitude of W:	55620.699700775	
    Magnitude of B_grad:	0.216	
    Magnitude of b:	5.4524442426751	

	
    Current index:	59501	
    Magnitude of W_grad:	8.1439999999998	
    Magnitude of W:	55608.009622844	
    Magnitude of B_grad:	0.132	
    Magnitude of b:	5.5197579969347	

	
    Current index:	69501	
    Magnitude of W_grad:	6.9559999999998	
    Magnitude of W:	55594.176069807	
    Magnitude of B_grad:	0.076	
    Magnitude of b:	5.6250553253173	

	
    Current index:	79501	
    Magnitude of W_grad:	5.9407407407407	
    Magnitude of W:	55580.328566418	
    Magnitude of B_grad:	0.4	
    Magnitude of b:	5.5255942840019	

	
SGD: Hinge Loss is	
207322.18262352	
SGD: Validation Accuracy is:	
0.30881017257039	
SGD: Magnitude of W:	
55580.328566418	
SGD: Magnitude of b:	
5.5255942840019	
    Current index:	9501	
    Magnitude of W_grad:	8.0679999999998	
    Magnitude of W:	55566.00215283	
    Magnitude of B_grad:	0.124	
    Magnitude of b:	5.2889271056384	

	
    Current index:	19501	
    Magnitude of W_grad:	7.3119999999998	
    Magnitude of W:	55552.242656692	
    Magnitude of B_grad:	0.12	
    Magnitude of b:	5.2782737852598	

	
    Current index:	29501	
    Magnitude of W_grad:	7.4359999999999	
    Magnitude of W:	55538.440090152	
    Magnitude of B_grad:	0.128	
    Magnitude of b:	5.5036012597872	

	
    Current index:	39501	
    Magnitude of W_grad:	10.268	
    Magnitude of W:	55524.567243636	
    Magnitude of B_grad:	0.484	
    Magnitude of b:	5.6348965611628	

	
    Current index:	49501	
    Magnitude of W_grad:	7.5039999999998	
    Magnitude of W:	55509.809042853	
    Magnitude of B_grad:	0.22	
    Magnitude of b:	5.4422141515871	

	
    Current index:	59501	
    Magnitude of W_grad:	8.0319999999998	
    Magnitude of W:	55497.186406809	
    Magnitude of B_grad:	0.132	
    Magnitude of b:	5.5015299940182	

	
    Current index:	69501	
    Magnitude of W_grad:	6.8719999999998	
    Magnitude of W:	55483.505529897	
    Magnitude of B_grad:	0.092	
    Magnitude of b:	5.6168288452502	

	
    Current index:	79501	
    Magnitude of W_grad:	6.1333333333333	
    Magnitude of W:	55469.956635066	
    Magnitude of B_grad:	0.44444444444444	
    Magnitude of b:	5.5119618815222	

	
SGD: Hinge Loss is	
205830.0604353	
SGD: Validation Accuracy is:	
0.30971843778383	
SGD: Magnitude of W:	
55469.956635066	
SGD: Magnitude of b:	
5.5119618815222	
    Current index:	9501	
    Magnitude of W_grad:	8.0159999999998	
    Magnitude of W:	55455.730197666	
    Magnitude of B_grad:	0.132	
    Magnitude of b:	5.2672962893521	

	
    Current index:	19501	
    Magnitude of W_grad:	7.2159999999998	
    Magnitude of W:	55442.079568651	
    Magnitude of B_grad:	0.104	
    Magnitude of b:	5.2786451827767	

	
    Current index:	29501	
    Magnitude of W_grad:	7.4479999999999	
    Magnitude of W:	55428.418615174	
    Magnitude of B_grad:	0.116	
    Magnitude of b:	5.4919740546848	

	
    Current index:	39501	
    Magnitude of W_grad:	10.168	
    Magnitude of W:	55414.71247675	
    Magnitude of B_grad:	0.488	
    Magnitude of b:	5.6052715945709	

	
    Current index:	49501	
    Magnitude of W_grad:	7.4999999999998	
    Magnitude of W:	55400.051139438	
    Magnitude of B_grad:	0.22	
    Magnitude of b:	5.4305907074658	

	
    Current index:	59501	
    Magnitude of W_grad:	7.9879999999998	
    Magnitude of W:	55387.581218627	
    Magnitude of B_grad:	0.112	
    Magnitude of b:	5.4799089888402	

	
    Current index:	69501	
    Magnitude of W_grad:	6.8519999999998	
    Magnitude of W:	55373.980282345	
    Magnitude of B_grad:	0.088	
    Magnitude of b:	5.5852113585481	

	
    Current index:	79501	
    Magnitude of W_grad:	6.237037037037	
    Magnitude of W:	55360.557247042	
    Magnitude of B_grad:	0.4	
    Magnitude of b:	5.4621250627778	

	
SGD: Hinge Loss is	
204428.70882716	
SGD: Validation Accuracy is:	
0.30881017257039	
SGD: Magnitude of W:	
55360.557247042	
SGD: Magnitude of b:	
5.4621250627778	
    Current index:	9501	
    Magnitude of W_grad:	7.5239999999998	
    Magnitude of W:	55346.527530347	
    Magnitude of B_grad:	0.112	
    Magnitude of b:	5.2334641588104	

	
    Current index:	19501	
    Magnitude of W_grad:	7.1119999999998	
    Magnitude of W:	55333.012965401	
    Magnitude of B_grad:	0.112	
    Magnitude of b:	5.2548163837468	

	
    Current index:	29501	
    Magnitude of W_grad:	7.4039999999999	
    Magnitude of W:	55319.498848995	
    Magnitude of B_grad:	0.132	
    Magnitude of b:	5.4681484109808	

	
    Current index:	39501	
    Magnitude of W_grad:	9.9679999999999	
    Magnitude of W:	55305.963385599	
    Magnitude of B_grad:	0.472	
    Magnitude of b:	5.6094485281464	

	
    Current index:	49501	
    Magnitude of W_grad:	7.4959999999998	
    Magnitude of W:	55291.458943517	
    Magnitude of B_grad:	0.22	
    Magnitude of b:	5.4187689372707	

	
    Current index:	59501	
    Magnitude of W_grad:	7.8679999999998	
    Magnitude of W:	55279.096650157	
    Magnitude of B_grad:	0.108	
    Magnitude of b:	5.460088552379	

	
    Current index:	69501	
    Magnitude of W_grad:	6.7679999999998	
    Magnitude of W:	55265.584824878	
    Magnitude of B_grad:	0.084	
    Magnitude of b:	5.5753925946759	

	
    Current index:	79501	
    Magnitude of W_grad:	5.837037037037	
    Magnitude of W:	55252.332244002	
    Magnitude of B_grad:	0.41481481481481	
    Magnitude of b:	5.4679382915337	

	
SGD: Hinge Loss is	
203163.06537044	
SGD: Validation Accuracy is:	
0.30971843778383	
SGD: Magnitude of W:	
55252.332244002	
SGD: Magnitude of b:	
5.4679382915337	
    Current index:	9501	
    Magnitude of W_grad:	7.6199999999998	
    Magnitude of W:	55238.464463347	
    Magnitude of B_grad:	0.112	
    Magnitude of b:	5.2272775616972	

	
    Current index:	19501	
    Magnitude of W_grad:	7.1479999999998	
    Magnitude of W:	55225.065896879	
    Magnitude of B_grad:	0.088	
    Magnitude of b:	5.2326313294191	

	
    Current index:	29501	
    Magnitude of W_grad:	7.3159999999998	
    Magnitude of W:	55211.660158567	
    Magnitude of B_grad:	0.128	
    Magnitude of b:	5.4479653387013	

	
    Current index:	39501	
    Magnitude of W_grad:	9.8079999999998	
    Magnitude of W:	55198.258474217	
    Magnitude of B_grad:	0.468	
    Magnitude of b:	5.5912676511408	

	
    Current index:	49501	
    Magnitude of W_grad:	7.6679999999998	
    Magnitude of W:	55183.840891099	
    Magnitude of B_grad:	0.236	
    Magnitude of b:	5.3965905817376	

	
    Current index:	59501	
    Magnitude of W_grad:	7.9679999999998	
    Magnitude of W:	55171.523942424	
    Magnitude of B_grad:	0.116	
    Magnitude of b:	5.4359132955936	

	
    Current index:	69501	
    Magnitude of W_grad:	6.6039999999998	
    Magnitude of W:	55158.016587765	
    Magnitude of B_grad:	0.108	
    Magnitude of b:	5.553219620051	

	
    Current index:	79501	
    Magnitude of W_grad:	5.8222222222222	
    Magnitude of W:	55144.848403053	
    Magnitude of B_grad:	0.44444444444444	
    Magnitude of b:	5.4463604048446	

	
SGD: Hinge Loss is	
201333.21435915	
SGD: Validation Accuracy is:	
0.31062670299728	
SGD: Magnitude of W:	
55144.848403053	
SGD: Magnitude of b:	
5.4463604048446	
    Current index:	9501	
    Magnitude of W_grad:	7.3679999999998	
    Magnitude of W:	55131.069770204	
    Magnitude of B_grad:	0.096	
    Magnitude of b:	5.1897029369406	

	
    Current index:	19501	
    Magnitude of W_grad:	7.2599999999998	
    Magnitude of W:	55117.74932037	
    Magnitude of B_grad:	0.084	
    Magnitude of b:	5.2270589867343	

	
    Current index:	29501	
    Magnitude of W_grad:	7.3199999999999	
    Magnitude of W:	55104.46330869	
    Magnitude of B_grad:	0.132	
    Magnitude of b:	5.4363936957154	

	
    Current index:	39501	
    Magnitude of W_grad:	10.156	
    Magnitude of W:	55091.194920774	
    Magnitude of B_grad:	0.484	
    Magnitude of b:	5.583697611825	

	
    Current index:	49501	
    Magnitude of W_grad:	7.6479999999998	
    Magnitude of W:	55076.886225343	
    Magnitude of B_grad:	0.232	
    Magnitude of b:	5.3810221961151	

	
    Current index:	59501	
    Magnitude of W_grad:	7.9839999999998	
    Magnitude of W:	55064.578934698	
    Magnitude of B_grad:	0.108	
    Magnitude of b:	5.4163463123383	

	
    Current index:	69501	
    Magnitude of W_grad:	6.5439999999998	
    Magnitude of W:	55051.184193813	
    Magnitude of B_grad:	0.076	
    Magnitude of b:	5.553654491022	

	
    Current index:	79501	
    Magnitude of W_grad:	5.3037037037037	
    Magnitude of W:	55038.091505637	
    Magnitude of B_grad:	0.37037037037037	
    Magnitude of b:	5.4356118442021	

	
SGD: Hinge Loss is	
200153.8396562	
SGD: Validation Accuracy is:	
0.30881017257039	
SGD: Magnitude of W:	
55038.091505637	
SGD: Magnitude of b:	
5.4356118442021	
    Current index:	9501	
    Magnitude of W_grad:	7.5599999999998	
    Magnitude of W:	55024.421474473	
    Magnitude of B_grad:	0.12	
    Magnitude of b:	5.1869551232218	

	
    Current index:	19501	
    Magnitude of W_grad:	7.1239999999998	
    Magnitude of W:	55011.263348469	
    Magnitude of B_grad:	0.092	
    Magnitude of b:	5.2143127360242	

	
    Current index:	29501	
    Magnitude of W_grad:	7.2839999999998	
    Magnitude of W:	54998.108448627	
    Magnitude of B_grad:	0.12	
    Magnitude of b:	5.435648819466	

	
    Current index:	39501	
    Magnitude of W_grad:	9.8079999999999	
    Magnitude of W:	54984.829228726	
    Magnitude of B_grad:	0.464	
    Magnitude of b:	5.5629545870558	

	
    Current index:	49501	
    Magnitude of W_grad:	7.2399999999998	
    Magnitude of W:	54970.687244201	
    Magnitude of B_grad:	0.224	
    Magnitude of b:	5.3742799929024	

	
    Current index:	59501	
    Magnitude of W_grad:	7.8799999999998	
    Magnitude of W:	54958.586832431	
    Magnitude of B_grad:	0.096	
    Magnitude of b:	5.4136058723587	

	
    Current index:	69501	
    Magnitude of W_grad:	6.4999999999998	
    Magnitude of W:	54945.269981201	
    Magnitude of B_grad:	0.092	
    Magnitude of b:	5.5209163791046	

	
    Current index:	79501	
    Magnitude of W_grad:	5.5259259259259	
    Magnitude of W:	54932.339973776	
    Magnitude of B_grad:	0.41481481481481	
    Magnitude of b:	5.4094691674307	

	
SGD: Hinge Loss is	
198712.8399144	
SGD: Validation Accuracy is:	
0.31244323342416	
SGD: Magnitude of W:	
54932.339973776	
SGD: Magnitude of b:	
5.4094691674307	
    Current index:	9501	
    Magnitude of W_grad:	7.2719999999998	
    Magnitude of W:	54918.834292903	
    Magnitude of B_grad:	0.116	
    Magnitude of b:	5.1648146868567	

	
    Current index:	19501	
    Magnitude of W_grad:	7.1079999999998	
    Magnitude of W:	54905.748571931	
    Magnitude of B_grad:	0.092	
    Magnitude of b:	5.204174112873	

	
    Current index:	29501	
    Magnitude of W_grad:	7.2679999999998	
    Magnitude of W:	54892.718522111	
    Magnitude of B_grad:	0.124	
    Magnitude of b:	5.4135122855621	

	
    Current index:	39501	
    Magnitude of W_grad:	9.8399999999999	
    Magnitude of W:	54879.579811124	
    Magnitude of B_grad:	0.46	
    Magnitude of b:	5.5568196021725	

	
    Current index:	49501	
    Magnitude of W_grad:	7.5319999999998	
    Magnitude of W:	54865.708322234	
    Magnitude of B_grad:	0.236	
    Magnitude of b:	5.3701464815412	

	
    Current index:	59501	
    Magnitude of W_grad:	7.7439999999998	
    Magnitude of W:	54853.577809906	
    Magnitude of B_grad:	0.1	
    Magnitude of b:	5.4014739724511	

	
    Current index:	69501	
    Magnitude of W_grad:	6.5159999999998	
    Magnitude of W:	54840.409612118	
    Magnitude of B_grad:	0.076	
    Magnitude of b:	5.5027868689591	

	
    Current index:	79501	
    Magnitude of W_grad:	5.5851851851852	
    Magnitude of W:	54827.651277321	
    Magnitude of B_grad:	0.4	
    Magnitude of b:	5.3873422727441	

	
SGD: Hinge Loss is	
197458.39611066	
SGD: Validation Accuracy is:	
0.31062670299728	
SGD: Magnitude of W:	
54827.651277321	
SGD: Magnitude of b:	
5.3873422727441	
    Current index:	9501	
    Magnitude of W_grad:	7.5799999999998	
    Magnitude of W:	54814.184550057	
    Magnitude of B_grad:	0.132	
    Magnitude of b:	5.1586896413405	

	
    Current index:	19501	
    Magnitude of W_grad:	7.0439999999998	
    Magnitude of W:	54801.286108348	
    Magnitude of B_grad:	0.104	
    Magnitude of b:	5.1780511674553	

	
    Current index:	29501	
    Magnitude of W_grad:	7.2999999999998	
    Magnitude of W:	54788.358016106	
    Magnitude of B_grad:	0.132	
    Magnitude of b:	5.3853920175792	

	
    Current index:	39501	
    Magnitude of W_grad:	9.8519999999999	
    Magnitude of W:	54775.342177561	
    Magnitude of B_grad:	0.46	
    Magnitude of b:	5.5327022498511	

	
    Current index:	49501	
    Magnitude of W_grad:	7.2319999999998	
    Magnitude of W:	54761.478125764	
    Magnitude of B_grad:	0.212	
    Magnitude of b:	5.3420318687171	

	
    Current index:	59501	
    Magnitude of W_grad:	7.9079999999998	
    Magnitude of W:	54749.356231794	
    Magnitude of B_grad:	0.1	
    Magnitude of b:	5.3833611193797	

	
    Current index:	69501	
    Magnitude of W_grad:	6.6519999999998	
    Magnitude of W:	54736.289994159	
    Magnitude of B_grad:	0.076	
    Magnitude of b:	5.498675800522	

	
    Current index:	79501	
    Magnitude of W_grad:	4.7259259259259	
    Magnitude of W:	54723.604073915	
    Magnitude of B_grad:	0.35555555555556	
    Magnitude of b:	5.3792325617995	

	
SGD: Hinge Loss is	
196650.06372702	
SGD: Validation Accuracy is:	
0.31062670299728	
SGD: Magnitude of W:	
54723.604073915	
SGD: Magnitude of b:	
5.3792325617995	
    Current index:	9501	
    Magnitude of W_grad:	7.2199999999998	
    Magnitude of W:	54710.335121677	
    Magnitude of B_grad:	0.112	
    Magnitude of b:	5.1365813881853	

	
    Current index:	19501	
    Magnitude of W_grad:	6.9119999999998	
    Magnitude of W:	54697.434402388	
    Magnitude of B_grad:	0.104	
    Magnitude of b:	5.1699448490263	

	
    Current index:	29501	
    Magnitude of W_grad:	7.1839999999999	
    Magnitude of W:	54684.667861109	
    Magnitude of B_grad:	0.128	
    Magnitude of b:	5.3672878847778	

	
    Current index:	39501	
    Magnitude of W_grad:	9.8239999999999	
    Magnitude of W:	54671.852882063	
    Magnitude of B_grad:	0.456	
    Magnitude of b:	5.5165999006013	

	
    Current index:	49501	
    Magnitude of W_grad:	7.2439999999998	
    Magnitude of W:	54658.150050905	
    Magnitude of B_grad:	0.232	
    Magnitude of b:	5.3119323826696	

	
    Current index:	59501	
    Magnitude of W_grad:	7.8199999999998	
    Magnitude of W:	54646.170054428	
    Magnitude of B_grad:	0.092	
    Magnitude of b:	5.3612645840294	

	
    Current index:	69501	
    Magnitude of W_grad:	6.4799999999998	
    Magnitude of W:	54633.299698308	
    Magnitude of B_grad:	0.096	
    Magnitude of b:	5.4745809849812	

	
    Current index:	79501	
    Magnitude of W_grad:	4.9777777777778	
    Magnitude of W:	54620.799952211	
    Magnitude of B_grad:	0.38518518518519	
    Magnitude of b:	5.3537329625286	

	
SGD: Hinge Loss is	
194907.37925644	
SGD: Validation Accuracy is:	
0.31425976385104	
SGD: Magnitude of W:	
54620.799952211	
SGD: Magnitude of b:	
5.3537329625286	
    Current index:	9501	
    Magnitude of W_grad:	7.1719999999998	
    Magnitude of W:	54607.616878243	
    Magnitude of B_grad:	0.108	
    Magnitude of b:	5.1310833960695	

	
    Current index:	19501	
    Magnitude of W_grad:	7.0039999999998	
    Magnitude of W:	54594.764403389	
    Magnitude of B_grad:	0.084	
    Magnitude of b:	5.1724474342655	

	
    Current index:	29501	
    Magnitude of W_grad:	7.1479999999998	
    Magnitude of W:	54582.012306801	
    Magnitude of B_grad:	0.128	
    Magnitude of b:	5.3597914114534	

	
    Current index:	39501	
    Magnitude of W_grad:	9.5319999999999	
    Magnitude of W:	54569.288283578	
    Magnitude of B_grad:	0.44	
    Magnitude of b:	5.5171036904874	

	
    Current index:	49501	
    Magnitude of W_grad:	7.2399999999998	
    Magnitude of W:	54555.762620588	
    Magnitude of B_grad:	0.228	
    Magnitude of b:	5.2964362725466	

	
    Current index:	59501	
    Magnitude of W_grad:	7.7879999999998	
    Magnitude of W:	54543.944523785	
    Magnitude of B_grad:	0.096	
    Magnitude of b:	5.3457696537263	

	
    Current index:	69501	
    Magnitude of W_grad:	6.5079999999998	
    Magnitude of W:	54531.332378221	
    Magnitude of B_grad:	0.076	
    Magnitude of b:	5.4630879375211	

	
    Current index:	79501	
    Magnitude of W_grad:	4.9333333333333	
    Magnitude of W:	54518.724717825	
    Magnitude of B_grad:	0.4	
    Magnitude of b:	5.3456487781512	

	
SGD: Hinge Loss is	
193808.04440997	
SGD: Validation Accuracy is:	
0.31244323342416	
SGD: Magnitude of W:	
54518.724717825	
SGD: Magnitude of b:	
5.3456487781512	
    Current index:	9501	
    Magnitude of W_grad:	6.9919999999998	
    Magnitude of W:	54505.579894988	
    Magnitude of B_grad:	0.104	
    Magnitude of b:	5.1210011936377	

	
    Current index:	19501	
    Magnitude of W_grad:	6.9159999999998	
    Magnitude of W:	54492.878429647	
    Magnitude of B_grad:	0.084	
    Magnitude of b:	5.1423677283698	

	
    Current index:	29501	
    Magnitude of W_grad:	7.1879999999999	
    Magnitude of W:	54480.181156231	
    Magnitude of B_grad:	0.136	
    Magnitude of b:	5.3417146537746	

	
    Current index:	39501	
    Magnitude of W_grad:	9.3999999999998	
    Magnitude of W:	54467.675328259	
    Magnitude of B_grad:	0.432	
    Magnitude of b:	5.5070292528479	

	
    Current index:	49501	
    Magnitude of W_grad:	7.2919999999998	
    Magnitude of W:	54454.209729803	
    Magnitude of B_grad:	0.24	
    Magnitude of b:	5.3063625976265	

	
    Current index:	59501	
    Magnitude of W_grad:	7.5239999999998	
    Magnitude of W:	54442.501025193	
    Magnitude of B_grad:	0.072	
    Magnitude of b:	5.3336963773244	

	
    Current index:	69501	
    Magnitude of W_grad:	6.4719999999998	
    Magnitude of W:	54429.995512936	
    Magnitude of B_grad:	0.076	
    Magnitude of b:	5.4450160641018	

	
    Current index:	79501	
    Magnitude of W_grad:	5.6	
    Magnitude of W:	54417.624890495	
    Magnitude of B_grad:	0.35555555555556	
    Magnitude of b:	5.3315785209993	

	
SGD: Hinge Loss is	
192665.50620647	
SGD: Validation Accuracy is:	
0.31789282470481	
SGD: Magnitude of W:	
54417.624890495	
SGD: Magnitude of b:	
5.3315785209993	
    Current index:	9501	
    Magnitude of W_grad:	7.4079999999998	
    Magnitude of W:	54404.643212972	
    Magnitude of B_grad:	0.128	
    Magnitude of b:	5.110933155263	

	
    Current index:	19501	
    Magnitude of W_grad:	7.0559999999998	
    Magnitude of W:	54391.996242787	
    Magnitude of B_grad:	0.08	
    Magnitude of b:	5.1263009039615	

	
    Current index:	29501	
    Magnitude of W_grad:	7.0799999999998	
    Magnitude of W:	54379.393593281	
    Magnitude of B_grad:	0.124	
    Magnitude of b:	5.3296491561992	

	
    Current index:	39501	
    Magnitude of W_grad:	9.5479999999999	
    Magnitude of W:	54366.961368839	
    Magnitude of B_grad:	0.444	
    Magnitude of b:	5.4929649438096	

	
    Current index:	49501	
    Magnitude of W_grad:	7.2479999999998	
    Magnitude of W:	54353.608736857	
    Magnitude of B_grad:	0.236	
    Magnitude of b:	5.2882993890807	

	
    Current index:	59501	
    Magnitude of W_grad:	7.4239999999998	
    Magnitude of W:	54342.003099545	
    Magnitude of B_grad:	0.084	
    Magnitude of b:	5.3216346709421	

	
    Current index:	69501	
    Magnitude of W_grad:	6.5559999999998	
    Magnitude of W:	54329.608981907	
    Magnitude of B_grad:	0.096	
    Magnitude of b:	5.4329555206574	

	
    Current index:	79501	
    Magnitude of W_grad:	4.8888888888889	
    Magnitude of W:	54317.166444539	
    Magnitude of B_grad:	0.4	
    Magnitude of b:	5.323519567274	

	
Done.	
Testing on validation set...	
Done	
Datafile:	/n/home09/ankitgupta/CS287/HW1/SST1-uni.hdf5	Classifier:	hinge	Alpha:	0	Eta:	0.5	Lambda:	1	Minibatch size:	500	Num Epochs:	50	Minimum Sentence Length:	5	
Accuracy:	0.31698455949137	
