[?1034hDatafile:	/n/home09/ankitgupta/CS287/HW1/SST1-uni.hdf5	Classifier:	hinge	Alpha:	0	Eta:	1	Lambda:	1	Minibatch size:	500	Num Epochs:	50	Minimum Sentence Length:	5	
Note that not all parameters may apply to all classifiers	
Loading datafiles...	
Number of training samples before removing small sentences	156817	
Number of training samples after removing small sentences	79635	
Done.	
Training classifier...	
Parameters are:	
Eta:	
1	
Lambda:	
1	
Minibatch size:	
500	
Number of Epochs	
50	
SGD: Hinge Loss is	
513627.37830079	
SGD: Validation Accuracy is:	
0.18074477747502	
SGD: Magnitude of W:	
61316.036124702	
SGD: Magnitude of b:	
2.8394832033375	
    Current index:	9501	
    Magnitude of W_grad:	11.4	
    Magnitude of W:	61248.262821348	
    Magnitude of B_grad:	0.172	
    Magnitude of b:	5.3995980691964	

	
    Current index:	19501	
    Magnitude of W_grad:	10.044	
    Magnitude of W:	61190.70120641	
    Magnitude of B_grad:	0.228	
    Magnitude of b:	6.1141317497339	

	
    Current index:	29501	
    Magnitude of W_grad:	9.4679999999999	
    Magnitude of W:	61138.336945006	
    Magnitude of B_grad:	0.164	
    Magnitude of b:	6.9565232643456	

	
    Current index:	39501	
    Magnitude of W_grad:	14.832	
    Magnitude of W:	61083.84048538	
    Magnitude of B_grad:	0.832	
    Magnitude of b:	6.5547475939511	

	
    Current index:	49501	
    Magnitude of W_grad:	9.9639999999999	
    Magnitude of W:	61025.402543865	
    Magnitude of B_grad:	0.176	
    Magnitude of b:	6.1807528645398	

	
    Current index:	59501	
    Magnitude of W_grad:	12.244	
    Magnitude of W:	60970.109032393	
    Magnitude of B_grad:	0.388	
    Magnitude of b:	6.819047797294	

	
    Current index:	69501	
    Magnitude of W_grad:	9.6079999999999	
    Magnitude of W:	60919.305433342	
    Magnitude of B_grad:	0.232	
    Magnitude of b:	7.1413183985079	

	
    Current index:	79501	
    Magnitude of W_grad:	15.585185185185	
    Magnitude of W:	60865.912263539	
    Magnitude of B_grad:	1.0222222222222	
    Magnitude of b:	5.6852987105612	

	
SGD: Hinge Loss is	
345544.65922953	
SGD: Validation Accuracy is:	
0.2425068119891	
SGD: Magnitude of W:	
60865.912263539	
SGD: Magnitude of b:	
5.6852987105612	
    Current index:	9501	
    Magnitude of W_grad:	10.948	
    Magnitude of W:	60813.619731934	
    Magnitude of B_grad:	0.148	
    Magnitude of b:	6.8385305227596	

	
    Current index:	19501	
    Magnitude of W_grad:	9.7439999999999	
    Magnitude of W:	60765.071019313	
    Magnitude of B_grad:	0.22	
    Magnitude of b:	6.9127906076743	

	
    Current index:	29501	
    Magnitude of W_grad:	9.4679999999999	
    Magnitude of W:	60719.076116956	
    Magnitude of B_grad:	0.104	
    Magnitude of b:	7.399027371601	

	
    Current index:	39501	
    Magnitude of W_grad:	14.32	
    Magnitude of W:	60670.669582136	
    Magnitude of B_grad:	0.78	
    Magnitude of b:	6.9491428921176	

	
    Current index:	49501	
    Magnitude of W_grad:	9.8599999999999	
    Magnitude of W:	60619.397334932	
    Magnitude of B_grad:	0.2	
    Magnitude of b:	6.2833175432442	

	
    Current index:	59501	
    Magnitude of W_grad:	11.172	
    Magnitude of W:	60570.143377865	
    Magnitude of B_grad:	0.356	
    Magnitude of b:	6.5136387534802	

	
    Current index:	69501	
    Magnitude of W_grad:	9.1559999999999	
    Magnitude of W:	60524.209984455	
    Magnitude of B_grad:	0.204	
    Magnitude of b:	6.767960133168	

	
    Current index:	79501	
    Magnitude of W_grad:	14.340740740741	
    Magnitude of W:	60475.074833041	
    Magnitude of B_grad:	0.9037037037037	
    Magnitude of b:	5.4865429264316	

	
SGD: Hinge Loss is	
321180.33431942	
SGD: Validation Accuracy is:	
0.25340599455041	
SGD: Magnitude of W:	
60475.074833041	
SGD: Magnitude of b:	
5.4865429264316	
    Current index:	9501	
    Magnitude of W_grad:	10.828	
    Magnitude of W:	60427.943030084	
    Magnitude of B_grad:	0.204	
    Magnitude of b:	6.5935914313765	

	
    Current index:	19501	
    Magnitude of W_grad:	9.5319999999999	
    Magnitude of W:	60383.09157838	
    Magnitude of B_grad:	0.244	
    Magnitude of b:	6.7279101612361	

	
    Current index:	29501	
    Magnitude of W_grad:	9.2959999999999	
    Magnitude of W:	60340.149736304	
    Magnitude of B_grad:	0.128	
    Magnitude of b:	7.2421907899419	

	
    Current index:	39501	
    Magnitude of W_grad:	13.684	
    Magnitude of W:	60294.883095863	
    Magnitude of B_grad:	0.728	
    Magnitude of b:	6.8123514197769	

	
    Current index:	49501	
    Magnitude of W_grad:	9.6999999999999	
    Magnitude of W:	60246.803763749	
    Magnitude of B_grad:	0.212	
    Magnitude of b:	6.0886330906287	

	
    Current index:	59501	
    Magnitude of W_grad:	11.06	
    Magnitude of W:	60201.10360716	
    Magnitude of B_grad:	0.384	
    Magnitude of b:	6.2710051979349	

	
    Current index:	69501	
    Magnitude of W_grad:	9.0519999999999	
    Magnitude of W:	60156.934514377	
    Magnitude of B_grad:	0.184	
    Magnitude of b:	6.5933767584631	

	
    Current index:	79501	
    Magnitude of W_grad:	13.925925925926	
    Magnitude of W:	60111.695791081	
    Magnitude of B_grad:	0.93333333333333	
    Magnitude of b:	5.2223856157631	

	
SGD: Hinge Loss is	
304255.84767007	
SGD: Validation Accuracy is:	
0.25613079019074	
SGD: Magnitude of W:	
60111.695791081	
SGD: Magnitude of b:	
5.2223856157631	
    Current index:	9501	
    Magnitude of W_grad:	10.632	
    Magnitude of W:	60067.812574663	
    Magnitude of B_grad:	0.204	
    Magnitude of b:	6.4809051688656	

	
    Current index:	19501	
    Magnitude of W_grad:	9.0079999999999	
    Magnitude of W:	60025.373418554	
    Magnitude of B_grad:	0.22	
    Magnitude of b:	6.6472499858613	

	
    Current index:	29501	
    Magnitude of W_grad:	9.1399999999999	
    Magnitude of W:	59983.867964996	
    Magnitude of B_grad:	0.14	
    Magnitude of b:	7.1735509701412	

	
    Current index:	39501	
    Magnitude of W_grad:	13.164	
    Magnitude of W:	59941.466813407	
    Magnitude of B_grad:	0.692	
    Magnitude of b:	6.7277368220023	

	
    Current index:	49501	
    Magnitude of W_grad:	9.8159999999999	
    Magnitude of W:	59894.970105178	
    Magnitude of B_grad:	0.224	
    Magnitude of b:	5.9725742153988	

	
    Current index:	59501	
    Magnitude of W_grad:	11.028	
    Magnitude of W:	59851.563115486	
    Magnitude of B_grad:	0.396	
    Magnitude of b:	6.0669820965297	

	
    Current index:	69501	
    Magnitude of W_grad:	8.7959999999999	
    Magnitude of W:	59809.282292115	
    Magnitude of B_grad:	0.132	
    Magnitude of b:	6.4093929872333	

	
    Current index:	79501	
    Magnitude of W_grad:	13.851851851852	
    Magnitude of W:	59765.721094032	
    Magnitude of B_grad:	0.85925925925926	
    Magnitude of b:	5.1965106183297	

	
SGD: Hinge Loss is	
289277.6478684	
SGD: Validation Accuracy is:	
0.26430517711172	
SGD: Magnitude of W:	
59765.721094032	
SGD: Magnitude of b:	
5.1965106183297	
    Current index:	9501	
    Magnitude of W_grad:	10.4	
    Magnitude of W:	59723.875207829	
    Magnitude of B_grad:	0.264	
    Magnitude of b:	6.3824578135208	

	
    Current index:	19501	
    Magnitude of W_grad:	8.9799999999999	
    Magnitude of W:	59683.864345329	
    Magnitude of B_grad:	0.22	
    Magnitude of b:	6.5128316213783	

	
    Current index:	29501	
    Magnitude of W_grad:	9.0359999999999	
    Magnitude of W:	59643.879646031	
    Magnitude of B_grad:	0.136	
    Magnitude of b:	7.0671580231448	

	
    Current index:	39501	
    Magnitude of W_grad:	13.204	
    Magnitude of W:	59603.382400615	
    Magnitude of B_grad:	0.728	
    Magnitude of b:	6.6333747102831	

	
    Current index:	49501	
    Magnitude of W_grad:	9.6439999999999	
    Magnitude of W:	59559.283698706	
    Magnitude of B_grad:	0.216	
    Magnitude of b:	5.8787369713205	

	
    Current index:	59501	
    Magnitude of W_grad:	10.552	
    Magnitude of W:	59517.79659545	
    Magnitude of B_grad:	0.392	
    Magnitude of b:	5.9731662568704	

	
    Current index:	69501	
    Magnitude of W_grad:	8.6599999999999	
    Magnitude of W:	59477.146045822	
    Magnitude of B_grad:	0.12	
    Magnitude of b:	6.2795989484942	

	
    Current index:	79501	
    Magnitude of W_grad:	13.540740740741	
    Magnitude of W:	59436.231399604	
    Magnitude of B_grad:	0.87407407407407	
    Magnitude of b:	5.1017624843417	

	
SGD: Hinge Loss is	
278224.621192	
SGD: Validation Accuracy is:	
0.27429609445958	
SGD: Magnitude of W:	
59436.231399604	
SGD: Magnitude of b:	
5.1017624843417	
    Current index:	9501	
    Magnitude of W_grad:	10.408	
    Magnitude of W:	59396.883669236	
    Magnitude of B_grad:	0.272	
    Magnitude of b:	6.2945474481936	

	
    Current index:	19501	
    Magnitude of W_grad:	8.8959999999999	
    Magnitude of W:	59358.452594303	
    Magnitude of B_grad:	0.2	
    Magnitude of b:	6.4129454912776	

	
    Current index:	29501	
    Magnitude of W_grad:	8.8719999999999	
    Magnitude of W:	59320.533484989	
    Magnitude of B_grad:	0.14	
    Magnitude of b:	6.9712933099901	

	
    Current index:	39501	
    Magnitude of W_grad:	12.944	
    Magnitude of W:	59281.96981417	
    Magnitude of B_grad:	0.716	
    Magnitude of b:	6.5535346728557	

	
    Current index:	49501	
    Magnitude of W_grad:	9.4519999999999	
    Magnitude of W:	59240.044333343	
    Magnitude of B_grad:	0.224	
    Magnitude of b:	5.7422358674064	

	
    Current index:	59501	
    Magnitude of W_grad:	10.208	
    Magnitude of W:	59200.134887541	
    Magnitude of B_grad:	0.388	
    Magnitude of b:	5.8726920476081	

	
    Current index:	69501	
    Magnitude of W_grad:	8.5599999999999	
    Magnitude of W:	59161.175053437	
    Magnitude of B_grad:	0.132	
    Magnitude of b:	6.171151024675	

	
    Current index:	79501	
    Magnitude of W_grad:	13.540740740741	
    Magnitude of W:	59122.164621626	
    Magnitude of B_grad:	0.88888888888889	
    Magnitude of b:	5.0435033280268	

	
SGD: Hinge Loss is	
268970.32310862	
SGD: Validation Accuracy is:	
0.27883742052679	
SGD: Magnitude of W:	
59122.164621626	
SGD: Magnitude of b:	
5.0435033280268	
    Current index:	9501	
    Magnitude of W_grad:	10.344	
    Magnitude of W:	59085.105030787	
    Magnitude of B_grad:	0.252	
    Magnitude of b:	6.2091211121784	

	
    Current index:	19501	
    Magnitude of W_grad:	8.8679999999999	
    Magnitude of W:	59048.475420533	
    Magnitude of B_grad:	0.196	
    Magnitude of b:	6.3355403053996	

	
    Current index:	29501	
    Magnitude of W_grad:	8.6759999999999	
    Magnitude of W:	59012.336294709	
    Magnitude of B_grad:	0.132	
    Magnitude of b:	6.8779057539911	

	
    Current index:	39501	
    Magnitude of W_grad:	12.524	
    Magnitude of W:	58975.614637255	
    Magnitude of B_grad:	0.7	
    Magnitude of b:	6.4801741335849	

	
    Current index:	49501	
    Magnitude of W_grad:	9.3519999999999	
    Magnitude of W:	58935.041409052	
    Magnitude of B_grad:	0.184	
    Magnitude of b:	5.667023249311	

	
    Current index:	59501	
    Magnitude of W_grad:	10.024	
    Magnitude of W:	58896.390971659	
    Magnitude of B_grad:	0.384	
    Magnitude of b:	5.8374902305875	

	
    Current index:	69501	
    Magnitude of W_grad:	8.7199999999999	
    Magnitude of W:	58858.716452971	
    Magnitude of B_grad:	0.088	
    Magnitude of b:	6.1159627180964	

	
    Current index:	79501	
    Magnitude of W_grad:	12.785185185185	
    Magnitude of W:	58822.11506593	
    Magnitude of B_grad:	0.87407407407407	
    Magnitude of b:	4.9973015319472	

	
SGD: Hinge Loss is	
262791.18580151	
SGD: Validation Accuracy is:	
0.27883742052679	
SGD: Magnitude of W:	
58822.11506593	
SGD: Magnitude of b:	
4.9973015319472	
    Current index:	9501	
    Magnitude of W_grad:	10.028	
    Magnitude of W:	58786.134423202	
    Magnitude of B_grad:	0.236	
    Magnitude of b:	6.1852549307669	

	
    Current index:	19501	
    Magnitude of W_grad:	8.7879999999999	
    Magnitude of W:	58750.442611609	
    Magnitude of B_grad:	0.18	
    Magnitude of b:	6.271689810382	

	
    Current index:	29501	
    Magnitude of W_grad:	8.5759999999999	
    Magnitude of W:	58715.126241448	
    Magnitude of B_grad:	0.148	
    Magnitude of b:	6.7900723980074	

	
    Current index:	39501	
    Magnitude of W_grad:	12.096	
    Magnitude of W:	58679.405998352	
    Magnitude of B_grad:	0.676	
    Magnitude of b:	6.4523566563282	

	
    Current index:	49501	
    Magnitude of W_grad:	9.4479999999999	
    Magnitude of W:	58640.182282425	
    Magnitude of B_grad:	0.18	
    Magnitude of b:	5.6186843017141	

	
    Current index:	59501	
    Magnitude of W_grad:	9.804	
    Magnitude of W:	58602.811452031	
    Magnitude of B_grad:	0.38	
    Magnitude of b:	5.8131613625345	

	
    Current index:	69501	
    Magnitude of W_grad:	8.6359999999999	
    Magnitude of W:	58566.315598111	
    Magnitude of B_grad:	0.1	
    Magnitude of b:	6.0436463882419	

	
    Current index:	79501	
    Magnitude of W_grad:	12.533333333333	
    Magnitude of W:	58531.357747064	
    Magnitude of B_grad:	0.85925925925926	
    Magnitude of b:	4.9351472215683	

	
SGD: Hinge Loss is	
254925.46498705	
SGD: Validation Accuracy is:	
0.27883742052679	
SGD: Magnitude of W:	
58531.357747064	
SGD: Magnitude of b:	
4.9351472215683	
    Current index:	9501	
    Magnitude of W_grad:	9.9239999999999	
    Magnitude of W:	58496.848944931	
    Magnitude of B_grad:	0.24	
    Magnitude of b:	6.1583563149799	

	
    Current index:	19501	
    Magnitude of W_grad:	8.7519999999999	
    Magnitude of W:	58462.479741678	
    Magnitude of B_grad:	0.2	
    Magnitude of b:	6.2128054326432	

	
    Current index:	29501	
    Magnitude of W_grad:	8.5519999999999	
    Magnitude of W:	58428.389752593	
    Magnitude of B_grad:	0.168	
    Magnitude of b:	6.7032053183177	

	
    Current index:	39501	
    Magnitude of W_grad:	11.912	
    Magnitude of W:	58394.169415018	
    Magnitude of B_grad:	0.644	
    Magnitude of b:	6.3935107371941	

	
    Current index:	49501	
    Magnitude of W_grad:	9.1279999999999	
    Magnitude of W:	58355.974119138	
    Magnitude of B_grad:	0.176	
    Magnitude of b:	5.5292483915903	

	
    Current index:	59501	
    Magnitude of W_grad:	9.5999999999999	
    Magnitude of W:	58320.015341179	
    Magnitude of B_grad:	0.356	
    Magnitude of b:	5.7397476598498	

	
    Current index:	69501	
    Magnitude of W_grad:	8.6199999999999	
    Magnitude of W:	58284.630076447	
    Magnitude of B_grad:	0.116	
    Magnitude of b:	5.9542540337735	

	
    Current index:	79501	
    Magnitude of W_grad:	11.57037037037	
    Magnitude of W:	58251.19082101	
    Magnitude of B_grad:	0.78518518518519	
    Magnitude of b:	4.8406589278276	

	
SGD: Hinge Loss is	
250472.99929229	
SGD: Validation Accuracy is:	
0.28156221616712	
SGD: Magnitude of W:	
58251.19082101	
SGD: Magnitude of b:	
4.8406589278276	
    Current index:	9501	
    Magnitude of W_grad:	9.5959999999999	
    Magnitude of W:	58217.485296505	
    Magnitude of B_grad:	0.208	
    Magnitude of b:	6.0822306209993	

	
    Current index:	19501	
    Magnitude of W_grad:	8.6479999999999	
    Magnitude of W:	58183.915092216	
    Magnitude of B_grad:	0.204	
    Magnitude of b:	6.1046992069174	

	
    Current index:	29501	
    Magnitude of W_grad:	8.4839999999999	
    Magnitude of W:	58150.821716516	
    Magnitude of B_grad:	0.132	
    Magnitude of b:	6.6191244318355	

	
    Current index:	39501	
    Magnitude of W_grad:	11.656	
    Magnitude of W:	58117.691046003	
    Magnitude of B_grad:	0.624	
    Magnitude of b:	6.3014519691204	

	
    Current index:	49501	
    Magnitude of W_grad:	9.2279999999999	
    Magnitude of W:	58080.446455546	
    Magnitude of B_grad:	0.18	
    Magnitude of b:	5.5219928366572	

	
    Current index:	59501	
    Magnitude of W_grad:	9.2959999999999	
    Magnitude of W:	58045.646959959	
    Magnitude of B_grad:	0.344	
    Magnitude of b:	5.7205031679939	

	
    Current index:	69501	
    Magnitude of W_grad:	8.3559999999999	
    Magnitude of W:	58010.896012542	
    Magnitude of B_grad:	0.084	
    Magnitude of b:	5.91102135587	

	
    Current index:	79501	
    Magnitude of W_grad:	10.696296296296	
    Magnitude of W:	57978.199441445	
    Magnitude of B_grad:	0.71111111111111	
    Magnitude of b:	4.8511615550947	

	
SGD: Hinge Loss is	
244962.78894559	
SGD: Validation Accuracy is:	
0.28247048138056	
SGD: Magnitude of W:	
57978.199441445	
SGD: Magnitude of b:	
4.8511615550947	
    Current index:	9501	
    Magnitude of W_grad:	9.3399999999999	
    Magnitude of W:	57945.400667772	
    Magnitude of B_grad:	0.196	
    Magnitude of b:	6.0570189666772	

	
    Current index:	19501	
    Magnitude of W_grad:	8.4719999999999	
    Magnitude of W:	57912.743598821	
    Magnitude of B_grad:	0.184	
    Magnitude of b:	6.1074934314467	

	
    Current index:	29501	
    Magnitude of W_grad:	8.4159999999999	
    Magnitude of W:	57880.655289735	
    Magnitude of B_grad:	0.128	
    Magnitude of b:	6.5739239817453	

	
    Current index:	39501	
    Magnitude of W_grad:	11.556	
    Magnitude of W:	57848.40839489	
    Magnitude of B_grad:	0.6	
    Magnitude of b:	6.2762626184389	

	
    Current index:	49501	
    Magnitude of W_grad:	8.8839999999999	
    Magnitude of W:	57812.332380156	
    Magnitude of B_grad:	0.18	
    Magnitude of b:	5.4609017484332	

	
    Current index:	59501	
    Magnitude of W_grad:	9.1999999999999	
    Magnitude of W:	57778.261217384	
    Magnitude of B_grad:	0.316	
    Magnitude of b:	5.7154220468157	

	
    Current index:	69501	
    Magnitude of W_grad:	8.3919999999999	
    Magnitude of W:	57744.439627291	
    Magnitude of B_grad:	0.076	
    Magnitude of b:	5.8739454282393	

	
    Current index:	79501	
    Magnitude of W_grad:	10.014814814815	
    Magnitude of W:	57712.779834834	
    Magnitude of B_grad:	0.66666666666667	
    Magnitude of b:	4.8057970415927	

	
SGD: Hinge Loss is	
239992.95990639	
SGD: Validation Accuracy is:	
0.28247048138056	
SGD: Magnitude of W:	
57712.779834834	
SGD: Magnitude of b:	
4.8057970415927	
    Current index:	9501	
    Magnitude of W_grad:	9.1599999999999	
    Magnitude of W:	57680.37419142	
    Magnitude of B_grad:	0.192	
    Magnitude of b:	5.9970427058164	

	
    Current index:	19501	
    Magnitude of W_grad:	8.2079999999999	
    Magnitude of W:	57648.433401468	
    Magnitude of B_grad:	0.184	
    Magnitude of b:	6.0075289170031	

	
    Current index:	29501	
    Magnitude of W_grad:	8.3719999999999	
    Magnitude of W:	57616.994920966	
    Magnitude of B_grad:	0.12	
    Magnitude of b:	6.5179767349018	

	
    Current index:	39501	
    Magnitude of W_grad:	11.4	
    Magnitude of W:	57585.696750942	
    Magnitude of B_grad:	0.608	
    Magnitude of b:	6.220326658444	

	
    Current index:	49501	
    Magnitude of W_grad:	8.7679999999999	
    Magnitude of W:	57550.314265226	
    Magnitude of B_grad:	0.176	
    Magnitude of b:	5.4083137918181	

	
    Current index:	59501	
    Magnitude of W_grad:	9.2959999999999	
    Magnitude of W:	57517.249095485	
    Magnitude of B_grad:	0.312	
    Magnitude of b:	5.6948477980676	

	
    Current index:	69501	
    Magnitude of W_grad:	8.2719999999999	
    Magnitude of W:	57484.04538342	
    Magnitude of B_grad:	0.076	
    Magnitude of b:	5.8453798115132	

	
    Current index:	79501	
    Magnitude of W_grad:	9.8814814814814	
    Magnitude of W:	57453.34423766	
    Magnitude of B_grad:	0.62222222222222	
    Magnitude of b:	4.8016858050098	

	
SGD: Hinge Loss is	
235793.03005756	
SGD: Validation Accuracy is:	
0.29064486830154	
SGD: Magnitude of W:	
57453.34423766	
SGD: Magnitude of b:	
4.8016858050098	
    Current index:	9501	
    Magnitude of W_grad:	9.0319999999999	
    Magnitude of W:	57421.855111706	
    Magnitude of B_grad:	0.196	
    Magnitude of b:	5.9463370343782	

	
    Current index:	19501	
    Magnitude of W_grad:	8.0359999999998	
    Magnitude of W:	57390.27779957	
    Magnitude of B_grad:	0.18	
    Magnitude of b:	5.9248380878332	

	
    Current index:	29501	
    Magnitude of W_grad:	8.1559999999999	
    Magnitude of W:	57359.561110076	
    Magnitude of B_grad:	0.136	
    Magnitude of b:	6.4512978314069	

	
    Current index:	39501	
    Magnitude of W_grad:	11.096	
    Magnitude of W:	57328.879065633	
    Magnitude of B_grad:	0.552	
    Magnitude of b:	6.1816653026878	

	
    Current index:	49501	
    Magnitude of W_grad:	8.6199999999999	
    Magnitude of W:	57294.447021454	
    Magnitude of B_grad:	0.156	
    Magnitude of b:	5.3402397879561	

	
    Current index:	59501	
    Magnitude of W_grad:	9.1199999999999	
    Magnitude of W:	57262.047375635	
    Magnitude of B_grad:	0.312	
    Magnitude of b:	5.6347910894902	

	
    Current index:	69501	
    Magnitude of W_grad:	8.1319999999999	
    Magnitude of W:	57229.872973834	
    Magnitude of B_grad:	0.064	
    Magnitude of b:	5.8173361247561	

	
    Current index:	79501	
    Magnitude of W_grad:	9.437037037037	
    Magnitude of W:	57199.655890254	
    Magnitude of B_grad:	0.59259259259259	
    Magnitude of b:	4.7672850681891	

	
SGD: Hinge Loss is	
230611.26931928	
SGD: Validation Accuracy is:	
0.29518619436876	
SGD: Magnitude of W:	
57199.655890254	
SGD: Magnitude of b:	
4.7672850681891	
    Current index:	9501	
    Magnitude of W_grad:	8.9959999999999	
    Magnitude of W:	57168.72482891	
    Magnitude of B_grad:	0.184	
    Magnitude of b:	5.9189561856528	

	
    Current index:	19501	
    Magnitude of W_grad:	7.8439999999998	
    Magnitude of W:	57137.789448162	
    Magnitude of B_grad:	0.196	
    Magnitude of b:	5.8854683337101	

	
    Current index:	29501	
    Magnitude of W_grad:	8.0679999999999	
    Magnitude of W:	57107.802891145	
    Magnitude of B_grad:	0.116	
    Magnitude of b:	6.363943337703	

	
    Current index:	39501	
    Magnitude of W_grad:	10.768	
    Magnitude of W:	57078.272598631	
    Magnitude of B_grad:	0.552	
    Magnitude of b:	6.1223263162187	

	
    Current index:	49501	
    Magnitude of W_grad:	8.2159999999999	
    Magnitude of W:	57044.342342802	
    Magnitude of B_grad:	0.18	
    Magnitude of b:	5.2738644061786	

	
    Current index:	59501	
    Magnitude of W_grad:	9.0439999999999	
    Magnitude of W:	57012.600590887	
    Magnitude of B_grad:	0.316	
    Magnitude of b:	5.5964300151597	

	
    Current index:	69501	
    Magnitude of W_grad:	7.9799999999998	
    Magnitude of W:	56981.341228845	
    Magnitude of B_grad:	0.068	
    Magnitude of b:	5.7309862406621	

	
    Current index:	79501	
    Magnitude of W_grad:	8.4592592592592	
    Magnitude of W:	56951.706461655	
    Magnitude of B_grad:	0.53333333333333	
    Magnitude of b:	4.771027125125	

	
SGD: Hinge Loss is	
226827.02364874	
SGD: Validation Accuracy is:	
0.30063578564941	
SGD: Magnitude of W:	
56951.706461655	
SGD: Magnitude of b:	
4.771027125125	
    Current index:	9501	
    Magnitude of W_grad:	8.6839999999999	
    Magnitude of W:	56922.165982619	
    Magnitude of B_grad:	0.176	
    Magnitude of b:	5.8640938340725	

	
    Current index:	19501	
    Magnitude of W_grad:	7.8559999999998	
    Magnitude of W:	56891.580172959	
    Magnitude of B_grad:	0.18	
    Magnitude of b:	5.8066204119206	

	
    Current index:	29501	
    Magnitude of W_grad:	8.0359999999999	
    Magnitude of W:	56862.565951848	
    Magnitude of B_grad:	0.108	
    Magnitude of b:	6.2971124033397	

	
    Current index:	39501	
    Magnitude of W_grad:	10.164	
    Magnitude of W:	56833.540467394	
    Magnitude of B_grad:	0.5	
    Magnitude of b:	6.0755123651495	

	
    Current index:	49501	
    Magnitude of W_grad:	8.2399999999999	
    Magnitude of W:	56800.058825863	
    Magnitude of B_grad:	0.16	
    Magnitude of b:	5.2176445394121	

	
    Current index:	59501	
    Magnitude of W_grad:	8.8279999999999	
    Magnitude of W:	56769.106336421	
    Magnitude of B_grad:	0.32	
    Magnitude of b:	5.5442205494313	

	
    Current index:	69501	
    Magnitude of W_grad:	7.9959999999998	
    Magnitude of W:	56738.901827991	
    Magnitude of B_grad:	0.068	
    Magnitude of b:	5.7507802423177	

	
    Current index:	79501	
    Magnitude of W_grad:	8.9185185185185	
    Magnitude of W:	56710.200142001	
    Magnitude of B_grad:	0.54814814814815	
    Magnitude of b:	4.7011967722714	

	
SGD: Hinge Loss is	
223805.37049857	
SGD: Validation Accuracy is:	
0.29336966394187	
SGD: Magnitude of W:	
56710.200142001	
SGD: Magnitude of b:	
4.7011967722714	
    Current index:	9501	
    Magnitude of W_grad:	8.3279999999998	
    Magnitude of W:	56680.977298232	
    Magnitude of B_grad:	0.144	
    Magnitude of b:	5.8580377206552	

	
    Current index:	19501	
    Magnitude of W_grad:	7.6679999999998	
    Magnitude of W:	56651.084035098	
    Magnitude of B_grad:	0.176	
    Magnitude of b:	5.788567828107	

	
    Current index:	29501	
    Magnitude of W_grad:	7.9799999999999	
    Magnitude of W:	56622.757827892	
    Magnitude of B_grad:	0.14	
    Magnitude of b:	6.2470651062557	

	
    Current index:	39501	
    Magnitude of W_grad:	10.06	
    Magnitude of W:	56594.349023181	
    Magnitude of B_grad:	0.504	
    Magnitude of b:	6.0614728644006	

	
    Current index:	49501	
    Magnitude of W_grad:	8.1959999999999	
    Magnitude of W:	56561.264594497	
    Magnitude of B_grad:	0.156	
    Magnitude of b:	5.1935809853586	

	
    Current index:	59501	
    Magnitude of W_grad:	8.7559999999999	
    Magnitude of W:	56531.026310557	
    Magnitude of B_grad:	0.288	
    Magnitude of b:	5.494398686396	

	
    Current index:	69501	
    Magnitude of W_grad:	7.8879999999998	
    Magnitude of W:	56501.419898223	
    Magnitude of B_grad:	0.068	
    Magnitude of b:	5.6689790769056	

	
    Current index:	79501	
    Magnitude of W_grad:	6.9777777777777	
    Magnitude of W:	56473.104957494	
    Magnitude of B_grad:	0.54814814814815	
    Magnitude of b:	4.707216405637	

	
SGD: Hinge Loss is	
220179.31872193	
SGD: Validation Accuracy is:	
0.29791099000908	
SGD: Magnitude of W:	
56473.104957494	
SGD: Magnitude of b:	
4.707216405637	
    Current index:	9501	
    Magnitude of W_grad:	8.2759999999998	
    Magnitude of W:	56444.38782162	
    Magnitude of B_grad:	0.128	
    Magnitude of b:	5.7988381321332	

	
    Current index:	19501	
    Magnitude of W_grad:	7.5279999999998	
    Magnitude of W:	56415.37228034	
    Magnitude of B_grad:	0.168	
    Magnitude of b:	5.7293875756236	

	
    Current index:	29501	
    Magnitude of W_grad:	7.8119999999999	
    Magnitude of W:	56387.798764693	
    Magnitude of B_grad:	0.136	
    Magnitude of b:	6.1678988108603	

	
    Current index:	39501	
    Magnitude of W_grad:	9.9639999999999	
    Magnitude of W:	56359.781063143	
    Magnitude of B_grad:	0.488	
    Magnitude of b:	5.9903219788274	

	
    Current index:	49501	
    Magnitude of W_grad:	8.0879999999999	
    Magnitude of W:	56327.36836754	
    Magnitude of B_grad:	0.156	
    Magnitude of b:	5.1580669909965	

	
    Current index:	59501	
    Magnitude of W_grad:	8.3279999999999	
    Magnitude of W:	56297.79817362	
    Magnitude of B_grad:	0.292	
    Magnitude of b:	5.4566977406152	

	
    Current index:	69501	
    Magnitude of W_grad:	7.4999999999998	
    Magnitude of W:	56268.847696534	
    Magnitude of B_grad:	0.088	
    Magnitude of b:	5.607290059193	

	
    Current index:	79501	
    Magnitude of W_grad:	6.7555555555555	
    Magnitude of W:	56241.347712395	
    Magnitude of B_grad:	0.5037037037037	
    Magnitude of b:	4.6551292811265	

	
SGD: Hinge Loss is	
216501.24583137	
SGD: Validation Accuracy is:	
0.29155313351499	
SGD: Magnitude of W:	
56241.347712395	
SGD: Magnitude of b:	
4.6551292811265	
    Current index:	9501	
    Magnitude of W_grad:	8.3279999999998	
    Magnitude of W:	56213.242590889	
    Magnitude of B_grad:	0.144	
    Magnitude of b:	5.8062455270861	

	
    Current index:	19501	
    Magnitude of W_grad:	7.5679999999998	
    Magnitude of W:	56184.657509489	
    Magnitude of B_grad:	0.152	
    Magnitude of b:	5.6647988359881	

	
    Current index:	29501	
    Magnitude of W_grad:	7.8039999999998	
    Magnitude of W:	56157.808328585	
    Magnitude of B_grad:	0.124	
    Magnitude of b:	6.1273242312154	

	
    Current index:	39501	
    Magnitude of W_grad:	9.6679999999998	
    Magnitude of W:	56130.526752222	
    Magnitude of B_grad:	0.444	
    Magnitude of b:	5.9497615559144	

	
    Current index:	49501	
    Magnitude of W_grad:	7.9479999999998	
    Magnitude of W:	56098.696458278	
    Magnitude of B_grad:	0.156	
    Magnitude of b:	5.1208290084586	

	
    Current index:	59501	
    Magnitude of W_grad:	8.1799999999998	
    Magnitude of W:	56069.739105897	
    Magnitude of B_grad:	0.264	
    Magnitude of b:	5.4023253179233	

	
    Current index:	69501	
    Magnitude of W_grad:	7.5199999999998	
    Magnitude of W:	56041.070476342	
    Magnitude of B_grad:	0.08	
    Magnitude of b:	5.5929303359882	

	
    Current index:	79501	
    Magnitude of W_grad:	7.0962962962963	
    Magnitude of W:	56014.222390761	
    Magnitude of B_grad:	0.51851851851852	
    Magnitude of b:	4.6090088011267	

	
SGD: Hinge Loss is	
214178.3719922	
SGD: Validation Accuracy is:	
0.29427792915531	
SGD: Magnitude of W:	
56014.222390761	
SGD: Magnitude of b:	
4.6090088011267	
    Current index:	9501	
    Magnitude of W_grad:	7.8639999999998	
    Magnitude of W:	55986.319366908	
    Magnitude of B_grad:	0.12	
    Magnitude of b:	5.7728200302061	

	
    Current index:	19501	
    Magnitude of W_grad:	7.6039999999998	
    Magnitude of W:	55958.472977056	
    Magnitude of B_grad:	0.164	
    Magnitude of b:	5.6753765597763	

	
    Current index:	29501	
    Magnitude of W_grad:	7.5319999999998	
    Magnitude of W:	55932.401088769	
    Magnitude of B_grad:	0.128	
    Magnitude of b:	6.053912558006	

	
    Current index:	39501	
    Magnitude of W_grad:	9.2679999999998	
    Magnitude of W:	55905.31287456	
    Magnitude of B_grad:	0.42	
    Magnitude of b:	5.9083625417422	

	
    Current index:	49501	
    Magnitude of W_grad:	7.6639999999998	
    Magnitude of W:	55874.178095673	
    Magnitude of B_grad:	0.164	
    Magnitude of b:	5.0891299929783	

	
    Current index:	59501	
    Magnitude of W_grad:	7.8999999999998	
    Magnitude of W:	55845.896779876	
    Magnitude of B_grad:	0.268	
    Magnitude of b:	5.3583724802143	

	
    Current index:	69501	
    Magnitude of W_grad:	7.3399999999998	
    Magnitude of W:	55818.161079031	
    Magnitude of B_grad:	0.084	
    Magnitude of b:	5.5409889873765	

	
    Current index:	79501	
    Magnitude of W_grad:	6.4592592592592	
    Magnitude of W:	55791.736523742	
    Magnitude of B_grad:	0.48888888888889	
    Magnitude of b:	4.6465878865929	

	
SGD: Hinge Loss is	
209218.19695909	
SGD: Validation Accuracy is:	
0.30426884650318	
SGD: Magnitude of W:	
55791.736523742	
SGD: Magnitude of b:	
4.6465878865929	
    Current index:	9501	
    Magnitude of W_grad:	7.8119999999998	
    Magnitude of W:	55764.771012681	
    Magnitude of B_grad:	0.1	
    Magnitude of b:	5.7455054584889	

	
    Current index:	19501	
    Magnitude of W_grad:	7.4399999999998	
    Magnitude of W:	55737.56640886	
    Magnitude of B_grad:	0.164	
    Magnitude of b:	5.6240738694137	

	
    Current index:	29501	
    Magnitude of W_grad:	7.2919999999998	
    Magnitude of W:	55711.619605585	
    Magnitude of B_grad:	0.132	
    Magnitude of b:	6.0386146143186	

	
    Current index:	39501	
    Magnitude of W_grad:	9.2519999999998	
    Magnitude of W:	55685.319851934	
    Magnitude of B_grad:	0.42	
    Magnitude of b:	5.8690712522194	

	
    Current index:	49501	
    Magnitude of W_grad:	7.6479999999998	
    Magnitude of W:	55654.89821312	
    Magnitude of B_grad:	0.172	
    Magnitude of b:	5.0687331575008	

	
    Current index:	59501	
    Magnitude of W_grad:	7.8799999999998	
    Magnitude of W:	55626.547456537	
    Magnitude of B_grad:	0.252	
    Magnitude of b:	5.3240912317927	

	
    Current index:	69501	
    Magnitude of W_grad:	7.2519999999998	
    Magnitude of W:	55599.558050612	
    Magnitude of B_grad:	0.112	
    Magnitude of b:	5.4947165986438	

	
    Current index:	79501	
    Magnitude of W_grad:	5.9407407407407	
    Magnitude of W:	55573.484489801	
    Magnitude of B_grad:	0.45925925925926	
    Magnitude of b:	4.6270681590082	

	
SGD: Hinge Loss is	
207021.44645477	
SGD: Validation Accuracy is:	
0.30245231607629	
SGD: Magnitude of W:	
55573.484489801	
SGD: Magnitude of b:	
4.6270681590082	
    Current index:	9501	
    Magnitude of W_grad:	7.6319999999998	
    Magnitude of W:	55546.760999195	
    Magnitude of B_grad:	0.12	
    Magnitude of b:	5.6874355678263	

	
    Current index:	19501	
    Magnitude of W_grad:	7.4599999999998	
    Magnitude of W:	55520.39752341	
    Magnitude of B_grad:	0.176	
    Magnitude of b:	5.6060157484859	

	
    Current index:	29501	
    Magnitude of W_grad:	7.1719999999999	
    Magnitude of W:	55494.742342271	
    Magnitude of B_grad:	0.128	
    Magnitude of b:	5.9885707212298	

	
    Current index:	39501	
    Magnitude of W_grad:	8.7599999999998	
    Magnitude of W:	55468.734641728	
    Magnitude of B_grad:	0.352	
    Magnitude of b:	5.8670392728429	

	
    Current index:	49501	
    Magnitude of W_grad:	7.6039999999998	
    Magnitude of W:	55438.760024324	
    Magnitude of B_grad:	0.172	
    Magnitude of b:	5.053567733182	

	
    Current index:	59501	
    Magnitude of W_grad:	7.7879999999998	
    Magnitude of W:	55411.094945457	
    Magnitude of B_grad:	0.252	
    Magnitude of b:	5.2994710834553	

	
    Current index:	69501	
    Magnitude of W_grad:	7.1119999999998	
    Magnitude of W:	55384.848809094	
    Magnitude of B_grad:	0.12	
    Magnitude of b:	5.4461037880904	

	
    Current index:	79501	
    Magnitude of W_grad:	6.1925925925926	
    Magnitude of W:	55359.460433841	
    Magnitude of B_grad:	0.44444444444444	
    Magnitude of b:	4.6184168714254	

	
SGD: Hinge Loss is	
203823.74359449	
SGD: Validation Accuracy is:	
0.30517711171662	
SGD: Magnitude of W:	
55359.460433841	
SGD: Magnitude of b:	
4.6184168714254	
    Current index:	9501	
    Magnitude of W_grad:	7.6679999999998	
    Magnitude of W:	55333.176214154	
    Magnitude of B_grad:	0.112	
    Magnitude of b:	5.6710638686094	

	
    Current index:	19501	
    Magnitude of W_grad:	7.2399999999998	
    Magnitude of W:	55306.980152535	
    Magnitude of B_grad:	0.148	
    Magnitude of b:	5.5536522789207	

	
    Current index:	29501	
    Magnitude of W_grad:	6.9639999999998	
    Magnitude of W:	55281.774718805	
    Magnitude of B_grad:	0.12	
    Magnitude of b:	5.9402188941994	

	
    Current index:	39501	
    Magnitude of W_grad:	8.8119999999998	
    Magnitude of W:	55256.630446662	
    Magnitude of B_grad:	0.38	
    Magnitude of b:	5.8186934605026	

	
    Current index:	49501	
    Magnitude of W_grad:	7.4959999999998	
    Magnitude of W:	55227.347339529	
    Magnitude of B_grad:	0.156	
    Magnitude of b:	5.0440806560588	

	
    Current index:	59501	
    Magnitude of W_grad:	7.7479999999998	
    Magnitude of W:	55200.252145045	
    Magnitude of B_grad:	0.28	
    Magnitude of b:	5.2537096296837	

	
    Current index:	69501	
    Magnitude of W_grad:	6.8679999999998	
    Magnitude of W:	55174.540862684	
    Magnitude of B_grad:	0.108	
    Magnitude of b:	5.4123542272993	

	
    Current index:	79501	
    Magnitude of W_grad:	6.9333333333333	
    Magnitude of W:	55149.696328335	
    Magnitude of B_grad:	0.45925925925926	
    Magnitude of b:	4.6877814443644	

	
SGD: Hinge Loss is	
199270.23081011	
SGD: Validation Accuracy is:	
0.30790190735695	
SGD: Magnitude of W:	
55149.696328335	
SGD: Magnitude of b:	
4.6877814443644	
    Current index:	9501	
    Magnitude of W_grad:	7.5399999999998	
    Magnitude of W:	55123.731224502	
    Magnitude of B_grad:	0.104	
    Magnitude of b:	5.6424495764008	

	
    Current index:	19501	
    Magnitude of W_grad:	7.3839999999998	
    Magnitude of W:	55097.929055832	
    Magnitude of B_grad:	0.176	
    Magnitude of b:	5.5090448206019	

	
    Current index:	29501	
    Magnitude of W_grad:	7.1199999999999	
    Magnitude of W:	55072.993515213	
    Magnitude of B_grad:	0.112	
    Magnitude of b:	5.8996166108494	

	
    Current index:	39501	
    Magnitude of W_grad:	8.7759999999999	
    Magnitude of W:	55048.07521434	
    Magnitude of B_grad:	0.372	
    Magnitude of b:	5.7781005192206	

	
    Current index:	49501	
    Magnitude of W_grad:	7.2959999999999	
    Magnitude of W:	55019.283334964	
    Magnitude of B_grad:	0.164	
    Magnitude of b:	5.0590841015113	

	
    Current index:	59501	
    Magnitude of W_grad:	7.6319999999998	
    Magnitude of W:	54992.759215216	
    Magnitude of B_grad:	0.216	
    Magnitude of b:	5.2371673735419	

	
    Current index:	69501	
    Magnitude of W_grad:	6.9559999999998	
    Magnitude of W:	54967.287559367	
    Magnitude of B_grad:	0.088	
    Magnitude of b:	5.3798196912093	

	
    Current index:	79501	
    Magnitude of W_grad:	5.9555555555555	
    Magnitude of W:	54942.882744293	
    Magnitude of B_grad:	0.42962962962963	
    Magnitude of b:	4.5716412124042	

	
SGD: Hinge Loss is	
199049.04421371	
SGD: Validation Accuracy is:	
0.30245231607629	
SGD: Magnitude of W:	
54942.882744293	
SGD: Magnitude of b:	
4.5716412124042	
    Current index:	9501	
    Magnitude of W_grad:	7.9159999999998	
    Magnitude of W:	54917.70374257	
    Magnitude of B_grad:	0.12	
    Magnitude of b:	5.6405548516705	

	
    Current index:	19501	
    Magnitude of W_grad:	7.2479999999998	
    Magnitude of W:	54892.499505573	
    Magnitude of B_grad:	0.156	
    Magnitude of b:	5.5071569498598	

	
    Current index:	29501	
    Magnitude of W_grad:	6.9879999999998	
    Magnitude of W:	54867.843734922	
    Magnitude of B_grad:	0.1	
    Magnitude of b:	5.8697379530596	

	
    Current index:	39501	
    Magnitude of W_grad:	8.6319999999998	
    Magnitude of W:	54843.721670287	
    Magnitude of B_grad:	0.316	
    Magnitude of b:	5.7242376013426	

	
    Current index:	49501	
    Magnitude of W_grad:	7.3679999999998	
    Magnitude of W:	54814.861576412	
    Magnitude of B_grad:	0.152	
    Magnitude of b:	5.0604951257161	

	
    Current index:	59501	
    Magnitude of W_grad:	7.7199999999998	
    Magnitude of W:	54788.598432217	
    Magnitude of B_grad:	0.292	
    Magnitude of b:	5.2051070589159	

	
    Current index:	69501	
    Magnitude of W_grad:	6.8759999999998	
    Magnitude of W:	54763.588528001	
    Magnitude of B_grad:	0.084	
    Magnitude of b:	5.3797615511705	

	
    Current index:	79501	
    Magnitude of W_grad:	6.0148148148148	
    Magnitude of W:	54739.791719892	
    Magnitude of B_grad:	0.44444444444444	
    Magnitude of b:	4.5771975684058	

	
SGD: Hinge Loss is	
196299.23984261	
SGD: Validation Accuracy is:	
0.30790190735695	
SGD: Magnitude of W:	
54739.791719892	
SGD: Magnitude of b:	
4.5771975684058	
    Current index:	9501	
    Magnitude of W_grad:	7.9639999999998	
    Magnitude of W:	54714.896549842	
    Magnitude of B_grad:	0.116	
    Magnitude of b:	5.6071718838124	

	
    Current index:	19501	
    Magnitude of W_grad:	7.1279999999998	
    Magnitude of W:	54690.020171592	
    Magnitude of B_grad:	0.168	
    Magnitude of b:	5.4897832187995	

	
    Current index:	29501	
    Magnitude of W_grad:	6.9279999999998	
    Magnitude of W:	54665.78780703	
    Magnitude of B_grad:	0.1	
    Magnitude of b:	5.8283746116417	

	
    Current index:	39501	
    Magnitude of W_grad:	8.7359999999998	
    Magnitude of W:	54641.75694809	
    Magnitude of B_grad:	0.38	
    Magnitude of b:	5.7028824370267	

	
    Current index:	49501	
    Magnitude of W_grad:	7.2279999999998	
    Magnitude of W:	54613.856838831	
    Magnitude of B_grad:	0.152	
    Magnitude of b:	5.027139060359	

	
    Current index:	59501	
    Magnitude of W_grad:	7.8199999999998	
    Magnitude of W:	54587.892261058	
    Magnitude of B_grad:	0.26	
    Magnitude of b:	5.2114491523838	

	
    Current index:	69501	
    Magnitude of W_grad:	6.7159999999998	
    Magnitude of W:	54563.193169883	
    Magnitude of B_grad:	0.104	
    Magnitude of b:	5.3261101381265	

	
    Current index:	79501	
    Magnitude of W_grad:	5.7333333333333	
    Magnitude of W:	54539.538262126	
    Magnitude of B_grad:	0.41481481481481	
    Magnitude of b:	4.5195782419135	

	
SGD: Hinge Loss is	
193683.81959721	
SGD: Validation Accuracy is:	
0.30608537693006	
SGD: Magnitude of W:	
54539.538262126	
SGD: Magnitude of b:	
4.5195782419135	
    Current index:	9501	
    Magnitude of W_grad:	7.9119999999998	
    Magnitude of W:	54515.212092746	
    Magnitude of B_grad:	0.116	
    Magnitude of b:	5.5630132011345	

	
    Current index:	19501	
    Magnitude of W_grad:	6.9119999999998	
    Magnitude of W:	54490.573214206	
    Magnitude of B_grad:	0.152	
    Magnitude of b:	5.4616342691302	

	
    Current index:	29501	
    Magnitude of W_grad:	6.5919999999999	
    Magnitude of W:	54466.876202829	
    Magnitude of B_grad:	0.104	
    Magnitude of b:	5.7682339862306	

	
    Current index:	39501	
    Magnitude of W_grad:	9.2359999999999	
    Magnitude of W:	54443.589713339	
    Magnitude of B_grad:	0.44	
    Magnitude of b:	5.6587554071235	

	
    Current index:	49501	
    Magnitude of W_grad:	7.1759999999998	
    Magnitude of W:	54416.140276557	
    Magnitude of B_grad:	0.148	
    Magnitude of b:	4.9970971479981	

	
    Current index:	59501	
    Magnitude of W_grad:	7.5839999999998	
    Magnitude of W:	54390.716549025	
    Magnitude of B_grad:	0.264	
    Magnitude of b:	5.1571308181857	

	
    Current index:	69501	
    Magnitude of W_grad:	6.8439999999998	
    Magnitude of W:	54366.312508724	
    Magnitude of B_grad:	0.12	
    Magnitude of b:	5.3238017777485	

	
    Current index:	79501	
    Magnitude of W_grad:	5.6740740740741	
    Magnitude of W:	54343.408471481	
    Magnitude of B_grad:	0.4	
    Magnitude of b:	4.5516654242605	

	
SGD: Hinge Loss is	
191184.09611341	
SGD: Validation Accuracy is:	
0.3133514986376	
SGD: Magnitude of W:	
54343.408471481	
SGD: Magnitude of b:	
4.5516654242605	
    Current index:	9501	
    Magnitude of W_grad:	7.8039999999998	
    Magnitude of W:	54319.306211505	
    Magnitude of B_grad:	0.104	
    Magnitude of b:	5.550631063076	

	
    Current index:	19501	
    Magnitude of W_grad:	6.6199999999999	
    Magnitude of W:	54294.779461521	
    Magnitude of B_grad:	0.148	
    Magnitude of b:	5.4172568978441	

	
    Current index:	29501	
    Magnitude of W_grad:	6.6119999999999	
    Magnitude of W:	54271.497463327	
    Magnitude of B_grad:	0.132	
    Magnitude of b:	5.7238633890731	

	
    Current index:	39501	
    Magnitude of W_grad:	8.1959999999998	
    Magnitude of W:	54248.355882748	
    Magnitude of B_grad:	0.304	
    Magnitude of b:	5.6303916330004	

	
    Current index:	49501	
    Magnitude of W_grad:	7.1879999999998	
    Magnitude of W:	54221.096896912	
    Magnitude of B_grad:	0.136	
    Magnitude of b:	4.9856112159937	

	
    Current index:	59501	
    Magnitude of W_grad:	7.4959999999998	
    Magnitude of W:	54196.077613443	
    Magnitude of B_grad:	0.224	
    Magnitude of b:	5.1724599198008	

	
    Current index:	69501	
    Magnitude of W_grad:	6.5519999999998	
    Magnitude of W:	54172.291632921	
    Magnitude of B_grad:	0.104	
    Magnitude of b:	5.307137024473	

	
    Current index:	79501	
    Magnitude of W_grad:	6.5185185185185	
    Magnitude of W:	54149.675555235	
    Magnitude of B_grad:	0.38518518518519	
    Magnitude of b:	4.5164521932336	

	
SGD: Hinge Loss is	
189275.58440402	
SGD: Validation Accuracy is:	
0.32243415077203	
SGD: Magnitude of W:	
54149.675555235	
SGD: Magnitude of b:	
4.5164521932336	
    Current index:	9501	
    Magnitude of W_grad:	8.0359999999998	
    Magnitude of W:	54126.098129604	
    Magnitude of B_grad:	0.136	
    Magnitude of b:	5.5453930856308	

	
    Current index:	19501	
    Magnitude of W_grad:	6.6839999999998	
    Magnitude of W:	54102.00207714	
    Magnitude of B_grad:	0.156	
    Magnitude of b:	5.4200237012634	

	
    Current index:	29501	
    Magnitude of W_grad:	6.6999999999998	
    Magnitude of W:	54079.255868473	
    Magnitude of B_grad:	0.192	
    Magnitude of b:	5.7146364791053	

	
    Current index:	39501	
    Magnitude of W_grad:	8.3239999999998	
    Magnitude of W:	54056.235232612	
    Magnitude of B_grad:	0.284	
    Magnitude of b:	5.6171694002749	

	
    Current index:	49501	
    Magnitude of W_grad:	7.1439999999998	
    Magnitude of W:	54029.38441674	
    Magnitude of B_grad:	0.14	
    Magnitude of b:	4.9648242017405	

	
    Current index:	59501	
    Magnitude of W_grad:	7.6399999999998	
    Magnitude of W:	54004.710718162	
    Magnitude of B_grad:	0.288	
    Magnitude of b:	5.1421859683693	

	
    Current index:	69501	
    Magnitude of W_grad:	6.4479999999998	
    Magnitude of W:	53980.993044105	
    Magnitude of B_grad:	0.088	
    Magnitude of b:	5.2728727850185	

	
    Current index:	79501	
    Magnitude of W_grad:	4.9777777777778	
    Magnitude of W:	53958.345048248	
    Magnitude of B_grad:	0.37037037037037	
    Magnitude of b:	4.5330171673131	

	
SGD: Hinge Loss is	
187508.36766802	
SGD: Validation Accuracy is:	
0.3197093551317	
SGD: Magnitude of W:	
53958.345048248	
SGD: Magnitude of b:	
4.5330171673131	
    Current index:	9501	
    Magnitude of W_grad:	8.0799999999998	
    Magnitude of W:	53935.123616856	
    Magnitude of B_grad:	0.132	
    Magnitude of b:	5.4877593364017	

	
    Current index:	19501	
    Magnitude of W_grad:	6.3279999999999	
    Magnitude of W:	53911.355599415	
    Magnitude of B_grad:	0.112	
    Magnitude of b:	5.374400909064	

	
    Current index:	29501	
    Magnitude of W_grad:	6.4079999999999	
    Magnitude of W:	53888.804679947	
    Magnitude of B_grad:	0.116	
    Magnitude of b:	5.6610279559131	

	
    Current index:	39501	
    Magnitude of W_grad:	8.0559999999998	
    Magnitude of W:	53866.383750044	
    Magnitude of B_grad:	0.324	
    Magnitude of b:	5.5955699697159	

	
    Current index:	49501	
    Magnitude of W_grad:	7.2759999999998	
    Magnitude of W:	53840.034026407	
    Magnitude of B_grad:	0.12	
    Magnitude of b:	4.9368353302195	

	
    Current index:	59501	
    Magnitude of W_grad:	7.6479999999998	
    Magnitude of W:	53815.900867139	
    Magnitude of B_grad:	0.284	
    Magnitude of b:	5.1044166137494	

	
    Current index:	69501	
    Magnitude of W_grad:	6.4999999999998	
    Magnitude of W:	53792.747405162	
    Magnitude of B_grad:	0.092	
    Magnitude of b:	5.2511110061659	

	
    Current index:	79501	
    Magnitude of W_grad:	5.3925925925926	
    Magnitude of W:	53770.669246849	
    Magnitude of B_grad:	0.35555555555556	
    Magnitude of b:	4.5627152815415	

	
SGD: Hinge Loss is	
184642.9918026	
SGD: Validation Accuracy is:	
0.31880108991826	
SGD: Magnitude of W:	
53770.669246849	
SGD: Magnitude of b:	
4.5627152815415	
    Current index:	9501	
    Magnitude of W_grad:	7.8799999999998	
    Magnitude of W:	53748.063453865	
    Magnitude of B_grad:	0.096	
    Magnitude of b:	5.4439580667695	

	
    Current index:	19501	
    Magnitude of W_grad:	6.4839999999998	
    Magnitude of W:	53724.836891298	
    Magnitude of B_grad:	0.148	
    Magnitude of b:	5.3386053651769	

	
    Current index:	29501	
    Magnitude of W_grad:	6.3959999999999	
    Magnitude of W:	53702.40250748	
    Magnitude of B_grad:	0.144	
    Magnitude of b:	5.6092375838731	

	
    Current index:	39501	
    Magnitude of W_grad:	7.8919999999998	
    Magnitude of W:	53680.137823737	
    Magnitude of B_grad:	0.252	
    Magnitude of b:	5.5237861742751	

	
    Current index:	49501	
    Magnitude of W_grad:	7.1799999999998	
    Magnitude of W:	53653.958276216	
    Magnitude of B_grad:	0.128	
    Magnitude of b:	4.9007364083751	

	
    Current index:	59501	
    Magnitude of W_grad:	7.3919999999998	
    Magnitude of W:	53630.273084477	
    Magnitude of B_grad:	0.22	
    Magnitude of b:	5.1111342230464	

	
    Current index:	69501	
    Magnitude of W_grad:	6.3279999999998	
    Magnitude of W:	53607.513345036	
    Magnitude of B_grad:	0.06	
    Magnitude of b:	5.2458365213559	

	
    Current index:	79501	
    Magnitude of W_grad:	4.5185185185185	
    Magnitude of W:	53585.571611164	
    Magnitude of B_grad:	0.34074074074074	
    Magnitude of b:	4.52028207522	

	
SGD: Hinge Loss is	
183107.96766204	
SGD: Validation Accuracy is:	
0.3197093551317	
SGD: Magnitude of W:	
53585.571611164	
SGD: Magnitude of b:	
4.52028207522	
    Current index:	9501	
    Magnitude of W_grad:	7.6999999999998	
    Magnitude of W:	53563.508815743	
    Magnitude of B_grad:	0.096	
    Magnitude of b:	5.4189986975305	

	
    Current index:	19501	
    Magnitude of W_grad:	6.3319999999998	
    Magnitude of W:	53540.249204375	
    Magnitude of B_grad:	0.128	
    Magnitude of b:	5.3256496519355	

	
    Current index:	29501	
    Magnitude of W_grad:	6.6079999999998	
    Magnitude of W:	53518.466013412	
    Magnitude of B_grad:	0.208	
    Magnitude of b:	5.596287233672	

	
    Current index:	39501	
    Magnitude of W_grad:	8.0159999999998	
    Magnitude of W:	53496.691112879	
    Magnitude of B_grad:	0.24	
    Magnitude of b:	5.4908546958692	

	
    Current index:	49501	
    Magnitude of W_grad:	7.0799999999998	
    Magnitude of W:	53470.820976365	
    Magnitude of B_grad:	0.124	
    Magnitude of b:	4.8738581220412	

	
    Current index:	59501	
    Magnitude of W_grad:	7.2559999999998	
    Magnitude of W:	53447.368710802	
    Magnitude of B_grad:	0.192	
    Magnitude of b:	5.0670737401457	

	
    Current index:	69501	
    Magnitude of W_grad:	6.6279999999998	
    Magnitude of W:	53424.825155647	
    Magnitude of B_grad:	0.152	
    Magnitude of b:	5.1697840895508	

	
    Current index:	79501	
    Magnitude of W_grad:	5.9703703703704	
    Magnitude of W:	53402.988226428	
    Magnitude of B_grad:	0.35555555555556	
    Magnitude of b:	4.4289755826701	

	
SGD: Hinge Loss is	
180722.1541728	
SGD: Validation Accuracy is:	
0.32425068119891	
SGD: Magnitude of W:	
53402.988226428	
SGD: Magnitude of b:	
4.4289755826701	
    Current index:	9501	
    Magnitude of W_grad:	7.4959999999998	
    Magnitude of W:	53380.903558239	
    Magnitude of B_grad:	0.088	
    Magnitude of b:	5.4040262575706	

	
    Current index:	19501	
    Magnitude of W_grad:	6.6199999999998	
    Magnitude of W:	53358.084760579	
    Magnitude of B_grad:	0.16	
    Magnitude of b:	5.322686948705	

	
    Current index:	29501	
    Magnitude of W_grad:	6.2879999999999	
    Magnitude of W:	53336.239807355	
    Magnitude of B_grad:	0.16	
    Magnitude of b:	5.5533326067634	

	
    Current index:	39501	
    Magnitude of W_grad:	8.2039999999998	
    Magnitude of W:	53314.749381564	
    Magnitude of B_grad:	0.328	
    Magnitude of b:	5.4959000571931	

	
    Current index:	49501	
    Magnitude of W_grad:	7.1559999999998	
    Magnitude of W:	53289.158201659	
    Magnitude of B_grad:	0.128	
    Magnitude of b:	4.862728429226	

	
    Current index:	59501	
    Magnitude of W_grad:	7.6439999999998	
    Magnitude of W:	53266.046073636	
    Magnitude of B_grad:	0.276	
    Magnitude of b:	5.0334207642557	

	
    Current index:	69501	
    Magnitude of W_grad:	6.2159999999998	
    Magnitude of W:	53243.995303426	
    Magnitude of B_grad:	0.072	
    Magnitude of b:	5.1921373546348	

	
    Current index:	79501	
    Magnitude of W_grad:	4.6814814814815	
    Magnitude of W:	53222.503781545	
    Magnitude of B_grad:	0.32592592592593	
    Magnitude of b:	4.4685469079818	

	
SGD: Hinge Loss is	
179484.95698334	
SGD: Validation Accuracy is:	
0.32606721162579	
SGD: Magnitude of W:	
53222.503781545	
SGD: Magnitude of b:	
4.4685469079818	
    Current index:	9501	
    Magnitude of W_grad:	7.3119999999998	
    Magnitude of W:	53201.146945203	
    Magnitude of B_grad:	0.08	
    Magnitude of b:	5.3550235152918	

	
    Current index:	19501	
    Magnitude of W_grad:	6.4279999999998	
    Magnitude of W:	53178.523034901	
    Magnitude of B_grad:	0.136	
    Magnitude of b:	5.3056872202309	

	
    Current index:	29501	
    Magnitude of W_grad:	6.1519999999999	
    Magnitude of W:	53156.943924451	
    Magnitude of B_grad:	0.152	
    Magnitude of b:	5.5443347868599	

	
    Current index:	39501	
    Magnitude of W_grad:	7.7999999999998	
    Magnitude of W:	53135.543916487	
    Magnitude of B_grad:	0.28	
    Magnitude of b:	5.462909770435	

	
    Current index:	49501	
    Magnitude of W_grad:	7.1279999999998	
    Magnitude of W:	53110.039374886	
    Magnitude of B_grad:	0.14	
    Magnitude of b:	4.8657354780306	

	
    Current index:	59501	
    Magnitude of W_grad:	7.2079999999998	
    Magnitude of W:	53087.168886466	
    Magnitude of B_grad:	0.248	
    Magnitude of b:	5.0106141515345	

	
    Current index:	69501	
    Magnitude of W_grad:	6.3399999999998	
    Magnitude of W:	53065.508552526	
    Magnitude of B_grad:	0.104	
    Magnitude of b:	5.1413409891047	

	
    Current index:	79501	
    Magnitude of W_grad:	5.5407407407407	
    Magnitude of W:	53044.225392818	
    Magnitude of B_grad:	0.37037037037037	
    Magnitude of b:	4.4771365545481	

	
SGD: Hinge Loss is	
177562.78484609	
SGD: Validation Accuracy is:	
0.32606721162579	
SGD: Magnitude of W:	
53044.225392818	
SGD: Magnitude of b:	
4.4771365545481	
    Current index:	9501	
    Magnitude of W_grad:	7.6999999999998	
    Magnitude of W:	53023.085604959	
    Magnitude of B_grad:	0.148	
    Magnitude of b:	5.302193327251	

	
    Current index:	19501	
    Magnitude of W_grad:	6.4119999999998	
    Magnitude of W:	53000.784350694	
    Magnitude of B_grad:	0.128	
    Magnitude of b:	5.3008655775662	

	
    Current index:	29501	
    Magnitude of W_grad:	6.3719999999998	
    Magnitude of W:	52979.654956423	
    Magnitude of B_grad:	0.192	
    Magnitude of b:	5.5235223404835	

	
    Current index:	39501	
    Magnitude of W_grad:	8.0239999999998	
    Magnitude of W:	52958.534903937	
    Magnitude of B_grad:	0.308	
    Magnitude of b:	5.3941109378551	

	
    Current index:	49501	
    Magnitude of W_grad:	6.9399999999999	
    Magnitude of W:	52933.456923279	
    Magnitude of B_grad:	0.12	
    Magnitude of b:	4.8369485980988	

	
    Current index:	59501	
    Magnitude of W_grad:	7.1279999999998	
    Magnitude of W:	52910.878991186	
    Magnitude of B_grad:	0.228	
    Magnitude of b:	4.9722986949487	

	
    Current index:	69501	
    Magnitude of W_grad:	6.5079999999998	
    Magnitude of W:	52889.43739685	
    Magnitude of B_grad:	0.12	
    Magnitude of b:	5.1270328941985	

	
    Current index:	79501	
    Magnitude of W_grad:	4.8740740740741	
    Magnitude of W:	52868.557302835	
    Magnitude of B_grad:	0.35555555555556	
    Magnitude of b:	4.4254936208184	

	
SGD: Hinge Loss is	
176520.59193512	
SGD: Validation Accuracy is:	
0.33060853769301	
SGD: Magnitude of W:	
52868.557302835	
SGD: Magnitude of b:	
4.4254936208184	
    Current index:	9501	
    Magnitude of W_grad:	6.9279999999998	
    Magnitude of W:	52848.011731855	
    Magnitude of B_grad:	0.06	
    Magnitude of b:	5.2762363560872	

	
    Current index:	19501	
    Magnitude of W_grad:	6.1999999999998	
    Magnitude of W:	52825.85042089	
    Magnitude of B_grad:	0.104	
    Magnitude of b:	5.23091668175	

	
    Current index:	29501	
    Magnitude of W_grad:	6.0439999999999	
    Magnitude of W:	52804.436511436	
    Magnitude of B_grad:	0.128	
    Magnitude of b:	5.4695816685926	

	
    Current index:	39501	
    Magnitude of W_grad:	7.7799999999998	
    Magnitude of W:	52783.831175573	
    Magnitude of B_grad:	0.276	
    Magnitude of b:	5.3761712049106	

	
    Current index:	49501	
    Magnitude of W_grad:	7.1199999999998	
    Magnitude of W:	52758.864756083	
    Magnitude of B_grad:	0.136	
    Magnitude of b:	4.8110075443445	

	
    Current index:	59501	
    Magnitude of W_grad:	7.4079999999998	
    Magnitude of W:	52736.600488945	
    Magnitude of B_grad:	0.264	
    Magnitude of b:	4.9879332818254	

	
    Current index:	69501	
    Magnitude of W_grad:	6.4039999999998	
    Magnitude of W:	52715.265530362	
    Magnitude of B_grad:	0.096	
    Magnitude of b:	5.0906717415023	

	
    Current index:	79501	
    Magnitude of W_grad:	5.0962962962963	
    Magnitude of W:	52694.484139548	
    Magnitude of B_grad:	0.28148148148148	
    Magnitude of b:	4.4339867900285	

	
SGD: Hinge Loss is	
174880.78521942	
SGD: Validation Accuracy is:	
0.32425068119891	
SGD: Magnitude of W:	
52694.484139548	
SGD: Magnitude of b:	
4.4339867900285	
    Current index:	9501	
    Magnitude of W_grad:	6.6279999999998	
    Magnitude of W:	52674.077140443	
    Magnitude of B_grad:	0.056	
    Magnitude of b:	5.2402471470244	

	
    Current index:	19501	
    Magnitude of W_grad:	6.6439999999998	
    Magnitude of W:	52652.301362922	
    Magnitude of B_grad:	0.192	
    Magnitude of b:	5.2389366104156	

	
    Current index:	29501	
    Magnitude of W_grad:	6.0839999999999	
    Magnitude of W:	52631.161504858	
    Magnitude of B_grad:	0.144	
    Magnitude of b:	5.4576065138479	

	
    Current index:	39501	
    Magnitude of W_grad:	7.7359999999998	
    Magnitude of W:	52610.139836882	
    Magnitude of B_grad:	0.26	
    Magnitude of b:	5.3482032260347	

	
    Current index:	49501	
    Magnitude of W_grad:	6.9399999999998	
    Magnitude of W:	52585.443724812	
    Magnitude of B_grad:	0.116	
    Magnitude of b:	4.7790470405706	

	
    Current index:	59501	
    Magnitude of W_grad:	7.1079999999998	
    Magnitude of W:	52563.758432668	
    Magnitude of B_grad:	0.172	
    Magnitude of b:	4.995752006358	

	
    Current index:	69501	
    Magnitude of W_grad:	6.0959999999998	
    Magnitude of W:	52542.798817514	
    Magnitude of B_grad:	0.052	
    Magnitude of b:	5.0904968398519	

	
    Current index:	79501	
    Magnitude of W_grad:	5.2740740740741	
    Magnitude of W:	52522.23500303	
    Magnitude of B_grad:	0.35555555555556	
    Magnitude of b:	4.4424585627328	

	
SGD: Hinge Loss is	
174558.81668953	
SGD: Validation Accuracy is:	
0.33060853769301	
SGD: Magnitude of W:	
52522.23500303	
SGD: Magnitude of b:	
4.4424585627328	
    Current index:	9501	
    Magnitude of W_grad:	6.8599999999998	
    Magnitude of W:	52502.142930662	
    Magnitude of B_grad:	0.076	
    Magnitude of b:	5.2146654141596	

	
    Current index:	19501	
    Magnitude of W_grad:	6.1959999999998	
    Magnitude of W:	52480.534869747	
    Magnitude of B_grad:	0.12	
    Magnitude of b:	5.2093595939444	

	
    Current index:	29501	
    Magnitude of W_grad:	5.7559999999999	
    Magnitude of W:	52459.664625162	
    Magnitude of B_grad:	0.144	
    Magnitude of b:	5.4440344136002	

	
    Current index:	39501	
    Magnitude of W_grad:	7.7399999999998	
    Magnitude of W:	52439.175503207	
    Magnitude of B_grad:	0.284	
    Magnitude of b:	5.3186466880686	

	
    Current index:	49501	
    Magnitude of W_grad:	7.0919999999998	
    Magnitude of W:	52415.287039162	
    Magnitude of B_grad:	0.192	
    Magnitude of b:	4.8294930027157	

	
    Current index:	59501	
    Magnitude of W_grad:	7.0239999999998	
    Magnitude of W:	52393.90786167	
    Magnitude of B_grad:	0.208	
    Magnitude of b:	4.9598990595701	

	
    Current index:	69501	
    Magnitude of W_grad:	6.1759999999998	
    Magnitude of W:	52373.234602198	
    Magnitude of B_grad:	0.076	
    Magnitude of b:	5.0466462168976	

	
    Current index:	79501	
    Magnitude of W_grad:	5.4518518518518	
    Magnitude of W:	52353.113617358	
    Magnitude of B_grad:	0.31111111111111	
    Magnitude of b:	4.3985650109479	

	
SGD: Hinge Loss is	
171760.28032559	
SGD: Validation Accuracy is:	
0.32697547683924	
SGD: Magnitude of W:	
52353.113617358	
SGD: Magnitude of b:	
4.3985650109479	
    Current index:	9501	
    Magnitude of W_grad:	6.4399999999998	
    Magnitude of W:	52333.254226953	
    Magnitude of B_grad:	0.06	
    Magnitude of b:	5.1975747923737	

	
    Current index:	19501	
    Magnitude of W_grad:	6.3999999999998	
    Magnitude of W:	52312.16965532	
    Magnitude of B_grad:	0.156	
    Magnitude of b:	5.2042741681315	

	
    Current index:	29501	
    Magnitude of W_grad:	6.6799999999998	
    Magnitude of W:	52291.519203535	
    Magnitude of B_grad:	0.216	
    Magnitude of b:	5.3909565928597	

	
    Current index:	39501	
    Magnitude of W_grad:	7.5439999999998	
    Magnitude of W:	52271.320023471	
    Magnitude of B_grad:	0.272	
    Magnitude of b:	5.3135669280577	

	
    Current index:	49501	
    Magnitude of W_grad:	7.0199999999998	
    Magnitude of W:	52247.506253745	
    Magnitude of B_grad:	0.132	
    Magnitude of b:	4.7164198421853	

	
    Current index:	59501	
    Magnitude of W_grad:	6.9799999999998	
    Magnitude of W:	52226.268854692	
    Magnitude of B_grad:	0.168	
    Magnitude of b:	4.9557890596986	

	
    Current index:	69501	
    Magnitude of W_grad:	5.8879999999998	
    Magnitude of W:	52205.732326693	
    Magnitude of B_grad:	0.088	
    Magnitude of b:	4.9945456864759	

	
    Current index:	79501	
    Magnitude of W_grad:	5.0518518518518	
    Magnitude of W:	52185.300086459	
    Magnitude of B_grad:	0.31111111111111	
    Magnitude of b:	4.4651690448891	

	
SGD: Hinge Loss is	
169808.12334982	
SGD: Validation Accuracy is:	
0.32970027247956	
SGD: Magnitude of W:	
52185.300086459	
SGD: Magnitude of b:	
4.4651690448891	
    Current index:	9501	
    Magnitude of W_grad:	6.5359999999998	
    Magnitude of W:	52165.91995173	
    Magnitude of B_grad:	0.048	
    Magnitude of b:	5.1399300935625	

	
    Current index:	19501	
    Magnitude of W_grad:	6.0799999999998	
    Magnitude of W:	52144.66233214	
    Magnitude of B_grad:	0.1	
    Magnitude of b:	5.1466411822413	

	
    Current index:	29501	
    Magnitude of W_grad:	5.8239999999999	
    Magnitude of W:	52124.579720958	
    Magnitude of B_grad:	0.148	
    Magnitude of b:	5.3613347144564	

	
    Current index:	39501	
    Magnitude of W_grad:	7.4879999999998	
    Magnitude of W:	52104.546621382	
    Magnitude of B_grad:	0.26	
    Magnitude of b:	5.2519575606806	

	
    Current index:	49501	
    Magnitude of W_grad:	7.0199999999998	
    Magnitude of W:	52080.900869318	
    Magnitude of B_grad:	0.152	
    Magnitude of b:	4.8108085683044	

	
    Current index:	59501	
    Magnitude of W_grad:	7.1479999999998	
    Magnitude of W:	52060.071116335	
    Magnitude of B_grad:	0.26	
    Magnitude of b:	4.9000049276754	

	
    Current index:	69501	
    Magnitude of W_grad:	6.1879999999998	
    Magnitude of W:	52039.725486083	
    Magnitude of B_grad:	0.06	
    Magnitude of b:	5.010767326114	

	
    Current index:	79501	
    Magnitude of W_grad:	6.0296296296296	
    Magnitude of W:	52020.002622152	
    Magnitude of B_grad:	0.38518518518519	
    Magnitude of b:	4.2470463494899	

	
SGD: Hinge Loss is	
169515.90020627	
SGD: Validation Accuracy is:	
0.32970027247956	
SGD: Magnitude of W:	
52020.002622152	
SGD: Magnitude of b:	
4.2470463494899	
    Current index:	9501	
    Magnitude of W_grad:	7.1879999999998	
    Magnitude of W:	52000.522555441	
    Magnitude of B_grad:	0.116	
    Magnitude of b:	5.1359699440781	

	
    Current index:	19501	
    Magnitude of W_grad:	6.2799999999998	
    Magnitude of W:	51979.679383767	
    Magnitude of B_grad:	0.156	
    Magnitude of b:	5.1586892091876	

	
    Current index:	29501	
    Magnitude of W_grad:	5.8079999999999	
    Magnitude of W:	51959.367438958	
    Magnitude of B_grad:	0.132	
    Magnitude of b:	5.3613852908566	

	
    Current index:	39501	
    Magnitude of W_grad:	7.4999999999998	
    Magnitude of W:	51939.715834006	
    Magnitude of B_grad:	0.264	
    Magnitude of b:	5.2440147540272	

	
    Current index:	49501	
    Magnitude of W_grad:	6.9159999999998	
    Magnitude of W:	51916.259195185	
    Magnitude of B_grad:	0.168	
    Magnitude of b:	4.7228764950195	

	
    Current index:	59501	
    Magnitude of W_grad:	6.7839999999998	
    Magnitude of W:	51895.373357691	
    Magnitude of B_grad:	0.228	
    Magnitude of b:	4.9009947084691	

	
    Current index:	69501	
    Magnitude of W_grad:	5.9599999999998	
    Magnitude of W:	51875.354003388	
    Magnitude of B_grad:	0.052	
    Magnitude of b:	4.9557618807302	

	
    Current index:	79501	
    Magnitude of W_grad:	3.8518518518519	
    Magnitude of W:	51855.547215598	
    Magnitude of B_grad:	0.20740740740741	
    Magnitude of b:	4.4026306472296	

	
SGD: Hinge Loss is	
167762.38026951	
SGD: Validation Accuracy is:	
0.32788374205268	
SGD: Magnitude of W:	
51855.547215598	
SGD: Magnitude of b:	
4.4026306472296	
    Current index:	9501	
    Magnitude of W_grad:	6.1079999999998	
    Magnitude of W:	51836.57957536	
    Magnitude of B_grad:	0.052	
    Magnitude of b:	5.0575251400618	

	
    Current index:	19501	
    Magnitude of W_grad:	5.9679999999998	
    Magnitude of W:	51816.022083836	
    Magnitude of B_grad:	0.136	
    Magnitude of b:	5.0722532054606	

	
    Current index:	29501	
    Magnitude of W_grad:	6.5839999999999	
    Magnitude of W:	51795.9730943	
    Magnitude of B_grad:	0.236	
    Magnitude of b:	5.2989590895113	

	
    Current index:	39501	
    Magnitude of W_grad:	7.2439999999998	
    Magnitude of W:	51776.626941683	
    Magnitude of B_grad:	0.256	
    Magnitude of b:	5.2215877554509	

	
    Current index:	49501	
    Magnitude of W_grad:	6.9799999999998	
    Magnitude of W:	51753.533457127	
    Magnitude of B_grad:	0.204	
    Magnitude of b:	4.7684481974929	

	
    Current index:	59501	
    Magnitude of W_grad:	6.8519999999998	
    Magnitude of W:	51732.980092139	
    Magnitude of B_grad:	0.176	
    Magnitude of b:	4.9529666950893	

	
    Current index:	69501	
    Magnitude of W_grad:	6.6439999999998	
    Magnitude of W:	51712.951622791	
    Magnitude of B_grad:	0.136	
    Magnitude of b:	4.9517328201084	

	
    Current index:	79501	
    Magnitude of W_grad:	4.3259259259259	
    Magnitude of W:	51693.556609428	
    Magnitude of B_grad:	0.28148148148148	
    Magnitude of b:	4.3109833154543	

	
SGD: Hinge Loss is	
166465.28270706	
SGD: Validation Accuracy is:	
0.33605812897366	
SGD: Magnitude of W:	
51693.556609428	
SGD: Magnitude of b:	
4.3109833154543	
    Current index:	9501	
    Magnitude of W_grad:	6.1239999999998	
    Magnitude of W:	51674.760362846	
    Magnitude of B_grad:	0.04	
    Magnitude of b:	5.060159601686	

	
    Current index:	19501	
    Magnitude of W_grad:	6.2159999999998	
    Magnitude of W:	51654.818498822	
    Magnitude of B_grad:	0.188	
    Magnitude of b:	5.0948883614795	

	
    Current index:	29501	
    Magnitude of W_grad:	6.0279999999999	
    Magnitude of W:	51634.857842138	
    Magnitude of B_grad:	0.172	
    Magnitude of b:	5.297599158826	

	
    Current index:	39501	
    Magnitude of W_grad:	7.8559999999998	
    Magnitude of W:	51615.736220853	
    Magnitude of B_grad:	0.324	
    Magnitude of b:	5.1802399688046	

	
    Current index:	49501	
    Magnitude of W_grad:	6.9119999999998	
    Magnitude of W:	51592.852327745	
    Magnitude of B_grad:	0.172	
    Magnitude of b:	4.763107278035	

	
    Current index:	59501	
    Magnitude of W_grad:	7.1999999999998	
    Magnitude of W:	51572.347151279	
    Magnitude of B_grad:	0.256	
    Magnitude of b:	4.8908954474358	

	
    Current index:	69501	
    Magnitude of W_grad:	5.9679999999998	
    Magnitude of W:	51552.659452158	
    Magnitude of B_grad:	0.04	
    Magnitude of b:	4.9656641514753	

	
    Current index:	79501	
    Magnitude of W_grad:	4.8888888888889	
    Magnitude of W:	51533.807992118	
    Magnitude of B_grad:	0.2962962962963	
    Magnitude of b:	4.3273798565829	

	
SGD: Hinge Loss is	
165559.82685915	
SGD: Validation Accuracy is:	
0.33151680290645	
SGD: Magnitude of W:	
51533.807992118	
SGD: Magnitude of b:	
4.3273798565829	
    Current index:	9501	
    Magnitude of W_grad:	6.6239999999998	
    Magnitude of W:	51515.286155864	
    Magnitude of B_grad:	0.096	
    Magnitude of b:	5.0973374637847	

	
    Current index:	19501	
    Magnitude of W_grad:	6.2319999999998	
    Magnitude of W:	51495.5148339	
    Magnitude of B_grad:	0.116	
    Magnitude of b:	5.0680674345681	

	
    Current index:	29501	
    Magnitude of W_grad:	5.5199999999999	
    Magnitude of W:	51476.029722885	
    Magnitude of B_grad:	0.108	
    Magnitude of b:	5.3027799448492	

	
    Current index:	39501	
    Magnitude of W_grad:	7.6239999999998	
    Magnitude of W:	51457.011966389	
    Magnitude of B_grad:	0.316	
    Magnitude of b:	5.2134263845177	

	
    Current index:	49501	
    Magnitude of W_grad:	7.0119999999998	
    Magnitude of W:	51434.642044033	
    Magnitude of B_grad:	0.216	
    Magnitude of b:	4.6282950032305	

	
    Current index:	59501	
    Magnitude of W_grad:	6.5079999999998	
    Magnitude of W:	51414.373779764	
    Magnitude of B_grad:	0.156	
    Magnitude of b:	4.8772669045809	

	
    Current index:	69501	
    Magnitude of W_grad:	6.0719999999998	
    Magnitude of W:	51394.989325867	
    Magnitude of B_grad:	0.104	
    Magnitude of b:	4.9160430488814	

	
    Current index:	79501	
    Magnitude of W_grad:	3.7481481481482	
    Magnitude of W:	51375.698562202	
    Magnitude of B_grad:	0.23703703703704	
    Magnitude of b:	4.3557580287637	

	
SGD: Hinge Loss is	
164346.39016413	
SGD: Validation Accuracy is:	
0.32879200726612	
SGD: Magnitude of W:	
51375.698562202	
SGD: Magnitude of b:	
4.3557580287637	
    Current index:	9501	
    Magnitude of W_grad:	6.5399999999998	
    Magnitude of W:	51357.480702996	
    Magnitude of B_grad:	0.1	
    Magnitude of b:	5.01661537485	

	
    Current index:	19501	
    Magnitude of W_grad:	6.4359999999998	
    Magnitude of W:	51337.716612418	
    Magnitude of B_grad:	0.228	
    Magnitude of b:	5.0393572792124	

	
    Current index:	29501	
    Magnitude of W_grad:	5.5399999999999	
    Magnitude of W:	51318.321060541	
    Magnitude of B_grad:	0.128	
    Magnitude of b:	5.3020813682654	

	
    Current index:	39501	
    Magnitude of W_grad:	7.4999999999998	
    Magnitude of W:	51299.756870836	
    Magnitude of B_grad:	0.28	
    Magnitude of b:	5.1607282343394	

	
    Current index:	49501	
    Magnitude of W_grad:	7.3239999999998	
    Magnitude of W:	51277.315737423	
    Magnitude of B_grad:	0.244	
    Magnitude of b:	4.7661572994437	

	
    Current index:	59501	
    Magnitude of W_grad:	6.9799999999998	
    Magnitude of W:	51257.109804276	
    Magnitude of B_grad:	0.236	
    Magnitude of b:	4.8596557301036	

	
    Current index:	69501	
    Magnitude of W_grad:	5.6399999999999	
    Magnitude of W:	51237.761227878	
    Magnitude of B_grad:	0.068	
    Magnitude of b:	4.890432580389	

	
    Current index:	79501	
    Magnitude of W_grad:	5.2444444444444	
    Magnitude of W:	51218.944316535	
    Magnitude of B_grad:	0.35555555555556	
    Magnitude of b:	4.2601852651714	

	
SGD: Hinge Loss is	
163367.24626502	
SGD: Validation Accuracy is:	
0.33151680290645	
SGD: Magnitude of W:	
51218.944316535	
SGD: Magnitude of b:	
4.2601852651714	
    Current index:	9501	
    Magnitude of W_grad:	6.3279999999998	
    Magnitude of W:	51200.5678632	
    Magnitude of B_grad:	0.064	
    Magnitude of b:	4.9885347441885	

	
    Current index:	19501	
    Magnitude of W_grad:	5.9359999999998	
    Magnitude of W:	51180.865967409	
    Magnitude of B_grad:	0.128	
    Magnitude of b:	4.9952842525215	

	
    Current index:	29501	
    Magnitude of W_grad:	6.3159999999998	
    Magnitude of W:	51161.943062478	
    Magnitude of B_grad:	0.244	
    Magnitude of b:	5.2340182038172	

	
    Current index:	39501	
    Magnitude of W_grad:	7.5199999999998	
    Magnitude of W:	51143.395144567	
    Magnitude of B_grad:	0.304	
    Magnitude of b:	5.1526715644707	

	
    Current index:	49501	
    Magnitude of W_grad:	6.9079999999998	
    Magnitude of W:	51121.734542356	
    Magnitude of B_grad:	0.224	
    Magnitude of b:	4.6355445408817	

	
    Current index:	59501	
    Magnitude of W_grad:	6.3839999999998	
    Magnitude of W:	51102.081441347	
    Magnitude of B_grad:	0.164	
    Magnitude of b:	4.8355672330155	

	
    Current index:	69501	
    Magnitude of W_grad:	6.6039999999998	
    Magnitude of W:	51082.820850209	
    Magnitude of B_grad:	0.168	
    Magnitude of b:	4.8383523420887	

	
    Current index:	79501	
    Magnitude of W_grad:	4.4444444444444	
    Magnitude of W:	51064.027718187	
    Magnitude of B_grad:	0.25185185185185	
    Magnitude of b:	4.3193430542001	

	
SGD: Hinge Loss is	
161864.19230221	
SGD: Validation Accuracy is:	
0.3369663941871	
SGD: Magnitude of W:	
51064.027718187	
SGD: Magnitude of b:	
4.3193430542001	
    Current index:	9501	
    Magnitude of W_grad:	6.1559999999998	
    Magnitude of W:	51045.712707068	
    Magnitude of B_grad:	0.084	
    Magnitude of b:	4.9521854881047	

	
    Current index:	19501	
    Magnitude of W_grad:	6.1679999999999	
    Magnitude of W:	51026.605565115	
    Magnitude of B_grad:	0.124	
    Magnitude of b:	4.9949367414991	

	
    Current index:	29501	
    Magnitude of W_grad:	5.6479999999999	
    Magnitude of W:	51007.791488255	
    Magnitude of B_grad:	0.16	
    Magnitude of b:	5.2136672140781	

	
    Current index:	39501	
    Magnitude of W_grad:	7.3239999999998	
    Magnitude of W:	50989.364886738	
    Magnitude of B_grad:	0.284	
    Magnitude of b:	5.1443210143135	

	
    Current index:	49501	
    Magnitude of W_grad:	6.8239999999998	
    Magnitude of W:	50967.436381473	
    Magnitude of B_grad:	0.22	
    Magnitude of b:	4.7156348676289	

	
    Current index:	59501	
    Magnitude of W_grad:	6.4359999999998	
    Magnitude of W:	50947.978187801	
    Magnitude of B_grad:	0.156	
    Magnitude of b:	4.8653015831191	

	
    Current index:	69501	
    Magnitude of W_grad:	5.8279999999998	
    Magnitude of W:	50928.927756135	
    Magnitude of B_grad:	0.084	
    Magnitude of b:	4.8600858048964	

	
    Current index:	79501	
    Magnitude of W_grad:	4.5333333333333	
    Magnitude of W:	50910.048236805	
    Magnitude of B_grad:	0.2962962962963	
    Magnitude of b:	4.2867759973656	

	
SGD: Hinge Loss is	
160824.610834	
SGD: Validation Accuracy is:	
0.33242506811989	
SGD: Magnitude of W:	
50910.048236805	
SGD: Magnitude of b:	
4.2867759973656	
    Current index:	9501	
    Magnitude of W_grad:	6.3439999999998	
    Magnitude of W:	50892.251170584	
    Magnitude of B_grad:	0.104	
    Magnitude of b:	4.9254951688292	

	
    Current index:	19501	
    Magnitude of W_grad:	6.3479999999998	
    Magnitude of W:	50873.210329872	
    Magnitude of B_grad:	0.22	
    Magnitude of b:	4.9802579459857	

	
    Current index:	29501	
    Magnitude of W_grad:	5.5799999999999	
    Magnitude of W:	50854.012677014	
    Magnitude of B_grad:	0.128	
    Magnitude of b:	5.2390012450882	

	
    Current index:	39501	
    Magnitude of W_grad:	7.3759999999998	
    Magnitude of W:	50835.877303519	
    Magnitude of B_grad:	0.28	
    Magnitude of b:	5.1296622440386	

	
    Current index:	49501	
    Magnitude of W_grad:	6.6799999999998	
    Magnitude of W:	50814.718976411	
    Magnitude of B_grad:	0.22	
    Magnitude of b:	4.6085410990035	

	
    Current index:	59501	
    Magnitude of W_grad:	6.3999999999998	
    Magnitude of W:	50795.600819961	
    Magnitude of B_grad:	0.136	
    Magnitude of b:	4.8525021685285	

	
    Current index:	69501	
    Magnitude of W_grad:	5.6839999999999	
    Magnitude of W:	50776.763258793	
    Magnitude of B_grad:	0.064	
    Magnitude of b:	4.8232932205401	

	
    Current index:	79501	
    Magnitude of W_grad:	4.0444444444444	
    Magnitude of W:	50758.083416202	
    Magnitude of B_grad:	0.23703703703704	
    Magnitude of b:	4.2689279991896	

	
SGD: Hinge Loss is	
159896.55736086	
SGD: Validation Accuracy is:	
0.33605812897366	
SGD: Magnitude of W:	
50758.083416202	
SGD: Magnitude of b:	
4.2689279991896	
    Current index:	9501	
    Magnitude of W_grad:	6.5199999999998	
    Magnitude of W:	50740.172997295	
    Magnitude of B_grad:	0.148	
    Magnitude of b:	4.9087534800052	

	
    Current index:	19501	
    Magnitude of W_grad:	5.6559999999999	
    Magnitude of W:	50721.239374114	
    Magnitude of B_grad:	0.116	
    Magnitude of b:	4.9715130282354	

	
    Current index:	29501	
    Magnitude of W_grad:	5.3759999999999	
    Magnitude of W:	50702.529692198	
    Magnitude of B_grad:	0.12	
    Magnitude of b:	5.1582586743317	

	
    Current index:	39501	
    Magnitude of W_grad:	7.8839999999998	
    Magnitude of W:	50684.506171161	
    Magnitude of B_grad:	0.376	
    Magnitude of b:	5.1249280461691	

	
    Current index:	49501	
    Magnitude of W_grad:	6.6439999999998	
    Magnitude of W:	50663.372363613	
    Magnitude of B_grad:	0.232	
    Magnitude of b:	4.5598147195496	

	
    Current index:	59501	
    Magnitude of W_grad:	6.7559999999998	
    Magnitude of W:	50644.253768158	
    Magnitude of B_grad:	0.228	
    Magnitude of b:	4.8138259371994	

	
    Current index:	69501	
    Magnitude of W_grad:	5.6839999999999	
    Magnitude of W:	50625.41175434	
    Magnitude of B_grad:	0.104	
    Magnitude of b:	4.8046203228431	

	
    Current index:	79501	
    Magnitude of W_grad:	4.3555555555556	
    Magnitude of W:	50607.05487339	
    Magnitude of B_grad:	0.26666666666667	
    Magnitude of b:	4.2479929897975	

	
SGD: Hinge Loss is	
158153.64374297	
SGD: Validation Accuracy is:	
0.3369663941871	
SGD: Magnitude of W:	
50607.05487339	
SGD: Magnitude of b:	
4.2479929897975	
    Current index:	9501	
    Magnitude of W_grad:	6.0079999999998	
    Magnitude of W:	50589.593302107	
    Magnitude of B_grad:	0.072	
    Magnitude of b:	4.8993157418393	

	
    Current index:	19501	
    Magnitude of W_grad:	6.0559999999998	
    Magnitude of W:	50570.72869134	
    Magnitude of B_grad:	0.184	
    Magnitude of b:	4.946086298522	

	
    Current index:	29501	
    Magnitude of W_grad:	6.1479999999998	
    Magnitude of W:	50551.562116934	
    Magnitude of B_grad:	0.2	
    Magnitude of b:	5.1888382290129	

	
    Current index:	39501	
    Magnitude of W_grad:	7.5799999999998	
    Magnitude of W:	50533.789465029	
    Magnitude of B_grad:	0.304	
    Magnitude of b:	5.063520814526	

	
    Current index:	49501	
    Magnitude of W_grad:	7.3159999999998	
    Magnitude of W:	50512.658398475	
    Magnitude of B_grad:	0.308	
    Magnitude of b:	4.7134604481085	

	
    Current index:	59501	
    Magnitude of W_grad:	6.6159999999998	
    Magnitude of W:	50493.911579169	
    Magnitude of B_grad:	0.2	
    Magnitude of b:	4.8019879388132	

	
    Current index:	69501	
    Magnitude of W_grad:	5.6359999999999	
    Magnitude of W:	50475.215064698	
    Magnitude of B_grad:	0.052	
    Magnitude of b:	4.8407846446236	

	
    Current index:	79501	
    Magnitude of W_grad:	5.4666666666666	
    Magnitude of W:	50456.777118955	
    Magnitude of B_grad:	0.4	
    Magnitude of b:	4.2584965524759	

	
SGD: Hinge Loss is	
158122.27629335	
SGD: Validation Accuracy is:	
0.34423251589464	
SGD: Magnitude of W:	
50456.777118955	
SGD: Magnitude of b:	
4.2584965524759	
    Current index:	9501	
    Magnitude of W_grad:	5.8359999999998	
    Magnitude of W:	50439.263093579	
    Magnitude of B_grad:	0.068	
    Magnitude of b:	4.895384906188	

	
    Current index:	19501	
    Magnitude of W_grad:	6.0079999999999	
    Magnitude of W:	50420.600880566	
    Magnitude of B_grad:	0.148	
    Magnitude of b:	4.878155696676	

	
    Current index:	29501	
    Magnitude of W_grad:	6.4239999999999	
    Magnitude of W:	50402.368379782	
    Magnitude of B_grad:	0.248	
    Magnitude of b:	5.1129066557047	

	
    Current index:	39501	
    Magnitude of W_grad:	7.4679999999998	
    Magnitude of W:	50384.326947139	
    Magnitude of B_grad:	0.328	
    Magnitude of b:	5.0595843527299	

	
    Current index:	49501	
    Magnitude of W_grad:	6.5559999999998	
    Magnitude of W:	50364.102281023	
    Magnitude of B_grad:	0.18	
    Magnitude of b:	4.5365224034885	

	
    Current index:	59501	
    Magnitude of W_grad:	6.0119999999998	
    Magnitude of W:	50345.74548428	
    Magnitude of B_grad:	0.14	
    Magnitude of b:	4.8180295926012	

	
    Current index:	69501	
    Magnitude of W_grad:	6.9239999999998	
    Magnitude of W:	50327.272538308	
    Magnitude of B_grad:	0.22	
    Magnitude of b:	4.7648280959225	

	
    Current index:	79501	
    Magnitude of W_grad:	4.2666666666667	
    Magnitude of W:	50309.068690611	
    Magnitude of B_grad:	0.26666666666667	
    Magnitude of b:	4.2572533462287	

	
Done.	
Testing on validation set...	
Done	
Datafile:	/n/home09/ankitgupta/CS287/HW1/SST1-uni.hdf5	Classifier:	hinge	Alpha:	0	Eta:	1	Lambda:	1	Minibatch size:	500	Num Epochs:	50	Minimum Sentence Length:	5	
Accuracy:	0.33787465940054	
