[?1034hDatafile:	/n/home09/ankitgupta/CS287/HW1/SST1-uni-syns.hdf5	Classifier:	hinge	Alpha:	0	Eta:	1	Lambda:	1	Minibatch size:	500	Num Epochs:	15	Minimum Sentence Length:	5	
Note that not all parameters may apply to all classifiers	
Loading datafiles...	
Number of training samples before removing small sentences	156817	
Number of training samples after removing small sentences	142717	
Done.	
Training classifier...	
Parameters are:	
Eta:	
1	
Lambda:	
1	
Minibatch size:	
500	
Number of Epochs	
15	
SGD: Hinge Loss is	
1309290.329833	
SGD: Validation Accuracy is:	
0.19981834695731	
SGD: Magnitude of W:	
185005.08061559	
SGD: Magnitude of b:	
5.0437792853199	
    Current index:	9501	
    Magnitude of W_grad:	49.940000000002	
    Magnitude of W:	184898.85626173	
    Magnitude of B_grad:	0.136	
    Magnitude of b:	9.7381136078731	

	
    Current index:	19501	
    Magnitude of W_grad:	44.700000000001	
    Magnitude of W:	184804.45482333	
    Magnitude of B_grad:	0.132	
    Magnitude of b:	11.848599812795	

	
    Current index:	29501	
    Magnitude of W_grad:	31.7	
    Magnitude of W:	184712.13666104	
    Magnitude of B_grad:	0.116	
    Magnitude of b:	12.626862839074	

	
    Current index:	39501	
    Magnitude of W_grad:	52.728000000002	
    Magnitude of W:	184625.76356915	
    Magnitude of B_grad:	0.196	
    Magnitude of b:	12.857067984798	

	
    Current index:	49501	
    Magnitude of W_grad:	43.440000000002	
    Magnitude of W:	184544.77857507	
    Magnitude of B_grad:	0.076	
    Magnitude of b:	12.915261835293	

	
    Current index:	59501	
    Magnitude of W_grad:	32.268	
    Magnitude of W:	184464.64080286	
    Magnitude of B_grad:	0.124	
    Magnitude of b:	13.401399270225	

	
    Current index:	69501	
    Magnitude of W_grad:	38.104000000001	
    Magnitude of W:	184381.99786102	
    Magnitude of B_grad:	0.188	
    Magnitude of b:	13.603507651843	

	
    Current index:	79501	
    Magnitude of W_grad:	45.464	
    Magnitude of W:	184300.50327726	
    Magnitude of B_grad:	0.124	
    Magnitude of b:	12.03465972232	

	
    Current index:	89501	
    Magnitude of W_grad:	51.292000000002	
    Magnitude of W:	184212.70260674	
    Magnitude of B_grad:	0.264	
    Magnitude of b:	11.745399145757	

	
    Current index:	99501	
    Magnitude of W_grad:	50.060000000002	
    Magnitude of W:	184130.17670978	
    Magnitude of B_grad:	0.188	
    Magnitude of b:	12.639683807792	

	
    Current index:	109501	
    Magnitude of W_grad:	44.748000000001	
    Magnitude of W:	184049.66424011	
    Magnitude of B_grad:	0.148	
    Magnitude of b:	12.785907167201	

	
    Current index:	119501	
    Magnitude of W_grad:	52.456000000002	
    Magnitude of W:	183971.41139896	
    Magnitude of B_grad:	0.316	
    Magnitude of b:	12.376153953633	

	
    Current index:	129501	
    Magnitude of W_grad:	43.676000000001	
    Magnitude of W:	183887.99486361	
    Magnitude of B_grad:	0.04	
    Magnitude of b:	12.646437586021	

	
    Current index:	139501	
    Magnitude of W_grad:	45.844000000001	
    Magnitude of W:	183813.7211355	
    Magnitude of B_grad:	0.104	
    Magnitude of b:	12.052690295426	

	
SGD: Hinge Loss is	
816126.49643424	
SGD: Validation Accuracy is:	
0.25068119891008	
SGD: Magnitude of W:	
183791.81179755	
SGD: Magnitude of b:	
11.063337657976	
    Current index:	9501	
    Magnitude of W_grad:	42.468000000001	
    Magnitude of W:	183723.25698502	
    Magnitude of B_grad:	0.076	
    Magnitude of b:	12.038997571917	

	
    Current index:	19501	
    Magnitude of W_grad:	43.240000000001	
    Magnitude of W:	183655.10174528	
    Magnitude of B_grad:	0.08	
    Magnitude of b:	12.525284169025	

	
    Current index:	29501	
    Magnitude of W_grad:	25.86	
    Magnitude of W:	183585.30625267	
    Magnitude of B_grad:	0.1	
    Magnitude of b:	12.683509462338	

	
    Current index:	39501	
    Magnitude of W_grad:	44.724000000001	
    Magnitude of W:	183517.67210425	
    Magnitude of B_grad:	0.104	
    Magnitude of b:	12.553734051882	

	
    Current index:	49501	
    Magnitude of W_grad:	42.516000000002	
    Magnitude of W:	183454.21599077	
    Magnitude of B_grad:	0.032	
    Magnitude of b:	12.407977947635	

	
    Current index:	59501	
    Magnitude of W_grad:	30.38	
    Magnitude of W:	183388.66797597	
    Magnitude of B_grad:	0.152	
    Magnitude of b:	12.826194314722	

	
    Current index:	69501	
    Magnitude of W_grad:	38.068000000001	
    Magnitude of W:	183320.7249567	
    Magnitude of B_grad:	0.164	
    Magnitude of b:	12.880394845761	

	
    Current index:	79501	
    Magnitude of W_grad:	44.708000000001	
    Magnitude of W:	183256.19581477	
    Magnitude of B_grad:	0.104	
    Magnitude of b:	11.398111687429	

	
    Current index:	89501	
    Magnitude of W_grad:	50.124000000001	
    Magnitude of W:	183185.08173046	
    Magnitude of B_grad:	0.264	
    Magnitude of b:	11.1189954141	

	
    Current index:	99501	
    Magnitude of W_grad:	43.512000000002	
    Magnitude of W:	183118.25267286	
    Magnitude of B_grad:	0.184	
    Magnitude of b:	11.873372477335	

	
    Current index:	109501	
    Magnitude of W_grad:	39.580000000001	
    Magnitude of W:	183052.79270325	
    Magnitude of B_grad:	0.124	
    Magnitude of b:	11.923706161401	

	
    Current index:	119501	
    Magnitude of W_grad:	50.068000000002	
    Magnitude of W:	182986.71894986	
    Magnitude of B_grad:	0.256	
    Magnitude of b:	11.510078278302	

	
    Current index:	129501	
    Magnitude of W_grad:	43.456000000002	
    Magnitude of W:	182917.5304539	
    Magnitude of B_grad:	0.072	
    Magnitude of b:	11.756477246962	

	
    Current index:	139501	
    Magnitude of W_grad:	45.028000000001	
    Magnitude of W:	182853.76321564	
    Magnitude of B_grad:	0.132	
    Magnitude of b:	11.038852226842	

	
SGD: Hinge Loss is	
716660.14964988	
SGD: Validation Accuracy is:	
0.26521344232516	
SGD: Magnitude of W:	
182835.6191486	
SGD: Magnitude of b:	
10.270056266675	
    Current index:	9501	
    Magnitude of W_grad:	38.024000000001	
    Magnitude of W:	182777.55323911	
    Magnitude of B_grad:	0.104	
    Magnitude of b:	11.304915489352	

	
    Current index:	19501	
    Magnitude of W_grad:	39.068000000001	
    Magnitude of W:	182716.21099835	
    Magnitude of B_grad:	0.068	
    Magnitude of b:	11.787305120058	

	
    Current index:	29501	
    Magnitude of W_grad:	26.86	
    Magnitude of W:	182655.48407616	
    Magnitude of B_grad:	0.092	
    Magnitude of b:	11.973643942207	

	
    Current index:	39501	
    Magnitude of W_grad:	45.112	
    Magnitude of W:	182596.16942128	
    Magnitude of B_grad:	0.12	
    Magnitude of b:	11.875970133852	

	
    Current index:	49501	
    Magnitude of W_grad:	41.584000000001	
    Magnitude of W:	182540.71788397	
    Magnitude of B_grad:	0.072	
    Magnitude of b:	11.658312618962	

	
    Current index:	59501	
    Magnitude of W_grad:	32.32	
    Magnitude of W:	182481.02659026	
    Magnitude of B_grad:	0.168	
    Magnitude of b:	12.064632774098	

	
    Current index:	69501	
    Magnitude of W_grad:	38.504000000001	
    Magnitude of W:	182418.63141026	
    Magnitude of B_grad:	0.16	
    Magnitude of b:	12.27092967963	

	
    Current index:	79501	
    Magnitude of W_grad:	40.168	
    Magnitude of W:	182359.66274372	
    Magnitude of B_grad:	0.076	
    Magnitude of b:	10.77222946933	

	
    Current index:	89501	
    Magnitude of W_grad:	50.584000000001	
    Magnitude of W:	182295.88888273	
    Magnitude of B_grad:	0.292	
    Magnitude of b:	10.578119099141	

	
    Current index:	99501	
    Magnitude of W_grad:	39.292000000002	
    Magnitude of W:	182235.12884736	
    Magnitude of B_grad:	0.2	
    Magnitude of b:	11.248571982475	

	
    Current index:	109501	
    Magnitude of W_grad:	38.008000000001	
    Magnitude of W:	182178.64408363	
    Magnitude of B_grad:	0.104	
    Magnitude of b:	11.278996553709	

	
    Current index:	119501	
    Magnitude of W_grad:	47.196000000002	
    Magnitude of W:	182120.23504217	
    Magnitude of B_grad:	0.184	
    Magnitude of b:	10.95745108089	

	
    Current index:	129501	
    Magnitude of W_grad:	40.620000000002	
    Magnitude of W:	182058.97462948	
    Magnitude of B_grad:	0.076	
    Magnitude of b:	11.263920930065	

	
    Current index:	139501	
    Magnitude of W_grad:	42.332000000001	
    Magnitude of W:	182001.23096279	
    Magnitude of B_grad:	0.148	
    Magnitude of b:	10.446366752891	

	
SGD: Hinge Loss is	
660184.91143314	
SGD: Validation Accuracy is:	
0.27338782924614	
SGD: Magnitude of W:	
181984.69569928	
SGD: Magnitude of b:	
9.7384628172906	
    Current index:	9501	
    Magnitude of W_grad:	36.540000000001	
    Magnitude of W:	181931.03024844	
    Magnitude of B_grad:	0.144	
    Magnitude of b:	10.873332317282	

	
    Current index:	19501	
    Magnitude of W_grad:	37.992000000001	
    Magnitude of W:	181875.58485973	
    Magnitude of B_grad:	0.132	
    Magnitude of b:	11.119797474773	

	
    Current index:	29501	
    Magnitude of W_grad:	25.628	
    Magnitude of W:	181820.17943603	
    Magnitude of B_grad:	0.068	
    Magnitude of b:	11.382221229574	

	
    Current index:	39501	
    Magnitude of W_grad:	45.084000000001	
    Magnitude of W:	181766.54668896	
    Magnitude of B_grad:	0.156	
    Magnitude of b:	11.268635200676	

	
    Current index:	49501	
    Magnitude of W_grad:	39.336000000001	
    Magnitude of W:	181715.68108965	
    Magnitude of B_grad:	0.104	
    Magnitude of b:	11.143064079564	

	
    Current index:	59501	
    Magnitude of W_grad:	31.336	
    Magnitude of W:	181660.91091611	
    Magnitude of B_grad:	0.16	
    Magnitude of b:	11.577450830418	

	
    Current index:	69501	
    Magnitude of W_grad:	38.976000000001	
    Magnitude of W:	181603.48554814	
    Magnitude of B_grad:	0.136	
    Magnitude of b:	11.787816200054	

	
    Current index:	79501	
    Magnitude of W_grad:	39.1	
    Magnitude of W:	181548.60626556	
    Magnitude of B_grad:	0.04	
    Magnitude of b:	10.456271400914	

	
    Current index:	89501	
    Magnitude of W_grad:	46.716000000001	
    Magnitude of W:	181490.03260094	
    Magnitude of B_grad:	0.24	
    Magnitude of b:	10.1349635733	

	
    Current index:	99501	
    Magnitude of W_grad:	34.536	
    Magnitude of W:	181433.41495428	
    Magnitude of B_grad:	0.132	
    Magnitude of b:	10.749481217638	

	
    Current index:	109501	
    Magnitude of W_grad:	36.788	
    Magnitude of W:	181381.88825006	
    Magnitude of B_grad:	0.08	
    Magnitude of b:	10.83596950368	

	
    Current index:	119501	
    Magnitude of W_grad:	45.356000000002	
    Magnitude of W:	181327.35568618	
    Magnitude of B_grad:	0.164	
    Magnitude of b:	10.530480478313	

	
    Current index:	129501	
    Magnitude of W_grad:	40.616000000002	
    Magnitude of W:	181271.13154084	
    Magnitude of B_grad:	0.092	
    Magnitude of b:	10.869000321016	

	
    Current index:	139501	
    Magnitude of W_grad:	40.972000000001	
    Magnitude of W:	181218.1938068	
    Magnitude of B_grad:	0.14	
    Magnitude of b:	10.071498484572	

	
SGD: Hinge Loss is	
616090.44184252	
SGD: Validation Accuracy is:	
0.28156221616712	
SGD: Magnitude of W:	
181203.37265046	
SGD: Magnitude of b:	
9.3940430679402	
    Current index:	9501	
    Magnitude of W_grad:	32.908	
    Magnitude of W:	181152.89046242	
    Magnitude of B_grad:	0.128	
    Magnitude of b:	10.486209476398	

	
    Current index:	19501	
    Magnitude of W_grad:	38.244000000001	
    Magnitude of W:	181102.19627243	
    Magnitude of B_grad:	0.164	
    Magnitude of b:	10.712728964773	

	
    Current index:	29501	
    Magnitude of W_grad:	24.412	
    Magnitude of W:	181050.67666149	
    Magnitude of B_grad:	0.048	
    Magnitude of b:	10.963213040321	

	
    Current index:	39501	
    Magnitude of W_grad:	41.928000000001	
    Magnitude of W:	181001.5277823	
    Magnitude of B_grad:	0.112	
    Magnitude of b:	10.881682166907	

	
    Current index:	49501	
    Magnitude of W_grad:	37.168000000001	
    Magnitude of W:	180953.37437493	
    Magnitude of B_grad:	0.092	
    Magnitude of b:	10.85216616551	

	
    Current index:	59501	
    Magnitude of W_grad:	31.412	
    Magnitude of W:	180902.27800653	
    Magnitude of B_grad:	0.164	
    Magnitude of b:	11.274597715087	

	
    Current index:	69501	
    Magnitude of W_grad:	39.280000000001	
    Magnitude of W:	180849.28028061	
    Magnitude of B_grad:	0.128	
    Magnitude of b:	11.461006840144	

	
    Current index:	79501	
    Magnitude of W_grad:	37.396000000001	
    Magnitude of W:	180797.77321351	
    Magnitude of B_grad:	0.04	
    Magnitude of b:	10.165800680443	

	
    Current index:	89501	
    Magnitude of W_grad:	43.628000000001	
    Magnitude of W:	180742.67190059	
    Magnitude of B_grad:	0.232	
    Magnitude of b:	9.8604112823008	

	
    Current index:	99501	
    Magnitude of W_grad:	35.636000000001	
    Magnitude of W:	180689.53991933	
    Magnitude of B_grad:	0.14	
    Magnitude of b:	10.389359517312	

	
    Current index:	109501	
    Magnitude of W_grad:	35.504	
    Magnitude of W:	180640.33585908	
    Magnitude of B_grad:	0.112	
    Magnitude of b:	10.415902302328	

	
    Current index:	119501	
    Magnitude of W_grad:	45.616000000002	
    Magnitude of W:	180589.39041704	
    Magnitude of B_grad:	0.156	
    Magnitude of b:	10.174466198673	

	
    Current index:	129501	
    Magnitude of W_grad:	37.956000000001	
    Magnitude of W:	180537.96114834	
    Magnitude of B_grad:	0.064	
    Magnitude of b:	10.525036125142	

	
    Current index:	139501	
    Magnitude of W_grad:	40.144000000001	
    Magnitude of W:	180488.32047783	
    Magnitude of B_grad:	0.128	
    Magnitude of b:	9.7755809462584	

	
SGD: Hinge Loss is	
585441.09963587	
SGD: Validation Accuracy is:	
0.29791099000908	
SGD: Magnitude of W:	
180474.99145119	
SGD: Magnitude of b:	
9.054138923079	
    Current index:	9501	
    Magnitude of W_grad:	31.851999999999	
    Magnitude of W:	180427.21852198	
    Magnitude of B_grad:	0.148	
    Magnitude of b:	10.080551338828	

	
    Current index:	19501	
    Magnitude of W_grad:	34.228	
    Magnitude of W:	180379.57957221	
    Magnitude of B_grad:	0.148	
    Magnitude of b:	10.371119207518	

	
    Current index:	29501	
    Magnitude of W_grad:	24.468	
    Magnitude of W:	180330.61999093	
    Magnitude of B_grad:	0.064	
    Magnitude of b:	10.665645547015	

	
    Current index:	39501	
    Magnitude of W_grad:	43.908000000001	
    Magnitude of W:	180284.44903467	
    Magnitude of B_grad:	0.184	
    Magnitude of b:	10.596158557075	

	
    Current index:	49501	
    Magnitude of W_grad:	35.784000000002	
    Magnitude of W:	180239.02800349	
    Magnitude of B_grad:	0.068	
    Magnitude of b:	10.542685956658	

	
    Current index:	59501	
    Magnitude of W_grad:	31.472	
    Magnitude of W:	180190.77038834	
    Magnitude of B_grad:	0.172	
    Magnitude of b:	10.965157453891	

	
    Current index:	69501	
    Magnitude of W_grad:	38.228000000001	
    Magnitude of W:	180140.8831961	
    Magnitude of B_grad:	0.08	
    Magnitude of b:	11.171608034487	

	
    Current index:	79501	
    Magnitude of W_grad:	35.136000000001	
    Magnitude of W:	180090.93479246	
    Magnitude of B_grad:	0.032	
    Magnitude of b:	9.9370626022175	

	
    Current index:	89501	
    Magnitude of W_grad:	42.380000000001	
    Magnitude of W:	180038.18486027	
    Magnitude of B_grad:	0.244	
    Magnitude of b:	9.6197050325948	

	
    Current index:	99501	
    Magnitude of W_grad:	34.216000000001	
    Magnitude of W:	179988.42120199	
    Magnitude of B_grad:	0.128	
    Magnitude of b:	10.113789967913	

	
    Current index:	109501	
    Magnitude of W_grad:	32.32	
    Magnitude of W:	179942.11990334	
    Magnitude of B_grad:	0.12	
    Magnitude of b:	10.148365370512	

	
    Current index:	119501	
    Magnitude of W_grad:	44.648000000002	
    Magnitude of W:	179893.41257801	
    Magnitude of B_grad:	0.18	
    Magnitude of b:	9.8989644301244	

	
    Current index:	129501	
    Magnitude of W_grad:	34.152	
    Magnitude of W:	179844.50789193	
    Magnitude of B_grad:	0.076	
    Magnitude of b:	10.153577446401	

	
    Current index:	139501	
    Magnitude of W_grad:	40.044000000001	
    Magnitude of W:	179797.39290814	
    Magnitude of B_grad:	0.136	
    Magnitude of b:	9.4521724695882	

	
SGD: Hinge Loss is	
561043.22538637	
SGD: Validation Accuracy is:	
0.30154405086285	
SGD: Magnitude of W:	
179785.19335616	
SGD: Magnitude of b:	
8.7667429776317	
    Current index:	9501	
    Magnitude of W_grad:	31.307999999999	
    Magnitude of W:	179740.19561577	
    Magnitude of B_grad:	0.148	
    Magnitude of b:	9.7858375791081	

	
    Current index:	19501	
    Magnitude of W_grad:	34.996	
    Magnitude of W:	179694.76025839	
    Magnitude of B_grad:	0.128	
    Magnitude of b:	10.100445400122	

	
    Current index:	29501	
    Magnitude of W_grad:	25.884	
    Magnitude of W:	179647.99836104	
    Magnitude of B_grad:	0.052	
    Magnitude of b:	10.443003138629	

	
    Current index:	39501	
    Magnitude of W_grad:	39.696000000001	
    Magnitude of W:	179604.37349842	
    Magnitude of B_grad:	0.176	
    Magnitude of b:	10.309550177792	

	
    Current index:	49501	
    Magnitude of W_grad:	35.776000000001	
    Magnitude of W:	179560.44181961	
    Magnitude of B_grad:	0.072	
    Magnitude of b:	10.340113507292	

	
    Current index:	59501	
    Magnitude of W_grad:	30.988	
    Magnitude of W:	179514.43836008	
    Magnitude of B_grad:	0.188	
    Magnitude of b:	10.734614791943	

	
    Current index:	69501	
    Magnitude of W_grad:	37.872000000001	
    Magnitude of W:	179466.69029214	
    Magnitude of B_grad:	0.052	
    Magnitude of b:	10.881102975099	

	
    Current index:	79501	
    Magnitude of W_grad:	33.18	
    Magnitude of W:	179419.30805892	
    Magnitude of B_grad:	0.024	
    Magnitude of b:	9.7555640442694	

	
    Current index:	89501	
    Magnitude of W_grad:	40.648	
    Magnitude of W:	179368.84565605	
    Magnitude of B_grad:	0.24	
    Magnitude of b:	9.4062350186056	

	
    Current index:	99501	
    Magnitude of W_grad:	31.763999999999	
    Magnitude of W:	179321.52826583	
    Magnitude of B_grad:	0.104	
    Magnitude of b:	9.902655277724	

	
    Current index:	109501	
    Magnitude of W_grad:	29.519999999999	
    Magnitude of W:	179277.26877603	
    Magnitude of B_grad:	0.12	
    Magnitude of b:	9.9172599859563	

	
    Current index:	119501	
    Magnitude of W_grad:	45.200000000002	
    Magnitude of W:	179229.40775106	
    Magnitude of B_grad:	0.188	
    Magnitude of b:	9.7158875063109	

	
    Current index:	129501	
    Magnitude of W_grad:	33.575999999999	
    Magnitude of W:	179183.36532662	
    Magnitude of B_grad:	0.096	
    Magnitude of b:	9.946528026585	

	
    Current index:	139501	
    Magnitude of W_grad:	39.360000000001	
    Magnitude of W:	179138.76776945	
    Magnitude of B_grad:	0.136	
    Magnitude of b:	9.2851495688738	

	
SGD: Hinge Loss is	
538645.09566224	
SGD: Validation Accuracy is:	
0.30517711171662	
SGD: Magnitude of W:	
179127.48730815	
SGD: Magnitude of b:	
8.5628610474928	
    Current index:	9501	
    Magnitude of W_grad:	28.863999999999	
    Magnitude of W:	179085.10180468	
    Magnitude of B_grad:	0.12	
    Magnitude of b:	9.5892756019947	

	
    Current index:	19501	
    Magnitude of W_grad:	31.732	
    Magnitude of W:	179041.78885081	
    Magnitude of B_grad:	0.148	
    Magnitude of b:	9.9159134330925	

	
    Current index:	29501	
    Magnitude of W_grad:	26.656	
    Magnitude of W:	178997.61996404	
    Magnitude of B_grad:	0.104	
    Magnitude of b:	10.282501457741	

	
    Current index:	39501	
    Magnitude of W_grad:	39.752000000001	
    Magnitude of W:	178956.19245041	
    Magnitude of B_grad:	0.16	
    Magnitude of b:	10.11707334184	

	
    Current index:	49501	
    Magnitude of W_grad:	35.400000000001	
    Magnitude of W:	178913.92837602	
    Magnitude of B_grad:	0.056	
    Magnitude of b:	10.12766871544	

	
    Current index:	59501	
    Magnitude of W_grad:	31.152	
    Magnitude of W:	178869.08895259	
    Magnitude of B_grad:	0.164	
    Magnitude of b:	10.522199545357	

	
    Current index:	69501	
    Magnitude of W_grad:	37.384	
    Magnitude of W:	178823.45258135	
    Magnitude of B_grad:	0.06	
    Magnitude of b:	10.68071802632	

	
    Current index:	79501	
    Magnitude of W_grad:	32.376	
    Magnitude of W:	178778.27868183	
    Magnitude of B_grad:	0.036	
    Magnitude of b:	9.5549456525443	

	
    Current index:	89501	
    Magnitude of W_grad:	39.496	
    Magnitude of W:	178729.73206934	
    Magnitude of B_grad:	0.256	
    Magnitude of b:	9.2816359950813	

	
    Current index:	99501	
    Magnitude of W_grad:	32.608	
    Magnitude of W:	178683.83613953	
    Magnitude of B_grad:	0.152	
    Magnitude of b:	9.7829809246293	

	
    Current index:	109501	
    Magnitude of W_grad:	30.615999999999	
    Magnitude of W:	178640.8707774	
    Magnitude of B_grad:	0.14	
    Magnitude of b:	9.6896080639007	

	
    Current index:	119501	
    Magnitude of W_grad:	43.920000000002	
    Magnitude of W:	178595.00419022	
    Magnitude of B_grad:	0.16	
    Magnitude of b:	9.5562598336419	

	
    Current index:	129501	
    Magnitude of W_grad:	30.999999999999	
    Magnitude of W:	178551.29187694	
    Magnitude of B_grad:	0.076	
    Magnitude of b:	9.7109270943028	

	
    Current index:	139501	
    Magnitude of W_grad:	37.34	
    Magnitude of W:	178508.52989833	
    Magnitude of B_grad:	0.148	
    Magnitude of b:	9.0975830801601	

	
SGD: Hinge Loss is	
521226.68615095	
SGD: Validation Accuracy is:	
0.30971843778383	
SGD: Magnitude of W:	
178497.47304529	
SGD: Magnitude of b:	
8.3700866390636	
    Current index:	9501	
    Magnitude of W_grad:	30.951999999999	
    Magnitude of W:	178456.50762734	
    Magnitude of B_grad:	0.132	
    Magnitude of b:	9.3693919013745	

	
    Current index:	19501	
    Magnitude of W_grad:	30.328	
    Magnitude of W:	178414.33033544	
    Magnitude of B_grad:	0.116	
    Magnitude of b:	9.7440583863132	

	
    Current index:	29501	
    Magnitude of W_grad:	27.431999999999	
    Magnitude of W:	178372.40323467	
    Magnitude of B_grad:	0.1	
    Magnitude of b:	10.034675985816	

	
    Current index:	39501	
    Magnitude of W_grad:	38.296000000001	
    Magnitude of W:	178332.41913298	
    Magnitude of B_grad:	0.196	
    Magnitude of b:	9.8452804113808	

	
    Current index:	49501	
    Magnitude of W_grad:	34.636000000001	
    Magnitude of W:	178291.2483314	
    Magnitude of B_grad:	0.064	
    Magnitude of b:	9.9319095546569	

	
    Current index:	59501	
    Magnitude of W_grad:	30.032	
    Magnitude of W:	178248.24033058	
    Magnitude of B_grad:	0.172	
    Magnitude of b:	10.298466498746	

	
    Current index:	69501	
    Magnitude of W_grad:	38.424000000001	
    Magnitude of W:	178204.45832263	
    Magnitude of B_grad:	0.08	
    Magnitude of b:	10.413018657196	

	
    Current index:	79501	
    Magnitude of W_grad:	31.704000000001	
    Magnitude of W:	178160.7509295	
    Magnitude of B_grad:	0.04	
    Magnitude of b:	9.3762254536117	

	
    Current index:	89501	
    Magnitude of W_grad:	38.128000000001	
    Magnitude of W:	178113.59677238	
    Magnitude of B_grad:	0.236	
    Magnitude of b:	9.0909412602614	

	
    Current index:	99501	
    Magnitude of W_grad:	33.572	
    Magnitude of W:	178069.17611256	
    Magnitude of B_grad:	0.136	
    Magnitude of b:	9.5224357701069	

	
    Current index:	109501	
    Magnitude of W_grad:	30.716	
    Magnitude of W:	178027.58722927	
    Magnitude of B_grad:	0.172	
    Magnitude of b:	9.4050984942714	

	
    Current index:	119501	
    Magnitude of W_grad:	44.676000000002	
    Magnitude of W:	177983.91408108	
    Magnitude of B_grad:	0.196	
    Magnitude of b:	9.3477827330003	

	
    Current index:	129501	
    Magnitude of W_grad:	32.92	
    Magnitude of W:	177941.27901113	
    Magnitude of B_grad:	0.144	
    Magnitude of b:	9.5104781982244	

	
    Current index:	139501	
    Magnitude of W_grad:	37.852000000001	
    Magnitude of W:	177900.48991548	
    Magnitude of B_grad:	0.152	
    Magnitude of b:	8.9651593017507	

	
SGD: Hinge Loss is	
506633.38918427	
SGD: Validation Accuracy is:	
0.30608537693006	
SGD: Magnitude of W:	
177890.18928266	
SGD: Magnitude of b:	
8.2601018597808	
    Current index:	9501	
    Magnitude of W_grad:	29.547999999999	
    Magnitude of W:	177850.19813242	
    Magnitude of B_grad:	0.14	
    Magnitude of b:	9.2383696578077	

	
    Current index:	19501	
    Magnitude of W_grad:	31.936	
    Magnitude of W:	177810.39215296	
    Magnitude of B_grad:	0.088	
    Magnitude of b:	9.5250640595062	

	
    Current index:	29501	
    Magnitude of W_grad:	28.171999999999	
    Magnitude of W:	177768.70077742	
    Magnitude of B_grad:	0.116	
    Magnitude of b:	9.8837100480488	

	
    Current index:	39501	
    Magnitude of W_grad:	36.912000000001	
    Magnitude of W:	177729.94874978	
    Magnitude of B_grad:	0.192	
    Magnitude of b:	9.6903340867803	

	
    Current index:	49501	
    Magnitude of W_grad:	34.964000000001	
    Magnitude of W:	177690.35042642	
    Magnitude of B_grad:	0.1	
    Magnitude of b:	9.7409887820344	

	
    Current index:	59501	
    Magnitude of W_grad:	29.984	
    Magnitude of W:	177648.36807887	
    Magnitude of B_grad:	0.148	
    Magnitude of b:	10.195569284526	

	
    Current index:	69501	
    Magnitude of W_grad:	36.876000000001	
    Magnitude of W:	177605.57733487	
    Magnitude of B_grad:	0.056	
    Magnitude of b:	10.302141186593	

	
    Current index:	79501	
    Magnitude of W_grad:	30.284	
    Magnitude of W:	177563.22570528	
    Magnitude of B_grad:	0.1	
    Magnitude of b:	9.2278825246688	

	
    Current index:	89501	
    Magnitude of W_grad:	38.932000000001	
    Magnitude of W:	177517.59560308	
    Magnitude of B_grad:	0.276	
    Magnitude of b:	8.9826156992344	

	
    Current index:	99501	
    Magnitude of W_grad:	37.280000000001	
    Magnitude of W:	177474.8524104	
    Magnitude of B_grad:	0.188	
    Magnitude of b:	9.3526064737029	

	
    Current index:	109501	
    Magnitude of W_grad:	30.44	
    Magnitude of W:	177432.96837224	
    Magnitude of B_grad:	0.168	
    Magnitude of b:	9.2512910899697	

	
    Current index:	119501	
    Magnitude of W_grad:	44.672000000002	
    Magnitude of W:	177390.66012756	
    Magnitude of B_grad:	0.196	
    Magnitude of b:	9.2059939387551	

	
    Current index:	129501	
    Magnitude of W_grad:	33.008	
    Magnitude of W:	177349.37525605	
    Magnitude of B_grad:	0.136	
    Magnitude of b:	9.2967120472507	

	
    Current index:	139501	
    Magnitude of W_grad:	36.744000000001	
    Magnitude of W:	177309.02994944	
    Magnitude of B_grad:	0.132	
    Magnitude of b:	8.8202041095174	

	
SGD: Hinge Loss is	
492516.19012868	
SGD: Validation Accuracy is:	
0.31153496821072	
SGD: Magnitude of W:	
177298.95491417	
SGD: Magnitude of b:	
8.1056004225961	
    Current index:	9501	
    Magnitude of W_grad:	27.647999999999	
    Magnitude of W:	177260.26788063	
    Magnitude of B_grad:	0.096	
    Magnitude of b:	9.075310397394	

	
    Current index:	19501	
    Magnitude of W_grad:	30.236	
    Magnitude of W:	177221.29774108	
    Magnitude of B_grad:	0.104	
    Magnitude of b:	9.3820273119636	

	
    Current index:	29501	
    Magnitude of W_grad:	28.247999999999	
    Magnitude of W:	177180.79495062	
    Magnitude of B_grad:	0.124	
    Magnitude of b:	9.6886941848235	

	
    Current index:	39501	
    Magnitude of W_grad:	35.924	
    Magnitude of W:	177142.91905476	
    Magnitude of B_grad:	0.112	
    Magnitude of b:	9.5073418512738	

	
    Current index:	49501	
    Magnitude of W_grad:	33.496000000001	
    Magnitude of W:	177104.8669416	
    Magnitude of B_grad:	0.076	
    Magnitude of b:	9.5420200309578	

	
    Current index:	59501	
    Magnitude of W_grad:	29.524	
    Magnitude of W:	177063.92308197	
    Magnitude of B_grad:	0.156	
    Magnitude of b:	10.076622052572	

	
    Current index:	69501	
    Magnitude of W_grad:	38.712000000001	
    Magnitude of W:	177022.2517803	
    Magnitude of B_grad:	0.056	
    Magnitude of b:	10.135213509306	

	
    Current index:	79501	
    Magnitude of W_grad:	29.852	
    Magnitude of W:	176980.68384781	
    Magnitude of B_grad:	0.076	
    Magnitude of b:	9.0954563533786	

	
    Current index:	89501	
    Magnitude of W_grad:	35.584	
    Magnitude of W:	176936.0484997	
    Magnitude of B_grad:	0.192	
    Magnitude of b:	8.7942115597396	

	
    Current index:	99501	
    Magnitude of W_grad:	34.804000000001	
    Magnitude of W:	176894.13732511	
    Magnitude of B_grad:	0.156	
    Magnitude of b:	9.1938432847763	

	
    Current index:	109501	
    Magnitude of W_grad:	31.243999999999	
    Magnitude of W:	176853.78113829	
    Magnitude of B_grad:	0.184	
    Magnitude of b:	9.0205588923792	

	
    Current index:	119501	
    Magnitude of W_grad:	40.924000000001	
    Magnitude of W:	176812.51154567	
    Magnitude of B_grad:	0.132	
    Magnitude of b:	9.0192908782571	

	
    Current index:	129501	
    Magnitude of W_grad:	32.736	
    Magnitude of W:	176772.48769972	
    Magnitude of B_grad:	0.128	
    Magnitude of b:	9.1740304687686	

	
    Current index:	139501	
    Magnitude of W_grad:	36.28	
    Magnitude of W:	176733.25371149	
    Magnitude of B_grad:	0.152	
    Magnitude of b:	8.7998976404225	

	
SGD: Hinge Loss is	
480601.6587072	
SGD: Validation Accuracy is:	
0.31789282470481	
SGD: Magnitude of W:	
176723.61568418	
SGD: Magnitude of b:	
8.0449461743349	
    Current index:	9501	
    Magnitude of W_grad:	26.891999999999	
    Magnitude of W:	176685.04869412	
    Magnitude of B_grad:	0.068	
    Magnitude of b:	8.9813883254508	

	
    Current index:	19501	
    Magnitude of W_grad:	30.036	
    Magnitude of W:	176647.23996764	
    Magnitude of B_grad:	0.084	
    Magnitude of b:	9.2881236138795	

	
    Current index:	29501	
    Magnitude of W_grad:	27.768	
    Magnitude of W:	176607.79741944	
    Magnitude of B_grad:	0.136	
    Magnitude of b:	9.5508089702341	

	
    Current index:	39501	
    Magnitude of W_grad:	34.348	
    Magnitude of W:	176571.96806969	
    Magnitude of B_grad:	0.092	
    Magnitude of b:	9.3774765467647	

	
    Current index:	49501	
    Magnitude of W_grad:	33.428000000001	
    Magnitude of W:	176534.03805338	
    Magnitude of B_grad:	0.096	
    Magnitude of b:	9.4521709903529	

	
    Current index:	59501	
    Magnitude of W_grad:	29.64	
    Magnitude of W:	176494.15283353	
    Magnitude of B_grad:	0.18	
    Magnitude of b:	9.9307926648814	

	
    Current index:	69501	
    Magnitude of W_grad:	35.588	
    Magnitude of W:	176453.37992796	
    Magnitude of B_grad:	0.1	
    Magnitude of b:	10.017399231485	

	
    Current index:	79501	
    Magnitude of W_grad:	28.668	
    Magnitude of W:	176413.16088018	
    Magnitude of B_grad:	0.072	
    Magnitude of b:	9.0149282216542	

	
    Current index:	89501	
    Magnitude of W_grad:	36.616000000001	
    Magnitude of W:	176368.72212701	
    Magnitude of B_grad:	0.216	
    Magnitude of b:	8.7136953007815	

	
    Current index:	99501	
    Magnitude of W_grad:	31.727999999999	
    Magnitude of W:	176327.48875681	
    Magnitude of B_grad:	0.092	
    Magnitude of b:	9.0420827162574	

	
    Current index:	109501	
    Magnitude of W_grad:	30.496	
    Magnitude of W:	176288.83047073	
    Magnitude of B_grad:	0.14	
    Magnitude of b:	8.9151748251012	

	
    Current index:	119501	
    Magnitude of W_grad:	37.984000000001	
    Magnitude of W:	176248.654878	
    Magnitude of B_grad:	0.132	
    Magnitude of b:	8.9275661968453	

	
    Current index:	129501	
    Magnitude of W_grad:	31.451999999999	
    Magnitude of W:	176210.49177313	
    Magnitude of B_grad:	0.124	
    Magnitude of b:	9.0223237133156	

	
    Current index:	139501	
    Magnitude of W_grad:	36.136000000001	
    Magnitude of W:	176171.63119428	
    Magnitude of B_grad:	0.208	
    Magnitude of b:	8.7114554311324	

	
SGD: Hinge Loss is	
471622.82353586	
SGD: Validation Accuracy is:	
0.3197093551317	
SGD: Magnitude of W:	
176162.21782037	
SGD: Magnitude of b:	
7.9352918220412	
    Current index:	9501	
    Magnitude of W_grad:	28.007999999999	
    Magnitude of W:	176124.15861301	
    Magnitude of B_grad:	0.088	
    Magnitude of b:	8.8440307619281	

	
    Current index:	19501	
    Magnitude of W_grad:	29.588	
    Magnitude of W:	176086.86760203	
    Magnitude of B_grad:	0.104	
    Magnitude of b:	9.1347784878366	

	
    Current index:	29501	
    Magnitude of W_grad:	28.012	
    Magnitude of W:	176048.07622577	
    Magnitude of B_grad:	0.136	
    Magnitude of b:	9.3454866774404	

	
    Current index:	39501	
    Magnitude of W_grad:	33.171999999999	
    Magnitude of W:	176012.43833632	
    Magnitude of B_grad:	0.092	
    Magnitude of b:	9.2801711424624	

	
    Current index:	49501	
    Magnitude of W_grad:	32.295999999999	
    Magnitude of W:	175976.09693463	
    Magnitude of B_grad:	0.084	
    Magnitude of b:	9.2868846023164	

	
    Current index:	59501	
    Magnitude of W_grad:	29.736	
    Magnitude of W:	175936.66892768	
    Magnitude of B_grad:	0.144	
    Magnitude of b:	9.7895264674115	

	
    Current index:	69501	
    Magnitude of W_grad:	36.272000000001	
    Magnitude of W:	175896.5902295	
    Magnitude of B_grad:	0.084	
    Magnitude of b:	9.8841573416271	

	
    Current index:	79501	
    Magnitude of W_grad:	29.332	
    Magnitude of W:	175857.48268124	
    Magnitude of B_grad:	0.2	
    Magnitude of b:	8.8373934024085	

	
    Current index:	89501	
    Magnitude of W_grad:	34.996	
    Magnitude of W:	175814.26526236	
    Magnitude of B_grad:	0.2	
    Magnitude of b:	8.6041795857573	

	
    Current index:	99501	
    Magnitude of W_grad:	33.932	
    Magnitude of W:	175774.69248995	
    Magnitude of B_grad:	0.092	
    Magnitude of b:	8.9154273940897	

	
    Current index:	109501	
    Magnitude of W_grad:	28.644	
    Magnitude of W:	175735.6264049	
    Magnitude of B_grad:	0.088	
    Magnitude of b:	8.921691089301	

	
    Current index:	119501	
    Magnitude of W_grad:	37.792000000001	
    Magnitude of W:	175696.53168116	
    Magnitude of B_grad:	0.112	
    Magnitude of b:	8.7649430892665	

	
    Current index:	129501	
    Magnitude of W_grad:	35.148000000001	
    Magnitude of W:	175659.60928809	
    Magnitude of B_grad:	0.168	
    Magnitude of b:	8.8632419364627	

	
    Current index:	139501	
    Magnitude of W_grad:	36.576000000001	
    Magnitude of W:	175622.23263984	
    Magnitude of B_grad:	0.208	
    Magnitude of b:	8.6340104568977	

	
SGD: Hinge Loss is	
461908.09670505	
SGD: Validation Accuracy is:	
0.32152588555858	
SGD: Magnitude of W:	
175612.38345016	
SGD: Magnitude of b:	
7.9082833113761	
    Current index:	9501	
    Magnitude of W_grad:	28.263999999999	
    Magnitude of W:	175575.56144219	
    Magnitude of B_grad:	0.08	
    Magnitude of b:	8.7745786164765	

	
    Current index:	19501	
    Magnitude of W_grad:	33.560000000001	
    Magnitude of W:	175539.68493708	
    Magnitude of B_grad:	0.084	
    Magnitude of b:	9.0653439497794	

	
    Current index:	29501	
    Magnitude of W_grad:	26.596	
    Magnitude of W:	175501.81984245	
    Magnitude of B_grad:	0.116	
    Magnitude of b:	9.2360673060807	

	
    Current index:	39501	
    Magnitude of W_grad:	33.768	
    Magnitude of W:	175466.97090906	
    Magnitude of B_grad:	0.112	
    Magnitude of b:	9.1587682528176	

	
    Current index:	49501	
    Magnitude of W_grad:	31.851999999999	
    Magnitude of W:	175430.58563975	
    Magnitude of B_grad:	0.104	
    Magnitude of b:	9.1614984723524	

	
    Current index:	59501	
    Magnitude of W_grad:	29.248	
    Magnitude of W:	175392.34468461	
    Magnitude of B_grad:	0.116	
    Magnitude of b:	9.7081579355873	

	
    Current index:	69501	
    Magnitude of W_grad:	35.620000000001	
    Magnitude of W:	175353.25507213	
    Magnitude of B_grad:	0.056	
    Magnitude of b:	9.7348064615233	

	
    Current index:	79501	
    Magnitude of W_grad:	26.484	
    Magnitude of W:	175314.59658135	
    Magnitude of B_grad:	0.148	
    Magnitude of b:	8.7615123790767	

	
    Current index:	89501	
    Magnitude of W_grad:	36.132	
    Magnitude of W:	175271.95604205	
    Magnitude of B_grad:	0.248	
    Magnitude of b:	8.573288727381	

	
    Current index:	99501	
    Magnitude of W_grad:	31.747999999999	
    Magnitude of W:	175232.99703174	
    Magnitude of B_grad:	0.072	
    Magnitude of b:	8.7933089943318	

	
    Current index:	109501	
    Magnitude of W_grad:	29.631999999999	
    Magnitude of W:	175194.82027271	
    Magnitude of B_grad:	0.08	
    Magnitude of b:	8.8188236003401	

	
    Current index:	119501	
    Magnitude of W_grad:	36.776000000001	
    Magnitude of W:	175156.15079947	
    Magnitude of B_grad:	0.096	
    Magnitude of b:	8.6868568656403	

	
    Current index:	129501	
    Magnitude of W_grad:	32.175999999999	
    Magnitude of W:	175120.08435562	
    Magnitude of B_grad:	0.096	
    Magnitude of b:	8.7896477199301	

	
    Current index:	139501	
    Magnitude of W_grad:	36.200000000001	
    Magnitude of W:	175083.85395865	
    Magnitude of B_grad:	0.196	
    Magnitude of b:	8.5111846925766	

	
SGD: Hinge Loss is	
452321.69217329	
SGD: Validation Accuracy is:	
0.32515894641235	
SGD: Magnitude of W:	
175074.52353791	
SGD: Magnitude of b:	
7.8454617577864	
    Current index:	9501	
    Magnitude of W_grad:	27.351999999999	
    Magnitude of W:	175038.88037242	
    Magnitude of B_grad:	0.104	
    Magnitude of b:	8.6077630157419	

	
    Current index:	19501	
    Magnitude of W_grad:	30.06	
    Magnitude of W:	175003.47955844	
    Magnitude of B_grad:	0.112	
    Magnitude of b:	8.8585482774782	

	
    Current index:	29501	
    Magnitude of W_grad:	25.032	
    Magnitude of W:	174966.08088084	
    Magnitude of B_grad:	0.104	
    Magnitude of b:	9.0652932408268	

	
    Current index:	39501	
    Magnitude of W_grad:	33.048	
    Magnitude of W:	174931.68326208	
    Magnitude of B_grad:	0.136	
    Magnitude of b:	9.0120161280226	

	
    Current index:	49501	
    Magnitude of W_grad:	29.856	
    Magnitude of W:	174896.34817629	
    Magnitude of B_grad:	0.056	
    Magnitude of b:	9.0027665192318	

	
    Current index:	59501	
    Magnitude of W_grad:	26.368	
    Magnitude of W:	174858.86997734	
    Magnitude of B_grad:	0.136	
    Magnitude of b:	9.5374449182558	

	
    Current index:	69501	
    Magnitude of W_grad:	35.416000000001	
    Magnitude of W:	174820.61773289	
    Magnitude of B_grad:	0.076	
    Magnitude of b:	9.560113526407	

	
    Current index:	79501	
    Magnitude of W_grad:	27.479999999999	
    Magnitude of W:	174783.18047927	
    Magnitude of B_grad:	0.212	
    Magnitude of b:	8.6237870231093	

	
    Current index:	89501	
    Magnitude of W_grad:	35.904	
    Magnitude of W:	174740.82129297	
    Magnitude of B_grad:	0.204	
    Magnitude of b:	8.4585984304705	

	
    Current index:	99501	
    Magnitude of W_grad:	32.296	
    Magnitude of W:	174702.45094262	
    Magnitude of B_grad:	0.108	
    Magnitude of b:	8.7053787267182	

	
    Current index:	109501	
    Magnitude of W_grad:	26.716	
    Magnitude of W:	174665.57710922	
    Magnitude of B_grad:	0.104	
    Magnitude of b:	8.6921596428293	

	
    Current index:	119501	
    Magnitude of W_grad:	34.028	
    Magnitude of W:	174628.03051863	
    Magnitude of B_grad:	0.104	
    Magnitude of b:	8.6176388504062	

	
    Current index:	129501	
    Magnitude of W_grad:	31.68	
    Magnitude of W:	174592.80427357	
    Magnitude of B_grad:	0.096	
    Magnitude of b:	8.732439039631	

	
    Current index:	139501	
    Magnitude of W_grad:	38.568000000001	
    Magnitude of W:	174557.50661624	
    Magnitude of B_grad:	0.3	
    Magnitude of b:	8.4885508007488	

	
Done.	
Testing on validation set...	
Done	
Datafile:	/n/home09/ankitgupta/CS287/HW1/SST1-uni-syns.hdf5	Classifier:	hinge	Alpha:	0	Eta:	1	Lambda:	1	Minibatch size:	500	Num Epochs:	15	Minimum Sentence Length:	5	
Accuracy:	0.32788374205268	
