[?1034hDatafile:	/n/home09/ankitgupta/CS287/HW1/SST1-uni-syns.hdf5	Classifier:	lr	Alpha:	0	Eta:	0.5	Lambda:	1	Minibatch size:	500	Num Epochs:	15	Minimum Sentence Length:	0	
Note that not all parameters may apply to all classifiers	
Loading datafiles...	
Number of training samples before removing small sentences	156817	
Number of training samples after removing small sentences	156817	
Done.	
Training classifier...	
SGD: Loss is	
	LOSS:Calculated softmax res	
1166586.2135241	
SGD: crossEntropyLoss is	
1166588.3538819	
SGD: Validation Accuracy is:	
0.20980926430518	
SGD: Magnitude of W:	
185230.01290479	
SGD: Magnitude of b:	
3.0953084205603	
    Current index:	9501	
    Magnitude of W_grad:	30.396681044907	
    Magnitude of W:	185178.83909953	
    Magnitude of B_grad:	0.24785379444758	
    Magnitude of b:	5.6874945191388	

	
    Current index:	19501	
    Magnitude of W_grad:	41.369161661704	
    Magnitude of W:	185129.23201106	
    Magnitude of B_grad:	0.22704082969205	
    Magnitude of b:	7.6694857996057	

	
    Current index:	29501	
    Magnitude of W_grad:	46.566383721448	
    Magnitude of W:	185081.19857199	
    Magnitude of B_grad:	0.30257046120861	
    Magnitude of b:	8.8457882414827	

	
    Current index:	39501	
    Magnitude of W_grad:	43.516686017374	
    Magnitude of W:	185034.05044009	
    Magnitude of B_grad:	0.4754605247729	
    Magnitude of b:	9.7455317935227	

	
    Current index:	49501	
    Magnitude of W_grad:	39.991341435699	
    Magnitude of W:	184988.89175591	
    Magnitude of B_grad:	0.23828582372598	
    Magnitude of b:	10.553866596015	

	
    Current index:	59501	
    Magnitude of W_grad:	33.751797814721	
    Magnitude of W:	184947.41894919	
    Magnitude of B_grad:	0.23531891867166	
    Magnitude of b:	10.923961871276	

	
    Current index:	69501	
    Magnitude of W_grad:	40.101397619638	
    Magnitude of W:	184906.28384301	
    Magnitude of B_grad:	0.19816234696672	
    Magnitude of b:	11.478269690965	

	
    Current index:	79501	
    Magnitude of W_grad:	38.010464429089	
    Magnitude of W:	184866.18014434	
    Magnitude of B_grad:	0.13453042175633	
    Magnitude of b:	11.372323994588	

	
    Current index:	89501	
    Magnitude of W_grad:	50.884733837693	
    Magnitude of W:	184819.63419256	
    Magnitude of B_grad:	0.30791474596682	
    Magnitude of b:	9.7571734630142	

	
    Current index:	99501	
    Magnitude of W_grad:	35.64926607446	
    Magnitude of W:	184773.11226102	
    Magnitude of B_grad:	0.19579755528599	
    Magnitude of b:	9.7201408748039	

	
    Current index:	109501	
    Magnitude of W_grad:	37.887194616721	
    Magnitude of W:	184728.61842344	
    Magnitude of B_grad:	0.13060203811333	
    Magnitude of b:	10.128875678359	

	
    Current index:	119501	
    Magnitude of W_grad:	47.16239619486	
    Magnitude of W:	184686.0928174	
    Magnitude of B_grad:	0.174458726149	
    Magnitude of b:	10.211592259778	

	
    Current index:	129501	
    Magnitude of W_grad:	39.411364044326	
    Magnitude of W:	184644.89642715	
    Magnitude of B_grad:	0.1008325188485	
    Magnitude of b:	10.664864669178	

	
    Current index:	139501	
    Magnitude of W_grad:	46.165171832369	
    Magnitude of W:	184606.40843138	
    Magnitude of B_grad:	0.29944256748357	
    Magnitude of b:	10.905684723061	

	
    Current index:	149501	
    Magnitude of W_grad:	37.016669905941	
    Magnitude of W:	184566.41663519	
    Magnitude of B_grad:	0.17467355814527	
    Magnitude of b:	11.35043620835	

	
SGD: Loss is	
	LOSS:Calculated softmax res	
758213.4736341	
SGD: crossEntropyLoss is	
758213.4736341	
SGD: Validation Accuracy is:	
0.25522252497729	
SGD: Magnitude of W:	
184538.86963483	
SGD: Magnitude of b:	
10.829167273764	
    Current index:	9501	
    Magnitude of W_grad:	29.381897378176	
    Magnitude of W:	184506.04924812	
    Magnitude of B_grad:	0.12704549705129	
    Magnitude of b:	10.598691322963	

	
    Current index:	19501	
    Magnitude of W_grad:	43.676994315739	
    Magnitude of W:	184471.27259839	
    Magnitude of B_grad:	0.25895309900762	
    Magnitude of b:	10.549077595036	

	
    Current index:	29501	
    Magnitude of W_grad:	40.261557501313	
    Magnitude of W:	184434.46676328	
    Magnitude of B_grad:	0.22534531490178	
    Magnitude of b:	10.856011980839	

	
    Current index:	39501	
    Magnitude of W_grad:	33.870089819313	
    Magnitude of W:	184398.67669432	
    Magnitude of B_grad:	0.34413962438764	
    Magnitude of b:	11.15734292982	

	
    Current index:	49501	
    Magnitude of W_grad:	36.671767320682	
    Magnitude of W:	184362.2138141	
    Magnitude of B_grad:	0.19261728689277	
    Magnitude of b:	11.580090350101	

	
    Current index:	59501	
    Magnitude of W_grad:	31.400420123313	
    Magnitude of W:	184329.39979422	
    Magnitude of B_grad:	0.17260661917504	
    Magnitude of b:	11.642490277747	

	
    Current index:	69501	
    Magnitude of W_grad:	38.180293771231	
    Magnitude of W:	184294.51045732	
    Magnitude of B_grad:	0.1537292777408	
    Magnitude of b:	12.018042866579	

	
    Current index:	79501	
    Magnitude of W_grad:	35.096021120586	
    Magnitude of W:	184260.84510451	
    Magnitude of B_grad:	0.1694129456944	
    Magnitude of b:	11.737259781099	

	
    Current index:	89501	
    Magnitude of W_grad:	45.993797983334	
    Magnitude of W:	184223.05524145	
    Magnitude of B_grad:	0.23870590499592	
    Magnitude of b:	11.726844761559	

	
    Current index:	99501	
    Magnitude of W_grad:	35.038862646043	
    Magnitude of W:	184185.42053299	
    Magnitude of B_grad:	0.1374643437956	
    Magnitude of b:	11.585937420512	

	
    Current index:	109501	
    Magnitude of W_grad:	38.415635578678	
    Magnitude of W:	184149.23415203	
    Magnitude of B_grad:	0.12369511653959	
    Magnitude of b:	11.795645324805	

	
    Current index:	119501	
    Magnitude of W_grad:	40.910551364633	
    Magnitude of W:	184114.26250995	
    Magnitude of B_grad:	0.16346236318466	
    Magnitude of b:	11.728194549466	

	
    Current index:	129501	
    Magnitude of W_grad:	36.94663279469	
    Magnitude of W:	184078.56232755	
    Magnitude of B_grad:	0.11377509357417	
    Magnitude of b:	11.940719050075	

	
    Current index:	139501	
    Magnitude of W_grad:	39.182464947937	
    Magnitude of W:	184045.71512492	
    Magnitude of B_grad:	0.25519414154192	
    Magnitude of b:	12.022669421896	

	
    Current index:	149501	
    Magnitude of W_grad:	36.99100827876	
    Magnitude of W:	184010.53355362	
    Magnitude of B_grad:	0.19634903990628	
    Magnitude of b:	12.320864664965	

	
SGD: Loss is	
	LOSS:Calculated softmax res	
659665.04972776	
SGD: crossEntropyLoss is	
659665.04732024	
SGD: Validation Accuracy is:	
0.2724795640327	
SGD: Magnitude of W:	
183986.87711798	
SGD: Magnitude of b:	
11.698286337388	
    Current index:	9501	
    Magnitude of W_grad:	28.308917853822	
    Magnitude of W:	183958.14697629	
    Magnitude of B_grad:	0.14792022368536	
    Magnitude of b:	11.397497763169	

	
    Current index:	19501	
    Magnitude of W_grad:	42.167326645423	
    Magnitude of W:	183927.58009485	
    Magnitude of B_grad:	0.27286850244335	
    Magnitude of b:	11.301808990368	

	
    Current index:	29501	
    Magnitude of W_grad:	36.104683713903	
    Magnitude of W:	183894.39769063	
    Magnitude of B_grad:	0.20421326769556	
    Magnitude of b:	11.352375321868	

	
    Current index:	39501	
    Magnitude of W_grad:	32.903651201923	
    Magnitude of W:	183862.22385074	
    Magnitude of B_grad:	0.34279193631034	
    Magnitude of b:	11.573634593153	

	
    Current index:	49501	
    Magnitude of W_grad:	35.762954440196	
    Magnitude of W:	183829.42900172	
    Magnitude of B_grad:	0.18620024363173	
    Magnitude of b:	11.957231700034	

	
    Current index:	59501	
    Magnitude of W_grad:	30.583076682641	
    Magnitude of W:	183799.146556	
    Magnitude of B_grad:	0.18550251113063	
    Magnitude of b:	11.825262376426	

	
    Current index:	69501	
    Magnitude of W_grad:	37.796368677948	
    Magnitude of W:	183766.80769072	
    Magnitude of B_grad:	0.14818611822018	
    Magnitude of b:	12.045101688044	

	
    Current index:	79501	
    Magnitude of W_grad:	32.791077859829	
    Magnitude of W:	183735.83560499	
    Magnitude of B_grad:	0.19801879508867	
    Magnitude of b:	12.110825823102	

	
    Current index:	89501	
    Magnitude of W_grad:	43.675473066459	
    Magnitude of W:	183701.66728474	
    Magnitude of B_grad:	0.20804441142413	
    Magnitude of b:	12.080599748022	

	
    Current index:	99501	
    Magnitude of W_grad:	34.706637851826	
    Magnitude of W:	183667.80873199	
    Magnitude of B_grad:	0.11947651284194	
    Magnitude of b:	11.934632374882	

	
    Current index:	109501	
    Magnitude of W_grad:	36.996598268476	
    Magnitude of W:	183635.29011774	
    Magnitude of B_grad:	0.13695269285744	
    Magnitude of b:	12.079676499539	

	
    Current index:	119501	
    Magnitude of W_grad:	37.805562896815	
    Magnitude of W:	183603.43757398	
    Magnitude of B_grad:	0.13507705119291	
    Magnitude of b:	12.001564407283	

	
    Current index:	129501	
    Magnitude of W_grad:	35.233191644434	
    Magnitude of W:	183571.45170687	
    Magnitude of B_grad:	0.09834924022622	
    Magnitude of b:	12.19641503862	

	
    Current index:	139501	
    Magnitude of W_grad:	38.503420959453	
    Magnitude of W:	183541.7092169	
    Magnitude of B_grad:	0.26399696018138	
    Magnitude of b:	12.231436909373	

	
    Current index:	149501	
    Magnitude of W_grad:	35.869494009463	
    Magnitude of W:	183510.41117484	
    Magnitude of B_grad:	0.20964211946478	
    Magnitude of b:	12.493213755777	

	
SGD: Loss is	
	LOSS:Calculated softmax res	
600735.71482741	
SGD: crossEntropyLoss is	
600735.71482741	
SGD: Validation Accuracy is:	
0.28428701180745	
SGD: Magnitude of W:	
183489.25325141	
SGD: Magnitude of b:	
11.846423972837	
    Current index:	9501	
    Magnitude of W_grad:	27.268621130035	
    Magnitude of W:	183462.74308562	
    Magnitude of B_grad:	0.14579651159044	
    Magnitude of b:	11.54191602261	

	
    Current index:	19501	
    Magnitude of W_grad:	40.196223584307	
    Magnitude of W:	183434.28728652	
    Magnitude of B_grad:	0.27837865444968	
    Magnitude of b:	11.452757435134	

	
    Current index:	29501	
    Magnitude of W_grad:	33.504084284914	
    Magnitude of W:	183403.82824339	
    Magnitude of B_grad:	0.19209832786677	
    Magnitude of b:	11.46948608688	

	
    Current index:	39501	
    Magnitude of W_grad:	32.635324595003	
    Magnitude of W:	183374.55670892	
    Magnitude of B_grad:	0.33232423853316	
    Magnitude of b:	11.660341976275	

	
    Current index:	49501	
    Magnitude of W_grad:	34.44434762308	
    Magnitude of W:	183344.58587961	
    Magnitude of B_grad:	0.16953419045563	
    Magnitude of b:	12.015743023177	

	
    Current index:	59501	
    Magnitude of W_grad:	29.139689724156	
    Magnitude of W:	183317.00869751	
    Magnitude of B_grad:	0.18424817391251	
    Magnitude of b:	11.89915054234	

	
    Current index:	69501	
    Magnitude of W_grad:	37.153900678164	
    Magnitude of W:	183287.31304412	
    Magnitude of B_grad:	0.14072171230248	
    Magnitude of b:	12.111262591205	

	
    Current index:	79501	
    Magnitude of W_grad:	31.735132103053	
    Magnitude of W:	183258.904711	
    Magnitude of B_grad:	0.21187693025534	
    Magnitude of b:	12.202266421189	

	
    Current index:	89501	
    Magnitude of W_grad:	42.43218312985	
    Magnitude of W:	183226.69010663	
    Magnitude of B_grad:	0.18387948603761	
    Magnitude of b:	12.143707381046	

	
    Current index:	99501	
    Magnitude of W_grad:	34.033869974254	
    Magnitude of W:	183195.61709076	
    Magnitude of B_grad:	0.11262120541408	
    Magnitude of b:	12.01633453134	

	
    Current index:	109501	
    Magnitude of W_grad:	35.674181604951	
    Magnitude of W:	183165.98314158	
    Magnitude of B_grad:	0.13372472112608	
    Magnitude of b:	12.130238994143	

	
    Current index:	119501	
    Magnitude of W_grad:	36.085891615938	
    Magnitude of W:	183137.03688432	
    Magnitude of B_grad:	0.10057224647271	
    Magnitude of b:	12.034909758898	

	
    Current index:	129501	
    Magnitude of W_grad:	33.713536281964	
    Magnitude of W:	183107.46157263	
    Magnitude of B_grad:	0.087201286269736	
    Magnitude of b:	12.240398370479	

	
    Current index:	139501	
    Magnitude of W_grad:	38.47322156927	
    Magnitude of W:	183079.36692448	
    Magnitude of B_grad:	0.27753743572832	
    Magnitude of b:	12.240607152899	

	
    Current index:	149501	
    Magnitude of W_grad:	34.789631533147	
    Magnitude of W:	183050.3674948	
    Magnitude of B_grad:	0.21894220534894	
    Magnitude of b:	12.494184201454	

	
SGD: Loss is	
	LOSS:Calculated softmax res	
560010.99161257	
SGD: crossEntropyLoss is	
560010.99161391	
SGD: Validation Accuracy is:	
0.28882833787466	
SGD: Magnitude of W:	
183030.68041593	
SGD: Magnitude of b:	
11.851006471611	
    Current index:	9501	
    Magnitude of W_grad:	25.861533761174	
    Magnitude of W:	183005.94429651	
    Magnitude of B_grad:	0.14393938826774	
    Magnitude of b:	11.542597914825	

	
    Current index:	19501	
    Magnitude of W_grad:	37.910289403355	
    Magnitude of W:	182979.06459478	
    Magnitude of B_grad:	0.27396299556163	
    Magnitude of b:	11.464933971351	

	
    Current index:	29501	
    Magnitude of W_grad:	32.408993695043	
    Magnitude of W:	182950.82515875	
    Magnitude of B_grad:	0.18199628464407	
    Magnitude of b:	11.468253186613	

	
    Current index:	39501	
    Magnitude of W_grad:	31.693176078783	
    Magnitude of W:	182923.35323379	
    Magnitude of B_grad:	0.3152784363066	
    Magnitude of b:	11.644260563205	

	
    Current index:	49501	
    Magnitude of W_grad:	33.437620888722	
    Magnitude of W:	182895.32076642	
    Magnitude of B_grad:	0.15698071043865	
    Magnitude of b:	11.965056704565	

	
    Current index:	59501	
    Magnitude of W_grad:	28.032702854799	
    Magnitude of W:	182869.31896109	
    Magnitude of B_grad:	0.17734548417352	
    Magnitude of b:	11.858716790905	

	
    Current index:	69501	
    Magnitude of W_grad:	36.591652197329	
    Magnitude of W:	182841.06989974	
    Magnitude of B_grad:	0.13562990165329	
    Magnitude of b:	12.071023739999	

	
    Current index:	79501	
    Magnitude of W_grad:	31.102960405993	
    Magnitude of W:	182814.13299977	
    Magnitude of B_grad:	0.21543725644432	
    Magnitude of b:	12.17976638333	

	
    Current index:	89501	
    Magnitude of W_grad:	40.776796825347	
    Magnitude of W:	182783.60697923	
    Magnitude of B_grad:	0.16572428292939	
    Magnitude of b:	12.100031136889	

	
    Current index:	99501	
    Magnitude of W_grad:	33.376261901904	
    Magnitude of W:	182754.2508688	
    Magnitude of B_grad:	0.10272402586104	
    Magnitude of b:	11.987729189847	

	
    Current index:	109501	
    Magnitude of W_grad:	34.566709689974	
    Magnitude of W:	182726.58317391	
    Magnitude of B_grad:	0.12255746527147	
    Magnitude of b:	12.087482944097	

	
    Current index:	119501	
    Magnitude of W_grad:	34.134456593913	
    Magnitude of W:	182699.74785923	
    Magnitude of B_grad:	0.078296172757459	
    Magnitude of b:	11.972399882577	

	
    Current index:	129501	
    Magnitude of W_grad:	32.492144446718	
    Magnitude of W:	182672.18796819	
    Magnitude of B_grad:	0.078729511194408	
    Magnitude of b:	12.188805981229	

	
    Current index:	139501	
    Magnitude of W_grad:	38.099321339606	
    Magnitude of W:	182645.65642513	
    Magnitude of B_grad:	0.28674319316935	
    Magnitude of b:	12.174847149663	

	
    Current index:	149501	
    Magnitude of W_grad:	33.619064737504	
    Magnitude of W:	182618.3982039	
    Magnitude of B_grad:	0.21978057763135	
    Magnitude of b:	12.424917878638	

	
SGD: Loss is	
	LOSS:Calculated softmax res	
529295.88411947	
SGD: crossEntropyLoss is	
529297.01177967	
SGD: Validation Accuracy is:	
0.28792007266122	
SGD: Magnitude of W:	
182600.01394386	
SGD: Magnitude of b:	
11.782417322798	
    Current index:	9501	
    Magnitude of W_grad:	24.682594633335	
    Magnitude of W:	182576.29636881	
    Magnitude of B_grad:	0.14064057789205	
    Magnitude of b:	11.477051799798	

	
    Current index:	19501	
    Magnitude of W_grad:	35.669574020293	
    Magnitude of W:	182550.77754645	
    Magnitude of B_grad:	0.26421138978257	
    Magnitude of b:	11.413896580646	

	
    Current index:	29501	
    Magnitude of W_grad:	31.252950432223	
    Magnitude of W:	182524.15218745	
    Magnitude of B_grad:	0.17562563130451	
    Magnitude of b:	11.406292093774	

	
    Current index:	39501	
    Magnitude of W_grad:	30.415565234417	
    Magnitude of W:	182498.39761989	
    Magnitude of B_grad:	0.29698804942791	
    Magnitude of b:	11.569496243174	

	
    Current index:	49501	
    Magnitude of W_grad:	32.92626321292	
    Magnitude of W:	182472.1259031	
    Magnitude of B_grad:	0.14852783627793	
    Magnitude of b:	11.863936219216	

	
    Current index:	59501	
    Magnitude of W_grad:	27.312948737647	
    Magnitude of W:	182447.38815614	
    Magnitude of B_grad:	0.16925704862991	
    Magnitude of b:	11.760434547975	

	
    Current index:	69501	
    Magnitude of W_grad:	36.072892277126	
    Magnitude of W:	182420.18439716	
    Magnitude of B_grad:	0.13256140509321	
    Magnitude of b:	11.975657124479	

	
    Current index:	79501	
    Magnitude of W_grad:	30.410416821724	
    Magnitude of W:	182394.60705512	
    Magnitude of B_grad:	0.2132963837244	
    Magnitude of b:	12.099119308785	

	
    Current index:	89501	
    Magnitude of W_grad:	39.192268990476	
    Magnitude of W:	182366.27670119	
    Magnitude of B_grad:	0.15438594284697	
    Magnitude of b:	12.002922015715	

	
    Current index:	99501	
    Magnitude of W_grad:	32.817637415052	
    Magnitude of W:	182338.36735076	
    Magnitude of B_grad:	0.092259302136849	
    Magnitude of b:	11.901963426936	

	
    Current index:	109501	
    Magnitude of W_grad:	33.460515999147	
    Magnitude of W:	182312.26485027	
    Magnitude of B_grad:	0.11405257291489	
    Magnitude of b:	11.994443092848	

	
    Current index:	119501	
    Magnitude of W_grad:	32.119960847427	
    Magnitude of W:	182287.20031086	
    Magnitude of B_grad:	0.081981801283026	
    Magnitude of b:	11.861748845548	

	
    Current index:	129501	
    Magnitude of W_grad:	31.558258937369	
    Magnitude of W:	182261.05856484	
    Magnitude of B_grad:	0.080896365891969	
    Magnitude of b:	12.083275364978	

	
    Current index:	139501	
    Magnitude of W_grad:	37.596571106817	
    Magnitude of W:	182235.81085026	
    Magnitude of B_grad:	0.29034562116232	
    Magnitude of b:	12.060566966909	

	
    Current index:	149501	
    Magnitude of W_grad:	32.704165570191	
    Magnitude of W:	182209.96269461	
    Magnitude of B_grad:	0.21663346574763	
    Magnitude of b:	12.309869034405	

	
SGD: Loss is	
	LOSS:Calculated softmax res	
504782.92251797	
SGD: crossEntropyLoss is	
504782.92251797	
SGD: Validation Accuracy is:	
0.29700272479564	
SGD: Magnitude of W:	
182192.5370652	
SGD: Magnitude of b:	
11.669003640462	
    Current index:	9501	
    Magnitude of W_grad:	23.81286612318	
    Magnitude of W:	182169.47872902	
    Magnitude of B_grad:	0.13638258400693	
    Magnitude of b:	11.367645836582	

	
    Current index:	19501	
    Magnitude of W_grad:	33.661094768222	
    Magnitude of W:	182145.00671766	
    Magnitude of B_grad:	0.2513023085516	
    Magnitude of b:	11.318292160829	

	
    Current index:	29501	
    Magnitude of W_grad:	30.393458601056	
    Magnitude of W:	182119.80782041	
    Magnitude of B_grad:	0.17415419546763	
    Magnitude of b:	11.304658275956	

	
    Current index:	39501	
    Magnitude of W_grad:	29.109879646112	
    Magnitude of W:	182095.45165138	
    Magnitude of B_grad:	0.28002667961942	
    Magnitude of b:	11.453254133525	

	
    Current index:	49501	
    Magnitude of W_grad:	32.445300963317	
    Magnitude of W:	182070.41010503	
    Magnitude of B_grad:	0.14183292627322	
    Magnitude of b:	11.729005169568	

	
    Current index:	59501	
    Magnitude of W_grad:	26.61088128411	
    Magnitude of W:	182046.77938807	
    Magnitude of B_grad:	0.15988825179437	
    Magnitude of b:	11.62836955622	

	
    Current index:	69501	
    Magnitude of W_grad:	35.417477444604	
    Magnitude of W:	182020.86278858	
    Magnitude of B_grad:	0.13139276636622	
    Magnitude of b:	11.847919415842	

	
    Current index:	79501	
    Magnitude of W_grad:	29.467143088727	
    Magnitude of W:	181996.27780162	
    Magnitude of B_grad:	0.20873205439944	
    Magnitude of b:	11.982392229967	

	
    Current index:	89501	
    Magnitude of W_grad:	37.244050411762	
    Magnitude of W:	181969.33121874	
    Magnitude of B_grad:	0.14699875894012	
    Magnitude of b:	11.879661203343	

	
    Current index:	99501	
    Magnitude of W_grad:	32.116721304907	
    Magnitude of W:	181942.78627856	
    Magnitude of B_grad:	0.082439081612529	
    Magnitude of b:	11.788439317663	

	
    Current index:	109501	
    Magnitude of W_grad:	32.310853335082	
    Magnitude of W:	181918.00477298	
    Magnitude of B_grad:	0.10850399389658	
    Magnitude of b:	11.875769679553	

	
    Current index:	119501	
    Magnitude of W_grad:	31.188052269387	
    Magnitude of W:	181894.0508409	
    Magnitude of B_grad:	0.087743657407747	
    Magnitude of b:	11.734105600145	

	
    Current index:	129501	
    Magnitude of W_grad:	30.836119479056	
    Magnitude of W:	181868.99899964	
    Magnitude of B_grad:	0.082084093759846	
    Magnitude of b:	11.95555963507	

	
    Current index:	139501	
    Magnitude of W_grad:	36.929723588553	
    Magnitude of W:	181844.71466023	
    Magnitude of B_grad:	0.28866139318682	
    Magnitude of b:	11.926144929861	

	
    Current index:	149501	
    Magnitude of W_grad:	31.952913350499	
    Magnitude of W:	181819.9875868	
    Magnitude of B_grad:	0.2123261669979	
    Magnitude of b:	12.175763329982	

	
SGD: Loss is	
	LOSS:Calculated softmax res	
484523.65720488	
SGD: crossEntropyLoss is	
484523.65720488	
SGD: Validation Accuracy is:	
0.2960944595822	
SGD: Magnitude of W:	
181803.3180495	
SGD: Magnitude of b:	
11.540257962951	
    Current index:	9501	
    Magnitude of W_grad:	23.235876051907	
    Magnitude of W:	181780.95396973	
    Magnitude of B_grad:	0.13156703827229	
    Magnitude of b:	11.245679372398	

	
    Current index:	19501	
    Magnitude of W_grad:	32.085263158416	
    Magnitude of W:	181757.25277872	
    Magnitude of B_grad:	0.23632059914232	
    Magnitude of b:	11.206092969304	

	
    Current index:	29501	
    Magnitude of W_grad:	30.028563930649	
    Magnitude of W:	181733.24278768	
    Magnitude of B_grad:	0.17470313548608	
    Magnitude of b:	11.190394172951	

	
    Current index:	39501	
    Magnitude of W_grad:	27.922177175165	
    Magnitude of W:	181709.95126336	
    Magnitude of B_grad:	0.26572526274161	
    Magnitude of b:	11.323843443276	

	
    Current index:	49501	
    Magnitude of W_grad:	31.905718250541	
    Magnitude of W:	181685.93343907	
    Magnitude of B_grad:	0.13593588094095	
    Magnitude of b:	11.583752882669	

	
    Current index:	59501	
    Magnitude of W_grad:	26.025410077543	
    Magnitude of W:	181663.32131212	
    Magnitude of B_grad:	0.15058990656476	
    Magnitude of b:	11.489099988904	

	
    Current index:	69501	
    Magnitude of W_grad:	34.618782401465	
    Magnitude of W:	181638.52011359	
    Magnitude of B_grad:	0.12969679727339	
    Magnitude of b:	11.711872885577	

	
    Current index:	79501	
    Magnitude of W_grad:	28.395873205912	
    Magnitude of W:	181614.64941251	
    Magnitude of B_grad:	0.20378786654469	
    Magnitude of b:	11.85395202997	

	
    Current index:	89501	
    Magnitude of W_grad:	35.087581257332	
    Magnitude of W:	181588.71530551	
    Magnitude of B_grad:	0.14212396592436	
    Magnitude of b:	11.751370417065	

	
    Current index:	99501	
    Magnitude of W_grad:	31.386685424873	
    Magnitude of W:	181563.13230268	
    Magnitude of B_grad:	0.082208726396673	
    Magnitude of b:	11.667071032869	

	
    Current index:	109501	
    Magnitude of W_grad:	31.310840220676	
    Magnitude of W:	181539.33388696	
    Magnitude of B_grad:	0.10224602552165	
    Magnitude of b:	11.750229045116	

	
    Current index:	119501	
    Magnitude of W_grad:	30.741370555413	
    Magnitude of W:	181516.48565662	
    Magnitude of B_grad:	0.090684615791517	
    Magnitude of b:	11.605558414527	

	
    Current index:	129501	
    Magnitude of W_grad:	30.285651475604	
    Magnitude of W:	181492.49991299	
    Magnitude of B_grad:	0.082289902985245	
    Magnitude of b:	11.825299252185	

	
    Current index:	139501	
    Magnitude of W_grad:	36.124204968619	
    Magnitude of W:	181469.25699213	
    Magnitude of B_grad:	0.28326774588405	
    Magnitude of b:	11.791725580548	

	
    Current index:	149501	
    Magnitude of W_grad:	31.224995052879	
    Magnitude of W:	181445.39100351	
    Magnitude of B_grad:	0.20794260004665	
    Magnitude of b:	12.042153047198	

	
SGD: Loss is	
	LOSS:Calculated softmax res	
467418.6345041	
SGD: crossEntropyLoss is	
467418.63462105	
SGD: Validation Accuracy is:	
0.29518619436876	
SGD: Magnitude of W:	
181429.4892556	
SGD: Magnitude of b:	
11.413895637411	
    Current index:	9501	
    Magnitude of W_grad:	22.851295419229	
    Magnitude of W:	181407.86635522	
    Magnitude of B_grad:	0.12743751680729	
    Magnitude of b:	11.124313660382	

	
    Current index:	19501	
    Magnitude of W_grad:	30.776604742514	
    Magnitude of W:	181384.76218432	
    Magnitude of B_grad:	0.22125318450069	
    Magnitude of b:	11.091885445322	

	
    Current index:	29501	
    Magnitude of W_grad:	29.930407710355	
    Magnitude of W:	181361.6929213	
    Magnitude of B_grad:	0.17575809308896	
    Magnitude of b:	11.077811169199	

	
    Current index:	39501	
    Magnitude of W_grad:	26.801626567574	
    Magnitude of W:	181338.98477536	
    Magnitude of B_grad:	0.25425864256403	
    Magnitude of b:	11.199401036099	

	
    Current index:	49501	
    Magnitude of W_grad:	31.366111113217	
    Magnitude of W:	181315.86783985	
    Magnitude of B_grad:	0.13009761550214	
    Magnitude of b:	11.444469721477	

	
    Current index:	59501	
    Magnitude of W_grad:	25.550140912866	
    Magnitude of W:	181294.34067878	
    Magnitude of B_grad:	0.14247104569891	
    Magnitude of b:	11.356953030066	

	
    Current index:	69501	
    Magnitude of W_grad:	33.736061194381	
    Magnitude of W:	181270.11221288	
    Magnitude of B_grad:	0.12594544260163	
    Magnitude of b:	11.582623418207	

	
    Current index:	79501	
    Magnitude of W_grad:	27.510570428235	
    Magnitude of W:	181247.09264249	
    Magnitude of B_grad:	0.19918609234073	
    Magnitude of b:	11.730212725634	

	
    Current index:	89501	
    Magnitude of W_grad:	33.372425982095	
    Magnitude of W:	181222.11407269	
    Magnitude of B_grad:	0.13849370979016	
    Magnitude of b:	11.629870408897	

	
    Current index:	99501	
    Magnitude of W_grad:	30.694254747133	
    Magnitude of W:	181197.38307553	
    Magnitude of B_grad:	0.091477024375432	
    Magnitude of b:	11.549065388638	

	
    Current index:	109501	
    Magnitude of W_grad:	30.55980957623	
    Magnitude of W:	181174.23615784	
    Magnitude of B_grad:	0.095463198599154	
    Magnitude of b:	11.628980874578	

	
    Current index:	119501	
    Magnitude of W_grad:	30.320983532639	
    Magnitude of W:	181151.95659397	
    Magnitude of B_grad:	0.091216232325743	
    Magnitude of b:	11.485273986747	

	
    Current index:	129501	
    Magnitude of W_grad:	29.806847579954	
    Magnitude of W:	181128.65233647	
    Magnitude of B_grad:	0.081639981809873	
    Magnitude of b:	11.703585528303	

	
    Current index:	139501	
    Magnitude of W_grad:	35.248656556182	
    Magnitude of W:	181105.97968433	
    Magnitude of B_grad:	0.27570941609836	
    Magnitude of b:	11.667801797486	

	
    Current index:	149501	
    Magnitude of W_grad:	30.517095750408	
    Magnitude of W:	181082.7358846	
    Magnitude of B_grad:	0.20362586110671	
    Magnitude of b:	11.9176786982	

	
SGD: Loss is	
	LOSS:Calculated softmax res	
452742.87599399	
SGD: crossEntropyLoss is	
452742.87599399	
SGD: Validation Accuracy is:	
0.30426884650318	
SGD: Magnitude of W:	
181067.32447357	
SGD: Magnitude of b:	
11.298338966751	
    Current index:	9501	
    Magnitude of W_grad:	22.481862940482	
    Magnitude of W:	181046.27750185	
    Magnitude of B_grad:	0.12475394759997	
    Magnitude of b:	11.010736113288	

	
    Current index:	19501	
    Magnitude of W_grad:	29.69500898786	
    Magnitude of W:	181023.9268265	
    Magnitude of B_grad:	0.20716133942154	
    Magnitude of b:	10.983382685713	

	
    Current index:	29501	
    Magnitude of W_grad:	29.895485535131	
    Magnitude of W:	181001.95319869	
    Magnitude of B_grad:	0.17676265028994	
    Magnitude of b:	10.972618717276	

	
    Current index:	39501	
    Magnitude of W_grad:	25.7657995173	
    Magnitude of W:	180979.93860402	
    Magnitude of B_grad:	0.24526846698771	
    Magnitude of b:	11.087294576057	

	
    Current index:	49501	
    Magnitude of W_grad:	30.814910783392	
    Magnitude of W:	180957.64913162	
    Magnitude of B_grad:	0.1247074044865	
    Magnitude of b:	11.318301177091	

	
    Current index:	59501	
    Magnitude of W_grad:	25.103120702259	
    Magnitude of W:	180936.80780893	
    Magnitude of B_grad:	0.1359475442121	
    Magnitude of b:	11.237350491906	

	
    Current index:	69501	
    Magnitude of W_grad:	32.76116191278	
    Magnitude of W:	180913.33921757	
    Magnitude of B_grad:	0.12009852336715	
    Magnitude of b:	11.466085808147	

	
    Current index:	79501	
    Magnitude of W_grad:	26.82238543194	
    Magnitude of W:	180891.07816138	
    Magnitude of B_grad:	0.19507403592544	
    Magnitude of b:	11.617041912709	

	
    Current index:	89501	
    Magnitude of W_grad:	32.315455475567	
    Magnitude of W:	180866.90905624	
    Magnitude of B_grad:	0.13543383323902	
    Magnitude of b:	11.518640513464	

	
    Current index:	99501	
    Magnitude of W_grad:	30.075130226741	
    Magnitude of W:	180842.92886942	
    Magnitude of B_grad:	0.098646030969968	
    Magnitude of b:	11.439045721435	

	
    Current index:	109501	
    Magnitude of W_grad:	30.05946145254	
    Magnitude of W:	180820.2690973	
    Magnitude of B_grad:	0.090652152523202	
    Magnitude of b:	11.516560983586	

	
    Current index:	119501	
    Magnitude of W_grad:	29.852630921358	
    Magnitude of W:	180798.64136541	
    Magnitude of B_grad:	0.093098894335676	
    Magnitude of b:	11.376625067401	

	
    Current index:	129501	
    Magnitude of W_grad:	29.289861059618	
    Magnitude of W:	180775.9553564	
    Magnitude of B_grad:	0.0804802001867	
    Magnitude of b:	11.593007866169	

	
    Current index:	139501	
    Magnitude of W_grad:	34.362971148487	
    Magnitude of W:	180753.79912809	
    Magnitude of B_grad:	0.26704757733274	
    Magnitude of b:	11.556606550182	

	
    Current index:	149501	
    Magnitude of W_grad:	29.874497229413	
    Magnitude of W:	180731.11374876	
    Magnitude of B_grad:	0.19971498276734	
    Magnitude of b:	11.803658958127	

	
SGD: Loss is	
	LOSS:Calculated softmax res	
439976.80065215	
SGD: crossEntropyLoss is	
439978.0191544	
SGD: Validation Accuracy is:	
0.3133514986376	
SGD: Magnitude of W:	
180716.20086109	
SGD: Magnitude of b:	
11.194009259986	
    Current index:	9501	
    Magnitude of W_grad:	22.15237457153	
    Magnitude of W:	180695.77271281	
    Magnitude of B_grad:	0.12346183437056	
    Magnitude of b:	10.906995672371	

	
    Current index:	19501	
    Magnitude of W_grad:	28.784030085211	
    Magnitude of W:	180674.33399865	
    Magnitude of B_grad:	0.19430892431887	
    Magnitude of b:	10.883539113806	

	
    Current index:	29501	
    Magnitude of W_grad:	29.853717457027	
    Magnitude of W:	180653.12307429	
    Magnitude of B_grad:	0.17737878518023	
    Magnitude of b:	10.876242461599	

	
    Current index:	39501	
    Magnitude of W_grad:	24.840287097814	
    Magnitude of W:	180631.69796959	
    Magnitude of B_grad:	0.23804930448499	
    Magnitude of b:	10.987659112115	

	
    Current index:	49501	
    Magnitude of W_grad:	30.248736987989	
    Magnitude of W:	180610.14417524	
    Magnitude of B_grad:	0.12028647028424	
    Magnitude of b:	11.205918119543	

	
    Current index:	59501	
    Magnitude of W_grad:	24.663610047797	
    Magnitude of W:	180589.74411093	
    Magnitude of B_grad:	0.13069639139325	
    Magnitude of b:	11.130737865202	

	
    Current index:	69501	
    Magnitude of W_grad:	31.724941159206	
    Magnitude of W:	180566.7900067	
    Magnitude of B_grad:	0.11324416962666	
    Magnitude of b:	11.362708325065	

	
    Current index:	79501	
    Magnitude of W_grad:	26.283898170802	
    Magnitude of W:	180545.1133558	
    Magnitude of B_grad:	0.19052900942644	
    Magnitude of b:	11.514894398229	

	
    Current index:	89501	
    Magnitude of W_grad:	31.503543040555	
    Magnitude of W:	180521.67193062	
    Magnitude of B_grad:	0.13269179641341	
    Magnitude of b:	11.417505422335	

	
    Current index:	99501	
    Magnitude of W_grad:	29.543996031937	
    Magnitude of W:	180498.37054838	
    Magnitude of B_grad:	0.10378456578884	
    Magnitude of b:	11.337644065713	

	
    Current index:	109501	
    Magnitude of W_grad:	29.623772935895	
    Magnitude of W:	180476.27483458	
    Magnitude of B_grad:	0.086536357728112	
    Magnitude of b:	11.414137595459	

	
    Current index:	119501	
    Magnitude of W_grad:	29.368385559886	
    Magnitude of W:	180455.10519728	
    Magnitude of B_grad:	0.095078936041461	
    Magnitude of b:	11.279182214379	

	
    Current index:	129501	
    Magnitude of W_grad:	28.779095313545	
    Magnitude of W:	180432.95856618	
    Magnitude of B_grad:	0.078977673506859	
    Magnitude of b:	11.492817480415	

	
    Current index:	139501	
    Magnitude of W_grad:	33.48915182003	
    Magnitude of W:	180411.31355695	
    Magnitude of B_grad:	0.25800322794575	
    Magnitude of b:	11.457088914904	

	
    Current index:	149501	
    Magnitude of W_grad:	29.330949384372	
    Magnitude of W:	180389.13853593	
    Magnitude of B_grad:	0.19660521262631	
    Magnitude of b:	11.699656569504	

	
SGD: Loss is	
	LOSS:Calculated softmax res	
428705.96869165	
SGD: crossEntropyLoss is	
428707.18893338	
SGD: Validation Accuracy is:	
0.31153496821072	
SGD: Magnitude of W:	
180374.68640091	
SGD: Magnitude of b:	
11.098077044296	
    Current index:	9501	
    Magnitude of W_grad:	21.852030459846	
    Magnitude of W:	180354.83105248	
    Magnitude of B_grad:	0.12315256211014	
    Magnitude of b:	10.812653532105	

	
    Current index:	19501	
    Magnitude of W_grad:	28.000991556287	
    Magnitude of W:	180333.95684092	
    Magnitude of B_grad:	0.18277743830745	
    Magnitude of b:	10.792896101121	

	
    Current index:	29501	
    Magnitude of W_grad:	29.790143793358	
    Magnitude of W:	180313.33814712	
    Magnitude of B_grad:	0.17749161207977	
    Magnitude of b:	10.788921669281	

	
    Current index:	39501	
    Magnitude of W_grad:	23.966896161171	
    Magnitude of W:	180292.402921	
    Magnitude of B_grad:	0.23180840211551	
    Magnitude of b:	10.899190845013	

	
    Current index:	49501	
    Magnitude of W_grad:	29.704449158461	
    Magnitude of W:	180271.4335309	
    Magnitude of B_grad:	0.11669322498395	
    Magnitude of b:	11.106257033356	

	
    Current index:	59501	
    Magnitude of W_grad:	24.212335275539	
    Magnitude of W:	180251.47539656	
    Magnitude of B_grad:	0.1263584032923	
    Magnitude of b:	11.036529134746	

	
    Current index:	69501	
    Magnitude of W_grad:	30.684272212886	
    Magnitude of W:	180228.97851022	
    Magnitude of B_grad:	0.10807373018112	
    Magnitude of b:	11.271623175408	

	
    Current index:	79501	
    Magnitude of W_grad:	25.857885991768	
    Magnitude of W:	180207.73503856	
    Magnitude of B_grad:	0.18584902560894	
    Magnitude of b:	11.423291846131	

	
    Current index:	89501	
    Magnitude of W_grad:	30.750080953096	
    Magnitude of W:	180184.86090495	
    Magnitude of B_grad:	0.13018994160336	
    Magnitude of b:	11.325990786126	

	
    Current index:	99501	
    Magnitude of W_grad:	29.080147641093	
    Magnitude of W:	180162.34538543	
    Magnitude of B_grad:	0.10736391225613	
    Magnitude of b:	11.244836858156	

	
    Current index:	109501	
    Magnitude of W_grad:	29.204657643893	
    Magnitude of W:	180140.83852333	
    Magnitude of B_grad:	0.082177130569301	
    Magnitude of b:	11.32186063102	

	
    Current index:	119501	
    Magnitude of W_grad:	28.833517461074	
    Magnitude of W:	180120.17978826	
    Magnitude of B_grad:	0.096906407788562	
    Magnitude of b:	11.192049245492	

	
    Current index:	129501	
    Magnitude of W_grad:	28.226566375674	
    Magnitude of W:	180098.53137341	
    Magnitude of B_grad:	0.077129621129005	
    Magnitude of b:	11.402013633243	

	
    Current index:	139501	
    Magnitude of W_grad:	32.634357993659	
    Magnitude of W:	180077.37924173	
    Magnitude of B_grad:	0.24904515014266	
    Magnitude of b:	11.368152537362	

	
    Current index:	149501	
    Magnitude of W_grad:	28.914707449907	
    Magnitude of W:	180055.67901825	
    Magnitude of B_grad:	0.19423593594309	
    Magnitude of b:	11.605236860898	

	
SGD: Loss is	
	LOSS:Calculated softmax res	
418613.52976424	
SGD: crossEntropyLoss is	
418613.52994167	
SGD: Validation Accuracy is:	
0.31153496821072	
SGD: Magnitude of W:	
180041.62133366	
SGD: Magnitude of b:	
11.010128385169	
    Current index:	9501	
    Magnitude of W_grad:	21.565450592376	
    Magnitude of W:	180022.29656598	
    Magnitude of B_grad:	0.12335949146054	
    Magnitude of b:	10.727522076644	

	
    Current index:	19501	
    Magnitude of W_grad:	27.328611370343	
    Magnitude of W:	180001.88592884	
    Magnitude of B_grad:	0.17244065451791	
    Magnitude of b:	10.711058216811	

	
    Current index:	29501	
    Magnitude of W_grad:	29.675800303348	
    Magnitude of W:	179981.78013914	
    Magnitude of B_grad:	0.17715457184555	
    Magnitude of b:	10.710465255103	

	
    Current index:	39501	
    Magnitude of W_grad:	23.208212703371	
    Magnitude of W:	179961.20467401	
    Magnitude of B_grad:	0.22615997081402	
    Magnitude of b:	10.820301142635	

	
    Current index:	49501	
    Magnitude of W_grad:	29.205817363772	
    Magnitude of W:	179940.75180724	
    Magnitude of B_grad:	0.11348493145614	
    Magnitude of b:	11.017779638101	

	
    Current index:	59501	
    Magnitude of W_grad:	23.754147077741	
    Magnitude of W:	179921.29336186	
    Magnitude of B_grad:	0.12266916280557	
    Magnitude of b:	10.953378614405	

	
    Current index:	69501	
    Magnitude of W_grad:	29.702179325337	
    Magnitude of W:	179899.28234106	
    Magnitude of B_grad:	0.1041630211457	
    Magnitude of b:	11.191404799117	

	
    Current index:	79501	
    Magnitude of W_grad:	25.4908899749	
    Magnitude of W:	179878.3193139	
    Magnitude of B_grad:	0.18147768780541	
    Magnitude of b:	11.341344908113	

	
    Current index:	89501	
    Magnitude of W_grad:	30.05558301942	
    Magnitude of W:	179855.9616694	
    Magnitude of B_grad:	0.12783595045639	
    Magnitude of b:	11.243481493768	

	
    Current index:	99501	
    Magnitude of W_grad:	28.659035446959	
    Magnitude of W:	179834.00301781	
    Magnitude of B_grad:	0.10994325976001	
    Magnitude of b:	11.159974911922	

	
    Current index:	109501	
    Magnitude of W_grad:	28.787275164257	
    Magnitude of W:	179812.99792569	
    Magnitude of B_grad:	0.077670421443514	
    Magnitude of b:	11.238502064912	

	
    Current index:	119501	
    Magnitude of W_grad:	28.312467745175	
    Magnitude of W:	179792.88560904	
    Magnitude of B_grad:	0.098505908347209	
    Magnitude of b:	11.113364123148	

	
    Current index:	129501	
    Magnitude of W_grad:	27.636168195819	
    Magnitude of W:	179771.71008382	
    Magnitude of B_grad:	0.075057334406793	
    Magnitude of b:	11.319107010713	

	
    Current index:	139501	
    Magnitude of W_grad:	31.826654066144	
    Magnitude of W:	179750.99715452	
    Magnitude of B_grad:	0.24048867977001	
    Magnitude of b:	11.28836975215	

	
    Current index:	149501	
    Magnitude of W_grad:	28.63408156179	
    Magnitude of W:	179729.76332495	
    Magnitude of B_grad:	0.1923128143171	
    Magnitude of b:	11.519344553806	

	
SGD: Loss is	
	LOSS:Calculated softmax res	
409462.25960087	
SGD: crossEntropyLoss is	
409462.25973421	
SGD: Validation Accuracy is:	
0.30971843778383	
SGD: Magnitude of W:	
179716.05649912	
SGD: Magnitude of b:	
10.930394461384	
    Current index:	9501	
    Magnitude of W_grad:	21.27869022302	
    Magnitude of W:	179697.09635249	
    Magnitude of B_grad:	0.1237198946793	
    Magnitude of b:	10.651133281305	

	
    Current index:	19501	
    Magnitude of W_grad:	26.704016473274	
    Magnitude of W:	179677.12076237	
    Magnitude of B_grad:	0.16288607484163	
    Magnitude of b:	10.637102826763	

	
    Current index:	29501	
    Magnitude of W_grad:	29.511133631296	
    Magnitude of W:	179657.38679304	
    Magnitude of B_grad:	0.17628353997364	
    Magnitude of b:	10.640333468162	

	
    Current index:	39501	
    Magnitude of W_grad:	22.756026555682	
    Magnitude of W:	179637.12943112	
    Magnitude of B_grad:	0.22085942005663	
    Magnitude of b:	10.749193189793	

	
    Current index:	49501	
    Magnitude of W_grad:	28.759085960573	
    Magnitude of W:	179617.11112063	
    Magnitude of B_grad:	0.11039026819629	
    Magnitude of b:	10.93880072532	

	
    Current index:	59501	
    Magnitude of W_grad:	23.312466120585	
    Magnitude of W:	179598.05888461	
    Magnitude of B_grad:	0.11941082902217	
    Magnitude of b:	10.879508638891	

	
    Current index:	69501	
    Magnitude of W_grad:	28.814316248969	
    Magnitude of W:	179576.47363177	
    Magnitude of B_grad:	0.099748372472135	
    Magnitude of b:	11.120309200007	

	
    Current index:	79501	
    Magnitude of W_grad:	25.158574096888	
    Magnitude of W:	179556.11835481	
    Magnitude of B_grad:	0.17757409606568	
    Magnitude of b:	11.267782473218	

	
    Current index:	89501	
    Magnitude of W_grad:	29.429414613292	
    Magnitude of W:	179534.12632003	
    Magnitude of B_grad:	0.12554880899683	
    Magnitude of b:	11.169124882751	

	
    Current index:	99501	
    Magnitude of W_grad:	28.264470737976	
    Magnitude of W:	179512.78171939	
    Magnitude of B_grad:	0.11185515731059	
    Magnitude of b:	11.081986259546	

	
    Current index:	109501	
    Magnitude of W_grad:	28.335432551245	
    Magnitude of W:	179492.2766559	
    Magnitude of B_grad:	0.073107093081226	
    Magnitude of b:	11.162439067621	

	
    Current index:	119501	
    Magnitude of W_grad:	27.863080796691	
    Magnitude of W:	179472.56118305	
    Magnitude of B_grad:	0.099813165824459	
    Magnitude of b:	11.04101089483	

	
    Current index:	129501	
    Magnitude of W_grad:	27.056580075244	
    Magnitude of W:	179451.80159032	
    Magnitude of B_grad:	0.072480520880962	
    Magnitude of b:	11.242545259771	

	
    Current index:	139501	
    Magnitude of W_grad:	31.065721678538	
    Magnitude of W:	179431.69276365	
    Magnitude of B_grad:	0.23247659795345	
    Magnitude of b:	11.215969196123	

	
    Current index:	149501	
    Magnitude of W_grad:	28.365582944778	
    Magnitude of W:	179410.86002957	
    Magnitude of B_grad:	0.19056834470639	
    Magnitude of b:	11.440481329175	

	
SGD: Loss is	
	LOSS:Calculated softmax res	
401111.1540213	
SGD: crossEntropyLoss is	
401111.15415131	
SGD: Validation Accuracy is:	
0.31153496821072	
SGD: Magnitude of W:	
179397.39297595	
SGD: Magnitude of b:	
10.858424374898	
    Current index:	9501	
    Magnitude of W_grad:	21.013789526616	
    Magnitude of W:	179378.78506462	
    Magnitude of B_grad:	0.12401970996871	
    Magnitude of b:	10.582157186677	

	
    Current index:	19501	
    Magnitude of W_grad:	26.12151800888	
    Magnitude of W:	179359.27425418	
    Magnitude of B_grad:	0.15407758257543	
    Magnitude of b:	10.569385155942	

	
    Current index:	29501	
    Magnitude of W_grad:	29.293100356161	
    Magnitude of W:	179339.94678146	
    Magnitude of B_grad:	0.17484751966941	
    Magnitude of b:	10.577249039651	

	
    Current index:	39501	
    Magnitude of W_grad:	22.389889721547	
    Magnitude of W:	179320.23553761	
    Magnitude of B_grad:	0.21574732345348	
    Magnitude of b:	10.683957212101	

	
    Current index:	49501	
    Magnitude of W_grad:	28.385967380859	
    Magnitude of W:	179300.502016	
    Magnitude of B_grad:	0.10729644627555	
    Magnitude of b:	10.86736795309	

	
    Current index:	59501	
    Magnitude of W_grad:	22.943362114623	
    Magnitude of W:	179281.9843726	
    Magnitude of B_grad:	0.11647409905738	
    Magnitude of b:	10.812832383411	

	
    Current index:	69501	
    Magnitude of W_grad:	28.043242483295	
    Magnitude of W:	179260.77406306	
    Magnitude of B_grad:	0.095139433797013	
    Magnitude of b:	11.056343928412	

	
    Current index:	79501	
    Magnitude of W_grad:	24.844767244531	
    Magnitude of W:	179240.86302069	
    Magnitude of B_grad:	0.17419550117839	
    Magnitude of b:	11.201028392471	

	
    Current index:	89501	
    Magnitude of W_grad:	28.866994236395	
    Magnitude of W:	179219.28813992	
    Magnitude of B_grad:	0.12336370105023	
    Magnitude of b:	11.101659054472	

	
    Current index:	99501	
    Magnitude of W_grad:	27.900922341062	
    Magnitude of W:	179198.49009188	
    Magnitude of B_grad:	0.11324772954082	
    Magnitude of b:	11.009701746738	

	
    Current index:	109501	
    Magnitude of W_grad:	27.841756868575	
    Magnitude of W:	179178.33467977	
    Magnitude of B_grad:	0.070630534327031	
    Magnitude of b:	11.092212166621	

	
    Current index:	119501	
    Magnitude of W_grad:	27.392728169395	
    Magnitude of W:	179159.05491218	
    Magnitude of B_grad:	0.10081785813998	
    Magnitude of b:	10.97373012581	

	
    Current index:	129501	
    Magnitude of W_grad:	26.467738133009	
    Magnitude of W:	179138.70778569	
    Magnitude of B_grad:	0.069634274137192	
    Magnitude of b:	11.171271617561	

	
    Current index:	139501	
    Magnitude of W_grad:	30.362973006871	
    Magnitude of W:	179119.1005732	
    Magnitude of B_grad:	0.22488541937463	
    Magnitude of b:	11.149459597216	

	
    Current index:	149501	
    Magnitude of W_grad:	28.095664594566	
    Magnitude of W:	179098.5901711	
    Magnitude of B_grad:	0.18888334027692	
    Magnitude of b:	11.367356091472	

	
Done.	
Testing on validation set...	
Done	
Datafile:	/n/home09/ankitgupta/CS287/HW1/SST1-uni-syns.hdf5	Classifier:	lr	Alpha:	0	Eta:	0.5	Lambda:	1	Minibatch size:	500	Num Epochs:	15	Minimum Sentence Length:	0	
Accuracy:	0.31880108991826	
