[?1034hDatafile:	/n/home09/ankitgupta/CS287/HW1/SST1-uni.hdf5	Classifier:	lr	Alpha:	0	Eta:	0.5	Lambda:	0.1	Minibatch size:	500	Num Epochs:	50	Minimum Sentence Length:	5	
Note that not all parameters may apply to all classifiers	
Loading datafiles...	
Number of training samples before removing small sentences	156817	
Number of training samples after removing small sentences	79635	
Done.	
Training classifier...	
SGD: Loss is	
	LOSS:Calculated softmax res	
368043.19373483	
SGD: crossEntropyLoss is	
368043.19373483	
SGD: Validation Accuracy is:	
0.19891008174387	
SGD: Magnitude of W:	
61397.803941673	
SGD: Magnitude of b:	
2.5735729915025	
    Current index:	9501	
    Magnitude of W_grad:	10.075885376089	
    Magnitude of W:	61373.294683566	
    Magnitude of B_grad:	0.32307458596408	
    Magnitude of b:	3.308316354944	

	
    Current index:	19501	
    Magnitude of W_grad:	9.5293828018801	
    Magnitude of W:	61349.637809228	
    Magnitude of B_grad:	0.1346228604703	
    Magnitude of b:	4.4032357847744	

	
    Current index:	29501	
    Magnitude of W_grad:	8.724799962978	
    Magnitude of W:	61326.891622481	
    Magnitude of B_grad:	0.2258477064229	
    Magnitude of b:	5.5325086293591	

	
    Current index:	39501	
    Magnitude of W_grad:	12.999429038276	
    Magnitude of W:	61306.059425419	
    Magnitude of B_grad:	0.60244984329114	
    Magnitude of b:	5.6426988127645	

	
    Current index:	49501	
    Magnitude of W_grad:	9.0088769720902	
    Magnitude of W:	61279.604659913	
    Magnitude of B_grad:	0.24933064840135	
    Magnitude of b:	5.3586548126755	

	
    Current index:	59501	
    Magnitude of W_grad:	9.6262837504447	
    Magnitude of W:	61259.760769248	
    Magnitude of B_grad:	0.17953086163592	
    Magnitude of b:	5.8457901114178	

	
    Current index:	69501	
    Magnitude of W_grad:	9.5584611988128	
    Magnitude of W:	61239.109227814	
    Magnitude of B_grad:	0.14332776186394	
    Magnitude of b:	6.5507254982919	

	
    Current index:	79501	
    Magnitude of W_grad:	14.032365933268	
    Magnitude of W:	61219.819923535	
    Magnitude of B_grad:	0.77465028603096	
    Magnitude of b:	6.2483979462615	

	
SGD: Loss is	
	LOSS:Calculated softmax res	
274494.70980694	
SGD: crossEntropyLoss is	
274494.70980694	
SGD: Validation Accuracy is:	
0.2188919164396	
SGD: Magnitude of W:	
61219.819923535	
SGD: Magnitude of b:	
6.2483979462615	
    Current index:	9501	
    Magnitude of W_grad:	9.9375464222871	
    Magnitude of W:	61199.028105726	
    Magnitude of B_grad:	0.21284123945868	
    Magnitude of b:	6.0665102635246	

	
    Current index:	19501	
    Magnitude of W_grad:	9.4678640834975	
    Magnitude of W:	61179.944898355	
    Magnitude of B_grad:	0.17445817573765	
    Magnitude of b:	6.3391905212213	

	
    Current index:	29501	
    Magnitude of W_grad:	8.5873676485477	
    Magnitude of W:	61161.078414878	
    Magnitude of B_grad:	0.1734653338336	
    Magnitude of b:	7.017997707348	

	
    Current index:	39501	
    Magnitude of W_grad:	12.467097626458	
    Magnitude of W:	61143.184106568	
    Magnitude of B_grad:	0.58895179810895	
    Magnitude of b:	6.8222401996691	

	
    Current index:	49501	
    Magnitude of W_grad:	8.5396052023164	
    Magnitude of W:	61122.872706633	
    Magnitude of B_grad:	0.23009876819727	
    Magnitude of b:	6.2154165026412	

	
    Current index:	59501	
    Magnitude of W_grad:	9.2575486248675	
    Magnitude of W:	61105.007568833	
    Magnitude of B_grad:	0.16967774022	
    Magnitude of b:	6.5249832072253	

	
    Current index:	69501	
    Magnitude of W_grad:	9.2829426205844	
    Magnitude of W:	61086.982628589	
    Magnitude of B_grad:	0.13469590819381	
    Magnitude of b:	7.0152293169171	

	
    Current index:	79501	
    Magnitude of W_grad:	13.683380412764	
    Magnitude of W:	61069.481421035	
    Magnitude of B_grad:	0.78169387465657	
    Magnitude of b:	6.6064611199172	

	
SGD: Loss is	
	LOSS:Calculated softmax res	
256733.8040896	
SGD: crossEntropyLoss is	
256733.8040896	
SGD: Validation Accuracy is:	
0.22888283378747	
SGD: Magnitude of W:	
61069.481421035	
SGD: Magnitude of b:	
6.6064611199172	
    Current index:	9501	
    Magnitude of W_grad:	9.6308891349133	
    Magnitude of W:	61051.799747207	
    Magnitude of B_grad:	0.1988533435461	
    Magnitude of b:	6.457458068307	

	
    Current index:	19501	
    Magnitude of W_grad:	9.3884053695651	
    Magnitude of W:	61033.960533212	
    Magnitude of B_grad:	0.17959507969991	
    Magnitude of b:	6.6474234705704	

	
    Current index:	29501	
    Magnitude of W_grad:	8.5052013530199	
    Magnitude of W:	61016.432743184	
    Magnitude of B_grad:	0.17374266709598	
    Magnitude of b:	7.2497813269097	

	
    Current index:	39501	
    Magnitude of W_grad:	12.175098586854	
    Magnitude of W:	61000.034178564	
    Magnitude of B_grad:	0.58642520081094	
    Magnitude of b:	7.0023213625174	

	
    Current index:	49501	
    Magnitude of W_grad:	8.4873108761978	
    Magnitude of W:	60981.326080418	
    Magnitude of B_grad:	0.2304474494844	
    Magnitude of b:	6.5869840120657	

	
    Current index:	59501	
    Magnitude of W_grad:	9.0699121516289	
    Magnitude of W:	60964.611241388	
    Magnitude of B_grad:	0.17067340759005	
    Magnitude of b:	6.6819657567333	

	
    Current index:	69501	
    Magnitude of W_grad:	9.0540419573336	
    Magnitude of W:	60947.766672959	
    Magnitude of B_grad:	0.12809913103045	
    Magnitude of b:	7.0703726782825	

	
    Current index:	79501	
    Magnitude of W_grad:	13.336415668538	
    Magnitude of W:	60931.332420936	
    Magnitude of B_grad:	0.77480447966468	
    Magnitude of b:	6.6308783207704	

	
SGD: Loss is	
	LOSS:Calculated softmax res	
244803.75066416	
SGD: crossEntropyLoss is	
244803.75066416	
SGD: Validation Accuracy is:	
0.23342415985468	
SGD: Magnitude of W:	
60931.332420936	
SGD: Magnitude of b:	
6.6308783207704	
    Current index:	9501	
    Magnitude of W_grad:	9.4583749516096	
    Magnitude of W:	60915.024523175	
    Magnitude of B_grad:	0.19302657182493	
    Magnitude of b:	6.5604639976093	

	
    Current index:	19501	
    Magnitude of W_grad:	9.3018644260305	
    Magnitude of W:	60897.973813286	
    Magnitude of B_grad:	0.17751192213411	
    Magnitude of b:	6.7085857274499	

	
    Current index:	29501	
    Magnitude of W_grad:	8.4073506591704	
    Magnitude of W:	60881.417719263	
    Magnitude of B_grad:	0.17476545546355	
    Magnitude of b:	7.2733716637484	

	
    Current index:	39501	
    Magnitude of W_grad:	11.920204803196	
    Magnitude of W:	60865.888091556	
    Magnitude of B_grad:	0.57925188571132	
    Magnitude of b:	7.0168887147881	

	
    Current index:	49501	
    Magnitude of W_grad:	8.4660025057553	
    Magnitude of W:	60847.760774199	
    Magnitude of B_grad:	0.23088848578386	
    Magnitude of b:	6.6671262317712	

	
    Current index:	59501	
    Magnitude of W_grad:	8.8893479224806	
    Magnitude of W:	60831.958884517	
    Magnitude of B_grad:	0.16592028260908	
    Magnitude of b:	6.7517719693649	

	
    Current index:	69501	
    Magnitude of W_grad:	8.8877951356939	
    Magnitude of W:	60816.251276966	
    Magnitude of B_grad:	0.12523534034269	
    Magnitude of b:	7.0382839937957	

	
    Current index:	79501	
    Magnitude of W_grad:	12.965981480009	
    Magnitude of W:	60800.80424805	
    Magnitude of B_grad:	0.76581674949982	
    Magnitude of b:	6.6239436348112	

	
SGD: Loss is	
	LOSS:Calculated softmax res	
235563.46340008	
SGD: crossEntropyLoss is	
235563.46340008	
SGD: Validation Accuracy is:	
0.23887375113533	
SGD: Magnitude of W:	
60800.80424805	
SGD: Magnitude of b:	
6.6239436348112	
    Current index:	9501	
    Magnitude of W_grad:	9.3180445335512	
    Magnitude of W:	60785.731374062	
    Magnitude of B_grad:	0.18740625131729	
    Magnitude of b:	6.5825358185403	

	
    Current index:	19501	
    Magnitude of W_grad:	9.1724024128293	
    Magnitude of W:	60769.444047924	
    Magnitude of B_grad:	0.17439555378274	
    Magnitude of b:	6.7001319434992	

	
    Current index:	29501	
    Magnitude of W_grad:	8.3018075771644	
    Magnitude of W:	60753.582915766	
    Magnitude of B_grad:	0.17431887454931	
    Magnitude of b:	7.2394253166267	

	
    Current index:	39501	
    Magnitude of W_grad:	11.715036660178	
    Magnitude of W:	60738.656224484	
    Magnitude of B_grad:	0.56844880619521	
    Magnitude of b:	6.9862557265466	

	
    Current index:	49501	
    Magnitude of W_grad:	8.4383155728777	
    Magnitude of W:	60721.319692663	
    Magnitude of B_grad:	0.23129583026892	
    Magnitude of b:	6.661803806206	

	
    Current index:	59501	
    Magnitude of W_grad:	8.7176819321576	
    Magnitude of W:	60706.309954267	
    Magnitude of B_grad:	0.16109154186543	
    Magnitude of b:	6.7444280595355	

	
    Current index:	69501	
    Magnitude of W_grad:	8.7490281367944	
    Magnitude of W:	60691.269197189	
    Magnitude of B_grad:	0.12313243272511	
    Magnitude of b:	6.9888342624994	

	
    Current index:	79501	
    Magnitude of W_grad:	12.58032952087	
    Magnitude of W:	60676.886909635	
    Magnitude of B_grad:	0.75717463689084	
    Magnitude of b:	6.6006156821072	

	
SGD: Loss is	
	LOSS:Calculated softmax res	
227982.48468542	
SGD: crossEntropyLoss is	
227982.48468542	
SGD: Validation Accuracy is:	
0.2425068119891	
SGD: Magnitude of W:	
60676.886909635	
SGD: Magnitude of b:	
6.6006156821072	
    Current index:	9501	
    Magnitude of W_grad:	9.2147783819588	
    Magnitude of W:	60662.520742277	
    Magnitude of B_grad:	0.18152126155476	
    Magnitude of b:	6.5626641525216	

	
    Current index:	19501	
    Magnitude of W_grad:	9.0305983069787	
    Magnitude of W:	60647.088044619	
    Magnitude of B_grad:	0.17166491048766	
    Magnitude of b:	6.6708216570136	

	
    Current index:	29501	
    Magnitude of W_grad:	8.1918167955867	
    Magnitude of W:	60632.113189062	
    Magnitude of B_grad:	0.17292063280261	
    Magnitude of b:	7.1918140538703	

	
    Current index:	39501	
    Magnitude of W_grad:	11.532618978002	
    Magnitude of W:	60617.659870251	
    Magnitude of B_grad:	0.5558854341564	
    Magnitude of b:	6.9456009639514	

	
    Current index:	49501	
    Magnitude of W_grad:	8.3984827718533	
    Magnitude of W:	60600.973725947	
    Magnitude of B_grad:	0.23175085692407	
    Magnitude of b:	6.6339267299546	

	
    Current index:	59501	
    Magnitude of W_grad:	8.5564526321685	
    Magnitude of W:	60586.688501608	
    Magnitude of B_grad:	0.15711729268046	
    Magnitude of b:	6.7160571090632	

	
    Current index:	69501	
    Magnitude of W_grad:	8.6262523457593	
    Magnitude of W:	60572.146325875	
    Magnitude of B_grad:	0.12078056898566	
    Magnitude of b:	6.9398229285816	

	
    Current index:	79501	
    Magnitude of W_grad:	12.168757178188	
    Magnitude of W:	60558.363054168	
    Magnitude of B_grad:	0.74909479110691	
    Magnitude of b:	6.5648339868835	

	
SGD: Loss is	
	LOSS:Calculated softmax res	
221528.05965838	
SGD: crossEntropyLoss is	
221528.05965838	
SGD: Validation Accuracy is:	
0.24977293369664	
SGD: Magnitude of W:	
60558.363054168	
SGD: Magnitude of b:	
6.5648339868835	
    Current index:	9501	
    Magnitude of W_grad:	9.1284330248435	
    Magnitude of W:	60544.966513605	
    Magnitude of B_grad:	0.17542081168253	
    Magnitude of b:	6.5323928179527	

	
    Current index:	19501	
    Magnitude of W_grad:	8.8952298866651	
    Magnitude of W:	60530.228061744	
    Magnitude of B_grad:	0.16957262099006	
    Magnitude of b:	6.6383530344105	

	
    Current index:	29501	
    Magnitude of W_grad:	8.080728221715	
    Magnitude of W:	60515.984517841	
    Magnitude of B_grad:	0.1708585997703	
    Magnitude of b:	7.1458676720299	

	
    Current index:	39501	
    Magnitude of W_grad:	11.357765997247	
    Magnitude of W:	60502.023812139	
    Magnitude of B_grad:	0.54290072438494	
    Magnitude of b:	6.9071496096926	

	
    Current index:	49501	
    Magnitude of W_grad:	8.3478703997291	
    Magnitude of W:	60485.891009137	
    Magnitude of B_grad:	0.23217471236198	
    Magnitude of b:	6.6033357604326	

	
    Current index:	59501	
    Magnitude of W_grad:	8.4082990077636	
    Magnitude of W:	60472.191881234	
    Magnitude of B_grad:	0.15398639727908	
    Magnitude of b:	6.6849465968389	

	
    Current index:	69501	
    Magnitude of W_grad:	8.5199908385561	
    Magnitude of W:	60458.360478687	
    Magnitude of B_grad:	0.11811996424389	
    Magnitude of b:	6.8952983396942	

	
    Current index:	79501	
    Magnitude of W_grad:	11.776962822989	
    Magnitude of W:	60445.042950621	
    Magnitude of B_grad:	0.74149694668686	
    Magnitude of b:	6.529145467549	

	
SGD: Loss is	
	LOSS:Calculated softmax res	
215879.55696445	
SGD: crossEntropyLoss is	
215879.55696445	
SGD: Validation Accuracy is:	
0.25431425976385	
SGD: Magnitude of W:	
60445.042950621	
SGD: Magnitude of b:	
6.529145467549	
    Current index:	9501	
    Magnitude of W_grad:	9.0521051704552	
    Magnitude of W:	60432.496477584	
    Magnitude of B_grad:	0.16909976083617	
    Magnitude of b:	6.5021129581858	

	
    Current index:	19501	
    Magnitude of W_grad:	8.7630260808145	
    Magnitude of W:	60418.596222715	
    Magnitude of B_grad:	0.1681579080884	
    Magnitude of b:	6.6083721334957	

	
    Current index:	29501	
    Magnitude of W_grad:	7.9697681694575	
    Magnitude of W:	60404.964568569	
    Magnitude of B_grad:	0.16841672972474	
    Magnitude of b:	7.1057033859696	

	
    Current index:	39501	
    Magnitude of W_grad:	11.192683403118	
    Magnitude of W:	60391.618141653	
    Magnitude of B_grad:	0.53017365823937	
    Magnitude of b:	6.8742280445969	

	
    Current index:	49501	
    Magnitude of W_grad:	8.2828314338827	
    Magnitude of W:	60375.932196892	
    Magnitude of B_grad:	0.23233111759735	
    Magnitude of b:	6.5759935827638	

	
    Current index:	59501	
    Magnitude of W_grad:	8.2636693367586	
    Magnitude of W:	60362.812174396	
    Magnitude of B_grad:	0.15138314880756	
    Magnitude of b:	6.6572134608925	

	
    Current index:	69501	
    Magnitude of W_grad:	8.4147368306505	
    Magnitude of W:	60349.538876661	
    Magnitude of B_grad:	0.1153452014882	
    Magnitude of b:	6.8564938570948	

	
    Current index:	79501	
    Magnitude of W_grad:	11.452552710881	
    Magnitude of W:	60336.645941997	
    Magnitude of B_grad:	0.73401510223061	
    Magnitude of b:	6.4983778359837	

	
SGD: Loss is	
	LOSS:Calculated softmax res	
210842.71137409	
SGD: crossEntropyLoss is	
210842.71137409	
SGD: Validation Accuracy is:	
0.25522252497729	
SGD: Magnitude of W:	
60336.645941997	
SGD: Magnitude of b:	
6.4983778359837	
    Current index:	9501	
    Magnitude of W_grad:	8.9607780897637	
    Magnitude of W:	60324.714057348	
    Magnitude of B_grad:	0.1626627983466	
    Magnitude of b:	6.4759160266198	

	
    Current index:	19501	
    Magnitude of W_grad:	8.6401778165427	
    Magnitude of W:	60311.419581389	
    Magnitude of B_grad:	0.16727285618349	
    Magnitude of b:	6.5825749409384	

	
    Current index:	29501	
    Magnitude of W_grad:	7.8643122562158	
    Magnitude of W:	60298.259843935	
    Magnitude of B_grad:	0.16574337482225	
    Magnitude of b:	7.0719427819392	

	
    Current index:	39501	
    Magnitude of W_grad:	11.036350671678	
    Magnitude of W:	60285.394681983	
    Magnitude of B_grad:	0.51796685053083	
    Magnitude of b:	6.8472475435402	

	
    Current index:	49501	
    Magnitude of W_grad:	8.2095957381367	
    Magnitude of W:	60270.22390117	
    Magnitude of B_grad:	0.23209016947606	
    Magnitude of b:	6.5539211789893	

	
    Current index:	59501	
    Magnitude of W_grad:	8.1266200608167	
    Magnitude of W:	60257.769047897	
    Magnitude of B_grad:	0.14898795893004	
    Magnitude of b:	6.6350783955409	

	
    Current index:	69501	
    Magnitude of W_grad:	8.3121100020672	
    Magnitude of W:	60245.037201808	
    Magnitude of B_grad:	0.11509446694909	
    Magnitude of b:	6.8232321679449	

	
    Current index:	79501	
    Magnitude of W_grad:	11.186195345726	
    Magnitude of W:	60232.680686782	
    Magnitude of B_grad:	0.72618010194486	
    Magnitude of b:	6.474042251493	

	
SGD: Loss is	
	LOSS:Calculated softmax res	
206298.48931546	
SGD: crossEntropyLoss is	
206298.48931546	
SGD: Validation Accuracy is:	
0.25885558583106	
SGD: Magnitude of W:	
60232.680686782	
SGD: Magnitude of b:	
6.474042251493	
    Current index:	9501	
    Magnitude of W_grad:	8.8610799225358	
    Magnitude of W:	60221.406841382	
    Magnitude of B_grad:	0.1563099299203	
    Magnitude of b:	6.4550409850587	

	
    Current index:	19501	
    Magnitude of W_grad:	8.520502402662	
    Magnitude of W:	60208.786140072	
    Magnitude of B_grad:	0.16672492664126	
    Magnitude of b:	6.5612651499425	

	
    Current index:	29501	
    Magnitude of W_grad:	7.7633829287303	
    Magnitude of W:	60196.07081211	
    Magnitude of B_grad:	0.16292025276145	
    Magnitude of b:	7.0441311246355	

	
    Current index:	39501	
    Magnitude of W_grad:	10.890056240094	
    Magnitude of W:	60183.643106934	
    Magnitude of B_grad:	0.50635084641265	
    Magnitude of b:	6.8255999453075	

	
    Current index:	49501	
    Magnitude of W_grad:	8.1334988528978	
    Magnitude of W:	60168.805620298	
    Magnitude of B_grad:	0.23146786392087	
    Magnitude of b:	6.5371834014324	

	
    Current index:	59501	
    Magnitude of W_grad:	7.9924340690252	
    Magnitude of W:	60156.867951437	
    Magnitude of B_grad:	0.14661140822765	
    Magnitude of b:	6.6188273051438	

	
    Current index:	69501	
    Magnitude of W_grad:	8.2140427332739	
    Magnitude of W:	60144.653419612	
    Magnitude of B_grad:	0.11497500261612	
    Magnitude of b:	6.7945708300472	

	
    Current index:	79501	
    Magnitude of W_grad:	10.932469786865	
    Magnitude of W:	60132.86470907	
    Magnitude of B_grad:	0.71765196647974	
    Magnitude of b:	6.4559238740949	

	
SGD: Loss is	
	LOSS:Calculated softmax res	
202166.80082387	
SGD: crossEntropyLoss is	
202166.80082387	
SGD: Validation Accuracy is:	
0.2661217075386	
SGD: Magnitude of W:	
60132.86470907	
SGD: Magnitude of b:	
6.4559238740949	
    Current index:	9501	
    Magnitude of W_grad:	8.7618791774972	
    Magnitude of W:	60122.172276854	
    Magnitude of B_grad:	0.15019050076618	
    Magnitude of b:	6.4391948014254	

	
    Current index:	19501	
    Magnitude of W_grad:	8.4022022233257	
    Magnitude of W:	60109.889226315	
    Magnitude of B_grad:	0.16635392171174	
    Magnitude of b:	6.5440261304059	

	
    Current index:	29501	
    Magnitude of W_grad:	7.6698082154337	
    Magnitude of W:	60097.782796311	
    Magnitude of B_grad:	0.16000665812886	
    Magnitude of b:	7.0213348279568	

	
    Current index:	39501	
    Magnitude of W_grad:	10.748175459324	
    Magnitude of W:	60085.756302074	
    Magnitude of B_grad:	0.49532916640999	
    Magnitude of b:	6.8082876407559	

	
    Current index:	49501	
    Magnitude of W_grad:	8.0527150736947	
    Magnitude of W:	60071.268882848	
    Magnitude of B_grad:	0.2305485140481	
    Magnitude of b:	6.5248719677327	

	
    Current index:	59501	
    Magnitude of W_grad:	7.8619613372897	
    Magnitude of W:	60059.815603325	
    Magnitude of B_grad:	0.1441860116689	
    Magnitude of b:	6.607716252642	

	
    Current index:	69501	
    Magnitude of W_grad:	8.1175568035687	
    Magnitude of W:	60048.018097937	
    Magnitude of B_grad:	0.11467080655182	
    Magnitude of b:	6.769514781242	

	
    Current index:	79501	
    Magnitude of W_grad:	10.679017466393	
    Magnitude of W:	60036.539768692	
    Magnitude of B_grad:	0.7082720043013	
    Magnitude of b:	6.4431859596012	

	
SGD: Loss is	
	LOSS:Calculated softmax res	
198388.1003112	
SGD: crossEntropyLoss is	
198388.1003112	
SGD: Validation Accuracy is:	
0.26975476839237	
SGD: Magnitude of W:	
60036.539768692	
SGD: Magnitude of b:	
6.4431859596012	
    Current index:	9501	
    Magnitude of W_grad:	8.6692215142348	
    Magnitude of W:	60026.213973609	
    Magnitude of B_grad:	0.14436292049795	
    Magnitude of b:	6.4275360459126	

	
    Current index:	19501	
    Magnitude of W_grad:	8.2885238812866	
    Magnitude of W:	60014.453760486	
    Magnitude of B_grad:	0.16604549998736	
    Magnitude of b:	6.5301590086464	

	
    Current index:	29501	
    Magnitude of W_grad:	7.5836670806487	
    Magnitude of W:	60002.950587609	
    Magnitude of B_grad:	0.15705402183742	
    Magnitude of b:	7.0024882354649	

	
    Current index:	39501	
    Magnitude of W_grad:	10.60967104795	
    Magnitude of W:	59991.272901443	
    Magnitude of B_grad:	0.48668377485538	
    Magnitude of b:	6.794309103666	

	
    Current index:	49501	
    Magnitude of W_grad:	7.9710272090356	
    Magnitude of W:	59977.039368834	
    Magnitude of B_grad:	0.22941903477698	
    Magnitude of b:	6.5159567681032	

	
    Current index:	59501	
    Magnitude of W_grad:	7.7440337615189	
    Magnitude of W:	59966.048293735	
    Magnitude of B_grad:	0.14170904688081	
    Magnitude of b:	6.6007127468422	

	
    Current index:	69501	
    Magnitude of W_grad:	8.0224084492393	
    Magnitude of W:	59954.6412937	
    Magnitude of B_grad:	0.11418126141889	
    Magnitude of b:	6.7573629685713	

	
    Current index:	79501	
    Magnitude of W_grad:	10.422293657655	
    Magnitude of W:	59943.506371689	
    Magnitude of B_grad:	0.69802851399565	
    Magnitude of b:	6.4348675595625	

	
SGD: Loss is	
	LOSS:Calculated softmax res	
194914.81665765	
SGD: crossEntropyLoss is	
194914.81665765	
SGD: Validation Accuracy is:	
0.27066303360581	
SGD: Magnitude of W:	
59943.506371689	
SGD: Magnitude of b:	
6.4348675595625	
    Current index:	9501	
    Magnitude of W_grad:	8.5842232209802	
    Magnitude of W:	59933.558387201	
    Magnitude of B_grad:	0.13882958573251	
    Magnitude of b:	6.4191554045641	

	
    Current index:	19501	
    Magnitude of W_grad:	8.1803093371457	
    Magnitude of W:	59922.151230359	
    Magnitude of B_grad:	0.16572411628668	
    Magnitude of b:	6.5189560752702	

	
    Current index:	29501	
    Magnitude of W_grad:	7.5027945354017	
    Magnitude of W:	59910.843962144	
    Magnitude of B_grad:	0.15409777926564	
    Magnitude of b:	6.986635081948	

	
    Current index:	39501	
    Magnitude of W_grad:	10.475419901396	
    Magnitude of W:	59899.501918309	
    Magnitude of B_grad:	0.48065877975023	
    Magnitude of b:	6.7828358051314	

	
    Current index:	49501	
    Magnitude of W_grad:	7.8870058727659	
    Magnitude of W:	59885.776546823	
    Magnitude of B_grad:	0.22814631909091	
    Magnitude of b:	6.5095709808462	

	
    Current index:	59501	
    Magnitude of W_grad:	7.6445976723639	
    Magnitude of W:	59875.31525868	
    Magnitude of B_grad:	0.13919700213823	
    Magnitude of b:	6.596848949976	

	
    Current index:	69501	
    Magnitude of W_grad:	7.9301575477099	
    Magnitude of W:	59864.283023719	
    Magnitude of B_grad:	0.11350313551372	
    Magnitude of b:	6.748040700961	

	
    Current index:	79501	
    Magnitude of W_grad:	10.165317154642	
    Magnitude of W:	59853.422539984	
    Magnitude of B_grad:	0.68702384546473	
    Magnitude of b:	6.4300761390653	

	
SGD: Loss is	
	LOSS:Calculated softmax res	
191707.02002287	
SGD: crossEntropyLoss is	
191707.02002287	
SGD: Validation Accuracy is:	
0.27157129881926	
SGD: Magnitude of W:	
59853.422539984	
SGD: Magnitude of b:	
6.4300761390653	
    Current index:	9501	
    Magnitude of W_grad:	8.5144343989185	
    Magnitude of W:	59843.476223017	
    Magnitude of B_grad:	0.13356861920033	
    Magnitude of b:	6.4132634530012	

	
    Current index:	19501	
    Magnitude of W_grad:	8.0751026352099	
    Magnitude of W:	59832.309529192	
    Magnitude of B_grad:	0.16533993111918	
    Magnitude of b:	6.5098072628276	

	
    Current index:	29501	
    Magnitude of W_grad:	7.425815599411	
    Magnitude of W:	59821.375521826	
    Magnitude of B_grad:	0.15115259385873	
    Magnitude of b:	6.9730258823205	

	
    Current index:	39501	
    Magnitude of W_grad:	10.346599361759	
    Magnitude of W:	59810.392760176	
    Magnitude of B_grad:	0.47491462595238	
    Magnitude of b:	6.7732358856408	

	
    Current index:	49501	
    Magnitude of W_grad:	7.8054703974685	
    Magnitude of W:	59797.025112206	
    Magnitude of B_grad:	0.22677684716903	
    Magnitude of b:	6.5050494050696	

	
    Current index:	59501	
    Magnitude of W_grad:	7.5588228983608	
    Magnitude of W:	59786.8672394	
    Magnitude of B_grad:	0.13666470477999	
    Magnitude of b:	6.5953082539982	

	
    Current index:	69501	
    Magnitude of W_grad:	7.8381365486243	
    Magnitude of W:	59776.113642143	
    Magnitude of B_grad:	0.11263475611596	
    Magnitude of b:	6.7407442185415	

	
    Current index:	79501	
    Magnitude of W_grad:	9.9115117915675	
    Magnitude of W:	59765.539262659	
    Magnitude of B_grad:	0.67543346130795	
    Magnitude of b:	6.4280294880579	

	
SGD: Loss is	
	LOSS:Calculated softmax res	
188730.33928533	
SGD: crossEntropyLoss is	
188730.33928533	
SGD: Validation Accuracy is:	
0.27157129881926	
SGD: Magnitude of W:	
59765.539262659	
SGD: Magnitude of b:	
6.4280294880579	
    Current index:	9501	
    Magnitude of W_grad:	8.4567281538944	
    Magnitude of W:	59755.85547964	
    Magnitude of B_grad:	0.12895779288487	
    Magnitude of b:	6.409221716268	

	
    Current index:	19501	
    Magnitude of W_grad:	7.9775111736839	
    Magnitude of W:	59744.882376181	
    Magnitude of B_grad:	0.16485798509945	
    Magnitude of b:	6.5022070642922	

	
    Current index:	29501	
    Magnitude of W_grad:	7.3507565177588	
    Magnitude of W:	59734.341612934	
    Magnitude of B_grad:	0.14822219275232	
    Magnitude of b:	6.9610928596467	

	
    Current index:	39501	
    Magnitude of W_grad:	10.223704907969	
    Magnitude of W:	59723.653505886	
    Magnitude of B_grad:	0.4694084800547	
    Magnitude of b:	6.7650341003731	

	
    Current index:	49501	
    Magnitude of W_grad:	7.7287431424661	
    Magnitude of W:	59710.602426214	
    Magnitude of B_grad:	0.22533936779996	
    Magnitude of b:	6.501896350931	

	
    Current index:	59501	
    Magnitude of W_grad:	7.4802206377168	
    Magnitude of W:	59700.736654956	
    Magnitude of B_grad:	0.13412104017865	
    Magnitude of b:	6.5954219111164	

	
    Current index:	69501	
    Magnitude of W_grad:	7.7467429748301	
    Magnitude of W:	59690.252592632	
    Magnitude of B_grad:	0.11158016922809	
    Magnitude of b:	6.7349462373116	

	
    Current index:	79501	
    Magnitude of W_grad:	9.6640995615977	
    Magnitude of W:	59680.043800825	
    Magnitude of B_grad:	0.66345335452314	
    Magnitude of b:	6.4280602659661	

	
SGD: Loss is	
	LOSS:Calculated softmax res	
185955.2343694	
SGD: crossEntropyLoss is	
185955.2343694	
SGD: Validation Accuracy is:	
0.27066303360581	
SGD: Magnitude of W:	
59680.043800825	
SGD: Magnitude of b:	
6.4280602659661	
    Current index:	9501	
    Magnitude of W_grad:	8.403611933208	
    Magnitude of W:	59670.624484467	
    Magnitude of B_grad:	0.12709366218485	
    Magnitude of b:	6.406525465227	

	
    Current index:	19501	
    Magnitude of W_grad:	7.8893726808044	
    Magnitude of W:	59660.005443794	
    Magnitude of B_grad:	0.16425321381265	
    Magnitude of b:	6.4957400260003	

	
    Current index:	29501	
    Magnitude of W_grad:	7.2780194285437	
    Magnitude of W:	59649.738442643	
    Magnitude of B_grad:	0.145309901789	
    Magnitude of b:	6.9503991797986	

	
    Current index:	39501	
    Magnitude of W_grad:	10.106314442521	
    Magnitude of W:	59639.287300193	
    Magnitude of B_grad:	0.46410540064927	
    Magnitude of b:	6.7578694348519	

	
    Current index:	49501	
    Magnitude of W_grad:	7.655107781735	
    Magnitude of W:	59626.586367765	
    Magnitude of B_grad:	0.22384673864845	
    Magnitude of b:	6.4997418580181	

	
    Current index:	59501	
    Magnitude of W_grad:	7.405966322177	
    Magnitude of W:	59616.984828349	
    Magnitude of B_grad:	0.13157186358056	
    Magnitude of b:	6.5966564466978	

	
    Current index:	69501	
    Magnitude of W_grad:	7.6565788014744	
    Magnitude of W:	59606.795522541	
    Magnitude of B_grad:	0.11035116315278	
    Magnitude of b:	6.7302389502156	

	
    Current index:	79501	
    Magnitude of W_grad:	9.4228357521819	
    Magnitude of W:	59596.849258997	
    Magnitude of B_grad:	0.65125625887476	
    Magnitude of b:	6.4296217252311	

	
SGD: Loss is	
	LOSS:Calculated softmax res	
183356.69095204	
SGD: crossEntropyLoss is	
183356.69095204	
SGD: Validation Accuracy is:	
0.26975476839237	
SGD: Magnitude of W:	
59596.849258997	
SGD: Magnitude of b:	
6.4296217252311	
    Current index:	9501	
    Magnitude of W_grad:	8.352453471366	
    Magnitude of W:	59587.688910514	
    Magnitude of B_grad:	0.12518324367725	
    Magnitude of b:	6.4047862991778	

	
    Current index:	19501	
    Magnitude of W_grad:	7.8058705849783	
    Magnitude of W:	59577.359457154	
    Magnitude of B_grad:	0.16350906929006	
    Magnitude of b:	6.4900740272618	

	
    Current index:	29501	
    Magnitude of W_grad:	7.2081629929955	
    Magnitude of W:	59567.350149253	
    Magnitude of B_grad:	0.14242302066227	
    Magnitude of b:	6.9406087599047	

	
    Current index:	39501	
    Magnitude of W_grad:	9.9916149841057	
    Magnitude of W:	59557.142969851	
    Magnitude of B_grad:	0.45897675917697	
    Magnitude of b:	6.7514678530849	

	
    Current index:	49501	
    Magnitude of W_grad:	7.5825867345007	
    Magnitude of W:	59544.860066028	
    Magnitude of B_grad:	0.22229915796733	
    Magnitude of b:	6.4983074640567	

	
    Current index:	59501	
    Magnitude of W_grad:	7.3375445018177	
    Magnitude of W:	59535.614425273	
    Magnitude of B_grad:	0.1290243230871	
    Magnitude of b:	6.5986020027294	

	
    Current index:	69501	
    Magnitude of W_grad:	7.5675097740892	
    Magnitude of W:	59525.660274195	
    Magnitude of B_grad:	0.10896705933568	
    Magnitude of b:	6.7263159516459	

	
    Current index:	79501	
    Magnitude of W_grad:	9.18847623974	
    Magnitude of W:	59515.890091329	
    Magnitude of B_grad:	0.63897204145925	
    Magnitude of b:	6.4322860022372	

	
SGD: Loss is	
	LOSS:Calculated softmax res	
180913.77067346	
SGD: crossEntropyLoss is	
180913.77067346	
SGD: Validation Accuracy is:	
0.2724795640327	
SGD: Magnitude of W:	
59515.890091329	
SGD: Magnitude of b:	
6.4322860022372	
    Current index:	9501	
    Magnitude of W_grad:	8.3003717406668	
    Magnitude of W:	59507.021134013	
    Magnitude of B_grad:	0.12321137963733	
    Magnitude of b:	6.4037163895345	

	
    Current index:	19501	
    Magnitude of W_grad:	7.7251900774433	
    Magnitude of W:	59496.912765704	
    Magnitude of B_grad:	0.16261657898307	
    Magnitude of b:	6.4849560411841	

	
    Current index:	29501	
    Magnitude of W_grad:	7.1410969292579	
    Magnitude of W:	59487.182787213	
    Magnitude of B_grad:	0.13957296471115	
    Magnitude of b:	6.9314703984489	

	
    Current index:	39501	
    Magnitude of W_grad:	9.8792803620129	
    Magnitude of W:	59477.219375827	
    Magnitude of B_grad:	0.4539984415109	
    Magnitude of b:	6.7456256607208	

	
    Current index:	49501	
    Magnitude of W_grad:	7.5155851020146	
    Magnitude of W:	59465.317612816	
    Magnitude of B_grad:	0.22068916742004	
    Magnitude of b:	6.4973840523448	

	
    Current index:	59501	
    Magnitude of W_grad:	7.2736646069722	
    Magnitude of W:	59456.319925256	
    Magnitude of B_grad:	0.12649011687251	
    Magnitude of b:	6.6009579938042	

	
    Current index:	69501	
    Magnitude of W_grad:	7.4796604833157	
    Magnitude of W:	59446.581245367	
    Magnitude of B_grad:	0.10745273042352	
    Magnitude of b:	6.7229553238552	

	
    Current index:	79501	
    Magnitude of W_grad:	8.9614433209219	
    Magnitude of W:	59437.273383222	
    Magnitude of B_grad:	0.62668960044311	
    Magnitude of b:	6.4357300802676	

	
SGD: Loss is	
	LOSS:Calculated softmax res	
178608.97525458	
SGD: crossEntropyLoss is	
178608.97525458	
SGD: Validation Accuracy is:	
0.2724795640327	
SGD: Magnitude of W:	
59437.273383222	
SGD: Magnitude of b:	
6.4357300802676	
    Current index:	9501	
    Magnitude of W_grad:	8.2485460224355	
    Magnitude of W:	59428.655257104	
    Magnitude of B_grad:	0.12116554000931	
    Magnitude of b:	6.4031106489954	

	
    Current index:	19501	
    Magnitude of W_grad:	7.6469498913514	
    Magnitude of W:	59418.754386024	
    Magnitude of B_grad:	0.16157286798451	
    Magnitude of b:	6.4802040000084	

	
    Current index:	29501	
    Magnitude of W_grad:	7.0752108385549	
    Magnitude of W:	59409.245228543	
    Magnitude of B_grad:	0.13677355760436	
    Magnitude of b:	6.9228041342338	

	
    Current index:	39501	
    Magnitude of W_grad:	9.7700211214921	
    Magnitude of W:	59399.601257345	
    Magnitude of B_grad:	0.44914934567005	
    Magnitude of b:	6.7401967450791	

	
    Current index:	49501	
    Magnitude of W_grad:	7.4483363003002	
    Magnitude of W:	59388.176605366	
    Magnitude of B_grad:	0.21900661332833	
    Magnitude of b:	6.4968167889751	

	
    Current index:	59501	
    Magnitude of W_grad:	7.212456598213	
    Magnitude of W:	59379.433709623	
    Magnitude of B_grad:	0.12398663463913	
    Magnitude of b:	6.6035151140846	

	
    Current index:	69501	
    Magnitude of W_grad:	7.3937947697996	
    Magnitude of W:	59369.907417041	
    Magnitude of B_grad:	0.1058355424264	
    Magnitude of b:	6.7200029560488	

	
    Current index:	79501	
    Magnitude of W_grad:	8.7458336887527	
    Magnitude of W:	59360.935127942	
    Magnitude of B_grad:	0.61446866182917	
    Magnitude of b:	6.4397159142201	

	
SGD: Loss is	
	LOSS:Calculated softmax res	
176427.58775888	
SGD: crossEntropyLoss is	
176427.58775888	
SGD: Validation Accuracy is:	
0.27702089009991	
SGD: Magnitude of W:	
59360.935127942	
SGD: Magnitude of b:	
6.4397159142201	
    Current index:	9501	
    Magnitude of W_grad:	8.1951928493998	
    Magnitude of W:	59352.446944455	
    Magnitude of B_grad:	0.11903581839045	
    Magnitude of b:	6.4028290701612	

	
    Current index:	19501	
    Magnitude of W_grad:	7.5727222443246	
    Magnitude of W:	59342.665710131	
    Magnitude of B_grad:	0.1603795891376	
    Magnitude of b:	6.4756953297022	

	
    Current index:	29501	
    Magnitude of W_grad:	7.0106505613521	
    Magnitude of W:	59333.33527853	
    Magnitude of B_grad:	0.13403875213547	
    Magnitude of b:	6.9144865377003	

	
    Current index:	39501	
    Magnitude of W_grad:	9.6643838423961	
    Magnitude of W:	59323.990935922	
    Magnitude of B_grad:	0.44441035771016	
    Magnitude of b:	6.7350809476967	

	
    Current index:	49501	
    Magnitude of W_grad:	7.3839366740226	
    Magnitude of W:	59312.990200418	
    Magnitude of B_grad:	0.21724221561607	
    Magnitude of b:	6.4964935469937	

	
    Current index:	59501	
    Magnitude of W_grad:	7.153098570238	
    Magnitude of W:	59304.367038622	
    Magnitude of B_grad:	0.12153557205236	
    Magnitude of b:	6.6061356864376	

	
    Current index:	69501	
    Magnitude of W_grad:	7.3106536383912	
    Magnitude of W:	59295.040098012	
    Magnitude of B_grad:	0.10414223922263	
    Magnitude of b:	6.7173570075376	

	
    Current index:	79501	
    Magnitude of W_grad:	8.5356886223161	
    Magnitude of W:	59286.285499244	
    Magnitude of B_grad:	0.60235204176449	
    Magnitude of b:	6.4440712871758	

	
SGD: Loss is	
	LOSS:Calculated softmax res	
174357.11166601	
SGD: crossEntropyLoss is	
174357.11166601	
SGD: Validation Accuracy is:	
0.27611262488647	
SGD: Magnitude of W:	
59286.285499244	
SGD: Magnitude of b:	
6.4440712871758	
    Current index:	9501	
    Magnitude of W_grad:	8.139938910304	
    Magnitude of W:	59277.980728545	
    Magnitude of B_grad:	0.11681522021918	
    Magnitude of b:	6.4027814742086	

	
    Current index:	19501	
    Magnitude of W_grad:	7.5025016568682	
    Magnitude of W:	59268.559852046	
    Magnitude of B_grad:	0.15904173248885	
    Magnitude of b:	6.4713545327892	

	
    Current index:	29501	
    Magnitude of W_grad:	6.9473072709369	
    Magnitude of W:	59259.496249757	
    Magnitude of B_grad:	0.1313805857132	
    Magnitude of b:	6.9064366562284	

	
    Current index:	39501	
    Magnitude of W_grad:	9.5612875470493	
    Magnitude of W:	59250.423434871	
    Magnitude of B_grad:	0.43976386108752	
    Magnitude of b:	6.7302135765425	

	
    Current index:	49501	
    Magnitude of W_grad:	7.3220478867763	
    Magnitude of W:	59239.648130852	
    Magnitude of B_grad:	0.21538953635993	
    Magnitude of b:	6.4963358473602	

	
    Current index:	59501	
    Magnitude of W_grad:	7.0962841461938	
    Magnitude of W:	59231.099424041	
    Magnitude of B_grad:	0.11915964302058	
    Magnitude of b:	6.6087351921657	

	
    Current index:	69501	
    Magnitude of W_grad:	7.2297245230038	
    Magnitude of W:	59222.007077914	
    Magnitude of B_grad:	0.10239669779409	
    Magnitude of b:	6.7149543468565	

	
    Current index:	79501	
    Magnitude of W_grad:	8.3312566520914	
    Magnitude of W:	59213.488374845	
    Magnitude of B_grad:	0.59037425128946	
    Magnitude of b:	6.4486737917047	

	
SGD: Loss is	
	LOSS:Calculated softmax res	
172386.83978136	
SGD: crossEntropyLoss is	
172386.83978136	
SGD: Validation Accuracy is:	
0.27702089009991	
SGD: Magnitude of W:	
59213.488374845	
SGD: Magnitude of b:	
6.4486737917047	
    Current index:	9501	
    Magnitude of W_grad:	8.0835225164271	
    Magnitude of W:	59205.4224134	
    Magnitude of B_grad:	0.11449998086655	
    Magnitude of b:	6.402914633006	

	
    Current index:	19501	
    Magnitude of W_grad:	7.4344509602783	
    Magnitude of W:	59196.261699652	
    Magnitude of B_grad:	0.15756692051657	
    Magnitude of b:	6.4671411840446	

	
    Current index:	29501	
    Magnitude of W_grad:	6.8850930843259	
    Magnitude of W:	59187.322500983	
    Magnitude of B_grad:	0.12880787128224	
    Magnitude of b:	6.8986044259997	

	
    Current index:	39501	
    Magnitude of W_grad:	9.4635961198599	
    Magnitude of W:	59178.415659796	
    Magnitude of B_grad:	0.43519373848453	
    Magnitude of b:	6.7255565330875	

	
    Current index:	49501	
    Magnitude of W_grad:	7.265548934896	
    Magnitude of W:	59167.858100358	
    Magnitude of B_grad:	0.21344570463362	
    Magnitude of b:	6.4962919009761	

	
    Current index:	59501	
    Magnitude of W_grad:	7.0411333820143	
    Magnitude of W:	59159.470162645	
    Magnitude of B_grad:	0.11687897899863	
    Magnitude of b:	6.6112668671982	

	
    Current index:	69501	
    Magnitude of W_grad:	7.1508373579586	
    Magnitude of W:	59150.5218947	
    Magnitude of B_grad:	0.10061889127278	
    Magnitude of b:	6.7127593895555	

	
    Current index:	79501	
    Magnitude of W_grad:	8.13210810662	
    Magnitude of W:	59142.194382992	
    Magnitude of B_grad:	0.57856595759048	
    Magnitude of b:	6.4534380284056	

	
SGD: Loss is	
	LOSS:Calculated softmax res	
170507.53408228	
SGD: crossEntropyLoss is	
170507.53408228	
SGD: Validation Accuracy is:	
0.28065395095368	
SGD: Magnitude of W:	
59142.194382992	
SGD: Magnitude of b:	
6.4534380284056	
    Current index:	9501	
    Magnitude of W_grad:	8.0253987333904	
    Magnitude of W:	59134.403644308	
    Magnitude of B_grad:	0.11208975454908	
    Magnitude of b:	6.4032011982331	

	
    Current index:	19501	
    Magnitude of W_grad:	7.3670696550337	
    Magnitude of W:	59125.412844978	
    Magnitude of B_grad:	0.15596506031854	
    Magnitude of b:	6.4630390266533	

	
    Current index:	29501	
    Magnitude of W_grad:	6.8242668052463	
    Magnitude of W:	59116.651488977	
    Magnitude of B_grad:	0.12632574646948	
    Magnitude of b:	6.8909617967991	

	
    Current index:	39501	
    Magnitude of W_grad:	9.3682452605664	
    Magnitude of W:	59107.945793088	
    Magnitude of B_grad:	0.43068571347187	
    Magnitude of b:	6.7210910164044	

	
    Current index:	49501	
    Magnitude of W_grad:	7.208825326027	
    Magnitude of W:	59097.563511232	
    Magnitude of B_grad:	0.21141135478902	
    Magnitude of b:	6.4963309899756	

	
    Current index:	59501	
    Magnitude of W_grad:	6.9872457574358	
    Magnitude of W:	59089.410609825	
    Magnitude of B_grad:	0.11470873365956	
    Magnitude of b:	6.61370982374	

	
    Current index:	69501	
    Magnitude of W_grad:	7.0727549609682	
    Magnitude of W:	59080.737549317	
    Magnitude of B_grad:	0.098824807649553	
    Magnitude of b:	6.7107553257291	

	
    Current index:	79501	
    Magnitude of W_grad:	7.9382779787677	
    Magnitude of W:	59072.675924631	
    Magnitude of B_grad:	0.56695537345899	
    Magnitude of b:	6.4583056260643	

	
SGD: Loss is	
	LOSS:Calculated softmax res	
168711.18448887	
SGD: crossEntropyLoss is	
168711.18448887	
SGD: Validation Accuracy is:	
0.28065395095368	
SGD: Magnitude of W:	
59072.675924631	
SGD: Magnitude of b:	
6.4583056260643	
    Current index:	9501	
    Magnitude of W_grad:	7.9664751942412	
    Magnitude of W:	59065.081476594	
    Magnitude of B_grad:	0.10958760386753	
    Magnitude of b:	6.4036304344154	

	
    Current index:	19501	
    Magnitude of W_grad:	7.3005252696419	
    Magnitude of W:	59056.186044801	
    Magnitude of B_grad:	0.15424814413823	
    Magnitude of b:	6.4590467672738	

	
    Current index:	29501	
    Magnitude of W_grad:	6.7643027288433	
    Magnitude of W:	59047.566087612	
    Magnitude of B_grad:	0.12393590613935	
    Magnitude of b:	6.8834959901958	

	
    Current index:	39501	
    Magnitude of W_grad:	9.2756374045114	
    Magnitude of W:	59039.059097776	
    Magnitude of B_grad:	0.4262278208666	
    Magnitude of b:	6.716811519413	

	
    Current index:	49501	
    Magnitude of W_grad:	7.152958477763	
    Magnitude of W:	59029.051672215	
    Magnitude of B_grad:	0.20929015703918	
    Magnitude of b:	6.4964385514461	

	
    Current index:	59501	
    Magnitude of W_grad:	6.934534449223	
    Magnitude of W:	59021.115369902	
    Magnitude of B_grad:	0.11265841393522	
    Magnitude of b:	6.6160603027482	

	
    Current index:	69501	
    Magnitude of W_grad:	6.9954883359353	
    Magnitude of W:	59012.672499435	
    Magnitude of B_grad:	0.097026859425499	
    Magnitude of b:	6.7089374720578	

	
    Current index:	79501	
    Magnitude of W_grad:	7.7512552017238	
    Magnitude of W:	59004.877062603	
    Magnitude of B_grad:	0.55556801334909	
    Magnitude of b:	6.4632376972746	

	
SGD: Loss is	
	LOSS:Calculated softmax res	
166990.81939031	
SGD: crossEntropyLoss is	
166990.81939031	
SGD: Validation Accuracy is:	
0.28247048138056	
SGD: Magnitude of W:	
59004.877062603	
SGD: Magnitude of b:	
6.4632376972746	
    Current index:	9501	
    Magnitude of W_grad:	7.9068502974191	
    Magnitude of W:	58997.443806713	
    Magnitude of B_grad:	0.10782365802877	
    Magnitude of b:	6.404201090451	

	
    Current index:	19501	
    Magnitude of W_grad:	7.2346339488011	
    Magnitude of W:	58988.705540114	
    Magnitude of B_grad:	0.15243000820382	
    Magnitude of b:	6.4551710403635	

	
    Current index:	29501	
    Magnitude of W_grad:	6.7077095688318	
    Magnitude of W:	58980.329023843	
    Magnitude of B_grad:	0.12163722681665	
    Magnitude of b:	6.8762044098004	

	
    Current index:	39501	
    Magnitude of W_grad:	9.1837308234372	
    Magnitude of W:	58972.004188087	
    Magnitude of B_grad:	0.42181081728133	
    Magnitude of b:	6.7127209744837	

	
    Current index:	49501	
    Magnitude of W_grad:	7.097056631057	
    Magnitude of W:	58962.283083801	
    Magnitude of B_grad:	0.20708819539563	
    Magnitude of b:	6.4966118008104	

	
    Current index:	59501	
    Magnitude of W_grad:	6.8825948436933	
    Magnitude of W:	58954.51210826	
    Magnitude of B_grad:	0.11073249872454	
    Magnitude of b:	6.6183254289334	

	
    Current index:	69501	
    Magnitude of W_grad:	6.9190006691882	
    Magnitude of W:	58946.236386738	
    Magnitude of B_grad:	0.095234423293626	
    Magnitude of b:	6.7073084080923	

	
    Current index:	79501	
    Magnitude of W_grad:	7.5741301676553	
    Magnitude of W:	58938.637335432	
    Magnitude of B_grad:	0.54442604751141	
    Magnitude of b:	6.4682092908788	

	
SGD: Loss is	
	LOSS:Calculated softmax res	
165340.34978547	
SGD: crossEntropyLoss is	
165340.34978547	
SGD: Validation Accuracy is:	
0.28610354223433	
SGD: Magnitude of W:	
58938.637335432	
SGD: Magnitude of b:	
6.4682092908788	
    Current index:	9501	
    Magnitude of W_grad:	7.8470798748351	
    Magnitude of W:	58931.367249858	
    Magnitude of B_grad:	0.10721173840708	
    Magnitude of b:	6.4049165209446	

	
    Current index:	19501	
    Magnitude of W_grad:	7.1700656196828	
    Magnitude of W:	58922.837079854	
    Magnitude of B_grad:	0.15052594005953	
    Magnitude of b:	6.4514216170959	

	
    Current index:	29501	
    Magnitude of W_grad:	6.6534848461248	
    Magnitude of W:	58914.607220055	
    Magnitude of B_grad:	0.11942651715948	
    Magnitude of b:	6.8690909298002	

	
    Current index:	39501	
    Magnitude of W_grad:	9.0912514790791	
    Magnitude of W:	58906.529604977	
    Magnitude of B_grad:	0.41742841803537	
    Magnitude of b:	6.7088269963488	

	
    Current index:	49501	
    Magnitude of W_grad:	7.0412707806443	
    Magnitude of W:	58897.081002057	
    Magnitude of B_grad:	0.20481333364125	
    Magnitude of b:	6.4968559661867	

	
    Current index:	59501	
    Magnitude of W_grad:	6.8315883275597	
    Magnitude of W:	58889.460139615	
    Magnitude of B_grad:	0.10893159447508	
    Magnitude of b:	6.62051883058	

	
    Current index:	69501	
    Magnitude of W_grad:	6.8440625103866	
    Magnitude of W:	58881.331046336	
    Magnitude of B_grad:	0.093454339112439	
    Magnitude of b:	6.7058745131713	

	
    Current index:	79501	
    Magnitude of W_grad:	7.4033565929802	
    Magnitude of W:	58873.805725521	
    Magnitude of B_grad:	0.53354799175846	
    Magnitude of b:	6.473205300913	

	
SGD: Loss is	
	LOSS:Calculated softmax res	
163754.43678826	
SGD: crossEntropyLoss is	
163754.43678826	
SGD: Validation Accuracy is:	
0.28882833787466	
SGD: Magnitude of W:	
58873.805725521	
SGD: Magnitude of b:	
6.473205300913	
    Current index:	9501	
    Magnitude of W_grad:	7.787059800717	
    Magnitude of W:	58866.724284799	
    Magnitude of B_grad:	0.10657788134874	
    Magnitude of b:	6.4057817089991	

	
    Current index:	19501	
    Magnitude of W_grad:	7.1077062821636	
    Magnitude of W:	58858.41988631	
    Magnitude of B_grad:	0.14955504360063	
    Magnitude of b:	6.4478084796957	

	
    Current index:	29501	
    Magnitude of W_grad:	6.5997851137108	
    Magnitude of W:	58850.326439349	
    Magnitude of B_grad:	0.11729921996161	
    Magnitude of b:	6.8621632426298	

	
    Current index:	39501	
    Magnitude of W_grad:	8.9993909177653	
    Magnitude of W:	58842.387059346	
    Magnitude of B_grad:	0.41307732795617	
    Magnitude of b:	6.7061696389147	

	
    Current index:	49501	
    Magnitude of W_grad:	6.9863483273114	
    Magnitude of W:	58833.16233621	
    Magnitude of B_grad:	0.20247462915367	
    Magnitude of b:	6.4971811254203	

	
    Current index:	59501	
    Magnitude of W_grad:	6.7820491906645	
    Magnitude of W:	58825.703240729	
    Magnitude of B_grad:	0.10725357690227	
    Magnitude of b:	6.6226575203133	

	
    Current index:	69501	
    Magnitude of W_grad:	6.7715093796288	
    Magnitude of W:	58817.723261599	
    Magnitude of B_grad:	0.091691332865049	
    Magnitude of b:	6.7046434877315	

	
    Current index:	79501	
    Magnitude of W_grad:	7.2400677030414	
    Magnitude of W:	58810.377766479	
    Magnitude of B_grad:	0.52294891264571	
    Magnitude of b:	6.4782173036379	

	
SGD: Loss is	
	LOSS:Calculated softmax res	
162228.37781199	
SGD: crossEntropyLoss is	
162228.37781199	
SGD: Validation Accuracy is:	
0.29246139872843	
SGD: Magnitude of W:	
58810.377766479	
SGD: Magnitude of b:	
6.4782173036379	
    Current index:	9501	
    Magnitude of W_grad:	7.7264728515235	
    Magnitude of W:	58803.373754995	
    Magnitude of B_grad:	0.10592907822509	
    Magnitude of b:	6.4068015416799	

	
    Current index:	19501	
    Magnitude of W_grad:	7.0466461671193	
    Magnitude of W:	58795.295859559	
    Magnitude of B_grad:	0.14947767141327	
    Magnitude of b:	6.4443401457054	

	
    Current index:	29501	
    Magnitude of W_grad:	6.5475581009752	
    Magnitude of W:	58787.399990411	
    Magnitude of B_grad:	0.11524998957095	
    Magnitude of b:	6.855430847605	

	
    Current index:	39501	
    Magnitude of W_grad:	8.9087993008687	
    Magnitude of W:	58779.525561729	
    Magnitude of B_grad:	0.40875708897439	
    Magnitude of b:	6.7057744351035	

	
    Current index:	49501	
    Magnitude of W_grad:	6.9310645059837	
    Magnitude of W:	58770.540618489	
    Magnitude of B_grad:	0.20008181116589	
    Magnitude of b:	6.4975995218975	

	
    Current index:	59501	
    Magnitude of W_grad:	6.7334461470328	
    Magnitude of W:	58763.23313669	
    Magnitude of B_grad:	0.10569448762942	
    Magnitude of b:	6.6247595401657	

	
    Current index:	69501	
    Magnitude of W_grad:	6.7009270265611	
    Magnitude of W:	58755.444940994	
    Magnitude of B_grad:	0.089948385782641	
    Magnitude of b:	6.7036224919954	

	
    Current index:	79501	
    Magnitude of W_grad:	7.0844981308036	
    Magnitude of W:	58748.231368526	
    Magnitude of B_grad:	0.51264093143758	
    Magnitude of b:	6.483240959475	

	
SGD: Loss is	
	LOSS:Calculated softmax res	
160758.00977136	
SGD: crossEntropyLoss is	
160758.00977136	
SGD: Validation Accuracy is:	
0.29518619436876	
SGD: Magnitude of W:	
58748.231368526	
SGD: Magnitude of b:	
6.483240959475	
    Current index:	9501	
    Magnitude of W_grad:	7.6652727331266	
    Magnitude of W:	58741.313711859	
    Magnitude of B_grad:	0.1052710188631	
    Magnitude of b:	6.4079796982692	

	
    Current index:	19501	
    Magnitude of W_grad:	6.9866637804306	
    Magnitude of W:	58733.331688715	
    Magnitude of B_grad:	0.14944310703703	
    Magnitude of b:	6.4410226910371	

	
    Current index:	29501	
    Magnitude of W_grad:	6.4967184073752	
    Magnitude of W:	58725.639631087	
    Magnitude of B_grad:	0.11327313946966	
    Magnitude of b:	6.848903339774	

	
    Current index:	39501	
    Magnitude of W_grad:	8.8197239604265	
    Magnitude of W:	58717.885885005	
    Magnitude of B_grad:	0.4044697877432	
    Magnitude of b:	6.7055818129801	

	
    Current index:	49501	
    Magnitude of W_grad:	6.8750906029689	
    Magnitude of W:	58709.058085061	
    Magnitude of B_grad:	0.19764482636999	
    Magnitude of b:	6.4981232643258	

	
    Current index:	59501	
    Magnitude of W_grad:	6.6860305832847	
    Magnitude of W:	58701.861301039	
    Magnitude of B_grad:	0.10424916740355	
    Magnitude of b:	6.6268420733573	

	
    Current index:	69501	
    Magnitude of W_grad:	6.6320741569973	
    Magnitude of W:	58694.2124968	
    Magnitude of B_grad:	0.088227077569598	
    Magnitude of b:	6.7028166823287	

	
    Current index:	79501	
    Magnitude of W_grad:	6.935898982361	
    Magnitude of W:	58687.189281164	
    Magnitude of B_grad:	0.50263369746488	
    Magnitude of b:	6.4882738379928	

	
SGD: Loss is	
	LOSS:Calculated softmax res	
159339.62833279	
SGD: crossEntropyLoss is	
159339.62833279	
SGD: Validation Accuracy is:	
0.29700272479564	
SGD: Magnitude of W:	
58687.189281164	
SGD: Magnitude of b:	
6.4882738379928	
    Current index:	9501	
    Magnitude of W_grad:	7.6050896466589	
    Magnitude of W:	58680.434772657	
    Magnitude of B_grad:	0.10460816015336	
    Magnitude of b:	6.4093177480209	

	
    Current index:	19501	
    Magnitude of W_grad:	6.9276627328041	
    Magnitude of W:	58672.583658173	
    Magnitude of B_grad:	0.14980616983501	
    Magnitude of b:	6.4378591587327	

	
    Current index:	29501	
    Magnitude of W_grad:	6.448419361401	
    Magnitude of W:	58665.042295467	
    Magnitude of B_grad:	0.1113629849941	
    Magnitude of b:	6.842588892869	

	
    Current index:	39501	
    Magnitude of W_grad:	8.7307657727654	
    Magnitude of W:	58657.36544308	
    Magnitude of B_grad:	0.40021966303297	
    Magnitude of b:	6.7055995748315	

	
    Current index:	49501	
    Magnitude of W_grad:	6.8186158470794	
    Magnitude of W:	58648.692558795	
    Magnitude of B_grad:	0.19517345684853	
    Magnitude of b:	6.4987624478825	

	
    Current index:	59501	
    Magnitude of W_grad:	6.6396331096103	
    Magnitude of W:	58641.632267437	
    Magnitude of B_grad:	0.10291168963818	
    Magnitude of b:	6.6289199462948	

	
    Current index:	69501	
    Magnitude of W_grad:	6.5649739591313	
    Magnitude of W:	58634.183480686	
    Magnitude of B_grad:	0.086527914461067	
    Magnitude of b:	6.7022281015427	

	
    Current index:	79501	
    Magnitude of W_grad:	6.7958155121344	
    Magnitude of W:	58627.275841722	
    Magnitude of B_grad:	0.49293462360789	
    Magnitude of b:	6.4933136871594	

	
SGD: Loss is	
	LOSS:Calculated softmax res	
157969.92149814	
SGD: crossEntropyLoss is	
157969.92149814	
SGD: Validation Accuracy is:	
0.29881925522253	
SGD: Magnitude of W:	
58627.275841722	
SGD: Magnitude of b:	
6.4933136871594	
    Current index:	9501	
    Magnitude of W_grad:	7.5454893674509	
    Magnitude of W:	58620.634300709	
    Magnitude of B_grad:	0.103943826078	
    Magnitude of b:	6.4108143470303	

	
    Current index:	19501	
    Magnitude of W_grad:	6.8692687574452	
    Magnitude of W:	58612.95201377	
    Magnitude of B_grad:	0.15009778441315	
    Magnitude of b:	6.4348492575844	

	
    Current index:	29501	
    Magnitude of W_grad:	6.4018094497365	
    Magnitude of W:	58605.537274562	
    Magnitude of B_grad:	0.10951410388505	
    Magnitude of b:	6.8364930358031	

	
    Current index:	39501	
    Magnitude of W_grad:	8.6421184065543	
    Magnitude of W:	58597.985726102	
    Magnitude of B_grad:	0.39601264375186	
    Magnitude of b:	6.7058301814255	

	
    Current index:	49501	
    Magnitude of W_grad:	6.7630017125891	
    Magnitude of W:	58589.493998007	
    Magnitude of B_grad:	0.19267701946696	
    Magnitude of b:	6.4995238259182	

	
    Current index:	59501	
    Magnitude of W_grad:	6.5939293172285	
    Magnitude of W:	58582.607020802	
    Magnitude of B_grad:	0.10167566507678	
    Magnitude of b:	6.631004582159	

	
    Current index:	69501	
    Magnitude of W_grad:	6.4997339683331	
    Magnitude of W:	58575.32766368	
    Magnitude of B_grad:	0.084850632931927	
    Magnitude of b:	6.7018549870059	

	
    Current index:	79501	
    Magnitude of W_grad:	6.6623721645967	
    Magnitude of W:	58568.502080935	
    Magnitude of B_grad:	0.48354887620499	
    Magnitude of b:	6.4983572183823	

	
SGD: Loss is	
	LOSS:Calculated softmax res	
156645.91489192	
SGD: crossEntropyLoss is	
156645.91489192	
SGD: Validation Accuracy is:	
0.30245231607629	
SGD: Magnitude of W:	
58568.502080935	
SGD: Magnitude of b:	
6.4983572183823	
    Current index:	9501	
    Magnitude of W_grad:	7.4857458595979	
    Magnitude of W:	58561.992253188	
    Magnitude of B_grad:	0.10328034936063	
    Magnitude of b:	6.4124646261702	

	
    Current index:	19501	
    Magnitude of W_grad:	6.8127293619886	
    Magnitude of W:	58554.464379449	
    Magnitude of B_grad:	0.15032282195538	
    Magnitude of b:	6.431989342016	

	
    Current index:	29501	
    Magnitude of W_grad:	6.3566989051764	
    Magnitude of W:	58547.140831081	
    Magnitude of B_grad:	0.10772152374254	
    Magnitude of b:	6.8306178633614	

	
    Current index:	39501	
    Magnitude of W_grad:	8.554853815276	
    Magnitude of W:	58539.706369199	
    Magnitude of B_grad:	0.39185584586792	
    Magnitude of b:	6.7062705592794	

	
    Current index:	49501	
    Magnitude of W_grad:	6.7078697105837	
    Magnitude of W:	58531.356235565	
    Magnitude of B_grad:	0.19016415404674	
    Magnitude of b:	6.5004101272819	

	
    Current index:	59501	
    Magnitude of W_grad:	6.549194599819	
    Magnitude of W:	58524.56674932	
    Magnitude of B_grad:	0.10053447047188	
    Magnitude of b:	6.6331034712741	

	
    Current index:	69501	
    Magnitude of W_grad:	6.4360488403628	
    Magnitude of W:	58517.369666288	
    Magnitude of B_grad:	0.083194459754093	
    Magnitude of b:	6.701691553339	

	
    Current index:	79501	
    Magnitude of W_grad:	6.5365951121881	
    Magnitude of W:	58510.594140946	
    Magnitude of B_grad:	0.47447924705796	
    Magnitude of b:	6.503399432745	

	
SGD: Loss is	
	LOSS:Calculated softmax res	
155364.92593488	
SGD: crossEntropyLoss is	
155364.92593488	
SGD: Validation Accuracy is:	
0.30426884650318	
SGD: Magnitude of W:	
58510.594140946	
SGD: Magnitude of b:	
6.503399432745	
    Current index:	9501	
    Magnitude of W_grad:	7.4270093460358	
    Magnitude of W:	58504.214510515	
    Magnitude of B_grad:	0.10261925092145	
    Magnitude of b:	6.4142599152505	

	
    Current index:	19501	
    Magnitude of W_grad:	6.7576844414402	
    Magnitude of W:	58496.824359259	
    Magnitude of B_grad:	0.15048657297434	
    Magnitude of b:	6.4292726485631	

	
    Current index:	29501	
    Magnitude of W_grad:	6.3135508685864	
    Magnitude of W:	58489.616982961	
    Magnitude of B_grad:	0.10598083838434	
    Magnitude of b:	6.8249617291499	

	
    Current index:	39501	
    Magnitude of W_grad:	8.4696451416821	
    Magnitude of W:	58482.271554413	
    Magnitude of B_grad:	0.38775706020682	
    Magnitude of b:	6.7069124412041	

	
    Current index:	49501	
    Magnitude of W_grad:	6.6525245357936	
    Magnitude of W:	58474.013755828	
    Magnitude of B_grad:	0.18764269948321	
    Magnitude of b:	6.5014199922002	

	
    Current index:	59501	
    Magnitude of W_grad:	6.5050920754645	
    Magnitude of W:	58467.349029062	
    Magnitude of B_grad:	0.099481434575402	
    Magnitude of b:	6.635220137328	

	
    Current index:	69501	
    Magnitude of W_grad:	6.3739977039145	
    Magnitude of W:	58460.292209317	
    Magnitude of B_grad:	0.081558312720136	
    Magnitude of b:	6.7017282229333	

	
    Current index:	79501	
    Magnitude of W_grad:	6.4161210957373	
    Magnitude of W:	58453.634782447	
    Magnitude of B_grad:	0.46572605785219	
    Magnitude of b:	6.5084334332194	

	
SGD: Loss is	
	LOSS:Calculated softmax res	
154124.52472131	
SGD: crossEntropyLoss is	
154124.52472131	
SGD: Validation Accuracy is:	
0.30790190735695	
SGD: Magnitude of W:	
58453.634782447	
SGD: Magnitude of b:	
6.5084334332194	
    Current index:	9501	
    Magnitude of W_grad:	7.3710813692003	
    Magnitude of W:	58447.355427376	
    Magnitude of B_grad:	0.10196144177739	
    Magnitude of b:	6.4161878882191	

	
    Current index:	19501	
    Magnitude of W_grad:	6.7034079824797	
    Magnitude of W:	58440.07773906	
    Magnitude of B_grad:	0.15059487848539	
    Magnitude of b:	6.4266897320978	

	
    Current index:	29501	
    Magnitude of W_grad:	6.2711939563235	
    Magnitude of W:	58432.990958649	
    Magnitude of B_grad:	0.10428825840251	
    Magnitude of b:	6.819519363329	

	
    Current index:	39501	
    Magnitude of W_grad:	8.3854194978777	
    Magnitude of W:	58425.78627276	
    Magnitude of B_grad:	0.38372426612908	
    Magnitude of b:	6.7077431162134	

	
    Current index:	49501	
    Magnitude of W_grad:	6.597977156353	
    Magnitude of W:	58417.671358536	
    Magnitude of B_grad:	0.18511964695222	
    Magnitude of b:	6.502548387872	

	
    Current index:	59501	
    Magnitude of W_grad:	6.4616456302198	
    Magnitude of W:	58411.203279704	
    Magnitude of B_grad:	0.098509998986417	
    Magnitude of b:	6.6373544918395	

	
    Current index:	69501	
    Magnitude of W_grad:	6.3139139200283	
    Magnitude of W:	58404.301465526	
    Magnitude of B_grad:	0.079940939142804	
    Magnitude of b:	6.7019521960088	

	
    Current index:	79501	
    Magnitude of W_grad:	6.3007426016927	
    Magnitude of W:	58397.763200996	
    Magnitude of B_grad:	0.45728719195321	
    Magnitude of b:	6.5134506109572	

	
SGD: Loss is	
	LOSS:Calculated softmax res	
152922.50036787	
SGD: crossEntropyLoss is	
152922.50036787	
SGD: Validation Accuracy is:	
0.30608537693006	
SGD: Magnitude of W:	
58397.763200996	
SGD: Magnitude of b:	
6.5134506109572	
    Current index:	9501	
    Magnitude of W_grad:	7.3162254568799	
    Magnitude of W:	58391.584685286	
    Magnitude of B_grad:	0.10130742678956	
    Magnitude of b:	6.4182331163248	

	
    Current index:	19501	
    Magnitude of W_grad:	6.6499686423616	
    Magnitude of W:	58384.439434301	
    Magnitude of B_grad:	0.15065406565201	
    Magnitude of b:	6.4242290437902	

	
    Current index:	29501	
    Magnitude of W_grad:	6.2304003695947	
    Magnitude of W:	58377.545986725	
    Magnitude of B_grad:	0.10264060837743	
    Magnitude of b:	6.8142823131745	

	
    Current index:	39501	
    Magnitude of W_grad:	8.3026612679082	
    Magnitude of W:	58370.531726704	
    Magnitude of B_grad:	0.37976520290241	
    Magnitude of b:	6.7087464233496	

	
    Current index:	49501	
    Magnitude of W_grad:	6.5448135763439	
    Magnitude of W:	58362.519525519	
    Magnitude of B_grad:	0.18260115224619	
    Magnitude of b:	6.5037873230643	

	
    Current index:	59501	
    Magnitude of W_grad:	6.419956205328	
    Magnitude of W:	58356.230582542	
    Magnitude of B_grad:	0.097613859582326	
    Magnitude of b:	6.6395034366194	

	
    Current index:	69501	
    Magnitude of W_grad:	6.2564624559499	
    Magnitude of W:	58349.477207907	
    Magnitude of B_grad:	0.078341002591325	
    Magnitude of b:	6.7023482206979	

	
    Current index:	79501	
    Magnitude of W_grad:	6.1905767816625	
    Magnitude of W:	58343.081553076	
    Magnitude of B_grad:	0.44915827555827	
    Magnitude of b:	6.5184410783283	

	
SGD: Loss is	
	LOSS:Calculated softmax res	
151756.83229773	
SGD: crossEntropyLoss is	
151756.83229773	
SGD: Validation Accuracy is:	
0.30608537693006	
SGD: Magnitude of W:	
58343.081553076	
SGD: Magnitude of b:	
6.5184410783283	
    Current index:	9501	
    Magnitude of W_grad:	7.2605903388131	
    Magnitude of W:	58337.067108385	
    Magnitude of B_grad:	0.10065749102089	
    Magnitude of b:	6.4203779349094	

	
    Current index:	19501	
    Magnitude of W_grad:	6.5974430398025	
    Magnitude of W:	58330.103102579	
    Magnitude of B_grad:	0.1506707604236	
    Magnitude of b:	6.4218776074429	

	
    Current index:	29501	
    Magnitude of W_grad:	6.1897323605897	
    Magnitude of W:	58323.348434244	
    Magnitude of B_grad:	0.10103528744297	
    Magnitude of b:	6.8092396080115	

	
    Current index:	39501	
    Magnitude of W_grad:	8.2214413753674	
    Magnitude of W:	58316.467751638	
    Magnitude of B_grad:	0.37588702115993	
    Magnitude of b:	6.7099038413194	

	
    Current index:	49501	
    Magnitude of W_grad:	6.4922444837644	
    Magnitude of W:	58308.596575537	
    Magnitude of B_grad:	0.18009258721766	
    Magnitude of b:	6.5051266993416	

	
    Current index:	59501	
    Magnitude of W_grad:	6.3791535582921	
    Magnitude of W:	58302.470201993	
    Magnitude of B_grad:	0.096787086537484	
    Magnitude of b:	6.6416615895849	

	
    Current index:	69501	
    Magnitude of W_grad:	6.200844732116	
    Magnitude of W:	58295.824630393	
    Magnitude of B_grad:	0.0767571356499	
    Magnitude of b:	6.7028994381413	

	
    Current index:	79501	
    Magnitude of W_grad:	6.0861821176418	
    Magnitude of W:	58289.575980405	
    Magnitude of B_grad:	0.4413329791981	
    Magnitude of b:	6.5233942300982	

	
SGD: Loss is	
	LOSS:Calculated softmax res	
150625.66613426	
SGD: crossEntropyLoss is	
150625.66613426	
SGD: Validation Accuracy is:	
0.30608537693006	
SGD: Magnitude of W:	
58289.575980405	
SGD: Magnitude of b:	
6.5233942300982	
    Current index:	9501	
    Magnitude of W_grad:	7.2069838683869	
    Magnitude of W:	58283.712958761	
    Magnitude of B_grad:	0.10001185512474	
    Magnitude of b:	6.4226034810562	

	
    Current index:	19501	
    Magnitude of W_grad:	6.5460688030655	
    Magnitude of W:	58276.903228468	
    Magnitude of B_grad:	0.15065165084194	
    Magnitude of b:	6.4196217506715	

	
    Current index:	29501	
    Magnitude of W_grad:	6.1494419856659	
    Magnitude of W:	58270.228931233	
    Magnitude of B_grad:	0.099470209223829	
    Magnitude of b:	6.8043785581877	

	
    Current index:	39501	
    Magnitude of W_grad:	8.1421182916071	
    Magnitude of W:	58263.449022364	
    Magnitude of B_grad:	0.37209602499909	
    Magnitude of b:	6.7111955601967	

	
    Current index:	49501	
    Magnitude of W_grad:	6.4402879607769	
    Magnitude of W:	58255.733450469	
    Magnitude of B_grad:	0.1775986124642	
    Magnitude of b:	6.5065551757928	

	
    Current index:	59501	
    Magnitude of W_grad:	6.3385866532303	
    Magnitude of W:	58249.702453364	
    Magnitude of B_grad:	0.096024217721607	
    Magnitude of b:	6.6438220403303	

	
    Current index:	69501	
    Magnitude of W_grad:	6.147230253158	
    Magnitude of W:	58243.173977956	
    Magnitude of B_grad:	0.075187976165338	
    Magnitude of b:	6.7035882089183	

	
    Current index:	79501	
    Magnitude of W_grad:	5.9865324849798	
    Magnitude of W:	58237.023627936	
    Magnitude of B_grad:	0.43380339011731	
    Magnitude of b:	6.5282993283788	

	
SGD: Loss is	
	LOSS:Calculated softmax res	
149527.29373814	
SGD: crossEntropyLoss is	
149527.29373814	
SGD: Validation Accuracy is:	
0.30699364214351	
SGD: Magnitude of W:	
58237.023627936	
SGD: Magnitude of b:	
6.5282993283788	
    Current index:	9501	
    Magnitude of W_grad:	7.1553536645215	
    Magnitude of W:	58231.244241932	
    Magnitude of B_grad:	0.09937079304623	
    Magnitude of b:	6.4248907431425	

	
    Current index:	19501	
    Magnitude of W_grad:	6.4954948903299	
    Magnitude of W:	58224.527335438	
    Magnitude of B_grad:	0.15060325633821	
    Magnitude of b:	6.4174478289676	

	
    Current index:	29501	
    Magnitude of W_grad:	6.1089292992907	
    Magnitude of W:	58217.915028418	
    Magnitude of B_grad:	0.097943733251772	
    Magnitude of b:	6.799685593444	

	
    Current index:	39501	
    Magnitude of W_grad:	8.064875499742	
    Magnitude of W:	58211.282148344	
    Magnitude of B_grad:	0.36839750477382	
    Magnitude of b:	6.7126014484621	

	
    Current index:	49501	
    Magnitude of W_grad:	6.3888126904681	
    Magnitude of W:	58203.732016911	
    Magnitude of B_grad:	0.17512325753635	
    Magnitude of b:	6.5080609587391	

	
    Current index:	59501	
    Magnitude of W_grad:	6.2982200125042	
    Magnitude of W:	58197.848557644	
    Magnitude of B_grad:	0.095320321024479	
    Magnitude of b:	6.6459770666331	

	
    Current index:	69501	
    Magnitude of W_grad:	6.0954103854269	
    Magnitude of W:	58191.400735067	
    Magnitude of B_grad:	0.073632198888202	
    Magnitude of b:	6.7043968551773	

	
    Current index:	79501	
    Magnitude of W_grad:	5.890942869473	
    Magnitude of W:	58185.374812609	
    Magnitude of B_grad:	0.42656040686686	
    Magnitude of b:	6.5331460243094	

	
SGD: Loss is	
	LOSS:Calculated softmax res	
148460.13671988	
SGD: crossEntropyLoss is	
148460.13671988	
SGD: Validation Accuracy is:	
0.30517711171662	
SGD: Magnitude of W:	
58185.374812609	
SGD: Magnitude of b:	
6.5331460243094	
    Current index:	9501	
    Magnitude of W_grad:	7.1031103204996	
    Magnitude of W:	58179.750009562	
    Magnitude of B_grad:	0.098734710945029	
    Magnitude of b:	6.4272214791031	

	
    Current index:	19501	
    Magnitude of W_grad:	6.4466124854464	
    Magnitude of W:	58173.066743552	
    Magnitude of B_grad:	0.1505317357254	
    Magnitude of b:	6.4153428662298	

	
    Current index:	29501	
    Magnitude of W_grad:	6.0683446716638	
    Magnitude of W:	58166.56077733	
    Magnitude of B_grad:	0.096454595256541	
    Magnitude of b:	6.7951470430927	

	
    Current index:	39501	
    Magnitude of W_grad:	7.9896705706303	
    Magnitude of W:	58159.957885376	
    Magnitude of B_grad:	0.36479565298914	
    Magnitude of b:	6.7141018504391	

	
    Current index:	49501	
    Magnitude of W_grad:	6.3375012634976	
    Magnitude of W:	58152.559486057	
    Magnitude of B_grad:	0.17266999917741	
    Magnitude of b:	6.5096324554947	

	
    Current index:	59501	
    Magnitude of W_grad:	6.2580706454242	
    Magnitude of W:	58146.796277192	
    Magnitude of B_grad:	0.094671024167426	
    Magnitude of b:	6.6481187602469	

	
    Current index:	69501	
    Magnitude of W_grad:	6.0453769892336	
    Magnitude of W:	58140.447530249	
    Magnitude of B_grad:	0.0720885473977	
    Magnitude of b:	6.705308274619	

	
    Current index:	79501	
    Magnitude of W_grad:	5.7991418630218	
    Magnitude of W:	58134.515996894	
    Magnitude of B_grad:	0.41959411782582	
    Magnitude of b:	6.5379247556095	

	
SGD: Loss is	
	LOSS:Calculated softmax res	
147422.732692	
SGD: crossEntropyLoss is	
147422.732692	
SGD: Validation Accuracy is:	
0.30517711171662	
SGD: Magnitude of W:	
58134.515996894	
SGD: Magnitude of b:	
6.5379247556095	
    Current index:	9501	
    Magnitude of W_grad:	7.0505189696386	
    Magnitude of W:	58129.023378534	
    Magnitude of B_grad:	0.098104189643876	
    Magnitude of b:	6.429578904821	

	
    Current index:	19501	
    Magnitude of W_grad:	6.3994242722732	
    Magnitude of W:	58122.43890724	
    Magnitude of B_grad:	0.15044274759885	
    Magnitude of b:	6.4132950451998	

	
    Current index:	29501	
    Magnitude of W_grad:	6.0277907198433	
    Magnitude of W:	58116.026210288	
    Magnitude of B_grad:	0.095001839891211	
    Magnitude of b:	6.7907497762505	

	
    Current index:	39501	
    Magnitude of W_grad:	7.9164280012245	
    Magnitude of W:	58109.484358895	
    Magnitude of B_grad:	0.36129355070523	
    Magnitude of b:	6.7156781757341	

	
    Current index:	49501	
    Magnitude of W_grad:	6.2867209918226	
    Magnitude of W:	58102.238043853	
    Magnitude of B_grad:	0.17024183157668	
    Magnitude of b:	6.5112587579913	

	
    Current index:	59501	
    Magnitude of W_grad:	6.2184922540314	
    Magnitude of W:	58096.585922169	
    Magnitude of B_grad:	0.094072513851812	
    Magnitude of b:	6.6502395268752	

	
    Current index:	69501	
    Magnitude of W_grad:	5.9968316174365	
    Magnitude of W:	58090.328348951	
    Magnitude of B_grad:	0.070555865723097	
    Magnitude of b:	6.7063064024489	

	
    Current index:	79501	
    Magnitude of W_grad:	5.7109019828633	
    Magnitude of W:	58084.543355095	
    Magnitude of B_grad:	0.41289413801192	
    Magnitude of b:	6.5426269941893	

	
SGD: Loss is	
	LOSS:Calculated softmax res	
146413.72361401	
SGD: crossEntropyLoss is	
146413.72361401	
SGD: Validation Accuracy is:	
0.30517711171662	
SGD: Magnitude of W:	
58084.543355095	
SGD: Magnitude of b:	
6.5426269941893	
    Current index:	9501	
    Magnitude of W_grad:	6.9974803208046	
    Magnitude of W:	58079.173569477	
    Magnitude of B_grad:	0.097479994516284	
    Magnitude of b:	6.4319481144806	

	
    Current index:	19501	
    Magnitude of W_grad:	6.3536359081263	
    Magnitude of W:	58072.683467196	
    Magnitude of B_grad:	0.15034136388076	
    Magnitude of b:	6.4130821863339	

	
    Current index:	29501	
    Magnitude of W_grad:	5.987169708849	
    Magnitude of W:	58066.357173034	
    Magnitude of B_grad:	0.093584757137437	
    Magnitude of b:	6.7864816558549	

	
    Current index:	39501	
    Magnitude of W_grad:	7.8453370323155	
    Magnitude of W:	58059.902156469	
    Magnitude of B_grad:	0.35789320896455	
    Magnitude of b:	6.7173132749503	

	
    Current index:	49501	
    Magnitude of W_grad:	6.2366028405666	
    Magnitude of W:	58052.750587366	
    Magnitude of B_grad:	0.16784132534908	
    Magnitude of b:	6.5129299495512	

	
    Current index:	59501	
    Magnitude of W_grad:	6.1793946808236	
    Magnitude of W:	58047.202569734	
    Magnitude of B_grad:	0.093521508392425	
    Magnitude of b:	6.6523324443091	

	
    Current index:	69501	
    Magnitude of W_grad:	5.9495916570749	
    Magnitude of W:	58041.034772282	
    Magnitude of B_grad:	0.069033126376748	
    Magnitude of b:	6.7073765174324	

	
    Current index:	79501	
    Magnitude of W_grad:	5.6261600825426	
    Magnitude of W:	58035.332460931	
    Magnitude of B_grad:	0.40644989027369	
    Magnitude of b:	6.5472453530357	

	
SGD: Loss is	
	LOSS:Calculated softmax res	
145431.84574302	
SGD: crossEntropyLoss is	
145431.84574302	
SGD: Validation Accuracy is:	
0.30517711171662	
SGD: Magnitude of W:	
58035.332460931	
SGD: Magnitude of b:	
6.5472453530357	
    Current index:	9501	
    Magnitude of W_grad:	6.9441421496447	
    Magnitude of W:	58030.110863488	
    Magnitude of B_grad:	0.096863057710085	
    Magnitude of b:	6.4343162513915	

	
    Current index:	19501	
    Magnitude of W_grad:	6.308998880333	
    Magnitude of W:	58023.754019059	
    Magnitude of B_grad:	0.15023202989402	
    Magnitude of b:	6.414725215302	

	
    Current index:	29501	
    Magnitude of W_grad:	5.9474021284736	
    Magnitude of W:	58017.514945195	
    Magnitude of B_grad:	0.0922028227371	
    Magnitude of b:	6.7823318013021	

	
    Current index:	39501	
    Magnitude of W_grad:	7.7774267276822	
    Magnitude of W:	58011.136509762	
    Magnitude of B_grad:	0.35459564880726	
    Magnitude of b:	6.7189916265608	

	
    Current index:	49501	
    Magnitude of W_grad:	6.1873207105611	
    Magnitude of W:	58004.116362711	
    Magnitude of B_grad:	0.16547067421383	
    Magnitude of b:	6.5146372518918	

	
    Current index:	59501	
    Magnitude of W_grad:	6.1405774614744	
    Magnitude of W:	57998.620532452	
    Magnitude of B_grad:	0.093015209063404	
    Magnitude of b:	6.6543914816149	

	
    Current index:	69501	
    Magnitude of W_grad:	5.903749577336	
    Magnitude of W:	57992.605180377	
    Magnitude of B_grad:	0.067519451318416	
    Magnitude of b:	6.708505405698	

	
    Current index:	79501	
    Magnitude of W_grad:	5.5445474810605	
    Magnitude of W:	57987.031140558	
    Magnitude of B_grad:	0.40025082658011	
    Magnitude of b:	6.5517735860436	

	
SGD: Loss is	
	LOSS:Calculated softmax res	
144475.92084588	
SGD: crossEntropyLoss is	
144475.92084588	
SGD: Validation Accuracy is:	
0.30426884650318	
SGD: Magnitude of W:	
57987.031140558	
SGD: Magnitude of b:	
6.5517735860436	
    Current index:	9501	
    Magnitude of W_grad:	6.8905909752242	
    Magnitude of W:	57981.965506489	
    Magnitude of B_grad:	0.096254438835603	
    Magnitude of b:	6.4366724850988	

	
    Current index:	19501	
    Magnitude of W_grad:	6.2655389295517	
    Magnitude of W:	57975.750032403	
    Magnitude of B_grad:	0.1501185612462	
    Magnitude of b:	6.4163479159802	

	
    Current index:	29501	
    Magnitude of W_grad:	5.9087411991531	
    Magnitude of W:	57969.600998396	
    Magnitude of B_grad:	0.090927811079232	
    Magnitude of b:	6.7782906860564	

	
    Current index:	39501	
    Magnitude of W_grad:	7.7120225419565	
    Magnitude of W:	57963.308701006	
    Magnitude of B_grad:	0.35140100439899	
    Magnitude of b:	6.7206993793248	

	
    Current index:	49501	
    Magnitude of W_grad:	6.1387096587413	
    Magnitude of W:	57956.435616143	
    Magnitude of B_grad:	0.16313173026571	
    Magnitude of b:	6.5163730448129	

	
    Current index:	59501	
    Magnitude of W_grad:	6.1021326967543	
    Magnitude of W:	57950.991619819	
    Magnitude of B_grad:	0.092551235692267	
    Magnitude of b:	6.656411596837	

	
    Current index:	69501	
    Magnitude of W_grad:	5.8591098780189	
    Magnitude of W:	57945.088042784	
    Magnitude of B_grad:	0.066014123676337	
    Magnitude of b:	6.7096814076257	

	
    Current index:	79501	
    Magnitude of W_grad:	5.4658752581587	
    Magnitude of W:	57939.638008551	
    Magnitude of B_grad:	0.39428659211733	
    Magnitude of b:	6.5562065234155	

	
SGD: Loss is	
	LOSS:Calculated softmax res	
143544.84842523	
SGD: crossEntropyLoss is	
143544.84842523	
SGD: Validation Accuracy is:	
0.30517711171662	
SGD: Magnitude of W:	
57939.638008551	
SGD: Magnitude of b:	
6.5562065234155	
    Current index:	9501	
    Magnitude of W_grad:	6.8370761092567	
    Magnitude of W:	57934.664337182	
    Magnitude of B_grad:	0.09565527172962	
    Magnitude of b:	6.4390078638355	

	
    Current index:	19501	
    Magnitude of W_grad:	6.2231154845548	
    Magnitude of W:	57928.542440213	
    Magnitude of B_grad:	0.15000416744675	
    Magnitude of b:	6.4179438488135	

	
    Current index:	29501	
    Magnitude of W_grad:	5.8704500209586	
    Magnitude of W:	57922.505614583	
    Magnitude of B_grad:	0.089788632736618	
    Magnitude of b:	6.7743501118805	

	
    Current index:	39501	
    Magnitude of W_grad:	7.6483913012119	
    Magnitude of W:	57916.283579726	
    Magnitude of B_grad:	0.34830863632548	
    Magnitude of b:	6.7224242998405	

	
    Current index:	49501	
    Magnitude of W_grad:	6.0906907686321	
    Magnitude of W:	57909.558083933	
    Magnitude of B_grad:	0.16082603023064	
    Magnitude of b:	6.5181307969274	

	
    Current index:	59501	
    Magnitude of W_grad:	6.0643501942214	
    Magnitude of W:	57904.174149886	
    Magnitude of B_grad:	0.092127552097651	
    Magnitude of b:	6.6583887391712	

	
    Current index:	69501	
    Magnitude of W_grad:	5.815527469995	
    Magnitude of W:	57898.318446987	
    Magnitude of B_grad:	0.064516589848835	
    Magnitude of b:	6.7108943780359	

	
    Current index:	79501	
    Magnitude of W_grad:	5.3899700381347	
    Magnitude of W:	57892.925085356	
    Magnitude of B_grad:	0.38854713918154	
    Magnitude of b:	6.5605399809054	

	
SGD: Loss is	
	LOSS:Calculated softmax res	
142637.59877374	
SGD: crossEntropyLoss is	
142637.59877374	
SGD: Validation Accuracy is:	
0.30517711171662	
SGD: Magnitude of W:	
57892.925085356	
SGD: Magnitude of b:	
6.5605399809054	
    Current index:	9501	
    Magnitude of W_grad:	6.7847599347626	
    Magnitude of W:	57888.06783581	
    Magnitude of B_grad:	0.095066705919062	
    Magnitude of b:	6.441315105513	

	
    Current index:	19501	
    Magnitude of W_grad:	6.1818321343924	
    Magnitude of W:	57882.044524594	
    Magnitude of B_grad:	0.14989149331478	
    Magnitude of b:	6.4195077434016	

	
    Current index:	29501	
    Magnitude of W_grad:	5.8325379415963	
    Magnitude of W:	57876.117019063	
    Magnitude of B_grad:	0.088683048510529	
    Magnitude of b:	6.770503102795	

	
    Current index:	39501	
    Magnitude of W_grad:	7.5893269380046	
    Magnitude of W:	57869.994687098	
    Magnitude of B_grad:	0.34531724551071	
    Magnitude of b:	6.7241556689165	

	
    Current index:	49501	
    Magnitude of W_grad:	6.0435026428979	
    Magnitude of W:	57863.389014872	
    Magnitude of B_grad:	0.15855481599198	
    Magnitude of b:	6.5199049445446	

	
    Current index:	59501	
    Magnitude of W_grad:	6.0273746230933	
    Magnitude of W:	57858.119570435	
    Magnitude of B_grad:	0.091742387005862	
    Magnitude of b:	6.6603197847115	

	
    Current index:	69501	
    Magnitude of W_grad:	5.7729190401175	
    Magnitude of W:	57852.340994932	
    Magnitude of B_grad:	0.063026453210274	
    Magnitude of b:	6.7121355893744	

	
    Current index:	79501	
    Magnitude of W_grad:	5.3175483231704	
    Magnitude of W:	57847.011693448	
    Magnitude of B_grad:	0.38302279977461	
    Magnitude of b:	6.5647706696114	

	
SGD: Loss is	
	LOSS:Calculated softmax res	
141753.20672106	
SGD: crossEntropyLoss is	
141753.20672106	
SGD: Validation Accuracy is:	
0.30790190735695	
SGD: Magnitude of W:	
57847.011693448	
SGD: Magnitude of b:	
6.5647706696114	
    Current index:	9501	
    Magnitude of W_grad:	6.7343240854841	
    Magnitude of W:	57842.232608193	
    Magnitude of B_grad:	0.094489851163874	
    Magnitude of b:	6.4435883744833	

	
    Current index:	19501	
    Magnitude of W_grad:	6.1417381933496	
    Magnitude of W:	57836.285181357	
    Magnitude of B_grad:	0.14978267095559	
    Magnitude of b:	6.4210353407688	

	
    Current index:	29501	
    Magnitude of W_grad:	5.7949801678655	
    Magnitude of W:	57830.442342139	
    Magnitude of B_grad:	0.087609062024316	
    Magnitude of b:	6.7667437556458	

	
    Current index:	39501	
    Magnitude of W_grad:	7.5324407458176	
    Magnitude of W:	57824.424775289	
    Magnitude of B_grad:	0.34242498167956	
    Magnitude of b:	6.7258841591521	

	
    Current index:	49501	
    Magnitude of W_grad:	5.9973359431048	
    Magnitude of W:	57817.907880919	
    Magnitude of B_grad:	0.15631905283346	
    Magnitude of b:	6.5216907504053	

	
    Current index:	59501	
    Magnitude of W_grad:	5.9908209627475	
    Magnitude of W:	57812.747196409	
    Magnitude of B_grad:	0.091394155997211	
    Magnitude of b:	6.6622024340938	

	
    Current index:	69501	
    Magnitude of W_grad:	5.7314243321419	
    Magnitude of W:	57807.052898246	
    Magnitude of B_grad:	0.061543461688501	
    Magnitude of b:	6.7133976038276	

	
    Current index:	79501	
    Magnitude of W_grad:	5.2483411055242	
    Magnitude of W:	57801.802319846	
    Magnitude of B_grad:	0.37770432600577	
    Magnitude of b:	6.5688961201944	

	
SGD: Loss is	
	LOSS:Calculated softmax res	
140890.76598466	
SGD: crossEntropyLoss is	
140890.76598466	
SGD: Validation Accuracy is:	
0.30881017257039	
SGD: Magnitude of W:	
57801.802319846	
SGD: Magnitude of b:	
6.5688961201944	
    Current index:	9501	
    Magnitude of W_grad:	6.6850619803292	
    Magnitude of W:	57797.08990758	
    Magnitude of B_grad:	0.093925731710732	
    Magnitude of b:	6.4458230732369	

	
    Current index:	19501	
    Magnitude of W_grad:	6.1024765364473	
    Magnitude of W:	57791.24276213	
    Magnitude of B_grad:	0.14967937683234	
    Magnitude of b:	6.422523263216	

	
    Current index:	29501	
    Magnitude of W_grad:	5.7577453829928	
    Magnitude of W:	57785.487459628	
    Magnitude of B_grad:	0.08656491338162	
    Magnitude of b:	6.7630670754954	

	
    Current index:	39501	
    Magnitude of W_grad:	7.4765907286039	
    Magnitude of W:	57779.589142763	
    Magnitude of B_grad:	0.33962954318119	
    Magnitude of b:	6.7276017142427	

	
    Current index:	49501	
    Magnitude of W_grad:	5.9523011375989	
    Magnitude of W:	57773.222088592	
    Magnitude of B_grad:	0.15411944829872	
    Magnitude of b:	6.5234841664317	

	
    Current index:	59501	
    Magnitude of W_grad:	5.9548343894933	
    Magnitude of W:	57768.119730425	
    Magnitude of B_grad:	0.091081389583182	
    Magnitude of b:	6.6640350966058	

	
    Current index:	69501	
    Magnitude of W_grad:	5.6908181548177	
    Magnitude of W:	57762.52458665	
    Magnitude of B_grad:	0.060067491859301	
    Magnitude of b:	6.7146741349123	

	
    Current index:	79501	
    Magnitude of W_grad:	5.1813739479828	
    Magnitude of W:	57757.373352868	
    Magnitude of B_grad:	0.37258290657107	
    Magnitude of b:	6.5729146250467	

	
SGD: Loss is	
	LOSS:Calculated softmax res	
140049.42407373	
SGD: crossEntropyLoss is	
140049.42407373	
SGD: Validation Accuracy is:	
0.30971843778383	
SGD: Magnitude of W:	
57757.373352868	
SGD: Magnitude of b:	
6.5729146250467	
    Current index:	9501	
    Magnitude of W_grad:	6.6363215745536	
    Magnitude of W:	57752.784382264	
    Magnitude of B_grad:	0.093375254092619	
    Magnitude of b:	6.4480156628308	

	
    Current index:	19501	
    Magnitude of W_grad:	6.0639764361682	
    Magnitude of W:	57747.054914534	
    Magnitude of B_grad:	0.14958288996526	
    Magnitude of b:	6.423968913252	

	
    Current index:	29501	
    Magnitude of W_grad:	5.7210941912055	
    Magnitude of W:	57741.38995911	
    Magnitude of B_grad:	0.085549056077092	
    Magnitude of b:	6.7594688156264	

	
    Current index:	39501	
    Magnitude of W_grad:	7.4218701471036	
    Magnitude of W:	57735.559793846	
    Magnitude of B_grad:	0.33692826701129	
    Magnitude of b:	6.729301440597	

	
    Current index:	49501	
    Magnitude of W_grad:	5.9082290274892	
    Magnitude of W:	57729.266821208	
    Magnitude of B_grad:	0.15195647352952	
    Magnitude of b:	6.5252817161463	

	
    Current index:	59501	
    Magnitude of W_grad:	5.9195697633987	
    Magnitude of W:	57724.210337807	
    Magnitude of B_grad:	0.090802671546853	
    Magnitude of b:	6.6658167792412	

	
    Current index:	69501	
    Magnitude of W_grad:	5.6511549835254	
    Magnitude of W:	57718.683649175	
    Magnitude of B_grad:	0.058598531990522	
    Magnitude of b:	6.7159599129997	

	
    Current index:	79501	
    Magnitude of W_grad:	5.1166726458642	
    Magnitude of W:	57713.589062962	
    Magnitude of B_grad:	0.36765016628075	
    Magnitude of b:	6.5768251953528	

	
SGD: Loss is	
	LOSS:Calculated softmax res	
139228.37771816	
SGD: crossEntropyLoss is	
139228.37771816	
SGD: Validation Accuracy is:	
0.31062670299728	
SGD: Magnitude of W:	
57713.589062962	
SGD: Magnitude of b:	
6.5768251953528	
    Current index:	9501	
    Magnitude of W_grad:	6.5921029182379	
    Magnitude of W:	57709.07142758	
    Magnitude of B_grad:	0.092839189318754	
    Magnitude of b:	6.4501635150045	

	
    Current index:	19501	
    Magnitude of W_grad:	6.0263807842908	
    Magnitude of W:	57703.430278531	
    Magnitude of B_grad:	0.14949414847873	
    Magnitude of b:	6.4253703968166	

	
    Current index:	29501	
    Magnitude of W_grad:	5.6851983245935	
    Magnitude of W:	57697.861811308	
    Magnitude of B_grad:	0.084560133253068	
    Magnitude of b:	6.755945334545	

	
    Current index:	39501	
    Magnitude of W_grad:	7.3684408947885	
    Magnitude of W:	57692.081316327	
    Magnitude of B_grad:	0.3343182090267	
    Magnitude of b:	6.7309775145518	

	
    Current index:	49501	
    Magnitude of W_grad:	5.8651377564196	
    Magnitude of W:	57685.937143034	
    Magnitude of B_grad:	0.14983038773838	
    Magnitude of b:	6.5270804039375	

	
    Current index:	59501	
    Magnitude of W_grad:	5.8847386873857	
    Magnitude of W:	57680.98949268	
    Magnitude of B_grad:	0.090556590252774	
    Magnitude of b:	6.6675469917901	

	
    Current index:	69501	
    Magnitude of W_grad:	5.6125459010833	
    Magnitude of W:	57675.520955583	
    Magnitude of B_grad:	0.057136665863829	
    Magnitude of b:	6.7172505631682	

	
    Current index:	79501	
    Magnitude of W_grad:	5.0539673772222	
    Magnitude of W:	57670.466078567	
    Magnitude of B_grad:	0.36289815420663	
    Magnitude of b:	6.580627526914	

	
SGD: Loss is	
	LOSS:Calculated softmax res	
138426.86879931	
SGD: crossEntropyLoss is	
138426.86879931	
SGD: Validation Accuracy is:	
0.31062670299728	
SGD: Magnitude of W:	
57670.466078567	
SGD: Magnitude of b:	
6.580627526914	
    Current index:	9501	
    Magnitude of W_grad:	6.5499087742562	
    Magnitude of W:	57666.07111504	
    Magnitude of B_grad:	0.092318167904152	
    Magnitude of b:	6.4522647925495	

	
    Current index:	19501	
    Magnitude of W_grad:	5.9899747060394	
    Magnitude of W:	57660.52302103	
    Magnitude of B_grad:	0.14941380261717	
    Magnitude of b:	6.426726463518	

	
    Current index:	29501	
    Magnitude of W_grad:	5.6496801167594	
    Magnitude of W:	57655.033907233	
    Magnitude of B_grad:	0.083596954031591	
    Magnitude of b:	6.7524934761026	

	
    Current index:	39501	
    Magnitude of W_grad:	7.3159547461265	
    Magnitude of W:	57649.360723533	
    Magnitude of B_grad:	0.3317962148468	
    Magnitude of b:	6.7326251036548	

	
    Current index:	49501	
    Magnitude of W_grad:	5.8230254015157	
    Magnitude of W:	57643.328492972	
    Magnitude of B_grad:	0.14774126541423	
    Magnitude of b:	6.5288776510908	

	
    Current index:	59501	
    Magnitude of W_grad:	5.8505740053049	
    Magnitude of W:	57638.460552474	
    Magnitude of B_grad:	0.090341704000109	
    Magnitude of b:	6.6692256718332	

	
    Current index:	69501	
    Magnitude of W_grad:	5.5746692505553	
    Magnitude of W:	57633.115033563	
    Magnitude of B_grad:	0.0556820584541	
    Magnitude of b:	6.7185424984757	

	
    Current index:	79501	
    Magnitude of W_grad:	4.9931638761016	
    Magnitude of W:	57628.145075086	
    Magnitude of B_grad:	0.35831932472458	
    Magnitude of b:	6.5843219681394	

	
Done.	
Testing on validation set...	
Done	
Datafile:	/n/home09/ankitgupta/CS287/HW1/SST1-uni.hdf5	Classifier:	lr	Alpha:	0	Eta:	0.5	Lambda:	0.1	Minibatch size:	500	Num Epochs:	50	Minimum Sentence Length:	5	
Accuracy:	0.31153496821072	
