[?1034hDatafile:	/n/home09/ankitgupta/CS287/HW1/SST1-uni-sent-syns.hdf5	Classifier:	lr	Alpha:	0	Eta:	2	Lambda:	1	Minibatch size:	500	Num Epochs:	15	Minimum Sentence Length:	5	
Note that not all parameters may apply to all classifiers	
Loading datafiles...	
Number of training samples before removing small sentences	156817	
Number of training samples after removing small sentences	146614	
Done.	
Training classifier...	
SGD: Loss is	
	LOSS:Calculated softmax res	
1123198.1413726	
SGD: crossEntropyLoss is	
1123198.1413726	
SGD: Validation Accuracy is:	
0.19800181653043	
SGD: Magnitude of W:	
185104.30163397	
SGD: Magnitude of b:	
5.0633735895033	
    Current index:	9501	
    Magnitude of W_grad:	36.803245395904	
    Magnitude of W:	184924.73340053	
    Magnitude of B_grad:	0.26314194843316	
    Magnitude of b:	9.5254782609312	

	
    Current index:	19501	
    Magnitude of W_grad:	34.348845382501	
    Magnitude of W:	184751.5821923	
    Magnitude of B_grad:	0.16399286559577	
    Magnitude of b:	11.152961496016	

	
    Current index:	29501	
    Magnitude of W_grad:	37.810078907049	
    Magnitude of W:	184603.83805107	
    Magnitude of B_grad:	0.27667255577487	
    Magnitude of b:	10.84046460611	

	
    Current index:	39501	
    Magnitude of W_grad:	39.011468170684	
    Magnitude of W:	184463.67774922	
    Magnitude of B_grad:	0.14046366447048	
    Magnitude of b:	11.418537662226	

	
    Current index:	49501	
    Magnitude of W_grad:	35.821225305576	
    Magnitude of W:	184321.45128375	
    Magnitude of B_grad:	0.1036984272115	
    Magnitude of b:	11.413987526098	

	
    Current index:	59501	
    Magnitude of W_grad:	41.67713787638	
    Magnitude of W:	184185.00519501	
    Magnitude of B_grad:	0.1884243708799	
    Magnitude of b:	12.572459904115	

	
    Current index:	69501	
    Magnitude of W_grad:	43.999248024454	
    Magnitude of W:	184049.82959268	
    Magnitude of B_grad:	0.23176348137691	
    Magnitude of b:	12.875941202538	

	
    Current index:	79501	
    Magnitude of W_grad:	42.739565666324	
    Magnitude of W:	183905.86053721	
    Magnitude of B_grad:	0.25426955675993	
    Magnitude of b:	11.910379347846	

	
    Current index:	89501	
    Magnitude of W_grad:	43.816478659838	
    Magnitude of W:	183755.08229675	
    Magnitude of B_grad:	0.20861128529336	
    Magnitude of b:	11.557126639863	

	
    Current index:	99501	
    Magnitude of W_grad:	35.70525797104	
    Magnitude of W:	183615.46024301	
    Magnitude of B_grad:	0.26996110801639	
    Magnitude of b:	12.156110236849	

	
    Current index:	109501	
    Magnitude of W_grad:	39.976818066845	
    Magnitude of W:	183485.20223415	
    Magnitude of B_grad:	0.32176562768493	
    Magnitude of b:	11.924807610158	

	
    Current index:	119501	
    Magnitude of W_grad:	46.93030447875	
    Magnitude of W:	183357.01925606	
    Magnitude of B_grad:	0.14964505644566	
    Magnitude of b:	11.993475344943	

	
    Current index:	129501	
    Magnitude of W_grad:	41.255440916647	
    Magnitude of W:	183228.66932037	
    Magnitude of B_grad:	0.21278075428416	
    Magnitude of b:	11.68764088795	

	
    Current index:	139501	
    Magnitude of W_grad:	35.187165274608	
    Magnitude of W:	183102.71081572	
    Magnitude of B_grad:	0.10399295297432	
    Magnitude of b:	12.071604174156	

	
SGD: Loss is	
	LOSS:Calculated softmax res	
593938.93174006	
SGD: crossEntropyLoss is	
593938.93174006	
SGD: Validation Accuracy is:	
0.27338782924614	
SGD: Magnitude of W:	
183020.71998326	
SGD: Magnitude of b:	
9.9967899075191	
    Current index:	9501	
    Magnitude of W_grad:	34.361054587028	
    Magnitude of W:	182913.92042616	
    Magnitude of B_grad:	0.31207955986573	
    Magnitude of b:	10.532622295596	

	
    Current index:	19501	
    Magnitude of W_grad:	29.915296762997	
    Magnitude of W:	182798.44479515	
    Magnitude of B_grad:	0.14565279059144	
    Magnitude of b:	11.400100550519	

	
    Current index:	29501	
    Magnitude of W_grad:	28.884084484774	
    Magnitude of W:	182697.17936098	
    Magnitude of B_grad:	0.22038098494008	
    Magnitude of b:	11.495417755647	

	
    Current index:	39501	
    Magnitude of W_grad:	33.731081218747	
    Magnitude of W:	182594.16118559	
    Magnitude of B_grad:	0.061744011367455	
    Magnitude of b:	11.724621666063	

	
    Current index:	49501	
    Magnitude of W_grad:	30.682209691439	
    Magnitude of W:	182487.5418636	
    Magnitude of B_grad:	0.053330876837946	
    Magnitude of b:	11.649498673079	

	
    Current index:	59501	
    Magnitude of W_grad:	39.801601503503	
    Magnitude of W:	182381.55039096	
    Magnitude of B_grad:	0.2499348035483	
    Magnitude of b:	12.151096649681	

	
    Current index:	69501	
    Magnitude of W_grad:	40.024803064284	
    Magnitude of W:	182275.51769804	
    Magnitude of B_grad:	0.17949697961921	
    Magnitude of b:	12.604085969361	

	
    Current index:	79501	
    Magnitude of W_grad:	29.919757391894	
    Magnitude of W:	182167.44026899	
    Magnitude of B_grad:	0.12837970641398	
    Magnitude of b:	11.804490477413	

	
    Current index:	89501	
    Magnitude of W_grad:	37.225972279905	
    Magnitude of W:	182052.31380124	
    Magnitude of B_grad:	0.16726156240059	
    Magnitude of b:	11.550950834531	

	
    Current index:	99501	
    Magnitude of W_grad:	34.860537505924	
    Magnitude of W:	181946.59980422	
    Magnitude of B_grad:	0.28128221275307	
    Magnitude of b:	11.822828639872	

	
    Current index:	109501	
    Magnitude of W_grad:	33.66442246992	
    Magnitude of W:	181846.47834318	
    Magnitude of B_grad:	0.25086313110473	
    Magnitude of b:	11.462445895365	

	
    Current index:	119501	
    Magnitude of W_grad:	33.182563573328	
    Magnitude of W:	181743.55210916	
    Magnitude of B_grad:	0.10472424781504	
    Magnitude of b:	11.638286035349	

	
    Current index:	129501	
    Magnitude of W_grad:	39.454722458038	
    Magnitude of W:	181641.58375807	
    Magnitude of B_grad:	0.31263856025503	
    Magnitude of b:	11.503646013777	

	
    Current index:	139501	
    Magnitude of W_grad:	33.013883857299	
    Magnitude of W:	181540.26024815	
    Magnitude of B_grad:	0.11808942203618	
    Magnitude of b:	11.654543667399	

	
SGD: Loss is	
	LOSS:Calculated softmax res	
494100.05406055	
SGD: crossEntropyLoss is	
494100.05406055	
SGD: Validation Accuracy is:	
0.29518619436876	
SGD: Magnitude of W:	
181471.52566923	
SGD: Magnitude of b:	
10.109319221366	
    Current index:	9501	
    Magnitude of W_grad:	33.220684676366	
    Magnitude of W:	181378.57363709	
    Magnitude of B_grad:	0.26205809490903	
    Magnitude of b:	10.607559288937	

	
    Current index:	19501	
    Magnitude of W_grad:	25.448375151152	
    Magnitude of W:	181279.85182348	
    Magnitude of B_grad:	0.14970361738357	
    Magnitude of b:	11.02785255733	

	
    Current index:	29501	
    Magnitude of W_grad:	25.837988870733	
    Magnitude of W:	181190.78648559	
    Magnitude of B_grad:	0.10903641349366	
    Magnitude of b:	11.16200104099	

	
    Current index:	39501	
    Magnitude of W_grad:	28.88660940627	
    Magnitude of W:	181101.96454658	
    Magnitude of B_grad:	0.05997883126156	
    Magnitude of b:	11.418194665691	

	
    Current index:	49501	
    Magnitude of W_grad:	27.399067490039	
    Magnitude of W:	181009.67668521	
    Magnitude of B_grad:	0.053265723214319	
    Magnitude of b:	11.197706408227	

	
    Current index:	59501	
    Magnitude of W_grad:	31.723572214498	
    Magnitude of W:	180915.11838519	
    Magnitude of B_grad:	0.17023976068542	
    Magnitude of b:	11.698052803757	

	
    Current index:	69501	
    Magnitude of W_grad:	35.667730733103	
    Magnitude of W:	180823.43270772	
    Magnitude of B_grad:	0.15130552420571	
    Magnitude of b:	12.077714065929	

	
    Current index:	79501	
    Magnitude of W_grad:	28.683108425426	
    Magnitude of W:	180729.17955969	
    Magnitude of B_grad:	0.14175614418675	
    Magnitude of b:	11.308206555416	

	
    Current index:	89501	
    Magnitude of W_grad:	33.324638653701	
    Magnitude of W:	180629.11039997	
    Magnitude of B_grad:	0.071317128278328	
    Magnitude of b:	11.1555864119	

	
    Current index:	99501	
    Magnitude of W_grad:	32.104314033909	
    Magnitude of W:	180539.11518523	
    Magnitude of B_grad:	0.27767028441757	
    Magnitude of b:	11.380956209549	

	
    Current index:	109501	
    Magnitude of W_grad:	31.552238343389	
    Magnitude of W:	180449.69296235	
    Magnitude of B_grad:	0.21497954615847	
    Magnitude of b:	11.074910910909	

	
    Current index:	119501	
    Magnitude of W_grad:	30.728315764997	
    Magnitude of W:	180358.09406439	
    Magnitude of B_grad:	0.12287573733215	
    Magnitude of b:	11.328369473858	

	
    Current index:	129501	
    Magnitude of W_grad:	35.753866164456	
    Magnitude of W:	180268.45500804	
    Magnitude of B_grad:	0.27731692582872	
    Magnitude of b:	11.221093825285	

	
    Current index:	139501	
    Magnitude of W_grad:	31.246727501129	
    Magnitude of W:	180180.8581179	
    Magnitude of B_grad:	0.088220422142083	
    Magnitude of b:	11.285633272159	

	
SGD: Loss is	
	LOSS:Calculated softmax res	
441729.13964339	
SGD: crossEntropyLoss is	
441729.13964339	
SGD: Validation Accuracy is:	
0.30336058128974	
SGD: Magnitude of W:	
180121.45040421	
SGD: Magnitude of b:	
9.8860054576116	
    Current index:	9501	
    Magnitude of W_grad:	31.679179641506	
    Magnitude of W:	180037.26395459	
    Magnitude of B_grad:	0.23961453876819	
    Magnitude of b:	10.378522011854	

	
    Current index:	19501	
    Magnitude of W_grad:	23.516391288522	
    Magnitude of W:	179948.02927708	
    Magnitude of B_grad:	0.14462467539638	
    Magnitude of b:	10.616818123512	

	
    Current index:	29501	
    Magnitude of W_grad:	23.136292761622	
    Magnitude of W:	179867.17716002	
    Magnitude of B_grad:	0.07666352699333	
    Magnitude of b:	10.857438712419	

	
    Current index:	39501	
    Magnitude of W_grad:	26.490128816096	
    Magnitude of W:	179784.63293512	
    Magnitude of B_grad:	0.044406011320674	
    Magnitude of b:	11.026018275444	

	
    Current index:	49501	
    Magnitude of W_grad:	24.988268106645	
    Magnitude of W:	179700.3173866	
    Magnitude of B_grad:	0.069615720821945	
    Magnitude of b:	10.727309378456	

	
    Current index:	59501	
    Magnitude of W_grad:	27.367015248462	
    Magnitude of W:	179613.20310456	
    Magnitude of B_grad:	0.092425048854017	
    Magnitude of b:	11.3230448563	

	
    Current index:	69501	
    Magnitude of W_grad:	32.774143140213	
    Magnitude of W:	179530.56527519	
    Magnitude of B_grad:	0.15912620127898	
    Magnitude of b:	11.585205687652	

	
    Current index:	79501	
    Magnitude of W_grad:	27.843986418882	
    Magnitude of W:	179445.46574431	
    Magnitude of B_grad:	0.12735552863023	
    Magnitude of b:	10.903125129058	

	
    Current index:	89501	
    Magnitude of W_grad:	30.87604659897	
    Magnitude of W:	179356.07032627	
    Magnitude of B_grad:	0.089908032238528	
    Magnitude of b:	10.743665436461	

	
    Current index:	99501	
    Magnitude of W_grad:	29.545902178182	
    Magnitude of W:	179274.59970452	
    Magnitude of B_grad:	0.246922966643	
    Magnitude of b:	11.04159135469	

	
    Current index:	109501	
    Magnitude of W_grad:	30.856756365077	
    Magnitude of W:	179193.68903788	
    Magnitude of B_grad:	0.21000250916652	
    Magnitude of b:	10.801044742871	

	
    Current index:	119501	
    Magnitude of W_grad:	28.373910711569	
    Magnitude of W:	179108.68653714	
    Magnitude of B_grad:	0.1196342387778	
    Magnitude of b:	11.060461623233	

	
    Current index:	129501	
    Magnitude of W_grad:	32.461785547583	
    Magnitude of W:	179027.03997592	
    Magnitude of B_grad:	0.24808059090782	
    Magnitude of b:	10.949145857464	

	
    Current index:	139501	
    Magnitude of W_grad:	30.546626148319	
    Magnitude of W:	178946.10550402	
    Magnitude of B_grad:	0.058871096691199	
    Magnitude of b:	10.997849025036	

	
SGD: Loss is	
	LOSS:Calculated softmax res	
409841.22737956	
SGD: crossEntropyLoss is	
409841.22737956	
SGD: Validation Accuracy is:	
0.31516802906449	
SGD: Magnitude of W:	
178891.01440477	
SGD: Magnitude of b:	
9.6861136782136	
    Current index:	9501	
    Magnitude of W_grad:	29.13004616546	
    Magnitude of W:	178812.35659763	
    Magnitude of B_grad:	0.2120698529702	
    Magnitude of b:	10.125289489959	

	
    Current index:	19501	
    Magnitude of W_grad:	22.385602729665	
    Magnitude of W:	178730.96554644	
    Magnitude of B_grad:	0.12455471810077	
    Magnitude of b:	10.281807997865	

	
    Current index:	29501	
    Magnitude of W_grad:	21.085934676918	
    Magnitude of W:	178655.72607572	
    Magnitude of B_grad:	0.077391609508317	
    Magnitude of b:	10.569857833459	

	
    Current index:	39501	
    Magnitude of W_grad:	23.962523942826	
    Magnitude of W:	178579.06858658	
    Magnitude of B_grad:	0.04842665956682	
    Magnitude of b:	10.674504336886	

	
    Current index:	49501	
    Magnitude of W_grad:	23.500993792993	
    Magnitude of W:	178501.7178068	
    Magnitude of B_grad:	0.088512172910437	
    Magnitude of b:	10.379581678484	

	
    Current index:	59501	
    Magnitude of W_grad:	23.599439534884	
    Magnitude of W:	178420.49611784	
    Magnitude of B_grad:	0.069934241101365	
    Magnitude of b:	11.003237093246	

	
    Current index:	69501	
    Magnitude of W_grad:	31.102798473321	
    Magnitude of W:	178343.84140618	
    Magnitude of B_grad:	0.16636300020068	
    Magnitude of b:	11.219800614143	

	
    Current index:	79501	
    Magnitude of W_grad:	25.916936150136	
    Magnitude of W:	178264.39125929	
    Magnitude of B_grad:	0.10822729274883	
    Magnitude of b:	10.603046282238	

	
    Current index:	89501	
    Magnitude of W_grad:	31.229559365198	
    Magnitude of W:	178180.98067025	
    Magnitude of B_grad:	0.12355378493301	
    Magnitude of b:	10.412280772176	

	
    Current index:	99501	
    Magnitude of W_grad:	28.649600457248	
    Magnitude of W:	178105.24157743	
    Magnitude of B_grad:	0.22652137998202	
    Magnitude of b:	10.773162238961	

	
    Current index:	109501	
    Magnitude of W_grad:	29.335163358775	
    Magnitude of W:	178029.85026307	
    Magnitude of B_grad:	0.19946648960145	
    Magnitude of b:	10.569393795705	

	
    Current index:	119501	
    Magnitude of W_grad:	26.712448789623	
    Magnitude of W:	177949.72416758	
    Magnitude of B_grad:	0.13317739230494	
    Magnitude of b:	10.822419302401	

	
    Current index:	129501	
    Magnitude of W_grad:	31.10565540408	
    Magnitude of W:	177873.72362613	
    Magnitude of B_grad:	0.23535848023666	
    Magnitude of b:	10.704724795349	

	
    Current index:	139501	
    Magnitude of W_grad:	29.104458590039	
    Magnitude of W:	177798.62474901	
    Magnitude of B_grad:	0.053736997393766	
    Magnitude of b:	10.764481657359	

	
SGD: Loss is	
	LOSS:Calculated softmax res	
387762.25357238	
SGD: crossEntropyLoss is	
387762.25357238	
SGD: Validation Accuracy is:	
0.3133514986376	
SGD: Magnitude of W:	
177747.11568394	
SGD: Magnitude of b:	
9.4574992611321	
    Current index:	9501	
    Magnitude of W_grad:	26.694675680305	
    Magnitude of W:	177673.515918	
    Magnitude of B_grad:	0.19288388516535	
    Magnitude of b:	9.9189764434288	

	
    Current index:	19501	
    Magnitude of W_grad:	21.632860736533	
    Magnitude of W:	177597.65807149	
    Magnitude of B_grad:	0.11778952720532	
    Magnitude of b:	10.077178898993	

	
    Current index:	29501	
    Magnitude of W_grad:	19.640933637695	
    Magnitude of W:	177526.07073923	
    Magnitude of B_grad:	0.075437813895681	
    Magnitude of b:	10.324071768809	

	
    Current index:	39501	
    Magnitude of W_grad:	21.821036848056	
    Magnitude of W:	177453.47291303	
    Magnitude of B_grad:	0.056631238160015	
    Magnitude of b:	10.382119235889	

	
    Current index:	49501	
    Magnitude of W_grad:	21.689913206372	
    Magnitude of W:	177380.60793099	
    Magnitude of B_grad:	0.092675144658031	
    Magnitude of b:	10.143471800215	

	
    Current index:	59501	
    Magnitude of W_grad:	22.315096693741	
    Magnitude of W:	177303.79055357	
    Magnitude of B_grad:	0.089445455632829	
    Magnitude of b:	10.75895500394	

	
    Current index:	69501	
    Magnitude of W_grad:	29.76492164671	
    Magnitude of W:	177230.91516139	
    Magnitude of B_grad:	0.17008725564971	
    Magnitude of b:	10.927919368575	

	
    Current index:	79501	
    Magnitude of W_grad:	24.474403267506	
    Magnitude of W:	177155.29643414	
    Magnitude of B_grad:	0.096447480761915	
    Magnitude of b:	10.373131303447	

	
    Current index:	89501	
    Magnitude of W_grad:	29.80369288757	
    Magnitude of W:	177076.38574526	
    Magnitude of B_grad:	0.13749875262203	
    Magnitude of b:	10.158776359713	

	
    Current index:	99501	
    Magnitude of W_grad:	28.368622358385	
    Magnitude of W:	177004.5291325	
    Magnitude of B_grad:	0.21445911094622	
    Magnitude of b:	10.543888617642	

	
    Current index:	109501	
    Magnitude of W_grad:	28.305993432724	
    Magnitude of W:	176933.68866413	
    Magnitude of B_grad:	0.20307481969507	
    Magnitude of b:	10.380443964487	

	
    Current index:	119501	
    Magnitude of W_grad:	25.444188149878	
    Magnitude of W:	176857.34605109	
    Magnitude of B_grad:	0.15321230959738	
    Magnitude of b:	10.634165356477	

	
    Current index:	129501	
    Magnitude of W_grad:	30.193572731791	
    Magnitude of W:	176784.48102377	
    Magnitude of B_grad:	0.22397700050482	
    Magnitude of b:	10.508157980676	

	
    Current index:	139501	
    Magnitude of W_grad:	28.350513781349	
    Magnitude of W:	176713.73773697	
    Magnitude of B_grad:	0.073652302811366	
    Magnitude of b:	10.592246267221	

	
SGD: Loss is	
	LOSS:Calculated softmax res	
369363.59377851	
SGD: crossEntropyLoss is	
369363.59377851	
SGD: Validation Accuracy is:	
0.32515894641235	
SGD: Magnitude of W:	
176665.10825858	
SGD: Magnitude of b:	
9.3143930860909	
    Current index:	9501	
    Magnitude of W_grad:	24.577860435093	
    Magnitude of W:	176595.33393206	
    Magnitude of B_grad:	0.1823193103847	
    Magnitude of b:	9.7571495333731	

	
    Current index:	19501	
    Magnitude of W_grad:	20.866889896743	
    Magnitude of W:	176523.60833043	
    Magnitude of B_grad:	0.11052325024931	
    Magnitude of b:	9.9262555183883	

	
    Current index:	29501	
    Magnitude of W_grad:	18.445545370059	
    Magnitude of W:	176454.98752571	
    Magnitude of B_grad:	0.066506580226953	
    Magnitude of b:	10.133209250655	

	
    Current index:	39501	
    Magnitude of W_grad:	20.519886567245	
    Magnitude of W:	176385.09620352	
    Magnitude of B_grad:	0.069203649355574	
    Magnitude of b:	10.183431032309	

	
    Current index:	49501	
    Magnitude of W_grad:	20.007462891465	
    Magnitude of W:	176315.61403476	
    Magnitude of B_grad:	0.088319877858561	
    Magnitude of b:	9.9965330726999	

	
    Current index:	59501	
    Magnitude of W_grad:	21.440859699942	
    Magnitude of W:	176242.07120258	
    Magnitude of B_grad:	0.10629040116844	
    Magnitude of b:	10.59752963396	

	
    Current index:	69501	
    Magnitude of W_grad:	28.479587022095	
    Magnitude of W:	176172.59657433	
    Magnitude of B_grad:	0.16592152540972	
    Magnitude of b:	10.721415899057	

	
    Current index:	79501	
    Magnitude of W_grad:	23.044831363979	
    Magnitude of W:	176100.77713121	
    Magnitude of B_grad:	0.098413616220368	
    Magnitude of b:	10.232297132533	

	
    Current index:	89501	
    Magnitude of W_grad:	28.314385148654	
    Magnitude of W:	176026.15926791	
    Magnitude of B_grad:	0.14548461108805	
    Magnitude of b:	9.9982513000713	

	
    Current index:	99501	
    Magnitude of W_grad:	27.798525432248	
    Magnitude of W:	175957.02000867	
    Magnitude of B_grad:	0.20184550136603	
    Magnitude of b:	10.369500371676	

	
    Current index:	109501	
    Magnitude of W_grad:	27.395805747872	
    Magnitude of W:	175889.38618814	
    Magnitude of B_grad:	0.20496758095826	
    Magnitude of b:	10.241847576569	

	
    Current index:	119501	
    Magnitude of W_grad:	24.484999192534	
    Magnitude of W:	175815.79924866	
    Magnitude of B_grad:	0.16552315285743	
    Magnitude of b:	10.492293636485	

	
    Current index:	129501	
    Magnitude of W_grad:	28.42126172782	
    Magnitude of W:	175745.45013263	
    Magnitude of B_grad:	0.19670477637484	
    Magnitude of b:	10.351195898169	

	
    Current index:	139501	
    Magnitude of W_grad:	27.997377240003	
    Magnitude of W:	175677.86363478	
    Magnitude of B_grad:	0.084689789257357	
    Magnitude of b:	10.461920385583	

	
SGD: Loss is	
	LOSS:Calculated softmax res	
354564.83953351	
SGD: crossEntropyLoss is	
354564.83953351	
SGD: Validation Accuracy is:	
0.33333333333333	
SGD: Magnitude of W:	
175631.10240516	
SGD: Magnitude of b:	
9.1894950628691	
    Current index:	9501	
    Magnitude of W_grad:	22.788711305705	
    Magnitude of W:	175564.18008461	
    Magnitude of B_grad:	0.17348654636312	
    Magnitude of b:	9.6228187511777	

	
    Current index:	19501	
    Magnitude of W_grad:	20.255017509147	
    Magnitude of W:	175495.8212612	
    Magnitude of B_grad:	0.10395608796074	
    Magnitude of b:	9.8024523532542	

	
    Current index:	29501	
    Magnitude of W_grad:	17.351573101207	
    Magnitude of W:	175429.9349759	
    Magnitude of B_grad:	0.065723365867214	
    Magnitude of b:	9.9802813800796	

	
    Current index:	39501	
    Magnitude of W_grad:	19.965338511814	
    Magnitude of W:	175362.03950413	
    Magnitude of B_grad:	0.076355588976156	
    Magnitude of b:	10.031298136752	

	
    Current index:	49501	
    Magnitude of W_grad:	18.676393729092	
    Magnitude of W:	175295.2799602	
    Magnitude of B_grad:	0.083644278505775	
    Magnitude of b:	9.882371306398	

	
    Current index:	59501	
    Magnitude of W_grad:	20.877171364467	
    Magnitude of W:	175224.42232591	
    Magnitude of B_grad:	0.1205029401953	
    Magnitude of b:	10.469478699659	

	
    Current index:	69501	
    Magnitude of W_grad:	27.358685746192	
    Magnitude of W:	175158.02754352	
    Magnitude of B_grad:	0.15776256726413	
    Magnitude of b:	10.559892766136	

	
    Current index:	79501	
    Magnitude of W_grad:	21.776904001928	
    Magnitude of W:	175089.31519022	
    Magnitude of B_grad:	0.10146980117076	
    Magnitude of b:	10.131619949749	

	
    Current index:	89501	
    Magnitude of W_grad:	27.115153791277	
    Magnitude of W:	175017.79044148	
    Magnitude of B_grad:	0.14449040088906	
    Magnitude of b:	9.879008288008	

	
    Current index:	99501	
    Magnitude of W_grad:	26.56955817868	
    Magnitude of W:	174951.15017953	
    Magnitude of B_grad:	0.18678178112556	
    Magnitude of b:	10.223973321327	

	
    Current index:	109501	
    Magnitude of W_grad:	26.398435803303	
    Magnitude of W:	174885.95932016	
    Magnitude of B_grad:	0.2083011152866	
    Magnitude of b:	10.132349686105	

	
    Current index:	119501	
    Magnitude of W_grad:	23.728401456068	
    Magnitude of W:	174815.410494	
    Magnitude of B_grad:	0.17272562261933	
    Magnitude of b:	10.376670268934	

	
    Current index:	129501	
    Magnitude of W_grad:	27.192914760309	
    Magnitude of W:	174747.8146126	
    Magnitude of B_grad:	0.18165942050916	
    Magnitude of b:	10.232376782932	

	
    Current index:	139501	
    Magnitude of W_grad:	27.419105812502	
    Magnitude of W:	174683.15060616	
    Magnitude of B_grad:	0.082738724774148	
    Magnitude of b:	10.356674054906	

	
SGD: Loss is	
	LOSS:Calculated softmax res	
342013.2982685	
SGD: crossEntropyLoss is	
342013.2982685	
SGD: Validation Accuracy is:	
0.3369663941871	
SGD: Magnitude of W:	
174638.53747067	
SGD: Magnitude of b:	
9.0884323310422	
    Current index:	9501	
    Magnitude of W_grad:	21.153583991185	
    Magnitude of W:	174574.06425309	
    Magnitude of B_grad:	0.16237639504241	
    Magnitude of b:	9.5026858441406	

	
    Current index:	19501	
    Magnitude of W_grad:	19.596889025312	
    Magnitude of W:	174508.1907357	
    Magnitude of B_grad:	0.098551487673317	
    Magnitude of b:	9.7000512594758	

	
    Current index:	29501	
    Magnitude of W_grad:	16.446796507747	
    Magnitude of W:	174444.53864262	
    Magnitude of B_grad:	0.067137396002449	
    Magnitude of b:	9.8555564925879	

	
    Current index:	39501	
    Magnitude of W_grad:	19.76219345665	
    Magnitude of W:	174378.45619368	
    Magnitude of B_grad:	0.077355058605923	
    Magnitude of b:	9.9153879696753	

	
    Current index:	49501	
    Magnitude of W_grad:	17.752078594784	
    Magnitude of W:	174314.14026777	
    Magnitude of B_grad:	0.076823812735825	
    Magnitude of b:	9.7899746118991	

	
    Current index:	59501	
    Magnitude of W_grad:	20.616199067341	
    Magnitude of W:	174245.63854287	
    Magnitude of B_grad:	0.12864976345857	
    Magnitude of b:	10.367096773191	

	
    Current index:	69501	
    Magnitude of W_grad:	26.363799222787	
    Magnitude of W:	174181.32669133	
    Magnitude of B_grad:	0.14974468017294	
    Magnitude of b:	10.434069824097	

	
    Current index:	79501	
    Magnitude of W_grad:	20.774694280552	
    Magnitude of W:	174115.46117193	
    Magnitude of B_grad:	0.1017569670463	
    Magnitude of b:	10.054897592347	

	
    Current index:	89501	
    Magnitude of W_grad:	26.266007400825	
    Magnitude of W:	174046.89989739	
    Magnitude of B_grad:	0.13948353046641	
    Magnitude of b:	9.789654645962	

	
    Current index:	99501	
    Magnitude of W_grad:	25.724133046555	
    Magnitude of W:	173982.18298485	
    Magnitude of B_grad:	0.17247930912138	
    Magnitude of b:	10.110425059784	

	
    Current index:	109501	
    Magnitude of W_grad:	25.465737923762	
    Magnitude of W:	173919.51643984	
    Magnitude of B_grad:	0.21402929702405	
    Magnitude of b:	10.053306101043	

	
    Current index:	119501	
    Magnitude of W_grad:	23.495822135301	
    Magnitude of W:	173851.3102758	
    Magnitude of B_grad:	0.17679528328699	
    Magnitude of b:	10.285241981727	

	
    Current index:	129501	
    Magnitude of W_grad:	26.112082613694	
    Magnitude of W:	173786.85743086	
    Magnitude of B_grad:	0.1723374217468	
    Magnitude of b:	10.138718350049	

	
    Current index:	139501	
    Magnitude of W_grad:	26.605973855667	
    Magnitude of W:	173724.3445353	
    Magnitude of B_grad:	0.071559553464441	
    Magnitude of b:	10.27088904451	

	
SGD: Loss is	
	LOSS:Calculated softmax res	
331189.90333242	
SGD: crossEntropyLoss is	
331189.90333242	
SGD: Validation Accuracy is:	
0.33969118982743	
SGD: Magnitude of W:	
173681.03641956	
SGD: Magnitude of b:	
9.0051562577874	
    Current index:	9501	
    Magnitude of W_grad:	19.764171163213	
    Magnitude of W:	173618.65448448	
    Magnitude of B_grad:	0.14910006707244	
    Magnitude of b:	9.3972825746739	

	
    Current index:	19501	
    Magnitude of W_grad:	18.952654842964	
    Magnitude of W:	173554.76068268	
    Magnitude of B_grad:	0.093822760294915	
    Magnitude of b:	9.617588928196	

	
    Current index:	29501	
    Magnitude of W_grad:	15.571690179195	
    Magnitude of W:	173493.58971105	
    Magnitude of B_grad:	0.070174560584635	
    Magnitude of b:	9.7519259401896	

	
    Current index:	39501	
    Magnitude of W_grad:	19.658180093454	
    Magnitude of W:	173429.24831513	
    Magnitude of B_grad:	0.074132224180548	
    Magnitude of b:	9.8227486013221	

	
    Current index:	49501	
    Magnitude of W_grad:	17.132383441138	
    Magnitude of W:	173366.91210646	
    Magnitude of B_grad:	0.070834488920847	
    Magnitude of b:	9.7130217231355	

	
    Current index:	59501	
    Magnitude of W_grad:	20.443735129774	
    Magnitude of W:	173300.42708356	
    Magnitude of B_grad:	0.12692703919329	
    Magnitude of b:	10.28396249694	

	
    Current index:	69501	
    Magnitude of W_grad:	25.424289587805	
    Magnitude of W:	173238.19536095	
    Magnitude of B_grad:	0.14404828658169	
    Magnitude of b:	10.332218662555	

	
    Current index:	79501	
    Magnitude of W_grad:	20.071124737973	
    Magnitude of W:	173174.3921598	
    Magnitude of B_grad:	0.10049345030329	
    Magnitude of b:	9.9935378649801	

	
    Current index:	89501	
    Magnitude of W_grad:	25.562600100747	
    Magnitude of W:	173108.06502008	
    Magnitude of B_grad:	0.13361597207042	
    Magnitude of b:	9.7213311190901	

	
    Current index:	99501	
    Magnitude of W_grad:	24.983306336599	
    Magnitude of W:	173045.44339014	
    Magnitude of B_grad:	0.15899238431393	
    Magnitude of b:	10.019704324209	

	
    Current index:	109501	
    Magnitude of W_grad:	24.716103038207	
    Magnitude of W:	172984.22956983	
    Magnitude of B_grad:	0.21981757468944	
    Magnitude of b:	9.9932883203935	

	
    Current index:	119501	
    Magnitude of W_grad:	23.407494919986	
    Magnitude of W:	172918.06401155	
    Magnitude of B_grad:	0.17677718517855	
    Magnitude of b:	10.20950409506	

	
    Current index:	129501	
    Magnitude of W_grad:	24.776091578923	
    Magnitude of W:	172855.86428162	
    Magnitude of B_grad:	0.16098509049996	
    Magnitude of b:	10.062159599836	

	
    Current index:	139501	
    Magnitude of W_grad:	25.682553481675	
    Magnitude of W:	172795.36160253	
    Magnitude of B_grad:	0.070128730231367	
    Magnitude of b:	10.198857826543	

	
SGD: Loss is	
	LOSS:Calculated softmax res	
321909.40700423	
SGD: crossEntropyLoss is	
321909.40700423	
SGD: Validation Accuracy is:	
0.34514078110808	
SGD: Magnitude of W:	
172753.14469783	
SGD: Magnitude of b:	
8.9395408394971	
    Current index:	9501	
    Magnitude of W_grad:	18.67702387152	
    Magnitude of W:	172692.58153965	
    Magnitude of B_grad:	0.13897134287145	
    Magnitude of b:	9.3080655088695	

	
    Current index:	19501	
    Magnitude of W_grad:	18.307355668579	
    Magnitude of W:	172630.71691787	
    Magnitude of B_grad:	0.091047774230355	
    Magnitude of b:	9.5518835255113	

	
    Current index:	29501	
    Magnitude of W_grad:	14.813512014048	
    Magnitude of W:	172571.60781535	
    Magnitude of B_grad:	0.075329874701669	
    Magnitude of b:	9.6625211901464	

	
    Current index:	39501	
    Magnitude of W_grad:	19.536791992789	
    Magnitude of W:	172508.97196182	
    Magnitude of B_grad:	0.069897624818544	
    Magnitude of b:	9.7471653089596	

	
    Current index:	49501	
    Magnitude of W_grad:	16.710817859612	
    Magnitude of W:	172448.34834445	
    Magnitude of B_grad:	0.066669624891402	
    Magnitude of b:	9.6463164796692	

	
    Current index:	59501	
    Magnitude of W_grad:	20.241396073384	
    Magnitude of W:	172383.754949	
    Magnitude of B_grad:	0.12141468865261	
    Magnitude of b:	10.212660029081	

	
    Current index:	69501	
    Magnitude of W_grad:	24.560518234916	
    Magnitude of W:	172322.99116246	
    Magnitude of B_grad:	0.14042235956735	
    Magnitude of b:	10.243803826848	

	
    Current index:	79501	
    Magnitude of W_grad:	19.534945341943	
    Magnitude of W:	172260.74949785	
    Magnitude of B_grad:	0.097284311542053	
    Magnitude of b:	9.9408199221895	

	
    Current index:	89501	
    Magnitude of W_grad:	24.946023404439	
    Magnitude of W:	172196.15980878	
    Magnitude of B_grad:	0.12826370612935	
    Magnitude of b:	9.6641249566153	

	
    Current index:	99501	
    Magnitude of W_grad:	24.283450048706	
    Magnitude of W:	172135.20090788	
    Magnitude of B_grad:	0.14787670471519	
    Magnitude of b:	9.9451643160543	

	
    Current index:	109501	
    Magnitude of W_grad:	24.135012476025	
    Magnitude of W:	172075.49691227	
    Magnitude of B_grad:	0.22403123230082	
    Magnitude of b:	9.9418576821436	

	
    Current index:	119501	
    Magnitude of W_grad:	23.430992308061	
    Magnitude of W:	172011.32655982	
    Magnitude of B_grad:	0.17672556312172	
    Magnitude of b:	10.143705705549	

	
    Current index:	129501	
    Magnitude of W_grad:	23.398872289998	
    Magnitude of W:	171950.62030544	
    Magnitude of B_grad:	0.14814676015947	
    Magnitude of b:	9.9955063284725	

	
    Current index:	139501	
    Magnitude of W_grad:	24.823827537848	
    Magnitude of W:	171891.78669212	
    Magnitude of B_grad:	0.072180113062443	
    Magnitude of b:	10.13369037357	

	
SGD: Loss is	
	LOSS:Calculated softmax res	
313838.51973992	
SGD: crossEntropyLoss is	
313838.51973992	
SGD: Validation Accuracy is:	
0.3433242506812	
SGD: Magnitude of W:	
171850.6589163	
SGD: Magnitude of b:	
8.8830998772635	
    Current index:	9501	
    Magnitude of W_grad:	17.89235558947	
    Magnitude of W:	171791.64353427	
    Magnitude of B_grad:	0.1350912126415	
    Magnitude of b:	9.2321601456	

	
    Current index:	19501	
    Magnitude of W_grad:	17.715751739891	
    Magnitude of W:	171731.35880414	
    Magnitude of B_grad:	0.092850324357824	
    Magnitude of b:	9.4967371235958	

	
    Current index:	29501	
    Magnitude of W_grad:	14.196693593678	
    Magnitude of W:	171673.88267124	
    Magnitude of B_grad:	0.081252685811729	
    Magnitude of b:	9.5830535725091	

	
    Current index:	39501	
    Magnitude of W_grad:	19.481316806892	
    Magnitude of W:	171612.99339933	
    Magnitude of B_grad:	0.066733810832751	
    Magnitude of b:	9.6827738596204	

	
    Current index:	49501	
    Magnitude of W_grad:	16.343114571957	
    Magnitude of W:	171553.58213961	
    Magnitude of B_grad:	0.063232929662541	
    Magnitude of b:	9.5852967462663	

	
    Current index:	59501	
    Magnitude of W_grad:	19.910232698411	
    Magnitude of W:	171490.31976231	
    Magnitude of B_grad:	0.11519231574997	
    Magnitude of b:	10.147934021666	

	
    Current index:	69501	
    Magnitude of W_grad:	23.819715268338	
    Magnitude of W:	171430.74275168	
    Magnitude of B_grad:	0.13774891157579	
    Magnitude of b:	10.162605083664	

	
    Current index:	79501	
    Magnitude of W_grad:	19.032401038918	
    Magnitude of W:	171369.99263515	
    Magnitude of B_grad:	0.092658598076778	
    Magnitude of b:	9.8915257096514	

	
    Current index:	89501	
    Magnitude of W_grad:	24.425892105449	
    Magnitude of W:	171306.95301988	
    Magnitude of B_grad:	0.12302181945399	
    Magnitude of b:	9.6102497439615	

	
    Current index:	99501	
    Magnitude of W_grad:	23.608970465503	
    Magnitude of W:	171247.4743973	
    Magnitude of B_grad:	0.13850321301909	
    Magnitude of b:	9.8799405198775	

	
    Current index:	109501	
    Magnitude of W_grad:	23.603745291459	
    Magnitude of W:	171189.05875195	
    Magnitude of B_grad:	0.22547363036907	
    Magnitude of b:	9.8928811405609	

	
    Current index:	119501	
    Magnitude of W_grad:	23.463804181902	
    Magnitude of W:	171126.74293595	
    Magnitude of B_grad:	0.17734895025782	
    Magnitude of b:	10.082225612172	

	
    Current index:	129501	
    Magnitude of W_grad:	22.285865400969	
    Magnitude of W:	171067.46014561	
    Magnitude of B_grad:	0.1391964484695	
    Magnitude of b:	9.9353686678094	

	
    Current index:	139501	
    Magnitude of W_grad:	24.017468248156	
    Magnitude of W:	171010.08773934	
    Magnitude of B_grad:	0.072893670606805	
    Magnitude of b:	10.072093679738	

	
SGD: Loss is	
	LOSS:Calculated softmax res	
306721.05855699	
SGD: crossEntropyLoss is	
306721.05855699	
SGD: Validation Accuracy is:	
0.35059037238874	
SGD: Magnitude of W:	
170969.33714882	
SGD: Magnitude of b:	
8.8320176941649	
    Current index:	9501	
    Magnitude of W_grad:	17.326571406169	
    Magnitude of W:	170911.65280877	
    Magnitude of B_grad:	0.13113266446948	
    Magnitude of b:	9.1658164131814	

	
    Current index:	19501	
    Magnitude of W_grad:	17.186522417329	
    Magnitude of W:	170853.0001996	
    Magnitude of B_grad:	0.092396015679598	
    Magnitude of b:	9.4476247128417	

	
    Current index:	29501	
    Magnitude of W_grad:	13.802017365506	
    Magnitude of W:	170796.53126136	
    Magnitude of B_grad:	0.086154517360291	
    Magnitude of b:	9.5112846977176	

	
    Current index:	39501	
    Magnitude of W_grad:	19.475821678581	
    Magnitude of W:	170737.19269181	
    Magnitude of B_grad:	0.062690550268427	
    Magnitude of b:	9.6260114277753	

	
    Current index:	49501	
    Magnitude of W_grad:	15.963196264236	
    Magnitude of W:	170679.06306512	
    Magnitude of B_grad:	0.059441585566908	
    Magnitude of b:	9.5290982687753	

	
    Current index:	59501	
    Magnitude of W_grad:	19.405076978423	
    Magnitude of W:	170617.42149028	
    Magnitude of B_grad:	0.11015419027586	
    Magnitude of b:	10.085679533312	

	
    Current index:	69501	
    Magnitude of W_grad:	23.18636560686	
    Magnitude of W:	170559.17728272	
    Magnitude of B_grad:	0.13480055111057	
    Magnitude of b:	10.085969396187	

	
    Current index:	79501	
    Magnitude of W_grad:	18.598091086745	
    Magnitude of W:	170499.82108259	
    Magnitude of B_grad:	0.087527541670652	
    Magnitude of b:	9.8434001363042	

	
    Current index:	89501	
    Magnitude of W_grad:	23.940474383576	
    Magnitude of W:	170438.13058875	
    Magnitude of B_grad:	0.11762484512935	
    Magnitude of b:	9.5566414543036	

	
    Current index:	99501	
    Magnitude of W_grad:	22.986252522506	
    Magnitude of W:	170379.75036346	
    Magnitude of B_grad:	0.13078658790451	
    Magnitude of b:	9.821121724334	

	
    Current index:	109501	
    Magnitude of W_grad:	23.078353592249	
    Magnitude of W:	170322.39851955	
    Magnitude of B_grad:	0.22465702983679	
    Magnitude of b:	9.8446592042662	

	
    Current index:	119501	
    Magnitude of W_grad:	23.433469627357	
    Magnitude of W:	170261.54823439	
    Magnitude of B_grad:	0.17835494022221	
    Magnitude of b:	10.023387454826	

	
    Current index:	129501	
    Magnitude of W_grad:	21.378482367972	
    Magnitude of W:	170203.49987022	
    Magnitude of B_grad:	0.13230807323118	
    Magnitude of b:	9.8797578821245	

	
    Current index:	139501	
    Magnitude of W_grad:	23.350898230273	
    Magnitude of W:	170147.25474019	
    Magnitude of B_grad:	0.072970486609693	
    Magnitude of b:	10.012936682841	

	
SGD: Loss is	
	LOSS:Calculated softmax res	
300381.50676904	
SGD: crossEntropyLoss is	
300381.50676904	
SGD: Validation Accuracy is:	
0.35059037238874	
SGD: Magnitude of W:	
170107.22621332	
SGD: Magnitude of b:	
8.7848598045249	
    Current index:	9501	
    Magnitude of W_grad:	16.852679268259	
    Magnitude of W:	170050.56808638	
    Magnitude of B_grad:	0.1274140375691	
    Magnitude of b:	9.1049216018292	

	
    Current index:	19501	
    Magnitude of W_grad:	16.712432624611	
    Magnitude of W:	169993.27325164	
    Magnitude of B_grad:	0.090267432384159	
    Magnitude of b:	9.4011611742109	

	
    Current index:	29501	
    Magnitude of W_grad:	13.542306863268	
    Magnitude of W:	169938.0002737	
    Magnitude of B_grad:	0.089203357247296	
    Magnitude of b:	9.4452376183855	

	
    Current index:	39501	
    Magnitude of W_grad:	19.495505873571	
    Magnitude of W:	169879.91744743	
    Magnitude of B_grad:	0.058360245625397	
    Magnitude of b:	9.5743244103916	

	
    Current index:	49501	
    Magnitude of W_grad:	15.580833223538	
    Magnitude of W:	169823.23178505	
    Magnitude of B_grad:	0.054556491198148	
    Magnitude of b:	9.4771113271372	

	
    Current index:	59501	
    Magnitude of W_grad:	18.925365013336	
    Magnitude of W:	169763.01538424	
    Magnitude of B_grad:	0.1051618213594	
    Magnitude of b:	10.024733880419	

	
    Current index:	69501	
    Magnitude of W_grad:	22.606201423203	
    Magnitude of W:	169705.94563514	
    Magnitude of B_grad:	0.13184100976333	
    Magnitude of b:	10.01354300462	

	
    Current index:	79501	
    Magnitude of W_grad:	18.193433185323	
    Magnitude of W:	169647.78323869	
    Magnitude of B_grad:	0.082764685705238	
    Magnitude of b:	9.7964517115707	

	
    Current index:	89501	
    Magnitude of W_grad:	23.451666119875	
    Magnitude of W:	169587.20573008	
    Magnitude of B_grad:	0.11189765971344	
    Magnitude of b:	9.5033274531057	

	
    Current index:	99501	
    Magnitude of W_grad:	22.439193693408	
    Magnitude of W:	169529.95075094	
    Magnitude of B_grad:	0.12522961830229	
    Magnitude of b:	9.7681770242146	

	
    Current index:	109501	
    Magnitude of W_grad:	22.554741794192	
    Magnitude of W:	169473.32920203	
    Magnitude of B_grad:	0.22233267931725	
    Magnitude of b:	9.7973764087772	

	
    Current index:	119501	
    Magnitude of W_grad:	23.301504221892	
    Magnitude of W:	169413.55504226	
    Magnitude of B_grad:	0.17920912485586	
    Magnitude of b:	9.9670450270497	

	
    Current index:	129501	
    Magnitude of W_grad:	20.64051012097	
    Magnitude of W:	169356.50610513	
    Magnitude of B_grad:	0.12727025813603	
    Magnitude of b:	9.8290445721823	

	
    Current index:	139501	
    Magnitude of W_grad:	22.787325335502	
    Magnitude of W:	169301.52234138	
    Magnitude of B_grad:	0.072916856619986	
    Magnitude of b:	9.9567557758357	

	
SGD: Loss is	
	LOSS:Calculated softmax res	
294662.73351059	
SGD: crossEntropyLoss is	
294662.73351059	
SGD: Validation Accuracy is:	
0.35149863760218	
SGD: Magnitude of W:	
169262.25840247	
SGD: Magnitude of b:	
8.7418096220808	
    Current index:	9501	
    Magnitude of W_grad:	16.471403263983	
    Magnitude of W:	169206.66015094	
    Magnitude of B_grad:	0.12435632906924	
    Magnitude of b:	9.0485410201434	

	
    Current index:	19501	
    Magnitude of W_grad:	16.294221559496	
    Magnitude of W:	169150.57046302	
    Magnitude of B_grad:	0.086969978190846	
    Magnitude of b:	9.3565852519073	

	
    Current index:	29501	
    Magnitude of W_grad:	13.353092720826	
    Magnitude of W:	169096.44651754	
    Magnitude of B_grad:	0.090570096125534	
    Magnitude of b:	9.3849140435742	

	
    Current index:	39501	
    Magnitude of W_grad:	19.513605537185	
    Magnitude of W:	169039.74176898	
    Magnitude of B_grad:	0.054300270144647	
    Magnitude of b:	9.5268540554642	

	
    Current index:	49501	
    Magnitude of W_grad:	15.212609239181	
    Magnitude of W:	168984.07250896	
    Magnitude of B_grad:	0.04891906559289	
    Magnitude of b:	9.4289234449957	

	
    Current index:	59501	
    Magnitude of W_grad:	18.479735652455	
    Magnitude of W:	168924.87054151	
    Magnitude of B_grad:	0.099895628903504	
    Magnitude of b:	9.9650473692093	

	
    Current index:	69501	
    Magnitude of W_grad:	22.094284452022	
    Magnitude of W:	168868.97334973	
    Magnitude of B_grad:	0.12895109275688	
    Magnitude of b:	9.9455870697437	

	
    Current index:	79501	
    Magnitude of W_grad:	17.807084686361	
    Magnitude of W:	168811.76709821	
    Magnitude of B_grad:	0.078899838142425	
    Magnitude of b:	9.7515107557252	

	
    Current index:	89501	
    Magnitude of W_grad:	22.942381773843	
    Magnitude of W:	168752.15482977	
    Magnitude of B_grad:	0.10633554674671	
    Magnitude of b:	9.4515381119658	

	
    Current index:	99501	
    Magnitude of W_grad:	21.927301884143	
    Magnitude of W:	168695.96470102	
    Magnitude of B_grad:	0.12155544874939	
    Magnitude of b:	9.7209461983073	

	
    Current index:	109501	
    Magnitude of W_grad:	22.043392351653	
    Magnitude of W:	168640.20081878	
    Magnitude of B_grad:	0.21889925106248	
    Magnitude of b:	9.7518788650302	

	
    Current index:	119501	
    Magnitude of W_grad:	23.031531316772	
    Magnitude of W:	168581.32959095	
    Magnitude of B_grad:	0.17945871585317	
    Magnitude of b:	9.9137211836758	

	
    Current index:	129501	
    Magnitude of W_grad:	20.053868124129	
    Magnitude of W:	168525.34560106	
    Magnitude of B_grad:	0.12406021703748	
    Magnitude of b:	9.7836150823019	

	
    Current index:	139501	
    Magnitude of W_grad:	22.335423993571	
    Magnitude of W:	168471.58313007	
    Magnitude of B_grad:	0.077827682514965	
    Magnitude of b:	9.9047192297255	

	
Done.	
Testing on validation set...	
Done	
Datafile:	/n/home09/ankitgupta/CS287/HW1/SST1-uni-sent-syns.hdf5	Classifier:	lr	Alpha:	0	Eta:	2	Lambda:	1	Minibatch size:	500	Num Epochs:	15	Minimum Sentence Length:	5	
Accuracy:	0.35422343324251	
