[?1034hDatafile:	/n/home09/ankitgupta/CS287/HW1/SST1-uni-syns.hdf5	Classifier:	lr	Alpha:	0	Eta:	0.5	Lambda:	0.5	Minibatch size:	500	Num Epochs:	15	Minimum Sentence Length:	5	
Note that not all parameters may apply to all classifiers	
Loading datafiles...	
Number of training samples before removing small sentences	156817	
Number of training samples after removing small sentences	142717	
Done.	
Training classifier...	
SGD: Loss is	
	LOSS:Calculated softmax res	
1115728.6562031	
SGD: crossEntropyLoss is	
1115728.6562031	
SGD: Validation Accuracy is:	
0.20617620345141	
SGD: Magnitude of W:	
184686.47766919	
SGD: Magnitude of b:	
3.6575643391421	
    Current index:	9501	
    Magnitude of W_grad:	50.223824422665	
    Magnitude of W:	184632.73060182	
    Magnitude of B_grad:	0.21369540047824	
    Magnitude of b:	6.9039208757895	

	
    Current index:	19501	
    Magnitude of W_grad:	44.771167946791	
    Magnitude of W:	184587.00579803	
    Magnitude of B_grad:	0.28232522781009	
    Magnitude of b:	8.5443012102068	

	
    Current index:	29501	
    Magnitude of W_grad:	32.973525080707	
    Magnitude of W:	184542.76484251	
    Magnitude of B_grad:	0.18201891924879	
    Magnitude of b:	9.3603306730402	

	
    Current index:	39501	
    Magnitude of W_grad:	53.303121613122	
    Magnitude of W:	184501.21640534	
    Magnitude of B_grad:	0.27915582620853	
    Magnitude of b:	10.112997104809	

	
    Current index:	49501	
    Magnitude of W_grad:	40.179435207037	
    Magnitude of W:	184462.75461522	
    Magnitude of B_grad:	0.18563236183786	
    Magnitude of b:	10.725596101217	

	
    Current index:	59501	
    Magnitude of W_grad:	33.816262733635	
    Magnitude of W:	184423.14946299	
    Magnitude of B_grad:	0.19026009968828	
    Magnitude of b:	11.552336812834	

	
    Current index:	69501	
    Magnitude of W_grad:	39.117557327769	
    Magnitude of W:	184385.76083693	
    Magnitude of B_grad:	0.17390130573479	
    Magnitude of b:	12.110982709815	

	
    Current index:	79501	
    Magnitude of W_grad:	49.157408516629	
    Magnitude of W:	184339.45551225	
    Magnitude of B_grad:	0.35475868589169	
    Magnitude of b:	11.058825365197	

	
    Current index:	89501	
    Magnitude of W_grad:	47.04386237388	
    Magnitude of W:	184294.71959902	
    Magnitude of B_grad:	0.17348733759936	
    Magnitude of b:	10.639981527095	

	
    Current index:	99501	
    Magnitude of W_grad:	46.957956194311	
    Magnitude of W:	184256.266992	
    Magnitude of B_grad:	0.076711280893463	
    Magnitude of b:	11.081053299021	

	
    Current index:	109501	
    Magnitude of W_grad:	40.372882648474	
    Magnitude of W:	184216.14612162	
    Magnitude of B_grad:	0.13019887656038	
    Magnitude of b:	11.364399332528	

	
    Current index:	119501	
    Magnitude of W_grad:	49.19643395335	
    Magnitude of W:	184177.79439351	
    Magnitude of B_grad:	0.36609910448342	
    Magnitude of b:	11.720455830254	

	
    Current index:	129501	
    Magnitude of W_grad:	41.776187078717	
    Magnitude of W:	184140.11845123	
    Magnitude of B_grad:	0.087562458198421	
    Magnitude of b:	11.885036904867	

	
    Current index:	139501	
    Magnitude of W_grad:	43.112721196532	
    Magnitude of W:	184104.56917092	
    Magnitude of B_grad:	0.076934221249222	
    Magnitude of b:	11.861898974473	

	
SGD: Loss is	
	LOSS:Calculated softmax res	
687648.61735635	
SGD: crossEntropyLoss is	
687648.61735635	
SGD: Validation Accuracy is:	
0.22797456857402	
SGD: Magnitude of W:	
184094.47171874	
SGD: Magnitude of b:	
11.126204533321	
    Current index:	9501	
    Magnitude of W_grad:	45.242573701425	
    Magnitude of W:	184060.67851722	
    Magnitude of B_grad:	0.19568732668574	
    Magnitude of b:	10.876755606113	

	
    Current index:	19501	
    Magnitude of W_grad:	42.948891385274	
    Magnitude of W:	184030.04141333	
    Magnitude of B_grad:	0.1607605092726	
    Magnitude of b:	11.736561188064	

	
    Current index:	29501	
    Magnitude of W_grad:	28.717879877626	
    Magnitude of W:	183996.87412843	
    Magnitude of B_grad:	0.069730225791327	
    Magnitude of b:	11.802618636037	

	
    Current index:	39501	
    Magnitude of W_grad:	50.66055067306	
    Magnitude of W:	183965.48522995	
    Magnitude of B_grad:	0.29832169721179	
    Magnitude of b:	12.352198193054	

	
    Current index:	49501	
    Magnitude of W_grad:	38.431645993684	
    Magnitude of W:	183934.58992378	
    Magnitude of B_grad:	0.15432437492462	
    Magnitude of b:	12.487746713827	

	
    Current index:	59501	
    Magnitude of W_grad:	27.811750212863	
    Magnitude of W:	183903.01949209	
    Magnitude of B_grad:	0.15517371719025	
    Magnitude of b:	12.849344049607	

	
    Current index:	69501	
    Magnitude of W_grad:	37.328542479578	
    Magnitude of W:	183873.36482413	
    Magnitude of B_grad:	0.18557985461899	
    Magnitude of b:	13.101512602536	

	
    Current index:	79501	
    Magnitude of W_grad:	48.104822010369	
    Magnitude of W:	183837.62639012	
    Magnitude of B_grad:	0.34610199723625	
    Magnitude of b:	11.831186620919	

	
    Current index:	89501	
    Magnitude of W_grad:	43.404169648828	
    Magnitude of W:	183804.70576057	
    Magnitude of B_grad:	0.14802992812504	
    Magnitude of b:	10.888048477565	

	
    Current index:	99501	
    Magnitude of W_grad:	46.778340879496	
    Magnitude of W:	183774.76924915	
    Magnitude of B_grad:	0.097595469413666	
    Magnitude of b:	11.812606738877	

	
    Current index:	109501	
    Magnitude of W_grad:	38.289637422584	
    Magnitude of W:	183742.85594826	
    Magnitude of B_grad:	0.12664868586612	
    Magnitude of b:	11.863741844152	

	
    Current index:	119501	
    Magnitude of W_grad:	44.496706352097	
    Magnitude of W:	183711.71712502	
    Magnitude of B_grad:	0.34582782828358	
    Magnitude of b:	12.028537343705	

	
    Current index:	129501	
    Magnitude of W_grad:	41.676540249978	
    Magnitude of W:	183680.45902637	
    Magnitude of B_grad:	0.055364558916325	
    Magnitude of b:	12.088961838076	

	
    Current index:	139501	
    Magnitude of W_grad:	40.823177881549	
    Magnitude of W:	183650.66025811	
    Magnitude of B_grad:	0.054426381174706	
    Magnitude of b:	12.062457324452	

	
SGD: Loss is	
	LOSS:Calculated softmax res	
589940.17246225	
SGD: crossEntropyLoss is	
589940.17246225	
SGD: Validation Accuracy is:	
0.24523160762943	
SGD: Magnitude of W:	
183642.57603389	
SGD: Magnitude of b:	
11.323373818596	
    Current index:	9501	
    Magnitude of W_grad:	40.477439825474	
    Magnitude of W:	183614.48758711	
    Magnitude of B_grad:	0.16791215946231	
    Magnitude of b:	11.235351107734	

	
    Current index:	19501	
    Magnitude of W_grad:	40.082516630059	
    Magnitude of W:	183587.92603483	
    Magnitude of B_grad:	0.14702649275857	
    Magnitude of b:	11.959494679876	

	
    Current index:	29501	
    Magnitude of W_grad:	26.060713160189	
    Magnitude of W:	183559.17516609	
    Magnitude of B_grad:	0.056491425423985	
    Magnitude of b:	11.941192029484	

	
    Current index:	39501	
    Magnitude of W_grad:	51.479561061316	
    Magnitude of W:	183531.85459845	
    Magnitude of B_grad:	0.30894256969076	
    Magnitude of b:	12.410578665743	

	
    Current index:	49501	
    Magnitude of W_grad:	37.767364536437	
    Magnitude of W:	183504.65794763	
    Magnitude of B_grad:	0.13416016866144	
    Magnitude of b:	12.461622084925	

	
    Current index:	59501	
    Magnitude of W_grad:	25.663578944695	
    Magnitude of W:	183476.8275168	
    Magnitude of B_grad:	0.14228361688257	
    Magnitude of b:	12.770701980879	

	
    Current index:	69501	
    Magnitude of W_grad:	36.868757749912	
    Magnitude of W:	183451.3421921	
    Magnitude of B_grad:	0.18014025972277	
    Magnitude of b:	12.993384408892	

	
    Current index:	79501	
    Magnitude of W_grad:	44.952365096901	
    Magnitude of W:	183420.45894027	
    Magnitude of B_grad:	0.3112115654106	
    Magnitude of b:	11.809045883261	

	
    Current index:	89501	
    Magnitude of W_grad:	41.328679540441	
    Magnitude of W:	183392.86448733	
    Magnitude of B_grad:	0.12266570956058	
    Magnitude of b:	11.183300477434	

	
    Current index:	99501	
    Magnitude of W_grad:	45.538766090825	
    Magnitude of W:	183366.83084224	
    Magnitude of B_grad:	0.093549071396607	
    Magnitude of b:	11.813351882608	

	
    Current index:	109501	
    Magnitude of W_grad:	38.779016553099	
    Magnitude of W:	183338.92679682	
    Magnitude of B_grad:	0.14128827349896	
    Magnitude of b:	11.830720133111	

	
    Current index:	119501	
    Magnitude of W_grad:	41.41734108916	
    Magnitude of W:	183311.15286552	
    Magnitude of B_grad:	0.32370761307915	
    Magnitude of b:	11.89755542986	

	
    Current index:	129501	
    Magnitude of W_grad:	39.614588231417	
    Magnitude of W:	183282.65456961	
    Magnitude of B_grad:	0.051162325284791	
    Magnitude of b:	11.927458674933	

	
    Current index:	139501	
    Magnitude of W_grad:	38.267263202826	
    Magnitude of W:	183255.44598117	
    Magnitude of B_grad:	0.083449549182848	
    Magnitude of b:	11.91719925642	

	
SGD: Loss is	
	LOSS:Calculated softmax res	
531824.71282794	
SGD: crossEntropyLoss is	
531824.71282794	
SGD: Validation Accuracy is:	
0.25976385104451	
SGD: Magnitude of W:	
183248.55209083	
SGD: Magnitude of b:	
11.203258938484	
    Current index:	9501	
    Magnitude of W_grad:	38.515429732551	
    Magnitude of W:	183223.92312045	
    Magnitude of B_grad:	0.15453750092934	
    Magnitude of b:	11.136677225858	

	
    Current index:	19501	
    Magnitude of W_grad:	38.553432282933	
    Magnitude of W:	183199.90608956	
    Magnitude of B_grad:	0.14800741802478	
    Magnitude of b:	11.808714285989	

	
    Current index:	29501	
    Magnitude of W_grad:	24.98873216155	
    Magnitude of W:	183173.93518853	
    Magnitude of B_grad:	0.061203763137747	
    Magnitude of b:	11.786509435967	

	
    Current index:	39501	
    Magnitude of W_grad:	48.97107840257	
    Magnitude of W:	183149.17582286	
    Magnitude of B_grad:	0.30347074217658	
    Magnitude of b:	12.223701638006	

	
    Current index:	49501	
    Magnitude of W_grad:	36.971300491938	
    Magnitude of W:	183123.54924772	
    Magnitude of B_grad:	0.12307101890947	
    Magnitude of b:	12.238101946931	

	
    Current index:	59501	
    Magnitude of W_grad:	24.81652726825	
    Magnitude of W:	183098.13432099	
    Magnitude of B_grad:	0.12624452846882	
    Magnitude of b:	12.556555513524	

	
    Current index:	69501	
    Magnitude of W_grad:	36.717093584049	
    Magnitude of W:	183074.94024579	
    Magnitude of B_grad:	0.1675203784728	
    Magnitude of b:	12.767050462998	

	
    Current index:	79501	
    Magnitude of W_grad:	42.755043580418	
    Magnitude of W:	183047.87908916	
    Magnitude of B_grad:	0.28555870759854	
    Magnitude of b:	11.629452218968	

	
    Current index:	89501	
    Magnitude of W_grad:	40.152550469791	
    Magnitude of W:	183023.2426671	
    Magnitude of B_grad:	0.11350983994896	
    Magnitude of b:	11.157085432662	

	
    Current index:	99501	
    Magnitude of W_grad:	44.323832287521	
    Magnitude of W:	182999.78402254	
    Magnitude of B_grad:	0.092658203537104	
    Magnitude of b:	11.646991763426	

	
    Current index:	109501	
    Magnitude of W_grad:	38.31927430073	
    Magnitude of W:	182974.28765613	
    Magnitude of B_grad:	0.14463810672757	
    Magnitude of b:	11.666156279708	

	
    Current index:	119501	
    Magnitude of W_grad:	39.927746874904	
    Magnitude of W:	182948.78476069	
    Magnitude of B_grad:	0.30741900351702	
    Magnitude of b:	11.673394065857	

	
    Current index:	129501	
    Magnitude of W_grad:	38.17498388526	
    Magnitude of W:	182922.3233905	
    Magnitude of B_grad:	0.054000982629861	
    Magnitude of b:	11.680704068749	

	
    Current index:	139501	
    Magnitude of W_grad:	36.715114426994	
    Magnitude of W:	182897.24193229	
    Magnitude of B_grad:	0.10406334345254	
    Magnitude of b:	11.688239079364	

	
SGD: Loss is	
	LOSS:Calculated softmax res	
491421.49848013	
SGD: crossEntropyLoss is	
491421.49848013	
SGD: Validation Accuracy is:	
0.26884650317893	
SGD: Magnitude of W:	
182890.73735967	
SGD: Magnitude of b:	
11.010030707499	
    Current index:	9501	
    Magnitude of W_grad:	37.434980581834	
    Magnitude of W:	182868.46639465	
    Magnitude of B_grad:	0.13963988101707	
    Magnitude of b:	10.951418881592	

	
    Current index:	19501	
    Magnitude of W_grad:	36.640542620673	
    Magnitude of W:	182846.23993118	
    Magnitude of B_grad:	0.14712874979276	
    Magnitude of b:	11.59192600487	

	
    Current index:	29501	
    Magnitude of W_grad:	24.196517657491	
    Magnitude of W:	182822.25637854	
    Magnitude of B_grad:	0.067372024384944	
    Magnitude of b:	11.576519765433	

	
    Current index:	39501	
    Magnitude of W_grad:	45.96773200257	
    Magnitude of W:	182798.92713931	
    Magnitude of B_grad:	0.29222855794032	
    Magnitude of b:	12.002716561709	

	
    Current index:	49501	
    Magnitude of W_grad:	36.544873676427	
    Magnitude of W:	182774.96996556	
    Magnitude of B_grad:	0.11533076091491	
    Magnitude of b:	12.007046100634	

	
    Current index:	59501	
    Magnitude of W_grad:	23.966249751943	
    Magnitude of W:	182751.47519701	
    Magnitude of B_grad:	0.11327680425003	
    Magnitude of b:	12.327741703107	

	
    Current index:	69501	
    Magnitude of W_grad:	36.415591632034	
    Magnitude of W:	182729.9198267	
    Magnitude of B_grad:	0.16110706425009	
    Magnitude of b:	12.526204121613	

	
    Current index:	79501	
    Magnitude of W_grad:	41.45192699572	
    Magnitude of W:	182704.83432409	
    Magnitude of B_grad:	0.26120906423706	
    Magnitude of b:	11.413781365768	

	
    Current index:	89501	
    Magnitude of W_grad:	39.597995562587	
    Magnitude of W:	182682.0660068	
    Magnitude of B_grad:	0.11794940716296	
    Magnitude of b:	11.020212290961	

	
    Current index:	99501	
    Magnitude of W_grad:	43.32593746496	
    Magnitude of W:	182660.64820027	
    Magnitude of B_grad:	0.096651587909741	
    Magnitude of b:	11.442004290629	

	
    Current index:	109501	
    Magnitude of W_grad:	37.53440998548	
    Magnitude of W:	182636.95348777	
    Magnitude of B_grad:	0.14143613339275	
    Magnitude of b:	11.46971361645	

	
    Current index:	119501	
    Magnitude of W_grad:	38.638270670797	
    Magnitude of W:	182613.43269747	
    Magnitude of B_grad:	0.29035697856401	
    Magnitude of b:	11.445479469208	

	
    Current index:	129501	
    Magnitude of W_grad:	37.348961477378	
    Magnitude of W:	182588.86056931	
    Magnitude of B_grad:	0.060904140354491	
    Magnitude of b:	11.44016025493	

	
    Current index:	139501	
    Magnitude of W_grad:	35.529266579435	
    Magnitude of W:	182565.36631163	
    Magnitude of B_grad:	0.11412900317302	
    Magnitude of b:	11.461576668574	

	
SGD: Loss is	
	LOSS:Calculated softmax res	
460838.29849374	
SGD: crossEntropyLoss is	
460838.29849374	
SGD: Validation Accuracy is:	
0.27883742052679	
SGD: Magnitude of W:	
182559.29251806	
SGD: Magnitude of b:	
10.808329277225	
    Current index:	9501	
    Magnitude of W_grad:	36.383750843777	
    Magnitude of W:	182538.19124173	
    Magnitude of B_grad:	0.12841327796429	
    Magnitude of b:	10.764421900605	

	
    Current index:	19501	
    Magnitude of W_grad:	35.15359705763	
    Magnitude of W:	182517.32161692	
    Magnitude of B_grad:	0.14669767698821	
    Magnitude of b:	11.381314003636	

	
    Current index:	29501	
    Magnitude of W_grad:	23.53597552917	
    Magnitude of W:	182494.83052918	
    Magnitude of B_grad:	0.07278884175566	
    Magnitude of b:	11.372512207314	

	
    Current index:	39501	
    Magnitude of W_grad:	43.672948275307	
    Magnitude of W:	182472.90345757	
    Magnitude of B_grad:	0.28027316628882	
    Magnitude of b:	11.797701074687	

	
    Current index:	49501	
    Magnitude of W_grad:	36.011037804937	
    Magnitude of W:	182450.46194111	
    Magnitude of B_grad:	0.10934042244313	
    Magnitude of b:	11.802372331492	

	
    Current index:	59501	
    Magnitude of W_grad:	23.209010036521	
    Magnitude of W:	182428.29835652	
    Magnitude of B_grad:	0.10289981328812	
    Magnitude of b:	12.119874460523	

	
    Current index:	69501	
    Magnitude of W_grad:	35.824559985777	
    Magnitude of W:	182408.2117366	
    Magnitude of B_grad:	0.15944513271311	
    Magnitude of b:	12.304077434781	

	
    Current index:	79501	
    Magnitude of W_grad:	40.194102060947	
    Magnitude of W:	182384.58386764	
    Magnitude of B_grad:	0.23839694009135	
    Magnitude of b:	11.212730685328	

	
    Current index:	89501	
    Magnitude of W_grad:	39.127086533698	
    Magnitude of W:	182363.51135006	
    Magnitude of B_grad:	0.12186892100689	
    Magnitude of b:	10.863862814345	

	
    Current index:	99501	
    Magnitude of W_grad:	42.367022636782	
    Magnitude of W:	182343.32401563	
    Magnitude of B_grad:	0.10191334452485	
    Magnitude of b:	11.243441396234	

	
    Current index:	109501	
    Magnitude of W_grad:	36.774020196747	
    Magnitude of W:	182321.05891138	
    Magnitude of B_grad:	0.13552816138471	
    Magnitude of b:	11.27570034686	

	
    Current index:	119501	
    Magnitude of W_grad:	37.330404540766	
    Magnitude of W:	182298.78183129	
    Magnitude of B_grad:	0.27615740766207	
    Magnitude of b:	11.237523487253	

	
    Current index:	129501	
    Magnitude of W_grad:	36.484518134348	
    Magnitude of W:	182275.70157665	
    Magnitude of B_grad:	0.07005626955445	
    Magnitude of b:	11.229151248239	

	
    Current index:	139501	
    Magnitude of W_grad:	34.702078087437	
    Magnitude of W:	182253.40013447	
    Magnitude of B_grad:	0.12111896031869	
    Magnitude of b:	11.25821667944	

	
SGD: Loss is	
	LOSS:Calculated softmax res	
436326.13162302	
SGD: crossEntropyLoss is	
436326.13162302	
SGD: Validation Accuracy is:	
0.28519527702089	
SGD: Magnitude of W:	
182247.72122453	
SGD: Magnitude of b:	
10.623901041944	
    Current index:	9501	
    Magnitude of W_grad:	35.097069809861	
    Magnitude of W:	182227.95714574	
    Magnitude of B_grad:	0.11734014286557	
    Magnitude of b:	10.5986069668	

	
    Current index:	19501	
    Magnitude of W_grad:	33.273611683288	
    Magnitude of W:	182208.12069255	
    Magnitude of B_grad:	0.1453609320568	
    Magnitude of b:	11.198027325087	

	
    Current index:	29501	
    Magnitude of W_grad:	22.90170039959	
    Magnitude of W:	182186.98172118	
    Magnitude of B_grad:	0.079271670605336	
    Magnitude of b:	11.192920944561	

	
    Current index:	39501	
    Magnitude of W_grad:	42.094747344274	
    Magnitude of W:	182165.98190953	
    Magnitude of B_grad:	0.26939000583608	
    Magnitude of b:	11.617870942449	

	
    Current index:	49501	
    Magnitude of W_grad:	35.58122518853	
    Magnitude of W:	182144.63233395	
    Magnitude of B_grad:	0.10399585063221	
    Magnitude of b:	11.62512638298	

	
    Current index:	59501	
    Magnitude of W_grad:	22.615494766196	
    Magnitude of W:	182123.45505755	
    Magnitude of B_grad:	0.093967707109337	
    Magnitude of b:	11.937951335056	

	
    Current index:	69501	
    Magnitude of W_grad:	35.054031982378	
    Magnitude of W:	182104.34762116	
    Magnitude of B_grad:	0.15648181857474	
    Magnitude of b:	12.114134586794	

	
    Current index:	79501	
    Magnitude of W_grad:	38.924086116633	
    Magnitude of W:	182081.93905988	
    Magnitude of B_grad:	0.21816288593205	
    Magnitude of b:	11.045625039935	

	
    Current index:	89501	
    Magnitude of W_grad:	38.470461382652	
    Magnitude of W:	182062.17033918	
    Magnitude of B_grad:	0.12487025058942	
    Magnitude of b:	10.724720324612	

	
    Current index:	99501	
    Magnitude of W_grad:	41.337182903737	
    Magnitude of W:	182042.92407881	
    Magnitude of B_grad:	0.10743596097211	
    Magnitude of b:	11.069310228273	

	
    Current index:	109501	
    Magnitude of W_grad:	36.097298696078	
    Magnitude of W:	182021.93307084	
    Magnitude of B_grad:	0.12965407568479	
    Magnitude of b:	11.103503375221	

	
    Current index:	119501	
    Magnitude of W_grad:	36.364726973561	
    Magnitude of W:	182000.84886319	
    Magnitude of B_grad:	0.26763099277928	
    Magnitude of b:	11.059358891519	

	
    Current index:	129501	
    Magnitude of W_grad:	35.710355065433	
    Magnitude of W:	181979.01866215	
    Magnitude of B_grad:	0.079249795390524	
    Magnitude of b:	11.052236043428	

	
    Current index:	139501	
    Magnitude of W_grad:	34.033771410598	
    Magnitude of W:	181957.75295491	
    Magnitude of B_grad:	0.12680472065481	
    Magnitude of b:	11.084681608535	

	
SGD: Loss is	
	LOSS:Calculated softmax res	
416052.65991657	
SGD: crossEntropyLoss is	
416052.65991657	
SGD: Validation Accuracy is:	
0.28519527702089	
SGD: Magnitude of W:	
181952.32901969	
SGD: Magnitude of b:	
10.465720401929	
    Current index:	9501	
    Magnitude of W_grad:	33.868528363968	
    Magnitude of W:	181933.48899498	
    Magnitude of B_grad:	0.10690859864715	
    Magnitude of b:	10.456790844603	

	
    Current index:	19501	
    Magnitude of W_grad:	31.85297037895	
    Magnitude of W:	181914.54430703	
    Magnitude of B_grad:	0.14389256479222	
    Magnitude of b:	11.041481575427	

	
    Current index:	29501	
    Magnitude of W_grad:	22.324350548091	
    Magnitude of W:	181894.41141605	
    Magnitude of B_grad:	0.084624028654139	
    Magnitude of b:	11.038826376604	

	
    Current index:	39501	
    Magnitude of W_grad:	40.665942169474	
    Magnitude of W:	181874.15313977	
    Magnitude of B_grad:	0.25719421810578	
    Magnitude of b:	11.465052268834	

	
    Current index:	49501	
    Magnitude of W_grad:	35.142297030677	
    Magnitude of W:	181853.78742446	
    Magnitude of B_grad:	0.1000283003271	
    Magnitude of b:	11.472391194029	

	
    Current index:	59501	
    Magnitude of W_grad:	22.10551884216	
    Magnitude of W:	181833.36863275	
    Magnitude of B_grad:	0.085588713112403	
    Magnitude of b:	11.778896423206	

	
    Current index:	69501	
    Magnitude of W_grad:	34.340726770622	
    Magnitude of W:	181815.06530667	
    Magnitude of B_grad:	0.15183380426188	
    Magnitude of b:	11.952533906498	

	
    Current index:	79501	
    Magnitude of W_grad:	37.61879571326	
    Magnitude of W:	181793.57462681	
    Magnitude of B_grad:	0.19844242262948	
    Magnitude of b:	10.904199466712	

	
    Current index:	89501	
    Magnitude of W_grad:	37.656991955045	
    Magnitude of W:	181775.05264524	
    Magnitude of B_grad:	0.1270757641835	
    Magnitude of b:	10.605280896836	

	
    Current index:	99501	
    Magnitude of W_grad:	40.062391794208	
    Magnitude of W:	181756.60487464	
    Magnitude of B_grad:	0.11192156566301	
    Magnitude of b:	10.918382137434	

	
    Current index:	109501	
    Magnitude of W_grad:	35.663415981833	
    Magnitude of W:	181736.73850324	
    Magnitude of B_grad:	0.12450435468032	
    Magnitude of b:	10.955510942977	

	
    Current index:	119501	
    Magnitude of W_grad:	35.743612445047	
    Magnitude of W:	181716.50992276	
    Magnitude of B_grad:	0.26252325118057	
    Magnitude of b:	10.910449238428	

	
    Current index:	129501	
    Magnitude of W_grad:	35.092304877794	
    Magnitude of W:	181695.79894809	
    Magnitude of B_grad:	0.086158993750147	
    Magnitude of b:	10.905622470669	

	
    Current index:	139501	
    Magnitude of W_grad:	33.42871272549	
    Magnitude of W:	181675.62149996	
    Magnitude of B_grad:	0.13128665404233	
    Magnitude of b:	10.937216248589	

	
SGD: Loss is	
	LOSS:Calculated softmax res	
398922.84984102	
SGD: crossEntropyLoss is	
398922.84984102	
SGD: Validation Accuracy is:	
0.28792007266122	
SGD: Magnitude of W:	
181670.61521305	
SGD: Magnitude of b:	
10.330219152637	
    Current index:	9501	
    Magnitude of W_grad:	33.099817826872	
    Magnitude of W:	181652.55080617	
    Magnitude of B_grad:	0.098273086591982	
    Magnitude of b:	10.338157155793	

	
    Current index:	19501	
    Magnitude of W_grad:	30.921547505202	
    Magnitude of W:	181634.38029017	
    Magnitude of B_grad:	0.14353592073777	
    Magnitude of b:	10.909755381876	

	
    Current index:	29501	
    Magnitude of W_grad:	21.923549795915	
    Magnitude of W:	181615.26163878	
    Magnitude of B_grad:	0.089580352272984	
    Magnitude of b:	10.907397107445	

	
    Current index:	39501	
    Magnitude of W_grad:	39.438297808165	
    Magnitude of W:	181595.79791212	
    Magnitude of B_grad:	0.24519608390783	
    Magnitude of b:	11.336877789255	

	
    Current index:	49501	
    Magnitude of W_grad:	34.586505132628	
    Magnitude of W:	181576.46507076	
    Magnitude of B_grad:	0.09700575440183	
    Magnitude of b:	11.342124853061	

	
    Current index:	59501	
    Magnitude of W_grad:	21.65266610024	
    Magnitude of W:	181556.87985879	
    Magnitude of B_grad:	0.076869563732875	
    Magnitude of b:	11.64152211107	

	
    Current index:	69501	
    Magnitude of W_grad:	33.735021706422	
    Magnitude of W:	181539.31296832	
    Magnitude of B_grad:	0.14495190768828	
    Magnitude of b:	11.815313900935	

	
    Current index:	79501	
    Magnitude of W_grad:	36.315403872532	
    Magnitude of W:	181519.01747613	
    Magnitude of B_grad:	0.17969787347453	
    Magnitude of b:	10.785458258559	

	
    Current index:	89501	
    Magnitude of W_grad:	36.798230732042	
    Magnitude of W:	181501.22791218	
    Magnitude of B_grad:	0.12813212449475	
    Magnitude of b:	10.503059747437	

	
    Current index:	99501	
    Magnitude of W_grad:	38.35113547306	
    Magnitude of W:	181483.55183444	
    Magnitude of B_grad:	0.11258823523721	
    Magnitude of b:	10.787214819466	

	
    Current index:	109501	
    Magnitude of W_grad:	35.423875007768	
    Magnitude of W:	181464.5382048	
    Magnitude of B_grad:	0.12012212609941	
    Magnitude of b:	10.828592319305	

	
    Current index:	119501	
    Magnitude of W_grad:	35.287579166643	
    Magnitude of W:	181445.47983444	
    Magnitude of B_grad:	0.25865858371868	
    Magnitude of b:	10.785603794849	

	
    Current index:	129501	
    Magnitude of W_grad:	34.480173303888	
    Magnitude of W:	181425.81434814	
    Magnitude of B_grad:	0.090564239909871	
    Magnitude of b:	10.782310310585	

	
    Current index:	139501	
    Magnitude of W_grad:	32.822126664379	
    Magnitude of W:	181406.41834465	
    Magnitude of B_grad:	0.13395271145045	
    Magnitude of b:	10.809751423029	

	
SGD: Loss is	
	LOSS:Calculated softmax res	
384237.02966271	
SGD: crossEntropyLoss is	
384237.02966271	
SGD: Validation Accuracy is:	
0.29155313351499	
SGD: Magnitude of W:	
181401.67952705	
SGD: Magnitude of b:	
10.212694039673	
    Current index:	9501	
    Magnitude of W_grad:	32.563037229692	
    Magnitude of W:	181384.70543187	
    Magnitude of B_grad:	0.090209685845686	
    Magnitude of b:	10.239247708941	

	
    Current index:	19501	
    Magnitude of W_grad:	30.307164750934	
    Magnitude of W:	181367.35502188	
    Magnitude of B_grad:	0.1443589651227	
    Magnitude of b:	10.799173772163	

	
    Current index:	29501	
    Magnitude of W_grad:	21.603087124673	
    Magnitude of W:	181349.02478539	
    Magnitude of B_grad:	0.094355085227103	
    Magnitude of b:	10.794827648564	

	
    Current index:	39501	
    Magnitude of W_grad:	38.343720477111	
    Magnitude of W:	181330.34279886	
    Magnitude of B_grad:	0.23397116752315	
    Magnitude of b:	11.228256498949	

	
    Current index:	49501	
    Magnitude of W_grad:	33.95220432626	
    Magnitude of W:	181311.63227608	
    Magnitude of B_grad:	0.096476353303209	
    Magnitude of b:	11.23080388126	

	
    Current index:	59501	
    Magnitude of W_grad:	21.246054129374	
    Magnitude of W:	181292.8281531	
    Magnitude of B_grad:	0.06812142902462	
    Magnitude of b:	11.523050098623	

	
    Current index:	69501	
    Magnitude of W_grad:	33.156976221172	
    Magnitude of W:	181275.92463837	
    Magnitude of B_grad:	0.13594683645056	
    Magnitude of b:	11.697239465326	

	
    Current index:	79501	
    Magnitude of W_grad:	35.16373493291	
    Magnitude of W:	181256.51073536	
    Magnitude of B_grad:	0.16291978754134	
    Magnitude of b:	10.685242376377	

	
    Current index:	89501	
    Magnitude of W_grad:	35.912621432822	
    Magnitude of W:	181239.29594872	
    Magnitude of B_grad:	0.12787753643766	
    Magnitude of b:	10.415021947206	

	
    Current index:	99501	
    Magnitude of W_grad:	36.714215832742	
    Magnitude of W:	181222.15617222	
    Magnitude of B_grad:	0.11048674202802	
    Magnitude of b:	10.672549382639	

	
    Current index:	109501	
    Magnitude of W_grad:	35.148933537366	
    Magnitude of W:	181203.96038028	
    Magnitude of B_grad:	0.11639471294366	
    Magnitude of b:	10.718624159803	

	
    Current index:	119501	
    Magnitude of W_grad:	34.781352253561	
    Magnitude of W:	181185.65249221	
    Magnitude of B_grad:	0.25510102888705	
    Magnitude of b:	10.678708636348	

	
    Current index:	129501	
    Magnitude of W_grad:	33.902683378551	
    Magnitude of W:	181166.90831822	
    Magnitude of B_grad:	0.093589827727389	
    Magnitude of b:	10.675554979858	

	
    Current index:	139501	
    Magnitude of W_grad:	32.194429512106	
    Magnitude of W:	181148.23968774	
    Magnitude of B_grad:	0.13479388606202	
    Magnitude of b:	10.69802396243	

	
SGD: Loss is	
	LOSS:Calculated softmax res	
371478.54421485	
SGD: crossEntropyLoss is	
371478.54421485	
SGD: Validation Accuracy is:	
0.29336966394187	
SGD: Magnitude of W:	
181143.73379226	
SGD: Magnitude of b:	
10.110372417321	
    Current index:	9501	
    Magnitude of W_grad:	32.11127006727	
    Magnitude of W:	181127.77737516	
    Magnitude of B_grad:	0.083140797782633	
    Magnitude of b:	10.154911826731	

	
    Current index:	19501	
    Magnitude of W_grad:	29.818433435082	
    Magnitude of W:	181111.08240374	
    Magnitude of B_grad:	0.14577368219773	
    Magnitude of b:	10.703889843944	

	
    Current index:	29501	
    Magnitude of W_grad:	21.337252469933	
    Magnitude of W:	181093.47810102	
    Magnitude of B_grad:	0.098496713267872	
    Magnitude of b:	10.696588979166	

	
    Current index:	39501	
    Magnitude of W_grad:	37.09065203632	
    Magnitude of W:	181075.30837525	
    Magnitude of B_grad:	0.22266288485813	
    Magnitude of b:	11.133265726489	

	
    Current index:	49501	
    Magnitude of W_grad:	33.3171320017	
    Magnitude of W:	181057.14255094	
    Magnitude of B_grad:	0.097511198127396	
    Magnitude of b:	11.133387585856	

	
    Current index:	59501	
    Magnitude of W_grad:	20.863715847054	
    Magnitude of W:	181038.99802621	
    Magnitude of B_grad:	0.060019487898257	
    Magnitude of b:	11.419050662804	

	
    Current index:	69501	
    Magnitude of W_grad:	32.619393350796	
    Magnitude of W:	181022.77213526	
    Magnitude of B_grad:	0.12569975900192	
    Magnitude of b:	11.592643586431	

	
    Current index:	79501	
    Magnitude of W_grad:	34.143049173147	
    Magnitude of W:	181004.17565134	
    Magnitude of B_grad:	0.1488018960756	
    Magnitude of b:	10.598152723634	

	
    Current index:	89501	
    Magnitude of W_grad:	35.015864438409	
    Magnitude of W:	180987.22961718	
    Magnitude of B_grad:	0.12653772006779	
    Magnitude of b:	10.33787799554	

	
    Current index:	99501	
    Magnitude of W_grad:	35.556772743003	
    Magnitude of W:	180970.45922409	
    Magnitude of B_grad:	0.1089676774685	
    Magnitude of b:	10.571013147884	

	
    Current index:	109501	
    Magnitude of W_grad:	34.832637230693	
    Magnitude of W:	180952.88567	
    Magnitude of B_grad:	0.11346719685296	
    Magnitude of b:	10.621611401702	

	
    Current index:	119501	
    Magnitude of W_grad:	34.244842069037	
    Magnitude of W:	180935.08906045	
    Magnitude of B_grad:	0.25163226883147	
    Magnitude of b:	10.58509263628	

	
    Current index:	129501	
    Magnitude of W_grad:	33.354858087825	
    Magnitude of W:	180917.21857548	
    Magnitude of B_grad:	0.095999068533792	
    Magnitude of b:	10.580593110126	

	
    Current index:	139501	
    Magnitude of W_grad:	31.656696640793	
    Magnitude of W:	180899.18470417	
    Magnitude of B_grad:	0.13414259842933	
    Magnitude of b:	10.598432967202	

	
SGD: Loss is	
	LOSS:Calculated softmax res	
360261.28778592	
SGD: crossEntropyLoss is	
360261.28778592	
SGD: Validation Accuracy is:	
0.29518619436876	
SGD: Magnitude of W:	
180894.91405801	
SGD: Magnitude of b:	
10.020369278006	
    Current index:	9501	
    Magnitude of W_grad:	31.694048110951	
    Magnitude of W:	180879.58912177	
    Magnitude of B_grad:	0.07593256593933	
    Magnitude of b:	10.081141178332	

	
    Current index:	19501	
    Magnitude of W_grad:	29.421517856886	
    Magnitude of W:	180863.46074355	
    Magnitude of B_grad:	0.14727945675445	
    Magnitude of b:	10.618891647379	

	
    Current index:	29501	
    Magnitude of W_grad:	21.158248613044	
    Magnitude of W:	180846.6179809	
    Magnitude of B_grad:	0.10160317417699	
    Magnitude of b:	10.608576669056	

	
    Current index:	39501	
    Magnitude of W_grad:	35.86170443945	
    Magnitude of W:	180829.07961852	
    Magnitude of B_grad:	0.21127796046797	
    Magnitude of b:	11.047327420801	

	
    Current index:	49501	
    Magnitude of W_grad:	32.722346316469	
    Magnitude of W:	180811.59269072	
    Magnitude of B_grad:	0.098065036074476	
    Magnitude of b:	11.045402323235	

	
    Current index:	59501	
    Magnitude of W_grad:	20.489584056467	
    Magnitude of W:	180794.01306435	
    Magnitude of B_grad:	0.052896293738681	
    Magnitude of b:	11.325391548134	

	
    Current index:	69501	
    Magnitude of W_grad:	32.022276533986	
    Magnitude of W:	180778.39047036	
    Magnitude of B_grad:	0.11540617430256	
    Magnitude of b:	11.496723133743	

	
    Current index:	79501	
    Magnitude of W_grad:	33.234040960825	
    Magnitude of W:	180760.52654192	
    Magnitude of B_grad:	0.13709769453546	
    Magnitude of b:	10.519753005338	

	
    Current index:	89501	
    Magnitude of W_grad:	34.146572492545	
    Magnitude of W:	180744.14034022	
    Magnitude of B_grad:	0.12458949164701	
    Magnitude of b:	10.26733846101	

	
    Current index:	99501	
    Magnitude of W_grad:	34.697284908728	
    Magnitude of W:	180727.70342219	
    Magnitude of B_grad:	0.10800394519782	
    Magnitude of b:	10.478886714696	

	
    Current index:	109501	
    Magnitude of W_grad:	34.452629557426	
    Magnitude of W:	180710.83345409	
    Magnitude of B_grad:	0.1114944671675	
    Magnitude of b:	10.533689478906	

	
    Current index:	119501	
    Magnitude of W_grad:	33.71228289581	
    Magnitude of W:	180693.64817807	
    Magnitude of B_grad:	0.24825125510201	
    Magnitude of b:	10.500720144294	

	
    Current index:	129501	
    Magnitude of W_grad:	32.826585729122	
    Magnitude of W:	180676.55054536	
    Magnitude of B_grad:	0.098125823681046	
    Magnitude of b:	10.493817076041	

	
    Current index:	139501	
    Magnitude of W_grad:	31.151699076063	
    Magnitude of W:	180659.11995184	
    Magnitude of B_grad:	0.13236534333037	
    Magnitude of b:	10.507703094414	

	
SGD: Loss is	
	LOSS:Calculated softmax res	
350303.80154451	
SGD: crossEntropyLoss is	
350303.80154451	
SGD: Validation Accuracy is:	
0.29700272479564	
SGD: Magnitude of W:	
180654.97611775	
SGD: Magnitude of b:	
9.9392833666667	
    Current index:	9501	
    Magnitude of W_grad:	31.269938514521	
    Magnitude of W:	180640.18199777	
    Magnitude of B_grad:	0.068487737619515	
    Magnitude of b:	10.014398382654	

	
    Current index:	19501	
    Magnitude of W_grad:	29.049668423726	
    Magnitude of W:	180624.64905907	
    Magnitude of B_grad:	0.14863670467587	
    Magnitude of b:	10.540897836122	

	
    Current index:	29501	
    Magnitude of W_grad:	20.951832720166	
    Magnitude of W:	180608.25908053	
    Magnitude of B_grad:	0.10336271708612	
    Magnitude of b:	10.527824293733	

	
    Current index:	39501	
    Magnitude of W_grad:	35.082998655939	
    Magnitude of W:	180591.2908724	
    Magnitude of B_grad:	0.20036223985032	
    Magnitude of b:	10.967587789687	

	
    Current index:	49501	
    Magnitude of W_grad:	32.172624729757	
    Magnitude of W:	180574.20375191	
    Magnitude of B_grad:	0.098107205901286	
    Magnitude of b:	10.964207291346	

	
    Current index:	59501	
    Magnitude of W_grad:	20.13258841953	
    Magnitude of W:	180557.13664192	
    Magnitude of B_grad:	0.046787490297365	
    Magnitude of b:	11.239462997414	

	
    Current index:	69501	
    Magnitude of W_grad:	31.360239603063	
    Magnitude of W:	180541.83852051	
    Magnitude of B_grad:	0.10591678865316	
    Magnitude of b:	11.406989103484	

	
    Current index:	79501	
    Magnitude of W_grad:	32.378520358558	
    Magnitude of W:	180524.63026921	
    Magnitude of B_grad:	0.12732683372094	
    Magnitude of b:	10.447620366173	

	
    Current index:	89501	
    Magnitude of W_grad:	33.356983022122	
    Magnitude of W:	180508.74868876	
    Magnitude of B_grad:	0.1225214674907	
    Magnitude of b:	10.200530226951	

	
    Current index:	99501	
    Magnitude of W_grad:	34.035683607341	
    Magnitude of W:	180492.56209283	
    Magnitude of B_grad:	0.10722950563933	
    Magnitude of b:	10.394123101744	

	
    Current index:	109501	
    Magnitude of W_grad:	34.005053434592	
    Magnitude of W:	180476.34041825	
    Magnitude of B_grad:	0.11038596432441	
    Magnitude of b:	10.452617318658	

	
    Current index:	119501	
    Magnitude of W_grad:	33.166535373517	
    Magnitude of W:	180459.57646226	
    Magnitude of B_grad:	0.24493181492891	
    Magnitude of b:	10.4229508336	

	
    Current index:	129501	
    Magnitude of W_grad:	32.342470514041	
    Magnitude of W:	180443.06793747	
    Magnitude of B_grad:	0.10014810408068	
    Magnitude of b:	10.413019444512	

	
    Current index:	139501	
    Magnitude of W_grad:	30.648534757405	
    Magnitude of W:	180426.0940813	
    Magnitude of B_grad:	0.12986961175306	
    Magnitude of b:	10.423844972563	

	
SGD: Loss is	
	LOSS:Calculated softmax res	
341389.2390652	
SGD: crossEntropyLoss is	
341389.2390652	
SGD: Validation Accuracy is:	
0.29972752043597	
SGD: Magnitude of W:	
180422.07383151	
SGD: Magnitude of b:	
9.8648965531663	
    Current index:	9501	
    Magnitude of W_grad:	30.797739907285	
    Magnitude of W:	180407.73271958	
    Magnitude of B_grad:	0.06507451488504	
    Magnitude of b:	9.9523825338226	

	
    Current index:	19501	
    Magnitude of W_grad:	28.753294977582	
    Magnitude of W:	180392.55958642	
    Magnitude of B_grad:	0.14972255625455	
    Magnitude of b:	10.467948022834	

	
    Current index:	29501	
    Magnitude of W_grad:	20.702323940805	
    Magnitude of W:	180376.51911278	
    Magnitude of B_grad:	0.10367202985485	
    Magnitude of b:	10.452517284301	

	
    Current index:	39501	
    Magnitude of W_grad:	34.457998751605	
    Magnitude of W:	180360.02269264	
    Magnitude of B_grad:	0.19029131960357	
    Magnitude of b:	10.892163703329	

	
    Current index:	49501	
    Magnitude of W_grad:	31.689016040704	
    Magnitude of W:	180343.38009517	
    Magnitude of B_grad:	0.097684265611028	
    Magnitude of b:	10.888211319791	

	
    Current index:	59501	
    Magnitude of W_grad:	19.818712148147	
    Magnitude of W:	180326.76817426	
    Magnitude of B_grad:	0.041724067117966	
    Magnitude of b:	11.159601077447	

	
    Current index:	69501	
    Magnitude of W_grad:	30.639819786364	
    Magnitude of W:	180311.91057332	
    Magnitude of B_grad:	0.097574932336964	
    Magnitude of b:	11.322562736829	

	
    Current index:	79501	
    Magnitude of W_grad:	31.584924388904	
    Magnitude of W:	180295.43129809	
    Magnitude of B_grad:	0.11920794580577	
    Magnitude of b:	10.380653940534	

	
    Current index:	89501	
    Magnitude of W_grad:	32.615211990977	
    Magnitude of W:	180279.90584084	
    Magnitude of B_grad:	0.12054688584476	
    Magnitude of b:	10.136446898259	

	
    Current index:	99501	
    Magnitude of W_grad:	33.404056289999	
    Magnitude of W:	180264.09872349	
    Magnitude of B_grad:	0.1063278800073	
    Magnitude of b:	10.315746805028	

	
    Current index:	109501	
    Magnitude of W_grad:	33.478108931582	
    Magnitude of W:	180248.31967349	
    Magnitude of B_grad:	0.10985863653358	
    Magnitude of b:	10.377321823787	

	
    Current index:	119501	
    Magnitude of W_grad:	32.633018121451	
    Magnitude of W:	180232.2305244	
    Magnitude of B_grad:	0.2415895310024	
    Magnitude of b:	10.350659870234	

	
    Current index:	129501	
    Magnitude of W_grad:	31.87289989223	
    Magnitude of W:	180216.25080772	
    Magnitude of B_grad:	0.10216661934585	
    Magnitude of b:	10.337505950358	

	
    Current index:	139501	
    Magnitude of W_grad:	30.158973754169	
    Magnitude of W:	180199.78637562	
    Magnitude of B_grad:	0.12688392849572	
    Magnitude of b:	10.345985530094	

	
SGD: Loss is	
	LOSS:Calculated softmax res	
333353.41827555	
SGD: crossEntropyLoss is	
333353.41827555	
SGD: Validation Accuracy is:	
0.29881925522253	
SGD: Magnitude of W:	
180195.84586828	
SGD: Magnitude of b:	
9.7958464600995	
    Current index:	9501	
    Magnitude of W_grad:	30.299975789191	
    Magnitude of W:	180182.09836735	
    Magnitude of B_grad:	0.062565270185626	
    Magnitude of b:	9.8940408799535	

	
    Current index:	19501	
    Magnitude of W_grad:	28.474822234088	
    Magnitude of W:	180167.2863171	
    Magnitude of B_grad:	0.15048715491211	
    Magnitude of b:	10.399159707419	

	
    Current index:	29501	
    Magnitude of W_grad:	20.427103459683	
    Magnitude of W:	180151.48347876	
    Magnitude of B_grad:	0.10281968118116	
    Magnitude of b:	10.381968841686	

	
    Current index:	39501	
    Magnitude of W_grad:	33.928438554484	
    Magnitude of W:	180135.39166094	
    Magnitude of B_grad:	0.18109780745412	
    Magnitude of b:	10.82044330418	

	
    Current index:	49501	
    Magnitude of W_grad:	31.235099615468	
    Magnitude of W:	180119.3012021	
    Magnitude of B_grad:	0.096855882298131	
    Magnitude of b:	10.816661601571	

	
    Current index:	59501	
    Magnitude of W_grad:	19.559917521052	
    Magnitude of W:	180103.16689561	
    Magnitude of B_grad:	0.038019448919456	
    Magnitude of b:	11.084875536399	

	
    Current index:	69501	
    Magnitude of W_grad:	29.947090912949	
    Magnitude of W:	180088.7887741	
    Magnitude of B_grad:	0.090394830799699	
    Magnitude of b:	11.243180208357	

	
    Current index:	79501	
    Magnitude of W_grad:	30.898190652771	
    Magnitude of W:	180072.92718486	
    Magnitude of B_grad:	0.11253120820505	
    Magnitude of b:	10.318266893683	

	
    Current index:	89501	
    Magnitude of W_grad:	31.934944539743	
    Magnitude of W:	180057.70075967	
    Magnitude of B_grad:	0.11868299129115	
    Magnitude of b:	10.074993120882	

	
    Current index:	99501	
    Magnitude of W_grad:	32.788860761187	
    Magnitude of W:	180042.37192995	
    Magnitude of B_grad:	0.10561742572862	
    Magnitude of b:	10.243093160992	

	
    Current index:	109501	
    Magnitude of W_grad:	32.896480474904	
    Magnitude of W:	180027.10014594	
    Magnitude of B_grad:	0.10962744844266	
    Magnitude of b:	10.30716541559	

	
    Current index:	119501	
    Magnitude of W_grad:	32.14631142246	
    Magnitude of W:	180011.57963835	
    Magnitude of B_grad:	0.23821491511146	
    Magnitude of b:	10.283313518141	

	
    Current index:	129501	
    Magnitude of W_grad:	31.400469166748	
    Magnitude of W:	179996.20239813	
    Magnitude of B_grad:	0.10417077650981	
    Magnitude of b:	10.267463157193	

	
    Current index:	139501	
    Magnitude of W_grad:	29.665136576275	
    Magnitude of W:	179980.23575711	
    Magnitude of B_grad:	0.12355521970732	
    Magnitude of b:	10.273871355894	

	
Done.	
Testing on validation set...	
Done	
Datafile:	/n/home09/ankitgupta/CS287/HW1/SST1-uni-syns.hdf5	Classifier:	lr	Alpha:	0	Eta:	0.5	Lambda:	0.5	Minibatch size:	500	Num Epochs:	15	Minimum Sentence Length:	5	
Accuracy:	0.30154405086285	
