[?1034hParameters are:
	
Datafile:	/n/home09/ankitgupta/CS287/HW1/SST1.hdf5	Classifier:	lr	Alpha:	0	Eta:	0.5	Lambda:	1	Minibatch size:	500	Num Epochs:	50	Minimum Sentence Length:	5	
Note that not all parameters may apply to all classifiers	
Loading datafiles...	
Number of training samples before removing small sentences	156817	
Number of training samples after removing small sentences	93603	
Done.	
Training classifier...	
SGD: Loss is	
	LOSS:Calculated softmax res	
522918.48979644	
SGD: crossEntropyLoss is	
522918.48979644	
SGD: Validation Accuracy is:	
0.21798365122616	
SGD: Magnitude of W:	
61237.48193813	
SGD: Magnitude of b:	
4.220091382755	
    Current index:	9501	
    Magnitude of W_grad:	10.205683458997	
    Magnitude of W:	61208.378049479	
    Magnitude of B_grad:	0.14344495453635	
    Magnitude of b:	3.969679523148	

	
    Current index:	19501	
    Magnitude of W_grad:	9.0733946516768	
    Magnitude of W:	61183.624674307	
    Magnitude of B_grad:	0.25630739251865	
    Magnitude of b:	3.9133033409651	

	
    Current index:	29501	
    Magnitude of W_grad:	8.3605573250332	
    Magnitude of W:	61159.002358897	
    Magnitude of B_grad:	0.20151148781776	
    Magnitude of b:	4.129362162896	

	
    Current index:	39501	
    Magnitude of W_grad:	9.9063579189611	
    Magnitude of W:	61136.287399631	
    Magnitude of B_grad:	0.28318750065776	
    Magnitude of b:	4.7779560174015	

	
    Current index:	49501	
    Magnitude of W_grad:	9.9982292229454	
    Magnitude of W:	61109.900664895	
    Magnitude of B_grad:	0.41444376838197	
    Magnitude of b:	3.934970498936	

	
    Current index:	59501	
    Magnitude of W_grad:	8.1735703354385	
    Magnitude of W:	61082.304356528	
    Magnitude of B_grad:	0.20777945685259	
    Magnitude of b:	4.0478378704776	

	
    Current index:	69501	
    Magnitude of W_grad:	8.9925829259697	
    Magnitude of W:	61056.243415617	
    Magnitude of B_grad:	0.14981264523471	
    Magnitude of b:	4.6408564521379	

	
    Current index:	79501	
    Magnitude of W_grad:	8.157011494181	
    Magnitude of W:	61031.749802267	
    Magnitude of B_grad:	0.11820366351514	
    Magnitude of b:	4.9273976496834	

	
    Current index:	89501	
    Magnitude of W_grad:	9.0927316780827	
    Magnitude of W:	61008.343946055	
    Magnitude of B_grad:	0.27599320804298	
    Magnitude of b:	5.311187040002	

	
SGD: Loss is	
	LOSS:Calculated softmax res	
321876.68476297	
SGD: crossEntropyLoss is	
321876.68476297	
SGD: Validation Accuracy is:	
0.24704813805631	
SGD: Magnitude of W:	
60999.069130998	
SGD: Magnitude of b:	
4.7979357592858	
    Current index:	9501	
    Magnitude of W_grad:	8.3049749169137	
    Magnitude of W:	60976.541060562	
    Magnitude of B_grad:	0.17121863181305	
    Magnitude of b:	4.7465536542331	

	
    Current index:	19501	
    Magnitude of W_grad:	8.5303330951292	
    Magnitude of W:	60955.61148142	
    Magnitude of B_grad:	0.22020454853096	
    Magnitude of b:	5.3301368312374	

	
    Current index:	29501	
    Magnitude of W_grad:	8.1661664534038	
    Magnitude of W:	60934.418132651	
    Magnitude of B_grad:	0.19184118513093	
    Magnitude of b:	5.4704156211566	

	
    Current index:	39501	
    Magnitude of W_grad:	9.3442126182586	
    Magnitude of W:	60914.247763088	
    Magnitude of B_grad:	0.27503625169709	
    Magnitude of b:	6.0367164905497	

	
    Current index:	49501	
    Magnitude of W_grad:	9.4657836190116	
    Magnitude of W:	60890.519490761	
    Magnitude of B_grad:	0.34851818020402	
    Magnitude of b:	5.1540013426748	

	
    Current index:	59501	
    Magnitude of W_grad:	8.1770865910211	
    Magnitude of W:	60866.849912011	
    Magnitude of B_grad:	0.21402083903677	
    Magnitude of b:	5.3943196764216	

	
    Current index:	69501	
    Magnitude of W_grad:	8.8300027881423	
    Magnitude of W:	60844.067150311	
    Magnitude of B_grad:	0.14128532604012	
    Magnitude of b:	5.7562734020286	

	
    Current index:	79501	
    Magnitude of W_grad:	7.968229319716	
    Magnitude of W:	60821.483161154	
    Magnitude of B_grad:	0.11149272357379	
    Magnitude of b:	5.9270914636074	

	
    Current index:	89501	
    Magnitude of W_grad:	8.7676616271376	
    Magnitude of W:	60799.50949911	
    Magnitude of B_grad:	0.25012207069645	
    Magnitude of b:	6.2291302089407	

	
SGD: Loss is	
	LOSS:Calculated softmax res	
301163.15790644	
SGD: crossEntropyLoss is	
301163.15790644	
SGD: Validation Accuracy is:	
0.25340599455041	
SGD: Magnitude of W:	
60791.201282356	
SGD: Magnitude of b:	
5.6816646026685	
    Current index:	9501	
    Magnitude of W_grad:	8.2600776048798	
    Magnitude of W:	60771.417198533	
    Magnitude of B_grad:	0.18985195857232	
    Magnitude of b:	5.5047196827407	

	
    Current index:	19501	
    Magnitude of W_grad:	8.4340300010537	
    Magnitude of W:	60752.129540558	
    Magnitude of B_grad:	0.21527724075604	
    Magnitude of b:	5.9923808687781	

	
    Current index:	29501	
    Magnitude of W_grad:	8.0743901917641	
    Magnitude of W:	60731.977985563	
    Magnitude of B_grad:	0.1889856247151	
    Magnitude of b:	6.0887317996685	

	
    Current index:	39501	
    Magnitude of W_grad:	8.99841231866	
    Magnitude of W:	60712.478212927	
    Magnitude of B_grad:	0.25795552697431	
    Magnitude of b:	6.6085412516283	

	
    Current index:	49501	
    Magnitude of W_grad:	9.2458480156941	
    Magnitude of W:	60690.129078014	
    Magnitude of B_grad:	0.33376176114612	
    Magnitude of b:	5.7187313948354	

	
    Current index:	59501	
    Magnitude of W_grad:	7.9437986161906	
    Magnitude of W:	60667.840042469	
    Magnitude of B_grad:	0.21324878577213	
    Magnitude of b:	5.8693730395163	

	
    Current index:	69501	
    Magnitude of W_grad:	8.6227506175726	
    Magnitude of W:	60646.90875056	
    Magnitude of B_grad:	0.13299355965097	
    Magnitude of b:	6.1533295216222	

	
    Current index:	79501	
    Magnitude of W_grad:	7.862386888073	
    Magnitude of W:	60625.617778416	
    Magnitude of B_grad:	0.11451738758786	
    Magnitude of b:	6.3078584289954	

	
    Current index:	89501	
    Magnitude of W_grad:	8.5078629396522	
    Magnitude of W:	60604.588720661	
    Magnitude of B_grad:	0.23081275208973	
    Magnitude of b:	6.5874714223377	

	
SGD: Loss is	
	LOSS:Calculated softmax res	
288202.6833353	
SGD: crossEntropyLoss is	
288202.6833353	
SGD: Validation Accuracy is:	
0.26248864668483	
SGD: Magnitude of W:	
60596.787135718	
SGD: Magnitude of b:	
6.032866589707	
    Current index:	9501	
    Magnitude of W_grad:	8.2240990394988	
    Magnitude of W:	60577.151576698	
    Magnitude of B_grad:	0.19228364645429	
    Magnitude of b:	5.8463543841546	

	
    Current index:	19501	
    Magnitude of W_grad:	8.313708129001	
    Magnitude of W:	60559.131705942	
    Magnitude of B_grad:	0.20851126962911	
    Magnitude of b:	6.2932911097918	

	
    Current index:	29501	
    Magnitude of W_grad:	7.968768649146	
    Magnitude of W:	60540.115341179	
    Magnitude of B_grad:	0.19015014805001	
    Magnitude of b:	6.3710062322264	

	
    Current index:	39501	
    Magnitude of W_grad:	8.7784676033618	
    Magnitude of W:	60521.148349182	
    Magnitude of B_grad:	0.24567340456662	
    Magnitude of b:	6.8784355858558	

	
    Current index:	49501	
    Magnitude of W_grad:	9.1275744805776	
    Magnitude of W:	60499.793972361	
    Magnitude of B_grad:	0.32858995983071	
    Magnitude of b:	6.0403402650843	

	
    Current index:	59501	
    Magnitude of W_grad:	7.7305046799159	
    Magnitude of W:	60478.382827947	
    Magnitude of B_grad:	0.21331969546239	
    Magnitude of b:	6.0864060800799	

	
    Current index:	69501	
    Magnitude of W_grad:	8.3823007153017	
    Magnitude of W:	60458.261439597	
    Magnitude of B_grad:	0.12271062775508	
    Magnitude of b:	6.3305995340732	

	
    Current index:	79501	
    Magnitude of W_grad:	7.7520571226643	
    Magnitude of W:	60437.956136207	
    Magnitude of B_grad:	0.1193398647937	
    Magnitude of b:	6.4830559294974	

	
    Current index:	89501	
    Magnitude of W_grad:	8.2927358194544	
    Magnitude of W:	60417.854195933	
    Magnitude of B_grad:	0.21508325412176	
    Magnitude of b:	6.7499676850313	

	
SGD: Loss is	
	LOSS:Calculated softmax res	
278440.16127924	
SGD: crossEntropyLoss is	
278440.16127924	
SGD: Validation Accuracy is:	
0.26702997275204	
SGD: Magnitude of W:	
60410.26793998	
SGD: Magnitude of b:	
6.1924040954007	
    Current index:	9501	
    Magnitude of W_grad:	8.1284856649201	
    Magnitude of W:	60391.286832533	
    Magnitude of B_grad:	0.19153990269599	
    Magnitude of b:	6.0289298630964	

	
    Current index:	19501	
    Magnitude of W_grad:	8.1606345208549	
    Magnitude of W:	60373.948646245	
    Magnitude of B_grad:	0.20107973959208	
    Magnitude of b:	6.450647661039	

	
    Current index:	29501	
    Magnitude of W_grad:	7.882807982791	
    Magnitude of W:	60355.428726862	
    Magnitude of B_grad:	0.19159044526531	
    Magnitude of b:	6.516992312963	

	
    Current index:	39501	
    Magnitude of W_grad:	8.6296307964437	
    Magnitude of W:	60337.056067239	
    Magnitude of B_grad:	0.23703404661428	
    Magnitude of b:	7.0242361400914	

	
    Current index:	49501	
    Magnitude of W_grad:	9.0624995626682	
    Magnitude of W:	60316.337553544	
    Magnitude of B_grad:	0.32352102321329	
    Magnitude of b:	6.2451659729758	

	
    Current index:	59501	
    Magnitude of W_grad:	7.5733828458046	
    Magnitude of W:	60295.982512913	
    Magnitude of B_grad:	0.21417252573988	
    Magnitude of b:	6.1984152360695	

	
    Current index:	69501	
    Magnitude of W_grad:	8.1372544859489	
    Magnitude of W:	60276.865760887	
    Magnitude of B_grad:	0.11368096193204	
    Magnitude of b:	6.4169851327668	

	
    Current index:	79501	
    Magnitude of W_grad:	7.6545441893	
    Magnitude of W:	60257.48012503	
    Magnitude of B_grad:	0.12380399861125	
    Magnitude of b:	6.5692569659563	

	
    Current index:	89501	
    Magnitude of W_grad:	8.1036350572889	
    Magnitude of W:	60238.037226011	
    Magnitude of B_grad:	0.20185881388597	
    Magnitude of b:	6.8268129950176	

	
SGD: Loss is	
	LOSS:Calculated softmax res	
270502.64994536	
SGD: crossEntropyLoss is	
270502.64994536	
SGD: Validation Accuracy is:	
0.2724795640327	
SGD: Magnitude of W:	
60230.714142417	
SGD: Magnitude of b:	
6.2679119122208	
    Current index:	9501	
    Magnitude of W_grad:	8.0112998603444	
    Magnitude of W:	60212.995479165	
    Magnitude of B_grad:	0.18998079714147	
    Magnitude of b:	6.1340845393308	

	
    Current index:	19501	
    Magnitude of W_grad:	7.9980149389846	
    Magnitude of W:	60196.405790874	
    Magnitude of B_grad:	0.19371614109064	
    Magnitude of b:	6.5376680679749	

	
    Current index:	29501	
    Magnitude of W_grad:	7.8052472172083	
    Magnitude of W:	60178.722328905	
    Magnitude of B_grad:	0.1923211318299	
    Magnitude of b:	6.5959982295721	

	
    Current index:	39501	
    Magnitude of W_grad:	8.4965466991881	
    Magnitude of W:	60160.915662285	
    Magnitude of B_grad:	0.23026354997376	
    Magnitude of b:	7.106390106434	

	
    Current index:	49501	
    Magnitude of W_grad:	9.0153379092067	
    Magnitude of W:	60140.805609255	
    Magnitude of B_grad:	0.3181940450683	
    Magnitude of b:	6.3685989949805	

	
    Current index:	59501	
    Magnitude of W_grad:	7.4507991607208	
    Magnitude of W:	60121.227939055	
    Magnitude of B_grad:	0.21541527507531	
    Magnitude of b:	6.2584892776753	

	
    Current index:	69501	
    Magnitude of W_grad:	7.9147279927123	
    Magnitude of W:	60102.748173272	
    Magnitude of B_grad:	0.10654578348001	
    Magnitude of b:	6.4598035124518	

	
    Current index:	79501	
    Magnitude of W_grad:	7.5614813689465	
    Magnitude of W:	60083.975561262	
    Magnitude of B_grad:	0.12737195661937	
    Magnitude of b:	6.6119546861436	

	
    Current index:	89501	
    Magnitude of W_grad:	7.9258146813498	
    Magnitude of W:	60065.144166873	
    Magnitude of B_grad:	0.19047304337877	
    Magnitude of b:	6.8619884392735	

	
SGD: Loss is	
	LOSS:Calculated softmax res	
263773.32097146	
SGD: crossEntropyLoss is	
263773.32097146	
SGD: Validation Accuracy is:	
0.27338782924614	
SGD: Magnitude of W:	
60058.097453123	
SGD: Magnitude of b:	
6.303208623723	
    Current index:	9501	
    Magnitude of W_grad:	7.8841829956089	
    Magnitude of W:	60040.804655679	
    Magnitude of B_grad:	0.1881833319108	
    Magnitude of b:	6.1941958136371	

	
    Current index:	19501	
    Magnitude of W_grad:	7.8349544301736	
    Magnitude of W:	60024.521854362	
    Magnitude of B_grad:	0.18677669784427	
    Magnitude of b:	6.583785030915	

	
    Current index:	29501	
    Magnitude of W_grad:	7.7260132768252	
    Magnitude of W:	60007.307620073	
    Magnitude of B_grad:	0.19221995755523	
    Magnitude of b:	6.6363321316899	

	
    Current index:	39501	
    Magnitude of W_grad:	8.3723602684698	
    Magnitude of W:	59989.808708728	
    Magnitude of B_grad:	0.22447201337075	
    Magnitude of b:	7.1504786237082	

	
    Current index:	49501	
    Magnitude of W_grad:	8.9785813036786	
    Magnitude of W:	59970.309176084	
    Magnitude of B_grad:	0.31343454009958	
    Magnitude of b:	6.44044539435	

	
    Current index:	59501	
    Magnitude of W_grad:	7.3546608732462	
    Magnitude of W:	59951.337380861	
    Magnitude of B_grad:	0.21664368568816	
    Magnitude of b:	6.2901076891654	

	
    Current index:	69501	
    Magnitude of W_grad:	7.7161163296493	
    Magnitude of W:	59933.375557012	
    Magnitude of B_grad:	0.10096368727842	
    Magnitude of b:	6.4795624911375	

	
    Current index:	79501	
    Magnitude of W_grad:	7.464847227349	
    Magnitude of W:	59915.144258117	
    Magnitude of B_grad:	0.13004513536724	
    Magnitude of b:	6.6309588213748	

	
    Current index:	89501	
    Magnitude of W_grad:	7.7488995397277	
    Magnitude of W:	59896.821460504	
    Magnitude of B_grad:	0.18049761834118	
    Magnitude of b:	6.8749652226478	

	
SGD: Loss is	
	LOSS:Calculated softmax res	
257910.89988146	
SGD: crossEntropyLoss is	
257910.89988146	
SGD: Validation Accuracy is:	
0.2724795640327	
SGD: Magnitude of W:	
59889.951794448	
SGD: Magnitude of b:	
6.3174601295474	
    Current index:	9501	
    Magnitude of W_grad:	7.7580759727987	
    Magnitude of W:	59873.164771924	
    Magnitude of B_grad:	0.18647268967822	
    Magnitude of b:	6.2262865736108	

	
    Current index:	19501	
    Magnitude of W_grad:	7.6730699468558	
    Magnitude of W:	59857.333602077	
    Magnitude of B_grad:	0.18040036003026	
    Magnitude of b:	6.6045398291397	

	
    Current index:	29501	
    Magnitude of W_grad:	7.6409971155382	
    Magnitude of W:	59840.490977317	
    Magnitude of B_grad:	0.19128747048967	
    Magnitude of b:	6.6528222405261	

	
    Current index:	39501	
    Magnitude of W_grad:	8.2528906130594	
    Magnitude of W:	59823.333646046	
    Magnitude of B_grad:	0.21924804877481	
    Magnitude of b:	7.1704801991231	

	
    Current index:	49501	
    Magnitude of W_grad:	8.9380031373387	
    Magnitude of W:	59804.265815301	
    Magnitude of B_grad:	0.30953915755177	
    Magnitude of b:	6.4788747735445	

	
    Current index:	59501	
    Magnitude of W_grad:	7.2635898055092	
    Magnitude of W:	59785.914913032	
    Magnitude of B_grad:	0.21757472359912	
    Magnitude of b:	6.3049338638933	

	
    Current index:	69501	
    Magnitude of W_grad:	7.5354342813732	
    Magnitude of W:	59768.349239695	
    Magnitude of B_grad:	0.096544008539502	
    Magnitude of b:	6.4861876924445	

	
    Current index:	79501	
    Magnitude of W_grad:	7.3687518007127	
    Magnitude of W:	59750.66590687	
    Magnitude of B_grad:	0.13191080544966	
    Magnitude of b:	6.6361750556532	

	
    Current index:	89501	
    Magnitude of W_grad:	7.5763923160632	
    Magnitude of W:	59732.866425608	
    Magnitude of B_grad:	0.17166291958481	
    Magnitude of b:	6.8754471816899	

	
SGD: Loss is	
	LOSS:Calculated softmax res	
252703.37636683	
SGD: crossEntropyLoss is	
252703.37636683	
SGD: Validation Accuracy is:	
0.27702089009991	
SGD: Magnitude of W:	
59726.28773871	
SGD: Magnitude of b:	
6.320020243005	
    Current index:	9501	
    Magnitude of W_grad:	7.634870775485	
    Magnitude of W:	59709.994371813	
    Magnitude of B_grad:	0.18494607100787	
    Magnitude of b:	6.2408125358277	

	
    Current index:	19501	
    Magnitude of W_grad:	7.5119080240921	
    Magnitude of W:	59694.658341502	
    Magnitude of B_grad:	0.17459920161444	
    Magnitude of b:	6.6096650871329	

	
    Current index:	29501	
    Magnitude of W_grad:	7.5526762232102	
    Magnitude of W:	59678.200496336	
    Magnitude of B_grad:	0.18958894861824	
    Magnitude of b:	6.654635829054	

	
    Current index:	39501	
    Magnitude of W_grad:	8.136289603895	
    Magnitude of W:	59661.300309846	
    Magnitude of B_grad:	0.21440714275617	
    Magnitude of b:	7.1752026368709	

	
    Current index:	49501	
    Magnitude of W_grad:	8.8935806511212	
    Magnitude of W:	59642.853924984	
    Magnitude of B_grad:	0.30647829683801	
    Magnitude of b:	6.4957952176121	

	
    Current index:	59501	
    Magnitude of W_grad:	7.1801820429974	
    Magnitude of W:	59624.88750625	
    Magnitude of B_grad:	0.21810027148368	
    Magnitude of b:	6.3094265177321	

	
    Current index:	69501	
    Magnitude of W_grad:	7.3753601543614	
    Magnitude of W:	59607.791895911	
    Magnitude of B_grad:	0.093042821817174	
    Magnitude of b:	6.4851053365204	

	
    Current index:	79501	
    Magnitude of W_grad:	7.2765097066764	
    Magnitude of W:	59590.746406724	
    Magnitude of B_grad:	0.1330587321421	
    Magnitude of b:	6.6331901899618	

	
    Current index:	89501	
    Magnitude of W_grad:	7.4097800560156	
    Magnitude of W:	59573.440281678	
    Magnitude of B_grad:	0.16379600460807	
    Magnitude of b:	6.8688117877586	

	
SGD: Loss is	
	LOSS:Calculated softmax res	
248011.93318097	
SGD: crossEntropyLoss is	
248011.93318097	
SGD: Validation Accuracy is:	
0.27792915531335	
SGD: Magnitude of W:	
59567.120326164	
SGD: Magnitude of b:	
6.3160178606847	
    Current index:	9501	
    Magnitude of W_grad:	7.5158940889757	
    Magnitude of W:	59551.244813852	
    Magnitude of B_grad:	0.18353217425929	
    Magnitude of b:	6.2444245761207	

	
    Current index:	19501	
    Magnitude of W_grad:	7.3543283605332	
    Magnitude of W:	59536.526392515	
    Magnitude of B_grad:	0.16935089902551	
    Magnitude of b:	6.6054628788028	

	
    Current index:	29501	
    Magnitude of W_grad:	7.4614966968533	
    Magnitude of W:	59520.584079137	
    Magnitude of B_grad:	0.18734125371188	
    Magnitude of b:	6.6477448902282	

	
    Current index:	39501	
    Magnitude of W_grad:	8.0197666121387	
    Magnitude of W:	59503.995883873	
    Magnitude of B_grad:	0.20988073459713	
    Magnitude of b:	7.1703330273988	

	
    Current index:	49501	
    Magnitude of W_grad:	8.8435435399065	
    Magnitude of W:	59485.905634525	
    Magnitude of B_grad:	0.30467706707795	
    Magnitude of b:	6.4990926048423	

	
    Current index:	59501	
    Magnitude of W_grad:	7.1007582388832	
    Magnitude of W:	59468.391077576	
    Magnitude of B_grad:	0.21822137062068	
    Magnitude of b:	6.3075866300174	

	
    Current index:	69501	
    Magnitude of W_grad:	7.2234620509261	
    Magnitude of W:	59451.705429925	
    Magnitude of B_grad:	0.090367027890906	
    Magnitude of b:	6.4796477570492	

	
    Current index:	79501	
    Magnitude of W_grad:	7.1824718778405	
    Magnitude of W:	59435.103626181	
    Magnitude of B_grad:	0.13359115409832	
    Magnitude of b:	6.6254317077417	

	
    Current index:	89501	
    Magnitude of W_grad:	7.2486179884759	
    Magnitude of W:	59418.262756075	
    Magnitude of B_grad:	0.15677402093234	
    Magnitude of b:	6.8582798413791	

	
SGD: Loss is	
	LOSS:Calculated softmax res	
243741.60351755	
SGD: crossEntropyLoss is	
243741.60351755	
SGD: Validation Accuracy is:	
0.27883742052679	
SGD: Magnitude of W:	
59412.169850911	
SGD: Magnitude of b:	
6.3085061795744	
    Current index:	9501	
    Magnitude of W_grad:	7.4066095747189	
    Magnitude of W:	59396.672533245	
    Magnitude of B_grad:	0.18214243232194	
    Magnitude of b:	6.2413463310735	

	
    Current index:	19501	
    Magnitude of W_grad:	7.2029244163393	
    Magnitude of W:	59382.292973133	
    Magnitude of B_grad:	0.16462986636697	
    Magnitude of b:	6.5959183698899	

	
    Current index:	29501	
    Magnitude of W_grad:	7.3694921453137	
    Magnitude of W:	59366.588758535	
    Magnitude of B_grad:	0.18482677498064	
    Magnitude of b:	6.6359820791793	

	
    Current index:	39501	
    Magnitude of W_grad:	7.9027783983701	
    Magnitude of W:	59350.239490794	
    Magnitude of B_grad:	0.20565577359743	
    Magnitude of b:	7.159518698727	

	
    Current index:	49501	
    Magnitude of W_grad:	8.7876281987318	
    Magnitude of W:	59332.501113564	
    Magnitude of B_grad:	0.30743669692305	
    Magnitude of b:	6.4939335995105	

	
    Current index:	59501	
    Magnitude of W_grad:	7.0246558177267	
    Magnitude of W:	59315.34818883	
    Magnitude of B_grad:	0.21799032472259	
    Magnitude of b:	6.30243216092	

	
    Current index:	69501	
    Magnitude of W_grad:	7.0775057157151	
    Magnitude of W:	59298.963119394	
    Magnitude of B_grad:	0.088599322212301	
    Magnitude of b:	6.4719316000943	

	
    Current index:	79501	
    Magnitude of W_grad:	7.0890970992223	
    Magnitude of W:	59282.726926889	
    Magnitude of B_grad:	0.13362217456727	
    Magnitude of b:	6.6150351017473	

	
    Current index:	89501	
    Magnitude of W_grad:	7.103796233231	
    Magnitude of W:	59266.236170959	
    Magnitude of B_grad:	0.15049303228845	
    Magnitude of b:	6.845806832714	

	
SGD: Loss is	
	LOSS:Calculated softmax res	
239823.36712539	
SGD: crossEntropyLoss is	
239823.36712539	
SGD: Validation Accuracy is:	
0.27974568574024	
SGD: Magnitude of W:	
59260.421366955	
SGD: Magnitude of b:	
6.2993190870759	
    Current index:	9501	
    Magnitude of W_grad:	7.3032161833881	
    Magnitude of W:	59245.272418633	
    Magnitude of B_grad:	0.18073741791846	
    Magnitude of b:	6.234252663886	

	
    Current index:	19501	
    Magnitude of W_grad:	7.0598660782413	
    Magnitude of W:	59231.133339178	
    Magnitude of B_grad:	0.16040453902019	
    Magnitude of b:	6.5834803578638	

	
    Current index:	29501	
    Magnitude of W_grad:	7.2777565015863	
    Magnitude of W:	59215.767645036	
    Magnitude of B_grad:	0.18224350218749	
    Magnitude of b:	6.6216872897203	

	
    Current index:	39501	
    Magnitude of W_grad:	7.7904154024168	
    Magnitude of W:	59199.609818509	
    Magnitude of B_grad:	0.20173929477536	
    Magnitude of b:	7.145137652308	

	
    Current index:	49501	
    Magnitude of W_grad:	8.7256325557497	
    Magnitude of W:	59182.027363823	
    Magnitude of B_grad:	0.30988911467468	
    Magnitude of b:	6.4836894524251	

	
    Current index:	59501	
    Magnitude of W_grad:	6.9517172584718	
    Magnitude of W:	59165.296718356	
    Magnitude of B_grad:	0.21747732314715	
    Magnitude of b:	6.2986098883627	

	
    Current index:	69501	
    Magnitude of W_grad:	6.9380542360416	
    Magnitude of W:	59149.324701483	
    Magnitude of B_grad:	0.089620050556095	
    Magnitude of b:	6.463240587993	

	
    Current index:	79501	
    Magnitude of W_grad:	6.998225726969	
    Magnitude of W:	59133.372558991	
    Magnitude of B_grad:	0.13326331758939	
    Magnitude of b:	6.6032945639344	

	
    Current index:	89501	
    Magnitude of W_grad:	6.9677016499156	
    Magnitude of W:	59117.136180526	
    Magnitude of B_grad:	0.14485655801865	
    Magnitude of b:	6.8325410828445	

	
SGD: Loss is	
	LOSS:Calculated softmax res	
236204.24523744	
SGD: crossEntropyLoss is	
236204.24523744	
SGD: Validation Accuracy is:	
0.28882833787466	
SGD: Magnitude of W:	
59111.43880591	
SGD: Magnitude of b:	
6.2895129238297	
    Current index:	9501	
    Magnitude of W_grad:	7.2061884665733	
    Magnitude of W:	59096.576707611	
    Magnitude of B_grad:	0.17930986666286	
    Magnitude of b:	6.2248359376518	

	
    Current index:	19501	
    Magnitude of W_grad:	6.9260809361257	
    Magnitude of W:	59082.789845877	
    Magnitude of B_grad:	0.15663364421401	
    Magnitude of b:	6.5696249848719	

	
    Current index:	29501	
    Magnitude of W_grad:	7.1857714637545	
    Magnitude of W:	59067.595710259	
    Magnitude of B_grad:	0.17969148198526	
    Magnitude of b:	6.6062265216161	

	
    Current index:	39501	
    Magnitude of W_grad:	7.681022755421	
    Magnitude of W:	59051.707314301	
    Magnitude of B_grad:	0.19813995637798	
    Magnitude of b:	7.1287555461797	

	
    Current index:	49501	
    Magnitude of W_grad:	8.6583624532865	
    Magnitude of W:	59034.484843587	
    Magnitude of B_grad:	0.31201935784762	
    Magnitude of b:	6.4705382278334	

	
    Current index:	59501	
    Magnitude of W_grad:	6.8815490232181	
    Magnitude of W:	59018.034053348	
    Magnitude of B_grad:	0.21675327603587	
    Magnitude of b:	6.2916234512112	

	
    Current index:	69501	
    Magnitude of W_grad:	6.8045884286996	
    Magnitude of W:	59002.45790125	
    Magnitude of B_grad:	0.090959920935258	
    Magnitude of b:	6.454271411409	

	
    Current index:	79501	
    Magnitude of W_grad:	6.9127815834678	
    Magnitude of W:	58986.739700766	
    Magnitude of B_grad:	0.13261248146843	
    Magnitude of b:	6.5909599163541	

	
    Current index:	89501	
    Magnitude of W_grad:	6.8370643347851	
    Magnitude of W:	58970.835163499	
    Magnitude of B_grad:	0.13977451768784	
    Magnitude of b:	6.8191162874408	

	
SGD: Loss is	
	LOSS:Calculated softmax res	
232842.1994394	
SGD: crossEntropyLoss is	
232842.1994394	
SGD: Validation Accuracy is:	
0.29155313351499	
SGD: Magnitude of W:	
58965.225705017	
SGD: Magnitude of b:	
6.279651160472	
    Current index:	9501	
    Magnitude of W_grad:	7.1151275079491	
    Magnitude of W:	58950.730793854	
    Magnitude of B_grad:	0.17785796883804	
    Magnitude of b:	6.2141602182762	

	
    Current index:	19501	
    Magnitude of W_grad:	6.8039248733652	
    Magnitude of W:	58937.257283745	
    Magnitude of B_grad:	0.15326724241223	
    Magnitude of b:	6.5552276537242	

	
    Current index:	29501	
    Magnitude of W_grad:	7.0934420028823	
    Magnitude of W:	58922.373182528	
    Magnitude of B_grad:	0.17722142676231	
    Magnitude of b:	6.5903790388729	

	
    Current index:	39501	
    Magnitude of W_grad:	7.5753934742791	
    Magnitude of W:	58906.787868336	
    Magnitude of B_grad:	0.19485841777978	
    Magnitude of b:	7.1113889958671	

	
    Current index:	49501	
    Magnitude of W_grad:	8.5878998885395	
    Magnitude of W:	58889.998371821	
    Magnitude of B_grad:	0.31381929399966	
    Magnitude of b:	6.4558555476733	

	
    Current index:	59501	
    Magnitude of W_grad:	6.8169638907131	
    Magnitude of W:	58873.843065336	
    Magnitude of B_grad:	0.21588152699037	
    Magnitude of b:	6.2827623348758	

	
    Current index:	69501	
    Magnitude of W_grad:	6.6803253654261	
    Magnitude of W:	58858.589733985	
    Magnitude of B_grad:	0.092437299029686	
    Magnitude of b:	6.4453357357695	

	
    Current index:	79501	
    Magnitude of W_grad:	6.8309422265651	
    Magnitude of W:	58843.09000325	
    Magnitude of B_grad:	0.13175031658593	
    Magnitude of b:	6.5784387722978	

	
    Current index:	89501	
    Magnitude of W_grad:	6.7138150356771	
    Magnitude of W:	58827.455049171	
    Magnitude of B_grad:	0.13516468315258	
    Magnitude of b:	6.8058472808442	

	
SGD: Loss is	
	LOSS:Calculated softmax res	
229703.19721513	
SGD: crossEntropyLoss is	
229703.19721513	
SGD: Validation Accuracy is:	
0.29336966394187	
SGD: Magnitude of W:	
58821.952002296	
SGD: Magnitude of b:	
6.2699936129258	
    Current index:	9501	
    Magnitude of W_grad:	7.0301411831559	
    Magnitude of W:	58807.623615658	
    Magnitude of B_grad:	0.17637577622238	
    Magnitude of b:	6.2028863489568	

	
    Current index:	19501	
    Magnitude of W_grad:	6.6924004221222	
    Magnitude of W:	58794.448540692	
    Magnitude of B_grad:	0.15025095129508	
    Magnitude of b:	6.5407965765786	

	
    Current index:	29501	
    Magnitude of W_grad:	7.0016728568044	
    Magnitude of W:	58779.875949075	
    Magnitude of B_grad:	0.17486157600889	
    Magnitude of b:	6.5745847705999	

	
    Current index:	39501	
    Magnitude of W_grad:	7.4733183770765	
    Magnitude of W:	58764.45319679	
    Magnitude of B_grad:	0.19188332416655	
    Magnitude of b:	7.0936861417543	

	
    Current index:	49501	
    Magnitude of W_grad:	8.5139699864978	
    Magnitude of W:	58747.946685251	
    Magnitude of B_grad:	0.31528970097629	
    Magnitude of b:	6.4404885949172	

	
    Current index:	59501	
    Magnitude of W_grad:	6.7548497344415	
    Magnitude of W:	58732.093389871	
    Magnitude of B_grad:	0.21491400450952	
    Magnitude of b:	6.272814846254	

	
    Current index:	69501	
    Magnitude of W_grad:	6.5838837923779	
    Magnitude of W:	58717.178976878	
    Magnitude of B_grad:	0.093878346395166	
    Magnitude of b:	6.4365273600376	

	
    Current index:	79501	
    Magnitude of W_grad:	6.7519981247777	
    Magnitude of W:	58701.947129157	
    Magnitude of B_grad:	0.1307406673791	
    Magnitude of b:	6.5659340250779	

	
    Current index:	89501	
    Magnitude of W_grad:	6.5993215260874	
    Magnitude of W:	58686.66508448	
    Magnitude of B_grad:	0.13095386675389	
    Magnitude of b:	6.7928617888334	

	
SGD: Loss is	
	LOSS:Calculated softmax res	
226759.29324167	
SGD: crossEntropyLoss is	
226759.29324167	
SGD: Validation Accuracy is:	
0.2960944595822	
SGD: Magnitude of W:	
58681.304590909	
SGD: Magnitude of b:	
6.2606224765986	
    Current index:	9501	
    Magnitude of W_grad:	6.9498499890663	
    Magnitude of W:	58667.117950505	
    Magnitude of B_grad:	0.1748545669143	
    Magnitude of b:	6.1914203115232	

	
    Current index:	19501	
    Magnitude of W_grad:	6.5873221724464	
    Magnitude of W:	58654.279519019	
    Magnitude of B_grad:	0.14753080563367	
    Magnitude of b:	6.5266188272448	

	
    Current index:	29501	
    Magnitude of W_grad:	6.9136231336207	
    Magnitude of W:	58640.117841303	
    Magnitude of B_grad:	0.17262534874352	
    Magnitude of b:	6.5590900963078	

	
    Current index:	39501	
    Magnitude of W_grad:	7.3764974385592	
    Magnitude of W:	58624.836860121	
    Magnitude of B_grad:	0.18919154475188	
    Magnitude of b:	7.0760546272062	

	
    Current index:	49501	
    Magnitude of W_grad:	8.4380168939774	
    Magnitude of W:	58608.778354923	
    Magnitude of B_grad:	0.31643973891521	
    Magnitude of b:	6.4249507352376	

	
    Current index:	59501	
    Magnitude of W_grad:	6.6956742638857	
    Magnitude of W:	58593.411070662	
    Magnitude of B_grad:	0.21388980164064	
    Magnitude of b:	6.2622650904553	

	
    Current index:	69501	
    Magnitude of W_grad:	6.5064343082295	
    Magnitude of W:	58578.880192345	
    Magnitude of B_grad:	0.095150624651134	
    Magnitude of b:	6.4278416387053	

	
    Current index:	79501	
    Magnitude of W_grad:	6.6765825268021	
    Magnitude of W:	58563.91699944	
    Magnitude of B_grad:	0.12963233966636	
    Magnitude of b:	6.5535371032561	

	
    Current index:	89501	
    Magnitude of W_grad:	6.4960923221058	
    Magnitude of W:	58549.024845452	
    Magnitude of B_grad:	0.12707853410055	
    Magnitude of b:	6.7801893015714	

	
SGD: Loss is	
	LOSS:Calculated softmax res	
223987.29772054	
SGD: crossEntropyLoss is	
223987.29772054	
SGD: Validation Accuracy is:	
0.29336966394187	
SGD: Magnitude of W:	
58543.763147863	
SGD: Magnitude of b:	
6.2515275933933	
    Current index:	9501	
    Magnitude of W_grad:	6.8749288518289	
    Magnitude of W:	58529.707696301	
    Magnitude of B_grad:	0.17328674918241	
    Magnitude of b:	6.1800106448378	

	
    Current index:	19501	
    Magnitude of W_grad:	6.4878601498096	
    Magnitude of W:	58517.095203761	
    Magnitude of B_grad:	0.1450569749516	
    Magnitude of b:	6.5128509947823	

	
    Current index:	29501	
    Magnitude of W_grad:	6.8290537966483	
    Magnitude of W:	58503.289093833	
    Magnitude of B_grad:	0.17051478863589	
    Magnitude of b:	6.5440308271585	

	
    Current index:	39501	
    Magnitude of W_grad:	7.2845100770288	
    Magnitude of W:	58488.235651826	
    Magnitude of B_grad:	0.18675099036461	
    Magnitude of b:	7.0587484326378	

	
    Current index:	49501	
    Magnitude of W_grad:	8.3597997878644	
    Magnitude of W:	58472.456337065	
    Magnitude of B_grad:	0.31728475733708	
    Magnitude of b:	6.4095555566568	

	
    Current index:	59501	
    Magnitude of W_grad:	6.6398249810909	
    Magnitude of W:	58457.31973593	
    Magnitude of B_grad:	0.21283538966448	
    Magnitude of b:	6.2514213238395	

	
    Current index:	69501	
    Magnitude of W_grad:	6.4451485934156	
    Magnitude of W:	58442.976048886	
    Magnitude of B_grad:	0.096169604284852	
    Magnitude of b:	6.4192488396735	

	
    Current index:	79501	
    Magnitude of W_grad:	6.6045108117977	
    Magnitude of W:	58428.235661695	
    Magnitude of B_grad:	0.12846113663889	
    Magnitude of b:	6.5412891150159	

	
    Current index:	89501	
    Magnitude of W_grad:	6.3995530755943	
    Magnitude of W:	58413.639378596	
    Magnitude of B_grad:	0.12348495702819	
    Magnitude of b:	6.7678192028858	

	
SGD: Loss is	
	LOSS:Calculated softmax res	
221367.8059771	
SGD: crossEntropyLoss is	
221367.8059771	
SGD: Validation Accuracy is:	
0.29700272479564	
SGD: Magnitude of W:	
58408.472459126	
SGD: Magnitude of b:	
6.2426638615128	
    Current index:	9501	
    Magnitude of W_grad:	6.8034685190467	
    Magnitude of W:	58394.572536391	
    Magnitude of B_grad:	0.17166849837105	
    Magnitude of b:	6.1688105330661	

	
    Current index:	19501	
    Magnitude of W_grad:	6.3931520460695	
    Magnitude of W:	58382.229189835	
    Magnitude of B_grad:	0.14278580044975	
    Magnitude of b:	6.4995743283219	

	
    Current index:	29501	
    Magnitude of W_grad:	6.7555257061162	
    Magnitude of W:	58368.681145411	
    Magnitude of B_grad:	0.16852446230085	
    Magnitude of b:	6.5294789399055	

	
    Current index:	39501	
    Magnitude of W_grad:	7.1982621157506	
    Magnitude of W:	58353.793046596	
    Magnitude of B_grad:	0.18452516160096	
    Magnitude of b:	7.0419244968843	

	
    Current index:	49501	
    Magnitude of W_grad:	8.2798590091329	
    Magnitude of W:	58338.211476611	
    Magnitude of B_grad:	0.31784376019807	
    Magnitude of b:	6.394501514473	

	
    Current index:	59501	
    Magnitude of W_grad:	6.5863660184536	
    Magnitude of W:	58323.320653672	
    Magnitude of B_grad:	0.21176618156509	
    Magnitude of b:	6.2404927100822	

	
    Current index:	69501	
    Magnitude of W_grad:	6.3878910090145	
    Magnitude of W:	58309.215377738	
    Magnitude of B_grad:	0.096893227660181	
    Magnitude of b:	6.4107299299284	

	
    Current index:	79501	
    Magnitude of W_grad:	6.5362391139551	
    Magnitude of W:	58294.785879016	
    Magnitude of B_grad:	0.1272519793027	
    Magnitude of b:	6.5292157324802	

	
    Current index:	89501	
    Magnitude of W_grad:	6.3072330936115	
    Magnitude of W:	58280.420143001	
    Magnitude of B_grad:	0.12012888125824	
    Magnitude of b:	6.755733564679	

	
SGD: Loss is	
	LOSS:Calculated softmax res	
218884.46224163	
SGD: crossEntropyLoss is	
218884.46224163	
SGD: Validation Accuracy is:	
0.29700272479564	
SGD: Magnitude of W:	
58275.345427407	
SGD: Magnitude of b:	
6.2339856635991	
    Current index:	9501	
    Magnitude of W_grad:	6.73381882321	
    Magnitude of W:	58261.610651569	
    Magnitude of B_grad:	0.17000042680036	
    Magnitude of b:	6.1579161261371	

	
    Current index:	19501	
    Magnitude of W_grad:	6.3036574967151	
    Magnitude of W:	58249.4833053	
    Magnitude of B_grad:	0.140680372609	
    Magnitude of b:	6.486827638635	

	
    Current index:	29501	
    Magnitude of W_grad:	6.688748490056	
    Magnitude of W:	58236.162267306	
    Magnitude of B_grad:	0.16664533805387	
    Magnitude of b:	6.5154693737508	

	
    Current index:	39501	
    Magnitude of W_grad:	7.1177338946903	
    Magnitude of W:	58221.47668919	
    Magnitude of B_grad:	0.18247860512382	
    Magnitude of b:	7.0256777255667	

	
    Current index:	49501	
    Magnitude of W_grad:	8.1980682071434	
    Magnitude of W:	58206.159281916	
    Magnitude of B_grad:	0.31813747573026	
    Magnitude of b:	6.3799172728465	

	
    Current index:	59501	
    Magnitude of W_grad:	6.535214921144	
    Magnitude of W:	58191.542059623	
    Magnitude of B_grad:	0.21068916324458	
    Magnitude of b:	6.2296284300577	

	
    Current index:	69501	
    Magnitude of W_grad:	6.3324623269776	
    Magnitude of W:	58177.760949088	
    Magnitude of B_grad:	0.097312116383963	
    Magnitude of b:	6.4022844426213	

	
    Current index:	79501	
    Magnitude of W_grad:	6.4722542856745	
    Magnitude of W:	58163.596967824	
    Magnitude of B_grad:	0.12602112466656	
    Magnitude of b:	6.5173410909831	

	
    Current index:	89501	
    Magnitude of W_grad:	6.2233334557636	
    Magnitude of W:	58149.433903889	
    Magnitude of B_grad:	0.11697465934299	
    Magnitude of b:	6.7439194956135	

	
SGD: Loss is	
	LOSS:Calculated softmax res	
216523.39229467	
SGD: crossEntropyLoss is	
216523.39229467	
SGD: Validation Accuracy is:	
0.29791099000908	
SGD: Magnitude of W:	
58144.463308933	
SGD: Magnitude of b:	
6.2254614526705	
    Current index:	9501	
    Magnitude of W_grad:	6.6677556701779	
    Magnitude of W:	58130.962593211	
    Magnitude of B_grad:	0.16828688439341	
    Magnitude of b:	6.147389674442	

	
    Current index:	19501	
    Magnitude of W_grad:	6.2222326468681	
    Magnitude of W:	58119.087150126	
    Magnitude of B_grad:	0.1387101561238	
    Magnitude of b:	6.4746268753689	

	
    Current index:	29501	
    Magnitude of W_grad:	6.6242778754575	
    Magnitude of W:	58106.023690539	
    Magnitude of B_grad:	0.16486759210147	
    Magnitude of b:	6.502016138428	

	
    Current index:	39501	
    Magnitude of W_grad:	7.0423216765842	
    Magnitude of W:	58091.539564391	
    Magnitude of B_grad:	0.1805814534005	
    Magnitude of b:	7.0100618523415	

	
    Current index:	49501	
    Magnitude of W_grad:	8.114659761202	
    Magnitude of W:	58076.443718012	
    Magnitude of B_grad:	0.31818722532469	
    Magnitude of b:	6.3658827181068	

	
    Current index:	59501	
    Magnitude of W_grad:	6.4855142223105	
    Magnitude of W:	58062.123458073	
    Magnitude of B_grad:	0.20960591915993	
    Magnitude of b:	6.218934906925	

	
    Current index:	69501	
    Magnitude of W_grad:	6.2780364907946	
    Magnitude of W:	58048.597148855	
    Magnitude of B_grad:	0.097438968583468	
    Magnitude of b:	6.3939235549167	

	
    Current index:	79501	
    Magnitude of W_grad:	6.412520809703	
    Magnitude of W:	58034.75207844	
    Magnitude of B_grad:	0.12477835285606	
    Magnitude of b:	6.5056892613563	

	
    Current index:	89501	
    Magnitude of W_grad:	6.142310380929	
    Magnitude of W:	58020.827860541	
    Magnitude of B_grad:	0.11399395443164	
    Magnitude of b:	6.7323693243903	

	
SGD: Loss is	
	LOSS:Calculated softmax res	
214272.7623706	
SGD: crossEntropyLoss is	
214272.7623706	
SGD: Validation Accuracy is:	
0.29881925522253	
SGD: Magnitude of W:	
58015.885949426	
SGD: Magnitude of b:	
6.2170749724773	
    Current index:	9501	
    Magnitude of W_grad:	6.6059452222139	
    Magnitude of W:	58002.721019984	
    Magnitude of B_grad:	0.16653476590669	
    Magnitude of b:	6.137273757824	

	
    Current index:	19501	
    Magnitude of W_grad:	6.1461145728453	
    Magnitude of W:	57991.005703986	
    Magnitude of B_grad:	0.13685017707077	
    Magnitude of b:	6.4629770454356	

	
    Current index:	29501	
    Magnitude of W_grad:	6.5623303021351	
    Magnitude of W:	57978.145971754	
    Magnitude of B_grad:	0.16318208593717	
    Magnitude of b:	6.4891225463561	

	
    Current index:	39501	
    Magnitude of W_grad:	6.9715013960741	
    Magnitude of W:	57963.865661051	
    Magnitude of B_grad:	0.17881147202807	
    Magnitude of b:	6.9951027182461	

	
    Current index:	49501	
    Magnitude of W_grad:	8.030283474965	
    Magnitude of W:	57948.980400233	
    Magnitude of B_grad:	0.31801430875965	
    Magnitude of b:	6.3524406363982	

	
    Current index:	59501	
    Magnitude of W_grad:	6.4363335122033	
    Magnitude of W:	57934.946114984	
    Magnitude of B_grad:	0.20851525120637	
    Magnitude of b:	6.2084850727362	

	
    Current index:	69501	
    Magnitude of W_grad:	6.2243949908022	
    Magnitude of W:	57921.592516933	
    Magnitude of B_grad:	0.097299223945277	
    Magnitude of b:	6.3856609580853	

	
    Current index:	79501	
    Magnitude of W_grad:	6.3559240034272	
    Magnitude of W:	57907.943714518	
    Magnitude of B_grad:	0.12352891281877	
    Magnitude of b:	6.49428203741	

	
    Current index:	89501	
    Magnitude of W_grad:	6.063135559015	
    Magnitude of W:	57894.273766276	
    Magnitude of B_grad:	0.11116427593048	
    Magnitude of b:	6.7210773012688	

	
SGD: Loss is	
	LOSS:Calculated softmax res	
212122.42829701	
SGD: crossEntropyLoss is	
212122.42829701	
SGD: Validation Accuracy is:	
0.29881925522253	
SGD: Magnitude of W:	
57889.426223263	
SGD: Magnitude of b:	
6.2088210639704	
    Current index:	9501	
    Magnitude of W_grad:	6.5466063127764	
    Magnitude of W:	57876.548789722	
    Magnitude of B_grad:	0.1647524474346	
    Magnitude of b:	6.1276003976948	

	
    Current index:	19501	
    Magnitude of W_grad:	6.0742760322929	
    Magnitude of W:	57865.078647073	
    Magnitude of B_grad:	0.13508013927809	
    Magnitude of b:	6.451879510417	

	
    Current index:	29501	
    Magnitude of W_grad:	6.5020089283517	
    Magnitude of W:	57852.510534216	
    Magnitude of B_grad:	0.16158086668115	
    Magnitude of b:	6.4767877621331	

	
    Current index:	39501	
    Magnitude of W_grad:	6.9044727878165	
    Magnitude of W:	57838.386961765	
    Magnitude of B_grad:	0.17715356910689	
    Magnitude of b:	6.9808080390495	

	
    Current index:	49501	
    Magnitude of W_grad:	7.945466358676	
    Magnitude of W:	57823.746357692	
    Magnitude of B_grad:	0.31763959114514	
    Magnitude of b:	6.3396071772171	

	
    Current index:	59501	
    Magnitude of W_grad:	6.3873822398588	
    Magnitude of W:	57809.950251347	
    Magnitude of B_grad:	0.20741496030457	
    Magnitude of b:	6.1983268449734	

	
    Current index:	69501	
    Magnitude of W_grad:	6.172074374452	
    Magnitude of W:	57796.74826585	
    Magnitude of B_grad:	0.096924026078292	
    Magnitude of b:	6.3775079680466	

	
    Current index:	79501	
    Magnitude of W_grad:	6.3023811445571	
    Magnitude of W:	57783.315962512	
    Magnitude of B_grad:	0.12227510401399	
    Magnitude of b:	6.4831377620584	

	
    Current index:	89501	
    Magnitude of W_grad:	5.9871111664847	
    Magnitude of W:	57769.8769903	
    Magnitude of B_grad:	0.1084676202385	
    Magnitude of b:	6.7100376861513	

	
SGD: Loss is	
	LOSS:Calculated softmax res	
210063.64946985	
SGD: crossEntropyLoss is	
210063.64946985	
SGD: Validation Accuracy is:	
0.29972752043597	
SGD: Magnitude of W:	
57765.0810749	
SGD: Magnitude of b:	
6.2007013514485	
    Current index:	9501	
    Magnitude of W_grad:	6.4900382245391	
    Magnitude of W:	57752.511711395	
    Magnitude of B_grad:	0.16294903882972	
    Magnitude of b:	6.1183964409158	

	
    Current index:	19501	
    Magnitude of W_grad:	6.0058453272575	
    Magnitude of W:	57741.216489958	
    Magnitude of B_grad:	0.13338364710042	
    Magnitude of b:	6.4413359048724	

	
    Current index:	29501	
    Magnitude of W_grad:	6.4439419042341	
    Magnitude of W:	57728.823233034	
    Magnitude of B_grad:	0.16005714416023	
    Magnitude of b:	6.4650105375041	

	
    Current index:	39501	
    Magnitude of W_grad:	6.8408485750817	
    Magnitude of W:	57714.884383669	
    Magnitude of B_grad:	0.17559789607603	
    Magnitude of b:	6.9671750201947	

	
    Current index:	49501	
    Magnitude of W_grad:	7.8607079845226	
    Magnitude of W:	57700.459696632	
    Magnitude of B_grad:	0.31708314679188	
    Magnitude of b:	6.327382370807	

	
    Current index:	59501	
    Magnitude of W_grad:	6.3384730002442	
    Magnitude of W:	57686.857910114	
    Magnitude of B_grad:	0.20630283762919	
    Magnitude of b:	6.1884918498819	

	
    Current index:	69501	
    Magnitude of W_grad:	6.1212097563734	
    Magnitude of W:	57673.794946578	
    Magnitude of B_grad:	0.096345586932685	
    Magnitude of b:	6.3694731321123	

	
    Current index:	79501	
    Magnitude of W_grad:	6.2508652127863	
    Magnitude of W:	57660.598578832	
    Magnitude of B_grad:	0.1210174926284	
    Magnitude of b:	6.4722718075363	

	
    Current index:	89501	
    Magnitude of W_grad:	5.9129003757018	
    Magnitude of W:	57647.329744831	
    Magnitude of B_grad:	0.1058893689793	
    Magnitude of b:	6.6992449423057	

	
SGD: Loss is	
	LOSS:Calculated softmax res	
208088.85564304	
SGD: crossEntropyLoss is	
208088.85564304	
SGD: Validation Accuracy is:	
0.30063578564941	
SGD: Magnitude of W:	
57642.576921905	
SGD: Magnitude of b:	
6.1927214965034	
    Current index:	9501	
    Magnitude of W_grad:	6.4345148392462	
    Magnitude of W:	57630.170800403	
    Magnitude of B_grad:	0.16113383602675	
    Magnitude of b:	6.1096855519214	

	
    Current index:	19501	
    Magnitude of W_grad:	5.9414666823782	
    Magnitude of W:	57619.016869112	
    Magnitude of B_grad:	0.13174757278247	
    Magnitude of b:	6.4313492700942	

	
    Current index:	29501	
    Magnitude of W_grad:	6.38851924108	
    Magnitude of W:	57606.77594276	
    Magnitude of B_grad:	0.1586050493905	
    Magnitude of b:	6.4537906251393	

	
    Current index:	39501	
    Magnitude of W_grad:	6.7808593353927	
    Magnitude of W:	57593.048158865	
    Magnitude of B_grad:	0.17413779041656	
    Magnitude of b:	6.9541957672822	

	
    Current index:	49501	
    Magnitude of W_grad:	7.7762907719668	
    Magnitude of W:	57578.821963808	
    Magnitude of B_grad:	0.31636395568484	
    Magnitude of b:	6.3157590110925	

	
    Current index:	59501	
    Magnitude of W_grad:	6.2893491902531	
    Magnitude of W:	57565.351275718	
    Magnitude of B_grad:	0.20517714894942	
    Magnitude of b:	6.1790028693414	

	
    Current index:	69501	
    Magnitude of W_grad:	6.0707186643032	
    Magnitude of W:	57552.463799803	
    Magnitude of B_grad:	0.095594505041695	
    Magnitude of b:	6.3615638616845	

	
    Current index:	79501	
    Magnitude of W_grad:	6.2015217007542	
    Magnitude of W:	57539.479505678	
    Magnitude of B_grad:	0.11975581869486	
    Magnitude of b:	6.4616975588889	

	
    Current index:	89501	
    Magnitude of W_grad:	5.8431182350032	
    Magnitude of W:	57526.379587759	
    Magnitude of B_grad:	0.10341745849266	
    Magnitude of b:	6.688694797241	

	
SGD: Loss is	
	LOSS:Calculated softmax res	
206191.46087422	
SGD: crossEntropyLoss is	
206191.46087422	
SGD: Validation Accuracy is:	
0.30245231607629	
SGD: Magnitude of W:	
57521.662188165	
SGD: Magnitude of b:	
6.1848897277987	
    Current index:	9501	
    Magnitude of W_grad:	6.3800096474953	
    Magnitude of W:	57509.414865068	
    Magnitude of B_grad:	0.15931581693041	
    Magnitude of b:	6.1014875580607	

	
    Current index:	19501	
    Magnitude of W_grad:	5.8812525729837	
    Magnitude of W:	57498.458464408	
    Magnitude of B_grad:	0.1301615400098	
    Magnitude of b:	6.4219231777367	

	
    Current index:	29501	
    Magnitude of W_grad:	6.335321051447	
    Magnitude of W:	57486.314730806	
    Magnitude of B_grad:	0.15721933163777	
    Magnitude of b:	6.4431284763432	

	
    Current index:	39501	
    Magnitude of W_grad:	6.7237623885234	
    Magnitude of W:	57472.744839644	
    Magnitude of B_grad:	0.17276823849083	
    Magnitude of b:	6.9418603768172	

	
    Current index:	49501	
    Magnitude of W_grad:	7.6943207922169	
    Magnitude of W:	57458.689867423	
    Magnitude of B_grad:	0.315499694951	
    Magnitude of b:	6.3047284033287	

	
    Current index:	59501	
    Magnitude of W_grad:	6.2404579488437	
    Magnitude of W:	57445.385973973	
    Magnitude of B_grad:	0.20403686241124	
    Magnitude of b:	6.1698786896476	

	
    Current index:	69501	
    Magnitude of W_grad:	6.021391160133	
    Magnitude of W:	57432.67160071	
    Magnitude of B_grad:	0.094698439686206	
    Magnitude of b:	6.3537879044393	

	
    Current index:	79501	
    Magnitude of W_grad:	6.1547626133495	
    Magnitude of W:	57419.862468435	
    Magnitude of B_grad:	0.11848964995593	
    Magnitude of b:	6.4514269149206	

	
    Current index:	89501	
    Magnitude of W_grad:	5.7770922795105	
    Magnitude of W:	57406.932519423	
    Magnitude of B_grad:	0.10104177210308	
    Magnitude of b:	6.6783849676121	

	
SGD: Loss is	
	LOSS:Calculated softmax res	
204365.71547024	
SGD: crossEntropyLoss is	
204365.71547024	
SGD: Validation Accuracy is:	
0.30426884650318	
SGD: Magnitude of W:	
57402.265053331	
SGD: Magnitude of b:	
6.1772160200666	
    Current index:	9501	
    Magnitude of W_grad:	6.3272872569522	
    Magnitude of W:	57390.086454534	
    Magnitude of B_grad:	0.15750314801464	
    Magnitude of b:	6.0938165931323	

	
    Current index:	19501	
    Magnitude of W_grad:	5.8249539760215	
    Magnitude of W:	57379.26852155	
    Magnitude of B_grad:	0.12861748125667	
    Magnitude of b:	6.4130598694908	

	
    Current index:	29501	
    Magnitude of W_grad:	6.2837035985777	
    Magnitude of W:	57367.30832593	
    Magnitude of B_grad:	0.15589507658975	
    Magnitude of b:	6.4330239358472	

	
    Current index:	39501	
    Magnitude of W_grad:	6.6685345008512	
    Magnitude of W:	57353.844108764	
    Magnitude of B_grad:	0.17148495109337	
    Magnitude of b:	6.9301580230047	

	
    Current index:	49501	
    Magnitude of W_grad:	7.6140938798275	
    Magnitude of W:	57339.991717989	
    Magnitude of B_grad:	0.31450665728461	
    Magnitude of b:	6.2942826562314	

	
    Current index:	59501	
    Magnitude of W_grad:	6.1924483477658	
    Magnitude of W:	57326.92138652	
    Magnitude of B_grad:	0.2028817412291	
    Magnitude of b:	6.1611360629701	

	
    Current index:	69501	
    Magnitude of W_grad:	5.9722422115132	
    Magnitude of W:	57314.404931729	
    Magnitude of B_grad:	0.09368163227932	
    Magnitude of b:	6.3461537258575	

	
    Current index:	79501	
    Magnitude of W_grad:	6.1105127876869	
    Magnitude of W:	57301.734041407	
    Magnitude of B_grad:	0.11721882267648	
    Magnitude of b:	6.4414700205245	

	
    Current index:	89501	
    Magnitude of W_grad:	5.7129284300285	
    Magnitude of W:	57288.974804408	
    Magnitude of B_grad:	0.098753713801147	
    Magnitude of b:	6.6683150654938	

	
SGD: Loss is	
	LOSS:Calculated softmax res	
202606.58178314	
SGD: crossEntropyLoss is	
202606.58178314	
SGD: Validation Accuracy is:	
0.30699364214351	
SGD: Magnitude of W:	
57284.366399271	
SGD: Magnitude of b:	
6.1697114436782	
    Current index:	9501	
    Magnitude of W_grad:	6.2758578172777	
    Magnitude of W:	57272.324729925	
    Magnitude of B_grad:	0.15570277834249	
    Magnitude of b:	6.0866794338684	

	
    Current index:	19501	
    Magnitude of W_grad:	5.7731612158453	
    Magnitude of W:	57261.664648247	
    Magnitude of B_grad:	0.12710924389071	
    Magnitude of b:	6.4047583193294	

	
    Current index:	29501	
    Magnitude of W_grad:	6.2330305077289	
    Magnitude of W:	57249.826995796	
    Magnitude of B_grad:	0.15462749283054	
    Magnitude of b:	6.423474575914	

	
    Current index:	39501	
    Magnitude of W_grad:	6.6149676035041	
    Magnitude of W:	57236.491690462	
    Magnitude of B_grad:	0.1702838824178	
    Magnitude of b:	6.919076657056	

	
    Current index:	49501	
    Magnitude of W_grad:	7.5385833080748	
    Magnitude of W:	57222.828375977	
    Magnitude of B_grad:	0.3133997958843	
    Magnitude of b:	6.2844141878874	

	
    Current index:	59501	
    Magnitude of W_grad:	6.1451122295327	
    Magnitude of W:	57209.896410915	
    Magnitude of B_grad:	0.20171233757556	
    Magnitude of b:	6.1527893351611	

	
    Current index:	69501	
    Magnitude of W_grad:	5.9238547370179	
    Magnitude of W:	57197.547975547	
    Magnitude of B_grad:	0.092564922384244	
    Magnitude of b:	6.3386698273877	

	
    Current index:	79501	
    Magnitude of W_grad:	6.0682305670412	
    Magnitude of W:	57185.037062343	
    Magnitude of B_grad:	0.11594369927574	
    Magnitude of b:	6.431834405472	

	
    Current index:	89501	
    Magnitude of W_grad:	5.6514149854926	
    Magnitude of W:	57172.468856778	
    Magnitude of B_grad:	0.096545934539903	
    Magnitude of b:	6.6584857608316	

	
SGD: Loss is	
	LOSS:Calculated softmax res	
200909.62294542	
SGD: crossEntropyLoss is	
200909.62294542	
SGD: Validation Accuracy is:	
0.30971843778383	
SGD: Magnitude of W:	
57167.949935721	
SGD: Magnitude of b:	
6.1623872670103	
    Current index:	9501	
    Magnitude of W_grad:	6.225791377779	
    Magnitude of W:	57156.085676953	
    Magnitude of B_grad:	0.15392020656239	
    Magnitude of b:	6.0800747112205	

	
    Current index:	19501	
    Magnitude of W_grad:	5.7239843966702	
    Magnitude of W:	57145.557011413	
    Magnitude of B_grad:	0.12563224497546	
    Magnitude of b:	6.3970127752795	

	
    Current index:	29501	
    Magnitude of W_grad:	6.1835196901891	
    Magnitude of W:	57133.894282572	
    Magnitude of B_grad:	0.15341178605173	
    Magnitude of b:	6.4144741805773	

	
    Current index:	39501	
    Magnitude of W_grad:	6.5626907119893	
    Magnitude of W:	57120.694785944	
    Magnitude of B_grad:	0.16916101002806	
    Magnitude of b:	6.9086020455393	

	
    Current index:	49501	
    Magnitude of W_grad:	7.4654433903607	
    Magnitude of W:	57107.171614932	
    Magnitude of B_grad:	0.31219285680639	
    Magnitude of b:	6.2751137553263	

	
    Current index:	59501	
    Magnitude of W_grad:	6.0985260930211	
    Magnitude of W:	57094.398365324	
    Magnitude of B_grad:	0.20052990179466	
    Magnitude of b:	6.1448488382089	

	
    Current index:	69501	
    Magnitude of W_grad:	5.8767492029516	
    Magnitude of W:	57082.285212923	
    Magnitude of B_grad:	0.091366033406209	
    Magnitude of b:	6.331343519446	

	
    Current index:	79501	
    Magnitude of W_grad:	6.0266894538291	
    Magnitude of W:	57069.960544289	
    Magnitude of B_grad:	0.11466526839646	
    Magnitude of b:	6.4225239153189	

	
    Current index:	89501	
    Magnitude of W_grad:	5.592363545727	
    Magnitude of W:	57057.562556428	
    Magnitude of B_grad:	0.094412167376287	
    Magnitude of b:	6.648897557598	

	
SGD: Loss is	
	LOSS:Calculated softmax res	
199270.90328707	
SGD: crossEntropyLoss is	
199270.90328707	
SGD: Validation Accuracy is:	
0.30881017257039	
SGD: Magnitude of W:	
57053.083397408	
SGD: Magnitude of b:	
6.1552536137513	
    Current index:	9501	
    Magnitude of W_grad:	6.1786529386261	
    Magnitude of W:	57041.425313083	
    Magnitude of B_grad:	0.15215944637697	
    Magnitude of b:	6.0739930129848	

	
    Current index:	19501	
    Magnitude of W_grad:	5.6772143095413	
    Magnitude of W:	57031.046911336	
    Magnitude of B_grad:	0.12418318392926	
    Magnitude of b:	6.3898120222261	

	
    Current index:	29501	
    Magnitude of W_grad:	6.1350370595327	
    Magnitude of W:	57019.514857825	
    Magnitude of B_grad:	0.15224311768548	
    Magnitude of b:	6.4060117548825	

	
    Current index:	39501	
    Magnitude of W_grad:	6.5114591783684	
    Magnitude of W:	57006.474817258	
    Magnitude of B_grad:	0.16811225591279	
    Magnitude of b:	6.898716822609	

	
    Current index:	49501	
    Magnitude of W_grad:	7.3948946952824	
    Magnitude of W:	56993.185953912	
    Magnitude of B_grad:	0.31089853906215	
    Magnitude of b:	6.2663684429657	

	
    Current index:	59501	
    Magnitude of W_grad:	6.0518005231415	
    Magnitude of W:	56980.551031987	
    Magnitude of B_grad:	0.19933623017828	
    Magnitude of b:	6.1373192640504	

	
    Current index:	69501	
    Magnitude of W_grad:	5.8298992035538	
    Magnitude of W:	56968.560566519	
    Magnitude of B_grad:	0.090099982827773	
    Magnitude of b:	6.3241797769301	

	
    Current index:	79501	
    Magnitude of W_grad:	5.9856637309474	
    Magnitude of W:	56956.353808012	
    Magnitude of B_grad:	0.11338511696794	
    Magnitude of b:	6.4135378624631	

	
    Current index:	89501	
    Magnitude of W_grad:	5.5367219195495	
    Magnitude of W:	56944.087292086	
    Magnitude of B_grad:	0.092347109205015	
    Magnitude of b:	6.6395496191695	

	
SGD: Loss is	
	LOSS:Calculated softmax res	
197686.90486235	
SGD: crossEntropyLoss is	
197686.90486235	
SGD: Validation Accuracy is:	
0.31062670299728	
SGD: Magnitude of W:	
56939.66693592	
SGD: Magnitude of b:	
6.1483179204341	
    Current index:	9501	
    Magnitude of W_grad:	6.1330295812712	
    Magnitude of W:	56928.165133805	
    Magnitude of B_grad:	0.15146571013934	
    Magnitude of b:	6.068417628593	

	
    Current index:	19501	
    Magnitude of W_grad:	5.6321066654658	
    Magnitude of W:	56917.901820758	
    Magnitude of B_grad:	0.1227598124339	
    Magnitude of b:	6.3831393740231	

	
    Current index:	29501	
    Magnitude of W_grad:	6.0877519046973	
    Magnitude of W:	56906.499967068	
    Magnitude of B_grad:	0.15111663153199	
    Magnitude of b:	6.398071230551	

	
    Current index:	39501	
    Magnitude of W_grad:	6.4613057229863	
    Magnitude of W:	56893.578968517	
    Magnitude of B_grad:	0.16713347894479	
    Magnitude of b:	6.8893999857805	

	
    Current index:	49501	
    Magnitude of W_grad:	7.3260224329121	
    Magnitude of W:	56880.484033701	
    Magnitude of B_grad:	0.30952863710339	
    Magnitude of b:	6.2581605349273	

	
    Current index:	59501	
    Magnitude of W_grad:	6.0055135201947	
    Magnitude of W:	56868.011309441	
    Magnitude of B_grad:	0.19813348684373	
    Magnitude of b:	6.1301988201455	

	
    Current index:	69501	
    Magnitude of W_grad:	5.784232940963	
    Magnitude of W:	56856.192385282	
    Magnitude of B_grad:	0.088779522486673	
    Magnitude of b:	6.3171805957696	

	
    Current index:	79501	
    Magnitude of W_grad:	5.945773997392	
    Magnitude of W:	56844.122592759	
    Magnitude of B_grad:	0.11210531335383	
    Magnitude of b:	6.4048706926969	

	
    Current index:	89501	
    Magnitude of W_grad:	5.4821521109818	
    Magnitude of W:	56832.021086895	
    Magnitude of B_grad:	0.090346297540886	
    Magnitude of b:	6.630438973769	

	
SGD: Loss is	
	LOSS:Calculated softmax res	
196154.46208954	
SGD: crossEntropyLoss is	
196154.46208954	
SGD: Validation Accuracy is:	
0.31244323342416	
SGD: Magnitude of W:	
56827.669369543	
SGD: Magnitude of b:	
6.1415837193155	
    Current index:	9501	
    Magnitude of W_grad:	6.0895934799993	
    Magnitude of W:	56816.323430543	
    Magnitude of B_grad:	0.15090552133529	
    Magnitude of b:	6.0633256848689	

	
    Current index:	19501	
    Magnitude of W_grad:	5.589183245179	
    Magnitude of W:	56806.199454538	
    Magnitude of B_grad:	0.12136074833273	
    Magnitude of b:	6.3769732325571	

	
    Current index:	29501	
    Magnitude of W_grad:	6.0418228501985	
    Magnitude of W:	56794.95734738	
    Magnitude of B_grad:	0.15002752724603	
    Magnitude of b:	6.3906318022323	

	
    Current index:	39501	
    Magnitude of W_grad:	6.4120121025317	
    Magnitude of W:	56782.228376063	
    Magnitude of B_grad:	0.16622049783184	
    Magnitude of b:	6.8806269331488	

	
    Current index:	49501	
    Magnitude of W_grad:	7.2584287153462	
    Magnitude of W:	56769.264985959	
    Magnitude of B_grad:	0.30809415171663	
    Magnitude of b:	6.2504674436527	

	
    Current index:	59501	
    Magnitude of W_grad:	5.9598896862808	
    Magnitude of W:	56757.01711194	
    Magnitude of B_grad:	0.19692403555309	
    Magnitude of b:	6.1234793337032	

	
    Current index:	69501	
    Magnitude of W_grad:	5.7391238465491	
    Magnitude of W:	56745.403612746	
    Magnitude of B_grad:	0.087415553098501	
    Magnitude of b:	6.3103449439877	

	
    Current index:	79501	
    Magnitude of W_grad:	5.9071957410783	
    Magnitude of W:	56733.459926419	
    Magnitude of B_grad:	0.11082824516139	
    Magnitude of b:	6.3965122398212	

	
    Current index:	89501	
    Magnitude of W_grad:	5.429716990316	
    Magnitude of W:	56721.477398085	
    Magnitude of B_grad:	0.088405965996934	
    Magnitude of b:	6.6215602290188	

	
SGD: Loss is	
	LOSS:Calculated softmax res	
194670.71138449	
SGD: crossEntropyLoss is	
194670.71138449	
SGD: Validation Accuracy is:	
0.31516802906449	
SGD: Magnitude of W:	
56717.216706394	
SGD: Magnitude of b:	
6.1350501618517	
    Current index:	9501	
    Magnitude of W_grad:	6.0473739480741	
    Magnitude of W:	56706.070433513	
    Magnitude of B_grad:	0.15033337549101	
    Magnitude of b:	6.0586894799665	

	
    Current index:	19501	
    Magnitude of W_grad:	5.5473587276021	
    Magnitude of W:	56696.046411277	
    Magnitude of B_grad:	0.11998531704941	
    Magnitude of b:	6.371287975744	

	
    Current index:	29501	
    Magnitude of W_grad:	5.9967225885513	
    Magnitude of W:	56684.980072561	
    Magnitude of B_grad:	0.14897115929988	
    Magnitude of b:	6.3836686810042	

	
    Current index:	39501	
    Magnitude of W_grad:	6.3640643772927	
    Magnitude of W:	56672.456089792	
    Magnitude of B_grad:	0.16536912245565	
    Magnitude of b:	6.872369911565	

	
    Current index:	49501	
    Magnitude of W_grad:	7.1928108164241	
    Magnitude of W:	56659.67142673	
    Magnitude of B_grad:	0.30660537456285	
    Magnitude of b:	6.2432623910079	

	
    Current index:	59501	
    Magnitude of W_grad:	5.9162142688783	
    Magnitude of W:	56647.560589294	
    Magnitude of B_grad:	0.19571030484732	
    Magnitude of b:	6.1171470543729	

	
    Current index:	69501	
    Magnitude of W_grad:	5.6949466637199	
    Magnitude of W:	56636.155728167	
    Magnitude of B_grad:	0.086017487490055	
    Magnitude of b:	6.3036691831922	

	
    Current index:	79501	
    Magnitude of W_grad:	5.8699747784842	
    Magnitude of W:	56624.359693017	
    Magnitude of B_grad:	0.1095564488597	
    Magnitude of b:	6.3884484693359	

	
    Current index:	89501	
    Magnitude of W_grad:	5.3794837231158	
    Magnitude of W:	56612.480115199	
    Magnitude of B_grad:	0.08652289305363	
    Magnitude of b:	6.6129057533996	

	
SGD: Loss is	
	LOSS:Calculated softmax res	
193233.05048747	
SGD: crossEntropyLoss is	
193233.05048747	
SGD: Validation Accuracy is:	
0.31607629427793	
SGD: Magnitude of W:	
56608.266372988	
SGD: Magnitude of b:	
6.1287123630112	
    Current index:	9501	
    Magnitude of W_grad:	6.0067392464238	
    Magnitude of W:	56597.261387994	
    Magnitude of B_grad:	0.14975072272145	
    Magnitude of b:	6.0544778714953	

	
    Current index:	19501	
    Magnitude of W_grad:	5.5072482130698	
    Magnitude of W:	56587.290497385	
    Magnitude of B_grad:	0.11863340920224	
    Magnitude of b:	6.3660549648663	

	
    Current index:	29501	
    Magnitude of W_grad:	5.9525117902338	
    Magnitude of W:	56576.38825648	
    Magnitude of B_grad:	0.14794314185355	
    Magnitude of b:	6.3771540420017	

	
    Current index:	39501	
    Magnitude of W_grad:	6.3174267468039	
    Magnitude of W:	56564.006193406	
    Magnitude of B_grad:	0.16457518472325	
    Magnitude of b:	6.86459868974	

	
    Current index:	49501	
    Magnitude of W_grad:	7.1293746665607	
    Magnitude of W:	56551.28347132	
    Magnitude of B_grad:	0.30507195138243	
    Magnitude of b:	6.2365154581854	

	
    Current index:	59501	
    Magnitude of W_grad:	5.8741624577776	
    Magnitude of W:	56539.282539308	
    Magnitude of B_grad:	0.1944946934328	
    Magnitude of b:	6.1111838157744	

	
    Current index:	69501	
    Magnitude of W_grad:	5.6510585121891	
    Magnitude of W:	56527.999763594	
    Magnitude of B_grad:	0.084593556747918	
    Magnitude of b:	6.2971477783129	

	
    Current index:	79501	
    Magnitude of W_grad:	5.8333507045423	
    Magnitude of W:	56516.3312125	
    Magnitude of B_grad:	0.10829245543322	
    Magnitude of b:	6.3806625444239	

	
    Current index:	89501	
    Magnitude of W_grad:	5.3311530315507	
    Magnitude of W:	56504.538543363	
    Magnitude of B_grad:	0.084694267982114	
    Magnitude of b:	6.6044661985644	

	
SGD: Loss is	
	LOSS:Calculated softmax res	
191839.10349846	
SGD: crossEntropyLoss is	
191839.10349846	
SGD: Validation Accuracy is:	
0.3197093551317	
SGD: Magnitude of W:	
56500.354099063	
SGD: Magnitude of b:	
6.1225623448304	
    Current index:	9501	
    Magnitude of W_grad:	5.9670308873529	
    Magnitude of W:	56489.532170819	
    Magnitude of B_grad:	0.14915864725505	
    Magnitude of b:	6.0506576149768	

	
    Current index:	19501	
    Magnitude of W_grad:	5.469287551365	
    Magnitude of W:	56479.648747425	
    Magnitude of B_grad:	0.11730535037267	
    Magnitude of b:	6.3612435444858	

	
    Current index:	29501	
    Magnitude of W_grad:	5.9097959658522	
    Magnitude of W:	56468.914892917	
    Magnitude of B_grad:	0.14693944318421	
    Magnitude of b:	6.3710580156918	

	
    Current index:	39501	
    Magnitude of W_grad:	6.2717123483988	
    Magnitude of W:	56456.685167714	
    Magnitude of B_grad:	0.16383456730274	
    Magnitude of b:	6.857281321917	

	
    Current index:	49501	
    Magnitude of W_grad:	7.067806629763	
    Magnitude of W:	56444.090749851	
    Magnitude of B_grad:	0.30350292110765	
    Magnitude of b:	6.2301947467401	

	
    Current index:	59501	
    Magnitude of W_grad:	5.8335079409257	
    Magnitude of W:	56432.225864837	
    Magnitude of B_grad:	0.19327951037987	
    Magnitude of b:	6.1055683064775	

	
    Current index:	69501	
    Magnitude of W_grad:	5.6077818637235	
    Magnitude of W:	56421.132301061	
    Magnitude of B_grad:	0.083151062696904	
    Magnitude of b:	6.2907741398848	

	
    Current index:	79501	
    Magnitude of W_grad:	5.7970002401397	
    Magnitude of W:	56409.588252326	
    Magnitude of B_grad:	0.10703866418033	
    Magnitude of b:	6.3731360472766	

	
    Current index:	89501	
    Magnitude of W_grad:	5.2842677308188	
    Magnitude of W:	56397.890813516	
    Magnitude of B_grad:	0.082917588654347	
    Magnitude of b:	6.596231219628	

	
SGD: Loss is	
	LOSS:Calculated softmax res	
190486.69010877	
SGD: crossEntropyLoss is	
190486.69010877	
SGD: Validation Accuracy is:	
0.32152588555858	
SGD: Magnitude of W:	
56393.799617044	
SGD: Magnitude of b:	
6.1165902264188	
    Current index:	9501	
    Magnitude of W_grad:	5.9293155586888	
    Magnitude of W:	56383.141517279	
    Magnitude of B_grad:	0.14855796558345	
    Magnitude of b:	6.0471945842402	

	
    Current index:	19501	
    Magnitude of W_grad:	5.4331649999824	
    Magnitude of W:	56373.324532817	
    Magnitude of B_grad:	0.11600178401717	
    Magnitude of b:	6.3568219842141	

	
    Current index:	29501	
    Magnitude of W_grad:	5.8679480824275	
    Magnitude of W:	56362.724062328	
    Magnitude of B_grad:	0.14595645785094	
    Magnitude of b:	6.3653496505122	

	
    Current index:	39501	
    Magnitude of W_grad:	6.2268217401894	
    Magnitude of W:	56350.660769772	
    Magnitude of B_grad:	0.16314323087551	
    Magnitude of b:	6.8503849357107	

	
    Current index:	49501	
    Magnitude of W_grad:	7.0075091534177	
    Magnitude of W:	56338.261571258	
    Magnitude of B_grad:	0.30190672485524	
    Magnitude of b:	6.2242675300059	

	
    Current index:	59501	
    Magnitude of W_grad:	5.7937022582764	
    Magnitude of W:	56326.545371637	
    Magnitude of B_grad:	0.19206693933044	
    Magnitude of b:	6.1002773139292	

	
    Current index:	69501	
    Magnitude of W_grad:	5.5648746038376	
    Magnitude of W:	56315.594438585	
    Magnitude of B_grad:	0.082041994489625	
    Magnitude of b:	6.2845414799592	

	
    Current index:	79501	
    Magnitude of W_grad:	5.7612667583354	
    Magnitude of W:	56304.163583846	
    Magnitude of B_grad:	0.10579724900467	
    Magnitude of b:	6.3658502088635	

	
    Current index:	89501	
    Magnitude of W_grad:	5.2385283104744	
    Magnitude of W:	56292.607089474	
    Magnitude of B_grad:	0.081190591169712	
    Magnitude of b:	6.5881902624045	

	
SGD: Loss is	
	LOSS:Calculated softmax res	
189173.79913119	
SGD: crossEntropyLoss is	
189173.79913119	
SGD: Validation Accuracy is:	
0.32334241598547	
SGD: Magnitude of W:	
56288.571127574	
SGD: Magnitude of b:	
6.1107853527432	
    Current index:	9501	
    Magnitude of W_grad:	5.892646834856	
    Magnitude of W:	56278.030021921	
    Magnitude of B_grad:	0.14794931009458	
    Magnitude of b:	6.0440548336401	

	
    Current index:	19501	
    Magnitude of W_grad:	5.3987042571304	
    Magnitude of W:	56268.281494495	
    Magnitude of B_grad:	0.11472356972869	
    Magnitude of b:	6.3527583487868	

	
    Current index:	29501	
    Magnitude of W_grad:	5.8267846362943	
    Magnitude of W:	56257.815086036	
    Magnitude of B_grad:	0.14499105026936	
    Magnitude of b:	6.3599978165134	

	
    Current index:	39501	
    Magnitude of W_grad:	6.1825955307231	
    Magnitude of W:	56245.904035425	
    Magnitude of B_grad:	0.16249724030625	
    Magnitude of b:	6.843876513368	

	
    Current index:	49501	
    Magnitude of W_grad:	6.949004154682	
    Magnitude of W:	56233.663392911	
    Magnitude of B_grad:	0.30029118333615	
    Magnitude of b:	6.218701342099	

	
    Current index:	59501	
    Magnitude of W_grad:	5.7552049113536	
    Magnitude of W:	56222.02945275	
    Magnitude of B_grad:	0.19085901672429	
    Magnitude of b:	6.095286872936	

	
    Current index:	69501	
    Magnitude of W_grad:	5.5228043307691	
    Magnitude of W:	56211.140583927	
    Magnitude of B_grad:	0.08099194502121	
    Magnitude of b:	6.2784435829684	

	
    Current index:	79501	
    Magnitude of W_grad:	5.725873911313	
    Magnitude of W:	56199.834097187	
    Magnitude of B_grad:	0.10457009765829	
    Magnitude of b:	6.3587870191947	

	
    Current index:	89501	
    Magnitude of W_grad:	5.1935402289057	
    Magnitude of W:	56188.39502509	
    Magnitude of B_grad:	0.079511201379211	
    Magnitude of b:	6.5803333043989	

	
SGD: Loss is	
	LOSS:Calculated softmax res	
187898.566666	
SGD: crossEntropyLoss is	
187898.566666	
SGD: Validation Accuracy is:	
0.32425068119891	
SGD: Magnitude of W:	
56184.376365729	
SGD: Magnitude of b:	
6.1051371948596	
    Current index:	9501	
    Magnitude of W_grad:	5.856274343989	
    Magnitude of W:	56173.997461832	
    Magnitude of B_grad:	0.1473332027493	
    Magnitude of b:	6.0412054806455	

	
    Current index:	19501	
    Magnitude of W_grad:	5.3653199578164	
    Magnitude of W:	56164.340557833	
    Magnitude of B_grad:	0.11347169739516	
    Magnitude of b:	6.3490212837062	

	
    Current index:	29501	
    Magnitude of W_grad:	5.7863973467906	
    Magnitude of W:	56154.025586335	
    Magnitude of B_grad:	0.14404056897965	
    Magnitude of b:	6.3549720247815	

	
    Current index:	39501	
    Magnitude of W_grad:	6.1394979485951	
    Magnitude of W:	56142.255385905	
    Magnitude of B_grad:	0.16189278944497	
    Magnitude of b:	6.8377236367704	

	
    Current index:	49501	
    Magnitude of W_grad:	6.8923990095526	
    Magnitude of W:	56130.110313507	
    Magnitude of B_grad:	0.29866344990488	
    Magnitude of b:	6.2134649580975	

	
    Current index:	59501	
    Magnitude of W_grad:	5.7177122687936	
    Magnitude of W:	56118.536280042	
    Magnitude of B_grad:	0.18965761806476	
    Magnitude of b:	6.0905732726743	

	
    Current index:	69501	
    Magnitude of W_grad:	5.4817290134911	
    Magnitude of W:	56107.77517049	
    Magnitude of B_grad:	0.079925016612881	
    Magnitude of b:	6.2724754029969	

	
    Current index:	79501	
    Magnitude of W_grad:	5.6917093127362	
    Magnitude of W:	56096.588702956	
    Magnitude of B_grad:	0.10335878233278	
    Magnitude of b:	6.3519301088059	

	
    Current index:	89501	
    Magnitude of W_grad:	5.1495444058305	
    Magnitude of W:	56085.257774639	
    Magnitude of B_grad:	0.077877497062085	
    Magnitude of b:	6.5726514549627	

	
SGD: Loss is	
	LOSS:Calculated softmax res	
186659.25867822	
SGD: crossEntropyLoss is	
186659.25867822	
SGD: Validation Accuracy is:	
0.32515894641235	
SGD: Magnitude of W:	
56081.274626321	
SGD: Magnitude of b:	
6.0996359869849	
    Current index:	9501	
    Magnitude of W_grad:	5.8201193346559	
    Magnitude of W:	56070.993358294	
    Magnitude of B_grad:	0.14671011930811	
    Magnitude of b:	6.0386153974026	

	
    Current index:	19501	
    Magnitude of W_grad:	5.333476862966	
    Magnitude of W:	56061.465151367	
    Magnitude of B_grad:	0.11224721560038	
    Magnitude of b:	6.3455806898462	

	
    Current index:	29501	
    Magnitude of W_grad:	5.7468345806859	
    Magnitude of W:	56051.334363604	
    Magnitude of B_grad:	0.14310283544306	
    Magnitude of b:	6.3502431274874	

	
    Current index:	39501	
    Magnitude of W_grad:	6.0970862257049	
    Magnitude of W:	56039.682590993	
    Magnitude of B_grad:	0.16132622394705	
    Magnitude of b:	6.8318951541352	

	
    Current index:	49501	
    Magnitude of W_grad:	6.8380501073831	
    Magnitude of W:	56027.64151189	
    Magnitude of B_grad:	0.29702995363636	
    Magnitude of b:	6.208529203659	

	
    Current index:	59501	
    Magnitude of W_grad:	5.6806738495293	
    Magnitude of W:	56016.133414491	
    Magnitude of B_grad:	0.18846445009429	
    Magnitude of b:	6.0861138768802	

	
    Current index:	69501	
    Magnitude of W_grad:	5.4415218643632	
    Magnitude of W:	56005.486306459	
    Magnitude of B_grad:	0.078847230850216	
    Magnitude of b:	6.2666334157661	

	
    Current index:	79501	
    Magnitude of W_grad:	5.6577993581123	
    Magnitude of W:	55994.420582339	
    Magnitude of B_grad:	0.10216455814038	
    Magnitude of b:	6.3452653202835	

	
    Current index:	89501	
    Magnitude of W_grad:	5.1068777331365	
    Magnitude of W:	55983.166052519	
    Magnitude of B_grad:	0.076287674082393	
    Magnitude of b:	6.5651373439185	

	
SGD: Loss is	
	LOSS:Calculated softmax res	
185454.25718853	
SGD: crossEntropyLoss is	
185454.25718853	
SGD: Validation Accuracy is:	
0.32606721162579	
SGD: Magnitude of W:	
55979.217136859	
SGD: Magnitude of b:	
6.094273132954	
    Current index:	9501	
    Magnitude of W_grad:	5.7847479253951	
    Magnitude of W:	55969.02528864	
    Magnitude of B_grad:	0.14608054186591	
    Magnitude of b:	6.0362557056837	

	
    Current index:	19501	
    Magnitude of W_grad:	5.3031191193552	
    Magnitude of W:	55959.704092792	
    Magnitude of B_grad:	0.11117411858569	
    Magnitude of b:	6.3424082528109	

	
    Current index:	29501	
    Magnitude of W_grad:	5.7081026855437	
    Magnitude of W:	55949.726197237	
    Magnitude of B_grad:	0.14217611382994	
    Magnitude of b:	6.3457838596446	

	
    Current index:	39501	
    Magnitude of W_grad:	6.0553857854515	
    Magnitude of W:	55938.159928607	
    Magnitude of B_grad:	0.16079406151529	
    Magnitude of b:	6.826361721307	

	
    Current index:	49501	
    Magnitude of W_grad:	6.7866447369798	
    Magnitude of W:	55926.199810905	
    Magnitude of B_grad:	0.29539634897252	
    Magnitude of b:	6.2038675293735	

	
    Current index:	59501	
    Magnitude of W_grad:	5.6443823689376	
    Magnitude of W:	55914.774840352	
    Magnitude of B_grad:	0.18728104857678	
    Magnitude of b:	6.0818877145498	

	
    Current index:	69501	
    Magnitude of W_grad:	5.4021717586142	
    Magnitude of W:	55904.257726273	
    Magnitude of B_grad:	0.077764110664067	
    Magnitude of b:	6.2609156885578	

	
    Current index:	79501	
    Magnitude of W_grad:	5.6240988879726	
    Magnitude of W:	55893.334837145	
    Magnitude of B_grad:	0.10098838392695	
    Magnitude of b:	6.3387809331633	

	
    Current index:	89501	
    Magnitude of W_grad:	5.0664249196114	
    Magnitude of W:	55882.199620069	
    Magnitude of B_grad:	0.074740015539244	
    Magnitude of b:	6.5577852625571	

	
SGD: Loss is	
	LOSS:Calculated softmax res	
184282.04908004	
SGD: crossEntropyLoss is	
184282.04908004	
SGD: Validation Accuracy is:	
0.32788374205268	
SGD: Magnitude of W:	
55878.285799326	
SGD: Magnitude of b:	
6.0890414222223	
    Current index:	9501	
    Magnitude of W_grad:	5.7498482955814	
    Magnitude of W:	55868.192749181	
    Magnitude of B_grad:	0.14544499730444	
    Magnitude of b:	6.0341000765772	

	
    Current index:	19501	
    Magnitude of W_grad:	5.2738252751666	
    Magnitude of W:	55859.014553984	
    Magnitude of B_grad:	0.11042410405019	
    Magnitude of b:	6.3394778005187	

	
    Current index:	29501	
    Magnitude of W_grad:	5.6701344253996	
    Magnitude of W:	55849.165679799	
    Magnitude of B_grad:	0.14125906884904	
    Magnitude of b:	6.3415691947558	

	
    Current index:	39501	
    Magnitude of W_grad:	6.0144643307213	
    Magnitude of W:	55837.673456332	
    Magnitude of B_grad:	0.16029300909684	
    Magnitude of b:	6.8210961810553	

	
    Current index:	49501	
    Magnitude of W_grad:	6.7372228667521	
    Magnitude of W:	55825.81380994	
    Magnitude of B_grad:	0.29376748548589	
    Magnitude of b:	6.1994563075806	

	
    Current index:	59501	
    Magnitude of W_grad:	5.608736155905	
    Magnitude of W:	55814.479403861	
    Magnitude of B_grad:	0.18610878133248	
    Magnitude of b:	6.0778758156453	

	
    Current index:	69501	
    Magnitude of W_grad:	5.3635014229421	
    Magnitude of W:	55804.060992235	
    Magnitude of B_grad:	0.076680695666606	
    Magnitude of b:	6.2553216820902	

	
    Current index:	79501	
    Magnitude of W_grad:	5.5906766690757	
    Magnitude of W:	55793.221924971	
    Magnitude of B_grad:	0.09983095799738	
    Magnitude of b:	6.3324675627597	

	
    Current index:	89501	
    Magnitude of W_grad:	5.0271405890862	
    Magnitude of W:	55782.190202265	
    Magnitude of B_grad:	0.073232866375279	
    Magnitude of b:	6.5505910649086	

	
SGD: Loss is	
	LOSS:Calculated softmax res	
183141.21666531	
SGD: crossEntropyLoss is	
183141.21666531	
SGD: Validation Accuracy is:	
0.32788374205268	
SGD: Magnitude of W:	
55778.309507467	
SGD: Magnitude of b:	
6.0839350814679	
    Current index:	9501	
    Magnitude of W_grad:	5.7152724703417	
    Magnitude of W:	55768.342172322	
    Magnitude of B_grad:	0.14480408083018	
    Magnitude of b:	6.0321248472285	

	
    Current index:	19501	
    Magnitude of W_grad:	5.2453299875858	
    Magnitude of W:	55759.269872389	
    Magnitude of B_grad:	0.10969031045222	
    Magnitude of b:	6.3367654826466	

	
    Current index:	29501	
    Magnitude of W_grad:	5.633270618914	
    Magnitude of W:	55749.502543674	
    Magnitude of B_grad:	0.14035071775736	
    Magnitude of b:	6.3375765092262	

	
    Current index:	39501	
    Magnitude of W_grad:	5.9744554113189	
    Magnitude of W:	55738.092017619	
    Magnitude of B_grad:	0.15981997666338	
    Magnitude of b:	6.8160737665196	

	
    Current index:	49501	
    Magnitude of W_grad:	6.6894116519365	
    Magnitude of W:	55726.304060369	
    Magnitude of B_grad:	0.29214740526817	
    Magnitude of b:	6.1952748511075	

	
    Current index:	59501	
    Magnitude of W_grad:	5.5735853577736	
    Magnitude of W:	55715.063685282	
    Magnitude of B_grad:	0.18494885540585	
    Magnitude of b:	6.074061297465	

	
    Current index:	69501	
    Magnitude of W_grad:	5.3252845493684	
    Magnitude of W:	55704.753074962	
    Magnitude of B_grad:	0.075601547504296	
    Magnitude of b:	6.2498518500534	

	
    Current index:	79501	
    Magnitude of W_grad:	5.5574986663824	
    Magnitude of W:	55694.060714654	
    Magnitude of B_grad:	0.098692760515582	
    Magnitude of b:	6.3263178082571	

	
    Current index:	89501	
    Magnitude of W_grad:	4.9891390294368	
    Magnitude of W:	55683.142880776	
    Magnitude of B_grad:	0.071764616347931	
    Magnitude of b:	6.5435518803729	

	
SGD: Loss is	
	LOSS:Calculated softmax res	
182030.42944171	
SGD: crossEntropyLoss is	
182030.42944171	
SGD: Validation Accuracy is:	
0.32697547683924	
SGD: Magnitude of W:	
55679.281704768	
SGD: Magnitude of b:	
6.0789496819546	
    Current index:	9501	
    Magnitude of W_grad:	5.6812345705237	
    Magnitude of W:	55669.362065234	
    Magnitude of B_grad:	0.14415846562307	
    Magnitude of b:	6.030308980615	

	
    Current index:	19501	
    Magnitude of W_grad:	5.218240446113	
    Magnitude of W:	55660.389541473	
    Magnitude of B_grad:	0.10897413727161	
    Magnitude of b:	6.3342497894652	

	
    Current index:	29501	
    Magnitude of W_grad:	5.5969186560078	
    Magnitude of W:	55650.708832525	
    Magnitude of B_grad:	0.13945038108508	
    Magnitude of b:	6.3337855758557	

	
    Current index:	39501	
    Magnitude of W_grad:	5.9354364800292	
    Magnitude of W:	55639.381616222	
    Magnitude of B_grad:	0.15937208725875	
    Magnitude of b:	6.811272140966	

	
    Current index:	49501	
    Magnitude of W_grad:	6.6431357729803	
    Magnitude of W:	55627.733245137	
    Magnitude of B_grad:	0.29053936898821	
    Magnitude of b:	6.1913051983684	

	
    Current index:	59501	
    Magnitude of W_grad:	5.5396153749893	
    Magnitude of W:	55616.562504504	
    Magnitude of B_grad:	0.18380232676791	
    Magnitude of b:	6.0704292425605	

	
    Current index:	69501	
    Magnitude of W_grad:	5.2876909781503	
    Magnitude of W:	55606.413364462	
    Magnitude of B_grad:	0.074530751941959	
    Magnitude of b:	6.2445071358839	

	
    Current index:	79501	
    Magnitude of W_grad:	5.524494415185	
    Magnitude of W:	55595.811161253	
    Magnitude of B_grad:	0.097574095081394	
    Magnitude of b:	6.3203257594209	

	
    Current index:	89501	
    Magnitude of W_grad:	4.9520071825368	
    Magnitude of W:	55584.985961176	
    Magnitude of B_grad:	0.070333692694338	
    Magnitude of b:	6.5366657175111	

	
SGD: Loss is	
	LOSS:Calculated softmax res	
180948.43672615	
SGD: crossEntropyLoss is	
180948.43672615	
SGD: Validation Accuracy is:	
0.32515894641235	
SGD: Magnitude of W:	
55581.179438786	
SGD: Magnitude of b:	
6.0740819315935	
    Current index:	9501	
    Magnitude of W_grad:	5.6477291787639	
    Magnitude of W:	55571.367069378	
    Magnitude of B_grad:	0.14350890087787	
    Magnitude of b:	6.0286339063157	

	
    Current index:	19501	
    Magnitude of W_grad:	5.1916548954002	
    Magnitude of W:	55562.501644612	
    Magnitude of B_grad:	0.10827677536156	
    Magnitude of b:	6.3319114463873	

	
    Current index:	29501	
    Magnitude of W_grad:	5.560990765488	
    Magnitude of W:	55552.869452802	
    Magnitude of B_grad:	0.13855763499317	
    Magnitude of b:	6.330178426249	

	
    Current index:	39501	
    Magnitude of W_grad:	5.896909893252	
    Magnitude of W:	55541.648359823	
    Magnitude of B_grad:	0.15894668306668	
    Magnitude of b:	6.8066713067033	

	
    Current index:	49501	
    Magnitude of W_grad:	6.5987588154455	
    Magnitude of W:	55530.108379423	
    Magnitude of B_grad:	0.28894590670937	
    Magnitude of b:	6.1875317412721	

	
    Current index:	59501	
    Magnitude of W_grad:	5.5065972680704	
    Magnitude of W:	55519.034217493	
    Magnitude of B_grad:	0.18267011109938	
    Magnitude of b:	6.0669664355632	

	
    Current index:	69501	
    Magnitude of W_grad:	5.2513978593772	
    Magnitude of W:	55509.07154319	
    Magnitude of B_grad:	0.073471923934235	
    Magnitude of b:	6.2392884712705	

	
    Current index:	79501	
    Magnitude of W_grad:	5.4917424451531	
    Magnitude of W:	55498.572977078	
    Magnitude of B_grad:	0.096475124153937	
    Magnitude of b:	6.3144864744763	

	
    Current index:	89501	
    Magnitude of W_grad:	4.9157792694338	
    Magnitude of W:	55487.871444566	
    Magnitude of B_grad:	0.068938561720706	
    Magnitude of b:	6.529931044554	

	
SGD: Loss is	
	LOSS:Calculated softmax res	
179894.06102994	
SGD: crossEntropyLoss is	
179894.06102994	
SGD: Validation Accuracy is:	
0.32425068119891	
SGD: Magnitude of W:	
55484.117817138	
SGD: Magnitude of b:	
6.0693293943407	
    Current index:	9501	
    Magnitude of W_grad:	5.6150095655388	
    Magnitude of W:	55474.398122907	
    Magnitude of B_grad:	0.14285620097351	
    Magnitude of b:	6.02708328615	

	
    Current index:	19501	
    Magnitude of W_grad:	5.165920436666	
    Magnitude of W:	55465.591223524	
    Magnitude of B_grad:	0.10759919851094	
    Magnitude of b:	6.3297332290278	

	
    Current index:	29501	
    Magnitude of W_grad:	5.5255520984841	
    Magnitude of W:	55456.00713454	
    Magnitude of B_grad:	0.13767226692504	
    Magnitude of b:	6.3267391307031	

	
    Current index:	39501	
    Magnitude of W_grad:	5.8589419205795	
    Magnitude of W:	55444.872004443	
    Magnitude of B_grad:	0.15854132737442	
    Magnitude of b:	6.8022534263309	

	
    Current index:	49501	
    Magnitude of W_grad:	6.5555568931177	
    Magnitude of W:	55433.502699434	
    Magnitude of B_grad:	0.28736888691172	
    Magnitude of b:	6.1839407823991	

	
    Current index:	59501	
    Magnitude of W_grad:	5.4755251900503	
    Magnitude of W:	55422.46764221	
    Magnitude of B_grad:	0.18155299477158	
    Magnitude of b:	6.0636610353799	

	
    Current index:	69501	
    Magnitude of W_grad:	5.2162596098762	
    Magnitude of W:	55412.6250041	
    Magnitude of B_grad:	0.072428219568572	
    Magnitude of b:	6.2341963589884	

	
    Current index:	79501	
    Magnitude of W_grad:	5.4593456973708	
    Magnitude of W:	55402.220935683	
    Magnitude of B_grad:	0.095395895854751	
    Magnitude of b:	6.30879551773	

	
    Current index:	89501	
    Magnitude of W_grad:	4.8806301600677	
    Magnitude of W:	55391.605598815	
    Magnitude of B_grad:	0.067577737014804	
    Magnitude of b:	6.5233464165567	

	
SGD: Loss is	
	LOSS:Calculated softmax res	
178866.19211332	
SGD: crossEntropyLoss is	
178866.19211332	
SGD: Validation Accuracy is:	
0.32515894641235	
SGD: Magnitude of W:	
55387.880502682	
SGD: Magnitude of b:	
6.0646901864951	
    Current index:	9501	
    Magnitude of W_grad:	5.5830053222689	
    Magnitude of W:	55378.218676149	
    Magnitude of B_grad:	0.14220122839761	
    Magnitude of b:	6.0256427466391	

	
    Current index:	19501	
    Magnitude of W_grad:	5.140815085599	
    Magnitude of W:	55369.469680703	
    Magnitude of B_grad:	0.10694215734209	
    Magnitude of b:	6.3276997414093	

	
    Current index:	29501	
    Magnitude of W_grad:	5.4906024254643	
    Magnitude of W:	55359.946306857	
    Magnitude of B_grad:	0.13679423539726	
    Magnitude of b:	6.3234535418864	

	
    Current index:	39501	
    Magnitude of W_grad:	5.821615759272	
    Magnitude of W:	55348.893422264	
    Magnitude of B_grad:	0.15815380248342	
    Magnitude of b:	6.7980025990535	

	
    Current index:	49501	
    Magnitude of W_grad:	6.5134126369807	
    Magnitude of W:	55337.60412133	
    Magnitude of B_grad:	0.28580959663157	
    Magnitude of b:	6.1805200968922	

	
    Current index:	59501	
    Magnitude of W_grad:	5.4453849319233	
    Magnitude of W:	55326.660075373	
    Magnitude of B_grad:	0.1804516457555	
    Magnitude of b:	6.0605022502812	

	
    Current index:	69501	
    Magnitude of W_grad:	5.1817806066927	
    Magnitude of W:	55316.92240504	
    Magnitude of B_grad:	0.071402355918469	
    Magnitude of b:	6.2292305863263	

	
    Current index:	79501	
    Magnitude of W_grad:	5.4272479995868	
    Magnitude of W:	55306.627386777	
    Magnitude of B_grad:	0.094336362317146	
    Magnitude of b:	6.3032486078976	

	
    Current index:	89501	
    Magnitude of W_grad:	4.8463083026258	
    Magnitude of W:	55296.113827974	
    Magnitude of B_grad:	0.066249791420151	
    Magnitude of b:	6.5169101915901	

	
SGD: Loss is	
	LOSS:Calculated softmax res	
177863.78167609	
SGD: crossEntropyLoss is	
177863.78167609	
SGD: Validation Accuracy is:	
0.32697547683924	
SGD: Magnitude of W:	
55292.386367454	
SGD: Magnitude of b:	
6.0601626947702	
    Current index:	9501	
    Magnitude of W_grad:	5.5513521591675	
    Magnitude of W:	55282.764309285	
    Magnitude of B_grad:	0.14154487272893	
    Magnitude of b:	6.0242996119549	

	
    Current index:	19501	
    Magnitude of W_grad:	5.1160383747672	
    Magnitude of W:	55274.115780464	
    Magnitude of B_grad:	0.10630617712809	
    Magnitude of b:	6.3257971904974	

	
    Current index:	29501	
    Magnitude of W_grad:	5.4560880287532	
    Magnitude of W:	55264.657661797	
    Magnitude of B_grad:	0.13592363429177	
    Magnitude of b:	6.3203090388106	

	
    Current index:	39501	
    Magnitude of W_grad:	5.7848244780383	
    Magnitude of W:	55253.67331937	
    Magnitude of B_grad:	0.15778210381335	
    Magnitude of b:	6.7939046267298	

	
    Current index:	49501	
    Magnitude of W_grad:	6.4721925677331	
    Magnitude of W:	55242.44860688	
    Magnitude of B_grad:	0.2842688264618	
    Magnitude of b:	6.1772585507738	

	
    Current index:	59501	
    Magnitude of W_grad:	5.4162883762392	
    Magnitude of W:	55231.610686733	
    Magnitude of B_grad:	0.17936662456137	
    Magnitude of b:	6.0574800626648	

	
    Current index:	69501	
    Magnitude of W_grad:	5.1483431634436	
    Magnitude of W:	55221.929277239	
    Magnitude of B_grad:	0.070396637647528	
    Magnitude of b:	6.2243900790524	

	
    Current index:	79501	
    Magnitude of W_grad:	5.3955244268606	
    Magnitude of W:	55211.735796244	
    Magnitude of B_grad:	0.093296391482615	
    Magnitude of b:	6.297841391584	

	
    Current index:	89501	
    Magnitude of W_grad:	4.8134287432007	
    Magnitude of W:	55201.317311909	
    Magnitude of B_grad:	0.064953370168857	
    Magnitude of b:	6.5106203501032	

	
SGD: Loss is	
	LOSS:Calculated softmax res	
176885.8386312	
SGD: crossEntropyLoss is	
176885.8386312	
SGD: Validation Accuracy is:	
0.32788374205268	
SGD: Magnitude of W:	
55197.593458693	
SGD: Magnitude of b:	
6.0557453473469	
    Current index:	9501	
    Magnitude of W_grad:	5.5200164364472	
    Magnitude of W:	55188.071936503	
    Magnitude of B_grad:	0.14088802767062	
    Magnitude of b:	6.0230426597063	

	
    Current index:	19501	
    Magnitude of W_grad:	5.0918818711263	
    Magnitude of W:	55179.485838951	
    Magnitude of B_grad:	0.10569156063305	
    Magnitude of b:	6.3240131781459	

	
    Current index:	29501	
    Magnitude of W_grad:	5.4220904436027	
    Magnitude of W:	55170.155962779	
    Magnitude of B_grad:	0.13506066171685	
    Magnitude of b:	6.3172942948476	

	
    Current index:	39501	
    Magnitude of W_grad:	5.7485297899409	
    Magnitude of W:	55159.217792291	
    Magnitude of B_grad:	0.15742443062329	
    Magnitude of b:	6.7899467930474	

	
    Current index:	49501	
    Magnitude of W_grad:	6.4318034244178	
    Magnitude of W:	55148.081736677	
    Magnitude of B_grad:	0.28274695554026	
    Magnitude of b:	6.1741458011603	

	
    Current index:	59501	
    Magnitude of W_grad:	5.3879474213068	
    Magnitude of W:	55137.41314167	
    Magnitude of B_grad:	0.17829839537134	
    Magnitude of b:	6.0545850264211	

	
    Current index:	69501	
    Magnitude of W_grad:	5.1162583653669	
    Magnitude of W:	55127.824311706	
    Magnitude of B_grad:	0.069412988102751	
    Magnitude of b:	6.2196728793181	

	
    Current index:	79501	
    Magnitude of W_grad:	5.3643260565803	
    Magnitude of W:	55117.726989873	
    Magnitude of B_grad:	0.092275774897448	
    Magnitude of b:	6.2925693302508	

	
    Current index:	89501	
    Magnitude of W_grad:	4.7813974473764	
    Magnitude of W:	55107.385908916	
    Magnitude of B_grad:	0.06368720324993	
    Magnitude of b:	6.504474410266	

	
SGD: Loss is	
	LOSS:Calculated softmax res	
175931.42489422	
SGD: crossEntropyLoss is	
175931.42489422	
SGD: Validation Accuracy is:	
0.32879200726612	
SGD: Magnitude of W:	
55103.690048225	
SGD: Magnitude of b:	
6.0514364524624	
    Current index:	9501	
    Magnitude of W_grad:	5.489409884522	
    Magnitude of W:	55094.279063757	
    Magnitude of B_grad:	0.14023156789632	
    Magnitude of b:	6.0218619109076	

	
    Current index:	19501	
    Magnitude of W_grad:	5.0679788127809	
    Magnitude of W:	55085.749337309	
    Magnitude of B_grad:	0.10509839649402	
    Magnitude of b:	6.3223365205528	

	
    Current index:	29501	
    Magnitude of W_grad:	5.3886203967681	
    Magnitude of W:	55076.518599407	
    Magnitude of B_grad:	0.13420559328754	
    Magnitude of b:	6.3143990816647	

	
    Current index:	39501	
    Magnitude of W_grad:	5.7128685672759	
    Magnitude of W:	55065.658136366	
    Magnitude of B_grad:	0.15707917390913	
    Magnitude of b:	6.7861176684447	

	
    Current index:	49501	
    Magnitude of W_grad:	6.3924219737648	
    Magnitude of W:	55054.608056684	
    Magnitude of B_grad:	0.28124403302386	
    Magnitude of b:	6.1711720825341	

	
    Current index:	59501	
    Magnitude of W_grad:	5.3600718344396	
    Magnitude of W:	55044.04978826	
    Magnitude of B_grad:	0.17724733736852	
    Magnitude of b:	6.0518081397784	

	
    Current index:	69501	
    Magnitude of W_grad:	5.0857008786739	
    Magnitude of W:	55034.536443639	
    Magnitude of B_grad:	0.068452982502583	
    Magnitude of b:	6.2150762171027	

	
    Current index:	79501	
    Magnitude of W_grad:	5.3337594362126	
    Magnitude of W:	55024.542409194	
    Magnitude of B_grad:	0.091274233855193	
    Magnitude of b:	6.2874276755813	

	
    Current index:	89501	
    Magnitude of W_grad:	4.7498708805906	
    Magnitude of W:	55014.286339691	
    Magnitude of B_grad:	0.062450115824318	
    Magnitude of b:	6.4984694202299	

	
SGD: Loss is	
	LOSS:Calculated softmax res	
174999.65161509	
SGD: crossEntropyLoss is	
174999.65161509	
SGD: Validation Accuracy is:	
0.33151680290645	
SGD: Magnitude of W:	
55010.62896568	
SGD: Magnitude of b:	
6.0472341047035	
    Current index:	9501	
    Magnitude of W_grad:	5.4592765633482	
    Magnitude of W:	55001.283812929	
    Magnitude of B_grad:	0.13957632727437	
    Magnitude of b:	6.0207484569089	

	
    Current index:	19501	
    Magnitude of W_grad:	5.0444043556801	
    Magnitude of W:	54992.840210504	
    Magnitude of B_grad:	0.10452657305135	
    Magnitude of b:	6.3207570974007	

	
    Current index:	29501	
    Magnitude of W_grad:	5.355767339392	
    Magnitude of W:	54983.701217523	
    Magnitude of B_grad:	0.13335875949778	
    Magnitude of b:	6.3116141119841	

	
    Current index:	39501	
    Magnitude of W_grad:	5.6776950039395	
    Magnitude of W:	54972.943492105	
    Magnitude of B_grad:	0.15674490212087	
    Magnitude of b:	6.7824069451787	

	
    Current index:	49501	
    Magnitude of W_grad:	6.3538459009348	
    Magnitude of W:	54961.987389074	
    Magnitude of B_grad:	0.27975985364797	
    Magnitude of b:	6.168328069865	

	
    Current index:	59501	
    Magnitude of W_grad:	5.3327166022881	
    Magnitude of W:	54951.510862219	
    Magnitude of B_grad:	0.17621375603843	
    Magnitude of b:	6.0491407834819	

	
    Current index:	69501	
    Magnitude of W_grad:	5.0559692500811	
    Magnitude of W:	54942.066401806	
    Magnitude of B_grad:	0.067517881268662	
    Magnitude of b:	6.2105966417551	

	
    Current index:	79501	
    Magnitude of W_grad:	5.3035463119101	
    Magnitude of W:	54932.167385999	
    Magnitude of B_grad:	0.090291425558758	
    Magnitude of b:	6.2824115049811	

	
    Current index:	89501	
    Magnitude of W_grad:	4.7193548936901	
    Magnitude of W:	54922.018049377	
    Magnitude of B_grad:	0.06134146430392	
    Magnitude of b:	6.4926020044958	

	
SGD: Loss is	
	LOSS:Calculated softmax res	
174089.67578106	
SGD: crossEntropyLoss is	
174089.67578106	
SGD: Validation Accuracy is:	
0.33424159854678	
SGD: Magnitude of W:	
54918.403961429	
SGD: Magnitude of b:	
6.0431361496304	
    Current index:	9501	
    Magnitude of W_grad:	5.4294376949823	
    Magnitude of W:	54909.147927349	
    Magnitude of B_grad:	0.13892307980353	
    Magnitude of b:	6.0196943206116	

	
    Current index:	19501	
    Magnitude of W_grad:	5.0213173361779	
    Magnitude of W:	54900.804391376	
    Magnitude of B_grad:	0.10397579698174	
    Magnitude of b:	6.3192657282525	

	
    Current index:	29501	
    Magnitude of W_grad:	5.3236541480045	
    Magnitude of W:	54891.770981023	
    Magnitude of B_grad:	0.13252052671689	
    Magnitude of b:	6.3089309184495	

	
    Current index:	39501	
    Magnitude of W_grad:	5.6429532832111	
    Magnitude of W:	54881.097950292	
    Magnitude of B_grad:	0.15642034537763	
    Magnitude of b:	6.7788053017455	

	
    Current index:	49501	
    Magnitude of W_grad:	6.3159281233467	
    Magnitude of W:	54870.203371104	
    Magnitude of B_grad:	0.27829402578434	
    Magnitude of b:	6.1656048033794	

	
    Current index:	59501	
    Magnitude of W_grad:	5.3064609005739	
    Magnitude of W:	54859.81226845	
    Magnitude of B_grad:	0.17519789404559	
    Magnitude of b:	6.0465747081352	

	
    Current index:	69501	
    Magnitude of W_grad:	5.0271620596683	
    Magnitude of W:	54850.496284809	
    Magnitude of B_grad:	0.066608662185331	
    Magnitude of b:	6.2062301838753	

	
    Current index:	79501	
    Magnitude of W_grad:	5.2736684999319	
    Magnitude of W:	54840.660509576	
    Magnitude of B_grad:	0.08932695020067	
    Magnitude of b:	6.2775157919354	

	
    Current index:	89501	
    Magnitude of W_grad:	4.6892422184209	
    Magnitude of W:	54830.608323398	
    Magnitude of B_grad:	0.060843018986587	
    Magnitude of b:	6.4868684430943	

	
Done.	
Testing on validation set...	
Done	
Accuracy:	
0.33424159854678	
