[?1034hParameters are:
	
Datafile:	/n/home09/ankitgupta/CS287/HW1/SST1-uni-sent.hdf5	Classifier:	lr	Alpha:	0	Eta:	0.05	Lambda:	1	Minibatch size:	500	Num Epochs:	50	Minimum Sentence Length:	5	
Note that not all parameters may apply to all classifiers	
Loading datafiles...	
Number of training samples before removing small sentences	156817	
Number of training samples after removing small sentences	93603	
Done.	
Training classifier...	
SGD: Loss is	
	LOSS:Calculated softmax res	
471888.11509637	
SGD: crossEntropyLoss is	
471888.11509637	
SGD: Validation Accuracy is:	
0.23433242506812	
SGD: Magnitude of W:	
61289.360430725	
SGD: Magnitude of b:	
4.2834662852776	
    Current index:	9501	
    Magnitude of W_grad:	12.339882146711	
    Magnitude of W:	61286.412268343	
    Magnitude of B_grad:	0.8524120353322	
    Magnitude of b:	3.4104761347038	

	
    Current index:	19501	
    Magnitude of W_grad:	12.213714246925	
    Magnitude of W:	61283.422496294	
    Magnitude of B_grad:	0.76886653880068	
    Magnitude of b:	2.8256755688481	

	
    Current index:	29501	
    Magnitude of W_grad:	11.453331314996	
    Magnitude of W:	61280.37524067	
    Magnitude of B_grad:	0.68759961361497	
    Magnitude of b:	2.3781638620282	

	
    Current index:	39501	
    Magnitude of W_grad:	10.428127494102	
    Magnitude of W:	61277.49545443	
    Magnitude of B_grad:	0.59734967032576	
    Magnitude of b:	2.2635014319838	

	
    Current index:	49501	
    Magnitude of W_grad:	11.087135094551	
    Magnitude of W:	61274.667516197	
    Magnitude of B_grad:	0.64763679671719	
    Magnitude of b:	2.0350822196136	

	
    Current index:	59501	
    Magnitude of W_grad:	11.377552770924	
    Magnitude of W:	61271.676001998	
    Magnitude of B_grad:	0.61672104778256	
    Magnitude of b:	1.7152372520351	

	
    Current index:	69501	
    Magnitude of W_grad:	10.917137401418	
    Magnitude of W:	61268.828802894	
    Magnitude of B_grad:	0.45188985579514	
    Magnitude of b:	1.4373082599924	

	
    Current index:	79501	
    Magnitude of W_grad:	10.962262697296	
    Magnitude of W:	61265.748728309	
    Magnitude of B_grad:	0.37814531761514	
    Magnitude of b:	1.3648718308367	

	
    Current index:	89501	
    Magnitude of W_grad:	11.412357871263	
    Magnitude of W:	61262.966182145	
    Magnitude of B_grad:	0.41150576443934	
    Magnitude of b:	1.4794141737358	

	
SGD: Loss is	
	LOSS:Calculated softmax res	
374426.48281518	
SGD: crossEntropyLoss is	
374426.48281518	
SGD: Validation Accuracy is:	
0.23796548592189	
SGD: Magnitude of W:	
61261.878441929	
SGD: Magnitude of b:	
1.5365597400442	
    Current index:	9501	
    Magnitude of W_grad:	11.840947162155	
    Magnitude of W:	61258.883105793	
    Magnitude of B_grad:	0.5782973496026	
    Magnitude of b:	1.1584038476173	

	
    Current index:	19501	
    Magnitude of W_grad:	10.945387151782	
    Magnitude of W:	61255.875871464	
    Magnitude of B_grad:	0.47564015830385	
    Magnitude of b:	1.2965542831739	

	
    Current index:	29501	
    Magnitude of W_grad:	10.497063409648	
    Magnitude of W:	61252.866769827	
    Magnitude of B_grad:	0.46778576848471	
    Magnitude of b:	1.5053930626617	

	
    Current index:	39501	
    Magnitude of W_grad:	9.776841824934	
    Magnitude of W:	61250.037262134	
    Magnitude of B_grad:	0.38712929663984	
    Magnitude of b:	1.8307621667707	

	
    Current index:	49501	
    Magnitude of W_grad:	10.354202110817	
    Magnitude of W:	61247.234051455	
    Magnitude of B_grad:	0.5739225853555	
    Magnitude of b:	1.9687384326873	

	
    Current index:	59501	
    Magnitude of W_grad:	10.728199260849	
    Magnitude of W:	61244.153493756	
    Magnitude of B_grad:	0.48546177800087	
    Magnitude of b:	1.8355540359653	

	
    Current index:	69501	
    Magnitude of W_grad:	10.406283340328	
    Magnitude of W:	61241.227236817	
    Magnitude of B_grad:	0.37106549833111	
    Magnitude of b:	1.676103615956	

	
    Current index:	79501	
    Magnitude of W_grad:	10.794990647447	
    Magnitude of W:	61238.132570496	
    Magnitude of B_grad:	0.32067429815812	
    Magnitude of b:	1.6757592427936	

	
    Current index:	89501	
    Magnitude of W_grad:	11.348962298692	
    Magnitude of W:	61235.30840797	
    Magnitude of B_grad:	0.43817900880086	
    Magnitude of b:	1.7794599193641	

	
SGD: Loss is	
	LOSS:Calculated softmax res	
351991.8699907	
SGD: crossEntropyLoss is	
351991.8699907	
SGD: Validation Accuracy is:	
0.24341507720254	
SGD: Magnitude of W:	
61234.229710483	
SGD: Magnitude of b:	
1.7809552698059	
    Current index:	9501	
    Magnitude of W_grad:	11.59153510075	
    Magnitude of W:	61231.435677781	
    Magnitude of B_grad:	0.57604051899859	
    Magnitude of b:	1.8339063288869	

	
    Current index:	19501	
    Magnitude of W_grad:	10.527961117193	
    Magnitude of W:	61228.565321552	
    Magnitude of B_grad:	0.41898580106626	
    Magnitude of b:	2.1362398911532	

	
    Current index:	29501	
    Magnitude of W_grad:	10.286311373144	
    Magnitude of W:	61225.679065726	
    Magnitude of B_grad:	0.41508650904126	
    Magnitude of b:	2.4130560414925	

	
    Current index:	39501	
    Magnitude of W_grad:	9.6179439063701	
    Magnitude of W:	61222.986629474	
    Magnitude of B_grad:	0.35089330178507	
    Magnitude of b:	2.699872159516	

	
    Current index:	49501	
    Magnitude of W_grad:	10.049274166475	
    Magnitude of W:	61220.28083689	
    Magnitude of B_grad:	0.54756754301272	
    Magnitude of b:	2.7870240132104	

	
    Current index:	59501	
    Magnitude of W_grad:	10.388052149492	
    Magnitude of W:	61217.300487867	
    Magnitude of B_grad:	0.44050664245611	
    Magnitude of b:	2.6078290487966	

	
    Current index:	69501	
    Magnitude of W_grad:	10.11945424068	
    Magnitude of W:	61214.462315912	
    Magnitude of B_grad:	0.3350306499854	
    Magnitude of b:	2.4038211198627	

	
    Current index:	79501	
    Magnitude of W_grad:	10.570435014553	
    Magnitude of W:	61211.514480692	
    Magnitude of B_grad:	0.30724431187701	
    Magnitude of b:	2.3571425065568	

	
    Current index:	89501	
    Magnitude of W_grad:	11.172781903546	
    Magnitude of W:	61208.815951752	
    Magnitude of B_grad:	0.45044689371915	
    Magnitude of b:	2.4281652220593	

	
SGD: Loss is	
	LOSS:Calculated softmax res	
339235.01513271	
SGD: crossEntropyLoss is	
339235.01513271	
SGD: Validation Accuracy is:	
0.25158946412352	
SGD: Magnitude of W:	
61207.804067767	
SGD: Magnitude of b:	
2.4155937268311	
    Current index:	9501	
    Magnitude of W_grad:	11.425241752116	
    Magnitude of W:	61205.249452867	
    Magnitude of B_grad:	0.56973812184534	
    Magnitude of b:	2.4607253091392	

	
    Current index:	19501	
    Magnitude of W_grad:	10.306681281207	
    Magnitude of W:	61202.682447285	
    Magnitude of B_grad:	0.39817481250137	
    Magnitude of b:	2.7346530730467	

	
    Current index:	29501	
    Magnitude of W_grad:	10.153765683734	
    Magnitude of W:	61200.077311394	
    Magnitude of B_grad:	0.39053906661972	
    Magnitude of b:	2.9848418623658	

	
    Current index:	39501	
    Magnitude of W_grad:	9.5350959346049	
    Magnitude of W:	61197.561922264	
    Magnitude of B_grad:	0.35061184827241	
    Magnitude of b:	3.2519002822672	

	
    Current index:	49501	
    Magnitude of W_grad:	9.8515332438907	
    Magnitude of W:	61194.951902679	
    Magnitude of B_grad:	0.52918780962653	
    Magnitude of b:	3.3154205325634	

	
    Current index:	59501	
    Magnitude of W_grad:	10.146029717873	
    Magnitude of W:	61191.995153935	
    Magnitude of B_grad:	0.42451663830628	
    Magnitude of b:	3.1134288800999	

	
    Current index:	69501	
    Magnitude of W_grad:	9.9262256009637	
    Magnitude of W:	61189.188795922	
    Magnitude of B_grad:	0.32250886592177	
    Magnitude of b:	2.8872645113159	

	
    Current index:	79501	
    Magnitude of W_grad:	10.365752114587	
    Magnitude of W:	61186.296425351	
    Magnitude of B_grad:	0.29540123391898	
    Magnitude of b:	2.8011025813374	

	
    Current index:	89501	
    Magnitude of W_grad:	11.020972873139	
    Magnitude of W:	61183.620522521	
    Magnitude of B_grad:	0.45171655630732	
    Magnitude of b:	2.8545262640024	

	
SGD: Loss is	
	LOSS:Calculated softmax res	
330317.64567268	
SGD: crossEntropyLoss is	
330317.64567268	
SGD: Validation Accuracy is:	
0.25703905540418	
SGD: Magnitude of W:	
61182.653623576	
SGD: Magnitude of b:	
2.8339613561171	
    Current index:	9501	
    Magnitude of W_grad:	11.328963408083	
    Magnitude of W:	61180.297421185	
    Magnitude of B_grad:	0.56433308059858	
    Magnitude of b:	2.8921957528184	

	
    Current index:	19501	
    Magnitude of W_grad:	10.140984025109	
    Magnitude of W:	61177.934906083	
    Magnitude of B_grad:	0.3862209909666	
    Magnitude of b:	3.1486372107735	

	
    Current index:	29501	
    Magnitude of W_grad:	10.053422333543	
    Magnitude of W:	61175.477546987	
    Magnitude of B_grad:	0.3748204858604	
    Magnitude of b:	3.3823713288235	

	
    Current index:	39501	
    Magnitude of W_grad:	9.4717486266821	
    Magnitude of W:	61173.030140059	
    Magnitude of B_grad:	0.34928169145962	
    Magnitude of b:	3.6377068117692	

	
    Current index:	49501	
    Magnitude of W_grad:	9.7093213506116	
    Magnitude of W:	61170.449706179	
    Magnitude of B_grad:	0.51674383910163	
    Magnitude of b:	3.6866606438691	

	
    Current index:	59501	
    Magnitude of W_grad:	9.9667155142651	
    Magnitude of W:	61167.532207784	
    Magnitude of B_grad:	0.41202817164697	
    Magnitude of b:	3.4702339523649	

	
    Current index:	69501	
    Magnitude of W_grad:	9.8169313614849	
    Magnitude of W:	61164.793876384	
    Magnitude of B_grad:	0.31782323899987	
    Magnitude of b:	3.2303271503897	

	
    Current index:	79501	
    Magnitude of W_grad:	10.198649775946	
    Magnitude of W:	61162.014310201	
    Magnitude of B_grad:	0.28554117311893	
    Magnitude of b:	3.1055749008506	

	
    Current index:	89501	
    Magnitude of W_grad:	10.900129952775	
    Magnitude of W:	61159.385720828	
    Magnitude of B_grad:	0.44868489995672	
    Magnitude of b:	3.1483828703765	

	
SGD: Loss is	
	LOSS:Calculated softmax res	
323428.55535664	
SGD: crossEntropyLoss is	
323428.55535664	
SGD: Validation Accuracy is:	
0.25794732061762	
SGD: Magnitude of W:	
61158.443580059	
SGD: Magnitude of b:	
3.1228010810086	
    Current index:	9501	
    Magnitude of W_grad:	11.267864955722	
    Magnitude of W:	61156.125339393	
    Magnitude of B_grad:	0.55905437980052	
    Magnitude of b:	3.2022353633593	

	
    Current index:	19501	
    Magnitude of W_grad:	10.012012641281	
    Magnitude of W:	61153.700657652	
    Magnitude of B_grad:	0.38484458176809	
    Magnitude of b:	3.4464303610909	

	
    Current index:	29501	
    Magnitude of W_grad:	9.9611263101528	
    Magnitude of W:	61151.232651198	
    Magnitude of B_grad:	0.36378668952044	
    Magnitude of b:	3.6686335535218	

	
    Current index:	39501	
    Magnitude of W_grad:	9.4044180392188	
    Magnitude of W:	61148.829521387	
    Magnitude of B_grad:	0.34687605089842	
    Magnitude of b:	3.9156493116774	

	
    Current index:	49501	
    Magnitude of W_grad:	9.6132904640493	
    Magnitude of W:	61146.277418948	
    Magnitude of B_grad:	0.507752636291	
    Magnitude of b:	3.9547823753194	

	
    Current index:	59501	
    Magnitude of W_grad:	9.8239218970019	
    Magnitude of W:	61143.454705102	
    Magnitude of B_grad:	0.40234254983121	
    Magnitude of b:	3.7285610993366	

	
    Current index:	69501	
    Magnitude of W_grad:	9.7434058037941	
    Magnitude of W:	61140.869480834	
    Magnitude of B_grad:	0.31435746095626	
    Magnitude of b:	3.4796976672006	

	
    Current index:	79501	
    Magnitude of W_grad:	10.059384446304	
    Magnitude of W:	61138.22203608	
    Magnitude of B_grad:	0.27710248011544	
    Magnitude of b:	3.3212523079022	

	
    Current index:	89501	
    Magnitude of W_grad:	10.797940526063	
    Magnitude of W:	61135.687477951	
    Magnitude of B_grad:	0.44333696079105	
    Magnitude of b:	3.357555004504	

	
SGD: Loss is	
	LOSS:Calculated softmax res	
317813.68577157	
SGD: crossEntropyLoss is	
317813.68577157	
SGD: Validation Accuracy is:	
0.25885558583106	
SGD: Magnitude of W:	
61134.751680551	
SGD: Magnitude of b:	
3.3289329067259	
    Current index:	9501	
    Magnitude of W_grad:	11.214040554085	
    Magnitude of W:	61132.378043709	
    Magnitude of B_grad:	0.55390557114588	
    Magnitude of b:	3.4299058287674	

	
    Current index:	19501	
    Magnitude of W_grad:	9.9048314008531	
    Magnitude of W:	61129.959223593	
    Magnitude of B_grad:	0.38313912703412	
    Magnitude of b:	3.6651346898632	

	
    Current index:	29501	
    Magnitude of W_grad:	9.8792844291505	
    Magnitude of W:	61127.535948404	
    Magnitude of B_grad:	0.35564014423864	
    Magnitude of b:	3.8788565942907	

	
    Current index:	39501	
    Magnitude of W_grad:	9.3375966272216	
    Magnitude of W:	61125.255639472	
    Magnitude of B_grad:	0.34397566244151	
    Magnitude of b:	4.1196761238894	

	
    Current index:	49501	
    Magnitude of W_grad:	9.553090880373	
    Magnitude of W:	61122.774437514	
    Magnitude of B_grad:	0.50069775606122	
    Magnitude of b:	4.1518918202498	

	
    Current index:	59501	
    Magnitude of W_grad:	9.7046391860498	
    Magnitude of W:	61119.958512826	
    Magnitude of B_grad:	0.3946848980908	
    Magnitude of b:	3.9187632628798	

	
    Current index:	69501	
    Magnitude of W_grad:	9.6795654278759	
    Magnitude of W:	61117.434449329	
    Magnitude of B_grad:	0.31126578426506	
    Magnitude of b:	3.6640371534911	

	
    Current index:	79501	
    Magnitude of W_grad:	9.9379615930175	
    Magnitude of W:	61114.823802974	
    Magnitude of B_grad:	0.26966672605758	
    Magnitude of b:	3.4826052410359	

	
    Current index:	89501	
    Magnitude of W_grad:	10.705769383905	
    Magnitude of W:	61112.306714737	
    Magnitude of B_grad:	0.43673156970376	
    Magnitude of b:	3.5107785569145	

	
SGD: Loss is	
	LOSS:Calculated softmax res	
313078.67271715	
SGD: crossEntropyLoss is	
313078.67271715	
SGD: Validation Accuracy is:	
0.26430517711172	
SGD: Magnitude of W:	
61111.40407653	
SGD: Magnitude of b:	
3.4803650076643	
    Current index:	9501	
    Magnitude of W_grad:	11.162316403592	
    Magnitude of W:	61109.11808172	
    Magnitude of B_grad:	0.54897235833603	
    Magnitude of b:	3.5999505968539	

	
    Current index:	19501	
    Magnitude of W_grad:	9.81467481716	
    Magnitude of W:	61106.752195822	
    Magnitude of B_grad:	0.38150235327992	
    Magnitude of b:	3.8283915630122	

	
    Current index:	29501	
    Magnitude of W_grad:	9.8049819283215	
    Magnitude of W:	61104.41803132	
    Magnitude of B_grad:	0.34931962306643	
    Magnitude of b:	4.0356362987395	

	
    Current index:	39501	
    Magnitude of W_grad:	9.2742141408115	
    Magnitude of W:	61102.163755446	
    Magnitude of B_grad:	0.34090366292833	
    Magnitude of b:	4.2717399566044	

	
    Current index:	49501	
    Magnitude of W_grad:	9.5127138642218	
    Magnitude of W:	61099.718788241	
    Magnitude of B_grad:	0.49483735079529	
    Magnitude of b:	4.2989790943825	

	
    Current index:	59501	
    Magnitude of W_grad:	9.6015978837545	
    Magnitude of W:	61096.93842745	
    Magnitude of B_grad:	0.38843241628617	
    Magnitude of b:	4.0608621713819	

	
    Current index:	69501	
    Magnitude of W_grad:	9.6208920159485	
    Magnitude of W:	61094.435324838	
    Magnitude of B_grad:	0.30822879281834	
    Magnitude of b:	3.802399284641	

	
    Current index:	79501	
    Magnitude of W_grad:	9.8272893203681	
    Magnitude of W:	61091.870034419	
    Magnitude of B_grad:	0.26306349014933	
    Magnitude of b:	3.6184719107478	

	
    Current index:	89501	
    Magnitude of W_grad:	10.616361533126	
    Magnitude of W:	61089.408671298	
    Magnitude of B_grad:	0.42951040069205	
    Magnitude of b:	3.6258341888883	

	
SGD: Loss is	
	LOSS:Calculated softmax res	
308986.51613931	
SGD: crossEntropyLoss is	
308986.51613931	
SGD: Validation Accuracy is:	
0.26975476839237	
SGD: Magnitude of W:	
61088.535663485	
SGD: Magnitude of b:	
3.6031393254601	
    Current index:	9501	
    Magnitude of W_grad:	11.11229590254	
    Magnitude of W:	61086.240727013	
    Magnitude of B_grad:	0.54429323897932	
    Magnitude of b:	3.728990650632	

	
    Current index:	19501	
    Magnitude of W_grad:	9.7377933160846	
    Magnitude of W:	61083.986447454	
    Magnitude of B_grad:	0.38003963655933	
    Magnitude of b:	3.9521660755562	

	
    Current index:	29501	
    Magnitude of W_grad:	9.7370548982581	
    Magnitude of W:	61081.706204163	
    Magnitude of B_grad:	0.34419396438128	
    Magnitude of b:	4.1543226236511	

	
    Current index:	39501	
    Magnitude of W_grad:	9.2153445879635	
    Magnitude of W:	61079.522441019	
    Magnitude of B_grad:	0.33779231148265	
    Magnitude of b:	4.3867642690382	

	
    Current index:	49501	
    Magnitude of W_grad:	9.4883555333987	
    Magnitude of W:	61077.122096982	
    Magnitude of B_grad:	0.48982306205903	
    Magnitude of b:	4.4104084549484	

	
    Current index:	59501	
    Magnitude of W_grad:	9.5094674801732	
    Magnitude of W:	61074.353585092	
    Magnitude of B_grad:	0.38314237063258	
    Magnitude of b:	4.1686697114797	

	
    Current index:	69501	
    Magnitude of W_grad:	9.5649810252598	
    Magnitude of W:	61071.824182253	
    Magnitude of B_grad:	0.30518809389002	
    Magnitude of b:	3.9079972927997	

	
    Current index:	79501	
    Magnitude of W_grad:	9.7278184146623	
    Magnitude of W:	61069.269798747	
    Magnitude of B_grad:	0.25721572920556	
    Magnitude of b:	3.7226929159643	

	
    Current index:	89501	
    Magnitude of W_grad:	10.528883371698	
    Magnitude of W:	61066.860784746	
    Magnitude of B_grad:	0.42205116736559	
    Magnitude of b:	3.7408115688572	

	
SGD: Loss is	
	LOSS:Calculated softmax res	
305383.78472264	
SGD: crossEntropyLoss is	
305383.78472264	
SGD: Validation Accuracy is:	
0.27066303360581	
SGD: Magnitude of W:	
61066.001942885	
SGD: Magnitude of b:	
3.7522492890974	
    Current index:	9501	
    Magnitude of W_grad:	11.062445600149	
    Magnitude of W:	61063.726571871	
    Magnitude of B_grad:	0.53989387236104	
    Magnitude of b:	3.8286838891743	

	
    Current index:	19501	
    Magnitude of W_grad:	9.6707213273299	
    Magnitude of W:	61061.536240995	
    Magnitude of B_grad:	0.37872655712592	
    Magnitude of b:	4.0476967504034	

	
    Current index:	29501	
    Magnitude of W_grad:	9.6762577462148	
    Magnitude of W:	61059.347942637	
    Magnitude of B_grad:	0.33988840534662	
    Magnitude of b:	4.2457715781997	

	
    Current index:	39501	
    Magnitude of W_grad:	9.1628301203491	
    Magnitude of W:	61057.220559515	
    Magnitude of B_grad:	0.33469874230279	
    Magnitude of b:	4.4753208386468	

	
    Current index:	49501	
    Magnitude of W_grad:	9.474631942309	
    Magnitude of W:	61054.846864	
    Magnitude of B_grad:	0.48546935436853	
    Magnitude of b:	4.4963727642388	

	
    Current index:	59501	
    Magnitude of W_grad:	9.4275715787485	
    Magnitude of W:	61052.089575093	
    Magnitude of B_grad:	0.37851382430979	
    Magnitude of b:	4.2520210432315	

	
    Current index:	69501	
    Magnitude of W_grad:	9.5085621911639	
    Magnitude of W:	61049.589631238	
    Magnitude of B_grad:	0.30218729467876	
    Magnitude of b:	3.9902515671783	

	
    Current index:	79501	
    Magnitude of W_grad:	9.6375222326492	
    Magnitude of W:	61047.078026213	
    Magnitude of B_grad:	0.25204044179589	
    Magnitude of b:	3.8043532925603	

	
    Current index:	89501	
    Magnitude of W_grad:	10.445399194204	
    Magnitude of W:	61044.678211289	
    Magnitude of B_grad:	0.41456557124383	
    Magnitude of b:	3.8707787935127	

	
SGD: Loss is	
	LOSS:Calculated softmax res	
302165.98729355	
SGD: crossEntropyLoss is	
302165.98729355	
SGD: Validation Accuracy is:	
0.27066303360581	
SGD: Magnitude of W:	
61043.825698615	
SGD: Magnitude of b:	
3.881125243348	
    Current index:	9501	
    Magnitude of W_grad:	11.013329148065	
    Magnitude of W:	61041.585938545	
    Magnitude of B_grad:	0.53579507664475	
    Magnitude of b:	3.9073862110489	

	
    Current index:	19501	
    Magnitude of W_grad:	9.6115434360363	
    Magnitude of W:	61039.422892315	
    Magnitude of B_grad:	0.37750366102423	
    Magnitude of b:	4.1230467188177	

	
    Current index:	29501	
    Magnitude of W_grad:	9.6205671405877	
    Magnitude of W:	61037.260326586	
    Magnitude of B_grad:	0.33617237317089	
    Magnitude of b:	4.3177875238796	

	
    Current index:	39501	
    Magnitude of W_grad:	9.1129848661046	
    Magnitude of W:	61035.125162785	
    Magnitude of B_grad:	0.33165011381382	
    Magnitude of b:	4.5450075727539	

	
    Current index:	49501	
    Magnitude of W_grad:	9.4621965642072	
    Magnitude of W:	61032.772270268	
    Magnitude of B_grad:	0.4816607179864	
    Magnitude of b:	4.5641955509698	

	
    Current index:	59501	
    Magnitude of W_grad:	9.3515520250147	
    Magnitude of W:	61030.055808866	
    Magnitude of B_grad:	0.37434945292404	
    Magnitude of b:	4.31798499883	

	
    Current index:	69501	
    Magnitude of W_grad:	9.4543735451365	
    Magnitude of W:	61027.565096606	
    Magnitude of B_grad:	0.29929378039022	
    Magnitude of b:	4.0559252721673	

	
    Current index:	79501	
    Magnitude of W_grad:	9.5571356583406	
    Magnitude of W:	61025.078509048	
    Magnitude of B_grad:	0.24743791184759	
    Magnitude of b:	3.8756894949113	

	
    Current index:	89501	
    Magnitude of W_grad:	10.366621815931	
    Magnitude of W:	61022.690748234	
    Magnitude of B_grad:	0.4071770606389	
    Magnitude of b:	3.983826437294	

	
SGD: Loss is	
	LOSS:Calculated softmax res	
299258.85150803	
SGD: crossEntropyLoss is	
299258.85150803	
SGD: Validation Accuracy is:	
0.26975476839237	
SGD: Magnitude of W:	
61021.834081905	
SGD: Magnitude of b:	
3.993253456066	
    Current index:	9501	
    Magnitude of W_grad:	10.967471268242	
    Magnitude of W:	61019.609883159	
    Magnitude of B_grad:	0.53200889850474	
    Magnitude of b:	3.9711097177954	

	
    Current index:	19501	
    Magnitude of W_grad:	9.558762778695	
    Magnitude of W:	61017.462176305	
    Magnitude of B_grad:	0.37631504914538	
    Magnitude of b:	4.1840153108924	

	
    Current index:	29501	
    Magnitude of W_grad:	9.5689864623535	
    Magnitude of W:	61015.335449942	
    Magnitude of B_grad:	0.33289870487372	
    Magnitude of b:	4.3759854825853	

	
    Current index:	39501	
    Magnitude of W_grad:	9.0662517428437	
    Magnitude of W:	61013.243191545	
    Magnitude of B_grad:	0.32866026998494	
    Magnitude of b:	4.6012839408383	

	
    Current index:	49501	
    Magnitude of W_grad:	9.4501988124961	
    Magnitude of W:	61010.910101056	
    Magnitude of B_grad:	0.47831534265722	
    Magnitude of b:	4.6191355641538	

	
    Current index:	59501	
    Magnitude of W_grad:	9.2775771745102	
    Magnitude of W:	61008.188267368	
    Magnitude of B_grad:	0.3705241122069	
    Magnitude of b:	4.3716315967139	

	
    Current index:	69501	
    Magnitude of W_grad:	9.4029367633148	
    Magnitude of W:	61005.680329424	
    Magnitude of B_grad:	0.29656351749737	
    Magnitude of b:	4.1098578622198	

	
    Current index:	79501	
    Magnitude of W_grad:	9.4848927402351	
    Magnitude of W:	61003.220374524	
    Magnitude of B_grad:	0.24331143527441	
    Magnitude of b:	3.9855037722656	

	
    Current index:	89501	
    Magnitude of W_grad:	10.291462545199	
    Magnitude of W:	61000.839834409	
    Magnitude of B_grad:	0.39996845692657	
    Magnitude of b:	4.0827815622498	

	
SGD: Loss is	
	LOSS:Calculated softmax res	
296607.56655434	
SGD: crossEntropyLoss is	
296607.56655434	
SGD: Validation Accuracy is:	
0.27338782924614	
SGD: Magnitude of W:	
60999.98730987	
SGD: Magnitude of b:	
4.0914216667436	
    Current index:	9501	
    Magnitude of W_grad:	10.925301272575	
    Magnitude of W:	60997.800379924	
    Magnitude of B_grad:	0.52853651139869	
    Magnitude of b:	4.024164165489	

	
    Current index:	19501	
    Magnitude of W_grad:	9.5110034124478	
    Magnitude of W:	60995.675119427	
    Magnitude of B_grad:	0.3751211811856	
    Magnitude of b:	4.2347562062679	

	
    Current index:	29501	
    Magnitude of W_grad:	9.5211859046467	
    Magnitude of W:	60993.598974116	
    Magnitude of B_grad:	0.32997136305903	
    Magnitude of b:	4.424384238979	

	
    Current index:	39501	
    Magnitude of W_grad:	9.0232998639355	
    Magnitude of W:	60991.558909377	
    Magnitude of B_grad:	0.32573693188801	
    Magnitude of b:	4.6480536451114	

	
    Current index:	49501	
    Magnitude of W_grad:	9.4378053707956	
    Magnitude of W:	60989.246439036	
    Magnitude of B_grad:	0.47536921710174	
    Magnitude of b:	4.6649500005783	

	
    Current index:	59501	
    Magnitude of W_grad:	9.2053162943539	
    Magnitude of W:	60986.50767112	
    Magnitude of B_grad:	0.36696110090407	
    Magnitude of b:	4.4165763123401	

	
    Current index:	69501	
    Magnitude of W_grad:	9.3529670233879	
    Magnitude of W:	60983.948379677	
    Magnitude of B_grad:	0.29402923267551	
    Magnitude of b:	4.1554902201326	

	
    Current index:	79501	
    Magnitude of W_grad:	9.4196221064602	
    Magnitude of W:	60981.514752054	
    Magnitude of B_grad:	0.23958052497982	
    Magnitude of b:	4.0826319552207	

	
    Current index:	89501	
    Magnitude of W_grad:	10.22030933147	
    Magnitude of W:	60979.136032378	
    Magnitude of B_grad:	0.3930007766396	
    Magnitude of b:	4.1699423988977	

	
SGD: Loss is	
	LOSS:Calculated softmax res	
294170.38488228	
SGD: crossEntropyLoss is	
294170.38488228	
SGD: Validation Accuracy is:	
0.27611262488647	
SGD: Magnitude of W:	
60978.289469152	
SGD: Magnitude of b:	
4.177901915959	
    Current index:	9501	
    Magnitude of W_grad:	10.885942389522	
    Magnitude of W:	60976.1652238	
    Magnitude of B_grad:	0.52536938716556	
    Magnitude of b:	4.0696208154431	

	
    Current index:	19501	
    Magnitude of W_grad:	9.4665361889361	
    Magnitude of W:	60974.115886102	
    Magnitude of B_grad:	0.37390050149507	
    Magnitude of b:	4.2782263510858	

	
    Current index:	29501	
    Magnitude of W_grad:	9.4763427993518	
    Magnitude of W:	60972.129184695	
    Magnitude of B_grad:	0.32732663713345	
    Magnitude of b:	4.4658403728619	

	
    Current index:	39501	
    Magnitude of W_grad:	8.9845946384983	
    Magnitude of W:	60970.169500104	
    Magnitude of B_grad:	0.32288483636094	
    Magnitude of b:	4.6880901369494	

	
    Current index:	49501	
    Magnitude of W_grad:	9.4242853834811	
    Magnitude of W:	60967.87983407	
    Magnitude of B_grad:	0.47276875191999	
    Magnitude of b:	4.7043056737157	

	
    Current index:	59501	
    Magnitude of W_grad:	9.1350421394558	
    Magnitude of W:	60965.132884432	
    Magnitude of B_grad:	0.36361539424104	
    Magnitude of b:	4.4553792430734	

	
    Current index:	69501	
    Magnitude of W_grad:	9.3052794770779	
    Magnitude of W:	60962.554578878	
    Magnitude of B_grad:	0.29170109973042	
    Magnitude of b:	4.1952517730468	

	
    Current index:	79501	
    Magnitude of W_grad:	9.3593843506771	
    Magnitude of W:	60960.120128835	
    Magnitude of B_grad:	0.23618313958322	
    Magnitude of b:	4.1694351506511	

	
    Current index:	89501	
    Magnitude of W_grad:	10.152137570502	
    Magnitude of W:	60957.803638952	
    Magnitude of B_grad:	0.38631839417655	
    Magnitude of b:	4.2471956865943	

	
SGD: Loss is	
	LOSS:Calculated softmax res	
291914.67880975	
SGD: crossEntropyLoss is	
291914.67880975	
SGD: Validation Accuracy is:	
0.27702089009991	
SGD: Magnitude of W:	
60956.996243488	
SGD: Magnitude of b:	
4.2545623843034	
    Current index:	9501	
    Magnitude of W_grad:	10.850797634212	
    Magnitude of W:	60954.916016053	
    Magnitude of B_grad:	0.52249199272051	
    Magnitude of b:	4.1096543258992	

	
    Current index:	19501	
    Magnitude of W_grad:	9.4252060450861	
    Magnitude of W:	60952.933702373	
    Magnitude of B_grad:	0.37264639877363	
    Magnitude of b:	4.3165169872324	

	
    Current index:	29501	
    Magnitude of W_grad:	9.433220873481	
    Magnitude of W:	60950.991958018	
    Magnitude of B_grad:	0.32492127369887	
    Magnitude of b:	4.5023697598983	

	
    Current index:	39501	
    Magnitude of W_grad:	8.9471175360082	
    Magnitude of W:	60949.045441244	
    Magnitude of B_grad:	0.32010703702197	
    Magnitude of b:	4.7233500529048	

	
    Current index:	49501	
    Magnitude of W_grad:	9.4104347074024	
    Magnitude of W:	60946.788974206	
    Magnitude of B_grad:	0.47046742262992	
    Magnitude of b:	4.739081708505	

	
    Current index:	59501	
    Magnitude of W_grad:	9.0664187753199	
    Magnitude of W:	60944.056246167	
    Magnitude of B_grad:	0.36046203391226	
    Magnitude of b:	4.4898393230669	

	
    Current index:	69501	
    Magnitude of W_grad:	9.2600051936411	
    Magnitude of W:	60941.582841749	
    Magnitude of B_grad:	0.2895727064727	
    Magnitude of b:	4.230845720433	

	
    Current index:	79501	
    Magnitude of W_grad:	9.3042569739469	
    Magnitude of W:	60939.215999444	
    Magnitude of B_grad:	0.2330725806279	
    Magnitude of b:	4.2477874657438	

	
    Current index:	89501	
    Magnitude of W_grad:	10.085762734576	
    Magnitude of W:	60936.907897977	
    Magnitude of B_grad:	0.37995104647867	
    Magnitude of b:	4.3160958336203	

	
SGD: Loss is	
	LOSS:Calculated softmax res	
289814.41845307	
SGD: crossEntropyLoss is	
289814.41845307	
SGD: Validation Accuracy is:	
0.27883742052679	
SGD: Magnitude of W:	
60936.105790427	
SGD: Magnitude of b:	
4.3229433453392	
    Current index:	9501	
    Magnitude of W_grad:	10.818832333297	
    Magnitude of W:	60934.026309307	
    Magnitude of B_grad:	0.51988458716427	
    Magnitude of b:	4.1830470575934	

	
    Current index:	19501	
    Magnitude of W_grad:	9.386612081935	
    Magnitude of W:	60932.067196417	
    Magnitude of B_grad:	0.37136271345065	
    Magnitude of b:	4.3510968829453	

	
    Current index:	29501	
    Magnitude of W_grad:	9.3918875894254	
    Magnitude of W:	60930.122624218	
    Magnitude of B_grad:	0.32272478723246	
    Magnitude of b:	4.5353843399015	

	
    Current index:	39501	
    Magnitude of W_grad:	8.9106868575062	
    Magnitude of W:	60928.156795926	
    Magnitude of B_grad:	0.31740543352773	
    Magnitude of b:	4.7552033732633	

	
    Current index:	49501	
    Magnitude of W_grad:	9.3992312719532	
    Magnitude of W:	60925.919840647	
    Magnitude of B_grad:	0.46842433103904	
    Magnitude of b:	4.7705918142889	

	
    Current index:	59501	
    Magnitude of W_grad:	8.9992372728747	
    Magnitude of W:	60923.266331712	
    Magnitude of B_grad:	0.35748799808813	
    Magnitude of b:	4.5212103177795	

	
    Current index:	69501	
    Magnitude of W_grad:	9.2167630229833	
    Magnitude of W:	60920.817944049	
    Magnitude of B_grad:	0.28762781205058	
    Magnitude of b:	4.2726929758372	

	
    Current index:	79501	
    Magnitude of W_grad:	9.2527982320918	
    Magnitude of W:	60918.454419327	
    Magnitude of B_grad:	0.23021333897359	
    Magnitude of b:	4.3191735704761	

	
    Current index:	89501	
    Magnitude of W_grad:	10.02284910317	
    Magnitude of W:	60916.150464024	
    Magnitude of B_grad:	0.37391598865665	
    Magnitude of b:	4.3779240738587	

	
SGD: Loss is	
	LOSS:Calculated softmax res	
287848.4985042	
SGD: crossEntropyLoss is	
287848.4985042	
SGD: Validation Accuracy is:	
0.27883742052679	
SGD: Magnitude of W:	
60915.353807009	
SGD: Magnitude of b:	
4.3843145844096	
    Current index:	9501	
    Magnitude of W_grad:	10.789113778235	
    Magnitude of W:	60913.304467952	
    Magnitude of B_grad:	0.51752544181774	
    Magnitude of b:	4.2537790871399	

	
    Current index:	19501	
    Magnitude of W_grad:	9.3508070750686	
    Magnitude of W:	60911.338515503	
    Magnitude of B_grad:	0.37005946303909	
    Magnitude of b:	4.3829898152661	

	
    Current index:	29501	
    Magnitude of W_grad:	9.3522391095794	
    Magnitude of W:	60909.418224124	
    Magnitude of B_grad:	0.32071457760906	
    Magnitude of b:	4.5658650123415	

	
    Current index:	39501	
    Magnitude of W_grad:	8.8758268547267	
    Magnitude of W:	60907.464895433	
    Magnitude of B_grad:	0.31478101220869	
    Magnitude of b:	4.7846014239837	

	
    Current index:	49501	
    Magnitude of W_grad:	9.3873778034472	
    Magnitude of W:	60905.242206391	
    Magnitude of B_grad:	0.46660356041589	
    Magnitude of b:	4.7997465921612	

	
    Current index:	59501	
    Magnitude of W_grad:	8.9344547995827	
    Magnitude of W:	60902.597959361	
    Magnitude of B_grad:	0.35468649394187	
    Magnitude of b:	4.5503583368264	

	
    Current index:	69501	
    Magnitude of W_grad:	9.176014373468	
    Magnitude of W:	60900.176527596	
    Magnitude of B_grad:	0.28584576725054	
    Magnitude of b:	4.3395161714001	

	
    Current index:	79501	
    Magnitude of W_grad:	9.2047267704454	
    Magnitude of W:	60897.798231036	
    Magnitude of B_grad:	0.22757758237197	
    Magnitude of b:	4.3847680999454	

	
    Current index:	89501	
    Magnitude of W_grad:	9.9617652506671	
    Magnitude of W:	60895.504976309	
    Magnitude of B_grad:	0.36822043658235	
    Magnitude of b:	4.4337362285253	

	
SGD: Loss is	
	LOSS:Calculated softmax res	
285999.58721835	
SGD: crossEntropyLoss is	
285999.58721835	
SGD: Validation Accuracy is:	
0.28065395095368	
SGD: Magnitude of W:	
60894.711000265	
SGD: Magnitude of b:	
4.4397222924793	
    Current index:	9501	
    Magnitude of W_grad:	10.761578795721	
    Magnitude of W:	60892.706679074	
    Magnitude of B_grad:	0.51539234878155	
    Magnitude of b:	4.3189199725688	

	
    Current index:	19501	
    Magnitude of W_grad:	9.3175267010933	
    Magnitude of W:	60890.733073031	
    Magnitude of B_grad:	0.36874952592338	
    Magnitude of b:	4.4129034178877	

	
    Current index:	29501	
    Magnitude of W_grad:	9.3139519106201	
    Magnitude of W:	60888.811440752	
    Magnitude of B_grad:	0.31887295106962	
    Magnitude of b:	4.5944871196888	

	
    Current index:	39501	
    Magnitude of W_grad:	8.8418627588643	
    Magnitude of W:	60886.865065285	
    Magnitude of B_grad:	0.31223399922997	
    Magnitude of b:	4.8121988665229	

	
    Current index:	49501	
    Magnitude of W_grad:	9.3750525541495	
    Magnitude of W:	60884.652812584	
    Magnitude of B_grad:	0.46497375493457	
    Magnitude of b:	4.8271713914055	

	
    Current index:	59501	
    Magnitude of W_grad:	8.8722256941378	
    Magnitude of W:	60882.041770843	
    Magnitude of B_grad:	0.35205312910522	
    Magnitude of b:	4.5778759396366	

	
    Current index:	69501	
    Magnitude of W_grad:	9.1385688161685	
    Magnitude of W:	60879.65575168	
    Magnitude of B_grad:	0.28420505675543	
    Magnitude of b:	4.4013443272822	

	
    Current index:	79501	
    Magnitude of W_grad:	9.1595451845689	
    Magnitude of W:	60877.270828364	
    Magnitude of B_grad:	0.22514259341425	
    Magnitude of b:	4.4455002605049	

	
    Current index:	89501	
    Magnitude of W_grad:	9.9026868336701	
    Magnitude of W:	60874.951538139	
    Magnitude of B_grad:	0.36286386016737	
    Magnitude of b:	4.4844027831448	

	
SGD: Loss is	
	LOSS:Calculated softmax res	
284253.3072199	
SGD: crossEntropyLoss is	
284253.3072199	
SGD: Validation Accuracy is:	
0.27974568574024	
SGD: Magnitude of W:	
60874.16053598	
SGD: Magnitude of b:	
4.49002872266	
    Current index:	9501	
    Magnitude of W_grad:	10.736218043459	
    Magnitude of W:	60872.201665092	
    Magnitude of B_grad:	0.5134635711763	
    Magnitude of b:	4.3793512399654	

	
    Current index:	19501	
    Magnitude of W_grad:	9.2858359425349	
    Magnitude of W:	60870.241681695	
    Magnitude of B_grad:	0.36744642574323	
    Magnitude of b:	4.4413223845429	

	
    Current index:	29501	
    Magnitude of W_grad:	9.2772788825316	
    Magnitude of W:	60868.300121733	
    Magnitude of B_grad:	0.31718536959255	
    Magnitude of b:	4.6217111060877	

	
    Current index:	39501	
    Magnitude of W_grad:	8.8096337219589	
    Magnitude of W:	60866.355371414	
    Magnitude of B_grad:	0.30976400143862	
    Magnitude of b:	4.8384418414377	

	
    Current index:	49501	
    Magnitude of W_grad:	9.3628467978291	
    Magnitude of W:	60864.151907988	
    Magnitude of B_grad:	0.46350770315995	
    Magnitude of b:	4.8532913933746	

	
    Current index:	59501	
    Magnitude of W_grad:	8.8122232009188	
    Magnitude of W:	60861.554251644	
    Magnitude of B_grad:	0.3495835934127	
    Magnitude of b:	4.6041642685931	

	
    Current index:	69501	
    Magnitude of W_grad:	9.1042048865321	
    Magnitude of W:	60859.201274103	
    Magnitude of B_grad:	0.2826852245258	
    Magnitude of b:	4.4589353204683	

	
    Current index:	79501	
    Magnitude of W_grad:	9.1157255956028	
    Magnitude of W:	60856.818778735	
    Magnitude of B_grad:	0.22288901641373	
    Magnitude of b:	4.5021061933849	

	
    Current index:	89501	
    Magnitude of W_grad:	9.8465062172626	
    Magnitude of W:	60854.479241256	
    Magnitude of B_grad:	0.35783989531339	
    Magnitude of b:	4.5306427581777	

	
SGD: Loss is	
	LOSS:Calculated softmax res	
282597.63429269	
SGD: crossEntropyLoss is	
282597.63429269	
SGD: Validation Accuracy is:	
0.28247048138056	
SGD: Magnitude of W:	
60853.697398345	
SGD: Magnitude of b:	
4.5359458322337	
    Current index:	9501	
    Magnitude of W_grad:	10.712830208047	
    Magnitude of W:	60851.777833209	
    Magnitude of B_grad:	0.51171843314518	
    Magnitude of b:	4.435771849996	

	
    Current index:	19501	
    Magnitude of W_grad:	9.2560353037018	
    Magnitude of W:	60849.81250506	
    Magnitude of B_grad:	0.36616303236011	
    Magnitude of b:	4.4685755849368	

	
    Current index:	29501	
    Magnitude of W_grad:	9.2419729713453	
    Magnitude of W:	60847.859102669	
    Magnitude of B_grad:	0.31563943852694	
    Magnitude of b:	4.6478476572103	

	
    Current index:	39501	
    Magnitude of W_grad:	8.7784033819297	
    Magnitude of W:	60845.951881454	
    Magnitude of B_grad:	0.30737014675361	
    Magnitude of b:	4.8636312592185	

	
    Current index:	49501	
    Magnitude of W_grad:	9.35048544609	
    Magnitude of W:	60843.762092123	
    Magnitude of B_grad:	0.46218188943555	
    Magnitude of b:	4.8783926074766	

	
    Current index:	59501	
    Magnitude of W_grad:	8.7537978296641	
    Magnitude of W:	60841.174352497	
    Magnitude of B_grad:	0.34727248200176	
    Magnitude of b:	4.6294917522377	

	
    Current index:	69501	
    Magnitude of W_grad:	9.0721488271171	
    Magnitude of W:	60838.831799075	
    Magnitude of B_grad:	0.2812677166742	
    Magnitude of b:	4.5128916466234	

	
    Current index:	79501	
    Magnitude of W_grad:	9.0731168800708	
    Magnitude of W:	60836.466653994	
    Magnitude of B_grad:	0.22079972305234	
    Magnitude of b:	4.5551709660733	

	
    Current index:	89501	
    Magnitude of W_grad:	9.7928274967516	
    Magnitude of W:	60834.112021034	
    Magnitude of B_grad:	0.35313787828709	
    Magnitude of b:	4.5730519861317	

	
SGD: Loss is	
	LOSS:Calculated softmax res	
281022.44320232	
SGD: crossEntropyLoss is	
281022.44320232	
SGD: Validation Accuracy is:	
0.28247048138056	
SGD: Magnitude of W:	
60833.322666943	
SGD: Magnitude of b:	
4.5780634051634	
    Current index:	9501	
    Magnitude of W_grad:	10.690877879133	
    Magnitude of W:	60831.443502002	
    Magnitude of B_grad:	0.51013766891811	
    Magnitude of b:	4.4887380054651	

	
    Current index:	19501	
    Magnitude of W_grad:	9.2287726837774	
    Magnitude of W:	60829.49084066	
    Magnitude of B_grad:	0.36491088787742	
    Magnitude of b:	4.4948840476689	

	
    Current index:	29501	
    Magnitude of W_grad:	9.2081565002426	
    Magnitude of W:	60827.559280106	
    Magnitude of B_grad:	0.3142243046011	
    Magnitude of b:	4.6731041310203	

	
    Current index:	39501	
    Magnitude of W_grad:	8.7479190797881	
    Magnitude of W:	60825.655538053	
    Magnitude of B_grad:	0.3050512062272	
    Magnitude of b:	4.8879678655227	

	
    Current index:	49501	
    Magnitude of W_grad:	9.3379003101747	
    Magnitude of W:	60823.464496632	
    Magnitude of B_grad:	0.46097604487897	
    Magnitude of b:	4.9026652249007	

	
    Current index:	59501	
    Magnitude of W_grad:	8.6970032433029	
    Magnitude of W:	60820.906903151	
    Magnitude of B_grad:	0.34511290131518	
    Magnitude of b:	4.6540357148529	

	
    Current index:	69501	
    Magnitude of W_grad:	9.0422579050493	
    Magnitude of W:	60818.557634682	
    Magnitude of B_grad:	0.27993613154767	
    Magnitude of b:	4.5636944747808	

	
    Current index:	79501	
    Magnitude of W_grad:	9.032118655737	
    Magnitude of W:	60816.204762001	
    Magnitude of B_grad:	0.21885913690835	
    Magnitude of b:	4.6051617637913	

	
    Current index:	89501	
    Magnitude of W_grad:	9.7405268971266	
    Magnitude of W:	60813.871495269	
    Magnitude of B_grad:	0.34874408990884	
    Magnitude of b:	4.6201526107349	

	
SGD: Loss is	
	LOSS:Calculated softmax res	
279519.15546545	
SGD: crossEntropyLoss is	
279519.15546545	
SGD: Validation Accuracy is:	
0.28428701180745	
SGD: Magnitude of W:	
60813.076451711	
SGD: Magnitude of b:	
4.6168721061858	
    Current index:	9501	
    Magnitude of W_grad:	10.670781891696	
    Magnitude of W:	60811.243374093	
    Magnitude of B_grad:	0.50870358892521	
    Magnitude of b:	4.5386945521041	

	
    Current index:	19501	
    Magnitude of W_grad:	9.2031910070841	
    Magnitude of W:	60809.31623323	
    Magnitude of B_grad:	0.36369990358459	
    Magnitude of b:	4.5203949313198	

	
    Current index:	29501	
    Magnitude of W_grad:	9.1758947209052	
    Magnitude of W:	60807.373490518	
    Magnitude of B_grad:	0.31293027062906	
    Magnitude of b:	4.6976173177609	

	
    Current index:	39501	
    Magnitude of W_grad:	8.7184503514664	
    Magnitude of W:	60805.474816008	
    Magnitude of B_grad:	0.3028056831987	
    Magnitude of b:	4.9115840103141	

	
    Current index:	49501	
    Magnitude of W_grad:	9.3258433793031	
    Magnitude of W:	60803.2999979	
    Magnitude of B_grad:	0.45987273077402	
    Magnitude of b:	4.9262341366561	

	
    Current index:	59501	
    Magnitude of W_grad:	8.6417753594088	
    Magnitude of W:	60800.776039425	
    Magnitude of B_grad:	0.34309655328939	
    Magnitude of b:	4.6779115977303	

	
    Current index:	69501	
    Magnitude of W_grad:	9.0135866929719	
    Magnitude of W:	60798.456915462	
    Magnitude of B_grad:	0.27867619404095	
    Magnitude of b:	4.6117302789931	

	
    Current index:	79501	
    Magnitude of W_grad:	8.9929034572847	
    Magnitude of W:	60796.125080283	
    Magnitude of B_grad:	0.21705287471623	
    Magnitude of b:	4.6524538162693	

	
    Current index:	89501	
    Magnitude of W_grad:	9.689943519311	
    Magnitude of W:	60793.779096962	
    Magnitude of B_grad:	0.34464277553536	
    Magnitude of b:	4.6671058946811	

	
SGD: Loss is	
	LOSS:Calculated softmax res	
278080.46071805	
SGD: crossEntropyLoss is	
278080.46071805	
SGD: Validation Accuracy is:	
0.28337874659401	
SGD: Magnitude of W:	
60792.983733612	
SGD: Magnitude of b:	
4.6527821073217	
    Current index:	9501	
    Magnitude of W_grad:	10.65232580798	
    Magnitude of W:	60791.188811142	
    Magnitude of B_grad:	0.5074001097151	
    Magnitude of b:	4.5859994896917	

	
    Current index:	19501	
    Magnitude of W_grad:	9.1791891999286	
    Magnitude of W:	60789.262729443	
    Magnitude of B_grad:	0.36253826278036	
    Magnitude of b:	4.5631461270748	

	
    Current index:	29501	
    Magnitude of W_grad:	9.1448195481304	
    Magnitude of W:	60787.314087071	
    Magnitude of B_grad:	0.31174852855078	
    Magnitude of b:	4.7214763116485	

	
    Current index:	39501	
    Magnitude of W_grad:	8.6908671224505	
    Magnitude of W:	60785.41604229	
    Magnitude of B_grad:	0.3006318721535	
    Magnitude of b:	4.9345658196335	

	
    Current index:	49501	
    Magnitude of W_grad:	9.3139706450696	
    Magnitude of W:	60783.254308051	
    Magnitude of B_grad:	0.45885696673564	
    Magnitude of b:	4.9491802108578	

	
    Current index:	59501	
    Magnitude of W_grad:	8.5878277251984	
    Magnitude of W:	60780.76367119	
    Magnitude of B_grad:	0.3412140664056	
    Magnitude of b:	4.701193291098	

	
    Current index:	69501	
    Magnitude of W_grad:	8.9857065363437	
    Magnitude of W:	60778.460040155	
    Magnitude of B_grad:	0.27747561589696	
    Magnitude of b:	4.6573115420105	

	
    Current index:	79501	
    Magnitude of W_grad:	8.9548133212338	
    Magnitude of W:	60776.142479422	
    Magnitude of B_grad:	0.21536758121335	
    Magnitude of b:	4.6973505305808	

	
    Current index:	89501	
    Magnitude of W_grad:	9.6419012099655	
    Magnitude of W:	60773.809447761	
    Magnitude of B_grad:	0.34081697151101	
    Magnitude of b:	4.7117090796362	

	
SGD: Loss is	
	LOSS:Calculated softmax res	
276700.09363806	
SGD: crossEntropyLoss is	
276700.09363806	
SGD: Validation Accuracy is:	
0.28156221616712	
SGD: Magnitude of W:	
60773.015450521	
SGD: Magnitude of b:	
4.6861380393435	
    Current index:	9501	
    Magnitude of W_grad:	10.634702336098	
    Magnitude of W:	60771.227075508	
    Magnitude of B_grad:	0.50621269706551	
    Magnitude of b:	4.6309430051098	

	
    Current index:	19501	
    Magnitude of W_grad:	9.1564686794914	
    Magnitude of W:	60769.307883304	
    Magnitude of B_grad:	0.36143243834052	
    Magnitude of b:	4.6080665350625	

	
    Current index:	29501	
    Magnitude of W_grad:	9.1150802259061	
    Magnitude of W:	60767.36438006	
    Magnitude of B_grad:	0.3106709657459	
    Magnitude of b:	4.7447383342228	

	
    Current index:	39501	
    Magnitude of W_grad:	8.6651305868001	
    Magnitude of W:	60765.476024935	
    Magnitude of B_grad:	0.29852789934654	
    Magnitude of b:	4.9569685351029	

	
    Current index:	49501	
    Magnitude of W_grad:	9.3020010389323	
    Magnitude of W:	60763.326672363	
    Magnitude of B_grad:	0.4579159021276	
    Magnitude of b:	4.9715550012359	

	
    Current index:	59501	
    Magnitude of W_grad:	8.5353111507397	
    Magnitude of W:	60760.845364626	
    Magnitude of B_grad:	0.3394554169288	
    Magnitude of b:	4.7239271621498	

	
    Current index:	69501	
    Magnitude of W_grad:	8.9587671867069	
    Magnitude of W:	60758.54312589	
    Magnitude of B_grad:	0.27632391404558	
    Magnitude of b:	4.700692835258	

	
    Current index:	79501	
    Magnitude of W_grad:	8.9178276414364	
    Magnitude of W:	60756.231820161	
    Magnitude of B_grad:	0.2137908648964	
    Magnitude of b:	4.7400991102004	

	
    Current index:	89501	
    Magnitude of W_grad:	9.5956638790251	
    Magnitude of W:	60753.913767929	
    Magnitude of B_grad:	0.33724915592438	
    Magnitude of b:	4.7542024733173	

	
SGD: Loss is	
	LOSS:Calculated softmax res	
275372.65419823	
SGD: crossEntropyLoss is	
275372.65419823	
SGD: Validation Accuracy is:	
0.28156221616712	
SGD: Magnitude of W:	
60753.122992566	
SGD: Magnitude of b:	
4.7172309850593	
    Current index:	9501	
    Magnitude of W_grad:	10.618434728492	
    Magnitude of W:	60751.357522023	
    Magnitude of B_grad:	0.5051282652051	
    Magnitude of b:	4.6737622339147	

	
    Current index:	19501	
    Magnitude of W_grad:	9.1348319506298	
    Magnitude of W:	60749.460810991	
    Magnitude of B_grad:	0.36038727605579	
    Magnitude of b:	4.650854208715	

	
    Current index:	29501	
    Magnitude of W_grad:	9.0870552934143	
    Magnitude of W:	60747.5425177	
    Magnitude of B_grad:	0.30969002280947	
    Magnitude of b:	4.7674396070542	

	
    Current index:	39501	
    Magnitude of W_grad:	8.6397376753512	
    Magnitude of W:	60745.669955059	
    Magnitude of B_grad:	0.29649175579411	
    Magnitude of b:	4.9788270552502	

	
    Current index:	49501	
    Magnitude of W_grad:	9.2900797847098	
    Magnitude of W:	60743.533782493	
    Magnitude of B_grad:	0.45703852608811	
    Magnitude of b:	4.9933908428547	

	
    Current index:	59501	
    Magnitude of W_grad:	8.4850487695529	
    Magnitude of W:	60741.070638629	
    Magnitude of B_grad:	0.33781034719774	
    Magnitude of b:	4.7461416625511	

	
    Current index:	69501	
    Magnitude of W_grad:	8.9327913370323	
    Magnitude of W:	60738.789789719	
    Magnitude of B_grad:	0.27521221907723	
    Magnitude of b:	4.7420833232951	

	
    Current index:	79501	
    Magnitude of W_grad:	8.8828438254366	
    Magnitude of W:	60736.497726313	
    Magnitude of B_grad:	0.21231127538511	
    Magnitude of b:	4.780902688832	

	
    Current index:	89501	
    Magnitude of W_grad:	9.5511946300657	
    Magnitude of W:	60734.188545497	
    Magnitude of B_grad:	0.33392174400132	
    Magnitude of b:	4.7947834810845	

	
SGD: Loss is	
	LOSS:Calculated softmax res	
274093.46229891	
SGD: crossEntropyLoss is	
274093.46229891	
SGD: Validation Accuracy is:	
0.28156221616712	
SGD: Magnitude of W:	
60733.402854282	
SGD: Magnitude of b:	
4.7521870020574	
    Current index:	9501	
    Magnitude of W_grad:	10.602911867937	
    Magnitude of W:	60731.636684503	
    Magnitude of B_grad:	0.50413506141132	
    Magnitude of b:	4.7146527159612	

	
    Current index:	19501	
    Magnitude of W_grad:	9.1143431312186	
    Magnitude of W:	60729.745309549	
    Magnitude of B_grad:	0.35940611542052	
    Magnitude of b:	4.6917047474498	

	
    Current index:	29501	
    Magnitude of W_grad:	9.0599637927533	
    Magnitude of W:	60727.830358196	
    Magnitude of B_grad:	0.30879858970464	
    Magnitude of b:	4.7896027863253	

	
    Current index:	39501	
    Magnitude of W_grad:	8.6145526672147	
    Magnitude of W:	60725.959147602	
    Magnitude of B_grad:	0.29452132795131	
    Magnitude of b:	5.0001631427766	

	
    Current index:	49501	
    Magnitude of W_grad:	9.278345206981	
    Magnitude of W:	60723.828859859	
    Magnitude of B_grad:	0.45621541283762	
    Magnitude of b:	5.0147077398609	

	
    Current index:	59501	
    Magnitude of W_grad:	8.4361994927723	
    Magnitude of W:	60721.384937701	
    Magnitude of B_grad:	0.3362687335948	
    Magnitude of b:	4.7678538636908	

	
    Current index:	69501	
    Magnitude of W_grad:	8.9072624184166	
    Magnitude of W:	60719.113080314	
    Magnitude of B_grad:	0.27413308968853	
    Magnitude of b:	4.7816565002423	

	
    Current index:	79501	
    Magnitude of W_grad:	8.8492735858879	
    Magnitude of W:	60716.844107401	
    Magnitude of B_grad:	0.21091829001577	
    Magnitude of b:	4.8199297714459	

	
    Current index:	89501	
    Magnitude of W_grad:	9.5080485273174	
    Magnitude of W:	60714.546521743	
    Magnitude of B_grad:	0.33081745287336	
    Magnitude of b:	4.8336158323053	

	
SGD: Loss is	
	LOSS:Calculated softmax res	
272858.43987019	
SGD: crossEntropyLoss is	
272858.43987019	
SGD: Validation Accuracy is:	
0.28337874659401	
SGD: Magnitude of W:	
60713.766641227	
SGD: Magnitude of b:	
4.7909811202358	
    Current index:	9501	
    Magnitude of W_grad:	10.587961814859	
    Magnitude of W:	60711.998927246	
    Magnitude of B_grad:	0.50322255198575	
    Magnitude of b:	4.7537772924381	

	
    Current index:	19501	
    Magnitude of W_grad:	9.0949235788265	
    Magnitude of W:	60710.105253326	
    Magnitude of B_grad:	0.35849093036321	
    Magnitude of b:	4.7307815255829	

	
    Current index:	29501	
    Magnitude of W_grad:	9.0338257697486	
    Magnitude of W:	60708.190423776	
    Magnitude of B_grad:	0.30798993104624	
    Magnitude of b:	4.8112420237882	

	
    Current index:	39501	
    Magnitude of W_grad:	8.5904292077673	
    Magnitude of W:	60706.313509917	
    Magnitude of B_grad:	0.29261442745541	
    Magnitude of b:	5.0209903289531	

	
    Current index:	49501	
    Magnitude of W_grad:	9.2668089006599	
    Magnitude of W:	60704.205759014	
    Magnitude of B_grad:	0.45543849992169	
    Magnitude of b:	5.0355180355223	

	
    Current index:	59501	
    Magnitude of W_grad:	8.3887614177712	
    Magnitude of W:	60701.803967952	
    Magnitude of B_grad:	0.3348208851123	
    Magnitude of b:	4.7890738688577	

	
    Current index:	69501	
    Magnitude of W_grad:	8.8820994280324	
    Magnitude of W:	60699.562327398	
    Magnitude of B_grad:	0.273080341206	
    Magnitude of b:	4.8195577734778	

	
    Current index:	79501	
    Magnitude of W_grad:	8.8170954592942	
    Magnitude of W:	60697.311953912	
    Magnitude of B_grad:	0.20960229495685	
    Magnitude of b:	4.8573215856011	

	
    Current index:	89501	
    Magnitude of W_grad:	9.4658109680831	
    Magnitude of W:	60695.033450112	
    Magnitude of B_grad:	0.32791956117783	
    Magnitude of b:	4.8708367531005	

	
SGD: Loss is	
	LOSS:Calculated softmax res	
271664.01497469	
SGD: crossEntropyLoss is	
271664.01497469	
SGD: Validation Accuracy is:	
0.28792007266122	
SGD: Magnitude of W:	
60694.257783284	
SGD: Magnitude of b:	
4.8281702487287	
    Current index:	9501	
    Magnitude of W_grad:	10.573429547573	
    Magnitude of W:	60692.490535828	
    Magnitude of B_grad:	0.50238131631933	
    Magnitude of b:	4.7912730175647	

	
    Current index:	19501	
    Magnitude of W_grad:	9.0766035653471	
    Magnitude of W:	60690.609486649	
    Magnitude of B_grad:	0.35764247910288	
    Magnitude of b:	4.7682224140405	

	
    Current index:	29501	
    Magnitude of W_grad:	9.0089672462092	
    Magnitude of W:	60688.713025806	
    Magnitude of B_grad:	0.30725763379377	
    Magnitude of b:	4.832366388634	

	
    Current index:	39501	
    Magnitude of W_grad:	8.5669224797954	
    Magnitude of W:	60686.827790433	
    Magnitude of B_grad:	0.29076881965324	
    Magnitude of b:	5.0413172281542	

	
    Current index:	49501	
    Magnitude of W_grad:	9.2556673169803	
    Magnitude of W:	60684.726303387	
    Magnitude of B_grad:	0.45470089673909	
    Magnitude of b:	5.0558295516076	

	
    Current index:	59501	
    Magnitude of W_grad:	8.3427200950654	
    Magnitude of W:	60682.351669117	
    Magnitude of B_grad:	0.33345776872225	
    Magnitude of b:	4.8185187218337	

	
    Current index:	69501	
    Magnitude of W_grad:	8.857174783873	
    Magnitude of W:	60680.115110166	
    Magnitude of B_grad:	0.27204889152624	
    Magnitude of b:	4.8559103658046	

	
    Current index:	79501	
    Magnitude of W_grad:	8.7857221131294	
    Magnitude of W:	60677.869756368	
    Magnitude of B_grad:	0.20835455608509	
    Magnitude of b:	4.8931978035522	

	
    Current index:	89501	
    Magnitude of W_grad:	9.4248843278016	
    Magnitude of W:	60675.591393365	
    Magnitude of B_grad:	0.32521208627352	
    Magnitude of b:	4.9065625415144	

	
SGD: Loss is	
	LOSS:Calculated softmax res	
270507.04354065	
SGD: crossEntropyLoss is	
270507.04354065	
SGD: Validation Accuracy is:	
0.28792007266122	
SGD: Magnitude of W:	
60674.819218533	
SGD: Magnitude of b:	
4.8638699028546	
    Current index:	9501	
    Magnitude of W_grad:	10.559320277987	
    Magnitude of W:	60673.056309197	
    Magnitude of B_grad:	0.50160295045491	
    Magnitude of b:	4.8272565259404	

	
    Current index:	19501	
    Magnitude of W_grad:	9.0592536271316	
    Magnitude of W:	60671.183822618	
    Magnitude of B_grad:	0.35686045670594	
    Magnitude of b:	4.8041450086991	

	
    Current index:	29501	
    Magnitude of W_grad:	8.9851160129743	
    Magnitude of W:	60669.293982842	
    Magnitude of B_grad:	0.30659557250329	
    Magnitude of b:	4.8529821515237	

	
    Current index:	39501	
    Magnitude of W_grad:	8.5440926828213	
    Magnitude of W:	60667.405116658	
    Magnitude of B_grad:	0.28898225029618	
    Magnitude of b:	5.0611497499393	

	
    Current index:	49501	
    Magnitude of W_grad:	9.2446198426655	
    Magnitude of W:	60665.306285251	
    Magnitude of B_grad:	0.45399671994208	
    Magnitude of b:	5.0756476690182	

	
    Current index:	59501	
    Magnitude of W_grad:	8.2976489312328	
    Magnitude of W:	60662.942362094	
    Magnitude of B_grad:	0.33217116509392	
    Magnitude of b:	4.8535688223475	

	
    Current index:	69501	
    Magnitude of W_grad:	8.8328260758218	
    Magnitude of W:	60660.701129728	
    Magnitude of B_grad:	0.27103462464931	
    Magnitude of b:	4.8908199007993	

	
    Current index:	79501	
    Magnitude of W_grad:	8.7549788896158	
    Magnitude of W:	60658.460138006	
    Magnitude of B_grad:	0.20716717972528	
    Magnitude of b:	4.9276609902269	

	
    Current index:	89501	
    Magnitude of W_grad:	9.3872921032833	
    Magnitude of W:	60656.190524241	
    Magnitude of B_grad:	0.32267989777207	
    Magnitude of b:	4.9408928965245	

	
SGD: Loss is	
	LOSS:Calculated softmax res	
269384.74522219	
SGD: crossEntropyLoss is	
269384.74522219	
SGD: Validation Accuracy is:	
0.28519527702089	
SGD: Magnitude of W:	
60655.425614044	
SGD: Magnitude of b:	
4.8981791527487	
    Current index:	9501	
    Magnitude of W_grad:	10.545377419784	
    Magnitude of W:	60653.657427522	
    Magnitude of B_grad:	0.50087997905603	
    Magnitude of b:	4.8618281972051	

	
    Current index:	19501	
    Magnitude of W_grad:	9.042841194913	
    Magnitude of W:	60651.797343912	
    Magnitude of B_grad:	0.3561436465761	
    Magnitude of b:	4.8386506969524	

	
    Current index:	29501	
    Magnitude of W_grad:	8.9618980246087	
    Magnitude of W:	60649.912220641	
    Magnitude of B_grad:	0.30599788847618	
    Magnitude of b:	4.8730942735848	

	
    Current index:	39501	
    Magnitude of W_grad:	8.5227554347665	
    Magnitude of W:	60648.019218797	
    Magnitude of B_grad:	0.28725246985968	
    Magnitude of b:	5.0804925419728	

	
    Current index:	49501	
    Magnitude of W_grad:	9.2345504201758	
    Magnitude of W:	60645.926566725	
    Magnitude of B_grad:	0.45332095188275	
    Magnitude of b:	5.0949766736638	

	
    Current index:	59501	
    Magnitude of W_grad:	8.2536338458974	
    Magnitude of W:	60643.577008156	
    Magnitude of B_grad:	0.33095376133587	
    Magnitude of b:	4.8872473592652	

	
    Current index:	69501	
    Magnitude of W_grad:	8.8088704513687	
    Magnitude of W:	60641.34064328	
    Magnitude of B_grad:	0.27003427012873	
    Magnitude of b:	4.9243779570844	

	
    Current index:	79501	
    Magnitude of W_grad:	8.7247875795976	
    Magnitude of W:	60639.123052512	
    Magnitude of B_grad:	0.20603306534099	
    Magnitude of b:	4.9608000542461	

	
    Current index:	89501	
    Magnitude of W_grad:	9.3505838456489	
    Magnitude of W:	60636.865825091	
    Magnitude of B_grad:	0.32030878211762	
    Magnitude of b:	4.973914274467	

	
SGD: Loss is	
	LOSS:Calculated softmax res	
268294.65057949	
SGD: crossEntropyLoss is	
268294.65057949	
SGD: Validation Accuracy is:	
0.28519527702089	
SGD: Magnitude of W:	
60636.107778404	
SGD: Magnitude of b:	
4.9311839417242	
    Current index:	9501	
    Magnitude of W_grad:	10.531562619852	
    Magnitude of W:	60634.329216249	
    Magnitude of B_grad:	0.50020577388767	
    Magnitude of b:	4.8950753848175	

	
    Current index:	19501	
    Magnitude of W_grad:	9.0274143784181	
    Magnitude of W:	60632.478777188	
    Magnitude of B_grad:	0.35549006849397	
    Magnitude of b:	4.8718278206831	

	
    Current index:	29501	
    Magnitude of W_grad:	8.9395048529637	
    Magnitude of W:	60630.598512096	
    Magnitude of B_grad:	0.3054589797321	
    Magnitude of b:	4.8927073388415	

	
    Current index:	39501	
    Magnitude of W_grad:	8.5019918998586	
    Magnitude of W:	60628.712249114	
    Magnitude of B_grad:	0.28557725504727	
    Magnitude of b:	5.0993498950155	

	
    Current index:	49501	
    Magnitude of W_grad:	9.2245143418917	
    Magnitude of W:	60626.624465468	
    Magnitude of B_grad:	0.45266931845656	
    Magnitude of b:	5.1138205924943	

	
    Current index:	59501	
    Magnitude of W_grad:	8.2107863064505	
    Magnitude of W:	60624.281358574	
    Magnitude of B_grad:	0.32979918860971	
    Magnitude of b:	4.9196379451035	

	
    Current index:	69501	
    Magnitude of W_grad:	8.7850195729797	
    Magnitude of W:	60622.037482861	
    Magnitude of B_grad:	0.26904529596177	
    Magnitude of b:	4.9566648179071	

	
    Current index:	79501	
    Magnitude of W_grad:	8.6954462413687	
    Magnitude of W:	60619.829207075	
    Magnitude of B_grad:	0.2049458528006	
    Magnitude of b:	4.9926929209142	

	
    Current index:	89501	
    Magnitude of W_grad:	9.3146267173382	
    Magnitude of W:	60617.58497351	
    Magnitude of B_grad:	0.31808546976873	
    Magnitude of b:	5.0057024880806	

	
SGD: Loss is	
	LOSS:Calculated softmax res	
267234.55733817	
SGD: crossEntropyLoss is	
267234.55733817	
SGD: Validation Accuracy is:	
0.28519527702089	
SGD: Magnitude of W:	
60616.83114536	
SGD: Magnitude of b:	
4.962959657109	
    Current index:	9501	
    Magnitude of W_grad:	10.517843303502	
    Magnitude of W:	60615.052289856	
    Magnitude of B_grad:	0.4995744770315	
    Magnitude of b:	4.9270749187368	

	
    Current index:	19501	
    Magnitude of W_grad:	9.0128949716229	
    Magnitude of W:	60613.216584687	
    Magnitude of B_grad:	0.35489712141836	
    Magnitude of b:	4.9037541379025	

	
    Current index:	29501	
    Magnitude of W_grad:	8.9176184542801	
    Magnitude of W:	60611.354344418	
    Magnitude of B_grad:	0.304973498972	
    Magnitude of b:	4.9118261002732	

	
    Current index:	39501	
    Magnitude of W_grad:	8.4815439716418	
    Magnitude of W:	60609.466080269	
    Magnitude of B_grad:	0.28395442713521	
    Magnitude of b:	5.1177262743558	

	
    Current index:	49501	
    Magnitude of W_grad:	9.2148692401457	
    Magnitude of W:	60607.385764083	
    Magnitude of B_grad:	0.45203818327488	
    Magnitude of b:	5.1321836788084	

	
    Current index:	59501	
    Magnitude of W_grad:	8.1689812258483	
    Magnitude of W:	60605.055589993	
    Magnitude of B_grad:	0.32870201283766	
    Magnitude of b:	4.9508144121091	

	
    Current index:	69501	
    Magnitude of W_grad:	8.7613081053579	
    Magnitude of W:	60602.822594964	
    Magnitude of B_grad:	0.26806581236274	
    Magnitude of b:	4.9877515966119	

	
    Current index:	79501	
    Magnitude of W_grad:	8.6665025573017	
    Magnitude of W:	60600.616074829	
    Magnitude of B_grad:	0.20389986673145	
    Magnitude of b:	5.0234086014668	

	
    Current index:	89501	
    Magnitude of W_grad:	9.2793463562018	
    Magnitude of W:	60598.384298741	
    Magnitude of B_grad:	0.31599763421188	
    Magnitude of b:	5.0363247186771	

	
SGD: Loss is	
	LOSS:Calculated softmax res	
266202.49394864	
SGD: crossEntropyLoss is	
266202.49394864	
SGD: Validation Accuracy is:	
0.28337874659401	
SGD: Magnitude of W:	
60597.629714728	
SGD: Magnitude of b:	
4.9935731219963	
    Current index:	9501	
    Magnitude of W_grad:	10.504191836699	
    Magnitude of W:	60595.854657571	
    Magnitude of B_grad:	0.49898092758884	
    Magnitude of b:	4.957895047548	

	
    Current index:	19501	
    Magnitude of W_grad:	8.9993547805053	
    Magnitude of W:	60594.040935865	
    Magnitude of B_grad:	0.3543617194644	
    Magnitude of b:	4.9344987421325	

	
    Current index:	29501	
    Magnitude of W_grad:	8.8963311014413	
    Magnitude of W:	60592.188908253	
    Magnitude of B_grad:	0.30453635684545	
    Magnitude of b:	4.9304557636398	

	
    Current index:	39501	
    Magnitude of W_grad:	8.4613869161856	
    Magnitude of W:	60590.301951752	
    Magnitude of B_grad:	0.2823818669419	
    Magnitude of b:	5.1356265971952	

	
    Current index:	49501	
    Magnitude of W_grad:	9.2054905591665	
    Magnitude of W:	60588.229541033	
    Magnitude of B_grad:	0.4514244557852	
    Magnitude of b:	5.1500706614172	

	
    Current index:	59501	
    Magnitude of W_grad:	8.1279029741064	
    Magnitude of W:	60585.913242954	
    Magnitude of B_grad:	0.32765768684848	
    Magnitude of b:	4.980842570335	

	
    Current index:	69501	
    Magnitude of W_grad:	8.7377543551612	
    Magnitude of W:	60583.696352589	
    Magnitude of B_grad:	0.2670944841844	
    Magnitude of b:	5.0177018820468	

	
    Current index:	79501	
    Magnitude of W_grad:	8.6380013750775	
    Magnitude of W:	60581.488356189	
    Magnitude of B_grad:	0.20289006011205	
    Magnitude of b:	5.0530087974265	

	
    Current index:	89501	
    Magnitude of W_grad:	9.2448117541296	
    Magnitude of W:	60579.265444972	
    Magnitude of B_grad:	0.31403387036177	
    Magnitude of b:	5.0658410766761	

	
SGD: Loss is	
	LOSS:Calculated softmax res	
265196.68903954	
SGD: crossEntropyLoss is	
265196.68903954	
SGD: Validation Accuracy is:	
0.28701180744777	
SGD: Magnitude of W:	
60578.511424609	
SGD: Magnitude of b:	
5.0230841412809	
    Current index:	9501	
    Magnitude of W_grad:	10.490666761051	
    Magnitude of W:	60576.749936535	
    Magnitude of B_grad:	0.49842059124561	
    Magnitude of b:	4.9875969504428	

	
    Current index:	19501	
    Magnitude of W_grad:	8.9865564948443	
    Magnitude of W:	60574.941090899	
    Magnitude of B_grad:	0.35388041953117	
    Magnitude of b:	4.9641235645578	

	
    Current index:	29501	
    Magnitude of W_grad:	8.8759351812869	
    Magnitude of W:	60573.094879348	
    Magnitude of B_grad:	0.30414272805801	
    Magnitude of b:	4.9486021002123	

	
    Current index:	39501	
    Magnitude of W_grad:	8.4413485164217	
    Magnitude of W:	60571.208598921	
    Magnitude of B_grad:	0.28085752636766	
    Magnitude of b:	5.1530563436981	

	
    Current index:	49501	
    Magnitude of W_grad:	9.1961857012249	
    Magnitude of W:	60569.141917756	
    Magnitude of B_grad:	0.4508255115383	
    Magnitude of b:	5.1674868407034	

	
    Current index:	59501	
    Magnitude of W_grad:	8.087628860353	
    Magnitude of W:	60566.832101217	
    Magnitude of B_grad:	0.32666247237968	
    Magnitude of b:	5.0097815813865	

	
    Current index:	69501	
    Magnitude of W_grad:	8.7141479589057	
    Magnitude of W:	60564.629423899	
    Magnitude of B_grad:	0.26613045025321	
    Magnitude of b:	5.0465730179105	

	
    Current index:	79501	
    Magnitude of W_grad:	8.6099503198652	
    Magnitude of W:	60562.4175149	
    Magnitude of B_grad:	0.20191195881229	
    Magnitude of b:	5.0815491499301	

	
    Current index:	89501	
    Magnitude of W_grad:	9.2112158249029	
    Magnitude of W:	60560.200689175	
    Magnitude of B_grad:	0.31218365862637	
    Magnitude of b:	5.094305817107	

	
SGD: Loss is	
	LOSS:Calculated softmax res	
264215.54565638	
SGD: crossEntropyLoss is	
264215.54565638	
SGD: Validation Accuracy is:	
0.2897366030881	
SGD: Magnitude of W:	
60559.447315379	
SGD: Magnitude of b:	
5.0515467069835	
    Current index:	9501	
    Magnitude of W_grad:	10.47763819221	
    Magnitude of W:	60557.693945573	
    Magnitude of B_grad:	0.49788949259824	
    Magnitude of b:	5.01623592105	

	
    Current index:	19501	
    Magnitude of W_grad:	8.974482455581	
    Magnitude of W:	60555.895050952	
    Magnitude of B_grad:	0.35344953909151	
    Magnitude of b:	4.9926845566482	

	
    Current index:	29501	
    Magnitude of W_grad:	8.8562247253073	
    Magnitude of W:	60554.060982931	
    Magnitude of B_grad:	0.30378805819792	
    Magnitude of b:	4.9755962069074	

	
    Current index:	39501	
    Magnitude of W_grad:	8.4222747227153	
    Magnitude of W:	60552.183181319	
    Magnitude of B_grad:	0.27937943660762	
    Magnitude of b:	5.1700215654709	

	
    Current index:	49501	
    Magnitude of W_grad:	9.1872436609328	
    Magnitude of W:	60550.129192539	
    Magnitude of B_grad:	0.45023912320104	
    Magnitude of b:	5.1844380911834	

	
    Current index:	59501	
    Magnitude of W_grad:	8.04831681135	
    Magnitude of W:	60547.829302821	
    Magnitude of B_grad:	0.32571334038607	
    Magnitude of b:	5.0376850388029	

	
    Current index:	69501	
    Magnitude of W_grad:	8.6906944018708	
    Magnitude of W:	60545.635199331	
    Magnitude of B_grad:	0.26517324843019	
    Magnitude of b:	5.0744171050476	

	
    Current index:	79501	
    Magnitude of W_grad:	8.5824445161198	
    Magnitude of W:	60543.418122891	
    Magnitude of B_grad:	0.20096160834986	
    Magnitude of b:	5.1090802197984	

	
    Current index:	89501	
    Magnitude of W_grad:	9.1783598115234	
    Magnitude of W:	60541.211469769	
    Magnitude of B_grad:	0.31043731983591	
    Magnitude of b:	5.1217682931098	

	
SGD: Loss is	
	LOSS:Calculated softmax res	
263257.61941043	
SGD: crossEntropyLoss is	
263257.61941043	
SGD: Validation Accuracy is:	
0.29246139872843	
SGD: Magnitude of W:	
60540.462500601	
SGD: Magnitude of b:	
5.0790099445875	
    Current index:	9501	
    Magnitude of W_grad:	10.465578782158	
    Magnitude of W:	60538.740305719	
    Magnitude of B_grad:	0.49738415049218	
    Magnitude of b:	5.0438623019481	

	
    Current index:	19501	
    Magnitude of W_grad:	8.9631488402458	
    Magnitude of W:	60536.947518222	
    Magnitude of B_grad:	0.35306526274267	
    Magnitude of b:	5.0202326288151	

	
    Current index:	29501	
    Magnitude of W_grad:	8.83674852114	
    Magnitude of W:	60535.131050195	
    Magnitude of B_grad:	0.30346806960256	
    Magnitude of b:	5.0030276133239	

	
    Current index:	39501	
    Magnitude of W_grad:	8.4045793441522	
    Magnitude of W:	60533.251277856	
    Magnitude of B_grad:	0.27794571326321	
    Magnitude of b:	5.186528836559	

	
    Current index:	49501	
    Magnitude of W_grad:	9.1783862338501	
    Magnitude of W:	60531.205561	
    Magnitude of B_grad:	0.44966340114889	
    Magnitude of b:	5.2009308122432	

	
    Current index:	59501	
    Magnitude of W_grad:	8.0100176404725	
    Magnitude of W:	60528.920840015	
    Magnitude of B_grad:	0.32480785799749	
    Magnitude of b:	5.0646018254705	

	
    Current index:	69501	
    Magnitude of W_grad:	8.668466413411	
    Magnitude of W:	60526.730627443	
    Magnitude of B_grad:	0.26422274572763	
    Magnitude of b:	5.1012817949986	

	
    Current index:	79501	
    Magnitude of W_grad:	8.5554176964424	
    Magnitude of W:	60524.510263916	
    Magnitude of B_grad:	0.20003552371902	
    Magnitude of b:	5.1356482641974	

	
    Current index:	89501	
    Magnitude of W_grad:	9.1461517751557	
    Magnitude of W:	60522.30923659	
    Magnitude of B_grad:	0.30878596523553	
    Magnitude of b:	5.1482737110998	

	
SGD: Loss is	
	LOSS:Calculated softmax res	
262321.59984461	
SGD: crossEntropyLoss is	
262321.59984461	
SGD: Validation Accuracy is:	
0.29336966394187	
SGD: Magnitude of W:	
60521.562690722	
SGD: Magnitude of b:	
5.1055188630509	
    Current index:	9501	
    Magnitude of W_grad:	10.453564487138	
    Magnitude of W:	60519.853830113	
    Magnitude of B_grad:	0.49690151680657	
    Magnitude of b:	5.0705222299253	

	
    Current index:	19501	
    Magnitude of W_grad:	8.9524082709412	
    Magnitude of W:	60518.075563344	
    Magnitude of B_grad:	0.35272373629207	
    Magnitude of b:	5.0468144028024	

	
    Current index:	29501	
    Magnitude of W_grad:	8.817477020305	
    Magnitude of W:	60516.27110488	
    Magnitude of B_grad:	0.30317876507124	
    Magnitude of b:	5.0294876492151	

	
    Current index:	39501	
    Magnitude of W_grad:	8.3874760104027	
    Magnitude of W:	60514.392799603	
    Magnitude of B_grad:	0.27655455866046	
    Magnitude of b:	5.2025851774821	

	
    Current index:	49501	
    Magnitude of W_grad:	9.1696466857451	
    Magnitude of W:	60512.355393638	
    Magnitude of B_grad:	0.44909674259654	
    Magnitude of b:	5.2169718549725	

	
    Current index:	59501	
    Magnitude of W_grad:	7.9726408040281	
    Magnitude of W:	60510.089878187	
    Magnitude of B_grad:	0.32394407009527	
    Magnitude of b:	5.0905768016129	

	
    Current index:	69501	
    Magnitude of W_grad:	8.6462254254389	
    Magnitude of W:	60507.907220951	
    Magnitude of B_grad:	0.26327907326032	
    Magnitude of b:	5.1272109262731	

	
    Current index:	79501	
    Magnitude of W_grad:	8.5288008356597	
    Magnitude of W:	60505.698065023	
    Magnitude of B_grad:	0.1991306427838	
    Magnitude of b:	5.1612958595349	

	
    Current index:	89501	
    Magnitude of W_grad:	9.1147961980707	
    Magnitude of W:	60503.50412275	
    Magnitude of B_grad:	0.30722144477385	
    Magnitude of b:	5.1738637356151	

	
SGD: Loss is	
	LOSS:Calculated softmax res	
261406.29446398	
SGD: crossEntropyLoss is	
261406.29446398	
SGD: Validation Accuracy is:	
0.29518619436876	
SGD: Magnitude of W:	
60502.75914226	
SGD: Magnitude of b:	
5.1311149557833	
    Current index:	9501	
    Magnitude of W_grad:	10.441518856621	
    Magnitude of W:	60501.055176788	
    Magnitude of B_grad:	0.49643891917196	
    Magnitude of b:	5.0962582370854	

	
    Current index:	19501	
    Magnitude of W_grad:	8.942184472601	
    Magnitude of W:	60499.276727509	
    Magnitude of B_grad:	0.35242114744251	
    Magnitude of b:	5.0724728212799	

	
    Current index:	29501	
    Magnitude of W_grad:	8.7984104795331	
    Magnitude of W:	60497.475489518	
    Magnitude of B_grad:	0.30291642871189	
    Magnitude of b:	5.0550197663678	

	
    Current index:	39501	
    Magnitude of W_grad:	8.3705468795455	
    Magnitude of W:	60495.59863221	
    Magnitude of B_grad:	0.27520426173878	
    Magnitude of b:	5.218197971737	

	
    Current index:	49501	
    Magnitude of W_grad:	9.1609287780157	
    Magnitude of W:	60493.577703434	
    Magnitude of B_grad:	0.44853778828788	
    Magnitude of b:	5.2325684427141	

	
    Current index:	59501	
    Magnitude of W_grad:	7.9364073390306	
    Magnitude of W:	60491.332994718	
    Magnitude of B_grad:	0.32312038274178	
    Magnitude of b:	5.1156513634381	

	
    Current index:	69501	
    Magnitude of W_grad:	8.624114621703	
    Magnitude of W:	60489.153398877	
    Magnitude of B_grad:	0.26234256615287	
    Magnitude of b:	5.1522450414557	

	
    Current index:	79501	
    Magnitude of W_grad:	8.5024667848037	
    Magnitude of W:	60486.949585347	
    Magnitude of B_grad:	0.19824428342297	
    Magnitude of b:	5.1860624073855	

	
    Current index:	89501	
    Magnitude of W_grad:	9.0841487016189	
    Magnitude of W:	60484.758365158	
    Magnitude of B_grad:	0.30573629598891	
    Magnitude of b:	5.1985769795105	

	
SGD: Loss is	
	LOSS:Calculated softmax res	
260510.61498923	
SGD: crossEntropyLoss is	
260510.61498923	
SGD: Validation Accuracy is:	
0.29972752043597	
SGD: Magnitude of W:	
60484.016177146	
SGD: Magnitude of b:	
5.1558366877564	
    Current index:	9501	
    Magnitude of W_grad:	10.429465348234	
    Magnitude of W:	60482.321504345	
    Magnitude of B_grad:	0.49599400808271	
    Magnitude of b:	5.1211097412247	

	
    Current index:	19501	
    Magnitude of W_grad:	8.9329495163884	
    Magnitude of W:	60480.546269578	
    Magnitude of B_grad:	0.35215379254889	
    Magnitude of b:	5.097247647006	

	
    Current index:	29501	
    Magnitude of W_grad:	8.7798166393226	
    Magnitude of W:	60478.754657634	
    Magnitude of B_grad:	0.30267762364504	
    Magnitude of b:	5.0796642399713	

	
    Current index:	39501	
    Magnitude of W_grad:	8.3536015169782	
    Magnitude of W:	60476.888689732	
    Magnitude of B_grad:	0.27389319591892	
    Magnitude of b:	5.2333748860969	

	
    Current index:	49501	
    Magnitude of W_grad:	9.152268046189	
    Magnitude of W:	60474.88407204	
    Magnitude of B_grad:	0.44798538580425	
    Magnitude of b:	5.2477280954912	

	
    Current index:	59501	
    Magnitude of W_grad:	7.9009733155254	
    Magnitude of W:	60472.655366735	
    Magnitude of B_grad:	0.32233545458435	
    Magnitude of b:	5.139863902029	

	
    Current index:	69501	
    Magnitude of W_grad:	8.6023348098777	
    Magnitude of W:	60470.480596467	
    Magnitude of B_grad:	0.26141370873862	
    Magnitude of b:	5.1764218129503	

	
    Current index:	79501	
    Magnitude of W_grad:	8.4769777601815	
    Magnitude of W:	60468.28899331	
    Magnitude of B_grad:	0.19737410437879	
    Magnitude of b:	5.2099845503285	

	
    Current index:	89501	
    Magnitude of W_grad:	9.0540124380653	
    Magnitude of W:	60466.100524456	
    Magnitude of B_grad:	0.30432369493926	
    Magnitude of b:	5.2224494056685	

	
SGD: Loss is	
	LOSS:Calculated softmax res	
259633.56547782	
SGD: crossEntropyLoss is	
259633.56547782	
SGD: Validation Accuracy is:	
0.30063578564941	
SGD: Magnitude of W:	
60465.360162925	
SGD: Magnitude of b:	
5.1797198946125	
    Current index:	9501	
    Magnitude of W_grad:	10.417354457508	
    Magnitude of W:	60463.674563752	
    Magnitude of B_grad:	0.49556470879522	
    Magnitude of b:	5.145113450034	

	
    Current index:	19501	
    Magnitude of W_grad:	8.9253365037777	
    Magnitude of W:	60461.91352576	
    Magnitude of B_grad:	0.3519181294141	
    Magnitude of b:	5.1211758754657	

	
    Current index:	29501	
    Magnitude of W_grad:	8.7624565654088	
    Magnitude of W:	60460.145931558	
    Magnitude of B_grad:	0.30245918665055	
    Magnitude of b:	5.103458563546	

	
    Current index:	39501	
    Magnitude of W_grad:	8.3367032276581	
    Magnitude of W:	60458.295254813	
    Magnitude of B_grad:	0.27261981539927	
    Magnitude of b:	5.2481238004135	

	
    Current index:	49501	
    Magnitude of W_grad:	9.1439419011638	
    Magnitude of W:	60456.298931923	
    Magnitude of B_grad:	0.44743855858456	
    Magnitude of b:	5.2624585633436	

	
    Current index:	59501	
    Magnitude of W_grad:	7.8663388909976	
    Magnitude of W:	60454.071218901	
    Magnitude of B_grad:	0.32158810093156	
    Magnitude of b:	5.1632501841343	

	
    Current index:	69501	
    Magnitude of W_grad:	8.5808856988502	
    Magnitude of W:	60451.896625137	
    Magnitude of B_grad:	0.26049308546175	
    Magnitude of b:	5.1997763974464	

	
    Current index:	79501	
    Magnitude of W_grad:	8.4527379282157	
    Magnitude of W:	60449.702854377	
    Magnitude of B_grad:	0.19651806960012	
    Magnitude of b:	5.2330965171713	

	
    Current index:	89501	
    Magnitude of W_grad:	9.0241654916312	
    Magnitude of W:	60447.516384288	
    Magnitude of B_grad:	0.3029774099015	
    Magnitude of b:	5.2455146593115	

	
SGD: Loss is	
	LOSS:Calculated softmax res	
258774.23202622	
SGD: crossEntropyLoss is	
258774.23202622	
SGD: Validation Accuracy is:	
0.29972752043597	
SGD: Magnitude of W:	
60446.77894058	
SGD: Magnitude of b:	
5.2027981126851	
    Current index:	9501	
    Magnitude of W_grad:	10.405127913195	
    Magnitude of W:	60445.118303906	
    Magnitude of B_grad:	0.495149178305	
    Magnitude of b:	5.1683036971022	

	
    Current index:	19501	
    Magnitude of W_grad:	8.9181839228362	
    Magnitude of W:	60443.377434507	
    Magnitude of B_grad:	0.35171081661757	
    Magnitude of b:	5.1442920786073	

	
    Current index:	29501	
    Magnitude of W_grad:	8.7460049764847	
    Magnitude of W:	60441.62675534	
    Magnitude of B_grad:	0.30225822011118	
    Magnitude of b:	5.1264377807963	

	
    Current index:	39501	
    Magnitude of W_grad:	8.3202867767436	
    Magnitude of W:	60439.782850656	
    Magnitude of B_grad:	0.27138265035642	
    Magnitude of b:	5.2624527489587	

	
    Current index:	49501	
    Magnitude of W_grad:	9.1356106940541	
    Magnitude of W:	60437.789691809	
    Magnitude of B_grad:	0.44689647979706	
    Magnitude of b:	5.2767677702841	

	
    Current index:	59501	
    Magnitude of W_grad:	7.8327467603223	
    Magnitude of W:	60435.574011855	
    Magnitude of B_grad:	0.32087721360289	
    Magnitude of b:	5.1858436706932	

	
    Current index:	69501	
    Magnitude of W_grad:	8.5594318684749	
    Magnitude of W:	60433.408870955	
    Magnitude of B_grad:	0.25958133784409	
    Magnitude of b:	5.2223417335923	

	
    Current index:	79501	
    Magnitude of W_grad:	8.4289872088949	
    Magnitude of W:	60431.221550674	
    Magnitude of B_grad:	0.19567441578383	
    Magnitude of b:	5.2554304116442	

	
    Current index:	89501	
    Magnitude of W_grad:	8.9947561098627	
    Magnitude of W:	60429.05030005	
    Magnitude of B_grad:	0.30169175800483	
    Magnitude of b:	5.2678043448484	

	
SGD: Loss is	
	LOSS:Calculated softmax res	
257931.77381966	
SGD: crossEntropyLoss is	
257931.77381966	
SGD: Validation Accuracy is:	
0.30063578564941	
SGD: Magnitude of W:	
60428.318181855	
SGD: Magnitude of b:	
5.2251028537921	
    Current index:	9501	
    Magnitude of W_grad:	10.392799189366	
    Magnitude of W:	60426.660234217	
    Magnitude of B_grad:	0.49474576757113	
    Magnitude of b:	5.1907127229615	

	
    Current index:	19501	
    Magnitude of W_grad:	8.9112345569377	
    Magnitude of W:	60424.919307989	
    Magnitude of B_grad:	0.35152874035708	
    Magnitude of b:	5.1666286927609	

	
    Current index:	29501	
    Magnitude of W_grad:	8.7300040535317	
    Magnitude of W:	60423.173341123	
    Magnitude of B_grad:	0.30207208177375	
    Magnitude of b:	5.1486347662538	

	
    Current index:	39501	
    Magnitude of W_grad:	8.3039420165181	
    Magnitude of W:	60421.328836094	
    Magnitude of B_grad:	0.27018030152659	
    Magnitude of b:	5.276369873142	

	
    Current index:	49501	
    Magnitude of W_grad:	9.1273797616044	
    Magnitude of W:	60419.348869218	
    Magnitude of B_grad:	0.4463584502671	
    Magnitude of b:	5.2906637686166	

	
    Current index:	59501	
    Magnitude of W_grad:	7.8001693871434	
    Magnitude of W:	60417.142514869	
    Magnitude of B_grad:	0.3202016980501	
    Magnitude of b:	5.2076757847706	

	
    Current index:	69501	
    Magnitude of W_grad:	8.5379733418272	
    Magnitude of W:	60414.989877975	
    Magnitude of B_grad:	0.25867912773294	
    Magnitude of b:	5.2441487934123	

	
    Current index:	79501	
    Magnitude of W_grad:	8.405383941518	
    Magnitude of W:	60412.808479494	
    Magnitude of B_grad:	0.19484162279685	
    Magnitude of b:	5.2770164548707	

	
    Current index:	89501	
    Magnitude of W_grad:	8.9656977848141	
    Magnitude of W:	60410.637424431	
    Magnitude of B_grad:	0.30046156461661	
    Magnitude of b:	5.2893482575513	

	
SGD: Loss is	
	LOSS:Calculated softmax res	
257105.41533746	
SGD: crossEntropyLoss is	
257105.41533746	
SGD: Validation Accuracy is:	
0.30336058128974	
SGD: Magnitude of W:	
60409.906717626	
SGD: Magnitude of b:	
5.2466638350856	
    Current index:	9501	
    Magnitude of W_grad:	10.380374082356	
    Magnitude of W:	60408.254063552	
    Magnitude of B_grad:	0.49435298900987	
    Magnitude of b:	5.212370911074	

	
    Current index:	19501	
    Magnitude of W_grad:	8.9044037321772	
    Magnitude of W:	60406.5208114	
    Magnitude of B_grad:	0.35136903017223	
    Magnitude of b:	5.1882162606132	

	
    Current index:	29501	
    Magnitude of W_grad:	8.7140592943194	
    Magnitude of W:	60404.78304767	
    Magnitude of B_grad:	0.30189837291639	
    Magnitude of b:	5.1700804634866	

	
    Current index:	39501	
    Magnitude of W_grad:	8.2879125111812	
    Magnitude of W:	60402.943076148	
    Magnitude of B_grad:	0.26901143460676	
    Magnitude of b:	5.2898833842827	

	
    Current index:	49501	
    Magnitude of W_grad:	9.1192009169604	
    Magnitude of W:	60400.971557656	
    Magnitude of B_grad:	0.44582387974975	
    Magnitude of b:	5.3041547023456	

	
    Current index:	59501	
    Magnitude of W_grad:	7.7682151129877	
    Magnitude of W:	60398.77131356	
    Magnitude of B_grad:	0.31956042779743	
    Magnitude of b:	5.2287761377037	

	
    Current index:	69501	
    Magnitude of W_grad:	8.5164346714617	
    Magnitude of W:	60396.625592072	
    Magnitude of B_grad:	0.25778710684593	
    Magnitude of b:	5.2652267953257	

	
    Current index:	79501	
    Magnitude of W_grad:	8.381911526087	
    Magnitude of W:	60394.456399403	
    Magnitude of B_grad:	0.19401838668856	
    Magnitude of b:	5.2978831893376	

	
    Current index:	89501	
    Magnitude of W_grad:	8.9369739326746	
    Magnitude of W:	60392.301026662	
    Magnitude of B_grad:	0.29928212512441	
    Magnitude of b:	5.3101745778506	

	
SGD: Loss is	
	LOSS:Calculated softmax res	
256294.43955294	
SGD: crossEntropyLoss is	
256294.43955294	
SGD: Validation Accuracy is:	
0.30245231607629	
SGD: Magnitude of W:	
60391.578226321	
SGD: Magnitude of b:	
5.2675091717623	
    Current index:	9501	
    Magnitude of W_grad:	10.368092699838	
    Magnitude of W:	60389.927523838	
    Magnitude of B_grad:	0.49396948911778	
    Magnitude of b:	5.2333069863601	

	
    Current index:	19501	
    Magnitude of W_grad:	8.8976530737174	
    Magnitude of W:	60388.191501744	
    Magnitude of B_grad:	0.35122906516898	
    Magnitude of b:	5.2090836348976	

	
    Current index:	29501	
    Magnitude of W_grad:	8.6982920754265	
    Magnitude of W:	60386.459561626	
    Magnitude of B_grad:	0.30173492549503	
    Magnitude of b:	5.1908040876091	

	
    Current index:	39501	
    Magnitude of W_grad:	8.2718930585976	
    Magnitude of W:	60384.617785478	
    Magnitude of B_grad:	0.26787477483902	
    Magnitude of b:	5.3030015346551	

	
    Current index:	49501	
    Magnitude of W_grad:	9.1111070742328	
    Magnitude of W:	60382.663329174	
    Magnitude of B_grad:	0.44529227093572	
    Magnitude of b:	5.3172487780335	

	
    Current index:	59501	
    Magnitude of W_grad:	7.7370131782006	
    Magnitude of W:	60380.491941493	
    Magnitude of B_grad:	0.31895221506797	
    Magnitude of b:	5.2491727203003	

	
    Current index:	69501	
    Magnitude of W_grad:	8.4948533540205	
    Magnitude of W:	60378.364155279	
    Magnitude of B_grad:	0.2569058924161	
    Magnitude of b:	5.2856033848386	

	
    Current index:	79501	
    Magnitude of W_grad:	8.3585125392527	
    Magnitude of W:	60376.226109121	
    Magnitude of B_grad:	0.19320359505735	
    Magnitude of b:	5.3180576503859	

	
    Current index:	89501	
    Magnitude of W_grad:	8.9086629081545	
    Magnitude of W:	60374.083515509	
    Magnitude of B_grad:	0.29814916873974	
    Magnitude of b:	5.3303100343434	

	
SGD: Loss is	
	LOSS:Calculated softmax res	
255498.18199117	
SGD: crossEntropyLoss is	
255498.18199117	
SGD: Validation Accuracy is:	
0.30336058128974	
SGD: Magnitude of W:	
60373.366791823	
SGD: Magnitude of b:	
5.2876655387567	
    Current index:	9501	
    Magnitude of W_grad:	10.355843455662	
    Magnitude of W:	60371.725105618	
    Magnitude of B_grad:	0.49359402592699	
    Magnitude of b:	5.253548182305	

	
    Current index:	19501	
    Magnitude of W_grad:	8.8910444123831	
    Magnitude of W:	60369.992996063	
    Magnitude of B_grad:	0.35110647247136	
    Magnitude of b:	5.2292581499356	

	
    Current index:	29501	
    Magnitude of W_grad:	8.6826778865048	
    Magnitude of W:	60368.278121361	
    Magnitude of B_grad:	0.30157978876895	
    Magnitude of b:	5.2108332974874	

	
    Current index:	39501	
    Magnitude of W_grad:	8.2560441133601	
    Magnitude of W:	60366.438142074	
    Magnitude of B_grad:	0.26676910203922	
    Magnitude of b:	5.3157325949945	

	
    Current index:	49501	
    Magnitude of W_grad:	9.1031026326833	
    Magnitude of W:	60364.495266254	
    Magnitude of B_grad:	0.44476320568539	
    Magnitude of b:	5.3299542414673	

	
    Current index:	59501	
    Magnitude of W_grad:	7.7065135736074	
    Magnitude of W:	60362.327197366	
    Magnitude of B_grad:	0.318375795619	
    Magnitude of b:	5.2688920646091	

	
    Current index:	69501	
    Magnitude of W_grad:	8.473244444831	
    Magnitude of W:	60360.202406618	
    Magnitude of B_grad:	0.25603604854752	
    Magnitude of b:	5.305304787821	

	
    Current index:	79501	
    Magnitude of W_grad:	8.335181311316	
    Magnitude of W:	60358.073912277	
    Magnitude of B_grad:	0.19239630459556	
    Magnitude of b:	5.3375655101395	

	
    Current index:	89501	
    Magnitude of W_grad:	8.8807336990551	
    Magnitude of W:	60355.935589198	
    Magnitude of B_grad:	0.29705882402627	
    Magnitude of b:	5.3497800404766	

	
SGD: Loss is	
	LOSS:Calculated softmax res	
254716.02552638	
SGD: crossEntropyLoss is	
254716.02552638	
SGD: Validation Accuracy is:	
0.30608537693006	
SGD: Magnitude of W:	
60355.221320683	
SGD: Magnitude of b:	
5.307158306396	
    Current index:	9501	
    Magnitude of W_grad:	10.343666733326	
    Magnitude of W:	60353.581600082	
    Magnitude of B_grad:	0.49322545086144	
    Magnitude of b:	5.2731203816113	

	
    Current index:	19501	
    Magnitude of W_grad:	8.8844519332679	
    Magnitude of W:	60351.850604227	
    Magnitude of B_grad:	0.35099911960518	
    Magnitude of b:	5.2487657661172	

	
    Current index:	29501	
    Magnitude of W_grad:	8.6677034842171	
    Magnitude of W:	60350.14030959	
    Magnitude of B_grad:	0.30143121580003	
    Magnitude of b:	5.2301943421528	

	
    Current index:	39501	
    Magnitude of W_grad:	8.2407604815378	
    Magnitude of W:	60348.298343361	
    Magnitude of B_grad:	0.26569324621933	
    Magnitude of b:	5.3280848368541	

	
    Current index:	49501	
    Magnitude of W_grad:	9.0950926169582	
    Magnitude of W:	60346.358620616	
    Magnitude of B_grad:	0.44423633308858	
    Magnitude of b:	5.3422793587121	

	
    Current index:	59501	
    Magnitude of W_grad:	7.6769127977071	
    Magnitude of W:	60344.19191468	
    Magnitude of B_grad:	0.31782982531044	
    Magnitude of b:	5.2879593808708	

	
    Current index:	69501	
    Magnitude of W_grad:	8.4516761152516	
    Magnitude of W:	60342.072549506	
    Magnitude of B_grad:	0.25517807274182	
    Magnitude of b:	5.324355940506	

	
    Current index:	79501	
    Magnitude of W_grad:	8.31193033915	
    Magnitude of W:	60339.948086851	
    Magnitude of B_grad:	0.1915957206867	
    Magnitude of b:	5.3564311980829	

	
    Current index:	89501	
    Magnitude of W_grad:	8.8530212727947	
    Magnitude of W:	60337.814702143	
    Magnitude of B_grad:	0.29600758597776	
    Magnitude of b:	5.3686088091043	

	
SGD: Loss is	
	LOSS:Calculated softmax res	
253947.39581632	
SGD: crossEntropyLoss is	
253947.39581632	
SGD: Validation Accuracy is:	
0.30608537693006	
SGD: Magnitude of W:	
60337.102682651	
SGD: Magnitude of b:	
5.326011654221	
    Current index:	9501	
    Magnitude of W_grad:	10.331365510807	
    Magnitude of W:	60335.461316115	
    Magnitude of B_grad:	0.49286269446879	
    Magnitude of b:	5.292048234624	

	
    Current index:	19501	
    Magnitude of W_grad:	8.8778513694234	
    Magnitude of W:	60333.735460707	
    Magnitude of B_grad:	0.35090510240052	
    Magnitude of b:	5.2676311916594	

	
    Current index:	29501	
    Magnitude of W_grad:	8.653520678397	
    Magnitude of W:	60332.035406172	
    Magnitude of B_grad:	0.30128765010794	
    Magnitude of b:	5.2489121853192	

	
    Current index:	39501	
    Magnitude of W_grad:	8.2258624130042	
    Magnitude of W:	60330.195661385	
    Magnitude of B_grad:	0.26464608385084	
    Magnitude of b:	5.3400665185055	

	
    Current index:	49501	
    Magnitude of W_grad:	9.0872385638039	
    Magnitude of W:	60328.269486084	
    Magnitude of B_grad:	0.44371135904055	
    Magnitude of b:	5.3542324004153	

	
    Current index:	59501	
    Magnitude of W_grad:	7.6481433361739	
    Magnitude of W:	60326.105816564	
    Magnitude of B_grad:	0.31731288574503	
    Magnitude of b:	5.3063986735977	

	
    Current index:	69501	
    Magnitude of W_grad:	8.4306816109091	
    Magnitude of W:	60323.991666325	
    Magnitude of B_grad:	0.25433238695747	
    Magnitude of b:	5.3427805998133	

	
    Current index:	79501	
    Magnitude of W_grad:	8.2888291951766	
    Magnitude of W:	60321.873308371	
    Magnitude of B_grad:	0.19080117895998	
    Magnitude of b:	5.3746780020279	

	
    Current index:	89501	
    Magnitude of W_grad:	8.8255205180263	
    Magnitude of W:	60319.745366608	
    Magnitude of B_grad:	0.29499228459736	
    Magnitude of b:	5.386819448585	

	
SGD: Loss is	
	LOSS:Calculated softmax res	
253191.75728414	
SGD: crossEntropyLoss is	
253191.75728414	
SGD: Validation Accuracy is:	
0.30699364214351	
SGD: Magnitude of W:	
60319.035152312	
SGD: Magnitude of b:	
5.3442486666219	
    Current index:	9501	
    Magnitude of W_grad:	10.318927773878	
    Magnitude of W:	60317.397425936	
    Magnitude of B_grad:	0.49250475545685	
    Magnitude of b:	5.3103552592061	

	
    Current index:	19501	
    Magnitude of W_grad:	8.8712756187499	
    Magnitude of W:	60315.682650485	
    Magnitude of B_grad:	0.3508227298194	
    Magnitude of b:	5.2858779854141	

	
    Current index:	29501	
    Magnitude of W_grad:	8.6393448096318	
    Magnitude of W:	60313.986373954	
    Magnitude of B_grad:	0.30114771266035	
    Magnitude of b:	5.2670106114396	

	
    Current index:	39501	
    Magnitude of W_grad:	8.2112793479876	
    Magnitude of W:	60312.149698523	
    Magnitude of B_grad:	0.26362653473676	
    Magnitude of b:	5.3516858733891	

	
    Current index:	49501	
    Magnitude of W_grad:	9.0794062478471	
    Magnitude of W:	60310.233243141	
    Magnitude of B_grad:	0.44318803710165	
    Magnitude of b:	5.3658216285109	

	
    Current index:	59501	
    Magnitude of W_grad:	7.6201079905467	
    Magnitude of W:	60308.072965501	
    Magnitude of B_grad:	0.3168234963858	
    Magnitude of b:	5.3242328402082	

	
    Current index:	69501	
    Magnitude of W_grad:	8.4103947955742	
    Magnitude of W:	60305.959201993	
    Magnitude of B_grad:	0.25349933251837	
    Magnitude of b:	5.3606014371765	

	
    Current index:	79501	
    Magnitude of W_grad:	8.2658496520328	
    Magnitude of W:	60303.85037773	
    Magnitude of B_grad:	0.19001212871797	
    Magnitude of b:	5.3923281528732	

	
    Current index:	89501	
    Magnitude of W_grad:	8.7982682313193	
    Magnitude of W:	60301.730761446	
    Magnitude of B_grad:	0.29401005503371	
    Magnitude of b:	5.4044340436857	

	
SGD: Loss is	
	LOSS:Calculated softmax res	
252448.60957072	
SGD: crossEntropyLoss is	
252448.60957072	
SGD: Validation Accuracy is:	
0.30699364214351	
SGD: Magnitude of W:	
60301.021423961	
SGD: Magnitude of b:	
5.3618914135235	
    Current index:	9501	
    Magnitude of W_grad:	10.306337607251	
    Magnitude of W:	60299.381038938	
    Magnitude of B_grad:	0.49215069246245	
    Magnitude of b:	5.3280639253172	

	
    Current index:	19501	
    Magnitude of W_grad:	8.864981219744	
    Magnitude of W:	60297.674179833	
    Magnitude of B_grad:	0.35075050690381	
    Magnitude of b:	5.3035286440388	

	
    Current index:	29501	
    Magnitude of W_grad:	8.6253231134605	
    Magnitude of W:	60295.986772739	
    Magnitude of B_grad:	0.30101018929226	
    Magnitude of b:	5.2845123163486	

	
    Current index:	39501	
    Magnitude of W_grad:	8.1967002226786	
    Magnitude of W:	60294.159979422	
    Magnitude of B_grad:	0.26263355940759	
    Magnitude of b:	5.3629511004044	

	
    Current index:	49501	
    Magnitude of W_grad:	9.0716214072781	
    Magnitude of W:	60292.247008437	
    Magnitude of B_grad:	0.44266616046988	
    Magnitude of b:	5.3770552847232	

	
    Current index:	59501	
    Magnitude of W_grad:	7.5928066659671	
    Magnitude of W:	60290.087506634	
    Magnitude of B_grad:	0.31636013080384	
    Magnitude of b:	5.3414837551963	

	
    Current index:	69501	
    Magnitude of W_grad:	8.3903100587943	
    Magnitude of W:	60287.988484489	
    Magnitude of B_grad:	0.25267916818896	
    Magnitude of b:	5.3778401186998	

	
    Current index:	79501	
    Magnitude of W_grad:	8.2430274612212	
    Magnitude of W:	60285.913579711	
    Magnitude of B_grad:	0.18922811814802	
    Magnitude of b:	5.4094028962795	

	
    Current index:	89501	
    Magnitude of W_grad:	8.7713697508631	
    Magnitude of W:	60283.8107632	
    Magnitude of B_grad:	0.29305830939898	
    Magnitude of b:	5.4214737242275	

	
SGD: Loss is	
	LOSS:Calculated softmax res	
251717.48439134	
SGD: crossEntropyLoss is	
251717.48439134	
SGD: Validation Accuracy is:	
0.30790190735695	
SGD: Magnitude of W:	
60283.106386063	
SGD: Magnitude of b:	
5.3789610190013	
    Current index:	9501	
    Magnitude of W_grad:	10.293648162135	
    Magnitude of W:	60281.462029504	
    Magnitude of B_grad:	0.49179961801549	
    Magnitude of b:	5.3451957271687	

	
    Current index:	19501	
    Magnitude of W_grad:	8.8586969974591	
    Magnitude of W:	60279.747080302	
    Magnitude of B_grad:	0.35068711682079	
    Magnitude of b:	5.3206046764372	

	
    Current index:	29501	
    Magnitude of W_grad:	8.6114214150909	
    Magnitude of W:	60278.057717454	
    Magnitude of B_grad:	0.30087401858473	
    Magnitude of b:	5.301438985189	

	
    Current index:	39501	
    Magnitude of W_grad:	8.1822016646006	
    Magnitude of W:	60276.226045323	
    Magnitude of B_grad:	0.26166615693295	
    Magnitude of b:	5.3738703555551	

	
    Current index:	49501	
    Magnitude of W_grad:	9.064060911225	
    Magnitude of W:	60274.328906013	
    Magnitude of B_grad:	0.44214555494294	
    Magnitude of b:	5.3879415804559	

	
    Current index:	59501	
    Magnitude of W_grad:	7.5662677730094	
    Magnitude of W:	60272.187831629	
    Magnitude of B_grad:	0.3159212350658	
    Magnitude of b:	5.3581723424138	

	
    Current index:	69501	
    Magnitude of W_grad:	8.3707017465674	
    Magnitude of W:	60270.105132895	
    Magnitude of B_grad:	0.25187207077099	
    Magnitude of b:	5.3945173741245	

	
    Current index:	79501	
    Magnitude of W_grad:	8.2204991231576	
    Magnitude of W:	60268.03980351	
    Magnitude of B_grad:	0.18844878121407	
    Magnitude of b:	5.4259225541049	

	
    Current index:	89501	
    Magnitude of W_grad:	8.7454443507376	
    Magnitude of W:	60265.943769035	
    Magnitude of B_grad:	0.2921347104264	
    Magnitude of b:	5.4379587240912	

	
Done.	
Testing on validation set...	
Done	
Accuracy:	
0.30790190735695	
