[?1034hParameters are:
	
Datafile:	/n/home09/ankitgupta/CS287/HW1/SST1-uni-sent.hdf5	Classifier:	lr	Alpha:	0	Eta:	0.5	Lambda:	0.1	Minibatch size:	500	Num Epochs:	50	Minimum Sentence Length:	5	
Note that not all parameters may apply to all classifiers	
Loading datafiles...	
Number of training samples before removing small sentences	156817	
Number of training samples after removing small sentences	93603	
Done.	
Training classifier...	
SGD: Loss is	
	LOSS:Calculated softmax res	
407428.1886298	
SGD: crossEntropyLoss is	
407428.1886298	
SGD: Validation Accuracy is:	
0.17438692098093	
SGD: Magnitude of W:	
61252.627603686	
SGD: Magnitude of b:	
4.7467592270946	
    Current index:	9501	
    Magnitude of W_grad:	9.7599300353315	
    Magnitude of W:	61230.54969468	
    Magnitude of B_grad:	0.20747962214649	
    Magnitude of b:	4.9947587478834	

	
    Current index:	19501	
    Magnitude of W_grad:	8.8157076250302	
    Magnitude of W:	61211.567531244	
    Magnitude of B_grad:	0.20694347721466	
    Magnitude of b:	5.6470413299094	

	
    Current index:	29501	
    Magnitude of W_grad:	8.9746847307817	
    Magnitude of W:	61193.35543858	
    Magnitude of B_grad:	0.30249845870182	
    Magnitude of b:	6.0786931511341	

	
    Current index:	39501	
    Magnitude of W_grad:	9.0231813126321	
    Magnitude of W:	61176.032646411	
    Magnitude of B_grad:	0.13622549966297	
    Magnitude of b:	6.3575111061489	

	
    Current index:	49501	
    Magnitude of W_grad:	9.4759895230419	
    Magnitude of W:	61155.478372308	
    Magnitude of B_grad:	0.35885129540874	
    Magnitude of b:	5.3966038213911	

	
    Current index:	59501	
    Magnitude of W_grad:	8.2124112999216	
    Magnitude of W:	61135.101088319	
    Magnitude of B_grad:	0.25112804048151	
    Magnitude of b:	4.8617466854606	

	
    Current index:	69501	
    Magnitude of W_grad:	8.3447329683525	
    Magnitude of W:	61115.896161949	
    Magnitude of B_grad:	0.21741321218939	
    Magnitude of b:	5.2904830773362	

	
    Current index:	79501	
    Magnitude of W_grad:	7.739768320822	
    Magnitude of W:	61097.536193391	
    Magnitude of B_grad:	0.14867063664175	
    Magnitude of b:	5.3802639326929	

	
    Current index:	89501	
    Magnitude of W_grad:	9.5466089412613	
    Magnitude of W:	61078.910664862	
    Magnitude of B_grad:	0.10660917282545	
    Magnitude of b:	5.5681943663415	

	
SGD: Loss is	
	LOSS:Calculated softmax res	
294094.4858467	
SGD: crossEntropyLoss is	
294094.4858467	
SGD: Validation Accuracy is:	
0.20617620345141	
SGD: Magnitude of W:	
61072.393255681	
SGD: Magnitude of b:	
5.0793325478728	
    Current index:	9501	
    Magnitude of W_grad:	9.3236896179504	
    Magnitude of W:	61055.268149916	
    Magnitude of B_grad:	0.27092009243486	
    Magnitude of b:	5.4801409401069	

	
    Current index:	19501	
    Magnitude of W_grad:	8.5383420809667	
    Magnitude of W:	61039.637437576	
    Magnitude of B_grad:	0.21202881196068	
    Magnitude of b:	5.9438497977301	

	
    Current index:	29501	
    Magnitude of W_grad:	8.753275123688	
    Magnitude of W:	61023.024322466	
    Magnitude of B_grad:	0.30328629528545	
    Magnitude of b:	6.1914516122672	

	
    Current index:	39501	
    Magnitude of W_grad:	8.596782034853	
    Magnitude of W:	61006.773801085	
    Magnitude of B_grad:	0.10308304055387	
    Magnitude of b:	6.5030535791291	

	
    Current index:	49501	
    Magnitude of W_grad:	8.8331307521273	
    Magnitude of W:	60989.188717495	
    Magnitude of B_grad:	0.32589869146232	
    Magnitude of b:	5.6688850429295	

	
    Current index:	59501	
    Magnitude of W_grad:	7.952596123014	
    Magnitude of W:	60971.813659868	
    Magnitude of B_grad:	0.27729081659868	
    Magnitude of b:	5.3363679130185	

	
    Current index:	69501	
    Magnitude of W_grad:	7.7974153121609	
    Magnitude of W:	60956.298869148	
    Magnitude of B_grad:	0.19885801075399	
    Magnitude of b:	5.4890201271058	

	
    Current index:	79501	
    Magnitude of W_grad:	7.6800270503232	
    Magnitude of W:	60940.932111204	
    Magnitude of B_grad:	0.13872241615384	
    Magnitude of b:	5.6325915528513	

	
    Current index:	89501	
    Magnitude of W_grad:	9.1728683321497	
    Magnitude of W:	60925.194649115	
    Magnitude of B_grad:	0.11909362319716	
    Magnitude of b:	5.8544183707138	

	
SGD: Loss is	
	LOSS:Calculated softmax res	
271354.56441834	
SGD: crossEntropyLoss is	
271354.56441834	
SGD: Validation Accuracy is:	
0.21616712079927	
SGD: Magnitude of W:	
60919.517897395	
SGD: Magnitude of b:	
5.4622115069687	
    Current index:	9501	
    Magnitude of W_grad:	9.0014795141412	
    Magnitude of W:	60905.204757675	
    Magnitude of B_grad:	0.24510076341646	
    Magnitude of b:	5.6875641828812	

	
    Current index:	19501	
    Magnitude of W_grad:	8.4879744520848	
    Magnitude of W:	60890.954409019	
    Magnitude of B_grad:	0.22066205256707	
    Magnitude of b:	6.1238712086015	

	
    Current index:	29501	
    Magnitude of W_grad:	8.4910267044208	
    Magnitude of W:	60875.884110906	
    Magnitude of B_grad:	0.28128563738855	
    Magnitude of b:	6.307455241417	

	
    Current index:	39501	
    Magnitude of W_grad:	8.2455290076152	
    Magnitude of W:	60861.019018441	
    Magnitude of B_grad:	0.093453427526751	
    Magnitude of b:	6.6273117329909	

	
    Current index:	49501	
    Magnitude of W_grad:	8.6336942678174	
    Magnitude of W:	60844.530566768	
    Magnitude of B_grad:	0.31798020301302	
    Magnitude of b:	5.9230326355949	

	
    Current index:	59501	
    Magnitude of W_grad:	7.8352748541797	
    Magnitude of W:	60828.872931559	
    Magnitude of B_grad:	0.29438664119835	
    Magnitude of b:	5.6090935303539	

	
    Current index:	69501	
    Magnitude of W_grad:	7.5642947800066	
    Magnitude of W:	60814.209658692	
    Magnitude of B_grad:	0.18212025915174	
    Magnitude of b:	5.6687890614326	

	
    Current index:	79501	
    Magnitude of W_grad:	7.4603017911816	
    Magnitude of W:	60799.956017317	
    Magnitude of B_grad:	0.11972760175356	
    Magnitude of b:	5.921876815843	

	
    Current index:	89501	
    Magnitude of W_grad:	8.9500179537312	
    Magnitude of W:	60785.169112306	
    Magnitude of B_grad:	0.12243649347795	
    Magnitude of b:	6.1234696586616	

	
SGD: Loss is	
	LOSS:Calculated softmax res	
257069.95288005	
SGD: crossEntropyLoss is	
257069.95288005	
SGD: Validation Accuracy is:	
0.22706630336058	
SGD: Magnitude of W:	
60780.080833379	
SGD: Magnitude of b:	
5.7169188813674	
    Current index:	9501	
    Magnitude of W_grad:	8.6794738264798	
    Magnitude of W:	60767.43113649	
    Magnitude of B_grad:	0.2294388505504	
    Magnitude of b:	5.8174888764255	

	
    Current index:	19501	
    Magnitude of W_grad:	8.593737977322	
    Magnitude of W:	60753.93487849	
    Magnitude of B_grad:	0.23213478886796	
    Magnitude of b:	6.2449290985362	

	
    Current index:	29501	
    Magnitude of W_grad:	8.296823870548	
    Magnitude of W:	60739.894153181	
    Magnitude of B_grad:	0.26638673464619	
    Magnitude of b:	6.392920121037	

	
    Current index:	39501	
    Magnitude of W_grad:	8.0093833705085	
    Magnitude of W:	60725.896446524	
    Magnitude of B_grad:	0.088880553242942	
    Magnitude of b:	6.7237822262836	

	
    Current index:	49501	
    Magnitude of W_grad:	8.5118005648761	
    Magnitude of W:	60710.438472222	
    Magnitude of B_grad:	0.31224124768369	
    Magnitude of b:	6.1195763689265	

	
    Current index:	59501	
    Magnitude of W_grad:	7.7525413213559	
    Magnitude of W:	60695.302883929	
    Magnitude of B_grad:	0.30031815909911	
    Magnitude of b:	5.8234641048755	

	
    Current index:	69501	
    Magnitude of W_grad:	7.430363816355	
    Magnitude of W:	60681.576591111	
    Magnitude of B_grad:	0.16438726932131	
    Magnitude of b:	5.89580600651	

	
    Current index:	79501	
    Magnitude of W_grad:	7.1284669409338	
    Magnitude of W:	60668.270972414	
    Magnitude of B_grad:	0.097208361473477	
    Magnitude of b:	6.1495075372508	

	
    Current index:	89501	
    Magnitude of W_grad:	8.7939735404383	
    Magnitude of W:	60654.679663415	
    Magnitude of B_grad:	0.12230179291944	
    Magnitude of b:	6.3214274578306	

	
SGD: Loss is	
	LOSS:Calculated softmax res	
246950.78338745	
SGD: crossEntropyLoss is	
246950.78338745	
SGD: Validation Accuracy is:	
0.2425068119891	
SGD: Magnitude of W:	
60649.945639482	
SGD: Magnitude of b:	
5.9041473485829	
    Current index:	9501	
    Magnitude of W_grad:	8.4069857015267	
    Magnitude of W:	60638.293166986	
    Magnitude of B_grad:	0.21843870702857	
    Magnitude of b:	5.9158077610014	

	
    Current index:	19501	
    Magnitude of W_grad:	8.6749192376608	
    Magnitude of W:	60625.784853516	
    Magnitude of B_grad:	0.24014987287464	
    Magnitude of b:	6.3346142191597	

	
    Current index:	29501	
    Magnitude of W_grad:	8.1431460214025	
    Magnitude of W:	60612.582263958	
    Magnitude of B_grad:	0.25679091361626	
    Magnitude of b:	6.4584348003133	

	
    Current index:	39501	
    Magnitude of W_grad:	7.8323074212352	
    Magnitude of W:	60599.366362495	
    Magnitude of B_grad:	0.093476921484509	
    Magnitude of b:	6.7974999432743	

	
    Current index:	49501	
    Magnitude of W_grad:	8.4138458481863	
    Magnitude of W:	60585.047770676	
    Magnitude of B_grad:	0.30926365103216	
    Magnitude of b:	6.263724963395	

	
    Current index:	59501	
    Magnitude of W_grad:	7.6789799270285	
    Magnitude of W:	60570.559371887	
    Magnitude of B_grad:	0.30204714457933	
    Magnitude of b:	5.9825782262973	

	
    Current index:	69501	
    Magnitude of W_grad:	7.3074475019864	
    Magnitude of W:	60557.380511001	
    Magnitude of B_grad:	0.14845010430303	
    Magnitude of b:	6.0563183883586	

	
    Current index:	79501	
    Magnitude of W_grad:	7.0051483638069	
    Magnitude of W:	60544.824899252	
    Magnitude of B_grad:	0.08014753752167	
    Magnitude of b:	6.3135656222203	

	
    Current index:	89501	
    Magnitude of W_grad:	8.6748881647042	
    Magnitude of W:	60532.014551392	
    Magnitude of B_grad:	0.12269109433355	
    Magnitude of b:	6.457033049456	

	
SGD: Loss is	
	LOSS:Calculated softmax res	
239114.7392429	
SGD: crossEntropyLoss is	
239114.7392429	
SGD: Validation Accuracy is:	
0.24704813805631	
SGD: Magnitude of W:	
60527.652224705	
SGD: Magnitude of b:	
6.0324194775947	
    Current index:	9501	
    Magnitude of W_grad:	8.1637553993612	
    Magnitude of W:	60516.573336546	
    Magnitude of B_grad:	0.20966996317307	
    Magnitude of b:	5.9861742680036	

	
    Current index:	19501	
    Magnitude of W_grad:	8.6976552166273	
    Magnitude of W:	60504.511924171	
    Magnitude of B_grad:	0.24364542459595	
    Magnitude of b:	6.3974536801241	

	
    Current index:	29501	
    Magnitude of W_grad:	8.0136372509025	
    Magnitude of W:	60492.016092937	
    Magnitude of B_grad:	0.24988667675645	
    Magnitude of b:	6.5035107059554	

	
    Current index:	39501	
    Magnitude of W_grad:	7.6708478126554	
    Magnitude of W:	60479.612951259	
    Magnitude of B_grad:	0.095419780969227	
    Magnitude of b:	6.8495244992673	

	
    Current index:	49501	
    Magnitude of W_grad:	8.3164640121588	
    Magnitude of W:	60466.164035723	
    Magnitude of B_grad:	0.3080156102573	
    Magnitude of b:	6.3631095715797	

	
    Current index:	59501	
    Magnitude of W_grad:	7.6125494478002	
    Magnitude of W:	60452.393088134	
    Magnitude of B_grad:	0.30254206255114	
    Magnitude of b:	6.09473470202	

	
    Current index:	69501	
    Magnitude of W_grad:	7.1810860923532	
    Magnitude of W:	60440.044539903	
    Magnitude of B_grad:	0.13735786510917	
    Magnitude of b:	6.1644358005881	

	
    Current index:	79501	
    Magnitude of W_grad:	6.9944012117027	
    Magnitude of W:	60427.980013547	
    Magnitude of B_grad:	0.072134388058641	
    Magnitude of b:	6.4231370334369	

	
    Current index:	89501	
    Magnitude of W_grad:	8.5606758026825	
    Magnitude of W:	60415.819408914	
    Magnitude of B_grad:	0.12392650290853	
    Magnitude of b:	6.5449502661586	

	
SGD: Loss is	
	LOSS:Calculated softmax res	
232683.92852183	
SGD: crossEntropyLoss is	
232683.92852183	
SGD: Validation Accuracy is:	
0.24795640326975	
SGD: Magnitude of W:	
60411.697144169	
SGD: Magnitude of b:	
6.1151372608402	
    Current index:	9501	
    Magnitude of W_grad:	7.9420785146285	
    Magnitude of W:	60400.923292181	
    Magnitude of B_grad:	0.20253351107789	
    Magnitude of b:	6.0334959156858	

	
    Current index:	19501	
    Magnitude of W_grad:	8.6986628040408	
    Magnitude of W:	60389.117502045	
    Magnitude of B_grad:	0.24487731878539	
    Magnitude of b:	6.4390419670137	

	
    Current index:	29501	
    Magnitude of W_grad:	7.9061367554452	
    Magnitude of W:	60377.015647593	
    Magnitude of B_grad:	0.24437277028777	
    Magnitude of b:	6.5312240858873	

	
    Current index:	39501	
    Magnitude of W_grad:	7.5270433076246	
    Magnitude of W:	60364.994099804	
    Magnitude of B_grad:	0.095649625921881	
    Magnitude of b:	6.8837138905256	

	
    Current index:	49501	
    Magnitude of W_grad:	8.2218996075484	
    Magnitude of W:	60351.864672484	
    Magnitude of B_grad:	0.30757926996061	
    Magnitude of b:	6.4286606062108	

	
    Current index:	59501	
    Magnitude of W_grad:	7.5565263550456	
    Magnitude of W:	60338.652602565	
    Magnitude of B_grad:	0.30310308004075	
    Magnitude of b:	6.1709743676212	

	
    Current index:	69501	
    Magnitude of W_grad:	7.0555304838494	
    Magnitude of W:	60327.09336189	
    Magnitude of B_grad:	0.13084125801022	
    Magnitude of b:	6.2352591712965	

	
    Current index:	79501	
    Magnitude of W_grad:	6.9868914033819	
    Magnitude of W:	60315.418111019	
    Magnitude of B_grad:	0.067964790858298	
    Magnitude of b:	6.4936842776699	

	
    Current index:	89501	
    Magnitude of W_grad:	8.4549915849583	
    Magnitude of W:	60303.633536761	
    Magnitude of B_grad:	0.1248927053678	
    Magnitude of b:	6.6002678676273	

	
SGD: Loss is	
	LOSS:Calculated softmax res	
227196.04845459	
SGD: crossEntropyLoss is	
227196.04845459	
SGD: Validation Accuracy is:	
0.24977293369664	
SGD: Magnitude of W:	
60299.67697432	
SGD: Magnitude of b:	
6.16653042198	
    Current index:	9501	
    Magnitude of W_grad:	7.7361133812229	
    Magnitude of W:	60289.142487526	
    Magnitude of B_grad:	0.19676107398294	
    Magnitude of b:	6.0636417363745	

	
    Current index:	19501	
    Magnitude of W_grad:	8.6877402301139	
    Magnitude of W:	60277.711016341	
    Magnitude of B_grad:	0.24475719808095	
    Magnitude of b:	6.4649614907051	

	
    Current index:	29501	
    Magnitude of W_grad:	7.808996603105	
    Magnitude of W:	60266.056378409	
    Magnitude of B_grad:	0.23957330946811	
    Magnitude of b:	6.5460927814257	

	
    Current index:	39501	
    Magnitude of W_grad:	7.3928067017372	
    Magnitude of W:	60254.391080982	
    Magnitude of B_grad:	0.094837773057202	
    Magnitude of b:	6.9048317715297	

	
    Current index:	49501	
    Magnitude of W_grad:	8.1378477802904	
    Magnitude of W:	60241.647656948	
    Magnitude of B_grad:	0.30738551021045	
    Magnitude of b:	6.4707279021026	

	
    Current index:	59501	
    Magnitude of W_grad:	7.5123962866466	
    Magnitude of W:	60228.91512691	
    Magnitude of B_grad:	0.30403064335547	
    Magnitude of b:	6.2221177652022	

	
    Current index:	69501	
    Magnitude of W_grad:	6.9331042687	
    Magnitude of W:	60217.748507945	
    Magnitude of B_grad:	0.12474142889247	
    Magnitude of b:	6.2811695523126	

	
    Current index:	79501	
    Magnitude of W_grad:	6.9704106493601	
    Magnitude of W:	60206.491630855	
    Magnitude of B_grad:	0.068499934656308	
    Magnitude of b:	6.53849589855	

	
    Current index:	89501	
    Magnitude of W_grad:	8.3426359470389	
    Magnitude of W:	60195.045600558	
    Magnitude of B_grad:	0.12480902710206	
    Magnitude of b:	6.6348839405327	

	
SGD: Loss is	
	LOSS:Calculated softmax res	
222379.86710688	
SGD: crossEntropyLoss is	
222379.86710688	
SGD: Validation Accuracy is:	
0.24977293369664	
SGD: Magnitude of W:	
60191.263253709	
SGD: Magnitude of b:	
6.1981132785238	
    Current index:	9501	
    Magnitude of W_grad:	7.5472789721223	
    Magnitude of W:	60181.21800863	
    Magnitude of B_grad:	0.19205191052627	
    Magnitude of b:	6.0821468293445	

	
    Current index:	19501	
    Magnitude of W_grad:	8.6648964961916	
    Magnitude of W:	60170.095448897	
    Magnitude of B_grad:	0.2436715514771	
    Magnitude of b:	6.4802287335292	

	
    Current index:	29501	
    Magnitude of W_grad:	7.7222595089455	
    Magnitude of W:	60158.846944455	
    Magnitude of B_grad:	0.23512029636513	
    Magnitude of b:	6.5524262594641	

	
    Current index:	39501	
    Magnitude of W_grad:	7.2680421617141	
    Magnitude of W:	60147.535045392	
    Magnitude of B_grad:	0.093430565623802	
    Magnitude of b:	6.9172843461971	

	
    Current index:	49501	
    Magnitude of W_grad:	8.0589538684387	
    Magnitude of W:	60135.146346226	
    Magnitude of B_grad:	0.30713335820235	
    Magnitude of b:	6.4975583862562	

	
    Current index:	59501	
    Magnitude of W_grad:	7.4787054102686	
    Magnitude of W:	60122.802511284	
    Magnitude of B_grad:	0.30530786398219	
    Magnitude of b:	6.2568338247883	

	
    Current index:	69501	
    Magnitude of W_grad:	6.8203816900661	
    Magnitude of W:	60112.070166906	
    Magnitude of B_grad:	0.11897408758126	
    Magnitude of b:	6.3112051239575	

	
    Current index:	79501	
    Magnitude of W_grad:	6.9415180827234	
    Magnitude of W:	60101.253455483	
    Magnitude of B_grad:	0.068310715888355	
    Magnitude of b:	6.5669278782726	

	
    Current index:	89501	
    Magnitude of W_grad:	8.2209418156809	
    Magnitude of W:	60090.135733058	
    Magnitude of B_grad:	0.12342300633088	
    Magnitude of b:	6.6568840317549	

	
SGD: Loss is	
	LOSS:Calculated softmax res	
218067.21231631	
SGD: crossEntropyLoss is	
218067.21231631	
SGD: Validation Accuracy is:	
0.25340599455041	
SGD: Magnitude of W:	
60086.595038406	
SGD: Magnitude of b:	
6.2178133965865	
    Current index:	9501	
    Magnitude of W_grad:	7.3835477052492	
    Magnitude of W:	60076.971319895	
    Magnitude of B_grad:	0.18810785846347	
    Magnitude of b:	6.0933351972204	

	
    Current index:	19501	
    Magnitude of W_grad:	8.6343094875887	
    Magnitude of W:	60066.302398949	
    Magnitude of B_grad:	0.24183920511309	
    Magnitude of b:	6.4886987965274	

	
    Current index:	29501	
    Magnitude of W_grad:	7.6402045254557	
    Magnitude of W:	60055.536735836	
    Magnitude of B_grad:	0.2308124148616	
    Magnitude of b:	6.5535244153345	

	
    Current index:	39501	
    Magnitude of W_grad:	7.1479606379148	
    Magnitude of W:	60044.624251874	
    Magnitude of B_grad:	0.091716495200254	
    Magnitude of b:	6.9244153511631	

	
    Current index:	49501	
    Magnitude of W_grad:	7.9828241822595	
    Magnitude of W:	60032.511682865	
    Magnitude of B_grad:	0.30669202566325	
    Magnitude of b:	6.5149017659591	

	
    Current index:	59501	
    Magnitude of W_grad:	7.4510963539177	
    Magnitude of W:	60020.512709853	
    Magnitude of B_grad:	0.30685631791554	
    Magnitude of b:	6.2811561819785	

	
    Current index:	69501	
    Magnitude of W_grad:	6.7109771931748	
    Magnitude of W:	60010.207528758	
    Magnitude of B_grad:	0.11351627849916	
    Magnitude of b:	6.331420523441	

	
    Current index:	79501	
    Magnitude of W_grad:	6.9056892055054	
    Magnitude of W:	59999.74915082	
    Magnitude of B_grad:	0.067711442806564	
    Magnitude of b:	6.585133168124	

	
    Current index:	89501	
    Magnitude of W_grad:	8.0903480434126	
    Magnitude of W:	59989.053435564	
    Magnitude of B_grad:	0.12071990761744	
    Magnitude of b:	6.6714082590463	

	
SGD: Loss is	
	LOSS:Calculated softmax res	
214149.68116328	
SGD: crossEntropyLoss is	
214149.68116328	
SGD: Validation Accuracy is:	
0.25703905540418	
SGD: Magnitude of W:	
59985.600429246	
SGD: Magnitude of b:	
6.2306655754701	
    Current index:	9501	
    Magnitude of W_grad:	7.2408258011676	
    Magnitude of W:	59976.457281838	
    Magnitude of B_grad:	0.18468700985481	
    Magnitude of b:	6.100210448872	

	
    Current index:	19501	
    Magnitude of W_grad:	8.5993489705713	
    Magnitude of W:	59966.218770042	
    Magnitude of B_grad:	0.23941733071757	
    Magnitude of b:	6.493032793189	

	
    Current index:	29501	
    Magnitude of W_grad:	7.5583450800849	
    Magnitude of W:	59955.974427742	
    Magnitude of B_grad:	0.22654327756085	
    Magnitude of b:	6.5516276199761	

	
    Current index:	39501	
    Magnitude of W_grad:	7.0374133842465	
    Magnitude of W:	59945.42270074	
    Magnitude of B_grad:	0.089870921385761	
    Magnitude of b:	6.9284547921177	

	
    Current index:	49501	
    Magnitude of W_grad:	7.9116815599715	
    Magnitude of W:	59933.676502165	
    Magnitude of B_grad:	0.30602437493332	
    Magnitude of b:	6.5264824397551	

	
    Current index:	59501	
    Magnitude of W_grad:	7.4281634575278	
    Magnitude of W:	59921.805311832	
    Magnitude of B_grad:	0.30859219014585	
    Magnitude of b:	6.2989994312812	

	
    Current index:	69501	
    Magnitude of W_grad:	6.6058274143744	
    Magnitude of W:	59911.703671984	
    Magnitude of B_grad:	0.1083713944856	
    Magnitude of b:	6.3456870399974	

	
    Current index:	79501	
    Magnitude of W_grad:	6.8609073365683	
    Magnitude of W:	59901.561854777	
    Magnitude of B_grad:	0.066900956053051	
    Magnitude of b:	6.5970424440253	

	
    Current index:	89501	
    Magnitude of W_grad:	7.9500409439114	
    Magnitude of W:	59891.224240002	
    Magnitude of B_grad:	0.11680938553149	
    Magnitude of b:	6.6815885167224	

	
SGD: Loss is	
	LOSS:Calculated softmax res	
210554.37307135	
SGD: crossEntropyLoss is	
210554.37307135	
SGD: Validation Accuracy is:	
0.25613079019074	
SGD: Magnitude of W:	
59887.812960554	
SGD: Magnitude of b:	
6.2397113900646	
    Current index:	9501	
    Magnitude of W_grad:	7.1146205947775	
    Magnitude of W:	59879.06577195	
    Magnitude of B_grad:	0.18161220952828	
    Magnitude of b:	6.1046776172524	

	
    Current index:	19501	
    Magnitude of W_grad:	8.5564870303453	
    Magnitude of W:	59869.272122554	
    Magnitude of B_grad:	0.23653304414978	
    Magnitude of b:	6.4949192389059	

	
    Current index:	29501	
    Magnitude of W_grad:	7.4757981184184	
    Magnitude of W:	59859.46350085	
    Magnitude of B_grad:	0.22226775928006	
    Magnitude of b:	6.5481443642871	

	
    Current index:	39501	
    Magnitude of W_grad:	6.9356631390664	
    Magnitude of W:	59849.185738899	
    Magnitude of B_grad:	0.087991783275178	
    Magnitude of b:	6.9307384048289	

	
    Current index:	49501	
    Magnitude of W_grad:	7.8419765545567	
    Magnitude of W:	59837.72858173	
    Magnitude of B_grad:	0.3051384502237	
    Magnitude of b:	6.534594990278	

	
    Current index:	59501	
    Magnitude of W_grad:	7.4069449271241	
    Magnitude of W:	59826.013882308	
    Magnitude of B_grad:	0.31044009803226	
    Magnitude of b:	6.312787358939	

	
    Current index:	69501	
    Magnitude of W_grad:	6.5070531369951	
    Magnitude of W:	59816.19590672	
    Magnitude of B_grad:	0.10354962763789	
    Magnitude of b:	6.3563875271512	

	
    Current index:	79501	
    Magnitude of W_grad:	6.8102651393001	
    Magnitude of W:	59806.30343387	
    Magnitude of B_grad:	0.066018189136767	
    Magnitude of b:	6.6050998936769	

	
    Current index:	89501	
    Magnitude of W_grad:	7.7992505116172	
    Magnitude of W:	59796.230721169	
    Magnitude of B_grad:	0.11535908464813	
    Magnitude of b:	6.6892269535495	

	
SGD: Loss is	
	LOSS:Calculated softmax res	
207229.71504082	
SGD: crossEntropyLoss is	
207229.71504082	
SGD: Validation Accuracy is:	
0.25794732061762	
SGD: Magnitude of W:	
59792.942068206	
SGD: Magnitude of b:	
6.246679697754	
    Current index:	9501	
    Magnitude of W_grad:	6.9993734874925	
    Magnitude of W:	59784.468852326	
    Magnitude of B_grad:	0.17875259867687	
    Magnitude of b:	6.107831255669	

	
    Current index:	19501	
    Magnitude of W_grad:	8.5071674808983	
    Magnitude of W:	59774.97350131	
    Magnitude of B_grad:	0.23329457141458	
    Magnitude of b:	6.4953354568716	

	
    Current index:	29501	
    Magnitude of W_grad:	7.3905531247439	
    Magnitude of W:	59765.353974397	
    Magnitude of B_grad:	0.21798395794084	
    Magnitude of b:	6.5438981636934	

	
    Current index:	39501	
    Magnitude of W_grad:	6.8386647172735	
    Magnitude of W:	59755.319059203	
    Magnitude of B_grad:	0.086129608515662	
    Magnitude of b:	6.9319651253751	

	
    Current index:	49501	
    Magnitude of W_grad:	7.7711457497644	
    Magnitude of W:	59744.159031722	
    Magnitude of B_grad:	0.30405963163312	
    Magnitude of b:	6.5405723857878	

	
    Current index:	59501	
    Magnitude of W_grad:	7.388308067295	
    Magnitude of W:	59732.665599719	
    Magnitude of B_grad:	0.31233664100492	
    Magnitude of b:	6.3239345602574	

	
    Current index:	69501	
    Magnitude of W_grad:	6.4126812477125	
    Magnitude of W:	59723.120686156	
    Magnitude of B_grad:	0.099059591579681	
    Magnitude of b:	6.3649111925909	

	
    Current index:	79501	
    Magnitude of W_grad:	6.7556020794909	
    Magnitude of W:	59713.55321321	
    Magnitude of B_grad:	0.065163707983711	
    Magnitude of b:	6.6107704113914	

	
    Current index:	89501	
    Magnitude of W_grad:	7.6400641150796	
    Magnitude of W:	59703.68642651	
    Magnitude of B_grad:	0.11388564417988	
    Magnitude of b:	6.6952849406584	

	
SGD: Loss is	
	LOSS:Calculated softmax res	
204137.25116096	
SGD: crossEntropyLoss is	
204137.25116096	
SGD: Validation Accuracy is:	
0.25794732061762	
SGD: Magnitude of W:	
59700.55946868	
SGD: Magnitude of b:	
6.2524752580542	
    Current index:	9501	
    Magnitude of W_grad:	6.895228153347	
    Magnitude of W:	59692.303410251	
    Magnitude of B_grad:	0.17600837180767	
    Magnitude of b:	6.1102265672769	

	
    Current index:	19501	
    Magnitude of W_grad:	8.4528927311616	
    Magnitude of W:	59683.105858415	
    Magnitude of B_grad:	0.22979582109266	
    Magnitude of b:	6.4947932152605	

	
    Current index:	29501	
    Magnitude of W_grad:	7.3031584798155	
    Magnitude of W:	59673.755843177	
    Magnitude of B_grad:	0.21371709579141	
    Magnitude of b:	6.5393263028878	

	
    Current index:	39501	
    Magnitude of W_grad:	6.7451068612387	
    Magnitude of W:	59663.980005098	
    Magnitude of B_grad:	0.084310132716713	
    Magnitude of b:	6.9324294914941	

	
    Current index:	49501	
    Magnitude of W_grad:	7.6957099092763	
    Magnitude of W:	59653.082350399	
    Magnitude of B_grad:	0.30281595380935	
    Magnitude of b:	6.5451407275794	

	
    Current index:	59501	
    Magnitude of W_grad:	7.3725782360061	
    Magnitude of W:	59641.901509343	
    Magnitude of B_grad:	0.31422968156767	
    Magnitude of b:	6.3332125401439	

	
    Current index:	69501	
    Magnitude of W_grad:	6.3245101906342	
    Magnitude of W:	59632.796810959	
    Magnitude of B_grad:	0.094900821971027	
    Magnitude of b:	6.3720076920923	

	
    Current index:	79501	
    Magnitude of W_grad:	6.697706705915	
    Magnitude of W:	59623.522510839	
    Magnitude of B_grad:	0.064408385231557	
    Magnitude of b:	6.6148814025122	

	
    Current index:	89501	
    Magnitude of W_grad:	7.4753586779046	
    Magnitude of W:	59613.896862578	
    Magnitude of B_grad:	0.11214381565818	
    Magnitude of b:	6.7002243315303	

	
SGD: Loss is	
	LOSS:Calculated softmax res	
201246.93346919	
SGD: crossEntropyLoss is	
201246.93346919	
SGD: Validation Accuracy is:	
0.25976385104451	
SGD: Magnitude of W:	
59610.824038576	
SGD: Magnitude of b:	
6.2575187698859	
    Current index:	9501	
    Magnitude of W_grad:	6.7981165289667	
    Magnitude of W:	59602.682090222	
    Magnitude of B_grad:	0.17330883810988	
    Magnitude of b:	6.1120938167297	

	
    Current index:	19501	
    Magnitude of W_grad:	8.395013815873	
    Magnitude of W:	59593.757188293	
    Magnitude of B_grad:	0.22611828273668	
    Magnitude of b:	6.4935344308352	

	
    Current index:	29501	
    Magnitude of W_grad:	7.2163798401999	
    Magnitude of W:	59584.788122025	
    Magnitude of B_grad:	0.20950297139645	
    Magnitude of b:	6.5346216866256	

	
    Current index:	39501	
    Magnitude of W_grad:	6.6525100284065	
    Magnitude of W:	59575.2904677	
    Magnitude of B_grad:	0.082548796669672	
    Magnitude of b:	6.9322051901095	

	
    Current index:	49501	
    Magnitude of W_grad:	7.6147370659927	
    Magnitude of W:	59564.702266846	
    Magnitude of B_grad:	0.30143179737779	
    Magnitude of b:	6.5486709533622	

	
    Current index:	59501	
    Magnitude of W_grad:	7.3585136337797	
    Magnitude of W:	59553.877591552	
    Magnitude of B_grad:	0.31607722704624	
    Magnitude of b:	6.3410211194322	

	
    Current index:	69501	
    Magnitude of W_grad:	6.2463626712541	
    Magnitude of W:	59545.0691555	
    Magnitude of B_grad:	0.091060541809105	
    Magnitude of b:	6.3780471092738	

	
    Current index:	79501	
    Magnitude of W_grad:	6.6365977133329	
    Magnitude of W:	59536.094492253	
    Magnitude of B_grad:	0.063798587791905	
    Magnitude of b:	6.6178659054298	

	
    Current index:	89501	
    Magnitude of W_grad:	7.3115055519793	
    Magnitude of W:	59526.780951452	
    Magnitude of B_grad:	0.11017471546761	
    Magnitude of b:	6.7042343973163	

	
SGD: Loss is	
	LOSS:Calculated softmax res	
198534.49819146	
SGD: crossEntropyLoss is	
198534.49819146	
SGD: Validation Accuracy is:	
0.25885558583106	
SGD: Magnitude of W:	
59523.757583257	
SGD: Magnitude of b:	
6.2619735694836	
    Current index:	9501	
    Magnitude of W_grad:	6.7013636229291	
    Magnitude of W:	59515.966787763	
    Magnitude of B_grad:	0.17061687261351	
    Magnitude of b:	6.1134928263464	

	
    Current index:	19501	
    Magnitude of W_grad:	8.3334201407964	
    Magnitude of W:	59507.32795969	
    Magnitude of B_grad:	0.22233177662629	
    Magnitude of b:	6.4916684881206	

	
    Current index:	29501	
    Magnitude of W_grad:	7.129322485117	
    Magnitude of W:	59498.629271144	
    Magnitude of B_grad:	0.20537550886912	
    Magnitude of b:	6.5298375136148	

	
    Current index:	39501	
    Magnitude of W_grad:	6.5621648840807	
    Magnitude of W:	59489.358572288	
    Magnitude of B_grad:	0.080857908470925	
    Magnitude of b:	6.931276407208	

	
    Current index:	49501	
    Magnitude of W_grad:	7.5288393921057	
    Magnitude of W:	59478.947733701	
    Magnitude of B_grad:	0.2999270525919	
    Magnitude of b:	6.5513434635643	

	
    Current index:	59501	
    Magnitude of W_grad:	7.3476603845333	
    Magnitude of W:	59468.301997339	
    Magnitude of B_grad:	0.31784686938042	
    Magnitude of b:	6.3475761617465	

	
    Current index:	69501	
    Magnitude of W_grad:	6.1748064829163	
    Magnitude of W:	59459.700212765	
    Magnitude of B_grad:	0.087517014907117	
    Magnitude of b:	6.3832067301475	

	
    Current index:	79501	
    Magnitude of W_grad:	6.5737846649959	
    Magnitude of W:	59450.965292407	
    Magnitude of B_grad:	0.063360833173919	
    Magnitude of b:	6.6199448521923	

	
    Current index:	89501	
    Magnitude of W_grad:	7.1520753159718	
    Magnitude of W:	59441.943799543	
    Magnitude of B_grad:	0.10802901126739	
    Magnitude of b:	6.7073821637833	

	
SGD: Loss is	
	LOSS:Calculated softmax res	
195979.96836993	
SGD: crossEntropyLoss is	
195979.96836993	
SGD: Validation Accuracy is:	
0.25522252497729	
SGD: Magnitude of W:	
59439.034354308	
SGD: Magnitude of b:	
6.2658920132848	
    Current index:	9501	
    Magnitude of W_grad:	6.6050972230151	
    Magnitude of W:	59431.530946606	
    Magnitude of B_grad:	0.16792963487365	
    Magnitude of b:	6.1144172008181	

	
    Current index:	19501	
    Magnitude of W_grad:	8.2683191459585	
    Magnitude of W:	59423.127686754	
    Magnitude of B_grad:	0.21849482359737	
    Magnitude of b:	6.4892580838015	

	
    Current index:	29501	
    Magnitude of W_grad:	7.0429946972102	
    Magnitude of W:	59414.687036378	
    Magnitude of B_grad:	0.20136123933705	
    Magnitude of b:	6.524966169087	

	
    Current index:	39501	
    Magnitude of W_grad:	6.469739254685	
    Magnitude of W:	59405.613940023	
    Magnitude of B_grad:	0.079248688098445	
    Magnitude of b:	6.9296221577303	

	
    Current index:	49501	
    Magnitude of W_grad:	7.4398996023434	
    Magnitude of W:	59395.467707123	
    Magnitude of B_grad:	0.29831912873195	
    Magnitude of b:	6.5532543730144	

	
    Current index:	59501	
    Magnitude of W_grad:	7.3378353318806	
    Magnitude of W:	59385.052869101	
    Magnitude of B_grad:	0.31951499470999	
    Magnitude of b:	6.3530289642233	

	
    Current index:	69501	
    Magnitude of W_grad:	6.1111701299592	
    Magnitude of W:	59376.725676364	
    Magnitude of B_grad:	0.084244911750807	
    Magnitude of b:	6.3875925710764	

	
    Current index:	79501	
    Magnitude of W_grad:	6.5102540621873	
    Magnitude of W:	59368.20880306	
    Magnitude of B_grad:	0.063105793921542	
    Magnitude of b:	6.6212515058392	

	
    Current index:	89501	
    Magnitude of W_grad:	6.9982091640804	
    Magnitude of W:	59359.526282673	
    Magnitude of B_grad:	0.10576048208019	
    Magnitude of b:	6.7097086664328	

	
SGD: Loss is	
	LOSS:Calculated softmax res	
193566.66939928	
SGD: crossEntropyLoss is	
193566.66939928	
SGD: Validation Accuracy is:	
0.25431425976385	
SGD: Magnitude of W:	
59356.643667471	
SGD: Magnitude of b:	
6.2693025335726	
    Current index:	9501	
    Magnitude of W_grad:	6.5116308849934	
    Magnitude of W:	59349.402775977	
    Magnitude of B_grad:	0.16527109659184	
    Magnitude of b:	6.1148558307329	

	
    Current index:	19501	
    Magnitude of W_grad:	8.2021279271308	
    Magnitude of W:	59341.166796313	
    Magnitude of B_grad:	0.21596699071144	
    Magnitude of b:	6.4863629818384	

	
    Current index:	29501	
    Magnitude of W_grad:	6.95769812802	
    Magnitude of W:	59332.99727201	
    Magnitude of B_grad:	0.19747891021537	
    Magnitude of b:	6.5199894276627	

	
    Current index:	39501	
    Magnitude of W_grad:	6.376951965845	
    Magnitude of W:	59324.156792689	
    Magnitude of B_grad:	0.077730911939364	
    Magnitude of b:	6.9272587025709	

	
    Current index:	49501	
    Magnitude of W_grad:	7.3491300022241	
    Magnitude of W:	59314.264288671	
    Magnitude of B_grad:	0.29662513299693	
    Magnitude of b:	6.5544817871075	

	
    Current index:	59501	
    Magnitude of W_grad:	7.3265613565426	
    Magnitude of W:	59304.031856902	
    Magnitude of B_grad:	0.32106549434241	
    Magnitude of b:	6.3575280067915	

	
    Current index:	69501	
    Magnitude of W_grad:	6.0546896294152	
    Magnitude of W:	59296.061165917	
    Magnitude of B_grad:	0.081219097792083	
    Magnitude of b:	6.3913029876972	

	
    Current index:	79501	
    Magnitude of W_grad:	6.445905245329	
    Magnitude of W:	59287.787589306	
    Magnitude of B_grad:	0.063031632248796	
    Magnitude of b:	6.6218992977093	

	
    Current index:	89501	
    Magnitude of W_grad:	6.8506535086555	
    Magnitude of W:	59279.333030148	
    Magnitude of B_grad:	0.10828759924735	
    Magnitude of b:	6.7112798702494	

	
SGD: Loss is	
	LOSS:Calculated softmax res	
191280.50689544	
SGD: crossEntropyLoss is	
191280.50689544	
SGD: Validation Accuracy is:	
0.25703905540418	
SGD: Magnitude of W:	
59276.497266506	
SGD: Magnitude of b:	
6.2722513266874	
    Current index:	9501	
    Magnitude of W_grad:	6.4220512297555	
    Magnitude of W:	59269.443049421	
    Magnitude of B_grad:	0.1626791410905	
    Magnitude of b:	6.1148205463583	

	
    Current index:	19501	
    Magnitude of W_grad:	8.1356354347833	
    Magnitude of W:	59261.289609804	
    Magnitude of B_grad:	0.21360308293221	
    Magnitude of b:	6.4830542371099	

	
    Current index:	29501	
    Magnitude of W_grad:	6.8717797139354	
    Magnitude of W:	59253.392957035	
    Magnitude of B_grad:	0.19374100610486	
    Magnitude of b:	6.5149009639571	

	
    Current index:	39501	
    Magnitude of W_grad:	6.2860071129333	
    Magnitude of W:	59244.712103357	
    Magnitude of B_grad:	0.076312369317942	
    Magnitude of b:	6.9242466751879	

	
    Current index:	49501	
    Magnitude of W_grad:	7.2641213911944	
    Magnitude of W:	59235.14816758	
    Magnitude of B_grad:	0.29486256559471	
    Magnitude of b:	6.5551165351714	

	
    Current index:	59501	
    Magnitude of W_grad:	7.3146448414642	
    Magnitude of W:	59225.078517461	
    Magnitude of B_grad:	0.32248838394942	
    Magnitude of b:	6.3612340126184	

	
    Current index:	69501	
    Magnitude of W_grad:	6.0012359090797	
    Magnitude of W:	59217.344570084	
    Magnitude of B_grad:	0.078416334774664	
    Magnitude of b:	6.3944465975429	

	
    Current index:	79501	
    Magnitude of W_grad:	6.3812093054296	
    Magnitude of W:	59209.267484567	
    Magnitude of B_grad:	0.063127063648341	
    Magnitude of b:	6.6220042393474	

	
    Current index:	89501	
    Magnitude of W_grad:	6.7124218550041	
    Magnitude of W:	59200.987806566	
    Magnitude of B_grad:	0.11040516826022	
    Magnitude of b:	6.7121976203186	

	
SGD: Loss is	
	LOSS:Calculated softmax res	
189109.43297186	
SGD: crossEntropyLoss is	
189109.43297186	
SGD: Validation Accuracy is:	
0.25613079019074	
SGD: Magnitude of W:	
59198.164455004	
SGD: Magnitude of b:	
6.2748101455312	
    Current index:	9501	
    Magnitude of W_grad:	6.3349304351191	
    Magnitude of W:	59191.323440824	
    Magnitude of B_grad:	0.16212939515564	
    Magnitude of b:	6.1143499156605	

	
    Current index:	19501	
    Magnitude of W_grad:	8.0680236737016	
    Magnitude of W:	59183.345211194	
    Magnitude of B_grad:	0.2113107522947	
    Magnitude of b:	6.4794118072205	

	
    Current index:	29501	
    Magnitude of W_grad:	6.7878585839135	
    Magnitude of W:	59175.658377591	
    Magnitude of B_grad:	0.19015525790051	
    Magnitude of b:	6.5097097463175	

	
    Current index:	39501	
    Magnitude of W_grad:	6.1957053757739	
    Magnitude of W:	59167.176103766	
    Magnitude of B_grad:	0.07499901192725	
    Magnitude of b:	6.9206749987033	

	
    Current index:	49501	
    Magnitude of W_grad:	7.1855265500186	
    Magnitude of W:	59157.814141807	
    Magnitude of B_grad:	0.29304862084376	
    Magnitude of b:	6.5552621582659	

	
    Current index:	59501	
    Magnitude of W_grad:	7.3023498520358	
    Magnitude of W:	59147.91497433	
    Magnitude of B_grad:	0.32377866971691	
    Magnitude of b:	6.3643067500607	

	
    Current index:	69501	
    Magnitude of W_grad:	5.9489592574481	
    Magnitude of W:	59140.406888317	
    Magnitude of B_grad:	0.075815603446855	
    Magnitude of b:	6.3971332829185	

	
    Current index:	79501	
    Magnitude of W_grad:	6.3162971027239	
    Magnitude of W:	59132.447251228	
    Magnitude of B_grad:	0.063374364869295	
    Magnitude of b:	6.6216801805056	

	
    Current index:	89501	
    Magnitude of W_grad:	6.5844041673313	
    Magnitude of W:	59124.320430882	
    Magnitude of B_grad:	0.11211544080216	
    Magnitude of b:	6.7125837378474	

	
SGD: Loss is	
	LOSS:Calculated softmax res	
187043.06027244	
SGD: crossEntropyLoss is	
187043.06027244	
SGD: Validation Accuracy is:	
0.25976385104451	
SGD: Magnitude of W:	
59121.620243678	
SGD: Magnitude of b:	
6.2770636480454	
    Current index:	9501	
    Magnitude of W_grad:	6.2502473473152	
    Magnitude of W:	59114.973276898	
    Magnitude of B_grad:	0.1617014916374	
    Magnitude of b:	6.1134995399801	

	
    Current index:	19501	
    Magnitude of W_grad:	7.9994538411559	
    Magnitude of W:	59107.184617003	
    Magnitude of B_grad:	0.20910295896871	
    Magnitude of b:	6.4755156799128	

	
    Current index:	29501	
    Magnitude of W_grad:	6.7089315134573	
    Magnitude of W:	59099.70152533	
    Magnitude of B_grad:	0.18672564791537	
    Magnitude of b:	6.5044344309669	

	
    Current index:	39501	
    Magnitude of W_grad:	6.1056218474683	
    Magnitude of W:	59091.305254772	
    Magnitude of B_grad:	0.073795275367512	
    Magnitude of b:	6.9166390385374	

	
    Current index:	49501	
    Magnitude of W_grad:	7.113584873712	
    Magnitude of W:	59082.187629195	
    Magnitude of B_grad:	0.29119916861199	
    Magnitude of b:	6.5550196196769	

	
    Current index:	59501	
    Magnitude of W_grad:	7.2888331919259	
    Magnitude of W:	59072.594182014	
    Magnitude of B_grad:	0.32493544353879	
    Magnitude of b:	6.3668859116202	

	
    Current index:	69501	
    Magnitude of W_grad:	5.8979797652983	
    Magnitude of W:	59065.263252554	
    Magnitude of B_grad:	0.073397848737415	
    Magnitude of b:	6.3994589710386	

	
    Current index:	79501	
    Magnitude of W_grad:	6.2530067096448	
    Magnitude of W:	59057.446745125	
    Magnitude of B_grad:	0.063752197404034	
    Magnitude of b:	6.6210264993734	

	
    Current index:	89501	
    Magnitude of W_grad:	6.464274493581	
    Magnitude of W:	59049.52885716	
    Magnitude of B_grad:	0.11348658715588	
    Magnitude of b:	6.7125569378652	

	
SGD: Loss is	
	LOSS:Calculated softmax res	
185072.37845891	
SGD: crossEntropyLoss is	
185072.37845891	
SGD: Validation Accuracy is:	
0.26248864668483	
SGD: Magnitude of W:	
59046.883444923	
SGD: Magnitude of b:	
6.2790918826446	
    Current index:	9501	
    Magnitude of W_grad:	6.1702300969275	
    Magnitude of W:	59040.48008704	
    Magnitude of B_grad:	0.16119227391561	
    Magnitude of b:	6.1123289942159	

	
    Current index:	19501	
    Magnitude of W_grad:	7.9305935029649	
    Magnitude of W:	59032.780050593	
    Magnitude of B_grad:	0.20698584458169	
    Magnitude of b:	6.4714373347644	

	
    Current index:	29501	
    Magnitude of W_grad:	6.6329663524541	
    Magnitude of W:	59025.495600017	
    Magnitude of B_grad:	0.1834530405153	
    Magnitude of b:	6.4990962843531	

	
    Current index:	39501	
    Magnitude of W_grad:	6.017036848181	
    Magnitude of W:	59017.347174892	
    Magnitude of B_grad:	0.072703918776639	
    Magnitude of b:	6.9122260200074	

	
    Current index:	49501	
    Magnitude of W_grad:	7.0463553395784	
    Magnitude of W:	59008.35911225	
    Magnitude of B_grad:	0.28932818682896	
    Magnitude of b:	6.5544737848812	

	
    Current index:	59501	
    Magnitude of W_grad:	7.2736915878449	
    Magnitude of W:	58998.971605563	
    Magnitude of B_grad:	0.32596103729388	
    Magnitude of b:	6.3690806385269	

	
    Current index:	69501	
    Magnitude of W_grad:	5.8482049014892	
    Magnitude of W:	58991.894878245	
    Magnitude of B_grad:	0.071145665991994	
    Magnitude of b:	6.4014971968305	

	
    Current index:	79501	
    Magnitude of W_grad:	6.1904958082996	
    Magnitude of W:	58984.27669525	
    Magnitude of B_grad:	0.064237970502433	
    Magnitude of b:	6.620120739459	

	
    Current index:	89501	
    Magnitude of W_grad:	6.3528116912228	
    Magnitude of W:	58976.552285334	
    Magnitude of B_grad:	0.11458751424706	
    Magnitude of b:	6.7122170601539	

	
SGD: Loss is	
	LOSS:Calculated softmax res	
183189.53338663	
SGD: crossEntropyLoss is	
183189.53338663	
SGD: Validation Accuracy is:	
0.26339691189827	
SGD: Magnitude of W:	
58973.95877714	
SGD: Magnitude of b:	
6.280958849005	
    Current index:	9501	
    Magnitude of W_grad:	6.0934680347266	
    Magnitude of W:	58967.723170755	
    Magnitude of B_grad:	0.16061574961255	
    Magnitude of b:	6.1140558126307	

	
    Current index:	19501	
    Magnitude of W_grad:	7.8622756849156	
    Magnitude of W:	58960.316318881	
    Magnitude of B_grad:	0.20495996439753	
    Magnitude of b:	6.4672348543667	

	
    Current index:	29501	
    Magnitude of W_grad:	6.5583618916182	
    Magnitude of W:	58953.253104385	
    Magnitude of B_grad:	0.1803356266375	
    Magnitude of b:	6.4937143954396	

	
    Current index:	39501	
    Magnitude of W_grad:	5.9313493888656	
    Magnitude of W:	58945.348413986	
    Magnitude of B_grad:	0.071725509183042	
    Magnitude of b:	6.9075098999385	

	
    Current index:	49501	
    Magnitude of W_grad:	6.9828298982179	
    Magnitude of W:	58936.503209214	
    Magnitude of B_grad:	0.28744770358502	
    Magnitude of b:	6.5536885486973	

	
    Current index:	59501	
    Magnitude of W_grad:	7.257173995619	
    Magnitude of W:	58927.243970269	
    Magnitude of B_grad:	0.32686014746653	
    Magnitude of b:	6.3709696536784	

	
    Current index:	69501	
    Magnitude of W_grad:	5.8001687222828	
    Magnitude of W:	58920.347552758	
    Magnitude of B_grad:	0.069043114310755	
    Magnitude of b:	6.4032993259708	

	
    Current index:	79501	
    Magnitude of W_grad:	6.1289779854505	
    Magnitude of W:	58912.946319732	
    Magnitude of B_grad:	0.065465160313234	
    Magnitude of b:	6.6190186156589	

	
    Current index:	89501	
    Magnitude of W_grad:	6.2495379357828	
    Magnitude of W:	58905.383469931	
    Magnitude of B_grad:	0.11547929251609	
    Magnitude of b:	6.7116400531704	

	
SGD: Loss is	
	LOSS:Calculated softmax res	
181387.64551343	
SGD: crossEntropyLoss is	
181387.64551343	
SGD: Validation Accuracy is:	
0.2661217075386	
SGD: Magnitude of W:	
58902.82926582	
SGD: Magnitude of b:	
6.2827095137253	
    Current index:	9501	
    Magnitude of W_grad:	6.0203913940191	
    Magnitude of W:	58896.776847466	
    Magnitude of B_grad:	0.15998589845616	
    Magnitude of b:	6.1182131267645	

	
    Current index:	19501	
    Magnitude of W_grad:	7.7945941828958	
    Magnitude of W:	58889.5775614	
    Magnitude of B_grad:	0.20302163484399	
    Magnitude of b:	6.4629519311454	

	
    Current index:	29501	
    Magnitude of W_grad:	6.4877832531704	
    Magnitude of W:	58882.700964731	
    Magnitude of B_grad:	0.17736929125813	
    Magnitude of b:	6.4883038540378	

	
    Current index:	39501	
    Magnitude of W_grad:	5.8473941049597	
    Magnitude of W:	58874.966862888	
    Magnitude of B_grad:	0.070858052166678	
    Magnitude of b:	6.9025517646513	

	
    Current index:	49501	
    Magnitude of W_grad:	6.9226899573294	
    Magnitude of W:	58866.315172219	
    Magnitude of B_grad:	0.2855679831889	
    Magnitude of b:	6.5527088036125	

	
    Current index:	59501	
    Magnitude of W_grad:	7.2390455475151	
    Magnitude of W:	58857.305759553	
    Magnitude of B_grad:	0.32763896251056	
    Magnitude of b:	6.3726073926131	

	
    Current index:	69501	
    Magnitude of W_grad:	5.7540445704945	
    Magnitude of W:	58850.505568941	
    Magnitude of B_grad:	0.067075640402055	
    Magnitude of b:	6.4048996529854	

	
    Current index:	79501	
    Magnitude of W_grad:	6.0680711408133	
    Magnitude of W:	58843.283515708	
    Magnitude of B_grad:	0.067084910311345	
    Magnitude of b:	6.6177584678757	

	
    Current index:	89501	
    Magnitude of W_grad:	6.1519114207258	
    Magnitude of W:	58835.930447297	
    Magnitude of B_grad:	0.11621176566167	
    Magnitude of b:	6.7108803560306	

	
SGD: Loss is	
	LOSS:Calculated softmax res	
179660.65736074	
SGD: crossEntropyLoss is	
179660.65736074	
SGD: Validation Accuracy is:	
0.26884650317893	
SGD: Magnitude of W:	
58833.410898414	
SGD: Magnitude of b:	
6.2843724358685	
    Current index:	9501	
    Magnitude of W_grad:	5.9522209668111	
    Magnitude of W:	58827.483188648	
    Magnitude of B_grad:	0.15931559695775	
    Magnitude of b:	6.1219758852161	

	
    Current index:	19501	
    Magnitude of W_grad:	7.727608608734	
    Magnitude of W:	58820.390781188	
    Magnitude of B_grad:	0.20116423777421	
    Magnitude of b:	6.4586194990676	

	
    Current index:	29501	
    Magnitude of W_grad:	6.4203780216938	
    Magnitude of W:	58813.63633831	
    Magnitude of B_grad:	0.17454796900257	
    Magnitude of b:	6.4828760424513	

	
    Current index:	39501	
    Magnitude of W_grad:	5.7667814128333	
    Magnitude of W:	58806.087802444	
    Magnitude of B_grad:	0.070097046687502	
    Magnitude of b:	6.8974020301292	

	
    Current index:	49501	
    Magnitude of W_grad:	6.8653388055155	
    Magnitude of W:	58797.678752861	
    Magnitude of B_grad:	0.28369774329465	
    Magnitude of b:	6.5515654362708	

	
    Current index:	59501	
    Magnitude of W_grad:	7.2196370912794	
    Magnitude of W:	58788.779350326	
    Magnitude of B_grad:	0.32830437848331	
    Magnitude of b:	6.3740316233447	

	
    Current index:	69501	
    Magnitude of W_grad:	5.7085760263689	
    Magnitude of W:	58782.094664749	
    Magnitude of B_grad:	0.065230043442792	
    Magnitude of b:	6.4063216448678	

	
    Current index:	79501	
    Magnitude of W_grad:	6.0092941731693	
    Magnitude of W:	58775.01308939	
    Magnitude of B_grad:	0.06870596680842	
    Magnitude of b:	6.6163669996333	

	
    Current index:	89501	
    Magnitude of W_grad:	6.0609479023726	
    Magnitude of W:	58767.81216145	
    Magnitude of B_grad:	0.11682348544758	
    Magnitude of b:	6.7099763697656	

	
SGD: Loss is	
	LOSS:Calculated softmax res	
178003.20539805	
SGD: crossEntropyLoss is	
178003.20539805	
SGD: Validation Accuracy is:	
0.26884650317893	
SGD: Magnitude of W:	
58765.309668373	
SGD: Magnitude of b:	
6.2859645558748	
    Current index:	9501	
    Magnitude of W_grad:	5.8876642973087	
    Magnitude of W:	58759.497171294	
    Magnitude of B_grad:	0.15861597252592	
    Magnitude of b:	6.1253868552747	

	
    Current index:	19501	
    Magnitude of W_grad:	7.6622157722424	
    Magnitude of W:	58752.543898004	
    Magnitude of B_grad:	0.19937935772538	
    Magnitude of b:	6.4542585776642	

	
    Current index:	29501	
    Magnitude of W_grad:	6.3556608907076	
    Magnitude of W:	58745.917959998	
    Magnitude of B_grad:	0.17186402951931	
    Magnitude of b:	6.4774399128644	

	
    Current index:	39501	
    Magnitude of W_grad:	5.6877960416456	
    Magnitude of W:	58738.471054023	
    Magnitude of B_grad:	0.069435928740786	
    Magnitude of b:	6.892102701524	

	
    Current index:	49501	
    Magnitude of W_grad:	6.8103373833809	
    Magnitude of W:	58730.191141078	
    Magnitude of B_grad:	0.28184432570961	
    Magnitude of b:	6.5502807221345	

	
    Current index:	59501	
    Magnitude of W_grad:	7.1996249093757	
    Magnitude of W:	58721.423637842	
    Magnitude of B_grad:	0.32886337543595	
    Magnitude of b:	6.3752701529356	

	
    Current index:	69501	
    Magnitude of W_grad:	5.6643953978889	
    Magnitude of W:	58714.865072387	
    Magnitude of B_grad:	0.063494432656336	
    Magnitude of b:	6.407583343864	

	
    Current index:	79501	
    Magnitude of W_grad:	5.9532740311976	
    Magnitude of W:	58707.949695299	
    Magnitude of B_grad:	0.070314271018259	
    Magnitude of b:	6.6148644994034	

	
    Current index:	89501	
    Magnitude of W_grad:	5.9748907935836	
    Magnitude of W:	58700.921587627	
    Magnitude of B_grad:	0.11734325495019	
    Magnitude of b:	6.7089561875636	

	
SGD: Loss is	
	LOSS:Calculated softmax res	
176410.51309094	
SGD: crossEntropyLoss is	
176410.51309094	
SGD: Validation Accuracy is:	
0.27066303360581	
SGD: Magnitude of W:	
58698.453664879	
SGD: Magnitude of b:	
6.2874959819226	
    Current index:	9501	
    Magnitude of W_grad:	5.8272796005421	
    Magnitude of W:	58692.753761482	
    Magnitude of B_grad:	0.15789611977381	
    Magnitude of b:	6.1284818611731	

	
    Current index:	19501	
    Magnitude of W_grad:	7.598879101144	
    Magnitude of W:	58685.901390452	
    Magnitude of B_grad:	0.19765769388198	
    Magnitude of b:	6.4498833153453	

	
    Current index:	29501	
    Magnitude of W_grad:	6.2925722033131	
    Magnitude of W:	58679.406697066	
    Magnitude of B_grad:	0.16930870276858	
    Magnitude of b:	6.4720034085849	

	
    Current index:	39501	
    Magnitude of W_grad:	5.610405535518	
    Magnitude of W:	58672.115416028	
    Magnitude of B_grad:	0.068866723474733	
    Magnitude of b:	6.8866892095804	

	
    Current index:	49501	
    Magnitude of W_grad:	6.7575856445913	
    Magnitude of W:	58664.043072428	
    Magnitude of B_grad:	0.28001382127832	
    Magnitude of b:	6.5488728409963	

	
    Current index:	59501	
    Magnitude of W_grad:	7.1789133352245	
    Magnitude of W:	58655.367361645	
    Magnitude of B_grad:	0.32932258384137	
    Magnitude of b:	6.376345787361	

	
    Current index:	69501	
    Magnitude of W_grad:	5.6211462203998	
    Magnitude of W:	58648.950942929	
    Magnitude of B_grad:	0.061858160687377	
    Magnitude of b:	6.4087012294618	

	
    Current index:	79501	
    Magnitude of W_grad:	5.9002171102135	
    Magnitude of W:	58642.187834356	
    Magnitude of B_grad:	0.071898567479943	
    Magnitude of b:	6.6132687961068	

	
    Current index:	89501	
    Magnitude of W_grad:	5.8936091897678	
    Magnitude of W:	58635.361255526	
    Magnitude of B_grad:	0.11779215236062	
    Magnitude of b:	6.7078422583458	

	
SGD: Loss is	
	LOSS:Calculated softmax res	
174878.302256	
SGD: crossEntropyLoss is	
174878.302256	
SGD: Validation Accuracy is:	
0.27429609445958	
SGD: Magnitude of W:	
58632.92625508	
SGD: Magnitude of b:	
6.288973818355	
    Current index:	9501	
    Magnitude of W_grad:	5.7724805389816	
    Magnitude of W:	58627.289559975	
    Magnitude of B_grad:	0.15716309102246	
    Magnitude of b:	6.1312928786057	

	
    Current index:	19501	
    Magnitude of W_grad:	7.5361333976048	
    Magnitude of W:	58620.579365371	
    Magnitude of B_grad:	0.19598974719433	
    Magnitude of b:	6.4455036568912	

	
    Current index:	29501	
    Magnitude of W_grad:	6.2329198882941	
    Magnitude of W:	58614.179601012	
    Magnitude of B_grad:	0.16687252293812	
    Magnitude of b:	6.4665745753463	

	
    Current index:	39501	
    Magnitude of W_grad:	5.5354814873128	
    Magnitude of W:	58606.964707487	
    Magnitude of B_grad:	0.068380724071694	
    Magnitude of b:	6.8811918050369	

	
    Current index:	49501	
    Magnitude of W_grad:	6.7068533340375	
    Magnitude of W:	58599.067251365	
    Magnitude of B_grad:	0.278211170165	
    Magnitude of b:	6.5473590602287	

	
    Current index:	59501	
    Magnitude of W_grad:	7.1570576263278	
    Magnitude of W:	58590.533091771	
    Magnitude of B_grad:	0.32968802852598	
    Magnitude of b:	6.3772794997019	

	
    Current index:	69501	
    Magnitude of W_grad:	5.5785459055978	
    Magnitude of W:	58584.283575148	
    Magnitude of B_grad:	0.060311735379501	
    Magnitude of b:	6.409692485974	

	
    Current index:	79501	
    Magnitude of W_grad:	5.8501221224558	
    Magnitude of W:	58577.633973991	
    Magnitude of B_grad:	0.073450127884069	
    Magnitude of b:	6.611597766401	

	
    Current index:	89501	
    Magnitude of W_grad:	5.8174583962924	
    Magnitude of W:	58570.980531948	
    Magnitude of B_grad:	0.11818545723102	
    Magnitude of b:	6.7066545844467	

	
SGD: Loss is	
	LOSS:Calculated softmax res	
173402.72012344	
SGD: crossEntropyLoss is	
173402.72012344	
SGD: Validation Accuracy is:	
0.27520435967302	
SGD: Magnitude of W:	
58568.593653222	
SGD: Magnitude of b:	
6.2904047764069	
    Current index:	9501	
    Magnitude of W_grad:	5.7233185507185	
    Magnitude of W:	58563.063030189	
    Magnitude of B_grad:	0.15642207149094	
    Magnitude of b:	6.1338502175923	

	
    Current index:	19501	
    Magnitude of W_grad:	7.474243489074	
    Magnitude of W:	58556.485582819	
    Magnitude of B_grad:	0.19436631367661	
    Magnitude of b:	6.441127385823	

	
    Current index:	29501	
    Magnitude of W_grad:	6.1782820116437	
    Magnitude of W:	58550.194212026	
    Magnitude of B_grad:	0.16454575344413	
    Magnitude of b:	6.461162208633	

	
    Current index:	39501	
    Magnitude of W_grad:	5.4659444332735	
    Magnitude of W:	58543.065962132	
    Magnitude of B_grad:	0.067969075846379	
    Magnitude of b:	6.8756365941899	

	
    Current index:	49501	
    Magnitude of W_grad:	6.6577745492353	
    Magnitude of W:	58535.287601455	
    Magnitude of B_grad:	0.27644025503069	
    Magnitude of b:	6.5457575656207	

	
    Current index:	59501	
    Magnitude of W_grad:	7.1348579629054	
    Magnitude of W:	58526.883988563	
    Magnitude of B_grad:	0.32996501322325	
    Magnitude of b:	6.3780920919852	

	
    Current index:	69501	
    Magnitude of W_grad:	5.5365676846048	
    Magnitude of W:	58520.812036302	
    Magnitude of B_grad:	0.058846720438054	
    Magnitude of b:	6.4105759110295	

	
    Current index:	79501	
    Magnitude of W_grad:	5.8021769746417	
    Magnitude of W:	58514.22719529	
    Magnitude of B_grad:	0.074962417937002	
    Magnitude of b:	6.6098705111487	

	
    Current index:	89501	
    Magnitude of W_grad:	5.7461883631166	
    Magnitude of W:	58507.709007928	
    Magnitude of B_grad:	0.11853425604006	
    Magnitude of b:	6.705412520865	

	
SGD: Loss is	
	LOSS:Calculated softmax res	
171980.2796489	
SGD: crossEntropyLoss is	
171980.2796489	
SGD: Validation Accuracy is:	
0.27702089009991	
SGD: Magnitude of W:	
58505.37421792	
SGD: Magnitude of b:	
6.2917966346225	
    Current index:	9501	
    Magnitude of W_grad:	5.676515784218	
    Magnitude of W:	58499.962035001	
    Magnitude of B_grad:	0.15567665915309	
    Magnitude of b:	6.1361837334737	

	
    Current index:	19501	
    Magnitude of W_grad:	7.4142813144985	
    Magnitude of W:	58493.547704266	
    Magnitude of B_grad:	0.19277882237932	
    Magnitude of b:	6.4367614984608	

	
    Current index:	29501	
    Magnitude of W_grad:	6.1247786923421	
    Magnitude of W:	58487.357472574	
    Magnitude of B_grad:	0.16231875729574	
    Magnitude of b:	6.4557760595162	

	
    Current index:	39501	
    Magnitude of W_grad:	5.399098480939	
    Magnitude of W:	58480.405960773	
    Magnitude of B_grad:	0.067623211257263	
    Magnitude of b:	6.8700462951292	

	
    Current index:	49501	
    Magnitude of W_grad:	6.6105425520671	
    Magnitude of W:	58472.769843025	
    Magnitude of B_grad:	0.2747039960579	
    Magnitude of b:	6.5440881393913	

	
    Current index:	59501	
    Magnitude of W_grad:	7.112555445551	
    Magnitude of W:	58464.496147637	
    Magnitude of B_grad:	0.33015810320624	
    Magnitude of b:	6.3788047405851	

	
    Current index:	69501	
    Magnitude of W_grad:	5.4954415188896	
    Magnitude of W:	58458.557627678	
    Magnitude of B_grad:	0.057455636085941	
    Magnitude of b:	6.4113718190528	

	
    Current index:	79501	
    Magnitude of W_grad:	5.7568398705366	
    Magnitude of W:	58452.094398307	
    Magnitude of B_grad:	0.076430749159406	
    Magnitude of b:	6.6081074820933	

	
    Current index:	89501	
    Magnitude of W_grad:	5.6808615060587	
    Magnitude of W:	58445.702329347	
    Magnitude of B_grad:	0.11884668611005	
    Magnitude of b:	6.704135451535	

	
SGD: Loss is	
	LOSS:Calculated softmax res	
170607.81073564	
SGD: crossEntropyLoss is	
170607.81073564	
SGD: Validation Accuracy is:	
0.27792915531335	
SGD: Magnitude of W:	
58443.372431087	
SGD: Magnitude of b:	
6.2931587598625	
    Current index:	9501	
    Magnitude of W_grad:	5.6326219591109	
    Magnitude of W:	58438.108977296	
    Magnitude of B_grad:	0.1549291849475	
    Magnitude of b:	6.1383231922955	

	
    Current index:	19501	
    Magnitude of W_grad:	7.3557787554613	
    Magnitude of W:	58431.847812307	
    Magnitude of B_grad:	0.19121955309864	
    Magnitude of b:	6.4324129837817	

	
    Current index:	29501	
    Magnitude of W_grad:	6.0729934568899	
    Magnitude of W:	58425.802765249	
    Magnitude of B_grad:	0.16018229012613	
    Magnitude of b:	6.4504267042053	

	
    Current index:	39501	
    Magnitude of W_grad:	5.3351321928863	
    Magnitude of W:	58419.018253275	
    Magnitude of B_grad:	0.067335131772783	
    Magnitude of b:	6.8644407778949	

	
    Current index:	49501	
    Magnitude of W_grad:	6.5646814996656	
    Magnitude of W:	58411.482835188	
    Magnitude of B_grad:	0.27300445047157	
    Magnitude of b:	6.5423719860774	

	
    Current index:	59501	
    Magnitude of W_grad:	7.0899446816376	
    Magnitude of W:	58403.293174515	
    Magnitude of B_grad:	0.33027116961256	
    Magnitude of b:	6.3794388113808	

	
    Current index:	69501	
    Magnitude of W_grad:	5.4562606917019	
    Magnitude of W:	58397.500396808	
    Magnitude of B_grad:	0.056131867575819	
    Magnitude of b:	6.412101320111	

	
    Current index:	79501	
    Magnitude of W_grad:	5.7137885777005	
    Magnitude of W:	58391.142218975	
    Magnitude of B_grad:	0.07785194672737	
    Magnitude of b:	6.6063299104544	

	
    Current index:	89501	
    Magnitude of W_grad:	5.6200297440653	
    Magnitude of W:	58384.913566672	
    Magnitude of B_grad:	0.11912885333531	
    Magnitude of b:	6.7028426900332	

	
SGD: Loss is	
	LOSS:Calculated softmax res	
169282.42022858	
SGD: crossEntropyLoss is	
169282.42022858	
SGD: Validation Accuracy is:	
0.27883742052679	
SGD: Magnitude of W:	
58382.628251694	
SGD: Magnitude of b:	
6.2945019559997	
    Current index:	9501	
    Magnitude of W_grad:	5.5901909852302	
    Magnitude of W:	58377.4857145	
    Magnitude of B_grad:	0.15418102703802	
    Magnitude of b:	6.1402980167207	

	
    Current index:	19501	
    Magnitude of W_grad:	7.2975993461592	
    Magnitude of W:	58371.358741477	
    Magnitude of B_grad:	0.18968176243563	
    Magnitude of b:	6.4280891408522	

	
    Current index:	29501	
    Magnitude of W_grad:	6.0236426322634	
    Magnitude of W:	58365.420290555	
    Magnitude of B_grad:	0.1581277088789	
    Magnitude of b:	6.4451252073802	

	
    Current index:	39501	
    Magnitude of W_grad:	5.2731953239806	
    Magnitude of W:	58358.780101715	
    Magnitude of B_grad:	0.067097560453253	
    Magnitude of b:	6.8588374440366	

	
    Current index:	49501	
    Magnitude of W_grad:	6.5199130590934	
    Magnitude of W:	58351.369435538	
    Magnitude of B_grad:	0.27134291578072	
    Magnitude of b:	6.5406310314099	

	
    Current index:	59501	
    Magnitude of W_grad:	7.0664474836688	
    Magnitude of W:	58343.28872409	
    Magnitude of B_grad:	0.33030746913028	
    Magnitude of b:	6.3800152777424	

	
    Current index:	69501	
    Magnitude of W_grad:	5.418926692271	
    Magnitude of W:	58337.649650789	
    Magnitude of B_grad:	0.054869584766852	
    Magnitude of b:	6.4127853199716	

	
    Current index:	79501	
    Magnitude of W_grad:	5.6720897163869	
    Magnitude of W:	58331.406922383	
    Magnitude of B_grad:	0.079224052167208	
    Magnitude of b:	6.6045588852021	

	
    Current index:	89501	
    Magnitude of W_grad:	5.5623897675588	
    Magnitude of W:	58325.265325117	
    Magnitude of B_grad:	0.11938548285035	
    Magnitude of b:	6.7015529452907	

	
SGD: Loss is	
	LOSS:Calculated softmax res	
168001.45882962	
SGD: crossEntropyLoss is	
168001.45882962	
SGD: Validation Accuracy is:	
0.28247048138056	
SGD: Magnitude of W:	
58323.034865574	
SGD: Magnitude of b:	
6.295837910959	
    Current index:	9501	
    Magnitude of W_grad:	5.5499332825555	
    Magnitude of W:	58318.031830276	
    Magnitude of B_grad:	0.15343289007808	
    Magnitude of b:	6.1421366730839	

	
    Current index:	19501	
    Magnitude of W_grad:	7.2397258040937	
    Magnitude of W:	58312.015001209	
    Magnitude of B_grad:	0.1884763508794	
    Magnitude of b:	6.4237975820788	

	
    Current index:	29501	
    Magnitude of W_grad:	5.9760701022153	
    Magnitude of W:	58306.155226521	
    Magnitude of B_grad:	0.15614710174297	
    Magnitude of b:	6.4398827003799	

	
    Current index:	39501	
    Magnitude of W_grad:	5.2136732342837	
    Magnitude of W:	58299.643791239	
    Magnitude of B_grad:	0.066903998773226	
    Magnitude of b:	6.8532514977898	

	
    Current index:	49501	
    Magnitude of W_grad:	6.4760917152966	
    Magnitude of W:	58292.344301907	
    Magnitude of B_grad:	0.26972003436954	
    Magnitude of b:	6.5388869900289	

	
    Current index:	59501	
    Magnitude of W_grad:	7.0427946918775	
    Magnitude of W:	58284.371702786	
    Magnitude of B_grad:	0.33026974165013	
    Magnitude of b:	6.3805540021228	

	
    Current index:	69501	
    Magnitude of W_grad:	5.3825075882153	
    Magnitude of W:	58278.876199508	
    Magnitude of B_grad:	0.053663671836965	
    Magnitude of b:	6.4134435129969	

	
    Current index:	79501	
    Magnitude of W_grad:	5.6313881370942	
    Magnitude of W:	58272.760070276	
    Magnitude of B_grad:	0.080546069142185	
    Magnitude of b:	6.6028143701091	

	
    Current index:	89501	
    Magnitude of W_grad:	5.5079453027857	
    Magnitude of W:	58266.779916664	
    Magnitude of B_grad:	0.11962036277196	
    Magnitude of b:	6.7002836371342	

	
SGD: Loss is	
	LOSS:Calculated softmax res	
166762.49341197	
SGD: crossEntropyLoss is	
166762.49341197	
SGD: Validation Accuracy is:	
0.28337874659401	
SGD: Magnitude of W:	
58264.593556117	
SGD: Magnitude of b:	
6.2971784783382	
    Current index:	9501	
    Magnitude of W_grad:	5.5120482322499	
    Magnitude of W:	58259.654892884	
    Magnitude of B_grad:	0.15268503498232	
    Magnitude of b:	6.1438659414755	

	
    Current index:	19501	
    Magnitude of W_grad:	7.1832709214586	
    Magnitude of W:	58253.761680026	
    Magnitude of B_grad:	0.18746015506172	
    Magnitude of b:	6.4195460586002	

	
    Current index:	29501	
    Magnitude of W_grad:	5.929508177552	
    Magnitude of W:	58247.97016973	
    Magnitude of B_grad:	0.15423335221526	
    Magnitude of b:	6.434709967897	

	
    Current index:	39501	
    Magnitude of W_grad:	5.1571989773071	
    Magnitude of W:	58241.525473608	
    Magnitude of B_grad:	0.066748719651108	
    Magnitude of b:	6.8476961552181	

	
    Current index:	49501	
    Magnitude of W_grad:	6.433306780396	
    Magnitude of W:	58234.332036545	
    Magnitude of B_grad:	0.26813589645923	
    Magnitude of b:	6.5371604348407	

	
    Current index:	59501	
    Magnitude of W_grad:	7.0185488816851	
    Magnitude of W:	58226.495232748	
    Magnitude of B_grad:	0.33016031471152	
    Magnitude of b:	6.3810730656524	

	
    Current index:	69501	
    Magnitude of W_grad:	5.3477889048062	
    Magnitude of W:	58221.119442013	
    Magnitude of B_grad:	0.052509663802918	
    Magnitude of b:	6.4140935470623	

	
    Current index:	79501	
    Magnitude of W_grad:	5.592057556401	
    Magnitude of W:	58215.088267452	
    Magnitude of B_grad:	0.081817752893251	
    Magnitude of b:	6.6011143603022	

	
    Current index:	89501	
    Magnitude of W_grad:	5.4559527910246	
    Magnitude of W:	58209.246280644	
    Magnitude of B_grad:	0.11983663397634	
    Magnitude of b:	6.6990502653507	

	
SGD: Loss is	
	LOSS:Calculated softmax res	
165563.2835304	
SGD: crossEntropyLoss is	
165563.2835304	
SGD: Validation Accuracy is:	
0.28519527702089	
SGD: Magnitude of W:	
58207.106401382	
SGD: Magnitude of b:	
6.2985349717232	
    Current index:	9501	
    Magnitude of W_grad:	5.475705350163	
    Magnitude of W:	58202.305328177	
    Magnitude of B_grad:	0.15193745566782	
    Magnitude of b:	6.1455102549868	

	
    Current index:	19501	
    Magnitude of W_grad:	7.1283230717283	
    Magnitude of W:	58196.506853679	
    Magnitude of B_grad:	0.18640768566352	
    Magnitude of b:	6.4153422156532	

	
    Current index:	29501	
    Magnitude of W_grad:	5.8833130641877	
    Magnitude of W:	58190.80741378	
    Magnitude of B_grad:	0.15238015245148	
    Magnitude of b:	6.4296171027011	

	
    Current index:	39501	
    Magnitude of W_grad:	5.1034219462224	
    Magnitude of W:	58184.430722245	
    Magnitude of B_grad:	0.066626722126668	
    Magnitude of b:	6.8421828269486	

	
    Current index:	49501	
    Magnitude of W_grad:	6.3916459636035	
    Magnitude of W:	58177.332211968	
    Magnitude of B_grad:	0.266590138494	
    Magnitude of b:	6.535470023232	

	
    Current index:	59501	
    Magnitude of W_grad:	6.9936204258229	
    Magnitude of W:	58169.584386121	
    Magnitude of B_grad:	0.32998120746961	
    Magnitude of b:	6.3815882577564	

	
    Current index:	69501	
    Magnitude of W_grad:	5.3139875456804	
    Magnitude of W:	58164.309051725	
    Magnitude of B_grad:	0.051403686140578	
    Magnitude of b:	6.4147504496476	

	
    Current index:	79501	
    Magnitude of W_grad:	5.5540395221814	
    Magnitude of W:	58158.338553987	
    Magnitude of B_grad:	0.083039439196406	
    Magnitude of b:	6.5994742858949	

	
    Current index:	89501	
    Magnitude of W_grad:	5.4068249501219	
    Magnitude of W:	58152.607766658	
    Magnitude of B_grad:	0.12003696971903	
    Magnitude of b:	6.6978659505466	

	
SGD: Loss is	
	LOSS:Calculated softmax res	
164401.76120798	
SGD: crossEntropyLoss is	
164401.76120798	
SGD: Validation Accuracy is:	
0.28792007266122	
SGD: Magnitude of W:	
58150.539049192	
SGD: Magnitude of b:	
6.2999175838677	
    Current index:	9501	
    Magnitude of W_grad:	5.4407428871999	
    Magnitude of W:	58145.808406796	
    Magnitude of B_grad:	0.15119000650054	
    Magnitude of b:	6.1470912218355	

	
    Current index:	19501	
    Magnitude of W_grad:	7.0739200544672	
    Magnitude of W:	58140.109121734	
    Magnitude of B_grad:	0.18531797489376	
    Magnitude of b:	6.4111933515114	

	
    Current index:	29501	
    Magnitude of W_grad:	5.8379741459877	
    Magnitude of W:	58134.501938789	
    Magnitude of B_grad:	0.15058197995445	
    Magnitude of b:	6.4246132559996	

	
    Current index:	39501	
    Magnitude of W_grad:	5.0543262859439	
    Magnitude of W:	58128.22300665	
    Magnitude of B_grad:	0.066533665715607	
    Magnitude of b:	6.8367212966442	

	
    Current index:	49501	
    Magnitude of W_grad:	6.3510630571493	
    Magnitude of W:	58121.294604673	
    Magnitude of B_grad:	0.2650820345215	
    Magnitude of b:	6.5338319596298	

	
    Current index:	59501	
    Magnitude of W_grad:	6.9680392420618	
    Magnitude of W:	58113.665540104	
    Magnitude of B_grad:	0.32973422934544	
    Magnitude of b:	6.3821127751013	

	
    Current index:	69501	
    Magnitude of W_grad:	5.2808788700098	
    Magnitude of W:	58108.485720663	
    Magnitude of B_grad:	0.050342394913332	
    Magnitude of b:	6.415426331941	

	
    Current index:	79501	
    Magnitude of W_grad:	5.5167639822769	
    Magnitude of W:	58102.644751735	
    Magnitude of B_grad:	0.084211906479333	
    Magnitude of b:	6.5979066915126	

	
    Current index:	89501	
    Magnitude of W_grad:	5.3620848226662	
    Magnitude of W:	58097.058942198	
    Magnitude of B_grad:	0.12022368008482	
    Magnitude of b:	6.6967411914672	

	
SGD: Loss is	
	LOSS:Calculated softmax res	
163276.01331721	
SGD: crossEntropyLoss is	
163276.01331721	
SGD: Validation Accuracy is:	
0.28882833787466	
SGD: Magnitude of W:	
58095.047085013	
SGD: Magnitude of b:	
6.3013349828194	
    Current index:	9501	
    Magnitude of W_grad:	5.406497634658	
    Magnitude of W:	58090.401888524	
    Magnitude of B_grad:	0.15044248819352	
    Magnitude of b:	6.1486273744184	

	
    Current index:	19501	
    Magnitude of W_grad:	7.0220262761304	
    Magnitude of W:	58084.762769841	
    Magnitude of B_grad:	0.18419089441496	
    Magnitude of b:	6.4071062216718	

	
    Current index:	29501	
    Magnitude of W_grad:	5.7931728140349	
    Magnitude of W:	58079.265917349	
    Magnitude of B_grad:	0.14883404901123	
    Magnitude of b:	6.4197064865923	

	
    Current index:	39501	
    Magnitude of W_grad:	5.0067818761331	
    Magnitude of W:	58073.088611721	
    Magnitude of B_grad:	0.066465796186295	
    Magnitude of b:	6.8313199044607	

	
    Current index:	49501	
    Magnitude of W_grad:	6.311566858899	
    Magnitude of W:	58066.309167289	
    Magnitude of B_grad:	0.26361057895371	
    Magnitude of b:	6.5322597115744	

	
    Current index:	59501	
    Magnitude of W_grad:	6.9418469817283	
    Magnitude of W:	58058.828458235	
    Magnitude of B_grad:	0.32942107009538	
    Magnitude of b:	6.3826571306623	

	
    Current index:	69501	
    Magnitude of W_grad:	5.249024555385	
    Magnitude of W:	58053.662729002	
    Magnitude of B_grad:	0.049322916547176	
    Magnitude of b:	6.4161303404156	

	
    Current index:	79501	
    Magnitude of W_grad:	5.4802084344053	
    Magnitude of W:	58047.946665691	
    Magnitude of B_grad:	0.085336264268947	
    Magnitude of b:	6.5964211661432	

	
    Current index:	89501	
    Magnitude of W_grad:	5.3219003560579	
    Magnitude of W:	58042.452396653	
    Magnitude of B_grad:	0.12039876843423	
    Magnitude of b:	6.6956838304404	

	
SGD: Loss is	
	LOSS:Calculated softmax res	
162184.26606213	
SGD: crossEntropyLoss is	
162184.26606213	
SGD: Validation Accuracy is:	
0.2897366030881	
SGD: Magnitude of W:	
58040.519800855	
SGD: Magnitude of b:	
6.3027940912086	
    Current index:	9501	
    Magnitude of W_grad:	5.3731155828876	
    Magnitude of W:	58035.91472349	
    Magnitude of B_grad:	0.1496947013592	
    Magnitude of b:	6.1501341356723	

	
    Current index:	19501	
    Magnitude of W_grad:	6.9713122434395	
    Magnitude of W:	58030.36910194	
    Magnitude of B_grad:	0.18302708539347	
    Magnitude of b:	6.4030869047372	

	
    Current index:	29501	
    Magnitude of W_grad:	5.7499016917131	
    Magnitude of W:	58024.968987396	
    Magnitude of B_grad:	0.14713224556714	
    Magnitude of b:	6.4149036965612	

	
    Current index:	39501	
    Magnitude of W_grad:	4.9604051732077	
    Magnitude of W:	58018.875943659	
    Magnitude of B_grad:	0.066419869947664	
    Magnitude of b:	6.8259857347769	

	
    Current index:	49501	
    Magnitude of W_grad:	6.2727358237048	
    Magnitude of W:	58012.244704825	
    Magnitude of B_grad:	0.26217455996984	
    Magnitude of b:	6.5307639533479	

	
    Current index:	59501	
    Magnitude of W_grad:	6.9147682674771	
    Magnitude of W:	58004.882703188	
    Magnitude of B_grad:	0.32904337906742	
    Magnitude of b:	6.3832292417873	

	
    Current index:	69501	
    Magnitude of W_grad:	5.2182594620859	
    Magnitude of W:	57999.785743536	
    Magnitude of B_grad:	0.04834278794598	
    Magnitude of b:	6.4168688021095	

	
    Current index:	79501	
    Magnitude of W_grad:	5.4442925166776	
    Magnitude of W:	57994.151543447	
    Magnitude of B_grad:	0.086413861718397	
    Magnitude of b:	6.5950244689371	

	
    Current index:	89501	
    Magnitude of W_grad:	5.2847809032123	
    Magnitude of W:	57988.786802667	
    Magnitude of B_grad:	0.12056396026538	
    Magnitude of b:	6.6946991878131	

	
SGD: Loss is	
	LOSS:Calculated softmax res	
161124.87121084	
SGD: crossEntropyLoss is	
161124.87121084	
SGD: Validation Accuracy is:	
0.29336966394187	
SGD: Magnitude of W:	
57986.894842234	
SGD: Magnitude of b:	
6.3043000259219	
    Current index:	9501	
    Magnitude of W_grad:	5.3406138823233	
    Magnitude of W:	57982.424841583	
    Magnitude of B_grad:	0.14894647662416	
    Magnitude of b:	6.1516239606945	

	
    Current index:	19501	
    Magnitude of W_grad:	6.9219208387731	
    Magnitude of W:	57976.956841903	
    Magnitude of B_grad:	0.18182787504571	
    Magnitude of b:	6.3991407292579	

	
    Current index:	29501	
    Magnitude of W_grad:	5.7083634032875	
    Magnitude of W:	57971.662650029	
    Magnitude of B_grad:	0.14547305215973	
    Magnitude of b:	6.4102106338366	

	
    Current index:	39501	
    Magnitude of W_grad:	4.9158551405562	
    Magnitude of W:	57965.621254292	
    Magnitude of B_grad:	0.066393081256955	
    Magnitude of b:	6.8207248013581	

	
    Current index:	49501	
    Magnitude of W_grad:	6.2345896196931	
    Magnitude of W:	57959.1012005	
    Magnitude of B_grad:	0.26077262355581	
    Magnitude of b:	6.5293526877378	

	
    Current index:	59501	
    Magnitude of W_grad:	6.8868324347961	
    Magnitude of W:	57951.838801661	
    Magnitude of B_grad:	0.32860283210065	
    Magnitude of b:	6.3838346502996	

	
    Current index:	69501	
    Magnitude of W_grad:	5.1886163032728	
    Magnitude of W:	57946.879933144	
    Magnitude of B_grad:	0.047399898555452	
    Magnitude of b:	6.4176455047034	

	
    Current index:	79501	
    Magnitude of W_grad:	5.40969710443	
    Magnitude of W:	57941.368432022	
    Magnitude of B_grad:	0.087446211063888	
    Magnitude of b:	6.5937207884111	

	
    Current index:	89501	
    Magnitude of W_grad:	5.2498058763006	
    Magnitude of W:	57936.148322915	
    Magnitude of B_grad:	0.12072071914114	
    Magnitude of b:	6.6937903142772	

	
SGD: Loss is	
	LOSS:Calculated softmax res	
160096.29383153	
SGD: crossEntropyLoss is	
160096.29383153	
SGD: Validation Accuracy is:	
0.29518619436876	
SGD: Magnitude of W:	
57934.304257451	
SGD: Magnitude of b:	
6.3058561615937	
    Current index:	9501	
    Magnitude of W_grad:	5.3087198487311	
    Magnitude of W:	57929.915583395	
    Magnitude of B_grad:	0.1481976889194	
    Magnitude of b:	6.1531065988463	

	
    Current index:	19501	
    Magnitude of W_grad:	6.8728743060773	
    Magnitude of W:	57924.529970041	
    Magnitude of B_grad:	0.18059518317937	
    Magnitude of b:	6.3952722510634	

	
    Current index:	29501	
    Magnitude of W_grad:	5.6679092278453	
    Magnitude of W:	57919.311887305	
    Magnitude of B_grad:	0.14385346823871	
    Magnitude of b:	6.4056319404844	

	
    Current index:	39501	
    Magnitude of W_grad:	4.872986965695	
    Magnitude of W:	57913.376571089	
    Magnitude of B_grad:	0.066382994621892	
    Magnitude of b:	6.8155422206574	

	
    Current index:	49501	
    Magnitude of W_grad:	6.197923697887	
    Magnitude of W:	57906.994900376	
    Magnitude of B_grad:	0.25940332866511	
    Magnitude of b:	6.5280314893451	

	
    Current index:	59501	
    Magnitude of W_grad:	6.8582381096544	
    Magnitude of W:	57899.813576873	
    Magnitude of B_grad:	0.32810118506005	
    Magnitude of b:	6.3844768247945	

	
    Current index:	69501	
    Magnitude of W_grad:	5.1602174974652	
    Magnitude of W:	57894.941580015	
    Magnitude of B_grad:	0.046492436144423	
    Magnitude of b:	6.4184620577501	

	
    Current index:	79501	
    Magnitude of W_grad:	5.3765675802287	
    Magnitude of W:	57889.549268439	
    Magnitude of B_grad:	0.088434922162583	
    Magnitude of b:	6.592512077606	

	
    Current index:	89501	
    Magnitude of W_grad:	5.2185830690742	
    Magnitude of W:	57884.471857408	
    Magnitude of B_grad:	0.12087025944164	
    Magnitude of b:	6.6929583111164	

	
SGD: Loss is	
	LOSS:Calculated softmax res	
159097.1013561	
SGD: crossEntropyLoss is	
159097.1013561	
SGD: Validation Accuracy is:	
0.30063578564941	
SGD: Magnitude of W:	
57882.648789856	
SGD: Magnitude of b:	
6.3074642788649	
    Current index:	9501	
    Magnitude of W_grad:	5.2779232332694	
    Magnitude of W:	57878.290228956	
    Magnitude of B_grad:	0.14744826185584	
    Magnitude of b:	6.1545894232279	

	
    Current index:	19501	
    Magnitude of W_grad:	6.8242030914013	
    Magnitude of W:	57873.011822565	
    Magnitude of B_grad:	0.17933142233004	
    Magnitude of b:	6.3914852669354	

	
    Current index:	29501	
    Magnitude of W_grad:	5.628112757482	
    Magnitude of W:	57867.891423251	
    Magnitude of B_grad:	0.14227093040008	
    Magnitude of b:	6.4011712278257	

	
    Current index:	39501	
    Magnitude of W_grad:	4.8314422797945	
    Magnitude of W:	57862.059122619	
    Magnitude of B_grad:	0.06638748365722	
    Magnitude of b:	6.810442364542	

	
    Current index:	49501	
    Magnitude of W_grad:	6.1625707880259	
    Magnitude of W:	57855.777292179	
    Magnitude of B_grad:	0.25806519423509	
    Magnitude of b:	6.5268038168604	

	
    Current index:	59501	
    Magnitude of W_grad:	6.8287105733682	
    Magnitude of W:	57848.689196961	
    Magnitude of B_grad:	0.32754031353964	
    Magnitude of b:	6.3851575009179	

	
    Current index:	69501	
    Magnitude of W_grad:	5.1324563842924	
    Magnitude of W:	57843.863399004	
    Magnitude of B_grad:	0.045618837624286	
    Magnitude of b:	6.4193182907339	

	
    Current index:	79501	
    Magnitude of W_grad:	5.3443826458973	
    Magnitude of W:	57838.567728344	
    Magnitude of B_grad:	0.089381645570135	
    Magnitude of b:	6.5913984192038	

	
    Current index:	89501	
    Magnitude of W_grad:	5.1900212608484	
    Magnitude of W:	57833.616285685	
    Magnitude of B_grad:	0.12101356163109	
    Magnitude of b:	6.6922026768632	

	
SGD: Loss is	
	LOSS:Calculated softmax res	
158125.95384324	
SGD: crossEntropyLoss is	
158125.95384324	
SGD: Validation Accuracy is:	
0.30063578564941	
SGD: Magnitude of W:	
57831.809284779	
SGD: Magnitude of b:	
6.3091247627796	
    Current index:	9501	
    Magnitude of W_grad:	5.2478016941176	
    Magnitude of W:	57827.507605828	
    Magnitude of B_grad:	0.14669816638838	
    Magnitude of b:	6.1560777842485	

	
    Current index:	19501	
    Magnitude of W_grad:	6.7764125819178	
    Magnitude of W:	57822.324055584	
    Magnitude of B_grad:	0.17803939511086	
    Magnitude of b:	6.3877828510914	

	
    Current index:	29501	
    Magnitude of W_grad:	5.5887782398876	
    Magnitude of W:	57817.313745807	
    Magnitude of B_grad:	0.14072323640331	
    Magnitude of b:	6.3968311637621	

	
    Current index:	39501	
    Magnitude of W_grad:	4.7914414546513	
    Magnitude of W:	57811.555661859	
    Magnitude of B_grad:	0.066404676957674	
    Magnitude of b:	6.8054289864755	

	
    Current index:	49501	
    Magnitude of W_grad:	6.1282372724878	
    Magnitude of W:	57805.458387496	
    Magnitude of B_grad:	0.25675673885895	
    Magnitude of b:	6.5256713517577	

	
    Current index:	59501	
    Magnitude of W_grad:	6.7982671603947	
    Magnitude of W:	57798.435330726	
    Magnitude of B_grad:	0.32692223888973	
    Magnitude of b:	6.3858770252514	

	
    Current index:	69501	
    Magnitude of W_grad:	5.1053347145354	
    Magnitude of W:	57793.703331315	
    Magnitude of B_grad:	0.044777745467955	
    Magnitude of b:	6.4202126534056	

	
    Current index:	79501	
    Magnitude of W_grad:	5.3130363491409	
    Magnitude of W:	57788.446626757	
    Magnitude of B_grad:	0.090288022793408	
    Magnitude of b:	6.5903783874893	

	
    Current index:	89501	
    Magnitude of W_grad:	5.1622294200367	
    Magnitude of W:	57783.554199806	
    Magnitude of B_grad:	0.12115139246443	
    Magnitude of b:	6.6915216499641	

	
SGD: Loss is	
	LOSS:Calculated softmax res	
157181.59534126	
SGD: crossEntropyLoss is	
157181.59534126	
SGD: Validation Accuracy is:	
0.30426884650318	
SGD: Magnitude of W:	
57781.787163342	
SGD: Magnitude of b:	
6.3108368242131	
    Current index:	9501	
    Magnitude of W_grad:	5.2183189553691	
    Magnitude of W:	57777.522127	
    Magnitude of B_grad:	0.14594741650225	
    Magnitude of b:	6.1575753567003	

	
    Current index:	19501	
    Magnitude of W_grad:	6.7287451896979	
    Magnitude of W:	57772.453087273	
    Magnitude of B_grad:	0.1767221922878	
    Magnitude of b:	6.3841674040459	

	
    Current index:	29501	
    Magnitude of W_grad:	5.550017278561	
    Magnitude of W:	57767.547764431	
    Magnitude of B_grad:	0.13920847607247	
    Magnitude of b:	6.3926135626146	

	
    Current index:	39501	
    Magnitude of W_grad:	4.7529078839444	
    Magnitude of W:	57761.865637476	
    Magnitude of B_grad:	0.066432911098571	
    Magnitude of b:	6.8005053190596	

	
    Current index:	49501	
    Magnitude of W_grad:	6.0944256385683	
    Magnitude of W:	57755.854203469	
    Magnitude of B_grad:	0.25547651386275	
    Magnitude of b:	6.5246343327743	

	
    Current index:	59501	
    Magnitude of W_grad:	6.767011271197	
    Magnitude of W:	57748.933803144	
    Magnitude of B_grad:	0.32624914139654	
    Magnitude of b:	6.3866346791386	

	
    Current index:	69501	
    Magnitude of W_grad:	5.0788600025527	
    Magnitude of W:	57744.256683987	
    Magnitude of B_grad:	0.043967969547437	
    Magnitude of b:	6.4211425927878	

	
    Current index:	79501	
    Magnitude of W_grad:	5.2817685083183	
    Magnitude of W:	57739.050193636	
    Magnitude of B_grad:	0.091155643283683	
    Magnitude of b:	6.5894493856299	

	
    Current index:	89501	
    Magnitude of W_grad:	5.1363877836971	
    Magnitude of W:	57734.248683933	
    Magnitude of B_grad:	0.12128433013536	
    Magnitude of b:	6.6909125276947	

	
SGD: Loss is	
	LOSS:Calculated softmax res	
156262.84626517	
SGD: crossEntropyLoss is	
156262.84626517	
SGD: Validation Accuracy is:	
0.30426884650318	
SGD: Magnitude of W:	
57732.526647664	
SGD: Magnitude of b:	
6.3125987250455	
    Current index:	9501	
    Magnitude of W_grad:	5.1896326230933	
    Magnitude of W:	57728.338590863	
    Magnitude of B_grad:	0.14519606353363	
    Magnitude of b:	6.1590844616525	

	
    Current index:	19501	
    Magnitude of W_grad:	6.6817602850072	
    Magnitude of W:	57723.382651928	
    Magnitude of B_grad:	0.1753830948472	
    Magnitude of b:	6.3806407072771	

	
    Current index:	29501	
    Magnitude of W_grad:	5.5123180746206	
    Magnitude of W:	57718.5630166	
    Magnitude of B_grad:	0.13772497124013	
    Magnitude of b:	6.3885194723264	

	
    Current index:	39501	
    Magnitude of W_grad:	4.7158717148663	
    Magnitude of W:	57712.950949654	
    Magnitude of B_grad:	0.066470690588266	
    Magnitude of b:	6.7956741447156	

	
    Current index:	49501	
    Magnitude of W_grad:	6.061058240351	
    Magnitude of W:	57707.056347448	
    Magnitude of B_grad:	0.25422313042045	
    Magnitude of b:	6.5236918666254	

	
    Current index:	59501	
    Magnitude of W_grad:	6.7349233019609	
    Magnitude of W:	57700.214556669	
    Magnitude of B_grad:	0.32552336205568	
    Magnitude of b:	6.3874289683103	

	
    Current index:	69501	
    Magnitude of W_grad:	5.0532821689103	
    Magnitude of W:	57695.576774919	
    Magnitude of B_grad:	0.043188453734352	
    Magnitude of b:	6.4221048893671	

	
    Current index:	79501	
    Magnitude of W_grad:	5.2506936080235	
    Magnitude of W:	57690.43043401	
    Magnitude of B_grad:	0.0919860083315	
    Magnitude of b:	6.5886079459662	

	
    Current index:	89501	
    Magnitude of W_grad:	5.1119002870522	
    Magnitude of W:	57685.714818937	
    Magnitude of B_grad:	0.12141279280556	
    Magnitude of b:	6.6903719501147	

	
SGD: Loss is	
	LOSS:Calculated softmax res	
155368.59670495	
SGD: crossEntropyLoss is	
155368.59670495	
SGD: Validation Accuracy is:	
0.30426884650318	
SGD: Magnitude of W:	
57684.023018644	
SGD: Magnitude of b:	
6.3144079943509	
    Current index:	9501	
    Magnitude of W_grad:	5.1619196215679	
    Magnitude of W:	57679.929648272	
    Magnitude of B_grad:	0.1444441899812	
    Magnitude of b:	6.1606063537056	

	
    Current index:	19501	
    Magnitude of W_grad:	6.6356358179609	
    Magnitude of W:	57675.066255047	
    Magnitude of B_grad:	0.17402548292877	
    Magnitude of b:	6.3772039804097	

	
    Current index:	29501	
    Magnitude of W_grad:	5.4750848841094	
    Magnitude of W:	57670.306833845	
    Magnitude of B_grad:	0.13627122586138	
    Magnitude of b:	6.384549257321	

	
    Current index:	39501	
    Magnitude of W_grad:	4.679563093183	
    Magnitude of W:	57664.741885054	
    Magnitude of B_grad:	0.066516654426625	
    Magnitude of b:	6.7909378442206	

	
    Current index:	49501	
    Magnitude of W_grad:	6.0281314567819	
    Magnitude of W:	57658.96283418	
    Magnitude of B_grad:	0.25299528119809	
    Magnitude of b:	6.5228422042489	

	
    Current index:	59501	
    Magnitude of W_grad:	6.702296767648	
    Magnitude of W:	57652.189612812	
    Magnitude of B_grad:	0.32474739481043	
    Magnitude of b:	6.3882578715588	

	
    Current index:	69501	
    Magnitude of W_grad:	5.0282187526411	
    Magnitude of W:	57647.623812347	
    Magnitude of B_grad:	0.042438246495462	
    Magnitude of b:	6.4230959423818	

	
    Current index:	79501	
    Magnitude of W_grad:	5.2196236333392	
    Magnitude of W:	57642.565386069	
    Magnitude of B_grad:	0.092780502262395	
    Magnitude of b:	6.5878499878031	

	
    Current index:	89501	
    Magnitude of W_grad:	5.088543227729	
    Magnitude of W:	57637.950110433	
    Magnitude of B_grad:	0.12153706822593	
    Magnitude of b:	6.6898961438836	

	
SGD: Loss is	
	LOSS:Calculated softmax res	
154497.80057733	
SGD: crossEntropyLoss is	
154497.80057733	
SGD: Validation Accuracy is:	
0.30426884650318	
SGD: Magnitude of W:	
57636.312647005	
SGD: Magnitude of b:	
6.3162616276159	
    Current index:	9501	
    Magnitude of W_grad:	5.1356059730331	
    Magnitude of W:	57632.253893785	
    Magnitude of B_grad:	0.14369190322982	
    Magnitude of b:	6.162141470271	

	
    Current index:	19501	
    Magnitude of W_grad:	6.5896464335422	
    Magnitude of W:	57627.504366889	
    Magnitude of B_grad:	0.17265275396166	
    Magnitude of b:	6.3738579396333	

	
    Current index:	29501	
    Magnitude of W_grad:	5.438315731236	
    Magnitude of W:	57622.81840583	
    Magnitude of B_grad:	0.13484588644624	
    Magnitude of b:	6.3807026773049	

	
    Current index:	39501	
    Magnitude of W_grad:	4.6439097938065	
    Magnitude of W:	57617.358647376	
    Magnitude of B_grad:	0.066569548830923	
    Magnitude of b:	6.7862984292469	

	
    Current index:	49501	
    Magnitude of W_grad:	5.9960526184924	
    Magnitude of W:	57611.724742734	
    Magnitude of B_grad:	0.25179175688454	
    Magnitude of b:	6.5220829781434	

	
    Current index:	59501	
    Magnitude of W_grad:	6.6691122175801	
    Magnitude of W:	57605.0354073	
    Magnitude of B_grad:	0.323923871302	
    Magnitude of b:	6.3891190468516	

	
    Current index:	69501	
    Magnitude of W_grad:	5.0037750927582	
    Magnitude of W:	57600.580242855	
    Magnitude of B_grad:	0.041716474898342	
    Magnitude of b:	6.424112000571	

	
    Current index:	79501	
    Magnitude of W_grad:	5.1891437849937	
    Magnitude of W:	57595.61741355	
    Magnitude of B_grad:	0.093540371265673	
    Magnitude of b:	6.5871710318987	

	
    Current index:	89501	
    Magnitude of W_grad:	5.0655232877922	
    Magnitude of W:	57591.069851235	
    Magnitude of B_grad:	0.12165734214027	
    Magnitude of b:	6.6894811246262	

	
SGD: Loss is	
	LOSS:Calculated softmax res	
153649.47052635	
SGD: crossEntropyLoss is	
153649.47052635	
SGD: Validation Accuracy is:	
0.30699364214351	
SGD: Magnitude of W:	
57589.467063984	
SGD: Magnitude of b:	
6.3181562641522	
    Current index:	9501	
    Magnitude of W_grad:	5.1101081539053	
    Magnitude of W:	57585.448339848	
    Magnitude of B_grad:	0.14293932940637	
    Magnitude of b:	6.1636896430437	

	
    Current index:	19501	
    Magnitude of W_grad:	6.5439441525031	
    Magnitude of W:	57580.806812351	
    Magnitude of B_grad:	0.17126825169502	
    Magnitude of b:	6.3706028567765	

	
    Current index:	29501	
    Magnitude of W_grad:	5.4021337638392	
    Magnitude of W:	57576.210496418	
    Magnitude of B_grad:	0.13344771216097	
    Magnitude of b:	6.3769789629631	

	
    Current index:	39501	
    Magnitude of W_grad:	4.6100119660229	
    Magnitude of W:	57570.812599362	
    Magnitude of B_grad:	0.066628205638947	
    Magnitude of b:	6.7817575649763	

	
    Current index:	49501	
    Magnitude of W_grad:	5.9644275647595	
    Magnitude of W:	57565.253875524	
    Magnitude of B_grad:	0.25061145787236	
    Magnitude of b:	6.5214114003806	

	
    Current index:	59501	
    Magnitude of W_grad:	6.6354435089624	
    Magnitude of W:	57558.687783247	
    Magnitude of B_grad:	0.32305554011152	
    Magnitude of b:	6.3900099965115	

	
    Current index:	69501	
    Magnitude of W_grad:	4.9798363250158	
    Magnitude of W:	57554.384813395	
    Magnitude of B_grad:	0.04102232175697	
    Magnitude of b:	6.4251493398623	

	
    Current index:	79501	
    Magnitude of W_grad:	5.1595487517701	
    Magnitude of W:	57549.515546943	
    Magnitude of B_grad:	0.094266709925801	
    Magnitude of b:	6.5865663739532	

	
    Current index:	89501	
    Magnitude of W_grad:	5.0427019556747	
    Magnitude of W:	57545.039531524	
    Magnitude of B_grad:	0.1217737236415	
    Magnitude of b:	6.6891228589186	

	
SGD: Loss is	
	LOSS:Calculated softmax res	
152822.6734739	
SGD: crossEntropyLoss is	
152822.6734739	
SGD: Validation Accuracy is:	
0.30790190735695	
SGD: Magnitude of W:	
57543.461558346	
SGD: Magnitude of b:	
6.3200883399819	
    Current index:	9501	
    Magnitude of W_grad:	5.0862812840882	
    Magnitude of W:	57539.546948925	
    Magnitude of B_grad:	0.14218660752654	
    Magnitude of b:	6.1652502736248	

	
    Current index:	19501	
    Magnitude of W_grad:	6.4986881514643	
    Magnitude of W:	57535.001430805	
    Magnitude of B_grad:	0.16987520711178	
    Magnitude of b:	6.3674386182878	

	
    Current index:	29501	
    Magnitude of W_grad:	5.3671255428286	
    Magnitude of W:	57530.482816019	
    Magnitude of B_grad:	0.13207555339704	
    Magnitude of b:	6.3733768892314	

	
    Current index:	39501	
    Magnitude of W_grad:	4.5783116516988	
    Magnitude of W:	57525.158628454	
    Magnitude of B_grad:	0.066691525861278	
    Magnitude of b:	6.7773165876995	

	
    Current index:	49501	
    Magnitude of W_grad:	5.9332672700013	
    Magnitude of W:	57519.726663884	
    Magnitude of B_grad:	0.24945340131863	
    Magnitude of b:	6.5208244232399	

	
    Current index:	59501	
    Magnitude of W_grad:	6.6015142846347	
    Magnitude of W:	57513.290189214	
    Magnitude of B_grad:	0.3221452422408	
    Magnitude of b:	6.3909281949306	

	
    Current index:	69501	
    Magnitude of W_grad:	4.9567343658984	
    Magnitude of W:	57509.071835343	
    Magnitude of B_grad:	0.040355005927389	
    Magnitude of b:	6.4262043929702	

	
    Current index:	79501	
    Magnitude of W_grad:	5.1302069295259	
    Magnitude of W:	57504.240740336	
    Magnitude of B_grad:	0.094960455191521	
    Magnitude of b:	6.5860312212892	

	
    Current index:	89501	
    Magnitude of W_grad:	5.0200714188568	
    Magnitude of W:	57499.845060245	
    Magnitude of B_grad:	0.12188626638122	
    Magnitude of b:	6.6888173884753	

	
SGD: Loss is	
	LOSS:Calculated softmax res	
152016.52672223	
SGD: crossEntropyLoss is	
152016.52672223	
SGD: Validation Accuracy is:	
0.30699364214351	
SGD: Magnitude of W:	
57498.319311572	
SGD: Magnitude of b:	
6.3220542150544	
    Current index:	9501	
    Magnitude of W_grad:	5.0637034559728	
    Magnitude of W:	57494.517724015	
    Magnitude of B_grad:	0.14143388408781	
    Magnitude of b:	6.1668224761149	

	
    Current index:	19501	
    Magnitude of W_grad:	6.4543133467746	
    Magnitude of W:	57490.050546548	
    Magnitude of B_grad:	0.16847669152441	
    Magnitude of b:	6.3643647828969	

	
    Current index:	29501	
    Magnitude of W_grad:	5.3325698363082	
    Magnitude of W:	57485.588015661	
    Magnitude of B_grad:	0.13072833730982	
    Magnitude of b:	6.369894846144	

	
    Current index:	39501	
    Magnitude of W_grad:	4.547214846583	
    Magnitude of W:	57480.336327544	
    Magnitude of B_grad:	0.066758467817254	
    Magnitude of b:	6.7729765206659	

	
    Current index:	49501	
    Magnitude of W_grad:	5.9025558276697	
    Magnitude of W:	57474.997475531	
    Magnitude of B_grad:	0.2483167238483	
    Magnitude of b:	6.5203188657434	

	
    Current index:	59501	
    Magnitude of W_grad:	6.5670786999542	
    Magnitude of W:	57468.64506462	
    Magnitude of B_grad:	0.32119588428138	
    Magnitude of b:	6.3918711832305	

	
    Current index:	69501	
    Magnitude of W_grad:	4.9344490613735	
    Magnitude of W:	57464.502978338	
    Magnitude of B_grad:	0.039713765909222	
    Magnitude of b:	6.4272738377798	

	
    Current index:	79501	
    Magnitude of W_grad:	5.1008317572578	
    Magnitude of W:	57459.716491299	
    Magnitude of B_grad:	0.095622387208935	
    Magnitude of b:	6.5855607979138	

	
    Current index:	89501	
    Magnitude of W_grad:	4.9975744419335	
    Magnitude of W:	57455.40431137	
    Magnitude of B_grad:	0.1219949852868	
    Magnitude of b:	6.6885609201656	

	
SGD: Loss is	
	LOSS:Calculated softmax res	
151230.19451717	
SGD: crossEntropyLoss is	
151230.19451717	
SGD: Validation Accuracy is:	
0.30699364214351	
SGD: Magnitude of W:	
57453.930778152	
SGD: Magnitude of b:	
6.3240502749885	
    Current index:	9501	
    Magnitude of W_grad:	5.0417019311297	
    Magnitude of W:	57450.223741503	
    Magnitude of B_grad:	0.14068130826469	
    Magnitude of b:	6.1684051899899	

	
    Current index:	19501	
    Magnitude of W_grad:	6.4106711515601	
    Magnitude of W:	57445.812943823	
    Magnitude of B_grad:	0.16707558153645	
    Magnitude of b:	6.3613806363857	

	
    Current index:	29501	
    Magnitude of W_grad:	5.2989309579223	
    Magnitude of W:	57441.478089806	
    Magnitude of B_grad:	0.12940505874772	
    Magnitude of b:	6.3665309065825	

	
    Current index:	39501	
    Magnitude of W_grad:	4.5174243543944	
    Magnitude of W:	57436.309157665	
    Magnitude of B_grad:	0.066828039251192	
    Magnitude of b:	6.7687380898655	

	
    Current index:	49501	
    Magnitude of W_grad:	5.8723249251063	
    Magnitude of W:	57431.020399795	
    Magnitude of B_grad:	0.24720068024471	
    Magnitude of b:	6.519891510081	

	
    Current index:	59501	
    Magnitude of W_grad:	6.5322153033103	
    Magnitude of W:	57424.770675947	
    Magnitude of B_grad:	0.32021041044083	
    Magnitude of b:	6.3928366356584	

	
    Current index:	69501	
    Magnitude of W_grad:	4.9130921580739	
    Magnitude of W:	57420.704274458	
    Magnitude of B_grad:	0.039097846901681	
    Magnitude of b:	6.4283546520142	

	
    Current index:	79501	
    Magnitude of W_grad:	5.0714244598652	
    Magnitude of W:	57415.97558451	
    Magnitude of B_grad:	0.096253136213308	
    Magnitude of b:	6.5851504234867	

	
    Current index:	89501	
    Magnitude of W_grad:	4.9754376827244	
    Magnitude of W:	57411.741124182	
    Magnitude of B_grad:	0.12209986905453	
    Magnitude of b:	6.6883498862128	

	
Done.	
Testing on validation set...	
Done	
Accuracy:	
0.30699364214351	
