[?1034hParameters are:
	
Datafile:	/n/home09/ankitgupta/CS287/HW1/SST1-uni-sent.hdf5	Classifier:	hinge	Alpha:	0	Eta:	0.5	Lambda:	10	Minibatch size:	500	Num Epochs:	50	Minimum Sentence Length:	5	
Note that not all parameters may apply to all classifiers	
Loading datafiles...	
Number of training samples before removing small sentences	156817	
Number of training samples after removing small sentences	93603	
Done.	
Training classifier...	
Parameters are:	
Eta:	
0.5	
Lambda:	
10	
Minibatch size:	
500	
Number of Epochs	
50	
SGD: Hinge Loss is	
1200246.0594522	
SGD: Validation Accuracy is:	
0.1716621253406	
SGD: Magnitude of W:	
61082.73859776	
SGD: Magnitude of b:	
3.3953537690433	
    Current index:	9501	
    Magnitude of W_grad:	10.456	
    Magnitude of W:	60992.22666584	
    Magnitude of B_grad:	0.148	
    Magnitude of b:	2.4148984143726	

	
    Current index:	19501	
    Magnitude of W_grad:	9.4039999999999	
    Magnitude of W:	60903.192932681	
    Magnitude of B_grad:	0.228	
    Magnitude of b:	2.3282674699209	

	
    Current index:	29501	
    Magnitude of W_grad:	9.4679999999999	
    Magnitude of W:	60818.616831979	
    Magnitude of B_grad:	0.124	
    Magnitude of b:	2.295056488586	

	
    Current index:	39501	
    Magnitude of W_grad:	10.352	
    Magnitude of W:	60735.330845449	
    Magnitude of B_grad:	0.236	
    Magnitude of b:	2.4943494340429	

	
    Current index:	49501	
    Magnitude of W_grad:	11.688	
    Magnitude of W:	60647.52806362	
    Magnitude of B_grad:	0.448	
    Magnitude of b:	2.8064320072209	

	
    Current index:	59501	
    Magnitude of W_grad:	10.572	
    Magnitude of W:	60561.394938441	
    Magnitude of B_grad:	0.3	
    Magnitude of b:	4.3234211348856	

	
    Current index:	69501	
    Magnitude of W_grad:	8.7279999999999	
    Magnitude of W:	60476.493463205	
    Magnitude of B_grad:	0.12	
    Magnitude of b:	4.9963172801151	

	
    Current index:	79501	
    Magnitude of W_grad:	8.7639999999999	
    Magnitude of W:	60392.264530683	
    Magnitude of B_grad:	0.1	
    Magnitude of b:	4.9630474497919	

	
    Current index:	89501	
    Magnitude of W_grad:	8.8479999999999	
    Magnitude of W:	60308.578976134	
    Magnitude of B_grad:	0.12	
    Magnitude of b:	4.9636847921867	

	
SGD: Hinge Loss is	
1069489.0391247	
SGD: Validation Accuracy is:	
0.21344232515895	
SGD: Magnitude of W:	
60275.869544786	
SGD: Magnitude of b:	
4.7192902807527	
    Current index:	9501	
    Magnitude of W_grad:	9.9999999999999	
    Magnitude of W:	60194.483928504	
    Magnitude of B_grad:	0.144	
    Magnitude of b:	3.2992428998467	

	
    Current index:	19501	
    Magnitude of W_grad:	9.7919999999999	
    Magnitude of W:	60111.871771729	
    Magnitude of B_grad:	0.212	
    Magnitude of b:	3.6954660231405	

	
    Current index:	29501	
    Magnitude of W_grad:	9.3799999999999	
    Magnitude of W:	60031.882518565	
    Magnitude of B_grad:	0.128	
    Magnitude of b:	3.8515009879428	

	
    Current index:	39501	
    Magnitude of W_grad:	10.336	
    Magnitude of W:	59951.155769023	
    Magnitude of B_grad:	0.284	
    Magnitude of b:	4.1730612620789	

	
    Current index:	49501	
    Magnitude of W_grad:	10.816	
    Magnitude of W:	59867.318373811	
    Magnitude of B_grad:	0.344	
    Magnitude of b:	4.3968871618868	

	
    Current index:	59501	
    Magnitude of W_grad:	10.604	
    Magnitude of W:	59785.753816541	
    Magnitude of B_grad:	0.288	
    Magnitude of b:	4.3049557889196	

	
    Current index:	69501	
    Magnitude of W_grad:	8.4479999999998	
    Magnitude of W:	59704.441807705	
    Magnitude of B_grad:	0.144	
    Magnitude of b:	4.7481556064458	

	
    Current index:	79501	
    Magnitude of W_grad:	8.7799999999999	
    Magnitude of W:	59623.214730746	
    Magnitude of B_grad:	0.12	
    Magnitude of b:	4.8790485666257	

	
    Current index:	89501	
    Magnitude of W_grad:	8.9159999999999	
    Magnitude of W:	59542.744669982	
    Magnitude of B_grad:	0.1	
    Magnitude of b:	4.9597795531471	

	
SGD: Hinge Loss is	
1020505.6688197	
SGD: Validation Accuracy is:	
0.22161671207993	
SGD: Magnitude of W:	
59511.193521436	
SGD: Magnitude of b:	
4.811116550837	
    Current index:	9501	
    Magnitude of W_grad:	9.9919999999999	
    Magnitude of W:	59431.931954104	
    Magnitude of B_grad:	0.152	
    Magnitude of b:	4.2222321856914	

	
    Current index:	19501	
    Magnitude of W_grad:	9.3559999999999	
    Magnitude of W:	59351.978523383	
    Magnitude of B_grad:	0.176	
    Magnitude of b:	4.537579726651	

	
    Current index:	29501	
    Magnitude of W_grad:	9.3839999999999	
    Magnitude of W:	59274.425279006	
    Magnitude of B_grad:	0.128	
    Magnitude of b:	4.6426897410649	

	
    Current index:	39501	
    Magnitude of W_grad:	10.06	
    Magnitude of W:	59195.755470694	
    Magnitude of B_grad:	0.24	
    Magnitude of b:	4.9575541408675	

	
    Current index:	49501	
    Magnitude of W_grad:	10.992	
    Magnitude of W:	59114.686226134	
    Magnitude of B_grad:	0.36	
    Magnitude of b:	5.1101849665121	

	
    Current index:	59501	
    Magnitude of W_grad:	10.444	
    Magnitude of W:	59035.877769025	
    Magnitude of B_grad:	0.336	
    Magnitude of b:	4.919003305775	

	
    Current index:	69501	
    Magnitude of W_grad:	8.2399999999998	
    Magnitude of W:	58956.665459526	
    Magnitude of B_grad:	0.124	
    Magnitude of b:	5.061809726586	

	
    Current index:	79501	
    Magnitude of W_grad:	8.8559999999999	
    Magnitude of W:	58877.524521454	
    Magnitude of B_grad:	0.088	
    Magnitude of b:	5.1723466136616	

	
    Current index:	89501	
    Magnitude of W_grad:	9.0279999999999	
    Magnitude of W:	58799.051563365	
    Magnitude of B_grad:	0.096	
    Magnitude of b:	5.2567782791956	

	
SGD: Hinge Loss is	
984951.45438161	
SGD: Validation Accuracy is:	
0.23160762942779	
SGD: Magnitude of W:	
58768.23553172	
SGD: Magnitude of b:	
4.8971142904866	
    Current index:	9501	
    Magnitude of W_grad:	10.18	
    Magnitude of W:	58690.778557203	
    Magnitude of B_grad:	0.172	
    Magnitude of b:	4.813005539851	

	
    Current index:	19501	
    Magnitude of W_grad:	9.3399999999999	
    Magnitude of W:	58612.615967727	
    Magnitude of B_grad:	0.192	
    Magnitude of b:	5.0597534401816	

	
    Current index:	29501	
    Magnitude of W_grad:	9.3039999999999	
    Magnitude of W:	58536.752920045	
    Magnitude of B_grad:	0.136	
    Magnitude of b:	5.1403175195492	

	
    Current index:	39501	
    Magnitude of W_grad:	10.204	
    Magnitude of W:	58459.595266999	
    Magnitude of B_grad:	0.244	
    Magnitude of b:	5.4326751106908	

	
    Current index:	49501	
    Magnitude of W_grad:	10.588	
    Magnitude of W:	58380.531963844	
    Magnitude of B_grad:	0.34	
    Magnitude of b:	5.4928428152833	

	
    Current index:	59501	
    Magnitude of W_grad:	10.46	
    Magnitude of W:	58303.340599427	
    Magnitude of B_grad:	0.344	
    Magnitude of b:	5.2772500958774	

	
    Current index:	69501	
    Magnitude of W_grad:	8.2239999999998	
    Magnitude of W:	58225.563618051	
    Magnitude of B_grad:	0.116	
    Magnitude of b:	5.3916806027795	

	
    Current index:	79501	
    Magnitude of W_grad:	8.6679999999999	
    Magnitude of W:	58147.960736011	
    Magnitude of B_grad:	0.108	
    Magnitude of b:	5.4638649371345	

	
    Current index:	89501	
    Magnitude of W_grad:	8.9159999999999	
    Magnitude of W:	58071.101134242	
    Magnitude of B_grad:	0.108	
    Magnitude of b:	5.5739660961893	

	
SGD: Hinge Loss is	
954979.13350871	
SGD: Validation Accuracy is:	
0.23433242506812	
SGD: Magnitude of W:	
58041.098738519	
SGD: Magnitude of b:	
5.1049001643064	
    Current index:	9501	
    Magnitude of W_grad:	10.092	
    Magnitude of W:	57965.248546261	
    Magnitude of B_grad:	0.164	
    Magnitude of b:	5.1434100759696	

	
    Current index:	19501	
    Magnitude of W_grad:	9.1799999999999	
    Magnitude of W:	57888.947325394	
    Magnitude of B_grad:	0.172	
    Magnitude of b:	5.3698133922689	

	
    Current index:	29501	
    Magnitude of W_grad:	9.2559999999999	
    Magnitude of W:	57814.688989803	
    Magnitude of B_grad:	0.132	
    Magnitude of b:	5.4040617699521	

	
    Current index:	39501	
    Magnitude of W_grad:	9.8839999999999	
    Magnitude of W:	57738.955385689	
    Magnitude of B_grad:	0.204	
    Magnitude of b:	5.7041082610244	

	
    Current index:	49501	
    Magnitude of W_grad:	10.62	
    Magnitude of W:	57661.358778836	
    Magnitude of B_grad:	0.34	
    Magnitude of b:	5.7060087713325	

	
    Current index:	59501	
    Magnitude of W_grad:	10.472	
    Magnitude of W:	57585.932050687	
    Magnitude of B_grad:	0.364	
    Magnitude of b:	5.4601841635535	

	
    Current index:	69501	
    Magnitude of W_grad:	8.2199999999998	
    Magnitude of W:	57509.978274811	
    Magnitude of B_grad:	0.12	
    Magnitude of b:	5.6023817429655	

	
    Current index:	79501	
    Magnitude of W_grad:	8.5239999999999	
    Magnitude of W:	57434.44641231	
    Magnitude of B_grad:	0.092	
    Magnitude of b:	5.6583414150774	

	
    Current index:	89501	
    Magnitude of W_grad:	8.8799999999999	
    Magnitude of W:	57359.32992639	
    Magnitude of B_grad:	0.084	
    Magnitude of b:	5.7542492215505	

	
SGD: Hinge Loss is	
926946.04516777	
SGD: Validation Accuracy is:	
0.23887375113533	
SGD: Magnitude of W:	
57329.917697126	
SGD: Magnitude of b:	
5.291106903325	
    Current index:	9501	
    Magnitude of W_grad:	10.02	
    Magnitude of W:	57255.377327742	
    Magnitude of B_grad:	0.156	
    Magnitude of b:	5.3074516206855	

	
    Current index:	19501	
    Magnitude of W_grad:	9.2919999999999	
    Magnitude of W:	57180.638820518	
    Magnitude of B_grad:	0.144	
    Magnitude of b:	5.5096955765593	

	
    Current index:	29501	
    Magnitude of W_grad:	8.9919999999999	
    Magnitude of W:	57107.820608271	
    Magnitude of B_grad:	0.088	
    Magnitude of b:	5.5337864715211	

	
    Current index:	39501	
    Magnitude of W_grad:	9.9239999999999	
    Magnitude of W:	57032.999350462	
    Magnitude of B_grad:	0.228	
    Magnitude of b:	5.835685152703	

	
    Current index:	49501	
    Magnitude of W_grad:	10.544	
    Magnitude of W:	56957.354012295	
    Magnitude of B_grad:	0.328	
    Magnitude of b:	5.83344580469	

	
    Current index:	59501	
    Magnitude of W_grad:	10.472	
    Magnitude of W:	56883.45362073	
    Magnitude of B_grad:	0.356	
    Magnitude of b:	5.5894834098333	

	
    Current index:	69501	
    Magnitude of W_grad:	8.2079999999999	
    Magnitude of W:	56809.113729973	
    Magnitude of B_grad:	0.116	
    Magnitude of b:	5.6955654577475	

	
    Current index:	79501	
    Magnitude of W_grad:	8.4119999999999	
    Magnitude of W:	56735.062537194	
    Magnitude of B_grad:	0.064	
    Magnitude of b:	5.7374256305895	

	
    Current index:	89501	
    Magnitude of W_grad:	8.5799999999999	
    Magnitude of W:	56661.18458322	
    Magnitude of B_grad:	0.092	
    Magnitude of b:	5.8152675704376	

	
SGD: Hinge Loss is	
901217.86166652	
SGD: Validation Accuracy is:	
0.24977293369664	
SGD: Magnitude of W:	
56632.425122455	
SGD: Magnitude of b:	
5.3303931145528	
    Current index:	9501	
    Magnitude of W_grad:	9.9759999999999	
    Magnitude of W:	56558.74983243	
    Magnitude of B_grad:	0.16	
    Magnitude of b:	5.3546925696443	

	
    Current index:	19501	
    Magnitude of W_grad:	8.9159999999999	
    Magnitude of W:	56485.307927791	
    Magnitude of B_grad:	0.128	
    Magnitude of b:	5.5368941967817	

	
    Current index:	29501	
    Magnitude of W_grad:	8.7199999999999	
    Magnitude of W:	56413.704514377	
    Magnitude of B_grad:	0.08	
    Magnitude of b:	5.5529534854742	

	
    Current index:	39501	
    Magnitude of W_grad:	9.9439999999999	
    Magnitude of W:	56339.983850261	
    Magnitude of B_grad:	0.22	
    Magnitude of b:	5.8688281749531	

	
    Current index:	49501	
    Magnitude of W_grad:	10.512	
    Magnitude of W:	56265.614644198	
    Magnitude of B_grad:	0.34	
    Magnitude of b:	5.8425686016883	

	
    Current index:	59501	
    Magnitude of W_grad:	10.412	
    Magnitude of W:	56193.223771615	
    Magnitude of B_grad:	0.364	
    Magnitude of b:	5.5925775650226	

	
    Current index:	69501	
    Magnitude of W_grad:	8.2319999999999	
    Magnitude of W:	56120.304678794	
    Magnitude of B_grad:	0.124	
    Magnitude of b:	5.7026414655684	

	
    Current index:	79501	
    Magnitude of W_grad:	8.1919999999999	
    Magnitude of W:	56047.755879216	
    Magnitude of B_grad:	0.052	
    Magnitude of b:	5.7464835113435	

	
    Current index:	89501	
    Magnitude of W_grad:	8.2199999999998	
    Magnitude of W:	55975.196516285	
    Magnitude of B_grad:	0.104	
    Magnitude of b:	5.8243127904435	

	
SGD: Hinge Loss is	
877115.23841042	
SGD: Validation Accuracy is:	
0.25068119891008	
SGD: Magnitude of W:	
55946.918834108	
SGD: Magnitude of b:	
5.3274358586568	
    Current index:	9501	
    Magnitude of W_grad:	9.9079999999999	
    Magnitude of W:	55874.426534138	
    Magnitude of B_grad:	0.152	
    Magnitude of b:	5.3417414620241	

	
    Current index:	19501	
    Magnitude of W_grad:	8.6039999999999	
    Magnitude of W:	55802.301926772	
    Magnitude of B_grad:	0.1	
    Magnitude of b:	5.5339455976032	

	
    Current index:	29501	
    Magnitude of W_grad:	8.4159999999999	
    Magnitude of W:	55731.996832475	
    Magnitude of B_grad:	0.072	
    Magnitude of b:	5.5459975699777	

	
    Current index:	39501	
    Magnitude of W_grad:	9.6999999999999	
    Magnitude of W:	55659.687842009	
    Magnitude of B_grad:	0.192	
    Magnitude of b:	5.8738584366215	

	
    Current index:	49501	
    Magnitude of W_grad:	10.452	
    Magnitude of W:	55586.574069905	
    Magnitude of B_grad:	0.34	
    Magnitude of b:	5.823599793749	

	
    Current index:	59501	
    Magnitude of W_grad:	10.472	
    Magnitude of W:	55515.367922373	
    Magnitude of B_grad:	0.38	
    Magnitude of b:	5.5936205766658	

	
    Current index:	69501	
    Magnitude of W_grad:	8.2399999999999	
    Magnitude of W:	55444.068138572	
    Magnitude of B_grad:	0.124	
    Magnitude of b:	5.6856787734023	

	
    Current index:	79501	
    Magnitude of W_grad:	7.8759999999998	
    Magnitude of W:	55373.046852829	
    Magnitude of B_grad:	0.048	
    Magnitude of b:	5.741528891904	

	
    Current index:	89501	
    Magnitude of W_grad:	7.8519999999998	
    Magnitude of W:	55301.625657296	
    Magnitude of B_grad:	0.088	
    Magnitude of b:	5.8133706174392	

	
SGD: Hinge Loss is	
854317.1779735	
SGD: Validation Accuracy is:	
0.25431425976385	
SGD: Magnitude of W:	
55273.948300378	
SGD: Magnitude of b:	
5.3062122261735	
    Current index:	9501	
    Magnitude of W_grad:	9.5839999999999	
    Magnitude of W:	55202.660782114	
    Magnitude of B_grad:	0.14	
    Magnitude of b:	5.3225401718923	

	
    Current index:	19501	
    Magnitude of W_grad:	8.4839999999999	
    Magnitude of W:	55131.771795441	
    Magnitude of B_grad:	0.084	
    Magnitude of b:	5.4907720738471	

	
    Current index:	29501	
    Magnitude of W_grad:	8.4319999999999	
    Magnitude of W:	55062.557810096	
    Magnitude of B_grad:	0.084	
    Magnitude of b:	5.5168527408795	

	
    Current index:	39501	
    Magnitude of W_grad:	9.6119999999999	
    Magnitude of W:	54991.401476462	
    Magnitude of B_grad:	0.176	
    Magnitude of b:	5.8267540199234	

	
    Current index:	49501	
    Magnitude of W_grad:	10.144	
    Magnitude of W:	54919.544880064	
    Magnitude of B_grad:	0.332	
    Magnitude of b:	5.7785441793992	

	
    Current index:	59501	
    Magnitude of W_grad:	10.568	
    Magnitude of W:	54849.417248468	
    Magnitude of B_grad:	0.388	
    Magnitude of b:	5.5706030321759	

	
    Current index:	69501	
    Magnitude of W_grad:	8.1759999999999	
    Magnitude of W:	54779.237771473	
    Magnitude of B_grad:	0.128	
    Magnitude of b:	5.6666763038557	

	
    Current index:	79501	
    Magnitude of W_grad:	8.0799999999999	
    Magnitude of W:	54709.273152181	
    Magnitude of B_grad:	0.04	
    Magnitude of b:	5.694561559417	

	
    Current index:	89501	
    Magnitude of W_grad:	7.8239999999998	
    Magnitude of W:	54639.050007408	
    Magnitude of B_grad:	0.092	
    Magnitude of b:	5.7564529038271	

	
SGD: Hinge Loss is	
833315.35694979	
SGD: Validation Accuracy is:	
0.25885558583106	
SGD: Magnitude of W:	
54611.913311792	
SGD: Magnitude of b:	
5.2533169084682	
    Current index:	9501	
    Magnitude of W_grad:	9.3239999999999	
    Magnitude of W:	54541.777132913	
    Magnitude of B_grad:	0.156	
    Magnitude of b:	5.2996908691935	

	
    Current index:	19501	
    Magnitude of W_grad:	8.6479999999999	
    Magnitude of W:	54471.908880162	
    Magnitude of B_grad:	0.092	
    Magnitude of b:	5.4879403334355	

	
    Current index:	29501	
    Magnitude of W_grad:	8.1759999999998	
    Magnitude of W:	54403.653500621	
    Magnitude of B_grad:	0.104	
    Magnitude of b:	5.4980426037003	

	
    Current index:	39501	
    Magnitude of W_grad:	9.6439999999999	
    Magnitude of W:	54333.840683458	
    Magnitude of B_grad:	0.18	
    Magnitude of b:	5.8079661040454	

	
    Current index:	49501	
    Magnitude of W_grad:	9.9559999999999	
    Magnitude of W:	54263.092214257	
    Magnitude of B_grad:	0.324	
    Magnitude of b:	5.7537756850428	

	
    Current index:	59501	
    Magnitude of W_grad:	10.48	
    Magnitude of W:	54193.788889614	
    Magnitude of B_grad:	0.38	
    Magnitude of b:	5.5438548989756	

	
    Current index:	69501	
    Magnitude of W_grad:	8.1359999999999	
    Magnitude of W:	54124.515034071	
    Magnitude of B_grad:	0.124	
    Magnitude of b:	5.639956519427	

	
    Current index:	79501	
    Magnitude of W_grad:	8.2079999999999	
    Magnitude of W:	54055.614994513	
    Magnitude of B_grad:	0.028	
    Magnitude of b:	5.6798724413083	

	
    Current index:	89501	
    Magnitude of W_grad:	7.6239999999998	
    Magnitude of W:	53986.657536514	
    Magnitude of B_grad:	0.06	
    Magnitude of b:	5.7397837440554	

	
SGD: Hinge Loss is	
812791.00916424	
SGD: Validation Accuracy is:	
0.25794732061762	
SGD: Magnitude of W:	
53959.927722735	
SGD: Magnitude of b:	
5.1972415610461	
    Current index:	9501	
    Magnitude of W_grad:	9.0479999999999	
    Magnitude of W:	53890.818458017	
    Magnitude of B_grad:	0.136	
    Magnitude of b:	5.2736645039696	

	
    Current index:	19501	
    Magnitude of W_grad:	8.2839999999998	
    Magnitude of W:	53821.970407831	
    Magnitude of B_grad:	0.084	
    Magnitude of b:	5.4479531846276	

	
    Current index:	29501	
    Magnitude of W_grad:	8.1039999999999	
    Magnitude of W:	53754.771123231	
    Magnitude of B_grad:	0.132	
    Magnitude of b:	5.4520877953431	

	
    Current index:	39501	
    Magnitude of W_grad:	9.6439999999999	
    Magnitude of W:	53686.008413762	
    Magnitude of B_grad:	0.184	
    Magnitude of b:	5.7560633583814	

	
    Current index:	49501	
    Magnitude of W_grad:	9.9559999999999	
    Magnitude of W:	53616.357540301	
    Magnitude of B_grad:	0.304	
    Magnitude of b:	5.6979290019571	

	
    Current index:	59501	
    Magnitude of W_grad:	10.604	
    Magnitude of W:	53548.251628435	
    Magnitude of B_grad:	0.372	
    Magnitude of b:	5.4740704126252	

	
    Current index:	69501	
    Magnitude of W_grad:	8.0759999999998	
    Magnitude of W:	53479.991179992	
    Magnitude of B_grad:	0.12	
    Magnitude of b:	5.5802356571146	

	
    Current index:	79501	
    Magnitude of W_grad:	8.1559999999999	
    Magnitude of W:	53412.154585157	
    Magnitude of B_grad:	0.02	
    Magnitude of b:	5.6242075545472	

	
    Current index:	89501	
    Magnitude of W_grad:	7.4519999999998	
    Magnitude of W:	53344.271635465	
    Magnitude of B_grad:	0.068	
    Magnitude of b:	5.6681852387797	

	
SGD: Hinge Loss is	
792917.41399865	
SGD: Validation Accuracy is:	
0.26339691189827	
SGD: Magnitude of W:	
53317.954981242	
SGD: Magnitude of b:	
5.1822132769767	
    Current index:	9501	
    Magnitude of W_grad:	8.9359999999999	
    Magnitude of W:	53249.901413706	
    Magnitude of B_grad:	0.144	
    Magnitude of b:	5.2186786460543	

	
    Current index:	19501	
    Magnitude of W_grad:	8.3799999999998	
    Magnitude of W:	53182.285136893	
    Magnitude of B_grad:	0.092	
    Magnitude of b:	5.3910265755501	

	
    Current index:	29501	
    Magnitude of W_grad:	8.2319999999998	
    Magnitude of W:	53116.125537567	
    Magnitude of B_grad:	0.14	
    Magnitude of b:	5.4112185537571	

	
    Current index:	39501	
    Magnitude of W_grad:	9.3679999999999	
    Magnitude of W:	53048.310505443	
    Magnitude of B_grad:	0.168	
    Magnitude of b:	5.7152409623616	

	
    Current index:	49501	
    Magnitude of W_grad:	9.8559999999999	
    Magnitude of W:	52979.932309253	
    Magnitude of B_grad:	0.32	
    Magnitude of b:	5.6351587393175	

	
    Current index:	59501	
    Magnitude of W_grad:	10.392	
    Magnitude of W:	52912.682329719	
    Magnitude of B_grad:	0.368	
    Magnitude of b:	5.41736012843	

	
    Current index:	69501	
    Magnitude of W_grad:	8.0319999999998	
    Magnitude of W:	52845.524118431	
    Magnitude of B_grad:	0.128	
    Magnitude of b:	5.5175824051692	

	
    Current index:	79501	
    Magnitude of W_grad:	8.2359999999999	
    Magnitude of W:	52778.727587978	
    Magnitude of B_grad:	0.032	
    Magnitude of b:	5.5476212033476	

	
    Current index:	89501	
    Magnitude of W_grad:	7.3119999999998	
    Magnitude of W:	52711.889350155	
    Magnitude of B_grad:	0.06	
    Magnitude of b:	5.5936749000934	

	
SGD: Hinge Loss is	
773981.72564976	
SGD: Validation Accuracy is:	
0.26702997275204	
SGD: Magnitude of W:	
52686.071624868	
SGD: Magnitude of b:	
5.0826088801445	
    Current index:	9501	
    Magnitude of W_grad:	8.5839999999999	
    Magnitude of W:	52619.105778957	
    Magnitude of B_grad:	0.128	
    Magnitude of b:	5.1451539092254	

	
    Current index:	19501	
    Magnitude of W_grad:	8.0679999999998	
    Magnitude of W:	52552.429793133	
    Magnitude of B_grad:	0.088	
    Magnitude of b:	5.3215744755112	

	
    Current index:	29501	
    Magnitude of W_grad:	8.1199999999999	
    Magnitude of W:	52487.276265801	
    Magnitude of B_grad:	0.128	
    Magnitude of b:	5.3478358095986	

	
    Current index:	39501	
    Magnitude of W_grad:	9.2399999999999	
    Magnitude of W:	52420.3895212	
    Magnitude of B_grad:	0.152	
    Magnitude of b:	5.6459223750594	

	
    Current index:	49501	
    Magnitude of W_grad:	9.9119999999999	
    Magnitude of W:	52353.018003968	
    Magnitude of B_grad:	0.332	
    Magnitude of b:	5.5619108596174	

	
    Current index:	59501	
    Magnitude of W_grad:	9.9279999999999	
    Magnitude of W:	52286.638019666	
    Magnitude of B_grad:	0.352	
    Magnitude of b:	5.3621833067124	

	
    Current index:	69501	
    Magnitude of W_grad:	7.9799999999998	
    Magnitude of W:	52220.623509428	
    Magnitude of B_grad:	0.112	
    Magnitude of b:	5.4624622594647	

	
    Current index:	79501	
    Magnitude of W_grad:	8.2799999999999	
    Magnitude of W:	52154.953824533	
    Magnitude of B_grad:	0.028	
    Magnitude of b:	5.504554894679	

	
    Current index:	89501	
    Magnitude of W_grad:	7.2639999999999	
    Magnitude of W:	52089.100695863	
    Magnitude of B_grad:	0.068	
    Magnitude of b:	5.5306700615679	

	
SGD: Hinge Loss is	
756140.44310779	
SGD: Validation Accuracy is:	
0.26975476839237	
SGD: Magnitude of W:	
52063.663054492	
SGD: Magnitude of b:	
5.0427563199916	
    Current index:	9501	
    Magnitude of W_grad:	8.1479999999998	
    Magnitude of W:	51997.74525874	
    Magnitude of B_grad:	0.124	
    Magnitude of b:	5.0913574647199	

	
    Current index:	19501	
    Magnitude of W_grad:	8.2079999999998	
    Magnitude of W:	51932.104434442	
    Magnitude of B_grad:	0.092	
    Magnitude of b:	5.2798313091415	

	
    Current index:	29501	
    Magnitude of W_grad:	8.0239999999999	
    Magnitude of W:	51867.771270045	
    Magnitude of B_grad:	0.128	
    Magnitude of b:	5.2921444791151	

	
    Current index:	39501	
    Magnitude of W_grad:	9.2759999999999	
    Magnitude of W:	51801.988611709	
    Magnitude of B_grad:	0.16	
    Magnitude of b:	5.5962916866042	

	
    Current index:	49501	
    Magnitude of W_grad:	9.4799999999999	
    Magnitude of W:	51735.873415973	
    Magnitude of B_grad:	0.3	
    Magnitude of b:	5.4903479049122	

	
    Current index:	59501	
    Magnitude of W_grad:	9.7559999999999	
    Magnitude of W:	51670.431465502	
    Magnitude of B_grad:	0.348	
    Magnitude of b:	5.2926911073612	

	
    Current index:	69501	
    Magnitude of W_grad:	7.9039999999998	
    Magnitude of W:	51605.424603672	
    Magnitude of B_grad:	0.112	
    Magnitude of b:	5.3890412750214	

	
    Current index:	79501	
    Magnitude of W_grad:	8.1799999999999	
    Magnitude of W:	51540.648144666	
    Magnitude of B_grad:	0.032	
    Magnitude of b:	5.4372060086855	

	
    Current index:	89501	
    Magnitude of W_grad:	7.1159999999998	
    Magnitude of W:	51475.858205038	
    Magnitude of B_grad:	0.1	
    Magnitude of b:	5.4693864703291	

	
SGD: Hinge Loss is	
738533.56168472	
SGD: Validation Accuracy is:	
0.26702997275204	
SGD: Magnitude of W:	
51450.807191236	
SGD: Magnitude of b:	
4.9500842141535	
    Current index:	9501	
    Magnitude of W_grad:	8.2319999999999	
    Magnitude of W:	51385.788426012	
    Magnitude of B_grad:	0.132	
    Magnitude of b:	5.0307568692601	

	
    Current index:	19501	
    Magnitude of W_grad:	8.1519999999998	
    Magnitude of W:	51321.210654278	
    Magnitude of B_grad:	0.08	
    Magnitude of b:	5.2172961693223	

	
    Current index:	29501	
    Magnitude of W_grad:	7.9959999999999	
    Magnitude of W:	51257.822674186	
    Magnitude of B_grad:	0.14	
    Magnitude of b:	5.2376666097353	

	
    Current index:	39501	
    Magnitude of W_grad:	9.2599999999999	
    Magnitude of W:	51193.083166603	
    Magnitude of B_grad:	0.196	
    Magnitude of b:	5.5398745528599	

	
    Current index:	49501	
    Magnitude of W_grad:	9.3279999999999	
    Magnitude of W:	51128.169623247	
    Magnitude of B_grad:	0.292	
    Magnitude of b:	5.4359948569697	

	
    Current index:	59501	
    Magnitude of W_grad:	9.7679999999999	
    Magnitude of W:	51063.674967258	
    Magnitude of B_grad:	0.348	
    Magnitude of b:	5.2583845634234	

	
    Current index:	69501	
    Magnitude of W_grad:	7.7279999999998	
    Magnitude of W:	50999.611951412	
    Magnitude of B_grad:	0.108	
    Magnitude of b:	5.3347830044187	

	
    Current index:	79501	
    Magnitude of W_grad:	8.1399999999998	
    Magnitude of W:	50935.742367951	
    Magnitude of B_grad:	0.04	
    Magnitude of b:	5.3930055670813	

	
    Current index:	89501	
    Magnitude of W_grad:	6.8759999999998	
    Magnitude of W:	50872.009675526	
    Magnitude of B_grad:	0.064	
    Magnitude of b:	5.437229062355	

	
SGD: Hinge Loss is	
721351.7313746	
SGD: Validation Accuracy is:	
0.26248864668483	
SGD: Magnitude of W:	
50847.342760916	
SGD: Magnitude of b:	
4.9102324486447	
    Current index:	9501	
    Magnitude of W_grad:	8.0879999999998	
    Magnitude of W:	50783.428335781	
    Magnitude of B_grad:	0.124	
    Magnitude of b:	5.0089442393718	

	
    Current index:	19501	
    Magnitude of W_grad:	8.1559999999998	
    Magnitude of W:	50719.851000086	
    Magnitude of B_grad:	0.092	
    Magnitude of b:	5.1875228501623	

	
    Current index:	29501	
    Magnitude of W_grad:	7.8239999999999	
    Magnitude of W:	50657.368009752	
    Magnitude of B_grad:	0.136	
    Magnitude of b:	5.1979309569521	

	
    Current index:	39501	
    Magnitude of W_grad:	9.0999999999999	
    Magnitude of W:	50593.796655984	
    Magnitude of B_grad:	0.184	
    Magnitude of b:	5.5001786613539	

	
    Current index:	49501	
    Magnitude of W_grad:	9.3239999999999	
    Magnitude of W:	50530.011972288	
    Magnitude of B_grad:	0.288	
    Magnitude of b:	5.374352353143	

	
    Current index:	59501	
    Magnitude of W_grad:	9.6959999999999	
    Magnitude of W:	50466.160884363	
    Magnitude of B_grad:	0.348	
    Magnitude of b:	5.2147969890167	

	
    Current index:	69501	
    Magnitude of W_grad:	7.6519999999998	
    Magnitude of W:	50403.068812737	
    Magnitude of B_grad:	0.112	
    Magnitude of b:	5.2912389822366	

	
    Current index:	79501	
    Magnitude of W_grad:	8.1799999999999	
    Magnitude of W:	50340.211891145	
    Magnitude of B_grad:	0.044	
    Magnitude of b:	5.3295090046355	

	
    Current index:	89501	
    Magnitude of W_grad:	6.8199999999998	
    Magnitude of W:	50277.323805349	
    Magnitude of B_grad:	0.092	
    Magnitude of b:	5.357793788946	

	
SGD: Hinge Loss is	
704768.7072078	
SGD: Validation Accuracy is:	
0.26702997275204	
SGD: Magnitude of W:	
50252.888577728	
SGD: Magnitude of b:	
4.8799539097636	
    Current index:	9501	
    Magnitude of W_grad:	8.2839999999998	
    Magnitude of W:	50190.07000171	
    Magnitude of B_grad:	0.152	
    Magnitude of b:	4.9607172552908	

	
    Current index:	19501	
    Magnitude of W_grad:	8.0799999999998	
    Magnitude of W:	50127.349523461	
    Magnitude of B_grad:	0.104	
    Magnitude of b:	5.1213619918799	

	
    Current index:	29501	
    Magnitude of W_grad:	7.7439999999998	
    Magnitude of W:	50065.734620848	
    Magnitude of B_grad:	0.136	
    Magnitude of b:	5.1498237653448	

	
    Current index:	39501	
    Magnitude of W_grad:	9.0839999999999	
    Magnitude of W:	50003.15509691	
    Magnitude of B_grad:	0.188	
    Magnitude of b:	5.4361331985991	

	
    Current index:	49501	
    Magnitude of W_grad:	9.2359999999999	
    Magnitude of W:	49940.22563106	
    Magnitude of B_grad:	0.272	
    Magnitude of b:	5.3043718618834	

	
    Current index:	59501	
    Magnitude of W_grad:	9.7439999999999	
    Magnitude of W:	49877.146160563	
    Magnitude of B_grad:	0.356	
    Magnitude of b:	5.1528911158476	

	
    Current index:	69501	
    Magnitude of W_grad:	7.7599999999998	
    Magnitude of W:	49814.864013687	
    Magnitude of B_grad:	0.116	
    Magnitude of b:	5.2274050862727	

	
    Current index:	79501	
    Magnitude of W_grad:	8.0479999999998	
    Magnitude of W:	49752.853172169	
    Magnitude of B_grad:	0.036	
    Magnitude of b:	5.2837371817643	

	
    Current index:	89501	
    Magnitude of W_grad:	6.6519999999999	
    Magnitude of W:	49690.801093482	
    Magnitude of B_grad:	0.088	
    Magnitude of b:	5.3160696667978	

	
SGD: Hinge Loss is	
689179.41652344	
SGD: Validation Accuracy is:	
0.26975476839237	
SGD: Magnitude of W:	
49666.661023604	
SGD: Magnitude of b:	
4.8339574208293	
    Current index:	9501	
    Magnitude of W_grad:	8.0999999999998	
    Magnitude of W:	49604.739029833	
    Magnitude of B_grad:	0.168	
    Magnitude of b:	4.9067759690208	

	
    Current index:	19501	
    Magnitude of W_grad:	7.7759999999998	
    Magnitude of W:	49542.903189424	
    Magnitude of B_grad:	0.1	
    Magnitude of b:	5.0754803326736	

	
    Current index:	29501	
    Magnitude of W_grad:	7.6439999999998	
    Magnitude of W:	49482.193963795	
    Magnitude of B_grad:	0.132	
    Magnitude of b:	5.0740155550029	

	
    Current index:	39501	
    Magnitude of W_grad:	8.5879999999999	
    Magnitude of W:	49420.459511455	
    Magnitude of B_grad:	0.148	
    Magnitude of b:	5.3603950441589	

	
    Current index:	49501	
    Magnitude of W_grad:	9.2159999999999	
    Magnitude of W:	49358.405229129	
    Magnitude of B_grad:	0.276	
    Magnitude of b:	5.2347060380924	

	
    Current index:	59501	
    Magnitude of W_grad:	9.6159999999999	
    Magnitude of W:	49296.27083171	
    Magnitude of B_grad:	0.348	
    Magnitude of b:	5.0932957285826	

	
    Current index:	69501	
    Magnitude of W_grad:	7.5279999999998	
    Magnitude of W:	49234.878436563	
    Magnitude of B_grad:	0.136	
    Magnitude of b:	5.1538711995537	

	
    Current index:	79501	
    Magnitude of W_grad:	8.0519999999998	
    Magnitude of W:	49173.695747346	
    Magnitude of B_grad:	0.036	
    Magnitude of b:	5.198282562963	

	
    Current index:	89501	
    Magnitude of W_grad:	6.7199999999998	
    Magnitude of W:	49112.386353649	
    Magnitude of B_grad:	0.108	
    Magnitude of b:	5.2447005285044	

	
SGD: Hinge Loss is	
674106.54451985	
SGD: Validation Accuracy is:	
0.27338782924614	
SGD: Magnitude of W:	
49088.640361326	
SGD: Magnitude of b:	
4.7529082218601	
    Current index:	9501	
    Magnitude of W_grad:	7.8999999999998	
    Magnitude of W:	49027.631210705	
    Magnitude of B_grad:	0.16	
    Magnitude of b:	4.8557834126535	

	
    Current index:	19501	
    Magnitude of W_grad:	7.8279999999998	
    Magnitude of W:	48966.735666474	
    Magnitude of B_grad:	0.112	
    Magnitude of b:	5.0285403039455	

	
    Current index:	29501	
    Magnitude of W_grad:	7.5439999999998	
    Magnitude of W:	48906.706389089	
    Magnitude of B_grad:	0.132	
    Magnitude of b:	5.0211292803029	

	
    Current index:	39501	
    Magnitude of W_grad:	8.5199999999999	
    Magnitude of W:	48845.973351648	
    Magnitude of B_grad:	0.136	
    Magnitude of b:	5.29357068819	

	
    Current index:	49501	
    Magnitude of W_grad:	8.9759999999999	
    Magnitude of W:	48784.914437072	
    Magnitude of B_grad:	0.26	
    Magnitude of b:	5.1559528245596	

	
    Current index:	59501	
    Magnitude of W_grad:	9.5319999999999	
    Magnitude of W:	48723.599669212	
    Magnitude of B_grad:	0.348	
    Magnitude of b:	5.0186150749283	

	
    Current index:	69501	
    Magnitude of W_grad:	7.7079999999998	
    Magnitude of W:	48663.061576166	
    Magnitude of B_grad:	0.136	
    Magnitude of b:	5.0892622803736	

	
    Current index:	79501	
    Magnitude of W_grad:	7.9759999999998	
    Magnitude of W:	48602.693133811	
    Magnitude of B_grad:	0.024	
    Magnitude of b:	5.1357417798218	

	
    Current index:	89501	
    Magnitude of W_grad:	6.7159999999998	
    Magnitude of W:	48542.355792344	
    Magnitude of B_grad:	0.088	
    Magnitude of b:	5.1722352854074	

	
SGD: Hinge Loss is	
658626.81766331	
SGD: Validation Accuracy is:	
0.27883742052679	
SGD: Magnitude of W:	
48518.872430238	
SGD: Magnitude of b:	
4.7038903475118	
    Current index:	9501	
    Magnitude of W_grad:	7.8799999999998	
    Magnitude of W:	48458.792904545	
    Magnitude of B_grad:	0.156	
    Magnitude of b:	4.8048304789323	

	
    Current index:	19501	
    Magnitude of W_grad:	7.6359999999998	
    Magnitude of W:	48398.706370583	
    Magnitude of B_grad:	0.104	
    Magnitude of b:	4.9576547002912	

	
    Current index:	29501	
    Magnitude of W_grad:	7.3319999999999	
    Magnitude of W:	48339.408453509	
    Magnitude of B_grad:	0.12	
    Magnitude of b:	4.9803004653852	

	
    Current index:	39501	
    Magnitude of W_grad:	8.5679999999999	
    Magnitude of W:	48279.496306499	
    Magnitude of B_grad:	0.152	
    Magnitude of b:	5.2347865396324	

	
    Current index:	49501	
    Magnitude of W_grad:	8.9679999999999	
    Magnitude of W:	48219.383814112	
    Magnitude of B_grad:	0.256	
    Magnitude of b:	5.1032281353597	

	
    Current index:	59501	
    Magnitude of W_grad:	9.4839999999999	
    Magnitude of W:	48158.936597536	
    Magnitude of B_grad:	0.336	
    Magnitude of b:	4.9759476443298	

	
    Current index:	69501	
    Magnitude of W_grad:	7.5439999999998	
    Magnitude of W:	48099.170306631	
    Magnitude of B_grad:	0.136	
    Magnitude of b:	5.0366463907687	

	
    Current index:	79501	
    Magnitude of W_grad:	7.9519999999998	
    Magnitude of W:	48039.574072728	
    Magnitude of B_grad:	0.036	
    Magnitude of b:	5.0631883752694	

	
    Current index:	89501	
    Magnitude of W_grad:	6.4839999999998	
    Magnitude of W:	47980.080037733	
    Magnitude of B_grad:	0.084	
    Magnitude of b:	5.0997565768909	

	
SGD: Hinge Loss is	
644008.86551779	
SGD: Validation Accuracy is:	
0.27974568574024	
SGD: Magnitude of W:	
47956.937364819	
SGD: Magnitude of b:	
4.6454402558331	
    Current index:	9501	
    Magnitude of W_grad:	7.7999999999998	
    Magnitude of W:	47897.558881453	
    Magnitude of B_grad:	0.128	
    Magnitude of b:	4.7504342554015	

	
    Current index:	19501	
    Magnitude of W_grad:	7.6159999999998	
    Magnitude of W:	47838.281786882	
    Magnitude of B_grad:	0.112	
    Magnitude of b:	4.8973180562394	

	
    Current index:	29501	
    Magnitude of W_grad:	7.2879999999999	
    Magnitude of W:	47779.732308695	
    Magnitude of B_grad:	0.132	
    Magnitude of b:	4.9300206677881	

	
    Current index:	39501	
    Magnitude of W_grad:	8.5399999999999	
    Magnitude of W:	47720.699391364	
    Magnitude of B_grad:	0.16	
    Magnitude of b:	5.1925557310962	

	
    Current index:	49501	
    Magnitude of W_grad:	8.8199999999999	
    Magnitude of W:	47661.431692869	
    Magnitude of B_grad:	0.268	
    Magnitude of b:	5.0410511777747	

	
    Current index:	59501	
    Magnitude of W_grad:	8.8679999999999	
    Magnitude of W:	47601.731599766	
    Magnitude of B_grad:	0.312	
    Magnitude of b:	4.9138321674292	

	
    Current index:	69501	
    Magnitude of W_grad:	7.4079999999998	
    Magnitude of W:	47542.760691936	
    Magnitude of B_grad:	0.152	
    Magnitude of b:	4.9605963871475	

	
    Current index:	79501	
    Magnitude of W_grad:	7.9239999999998	
    Magnitude of W:	47483.979559518	
    Magnitude of B_grad:	0.048	
    Magnitude of b:	5.0032112487356	

	
    Current index:	89501	
    Magnitude of W_grad:	6.2959999999998	
    Magnitude of W:	47425.350699198	
    Magnitude of B_grad:	0.084	
    Magnitude of b:	5.0358423213267	

	
SGD: Hinge Loss is	
631174.3392858	
SGD: Validation Accuracy is:	
0.28247048138056	
SGD: Magnitude of W:	
47402.640488673	
SGD: Magnitude of b:	
4.5584280557307	
    Current index:	9501	
    Magnitude of W_grad:	7.6159999999998	
    Magnitude of W:	47343.979144547	
    Magnitude of B_grad:	0.108	
    Magnitude of b:	4.6834948908621	

	
    Current index:	19501	
    Magnitude of W_grad:	7.5679999999998	
    Magnitude of W:	47285.55047629	
    Magnitude of B_grad:	0.12	
    Magnitude of b:	4.8284472871089	

	
    Current index:	29501	
    Magnitude of W_grad:	7.3199999999999	
    Magnitude of W:	47227.723772654	
    Magnitude of B_grad:	0.132	
    Magnitude of b:	4.8592201287468	

	
    Current index:	39501	
    Magnitude of W_grad:	8.1239999999999	
    Magnitude of W:	47169.547004564	
    Magnitude of B_grad:	0.132	
    Magnitude of b:	5.1298257717739	

	
    Current index:	49501	
    Magnitude of W_grad:	8.7759999999999	
    Magnitude of W:	47111.056129778	
    Magnitude of B_grad:	0.26	
    Magnitude of b:	4.9643871358677	

	
    Current index:	59501	
    Magnitude of W_grad:	8.4599999999999	
    Magnitude of W:	47052.138791455	
    Magnitude of B_grad:	0.284	
    Magnitude of b:	4.8472376000526	

	
    Current index:	69501	
    Magnitude of W_grad:	7.3559999999998	
    Magnitude of W:	46994.031437864	
    Magnitude of B_grad:	0.14	
    Magnitude of b:	4.9060707932987	

	
    Current index:	79501	
    Magnitude of W_grad:	7.8599999999998	
    Magnitude of W:	46935.980893634	
    Magnitude of B_grad:	0.044	
    Magnitude of b:	4.9327487898149	

	
    Current index:	89501	
    Magnitude of W_grad:	6.2359999999998	
    Magnitude of W:	46878.185315006	
    Magnitude of B_grad:	0.1	
    Magnitude of b:	4.9594492299864	

	
SGD: Hinge Loss is	
617385.58370779	
SGD: Validation Accuracy is:	
0.28701180744777	
SGD: Magnitude of W:	
46855.694223113	
SGD: Magnitude of b:	
4.4934872159937	
    Current index:	9501	
    Magnitude of W_grad:	7.4199999999998	
    Magnitude of W:	46797.85469636	
    Magnitude of B_grad:	0.116	
    Magnitude of b:	4.6166259581091	

	
    Current index:	19501	
    Magnitude of W_grad:	7.4079999999998	
    Magnitude of W:	46740.421705707	
    Magnitude of B_grad:	0.116	
    Magnitude of b:	4.7656475140741	

	
    Current index:	29501	
    Magnitude of W_grad:	7.2359999999999	
    Magnitude of W:	46683.380902069	
    Magnitude of B_grad:	0.128	
    Magnitude of b:	4.7844940352398	

	
    Current index:	39501	
    Magnitude of W_grad:	7.9799999999998	
    Magnitude of W:	46625.925115792	
    Magnitude of B_grad:	0.132	
    Magnitude of b:	5.0611764816637	

	
    Current index:	49501	
    Magnitude of W_grad:	8.7439999999999	
    Magnitude of W:	46568.198615516	
    Magnitude of B_grad:	0.232	
    Magnitude of b:	4.9038034619738	

	
    Current index:	59501	
    Magnitude of W_grad:	8.4199999999999	
    Magnitude of W:	46510.062638304	
    Magnitude of B_grad:	0.276	
    Magnitude of b:	4.7867213933172	

	
    Current index:	69501	
    Magnitude of W_grad:	7.1119999999998	
    Magnitude of W:	46452.730191907	
    Magnitude of B_grad:	0.148	
    Magnitude of b:	4.8396205940113	

	
    Current index:	79501	
    Magnitude of W_grad:	7.7959999999998	
    Magnitude of W:	46395.449570971	
    Magnitude of B_grad:	0.06	
    Magnitude of b:	4.8663678372415	

	
    Current index:	89501	
    Magnitude of W_grad:	6.1959999999999	
    Magnitude of W:	46338.489629633	
    Magnitude of B_grad:	0.124	
    Magnitude of b:	4.8911471694316	

	
SGD: Hinge Loss is	
604374.71050987	
SGD: Validation Accuracy is:	
0.28701180744777	
SGD: Magnitude of W:	
46316.295942603	
SGD: Magnitude of b:	
4.4292133765283	
    Current index:	9501	
    Magnitude of W_grad:	7.3879999999998	
    Magnitude of W:	46259.239573582	
    Magnitude of B_grad:	0.132	
    Magnitude of b:	4.5764077202358	

	
    Current index:	19501	
    Magnitude of W_grad:	7.2839999999998	
    Magnitude of W:	46202.59445788	
    Magnitude of B_grad:	0.1	
    Magnitude of b:	4.7054822603334	

	
    Current index:	29501	
    Magnitude of W_grad:	7.2759999999999	
    Magnitude of W:	46146.303891407	
    Magnitude of B_grad:	0.144	
    Magnitude of b:	4.7143922790105	

	
    Current index:	39501	
    Magnitude of W_grad:	7.8599999999999	
    Magnitude of W:	46089.642976337	
    Magnitude of B_grad:	0.164	
    Magnitude of b:	5.0051438141147	

	
    Current index:	49501	
    Magnitude of W_grad:	8.5799999999999	
    Magnitude of W:	46032.648568086	
    Magnitude of B_grad:	0.252	
    Magnitude of b:	4.815847711821	

	
    Current index:	59501	
    Magnitude of W_grad:	8.4599999999999	
    Magnitude of W:	45975.454774432	
    Magnitude of B_grad:	0.28	
    Magnitude of b:	4.7148466409911	

	
    Current index:	69501	
    Magnitude of W_grad:	7.0319999999998	
    Magnitude of W:	45918.787784406	
    Magnitude of B_grad:	0.136	
    Magnitude of b:	4.7658181057459	

	
    Current index:	79501	
    Magnitude of W_grad:	7.8599999999998	
    Magnitude of W:	45862.422784759	
    Magnitude of B_grad:	0.072	
    Magnitude of b:	4.7906439425583	

	
    Current index:	89501	
    Magnitude of W_grad:	6.1639999999999	
    Magnitude of W:	45806.145173918	
    Magnitude of B_grad:	0.136	
    Magnitude of b:	4.8134991132458	

	
SGD: Hinge Loss is	
591475.28492783	
SGD: Validation Accuracy is:	
0.29155313351499	
SGD: Magnitude of W:	
45784.227789166	
SGD: Magnitude of b:	
4.3518885830287	
    Current index:	9501	
    Magnitude of W_grad:	7.2199999999998	
    Magnitude of W:	45727.868593262	
    Magnitude of B_grad:	0.12	
    Magnitude of b:	4.501164532113	

	
    Current index:	19501	
    Magnitude of W_grad:	7.1279999999998	
    Magnitude of W:	45671.942843978	
    Magnitude of B_grad:	0.092	
    Magnitude of b:	4.6323176009233	

	
    Current index:	29501	
    Magnitude of W_grad:	7.2439999999999	
    Magnitude of W:	45616.424479533	
    Magnitude of B_grad:	0.148	
    Magnitude of b:	4.6513002980158	

	
    Current index:	39501	
    Magnitude of W_grad:	7.4279999999999	
    Magnitude of W:	45560.593230955	
    Magnitude of B_grad:	0.156	
    Magnitude of b:	4.9261257168749	

	
    Current index:	49501	
    Magnitude of W_grad:	8.5079999999999	
    Magnitude of W:	45504.480408564	
    Magnitude of B_grad:	0.252	
    Magnitude of b:	4.7509038445496	

	
    Current index:	59501	
    Magnitude of W_grad:	8.2079999999998	
    Magnitude of W:	45448.067840605	
    Magnitude of B_grad:	0.256	
    Magnitude of b:	4.6559642179235	

	
    Current index:	69501	
    Magnitude of W_grad:	6.8519999999998	
    Magnitude of W:	45392.198297157	
    Magnitude of B_grad:	0.128	
    Magnitude of b:	4.7049969554019	

	
    Current index:	79501	
    Magnitude of W_grad:	7.7319999999998	
    Magnitude of W:	45336.572519743	
    Magnitude of B_grad:	0.084	
    Magnitude of b:	4.7198925435409	

	
    Current index:	89501	
    Magnitude of W_grad:	6.2239999999999	
    Magnitude of W:	45281.060689207	
    Magnitude of B_grad:	0.112	
    Magnitude of b:	4.7428226219509	

	
SGD: Hinge Loss is	
579491.3421327	
SGD: Validation Accuracy is:	
0.29336966394187	
SGD: Magnitude of W:	
45259.506892566	
SGD: Magnitude of b:	
4.3026609394643	
    Current index:	9501	
    Magnitude of W_grad:	7.1999999999998	
    Magnitude of W:	45203.91691364	
    Magnitude of B_grad:	0.12	
    Magnitude of b:	4.4479900951153	

	
    Current index:	19501	
    Magnitude of W_grad:	7.2559999999998	
    Magnitude of W:	45148.799308436	
    Magnitude of B_grad:	0.096	
    Magnitude of b:	4.5772051770304	

	
    Current index:	29501	
    Magnitude of W_grad:	7.0399999999999	
    Magnitude of W:	45093.925487109	
    Magnitude of B_grad:	0.148	
    Magnitude of b:	4.5942452288575	

	
    Current index:	39501	
    Magnitude of W_grad:	7.2159999999998	
    Magnitude of W:	45038.801381684	
    Magnitude of B_grad:	0.144	
    Magnitude of b:	4.8511417177511	

	
    Current index:	49501	
    Magnitude of W_grad:	8.5799999999999	
    Magnitude of W:	44983.593574798	
    Magnitude of B_grad:	0.256	
    Magnitude of b:	4.6959868856578	

	
    Current index:	59501	
    Magnitude of W_grad:	8.5479999999999	
    Magnitude of W:	44927.893615707	
    Magnitude of B_grad:	0.28	
    Magnitude of b:	4.6091079254771	

	
    Current index:	69501	
    Magnitude of W_grad:	6.8439999999998	
    Magnitude of W:	44872.694804044	
    Magnitude of B_grad:	0.124	
    Magnitude of b:	4.6341993480688	

	
    Current index:	79501	
    Magnitude of W_grad:	7.5639999999998	
    Magnitude of W:	44818.012883156	
    Magnitude of B_grad:	0.06	
    Magnitude of b:	4.6531654082782	

	
    Current index:	89501	
    Magnitude of W_grad:	6.0919999999999	
    Magnitude of W:	44763.244860062	
    Magnitude of B_grad:	0.108	
    Magnitude of b:	4.6861627870285	

	
SGD: Hinge Loss is	
567850.71235665	
SGD: Validation Accuracy is:	
0.29336966394187	
SGD: Magnitude of W:	
44741.866265973	
SGD: Magnitude of b:	
4.2554448182905	
    Current index:	9501	
    Magnitude of W_grad:	7.0199999999998	
    Magnitude of W:	44687.04204682	
    Magnitude of B_grad:	0.116	
    Magnitude of b:	4.3848414774927	

	
    Current index:	19501	
    Magnitude of W_grad:	7.1999999999998	
    Magnitude of W:	44632.772180618	
    Magnitude of B_grad:	0.092	
    Magnitude of b:	4.5141196128795	

	
    Current index:	29501	
    Magnitude of W_grad:	7.0999999999999	
    Magnitude of W:	44578.606066958	
    Magnitude of B_grad:	0.144	
    Magnitude of b:	4.5332298037881	

	
    Current index:	39501	
    Magnitude of W_grad:	7.0759999999999	
    Magnitude of W:	44524.15631992	
    Magnitude of B_grad:	0.128	
    Magnitude of b:	4.8101778811505	

	
    Current index:	49501	
    Magnitude of W_grad:	8.4439999999999	
    Magnitude of W:	44469.663372717	
    Magnitude of B_grad:	0.24	
    Magnitude of b:	4.641069887469	

	
    Current index:	59501	
    Magnitude of W_grad:	8.4839999999999	
    Magnitude of W:	44414.663899654	
    Magnitude of B_grad:	0.272	
    Magnitude of b:	4.5522591796917	

	
    Current index:	69501	
    Magnitude of W_grad:	6.7559999999998	
    Magnitude of W:	44360.211150685	
    Magnitude of B_grad:	0.124	
    Magnitude of b:	4.5714072477668	

	
    Current index:	79501	
    Magnitude of W_grad:	7.3759999999998	
    Magnitude of W:	44306.283160098	
    Magnitude of B_grad:	0.056	
    Magnitude of b:	4.5924346980468	

	
    Current index:	89501	
    Magnitude of W_grad:	6.1839999999999	
    Magnitude of W:	44252.311488223	
    Magnitude of B_grad:	0.076	
    Magnitude of b:	4.6414923332534	

	
SGD: Hinge Loss is	
556328.96088159	
SGD: Validation Accuracy is:	
0.29881925522253	
SGD: Magnitude of W:	
44231.332815099	
SGD: Magnitude of b:	
4.1796677707599	
    Current index:	9501	
    Magnitude of W_grad:	6.9319999999998	
    Magnitude of W:	44177.203868886	
    Magnitude of B_grad:	0.116	
    Magnitude of b:	4.3331240932724	

	
    Current index:	19501	
    Magnitude of W_grad:	7.1119999999998	
    Magnitude of W:	44123.619601581	
    Magnitude of B_grad:	0.08	
    Magnitude of b:	4.4624575589382	

	
    Current index:	29501	
    Magnitude of W_grad:	7.1079999999999	
    Magnitude of W:	44070.200297491	
    Magnitude of B_grad:	0.152	
    Magnitude of b:	4.4956175740695	

	
    Current index:	39501	
    Magnitude of W_grad:	7.2199999999999	
    Magnitude of W:	44016.64515787	
    Magnitude of B_grad:	0.148	
    Magnitude of b:	4.7606180951207	

	
    Current index:	49501	
    Magnitude of W_grad:	8.4639999999999	
    Magnitude of W:	43962.864020401	
    Magnitude of B_grad:	0.24	
    Magnitude of b:	4.5975629143949	

	
    Current index:	59501	
    Magnitude of W_grad:	8.2719999999998	
    Magnitude of W:	43908.70065883	
    Magnitude of B_grad:	0.26	
    Magnitude of b:	4.5007972755344	

	
    Current index:	69501	
    Magnitude of W_grad:	6.7839999999998	
    Magnitude of W:	43854.980665666	
    Magnitude of B_grad:	0.124	
    Magnitude of b:	4.5299927129449	

	
    Current index:	79501	
    Magnitude of W_grad:	7.4359999999998	
    Magnitude of W:	43801.806749366	
    Magnitude of B_grad:	0.048	
    Magnitude of b:	4.5470785880847	

	
    Current index:	89501	
    Magnitude of W_grad:	6.1359999999999	
    Magnitude of W:	43748.570522135	
    Magnitude of B_grad:	0.08	
    Magnitude of b:	4.5841975761408	

	
SGD: Hinge Loss is	
544432.68731902	
SGD: Validation Accuracy is:	
0.30426884650318	
SGD: Magnitude of W:	
43727.819460791	
SGD: Magnitude of b:	
4.1552357559869	
    Current index:	9501	
    Magnitude of W_grad:	7.0559999999998	
    Magnitude of W:	43674.527282665	
    Magnitude of B_grad:	0.136	
    Magnitude of b:	4.2827392027239	

	
    Current index:	19501	
    Magnitude of W_grad:	6.5439999999998	
    Magnitude of W:	43621.694212896	
    Magnitude of B_grad:	0.08	
    Magnitude of b:	4.4141240129013	

	
    Current index:	29501	
    Magnitude of W_grad:	6.9199999999999	
    Magnitude of W:	43569.04893546	
    Magnitude of B_grad:	0.152	
    Magnitude of b:	4.4493249620766	

	
    Current index:	39501	
    Magnitude of W_grad:	7.3519999999999	
    Magnitude of W:	43516.252144359	
    Magnitude of B_grad:	0.148	
    Magnitude of b:	4.7223681870593	

	
    Current index:	49501	
    Magnitude of W_grad:	8.3559999999999	
    Magnitude of W:	43463.247407834	
    Magnitude of B_grad:	0.228	
    Magnitude of b:	4.5493621787381	

	
    Current index:	59501	
    Magnitude of W_grad:	8.3039999999998	
    Magnitude of W:	43409.991438669	
    Magnitude of B_grad:	0.26	
    Magnitude of b:	4.4406561244084	

	
    Current index:	69501	
    Magnitude of W_grad:	6.7879999999998	
    Magnitude of W:	43356.851689703	
    Magnitude of B_grad:	0.124	
    Magnitude of b:	4.4759140718635	

	
    Current index:	79501	
    Magnitude of W_grad:	7.3199999999998	
    Magnitude of W:	43304.408300863	
    Magnitude of B_grad:	0.048	
    Magnitude of b:	4.4810589746462	

	
    Current index:	89501	
    Magnitude of W_grad:	6.0319999999999	
    Magnitude of W:	43251.809905584	
    Magnitude of B_grad:	0.092	
    Magnitude of b:	4.5242471765514	

	
SGD: Hinge Loss is	
533509.47756286	
SGD: Validation Accuracy is:	
0.30608537693006	
SGD: Magnitude of W:	
43231.365204908	
SGD: Magnitude of b:	
4.07018411611	
    Current index:	9501	
    Magnitude of W_grad:	6.8879999999998	
    Magnitude of W:	43178.874344937	
    Magnitude of B_grad:	0.132	
    Magnitude of b:	4.2317505086191	

	
    Current index:	19501	
    Magnitude of W_grad:	6.6759999999998	
    Magnitude of W:	43126.714304273	
    Magnitude of B_grad:	0.088	
    Magnitude of b:	4.367187309139	

	
    Current index:	29501	
    Magnitude of W_grad:	6.9199999999999	
    Magnitude of W:	43074.856671423	
    Magnitude of B_grad:	0.152	
    Magnitude of b:	4.3884537558736	

	
    Current index:	39501	
    Magnitude of W_grad:	6.8399999999999	
    Magnitude of W:	43022.757434881	
    Magnitude of B_grad:	0.1	
    Magnitude of b:	4.6515616593037	

	
    Current index:	49501	
    Magnitude of W_grad:	8.4239999999999	
    Magnitude of W:	42970.425243681	
    Magnitude of B_grad:	0.244	
    Magnitude of b:	4.4926142797914	

	
    Current index:	59501	
    Magnitude of W_grad:	8.2559999999998	
    Magnitude of W:	42917.678059126	
    Magnitude of B_grad:	0.244	
    Magnitude of b:	4.3679818493531	

	
    Current index:	69501	
    Magnitude of W_grad:	6.5759999999998	
    Magnitude of W:	42865.214763814	
    Magnitude of B_grad:	0.112	
    Magnitude of b:	4.4252972153831	

	
    Current index:	79501	
    Magnitude of W_grad:	7.3719999999998	
    Magnitude of W:	42813.381475906	
    Magnitude of B_grad:	0.068	
    Magnitude of b:	4.444489971551	

	
    Current index:	89501	
    Magnitude of W_grad:	6.0919999999999	
    Magnitude of W:	42761.419328308	
    Magnitude of B_grad:	0.108	
    Magnitude of b:	4.4737187182297	

	
SGD: Hinge Loss is	
523203.5243705	
SGD: Validation Accuracy is:	
0.30881017257039	
SGD: Magnitude of W:	
42741.276972372	
SGD: Magnitude of b:	
4.0219649835793	
    Current index:	9501	
    Magnitude of W_grad:	7.0799999999998	
    Magnitude of W:	42689.500053809	
    Magnitude of B_grad:	0.124	
    Magnitude of b:	4.1795920482686	

	
    Current index:	19501	
    Magnitude of W_grad:	6.6119999999998	
    Magnitude of W:	42638.105879514	
    Magnitude of B_grad:	0.076	
    Magnitude of b:	4.3070914833286	

	
    Current index:	29501	
    Magnitude of W_grad:	6.8799999999999	
    Magnitude of W:	42586.968274979	
    Magnitude of B_grad:	0.16	
    Magnitude of b:	4.3284212466624	

	
    Current index:	39501	
    Magnitude of W_grad:	7.0839999999999	
    Magnitude of W:	42535.452922465	
    Magnitude of B_grad:	0.136	
    Magnitude of b:	4.6155857764413	

	
    Current index:	49501	
    Magnitude of W_grad:	8.2279999999999	
    Magnitude of W:	42483.841969629	
    Magnitude of B_grad:	0.248	
    Magnitude of b:	4.4446865282346	

	
    Current index:	59501	
    Magnitude of W_grad:	8.4079999999999	
    Magnitude of W:	42431.940487969	
    Magnitude of B_grad:	0.252	
    Magnitude of b:	4.3340843442603	

	
    Current index:	69501	
    Magnitude of W_grad:	6.6679999999998	
    Magnitude of W:	42380.223709521	
    Magnitude of B_grad:	0.104	
    Magnitude of b:	4.3954404966138	

	
    Current index:	79501	
    Magnitude of W_grad:	7.1799999999998	
    Magnitude of W:	42328.998014858	
    Magnitude of B_grad:	0.06	
    Magnitude of b:	4.4126653473189	

	
    Current index:	89501	
    Magnitude of W_grad:	6.0799999999998	
    Magnitude of W:	42277.866277696	
    Magnitude of B_grad:	0.104	
    Magnitude of b:	4.4319313879237	

	
SGD: Hinge Loss is	
512317.3007302	
SGD: Validation Accuracy is:	
0.30881017257039	
SGD: Magnitude of W:	
42258.009858495	
SGD: Magnitude of b:	
3.9899046723115	
    Current index:	9501	
    Magnitude of W_grad:	6.9879999999998	
    Magnitude of W:	42206.884434367	
    Magnitude of B_grad:	0.132	
    Magnitude of b:	4.1495641549925	

	
    Current index:	19501	
    Magnitude of W_grad:	6.5839999999998	
    Magnitude of W:	42156.100283498	
    Magnitude of B_grad:	0.068	
    Magnitude of b:	4.2651053729588	

	
    Current index:	29501	
    Magnitude of W_grad:	6.8359999999999	
    Magnitude of W:	42105.644752409	
    Magnitude of B_grad:	0.152	
    Magnitude of b:	4.2884789015236	

	
    Current index:	39501	
    Magnitude of W_grad:	6.6359999999999	
    Magnitude of W:	42054.917934118	
    Magnitude of B_grad:	0.084	
    Magnitude of b:	4.5536913145769	

	
    Current index:	49501	
    Magnitude of W_grad:	8.3399999999998	
    Magnitude of W:	42004.031758277	
    Magnitude of B_grad:	0.26	
    Magnitude of b:	4.3988510036047	

	
    Current index:	59501	
    Magnitude of W_grad:	8.2119999999998	
    Magnitude of W:	41952.880333087	
    Magnitude of B_grad:	0.256	
    Magnitude of b:	4.2763121792499	

	
    Current index:	69501	
    Magnitude of W_grad:	6.5279999999998	
    Magnitude of W:	41901.84092827	
    Magnitude of B_grad:	0.104	
    Magnitude of b:	4.3377241491229	

	
    Current index:	79501	
    Magnitude of W_grad:	7.1879999999998	
    Magnitude of W:	41851.444501504	
    Magnitude of B_grad:	0.06	
    Magnitude of b:	4.3590058251689	

	
    Current index:	89501	
    Magnitude of W_grad:	5.9799999999998	
    Magnitude of W:	41800.943260075	
    Magnitude of B_grad:	0.108	
    Magnitude of b:	4.3963261727599	

	
SGD: Hinge Loss is	
501626.05930494	
SGD: Validation Accuracy is:	
0.31062670299728	
SGD: Magnitude of W:	
41781.223342288	
SGD: Magnitude of b:	
3.9583155242389	
    Current index:	9501	
    Magnitude of W_grad:	6.8479999999998	
    Magnitude of W:	41730.882804456	
    Magnitude of B_grad:	0.116	
    Magnitude of b:	4.1140166387108	

	
    Current index:	19501	
    Magnitude of W_grad:	6.5959999999998	
    Magnitude of W:	41680.796261542	
    Magnitude of B_grad:	0.068	
    Magnitude of b:	4.2216023287647	

	
    Current index:	29501	
    Magnitude of W_grad:	6.7839999999999	
    Magnitude of W:	41631.048973195	
    Magnitude of B_grad:	0.16	
    Magnitude of b:	4.2430251929648	

	
    Current index:	39501	
    Magnitude of W_grad:	6.7559999999999	
    Magnitude of W:	41581.006618477	
    Magnitude of B_grad:	0.1	
    Magnitude of b:	4.5062892384805	

	
    Current index:	49501	
    Magnitude of W_grad:	7.9919999999998	
    Magnitude of W:	41530.661995485	
    Magnitude of B_grad:	0.232	
    Magnitude of b:	4.3694870478443	

	
    Current index:	59501	
    Magnitude of W_grad:	8.4959999999999	
    Magnitude of W:	41480.111251372	
    Magnitude of B_grad:	0.264	
    Magnitude of b:	4.244976374701	

	
    Current index:	69501	
    Magnitude of W_grad:	6.6479999999998	
    Magnitude of W:	41429.973535364	
    Magnitude of B_grad:	0.12	
    Magnitude of b:	4.3044262902144	

	
    Current index:	79501	
    Magnitude of W_grad:	7.1839999999998	
    Magnitude of W:	41380.217839634	
    Magnitude of B_grad:	0.056	
    Magnitude of b:	4.3277486466353	

	
    Current index:	89501	
    Magnitude of W_grad:	5.8039999999999	
    Magnitude of W:	41330.409640447	
    Magnitude of B_grad:	0.1	
    Magnitude of b:	4.3611112348331	

	
SGD: Hinge Loss is	
493049.09033372	
SGD: Validation Accuracy is:	
0.30971843778383	
SGD: Magnitude of W:	
41311.104901716	
SGD: Magnitude of b:	
3.9114088169842	
    Current index:	9501	
    Magnitude of W_grad:	6.8439999999998	
    Magnitude of W:	41261.377627604	
    Magnitude of B_grad:	0.116	
    Magnitude of b:	4.077150515432	

	
    Current index:	19501	
    Magnitude of W_grad:	6.4759999999998	
    Magnitude of W:	41211.942161649	
    Magnitude of B_grad:	0.06	
    Magnitude of b:	4.1727751440128	

	
    Current index:	29501	
    Magnitude of W_grad:	6.7039999999999	
    Magnitude of W:	41162.891652227	
    Magnitude of B_grad:	0.128	
    Magnitude of b:	4.22423733146	

	
    Current index:	39501	
    Magnitude of W_grad:	6.6319999999999	
    Magnitude of W:	41113.554054624	
    Magnitude of B_grad:	0.092	
    Magnitude of b:	4.4675403403487	

	
    Current index:	49501	
    Magnitude of W_grad:	8.2919999999998	
    Magnitude of W:	41063.863662938	
    Magnitude of B_grad:	0.26	
    Magnitude of b:	4.3227804878584	

	
    Current index:	59501	
    Magnitude of W_grad:	8.0439999999998	
    Magnitude of W:	41014.052536783	
    Magnitude of B_grad:	0.248	
    Magnitude of b:	4.1963217164934	

	
    Current index:	69501	
    Magnitude of W_grad:	6.6559999999998	
    Magnitude of W:	40964.488800685	
    Magnitude of B_grad:	0.108	
    Magnitude of b:	4.2618184597821	

	
    Current index:	79501	
    Magnitude of W_grad:	7.1999999999998	
    Magnitude of W:	40915.488135022	
    Magnitude of B_grad:	0.068	
    Magnitude of b:	4.2811861000141	

	
    Current index:	89501	
    Magnitude of W_grad:	5.7039999999999	
    Magnitude of W:	40866.539729286	
    Magnitude of B_grad:	0.092	
    Magnitude of b:	4.3125949917086	

	
SGD: Hinge Loss is	
482789.75173975	
SGD: Validation Accuracy is:	
0.31425976385104	
SGD: Magnitude of W:	
40847.453590076	
SGD: Magnitude of b:	
3.8980397298289	
    Current index:	9501	
    Magnitude of W_grad:	6.8319999999998	
    Magnitude of W:	40798.461520527	
    Magnitude of B_grad:	0.124	
    Magnitude of b:	4.0418105473421	

	
    Current index:	19501	
    Magnitude of W_grad:	6.5679999999998	
    Magnitude of W:	40749.677251673	
    Magnitude of B_grad:	0.052	
    Magnitude of b:	4.1334815608093	

	
    Current index:	29501	
    Magnitude of W_grad:	6.4559999999999	
    Magnitude of W:	40701.271501183	
    Magnitude of B_grad:	0.152	
    Magnitude of b:	4.1629971317311	

	
    Current index:	39501	
    Magnitude of W_grad:	6.8719999999999	
    Magnitude of W:	40652.505846458	
    Magnitude of B_grad:	0.12	
    Magnitude of b:	4.4043608349307	

	
    Current index:	49501	
    Magnitude of W_grad:	7.8679999999998	
    Magnitude of W:	40603.322147872	
    Magnitude of B_grad:	0.22	
    Magnitude of b:	4.2656559509002	

	
    Current index:	59501	
    Magnitude of W_grad:	8.1239999999998	
    Magnitude of W:	40554.123499824	
    Magnitude of B_grad:	0.268	
    Magnitude of b:	4.1572445087391	

	
    Current index:	69501	
    Magnitude of W_grad:	6.7519999999998	
    Magnitude of W:	40505.260088034	
    Magnitude of B_grad:	0.108	
    Magnitude of b:	4.2227936561327	

	
    Current index:	79501	
    Magnitude of W_grad:	7.1639999999998	
    Magnitude of W:	40456.906678723	
    Magnitude of B_grad:	0.072	
    Magnitude of b:	4.2442070244271	

	
    Current index:	89501	
    Magnitude of W_grad:	5.6679999999999	
    Magnitude of W:	40408.562731674	
    Magnitude of B_grad:	0.104	
    Magnitude of b:	4.2676667224434	

	
SGD: Hinge Loss is	
473519.65365143	
SGD: Validation Accuracy is:	
0.31516802906449	
SGD: Magnitude of W:	
40389.740650885	
SGD: Magnitude of b:	
3.829716492058	
    Current index:	9501	
    Magnitude of W_grad:	6.8439999999998	
    Magnitude of W:	40341.493512841	
    Magnitude of B_grad:	0.116	
    Magnitude of b:	3.9915535374937	

	
    Current index:	19501	
    Magnitude of W_grad:	6.7559999999998	
    Magnitude of W:	40293.229352065	
    Magnitude of B_grad:	0.088	
    Magnitude of b:	4.1052823783223	

	
    Current index:	29501	
    Magnitude of W_grad:	6.5439999999999	
    Magnitude of W:	40245.464335321	
    Magnitude of B_grad:	0.148	
    Magnitude of b:	4.1188422627354	

	
    Current index:	39501	
    Magnitude of W_grad:	6.5639999999999	
    Magnitude of W:	40197.317728646	
    Magnitude of B_grad:	0.056	
    Magnitude of b:	4.3382682790869	

	
    Current index:	49501	
    Magnitude of W_grad:	8.0519999999998	
    Magnitude of W:	40148.948535658	
    Magnitude of B_grad:	0.232	
    Magnitude of b:	4.2316208324153	

	
    Current index:	59501	
    Magnitude of W_grad:	7.8519999999998	
    Magnitude of W:	40100.539426566	
    Magnitude of B_grad:	0.252	
    Magnitude of b:	4.1152560919564	

	
    Current index:	69501	
    Magnitude of W_grad:	6.3919999999998	
    Magnitude of W:	40052.313810323	
    Magnitude of B_grad:	0.1	
    Magnitude of b:	4.1728422797307	

	
    Current index:	79501	
    Magnitude of W_grad:	7.1959999999998	
    Magnitude of W:	40004.603766915	
    Magnitude of B_grad:	0.06	
    Magnitude of b:	4.1983103763395	

	
    Current index:	89501	
    Magnitude of W_grad:	5.7919999999999	
    Magnitude of W:	39956.883681956	
    Magnitude of B_grad:	0.136	
    Magnitude of b:	4.2098199360146	

	
SGD: Hinge Loss is	
464766.2845812	
SGD: Validation Accuracy is:	
0.31244323342416	
SGD: Magnitude of W:	
39938.456860711	
SGD: Magnitude of b:	
3.7744728860597	
    Current index:	9501	
    Magnitude of W_grad:	6.5919999999998	
    Magnitude of W:	39890.843290643	
    Magnitude of B_grad:	0.116	
    Magnitude of b:	3.9483532224149	

	
    Current index:	19501	
    Magnitude of W_grad:	6.4199999999998	
    Magnitude of W:	39843.212940614	
    Magnitude of B_grad:	0.064	
    Magnitude of b:	4.050125735958	

	
    Current index:	29501	
    Magnitude of W_grad:	6.3839999999999	
    Magnitude of W:	39796.025977723	
    Magnitude of B_grad:	0.152	
    Magnitude of b:	4.0737315967184	

	
    Current index:	39501	
    Magnitude of W_grad:	6.7759999999999	
    Magnitude of W:	39748.536886411	
    Magnitude of B_grad:	0.084	
    Magnitude of b:	4.2932000160279	

	
    Current index:	49501	
    Magnitude of W_grad:	7.6199999999998	
    Magnitude of W:	39700.681179373	
    Magnitude of B_grad:	0.196	
    Magnitude of b:	4.1886031487957	

	
    Current index:	59501	
    Magnitude of W_grad:	7.7319999999998	
    Magnitude of W:	39652.832284521	
    Magnitude of B_grad:	0.236	
    Magnitude of b:	4.070274090691	

	
    Current index:	69501	
    Magnitude of W_grad:	6.6279999999998	
    Magnitude of W:	39605.229353643	
    Magnitude of B_grad:	0.116	
    Magnitude of b:	4.1299060673153	

	
    Current index:	79501	
    Magnitude of W_grad:	7.1879999999998	
    Magnitude of W:	39558.185905758	
    Magnitude of B_grad:	0.048	
    Magnitude of b:	4.1474159537945	

	
    Current index:	89501	
    Magnitude of W_grad:	5.6159999999999	
    Magnitude of W:	39511.044004017	
    Magnitude of B_grad:	0.116	
    Magnitude of b:	4.1729751610003	

	
SGD: Hinge Loss is	
455464.25008455	
SGD: Validation Accuracy is:	
0.31880108991826	
SGD: Magnitude of W:	
39492.80936957	
SGD: Magnitude of b:	
3.7701922425503	
    Current index:	9501	
    Magnitude of W_grad:	6.6679999999998	
    Magnitude of W:	39445.6899403	
    Magnitude of B_grad:	0.12	
    Magnitude of b:	3.9061033126436	

	
    Current index:	19501	
    Magnitude of W_grad:	6.4679999999998	
    Magnitude of W:	39398.740765505	
    Magnitude of B_grad:	0.052	
    Magnitude of b:	4.0139145329282	

	
    Current index:	29501	
    Magnitude of W_grad:	6.3719999999999	
    Magnitude of W:	39352.215067482	
    Magnitude of B_grad:	0.128	
    Magnitude of b:	4.0295692048091	

	
    Current index:	39501	
    Magnitude of W_grad:	6.5439999999999	
    Magnitude of W:	39305.339765204	
    Magnitude of B_grad:	0.068	
    Magnitude of b:	4.2470946046098	

	
    Current index:	49501	
    Magnitude of W_grad:	7.5799999999998	
    Magnitude of W:	39258.141505276	
    Magnitude of B_grad:	0.212	
    Magnitude of b:	4.1405495331375	

	
    Current index:	59501	
    Magnitude of W_grad:	7.7479999999998	
    Magnitude of W:	39211.016226667	
    Magnitude of B_grad:	0.236	
    Magnitude of b:	4.0242802220757	

	
    Current index:	69501	
    Magnitude of W_grad:	6.4919999999998	
    Magnitude of W:	39164.088020037	
    Magnitude of B_grad:	0.088	
    Magnitude of b:	4.0679696408747	

	
    Current index:	79501	
    Magnitude of W_grad:	7.0999999999998	
    Magnitude of W:	39117.600491599	
    Magnitude of B_grad:	0.06	
    Magnitude of b:	4.0995364789727	

	
    Current index:	89501	
    Magnitude of W_grad:	5.5799999999999	
    Magnitude of W:	39071.123304237	
    Magnitude of B_grad:	0.1	
    Magnitude of b:	4.1191436079905	

	
SGD: Hinge Loss is	
447172.91913445	
SGD: Validation Accuracy is:	
0.31880108991826	
SGD: Magnitude of W:	
39053.194893574	
SGD: Magnitude of b:	
3.7012557665921	
    Current index:	9501	
    Magnitude of W_grad:	6.7079999999998	
    Magnitude of W:	39006.804592014	
    Magnitude of B_grad:	0.108	
    Magnitude of b:	3.8572272049118	

	
    Current index:	19501	
    Magnitude of W_grad:	6.3399999999999	
    Magnitude of W:	38960.470507214	
    Magnitude of B_grad:	0.048	
    Magnitude of b:	3.9670885860465	

	
    Current index:	29501	
    Magnitude of W_grad:	6.2719999999999	
    Magnitude of W:	38914.529644924	
    Magnitude of B_grad:	0.12	
    Magnitude of b:	3.9947903753477	

	
    Current index:	39501	
    Magnitude of W_grad:	6.7159999999999	
    Magnitude of W:	38868.204724352	
    Magnitude of B_grad:	0.072	
    Magnitude of b:	4.2003600680989	

	
    Current index:	49501	
    Magnitude of W_grad:	7.6559999999998	
    Magnitude of W:	38821.672697051	
    Magnitude of B_grad:	0.208	
    Magnitude of b:	4.0938625499253	

	
    Current index:	59501	
    Magnitude of W_grad:	7.5639999999998	
    Magnitude of W:	38775.102661175	
    Magnitude of B_grad:	0.236	
    Magnitude of b:	3.987631238374	

	
    Current index:	69501	
    Magnitude of W_grad:	6.7079999999998	
    Magnitude of W:	38728.752575039	
    Magnitude of B_grad:	0.08	
    Magnitude of b:	4.0333658778024	

	
    Current index:	79501	
    Magnitude of W_grad:	7.0919999999998	
    Magnitude of W:	38682.89207511	
    Magnitude of B_grad:	0.06	
    Magnitude of b:	4.0549736161998	

	
    Current index:	89501	
    Magnitude of W_grad:	5.4239999999999	
    Magnitude of W:	38637.071000621	
    Magnitude of B_grad:	0.096	
    Magnitude of b:	4.0826371938089	

	
SGD: Hinge Loss is	
438517.3094072	
SGD: Validation Accuracy is:	
0.32425068119891	
SGD: Magnitude of W:	
38619.330546417	
SGD: Magnitude of b:	
3.6856052424495	
    Current index:	9501	
    Magnitude of W_grad:	6.4319999999999	
    Magnitude of W:	38573.633315967	
    Magnitude of B_grad:	0.104	
    Magnitude of b:	3.8256059944085	

	
    Current index:	19501	
    Magnitude of W_grad:	6.7079999999999	
    Magnitude of W:	38527.835078314	
    Magnitude of B_grad:	0.08	
    Magnitude of b:	3.9435063719255	

	
    Current index:	29501	
    Magnitude of W_grad:	6.1279999999999	
    Magnitude of W:	38482.493652292	
    Magnitude of B_grad:	0.12	
    Magnitude of b:	3.9492488261196	

	
    Current index:	39501	
    Magnitude of W_grad:	6.6559999999999	
    Magnitude of W:	38436.766397088	
    Magnitude of B_grad:	0.068	
    Magnitude of b:	4.1668640508807	

	
    Current index:	49501	
    Magnitude of W_grad:	7.5319999999998	
    Magnitude of W:	38390.695487575	
    Magnitude of B_grad:	0.192	
    Magnitude of b:	4.0604044346704	

	
    Current index:	59501	
    Magnitude of W_grad:	7.4839999999998	
    Magnitude of W:	38344.80741002	
    Magnitude of B_grad:	0.22	
    Magnitude of b:	3.9562078883762	

	
    Current index:	69501	
    Magnitude of W_grad:	6.4199999999998	
    Magnitude of W:	38299.099956915	
    Magnitude of B_grad:	0.064	
    Magnitude of b:	3.9919754398325	

	
    Current index:	79501	
    Magnitude of W_grad:	7.1119999999998	
    Magnitude of W:	38253.829898489	
    Magnitude of B_grad:	0.056	
    Magnitude of b:	4.0236248129269	

	
    Current index:	89501	
    Magnitude of W_grad:	5.3879999999999	
    Magnitude of W:	38208.586764686	
    Magnitude of B_grad:	0.084	
    Magnitude of b:	4.0393262416308	

	
SGD: Hinge Loss is	
430609.93516417	
SGD: Validation Accuracy is:	
0.32061762034514	
SGD: Magnitude of W:	
38191.166530744	
SGD: Magnitude of b:	
3.5937713489416	
    Current index:	9501	
    Magnitude of W_grad:	6.2839999999998	
    Magnitude of W:	38146.005273785	
    Magnitude of B_grad:	0.092	
    Magnitude of b:	3.7698406863522	

	
    Current index:	19501	
    Magnitude of W_grad:	6.4199999999999	
    Magnitude of W:	38100.839626951	
    Magnitude of B_grad:	0.076	
    Magnitude of b:	3.8877947374517	

	
    Current index:	29501	
    Magnitude of W_grad:	6.2199999999999	
    Magnitude of W:	38056.012352734	
    Magnitude of B_grad:	0.128	
    Magnitude of b:	3.8935863234302	

	
    Current index:	39501	
    Magnitude of W_grad:	6.6319999999999	
    Magnitude of W:	38010.910638249	
    Magnitude of B_grad:	0.072	
    Magnitude of b:	4.1192501982651	

	
    Current index:	49501	
    Magnitude of W_grad:	7.6599999999998	
    Magnitude of W:	37965.516108884	
    Magnitude of B_grad:	0.212	
    Magnitude of b:	4.0048458033685	

	
    Current index:	59501	
    Magnitude of W_grad:	7.1559999999998	
    Magnitude of W:	37920.180480686	
    Magnitude of B_grad:	0.204	
    Magnitude of b:	3.9027023887119	

	
    Current index:	69501	
    Magnitude of W_grad:	6.7399999999998	
    Magnitude of W:	37874.96560891	
    Magnitude of B_grad:	0.092	
    Magnitude of b:	3.9605204528828	

	
    Current index:	79501	
    Magnitude of W_grad:	6.9879999999998	
    Magnitude of W:	37830.36097278	
    Magnitude of B_grad:	0.06	
    Magnitude of b:	3.9842117431483	

	
    Current index:	89501	
    Magnitude of W_grad:	5.3999999999999	
    Magnitude of W:	37785.692244243	
    Magnitude of B_grad:	0.104	
    Magnitude of b:	3.9959542971722	

	
SGD: Hinge Loss is	
421723.23541659	
SGD: Validation Accuracy is:	
0.32697547683924	
SGD: Magnitude of W:	
37768.349780355	
SGD: Magnitude of b:	
3.6106670515268	
    Current index:	9501	
    Magnitude of W_grad:	6.3319999999998	
    Magnitude of W:	37723.751804988	
    Magnitude of B_grad:	0.1	
    Magnitude of b:	3.7287574317729	

	
    Current index:	19501	
    Magnitude of W_grad:	6.7079999999999	
    Magnitude of W:	37679.275006993	
    Magnitude of B_grad:	0.1	
    Magnitude of b:	3.864745207373	

	
    Current index:	29501	
    Magnitude of W_grad:	6.0919999999999	
    Magnitude of W:	37635.07342694	
    Magnitude of B_grad:	0.124	
    Magnitude of b:	3.862571229589	

	
    Current index:	39501	
    Magnitude of W_grad:	6.5559999999999	
    Magnitude of W:	37590.487262302	
    Magnitude of B_grad:	0.06	
    Magnitude of b:	4.078274095467	

	
    Current index:	49501	
    Magnitude of W_grad:	7.1759999999998	
    Magnitude of W:	37545.666255148	
    Magnitude of B_grad:	0.196	
    Magnitude of b:	3.971916016517	

	
    Current index:	59501	
    Magnitude of W_grad:	7.1559999999998	
    Magnitude of W:	37500.86494257	
    Magnitude of B_grad:	0.196	
    Magnitude of b:	3.8598135304012	

	
    Current index:	69501	
    Magnitude of W_grad:	6.5679999999998	
    Magnitude of W:	37456.257193325	
    Magnitude of B_grad:	0.084	
    Magnitude of b:	3.9096735474889	

	
    Current index:	79501	
    Magnitude of W_grad:	6.9399999999998	
    Magnitude of W:	37412.305570267	
    Magnitude of B_grad:	0.044	
    Magnitude of b:	3.9374157158376	

	
    Current index:	89501	
    Magnitude of W_grad:	5.3079999999999	
    Magnitude of W:	37368.196581352	
    Magnitude of B_grad:	0.08	
    Magnitude of b:	3.9612072784286	

	
SGD: Hinge Loss is	
414254.65299405	
SGD: Validation Accuracy is:	
0.32061762034514	
SGD: Magnitude of W:	
37351.131417854	
SGD: Magnitude of b:	
3.5171045205221	
    Current index:	9501	
    Magnitude of W_grad:	6.4959999999998	
    Magnitude of W:	37307.076613621	
    Magnitude of B_grad:	0.088	
    Magnitude of b:	3.6852552951734	

	
    Current index:	19501	
    Magnitude of W_grad:	6.7839999999999	
    Magnitude of W:	37263.058279925	
    Magnitude of B_grad:	0.124	
    Magnitude of b:	3.8292945414729	

	
    Current index:	29501	
    Magnitude of W_grad:	6.1639999999999	
    Magnitude of W:	37219.456787023	
    Magnitude of B_grad:	0.136	
    Magnitude of b:	3.8271674940865	

	
    Current index:	39501	
    Magnitude of W_grad:	6.3919999999998	
    Magnitude of W:	37175.520902491	
    Magnitude of B_grad:	0.06	
    Magnitude of b:	4.0309176674155	

	
    Current index:	49501	
    Magnitude of W_grad:	7.5879999999998	
    Magnitude of W:	37131.256338752	
    Magnitude of B_grad:	0.224	
    Magnitude of b:	3.9306066320301	

	
    Current index:	59501	
    Magnitude of W_grad:	6.6759999999999	
    Magnitude of W:	37087.014126268	
    Magnitude of B_grad:	0.18	
    Magnitude of b:	3.8145523142107	

	
    Current index:	69501	
    Magnitude of W_grad:	6.5999999999998	
    Magnitude of W:	37043.089390905	
    Magnitude of B_grad:	0.084	
    Magnitude of b:	3.880455535551	

	
    Current index:	79501	
    Magnitude of W_grad:	6.9719999999998	
    Magnitude of W:	36999.651949517	
    Magnitude of B_grad:	0.072	
    Magnitude of b:	3.8982354166132	

	
    Current index:	89501	
    Magnitude of W_grad:	5.3359999999999	
    Magnitude of W:	36956.23216037	
    Magnitude of B_grad:	0.084	
    Magnitude of b:	3.9080637966042	

	
SGD: Hinge Loss is	
406534.4210459	
SGD: Validation Accuracy is:	
0.32515894641235	
SGD: Magnitude of W:	
36939.347338673	
SGD: Magnitude of b:	
3.5188153846386	
    Current index:	9501	
    Magnitude of W_grad:	6.1639999999999	
    Magnitude of W:	36895.884393241	
    Magnitude of B_grad:	0.092	
    Magnitude of b:	3.6549857972742	

	
    Current index:	19501	
    Magnitude of W_grad:	6.6879999999999	
    Magnitude of W:	36852.523353496	
    Magnitude of B_grad:	0.128	
    Magnitude of b:	3.7970554435504	

	
    Current index:	29501	
    Magnitude of W_grad:	6.0559999999999	
    Magnitude of W:	36809.54673154	
    Magnitude of B_grad:	0.128	
    Magnitude of b:	3.7869621812441	

	
    Current index:	39501	
    Magnitude of W_grad:	6.3599999999999	
    Magnitude of W:	36766.119683213	
    Magnitude of B_grad:	0.076	
    Magnitude of b:	4.0007489846889	

	
    Current index:	49501	
    Magnitude of W_grad:	7.1559999999998	
    Magnitude of W:	36722.374800078	
    Magnitude of B_grad:	0.204	
    Magnitude of b:	3.9024650377284	

	
    Current index:	59501	
    Magnitude of W_grad:	6.8039999999998	
    Magnitude of W:	36678.739452473	
    Magnitude of B_grad:	0.196	
    Magnitude of b:	3.7824415178236	

	
    Current index:	69501	
    Magnitude of W_grad:	6.5399999999998	
    Magnitude of W:	36635.330725642	
    Magnitude of B_grad:	0.08	
    Magnitude of b:	3.8423762504233	

	
    Current index:	79501	
    Magnitude of W_grad:	6.9039999999998	
    Magnitude of W:	36592.542665054	
    Magnitude of B_grad:	0.056	
    Magnitude of b:	3.858198394249	

	
    Current index:	89501	
    Magnitude of W_grad:	5.2359999999999	
    Magnitude of W:	36549.550856053	
    Magnitude of B_grad:	0.08	
    Magnitude of b:	3.8920726226742	

	
SGD: Hinge Loss is	
398993.58928294	
SGD: Validation Accuracy is:	
0.32152588555858	
SGD: Magnitude of W:	
36532.903244839	
SGD: Magnitude of b:	
3.4677092087434	
    Current index:	9501	
    Magnitude of W_grad:	6.2719999999999	
    Magnitude of W:	36490.053430878	
    Magnitude of B_grad:	0.072	
    Magnitude of b:	3.6059297076557	

	
    Current index:	19501	
    Magnitude of W_grad:	6.9039999999998	
    Magnitude of W:	36447.337276487	
    Magnitude of B_grad:	0.12	
    Magnitude of b:	3.7420537662377	

	
    Current index:	29501	
    Magnitude of W_grad:	6.0359999999999	
    Magnitude of W:	36404.891940431	
    Magnitude of B_grad:	0.124	
    Magnitude of b:	3.7440107986936	

	
    Current index:	39501	
    Magnitude of W_grad:	6.5119999999999	
    Magnitude of W:	36362.052119509	
    Magnitude of B_grad:	0.064	
    Magnitude of b:	3.9478499798679	

	
    Current index:	49501	
    Magnitude of W_grad:	7.0519999999998	
    Magnitude of W:	36318.872929246	
    Magnitude of B_grad:	0.18	
    Magnitude of b:	3.8536241202397	

	
    Current index:	59501	
    Magnitude of W_grad:	6.6239999999999	
    Magnitude of W:	36275.778811722	
    Magnitude of B_grad:	0.176	
    Magnitude of b:	3.7436462382902	

	
    Current index:	69501	
    Magnitude of W_grad:	6.6599999999998	
    Magnitude of W:	36233.110340899	
    Magnitude of B_grad:	0.096	
    Magnitude of b:	3.8056292313553	

	
    Current index:	79501	
    Magnitude of W_grad:	6.9719999999998	
    Magnitude of W:	36190.786386942	
    Magnitude of B_grad:	0.04	
    Magnitude of b:	3.83349317687	

	
    Current index:	89501	
    Magnitude of W_grad:	5.4479999999999	
    Magnitude of W:	36148.454805803	
    Magnitude of B_grad:	0.08	
    Magnitude of b:	3.8274164244369	

	
SGD: Hinge Loss is	
392121.83135448	
SGD: Validation Accuracy is:	
0.32334241598547	
SGD: Magnitude of W:	
36131.91362997	
SGD: Magnitude of b:	
3.4616201587413	
    Current index:	9501	
    Magnitude of W_grad:	6.1799999999999	
    Magnitude of W:	36089.625570213	
    Magnitude of B_grad:	0.076	
    Magnitude of b:	3.5778686228394	

	
    Current index:	19501	
    Magnitude of W_grad:	6.7959999999999	
    Magnitude of W:	36047.493542803	
    Magnitude of B_grad:	0.128	
    Magnitude of b:	3.7080248859659	

	
    Current index:	29501	
    Magnitude of W_grad:	5.9399999999999	
    Magnitude of W:	36005.616528789	
    Magnitude of B_grad:	0.128	
    Magnitude of b:	3.7060114202397	

	
    Current index:	39501	
    Magnitude of W_grad:	6.3839999999999	
    Magnitude of W:	35963.272125868	
    Magnitude of B_grad:	0.068	
    Magnitude of b:	3.9138815665868	

	
    Current index:	49501	
    Magnitude of W_grad:	6.9799999999998	
    Magnitude of W:	35920.717180207	
    Magnitude of B_grad:	0.208	
    Magnitude of b:	3.8136960351637	

	
    Current index:	59501	
    Magnitude of W_grad:	6.6959999999999	
    Magnitude of W:	35878.175658168	
    Magnitude of B_grad:	0.18	
    Magnitude of b:	3.7057564094833	

	
    Current index:	69501	
    Magnitude of W_grad:	6.1919999999999	
    Magnitude of W:	35835.930160297	
    Magnitude of B_grad:	0.072	
    Magnitude of b:	3.7637759079586	

	
    Current index:	79501	
    Magnitude of W_grad:	6.9199999999998	
    Magnitude of W:	35794.173966169	
    Magnitude of B_grad:	0.04	
    Magnitude of b:	3.8036732266803	

	
    Current index:	89501	
    Magnitude of W_grad:	5.4159999999999	
    Magnitude of W:	35752.189498044	
    Magnitude of B_grad:	0.1	
    Magnitude of b:	3.7976261814413	

	
SGD: Hinge Loss is	
386557.77494306	
SGD: Validation Accuracy is:	
0.32243415077203	
SGD: Magnitude of W:	
35736.135829155	
SGD: Magnitude of b:	
3.3675927803987	
    Current index:	9501	
    Magnitude of W_grad:	6.2399999999999	
    Magnitude of W:	35694.287013291	
    Magnitude of B_grad:	0.096	
    Magnitude of b:	3.5378989323343	

	
    Current index:	19501	
    Magnitude of W_grad:	6.6959999999999	
    Magnitude of W:	35652.629793363	
    Magnitude of B_grad:	0.132	
    Magnitude of b:	3.6840954180586	

	
    Current index:	29501	
    Magnitude of W_grad:	6.1359999999998	
    Magnitude of W:	35611.391911997	
    Magnitude of B_grad:	0.172	
    Magnitude of b:	3.6721220267889	

	
    Current index:	39501	
    Magnitude of W_grad:	6.0879999999999	
    Magnitude of W:	35569.555158567	
    Magnitude of B_grad:	0.036	
    Magnitude of b:	3.8780322042138	

	
    Current index:	49501	
    Magnitude of W_grad:	6.9639999999998	
    Magnitude of W:	35527.530880021	
    Magnitude of B_grad:	0.204	
    Magnitude of b:	3.7838854864833	

	
    Current index:	59501	
    Magnitude of W_grad:	6.4639999999999	
    Magnitude of W:	35485.505253101	
    Magnitude of B_grad:	0.164	
    Magnitude of b:	3.671986982438	

	
    Current index:	69501	
    Magnitude of W_grad:	6.2479999999998	
    Magnitude of W:	35443.832880073	
    Magnitude of B_grad:	0.076	
    Magnitude of b:	3.7220454256519	

	
    Current index:	79501	
    Magnitude of W_grad:	6.6519999999998	
    Magnitude of W:	35402.580364606	
    Magnitude of B_grad:	0.06	
    Magnitude of b:	3.753986556383	

	
    Current index:	89501	
    Magnitude of W_grad:	5.4199999999999	
    Magnitude of W:	35361.233692905	
    Magnitude of B_grad:	0.084	
    Magnitude of b:	3.7559808201719	

	
SGD: Hinge Loss is	
377936.14270202	
SGD: Validation Accuracy is:	
0.32515894641235	
SGD: Magnitude of W:	
35345.191569694	
SGD: Magnitude of b:	
3.3765099698403	
    Current index:	9501	
    Magnitude of W_grad:	6.2919999999999	
    Magnitude of W:	35303.922080778	
    Magnitude of B_grad:	0.104	
    Magnitude of b:	3.5128323359438	

	
    Current index:	19501	
    Magnitude of W_grad:	6.7759999999999	
    Magnitude of W:	35262.882836921	
    Magnitude of B_grad:	0.104	
    Magnitude of b:	3.6470535590621	

	
    Current index:	29501	
    Magnitude of W_grad:	6.0479999999998	
    Magnitude of W:	35222.175882819	
    Magnitude of B_grad:	0.16	
    Magnitude of b:	3.6411075481145	

	
    Current index:	39501	
    Magnitude of W_grad:	6.4239999999999	
    Magnitude of W:	35180.930198748	
    Magnitude of B_grad:	0.084	
    Magnitude of b:	3.8430513774965	

	
    Current index:	49501	
    Magnitude of W_grad:	6.8679999999998	
    Magnitude of W:	35139.409391589	
    Magnitude of B_grad:	0.188	
    Magnitude of b:	3.7509332560269	

	
    Current index:	59501	
    Magnitude of W_grad:	6.4879999999999	
    Magnitude of W:	35098.042251509	
    Magnitude of B_grad:	0.172	
    Magnitude of b:	3.6210788026389	

	
    Current index:	69501	
    Magnitude of W_grad:	6.0639999999998	
    Magnitude of W:	35056.823378173	
    Magnitude of B_grad:	0.072	
    Magnitude of b:	3.6891808191015	

	
    Current index:	79501	
    Magnitude of W_grad:	6.7159999999998	
    Magnitude of W:	35016.123770308	
    Magnitude of B_grad:	0.076	
    Magnitude of b:	3.7171666525796	

	
    Current index:	89501	
    Magnitude of W_grad:	5.3999999999999	
    Magnitude of W:	34975.314540171	
    Magnitude of B_grad:	0.072	
    Magnitude of b:	3.7211913704227	

	
SGD: Hinge Loss is	
372258.32055473	
SGD: Validation Accuracy is:	
0.32152588555858	
SGD: Magnitude of W:	
34959.597105712	
SGD: Magnitude of b:	
3.3240249372359	
    Current index:	9501	
    Magnitude of W_grad:	6.1119999999998	
    Magnitude of W:	34918.765987756	
    Magnitude of B_grad:	0.088	
    Magnitude of b:	3.4643949111481	

	
    Current index:	19501	
    Magnitude of W_grad:	6.3359999999999	
    Magnitude of W:	34878.249290882	
    Magnitude of B_grad:	0.104	
    Magnitude of b:	3.616654613603	

	
    Current index:	29501	
    Magnitude of W_grad:	6.1599999999999	
    Magnitude of W:	34838.07633856	
    Magnitude of B_grad:	0.176	
    Magnitude of b:	3.5987454410266	

	
    Current index:	39501	
    Magnitude of W_grad:	6.2319999999999	
    Magnitude of W:	34797.335626622	
    Magnitude of B_grad:	0.06	
    Magnitude of b:	3.7967342919962	

	
    Current index:	49501	
    Magnitude of W_grad:	6.6879999999998	
    Magnitude of W:	34756.348642857	
    Magnitude of B_grad:	0.192	
    Magnitude of b:	3.7026655199517	

	
    Current index:	59501	
    Magnitude of W_grad:	6.4319999999999	
    Magnitude of W:	34715.499157107	
    Magnitude of B_grad:	0.164	
    Magnitude of b:	3.5948433851817	

	
    Current index:	69501	
    Magnitude of W_grad:	6.0119999999998	
    Magnitude of W:	34674.921848082	
    Magnitude of B_grad:	0.068	
    Magnitude of b:	3.6649765122078	

	
    Current index:	79501	
    Magnitude of W_grad:	6.6399999999998	
    Magnitude of W:	34634.607759188	
    Magnitude of B_grad:	0.068	
    Magnitude of b:	3.6869945994889	

	
    Current index:	89501	
    Magnitude of W_grad:	5.4239999999999	
    Magnitude of W:	34594.339266854	
    Magnitude of B_grad:	0.092	
    Magnitude of b:	3.6830648825868	

	
SGD: Hinge Loss is	
365251.67927137	
SGD: Validation Accuracy is:	
0.32425068119891	
SGD: Magnitude of W:	
34578.679385014	
SGD: Magnitude of b:	
3.3073337102558	
    Current index:	9501	
    Magnitude of W_grad:	6.1599999999999	
    Magnitude of W:	34538.430273801	
    Magnitude of B_grad:	0.12	
    Magnitude of b:	3.4377405157434	

	
    Current index:	19501	
    Magnitude of W_grad:	6.5119999999999	
    Magnitude of W:	34498.479462931	
    Magnitude of B_grad:	0.104	
    Magnitude of b:	3.5920273980104	

	
    Current index:	29501	
    Magnitude of W_grad:	5.9799999999999	
    Magnitude of W:	34458.842918423	
    Magnitude of B_grad:	0.176	
    Magnitude of b:	3.5741437751253	

	
    Current index:	39501	
    Magnitude of W_grad:	6.1479999999999	
    Magnitude of W:	34418.659654306	
    Magnitude of B_grad:	0.056	
    Magnitude of b:	3.7701603897232	

	
    Current index:	49501	
    Magnitude of W_grad:	6.9719999999998	
    Magnitude of W:	34378.204923263	
    Magnitude of B_grad:	0.216	
    Magnitude of b:	3.6721247995364	

	
    Current index:	59501	
    Magnitude of W_grad:	6.6839999999999	
    Magnitude of W:	34337.938471202	
    Magnitude of B_grad:	0.208	
    Magnitude of b:	3.5843337797862	

	
    Current index:	69501	
    Magnitude of W_grad:	6.0479999999998	
    Magnitude of W:	34297.892319172	
    Magnitude of B_grad:	0.068	
    Magnitude of b:	3.6364939336429	

	
    Current index:	79501	
    Magnitude of W_grad:	6.7879999999998	
    Magnitude of W:	34258.142977375	
    Magnitude of B_grad:	0.04	
    Magnitude of b:	3.6465455310059	

	
    Current index:	89501	
    Magnitude of W_grad:	5.3719999999999	
    Magnitude of W:	34218.350701117	
    Magnitude of B_grad:	0.08	
    Magnitude of b:	3.6566395706637	

	
Done.	
Testing on validation set...	
Done	
Accuracy:	
0.32152588555858	
