[?1034hParameters are:
	
Datafile:	/n/home09/ankitgupta/CS287/HW1/SST1-uni-sent.hdf5	Classifier:	lr	Alpha:	0	Eta:	0.5	Lambda:	0.2	Minibatch size:	500	Num Epochs:	50	Minimum Sentence Length:	5	
Note that not all parameters may apply to all classifiers	
Loading datafiles...	
Number of training samples before removing small sentences	156817	
Number of training samples after removing small sentences	93603	
Done.	
Training classifier...	
SGD: Loss is	
	LOSS:Calculated softmax res	
428782.79410744	
SGD: crossEntropyLoss is	
428782.79410744	
SGD: Validation Accuracy is:	
0.20254314259764	
SGD: Magnitude of W:	
61264.996316746	
SGD: Magnitude of b:	
3.4086012842639	
    Current index:	9501	
    Magnitude of W_grad:	10.020140315867	
    Magnitude of W:	61238.07503406	
    Magnitude of B_grad:	0.25001767204585	
    Magnitude of b:	3.4092249054602	

	
    Current index:	19501	
    Magnitude of W_grad:	7.7814463753078	
    Magnitude of W:	61218.606950795	
    Magnitude of B_grad:	0.11939182766418	
    Magnitude of b:	3.8433427140047	

	
    Current index:	29501	
    Magnitude of W_grad:	7.777912413675	
    Magnitude of W:	61198.82998122	
    Magnitude of B_grad:	0.22988792156478	
    Magnitude of b:	4.2973766608054	

	
    Current index:	39501	
    Magnitude of W_grad:	9.0328930184219	
    Magnitude of W:	61180.345282718	
    Magnitude of B_grad:	0.11103772206427	
    Magnitude of b:	5.12689163087	

	
    Current index:	49501	
    Magnitude of W_grad:	9.4051690220327	
    Magnitude of W:	61161.478347624	
    Magnitude of B_grad:	0.27987455317358	
    Magnitude of b:	4.5835731915779	

	
    Current index:	59501	
    Magnitude of W_grad:	10.239031418905	
    Magnitude of W:	61140.683076179	
    Magnitude of B_grad:	0.28423564048333	
    Magnitude of b:	4.996691208816	

	
    Current index:	69501	
    Magnitude of W_grad:	7.6748641726823	
    Magnitude of W:	61121.102725545	
    Magnitude of B_grad:	0.090077077816916	
    Magnitude of b:	5.3675480370128	

	
    Current index:	79501	
    Magnitude of W_grad:	8.1664712744681	
    Magnitude of W:	61103.122425022	
    Magnitude of B_grad:	0.086536531097919	
    Magnitude of b:	5.4864055000869	

	
    Current index:	89501	
    Magnitude of W_grad:	8.3907616851137	
    Magnitude of W:	61084.79068965	
    Magnitude of B_grad:	0.062364094212935	
    Magnitude of b:	5.6153376082893	

	
SGD: Loss is	
	LOSS:Calculated softmax res	
300433.78390059	
SGD: crossEntropyLoss is	
300433.78390059	
SGD: Validation Accuracy is:	
0.26067211625795	
SGD: Magnitude of W:	
61078.580156609	
SGD: Magnitude of b:	
5.2684789930507	
    Current index:	9501	
    Magnitude of W_grad:	8.8309796884419	
    Magnitude of W:	61058.491450601	
    Magnitude of B_grad:	0.22875157830992	
    Magnitude of b:	5.1343952771585	

	
    Current index:	19501	
    Magnitude of W_grad:	7.2126351114882	
    Magnitude of W:	61042.34335843	
    Magnitude of B_grad:	0.046909097825382	
    Magnitude of b:	5.6976339865516	

	
    Current index:	29501	
    Magnitude of W_grad:	7.6932488073391	
    Magnitude of W:	61026.45364562	
    Magnitude of B_grad:	0.24307805011502	
    Magnitude of b:	5.7808083989272	

	
    Current index:	39501	
    Magnitude of W_grad:	8.7821216778737	
    Magnitude of W:	61009.924023495	
    Magnitude of B_grad:	0.1114107929696	
    Magnitude of b:	6.3338717993496	

	
    Current index:	49501	
    Magnitude of W_grad:	8.9531655469985	
    Magnitude of W:	60993.175453396	
    Magnitude of B_grad:	0.2726398737461	
    Magnitude of b:	5.4955176664692	

	
    Current index:	59501	
    Magnitude of W_grad:	10.034387417738	
    Magnitude of W:	60974.793663889	
    Magnitude of B_grad:	0.27296821174737	
    Magnitude of b:	5.8024116296064	

	
    Current index:	69501	
    Magnitude of W_grad:	7.3728803752683	
    Magnitude of W:	60957.525663975	
    Magnitude of B_grad:	0.088659621652331	
    Magnitude of b:	6.1024730444063	

	
    Current index:	79501	
    Magnitude of W_grad:	7.6944007561153	
    Magnitude of W:	60941.66820789	
    Magnitude of B_grad:	0.088285254519982	
    Magnitude of b:	6.1350886920715	

	
    Current index:	89501	
    Magnitude of W_grad:	8.1100014381373	
    Magnitude of W:	60925.762961469	
    Magnitude of B_grad:	0.060948737977292	
    Magnitude of b:	6.2493501499924	

	
SGD: Loss is	
	LOSS:Calculated softmax res	
279253.2339352	
SGD: crossEntropyLoss is	
279253.2339352	
SGD: Validation Accuracy is:	
0.25431425976385	
SGD: Magnitude of W:	
60920.418533343	
SGD: Magnitude of b:	
5.8808663567048	
    Current index:	9501	
    Magnitude of W_grad:	8.4962784792681	
    Magnitude of W:	60901.762691466	
    Magnitude of B_grad:	0.21463550127109	
    Magnitude of b:	5.8723969840168	

	
    Current index:	19501	
    Magnitude of W_grad:	7.0590984201567	
    Magnitude of W:	60886.55368741	
    Magnitude of B_grad:	0.041051302443905	
    Magnitude of b:	6.3557686668702	

	
    Current index:	29501	
    Magnitude of W_grad:	7.5997650339571	
    Magnitude of W:	60872.017049089	
    Magnitude of B_grad:	0.24159533189087	
    Magnitude of b:	6.3743422189154	

	
    Current index:	39501	
    Magnitude of W_grad:	8.578484745892	
    Magnitude of W:	60856.703853126	
    Magnitude of B_grad:	0.11933804689897	
    Magnitude of b:	6.852852866932	

	
    Current index:	49501	
    Magnitude of W_grad:	8.7186794428429	
    Magnitude of W:	60841.285245523	
    Magnitude of B_grad:	0.26972690496078	
    Magnitude of b:	5.8819495241045	

	
    Current index:	59501	
    Magnitude of W_grad:	9.8198820145118	
    Magnitude of W:	60824.703866624	
    Magnitude of B_grad:	0.26578521632829	
    Magnitude of b:	6.1633388518281	

	
    Current index:	69501	
    Magnitude of W_grad:	7.1278269698336	
    Magnitude of W:	60808.625179503	
    Magnitude of B_grad:	0.090494979254426	
    Magnitude of b:	6.437877793911	

	
    Current index:	79501	
    Magnitude of W_grad:	7.5059524710805	
    Magnitude of W:	60793.688724212	
    Magnitude of B_grad:	0.083400875760123	
    Magnitude of b:	6.4490397789405	

	
    Current index:	89501	
    Magnitude of W_grad:	7.9078817563597	
    Magnitude of W:	60778.859092776	
    Magnitude of B_grad:	0.060064574411315	
    Magnitude of b:	6.5594560192978	

	
SGD: Loss is	
	LOSS:Calculated softmax res	
265562.10584961	
SGD: crossEntropyLoss is	
265562.10584961	
SGD: Validation Accuracy is:	
0.26067211625795	
SGD: Magnitude of W:	
60773.854961622	
SGD: Magnitude of b:	
6.1849402853832	
    Current index:	9501	
    Magnitude of W_grad:	8.3434922257173	
    Magnitude of W:	60757.089470672	
    Magnitude of B_grad:	0.20273043297619	
    Magnitude of b:	6.2663779835752	

	
    Current index:	19501	
    Magnitude of W_grad:	6.9478188345887	
    Magnitude of W:	60743.195862908	
    Magnitude of B_grad:	0.052826324386369	
    Magnitude of b:	6.7066567434751	

	
    Current index:	29501	
    Magnitude of W_grad:	7.4952586845968	
    Magnitude of W:	60729.600264232	
    Magnitude of B_grad:	0.23830793485685	
    Magnitude of b:	6.7076503613401	

	
    Current index:	39501	
    Magnitude of W_grad:	8.3897090750836	
    Magnitude of W:	60714.896274877	
    Magnitude of B_grad:	0.1234870630346	
    Magnitude of b:	7.1452628041331	

	
    Current index:	49501	
    Magnitude of W_grad:	8.5426754369179	
    Magnitude of W:	60700.197837055	
    Magnitude of B_grad:	0.26754054376453	
    Magnitude of b:	6.1726270008076	

	
    Current index:	59501	
    Magnitude of W_grad:	9.5961824659445	
    Magnitude of W:	60684.018299389	
    Magnitude of B_grad:	0.25895091648625	
    Magnitude of b:	6.3432710464727	

	
    Current index:	69501	
    Magnitude of W_grad:	6.9581387410708	
    Magnitude of W:	60668.726645873	
    Magnitude of B_grad:	0.094455463981889	
    Magnitude of b:	6.6048823747052	

	
    Current index:	79501	
    Magnitude of W_grad:	7.3484239948123	
    Magnitude of W:	60654.511401122	
    Magnitude of B_grad:	0.078029227809622	
    Magnitude of b:	6.6079240473189	

	
    Current index:	89501	
    Magnitude of W_grad:	7.7521511285131	
    Magnitude of W:	60640.398932574	
    Magnitude of B_grad:	0.058186983113346	
    Magnitude of b:	6.7182526140639	

	
SGD: Loss is	
	LOSS:Calculated softmax res	
255379.34487204	
SGD: crossEntropyLoss is	
255379.34487204	
SGD: Validation Accuracy is:	
0.26339691189827	
SGD: Magnitude of W:	
60635.763909367	
SGD: Magnitude of b:	
6.342573323176	
    Current index:	9501	
    Magnitude of W_grad:	8.2127679877114	
    Magnitude of W:	60620.700520981	
    Magnitude of B_grad:	0.19128615489418	
    Magnitude of b:	6.4971802400992	

	
    Current index:	19501	
    Magnitude of W_grad:	6.8485975626725	
    Magnitude of W:	60607.679304633	
    Magnitude of B_grad:	0.058304920568937	
    Magnitude of b:	6.9092686946538	

	
    Current index:	29501	
    Magnitude of W_grad:	7.3809957748659	
    Magnitude of W:	60594.802713107	
    Magnitude of B_grad:	0.23342589544945	
    Magnitude of b:	6.9086475136782	

	
    Current index:	39501	
    Magnitude of W_grad:	8.2350067529747	
    Magnitude of W:	60580.524743565	
    Magnitude of B_grad:	0.12665075068879	
    Magnitude of b:	7.319978265115	

	
    Current index:	49501	
    Magnitude of W_grad:	8.4143671176272	
    Magnitude of W:	60566.563287954	
    Magnitude of B_grad:	0.26632552073045	
    Magnitude of b:	6.3527588924731	

	
    Current index:	59501	
    Magnitude of W_grad:	9.3702413763048	
    Magnitude of W:	60551.174954866	
    Magnitude of B_grad:	0.25272575309034	
    Magnitude of b:	6.4353451186837	

	
    Current index:	69501	
    Magnitude of W_grad:	6.840777771026	
    Magnitude of W:	60536.810514473	
    Magnitude of B_grad:	0.098155164326408	
    Magnitude of b:	6.6891034897909	

	
    Current index:	79501	
    Magnitude of W_grad:	7.2110942515922	
    Magnitude of W:	60523.606714939	
    Magnitude of B_grad:	0.073463047241063	
    Magnitude of b:	6.6868482084701	

	
    Current index:	89501	
    Magnitude of W_grad:	7.6084583946697	
    Magnitude of W:	60510.291376885	
    Magnitude of B_grad:	0.056028558265504	
    Magnitude of b:	6.7986687634545	

	
SGD: Loss is	
	LOSS:Calculated softmax res	
247216.41922497	
SGD: crossEntropyLoss is	
247216.41922497	
SGD: Validation Accuracy is:	
0.26067211625795	
SGD: Magnitude of W:	
60506.024237827	
SGD: Magnitude of b:	
6.4253633214683	
    Current index:	9501	
    Magnitude of W_grad:	8.0789605469825	
    Magnitude of W:	60491.705482228	
    Magnitude of B_grad:	0.1813131799011	
    Magnitude of b:	6.6332101799077	

	
    Current index:	19501	
    Magnitude of W_grad:	6.7460510388536	
    Magnitude of W:	60479.37380695	
    Magnitude of B_grad:	0.058923242683881	
    Magnitude of b:	7.0256795530438	

	
    Current index:	29501	
    Magnitude of W_grad:	7.2540804302383	
    Magnitude of W:	60467.059200177	
    Magnitude of B_grad:	0.22735252493288	
    Magnitude of b:	7.0292575712638	

	
    Current index:	39501	
    Magnitude of W_grad:	8.1155747212746	
    Magnitude of W:	60453.486880226	
    Magnitude of B_grad:	0.12918511663513	
    Magnitude of b:	7.4223844273157	

	
    Current index:	49501	
    Magnitude of W_grad:	8.3143752824687	
    Magnitude of W:	60440.276951473	
    Magnitude of B_grad:	0.26601281603449	
    Magnitude of b:	6.4614767096583	

	
    Current index:	59501	
    Magnitude of W_grad:	9.1587257890957	
    Magnitude of W:	60425.697962249	
    Magnitude of B_grad:	0.24744118563244	
    Magnitude of b:	6.4785241554704	

	
    Current index:	69501	
    Magnitude of W_grad:	6.7763028181309	
    Magnitude of W:	60412.009154803	
    Magnitude of B_grad:	0.10102640032628	
    Magnitude of b:	6.7279763478448	

	
    Current index:	79501	
    Magnitude of W_grad:	7.0911147633458	
    Magnitude of W:	60399.520821676	
    Magnitude of B_grad:	0.069898627546723	
    Magnitude of b:	6.7215427908493	

	
    Current index:	89501	
    Magnitude of W_grad:	7.4705943594598	
    Magnitude of W:	60386.639226065	
    Magnitude of B_grad:	0.053540168830428	
    Magnitude of b:	6.8350649820761	

	
SGD: Loss is	
	LOSS:Calculated softmax res	
240381.59458397	
SGD: crossEntropyLoss is	
240381.59458397	
SGD: Validation Accuracy is:	
0.27157129881926	
SGD: Magnitude of W:	
60382.578651289	
SGD: Magnitude of b:	
6.467421750478	
    Current index:	9501	
    Magnitude of W_grad:	7.9575739275622	
    Magnitude of W:	60368.913401089	
    Magnitude of B_grad:	0.17319935199845	
    Magnitude of b:	6.7104450348594	

	
    Current index:	19501	
    Magnitude of W_grad:	6.6480283815744	
    Magnitude of W:	60357.1614714	
    Magnitude of B_grad:	0.056785793400107	
    Magnitude of b:	7.088813768882	

	
    Current index:	29501	
    Magnitude of W_grad:	7.1309761538299	
    Magnitude of W:	60345.304005	
    Magnitude of B_grad:	0.22053891137047	
    Magnitude of b:	7.09806267409	

	
    Current index:	39501	
    Magnitude of W_grad:	8.0208877898496	
    Magnitude of W:	60332.23266885	
    Magnitude of B_grad:	0.13098079865328	
    Magnitude of b:	7.4780013317301	

	
    Current index:	49501	
    Magnitude of W_grad:	8.2253078255853	
    Magnitude of W:	60319.629996529	
    Magnitude of B_grad:	0.26621094289219	
    Magnitude of b:	6.5238834302052	

	
    Current index:	59501	
    Magnitude of W_grad:	8.9671400494541	
    Magnitude of W:	60305.591575116	
    Magnitude of B_grad:	0.2431101349142	
    Magnitude of b:	6.4929748746475	

	
    Current index:	69501	
    Magnitude of W_grad:	6.7293420369021	
    Magnitude of W:	60292.358568174	
    Magnitude of B_grad:	0.10295855003678	
    Magnitude of b:	6.7407177291226	

	
    Current index:	79501	
    Magnitude of W_grad:	6.9820618889967	
    Magnitude of W:	60280.507314999	
    Magnitude of B_grad:	0.067127179882621	
    Magnitude of b:	6.7312734169638	

	
    Current index:	89501	
    Magnitude of W_grad:	7.3332612313334	
    Magnitude of W:	60268.051543058	
    Magnitude of B_grad:	0.050741756803988	
    Magnitude of b:	6.8463666975591	

	
SGD: Loss is	
	LOSS:Calculated softmax res	
234497.91982176	
SGD: crossEntropyLoss is	
234497.91982176	
SGD: Validation Accuracy is:	
0.27338782924614	
SGD: Magnitude of W:	
60264.257308343	
SGD: Magnitude of b:	
6.486991547114	
    Current index:	9501	
    Magnitude of W_grad:	7.8559539930545	
    Magnitude of W:	60251.088954221	
    Magnitude of B_grad:	0.1669634209828	
    Magnitude of b:	6.7510970750277	

	
    Current index:	19501	
    Magnitude of W_grad:	6.5606267945095	
    Magnitude of W:	60239.75898412	
    Magnitude of B_grad:	0.053246439614634	
    Magnitude of b:	7.1191908565324	

	
    Current index:	29501	
    Magnitude of W_grad:	7.0107461203652	
    Magnitude of W:	60228.445575472	
    Magnitude of B_grad:	0.21337440967711	
    Magnitude of b:	7.1339869693225	

	
    Current index:	39501	
    Magnitude of W_grad:	7.9378943261743	
    Magnitude of W:	60215.919109754	
    Magnitude of B_grad:	0.13205937236081	
    Magnitude of b:	7.5039906210017	

	
    Current index:	49501	
    Magnitude of W_grad:	8.1338498449006	
    Magnitude of W:	60203.799545231	
    Magnitude of B_grad:	0.26656282348887	
    Magnitude of b:	6.5572523621509	

	
    Current index:	59501	
    Magnitude of W_grad:	8.7932373272133	
    Magnitude of W:	60190.410382979	
    Magnitude of B_grad:	0.23952274423359	
    Magnitude of b:	6.4909536774174	

	
    Current index:	69501	
    Magnitude of W_grad:	6.6882375392371	
    Magnitude of W:	60177.615506895	
    Magnitude of B_grad:	0.10410862061299	
    Magnitude of b:	6.7385933913622	

	
    Current index:	79501	
    Magnitude of W_grad:	6.8839436739998	
    Magnitude of W:	60166.051552153	
    Magnitude of B_grad:	0.064904434762477	
    Magnitude of b:	6.7268912894885	

	
    Current index:	89501	
    Magnitude of W_grad:	7.1959658523554	
    Magnitude of W:	60153.887504072	
    Magnitude of B_grad:	0.0477451149511	
    Magnitude of b:	6.8432615891659	

	
SGD: Loss is	
	LOSS:Calculated softmax res	
229333.0085978	
SGD: crossEntropyLoss is	
229333.0085978	
SGD: Validation Accuracy is:	
0.2724795640327	
SGD: Magnitude of W:	
60150.170135463	
SGD: Magnitude of b:	
6.493877024956	
    Current index:	9501	
    Magnitude of W_grad:	7.7670688329823	
    Magnitude of W:	60137.36613152	
    Magnitude of B_grad:	0.16241868397923	
    Magnitude of b:	6.7693189640657	

	
    Current index:	19501	
    Magnitude of W_grad:	6.4774851924434	
    Magnitude of W:	60126.316269841	
    Magnitude of B_grad:	0.049102879781746	
    Magnitude of b:	7.1297798231017	

	
    Current index:	29501	
    Magnitude of W_grad:	6.8967170339872	
    Magnitude of W:	60115.286521589	
    Magnitude of B_grad:	0.20617223617722	
    Magnitude of b:	7.1495458326082	

	
    Current index:	39501	
    Magnitude of W_grad:	7.8561729472558	
    Magnitude of W:	60103.172862504	
    Magnitude of B_grad:	0.13250613060023	
    Magnitude of b:	7.5118986077488	

	
    Current index:	49501	
    Magnitude of W_grad:	8.0360780397124	
    Magnitude of W:	60091.55217678	
    Magnitude of B_grad:	0.26684398540547	
    Magnitude of b:	6.573183986431	

	
    Current index:	59501	
    Magnitude of W_grad:	8.6292161462056	
    Magnitude of W:	60078.664231984	
    Magnitude of B_grad:	0.23643640187038	
    Magnitude of b:	6.479979783352	

	
    Current index:	69501	
    Magnitude of W_grad:	6.6435338096271	
    Magnitude of W:	60066.232446195	
    Magnitude of B_grad:	0.10476892377068	
    Magnitude of b:	6.7284007216878	

	
    Current index:	79501	
    Magnitude of W_grad:	6.8059092412396	
    Magnitude of W:	60054.964653123	
    Magnitude of B_grad:	0.063029967532411	
    Magnitude of b:	6.7147782777461	

	
    Current index:	89501	
    Magnitude of W_grad:	7.0581981856574	
    Magnitude of W:	60043.226953863	
    Magnitude of B_grad:	0.044723317812009	
    Magnitude of b:	6.8321545339855	

	
SGD: Loss is	
	LOSS:Calculated softmax res	
224730.72419181	
SGD: crossEntropyLoss is	
224730.72419181	
SGD: Validation Accuracy is:	
0.27611262488647	
SGD: Magnitude of W:	
60039.595441584	
SGD: Magnitude of b:	
6.4935863066488	
    Current index:	9501	
    Magnitude of W_grad:	7.6850189598207	
    Magnitude of W:	60027.305428402	
    Magnitude of B_grad:	0.15925610690961	
    Magnitude of b:	6.7741923818856	

	
    Current index:	19501	
    Magnitude of W_grad:	6.3935527804417	
    Magnitude of W:	60016.793835831	
    Magnitude of B_grad:	0.044816115528918	
    Magnitude of b:	7.1287531885254	

	
    Current index:	29501	
    Magnitude of W_grad:	6.7875818020332	
    Magnitude of W:	60006.237953041	
    Magnitude of B_grad:	0.19917535125119	
    Magnitude of b:	7.1528153542997	

	
    Current index:	39501	
    Magnitude of W_grad:	7.7751967800707	
    Magnitude of W:	59994.53764497	
    Magnitude of B_grad:	0.1324115479454	
    Magnitude of b:	7.5092713042628	

	
    Current index:	49501	
    Magnitude of W_grad:	7.9386925878333	
    Magnitude of W:	59983.220458282	
    Magnitude of B_grad:	0.26697656680364	
    Magnitude of b:	6.5791438446127	

	
    Current index:	59501	
    Magnitude of W_grad:	8.4693258848013	
    Magnitude of W:	59970.95621284	
    Magnitude of B_grad:	0.23366870508188	
    Magnitude of b:	6.4646205765802	

	
    Current index:	69501	
    Magnitude of W_grad:	6.5942971147877	
    Magnitude of W:	59959.016387328	
    Magnitude of B_grad:	0.10529615770838	
    Magnitude of b:	6.714327655545	

	
    Current index:	79501	
    Magnitude of W_grad:	6.7378470661412	
    Magnitude of W:	59948.22745782	
    Magnitude of B_grad:	0.061371944603242	
    Magnitude of b:	6.6988913967783	

	
    Current index:	89501	
    Magnitude of W_grad:	6.9336434822237	
    Magnitude of W:	59936.999354961	
    Magnitude of B_grad:	0.041868471671037	
    Magnitude of b:	6.8170758408413	

	
SGD: Loss is	
	LOSS:Calculated softmax res	
220580.40027385	
SGD: crossEntropyLoss is	
220580.40027385	
SGD: Validation Accuracy is:	
0.27792915531335	
SGD: Magnitude of W:	
59933.479215193	
SGD: Magnitude of b:	
6.4892490610946	
    Current index:	9501	
    Magnitude of W_grad:	7.6097948734491	
    Magnitude of W:	59921.514563916	
    Magnitude of B_grad:	0.15715823991747	
    Magnitude of b:	6.7714858915637	

	
    Current index:	19501	
    Magnitude of W_grad:	6.3095756182925	
    Magnitude of W:	59911.295855248	
    Magnitude of B_grad:	0.040646569312516	
    Magnitude of b:	7.1213282003595	

	
    Current index:	29501	
    Magnitude of W_grad:	6.6850964802101	
    Magnitude of W:	59901.142091615	
    Magnitude of B_grad:	0.19255744916969	
    Magnitude of b:	7.1490037177236	

	
    Current index:	39501	
    Magnitude of W_grad:	7.693479585165	
    Magnitude of W:	59889.753570503	
    Magnitude of B_grad:	0.13186264654025	
    Magnitude of b:	7.5009631643265	

	
    Current index:	49501	
    Magnitude of W_grad:	7.8410057262069	
    Magnitude of W:	59878.793426891	
    Magnitude of B_grad:	0.26695937355078	
    Magnitude of b:	6.5798156174283	

	
    Current index:	59501	
    Magnitude of W_grad:	8.3122481082514	
    Magnitude of W:	59867.010564292	
    Magnitude of B_grad:	0.23110710493131	
    Magnitude of b:	6.4476962040714	

	
    Current index:	69501	
    Magnitude of W_grad:	6.5362223260613	
    Magnitude of W:	59855.346869079	
    Magnitude of B_grad:	0.1060644030116	
    Magnitude of b:	6.6990206462128	

	
    Current index:	79501	
    Magnitude of W_grad:	6.669640070471	
    Magnitude of W:	59844.86467662	
    Magnitude of B_grad:	0.059872721549861	
    Magnitude of b:	6.6817245900677	

	
    Current index:	89501	
    Magnitude of W_grad:	6.8204498960167	
    Magnitude of W:	59833.827044337	
    Magnitude of B_grad:	0.039337232332762	
    Magnitude of b:	6.8005262657424	

	
SGD: Loss is	
	LOSS:Calculated softmax res	
216800.20574509	
SGD: crossEntropyLoss is	
216800.20574509	
SGD: Validation Accuracy is:	
0.28065395095368	
SGD: Magnitude of W:	
59830.385205325	
SGD: Magnitude of b:	
6.4826436660499	
    Current index:	9501	
    Magnitude of W_grad:	7.5366546436125	
    Magnitude of W:	59818.775070124	
    Magnitude of B_grad:	0.1558564311007	
    Magnitude of b:	6.7647894907825	

	
    Current index:	19501	
    Magnitude of W_grad:	6.2245257265036	
    Magnitude of W:	59808.724729361	
    Magnitude of B_grad:	0.040471955137961	
    Magnitude of b:	7.1108034501658	

	
    Current index:	29501	
    Magnitude of W_grad:	6.5907752744038	
    Magnitude of W:	59798.996277286	
    Magnitude of B_grad:	0.18641877504672	
    Magnitude of b:	7.1414302894663	

	
    Current index:	39501	
    Magnitude of W_grad:	7.6114871726847	
    Magnitude of W:	59788.066651962	
    Magnitude of B_grad:	0.13094497473003	
    Magnitude of b:	7.4900156327631	

	
    Current index:	49501	
    Magnitude of W_grad:	7.7438236317003	
    Magnitude of W:	59777.500306158	
    Magnitude of B_grad:	0.26679721762426	
    Magnitude of b:	6.578051591807	

	
    Current index:	59501	
    Magnitude of W_grad:	8.1613077455258	
    Magnitude of W:	59766.154598216	
    Magnitude of B_grad:	0.22868772988933	
    Magnitude of b:	6.4309242417644	

	
    Current index:	69501	
    Magnitude of W_grad:	6.4658302991658	
    Magnitude of W:	59754.621665724	
    Magnitude of B_grad:	0.10739466113214	
    Magnitude of b:	6.6841156682897	

	
    Current index:	79501	
    Magnitude of W_grad:	6.6030291477864	
    Magnitude of W:	59744.388924626	
    Magnitude of B_grad:	0.058518191052472	
    Magnitude of b:	6.6647798203602	

	
    Current index:	89501	
    Magnitude of W_grad:	6.7149469385327	
    Magnitude of W:	59733.608385625	
    Magnitude of B_grad:	0.037216563627275	
    Magnitude of b:	6.7839826365528	

	
SGD: Loss is	
	LOSS:Calculated softmax res	
213327.14090351	
SGD: crossEntropyLoss is	
213327.14090351	
SGD: Validation Accuracy is:	
0.27974568574024	
SGD: Magnitude of W:	
59730.201114127	
SGD: Magnitude of b:	
6.4748892246205	
    Current index:	9501	
    Magnitude of W_grad:	7.4607587608052	
    Magnitude of W:	59719.298135937	
    Magnitude of B_grad:	0.15513630291885	
    Magnitude of b:	6.7562636701233	

	
    Current index:	19501	
    Magnitude of W_grad:	6.1404850251549	
    Magnitude of W:	59709.583692703	
    Magnitude of B_grad:	0.041462447157983	
    Magnitude of b:	7.0991378178586	

	
    Current index:	29501	
    Magnitude of W_grad:	6.5001848897368	
    Magnitude of W:	59700.146583144	
    Magnitude of B_grad:	0.18079072361628	
    Magnitude of b:	7.1321054546374	

	
    Current index:	39501	
    Magnitude of W_grad:	7.5315572603564	
    Magnitude of W:	59689.493588479	
    Magnitude of B_grad:	0.129738607954	
    Magnitude of b:	7.4782284511581	

	
    Current index:	49501	
    Magnitude of W_grad:	7.6490492251554	
    Magnitude of W:	59679.197348259	
    Magnitude of B_grad:	0.2664776454195	
    Magnitude of b:	6.5754904138885	

	
    Current index:	59501	
    Magnitude of W_grad:	8.013030664185	
    Magnitude of W:	59668.100139313	
    Magnitude of B_grad:	0.22637173411431	
    Magnitude of b:	6.4152667392964	

	
    Current index:	69501	
    Magnitude of W_grad:	6.3820060293474	
    Magnitude of W:	59656.852110733	
    Magnitude of B_grad:	0.10942427952504	
    Magnitude of b:	6.6705034124988	

	
    Current index:	79501	
    Magnitude of W_grad:	6.538016630073	
    Magnitude of W:	59646.88958126	
    Magnitude of B_grad:	0.0573047182492	
    Magnitude of b:	6.6488739211242	

	
    Current index:	89501	
    Magnitude of W_grad:	6.6193721334692	
    Magnitude of W:	59636.364587893	
    Magnitude of B_grad:	0.035523359451731	
    Magnitude of b:	6.7682593940868	

	
SGD: Loss is	
	LOSS:Calculated softmax res	
210111.68014792	
SGD: crossEntropyLoss is	
210111.68014792	
SGD: Validation Accuracy is:	
0.27883742052679	
SGD: Magnitude of W:	
59633.116880852	
SGD: Magnitude of b:	
6.4667702847249	
    Current index:	9501	
    Magnitude of W_grad:	7.3845593941855	
    Magnitude of W:	59622.406502055	
    Magnitude of B_grad:	0.15482808096774	
    Magnitude of b:	6.7471454167627	

	
    Current index:	19501	
    Magnitude of W_grad:	6.0569196231782	
    Magnitude of W:	59612.900692137	
    Magnitude of B_grad:	0.043106715876149	
    Magnitude of b:	7.0873981920188	

	
    Current index:	29501	
    Magnitude of W_grad:	6.4167157957627	
    Magnitude of W:	59603.679599338	
    Magnitude of B_grad:	0.17565377154275	
    Magnitude of b:	7.1221682449011	

	
    Current index:	39501	
    Magnitude of W_grad:	7.4470045949406	
    Magnitude of W:	59593.223243144	
    Magnitude of B_grad:	0.12831236962655	
    Magnitude of b:	7.4665888641126	

	
    Current index:	49501	
    Magnitude of W_grad:	7.5550995351461	
    Magnitude of W:	59583.27216783	
    Magnitude of B_grad:	0.26597817176299	
    Magnitude of b:	6.5729968727112	

	
    Current index:	59501	
    Magnitude of W_grad:	7.8681147420466	
    Magnitude of W:	59572.414271082	
    Magnitude of B_grad:	0.22413105032405	
    Magnitude of b:	6.4011820382197	

	
    Current index:	69501	
    Magnitude of W_grad:	6.3324228455942	
    Magnitude of W:	59561.652426481	
    Magnitude of B_grad:	0.11201988324426	
    Magnitude of b:	6.6585214956904	

	
    Current index:	79501	
    Magnitude of W_grad:	6.4763673496233	
    Magnitude of W:	59552.000511484	
    Magnitude of B_grad:	0.0562268093804	
    Magnitude of b:	6.6344013169923	

	
    Current index:	89501	
    Magnitude of W_grad:	6.5345163342971	
    Magnitude of W:	59541.738059412	
    Magnitude of B_grad:	0.03422509621971	
    Magnitude of b:	6.7537693044972	

	
SGD: Loss is	
	LOSS:Calculated softmax res	
207115.0323724	
SGD: crossEntropyLoss is	
207115.0323724	
SGD: Validation Accuracy is:	
0.28610354223433	
SGD: Magnitude of W:	
59538.538320571	
SGD: Magnitude of b:	
6.4588622364141	
    Current index:	9501	
    Magnitude of W_grad:	7.3083156693828	
    Magnitude of W:	59527.996006464	
    Magnitude of B_grad:	0.154796647594	
    Magnitude of b:	6.7381097339691	

	
    Current index:	19501	
    Magnitude of W_grad:	5.9831917583925	
    Magnitude of W:	59518.705242244	
    Magnitude of B_grad:	0.044409696613996	
    Magnitude of b:	7.0761243810585	

	
    Current index:	29501	
    Magnitude of W_grad:	6.3448926281737	
    Magnitude of W:	59509.700918693	
    Magnitude of B_grad:	0.1709594693496	
    Magnitude of b:	7.1122314323767	

	
    Current index:	39501	
    Magnitude of W_grad:	7.3598377386926	
    Magnitude of W:	59499.549480663	
    Magnitude of B_grad:	0.1267223322061	
    Magnitude of b:	7.4555951102276	

	
    Current index:	49501	
    Magnitude of W_grad:	7.4634355326362	
    Magnitude of W:	59489.906847336	
    Magnitude of B_grad:	0.26527929753187	
    Magnitude of b:	6.5709790205578	

	
    Current index:	59501	
    Magnitude of W_grad:	7.727452515416	
    Magnitude of W:	59479.483878895	
    Magnitude of B_grad:	0.2219443691226	
    Magnitude of b:	6.3888113885463	

	
    Current index:	69501	
    Magnitude of W_grad:	6.3107545475001	
    Magnitude of W:	59468.965250698	
    Magnitude of B_grad:	0.11484252276151	
    Magnitude of b:	6.6481478212486	

	
    Current index:	79501	
    Magnitude of W_grad:	6.4174304855974	
    Magnitude of W:	59459.520031874	
    Magnitude of B_grad:	0.055276814712169	
    Magnitude of b:	6.6215270030976	

	
    Current index:	89501	
    Magnitude of W_grad:	6.4568657694957	
    Magnitude of W:	59449.411670632	
    Magnitude of B_grad:	0.033264062678557	
    Magnitude of b:	6.7406956237861	

	
SGD: Loss is	
	LOSS:Calculated softmax res	
204307.25252006	
SGD: crossEntropyLoss is	
204307.25252005	
SGD: Validation Accuracy is:	
0.28792007266122	
SGD: Magnitude of W:	
59446.309702032	
SGD: Magnitude of b:	
6.4515659505034	
    Current index:	9501	
    Magnitude of W_grad:	7.2327762090216	
    Magnitude of W:	59436.114910916	
    Magnitude of B_grad:	0.15493563290431	
    Magnitude of b:	6.729507921301	

	
    Current index:	19501	
    Magnitude of W_grad:	5.9098006349268	
    Magnitude of W:	59427.136601776	
    Magnitude of B_grad:	0.045394417282955	
    Magnitude of b:	7.0655701967411	

	
    Current index:	29501	
    Magnitude of W_grad:	6.2766458200006	
    Magnitude of W:	59418.335850492	
    Magnitude of B_grad:	0.16664782643261	
    Magnitude of b:	7.1026125207366	

	
    Current index:	39501	
    Magnitude of W_grad:	7.2742153749949	
    Magnitude of W:	59408.373982124	
    Magnitude of B_grad:	0.12501400705424	
    Magnitude of b:	7.4454693900853	

	
    Current index:	49501	
    Magnitude of W_grad:	7.3716294668562	
    Magnitude of W:	59398.963820387	
    Magnitude of B_grad:	0.26437202121757	
    Magnitude of b:	6.5695950338169	

	
    Current index:	59501	
    Magnitude of W_grad:	7.5915450280948	
    Magnitude of W:	59388.736389832	
    Magnitude of B_grad:	0.21979773425549	
    Magnitude of b:	6.3781100805989	

	
    Current index:	69501	
    Magnitude of W_grad:	6.2992914818478	
    Magnitude of W:	59378.390518654	
    Magnitude of B_grad:	0.11749761099085	
    Magnitude of b:	6.6391795944064	

	
    Current index:	79501	
    Magnitude of W_grad:	6.3613966714139	
    Magnitude of W:	59369.111380306	
    Magnitude of B_grad:	0.054446497321358	
    Magnitude of b:	6.6102905988434	

	
    Current index:	89501	
    Magnitude of W_grad:	6.3877276752474	
    Magnitude of W:	59359.221763022	
    Magnitude of B_grad:	0.032576135004376	
    Magnitude of b:	6.7290912631339	

	
SGD: Loss is	
	LOSS:Calculated softmax res	
201665.21017375	
SGD: crossEntropyLoss is	
201665.21017375	
SGD: Validation Accuracy is:	
0.28792007266122	
SGD: Magnitude of W:	
59356.15266907	
SGD: Magnitude of b:	
6.4451219444086	
    Current index:	9501	
    Magnitude of W_grad:	7.1575628608864	
    Magnitude of W:	59346.326744975	
    Magnitude of B_grad:	0.15516363848968	
    Magnitude of b:	6.7215067750962	

	
    Current index:	19501	
    Magnitude of W_grad:	5.8415329216131	
    Magnitude of W:	59337.489660428	
    Magnitude of B_grad:	0.046090173799905	
    Magnitude of b:	7.0558365315844	

	
    Current index:	29501	
    Magnitude of W_grad:	6.2110267891631	
    Magnitude of W:	59328.851795869	
    Magnitude of B_grad:	0.16265839149111	
    Magnitude of b:	7.0934664559174	

	
    Current index:	39501	
    Magnitude of W_grad:	7.1863317017794	
    Magnitude of W:	59319.129189473	
    Magnitude of B_grad:	0.12322508243332	
    Magnitude of b:	7.4362805473588	

	
    Current index:	49501	
    Magnitude of W_grad:	7.2799578210571	
    Magnitude of W:	59309.834568287	
    Magnitude of B_grad:	0.26325987256903	
    Magnitude of b:	6.5688734021309	

	
    Current index:	59501	
    Magnitude of W_grad:	7.4619017007544	
    Magnitude of W:	59299.849562173	
    Magnitude of B_grad:	0.21768445188489	
    Magnitude of b:	6.3689404259026	

	
    Current index:	69501	
    Magnitude of W_grad:	6.3001232629605	
    Magnitude of W:	59289.725114675	
    Magnitude of B_grad:	0.11969302329691	
    Magnitude of b:	6.6313827853645	

	
    Current index:	79501	
    Magnitude of W_grad:	6.3065865433199	
    Magnitude of W:	59280.733299076	
    Magnitude of B_grad:	0.053727385705697	
    Magnitude of b:	6.6006412994785	

	
    Current index:	89501	
    Magnitude of W_grad:	6.3211422395216	
    Magnitude of W:	59271.055427451	
    Magnitude of B_grad:	0.032102151704572	
    Magnitude of b:	6.7189217530081	

	
SGD: Loss is	
	LOSS:Calculated softmax res	
199170.45023919	
SGD: crossEntropyLoss is	
199170.45023919	
SGD: Validation Accuracy is:	
0.29427792915531	
SGD: Magnitude of W:	
59268.045444091	
SGD: Magnitude of b:	
6.4396312674151	
    Current index:	9501	
    Magnitude of W_grad:	7.0821426953996	
    Magnitude of W:	59258.403858086	
    Magnitude of B_grad:	0.15542007469266	
    Magnitude of b:	6.7141629801543	

	
    Current index:	19501	
    Magnitude of W_grad:	5.7758962851544	
    Magnitude of W:	59249.769048704	
    Magnitude of B_grad:	0.046530459968855	
    Magnitude of b:	7.046935891525	

	
    Current index:	29501	
    Magnitude of W_grad:	6.1492417445276	
    Magnitude of W:	59241.336242382	
    Magnitude of B_grad:	0.15893643843794	
    Magnitude of b:	7.0848527842175	

	
    Current index:	39501	
    Magnitude of W_grad:	7.097322118624	
    Magnitude of W:	59231.806652093	
    Magnitude of B_grad:	0.12138719597342	
    Magnitude of b:	7.4280080388232	

	
    Current index:	49501	
    Magnitude of W_grad:	7.1896160832849	
    Magnitude of W:	59222.690262637	
    Magnitude of B_grad:	0.26195882231414	
    Magnitude of b:	6.5687751959418	

	
    Current index:	59501	
    Magnitude of W_grad:	7.3403697506603	
    Magnitude of W:	59213.031265221	
    Magnitude of B_grad:	0.21560305727826	
    Magnitude of b:	6.3611300508825	

	
    Current index:	69501	
    Magnitude of W_grad:	6.3047633014415	
    Magnitude of W:	59203.135659261	
    Magnitude of B_grad:	0.12131455086919	
    Magnitude of b:	6.6245743158839	

	
    Current index:	79501	
    Magnitude of W_grad:	6.2536222292581	
    Magnitude of W:	59194.4452599	
    Magnitude of B_grad:	0.053110190420873	
    Magnitude of b:	6.5924582871513	

	
    Current index:	89501	
    Magnitude of W_grad:	6.2576783539482	
    Magnitude of W:	59184.980033168	
    Magnitude of B_grad:	0.031792701940958	
    Magnitude of b:	6.7100902915	

	
SGD: Loss is	
	LOSS:Calculated softmax res	
196807.69337027	
SGD: crossEntropyLoss is	
196807.69337027	
SGD: Validation Accuracy is:	
0.29791099000908	
SGD: Magnitude of W:	
59182.032660165	
SGD: Magnitude of b:	
6.4350886594847	
    Current index:	9501	
    Magnitude of W_grad:	7.0073384812898	
    Magnitude of W:	59172.478916505	
    Magnitude of B_grad:	0.15566100050457	
    Magnitude of b:	6.707464597102	

	
    Current index:	19501	
    Magnitude of W_grad:	5.7148351909839	
    Magnitude of W:	59164.204611518	
    Magnitude of B_grad:	0.046750428860745	
    Magnitude of b:	7.0388260720243	

	
    Current index:	29501	
    Magnitude of W_grad:	6.08947592223	
    Magnitude of W:	59155.9290366	
    Magnitude of B_grad:	0.15681722486229	
    Magnitude of b:	7.076771599781	

	
    Current index:	39501	
    Magnitude of W_grad:	7.006585090966	
    Magnitude of W:	59146.601452009	
    Magnitude of B_grad:	0.11952683894753	
    Magnitude of b:	7.4205793705045	

	
    Current index:	49501	
    Magnitude of W_grad:	7.0992948897469	
    Magnitude of W:	59137.649477307	
    Magnitude of B_grad:	0.26049597934317	
    Magnitude of b:	6.5692272584479	

	
    Current index:	59501	
    Magnitude of W_grad:	7.2245284307264	
    Magnitude of W:	59128.197118179	
    Magnitude of B_grad:	0.21355478467112	
    Magnitude of b:	6.3545016153879	

	
    Current index:	69501	
    Magnitude of W_grad:	6.3044081529241	
    Magnitude of W:	59118.485368849	
    Magnitude of B_grad:	0.12238261512738	
    Magnitude of b:	6.6186246764097	

	
    Current index:	79501	
    Magnitude of W_grad:	6.2008454326889	
    Magnitude of W:	59109.913848627	
    Magnitude of B_grad:	0.052584699738805	
    Magnitude of b:	6.5855820707277	

	
    Current index:	89501	
    Magnitude of W_grad:	6.1974700538261	
    Magnitude of W:	59100.633350423	
    Magnitude of B_grad:	0.031608677905055	
    Magnitude of b:	6.7024673632087	

	
SGD: Loss is	
	LOSS:Calculated softmax res	
194564.06757237	
SGD: crossEntropyLoss is	
194564.06757237	
SGD: Validation Accuracy is:	
0.30154405086285	
SGD: Magnitude of W:	
59097.726004682	
SGD: Magnitude of b:	
6.431424229345	
    Current index:	9501	
    Magnitude of W_grad:	6.9326912787605	
    Magnitude of W:	59088.321960585	
    Magnitude of B_grad:	0.15585559277604	
    Magnitude of b:	6.7013606576505	

	
    Current index:	19501	
    Magnitude of W_grad:	5.6576306827049	
    Magnitude of W:	59080.210407219	
    Magnitude of B_grad:	0.046784911668138	
    Magnitude of b:	7.0314351063783	

	
    Current index:	29501	
    Magnitude of W_grad:	6.0321627289639	
    Magnitude of W:	59072.064215428	
    Magnitude of B_grad:	0.15565755588967	
    Magnitude of b:	7.0691893585031	

	
    Current index:	39501	
    Magnitude of W_grad:	6.9161034703212	
    Magnitude of W:	59063.037925316	
    Magnitude of B_grad:	0.1176658839542	
    Magnitude of b:	7.4138981928099	

	
    Current index:	49501	
    Magnitude of W_grad:	7.0089235930603	
    Magnitude of W:	59054.23560387	
    Magnitude of B_grad:	0.25890664672262	
    Magnitude of b:	6.5701437200014	

	
    Current index:	59501	
    Magnitude of W_grad:	7.1145249390868	
    Magnitude of W:	59045.040819292	
    Magnitude of B_grad:	0.21154170748615	
    Magnitude of b:	6.3488871403894	

	
    Current index:	69501	
    Magnitude of W_grad:	6.2967106274545	
    Magnitude of W:	59035.506437352	
    Magnitude of B_grad:	0.12297452956896	
    Magnitude of b:	6.6134326652223	

	
    Current index:	79501	
    Magnitude of W_grad:	6.1496506333383	
    Magnitude of W:	59027.222225616	
    Magnitude of B_grad:	0.052140235790157	
    Magnitude of b:	6.5798440430331	

	
    Current index:	89501	
    Magnitude of W_grad:	6.138542428453	
    Magnitude of W:	59018.151995572	
    Magnitude of B_grad:	0.031520082485992	
    Magnitude of b:	6.6959167820542	

	
SGD: Loss is	
	LOSS:Calculated softmax res	
192428.65197209	
SGD: crossEntropyLoss is	
192428.65197209	
SGD: Validation Accuracy is:	
0.29881925522253	
SGD: Magnitude of W:	
59015.326859658	
SGD: Magnitude of b:	
6.4285393501042	
    Current index:	9501	
    Magnitude of W_grad:	6.857788815906	
    Magnitude of W:	59006.102810716	
    Magnitude of B_grad:	0.15598326455693	
    Magnitude of b:	6.6957834203028	

	
    Current index:	19501	
    Magnitude of W_grad:	5.6029548770387	
    Magnitude of W:	58998.149125131	
    Magnitude of B_grad:	0.046666986681603	
    Magnitude of b:	7.0246806679106	

	
    Current index:	29501	
    Magnitude of W_grad:	5.9786910676588	
    Magnitude of W:	58990.204407482	
    Magnitude of B_grad:	0.15518535168234	
    Magnitude of b:	7.0620581745377	

	
    Current index:	39501	
    Magnitude of W_grad:	6.8281853356057	
    Magnitude of W:	58981.355294481	
    Magnitude of B_grad:	0.11582202705068	
    Magnitude of b:	7.4078642759596	

	
    Current index:	49501	
    Magnitude of W_grad:	6.9188588430659	
    Magnitude of W:	58972.751423331	
    Magnitude of B_grad:	0.25722984503955	
    Magnitude of b:	6.5714398426052	

	
    Current index:	59501	
    Magnitude of W_grad:	7.0099132260504	
    Magnitude of W:	58963.745124942	
    Magnitude of B_grad:	0.20956572448478	
    Magnitude of b:	6.3441351265679	

	
    Current index:	69501	
    Magnitude of W_grad:	6.2822046128866	
    Magnitude of W:	58954.441148341	
    Magnitude of B_grad:	0.12317508016733	
    Magnitude of b:	6.6089089528304	

	
    Current index:	79501	
    Magnitude of W_grad:	6.1002564135626	
    Magnitude of W:	58946.344294068	
    Magnitude of B_grad:	0.051766124613544	
    Magnitude of b:	6.5750843305809	

	
    Current index:	89501	
    Magnitude of W_grad:	6.0812858381759	
    Magnitude of W:	58937.512829648	
    Magnitude of B_grad:	0.031504417898244	
    Magnitude of b:	6.6903105456185	

	
SGD: Loss is	
	LOSS:Calculated softmax res	
190392.10012202	
SGD: crossEntropyLoss is	
190392.10012202	
SGD: Validation Accuracy is:	
0.30154405086285	
SGD: Magnitude of W:	
58934.732436954	
SGD: Magnitude of b:	
6.4263294925161	
    Current index:	9501	
    Magnitude of W_grad:	6.7833061690053	
    Magnitude of W:	58925.666740469	
    Magnitude of B_grad:	0.15603135035036	
    Magnitude of b:	6.6906626295367	

	
    Current index:	19501	
    Magnitude of W_grad:	5.5503559211238	
    Magnitude of W:	58917.801572098	
    Magnitude of B_grad:	0.04642696411758	
    Magnitude of b:	7.0184823222932	

	
    Current index:	29501	
    Magnitude of W_grad:	5.9275469763851	
    Magnitude of W:	58909.995613324	
    Magnitude of B_grad:	0.15702151556723	
    Magnitude of b:	7.055327853643	

	
    Current index:	39501	
    Magnitude of W_grad:	6.7469096401185	
    Magnitude of W:	58901.315637976	
    Magnitude of B_grad:	0.11400924488607	
    Magnitude of b:	7.4023845952191	

	
    Current index:	49501	
    Magnitude of W_grad:	6.8295050228405	
    Magnitude of W:	58893.049363212	
    Magnitude of B_grad:	0.25550330406639	
    Magnitude of b:	6.5730391553548	

	
    Current index:	59501	
    Magnitude of W_grad:	6.9106814133349	
    Magnitude of W:	58884.310206632	
    Magnitude of B_grad:	0.20762813293135	
    Magnitude of b:	6.3401131454032	

	
    Current index:	69501	
    Magnitude of W_grad:	6.2625207807124	
    Magnitude of W:	58875.133698471	
    Magnitude of B_grad:	0.12305749527456	
    Magnitude of b:	6.604970909621	

	
    Current index:	79501	
    Magnitude of W_grad:	6.0509706355857	
    Magnitude of W:	58867.159750316	
    Magnitude of B_grad:	0.051452028658814	
    Magnitude of b:	6.5711593992101	

	
    Current index:	89501	
    Magnitude of W_grad:	6.0277379979714	
    Magnitude of W:	58858.550187132	
    Magnitude of B_grad:	0.031545095436421	
    Magnitude of b:	6.6855342597741	

	
SGD: Loss is	
	LOSS:Calculated softmax res	
188446.31710906	
SGD: crossEntropyLoss is	
188446.31710906	
SGD: Validation Accuracy is:	
0.30154405086285	
SGD: Magnitude of W:	
58855.823241889	
SGD: Magnitude of b:	
6.4246958056627	
    Current index:	9501	
    Magnitude of W_grad:	6.7101235943605	
    Magnitude of W:	58846.945549529	
    Magnitude of B_grad:	0.15599326888924	
    Magnitude of b:	6.6859330051734	

	
    Current index:	19501	
    Magnitude of W_grad:	5.5017746601788	
    Magnitude of W:	58839.202291619	
    Magnitude of B_grad:	0.046091773190977	
    Magnitude of b:	7.0127674859881	

	
    Current index:	29501	
    Magnitude of W_grad:	5.8810576767166	
    Magnitude of W:	58831.5476004	
    Magnitude of B_grad:	0.15862319618389	
    Magnitude of b:	7.0489519384984	

	
    Current index:	39501	
    Magnitude of W_grad:	6.6727818700222	
    Magnitude of W:	58823.0703935	
    Magnitude of B_grad:	0.11223828988692	
    Magnitude of b:	7.3973776570873	

	
    Current index:	49501	
    Magnitude of W_grad:	6.7427174210106	
    Magnitude of W:	58814.951252395	
    Magnitude of B_grad:	0.25375931222142	
    Magnitude of b:	6.5748759467209	

	
    Current index:	59501	
    Magnitude of W_grad:	6.8167716278516	
    Magnitude of W:	58806.380480593	
    Magnitude of B_grad:	0.20572952454046	
    Magnitude of b:	6.3367073685966	

	
    Current index:	69501	
    Magnitude of W_grad:	6.2387922419992	
    Magnitude of W:	58797.342959745	
    Magnitude of B_grad:	0.12267989778876	
    Magnitude of b:	6.6015421704061	

	
    Current index:	79501	
    Magnitude of W_grad:	6.0022385400712	
    Magnitude of W:	58789.507499064	
    Magnitude of B_grad:	0.051188213965578	
    Magnitude of b:	6.5679437974235	

	
    Current index:	89501	
    Magnitude of W_grad:	5.9752857260797	
    Magnitude of W:	58781.072780185	
    Magnitude of B_grad:	0.031630008209433	
    Magnitude of b:	6.6814874505629	

	
SGD: Loss is	
	LOSS:Calculated softmax res	
186584.20442858	
SGD: crossEntropyLoss is	
186584.20442858	
SGD: Validation Accuracy is:	
0.30063578564941	
SGD: Magnitude of W:	
58778.387323123	
SGD: Magnitude of b:	
6.4235496430495	
    Current index:	9501	
    Magnitude of W_grad:	6.6373199583761	
    Magnitude of W:	58769.780897829	
    Magnitude of B_grad:	0.15586706161375	
    Magnitude of b:	6.6815372926708	

	
    Current index:	19501	
    Magnitude of W_grad:	5.4572365030505	
    Magnitude of W:	58762.206212014	
    Magnitude of B_grad:	0.045684729408479	
    Magnitude of b:	7.0074732866972	

	
    Current index:	29501	
    Magnitude of W_grad:	5.836733662873	
    Magnitude of W:	58754.771486548	
    Magnitude of B_grad:	0.16001127760625	
    Magnitude of b:	7.0428899636585	

	
    Current index:	39501	
    Magnitude of W_grad:	6.6004816980827	
    Magnitude of W:	58746.495554398	
    Magnitude of B_grad:	0.11051721291192	
    Magnitude of b:	7.3927739963383	

	
    Current index:	49501	
    Magnitude of W_grad:	6.6588415216483	
    Magnitude of W:	58738.53348146	
    Magnitude of B_grad:	0.25202240316096	
    Magnitude of b:	6.5768952470141	

	
    Current index:	59501	
    Magnitude of W_grad:	6.7291913016694	
    Magnitude of W:	58730.114695709	
    Magnitude of B_grad:	0.20386984691737	
    Magnitude of b:	6.3338205269437	

	
    Current index:	69501	
    Magnitude of W_grad:	6.2119644180379	
    Magnitude of W:	58721.196462185	
    Magnitude of B_grad:	0.12208716911788	
    Magnitude of b:	6.5985530896209	

	
    Current index:	79501	
    Magnitude of W_grad:	5.953511785734	
    Magnitude of W:	58713.526759358	
    Magnitude of B_grad:	0.050965785915743	
    Magnitude of b:	6.5653292160527	

	
    Current index:	89501	
    Magnitude of W_grad:	5.9233213299508	
    Magnitude of W:	58705.261601467	
    Magnitude of B_grad:	0.031750329568465	
    Magnitude of b:	6.6780818837936	

	
SGD: Loss is	
	LOSS:Calculated softmax res	
184799.47029767	
SGD: crossEntropyLoss is	
184799.47029767	
SGD: Validation Accuracy is:	
0.30063578564941	
SGD: Magnitude of W:	
58702.599977995	
SGD: Magnitude of b:	
6.4228133675156	
    Current index:	9501	
    Magnitude of W_grad:	6.56476183267	
    Magnitude of W:	58694.13730903	
    Magnitude of B_grad:	0.1556542152304	
    Magnitude of b:	6.6774268452805	

	
    Current index:	19501	
    Magnitude of W_grad:	5.414945969454	
    Magnitude of W:	58686.70944911	
    Magnitude of B_grad:	0.045225604178704	
    Magnitude of b:	7.0025462530405	

	
    Current index:	29501	
    Magnitude of W_grad:	5.7941915047631	
    Magnitude of W:	58679.429108352	
    Magnitude of B_grad:	0.16120408209579	
    Magnitude of b:	7.0371076967743	

	
    Current index:	39501	
    Magnitude of W_grad:	6.5300997671619	
    Magnitude of W:	58671.303068306	
    Magnitude of B_grad:	0.10885188532817	
    Magnitude of b:	7.3885149891815	

	
    Current index:	49501	
    Magnitude of W_grad:	6.5777186075334	
    Magnitude of W:	58663.492686175	
    Magnitude of B_grad:	0.25030900627607	
    Magnitude of b:	6.5790517197946	

	
    Current index:	59501	
    Magnitude of W_grad:	6.6474858645193	
    Magnitude of W:	58655.208390665	
    Magnitude of B_grad:	0.20204854254574	
    Magnitude of b:	6.3313694768403	

	
    Current index:	69501	
    Magnitude of W_grad:	6.1821996868216	
    Magnitude of W:	58646.48128695	
    Magnitude of B_grad:	0.12131391891056	
    Magnitude of b:	6.5959409616689	

	
    Current index:	79501	
    Magnitude of W_grad:	5.9076765503019	
    Magnitude of W:	58639.00845241	
    Magnitude of B_grad:	0.050776869376299	
    Magnitude of b:	6.5632225976818	

	
    Current index:	89501	
    Magnitude of W_grad:	5.8722139627877	
    Magnitude of W:	58630.882355936	
    Magnitude of B_grad:	0.031899555509692	
    Magnitude of b:	6.6752395304284	

	
SGD: Loss is	
	LOSS:Calculated softmax res	
183086.49158752	
SGD: crossEntropyLoss is	
183086.49158752	
SGD: Validation Accuracy is:	
0.30426884650318	
SGD: Magnitude of W:	
58628.288131977	
SGD: Magnitude of b:	
6.4224195156373	
    Current index:	9501	
    Magnitude of W_grad:	6.4930432775341	
    Magnitude of W:	58619.966666983	
    Magnitude of B_grad:	0.1553587020013	
    Magnitude of b:	6.6735610182904	

	
    Current index:	19501	
    Magnitude of W_grad:	5.3738042808977	
    Magnitude of W:	58612.597788175	
    Magnitude of B_grad:	0.044730891768668	
    Magnitude of b:	6.9979410979465	

	
    Current index:	29501	
    Magnitude of W_grad:	5.7528213248807	
    Magnitude of W:	58605.460646139	
    Magnitude of B_grad:	0.16221797281101	
    Magnitude of b:	7.0315764842445	

	
    Current index:	39501	
    Magnitude of W_grad:	6.4603127646092	
    Magnitude of W:	58597.470099846	
    Magnitude of B_grad:	0.10724648766953	
    Magnitude of b:	7.3845511789773	

	
    Current index:	49501	
    Magnitude of W_grad:	6.5038592801226	
    Magnitude of W:	58589.814983024	
    Magnitude of B_grad:	0.24862850725303	
    Magnitude of b:	6.5813082281948	

	
    Current index:	59501	
    Magnitude of W_grad:	6.5722231150166	
    Magnitude of W:	58581.706826268	
    Magnitude of B_grad:	0.20026470785353	
    Magnitude of b:	6.3292830124436	

	
    Current index:	69501	
    Magnitude of W_grad:	6.1497080734842	
    Magnitude of W:	58573.154297023	
    Magnitude of B_grad:	0.12038716111167	
    Magnitude of b:	6.5936499365464	

	
    Current index:	79501	
    Magnitude of W_grad:	5.8634622278236	
    Magnitude of W:	58565.811549071	
    Magnitude of B_grad:	0.05061470328196	
    Magnitude of b:	6.5615441168431	

	
    Current index:	89501	
    Magnitude of W_grad:	5.8224659977891	
    Magnitude of W:	58557.833759361	
    Magnitude of B_grad:	0.032072776047883	
    Magnitude of b:	6.6728908579487	

	
SGD: Loss is	
	LOSS:Calculated softmax res	
181440.21224865	
SGD: crossEntropyLoss is	
181440.21224865	
SGD: Validation Accuracy is:	
0.30426884650318	
SGD: Magnitude of W:	
58555.275102055	
SGD: Magnitude of b:	
6.4223094687568	
    Current index:	9501	
    Magnitude of W_grad:	6.4221622830352	
    Magnitude of W:	58547.055251851	
    Magnitude of B_grad:	0.15498619593085	
    Magnitude of b:	6.6699061097726	

	
    Current index:	19501	
    Magnitude of W_grad:	5.3333804321186	
    Magnitude of W:	58539.772828673	
    Magnitude of B_grad:	0.044214175965176	
    Magnitude of b:	6.9936193061943	

	
    Current index:	29501	
    Magnitude of W_grad:	5.712603608384	
    Magnitude of W:	58532.701034231	
    Magnitude of B_grad:	0.16306778012093	
    Magnitude of b:	7.0262723208631	

	
    Current index:	39501	
    Magnitude of W_grad:	6.3913038112504	
    Magnitude of W:	58524.882144856	
    Magnitude of B_grad:	0.10570393676703	
    Magnitude of b:	7.3808406614701	

	
    Current index:	49501	
    Magnitude of W_grad:	6.4345865601223	
    Magnitude of W:	58517.409248583	
    Magnitude of B_grad:	0.2469849573322	
    Magnitude of b:	6.5836344342491	

	
    Current index:	59501	
    Magnitude of W_grad:	6.5014927559705	
    Magnitude of W:	58509.418244211	
    Magnitude of B_grad:	0.19851723523518	
    Magnitude of b:	6.3275001216741	

	
    Current index:	69501	
    Magnitude of W_grad:	6.1148540925124	
    Magnitude of W:	58501.03735912	
    Magnitude of B_grad:	0.11932840494573	
    Magnitude of b:	6.5916307669318	

	
    Current index:	79501	
    Magnitude of W_grad:	5.8193059591368	
    Magnitude of W:	58493.858155304	
    Magnitude of B_grad:	0.05047364198172	
    Magnitude of b:	6.5602253564278	

	
    Current index:	89501	
    Magnitude of W_grad:	5.7746601205293	
    Magnitude of W:	58486.032054223	
    Magnitude of B_grad:	0.032266142611937	
    Magnitude of b:	6.6709736164794	

	
SGD: Loss is	
	LOSS:Calculated softmax res	
179856.06626032	
SGD: crossEntropyLoss is	
179856.06626032	
SGD: Validation Accuracy is:	
0.30517711171662	
SGD: Magnitude of W:	
58483.516562698	
SGD: Magnitude of b:	
6.4224321768104	
    Current index:	9501	
    Magnitude of W_grad:	6.3528805831906	
    Magnitude of W:	58475.567510361	
    Magnitude of B_grad:	0.15454343899136	
    Magnitude of b:	6.666434227507	

	
    Current index:	19501	
    Magnitude of W_grad:	5.2931020139078	
    Magnitude of W:	58468.378264491	
    Magnitude of B_grad:	0.043686523878461	
    Magnitude of b:	6.9895478626603	

	
    Current index:	29501	
    Magnitude of W_grad:	5.6740845908772	
    Magnitude of W:	58461.412958709	
    Magnitude of B_grad:	0.16376709100053	
    Magnitude of b:	7.0211749463046	

	
    Current index:	39501	
    Magnitude of W_grad:	6.3233830348229	
    Magnitude of W:	58453.894149052	
    Magnitude of B_grad:	0.10422623327302	
    Magnitude of b:	7.3773477208965	

	
    Current index:	49501	
    Magnitude of W_grad:	6.3699037796123	
    Magnitude of W:	58446.588254207	
    Magnitude of B_grad:	0.24537882759823	
    Magnitude of b:	6.5860055657485	

	
    Current index:	59501	
    Magnitude of W_grad:	6.4360460502955	
    Magnitude of W:	58438.733626726	
    Magnitude of B_grad:	0.19680492034786	
    Magnitude of b:	6.3259686512354	

	
    Current index:	69501	
    Magnitude of W_grad:	6.0782569801872	
    Magnitude of W:	58430.548411423	
    Magnitude of B_grad:	0.11815521229631	
    Magnitude of b:	6.58984048796	

	
    Current index:	79501	
    Magnitude of W_grad:	5.7754055172473	
    Magnitude of W:	58423.504613214	
    Magnitude of B_grad:	0.050349078163639	
    Magnitude of b:	6.5592077609574	

	
    Current index:	89501	
    Magnitude of W_grad:	5.7284011497152	
    Magnitude of W:	58415.893571793	
    Magnitude of B_grad:	0.032476493624424	
    Magnitude of b:	6.6694320552207	

	
SGD: Loss is	
	LOSS:Calculated softmax res	
178329.91694663	
SGD: crossEntropyLoss is	
178329.91694663	
SGD: Validation Accuracy is:	
0.30790190735695	
SGD: Magnitude of W:	
58413.420608337	
SGD: Magnitude of b:	
6.4227431289396	
    Current index:	9501	
    Magnitude of W_grad:	6.284342481972	
    Magnitude of W:	58405.618122153	
    Magnitude of B_grad:	0.15403773881569	
    Magnitude of b:	6.6631222511727	

	
    Current index:	19501	
    Magnitude of W_grad:	5.2531526511764	
    Magnitude of W:	58398.563194435	
    Magnitude of B_grad:	0.043156862270976	
    Magnitude of b:	6.9856982340912	

	
    Current index:	29501	
    Magnitude of W_grad:	5.6360855656883	
    Magnitude of W:	58391.685089421	
    Magnitude of B_grad:	0.16432844364622	
    Magnitude of b:	7.0162670877848	

	
    Current index:	39501	
    Magnitude of W_grad:	6.2565097914441	
    Magnitude of W:	58384.325872694	
    Magnitude of B_grad:	0.10281472318435	
    Magnitude of b:	7.3740417448277	

	
    Current index:	49501	
    Magnitude of W_grad:	6.3091401847686	
    Magnitude of W:	58377.135277632	
    Magnitude of B_grad:	0.2438084803751	
    Magnitude of b:	6.5884013765765	

	
    Current index:	59501	
    Magnitude of W_grad:	6.3754809455458	
    Magnitude of W:	58369.372687929	
    Magnitude of B_grad:	0.19512653262175	
    Magnitude of b:	6.3246442725631	

	
    Current index:	69501	
    Magnitude of W_grad:	6.0401989949177	
    Magnitude of W:	58361.363364044	
    Magnitude of B_grad:	0.11688234280957	
    Magnitude of b:	6.5882420758873	

	
    Current index:	79501	
    Magnitude of W_grad:	5.73168812164	
    Magnitude of W:	58354.415052744	
    Magnitude of B_grad:	0.050237314094508	
    Magnitude of b:	6.5584413443714	

	
    Current index:	89501	
    Magnitude of W_grad:	5.6833238579484	
    Magnitude of W:	58346.885554134	
    Magnitude of B_grad:	0.03270110286627	
    Magnitude of b:	6.668216428291	

	
SGD: Loss is	
	LOSS:Calculated softmax res	
176858.00751428	
SGD: crossEntropyLoss is	
176858.00751428	
SGD: Validation Accuracy is:	
0.30790190735695	
SGD: Magnitude of W:	
58344.485323577	
SGD: Magnitude of b:	
6.4232035841751	
    Current index:	9501	
    Magnitude of W_grad:	6.2168071475342	
    Magnitude of W:	58336.786074471	
    Magnitude of B_grad:	0.15347658124062	
    Magnitude of b:	6.6599509458142	

	
    Current index:	19501	
    Magnitude of W_grad:	5.2145080623004	
    Magnitude of W:	58329.838868321	
    Magnitude of B_grad:	0.042632314568888	
    Magnitude of b:	6.9820456018165	

	
    Current index:	29501	
    Magnitude of W_grad:	5.5991980833042	
    Magnitude of W:	58323.033601981	
    Magnitude of B_grad:	0.16476346131153	
    Magnitude of b:	7.0115338726031	

	
    Current index:	39501	
    Magnitude of W_grad:	6.1907928754414	
    Magnitude of W:	58315.814332857	
    Magnitude of B_grad:	0.10147027760417	
    Magnitude of b:	7.3708963853102	

	
    Current index:	49501	
    Magnitude of W_grad:	6.252105351437	
    Magnitude of W:	58308.740300849	
    Magnitude of B_grad:	0.24227125663981	
    Magnitude of b:	6.5908052848687	

	
    Current index:	59501	
    Magnitude of W_grad:	6.3181555915734	
    Magnitude of W:	58301.126918814	
    Magnitude of B_grad:	0.19348085609909	
    Magnitude of b:	6.3234896459995	

	
    Current index:	69501	
    Magnitude of W_grad:	6.0007518605977	
    Magnitude of W:	58293.280903373	
    Magnitude of B_grad:	0.11552259516106	
    Magnitude of b:	6.5868040999615	

	
    Current index:	79501	
    Magnitude of W_grad:	5.6885757878262	
    Magnitude of W:	58286.467017922	
    Magnitude of B_grad:	0.050135409548539	
    Magnitude of b:	6.5578836007786	

	
    Current index:	89501	
    Magnitude of W_grad:	5.6391141050551	
    Magnitude of W:	58279.125399352	
    Magnitude of B_grad:	0.032937520377057	
    Magnitude of b:	6.6672826515399	

	
SGD: Loss is	
	LOSS:Calculated softmax res	
175436.91964565	
SGD: crossEntropyLoss is	
175436.91964565	
SGD: Validation Accuracy is:	
0.30608537693006	
SGD: Magnitude of W:	
58276.727127116	
SGD: Magnitude of b:	
6.4237800024527	
    Current index:	9501	
    Magnitude of W_grad:	6.1503113243655	
    Magnitude of W:	58269.194940031	
    Magnitude of B_grad:	0.15286734107052	
    Magnitude of b:	6.6569042299038	

	
    Current index:	19501	
    Magnitude of W_grad:	5.1769676220129	
    Magnitude of W:	58262.435537608	
    Magnitude of B_grad:	0.042118491985136	
    Magnitude of b:	6.9785682965735	

	
    Current index:	29501	
    Magnitude of W_grad:	5.5633975401925	
    Magnitude of W:	58255.710269677	
    Magnitude of B_grad:	0.16508294885549	
    Magnitude of b:	7.0069623916776	

	
    Current index:	39501	
    Magnitude of W_grad:	6.1263779443432	
    Magnitude of W:	58248.646181229	
    Magnitude of B_grad:	0.1001934028443	
    Magnitude of b:	7.3678889193245	

	
    Current index:	49501	
    Magnitude of W_grad:	6.1981422705959	
    Magnitude of W:	58241.728275564	
    Magnitude of B_grad:	0.24076420730295	
    Magnitude of b:	6.5932036651753	

	
    Current index:	59501	
    Magnitude of W_grad:	6.2629450632816	
    Magnitude of W:	58234.310083622	
    Magnitude of B_grad:	0.19186671104848	
    Magnitude of b:	6.3224737069354	

	
    Current index:	69501	
    Magnitude of W_grad:	5.9597225291265	
    Magnitude of W:	58226.578056834	
    Magnitude of B_grad:	0.11408742303354	
    Magnitude of b:	6.5855003666854	

	
    Current index:	79501	
    Magnitude of W_grad:	5.64600605346	
    Magnitude of W:	58219.894551562	
    Magnitude of B_grad:	0.050041030017647	
    Magnitude of b:	6.557498569541	

	
    Current index:	89501	
    Magnitude of W_grad:	5.5960120772967	
    Magnitude of W:	58212.711184845	
    Magnitude of B_grad:	0.033183481032303	
    Magnitude of b:	6.6665920058907	

	
SGD: Loss is	
	LOSS:Calculated softmax res	
174063.53814486	
SGD: crossEntropyLoss is	
174063.53814486	
SGD: Validation Accuracy is:	
0.30608537693006	
SGD: Magnitude of W:	
58210.364785637	
SGD: Magnitude of b:	
6.424443601876	
    Current index:	9501	
    Magnitude of W_grad:	6.0850118318796	
    Magnitude of W:	58202.998014381	
    Magnitude of B_grad:	0.15221707444358	
    Magnitude of b:	6.6539685814111	

	
    Current index:	19501	
    Magnitude of W_grad:	5.1396699576289	
    Magnitude of W:	58196.33991033	
    Magnitude of B_grad:	0.041619740748266	
    Magnitude of b:	6.9752473779383	

	
    Current index:	29501	
    Magnitude of W_grad:	5.5280968510682	
    Magnitude of W:	58189.67170243	
    Magnitude of B_grad:	0.1652969665955	
    Magnitude of b:	7.0025413809528	

	
    Current index:	39501	
    Magnitude of W_grad:	6.0637112890651	
    Magnitude of W:	58182.667888134	
    Magnitude of B_grad:	0.098984297325821	
    Magnitude of b:	7.3649997625379	

	
    Current index:	49501	
    Magnitude of W_grad:	6.14657386613	
    Magnitude of W:	58175.909146056	
    Magnitude of B_grad:	0.23928454462499	
    Magnitude of b:	6.5955852748114	

	
    Current index:	59501	
    Magnitude of W_grad:	6.2097117091613	
    Magnitude of W:	58168.657157239	
    Magnitude of B_grad:	0.19028296640351	
    Magnitude of b:	6.3215710192522	

	
    Current index:	69501	
    Magnitude of W_grad:	5.9172936952425	
    Magnitude of W:	58161.015184441	
    Magnitude of B_grad:	0.11258737783141	
    Magnitude of b:	6.5843095472514	

	
    Current index:	79501	
    Magnitude of W_grad:	5.6048400655355	
    Magnitude of W:	58154.504009616	
    Magnitude of B_grad:	0.049952311289618	
    Magnitude of b:	6.557256017831	

	
    Current index:	89501	
    Magnitude of W_grad:	5.5536295497321	
    Magnitude of W:	58147.398681558	
    Magnitude of B_grad:	0.033436860657434	
    Magnitude of b:	6.666110822236	

	
SGD: Loss is	
	LOSS:Calculated softmax res	
172735.02028235	
SGD: crossEntropyLoss is	
172735.02028235	
SGD: Validation Accuracy is:	
0.30336058128974	
SGD: Magnitude of W:	
58145.128004238	
SGD: Magnitude of b:	
6.425169979528	
    Current index:	9501	
    Magnitude of W_grad:	6.021242070373	
    Magnitude of W:	58137.86398111	
    Magnitude of B_grad:	0.15153237698664	
    Magnitude of b:	6.6511325601459	

	
    Current index:	19501	
    Magnitude of W_grad:	5.102526370606	
    Magnitude of W:	58131.287589063	
    Magnitude of B_grad:	0.041139351152515	
    Magnitude of b:	6.9720663084522	

	
    Current index:	29501	
    Magnitude of W_grad:	5.4933767783433	
    Magnitude of W:	58124.741834637	
    Magnitude of B_grad:	0.16541488984499	
    Magnitude of b:	6.9982609864161	

	
    Current index:	39501	
    Magnitude of W_grad:	6.0025862990422	
    Magnitude of W:	58117.848440838	
    Magnitude of B_grad:	0.097842872712917	
    Magnitude of b:	7.362212094455	

	
    Current index:	49501	
    Magnitude of W_grad:	6.0975357588137	
    Magnitude of W:	58111.212613015	
    Magnitude of B_grad:	0.23782989205149	
    Magnitude of b:	6.5979407998661	

	
    Current index:	59501	
    Magnitude of W_grad:	6.1584865406145	
    Magnitude of W:	58104.060171332	
    Magnitude of B_grad:	0.18872855087559	
    Magnitude of b:	6.3207611535941	

	
    Current index:	69501	
    Magnitude of W_grad:	5.8738153538974	
    Magnitude of W:	58096.497445837	
    Magnitude of B_grad:	0.11103241197393	
    Magnitude of b:	6.5832147733375	

	
    Current index:	79501	
    Magnitude of W_grad:	5.5645611881127	
    Magnitude of W:	58090.126652409	
    Magnitude of B_grad:	0.049867748757353	
    Magnitude of b:	6.5571307138945	

	
    Current index:	89501	
    Magnitude of W_grad:	5.5118739024379	
    Magnitude of W:	58083.112713629	
    Magnitude of B_grad:	0.033695663468889	
    Magnitude of b:	6.6658101158538	

	
SGD: Loss is	
	LOSS:Calculated softmax res	
171448.76885183	
SGD: crossEntropyLoss is	
171448.76885183	
SGD: Validation Accuracy is:	
0.30336058128974	
SGD: Magnitude of W:	
58080.910545382	
SGD: Magnitude of b:	
6.4259387515786	
    Current index:	9501	
    Magnitude of W_grad:	5.9591502927025	
    Magnitude of W:	58073.778120957	
    Magnitude of B_grad:	0.15081929359852	
    Magnitude of b:	6.6483864247269	

	
    Current index:	19501	
    Magnitude of W_grad:	5.0653376942763	
    Magnitude of W:	58067.307147046	
    Magnitude of B_grad:	0.040789926369859	
    Magnitude of b:	6.9690106847523	

	
    Current index:	29501	
    Magnitude of W_grad:	5.4595393723575	
    Magnitude of W:	58060.897505304	
    Magnitude of B_grad:	0.16544545872179	
    Magnitude of b:	6.994112582616	

	
    Current index:	39501	
    Magnitude of W_grad:	5.9429848900216	
    Magnitude of W:	58054.119380344	
    Magnitude of B_grad:	0.096768755051923	
    Magnitude of b:	7.3595115575887	

	
    Current index:	49501	
    Magnitude of W_grad:	6.0510764571666	
    Magnitude of W:	58047.589761898	
    Magnitude of B_grad:	0.23639839422292	
    Magnitude of b:	6.6002625088666	

	
    Current index:	59501	
    Magnitude of W_grad:	6.1096207074478	
    Magnitude of W:	58040.538213511	
    Magnitude of B_grad:	0.18720246776742	
    Magnitude of b:	6.320028056217	

	
    Current index:	69501	
    Magnitude of W_grad:	5.8297529982315	
    Magnitude of W:	58033.132495337	
    Magnitude of B_grad:	0.1094320666194	
    Magnitude of b:	6.582203184687	

	
    Current index:	79501	
    Magnitude of W_grad:	5.5250131786552	
    Magnitude of W:	58026.861183957	
    Magnitude of B_grad:	0.04978611331888	
    Magnitude of b:	6.5571017703458	

	
    Current index:	89501	
    Magnitude of W_grad:	5.4721139561963	
    Magnitude of W:	58019.954381544	
    Magnitude of B_grad:	0.033958027972553	
    Magnitude of b:	6.6656651614884	

	
SGD: Loss is	
	LOSS:Calculated softmax res	
170202.40819337	
SGD: crossEntropyLoss is	
170202.40819337	
SGD: Validation Accuracy is:	
0.30517711171662	
SGD: Magnitude of W:	
58017.830172836	
SGD: Magnitude of b:	
6.4267331857354	
    Current index:	9501	
    Magnitude of W_grad:	5.8988690858878	
    Magnitude of W:	58010.908774989	
    Magnitude of B_grad:	0.15008326794187	
    Magnitude of b:	6.6457218242606	

	
    Current index:	19501	
    Magnitude of W_grad:	5.0284730113255	
    Magnitude of W:	58004.553515038	
    Magnitude of B_grad:	0.040953840474589	
    Magnitude of b:	6.9660680000992	

	
    Current index:	29501	
    Magnitude of W_grad:	5.4263552899771	
    Magnitude of W:	57998.236136675	
    Magnitude of B_grad:	0.1653968207559	
    Magnitude of b:	6.9900886209797	

	
    Current index:	39501	
    Magnitude of W_grad:	5.8850467885576	
    Magnitude of W:	57991.545412014	
    Magnitude of B_grad:	0.095761278417771	
    Magnitude of b:	7.3568859990092	

	
    Current index:	49501	
    Magnitude of W_grad:	6.0071522624509	
    Magnitude of W:	57985.092524038	
    Magnitude of B_grad:	0.23498873057855	
    Magnitude of b:	6.6025440010983	

	
    Current index:	59501	
    Magnitude of W_grad:	6.0623850009365	
    Magnitude of W:	57978.154136182	
    Magnitude of B_grad:	0.185703815604	
    Magnitude of b:	6.319359385742	

	
    Current index:	69501	
    Magnitude of W_grad:	5.7856533856352	
    Magnitude of W:	57970.87330254	
    Magnitude of B_grad:	0.10779556391792	
    Magnitude of b:	6.5812654166225	

	
    Current index:	79501	
    Magnitude of W_grad:	5.4860541068075	
    Magnitude of W:	57964.710421396	
    Magnitude of B_grad:	0.049706391143745	
    Magnitude of b:	6.5571520409281	

	
    Current index:	89501	
    Magnitude of W_grad:	5.4337276121048	
    Magnitude of W:	57957.957260547	
    Magnitude of B_grad:	0.034222241444793	
    Magnitude of b:	6.6656550150982	

	
SGD: Loss is	
	LOSS:Calculated softmax res	
168993.76262222	
SGD: crossEntropyLoss is	
168993.76262222	
SGD: Validation Accuracy is:	
0.30881017257039	
SGD: Magnitude of W:	
57955.85471592	
SGD: Magnitude of b:	
6.4275398133331	
    Current index:	9501	
    Magnitude of W_grad:	5.8400873870949	
    Magnitude of W:	57949.042235616	
    Magnitude of B_grad:	0.14932912215054	
    Magnitude of b:	6.6431315477029	

	
    Current index:	19501	
    Magnitude of W_grad:	4.9920232736661	
    Magnitude of W:	57942.773842304	
    Magnitude of B_grad:	0.041101637563165	
    Magnitude of b:	6.9632274234003	

	
    Current index:	29501	
    Magnitude of W_grad:	5.3939984686634	
    Magnitude of W:	57936.530552093	
    Magnitude of B_grad:	0.16527656783675	
    Magnitude of b:	6.986182491882	

	
    Current index:	39501	
    Magnitude of W_grad:	5.8284018322523	
    Magnitude of W:	57929.954557273	
    Magnitude of B_grad:	0.09481947972906	
    Magnitude of b:	7.3543252306244	

	
    Current index:	49501	
    Magnitude of W_grad:	5.9650064473501	
    Magnitude of W:	57923.583034351	
    Magnitude of B_grad:	0.23360006320136	
    Magnitude of b:	6.6047800328984	

	
    Current index:	59501	
    Magnitude of W_grad:	6.0163900763587	
    Magnitude of W:	57916.674637171	
    Magnitude of B_grad:	0.18423181390606	
    Magnitude of b:	6.3187458141025	

	
    Current index:	69501	
    Magnitude of W_grad:	5.7417820359462	
    Magnitude of W:	57909.542747834	
    Magnitude of B_grad:	0.10613182379055	
    Magnitude of b:	6.5803950279918	

	
    Current index:	79501	
    Magnitude of W_grad:	5.4479355912287	
    Magnitude of W:	57903.445297407	
    Magnitude of B_grad:	0.049627742107193	
    Magnitude of b:	6.5572675592772	

	
    Current index:	89501	
    Magnitude of W_grad:	5.3957186930081	
    Magnitude of W:	57896.853026356	
    Magnitude of B_grad:	0.034486755919171	
    Magnitude of b:	6.6657619978705	

	
SGD: Loss is	
	LOSS:Calculated softmax res	
167820.83686467	
SGD: crossEntropyLoss is	
167820.83686467	
SGD: Validation Accuracy is:	
0.30881017257039	
SGD: Magnitude of W:	
57894.764741377	
SGD: Magnitude of b:	
6.4283480202862	
    Current index:	9501	
    Magnitude of W_grad:	5.7831405762843	
    Magnitude of W:	57888.103821068	
    Magnitude of B_grad:	0.1485610594746	
    Magnitude of b:	6.6406093181005	

	
    Current index:	19501	
    Magnitude of W_grad:	4.9559064292489	
    Magnitude of W:	57881.927566732	
    Magnitude of B_grad:	0.041236282313109	
    Magnitude of b:	6.9604795889526	

	
    Current index:	29501	
    Magnitude of W_grad:	5.3626046716717	
    Magnitude of W:	57875.781059445	
    Magnitude of B_grad:	0.16509176859515	
    Magnitude of b:	6.9823883925832	

	
    Current index:	39501	
    Magnitude of W_grad:	5.7732974943299	
    Magnitude of W:	57869.254383316	
    Magnitude of B_grad:	0.093942099794411	
    Magnitude of b:	7.3518207945292	

	
    Current index:	49501	
    Magnitude of W_grad:	5.9245152632821	
    Magnitude of W:	57862.993027898	
    Magnitude of B_grad:	0.23223194325995	
    Magnitude of b:	6.6069664009221	

	
    Current index:	59501	
    Magnitude of W_grad:	5.97141742527	
    Magnitude of W:	57856.15009912	
    Magnitude of B_grad:	0.18278583090932	
    Magnitude of b:	6.3181803121869	

	
    Current index:	69501	
    Magnitude of W_grad:	5.6974314888037	
    Magnitude of W:	57849.097813789	
    Magnitude of B_grad:	0.10444942626034	
    Magnitude of b:	6.5795878875025	

	
    Current index:	79501	
    Magnitude of W_grad:	5.4107342832489	
    Magnitude of W:	57843.083092216	
    Magnitude of B_grad:	0.049549471110316	
    Magnitude of b:	6.5574370155583	

	
    Current index:	89501	
    Magnitude of W_grad:	5.3582837724417	
    Magnitude of W:	57836.606351467	
    Magnitude of B_grad:	0.034750201178906	
    Magnitude of b:	6.6659711647681	

	
SGD: Loss is	
	LOSS:Calculated softmax res	
166681.7982394	
SGD: crossEntropyLoss is	
166681.7982394	
SGD: Validation Accuracy is:	
0.30971843778383	
SGD: Magnitude of W:	
57834.535025915	
SGD: Magnitude of b:	
6.4291496263663	
    Current index:	9501	
    Magnitude of W_grad:	5.7277402532704	
    Magnitude of W:	57827.964369442	
    Magnitude of B_grad:	0.14778268430834	
    Magnitude of b:	6.6381496240127	

	
    Current index:	19501	
    Magnitude of W_grad:	4.9202337922605	
    Magnitude of W:	57821.852944073	
    Magnitude of B_grad:	0.04136023201315	
    Magnitude of b:	6.9578163982631	

	
    Current index:	29501	
    Magnitude of W_grad:	5.3318928027941	
    Magnitude of W:	57815.790996626	
    Magnitude of B_grad:	0.16484899707615	
    Magnitude of b:	6.9787012006241	

	
    Current index:	39501	
    Magnitude of W_grad:	5.7197830051718	
    Magnitude of W:	57809.340570524	
    Magnitude of B_grad:	0.093127592773866	
    Magnitude of b:	7.349365730084	

	
    Current index:	49501	
    Magnitude of W_grad:	5.8860018630219	
    Magnitude of W:	57803.184523496	
    Magnitude of B_grad:	0.23088419788625	
    Magnitude of b:	6.6090998592152	

	
    Current index:	59501	
    Magnitude of W_grad:	5.9278199046514	
    Magnitude of W:	57796.408040066	
    Magnitude of B_grad:	0.18136540809727	
    Magnitude of b:	6.3176574624322	

	
    Current index:	69501	
    Magnitude of W_grad:	5.6528438378362	
    Magnitude of W:	57789.433042014	
    Magnitude of B_grad:	0.10275654059281	
    Magnitude of b:	6.5788415529209	

	
    Current index:	79501	
    Magnitude of W_grad:	5.37396351363	
    Magnitude of W:	57783.511442674	
    Magnitude of B_grad:	0.049471007269042	
    Magnitude of b:	6.557651274901	

	
    Current index:	89501	
    Magnitude of W_grad:	5.3211488789469	
    Magnitude of W:	57777.113837551	
    Magnitude of B_grad:	0.035011392440337	
    Magnitude of b:	6.6662697839778	

	
SGD: Loss is	
	LOSS:Calculated softmax res	
165574.96042676	
SGD: crossEntropyLoss is	
165574.96042676	
SGD: Validation Accuracy is:	
0.30790190735695	
SGD: Magnitude of W:	
57775.057433653	
SGD: Magnitude of b:	
6.4299384700202	
    Current index:	9501	
    Magnitude of W_grad:	5.6738971419713	
    Magnitude of W:	57768.589540693	
    Magnitude of B_grad:	0.14699703521006	
    Magnitude of b:	6.6357475850252	

	
    Current index:	19501	
    Magnitude of W_grad:	4.8844823837147	
    Magnitude of W:	57762.576160427	
    Magnitude of B_grad:	0.041475515105918	
    Magnitude of b:	6.9552308396954	

	
    Current index:	29501	
    Magnitude of W_grad:	5.3018680876929	
    Magnitude of W:	57756.612824055	
    Magnitude of B_grad:	0.16455435836474	
    Magnitude of b:	6.9751163575421	

	
    Current index:	39501	
    Magnitude of W_grad:	5.6676224664248	
    Magnitude of W:	57750.25290948	
    Magnitude of B_grad:	0.092374144225496	
    Magnitude of b:	7.3469543477463	

	
    Current index:	49501	
    Magnitude of W_grad:	5.8494935528727	
    Magnitude of W:	57744.232530472	
    Magnitude of B_grad:	0.22955681702725	
    Magnitude of b:	6.6111780490442	

	
    Current index:	59501	
    Magnitude of W_grad:	5.8860410061066	
    Magnitude of W:	57737.547239476	
    Magnitude of B_grad:	0.17997027556101	
    Magnitude of b:	6.3171728508611	

	
    Current index:	69501	
    Magnitude of W_grad:	5.6083247927152	
    Magnitude of W:	57730.664333705	
    Magnitude of B_grad:	0.1010608409368	
    Magnitude of b:	6.5781546864263	

	
    Current index:	79501	
    Magnitude of W_grad:	5.3379750449375	
    Magnitude of W:	57724.814151165	
    Magnitude of B_grad:	0.049391887373112	
    Magnitude of b:	6.5579029471597	

	
    Current index:	89501	
    Magnitude of W_grad:	5.2843615284387	
    Magnitude of W:	57718.515904971	
    Magnitude of B_grad:	0.035269332008317	
    Magnitude of b:	6.6666468541841	

	
SGD: Loss is	
	LOSS:Calculated softmax res	
164498.76873328	
SGD: crossEntropyLoss is	
164498.76873328	
SGD: Validation Accuracy is:	
0.30790190735695	
SGD: Magnitude of W:	
57716.495205175	
SGD: Magnitude of b:	
6.4307100195342	
    Current index:	9501	
    Magnitude of W_grad:	5.6214736391986	
    Magnitude of W:	57710.106092913	
    Magnitude of B_grad:	0.14620662724915	
    Magnitude of b:	6.6333988508119	

	
    Current index:	19501	
    Magnitude of W_grad:	4.848811438309	
    Magnitude of W:	57704.185962855	
    Magnitude of B_grad:	0.041583799500492	
    Magnitude of b:	6.9527168327414	

	
    Current index:	29501	
    Magnitude of W_grad:	5.2719933848539	
    Magnitude of W:	57698.33702848	
    Magnitude of B_grad:	0.16421351165782	
    Magnitude of b:	6.9716297697826	

	
    Current index:	39501	
    Magnitude of W_grad:	5.6168176487207	
    Magnitude of W:	57692.093845059	
    Magnitude of B_grad:	0.091679696670825	
    Magnitude of b:	7.3445820192023	

	
    Current index:	49501	
    Magnitude of W_grad:	5.8140263873392	
    Magnitude of W:	57686.184633197	
    Magnitude of B_grad:	0.22824985554485	
    Magnitude of b:	6.613199426791	

	
    Current index:	59501	
    Magnitude of W_grad:	5.8458526924453	
    Magnitude of W:	57679.634844267	
    Magnitude of B_grad:	0.17860035288962	
    Magnitude of b:	6.3167225849468	

	
    Current index:	69501	
    Magnitude of W_grad:	5.5641857873922	
    Magnitude of W:	57672.90622908	
    Magnitude of B_grad:	0.099369424738198	
    Magnitude of b:	6.577526546861	

	
    Current index:	79501	
    Magnitude of W_grad:	5.3027730975273	
    Magnitude of W:	57667.196593854	
    Magnitude of B_grad:	0.04931174147533	
    Magnitude of b:	6.5581860182527	

	
    Current index:	89501	
    Magnitude of W_grad:	5.2479258964474	
    Magnitude of W:	57660.928770853	
    Magnitude of B_grad:	0.035523205113027	
    Magnitude of b:	6.6670926827951	

	
SGD: Loss is	
	LOSS:Calculated softmax res	
163451.78678577	
SGD: crossEntropyLoss is	
163451.78678577	
SGD: Validation Accuracy is:	
0.31244323342416	
SGD: Magnitude of W:	
57658.97023335	
SGD: Magnitude of b:	
6.4314610296723	
    Current index:	9501	
    Magnitude of W_grad:	5.5715512702673	
    Magnitude of W:	57652.699411566	
    Magnitude of B_grad:	0.14541350052334	
    Magnitude of b:	6.6310995328975	

	
    Current index:	19501	
    Magnitude of W_grad:	4.813714900905	
    Magnitude of W:	57646.883586434	
    Magnitude of B_grad:	0.041686451373111	
    Magnitude of b:	6.9502691016266	

	
    Current index:	29501	
    Magnitude of W_grad:	5.2425897254928	
    Magnitude of W:	57641.152139991	
    Magnitude of B_grad:	0.16383169117415	
    Magnitude of b:	6.9682377323179	

	
    Current index:	39501	
    Magnitude of W_grad:	5.5676019669212	
    Magnitude of W:	57635.008434572	
    Magnitude of B_grad:	0.091041980964285	
    Magnitude of b:	7.3422449934536	

	
    Current index:	49501	
    Magnitude of W_grad:	5.7796334101048	
    Magnitude of W:	57629.173093194	
    Magnitude of B_grad:	0.22696335965571	
    Magnitude of b:	6.6151631835009	

	
    Current index:	59501	
    Magnitude of W_grad:	5.806907848665	
    Magnitude of W:	57622.721015226	
    Magnitude of B_grad:	0.1772557326076	
    Magnitude of b:	6.3163029635852	

	
    Current index:	69501	
    Magnitude of W_grad:	5.5202245844826	
    Magnitude of W:	57616.107779722	
    Magnitude of B_grad:	0.097688745567891	
    Magnitude of b:	6.5769565870485	

	
    Current index:	79501	
    Magnitude of W_grad:	5.2685187844936	
    Magnitude of W:	57610.485481324	
    Magnitude of B_grad:	0.049230279609616	
    Magnitude of b:	6.5584955491753	

	
    Current index:	89501	
    Magnitude of W_grad:	5.2118866866553	
    Magnitude of W:	57604.318409199	
    Magnitude of B_grad:	0.035772370512213	
    Magnitude of b:	6.6675985407096	

	
SGD: Loss is	
	LOSS:Calculated softmax res	
162432.68458846	
SGD: crossEntropyLoss is	
162432.68458846	
SGD: Validation Accuracy is:	
0.31244323342416	
SGD: Magnitude of W:	
57602.376125808	
SGD: Magnitude of b:	
6.4321892566406	
    Current index:	9501	
    Magnitude of W_grad:	5.5249541783224	
    Magnitude of W:	57596.224726509	
    Magnitude of B_grad:	0.14461927216092	
    Magnitude of b:	6.6288461656373	

	
    Current index:	19501	
    Magnitude of W_grad:	4.7789452649885	
    Magnitude of W:	57590.498191536	
    Magnitude of B_grad:	0.041784585063001	
    Magnitude of b:	6.9478830788182	

	
    Current index:	29501	
    Magnitude of W_grad:	5.2142208225417	
    Magnitude of W:	57584.870824923	
    Magnitude of B_grad:	0.16341372528853	
    Magnitude of b:	6.9649368767897	

	
    Current index:	39501	
    Magnitude of W_grad:	5.5198080705467	
    Magnitude of W:	57578.823653812	
    Magnitude of B_grad:	0.090458551506453	
    Magnitude of b:	7.3399402450762	

	
    Current index:	49501	
    Magnitude of W_grad:	5.7466278429046	
    Magnitude of W:	57573.072031876	
    Magnitude of B_grad:	0.22569732027048	
    Magnitude of b:	6.6170691567834	

	
    Current index:	59501	
    Magnitude of W_grad:	5.7689817224674	
    Magnitude of W:	57566.715665877	
    Magnitude of B_grad:	0.17593664657943	
    Magnitude of b:	6.3159102992878	

	
    Current index:	69501	
    Magnitude of W_grad:	5.4766480011337	
    Magnitude of W:	57560.243926033	
    Magnitude of B_grad:	0.096024567097373	
    Magnitude of b:	6.5764441669617	

	
    Current index:	79501	
    Magnitude of W_grad:	5.2347403170409	
    Magnitude of W:	57554.696699475	
    Magnitude of B_grad:	0.049147279359279	
    Magnitude of b:	6.5588274419528	

	
    Current index:	89501	
    Magnitude of W_grad:	5.1761780177592	
    Magnitude of W:	57548.654189604	
    Magnitude of B_grad:	0.036016346511984	
    Magnitude of b:	6.668156399946	

	
SGD: Loss is	
	LOSS:Calculated softmax res	
161440.22786143	
SGD: crossEntropyLoss is	
161440.22786143	
SGD: Validation Accuracy is:	
0.3133514986376	
SGD: Magnitude of W:	
57546.772841667	
SGD: Magnitude of b:	
6.4328932356259	
    Current index:	9501	
    Magnitude of W_grad:	5.4795282015985	
    Magnitude of W:	57540.725606533	
    Magnitude of B_grad:	0.1438251896398	
    Magnitude of b:	6.6266356895152	

	
    Current index:	19501	
    Magnitude of W_grad:	4.7454480685421	
    Magnitude of W:	57535.047236213	
    Magnitude of B_grad:	0.041879104697197	
    Magnitude of b:	6.9455548344827	

	
    Current index:	29501	
    Magnitude of W_grad:	5.1861299533842	
    Magnitude of W:	57529.509065104	
    Magnitude of B_grad:	0.16296405435152	
    Magnitude of b:	6.9617241416039	

	
    Current index:	39501	
    Magnitude of W_grad:	5.4730811099276	
    Magnitude of W:	57523.565157987	
    Magnitude of B_grad:	0.089926823362387	
    Magnitude of b:	7.3376653557512	

	
    Current index:	49501	
    Magnitude of W_grad:	5.7146222875545	
    Magnitude of W:	57517.889958818	
    Magnitude of B_grad:	0.22445165062225	
    Magnitude of b:	6.618917739691	

	
    Current index:	59501	
    Magnitude of W_grad:	5.7321798504903	
    Magnitude of W:	57511.612241747	
    Magnitude of B_grad:	0.17464341928066	
    Magnitude of b:	6.3155408694429	

	
    Current index:	69501	
    Magnitude of W_grad:	5.4334433015109	
    Magnitude of W:	57505.246551445	
    Magnitude of B_grad:	0.094381940618287	
    Magnitude of b:	6.5759883771093	

	
    Current index:	79501	
    Magnitude of W_grad:	5.201504015722	
    Magnitude of W:	57499.779648518	
    Magnitude of B_grad:	0.049062574374628	
    Magnitude of b:	6.5591782651856	

	
    Current index:	89501	
    Magnitude of W_grad:	5.1408252688064	
    Magnitude of W:	57493.804574282	
    Magnitude of B_grad:	0.036254793078505	
    Magnitude of b:	6.6687587516987	

	
SGD: Loss is	
	LOSS:Calculated softmax res	
160473.26856028	
SGD: crossEntropyLoss is	
160473.26856028	
SGD: Validation Accuracy is:	
0.31516802906449	
SGD: Magnitude of W:	
57491.962958596	
SGD: Magnitude of b:	
6.4335721169058	
    Current index:	9501	
    Magnitude of W_grad:	5.4350267932286	
    Magnitude of W:	57485.997598907	
    Magnitude of B_grad:	0.14303218379287	
    Magnitude of b:	6.6244654473294	

	
    Current index:	19501	
    Magnitude of W_grad:	4.7125423768823	
    Magnitude of W:	57480.401419488	
    Magnitude of B_grad:	0.041970738268665	
    Magnitude of b:	6.9432810245229	

	
    Current index:	29501	
    Magnitude of W_grad:	5.1581834192739	
    Magnitude of W:	57474.95937847	
    Magnitude of B_grad:	0.162486747752	
    Magnitude of b:	6.9585967578843	

	
    Current index:	39501	
    Magnitude of W_grad:	5.4274114175393	
    Magnitude of W:	57469.123196023	
    Magnitude of B_grad:	0.089444109543442	
    Magnitude of b:	7.335418425289	

	
    Current index:	49501	
    Magnitude of W_grad:	5.6832461110451	
    Magnitude of W:	57463.534158212	
    Magnitude of B_grad:	0.22322618263499	
    Magnitude of b:	6.6207097917688	

	
    Current index:	59501	
    Magnitude of W_grad:	5.6969179524334	
    Magnitude of W:	57457.350216585	
    Magnitude of B_grad:	0.17337641431929	
    Magnitude of b:	6.3151909591169	

	
    Current index:	69501	
    Magnitude of W_grad:	5.3908090422923	
    Magnitude of W:	57451.07509489	
    Magnitude of B_grad:	0.092765205244286	
    Magnitude of b:	6.5755879549056	

	
    Current index:	79501	
    Magnitude of W_grad:	5.1699450630383	
    Magnitude of W:	57445.702816134	
    Magnitude of B_grad:	0.048976044086616	
    Magnitude of b:	6.559545127462	

	
    Current index:	89501	
    Magnitude of W_grad:	5.10581608284	
    Magnitude of W:	57439.789805624	
    Magnitude of B_grad:	0.036487490834141	
    Magnitude of b:	6.6693984957088	

	
SGD: Loss is	
	LOSS:Calculated softmax res	
159530.73646492	
SGD: crossEntropyLoss is	
159530.73646492	
SGD: Validation Accuracy is:	
0.31425976385104	
SGD: Magnitude of W:	
57437.953299755	
SGD: Magnitude of b:	
6.4342255505593	
    Current index:	9501	
    Magnitude of W_grad:	5.3917764984321	
    Magnitude of W:	57432.097452391	
    Magnitude of B_grad:	0.14224092035656	
    Magnitude of b:	6.6223331832546	

	
    Current index:	19501	
    Magnitude of W_grad:	4.6800993141977	
    Magnitude of W:	57426.59226154	
    Magnitude of B_grad:	0.042060064987139	
    Magnitude of b:	6.9410588483634	

	
    Current index:	29501	
    Magnitude of W_grad:	5.1305340061299	
    Magnitude of W:	57421.23698424	
    Magnitude of B_grad:	0.16198552083376	
    Magnitude of b:	6.9555522434285	

	
    Current index:	39501	
    Magnitude of W_grad:	5.3828508088149	
    Magnitude of W:	57415.47034713	
    Magnitude of B_grad:	0.08900765701545	
    Magnitude of b:	7.3331980050973	

	
    Current index:	49501	
    Magnitude of W_grad:	5.6524388922063	
    Magnitude of W:	57409.950472849	
    Magnitude of B_grad:	0.22213102916057	
    Magnitude of b:	6.622446555863	

	
    Current index:	59501	
    Magnitude of W_grad:	5.662640449897	
    Magnitude of W:	57403.856986315	
    Magnitude of B_grad:	0.17213598141916	
    Magnitude of b:	6.314856953943	

	
    Current index:	69501	
    Magnitude of W_grad:	5.3493553325931	
    Magnitude of W:	57397.658924143	
    Magnitude of B_grad:	0.091178007871756	
    Magnitude of b:	6.5752412710692	

	
    Current index:	79501	
    Magnitude of W_grad:	5.139169324956	
    Magnitude of W:	57392.350501712	
    Magnitude of B_grad:	0.048887604872819	
    Magnitude of b:	6.5599255854033	

	
    Current index:	89501	
    Magnitude of W_grad:	5.071730183982	
    Magnitude of W:	57386.468544832	
    Magnitude of B_grad:	0.036714317970637	
    Magnitude of b:	6.6700688876877	

	
SGD: Loss is	
	LOSS:Calculated softmax res	
158611.63171975	
SGD: crossEntropyLoss is	
158611.63171975	
SGD: Validation Accuracy is:	
0.31516802906449	
SGD: Magnitude of W:	
57384.644684572	
SGD: Magnitude of b:	
6.4348536068324	
    Current index:	9501	
    Magnitude of W_grad:	5.3492902928058	
    Magnitude of W:	57378.885790684	
    Magnitude of B_grad:	0.14145184929238	
    Magnitude of b:	6.6202370362426	

	
    Current index:	19501	
    Magnitude of W_grad:	4.6479449555036	
    Magnitude of W:	57373.491079416	
    Magnitude of B_grad:	0.042147536790143	
    Magnitude of b:	6.938886008198	

	
    Current index:	29501	
    Magnitude of W_grad:	5.1029339023844	
    Magnitude of W:	57368.229762377	
    Magnitude of B_grad:	0.16146375224725	
    Magnitude of b:	6.9525883969336	

	
    Current index:	39501	
    Magnitude of W_grad:	5.3395653984483	
    Magnitude of W:	57362.5733801	
    Magnitude of B_grad:	0.088614680348625	
    Magnitude of b:	7.3310030458192	

	
    Current index:	49501	
    Magnitude of W_grad:	5.6222519697589	
    Magnitude of W:	57357.132735068	
    Magnitude of B_grad:	0.22141461132678	
    Magnitude of b:	6.6241295820332	

	
    Current index:	59501	
    Magnitude of W_grad:	5.6292323368483	
    Magnitude of W:	57351.147093125	
    Magnitude of B_grad:	0.17092241022064	
    Magnitude of b:	6.3145354462549	

	
    Current index:	69501	
    Magnitude of W_grad:	5.3087272647961	
    Magnitude of W:	57345.018234609	
    Magnitude of B_grad:	0.089623338941458	
    Magnitude of b:	6.5749463623799	

	
    Current index:	79501	
    Magnitude of W_grad:	5.1091667589069	
    Magnitude of W:	57339.722942878	
    Magnitude of B_grad:	0.04879720286173	
    Magnitude of b:	6.5603175740011	

	
    Current index:	89501	
    Magnitude of W_grad:	5.038202604614	
    Magnitude of W:	57333.912572654	
    Magnitude of B_grad:	0.036935226385156	
    Magnitude of b:	6.6707635296595	

	
SGD: Loss is	
	LOSS:Calculated softmax res	
157715.01821064	
SGD: crossEntropyLoss is	
157715.01821064	
SGD: Validation Accuracy is:	
0.31516802906449	
SGD: Magnitude of W:	
57332.126559799	
SGD: Magnitude of b:	
6.4354567189359	
    Current index:	9501	
    Magnitude of W_grad:	5.3082267811764	
    Magnitude of W:	57326.448355822	
    Magnitude of B_grad:	0.14066525134692	
    Magnitude of b:	6.6181755221432	

	
    Current index:	19501	
    Magnitude of W_grad:	4.6161387006055	
    Magnitude of W:	57321.111072463	
    Magnitude of B_grad:	0.042233494934092	
    Magnitude of b:	6.9367606634404	

	
    Current index:	29501	
    Magnitude of W_grad:	5.0756734659057	
    Magnitude of W:	57315.925543782	
    Magnitude of B_grad:	0.1609245021972	
    Magnitude of b:	6.949703286321	

	
    Current index:	39501	
    Magnitude of W_grad:	5.2976697996032	
    Magnitude of W:	57310.334896346	
    Magnitude of B_grad:	0.088262392274175	
    Magnitude of b:	7.3288328514781	

	
    Current index:	49501	
    Magnitude of W_grad:	5.5931913479543	
    Magnitude of W:	57305.001435692	
    Magnitude of B_grad:	0.22070686498435	
    Magnitude of b:	6.6257606581239	

	
    Current index:	59501	
    Magnitude of W_grad:	5.5964042598844	
    Magnitude of W:	57299.132236613	
    Magnitude of B_grad:	0.16973589522253	
    Magnitude of b:	6.3142233272299	

	
    Current index:	69501	
    Magnitude of W_grad:	5.2689979971787	
    Magnitude of W:	57293.074831219	
    Magnitude of B_grad:	0.088103579747768	
    Magnitude of b:	6.5747009897542	

	
    Current index:	79501	
    Magnitude of W_grad:	5.0799726210025	
    Magnitude of W:	57287.835834724	
    Magnitude of B_grad:	0.048704808447594	
    Magnitude of b:	6.5607193493183	

	
    Current index:	89501	
    Magnitude of W_grad:	5.0049164067052	
    Magnitude of W:	57282.09192944	
    Magnitude of B_grad:	0.037150218535199	
    Magnitude of b:	6.6714763879684	

	
SGD: Loss is	
	LOSS:Calculated softmax res	
156840.01767167	
SGD: crossEntropyLoss is	
156840.01767167	
SGD: Validation Accuracy is:	
0.31607629427793	
SGD: Magnitude of W:	
57280.331232664	
SGD: Magnitude of b:	
6.4360356367117	
    Current index:	9501	
    Magnitude of W_grad:	5.268600303257	
    Magnitude of W:	57274.744411541	
    Magnitude of B_grad:	0.14007184749011	
    Magnitude of b:	6.6161475023472	

	
    Current index:	19501	
    Magnitude of W_grad:	4.5844560900367	
    Magnitude of W:	57269.460807913	
    Magnitude of B_grad:	0.042318182586303	
    Magnitude of b:	6.934681376869	

	
    Current index:	29501	
    Magnitude of W_grad:	5.0487110429817	
    Magnitude of W:	57264.332895031	
    Magnitude of B_grad:	0.16037053185798	
    Magnitude of b:	6.9468952273272	

	
    Current index:	39501	
    Magnitude of W_grad:	5.2571620812069	
    Magnitude of W:	57258.777060584	
    Magnitude of B_grad:	0.087948030722127	
    Magnitude of b:	7.3266870342673	

	
    Current index:	49501	
    Magnitude of W_grad:	5.5647308576	
    Magnitude of W:	57253.544145114	
    Magnitude of B_grad:	0.22000779613265	
    Magnitude of b:	6.6273417456922	

	
    Current index:	59501	
    Magnitude of W_grad:	5.5640070632877	
    Magnitude of W:	57247.747008942	
    Magnitude of B_grad:	0.16857651372956	
    Magnitude of b:	6.3139178489338	

	
    Current index:	69501	
    Magnitude of W_grad:	5.2301296810516	
    Magnitude of W:	57241.770926947	
    Magnitude of B_grad:	0.086620557213053	
    Magnitude of b:	6.5745027049867	

	
    Current index:	79501	
    Magnitude of W_grad:	5.0511849865938	
    Magnitude of W:	57236.640200234	
    Magnitude of B_grad:	0.048610412458416	
    Magnitude of b:	6.5611294366476	

	
    Current index:	89501	
    Magnitude of W_grad:	4.9717358921924	
    Magnitude of W:	57230.985160174	
    Magnitude of B_grad:	0.037359326520985	
    Magnitude of b:	6.6722018248751	

	
SGD: Loss is	
	LOSS:Calculated softmax res	
155985.80442675	
SGD: crossEntropyLoss is	
155985.80442675	
SGD: Validation Accuracy is:	
0.31789282470481	
SGD: Magnitude of W:	
57229.229443917	
SGD: Magnitude of b:	
6.4365913823706	
    Current index:	9501	
    Magnitude of W_grad:	5.2302787373529	
    Magnitude of W:	57223.734471469	
    Magnitude of B_grad:	0.13949403439743	
    Magnitude of b:	6.6141521398314	

	
    Current index:	19501	
    Magnitude of W_grad:	4.5529323963513	
    Magnitude of W:	57218.536517207	
    Magnitude of B_grad:	0.042401754315022	
    Magnitude of b:	6.9326470517101	

	
    Current index:	29501	
    Magnitude of W_grad:	5.021985655006	
    Magnitude of W:	57213.448465238	
    Magnitude of B_grad:	0.15980432400995	
    Magnitude of b:	6.9441627509872	

	
    Current index:	39501	
    Magnitude of W_grad:	5.2176136386917	
    Magnitude of W:	57207.979636887	
    Magnitude of B_grad:	0.087668882164632	
    Magnitude of b:	7.3245654664427	

	
    Current index:	49501	
    Magnitude of W_grad:	5.536788803364	
    Magnitude of W:	57202.849977156	
    Magnitude of B_grad:	0.21931738815744	
    Magnitude of b:	6.628874919977	

	
    Current index:	59501	
    Magnitude of W_grad:	5.5326207914569	
    Magnitude of W:	57197.096188327	
    Magnitude of B_grad:	0.16744421645159	
    Magnitude of b:	6.3136166502479	

	
    Current index:	69501	
    Magnitude of W_grad:	5.1921333249236	
    Magnitude of W:	57191.257094859	
    Magnitude of B_grad:	0.085175602483666	
    Magnitude of b:	6.5743489144582	

	
    Current index:	79501	
    Magnitude of W_grad:	5.0227212596447	
    Magnitude of W:	57186.231979108	
    Magnitude of B_grad:	0.048514023797339	
    Magnitude of b:	6.5615465802116	

	
    Current index:	89501	
    Magnitude of W_grad:	4.9387938459665	
    Magnitude of W:	57180.647372136	
    Magnitude of B_grad:	0.037562594699062	
    Magnitude of b:	6.6729346318131	

	
SGD: Loss is	
	LOSS:Calculated softmax res	
155151.60068436	
SGD: crossEntropyLoss is	
155151.60068436	
SGD: Validation Accuracy is:	
0.32061762034514	
SGD: Magnitude of W:	
57178.888730187	
SGD: Magnitude of b:	
6.4371252026957	
    Current index:	9501	
    Magnitude of W_grad:	5.1926642667688	
    Magnitude of W:	57173.505500021	
    Magnitude of B_grad:	0.13890186087758	
    Magnitude of b:	6.6121888456738	

	
    Current index:	19501	
    Magnitude of W_grad:	4.5216164337071	
    Magnitude of W:	57168.403951979	
    Magnitude of B_grad:	0.042484283330552	
    Magnitude of b:	6.9306568611776	

	
    Current index:	29501	
    Magnitude of W_grad:	4.9954667108232	
    Magnitude of W:	57163.38110111	
    Magnitude of B_grad:	0.15922810473902	
    Magnitude of b:	6.9415045607868	

	
    Current index:	39501	
    Magnitude of W_grad:	5.1797820239362	
    Magnitude of W:	57157.972477184	
    Magnitude of B_grad:	0.087422301274992	
    Magnitude of b:	7.3224682280405	

	
    Current index:	49501	
    Magnitude of W_grad:	5.5095871561579	
    Magnitude of W:	57152.921996252	
    Magnitude of B_grad:	0.21863561293704	
    Magnitude of b:	6.6303623131546	

	
    Current index:	59501	
    Magnitude of W_grad:	5.5016857606479	
    Magnitude of W:	57147.279878423	
    Magnitude of B_grad:	0.16633882883546	
    Magnitude of b:	6.3133177483419	

	
    Current index:	69501	
    Magnitude of W_grad:	5.1557448677328	
    Magnitude of W:	57141.565089352	
    Magnitude of B_grad:	0.083769610286223	
    Magnitude of b:	6.574236932833	

	
    Current index:	79501	
    Magnitude of W_grad:	4.9947743078247	
    Magnitude of W:	57136.586927116	
    Magnitude of B_grad:	0.048415668280619	
    Magnitude of b:	6.5619696930085	

	
    Current index:	89501	
    Magnitude of W_grad:	4.9076331342432	
    Magnitude of W:	57131.060946968	
    Magnitude of B_grad:	0.037760066730356	
    Magnitude of b:	6.6736700552327	

	
Done.	
Testing on validation set...	
Done	
Accuracy:	
0.32061762034514	
