[?1034hParameters are:
	
Datafile:	/n/home09/ankitgupta/CS287/HW1/SST1-uni-sent.hdf5	Classifier:	lr	Alpha:	0	Eta:	0.1	Lambda:	1	Minibatch size:	500	Num Epochs:	50	Minimum Sentence Length:	5	
Note that not all parameters may apply to all classifiers	
Loading datafiles...	
Number of training samples before removing small sentences	156817	
Number of training samples after removing small sentences	93603	
Done.	
Training classifier...	
SGD: Loss is	
	LOSS:Calculated softmax res	
446263.26854697	
SGD: crossEntropyLoss is	
446263.26854697	
SGD: Validation Accuracy is:	
0.20526793823797	
SGD: Magnitude of W:	
61041.085590065	
SGD: Magnitude of b:	
3.3455169195238	
    Current index:	9501	
    Magnitude of W_grad:	12.31807627138	
    Magnitude of W:	61034.523063957	
    Magnitude of B_grad:	0.70308292199718	
    Magnitude of b:	2.8383604116719	

	
    Current index:	19501	
    Magnitude of W_grad:	11.737405315594	
    Magnitude of W:	61028.437514073	
    Magnitude of B_grad:	0.67663466964415	
    Magnitude of b:	2.581024401116	

	
    Current index:	29501	
    Magnitude of W_grad:	9.5790454906698	
    Magnitude of W:	61022.843418115	
    Magnitude of B_grad:	0.21016130207715	
    Magnitude of b:	2.4999787921056	

	
    Current index:	39501	
    Magnitude of W_grad:	9.4781339416628	
    Magnitude of W:	61017.443674431	
    Magnitude of B_grad:	0.30866978242266	
    Magnitude of b:	2.6238281470043	

	
    Current index:	49501	
    Magnitude of W_grad:	11.107273657932	
    Magnitude of W:	61011.712466573	
    Magnitude of B_grad:	0.60456317189464	
    Magnitude of b:	2.4788208788898	

	
    Current index:	59501	
    Magnitude of W_grad:	12.679013432675	
    Magnitude of W:	61005.210814076	
    Magnitude of B_grad:	0.55680401566704	
    Magnitude of b:	2.614802303038	

	
    Current index:	69501	
    Magnitude of W_grad:	8.6069852061463	
    Magnitude of W:	60999.22981449	
    Magnitude of B_grad:	0.28847933985703	
    Magnitude of b:	3.0102978604206	

	
    Current index:	79501	
    Magnitude of W_grad:	8.9256788145921	
    Magnitude of W:	60993.50892226	
    Magnitude of B_grad:	0.19965836164818	
    Magnitude of b:	3.4421238294786	

	
    Current index:	89501	
    Magnitude of W_grad:	9.6555875453652	
    Magnitude of W:	60987.769039303	
    Magnitude of B_grad:	0.28454955424112	
    Magnitude of b:	3.7666806575507	

	
SGD: Loss is	
	LOSS:Calculated softmax res	
354153.97849337	
SGD: crossEntropyLoss is	
354153.97849337	
SGD: Validation Accuracy is:	
0.22343324250681	
SGD: Magnitude of W:	
60985.476365292	
SGD: Magnitude of b:	
3.7120771530422	
    Current index:	9501	
    Magnitude of W_grad:	11.774651986787	
    Magnitude of W:	60980.010781972	
    Magnitude of B_grad:	0.56776832236884	
    Magnitude of b:	2.8853611773279	

	
    Current index:	19501	
    Magnitude of W_grad:	10.812919880243	
    Magnitude of W:	60974.694176324	
    Magnitude of B_grad:	0.41757793204851	
    Magnitude of b:	2.4275529160969	

	
    Current index:	29501	
    Magnitude of W_grad:	9.2242999277263	
    Magnitude of W:	60969.61945391	
    Magnitude of B_grad:	0.20465706437907	
    Magnitude of b:	2.1791849764225	

	
    Current index:	39501	
    Magnitude of W_grad:	9.0996232897518	
    Magnitude of W:	60964.837333463	
    Magnitude of B_grad:	0.22448593469082	
    Magnitude of b:	2.484178821365	

	
    Current index:	49501	
    Magnitude of W_grad:	10.649268043916	
    Magnitude of W:	60959.514133146	
    Magnitude of B_grad:	0.54764931683197	
    Magnitude of b:	2.5068195017416	

	
    Current index:	59501	
    Magnitude of W_grad:	12.082575193869	
    Magnitude of W:	60953.458505433	
    Magnitude of B_grad:	0.50771496290269	
    Magnitude of b:	2.9526870478993	

	
    Current index:	69501	
    Magnitude of W_grad:	8.3670423128277	
    Magnitude of W:	60948.020837329	
    Magnitude of B_grad:	0.27632546729635	
    Magnitude of b:	3.4617482258915	

	
    Current index:	79501	
    Magnitude of W_grad:	8.5945710881959	
    Magnitude of W:	60942.716599288	
    Magnitude of B_grad:	0.17350937061572	
    Magnitude of b:	3.8317615566797	

	
    Current index:	89501	
    Magnitude of W_grad:	9.1898102159117	
    Magnitude of W:	60937.146092717	
    Magnitude of B_grad:	0.2585907486362	
    Magnitude of b:	4.1158747973003	

	
SGD: Loss is	
	LOSS:Calculated softmax res	
335225.53334591	
SGD: crossEntropyLoss is	
335225.53334591	
SGD: Validation Accuracy is:	
0.22252497729337	
SGD: Magnitude of W:	
60934.931428319	
SGD: Magnitude of b:	
4.0450466623586	
    Current index:	9501	
    Magnitude of W_grad:	11.384522646512	
    Magnitude of W:	60929.579676851	
    Magnitude of B_grad:	0.52833445259976	
    Magnitude of b:	3.2277729933566	

	
    Current index:	19501	
    Magnitude of W_grad:	10.798930175308	
    Magnitude of W:	60924.409292423	
    Magnitude of B_grad:	0.37998074606693	
    Magnitude of b:	2.9330547145381	

	
    Current index:	29501	
    Magnitude of W_grad:	9.052793877275	
    Magnitude of W:	60919.73269204	
    Magnitude of B_grad:	0.23168388469014	
    Magnitude of b:	2.9076880946248	

	
    Current index:	39501	
    Magnitude of W_grad:	8.9370783620791	
    Magnitude of W:	60915.082765439	
    Magnitude of B_grad:	0.2192973162852	
    Magnitude of b:	3.039310367845	

	
    Current index:	49501	
    Magnitude of W_grad:	10.425681731835	
    Magnitude of W:	60909.895947275	
    Magnitude of B_grad:	0.53062924139239	
    Magnitude of b:	3.1616046873431	

	
    Current index:	59501	
    Magnitude of W_grad:	11.708848178889	
    Magnitude of W:	60904.261310811	
    Magnitude of B_grad:	0.48576674577941	
    Magnitude of b:	3.3090198954342	

	
    Current index:	69501	
    Magnitude of W_grad:	8.4538257178589	
    Magnitude of W:	60898.855482679	
    Magnitude of B_grad:	0.28594124158978	
    Magnitude of b:	3.7950421741403	

	
    Current index:	79501	
    Magnitude of W_grad:	8.4476029720941	
    Magnitude of W:	60893.644792284	
    Magnitude of B_grad:	0.16005049005433	
    Magnitude of b:	4.1415495185928	

	
    Current index:	89501	
    Magnitude of W_grad:	8.821774119402	
    Magnitude of W:	60888.306598996	
    Magnitude of B_grad:	0.2387523193368	
    Magnitude of b:	4.406154571376	

	
SGD: Loss is	
	LOSS:Calculated softmax res	
322903.5320465	
SGD: crossEntropyLoss is	
322903.5320465	
SGD: Validation Accuracy is:	
0.22343324250681	
SGD: Magnitude of W:	
60886.305527128	
SGD: Magnitude of b:	
4.329927474399	
    Current index:	9501	
    Magnitude of W_grad:	11.093066959561	
    Magnitude of W:	60881.191030672	
    Magnitude of B_grad:	0.5023210240031	
    Magnitude of b:	3.5287141987952	

	
    Current index:	19501	
    Magnitude of W_grad:	10.760389257187	
    Magnitude of W:	60876.423774157	
    Magnitude of B_grad:	0.35403974794808	
    Magnitude of b:	3.4558749484469	

	
    Current index:	29501	
    Magnitude of W_grad:	8.961062995157	
    Magnitude of W:	60871.924628558	
    Magnitude of B_grad:	0.24163229020694	
    Magnitude of b:	3.4156008961451	

	
    Current index:	39501	
    Magnitude of W_grad:	8.7556410064332	
    Magnitude of W:	60867.395600411	
    Magnitude of B_grad:	0.21639382550489	
    Magnitude of b:	3.5331080117052	

	
    Current index:	49501	
    Magnitude of W_grad:	10.217066851988	
    Magnitude of W:	60862.557185211	
    Magnitude of B_grad:	0.5145489539	
    Magnitude of b:	3.6346491389222	

	
    Current index:	59501	
    Magnitude of W_grad:	11.431958998573	
    Magnitude of W:	60856.913690738	
    Magnitude of B_grad:	0.46630120504324	
    Magnitude of b:	3.7342371770057	

	
    Current index:	69501	
    Magnitude of W_grad:	8.5161159994561	
    Magnitude of W:	60851.640656535	
    Magnitude of B_grad:	0.29161617813632	
    Magnitude of b:	4.0773857946811	

	
    Current index:	79501	
    Magnitude of W_grad:	8.3418345193117	
    Magnitude of W:	60846.796494706	
    Magnitude of B_grad:	0.14976039084793	
    Magnitude of b:	4.4048136961615	

	
    Current index:	89501	
    Magnitude of W_grad:	8.5719856792683	
    Magnitude of W:	60841.644902865	
    Magnitude of B_grad:	0.2226036995528	
    Magnitude of b:	4.6529710670244	

	
SGD: Loss is	
	LOSS:Calculated softmax res	
313943.2555185	
SGD: crossEntropyLoss is	
313943.2555185	
SGD: Validation Accuracy is:	
0.23160762942779	
SGD: Magnitude of W:	
60839.748706595	
SGD: Magnitude of b:	
4.5734764397421	
    Current index:	9501	
    Magnitude of W_grad:	10.85825214084	
    Magnitude of W:	60834.823369934	
    Magnitude of B_grad:	0.48493048180964	
    Magnitude of b:	3.8680058829971	

	
    Current index:	19501	
    Magnitude of W_grad:	10.656955178462	
    Magnitude of W:	60830.50378958	
    Magnitude of B_grad:	0.33716461192162	
    Magnitude of b:	3.8505073664216	

	
    Current index:	29501	
    Magnitude of W_grad:	8.8884228777815	
    Magnitude of W:	60826.262133093	
    Magnitude of B_grad:	0.24487557639146	
    Magnitude of b:	3.8010599379831	

	
    Current index:	39501	
    Magnitude of W_grad:	8.5772824235971	
    Magnitude of W:	60821.78896522	
    Magnitude of B_grad:	0.21546755989592	
    Magnitude of b:	3.9100263570114	

	
    Current index:	49501	
    Magnitude of W_grad:	10.045106058299	
    Magnitude of W:	60817.050626906	
    Magnitude of B_grad:	0.50099884587014	
    Magnitude of b:	3.9979879052469	

	
    Current index:	59501	
    Magnitude of W_grad:	11.206801815699	
    Magnitude of W:	60811.364183425	
    Magnitude of B_grad:	0.45377006597499	
    Magnitude of b:	4.0851356663663	

	
    Current index:	69501	
    Magnitude of W_grad:	8.5532217877994	
    Magnitude of W:	60806.140994862	
    Magnitude of B_grad:	0.29431613562738	
    Magnitude of b:	4.3061630603889	

	
    Current index:	79501	
    Magnitude of W_grad:	8.2459500707155	
    Magnitude of W:	60801.429817841	
    Magnitude of B_grad:	0.14054747606183	
    Magnitude of b:	4.6179187812043	

	
    Current index:	89501	
    Magnitude of W_grad:	8.4289668348376	
    Magnitude of W:	60796.329995277	
    Magnitude of B_grad:	0.21034570674235	
    Magnitude of b:	4.8529436590367	

	
SGD: Loss is	
	LOSS:Calculated softmax res	
306960.90678644	
SGD: crossEntropyLoss is	
306960.90678644	
SGD: Validation Accuracy is:	
0.23705722070845	
SGD: Magnitude of W:	
60794.54136596	
SGD: Magnitude of b:	
4.7714295999096	
    Current index:	9501	
    Magnitude of W_grad:	10.677604974751	
    Magnitude of W:	60789.886041812	
    Magnitude of B_grad:	0.47305615626516	
    Magnitude of b:	4.1837352920443	

	
    Current index:	19501	
    Magnitude of W_grad:	10.543580301381	
    Magnitude of W:	60785.657130304	
    Magnitude of B_grad:	0.32657456427097	
    Magnitude of b:	4.1607040035917	

	
    Current index:	29501	
    Magnitude of W_grad:	8.8185958512565	
    Magnitude of W:	60781.619876534	
    Magnitude of B_grad:	0.24498761157186	
    Magnitude of b:	4.1051917641645	

	
    Current index:	39501	
    Magnitude of W_grad:	8.4146763874873	
    Magnitude of W:	60777.370084701	
    Magnitude of B_grad:	0.21513243649258	
    Magnitude of b:	4.2087075534392	

	
    Current index:	49501	
    Magnitude of W_grad:	9.909250529808	
    Magnitude of W:	60772.702532047	
    Magnitude of B_grad:	0.49052875662442	
    Magnitude of b:	4.2874260029551	

	
    Current index:	59501	
    Magnitude of W_grad:	11.018480388668	
    Magnitude of W:	60766.949024265	
    Magnitude of B_grad:	0.44822089702354	
    Magnitude of b:	4.3653894447784	

	
    Current index:	69501	
    Magnitude of W_grad:	8.5591240731625	
    Magnitude of W:	60761.677835638	
    Magnitude of B_grad:	0.29511603395611	
    Magnitude of b:	4.4880890178239	

	
    Current index:	79501	
    Magnitude of W_grad:	8.1586161053188	
    Magnitude of W:	60756.976769303	
    Magnitude of B_grad:	0.13216501731818	
    Magnitude of b:	4.7870735782149	

	
    Current index:	89501	
    Magnitude of W_grad:	8.3434081007284	
    Magnitude of W:	60752.086784223	
    Magnitude of B_grad:	0.20112960820339	
    Magnitude of b:	5.011986633909	

	
SGD: Loss is	
	LOSS:Calculated softmax res	
301262.65240103	
SGD: crossEntropyLoss is	
301262.65240103	
SGD: Validation Accuracy is:	
0.23978201634877	
SGD: Magnitude of W:	
60750.394610281	
SGD: Magnitude of b:	
4.9294850258856	
    Current index:	9501	
    Magnitude of W_grad:	10.535756662169	
    Magnitude of W:	60745.952138313	
    Magnitude of B_grad:	0.46470342704761	
    Magnitude of b:	4.4398425888126	

	
    Current index:	19501	
    Magnitude of W_grad:	10.438600831883	
    Magnitude of W:	60741.97718396	
    Magnitude of B_grad:	0.31789774770373	
    Magnitude of b:	4.413048282547	

	
    Current index:	29501	
    Magnitude of W_grad:	8.7532721729796	
    Magnitude of W:	60738.091591723	
    Magnitude of B_grad:	0.24366777734224	
    Magnitude of b:	4.3534059254052	

	
    Current index:	39501	
    Magnitude of W_grad:	8.2691228656681	
    Magnitude of W:	60734.018185168	
    Magnitude of B_grad:	0.21489167672402	
    Magnitude of b:	4.4534174981609	

	
    Current index:	49501	
    Magnitude of W_grad:	9.7973504563896	
    Magnitude of W:	60729.465316261	
    Magnitude of B_grad:	0.48272407703472	
    Magnitude of b:	4.5255579764091	

	
    Current index:	59501	
    Magnitude of W_grad:	10.85361872708	
    Magnitude of W:	60723.911588106	
    Magnitude of B_grad:	0.44383398093276	
    Magnitude of b:	4.5964219767503	

	
    Current index:	69501	
    Magnitude of W_grad:	8.550033973541	
    Magnitude of W:	60718.775341335	
    Magnitude of B_grad:	0.29467131528816	
    Magnitude of b:	4.6332378863752	

	
    Current index:	79501	
    Magnitude of W_grad:	8.0793054352247	
    Magnitude of W:	60714.252632714	
    Magnitude of B_grad:	0.12471948469748	
    Magnitude of b:	4.9212265217091	

	
    Current index:	89501	
    Magnitude of W_grad:	8.2813452858974	
    Magnitude of W:	60709.461991341	
    Magnitude of B_grad:	0.19413122926437	
    Magnitude of b:	5.1383803718721	

	
SGD: Loss is	
	LOSS:Calculated softmax res	
296456.76244487	
SGD: crossEntropyLoss is	
296456.76244487	
SGD: Validation Accuracy is:	
0.23705722070845	
SGD: Magnitude of W:	
60707.84441662	
SGD: Magnitude of b:	
5.0556524524053	
    Current index:	9501	
    Magnitude of W_grad:	10.422054532757	
    Magnitude of W:	60703.571971169	
    Magnitude of B_grad:	0.45836365362158	
    Magnitude of b:	4.6539812188977	

	
    Current index:	19501	
    Magnitude of W_grad:	10.339593961743	
    Magnitude of W:	60699.776513961	
    Magnitude of B_grad:	0.31180075420071	
    Magnitude of b:	4.6244476251551	

	
    Current index:	29501	
    Magnitude of W_grad:	8.70608639493	
    Magnitude of W:	60695.997285756	
    Magnitude of B_grad:	0.24174154617694	
    Magnitude of b:	4.5618734456935	

	
    Current index:	39501	
    Magnitude of W_grad:	8.141223200397	
    Magnitude of W:	60691.982377782	
    Magnitude of B_grad:	0.21465286586355	
    Magnitude of b:	4.6596161593982	

	
    Current index:	49501	
    Magnitude of W_grad:	9.7031220418581	
    Magnitude of W:	60687.520828141	
    Magnitude of B_grad:	0.47695844194876	
    Magnitude of b:	4.7268055216192	

	
    Current index:	59501	
    Magnitude of W_grad:	10.709894190758	
    Magnitude of W:	60682.015695702	
    Magnitude of B_grad:	0.44026440096989	
    Magnitude of b:	4.7920205878721	

	
    Current index:	69501	
    Magnitude of W_grad:	8.5292951297953	
    Magnitude of W:	60676.972729413	
    Magnitude of B_grad:	0.29348135418739	
    Magnitude of b:	4.8237248535221	

	
    Current index:	79501	
    Magnitude of W_grad:	8.0076037114145	
    Magnitude of W:	60672.463052893	
    Magnitude of B_grad:	0.1182767325845	
    Magnitude of b:	5.0284694224501	

	
    Current index:	89501	
    Magnitude of W_grad:	8.2315659430012	
    Magnitude of W:	60667.70238696	
    Magnitude of B_grad:	0.18873668770858	
    Magnitude of b:	5.2396147794164	

	
SGD: Loss is	
	LOSS:Calculated softmax res	
292302.95173454	
SGD: crossEntropyLoss is	
292302.95173454	
SGD: Validation Accuracy is:	
0.23978201634877	
SGD: Magnitude of W:	
60666.10659557	
SGD: Magnitude of b:	
5.1571715723773	
    Current index:	9501	
    Magnitude of W_grad:	10.32871827309	
    Magnitude of W:	60662.041512009	
    Magnitude of B_grad:	0.4530906684794	
    Magnitude of b:	4.8374917081746	

	
    Current index:	19501	
    Magnitude of W_grad:	10.244863365471	
    Magnitude of W:	60658.328960781	
    Magnitude of B_grad:	0.30879601815163	
    Magnitude of b:	4.8058327732518	

	
    Current index:	29501	
    Magnitude of W_grad:	8.6705136469794	
    Magnitude of W:	60654.510681773	
    Magnitude of B_grad:	0.23958098851517	
    Magnitude of b:	4.7411058058533	

	
    Current index:	39501	
    Magnitude of W_grad:	8.0290493123502	
    Magnitude of W:	60650.508023372	
    Magnitude of B_grad:	0.21444778535163	
    Magnitude of b:	4.8373462109144	

	
    Current index:	49501	
    Magnitude of W_grad:	9.6260110491072	
    Magnitude of W:	60646.107697685	
    Magnitude of B_grad:	0.47270123068823	
    Magnitude of b:	4.9005987844891	

	
    Current index:	59501	
    Magnitude of W_grad:	10.581020125472	
    Magnitude of W:	60640.733453036	
    Magnitude of B_grad:	0.43731706625234	
    Magnitude of b:	4.9612570480263	

	
    Current index:	69501	
    Magnitude of W_grad:	8.5019747245695	
    Magnitude of W:	60635.745945089	
    Magnitude of B_grad:	0.29188856676636	
    Magnitude of b:	4.9889978912726	

	
    Current index:	79501	
    Magnitude of W_grad:	7.9565095219149	
    Magnitude of W:	60631.325757876	
    Magnitude of B_grad:	0.11281360297419	
    Magnitude of b:	5.1153300119724	

	
    Current index:	89501	
    Magnitude of W_grad:	8.1947384195177	
    Magnitude of W:	60626.600265081	
    Magnitude of B_grad:	0.18450517910369	
    Magnitude of b:	5.3217163137714	

	
SGD: Loss is	
	LOSS:Calculated softmax res	
288644.31295542	
SGD: crossEntropyLoss is	
288644.31295542	
SGD: Validation Accuracy is:	
0.2425068119891	
SGD: Magnitude of W:	
60624.998639941	
SGD: Magnitude of b:	
5.239890039855	
    Current index:	9501	
    Magnitude of W_grad:	10.243655719911	
    Magnitude of W:	60621.096345037	
    Magnitude of B_grad:	0.44840399954542	
    Magnitude of b:	4.9978801252328	

	
    Current index:	19501	
    Magnitude of W_grad:	10.160228852167	
    Magnitude of W:	60617.446799822	
    Magnitude of B_grad:	0.30594561735477	
    Magnitude of b:	4.9644751189379	

	
    Current index:	29501	
    Magnitude of W_grad:	8.6394448338139	
    Magnitude of W:	60613.642290948	
    Magnitude of B_grad:	0.23733315842151	
    Magnitude of b:	4.8981184661044	

	
    Current index:	39501	
    Magnitude of W_grad:	7.9339474219788	
    Magnitude of W:	60609.693513946	
    Magnitude of B_grad:	0.21431602404249	
    Magnitude of b:	4.9933088420255	

	
    Current index:	49501	
    Magnitude of W_grad:	9.5577877776119	
    Magnitude of W:	60605.351950348	
    Magnitude of B_grad:	0.46956394064891	
    Magnitude of b:	5.0532911913642	

	
    Current index:	59501	
    Magnitude of W_grad:	10.467609378876	
    Magnitude of W:	60600.011442503	
    Magnitude of B_grad:	0.4348659371301	
    Magnitude of b:	5.1102707716389	

	
    Current index:	69501	
    Magnitude of W_grad:	8.4749006912019	
    Magnitude of W:	60595.137038986	
    Magnitude of B_grad:	0.29010508986964	
    Magnitude of b:	5.1348732647966	

	
    Current index:	79501	
    Magnitude of W_grad:	7.9168162359302	
    Magnitude of W:	60590.802769484	
    Magnitude of B_grad:	0.10828543831994	
    Magnitude of b:	5.2043753028442	

	
    Current index:	89501	
    Magnitude of W_grad:	8.1600013472373	
    Magnitude of W:	60586.194969498	
    Magnitude of B_grad:	0.18112879011896	
    Magnitude of b:	5.389240051277	

	
SGD: Loss is	
	LOSS:Calculated softmax res	
285370.92683145	
SGD: crossEntropyLoss is	
285370.92683145	
SGD: Validation Accuracy is:	
0.24613987284287	
SGD: Magnitude of W:	
60584.614926597	
SGD: Magnitude of b:	
5.3082421553264	
    Current index:	9501	
    Magnitude of W_grad:	10.167155572329	
    Magnitude of W:	60580.772286763	
    Magnitude of B_grad:	0.44408072550206	
    Magnitude of b:	5.140211876466	

	
    Current index:	19501	
    Magnitude of W_grad:	10.080006761594	
    Magnitude of W:	60577.179302667	
    Magnitude of B_grad:	0.30323045896856	
    Magnitude of b:	5.105302039081	

	
    Current index:	29501	
    Magnitude of W_grad:	8.6123934424613	
    Magnitude of W:	60573.403355323	
    Magnitude of B_grad:	0.23505357479838	
    Magnitude of b:	5.037669103731	

	
    Current index:	39501	
    Magnitude of W_grad:	7.8544138578872	
    Magnitude of W:	60569.521155729	
    Magnitude of B_grad:	0.21427560880292	
    Magnitude of b:	5.1320637940721	

	
    Current index:	49501	
    Magnitude of W_grad:	9.4963996240367	
    Magnitude of W:	60565.199854675	
    Magnitude of B_grad:	0.46726688054557	
    Magnitude of b:	5.1892496620624	

	
    Current index:	59501	
    Magnitude of W_grad:	10.365880554765	
    Magnitude of W:	60559.928774324	
    Magnitude of B_grad:	0.43279157693608	
    Magnitude of b:	5.2432823162256	

	
    Current index:	69501	
    Magnitude of W_grad:	8.4474223370151	
    Magnitude of W:	60555.10799053	
    Magnitude of B_grad:	0.28825907761046	
    Magnitude of b:	5.2653289943094	

	
    Current index:	79501	
    Magnitude of W_grad:	7.8730812128541	
    Magnitude of W:	60550.750319747	
    Magnitude of B_grad:	0.10458207132883	
    Magnitude of b:	5.3318971986263	

	
    Current index:	89501	
    Magnitude of W_grad:	8.1275439589512	
    Magnitude of W:	60546.216746554	
    Magnitude of B_grad:	0.1783885632658	
    Magnitude of b:	5.4454921128318	

	
SGD: Loss is	
	LOSS:Calculated softmax res	
282402.50705989	
SGD: crossEntropyLoss is	
282402.50705989	
SGD: Validation Accuracy is:	
0.24704813805631	
SGD: Magnitude of W:	
60544.642984351	
SGD: Magnitude of b:	
5.3654523089851	
    Current index:	9501	
    Magnitude of W_grad:	10.094823855278	
    Magnitude of W:	60540.92286444	
    Magnitude of B_grad:	0.44001536396137	
    Magnitude of b:	5.2679404115732	

	
    Current index:	19501	
    Magnitude of W_grad:	10.00339209751	
    Magnitude of W:	60537.36979884	
    Magnitude of B_grad:	0.30066150960483	
    Magnitude of b:	5.2316935991826	

	
    Current index:	29501	
    Magnitude of W_grad:	8.5890988368322	
    Magnitude of W:	60533.620065681	
    Magnitude of B_grad:	0.23276913865667	
    Magnitude of b:	5.1630276866617	

	
    Current index:	39501	
    Magnitude of W_grad:	7.7829156693835	
    Magnitude of W:	60529.787495737	
    Magnitude of B_grad:	0.21475467179013	
    Magnitude of b:	5.2567670937482	

	
    Current index:	49501	
    Magnitude of W_grad:	9.4437994119782	
    Magnitude of W:	60525.484545536	
    Magnitude of B_grad:	0.46560302350224	
    Magnitude of b:	5.3115233913876	

	
    Current index:	59501	
    Magnitude of W_grad:	10.27507820041	
    Magnitude of W:	60520.320757656	
    Magnitude of B_grad:	0.43098823885406	
    Magnitude of b:	5.3632196981175	

	
    Current index:	69501	
    Magnitude of W_grad:	8.4186423079466	
    Magnitude of W:	60515.608297545	
    Magnitude of B_grad:	0.2864297546093	
    Magnitude of b:	5.3831190977212	

	
    Current index:	79501	
    Magnitude of W_grad:	7.8265089880048	
    Magnitude of W:	60511.373327974	
    Magnitude of B_grad:	0.10155009251798	
    Magnitude of b:	5.4471108137009	

	
    Current index:	89501	
    Magnitude of W_grad:	8.0939943963039	
    Magnitude of W:	60506.948804134	
    Magnitude of B_grad:	0.17612324039266	
    Magnitude of b:	5.5109683420882	

	
SGD: Loss is	
	LOSS:Calculated softmax res	
279679.66281251	
SGD: crossEntropyLoss is	
279679.66281251	
SGD: Validation Accuracy is:	
0.25068119891008	
SGD: Magnitude of W:	
60505.424712314	
SGD: Magnitude of b:	
5.4138496925206	
    Current index:	9501	
    Magnitude of W_grad:	10.026229953553	
    Magnitude of W:	60501.753587673	
    Magnitude of B_grad:	0.43615224603122	
    Magnitude of b:	5.3834751388091	

	
    Current index:	19501	
    Magnitude of W_grad:	9.9311782322497	
    Magnitude of W:	60498.190735286	
    Magnitude of B_grad:	0.29825559769312	
    Magnitude of b:	5.346020998632	

	
    Current index:	29501	
    Magnitude of W_grad:	8.5666723502501	
    Magnitude of W:	60494.42126705	
    Magnitude of B_grad:	0.23049730007425	
    Magnitude of b:	5.2764949384676	

	
    Current index:	39501	
    Magnitude of W_grad:	7.7185677398895	
    Magnitude of W:	60490.621400578	
    Magnitude of B_grad:	0.21560478600794	
    Magnitude of b:	5.3696580406981	

	
    Current index:	49501	
    Magnitude of W_grad:	9.3960261839225	
    Magnitude of W:	60486.390339953	
    Magnitude of B_grad:	0.46441394426135	
    Magnitude of b:	5.4222880196034	

	
    Current index:	59501	
    Magnitude of W_grad:	10.193420935777	
    Magnitude of W:	60481.347522109	
    Magnitude of B_grad:	0.42937505461895	
    Magnitude of b:	5.4721420376776	

	
    Current index:	69501	
    Magnitude of W_grad:	8.3898775502705	
    Magnitude of W:	60476.705275806	
    Magnitude of B_grad:	0.28466700184644	
    Magnitude of b:	5.490184164637	

	
    Current index:	79501	
    Magnitude of W_grad:	7.779948055028	
    Magnitude of W:	60472.549092963	
    Magnitude of B_grad:	0.099044360135773	
    Magnitude of b:	5.551847253213	

	
    Current index:	89501	
    Magnitude of W_grad:	8.0604909257492	
    Magnitude of W:	60468.197074339	
    Magnitude of B_grad:	0.17421240847053	
    Magnitude of b:	5.6149162630867	

	
SGD: Loss is	
	LOSS:Calculated softmax res	
277158.10304814	
SGD: crossEntropyLoss is	
277158.10304814	
SGD: Validation Accuracy is:	
0.25249772933697	
SGD: Magnitude of W:	
60466.689742874	
SGD: Magnitude of b:	
5.5177171967216	
    Current index:	9501	
    Magnitude of W_grad:	9.9588155220137	
    Magnitude of W:	60462.996603995	
    Magnitude of B_grad:	0.43245623680765	
    Magnitude of b:	5.4885520573119	

	
    Current index:	19501	
    Magnitude of W_grad:	9.8624084340819	
    Magnitude of W:	60459.455353078	
    Magnitude of B_grad:	0.29602419236197	
    Magnitude of b:	5.4499977906664	

	
    Current index:	29501	
    Magnitude of W_grad:	8.544957811092	
    Magnitude of W:	60455.74404542	
    Magnitude of B_grad:	0.22825065702885	
    Magnitude of b:	5.3797389860317	

	
    Current index:	39501	
    Magnitude of W_grad:	7.6611618783095	
    Magnitude of W:	60451.953136593	
    Magnitude of B_grad:	0.21622039288942	
    Magnitude of b:	5.4723735588713	

	
    Current index:	49501	
    Magnitude of W_grad:	9.3519512450834	
    Magnitude of W:	60447.768294267	
    Magnitude of B_grad:	0.46357572331599	
    Magnitude of b:	5.5231372240363	

	
    Current index:	59501	
    Magnitude of W_grad:	10.119896404906	
    Magnitude of W:	60442.840429397	
    Magnitude of B_grad:	0.42789551539766	
    Magnitude of b:	5.5715346122186	

	
    Current index:	69501	
    Magnitude of W_grad:	8.3622251158362	
    Magnitude of W:	60438.271243979	
    Magnitude of B_grad:	0.28300124752229	
    Magnitude of b:	5.58793053007	

	
    Current index:	79501	
    Magnitude of W_grad:	7.7341154658114	
    Magnitude of W:	60434.161242899	
    Magnitude of B_grad:	0.096947382372723	
    Magnitude of b:	5.6474475766205	

	
    Current index:	89501	
    Magnitude of W_grad:	8.0270422230754	
    Magnitude of W:	60429.845315233	
    Magnitude of B_grad:	0.17256639589456	
    Magnitude of b:	5.7098420464433	

	
SGD: Loss is	
	LOSS:Calculated softmax res	
274804.4202592	
SGD: crossEntropyLoss is	
274804.4202592	
SGD: Validation Accuracy is:	
0.25522252497729	
SGD: Magnitude of W:	
60428.348598373	
SGD: Magnitude of b:	
5.6133172922061	
    Current index:	9501	
    Magnitude of W_grad:	9.8930987265295	
    Magnitude of W:	60424.684826476	
    Magnitude of B_grad:	0.42890121142654	
    Magnitude of b:	5.5844649938705	

	
    Current index:	19501	
    Magnitude of W_grad:	9.7975921570163	
    Magnitude of W:	60421.160776704	
    Magnitude of B_grad:	0.29396993332695	
    Magnitude of b:	5.5449027188852	

	
    Current index:	29501	
    Magnitude of W_grad:	8.5240090451975	
    Magnitude of W:	60417.475287007	
    Magnitude of B_grad:	0.2260386735483	
    Magnitude of b:	5.4740090254471	

	
    Current index:	39501	
    Magnitude of W_grad:	7.6086197371189	
    Magnitude of W:	60413.716915774	
    Magnitude of B_grad:	0.21663019370112	
    Magnitude of b:	5.5661484481845	

	
    Current index:	49501	
    Magnitude of W_grad:	9.3117374452009	
    Magnitude of W:	60409.558814307	
    Magnitude of B_grad:	0.4629906250627	
    Magnitude of b:	5.6152725118575	

	
    Current index:	59501	
    Magnitude of W_grad:	10.053500499278	
    Magnitude of W:	60404.673036501	
    Magnitude of B_grad:	0.42651229475335	
    Magnitude of b:	5.6625078151929	

	
    Current index:	69501	
    Magnitude of W_grad:	8.3361757586364	
    Magnitude of W:	60400.14731748	
    Magnitude of B_grad:	0.28144899554487	
    Magnitude of b:	5.6774156145437	

	
    Current index:	79501	
    Magnitude of W_grad:	7.6896299036889	
    Magnitude of W:	60396.091459287	
    Magnitude of B_grad:	0.095169047716841	
    Magnitude of b:	5.7349317393714	

	
    Current index:	89501	
    Magnitude of W_grad:	7.9935002910289	
    Magnitude of W:	60391.817279685	
    Magnitude of B_grad:	0.17111899363567	
    Magnitude of b:	5.7967407069056	

	
SGD: Loss is	
	LOSS:Calculated softmax res	
272593.05143735	
SGD: crossEntropyLoss is	
272593.05143735	
SGD: Validation Accuracy is:	
0.25885558583106	
SGD: Magnitude of W:	
60390.332812291	
SGD: Magnitude of b:	
5.7008421861228	
    Current index:	9501	
    Magnitude of W_grad:	9.8287669077642	
    Magnitude of W:	60386.645028656	
    Magnitude of B_grad:	0.42546623773444	
    Magnitude of b:	5.6722127104722	

	
    Current index:	19501	
    Magnitude of W_grad:	9.7384081556833	
    Magnitude of W:	60383.15516948	
    Magnitude of B_grad:	0.29208752339548	
    Magnitude of b:	5.6317234996756	

	
    Current index:	29501	
    Magnitude of W_grad:	8.5040899170138	
    Magnitude of W:	60379.490116905	
    Magnitude of B_grad:	0.22386871827723	
    Magnitude of b:	5.5602731543946	

	
    Current index:	39501	
    Magnitude of W_grad:	7.5597209360244	
    Magnitude of W:	60375.743912837	
    Magnitude of B_grad:	0.2168576802391	
    Magnitude of b:	5.6519453278202	

	
    Current index:	49501	
    Magnitude of W_grad:	9.2754767637841	
    Magnitude of W:	60371.61702431	
    Magnitude of B_grad:	0.46258174705139	
    Magnitude of b:	5.6996285565536	

	
    Current index:	59501	
    Magnitude of W_grad:	9.9927126922209	
    Magnitude of W:	60366.775099816	
    Magnitude of B_grad:	0.42520182815203	
    Magnitude of b:	5.745925238263	

	
    Current index:	69501	
    Magnitude of W_grad:	8.3109047476709	
    Magnitude of W:	60362.330874104	
    Magnitude of B_grad:	0.28001685200793	
    Magnitude of b:	5.7594669408762	

	
    Current index:	79501	
    Magnitude of W_grad:	7.6460082421561	
    Magnitude of W:	60358.29859947	
    Magnitude of B_grad:	0.093640868936517	
    Magnitude of b:	5.8151058513008	

	
    Current index:	89501	
    Magnitude of W_grad:	7.958957776944	
    Magnitude of W:	60354.065015612	
    Magnitude of B_grad:	0.16982169231905	
    Magnitude of b:	5.8763996621839	

	
SGD: Loss is	
	LOSS:Calculated softmax res	
270504.11833529	
SGD: crossEntropyLoss is	
270504.11833529	
SGD: Validation Accuracy is:	
0.26158038147139	
SGD: Magnitude of W:	
60352.61031388	
SGD: Magnitude of b:	
5.7810755585856	
    Current index:	9501	
    Magnitude of W_grad:	9.7648517285154	
    Magnitude of W:	60348.903899399	
    Magnitude of B_grad:	0.42213425124573	
    Magnitude of b:	5.7525944031687	

	
    Current index:	19501	
    Magnitude of W_grad:	9.6843375566542	
    Magnitude of W:	60345.416646506	
    Magnitude of B_grad:	0.29036617820783	
    Magnitude of b:	5.7112508072964	

	
    Current index:	29501	
    Magnitude of W_grad:	8.484379405046	
    Magnitude of W:	60341.767947966	
    Magnitude of B_grad:	0.22174668696215	
    Magnitude of b:	5.6393085602077	

	
    Current index:	39501	
    Magnitude of W_grad:	7.5140378910939	
    Magnitude of W:	60338.013314614	
    Magnitude of B_grad:	0.21692180521249	
    Magnitude of b:	5.7305402947144	

	
    Current index:	49501	
    Magnitude of W_grad:	9.2416626002713	
    Magnitude of W:	60333.924785939	
    Magnitude of B_grad:	0.46228923333926	
    Magnitude of b:	5.7769569098287	

	
    Current index:	59501	
    Magnitude of W_grad:	9.9364343755931	
    Magnitude of W:	60329.133473725	
    Magnitude of B_grad:	0.42394991916037	
    Magnitude of b:	5.8224850369003	

	
    Current index:	69501	
    Magnitude of W_grad:	8.2862784142863	
    Magnitude of W:	60324.747901009	
    Magnitude of B_grad:	0.27870472948987	
    Magnitude of b:	5.834757952255	

	
    Current index:	79501	
    Magnitude of W_grad:	7.6053070557526	
    Magnitude of W:	60320.767943984	
    Magnitude of B_grad:	0.092310200462995	
    Magnitude of b:	5.8886307304719	

	
    Current index:	89501	
    Magnitude of W_grad:	7.9230668761132	
    Magnitude of W:	60316.589454724	
    Magnitude of B_grad:	0.16863909201475	
    Magnitude of b:	5.9494657450102	

	
SGD: Loss is	
	LOSS:Calculated softmax res	
268521.90273969	
SGD: crossEntropyLoss is	
268521.90273969	
SGD: Validation Accuracy is:	
0.26521344232516	
SGD: Magnitude of W:	
60315.14099744	
SGD: Magnitude of b:	
5.8546644706263	
    Current index:	9501	
    Magnitude of W_grad:	9.7022866895522	
    Magnitude of W:	60311.429734114	
    Magnitude of B_grad:	0.41889123701451	
    Magnitude of b:	5.8262722162222	

	
    Current index:	19501	
    Magnitude of W_grad:	9.6333035843633	
    Magnitude of W:	60307.947929149	
    Magnitude of B_grad:	0.28879201707245	
    Magnitude of b:	5.7841399153189	

	
    Current index:	29501	
    Magnitude of W_grad:	8.4657749032874	
    Magnitude of W:	60304.324179046	
    Magnitude of B_grad:	0.21967732618042	
    Magnitude of b:	5.7117608179433	

	
    Current index:	39501	
    Magnitude of W_grad:	7.471008602752	
    Magnitude of W:	60300.577621298	
    Magnitude of B_grad:	0.21683763392259	
    Magnitude of b:	5.8025797070711	

	
    Current index:	49501	
    Magnitude of W_grad:	9.2105267053607	
    Magnitude of W:	60296.536461431	
    Magnitude of B_grad:	0.46206733213829	
    Magnitude of b:	5.8478820131811	

	
    Current index:	59501	
    Magnitude of W_grad:	9.8838904870756	
    Magnitude of W:	60291.799180847	
    Magnitude of B_grad:	0.42274849403481	
    Magnitude of b:	5.8927720326983	

	
    Current index:	69501	
    Magnitude of W_grad:	8.2631251193267	
    Magnitude of W:	60287.474113965	
    Magnitude of B_grad:	0.27750828233143	
    Magnitude of b:	5.9038565840098	

	
    Current index:	79501	
    Magnitude of W_grad:	7.5659091824009	
    Magnitude of W:	60283.522483787	
    Magnitude of B_grad:	0.091135844257118	
    Magnitude of b:	5.9560662595195	

	
    Current index:	89501	
    Magnitude of W_grad:	7.8861386261738	
    Magnitude of W:	60279.366761354	
    Magnitude of B_grad:	0.16754536148057	
    Magnitude of b:	6.0164886700603	

	
SGD: Loss is	
	LOSS:Calculated softmax res	
266633.76939433	
SGD: crossEntropyLoss is	
266633.76939433	
SGD: Validation Accuracy is:	
0.26975476839237	
SGD: Magnitude of W:	
60277.927200504	
SGD: Magnitude of b:	
5.9221614573608	
    Current index:	9501	
    Magnitude of W_grad:	9.6395857277351	
    Magnitude of W:	60274.20966053	
    Magnitude of B_grad:	0.4157255636996	
    Magnitude of b:	5.8938121040276	

	
    Current index:	19501	
    Magnitude of W_grad:	9.58413265882	
    Magnitude of W:	60270.728945135	
    Magnitude of B_grad:	0.28734986583129	
    Magnitude of b:	5.8509509900062	

	
    Current index:	29501	
    Magnitude of W_grad:	8.447679849444	
    Magnitude of W:	60267.138037598	
    Magnitude of B_grad:	0.21948359389019	
    Magnitude of b:	5.7781827672512	

	
    Current index:	39501	
    Magnitude of W_grad:	7.4316013140042	
    Magnitude of W:	60263.397935237	
    Magnitude of B_grad:	0.21661702745711	
    Magnitude of b:	5.8686177162566	

	
    Current index:	49501	
    Magnitude of W_grad:	9.1807962045564	
    Magnitude of W:	60259.371680581	
    Magnitude of B_grad:	0.46188190934703	
    Magnitude of b:	5.9129384315454	

	
    Current index:	59501	
    Magnitude of W_grad:	9.8350171165666	
    Magnitude of W:	60254.69689735	
    Magnitude of B_grad:	0.4215933001755	
    Magnitude of b:	5.9572913085935	

	
    Current index:	69501	
    Magnitude of W_grad:	8.2403153984962	
    Magnitude of W:	60250.429211453	
    Magnitude of B_grad:	0.27642065607862	
    Magnitude of b:	5.9672564501787	

	
    Current index:	79501	
    Magnitude of W_grad:	7.5277718174579	
    Magnitude of W:	60246.51157157	
    Magnitude of B_grad:	0.090085023694715	
    Magnitude of b:	6.0179002506271	

	
    Current index:	89501	
    Magnitude of W_grad:	7.8483577603436	
    Magnitude of W:	60242.390392617	
    Magnitude of B_grad:	0.16652159884597	
    Magnitude of b:	6.0779490183808	

	
SGD: Loss is	
	LOSS:Calculated softmax res	
264829.4012474	
SGD: crossEntropyLoss is	
264829.4012474	
SGD: Validation Accuracy is:	
0.27066303360581	
SGD: Magnitude of W:	
60240.952112564	
SGD: Magnitude of b:	
5.9840514379272	
    Current index:	9501	
    Magnitude of W_grad:	9.5782232473561	
    Magnitude of W:	60237.239620123	
    Magnitude of B_grad:	0.41262749933462	
    Magnitude of b:	5.9557103709369	

	
    Current index:	19501	
    Magnitude of W_grad:	9.5364852874337	
    Magnitude of W:	60233.750757429	
    Magnitude of B_grad:	0.28602445269095	
    Magnitude of b:	5.9121752671357	

	
    Current index:	29501	
    Magnitude of W_grad:	8.4298653944134	
    Magnitude of W:	60230.197369625	
    Magnitude of B_grad:	0.21931147972852	
    Magnitude of b:	5.8390598415757	

	
    Current index:	39501	
    Magnitude of W_grad:	7.3929063626674	
    Magnitude of W:	60226.485061629	
    Magnitude of B_grad:	0.21626935457503	
    Magnitude of b:	5.9291409123498	

	
    Current index:	49501	
    Magnitude of W_grad:	9.1520162765913	
    Magnitude of W:	60222.474809409	
    Magnitude of B_grad:	0.4617082418029	
    Magnitude of b:	5.972595360166	

	
    Current index:	59501	
    Magnitude of W_grad:	9.7889847277407	
    Magnitude of W:	60217.857277021	
    Magnitude of B_grad:	0.4204823147786	
    Magnitude of b:	6.0164898948909	

	
    Current index:	69501	
    Magnitude of W_grad:	8.2177559275448	
    Magnitude of W:	60213.651977503	
    Magnitude of B_grad:	0.27543369417392	
    Magnitude of b:	6.0253968180773	

	
    Current index:	79501	
    Magnitude of W_grad:	7.4909171402962	
    Magnitude of W:	60209.749236913	
    Magnitude of B_grad:	0.089131348134779	
    Magnitude of b:	6.0745672015042	

	
    Current index:	89501	
    Magnitude of W_grad:	7.8098145381477	
    Magnitude of W:	60205.666684986	
    Magnitude of B_grad:	0.1655539116519	
    Magnitude of b:	6.1342761350024	

	
SGD: Loss is	
	LOSS:Calculated softmax res	
263100.25188548	
SGD: crossEntropyLoss is	
263100.25188548	
SGD: Validation Accuracy is:	
0.27066303360581	
SGD: Magnitude of W:	
60204.234770394	
SGD: Magnitude of b:	
6.0407688139779	
    Current index:	9501	
    Magnitude of W_grad:	9.5198374440275	
    Magnitude of W:	60200.528177324	
    Magnitude of B_grad:	0.40958890825158	
    Magnitude of b:	6.0124108149417	

	
    Current index:	19501	
    Magnitude of W_grad:	9.4902169299538	
    Magnitude of W:	60197.074047514	
    Magnitude of B_grad:	0.2848011275303	
    Magnitude of b:	5.9682519860238	

	
    Current index:	29501	
    Magnitude of W_grad:	8.4126175869066	
    Magnitude of W:	60193.546419238	
    Magnitude of B_grad:	0.21912646081765	
    Magnitude of b:	5.8948264995815	

	
    Current index:	39501	
    Magnitude of W_grad:	7.3540228674168	
    Magnitude of W:	60189.870337823	
    Magnitude of B_grad:	0.21580735853066	
    Magnitude of b:	5.9845844408374	

	
    Current index:	49501	
    Magnitude of W_grad:	9.1247394811736	
    Magnitude of W:	60185.875929398	
    Magnitude of B_grad:	0.46152904434583	
    Magnitude of b:	6.0272726368039	

	
    Current index:	59501	
    Magnitude of W_grad:	9.7454338553651	
    Magnitude of W:	60181.286604165	
    Magnitude of B_grad:	0.41941467728862	
    Magnitude of b:	6.0707707660778	

	
    Current index:	69501	
    Magnitude of W_grad:	8.1953216785313	
    Magnitude of W:	60177.098180496	
    Magnitude of B_grad:	0.27453874304795	
    Magnitude of b:	6.0786753838978	

	
    Current index:	79501	
    Magnitude of W_grad:	7.4548721947258	
    Magnitude of W:	60173.223461272	
    Magnitude of B_grad:	0.088253415961019	
    Magnitude of b:	6.1264604561485	

	
    Current index:	89501	
    Magnitude of W_grad:	7.7706856012302	
    Magnitude of W:	60169.193056023	
    Magnitude of B_grad:	0.16463203812251	
    Magnitude of b:	6.1858595616925	

	
SGD: Loss is	
	LOSS:Calculated softmax res	
261439.14900783	
SGD: crossEntropyLoss is	
261439.14900783	
SGD: Validation Accuracy is:	
0.2724795640327	
SGD: Magnitude of W:	
60167.759364041	
SGD: Magnitude of b:	
6.0927083437832	
    Current index:	9501	
    Magnitude of W_grad:	9.4669930906536	
    Magnitude of W:	60164.064210492	
    Magnitude of B_grad:	0.40660307383244	
    Magnitude of b:	6.0643158209101	

	
    Current index:	19501	
    Magnitude of W_grad:	9.4450294414848	
    Magnitude of W:	60160.63732526	
    Magnitude of B_grad:	0.28366624886316	
    Magnitude of b:	6.0195793803362	

	
    Current index:	29501	
    Magnitude of W_grad:	8.3961895004758	
    Magnitude of W:	60157.141127806	
    Magnitude of B_grad:	0.21893296654441	
    Magnitude of b:	5.9458769218955	

	
    Current index:	39501	
    Magnitude of W_grad:	7.3161140207339	
    Magnitude of W:	60153.45936113	
    Magnitude of B_grad:	0.21579588099002	
    Magnitude of b:	6.035342589638	

	
    Current index:	49501	
    Magnitude of W_grad:	9.0986837047349	
    Magnitude of W:	60149.49737344	
    Magnitude of B_grad:	0.46133274316644	
    Magnitude of b:	6.0773512163028	

	
    Current index:	59501	
    Magnitude of W_grad:	9.7037527712175	
    Magnitude of W:	60144.941833705	
    Magnitude of B_grad:	0.41839000416461	
    Magnitude of b:	6.1205019227262	

	
    Current index:	69501	
    Magnitude of W_grad:	8.1731388051662	
    Magnitude of W:	60140.794540442	
    Magnitude of B_grad:	0.27372716890444	
    Magnitude of b:	6.1274564984311	

	
    Current index:	79501	
    Magnitude of W_grad:	7.4209752255291	
    Magnitude of W:	60136.937799137	
    Magnitude of B_grad:	0.087433813970977	
    Magnitude of b:	6.1739401321628	

	
    Current index:	89501	
    Magnitude of W_grad:	7.7312561315775	
    Magnitude of W:	60132.917723659	
    Magnitude of B_grad:	0.16374835971465	
    Magnitude of b:	6.2330564177309	

	
SGD: Loss is	
	LOSS:Calculated softmax res	
259840.00336783	
SGD: crossEntropyLoss is	
259840.00336783	
SGD: Validation Accuracy is:	
0.27429609445958	
SGD: Magnitude of W:	
60131.487367686	
SGD: Magnitude of b:	
6.1402321633103	
    Current index:	9501	
    Magnitude of W_grad:	9.4154444666855	
    Magnitude of W:	60127.811774345	
    Magnitude of B_grad:	0.4036645818139	
    Magnitude of b:	6.1117936547777	

	
    Current index:	19501	
    Magnitude of W_grad:	9.4009637590011	
    Magnitude of W:	60124.404290498	
    Magnitude of B_grad:	0.28260735624467	
    Magnitude of b:	6.0665219334946	

	
    Current index:	29501	
    Magnitude of W_grad:	8.3799040916647	
    Magnitude of W:	60120.945390652	
    Magnitude of B_grad:	0.21873448220622	
    Magnitude of b:	5.9925720950844	

	
    Current index:	39501	
    Magnitude of W_grad:	7.2791470312668	
    Magnitude of W:	60117.272939067	
    Magnitude of B_grad:	0.21571361316402	
    Magnitude of b:	6.0817758774641	

	
    Current index:	49501	
    Magnitude of W_grad:	9.0731480468568	
    Magnitude of W:	60113.329200199	
    Magnitude of B_grad:	0.461112017215	
    Magnitude of b:	6.1231801264982	

	
    Current index:	59501	
    Magnitude of W_grad:	9.6641588181109	
    Magnitude of W:	60108.788866926	
    Magnitude of B_grad:	0.41740797593686	
    Magnitude of b:	6.1660223849905	

	
    Current index:	69501	
    Magnitude of W_grad:	8.1519224492065	
    Magnitude of W:	60104.685395491	
    Magnitude of B_grad:	0.27299067138104	
    Magnitude of b:	6.1720765745763	

	
    Current index:	79501	
    Magnitude of W_grad:	7.3876920844697	
    Magnitude of W:	60100.830139387	
    Magnitude of B_grad:	0.086658366963254	
    Magnitude of b:	6.2173383930277	

	
    Current index:	89501	
    Magnitude of W_grad:	7.6920927627771	
    Magnitude of W:	60096.834642845	
    Magnitude of B_grad:	0.162897190026	
    Magnitude of b:	6.2761963046295	

	
SGD: Loss is	
	LOSS:Calculated softmax res	
258297.59200576	
SGD: crossEntropyLoss is	
258297.59200576	
SGD: Validation Accuracy is:	
0.27520435967302	
SGD: Magnitude of W:	
60095.421469643	
SGD: Magnitude of b:	
6.1836744854013	
    Current index:	9501	
    Magnitude of W_grad:	9.3657560857855	
    Magnitude of W:	60091.770257881	
    Magnitude of B_grad:	0.40076921669733	
    Magnitude of b:	6.1551834314434	

	
    Current index:	19501	
    Magnitude of W_grad:	9.3582545732797	
    Magnitude of W:	60088.388830076	
    Magnitude of B_grad:	0.28161321321776	
    Magnitude of b:	6.10941533454	

	
    Current index:	29501	
    Magnitude of W_grad:	8.3641042256998	
    Magnitude of W:	60084.985704871	
    Magnitude of B_grad:	0.21853369534274	
    Magnitude of b:	6.0352446629899	

	
    Current index:	39501	
    Magnitude of W_grad:	7.2434224319273	
    Magnitude of W:	60081.337773983	
    Magnitude of B_grad:	0.21555718597228	
    Magnitude of b:	6.1242159737252	

	
    Current index:	49501	
    Magnitude of W_grad:	9.0486537247904	
    Magnitude of W:	60077.421078155	
    Magnitude of B_grad:	0.46086261448103	
    Magnitude of b:	6.1650812323619	

	
    Current index:	59501	
    Magnitude of W_grad:	9.6261359514244	
    Magnitude of W:	60072.898355844	
    Magnitude of B_grad:	0.41646811046259	
    Magnitude of b:	6.2076462741512	

	
    Current index:	69501	
    Magnitude of W_grad:	8.1310260887527	
    Magnitude of W:	60068.822742442	
    Magnitude of B_grad:	0.27232145758	
    Magnitude of b:	6.2128477755358	

	
    Current index:	79501	
    Magnitude of W_grad:	7.3558002740167	
    Magnitude of W:	60064.986935991	
    Magnitude of B_grad:	0.085915554563732	
    Magnitude of b:	6.2569630865285	

	
    Current index:	89501	
    Magnitude of W_grad:	7.6530101313407	
    Magnitude of W:	60061.010768015	
    Magnitude of B_grad:	0.16207425743067	
    Magnitude of b:	6.3155847265021	

	
SGD: Loss is	
	LOSS:Calculated softmax res	
256807.39444385	
SGD: crossEntropyLoss is	
256807.39444385	
SGD: Validation Accuracy is:	
0.27520435967302	
SGD: Magnitude of W:	
60059.609785764	
SGD: Magnitude of b:	
6.2233449248997	
    Current index:	9501	
    Magnitude of W_grad:	9.319025865816	
    Magnitude of W:	60055.97617172	
    Magnitude of B_grad:	0.39791384752937	
    Magnitude of b:	6.1947986757294	

	
    Current index:	19501	
    Magnitude of W_grad:	9.3168698871511	
    Magnitude of W:	60052.631108684	
    Magnitude of B_grad:	0.28067377786769	
    Magnitude of b:	6.1485700281961	

	
    Current index:	29501	
    Magnitude of W_grad:	8.3482224218803	
    Magnitude of W:	60049.287619305	
    Magnitude of B_grad:	0.21833263006294	
    Magnitude of b:	6.0742024043479	

	
    Current index:	39501	
    Magnitude of W_grad:	7.2081414022676	
    Magnitude of W:	60045.661434478	
    Magnitude of B_grad:	0.21532501600404	
    Magnitude of b:	6.162969280843	

	
    Current index:	49501	
    Magnitude of W_grad:	9.0243977721254	
    Magnitude of W:	60041.779719338	
    Magnitude of B_grad:	0.46058242902552	
    Magnitude of b:	6.2033526398932	

	
    Current index:	59501	
    Magnitude of W_grad:	9.5899195163687	
    Magnitude of W:	60037.266225006	
    Magnitude of B_grad:	0.41556965701929	
    Magnitude of b:	6.2456657115619	

	
    Current index:	69501	
    Magnitude of W_grad:	8.1103232465305	
    Magnitude of W:	60033.230443331	
    Magnitude of B_grad:	0.27171232376434	
    Magnitude of b:	6.2500606520041	

	
    Current index:	79501	
    Magnitude of W_grad:	7.3245362177964	
    Magnitude of W:	60029.44539946	
    Magnitude of B_grad:	0.085196048505845	
    Magnitude of b:	6.2931003799212	

	
    Current index:	89501	
    Magnitude of W_grad:	7.6143325040724	
    Magnitude of W:	60025.495732503	
    Magnitude of B_grad:	0.16127632471148	
    Magnitude of b:	6.3515056178658	

	
SGD: Loss is	
	LOSS:Calculated softmax res	
255365.46709981	
SGD: crossEntropyLoss is	
255365.46709981	
SGD: Validation Accuracy is:	
0.27702089009991	
SGD: Magnitude of W:	
60024.096814273	
SGD: Magnitude of b:	
6.2595310029127	
    Current index:	9501	
    Magnitude of W_grad:	9.2759129882509	
    Magnitude of W:	60020.487866005	
    Magnitude of B_grad:	0.3950962972752	
    Magnitude of b:	6.2309300178891	

	
    Current index:	19501	
    Magnitude of W_grad:	9.2770532715502	
    Magnitude of W:	60017.160922479	
    Magnitude of B_grad:	0.27978013699062	
    Magnitude of b:	6.1842738878309	

	
    Current index:	29501	
    Magnitude of W_grad:	8.3323489038497	
    Magnitude of W:	60013.841189116	
    Magnitude of B_grad:	0.21813276755235	
    Magnitude of b:	6.1097308465429	

	
    Current index:	39501	
    Magnitude of W_grad:	7.1728261098401	
    Magnitude of W:	60010.232836507	
    Magnitude of B_grad:	0.21501710809607	
    Magnitude of b:	6.1983196699674	

	
    Current index:	49501	
    Magnitude of W_grad:	9.0005317628823	
    Magnitude of W:	60006.375663957	
    Magnitude of B_grad:	0.46027080779054	
    Magnitude of b:	6.2382712364653	

	
    Current index:	59501	
    Magnitude of W_grad:	9.5551388781807	
    Magnitude of W:	60001.890376068	
    Magnitude of B_grad:	0.41471156418741	
    Magnitude of b:	6.2803529689247	

	
    Current index:	69501	
    Magnitude of W_grad:	8.090008731094	
    Magnitude of W:	59997.87274615	
    Magnitude of B_grad:	0.27115667942185	
    Magnitude of b:	6.2839861180913	

	
    Current index:	79501	
    Magnitude of W_grad:	7.294609918822	
    Magnitude of W:	59994.115627277	
    Magnitude of B_grad:	0.084492342332499	
    Magnitude of b:	6.3260167638696	

	
    Current index:	89501	
    Magnitude of W_grad:	7.5759643214011	
    Magnitude of W:	59990.192917826	
    Magnitude of B_grad:	0.16050090782157	
    Magnitude of b:	6.3842233124681	

	
SGD: Loss is	
	LOSS:Calculated softmax res	
253968.34555659	
SGD: crossEntropyLoss is	
253968.34555659	
SGD: Validation Accuracy is:	
0.27883742052679	
SGD: Magnitude of W:	
59988.816875259	
SGD: Magnitude of b:	
6.2925001334693	
    Current index:	9501	
    Magnitude of W_grad:	9.2353041617673	
    Magnitude of W:	59985.223424529	
    Magnitude of B_grad:	0.39231519961739	
    Magnitude of b:	6.2638473266281	

	
    Current index:	19501	
    Magnitude of W_grad:	9.2383555656587	
    Magnitude of W:	59981.9065285	
    Magnitude of B_grad:	0.27892442514465	
    Magnitude of b:	6.2167943122911	

	
    Current index:	29501	
    Magnitude of W_grad:	8.3165118098172	
    Magnitude of W:	59978.618361794	
    Magnitude of B_grad:	0.21793515196443	
    Magnitude of b:	6.1420953090771	

	
    Current index:	39501	
    Magnitude of W_grad:	7.1375002809882	
    Magnitude of W:	59975.033551694	
    Magnitude of B_grad:	0.21463483663946	
    Magnitude of b:	6.2305306469364	

	
    Current index:	49501	
    Magnitude of W_grad:	8.9780245798364	
    Magnitude of W:	59971.204059352	
    Magnitude of B_grad:	0.4599280470422	
    Magnitude of b:	6.2700946556518	

	
    Current index:	59501	
    Magnitude of W_grad:	9.5214650147516	
    Magnitude of W:	59966.731050362	
    Magnitude of B_grad:	0.41389248974636	
    Magnitude of b:	6.3119621227032	

	
    Current index:	69501	
    Magnitude of W_grad:	8.0703380013152	
    Magnitude of W:	59962.759878382	
    Magnitude of B_grad:	0.270648538242	
    Magnitude of b:	6.3148769896878	

	
    Current index:	79501	
    Magnitude of W_grad:	7.2659669540297	
    Magnitude of W:	59959.043260176	
    Magnitude of B_grad:	0.083798454385455	
    Magnitude of b:	6.355960639645	

	
    Current index:	89501	
    Magnitude of W_grad:	7.538310869118	
    Magnitude of W:	59955.158666593	
    Magnitude of B_grad:	0.15974606845394	
    Magnitude of b:	6.4139841351669	

	
SGD: Loss is	
	LOSS:Calculated softmax res	
252612.96730518	
SGD: crossEntropyLoss is	
252612.96730518	
SGD: Validation Accuracy is:	
0.27883742052679	
SGD: Magnitude of W:	
59953.792052279	
SGD: Magnitude of b:	
6.3225012534643	
    Current index:	9501	
    Magnitude of W_grad:	9.1996493090225	
    Magnitude of W:	59950.207797167	
    Magnitude of B_grad:	0.38956985036783	
    Magnitude of b:	6.293801447779	

	
    Current index:	19501	
    Magnitude of W_grad:	9.2004547957563	
    Magnitude of W:	59946.901185869	
    Magnitude of B_grad:	0.27809974015381	
    Magnitude of b:	6.2463799194302	

	
    Current index:	29501	
    Magnitude of W_grad:	8.3007464759034	
    Magnitude of W:	59943.639951858	
    Magnitude of B_grad:	0.21774048137383	
    Magnitude of b:	6.1715425489319	

	
    Current index:	39501	
    Magnitude of W_grad:	7.1023133986792	
    Magnitude of W:	59940.066046812	
    Magnitude of B_grad:	0.21418071592105	
    Magnitude of b:	6.2598471050181	

	
    Current index:	49501	
    Magnitude of W_grad:	8.9557459866599	
    Magnitude of W:	59936.258763916	
    Magnitude of B_grad:	0.4595550366497	
    Magnitude of b:	6.2990628370956	

	
    Current index:	59501	
    Magnitude of W_grad:	9.4886252702605	
    Magnitude of W:	59931.811767268	
    Magnitude of B_grad:	0.41311083251747	
    Magnitude of b:	6.3407303648106	

	
    Current index:	69501	
    Magnitude of W_grad:	8.0508766863565	
    Magnitude of W:	59927.877398746	
    Magnitude of B_grad:	0.27018249227719	
    Magnitude of b:	6.3429692195885	

	
    Current index:	79501	
    Magnitude of W_grad:	7.2379834218129	
    Magnitude of W:	59924.194217095	
    Magnitude of B_grad:	0.083109688866403	
    Magnitude of b:	6.3831636164351	

	
    Current index:	89501	
    Magnitude of W_grad:	7.5020656988364	
    Magnitude of W:	59920.352885725	
    Magnitude of B_grad:	0.15901026274594	
    Magnitude of b:	6.4410177200939	

	
SGD: Loss is	
	LOSS:Calculated softmax res	
251296.60968602	
SGD: crossEntropyLoss is	
251296.60968602	
SGD: Validation Accuracy is:	
0.28065395095368	
SGD: Magnitude of W:	
59919.007311773	
SGD: Magnitude of b:	
6.3497661862434	
    Current index:	9501	
    Magnitude of W_grad:	9.1656943067881	
    Magnitude of W:	59915.409096959	
    Magnitude of B_grad:	0.38686006077653	
    Magnitude of b:	6.3210256497953	

	
    Current index:	19501	
    Magnitude of W_grad:	9.1629683790684	
    Magnitude of W:	59912.111435615	
    Magnitude of B_grad:	0.27730006071427	
    Magnitude of b:	6.2732619446124	

	
    Current index:	29501	
    Magnitude of W_grad:	8.2853427352095	
    Magnitude of W:	59908.875040771	
    Magnitude of B_grad:	0.21754918400733	
    Magnitude of b:	6.1983021181196	

	
    Current index:	39501	
    Magnitude of W_grad:	7.0672665065288	
    Magnitude of W:	59905.297616679	
    Magnitude of B_grad:	0.21365817032361	
    Magnitude of b:	6.286496763286	

	
    Current index:	49501	
    Magnitude of W_grad:	8.933804442764	
    Magnitude of W:	59901.511895772	
    Magnitude of B_grad:	0.45915301427691	
    Magnitude of b:	6.325399292627	

	
    Current index:	59501	
    Magnitude of W_grad:	9.4570555950562	
    Magnitude of W:	59897.133309928	
    Magnitude of B_grad:	0.41236477426809	
    Magnitude of b:	6.3668790706838	

	
    Current index:	69501	
    Magnitude of W_grad:	8.0325240732975	
    Magnitude of W:	59893.224984407	
    Magnitude of B_grad:	0.26975367898161	
    Magnitude of b:	6.3684829195637	

	
    Current index:	79501	
    Magnitude of W_grad:	7.2103868821818	
    Magnitude of W:	59889.543485254	
    Magnitude of B_grad:	0.082422441620716	
    Magnitude of b:	6.4078416002117	

	
    Current index:	89501	
    Magnitude of W_grad:	7.4679400927305	
    Magnitude of W:	59885.719002917	
    Magnitude of B_grad:	0.15829223285018	
    Magnitude of b:	6.4655381220773	

	
SGD: Loss is	
	LOSS:Calculated softmax res	
250016.83928846	
SGD: crossEntropyLoss is	
250016.83928846	
SGD: Validation Accuracy is:	
0.28247048138056	
SGD: Magnitude of W:	
59884.406806134	
SGD: Magnitude of b:	
6.3745107991851	
    Current index:	9501	
    Magnitude of W_grad:	9.1323494570229	
    Magnitude of W:	59880.802485733	
    Magnitude of B_grad:	0.38418601893381	
    Magnitude of b:	6.3457368471896	

	
    Current index:	19501	
    Magnitude of W_grad:	9.1260151821454	
    Magnitude of W:	59877.529613877	
    Magnitude of B_grad:	0.27652016847495	
    Magnitude of b:	6.2976554217645	

	
    Current index:	29501	
    Magnitude of W_grad:	8.2700508947474	
    Magnitude of W:	59874.30305205	
    Magnitude of B_grad:	0.21736148065502	
    Magnitude of b:	6.2225875128931	

	
    Current index:	39501	
    Magnitude of W_grad:	7.0327779084	
    Magnitude of W:	59870.73953405	
    Magnitude of B_grad:	0.21307131391742	
    Magnitude of b:	6.3106913659438	

	
    Current index:	49501	
    Magnitude of W_grad:	8.9118702742301	
    Magnitude of W:	59866.975319635	
    Magnitude of B_grad:	0.45872339841796	
    Magnitude of b:	6.3493121610784	

	
    Current index:	59501	
    Magnitude of W_grad:	9.4265854181107	
    Magnitude of W:	59862.626927404	
    Magnitude of B_grad:	0.41165232497107	
    Magnitude of b:	6.3906146999049	

	
    Current index:	69501	
    Magnitude of W_grad:	8.0145019404051	
    Magnitude of W:	59858.751283884	
    Magnitude of B_grad:	0.269357745953	
    Magnitude of b:	6.3916232369985	

	
    Current index:	79501	
    Magnitude of W_grad:	7.183366465936	
    Magnitude of W:	59855.077480713	
    Magnitude of B_grad:	0.081734038815807	
    Magnitude of b:	6.4301957319648	

	
    Current index:	89501	
    Magnitude of W_grad:	7.435020543571	
    Magnitude of W:	59851.281978856	
    Magnitude of B_grad:	0.15759093073284	
    Magnitude of b:	6.4877447721437	

	
SGD: Loss is	
	LOSS:Calculated softmax res	
248771.47018687	
SGD: crossEntropyLoss is	
248771.47018687	
SGD: Validation Accuracy is:	
0.28247048138056	
SGD: Magnitude of W:	
59849.980586686	
SGD: Magnitude of b:	
6.3969360034379	
    Current index:	9501	
    Magnitude of W_grad:	9.0987116507016	
    Magnitude of W:	59846.377352683	
    Magnitude of B_grad:	0.38154816411079	
    Magnitude of b:	6.3681366583912	

	
    Current index:	19501	
    Magnitude of W_grad:	9.0899466195708	
    Magnitude of W:	59843.138008806	
    Magnitude of B_grad:	0.27575557536082	
    Magnitude of b:	6.3197602076036	

	
    Current index:	29501	
    Magnitude of W_grad:	8.2547692694835	
    Magnitude of W:	59839.943497696	
    Magnitude of B_grad:	0.21717743479405	
    Magnitude of b:	6.2445971757126	

	
    Current index:	39501	
    Magnitude of W_grad:	6.9990334463603	
    Magnitude of W:	59836.414360511	
    Magnitude of B_grad:	0.21242474672782	
    Magnitude of b:	6.332627706962	

	
    Current index:	49501	
    Magnitude of W_grad:	8.89003623163	
    Magnitude of W:	59832.656715076	
    Magnitude of B_grad:	0.45826767676474	
    Magnitude of b:	6.3709951172613	

	
    Current index:	59501	
    Magnitude of W_grad:	9.3973484401936	
    Magnitude of W:	59828.307556464	
    Magnitude of B_grad:	0.41097136770413	
    Magnitude of b:	6.4121295878375	

	
    Current index:	69501	
    Magnitude of W_grad:	7.996611713431	
    Magnitude of W:	59824.442412479	
    Magnitude of B_grad:	0.26899081506948	
    Magnitude of b:	6.4125811384631	

	
    Current index:	79501	
    Magnitude of W_grad:	7.1565096717817	
    Magnitude of W:	59820.778783279	
    Magnitude of B_grad:	0.081042598698001	
    Magnitude of b:	6.4504132189639	

	
    Current index:	89501	
    Magnitude of W_grad:	7.4049698602585	
    Magnitude of W:	59817.006644236	
    Magnitude of B_grad:	0.15690546543671	
    Magnitude of b:	6.5078233187305	

	
SGD: Loss is	
	LOSS:Calculated softmax res	
247558.52917952	
SGD: crossEntropyLoss is	
247558.52917952	
SGD: Validation Accuracy is:	
0.28337874659401	
SGD: Magnitude of W:	
59815.717555731	
SGD: Magnitude of b:	
6.4172286367773	
    Current index:	9501	
    Magnitude of W_grad:	9.0651413934507	
    Magnitude of W:	59812.126762794	
    Magnitude of B_grad:	0.37894707748966	
    Magnitude of b:	6.3884123438636	

	
    Current index:	19501	
    Magnitude of W_grad:	9.0545246687458	
    Magnitude of W:	59808.903010591	
    Magnitude of B_grad:	0.27500245621319	
    Magnitude of b:	6.3397618963926	

	
    Current index:	29501	
    Magnitude of W_grad:	8.239568056033	
    Magnitude of W:	59805.719894218	
    Magnitude of B_grad:	0.21699699232841	
    Magnitude of b:	6.2645153962243	

	
    Current index:	39501	
    Magnitude of W_grad:	6.9677022706906	
    Magnitude of W:	59802.215661289	
    Magnitude of B_grad:	0.21172337257544	
    Magnitude of b:	6.3524885341464	

	
    Current index:	49501	
    Magnitude of W_grad:	8.8681928356736	
    Magnitude of W:	59798.470834114	
    Magnitude of B_grad:	0.45778733312224	
    Magnitude of b:	6.3906281859339	

	
    Current index:	59501	
    Magnitude of W_grad:	9.3690246456855	
    Magnitude of W:	59794.128267106	
    Magnitude of B_grad:	0.41031970110053	
    Magnitude of b:	6.4316026720137	

	
    Current index:	69501	
    Magnitude of W_grad:	7.9788410602	
    Magnitude of W:	59790.284614675	
    Magnitude of B_grad:	0.26864944615239	
    Magnitude of b:	6.4315341387097	

	
    Current index:	79501	
    Magnitude of W_grad:	7.1307393087578	
    Magnitude of W:	59786.647754518	
    Magnitude of B_grad:	0.080346909228525	
    Magnitude of b:	6.4686680923167	

	
    Current index:	89501	
    Magnitude of W_grad:	7.3768950165022	
    Magnitude of W:	59782.92604295	
    Magnitude of B_grad:	0.15623506671349	
    Magnitude of b:	6.525946388387	

	
SGD: Loss is	
	LOSS:Calculated softmax res	
246376.22672404	
SGD: crossEntropyLoss is	
246376.22672404	
SGD: Validation Accuracy is:	
0.28337874659401	
SGD: Magnitude of W:	
59781.639691779	
SGD: Magnitude of b:	
6.4355622633539	
    Current index:	9501	
    Magnitude of W_grad:	9.0339698856669	
    Magnitude of W:	59778.046885882	
    Magnitude of B_grad:	0.37638339130403	
    Magnitude of b:	6.4067376598942	

	
    Current index:	19501	
    Magnitude of W_grad:	9.0190014474269	
    Magnitude of W:	59774.829720198	
    Magnitude of B_grad:	0.27425758652528	
    Magnitude of b:	6.3578326599876	

	
    Current index:	29501	
    Magnitude of W_grad:	8.2244527734161	
    Magnitude of W:	59771.701089339	
    Magnitude of B_grad:	0.21682001289979	
    Magnitude of b:	6.2825131438629	

	
    Current index:	39501	
    Magnitude of W_grad:	6.9377157541513	
    Magnitude of W:	59768.238190957	
    Magnitude of B_grad:	0.21097224129216	
    Magnitude of b:	6.370443374061	

	
    Current index:	49501	
    Magnitude of W_grad:	8.8463480979107	
    Magnitude of W:	59764.521855638	
    Magnitude of B_grad:	0.45728380130474	
    Magnitude of b:	6.4083784970187	

	
    Current index:	59501	
    Magnitude of W_grad:	9.3412865541933	
    Magnitude of W:	59760.210007678	
    Magnitude of B_grad:	0.40969507815969	
    Magnitude of b:	6.4492001828797	

	
    Current index:	69501	
    Magnitude of W_grad:	7.9613526965399	
    Magnitude of W:	59756.366561546	
    Magnitude of B_grad:	0.26833059989675	
    Magnitude of b:	6.4486470004006	

	
    Current index:	79501	
    Magnitude of W_grad:	7.1061865459148	
    Magnitude of W:	59752.766686441	
    Magnitude of B_grad:	0.079646317217564	
    Magnitude of b:	6.4851219154373	

	
    Current index:	89501	
    Magnitude of W_grad:	7.3495435620952	
    Magnitude of W:	59749.09162434	
    Magnitude of B_grad:	0.15557905955568	
    Magnitude of b:	6.5422742919313	

	
SGD: Loss is	
	LOSS:Calculated softmax res	
245222.93259302	
SGD: crossEntropyLoss is	
245222.93259302	
SGD: Validation Accuracy is:	
0.28428701180745	
SGD: Magnitude of W:	
59747.813899742	
SGD: Magnitude of b:	
6.4520979162684	
    Current index:	9501	
    Magnitude of W_grad:	9.0043276663122	
    Magnitude of W:	59744.244614686	
    Magnitude of B_grad:	0.37385771698412	
    Magnitude of b:	6.423273653309	

	
    Current index:	19501	
    Magnitude of W_grad:	8.9833633206959	
    Magnitude of W:	59741.043718962	
    Magnitude of B_grad:	0.27351828489116	
    Magnitude of b:	6.3741320364641	

	
    Current index:	29501	
    Magnitude of W_grad:	8.2094313899774	
    Magnitude of W:	59737.945837189	
    Magnitude of B_grad:	0.21664629452619	
    Magnitude of b:	6.2987488528836	

	
    Current index:	39501	
    Magnitude of W_grad:	6.9080804361931	
    Magnitude of W:	59734.483455981	
    Magnitude of B_grad:	0.21017641640905	
    Magnitude of b:	6.3866493057383	

	
    Current index:	49501	
    Magnitude of W_grad:	8.8245498813652	
    Magnitude of W:	59730.80092587	
    Magnitude of B_grad:	0.45675843810826	
    Magnitude of b:	6.4244010049379	

	
    Current index:	59501	
    Magnitude of W_grad:	9.3140699462357	
    Magnitude of W:	59726.524626739	
    Magnitude of B_grad:	0.4090952407733	
    Magnitude of b:	6.4650763160983	

	
    Current index:	69501	
    Magnitude of W_grad:	7.9441448691667	
    Magnitude of W:	59722.718562662	
    Magnitude of B_grad:	0.26803160007291	
    Magnitude of b:	6.4640724185614	

	
    Current index:	79501	
    Magnitude of W_grad:	7.0824493153197	
    Magnitude of W:	59719.169800685	
    Magnitude of B_grad:	0.078940627015605	
    Magnitude of b:	6.499924460597	

	
    Current index:	89501	
    Magnitude of W_grad:	7.3225936525663	
    Magnitude of W:	59715.53464716	
    Magnitude of B_grad:	0.15493684569782	
    Magnitude of b:	6.5569556945683	

	
SGD: Loss is	
	LOSS:Calculated softmax res	
244097.15547335	
SGD: crossEntropyLoss is	
244097.15547335	
SGD: Validation Accuracy is:	
0.28428701180745	
SGD: Magnitude of W:	
59714.283148795	
SGD: Magnitude of b:	
6.4669848012399	
    Current index:	9501	
    Magnitude of W_grad:	8.975835367885	
    Magnitude of W:	59710.723385195	
    Magnitude of B_grad:	0.37137059161093	
    Magnitude of b:	6.4381694135159	

	
    Current index:	19501	
    Magnitude of W_grad:	8.9483255891299	
    Magnitude of W:	59707.518704087	
    Magnitude of B_grad:	0.27278235967954	
    Magnitude of b:	6.3888076812793	

	
    Current index:	29501	
    Magnitude of W_grad:	8.194475053108	
    Magnitude of W:	59704.430583551	
    Magnitude of B_grad:	0.21647559300254	
    Magnitude of b:	6.3133691715657	

	
    Current index:	39501	
    Magnitude of W_grad:	6.8785480477706	
    Magnitude of W:	59700.98215315	
    Magnitude of B_grad:	0.20934086804979	
    Magnitude of b:	6.4012516993854	

	
    Current index:	49501	
    Magnitude of W_grad:	8.8030480134663	
    Magnitude of W:	59697.326128104	
    Magnitude of B_grad:	0.45621250985471	
    Magnitude of b:	6.4388391842634	

	
    Current index:	59501	
    Magnitude of W_grad:	9.2872551357308	
    Magnitude of W:	59693.064234769	
    Magnitude of B_grad:	0.4085179496907	
    Magnitude of b:	6.4793738941193	

	
    Current index:	69501	
    Magnitude of W_grad:	7.9272690477844	
    Magnitude of W:	59689.291414336	
    Magnitude of B_grad:	0.26775009545267	
    Magnitude of b:	6.4779516953342	

	
    Current index:	79501	
    Magnitude of W_grad:	7.0589550171334	
    Magnitude of W:	59685.766623	
    Magnitude of B_grad:	0.078230008464032	
    Magnitude of b:	6.5132143644282	

	
    Current index:	89501	
    Magnitude of W_grad:	7.2961671409301	
    Magnitude of W:	59682.141014913	
    Magnitude of B_grad:	0.15430788948679	
    Magnitude of b:	6.57012826191	

	
SGD: Loss is	
	LOSS:Calculated softmax res	
242997.52585754	
SGD: crossEntropyLoss is	
242997.52585754	
SGD: Validation Accuracy is:	
0.28701180744777	
SGD: Magnitude of W:	
59680.894908575	
SGD: Magnitude of b:	
6.4803609729605	
    Current index:	9501	
    Magnitude of W_grad:	8.9475241925122	
    Magnitude of W:	59677.355264834	
    Magnitude of B_grad:	0.36892244097582	
    Magnitude of b:	6.4515627914463	

	
    Current index:	19501	
    Magnitude of W_grad:	8.9134807371886	
    Magnitude of W:	59674.141688396	
    Magnitude of B_grad:	0.27204805939571	
    Magnitude of b:	6.4019960882372	

	
    Current index:	29501	
    Magnitude of W_grad:	8.1796478079655	
    Magnitude of W:	59671.078240144	
    Magnitude of B_grad:	0.21630763716355	
    Magnitude of b:	6.326509681259	

	
    Current index:	39501	
    Magnitude of W_grad:	6.8491961001629	
    Magnitude of W:	59667.640000443	
    Magnitude of B_grad:	0.20847038970377	
    Magnitude of b:	6.4143849277878	

	
    Current index:	49501	
    Magnitude of W_grad:	8.7817699389571	
    Magnitude of W:	59663.986658975	
    Magnitude of B_grad:	0.4556471885179	
    Magnitude of b:	6.4518257065561	

	
    Current index:	59501	
    Magnitude of W_grad:	9.2610887942896	
    Magnitude of W:	59659.734165431	
    Magnitude of B_grad:	0.40796100990011	
    Magnitude of b:	6.4922250184937	

	
    Current index:	69501	
    Magnitude of W_grad:	7.9108879005835	
    Magnitude of W:	59655.959145325	
    Magnitude of B_grad:	0.26748402226015	
    Magnitude of b:	6.4904154052453	

	
    Current index:	79501	
    Magnitude of W_grad:	7.0354845528244	
    Magnitude of W:	59652.450090711	
    Magnitude of B_grad:	0.077514914557442	
    Magnitude of b:	6.5251197681396	

	
    Current index:	89501	
    Magnitude of W_grad:	7.2707111387521	
    Magnitude of W:	59648.820542854	
    Magnitude of B_grad:	0.15369170655069	
    Magnitude of b:	6.5819192885442	

	
SGD: Loss is	
	LOSS:Calculated softmax res	
241922.78166572	
SGD: crossEntropyLoss is	
241922.78166572	
SGD: Validation Accuracy is:	
0.28701180744777	
SGD: Magnitude of W:	
59647.590416141	
SGD: Magnitude of b:	
6.4923539904927	
    Current index:	9501	
    Magnitude of W_grad:	8.9203218977882	
    Magnitude of W:	59644.093803946	
    Magnitude of B_grad:	0.36651355691082	
    Magnitude of b:	6.4635810902516	

	
    Current index:	19501	
    Magnitude of W_grad:	8.8786993384815	
    Magnitude of W:	59640.919724601	
    Magnitude of B_grad:	0.2713140262216	
    Magnitude of b:	6.4138232832858	

	
    Current index:	29501	
    Magnitude of W_grad:	8.1651312109577	
    Magnitude of W:	59637.884040351	
    Magnitude of B_grad:	0.21614214083088	
    Magnitude of b:	6.3382955874093	

	
    Current index:	39501	
    Magnitude of W_grad:	6.8204358310552	
    Magnitude of W:	59634.479978866	
    Magnitude of B_grad:	0.20756953678027	
    Magnitude of b:	6.4261730528981	

	
    Current index:	49501	
    Magnitude of W_grad:	8.7615063296862	
    Magnitude of W:	59630.838886571	
    Magnitude of B_grad:	0.45506355440746	
    Magnitude of b:	6.4634830989781	

	
    Current index:	59501	
    Magnitude of W_grad:	9.235645361882	
    Magnitude of W:	59626.5961347	
    Magnitude of B_grad:	0.40742229156494	
    Magnitude of b:	6.5037517109925	

	
    Current index:	69501	
    Magnitude of W_grad:	7.8949334573208	
    Magnitude of W:	59622.873280538	
    Magnitude of B_grad:	0.26723156807879	
    Magnitude of b:	6.5015840484021	

	
    Current index:	79501	
    Magnitude of W_grad:	7.0122598130479	
    Magnitude of W:	59619.382827108	
    Magnitude of B_grad:	0.076796009313849	
    Magnitude of b:	6.5357589443571	

	
    Current index:	89501	
    Magnitude of W_grad:	7.2461348527452	
    Magnitude of W:	59615.780449971	
    Magnitude of B_grad:	0.15308785440074	
    Magnitude of b:	6.5924463118902	

	
SGD: Loss is	
	LOSS:Calculated softmax res	
240871.75611565	
SGD: crossEntropyLoss is	
240871.75611565	
SGD: Validation Accuracy is:	
0.29064486830154	
SGD: Magnitude of W:	
59614.572824697	
SGD: Magnitude of b:	
6.5030815543438	
    Current index:	9501	
    Magnitude of W_grad:	8.893058793777	
    Magnitude of W:	59611.083935856	
    Magnitude of B_grad:	0.36414408629676	
    Magnitude of b:	6.474341729736	

	
    Current index:	19501	
    Magnitude of W_grad:	8.8447903856622	
    Magnitude of W:	59607.920553752	
    Magnitude of B_grad:	0.27057925231501	
    Magnitude of b:	6.4244054918806	

	
    Current index:	29501	
    Magnitude of W_grad:	8.1506271256604	
    Magnitude of W:	59604.900831121	
    Magnitude of B_grad:	0.21597881206752	
    Magnitude of b:	6.3488423829933	

	
    Current index:	39501	
    Magnitude of W_grad:	6.7926813559191	
    Magnitude of W:	59601.527020478	
    Magnitude of B_grad:	0.20664258435007	
    Magnitude of b:	6.4367304874731	

	
    Current index:	49501	
    Magnitude of W_grad:	8.7418388570101	
    Magnitude of W:	59597.898400234	
    Magnitude of B_grad:	0.45446260304505	
    Magnitude of b:	6.4739243832226	

	
    Current index:	59501	
    Magnitude of W_grad:	9.2108330917822	
    Magnitude of W:	59593.700083047	
    Magnitude of B_grad:	0.40689974675045	
    Magnitude of b:	6.5140665402035	

	
    Current index:	69501	
    Magnitude of W_grad:	7.8791053589952	
    Magnitude of W:	59589.992699331	
    Magnitude of B_grad:	0.26699113807683	
    Magnitude of b:	6.5115686880257	

	
    Current index:	79501	
    Magnitude of W_grad:	6.9897766046775	
    Magnitude of W:	59586.517717942	
    Magnitude of B_grad:	0.076074105994416	
    Magnitude of b:	6.5452409099398	

	
    Current index:	89501	
    Magnitude of W_grad:	7.2227597288801	
    Magnitude of W:	59582.932488768	
    Magnitude of B_grad:	0.15249592452349	
    Magnitude of b:	6.6018177115019	

	
SGD: Loss is	
	LOSS:Calculated softmax res	
239843.36743318	
SGD: crossEntropyLoss is	
239843.36743318	
SGD: Validation Accuracy is:	
0.29155313351499	
SGD: Magnitude of W:	
59581.734736691	
SGD: Magnitude of b:	
6.5126521254961	
    Current index:	9501	
    Magnitude of W_grad:	8.8657536394997	
    Magnitude of W:	59578.271288091	
    Magnitude of B_grad:	0.36181402919844	
    Magnitude of b:	6.4839528849947	

	
    Current index:	19501	
    Magnitude of W_grad:	8.8110171946282	
    Magnitude of W:	59575.136319896	
    Magnitude of B_grad:	0.26984303857655	
    Magnitude of b:	6.4338497796471	

	
    Current index:	29501	
    Magnitude of W_grad:	8.1361556435767	
    Magnitude of W:	59572.15198373	
    Magnitude of B_grad:	0.21581736023076	
    Magnitude of b:	6.3582564841907	

	
    Current index:	39501	
    Magnitude of W_grad:	6.7662402801645	
    Magnitude of W:	59568.787123472	
    Magnitude of B_grad:	0.20569350123633	
    Magnitude of b:	6.4461626306732	

	
    Current index:	49501	
    Magnitude of W_grad:	8.722667897593	
    Magnitude of W:	59565.170350299	
    Magnitude of B_grad:	0.45384525437191	
    Magnitude of b:	6.483253692688	

	
    Current index:	59501	
    Magnitude of W_grad:	9.1862704908383	
    Magnitude of W:	59560.973037012	
    Magnitude of B_grad:	0.40639142223017	
    Magnitude of b:	6.5232732301374	

	
    Current index:	69501	
    Magnitude of W_grad:	7.8633929548244	
    Magnitude of W:	59557.284926359	
    Magnitude of B_grad:	0.26676132421402	
    Magnitude of b:	6.5204715687806	

	
    Current index:	79501	
    Magnitude of W_grad:	6.9678186769571	
    Magnitude of W:	59553.817077627	
    Magnitude of B_grad:	0.075350115345528	
    Magnitude of b:	6.5536660227107	

	
    Current index:	89501	
    Magnitude of W_grad:	7.1997907936168	
    Magnitude of W:	59550.254801046	
    Magnitude of B_grad:	0.15191553573664	
    Magnitude of b:	6.6101332925136	

	
SGD: Loss is	
	LOSS:Calculated softmax res	
238836.61006659	
SGD: crossEntropyLoss is	
238836.61006659	
SGD: Validation Accuracy is:	
0.29155313351499	
SGD: Magnitude of W:	
59549.063053772	
SGD: Magnitude of b:	
6.5211655253944	
    Current index:	9501	
    Magnitude of W_grad:	8.8387063156605	
    Magnitude of W:	59545.627369493	
    Magnitude of B_grad:	0.35952324380744	
    Magnitude of b:	6.4925140991114	

	
    Current index:	19501	
    Magnitude of W_grad:	8.7772569541386	
    Magnitude of W:	59542.52566632	
    Magnitude of B_grad:	0.26910495572224	
    Magnitude of b:	6.4422546658523	

	
    Current index:	29501	
    Magnitude of W_grad:	8.1219448839671	
    Magnitude of W:	59539.577131776	
    Magnitude of B_grad:	0.21565750123013	
    Magnitude of b:	6.3666358380925	

	
    Current index:	39501	
    Magnitude of W_grad:	6.7403452243436	
    Magnitude of W:	59536.257277591	
    Magnitude of B_grad:	0.20472593758259	
    Magnitude of b:	6.4545664764958	

	
    Current index:	49501	
    Magnitude of W_grad:	8.7036470558291	
    Magnitude of W:	59532.663526853	
    Magnitude of B_grad:	0.45321236285689	
    Magnitude of b:	6.4915668659613	

	
    Current index:	59501	
    Magnitude of W_grad:	9.1630916682821	
    Magnitude of W:	59528.465563869	
    Magnitude of B_grad:	0.40589546869841	
    Magnitude of b:	6.5314672478569	

	
    Current index:	69501	
    Magnitude of W_grad:	7.847795153662	
    Magnitude of W:	59524.801816065	
    Magnitude of B_grad:	0.26654087784074	
    Magnitude of b:	6.5283867129335	

	
    Current index:	79501	
    Magnitude of W_grad:	6.9460006534064	
    Magnitude of W:	59521.351626872	
    Magnitude of B_grad:	0.074625003136724	
    Magnitude of b:	6.5611265595243	

	
    Current index:	89501	
    Magnitude of W_grad:	7.177403964535	
    Magnitude of W:	59517.8251205	
    Magnitude of B_grad:	0.15134632867061	
    Magnitude of b:	6.6174848512902	

	
SGD: Loss is	
	LOSS:Calculated softmax res	
237850.5471332	
SGD: crossEntropyLoss is	
237850.5471332	
SGD: Validation Accuracy is:	
0.29155313351499	
SGD: Magnitude of W:	
59516.640349595	
SGD: Magnitude of b:	
6.5287135153734	
    Current index:	9501	
    Magnitude of W_grad:	8.8118274540269	
    Magnitude of W:	59513.230256401	
    Magnitude of B_grad:	0.35727145619484	
    Magnitude of b:	6.5001168696505	

	
    Current index:	19501	
    Magnitude of W_grad:	8.7440852268429	
    Magnitude of W:	59510.149790303	
    Magnitude of B_grad:	0.26836480760772	
    Magnitude of b:	6.4497107093232	

	
    Current index:	29501	
    Magnitude of W_grad:	8.1078485508952	
    Magnitude of W:	59507.227431019	
    Magnitude of B_grad:	0.21549896133643	
    Magnitude of b:	6.3740705024248	

	
    Current index:	39501	
    Magnitude of W_grad:	6.7150358528121	
    Magnitude of W:	59503.921459475	
    Magnitude of B_grad:	0.20374322315233	
    Magnitude of b:	6.4620311942559	

	
    Current index:	49501	
    Magnitude of W_grad:	8.6847165577066	
    Magnitude of W:	59500.343151532	
    Magnitude of B_grad:	0.4525647274607	
    Magnitude of b:	6.4989520151378	

	
    Current index:	59501	
    Magnitude of W_grad:	9.1407276087088	
    Magnitude of W:	59496.152742593	
    Magnitude of B_grad:	0.40541014674584	
    Magnitude of b:	6.5387363678552	

	
    Current index:	69501	
    Magnitude of W_grad:	7.8323560815736	
    Magnitude of W:	59492.522570772	
    Magnitude of B_grad:	0.26632868585411	
    Magnitude of b:	6.535400492098	

	
    Current index:	79501	
    Magnitude of W_grad:	6.9243343685059	
    Magnitude of W:	59489.091682329	
    Magnitude of B_grad:	0.073899756016346	
    Magnitude of b:	6.5677072731883	

	
    Current index:	89501	
    Magnitude of W_grad:	7.1560511340554	
    Magnitude of W:	59485.592024738	
    Magnitude of B_grad:	0.1507879612617	
    Magnitude of b:	6.623956721256	

	
SGD: Loss is	
	LOSS:Calculated softmax res	
236884.30388187	
SGD: crossEntropyLoss is	
236884.30388187	
SGD: Validation Accuracy is:	
0.29246139872843	
SGD: Magnitude of W:	
59484.417817842	
SGD: Magnitude of b:	
6.5353803539599	
    Current index:	9501	
    Magnitude of W_grad:	8.784944147905	
    Magnitude of W:	59481.003951861	
    Magnitude of B_grad:	0.35505827321605	
    Magnitude of b:	6.5068452087656	

	
    Current index:	19501	
    Magnitude of W_grad:	8.7112960148454	
    Magnitude of W:	59477.948564294	
    Magnitude of B_grad:	0.26762259682398	
    Magnitude of b:	6.4563010667011	

	
    Current index:	29501	
    Magnitude of W_grad:	8.0938234558005	
    Magnitude of W:	59475.058471054	
    Magnitude of B_grad:	0.21534147983767	
    Magnitude of b:	6.380643197467	

	
    Current index:	39501	
    Magnitude of W_grad:	6.6909073841626	
    Magnitude of W:	59471.768031269	
    Magnitude of B_grad:	0.20274837385236	
    Magnitude of b:	6.4686386807533	

	
    Current index:	49501	
    Magnitude of W_grad:	8.6659785201552	
    Magnitude of W:	59468.208952007	
    Magnitude of B_grad:	0.45190310075855	
    Magnitude of b:	6.5054900680213	

	
    Current index:	59501	
    Magnitude of W_grad:	9.1190537460613	
    Magnitude of W:	59464.024004707	
    Magnitude of B_grad:	0.40493382998469	
    Magnitude of b:	6.5451612116183	

	
    Current index:	69501	
    Magnitude of W_grad:	7.8170204472307	
    Magnitude of W:	59460.414698887	
    Magnitude of B_grad:	0.2661237503688	
    Magnitude of b:	6.5415921730269	

	
    Current index:	79501	
    Magnitude of W_grad:	6.903030519255	
    Magnitude of W:	59457.01365303	
    Magnitude of B_grad:	0.073175354605797	
    Magnitude of b:	6.5734859261701	

	
    Current index:	89501	
    Magnitude of W_grad:	7.1351498972267	
    Magnitude of W:	59453.544536984	
    Magnitude of B_grad:	0.15024010514253	
    Magnitude of b:	6.6296262970947	

	
SGD: Loss is	
	LOSS:Calculated softmax res	
235937.06199986	
SGD: crossEntropyLoss is	
235937.06199986	
SGD: Validation Accuracy is:	
0.29336966394187	
SGD: Magnitude of W:	
59452.379119008	
SGD: Magnitude of b:	
6.5412433306821	
    Current index:	9501	
    Magnitude of W_grad:	8.7583971123599	
    Magnitude of W:	59448.952370133	
    Magnitude of B_grad:	0.35288319722953	
    Magnitude of b:	6.5127761768908	

	
    Current index:	19501	
    Magnitude of W_grad:	8.6785662924353	
    Magnitude of W:	59445.944377795	
    Magnitude of B_grad:	0.26687849262668	
    Magnitude of b:	6.4621020231373	

	
    Current index:	29501	
    Magnitude of W_grad:	8.0804101051504	
    Magnitude of W:	59443.071012847	
    Magnitude of B_grad:	0.21518481079108	
    Magnitude of b:	6.3864298304934	

	
    Current index:	39501	
    Magnitude of W_grad:	6.6671807272703	
    Magnitude of W:	59439.795630628	
    Magnitude of B_grad:	0.20174410427689	
    Magnitude of b:	6.4744640841414	

	
    Current index:	49501	
    Magnitude of W_grad:	8.6476106116995	
    Magnitude of W:	59436.254359019	
    Magnitude of B_grad:	0.45122819681941	
    Magnitude of b:	6.5112552837189	

	
    Current index:	59501	
    Magnitude of W_grad:	9.0976806471179	
    Magnitude of W:	59432.08660813	
    Magnitude of B_grad:	0.40446500573434	
    Magnitude of b:	6.550815761416	

	
    Current index:	69501	
    Magnitude of W_grad:	7.801779066317	
    Magnitude of W:	59428.507582037	
    Magnitude of B_grad:	0.26592517170543	
    Magnitude of b:	6.5470344365049	

	
    Current index:	79501	
    Magnitude of W_grad:	6.882101859712	
    Magnitude of W:	59425.134361765	
    Magnitude of B_grad:	0.0724527527685	
    Magnitude of b:	6.5785337995667	

	
    Current index:	89501	
    Magnitude of W_grad:	7.1145899298836	
    Magnitude of W:	59421.695841206	
    Magnitude of B_grad:	0.1497024428123	
    Magnitude of b:	6.6345645358741	

	
SGD: Loss is	
	LOSS:Calculated softmax res	
235008.05462775	
SGD: crossEntropyLoss is	
235008.05462775	
SGD: Validation Accuracy is:	
0.2960944595822	
SGD: Magnitude of W:	
59420.521581541	
SGD: Magnitude of b:	
6.5463732753207	
    Current index:	9501	
    Magnitude of W_grad:	8.7317157922674	
    Magnitude of W:	59417.092334161	
    Magnitude of B_grad:	0.35074564157364	
    Magnitude of b:	6.5179803900933	

	
    Current index:	19501	
    Magnitude of W_grad:	8.6463668779823	
    Magnitude of W:	59414.11644113	
    Magnitude of B_grad:	0.26613280127331	
    Magnitude of b:	6.4671834956951	

	
    Current index:	29501	
    Magnitude of W_grad:	8.0671398344862	
    Magnitude of W:	59411.255232723	
    Magnitude of B_grad:	0.21502872407605	
    Magnitude of b:	6.3914999931425	

	
    Current index:	39501	
    Magnitude of W_grad:	6.6446234979518	
    Magnitude of W:	59408.000195272	
    Magnitude of B_grad:	0.20073284440299	
    Magnitude of b:	6.4795762997848	

	
    Current index:	49501	
    Magnitude of W_grad:	8.6291832036022	
    Magnitude of W:	59404.471982864	
    Magnitude of B_grad:	0.45054069767783	
    Magnitude of b:	6.5163157415115	

	
    Current index:	59501	
    Magnitude of W_grad:	9.0765528731241	
    Magnitude of W:	59400.316649974	
    Magnitude of B_grad:	0.40400227369044	
    Magnitude of b:	6.5557678478453	

	
    Current index:	69501	
    Magnitude of W_grad:	7.7868306901109	
    Magnitude of W:	59396.762051592	
    Magnitude of B_grad:	0.26573213439664	
    Magnitude of b:	6.5517938688721	

	
    Current index:	79501	
    Magnitude of W_grad:	6.8614703040313	
    Magnitude of W:	59393.425505726	
    Magnitude of B_grad:	0.071732862076505	
    Magnitude of b:	6.5829161763578	

	
    Current index:	89501	
    Magnitude of W_grad:	7.0945758062517	
    Magnitude of W:	59390.015328546	
    Magnitude of B_grad:	0.14917466547111	
    Magnitude of b:	6.6388364340494	

	
SGD: Loss is	
	LOSS:Calculated softmax res	
234096.56197268	
SGD: crossEntropyLoss is	
234096.56197268	
SGD: Validation Accuracy is:	
0.29700272479564	
SGD: Magnitude of W:	
59388.839444864	
SGD: Magnitude of b:	
6.5508350418551	
    Current index:	9501	
    Magnitude of W_grad:	8.7050392939978	
    Magnitude of W:	59385.430291805	
    Magnitude of B_grad:	0.34864494599204	
    Magnitude of b:	6.5225225012401	

	
    Current index:	19501	
    Magnitude of W_grad:	8.6144022204652	
    Magnitude of W:	59382.466970105	
    Magnitude of B_grad:	0.26538593883512	
    Magnitude of b:	6.4716095098165	

	
    Current index:	29501	
    Magnitude of W_grad:	8.053855070845	
    Magnitude of W:	59379.607868001	
    Magnitude of B_grad:	0.21487300591202	
    Magnitude of b:	6.3959174321547	

	
    Current index:	39501	
    Magnitude of W_grad:	6.6224018267418	
    Magnitude of W:	59376.368979635	
    Magnitude of B_grad:	0.19971675890276	
    Magnitude of b:	6.4840384385874	

	
    Current index:	49501	
    Magnitude of W_grad:	8.6108470045825	
    Magnitude of W:	59372.857623479	
    Magnitude of B_grad:	0.44984125840817	
    Magnitude of b:	6.5207338031559	

	
    Current index:	59501	
    Magnitude of W_grad:	9.055780740944	
    Magnitude of W:	59368.694894626	
    Magnitude of B_grad:	0.40354434299754	
    Magnitude of b:	6.5600796110158	

	
    Current index:	69501	
    Magnitude of W_grad:	7.7722874537108	
    Magnitude of W:	59365.171243519	
    Magnitude of B_grad:	0.26554389585247	
    Magnitude of b:	6.5559314260784	

	
    Current index:	79501	
    Magnitude of W_grad:	6.8415083284729	
    Magnitude of W:	59361.862958614	
    Magnitude of B_grad:	0.071016540617186	
    Magnitude of b:	6.5866927984474	

	
    Current index:	89501	
    Magnitude of W_grad:	7.0746666946026	
    Magnitude of W:	59358.472657611	
    Magnitude of B_grad:	0.1486564714102	
    Magnitude of b:	6.6425014796803	

	
SGD: Loss is	
	LOSS:Calculated softmax res	
233201.90743031	
SGD: crossEntropyLoss is	
233201.90743031	
SGD: Validation Accuracy is:	
0.29700272479564	
SGD: Magnitude of W:	
59357.30834416	
SGD: Magnitude of b:	
6.5546879666644	
    Current index:	9501	
    Magnitude of W_grad:	8.6788025056212	
    Magnitude of W:	59353.897441438	
    Magnitude of B_grad:	0.34658039140898	
    Magnitude of b:	6.5264616551809	

	
    Current index:	19501	
    Magnitude of W_grad:	8.5823772670946	
    Magnitude of W:	59350.951852314	
    Magnitude of B_grad:	0.2646384065281	
    Magnitude of b:	6.4754386492614	

	
    Current index:	29501	
    Magnitude of W_grad:	8.0406713697887	
    Magnitude of W:	59348.104618607	
    Magnitude of B_grad:	0.21471745896978	
    Magnitude of b:	6.3997404939282	

	
    Current index:	39501	
    Magnitude of W_grad:	6.600207974307	
    Magnitude of W:	59344.874051096	
    Magnitude of B_grad:	0.19869776785151	
    Magnitude of b:	6.4879082683883	

	
    Current index:	49501	
    Magnitude of W_grad:	8.5925794608396	
    Magnitude of W:	59341.379321443	
    Magnitude of B_grad:	0.4491305109248	
    Magnitude of b:	6.5245665489697	

	
    Current index:	59501	
    Magnitude of W_grad:	9.0351149666308	
    Magnitude of W:	59337.242447232	
    Magnitude of B_grad:	0.40309002812373	
    Magnitude of b:	6.5638079355375	

	
    Current index:	69501	
    Magnitude of W_grad:	7.7578149485009	
    Magnitude of W:	59333.768769808	
    Magnitude of B_grad:	0.26535977730373	
    Magnitude of b:	6.5595028704536	

	
    Current index:	79501	
    Magnitude of W_grad:	6.8216543862216	
    Magnitude of W:	59330.506842918	
    Magnitude of B_grad:	0.070304585407064	
    Magnitude of b:	6.589918297394	

	
    Current index:	89501	
    Magnitude of W_grad:	7.0549090440017	
    Magnitude of W:	59327.166766863	
    Magnitude of B_grad:	0.14814756486164	
    Magnitude of b:	6.6456140795432	

	
SGD: Loss is	
	LOSS:Calculated softmax res	
232323.45414119	
SGD: crossEntropyLoss is	
232323.45414119	
SGD: Validation Accuracy is:	
0.2960944595822	
SGD: Magnitude of W:	
59326.011723844	
SGD: Magnitude of b:	
6.5579863008127	
    Current index:	9501	
    Magnitude of W_grad:	8.6529120302289	
    Magnitude of W:	59322.572004964	
    Magnitude of B_grad:	0.34455121363661	
    Magnitude of b:	6.5298519181917	

	
    Current index:	19501	
    Magnitude of W_grad:	8.5502044768907	
    Magnitude of W:	59319.637528875	
    Magnitude of B_grad:	0.26389076857661	
    Magnitude of b:	6.4787244799694	

	
    Current index:	29501	
    Magnitude of W_grad:	8.0275434315537	
    Magnitude of W:	59316.804218723	
    Magnitude of B_grad:	0.21456190217564	
    Magnitude of b:	6.4030225433631	

	
    Current index:	39501	
    Magnitude of W_grad:	6.5783339797754	
    Magnitude of W:	59313.576755277	
    Magnitude of B_grad:	0.19767756789209	
    Magnitude of b:	6.4912386291004	

	
    Current index:	49501	
    Magnitude of W_grad:	8.5745094099294	
    Magnitude of W:	59310.114615827	
    Magnitude of B_grad:	0.44840906669356	
    Magnitude of b:	6.5278661881887	

	
    Current index:	59501	
    Magnitude of W_grad:	9.0146242041453	
    Magnitude of W:	59306.03812585	
    Magnitude of B_grad:	0.4026382438996	
    Magnitude of b:	6.5670048596715	

	
    Current index:	69501	
    Magnitude of W_grad:	7.7434996137389	
    Magnitude of W:	59302.582895078	
    Magnitude of B_grad:	0.26517915664428	
    Magnitude of b:	6.5625591806106	

	
    Current index:	79501	
    Magnitude of W_grad:	6.8020596831019	
    Magnitude of W:	59299.355552186	
    Magnitude of B_grad:	0.069597727793027	
    Magnitude of b:	6.5926425990476	

	
    Current index:	89501	
    Magnitude of W_grad:	7.0356220808936	
    Magnitude of W:	59296.031676625	
    Magnitude of B_grad:	0.14764765522311	
    Magnitude of b:	6.6482239611128	

	
SGD: Loss is	
	LOSS:Calculated softmax res	
231460.601919	
SGD: crossEntropyLoss is	
231460.601919	
SGD: Validation Accuracy is:	
0.29518619436876	
SGD: Magnitude of W:	
59294.890194865	
SGD: Magnitude of b:	
6.5607796164876	
    Current index:	9501	
    Magnitude of W_grad:	8.6270317890042	
    Magnitude of W:	59291.456283398	
    Magnitude of B_grad:	0.34255661574985	
    Magnitude of b:	6.5327426819814	

	
    Current index:	19501	
    Magnitude of W_grad:	8.518034485488	
    Magnitude of W:	59288.545915246	
    Magnitude of B_grad:	0.26314363258824	
    Magnitude of b:	6.4815159483342	

	
    Current index:	29501	
    Magnitude of W_grad:	8.0144061096403	
    Magnitude of W:	59285.72825702	
    Magnitude of B_grad:	0.21440617028522	
    Magnitude of b:	6.4058123574903	

	
    Current index:	39501	
    Magnitude of W_grad:	6.5572365284168	
    Magnitude of W:	59282.511616221	
    Magnitude of B_grad:	0.19665765315694	
    Magnitude of b:	6.4940778223186	

	
    Current index:	49501	
    Magnitude of W_grad:	8.5566088481664	
    Magnitude of W:	59279.063216345	
    Magnitude of B_grad:	0.44767751856124	
    Magnitude of b:	6.5306804441898	

	
    Current index:	59501	
    Magnitude of W_grad:	8.9943630318608	
    Magnitude of W:	59275.009114435	
    Magnitude of B_grad:	0.4021880000357	
    Magnitude of b:	6.5697179591637	

	
    Current index:	69501	
    Magnitude of W_grad:	7.7292277535474	
    Magnitude of W:	59271.553460943	
    Magnitude of B_grad:	0.26500146281396	
    Magnitude of b:	6.5651469350773	

	
    Current index:	79501	
    Magnitude of W_grad:	6.7828169276194	
    Magnitude of W:	59268.347151429	
    Magnitude of B_grad:	0.06889663131618	
    Magnitude of b:	6.5949113025474	

	
    Current index:	89501	
    Magnitude of W_grad:	7.0173087579963	
    Magnitude of W:	59265.034012319	
    Magnitude of B_grad:	0.14715645658593	
    Magnitude of b:	6.6503765496389	

	
SGD: Loss is	
	LOSS:Calculated softmax res	
230612.78449794	
SGD: crossEntropyLoss is	
230612.78449794	
SGD: Validation Accuracy is:	
0.29336966394187	
SGD: Magnitude of W:	
59263.895894206	
SGD: Magnitude of b:	
6.5631131878691	
    Current index:	9501	
    Magnitude of W_grad:	8.601065936379	
    Magnitude of W:	59260.480909965	
    Magnitude of B_grad:	0.34059577899042	
    Magnitude of b:	6.5351790426337	

	
    Current index:	19501	
    Magnitude of W_grad:	8.4858832840836	
    Magnitude of W:	59257.614665959	
    Magnitude of B_grad:	0.26239763238333	
    Magnitude of b:	6.4838577544326	

	
    Current index:	29501	
    Magnitude of W_grad:	8.0013015874867	
    Magnitude of W:	59254.805216781	
    Magnitude of B_grad:	0.21425011328707	
    Magnitude of b:	6.4081544944334	

	
    Current index:	39501	
    Magnitude of W_grad:	6.5362752919121	
    Magnitude of W:	59251.589436895	
    Magnitude of B_grad:	0.19563933544921	
    Magnitude of b:	6.4964699761634	

	
    Current index:	49501	
    Magnitude of W_grad:	8.5388862054988	
    Magnitude of W:	59248.148771841	
    Magnitude of B_grad:	0.4469364419043	
    Magnitude of b:	6.5330529152488	

	
    Current index:	59501	
    Magnitude of W_grad:	8.974642293715	
    Magnitude of W:	59244.117601444	
    Magnitude of B_grad:	0.40173839537883	
    Magnitude of b:	6.5719907063981	

	
    Current index:	69501	
    Magnitude of W_grad:	7.7150219618063	
    Magnitude of W:	59240.674799141	
    Magnitude of B_grad:	0.26482617139505	
    Magnitude of b:	6.5673086704008	

	
    Current index:	79501	
    Magnitude of W_grad:	6.7638671451523	
    Magnitude of W:	59237.486963721	
    Magnitude of B_grad:	0.068201891589095	
    Magnitude of b:	6.5967660343239	

	
    Current index:	89501	
    Magnitude of W_grad:	7.0000160345745	
    Magnitude of W:	59234.177945119	
    Magnitude of B_grad:	0.14667368750449	
    Magnitude of b:	6.6521133207485	

	
SGD: Loss is	
	LOSS:Calculated softmax res	
229779.46705428	
SGD: crossEntropyLoss is	
229779.46705428	
SGD: Validation Accuracy is:	
0.29336966394187	
SGD: Magnitude of W:	
59233.048132642	
SGD: Magnitude of b:	
6.5650283468896	
    Current index:	9501	
    Magnitude of W_grad:	8.5750027780229	
    Magnitude of W:	59229.645547502	
    Magnitude of B_grad:	0.33866787216328	
    Magnitude of b:	6.5372021549517	

	
    Current index:	19501	
    Magnitude of W_grad:	8.4536673898017	
    Magnitude of W:	59226.780153995	
    Magnitude of B_grad:	0.2616534131893	
    Magnitude of b:	6.4857907008219	

	
    Current index:	29501	
    Magnitude of W_grad:	7.9883331452862	
    Magnitude of W:	59223.979040969	
    Magnitude of B_grad:	0.2140935956839	
    Magnitude of b:	6.4100896383152	

	
    Current index:	39501	
    Magnitude of W_grad:	6.5153889357148	
    Magnitude of W:	59220.767163019	
    Magnitude of B_grad:	0.19462376334603	
    Magnitude of b:	6.498455386159	

	
    Current index:	49501	
    Magnitude of W_grad:	8.5213613162502	
    Magnitude of W:	59217.343976506	
    Magnitude of B_grad:	0.44618639527598	
    Magnitude of b:	6.535023411568	

	
    Current index:	59501	
    Magnitude of W_grad:	8.9550561110821	
    Magnitude of W:	59213.328196424	
    Magnitude of B_grad:	0.40128861211372	
    Magnitude of b:	6.5738628056103	

	
    Current index:	69501	
    Magnitude of W_grad:	7.7009336310855	
    Magnitude of W:	59209.912429392	
    Magnitude of B_grad:	0.26465280113408	
    Magnitude of b:	6.5690832145893	

	
    Current index:	79501	
    Magnitude of W_grad:	6.7451392593918	
    Magnitude of W:	59206.749307975	
    Magnitude of B_grad:	0.067514037796003	
    Magnitude of b:	6.5982447778781	

	
    Current index:	89501	
    Magnitude of W_grad:	6.9830578470581	
    Magnitude of W:	59203.463323298	
    Magnitude of B_grad:	0.14619907095448	
    Magnitude of b:	6.6534721291725	

	
Done.	
Testing on validation set...	
Done	
Accuracy:	
0.29336966394187	
